18877505
19033043
19033043
19033043
5409158
19033043
13733224
18633706
19033043
18362389
19033043
19033043
19033043
19033043
19033043
12247507
6008496
19033043
19033043
18610116
19033043
17397827
2094337
19033043
19033043
19033043
12246091
10726489
18698590
17836088
10567119
19033043
17088925
19033043
13340565
18241608
19033043
16776296
18544370
17552871
13888516
12707827
13496580
9853131
18488921
1170837
19033043
18298345
8906077
12558261
19033043
19033043
10119583
19033043
19033043
18062209
18613804
19033043
14958318
1119974
15665423
19033043
13113791
12534791
19033043
4567441
18795091
19033043
6073174
19033043
14557834
19033043
12950317
18868107
4373799
19033043
13836776
19033043
19033043
11992847
9909312
15156478
19033043
19033043
4979804
15900455
12954867
18938264
14446801
19033043
17583399
18437430
19033043
19033043
19033043
19033043
19033043
19033043
18867603
19033043
17656442
19033043
19033043
19033043
19033043
1061874
18539155
19033043
16410812
18417380
19033043
19033043
19033043
18696735
17638406
19033043
19033043
19033043
18735609
19033043
18729112
19033043
17937423
19033043
19033043
19033043
18686645
1245700
12566412
4272673
17791994
19033043
11893578
19033043
19033043
19033043
19033043
19033043
16198488
19033043
19033043
19033043
19033043
18211891
17666729
3267106
1697607
19033043
17526764
19033043
19033043
19033043
19033043
18703643
19033043
18802923
19033043
18846378
19033043
1660976
17635574
12937096
17661460
19033043
5844136
18165998
11029679
19033043
19033043
19033043
19033043
19033043
602999
19033043
14340189
15655634
17565681
19033043
19033043
19033043
19033043
19033043
18012440
19033043
19033043
18764872
14879960
12952719
19033043
18420237
18919123
19033043
19033043
19033043
19033043
19033043
19033043
17637324
19033043
19033043
