12903109498
12903109498
12903109498
10203710524
10203710524
10203710524
10203710524
10203710524
10203710524
10203710524
1678727890
1678727890
1579915600
1579915600
1579915600
1579915600
1579915600
1579915600
1579915600
1548997161
1548997161
1548997161
1548997161
1548997161
1548997161
1548997161
1548997161
1548997161
1548997161
1548997161
1548997161
1548997161
1548997161
1548997161
1548997161
1548997161
1548997161
1548997161
1548997161
1548997161
1548997161
1548997161
1548997161
1548997161
1548997161
1548997161
1548997161
1548997161
1548997161
1548997161
1548997161
1548997161
1548997161
1548997161
1548997161
1548997161
1548997161
1548997161
1548997161
1548997161
1548997161
1548997161
1548997161
1548997161
1548997161
1548997161
1548997161
1548997161
1548997161
1548997161
1548997161
1548997161
1548997161
1548997161
1548997161
1548997161
1548997161
1548997161
1548997161
1548997161
1548997161
1548997161
1548997161
1548997161
1548997161
1548997161
1548997161
1548997161
1548997161
1548997161
1548997161
1548997161
343357177
343357177
343357177
343357177
343357177
343357177
343357177
343357177
343357177
343357177
343357177
343357177
343357177
343357177
343357177
343357177
343357177
343357177
343357177
343357177
343357177
343357177
343357177
343357177
343357177
343357177
343357177
343357177
343357177
343357177
343357177
343357177
343357177
343357177
343357177
343357177
343357177
343357177
343357177
343357177
343357177
343357177
343357177
343357177
343357177
343357177
343357177
343357177
343357177
343357177
343357177
343357177
343357177
343357177
343357177
343357177
343357177
343357177
343357177
343357177
343357177
343357177
343357177
343357177
343357177
343357177
343357177
343357177
343357177
343357177
343357177
343357177
343357177
343357177
343357177
343357177
343357177
343357177
343357177
343357177
343357177
343357177
343357177
343357177
343357177
343357177
343357177
343357177
343357177
343357177
343357177
343357177
343357177
343357177
343357177
343357177
343357177
343357177
343357177
343357177
343357177
343357177
343357177
343357177
343357177
343357177
343357177
343357177
