39999800100
36456656392
29835616138
19179213446
19179213446
19179213446
19179213446
19179213446
19179213446
19179213446
19179213446
19179213446
19179213446
19179213446
19179213446
19179213446
19179213446
3837823262
3837823262
3837823262
3837823262
3837823262
3837823262
3837823262
3837823262
3837823262
3837823262
3837823262
3837823262
3837823262
3837823262
3837823262
3837823262
3837823262
3837823262
3837823262
3837823262
3837823262
3837823262
2668616068
2668616068
2668616068
1156350592
1156350592
1156350592
1156350592
1156350592
1156350592
1156350592
1156350592
1156350592
1156350592
1156350592
1156350592
1156350592
1156350592
1156350592
1156350592
1156350592
1156350592
1156350592
1156350592
1156350592
1156350592
1156350592
1156350592
1156350592
1156350592
1156350592
1156350592
1156350592
1156350592
1156350592
1156350592
1156350592
1156350592
1156350592
1156350592
1156350592
1156350592
1156350592
1156350592
1156350592
1156350592
1156350592
1156350592
1156350592
1156350592
1156350592
1156350592
1156350592
1156350592
1156350592
1156350592
1156350592
1018413395
1018413395
1018413395
1018413395
1018413395
1018413395
1018413395
1018413395
1018413395
1018413395
1018413395
1018413395
1018413395
1018413395
1018413395
1018413395
1018413395
1018413395
1018413395
1018413395
1018413395
1018413395
1018413395
1018413395
1018413395
1018413395
1018413395
1018413395
1018413395
1018413395
1018413395
1018413395
1018413395
1018413395
1018413395
1018413395
1018413395
1018413395
1018413395
1018413395
1018413395
1018413395
1018413395
1018413395
1018413395
1018413395
1018413395
1018413395
1018413395
1018413395
1018413395
1018413395
1018413395
1018413395
1018413395
1018413395
1018413395
1018413395
1018413395
1018413395
1018413395
1018413395
1018413395
1018413395
1018413395
1018413395
1018413395
1018413395
1018413395
1018413395
1018413395
1018413395
1018413395
1018413395
1018413395
1018413395
1018413395
1018413395
1018413395
1018413395
1018413395
1018413395
1018413395
1018413395
1018413395
1018413395
1018413395
1018413395
1018413395
1018413395
1018413395
1018413395
1018413395
1018413395
1018413395
1018413395
1018413395
1018413395
1018413395
1018413395
1018413395
1018413395
1018413395
1018413395
1018413395
