39999200191
39999200191
39999200128
39999200128
39999200128
39999200081
39999200081
39999200081
39999200056
39999200056
39999200056
39999200056
39999200056
39999200056
39999200018
39999200018
39999200018
39999200018
39999200018
39999200018
39999200018
39999200018
39999200009
39999200009
39999200009
39999200009
39999200009
39999200009
39999200009
39999200009
39999200009
39999200009
39999200009
39999200009
39999200009
39999200009
39999200009
39999200009
39999200009
39999200009
39999200009
39999200009
39999200009
39999200009
39999200009
39999200009
39999200009
39999200009
39999200009
39999200009
39999200009
39999200009
39999200009
39999200009
39999200009
39999200009
39999200009
39999200008
39999200008
39999200008
39999200008
39999200008
39999200008
39999200008
39999200008
39999200008
39999200008
39999200008
39999200008
39999200008
39999200008
39999200008
39999200008
39999200008
39999200008
39999200008
39999200008
39999200008
39999200008
39999200008
39999200008
39999200008
39999200008
39999200008
39999200008
39999200008
39999200008
39999200008
39999200008
39999200008
39999200008
39999200008
39999200008
39999200008
39999200008
39999200008
39999200008
39999200008
39999200008
39999200008
39999200008
39999200008
39999200008
39999200008
39999200008
39999200008
39999200008
39999200008
39999200008
39999200008
39999200008
39999200008
39999200008
39999200008
39999200008
39999200008
39999200008
39999200008
39999200008
39999200008
39999200008
39999200008
39999200008
39999200008
39999200008
39999200008
39999200008
39999200008
39999200008
39999200008
39999200008
39999200008
39999200008
39999200008
39999200008
39999200008
39999200008
39999200008
39999200008
39999200008
39999200008
39999200008
39999200008
39999200008
39999200008
39999200008
39999200008
39999200008
39999200008
39999200008
39999200008
39999200008
39999200008
39999200008
39999200008
39999200008
39999200008
39999200008
39999200008
39999200008
39999200008
39999200008
39999200008
39999200008
39999200008
39999200008
39999200003
39999200003
39999200003
39999200003
39999200003
39999200003
39999200003
39999200003
39999200003
39999200003
39999200003
39999200003
39999200003
39999200003
39999200003
39999200003
39999200003
39999200003
39999200003
39999200003
39999200003
39999200003
39999200003
39999200003
39999200003
39999200003
39999200003
39999200003
39999200003
39999200003
39999200003
39999200003
39999200003
39999200003
