Case #1: 3 17 21
Case #2: 2 3 21
Case #3: 3 5 21
Case #4: 3 9 21
Case #5: 5 8 21
Case #6: 1 4 21
Case #7: 3 15 21
Case #8: 3 14 21
Case #9: 4 11 21
Case #10: 1 11 21
Case #11: 4 11 21
Case #12: 5 17 21
Case #13: 5 12 21
Case #14: 2 18 21
Case #15: 5 15 21
Case #16: 4 11 21
Case #17: 1 12 21
Case #18: 8 16 21
Case #19: 1 10 21
Case #20: 2 15 21
Case #21: 2 15 21
Case #22: 3 8 21
Case #23: 2 13 21
Case #24: 1 5 21
Case #25: 1 3 21
Case #26: 2 9 21
Case #27: 1 2 21
Case #28: 4 11 21
Case #29: 1 12 21
Case #30: 6 16 21
Case #31: 2 5 21
Case #32: 1 10 21
Case #33: 1 11 21
Case #34: 9 18 21
Case #35: 3 9 21
Case #36: 7 11 21
Case #37: 2 10 21
Case #38: 2 11 21
Case #39: 1 8 21
Case #40: 4 14 21
Case #41: 4 9 21
Case #42: 12 18 21
Case #43: 4 12 21
Case #44: 4 10 21
Case #45: 13 17 21
Case #46: 1 6 21
Case #47: 3 8 21
Case #48: 5 14 21
Case #49: 2 10 21
Case #50: 7 11 21
Case #51: 2 17 21
Case #52: 5 9 21
Case #53: 4 15 21
Case #54: 3 16 21
Case #55: 1 16 21
Case #56: 4 6 21
Case #57: 2 6 21
Case #58: 1 7 21
Case #59: 5 11 21
Case #60: 5 14 21
Case #61: 2 17 21
Case #62: 6 7 21
Case #63: 7 17 21
Case #64: 2 10 21
Case #65: 8 9 21
Case #66: 3 17 21
Case #67: 4 18 21
Case #68: 4 12 21
Case #69: 7 11 21
Case #70: 6 16 21
Case #71: 2 13 21
Case #72: 3 15 21
Case #73: 3 14 21
Case #74: 2 4 21
Case #75: 6 7 21
Case #76: 5 14 21
Case #77: 5 6 21
Case #78: 1 11 21
Case #79: 1 6 21
Case #80: 1 7 21
Case #81: 6 12 21
Case #82: 5 8 21
Case #83: 5 7 21
Case #84: 7 9 21
Case #85: 9 17 21
Case #86: 3 15 21
Case #87: 1 10 21
Case #88: 1 15 21
Case #89: 9 17 21
Case #90: 2 9 21
Case #91: 3 7 21
Case #92: 3 6 21
Case #93: 4 9 21
Case #94: 4 17 21
Case #95: 3 7 21
Case #96: 1 13 21
Case #97: 1 17 21
Case #98: 3 7 21
Case #99: 5 6 21
Case #100: 7 9 21
Case #101: 1 11 21
Case #102: 4 15 21
Case #103: 6 15 21
Case #104: 1 6 21
Case #105: 2 7 21
Case #106: 5 10 21
Case #107: 2 5 21
Case #108: 9 16 21
Case #109: 1 2 21
Case #110: 8 17 21
Case #111: 2 13 21
Case #112: 4 9 21
Case #113: 1 10 21
Case #114: 1 11 21
Case #115: 2 12 21
Case #116: 7 14 21
Case #117: 3 8 21
Case #118: 2 14 21
Case #119: 3 8 21
Case #120: 4 9 21
Case #121: 4 12 21
Case #122: 1 7 21
Case #123: 7 16 21
Case #124: 1 2 21
Case #125: 4 6 21
Case #126: 4 15 21
Case #127: 4 13 21
Case #128: 2 11 21
Case #129: 7 17 21
Case #130: 8 12 21
Case #131: 3 4 21
Case #132: 1 5 21
Case #133: 4 12 21
Case #134: 1 14 21
Case #135: 5 10 21
Case #136: 2 18 21
Case #137: 6 7 21
Case #138: 3 14 21
Case #139: 1 3 21
Case #140: 2 17 21
Case #141: 3 18 21
Case #142: 5 12 21
Case #143: 6 15 21
Case #144: 1 10 21
Case #145: 4 5 21
Case #146: 7 16 21
Case #147: 3 12 21
Case #148: 2 7 21
Case #149: 7 13 21
Case #150: 6 13 21
Case #151: 2 8 21
Case #152: 8 18 21
Case #153: 1 9 21
Case #154: 6 12 21
Case #155: 6 10 21
Case #156: 6 13 21
Case #157: 2 16 21
Case #158: 1 6 21
Case #159: 7 12 21
Case #160: 14 18 21
Case #161: 11 13 21
Case #162: 6 12 21
Case #163: 11 16 21
Case #164: 6 10 21
Case #165: 6 18 21
Case #166: 2 8 21
Case #167: 3 11 21
Case #168: 4 15 21
Case #169: 1 12 21
Case #170: 12 15 21
Case #171: 2 9 21
Case #172: 1 6 21
Case #173: 4 11 21
Case #174: 1 7 21
Case #175: 4 18 21
Case #176: 1 15 21
Case #177: 2 11 21
Case #178: 1 3 21
Case #179: 4 9 21
Case #180: 3 6 21
Case #181: 1 8 21
Case #182: 5 18 21
Case #183: 1 3 21
Case #184: 1 13 21
Case #185: 3 13 21
Case #186: 6 17 21
Case #187: 1 14 21
Case #188: 1 11 21
Case #189: 1 13 21
Case #190: 2 11 21
Case #191: 2 8 21
Case #192: 3 18 21
Case #193: 1 13 21
Case #194: 1 2 21
Case #195: 1 10 21
Case #196: 1 18 21
Case #197: 6 18 21
Case #198: 3 10 21
Case #199: 5 11 21
Case #200: 5 6 21
Case #201: 8 17 21
Case #202: 2 5 21
Case #203: 1 6 21
Case #204: 3 9 21
Case #205: 1 5 21
Case #206: 1 13 21
Case #207: 3 8 21
Case #208: 2 18 21
Case #209: 1 9 21
Case #210: 4 12 21
Case #211: 5 7 21
Case #212: 11 13 21
Case #213: 1 16 21
Case #214: 2 12 21
Case #215: 2 4 21
Case #216: 10 15 21
Case #217: 5 7 21
Case #218: 4 10 21
Case #219: 2 7 21
Case #220: 1 6 21
Case #221: 6 15 21
Case #222: 2 4 21
Case #223: 2 5 21
Case #224: 2 17 21
Case #225: 1 3 21
Case #226: 4 9 21
Case #227: 1 18 21
Case #228: 7 17 21
Case #229: 4 14 21
Case #230: 1 13 21
Case #231: 5 9 21
Case #232: 4 14 21
Case #233: 5 16 21
Case #234: 4 16 21
Case #235: 8 17 21
Case #236: 2 17 21
Case #237: 4 17 21
Case #238: 1 3 21
Case #239: 6 12 21
Case #240: 1 16 21
Case #241: 2 17 21
Case #242: 3 10 21
Case #243: 2 17 21
Case #244: 2 9 21
Case #245: 6 15 21
Case #246: 3 5 21
Case #247: 3 17 21
Case #248: 2 14 21
Case #249: 11 16 21
Case #250: 1 5 21
Case #251: 2 18 21
Case #252: 1 9 21
Case #253: 4 14 21
Case #254: 1 13 21
Case #255: 1 2 21
Case #256: 6 12 21
Case #257: 2 17 21
Case #258: 1 6 21
Case #259: 4 10 21
Case #260: 1 3 21
Case #261: 5 14 21
Case #262: 6 12 21
Case #263: 1 15 21
Case #264: 3 17 21
Case #265: 3 17 21
Case #266: 7 11 21
Case #267: 1 17 21
Case #268: 4 9 21
Case #269: 1 7 21
Case #270: 4 14 21
Case #271: 1 16 21
Case #272: 2 4 21
Case #273: 1 8 21
Case #274: 1 7 21
Case #275: 4 9 21
Case #276: 7 10 21
Case #277: 1 15 21
Case #278: 4 16 21
Case #279: 1 9 21
Case #280: 1 18 21
Case #281: 9 12 21
Case #282: 5 7 21
Case #283: 10 18 21
Case #284: 2 18 21
Case #285: 5 13 21
Case #286: 3 5 21
Case #287: 2 10 21
Case #288: 7 18 21
Case #289: 1 17 21
Case #290: 3 10 21
Case #291: 5 15 21
Case #292: 1 13 21
Case #293: 2 4 21
Case #294: 3 8 21
Case #295: 1 13 21
Case #296: 2 9 21
Case #297: 9 13 21
Case #298: 3 15 21
Case #299: 1 12 21
Case #300: 1 7 21
Case #301: 2 13 21
Case #302: 1 14 21
Case #303: 4 12 21
Case #304: 3 6 21
Case #305: 10 11 21
Case #306: 1 6 21
Case #307: 7 16 21
Case #308: 4 10 21
Case #309: 5 12 21
Case #310: 2 17 21
Case #311: 6 15 21
Case #312: 1 5 21
Case #313: 4 6 21
Case #314: 9 17 21
Case #315: 7 11 21
Case #316: 1 12 21
Case #317: 9 12 21
Case #318: 1 12 21
Case #319: 1 3 21
Case #320: 1 2 21
Case #321: 2 9 21
Case #322: 3 7 21
Case #323: 4 13 21
Case #324: 1 15 21
Case #325: 1 9 21
Case #326: 1 16 21
Case #327: 5 11 21
Case #328: 6 15 21
Case #329: 4 12 21
Case #330: 9 11 21
Case #331: 2 18 21
Case #332: 1 12 21
Case #333: 9 14 21
Case #334: 1 2 21
Case #335: 6 16 21
Case #336: 14 17 21
Case #337: 11 17 21
Case #338: 1 14 21
Case #339: 1 17 21
Case #340: 8 13 21
Case #341: 3 18 21
Case #342: 1 15 21
Case #343: 3 5 21
Case #344: 4 14 21
Case #345: 3 18 21
Case #346: 1 9 21
Case #347: 2 7 21
Case #348: 3 14 21
Case #349: 3 6 21
Case #350: 8 10 21
Case #351: 4 6 21
Case #352: 5 9 21
Case #353: 1 6 21
Case #354: 6 11 21
Case #355: 2 17 21
Case #356: 1 7 21
Case #357: 3 14 21
Case #358: 1 14 21
Case #359: 5 17 21
Case #360: 1 4 21
Case #361: 1 17 21
Case #362: 1 17 21
Case #363: 12 14 21
Case #364: 6 12 21
Case #365: 6 15 21
Case #366: 4 10 21
Case #367: 1 15 21
Case #368: 6 7 21
Case #369: 1 11 21
Case #370: 7 14 21
Case #371: 2 8 21
Case #372: 4 10 21
Case #373: 1 13 21
Case #374: 2 15 21
Case #375: 2 15 21
Case #376: 1 18 21
Case #377: 1 9 21
Case #378: 1 17 21
Case #379: 2 12 21
Case #380: 14 18 21
Case #381: 4 9 21
Case #382: 1 4 21
Case #383: 7 16 21
Case #384: 1 4 21
Case #385: 5 7 21
Case #386: 3 12 21
Case #387: 6 7 21
Case #388: 3 7 21
Case #389: 7 11 21
Case #390: 1 16 21
Case #391: 2 13 21
Case #392: 3 17 21
Case #393: 1 8 21
Case #394: 2 18 21
Case #395: 1 10 21
Case #396: 2 14 21
Case #397: 11 15 21
Case #398: 1 8 21
Case #399: 1 10 21
Case #400: 3 11 21
Case #401: 3 5 21
Case #402: 5 12 21
Case #403: 1 17 21
Case #404: 7 15 21
Case #405: 7 9 21
Case #406: 1 10 21
Case #407: 3 14 21
Case #408: 2 9 21
Case #409: 2 15 21
Case #410: 2 3 21
Case #411: 2 8 21
Case #412: 2 11 21
Case #413: 1 12 21
Case #414: 1 8 21
Case #415: 3 11 21
Case #416: 3 16 21
Case #417: 5 18 21
Case #418: 2 14 21
Case #419: 1 14 21
Case #420: 4 18 21
Case #421: 3 13 21
Case #422: 2 11 21
Case #423: 12 17 21
Case #424: 1 9 21
Case #425: 3 5 21
Case #426: 1 3 21
Case #427: 5 17 21
Case #428: 1 15 21
Case #429: 3 5 21
Case #430: 1 4 21
Case #431: 2 16 21
Case #432: 3 10 21
Case #433: 5 10 21
Case #434: 2 15 21
Case #435: 2 11 21
Case #436: 5 9 21
Case #437: 3 8 21
Case #438: 4 11 21
Case #439: 2 8 21
Case #440: 3 12 21
Case #441: 2 3 21
Case #442: 5 8 21
Case #443: 5 14 21
Case #444: 3 14 21
Case #445: 6 15 21
Case #446: 3 15 21
Case #447: 1 17 21
Case #448: 8 10 21
Case #449: 13 16 21
Case #450: 8 13 21
Case #451: 2 6 21
Case #452: 6 7 21
Case #453: 7 14 21
Case #454: 4 17 21
Case #455: 9 17 21
Case #456: 12 16 21
Case #457: 3 11 21
Case #458: 3 18 21
Case #459: 1 7 21
Case #460: 3 9 21
Case #461: 10 16 21
Case #462: 1 11 21
Case #463: 4 17 21
Case #464: 10 11 21
Case #465: 2 8 21
Case #466: 10 12 21
Case #467: 12 18 21
Case #468: 1 15 21
Case #469: 6 10 21
Case #470: 3 16 21
Case #471: 3 12 21
Case #472: 2 8 21
Case #473: 5 12 21
Case #474: 1 16 21
Case #475: 9 18 21
Case #476: 3 13 21
Case #477: 6 14 21
Case #478: 1 14 21
Case #479: 2 5 21
Case #480: 2 13 21
Case #481: 10 18 21
Case #482: 1 17 21
Case #483: 1 10 21
Case #484: 4 8 21
Case #485: 7 17 21
Case #486: 7 12 21
Case #487: 3 11 21
Case #488: 1 14 21
Case #489: 1 11 21
Case #490: 2 10 21
Case #491: 5 11 21
Case #492: 4 7 21
Case #493: 1 6 21
Case #494: 4 10 21
Case #495: 2 4 21
Case #496: 1 13 21
Case #497: 4 7 21
Case #498: 5 11 21
Case #499: 3 13 21
Case #500: 3 10 21
Case #501: 5 11 21
Case #502: 1 10 21
Case #503: 5 10 21
Case #504: 2 7 21
Case #505: 9 10 21
Case #506: 7 8 21
Case #507: 4 18 21
Case #508: 1 7 21
Case #509: 1 11 21
Case #510: 1 10 21
Case #511: 1 2 21
Case #512: 3 7 21
Case #513: 2 14 21
Case #514: 5 12 21
Case #515: 3 11 21
Case #516: 1 4 21
Case #517: 3 7 21
Case #518: 4 7 21
Case #519: 8 18 21
Case #520: 4 16 21
Case #521: 4 14 21
Case #522: 1 7 21
Case #523: 1 9 21
Case #524: 2 5 21
Case #525: 5 9 21
Case #526: 10 13 21
Case #527: 1 15 21
Case #528: 7 16 21
Case #529: 8 14 21
Case #530: 3 13 21
Case #531: 8 13 21
Case #532: 3 11 21
Case #533: 2 17 21
Case #534: 2 16 21
Case #535: 9 16 21
Case #536: 3 14 21
Case #537: 3 13 21
Case #538: 2 6 21
Case #539: 7 14 21
Case #540: 3 18 21
Case #541: 2 15 21
Case #542: 8 12 21
Case #543: 9 10 21
Case #544: 2 5 21
Case #545: 10 11 21
Case #546: 1 5 21
Case #547: 3 10 21
Case #548: 2 14 21
Case #549: 1 14 21
Case #550: 2 12 21
Case #551: 8 16 21
Case #552: 3 12 21
Case #553: 2 8 21
Case #554: 6 7 21
Case #555: 7 15 21
Case #556: 13 16 21
Case #557: 7 17 21
Case #558: 2 8 21
Case #559: 3 14 21
Case #560: 1 8 21
Case #561: 7 12 21
Case #562: 3 14 21
Case #563: 1 7 21
Case #564: 5 12 21
Case #565: 3 12 21
Case #566: 1 10 21
Case #567: 1 5 21
Case #568: 5 8 21
Case #569: 6 9 21
Case #570: 1 16 21
Case #571: 1 17 21
Case #572: 3 7 21
Case #573: 4 10 21
Case #574: 6 13 21
Case #575: 2 9 21
Case #576: 1 15 21
Case #577: 3 9 21
Case #578: 6 7 21
Case #579: 1 13 21
Case #580: 1 16 21
Case #581: 6 14 21
Case #582: 4 18 21
Case #583: 2 16 21
Case #584: 8 12 21
Case #585: 2 8 21
Case #586: 3 11 21
Case #587: 1 2 21
Case #588: 9 12 21
Case #589: 6 7 21
Case #590: 2 10 21
Case #591: 5 17 21
Case #592: 3 10 21
Case #593: 1 16 21
Case #594: 1 13 21
Case #595: 1 14 21
Case #596: 8 11 21
Case #597: 1 17 21
Case #598: 5 7 21
Case #599: 8 15 21
Case #600: 1 14 21
Case #601: 8 16 21
Case #602: 3 15 21
Case #603: 5 17 21
Case #604: 3 6 21
Case #605: 2 4 21
Case #606: 7 14 21
Case #607: 1 2 21
Case #608: 8 13 21
Case #609: 2 16 21
Case #610: 1 11 21
Case #611: 1 17 21
Case #612: 1 14 21
Case #613: 7 10 21
Case #614: 8 14 21
Case #615: 7 8 21
Case #616: 2 17 21
Case #617: 1 14 21
Case #618: 3 12 21
Case #619: 8 9 21
Case #620: 1 6 21
Case #621: 2 17 21
Case #622: 6 11 21
Case #623: 3 17 21
Case #624: 1 18 21
Case #625: 2 16 21
Case #626: 1 14 21
Case #627: 5 10 21
Case #628: 1 16 21
Case #629: 3 18 21
Case #630: 6 16 21
Case #631: 4 15 21
Case #632: 1 13 21
Case #633: 11 15 21
Case #634: 1 14 21
Case #635: 1 13 21
Case #636: 6 7 21
Case #637: 4 15 21
Case #638: 5 13 21
Case #639: 1 6 21
Case #640: 2 15 21
Case #641: 4 18 21
Case #642: 4 10 21
Case #643: 2 7 21
Case #644: 8 17 21
Case #645: 3 15 21
Case #646: 5 16 21
Case #647: 2 3 21
Case #648: 2 12 21
Case #649: 3 13 21
Case #650: 2 10 21
Case #651: 1 18 21
Case #652: 2 13 21
Case #653: 3 4 21
Case #654: 8 15 21
Case #655: 5 18 21
Case #656: 5 11 21
Case #657: 6 13 21
Case #658: 1 7 21
Case #659: 8 16 21
Case #660: 2 9 21
Case #661: 6 12 21
Case #662: 2 5 21
Case #663: 4 7 21
Case #664: 1 17 21
Case #665: 3 15 21
Case #666: 3 15 21
Case #667: 2 14 21
Case #668: 4 17 21
Case #669: 3 5 21
Case #670: 1 4 21
Case #671: 2 8 21
Case #672: 1 12 21
Case #673: 2 15 21
Case #674: 3 9 21
Case #675: 5 8 21
Case #676: 1 11 21
Case #677: 2 15 21
Case #678: 3 13 21
Case #679: 5 6 21
Case #680: 2 8 21
Case #681: 1 17 21
Case #682: 1 12 21
Case #683: 4 12 21
Case #684: 3 14 21
Case #685: 1 2 21
Case #686: 3 8 21
Case #687: 2 3 21
Case #688: 7 9 21
Case #689: 2 17 21
Case #690: 5 17 21
Case #691: 3 11 21
Case #692: 10 11 21
Case #693: 1 15 21
Case #694: 2 14 21
Case #695: 2 5 21
Case #696: 2 16 21
Case #697: 1 8 21
Case #698: 6 9 21
Case #699: 7 18 21
Case #700: 7 13 21
Case #701: 1 2 21
Case #702: 2 7 21
Case #703: 1 4 21
Case #704: 2 4 21
Case #705: 2 14 21
Case #706: 1 11 21
Case #707: 2 10 21
Case #708: 8 9 21
Case #709: 1 7 21
Case #710: 1 5 21
Case #711: 2 11 21
Case #712: 2 6 21
Case #713: 1 5 21
Case #714: 1 13 21
Case #715: 7 11 21
Case #716: 1 4 21
Case #717: 1 16 21
Case #718: 4 8 21
Case #719: 1 14 21
Case #720: 1 15 21
Case #721: 7 13 21
Case #722: 2 14 21
Case #723: 5 18 21
Case #724: 8 11 21
Case #725: 2 8 21
Case #726: 4 14 21
Case #727: 3 14 21
Case #728: 5 11 21
Case #729: 2 10 21
Case #730: 1 15 21
Case #731: 6 18 21
Case #732: 5 13 21
Case #733: 5 18 21
Case #734: 4 9 21
Case #735: 3 11 21
Case #736: 6 10 21
Case #737: 3 13 21
Case #738: 2 7 21
Case #739: 1 13 21
Case #740: 2 6 21
Case #741: 6 17 21
Case #742: 2 18 21
Case #743: 5 6 21
Case #744: 1 6 21
Case #745: 4 5 21
Case #746: 5 15 21
Case #747: 4 14 21
Case #748: 5 12 21
Case #749: 3 8 21
Case #750: 2 18 21
Case #751: 3 13 21
Case #752: 5 10 21
Case #753: 6 9 21
Case #754: 7 14 21
Case #755: 2 18 21
Case #756: 1 4 21
Case #757: 7 10 21
Case #758: 9 12 21
Case #759: 6 15 21
Case #760: 7 8 21
Case #761: 6 7 21
Case #762: 1 14 21
Case #763: 2 11 21
Case #764: 6 9 21
Case #765: 2 8 21
Case #766: 6 10 21
Case #767: 4 8 21
Case #768: 4 12 21
Case #769: 4 5 21
Case #770: 5 11 21
Case #771: 1 13 21
Case #772: 1 4 21
Case #773: 1 11 21
Case #774: 4 16 21
Case #775: 6 18 21
Case #776: 3 4 21
Case #777: 2 12 21
Case #778: 2 3 21
Case #779: 1 11 21
Case #780: 2 15 21
Case #781: 13 16 21
Case #782: 1 9 21
Case #783: 9 11 21
Case #784: 1 5 21
Case #785: 1 6 21
Case #786: 8 10 21
Case #787: 1 8 21
Case #788: 2 14 21
Case #789: 2 4 21
Case #790: 4 11 21
Case #791: 5 12 21
Case #792: 1 5 21
Case #793: 4 18 21
Case #794: 3 8 21
Case #795: 5 15 21
Case #796: 3 14 21
Case #797: 3 7 21
Case #798: 10 14 21
Case #799: 10 11 21
Case #800: 5 13 21
Case #801: 6 17 21
Case #802: 1 8 21
Case #803: 2 14 21
Case #804: 1 13 21
Case #805: 6 8 21
Case #806: 1 9 21
Case #807: 3 4 21
Case #808: 2 12 21
Case #809: 1 6 21
Case #810: 4 9 21
Case #811: 11 17 21
Case #812: 7 15 21
Case #813: 8 18 21
Case #814: 3 11 21
Case #815: 4 8 21
Case #816: 2 6 21
Case #817: 2 14 21
Case #818: 3 11 21
Case #819: 2 11 21
Case #820: 3 16 21
Case #821: 5 6 21
Case #822: 4 11 21
Case #823: 6 13 21
Case #824: 2 10 21
Case #825: 7 14 21
Case #826: 3 14 21
Case #827: 1 9 21
Case #828: 1 10 21
Case #829: 4 16 21
Case #830: 1 11 21
Case #831: 6 10 21
Case #832: 4 8 21
Case #833: 7 15 21
Case #834: 10 16 21
Case #835: 11 12 21
Case #836: 4 18 21
Case #837: 1 4 21
Case #838: 7 15 21
Case #839: 2 6 21
Case #840: 2 5 21
Case #841: 3 11 21
Case #842: 1 18 21
Case #843: 5 10 21
Case #844: 9 17 21
Case #845: 4 18 21
Case #846: 6 9 21
Case #847: 4 8 21
Case #848: 2 11 21
Case #849: 3 4 21
Case #850: 2 14 21
Case #851: 5 10 21
Case #852: 4 15 21
Case #853: 2 5 21
Case #854: 9 10 21
Case #855: 1 11 21
Case #856: 1 7 21
Case #857: 1 7 21
Case #858: 4 16 21
Case #859: 1 16 21
Case #860: 2 17 21
Case #861: 3 9 21
Case #862: 1 2 21
Case #863: 1 2 21
Case #864: 1 10 21
Case #865: 4 7 21
Case #866: 5 6 21
Case #867: 1 17 21
Case #868: 1 5 21
Case #869: 4 9 21
Case #870: 9 10 21
Case #871: 7 8 21
Case #872: 8 12 21
Case #873: 6 13 21
Case #874: 7 16 21
Case #875: 2 9 21
Case #876: 2 8 21
Case #877: 7 15 21
Case #878: 8 15 21
Case #879: 4 10 21
Case #880: 4 14 21
Case #881: 4 5 21
Case #882: 6 13 21
Case #883: 1 16 21
Case #884: 8 15 21
Case #885: 4 15 21
Case #886: 2 12 21
Case #887: 2 3 21
Case #888: 2 11 21
Case #889: 4 14 21
Case #890: 1 8 21
Case #891: 2 5 21
Case #892: 2 12 21
Case #893: 11 17 21
Case #894: 3 11 21
Case #895: 7 18 21
Case #896: 1 15 21
Case #897: 7 10 21
Case #898: 1 13 21
Case #899: 2 8 21
Case #900: 2 16 21
Case #901: 1 2 21
Case #902: 4 11 21
Case #903: 10 13 21
Case #904: 8 14 21
Case #905: 1 10 21
Case #906: 5 12 21
Case #907: 4 5 21
Case #908: 1 5 21
Case #909: 4 8 21
Case #910: 6 16 21
Case #911: 13 17 21
Case #912: 1 9 21
Case #913: 5 9 21
Case #914: 2 3 21
Case #915: 1 2 21
Case #916: 5 13 21
Case #917: 2 16 21
Case #918: 1 10 21
Case #919: 1 4 21
Case #920: 2 6 21
Case #921: 4 17 21
Case #922: 5 11 21
Case #923: 2 13 21
Case #924: 7 10 21
Case #925: 5 8 21
Case #926: 3 11 21
Case #927: 5 6 21
Case #928: 6 15 21
Case #929: 1 14 21
Case #930: 4 8 21
Case #931: 4 11 21
Case #932: 3 16 21
Case #933: 3 9 21
Case #934: 4 12 21
Case #935: 5 11 21
Case #936: 6 15 21
Case #937: 1 8 21
Case #938: 9 17 21
Case #939: 6 18 21
Case #940: 3 13 21
Case #941: 3 13 21
Case #942: 5 16 21
Case #943: 3 14 21
Case #944: 10 13 21
Case #945: 3 18 21
Case #946: 6 10 21
Case #947: 4 5 21
Case #948: 1 18 21
Case #949: 2 13 21
Case #950: 4 5 21
Case #951: 3 9 21
Case #952: 6 15 21
Case #953: 4 8 21
Case #954: 7 17 21
Case #955: 2 16 21
Case #956: 6 8 21
Case #957: 1 2 21
Case #958: 4 6 21
Case #959: 3 4 21
Case #960: 5 16 21
Case #961: 6 11 21
Case #962: 3 13 21
Case #963: 9 10 21
Case #964: 4 6 21
Case #965: 2 5 21
Case #966: 5 17 21
Case #967: 2 12 21
Case #968: 5 15 21
Case #969: 1 15 21
Case #970: 4 14 21
Case #971: 2 12 21
Case #972: 2 6 21
Case #973: 2 12 21
Case #974: 6 15 21
Case #975: 3 16 21
Case #976: 4 8 21
Case #977: 12 15 21
Case #978: 4 13 21
Case #979: 9 17 21
Case #980: 6 7 21
Case #981: 3 4 21
Case #982: 3 9 21
Case #983: 5 9 21
Case #984: 12 15 21
Case #985: 6 13 21
Case #986: 3 6 21
Case #987: 2 14 21
Case #988: 2 17 21
Case #989: 2 14 21
Case #990: 4 10 21
Case #991: 7 17 21
Case #992: 3 16 21
Case #993: 4 12 21
Case #994: 2 11 21
Case #995: 7 11 21
Case #996: 5 12 21
Case #997: 2 12 21
Case #998: 3 5 21
Case #999: 2 13 21
Case #1000: 11 16 21
