3041210738
3184162836
2544741410
4144850520
3166847514
3541660046
2344928252
768125614
3601521461
819225167
2662117341
3816163355
3149183119
2753855391
2021917846
3333921712
4024752883
4207167122
4144140348
3550747124
3953392254
3291189783
758600677
2912342389
3824170331
3491440608
4087069231
2819336786
2697508923
4230056372
4079852115
1991660505
4099609534
3420897033
4205854304
3767484079
2646869236
3177038378
4085979031
3802882650
3564189297
2172690077
2586203097
3710876756
3193204916
4181471209
1525536650
3964574908
4223553192
3898080749
4117274228
3924783658
3245783554
4199781553
1410910009
2738929661
3954765843
3930839248
4066701552
4091367864
3928357590
4093044955
4171609585
3711912942
3406984849
2466668913
3705676083
2409781312
3055321526
2869375617
2767766873
3028488521
4069308720
2657127968
4217784335
2527836455
4188406982
3843760997
4038501737
1261284149
1389080538
4037889925
4091843303
2255883772
3601550427
2876140874
2898771655
4222485985
1280137612
1836578086
4044451645
4220172119
3596856803
3606262838
3929322123
2485051330
528856380
2097180679
3575363033
3721654278
3149206403
1984040134
3760765879
3656435864
3079350275
1959124667
3861438909
4220592003
4185362340
3125507364
3228639829
4148589174
3993884083
4052310202
3680614193
3189675286
3756889346
4023794942
2617776428
3475766976
1469104259
2235548167
2734637454
3052062288
3944563875
1414925992
4190100386
2584711956
1678838136
3743358014
2645708115
3538608531
2831245948
2884563482
3600006298
3556159319
2824566576
1965681374
3979792652
4207250757
4108911382
4187899083
4079612915
4068563537
1374246756
3286347337
3972359166
4071907040
3946122634
3924039862
3215220336
2942559713
3500293299
3789047310
3943723271
1940437329
3072899405
3331011130
3872378373
1813533670
3704459033
2511550876
3850571582
3648781228
3908589407
2702314322
4193741878
3394087277
2649306259
3195372604
4183951043
3343813159
2760201770
1753725509
1700158377
3065889380
2749305242
4035672510
3478615773
3392904231
3756109005
4135049240
2344618379
4004786225
3644511347
4213403935
2536418785
4177060831
3987437001
3122765602
4128827869
2980798123
2734562584
1239101212
606323935
3039008792
3093277768
4190100711
3576458456
3661615498
