807564329
4837797333
3838116131
3205973272
4772754829
3645596535
3111275553
3208835546
4320629999
4426569950
4068859925
2465752005
2622617647
1954052173
594686184
1768361760
3944007673
545277422
4852103981
3610079662
2873809794
3003963043
434395208
4330820248
4295111558
1054309009
3861817979
1197483371
1801670798
2088927289
3648427783
846002119
538899088
2014753996
3768893771
4404085396
2320409966
2699526893
4534367420
3305346625
2099542817
1663661532
2796689585
4913751224
3915661223
4342923567
367713559
4707740964
591178754
4394278381
3426109355
3669963487
4931349443
1984365842
3087093221
2837687520
4876835732
1916218086
3598605690
4850172188
4030156273
817187128
2813988135
4982887992
3490276199
4976164789
4667736038
3336648283
4610212283
2239298867
1442082389
3891545709
4547791744
2753240117
1110835615
4759083229
4995802194
4947362867
2491725641
1863402409
4602818033
2167523100
1601336004
3093464986
4077444462
4566430658
4569762459
636375246
3798634496
434046821
2770644447
3153349599
1813428455
4225404264
4316436696
4062312348
4713989185
3728226467
1591462517
2732535657
3739854370
4786486136
4493896379
4872144738
4955790357
2841193864
4458224170
4534629183
4742140991
2808992906
3785770505
2921956656
3903700861
1282015948
4692079051
2175632560
4521217228
1998750947
4858517502
4617929046
253911086
1206108755
3889400757
3082870805
1817022963
2701938425
4999816863
2761921942
4905762721
1786106812
1272246349
4628353022
1087952786
4235490791
4683621898
3350503222
4321775913
4694325559
3277883707
4188516982
2644863124
4894193352
1658973080
4151020815
4518622010
3694986977
2332149453
3386388526
4485029757
4338141542
2327307337
3421515251
4922707885
4334965527
1575838627
3802440558
2919270404
1139731508
896014771
4728779067
1273692829
1523477781
3357753721
3667404496
3364627754
3809352223
3119659808
2660639663
1596031130
710273390
2048007832
3617476065
1361593146
4703268575
3671599072
516461343
4418544191
1132055761
3945100341
3752041418
648570700
4983102629
1557431625
4894105989
3921603803
3770331298
4608601202
1301376124
597142570
3530327903
4604253161
790189487
551615112
2511613190
3889330981
4884564452
1885330853
4296485405
3707931645
4120494193
