2415
4067
2981
4914
2860
4196
1697
1378
4654
4536
2662
4517
2764
121
4196
2477
97
3432
3146
2055
4796
3277
3111
3622
3665
4165
4272
4536
2867
3660
3157
748
4517
1238
2884
4783
1936
1658
438
3648
2815
2374
4417
3277
2640
35
4783
2515
876
328
4417
2409
2097
2687
1559
4687
4873
4933
834
2909
4014
1124
2555
2785
1770
4059
1863
4640
2167
2753
1512
3732
3176
2469
3440
2815
3789
1782
3861
4613
3807
1641
4409
2519
2379
3146
4345
3198
635
1590
2215
1433
3474
1328
4717
4221
618
514
4902
4409
1921
3400
1549
1936
1080
2519
3424
4409
3138
3297
4873
1971
1138
3798
4746
972
3359
1094
4789
3413
4925
3979
3369
4174
3826
947
2901
1775
4755
183
3493
4654
3542
2943
4500
1921
3622
3392
3215
3735
3498
4466
4866
3671
4746
2136
4466
4848
1347
882
1722
3690
3537
3904
3815
2010
2031
4925
588
1641
1925
4680
4387
4500
3111
3179
3972
4778
3568
3784
1504
2567
3704
4477
3944
4304
2180
4925
2110
3033
1100
2317
3493
3265
2484
2302
4914
4933
4606
1423
4208
4451
3188
925
2860
214
3936
1150
2901
1770
