1614
1672
1705
1690
1711
1612
1652
1684
1687
1685
1681
1703
1686
1705
1598
1700
1632
1506
1577
1687
1685
1551
1661
1707
1632
1708
623
1672
1496
1699
1690
1705
1686
1693
1612
1702
1685
1701
1705
1708
1708
1577
1621
1632
1631
1685
1627
1612
1693
1695
1692
1699
1705
1686
1685
1704
1695
1707
1695
1653
1701
1693
1703
1672
1672
1702
1708
1681
1711
1693
1690
1687
1577
1711
1659
1685
1663
1652
1708
1672
1708
1699
1705
1681
1711
1692
1693
1685
1687
1672
1674
1687
1711
1677
1543
1711
1699
1699
1710
1692
1663
1619
1710
1631
1708
1672
1708
1703
1692
1693
1672
1702
1685
1685
1661
1612
1600
1624
1506
1708
1551
1705
1711
1700
1700
1700
1685
1700
1700
1681
1710
1506
1700
1699
1703
1624
1677
1600
1699
1621
1692
1543
1703
1685
1685
1708
1710
1543
1705
1681
1708
1672
1672
1672
1708
1685
1708
1672
1695
1686
1672
1601
1705
1677
1577
1663
1663
1704
1711
1542
1705
1685
1705
1700
1663
1597
1521
1711
1694
1699
1699
1705
1572
1695
1684
1677
1544
1707
1705
1705
1710
1672
1537
1701
1659
1685
1551
1677
1705
1705
