191799
181655
189276
188452
172461
162164
191110
142530
162171
138928
148787
167674
90461
195641
32714
187228
180203
164842
116099
21336
167706
103350
143654
178932
157649
156327
146898
196115
197537
173158
149317
170203
171503
138048
147842
132427
45600
183485
131989
193238
46440
197080
169383
174000
170305
99813
133341
173108
194587
193175
158288
90082
45075
177041
178889
197000
93609
132599
180503
133845
89470
165269
18836
197185
151697
125993
147206
34093
35858
47852
171710
128207
100550
150355
184313
183138
134624
97091
90181
74993
107840
92718
154093
94199
191022
194776
140315
193171
99681
112445
184906
176650
198087
107552
177729
56237
99229
112657
168811
162265
179113
155020
192535
137993
169014
197318
177816
42965
83405
125834
168546
174818
155518
152641
193848
150633
160453
184750
113384
189867
55639
74251
164052
109878
188916
197531
170969
154782
188711
188354
122471
195810
198064
143083
109392
50901
165521
126220
115255
65514
45539
193505
194823
174588
136709
86056
189088
195048
165810
160221
182755
127461
99756
162345
142902
151793
106117
131288
149623
193265
191129
175260
155159
146334
158544
117643
81606
197435
159501
101318
194756
171575
133240
164492
186687
149123
108252
169004
188819
109854
177977
154365
175697
189022
189760
114912
181169
181282
198344
141886
120601
183688
39327
172034
197458
179094
131864
132107
170579
88892
