478596
456936
454234
423708
210888
232368
70781
368111
428226
301540
291575
203520
65814
116126
480327
288146
67903
77585
434685
271193
322209
259397
498835
319990
494133
310590
110855
163175
130111
104878
356697
495000
360839
369605
109869
339472
475481
389239
291397
73640
33400
85917
177772
370995
188154
436015
177446
481132
477804
171258
279592
335343
199803
227554
36489
495613
242421
409291
209022
268819
363045
340561
438559
497395
378191
492174
126269
363993
427698
397710
314314
143476
488788
219866
136428
146168
487974
498774
148510
425419
241237
131216
438867
251333
73299
499499
441134
103406
266995
154722
174471
458688
481316
331836
496683
491499
389371
303914
474780
166749
375959
246832
325801
443436
491912
298792
20008
83584
289723
89212
260151
218548
221588
233514
329899
464037
454345
134214
246610
316474
408923
429324
470897
134077
494052
120334
268010
378498
447237
298020
259086
313152
233576
488611
147540
364872
461219
482304
63039
228271
255611
82122
196228
192273
292337
69805
468828
439543
107976
333524
6355
206510
412604
284731
486168
91778
418719
228655
342031
154721
61245
453960
497847
185338
381810
174830
433731
486200
416238
360862
323692
190544
424680
368263
472292
117613
370146
454217
486992
436038
31578
271598
171712
415730
348963
496995
339997
382228
84222
183861
178415
406110
132648
93309
65577
121945
118544
338688
377286
322625
