745
749
759
740
747
734
749
737
743
749
739
757
752
749
748
738
741
753
733
741
747
752
745
741
739
742
744
731
752
756
731
746
746
751
742
749
742
743
741
737
739
733
739
745
728
732
744
730
754
745
753
735
733
732
753
738
738
737
734
762
720
739
743
758
737
741
720
747
737
750
742
740
726
757
737
744
738
721
746
751
746
729
750
756
751
740
756
751
732
752
747
752
763
732
733
752
738
744
738
751
736
750
747
748
727
748
742
757
741
753
766
724
746
751
751
722
753
731
741
758
732
751
743
736
715
733
739
737
738
731
736
730
723
737
745
765
744
723
753
751
758
751
731
737
718
721
755
753
738
747
740
756
742
750
746
755
755
741
756
740
751
730
725
737
729
735
740
723
741
735
727
748
757
731
735
734
753
741
751
717
728
735
733
746
736
751
757
759
737
753
731
752
743
752
745
726
724
734
735
755
748
769
743
755
762
733
745
751
719
751
746
732
731
743
746
738
731
735
731
758
757
751
700
742
738
742
742
739
722
741
747
751
738
746
742
746
735
756
741
712
749
744
738
739
733
740
757
747
744
737
740
725
739
726
737
744
759
744
726
717
722
751
726
735
745
741
739
720
742
758
731
748
748
728
738
727
745
754
750
751
741
739
743
745
761
739
753
736
737
747
749
752
735
756
737
746
742
717
723
730
743
734
721
728
752
746
742
741
750
748
748
723
749
756
740
741
755
729
730
740
734
731
727
746
737
708
751
735
753
731
736
744
750
736
729
740
748
732
750
740
750
734
735
759
739
736
754
746
712
743
751
761
734
736
756
755
739
742
742
732
761
733
703
747
715
740
733
742
731
754
757
735
739
748
741
730
748
729
745
750
747
748
740
738
734
760
741
738
731
744
756
740
762
719
750
729
762
747
742
751
750
758
749
747
748
752
727
745
741
749
732
754
744
746
724
746
740
733
747
737
740
733
739
745
757
737
747
751
728
745
756
749
739
729
730
735
744
733
734
740
733
738
738
767
738
743
745
747
748
727
744
741
730
745
734
742
738
739
743
751
741
742
757
746
720
733
755
757
710
749
748
748
730
746
738
743
741
762
747
750
738
745
728
763
742
736
757
734
745
712
741
757
730
719
739
738
733
731
750
748
754
744
754
744
741
723
722
739
749
729
742
735
723
743
734
730
751
739
734
747
734
744
748
731
729
760
743
732
741
744
751
744
754
728
748
753
745
745
729
760
736
749
744
735
732
759
735
757
734
729
749
732
740
753
746
750
734
734
739
759
749
723
752
754
748
730
757
746
753
737
755
743
750
728
744
741
731
747
723
755
742
754
724
754
722
770
747
742
756
735
717
743
741
746
747
724
735
732
742
733
741
744
743
728
749
737
746
717
744
747
739
761
738
735
738
734
697
745
732
750
726
741
741
732
745
745
737
754
740
747
723
764
738
750
758
738
729
719
749
737
750
747
752
733
749
748
727
746
746
740
746
748
739
741
742
747
767
755
731
737
724
738
734
735
735
744
750
723
736
743
756
771
733
751
727
751
754
750
733
749
750
741
741
742
725
726
729
734
739
746
748
770
741
742
738
742
726
741
722
737
748
735
741
736
751
728
758
737
726
741
740
733
729
754
759
735
744
727
719
742
752
747
738
721
730
743
742
734
721
736
717
734
733
729
736
740
750
747
746
758
766
747
743
760
734
739
740
754
749
742
734
745
748
734
746
738
719
751
727
756
744
738
725
745
735
733
750
743
747
753
739
739
739
748
744
737
752
738
755
747
750
728
744
748
743
745
736
741
738
740
729
740
749
742
752
743
733
729
724
725
746
760
737
746
739
743
744
744
748
740
740
733
744
734
729
752
715
746
745
742
739
748
735
756
746
752
740
718
754
750
764
742
749
747
728
749
734
750
739
749
743
741
745
747
752
737
752
743
746
744
740
751
754
745
737
753
733
750
754
744
735
742
741
734
762
747
735
744
740
736
745
738
743
752
750
757
749
761
742
745
743
737
733
723
723
730
745
742
733
726
761
749
738
735
742
738
725
754
740
724
727
728
734
758
751
738
734
743
746
737
751
742
737
732
744
751
725
739
716
754
738
751
754
740
738
743
734
743
729
745
738
742
743
757
740
758
730
729
740
747
745
741
748
742
737
764
740
743
763
737
743
752
742
754
734
748
748
745
749
744
739
746
753
737
749
734
741
740
741
743
737
728
724
749
754
742
727
724
741
754
756
738
736
745
757
750
724
736
741
739
739
741
741
750
726
752
738
728
738
739
741
730
752
757
718
760
725
732
734
758
754
748
713
743
736
740
746
745
749
726
731
729
727
756
727
753
742
749
725
744
757
719
744
733
751
733
742
754
753
732
744
738
738
741
755
736
740
742
739
749
758
741
729
745
753
744
734
743
741
760
732
743
739
737
723
747
743
748
726
751
756
747
762
737
754
745
737
746
730
751
746
748
733
764
742
730
731
743
736
739
749
721
729
746
743
753
730
744
746
741
724
749
742
747
733
762
732
749
727
716
726
751
746
752
744
740
738
751
739
740
734
756
750
746
736
755
756
732
758
753
757
750
724
742
763
723
751
738
736
731
745
732
742
730
745
754
739
739
749
738
741
733
722
742
735
750
741
753
753
751
733
739
730
733
753
719
729
727
740
749
728
744
753
749
750
735
743
732
743
743
754
733
720
727
739
742
734
739
760
732
725
761
749
750
735
759
740
742
734
737
732
739
734
749
752
720
746
759
739
749
734
752
739
721
744
734
722
732
737
741
729
734
720
736
748
737
761
729
752
734
741
762
753
747
724
741
743
749
736
758
738
753
754
751
724
752
740
743
736
723
756
745
748
728
747
741
742
737
749
758
743
745
744
753
749
764
728
726
739
732
756
739
743
748
753
748
728
744
749
755
738
746
733
735
712
752
746
731
732
737
724
742
733
756
735
753
750
739
734
752
741
738
727
748
737
747
739
737
746
720
755
737
751
742
734
718
739
733
752
733
745
728
758
745
745
733
732
735
717
742
733
754
737
742
742
739
749
758
719
745
719
726
741
760
753
734
746
737
737
744
741
735
752
741
753
747
724
744
747
719
743
744
740
751
753
746
748
723
735
725
754
731
716
750
719
736
764
738
758
737
743
733
737
740
751
736
762
734
738
742
729
738
744
736
736
747
730
754
727
736
745
743
743
733
754
742
737
740
742
739
727
751
730
757
748
740
757
744
726
733
737
743
724
736
741
736
735
737
724
751
751
742
754
739
739
749
736
737
736
749
730
735
752
743
735
735
751
736
742
726
762
725
745
734
747
740
746
742
761
744
736
742
735
722
736
736
741
743
751
736
760
729
723
749
746
734
746
738
740
758
738
740
746
737
739
751
748
748
746
730
747
742
735
742
741
760
743
751
735
747
731
715
737
743
732
747
738
734
728
745
727
751
720
742
742
743
753
744
736
752
756
755
740
742
752
744
741
730
750
745
759
726
756
740
749
765
745
752
743
752
740
748
751
728
750
747
746
723
738
760
752
735
750
743
724
753
753
759
721
744
741
735
756
731
740
749
749
755
751
739
742
743
736
737
738
753
739
750
751
746
731
757
740
715
722
750
735
722
750
746
753
738
734
748
747
749
743
734
754
746
727
735
742
746
744
728
734
742
726
726
717
747
729
754
738
756
746
738
747
752
737
732
734
752
739
721
732
744
742
735
751
747
729
751
748
737
747
736
760
724
749
736
749
726
725
738
743
741
725
721
744
739
727
740
735
744
724
748
731
753
754
758
746
743
738
734
748
744
738
710
751
750
739
745
745
740
753
734
740
754
741
749
736
738
739
755
738
754
732
740
734
732
730
734
758
748
747
736
752
747
740
720
737
734
745
741
743
726
740
740
747
741
734
744
744
740
738
746
742
736
747
754
734
743
753
751
742
743
767
754
717
728
730
741
740
728
753
745
753
739
754
760
730
749
741
738
734
730
738
750
752
746
745
748
737
745
737
748
747
735
749
740
724
745
704
751
743
728
758
735
744
759
709
755
735
722
742
747
746
748
732
736
748
729
747
732
739
747
737
738
736
742
751
743
744
753
738
739
756
731
732
724
742
754
750
742
749
752
748
729
739
747
740
751
755
742
729
738
738
734
736
745
741
721
745
749
750
736
753
758
744
742
759
731
744
731
738
750
757
752
748
747
736
737
731
716
742
753
739
753
756
739
722
745
710
751
742
739
757
750
742
739
734
740
742
758
739
742
741
730
753
739
721
739
760
758
723
734
757
738
744
746
740
736
735
738
748
745
749
725
742
747
745
718
751
764
743
743
737
740
756
738
735
745
756
741
750
723
720
766
752
741
729
722
748
745
752
762
745
747
755
739
752
738
735
709
726
737
738
759
738
737
740
740
719
741
753
742
711
742
740
734
741
728
732
737
749
742
748
755
731
757
751
745
753
741
733
751
752
731
724
741
732
729
752
735
722
743
752
752
730
748
736
755
755
749
716
757
749
756
748
742
729
734
724
745
728
739
758
758
755
742
742
745
753
722
749
737
725
727
