3705
3720
3736
3675
3756
3757
3744
3730
3748
3748
3762
3781
3718
3737
3789
3756
3758
3742
3759
3712
3696
3756
3754
3693
3746
3739
3755
3744
3746
3659
3727
3721
3743
3697
3719
3739
3758
3726
3686
3735
3711
3736
3732
3734
3742
3735
3738
3746
3734
3708
3736
3751
3715
3733
3679
3755
3745
3726
3742
3717
3748
3750
3737
3726
3736
3732
3727
3749
3744
3690
3718
3720
3712
3742
3720
3718
3709
3733
3765
3762
3759
3749
3703
3734
3713
3706
3704
3753
3761
3757
3699
3708
3723
3715
3691
3740
3703
3711
3713
3723
3744
3748
3755
3732
3706
3754
3752
3726
3727
3749
3759
3761
3755
3728
3737
3739
3747
3733
3723
3751
3715
3721
3742
3707
3735
3736
3720
3721
3760
3728
3751
3763
3751
3738
3767
3687
3762
3740
3786
3730
3763
3725
3753
3744
3725
3730
3758
3700
3765
3727
3760
3717
3767
3701
3732
3728
3744
3711
3708
3719
3729
3750
3766
3752
3681
3708
3725
3702
3731
3712
3710
3702
3753
3715
3744
3692
3690
3752
3665
3708
3734
3665
3742
3719
3728
3734
3727
3758
3753
3758
3687
3742
3732
3737
3724
3735
3724
3697
3748
3744
3728
3736
3738
3736
3733
3673
3727
3700
3727
3750
3721
3727
3684
3692
3737
3727
3739
3759
3719
3721
3728
3741
3703
3716
3746
3725
3733
3715
3727
3694
3779
3739
3727
3773
3721
3696
3726
3731
3669
3701
3751
3726
3729
3725
3734
3757
3732
3737
3732
3729
3740
3742
3703
3765
3753
3710
3733
3769
3724
3758
3719
3765
3708
3723
3738
3712
3714
3750
3713
3745
3736
3749
3730
3732
3734
3651
3728
3740
3748
3686
3716
3757
3707
3717
3700
3714
3740
3724
3759
3732
3674
3739
3687
3739
3724
3690
3705
3752
3704
3744
3743
3752
3753
3721
3735
3739
3738
3714
3716
3755
3724
3729
3706
3755
3686
3754
3730
3752
3700
3726
3711
3700
3755
3754
3726
3740
3741
3742
3769
3729
3724
3716
3726
3718
3731
3722
3708
3725
3736
3713
3711
3762
3751
3724
3703
3741
3733
3757
3695
3787
3718
3754
3720
3742
3727
3742
3724
3730
3739
3758
3737
3766
3743
3736
3748
3711
3715
3751
3738
3683
3710
3724
3709
3716
3676
3762
3713
3701
3721
3731
3729
3751
3728
3668
3741
3693
3766
3733
3684
3725
3745
3730
3731
3777
3709
3686
3729
3722
3710
3727
