500
500
500
242
255
248
267
281
249
234
499
500
258
500
258
252
500
258
499
500
499
246
499
286
500
267
241
500
250
243
268
500
499
500
500
239
500
500
499
260
500
249
251
500
500
499
249
499
245
500
500
251
249
241
499
499
241
500
500
270
233
500
250
226
500
499
500
258
500
253
255
500
500
499
239
255
240
500
500
500
237
240
499
500
500
500
499
252
499
262
500
500
499
500
277
232
497
260
500
500
499
499
499
500
231
237
500
260
500
249
498
500
500
500
500
500
500
256
500
500
254
500
249
246
266
241
232
500
500
248
264
495
500
246
500
499
500
500
284
500
500
500
500
500
244
499
499
247
500
500
225
266
500
235
500
498
260
246
500
233
254
499
240
256
238
500
500
500
500
244
500
500
232
500
500
272
240
500
499
500
500
263
253
499
237
281
500
497
500
250
261
500
252
500
500
245
246
263
265
500
500
500
500
246
256
226
499
257
500
220
499
255
500
229
500
242
271
252
248
247
499
500
259
249
251
500
499
500
500
499
499
274
500
500
499
265
500
500
500
500
273
257
500
500
257
251
500
499
247
249
498
499
252
500
500
253
251
250
500
499
247
499
499
498
243
225
500
500
239
283
246
276
500
499
500
242
499
499
499
500
253
258
500
253
229
265
500
500
251
261
254
500
275
246
500
500
499
499
500
500
259
500
500
500
258
500
499
500
255
499
255
499
252
500
240
500
256
500
500
500
500
500
500
229
261
500
499
499
275
250
249
258
500
499
499
499
499
235
255
260
239
256
500
244
500
243
257
272
498
258
500
245
241
253
256
254
499
500
229
500
499
500
229
500
231
500
499
275
499
271
233
218
265
498
272
238
239
259
235
500
247
500
260
500
499
500
263
500
499
500
500
247
500
500
225
500
500
272
258
499
268
500
244
239
500
218
500
500
242
500
499
499
500
245
500
499
245
234
500
499
500
246
500
499
286
500
257
261
500
238
500
230
500
500
247
500
270
500
500
241
499
500
270
273
499
499
500
499
500
500
248
500
262
240
225
500
233
500
500
246
235
499
499
500
259
238
276
500
500
237
244
500
500
248
500
250
499
500
500
500
499
253
500
243
253
500
245
500
233
254
500
232
500
500
500
500
500
247
243
499
500
245
246
500
266
257
250
246
266
500
500
500
499
500
225
250
500
267
499
236
254
499
500
500
231
499
499
500
247
499
500
500
499
283
247
499
229
247
499
499
500
500
500
251
256
250
500
500
500
252
500
500
273
500
499
258
499
500
500
255
499
499
249
270
246
500
499
500
499
275
500
500
499
499
500
499
500
500
241
246
258
253
238
500
499
500
242
500
500
252
247
232
239
243
500
499
257
499
231
238
499
266
251
499
241
500
500
261
236
248
500
250
248
293
500
499
500
500
274
499
245
271
500
499
239
262
232
250
499
256
500
499
500
266
500
500
500
233
500
500
241
258
250
251
235
235
237
260
258
270
500
499
247
499
250
258
500
500
255
224
241
499
500
500
252
251
500
252
288
499
256
237
500
499
260
499
245
262
500
500
267
235
499
500
500
254
242
244
500
499
255
500
499
500
500
263
251
499
255
229
500
498
500
500
500
500
498
248
500
244
256
238
216
230
498
252
257
499
500
500
500
500
276
219
231
250
500
500
249
500
500
236
241
251
500
233
259
499
500
499
499
500
251
257
247
245
250
251
250
237
264
500
263
267
271
499
250
499
243
257
500
499
255
500
500
258
265
500
232
500
254
500
232
500
500
239
240
500
500
500
261
500
244
262
245
500
241
250
500
252
500
500
244
500
498
245
500
499
237
260
499
262
500
500
500
252
499
500
234
246
270
500
500
500
499
499
242
499
500
230
236
500
258
226
244
500
233
256
261
262
234
500
500
273
242
269
499
244
500
500
252
500
253
261
234
286
500
500
258
499
268
500
268
499
499
500
264
499
231
499
499
232
256
500
500
500
500
500
243
500
247
221
264
500
247
498
500
245
257
500
497
499
499
499
236
232
232
250
246
500
500
499
500
500
500
225
499
229
245
245
248
257
230
255
230
500
499
246
500
263
258
500
264
272
500
500
272
500
500
500
500
243
499
243
499
499
232
257
500
499
500
278
244
500
500
236
223
241
500
260
266
252
257
500
500
245
500
500
260
500
500
500
500
499
245
256
242
240
243
220
248
500
209
261
499
500
500
500
500
261
499
500
253
240
499
500
258
239
499
244
240
243
500
500
500
243
236
499
499
246
500
500
500
500
500
245
500
247
500
248
247
241
262
500
249
500
253
499
499
500
499
253
242
500
240
500
229
500
226
500
250
500
273
238
500
228
264
231
254
500
500
266
499
257
499
251
500
228
499
252
251
253
499
243
247
499
259
237
500
259
500
499
499
500
245
499
241
257
500
239
221
247
248
220
499
256
254
206
261
260
266
500
500
249
499
251
500
258
500
500
247
500
231
500
274
500
500
230
243
500
500
261
247
250
251
235
500
500
254
226
500
500
499
499
230
253
240
280
258
246
500
229
234
499
500
500
264
223
498
272
500
263
245
499
499
500
500
258
500
268
500
240
226
499
500
265
270
263
246
498
500
500
256
500
500
499
240
270
233
224
500
500
499
244
267
500
500
500
212
260
270
499
260
500
499
233
500
278
250
500
251
239
500
499
250
500
500
226
259
500
500
255
254
499
246
499
234
499
500
500
252
500
500
499
254
499
499
500
234
500
237
240
234
237
272
500
500
251
239
500
500
500
244
500
222
499
500
230
498
242
500
266
499
500
234
500
500
224
499
500
256
249
263
500
500
272
252
499
500
240
499
260
500
243
259
500
243
276
246
245
268
250
247
244
499
252
269
248
229
498
283
271
499
257
500
500
250
256
500
500
240
500
233
500
499
239
499
235
253
250
500
258
248
261
500
248
499
498
500
499
500
232
500
261
499
499
248
500
276
233
250
250
269
499
499
499
500
246
500
498
276
500
273
500
252
254
500
500
241
233
499
234
500
245
500
269
265
500
250
500
241
500
499
499
257
500
242
265
212
499
500
499
499
500
499
245
249
499
261
500
241
500
498
261
500
264
499
227
245
500
254
500
500
499
500
267
254
243
281
261
246
249
500
500
500
500
500
245
499
499
253
230
500
500
244
268
500
248
236
499
500
245
500
500
254
499
240
268
257
499
500
500
499
500
500
500
261
264
224
252
271
272
499
500
499
500
256
267
215
232
243
500
286
500
258
500
232
254
221
499
500
262
500
238
250
245
246
500
498
500
247
499
499
246
499
499
499
500
500
280
500
257
500
267
215
251
254
500
252
500
500
280
258
500
499
499
500
500
245
499
498
270
500
500
241
500
500
500
500
254
500
500
500
499
238
257
500
500
500
241
242
499
249
250
254
262
245
499
499
259
500
231
225
266
266
247
500
235
265
246
237
499
238
231
500
500
240
500
500
262
499
499
500
241
498
500
235
500
498
254
499
254
258
499
499
245
226
239
500
500
231
252
500
500
257
499
231
239
253
499
261
500
237
265
499
264
499
247
500
500
273
500
261
500
262
247
499
242
499
277
499
257
499
500
500
499
497
500
259
500
500
500
500
500
499
253
252
263
272
246
258
230
499
500
226
499
247
500
239
265
500
500
499
256
500
237
500
234
500
245
500
258
242
287
246
245
247
499
499
274
244
499
500
499
499
244
500
251
270
240
257
500
499
261
500
500
258
500
249
500
248
254
247
272
256
239
246
253
500
500
248
266
253
238
499
260
500
253
500
265
500
500
253
255
233
499
500
499
500
500
498
231
243
499
499
265
250
500
500
500
253
256
228
500
231
245
230
500
499
231
238
500
500
248
499
500
499
500
249
230
500
283
244
499
257
498
238
500
500
500
271
278
256
228
251
267
499
270
272
256
500
499
500
254
500
247
253
499
499
251
231
500
247
251
500
250
251
500
500
500
500
278
499
500
270
499
498
243
499
500
500
256
500
250
254
273
234
256
249
500
231
247
500
500
498
499
500
500
242
254
500
237
269
500
241
257
500
259
264
242
498
500
499
500
500
243
499
269
267
270
261
500
500
242
500
245
251
264
500
254
499
500
268
500
500
225
245
500
257
499
500
500
238
500
500
499
500
500
245
500
220
500
248
500
229
253
500
499
252
254
232
217
500
498
500
499
500
259
499
500
499
238
500
232
270
275
499
500
500
499
500
499
500
258
263
500
499
240
500
500
499
500
500
499
499
266
499
242
222
261
248
499
500
222
499
224
500
498
500
241
241
246
500
254
273
231
500
500
500
257
245
497
499
500
269
258
254
231
261
256
255
500
255
264
500
248
500
500
247
248
500
233
270
267
500
234
499
251
500
499
499
500
251
500
499
499
262
500
500
239
259
243
500
251
273
499
279
500
253
254
500
244
500
500
279
270
239
262
499
255
499
500
248
257
500
256
500
499
252
500
500
245
500
500
261
273
249
263
274
500
245
499
500
237
500
499
500
259
243
253
230
247
499
260
250
234
499
229
253
499
500
257
252
240
242
246
500
278
250
238
