2499
2499
1192
2500
1256
2500
1270
1290
2500
1273
2500
2500
2500
1235
1264
2500
1213
1262
2500
1223
2499
2500
2500
2500
1227
2500
1282
2500
1269
1233
2500
2500
1293
1270
1199
1269
2500
1258
1212
2499
2500
2500
1253
1238
2500
1274
1253
2500
1197
1201
2500
2500
1199
1232
1243
1221
2500
2497
1246
2500
2499
1291
2500
2499
2500
1216
1318
2499
2500
2499
2499
1248
2500
1269
1236
1289
2499
2499
1235
1258
1272
1308
2500
1237
1258
2499
2500
2500
2500
1199
1277
1220
1301
2500
1228
2500
2500
2499
1270
1242
2500
1253
1240
1211
2500
2500
1252
2499
1247
2500
2500
2500
2499
2499
1285
1262
1282
2500
2500
2499
2499
1278
1273
2499
2497
2500
2499
2500
2499
2500
1260
2498
2500
1292
2499
2500
1283
2500
2499
2499
1280
1244
2500
1271
2500
1235
2500
2499
1227
2499
1280
2500
2500
1282
2500
1275
2500
1231
1287
2499
2499
2500
2500
1209
2500
2500
1229
2500
2500
2500
2499
2499
1252
2500
2500
2500
2500
2500
2499
2500
2500
2499
2500
2500
1213
2500
2499
1215
2500
1181
1242
2500
2500
2499
1233
1268
1223
1216
1246
1287
2500
2500
1293
1254
1209
2500
1275
2500
1269
2499
2500
1207
1277
2500
2500
2500
1273
2500
1241
1295
2500
2499
1248
2500
1232
1239
2500
2500
1234
2500
2499
1243
1210
2499
1227
2500
1247
2500
2500
1263
1256
1270
1217
2499
1214
2498
1274
2500
1262
2500
1272
1274
2497
2500
2499
1254
2500
2500
1261
2500
1259
1271
2500
1228
1251
2500
1232
1218
2500
1205
1228
2499
2498
2499
2500
1221
2500
1279
2499
2498
1258
1228
1252
2499
1245
2500
1195
2500
1218
1240
2500
2500
1245
2500
1231
1256
1250
2500
1207
2500
2500
1203
1204
1295
2500
2500
2500
1273
2500
1296
1259
1232
1252
1270
1240
1183
1261
1218
2500
1256
1269
1204
2500
2499
2500
1247
2500
2499
2500
1276
1280
1271
2499
2500
2500
2500
2499
2500
2500
2500
2500
2499
1319
2500
1209
1192
2500
1234
1240
2498
2500
2499
2499
1256
1256
2500
2499
2499
2499
1272
2499
2500
2500
2499
1208
2500
1240
2500
2498
2500
2498
1333
1240
1299
2498
2500
1271
1242
2500
1247
2500
1210
1262
2500
1253
1252
2499
1222
2500
2500
1211
1261
2500
2499
2500
1196
2500
1252
1232
2500
