321
549
547
305
549
335
548
546
307
325
548
316
547
546
547
547
335
548
327
326
548
326
312
547
309
318
548
543
547
548
549
547
310
317
548
547
548
548
546
546
547
548
318
318
549
329
545
323
318
319
547
329
336
546
317
547
336
548
547
307
548
547
548
547
300
549
319
302
352
546
317
548
289
317
546
548
549
549
547
547
305
340
320
336
319
300
308
339
548
315
319
306
338
307
547
328
548
318
547
549
317
548
547
548
546
548
547
546
314
549
347
547
545
330
547
547
311
547
547
548
548
300
340
548
549
310
548
548
547
547
321
308
321
298
313
547
311
547
547
322
317
548
295
548
547
327
546
547
545
547
546
546
309
547
548
324
308
328
313
548
547
305
547
355
547
547
546
548
327
547
546
547
295
543
547
322
310
303
324
548
317
318
547
547
547
548
308
548
322
544
549
320
547
546
331
326
546
549
549
549
297
325
546
544
546
548
314
325
308
334
321
342
318
320
546
547
314
546
319
547
338
549
547
327
328
331
547
547
301
545
548
315
324
548
323
322
318
290
545
321
340
549
305
549
307
320
326
547
546
296
316
548
545
549
545
307
546
327
546
549
547
343
336
547
319
547
547
548
547
546
327
548
323
303
547
545
548
315
549
546
547
549
547
545
547
331
546
349
548
548
546
546
546
549
547
548
316
544
317
334
335
349
331
314
548
547
547
338
315
547
546
297
547
547
548
548
547
547
546
334
548
547
313
319
547
342
547
548
292
547
326
547
546
547
295
548
549
549
327
547
548
546
307
549
322
545
546
547
548
548
324
312
547
318
546
547
344
544
548
547
311
318
325
548
547
546
547
336
299
303
548
548
329
329
547
547
547
545
318
547
321
333
547
330
328
548
547
321
322
318
334
316
548
548
545
326
545
342
324
545
346
547
547
548
547
319
340
547
547
548
547
302
336
545
546
546
324
295
547
548
548
329
549
321
548
326
315
328
307
549
548
547
549
547
546
548
327
298
547
547
301
547
549
324
547
337
547
310
546
548
547
549
307
322
317
355
333
547
546
548
312
322
548
323
328
336
314
307
548
320
330
548
547
349
547
547
311
309
312
548
547
548
545
547
547
548
548
545
548
321
331
547
302
306
294
309
343
546
327
321
326
332
328
331
313
548
548
546
549
546
549
325
547
326
546
328
545
337
546
547
548
548
549
324
547
547
548
317
547
546
325
316
319
549
315
316
317
325
307
547
306
547
309
548
301
320
308
337
548
548
308
347
307
545
349
547
301
324
548
547
547
547
316
318
311
548
320
548
318
546
545
339
546
337
547
549
547
317
308
322
339
330
548
549
317
546
284
315
319
326
334
314
547
317
327
304
549
547
319
340
322
547
321
323
548
549
287
548
548
545
317
304
549
548
546
333
548
547
546
326
547
547
547
327
547
547
546
547
318
327
548
546
323
312
328
321
334
311
340
321
546
341
545
546
549
547
548
547
322
547
549
316
332
339
547
313
328
330
338
320
545
547
328
547
548
313
329
547
548
548
548
294
319
303
547
544
547
548
315
548
337
314
313
300
548
341
321
547
341
546
321
312
547
307
326
328
547
548
328
548
317
546
313
545
332
547
324
547
546
331
321
327
325
346
547
547
548
332
547
348
331
309
311
549
548
546
546
548
548
294
548
302
319
313
545
548
312
548
548
547
301
307
317
546
334
326
548
546
547
546
547
546
548
548
335
313
343
547
549
293
292
303
314
548
328
291
320
547
548
548
319
546
326
315
321
546
547
548
545
313
547
315
546
549
546
307
328
548
341
545
548
307
544
548
326
311
306
547
328
316
546
328
334
549
548
326
341
312
548
324
548
332
296
311
312
313
544
548
547
309
548
548
546
337
340
548
548
548
328
299
547
548
325
549
548
312
308
304
327
548
548
327
319
309
548
546
329
312
318
334
546
548
549
548
548
316
549
547
316
546
549
545
547
547
340
336
324
547
311
295
549
546
546
548
361
312
327
310
548
346
548
547
546
546
547
546
547
325
307
547
335
323
548
312
311
548
327
305
546
308
307
299
303
546
547
336
304
318
346
325
548
546
548
548
546
548
548
545
308
548
316
546
318
313
326
316
547
313
547
546
546
547
328
546
548
548
308
549
324
305
547
548
319
322
309
307
336
546
547
318
315
547
547
547
307
547
548
548
545
334
547
548
546
548
302
548
545
548
547
548
330
346
341
549
303
323
299
320
317
546
547
548
548
339
307
547
549
331
338
326
329
547
549
548
324
331
547
549
331
332
321
325
547
308
547
548
548
321
545
343
327
548
548
547
547
546
334
315
548
340
548
547
307
548
549
546
547
322
312
335
547
320
547
324
325
547
329
327
319
328
311
330
548
349
317
310
546
545
317
547
328
310
546
547
319
547
322
546
548
547
548
305
548
547
307
549
548
549
546
334
545
545
548
549
548
340
546
547
549
548
544
548
546
547
546
546
334
547
319
547
548
548
548
295
326
549
319
345
334
315
548
323
330
545
547
548
325
548
546
318
548
337
547
306
326
548
544
547
549
327
333
314
549
330
549
326
336
317
547
548
334
308
329
549
548
546
340
322
338
326
309
547
547
318
548
324
341
327
331
548
546
547
546
322
547
548
547
547
326
320
310
546
549
337
548
330
546
322
301
336
319
548
549
546
547
329
548
316
546
296
548
547
293
546
309
306
549
319
548
333
318
547
311
352
333
547
548
330
329
547
312
547
321
545
330
319
315
346
324
327
325
322
330
320
548
547
310
548
546
548
322
309
329
310
328
324
315
311
304
547
326
547
345
355
547
549
549
547
547
326
547
549
547
345
333
312
337
547
546
304
547
546
350
318
328
546
314
546
547
547
293
547
317
297
548
546
547
547
549
313
547
335
547
333
322
329
321
336
546
354
344
546
308
545
326
547
545
342
546
546
313
547
546
548
321
330
546
321
331
548
326
547
548
546
328
311
547
548
546
313
320
306
547
313
549
546
546
550
548
320
301
546
547
548
547
316
546
305
326
327
545
546
328
329
332
547
547
335
546
317
311
549
339
302
546
327
546
341
315
545
317
547
547
309
343
313
546
325
315
343
548
341
548
547
322
328
336
548
319
548
548
547
548
316
548
547
548
548
548
318
549
547
319
330
317
546
315
311
549
548
547
323
548
303
548
312
324
314
548
546
328
548
548
326
311
548
327
303
320
548
549
549
548
545
547
548
548
317
329
547
327
546
549
340
548
330
307
328
546
318
548
330
319
546
547
311
547
547
547
308
307
548
547
330
548
311
331
548
327
324
542
329
338
544
546
312
317
305
546
546
547
545
347
547
543
548
316
547
546
547
548
546
347
546
323
327
340
547
313
303
333
546
549
548
317
318
547
548
332
546
547
548
331
547
547
547
547
547
546
545
548
318
547
335
326
547
335
547
309
318
326
319
547
326
546
332
548
547
309
320
548
547
325
546
548
547
311
316
545
346
547
330
545
339
310
316
547
548
326
308
333
546
547
327
549
546
328
341
548
545
547
547
546
321
316
547
311
547
353
338
317
327
316
314
548
317
326
319
322
320
546
310
546
546
545
333
549
545
343
316
320
321
548
548
547
547
353
348
547
547
548
545
547
338
548
547
548
548
548
547
546
304
547
296
309
547
548
548
343
544
331
547
547
548
548
337
291
546
317
547
546
307
327
546
545
549
548
320
333
333
548
296
547
344
547
547
327
549
329
324
545
316
547
548
546
333
323
306
337
333
546
358
547
304
548
318
319
315
544
333
548
336
546
318
548
549
323
548
326
313
548
314
549
309
347
545
316
545
329
337
331
327
314
323
549
304
548
322
331
324
345
326
314
335
547
337
548
338
547
334
326
548
546
321
327
335
547
548
547
546
324
336
323
547
316
333
547
545
547
547
320
331
546
549
325
324
547
318
548
546
549
546
548
547
547
548
548
548
329
548
337
549
547
300
548
547
545
550
312
548
322
547
545
322
317
331
548
308
545
334
546
324
305
547
331
312
309
321
296
548
330
547
547
546
548
315
328
549
549
311
547
330
547
548
337
316
549
302
315
547
548
327
307
331
546
317
548
546
329
315
324
548
548
303
549
326
341
547
548
548
319
314
316
546
327
325
546
546
546
546
333
325
331
547
327
332
548
547
548
547
547
332
547
320
309
547
548
310
545
309
344
549
547
335
333
298
546
325
547
548
547
546
547
313
319
547
316
547
548
315
309
312
342
339
326
549
547
330
546
547
308
322
333
549
328
546
548
544
324
331
307
548
545
324
546
545
325
546
548
549
316
314
299
547
546
549
548
546
313
320
547
548
547
548
310
548
324
294
313
545
334
547
347
304
309
547
548
548
547
547
319
547
549
330
548
548
319
287
549
547
320
324
348
294
548
546
316
306
324
544
330
547
327
547
314
548
340
546
548
549
336
321
549
315
327
547
547
547
332
547
545
548
290
548
312
331
547
318
325
549
308
321
546
546
549
548
305
547
548
335
548
548
547
547
544
549
322
340
548
342
309
328
320
548
319
323
548
349
337
313
