4999
2603
3916
4616
4999
4998
1375
4141
4999
4611
3377
3314
4999
2816
1526
4999
3900
4998
4287
2399
4999
3803
687
4214
4999
4226
1128
4762
1824
4668
1918
4998
4998
2045
3992
4687
1511
2375
4083
4129
4998
4045
4643
4999
2741
4999
2213
4999
3119
4999
3315
2820
4278
3202
2700
2414
4998
4999
4998
1128
4999
4996
4998
4609
3240
4999
4999
3243
2838
1576
3156
4998
4999
4763
4671
3658
3280
4998
4999
2186
4999
4999
2823
4998
3942
2603
4809
4998
4998
4998
2444
4953
4101
4999
4411
4739
4999
4817
4999
2086
4999
4999
4639
4996
3145
4955
2537
4997
4999
4999
2220
4504
3623
4506
4682
4999
3730
4999
1348
1288
2524
4999
2632
2127
3806
4999
2650
4286
4999
4999
4998
4999
4360
4999
3290
3122
4115
3882
4999
4999
4999
2907
4998
4999
826
569
3570
2498
4169
4999
2999
3314
4999
4722
3013
2156
3181
4768
4999
4998
4978
3579
4999
4010
4999
4999
3705
1412
4990
1931
2203
4999
4999
4999
2470
4999
4999
3160
3493
4056
4999
3807
4999
4999
4998
4999
2992
3611
4999
1312
4105
4346
4999
1866
4591
4999
1605
4999
4645
4998
4999
4999
912
3620
4283
4999
1862
3878
4999
1689
4999
4999
4998
4999
4999
4999
4999
4999
3246
4040
2931
4255
3875
4999
4999
4999
2962
4079
4999
2119
4999
4999
1781
4994
4998
1799
4545
4929
4999
4999
4277
4999
3893
1800
4997
4998
4999
4998
4999
3897
3877
4587
2196
4999
885
4999
4999
4999
4671
4999
4446
2797
4999
4614
311
4999
4999
4999
4999
4999
4999
4999
4999
4910
4999
4998
4999
4690
1572
4638
3625
1676
4999
4999
1549
4999
2404
3046
4999
4999
4999
3679
3557
1805
3776
4999
4999
4999
1379
4999
4910
3861
4999
4999
4999
3803
3866
3158
1612
2100
4388
4043
4999
4876
4998
4999
4998
4955
4998
4999
4999
4999
4999
4999
4999
4809
4820
4320
4516
4999
4999
4999
3290
4240
515
2839
4999
4998
2381
3256
4999
3718
4998
4999
4505
4843
3795
3706
472
4999
4998
4907
220
2307
4998
4998
4999
413
4999
2510
3804
3141
3469
4999
4611
4999
4999
4999
4968
4999
2053
2396
3795
2259
2000
3217
4999
4292
4999
4984
2677
4999
1744
4999
4999
4999
473
4999
1663
2846
3586
3551
4998
2457
4999
336
4956
4013
1568
2366
4836
4999
1927
4999
1188
4999
3542
4112
4999
3583
1668
941
1552
3451
4999
4999
3955
3848
4999
3729
4381
4999
4997
4894
1050
1387
4999
2143
4901
4396
3906
4686
4998
4101
4999
4998
3843
2623
1611
4998
4999
4798
4332
4173
4999
2376
4999
4999
3282
4999
510
4999
4999
4998
4999
3984
4527
4999
4999
4999
4999
4201
2630
4959
4791
4552
2759
4827
4999
4425
4999
4241
2657
4999
3156
4999
4999
1277
4229
3313
3530
4627
4999
3888
4999
3650
4999
2784
4997
602
3039
4492
4999
4998
4999
876
4999
2584
4998
4998
4538
3357
4999
4999
4999
2794
4999
4446
4999
4998
2794
4997
2733
3160
4613
2684
4999
4999
4364
2968
4642
3656
4999
4999
1819
3042
3156
3795
3552
4782
2202
4999
4999
4637
1287
4999
4999
4996
3375
4998
4999
3087
4103
4863
4162
4999
3329
4999
4127
4999
3737
4129
2802
3408
2751
4822
4475
3097
3783
4999
4749
1820
4999
4376
3955
4999
4998
4678
2639
4620
2709
4999
4998
4999
3707
4997
4999
1815
4523
4999
4999
4999
3762
4999
4787
837
3136
3134
4999
4312
2632
4997
4999
4999
4999
2674
4999
1373
4999
4388
4999
1854
4625
4515
2184
4999
3819
3445
274
1747
4999
4999
4999
4780
3646
4999
4999
1529
4154
4998
4942
4999
4998
4999
4999
4999
4035
4998
4999
4480
1751
4997
3842
3191
4999
4109
4999
3837
3436
1906
3882
4998
3583
4998
3730
4073
3397
3341
3559
4242
4998
4998
4272
4037
4998
2400
4761
4999
4384
4999
4457
2690
4998
2239
4193
4999
4999
4999
4770
4233
1984
1644
3135
4331
4655
4999
2677
4999
4482
4601
3571
4763
2955
4997
4999
2331
4998
4999
4998
4999
4999
4837
4999
4999
3054
4999
4999
4998
1910
3127
2526
3075
4999
4716
2024
4649
4784
3369
4997
4999
4999
3016
4999
3727
4998
4229
4999
4093
4999
3756
4999
4784
890
4998
4998
3747
4953
3887
4998
4999
4999
3442
3584
3709
1635
4999
4999
4999
4999
2877
4999
4999
3860
4536
4998
4999
4999
4188
4286
3622
4407
3838
3904
2423
3937
1354
4857
4183
2313
4999
2979
3550
1901
4400
4999
1480
4999
743
4999
3898
4999
4999
2070
2969
2238
2885
4998
3109
3947
4347
3923
4999
4998
4123
4320
2835
4996
4998
3252
4999
4999
4744
4999
1065
2128
1532
4051
4999
3593
884
1017
4998
4998
3935
1202
2299
2257
4967
4999
2190
541
4999
3269
4998
4746
4998
4360
4999
4576
4998
2804
2218
4999
4899
3939
4181
2598
4997
4999
4997
4999
1877
3098
4999
4630
1645
4999
2820
3838
4999
4999
4459
4177
2823
4997
4999
3097
805
4999
4645
2650
4999
687
4498
2012
4409
4999
4999
3963
3536
4999
4999
4383
4999
4996
4999
4999
4999
4297
1334
3214
2974
3713
4999
3690
2823
1586
4998
1484
4979
4999
4998
4887
1955
2915
4997
4839
4999
4999
4999
4154
4999
2476
4999
4999
4999
2804
949
4999
4312
4750
4999
3997
3184
4199
4999
4999
4999
4873
4998
4999
3168
4999
3240
4999
4239
4525
3745
907
4131
2352
929
3060
4999
4999
4998
4999
1828
4999
4999
4101
3243
3246
4999
4998
1208
3880
4999
3998
4997
4999
4192
3179
4999
4999
4543
1204
4946
2714
4999
4516
4999
2988
4999
4999
1925
4117
4313
4999
4459
4983
2535
4999
1794
1637
2028
4999
3718
4999
4999
4999
4555
4999
4999
3783
4999
1251
4999
4999
3240
4837
4999
4486
3557
4998
1369
1552
4999
3525
911
3828
1832
3046
1663
3087
4575
3659
1024
1040
4999
3061
4119
3710
2001
3640
2484
4124
4999
4999
4998
4997
1357
3873
4999
3269
4939
3461
2358
3655
1262
3005
4999
4672
1600
3871
4241
3431
3034
4226
1537
2741
4746
1832
4773
4999
4190
2055
1466
2001
2280
1037
3509
4129
1571
2196
2717
4762
4640
4999
4999
2460
4998
3421
3073
4999
1623
2747
4999
4484
4597
4999
3891
908
2675
2076
3143
4311
2237
4372
4998
3438
1450
4999
1761
4840
4998
1448
3571
4999
4998
3616
1325
3226
4999
4686
4104
2518
3269
4998
2747
3862
4999
4999
4999
4548
4682
2974
1250
182
2751
668
1995
2309
4999
2507
2843
4999
4119
4404
3807
4999
3659
1653
1896
2774
4999
4762
4217
3613
3626
1676
3328
4999
3807
3936
3175
4999
4999
2039
4999
4282
3559
4999
4999
2877
4997
4206
4883
3646
4996
3316
3735
2374
355
4404
4294
4998
4999
4918
4999
4999
4999
3215
4074
4999
3116
1439
3138
4149
3723
4999
2990
2316
4306
4808
4999
3079
4999
3303
3782
4999
4999
1062
4999
4239
3124
4998
1657
4999
4999
4998
4999
4999
4999
4999
1383
3422
929
4999
3687
4897
4999
3755
4999
2150
4929
4999
2428
3144
3570
3437
4998
2729
4999
3794
4999
4971
3469
4512
1720
4998
4998
4999
4999
3716
3727
4999
4933
4487
1828
4999
2411
1605
4998
1152
1331
4858
4217
4898
4999
4447
4973
4999
4999
2789
3869
4752
1065
3390
4999
4422
933
4999
2116
4998
3902
3221
4997
4999
236
4999
4291
2946
4297
3264
4999
779
3557
4999
4380
4998
1018
4999
3424
4999
3293
1155
3629
4999
3804
4999
4672
4032
4999
3464
4805
1624
4999
2349
3341
2881
2285
4998
3984
4999
4999
3685
3835
4999
1326
1250
3266
4998
3806
4999
4276
3667
3646
2193
4009
2418
4998
3295
2594
4336
2580
2178
4954
2103
4999
2287
4999
4817
4999
4998
1342
3984
2677
1939
1978
3703
4999
4217
4074
3906
4999
2418
3339
3964
4446
4999
962
4999
4999
4333
4999
3348
2398
4257
4999
3647
3089
4999
4947
4999
4323
3702
1621
4999
4999
4925
3442
2064
3713
4346
1686
4998
4999
4999
3874
4599
4999
4999
3974
3457
4994
4998
4746
4998
4999
4999
4999
3433
2895
2314
2144
4999
4999
4999
4999
2367
4899
4262
4999
4463
4999
4999
4997
4999
4999
4999
4999
4433
4998
4999
649
4999
4999
4048
1779
2318
2843
2572
4999
4999
3105
4673
2293
4612
4999
4050
3222
4998
4999
789
4999
3205
3163
4995
1901
4999
4324
1757
3424
2877
3387
4998
3294
4999
3909
4999
2923
4999
4817
4897
4999
4999
4996
3860
4773
4999
677
4990
4998
4199
4998
4999
4999
3039
4999
3749
4415
4999
4999
3243
4999
4162
4999
4999
1255
4998
4828
4999
3369
4999
4998
2267
3310
4998
2379
4173
4999
4998
3385
3341
2753
4999
4998
4999
4285
4999
4282
2898
4999
4997
3243
2247
1183
1697
4168
4999
2918
4612
4773
959
4999
4998
3606
4999
2933
4999
4999
3145
4498
2507
2623
3365
1625
4328
4252
1964
4999
4999
4999
4998
4999
2559
1569
1899
4999
907
4998
4687
485
4998
3755
4656
4334
4339
4999
4999
2743
2240
4169
4533
4690
4559
1463
1701
3163
4999
4999
4999
4999
2525
4999
4530
2021
2937
4369
3766
3253
3134
1937
1741
3175
4999
2925
4999
3282
2212
4489
4998
4999
4997
339
4998
4999
4999
4999
2691
4999
4999
4999
993
4999
4303
2969
2714
4693
1578
2553
1705
2955
3199
3897
4975
2682
1896
4999
1755
1105
4755
2993
4238
3672
1030
4527
4134
4999
3987
4999
216
4274
4999
3780
4999
4998
3913
4999
4436
3805
4999
4999
1583
4445
4999
709
4998
1884
3898
4998
4998
4999
2817
1747
4999
3173
4307
2143
3691
4999
3728
4999
4999
2707
2873
4716
4713
4373
4999
4040
4999
4998
1777
4999
4999
4999
625
3080
4999
4999
1030
4999
4998
4999
2190
4999
3923
196
2687
4999
4999
4998
4999
4964
1126
4998
3899
4999
3511
4543
3072
4999
3513
4999
4999
4999
4999
4999
4979
4810
4999
2898
4999
2985
2973
2636
1288
4920
4999
4999
4999
4999
3859
4998
2608
4999
4999
4999
4545
3767
3840
4998
4639
4999
4999
4189
4360
3246
4903
4999
3803
4265
2370
4999
4515
2772
4127
1202
1360
4077
2289
4190
1058
4999
4998
3719
4999
311
4576
2381
4178
4997
2108
3190
3143
4999
932
4874
3964
4999
4999
4999
4159
4998
3839
4999
1307
4999
4586
4048
4466
4999
3631
4043
4999
2342
4595
4999
4999
3451
2862
2255
910
4999
2112
3213
4999
3559
1572
4821
1724
4999
3375
4999
2368
4999
3722
4818
2188
4999
1270
4163
4178
1522
4719
4998
4481
4999
4999
4999
4998
4998
3955
4998
3902
4951
3181
4280
4119
4999
3901
3225
4999
4876
4999
4999
4998
3364
4999
2475
2014
4837
3129
4998
4999
4999
2415
4525
4999
4999
4999
4811
4999
4999
4999
4808
3304
2439
2331
4998
4999
3097
4778
4999
3547
4999
4105
4999
2378
4999
4999
473
2461
3371
4999
4999
2969
2683
2902
3565
2554
3473
4999
3964
2458
4999
2813
4999
4998
4999
3635
4999
4072
4999
4998
2773
4999
4999
4998
2979
4883
4961
4999
4999
4182
3597
2866
2640
3974
1625
2993
4999
3818
2008
4999
3956
4999
4999
2288
4999
4998
4997
4999
799
4999
4999
3819
4999
4999
3956
422
4999
4999
4999
4998
4999
1705
2109
4999
4611
2319
4999
4920
4999
3829
4150
4303
4999
1656
2843
2930
4999
4999
2994
3254
4999
2892
1648
4999
4435
2785
2055
4912
4125
2163
3240
706
4998
3530
3908
4699
1679
3092
3870
3938
4999
4999
4998
1939
3874
4999
3778
3779
1580
4077
3640
4045
4999
4999
3524
4681
232
3409
863
4999
4999
4998
4999
4999
710
4999
4999
4999
3647
4999
4999
4999
3734
4999
4999
4999
935
3684
1384
3048
4999
2998
4999
3950
3895
4999
4999
4999
4999
4999
2663
3601
2184
4764
2524
4999
4999
4352
4998
4999
4999
2683
4999
4142
4999
4708
4302
1990
1284
3362
3686
2518
4999
4056
1754
450
2804
4999
4999
3800
4998
4136
4999
3812
3524
4999
4999
4999
4999
3760
4999
4999
1600
3646
2746
3671
2181
4999
4999
3345
3418
4998
571
4837
2629
3165
3661
3660
4999
4194
4999
1700
3347
4998
4999
2028
3837
4525
3861
4998
4999
4999
3756
4999
3684
4021
4998
4303
4828
4865
4503
4999
2331
1948
4999
3552
4999
1430
4999
4999
2794
2385
4133
4589
2027
3525
3736
4999
4999
1016
4999
4999
4999
2446
2464
4999
4999
2971
4599
4999
4122
4399
3943
174
2693
3511
3143
3351
4998
4999
4999
3563
4533
4999
3143
4486
4999
4999
4420
4999
4998
4999
4302
4999
4358
4999
4999
4500
4999
3274
4999
3849
4998
3519
662
1101
4999
4664
4999
4999
4153
4999
2128
2021
4974
4013
4999
4998
4999
4881
4999
3814
4999
2579
2920
4999
4999
4999
3212
3210
3856
4999
4996
4998
4998
2465
4999
4999
410
4493
4999
4999
4999
4067
450
4999
680
4773
4999
3710
2954
4999
4999
2210
4998
4031
2707
4922
4999
4999
2138
2715
3997
4999
4999
3071
4999
4999
4999
2915
3116
3240
4103
4999
130
4159
4998
4999
1637
1251
4999
4999
2711
2403
4999
2525
4901
4999
4993
2375
3982
4463
4465
4998
4998
3608
3029
2154
4079
4999
3999
2688
4999
4997
4357
4996
4999
4997
4998
453
4999
4198
3711
427
2939
4486
4682
2705
4087
3424
4999
2835
4999
4999
507
1314
4999
2500
4999
2461
4999
3288
3639
3326
4999
2254
1625
1515
3483
4999
4998
4149
4453
4944
4998
2927
4999
4999
4999
750
2909
4999
3433
2480
4105
4999
3691
2932
4793
4999
4998
3469
4174
4999
1851
1921
4999
4999
4999
4999
4438
4999
3849
4999
2742
1061
4302
4999
4997
4999
4437
2070
4999
927
4547
4999
4999
4999
3874
4998
4999
4999
3141
3659
1864
1466
3927
3265
4999
4999
4999
3930
4999
1696
3989
2495
4999
4999
4998
4999
3343
71
3136
2136
1157
3339
567
2831
3638
2358
4999
1600
3755
2425
3989
4999
4074
4951
2006
4999
3806
4999
3122
685
3530
3355
4137
163
4998
4999
1531
4964
1748
2750
4241
4999
74
4659
2242
4999
4999
4438
4999
4097
4999
4999
4106
4257
4999
4999
4999
4456
4999
3763
3398
4998
4505
2697
4240
1637
4999
2797
2230
3754
2086
3173
4999
4999
4998
4998
2011
4437
3951
1085
2212
3037
4457
4999
2989
4998
4999
4999
1065
4770
3170
4999
4694
4999
4999
1924
4999
3782
3744
4999
2071
1747
4999
4595
4999
4998
4999
3430
3946
4500
4328
4999
4999
4999
4999
4582
3900
4999
4821
3630
4999
4377
3549
1409
1507
2923
4382
3671
4999
3269
4048
4999
4999
4286
4231
4999
4999
1706
4720
4131
3799
3740
4999
3514
4999
4999
2272
2888
2493
4998
3936
4999
4238
4999
3783
4999
3995
4997
4998
3503
4999
4999
3288
4999
263
3712
4999
1092
4998
4999
4999
2037
4999
2586
3612
4879
4279
2447
3599
3213
4999
4999
4999
4534
4331
3561
4881
4999
4693
1847
4639
4999
4626
4978
4999
1706
2462
3218
4124
4999
4999
2105
2632
4999
4880
4999
3400
4999
2636
4998
4083
4999
3321
3819
4999
4999
4999
4994
3735
4999
4999
3199
3213
4782
553
4952
4822
4638
4999
4221
4999
3962
240
4358
2313
2522
4998
4771
4188
4999
3716
4483
4998
4736
4228
3313
2539
4998
3139
4999
4446
4923
1671
3596
1926
4998
4999
4999
4999
4999
2520
4998
4635
4999
3296
4999
4999
4999
4999
4999
4037
2875
4545
2658
4999
4998
4999
4999
4999
2010
4999
4999
4999
4999
4999
4999
4561
4999
4999
3003
4997
1853
3189
3896
3574
4450
2734
4999
4999
3327
3383
4999
4999
4999
4208
4999
4558
4999
4311
174
4272
4999
4999
3464
3530
4746
2313
4904
4999
3294
4998
4999
41
3596
3623
3838
4670
4063
3641
4984
4999
3608
4894
4071
3647
4999
4999
3698
2609
4999
3951
3534
4999
3139
4999
2234
1755
4595
3537
4999
3866
3282
2584
4998
3707
524
4999
394
2460
4999
2138
4999
4999
3591
2664
3319
4999
2536
2814
3344
3180
2136
1047
4999
2390
4234
2725
4999
2626
4999
4999
4999
4999
3514
778
1504
4999
306
4998
4990
1741
4999
4999
4118
4005
2470
4999
4710
4112
1673
4362
4396
4999
3146
2576
4999
4999
4998
812
4999
4999
4999
4998
4324
4722
2480
4999
3814
2652
4998
4425
4999
2143
4999
4996
4999
1263
4999
3305
643
4999
4999
4998
4999
4947
2217
4863
4189
3531
4196
4848
4485
4999
4999
1136
4726
4870
4998
3398
4882
4858
3213
4999
4999
4798
808
4998
4999
4997
242
3525
1764
3501
4593
4999
4088
1367
3362
2864
3179
4999
4999
4999
3556
4999
4998
2787
2537
4400
1064
1602
4999
4258
4690
4037
4056
3404
4999
3287
4998
3502
2357
2711
3728
3376
4999
4997
4999
2866
4233
4880
4020
4999
3969
3072
934
4999
4760
4999
4998
2610
4999
4999
3228
4999
2296
4999
3129
1338
4999
4317
4999
4835
4195
2213
1718
4620
4424
2131
4999
3111
4999
4863
1713
4999
4965
4946
3
4998
4994
3225
2958
4998
4999
1704
4999
2852
4722
844
3807
4998
4997
4999
4998
448
4473
3652
2468
4847
4999
4999
2589
4999
736
701
4998
2221
3831
3487
219
4999
4395
3391
4999
2487
4999
4705
2255
2892
3642
4999
3486
4280
3271
3707
1741
4997
4999
4786
3872
4999
4264
2284
3791
4999
4283
3557
2688
4861
4999
4377
4884
2373
4616
4485
4997
2502
4715
4999
4999
4999
4999
1774
3396
4998
4998
3770
4999
1487
4946
4279
4605
3989
2996
2264
2398
4268
4020
4999
4999
4216
4999
1939
1663
4672
3596
2967
4999
4809
4999
4999
4999
4919
4999
4433
980
4998
1127
4999
4999
4849
1901
2237
4999
4999
3556
2295
3790
4089
4577
4999
4999
4703
4999
4999
1468
4999
4292
1931
453
4998
4999
4999
1312
4998
1351
2350
4167
4999
2068
4999
1260
4999
4975
4413
3442
4999
4278
3783
4459
136
4999
4837
4486
1475
4999
4999
3316
4106
2409
4998
4782
2927
4999
4999
3068
4999
2995
1165
1843
4999
4999
3803
4999
4999
4998
155
4999
1920
4791
4653
4999
4999
3732
4999
4999
2055
4347
4999
4199
4442
4998
4999
4999
4999
4999
4998
3882
4999
3971
2818
4498
4717
3208
4999
4999
4998
4383
4999
3871
4999
4946
2625
2450
4998
4110
4999
3898
3108
2632
4999
3631
4999
4999
3829
4999
2239
4484
4999
4999
4999
4999
4682
4998
4999
3677
2139
2437
4998
4999
3282
4299
4661
4740
2383
2934
3242
4999
1516
4404
3809
4738
4339
4998
4999
4999
4979
1449
4998
4999
4396
2810
4999
3813
4999
4999
3803
3586
4998
3141
3269
4999
3391
3882
4616
2405
4999
3424
3082
4059
2275
4598
2761
4999
4999
4187
4999
3791
4999
3684
4250
3458
4523
4999
4999
2025
4999
2157
2612
4239
4999
4999
4999
4999
3216
4999
3271
4793
2792
4390
1649
4999
4999
4999
4999
4999
4383
4999
4999
4139
4999
4997
4999
3881
4667
4464
2340
1795
4999
4996
4639
4999
4999
3787
3082
2356
3716
4396
4999
4777
2892
4999
4105
1132
4999
3969
3344
3956
4960
4997
4750
4999
4999
4492
4999
4999
2817
3626
3211
4999
4328
731
4999
4996
3691
4998
2545
4998
2700
4999
4998
4999
3573
4999
1430
621
1775
3920
4999
2992
4732
4999
4182
4999
2691
3181
4999
4999
2866
4368
2750
1781
2857
4999
1128
4999
4999
4998
4217
3781
4512
4999
3130
4996
4098
2278
4998
4999
2955
3362
3336
4999
4999
4999
3510
2181
4999
2611
4998
4998
4853
3931
4999
4557
3621
3646
2567
4707
4564
4999
4760
4074
4999
2400
3026
3496
2123
4999
4999
4999
4407
4038
4010
161
4998
1685
4999
4999
4999
4020
4960
2846
4999
4998
1304
4999
1248
2373
2511
4998
3902
2630
4999
4467
4213
3937
3984
1785
4999
2963
4999
1558
3919
2930
4552
3048
4999
2508
4438
3736
4999
4998
1626
2074
4579
4997
4999
3664
866
4630
2200
4999
1136
4999
732
1278
4999
4998
4248
4625
4999
4691
2482
4847
1358
3961
4999
4999
4850
3771
4999
1563
4573
1557
4741
4999
3288
4997
4821
3520
4999
4999
4999
4998
4999
1710
4999
1955
3962
4999
2684
4998
1965
621
1561
3199
4051
4999
4018
4258
4301
4998
1100
3466
1771
1441
4999
3364
4998
1550
4955
3587
3684
1896
3311
1269
584
4999
4261
4628
4211
4232
4999
4143
4313
4999
4999
4999
2267
4563
2925
256
4998
3489
3931
4998
4688
3003
4999
4605
1499
4999
2146
4291
4996
3755
4752
4999
4999
4998
2123
4998
3395
4999
4998
4999
2831
4711
4641
4999
4710
4999
3559
1342
4996
4999
1817
4999
2484
4769
2661
4999
4612
4398
4999
4907
3251
4997
3942
4028
2703
4999
4045
4349
4999
2266
4582
4998
2349
2886
4999
4304
1170
2198
4635
4999
4999
4795
4999
4089
3066
4999
4999
4231
2997
3713
4620
4999
4665
4999
4999
4999
1825
4999
4748
4999
2053
1759
4999
2684
3482
4361
2370
4999
3735
4998
1670
3913
4999
4999
4386
2339
3486
4999
3671
2089
4959
2862
3783
2980
1235
2629
4050
4904
4988
4999
4999
4105
2278
3343
1326
3902
4999
1652
4236
3552
643
4062
4271
3341
4998
4999
4999
4999
4999
3242
4999
1561
4708
3536
4771
4999
4999
4999
4699
3537
4999
871
4999
4595
3586
4999
4999
4999
4856
3054
4999
4999
4473
4999
1323
1144
1344
4999
4826
4806
3482
4376
4998
4665
4999
3674
3010
4999
4996
2586
4999
4212
4999
3539
3755
4999
4999
4999
4605
2396
4529
4997
4806
4998
3997
1625
4999
2431
4484
4999
4999
4567
4999
2856
3434
3757
4411
4998
4999
555
1384
1985
4136
789
4998
4999
3337
4873
2123
3609
2853
4999
2353
4999
4999
4999
4999
4048
3994
4408
3519
1284
4999
4999
3396
1466
4999
3223
4608
4211
4999
2992
4999
3387
4749
4923
569
4999
4184
4999
4997
4732
4231
2061
3457
4999
3888
4999
4303
4999
2408
3442
3226
4998
4741
4999
4999
4998
4998
3828
4999
497
874
4998
1236
4999
4956
3430
2990
4996
2097
4998
4492
1529
4999
4409
4999
1975
3971
3551
4999
2992
4784
4998
4999
4999
4998
1786
4873
4999
4620
3022
3131
4768
1448
3598
4997
1729
4999
1189
4999
4059
4999
4321
4999
4385
1641
3809
4999
3242
3787
3583
2177
4999
3686
4999
4873
4998
4999
4998
3579
3274
4660
4964
4998
4999
4998
4999
4984
2272
4999
3613
4272
4998
4998
1205
3908
4999
3807
4999
4194
2324
1713
2236
3215
4361
4999
3017
4762
4998
396
4996
4999
3101
3929
4999
4999
4999
4946
4999
3505
4999
2946
4999
2492
3754
1805
3959
4999
4637
4996
4999
3232
3828
3706
3969
4997
3414
3613
4999
1161
2997
3734
4866
4768
4999
4999
4998
3705
3124
2788
951
4999
4999
4999
2733
4999
4999
4998
3363
2379
4999
4999
4608
3471
4999
3681
4997
3013
3282
4998
3269
4999
2976
4999
4112
4214
4999
1779
1718
4999
4529
4997
2492
4999
2709
2475
4999
3608
4999
4999
3464
3214
1688
4309
3885
3387
4999
4998
4285
4999
4699
4999
3513
4999
4999
4999
4999
4398
4320
2857
4999
4999
4999
4999
4384
4998
4997
4999
4999
4999
3286
1362
3116
4998
4999
2856
4999
4245
4999
3143
1792
2536
4999
4486
4999
4054
4996
1492
4998
4998
4999
4999
2737
4288
3637
4996
3358
4999
4998
3519
4999
4997
4595
4998
4865
2470
4541
4999
3908
4998
4998
3139
4999
2855
4002
4998
4998
3575
3279
1865
3557
1926
4999
4998
3648
4999
4495
4992
4999
4999
4850
3476
4999
1944
4999
3780
4996
3518
4742
2692
4998
4712
2603
4052
4998
4383
4999
4372
4999
4999
1127
4999
4490
2474
4999
4951
2852
2177
4999
4217
4998
4306
2714
3269
3158
3430
4999
3443
4265
4999
4672
4999
4999
4154
4309
4999
4999
4736
4999
2726
1630
4999
4465
4999
4999
4999
3500
4999
3190
4520
4720
4999
4999
2800
1851
4499
4999
2819
4043
3437
4999
4372
595
4999
3805
4999
2971
4998
1523
4999
4998
4980
1253
2891
3604
3811
4999
3069
3357
4828
4999
4999
4433
4999
4386
4998
4997
4999
4360
4999
1974
4055
4299
4999
4999
4971
4999
4999
4876
2219
4516
4999
2872
4999
4999
4156
4999
3859
3882
2467
2487
3459
3710
4623
4999
4999
3783
2499
1801
4999
4306
3937
1958
4999
4487
1813
1283
3103
4233
4973
4999
3080
3350
1475
4999
3247
4999
4999
4649
3114
2707
4127
775
4999
4577
3817
4967
4999
4999
3485
4873
4999
4564
3171
2586
3780
1366
4999
1726
3813
1599
4999
4939
4999
4999
2074
1726
2821
2934
2817
4999
4999
4998
4998
4999
4278
4999
161
4999
3059
4726
4925
4999
2008
4999
4999
1209
4999
2339
191
4999
4999
3340
4999
1748
4999
4881
1067
4999
970
4208
4999
4102
4999
4998
4999
4862
1666
4017
3490
4999
4998
4999
2495
4999
4015
1864
4999
3095
4999
4999
4999
1326
4639
2477
4998
4663
4269
4636
4999
4684
4010
3221
4999
3556
3809
3819
2819
4159
4386
4999
4999
4998
4154
4999
4881
2538
4998
4999
3458
1975
2670
1499
4136
1074
4874
4284
3783
4681
1328
2353
1176
4173
4999
4999
2652
4851
3919
4999
4999
3749
2070
3355
4998
2885
2507
618
1401
4577
4999
1942
4999
4999
4999
4485
3348
4998
4999
2446
4998
3503
1679
4740
4999
4999
4998
4999
2662
4163
4998
4385
3237
3768
4911
2433
1800
4183
4999
4870
4998
2276
2701
4998
4999
4999
4746
4407
4999
4686
4999
4999
4998
3845
4999
4817
4999
4999
4820
993
4999
3200
3256
4707
1797
2428
4999
4999
4999
4982
4487
4999
4999
1407
4998
4998
4999
3667
4999
3294
2934
4999
4999
2700
4999
4998
2633
3311
3492
1890
4998
3646
4354
212
4999
1773
4231
4999
4999
4999
857
4067
2781
4999
4999
3826
4999
4999
4999
3674
4999
2189
2299
3489
2935
2326
2432
2311
2675
4980
4863
4933
4997
4022
989
4593
4997
2159
4999
3168
1891
4999
3098
1848
4960
4998
4999
3137
4999
2889
4998
2032
3920
2962
3374
3058
4999
3955
4999
2098
4999
2592
3880
3782
3368
2167
4765
4577
2420
4491
4999
1166
4371
4999
2411
4193
4471
3537
4897
4402
2840
3439
2155
3108
3227
1313
4999
3156
4999
4999
4999
4999
4999
4510
4999
4999
4252
2378
4999
3522
700
4717
2450
1413
4078
4960
3940
2323
3119
3462
4999
4999
1391
345
3435
3190
3900
3494
761
3766
4406
2629
2639
4032
2528
4769
4192
4339
4167
4790
4503
1187
1549
4294
4999
3225
4999
3403
2919
4579
3441
3487
4999
3751
4999
4997
1990
4182
4244
4999
3449
1012
4004
4741
4999
399
1489
3188
1679
4999
4999
1320
3243
4999
3649
4999
2015
4163
4998
4997
3156
4636
2102
4999
4999
2220
4999
3103
4999
4999
4772
4440
3731
3679
4800
3379
1990
4998
3926
4998
4999
4999
4999
4999
3684
4999
2487
2632
4655
2859
4999
4999
3359
3962
4998
3858
4402
4999
3951
4999
2955
3580
3827
1903
4931
1757
2197
4999
3531
4999
4999
4999
4225
4012
4998
4999
4999
890
4999
4999
3814
4431
3749
4999
3950
4789
4550
4998
4218
4631
2151
2454
4999
4999
4999
4999
3902
4998
4999
4999
4998
1190
1623
4999
3728
4999
4184
3098
4998
4999
4998
768
805
4999
4967
3056
4543
3571
3345
4376
4999
1909
4846
4999
4498
2043
4921
4530
4999
4999
4739
4998
4402
4328
4999
4997
4999
1903
4999
1425
4999
4769
2385
4817
3950
3871
4279
4998
3120
2805
4999
2144
4999
4999
4998
4999
4563
1677
4999
4998
4998
4999
4226
4998
2326
4999
3152
3172
4998
3955
4037
4761
4999
4999
4999
2452
4999
4329
2584
4999
629
4088
4999
4999
4820
4999
4763
1977
4998
4999
4911
4999
4240
4999
4999
4999
4998
3800
4999
4999
578
4999
3950
2028
4999
4999
1810
4887
3110
1840
4999
4999
3102
3492
3903
4586
3273
3829
2603
4999
4841
3080
4999
4999
4543
4999
4999
2814
3951
3551
4047
4999
4999
4999
4999
1716
2903
3006
3691
4999
4999
4999
4612
4999
4941
1389
4911
3843
4999
664
3873
4999
2778
4999
4999
1230
4727
4999
4999
3279
4955
4998
3060
4999
2370
2033
1516
3251
4999
2546
2726
4999
4998
2797
4567
4968
4999
4999
4999
2930
4998
2077
1103
4999
4265
4999
4999
4999
4999
3875
2060
4999
2976
4799
4446
2012
4998
4447
4969
4997
4999
4999
3489
4999
3992
2857
4999
4999
4999
3079
4999
3755
4999
4999
4236
4999
4931
4974
4244
2840
4696
2434
3490
4998
4999
2804
3090
4998
1869
4999
4999
3818
4999
4999
1297
2816
4077
4999
4999
4999
4999
3093
1003
2502
3294
4873
4999
3811
4927
2267
4999
4998
3381
3136
917
4998
2703
3713
4238
2537
4999
4642
4077
4468
4563
723
4998
4999
3810
4413
694
2686
3487
2001
3101
3166
4999
4717
2276
4809
3275
3295
4999
4999
4999
4999
4999
4999
1965
3716
4999
4537
3012
4346
4447
4387
4068
2779
3719
1837
4999
4998
4099
1924
4999
4999
4998
4999
4999
4999
4079
4999
4999
3147
560
4998
4999
4997
4999
2321
4119
4999
4999
4934
3218
2709
2321
3461
302
4185
3049
4658
4499
4996
4999
4972
2086
3409
3969
3136
3669
3372
3888
2819
2694
481
3477
4999
4999
4197
4999
4613
4022
4999
4999
3937
3413
4999
4260
4999
4999
2638
3023
3819
420
4999
3822
4999
1827
3391
4999
3955
3438
4576
3299
4738
1273
4998
4402
4999
4329
4999
3760
3982
4942
4306
1507
1777
4999
4753
3532
4999
4880
3930
4999
1613
4999
2778
2420
4999
3141
3703
4999
