2909
4998
2558
4953
3289
256
2518
4999
708
4999
639
4999
3434
2161
4998
4998
4997
3267
4999
3897
4998
2838
2649
4764
3162
4999
4998
4999
4999
4998
4999
2479
4999
4999
4999
532
4997
3801
4351
4564
4998
4313
1970
3714
4999
4999
4999
4999
1893
4999
3962
3627
4999
4998
2938
4999
4998
4081
4999
4999
4049
4999
4999
4998
4996
4999
4998
4999
4998
3048
4999
4999
2937
3061
4999
3189
4999
4999
3280
1921
4999
4742
4249
4998
4999
3710
4999
4486
4833
4379
4997
4128
3342
4999
4999
4999
396
2972
4997
4550
4999
4787
4999
4998
2983
4999
4996
4999
3462
4997
4040
4302
4999
4999
3051
4997
4998
4999
4999
4999
4999
4999
4999
4999
4999
470
4999
3496
4999
4726
4552
4998
4999
4999
4999
4031
1905
4998
4998
4999
4999
4999
4999
4998
4997
3239
4998
4999
4999
4999
4998
4999
4999
4998
2633
4999
4933
4999
3767
4205
4999
3703
4999
4998
4997
3056
3100
4999
4999
4999
4999
3170
4994
3433
4999
4999
2220
4698
4999
3938
1663
1027
1033
3381
1853
4705
4999
2405
4999
2935
4999
4997
3584
4998
4999
4999
929
4998
4995
741
4998
4999
4997
1092
2033
4651
2663
4999
4068
4999
4999
3907
4998
4999
4999
4999
4999
4997
4995
3355
4999
4999
3209
4999
4999
4999
4999
4999
4999
4410
2899
4999
4824
4998
4997
2208
4999
4999
4999
4999
804
4999
4998
4510
4992
4997
4997
4999
4999
4353
4997
4998
4998
4996
4999
3170
3917
2587
2720
2016
4998
3678
4998
792
4999
4994
4999
4999
1093
4998
4998
2713
2174
4999
4999
4996
4999
2582
4996
4999
4854
4999
4999
2017
4782
4999
2835
4999
4490
4999
4999
4999
3125
3375
4998
4999
4999
4999
4996
2699
3774
4999
2846
4774
4076
2202
4410
4999
1010
3591
4997
4999
4998
4999
4999
4999
4999
3027
4998
3572
4999
4999
4995
4995
2195
3456
4999
4999
723
194
4297
4999
4999
4999
4998
3572
4851
4998
4999
614
4999
4999
4999
4999
2333
4999
4999
4999
3381
4999
4999
4013
4996
4999
4996
4947
4998
4999
2513
4999
4998
3865
4999
4999
2557
2760
4999
4998
4999
4011
4999
818
1655
4999
2495
2796
4999
4668
4999
4136
4998
4999
4993
4999
3432
4999
3012
4999
1337
4999
4999
1026
4992
4999
4999
4999
4999
4999
4525
4999
4999
4999
4999
4999
4999
4745
4999
4999
4995
4999
4999
4999
2158
4998
3946
4999
4999
4998
4999
4998
4999
4998
4906
4999
3369
1056
1589
3678
3340
4998
4999
4997
3190
3846
4999
4999
4999
3444
4999
1745
4362
4998
4999
2105
3018
4999
4999
4999
4999
2308
1359
4999
4998
4304
4999
4999
4779
4999
4999
4999
3161
3920
3100
4999
3804
4998
2209
4998
4998
4999
4999
4996
3003
4998
4442
1926
3057
4999
4999
4871
4999
4999
4999
4495
4896
4999
4999
4999
3268
3870
4999
4074
1597
4819
4999
4315
2900
4998
4998
4999
4998
4453
3131
4998
4999
3179
4993
4999
4990
4999
4999
1197
2540
4997
2584
4264
3308
4995
4996
2615
3581
4999
2789
4999
3723
4999
4875
4999
4999
3135
4934
4999
4999
4999
4998
4278
4996
4999
4207
1532
3810
4886
4998
4998
4999
4999
4997
4999
4997
4997
4999
4999
2228
4021
2450
4830
3294
4998
4999
4999
4999
4999
4999
4998
4351
4999
4999
4998
3153
4995
3709
4126
4999
4998
4999
4999
4997
4998
2766
3534
4998
3234
4830
4999
4999
4999
4995
4998
4999
4999
2086
4069
4999
4999
4998
4999
4308
4998
3580
4999
4995
4663
4998
2796
4110
3766
3692
2100
4606
4150
4997
4998
4782
2891
4999
4998
4998
4999
1466
2856
4997
4999
4999
3949
4999
4806
4999
2171
4998
4999
2312
4999
4143
2119
4765
609
4999
4999
2900
4999
4999
4997
4999
4998
4999
1767
4999
4999
570
4999
4999
4999
4659
4997
4999
1563
4999
4658
4999
4999
4999
4999
4743
3864
4858
2190
4999
3703
3388
2903
3953
4998
4029
3467
3421
4353
4999
3463
3753
3446
3314
4999
4999
4496
4204
4999
4999
4999
4999
3747
4999
2916
4999
4998
4999
3970
4999
4999
4999
4999
4999
4999
3444
4996
4999
4370
3584
4999
4798
4999
4999
4443
2899
1883
4999
3859
4956
4999
4999
4999
4999
4999
4998
4999
4999
4999
3439
4998
2273
2211
4995
4997
4996
4999
1615
4998
4999
4999
3434
4998
4999
4999
4999
4790
1732
4999
4999
4999
4999
4386
4999
4999
4999
3249
4999
4999
4999
4527
4154
3482
4999
4998
3989
4997
2581
4999
4996
4999
4999
4998
4999
4314
4999
3663
4811
4998
2678
4997
4999
4545
4999
4998
4335
1771
4649
4998
4998
967
4998
3434
4999
4400
2987
4999
4369
4519
4999
4999
4998
4012
4997
4997
4286
2587
4999
4486
4999
4999
1079
4999
2424
2558
4998
3075
4164
4998
4659
1515
4999
4999
4999
4999
4999
4378
3668
4997
4423
1168
4997
4998
4998
4999
4854
4997
4997
4499
4790
4997
4999
4999
4998
4999
4999
2218
4996
4552
1839
4999
2181
4421
4999
4999
4999
4999
4999
4999
3655
4999
2489
3615
4999
3265
3485
4998
3233
4998
4999
4998
4999
4999
4999
3607
3040
4997
4998
4744
4998
3035
1466
4720
4999
4999
4081
4999
4999
4000
4998
4999
3038
4999
3265
4999
4951
4998
4998
4998
4998
4999
4996
3897
4997
3805
3676
4957
4999
4998
3183
4999
4997
4999
2942
4999
3340
4033
4996
4999
4999
3311
4999
4998
4999
2024
4997
4382
3271
2857
4999
4998
4033
3954
4997
4998
2767
3030
3238
4999
4998
4998
4999
4435
4999
3457
4997
4997
4999
4999
4998
4999
495
4999
4069
4995
4999
4996
4999
4999
4997
4999
4998
4999
4996
4998
4999
3930
4999
4999
3663
4999
3120
1893
4384
4999
4999
4998
4999
1766
4999
4999
4999
3420
4999
4999
4999
4999
1221
367
4999
4999
2077
4507
382
4998
4999
4998
4998
4999
4996
4815
4999
4999
2433
4998
4999
4914
3527
4999
4999
4998
4999
4934
4999
4466
4134
4999
4999
4999
1346
2703
4999
4999
1473
4999
2318
4023
3751
4999
4999
2480
4999
4999
4999
1118
2591
4999
4999
4997
4507
4998
4997
4720
2988
4999
2196
4999
4999
1211
4999
4998
4632
4829
1970
4998
4999
4999
3922
4999
3638
4113
4999
4998
4882
4999
4998
2571
4999
4999
4997
1574
4999
4998
3454
1945
3515
3572
2938
4999
4998
4999
4999
4999
1934
3983
4999
4998
4997
1822
3687
4997
4999
4343
2703
3522
1233
3733
2438
4999
4999
4999
4999
4997
4679
4999
4999
4997
4998
4432
4999
4999
4998
4999
4997
4585
1468
4999
2928
2027
4999
4998
4999
4998
4996
4994
4999
4999
4999
2730
4223
4999
1933
4998
3979
3894
4993
3421
4999
3450
4997
4995
4999
4999
4999
4999
4999
3689
3342
4999
4623
2070
4989
4999
4999
4173
4999
4998
2559
4999
4998
4999
4973
4997
4999
4997
2161
4998
4998
4999
4997
4998
4998
4999
3223
2142
4998
4999
4996
4176
4999
2116
4998
3718
2507
4961
4999
3624
2953
4999
4999
555
4999
4999
4999
4442
4056
3924
4688
4999
1548
4999
4999
4353
4134
4999
4998
4999
4999
4001
2627
1589
4996
4999
2044
4999
4999
4999
2351
3492
2418
4999
3575
4998
2501
4005
4999
2556
1709
3703
4999
4998
4999
4999
4999
4997
4954
4069
4999
4997
1026
4999
4999
4563
4999
4998
4997
4999
4597
780
4334
4999
4164
4999
4999
3695
3781
4999
3957
4999
4999
4994
1713
4396
2699
4999
4109
4999
4408
3587
4999
4998
4999
4999
3311
797
3656
4995
4998
4998
4865
4999
4651
4919
4398
4580
4418
4999
2646
4998
3003
4995
4998
4998
4999
4998
4999
4070
4998
4999
4997
4993
4997
3589
4020
4999
4999
4999
3158
4068
4507
4999
4997
2317
3705
4994
4999
4999
4998
4847
4998
4999
4949
4999
4999
4999
4999
4998
4999
2493
2951
4999
4999
4998
4998
4620
3349
2595
1958
4999
4999
2359
2795
2582
4552
4999
3985
4698
3718
1614
4999
4999
4998
4999
4999
4999
522
4999
3668
4999
4999
4998
4999
3749
4999
4999
4999
3100
2934
4369
4998
4999
4999
4509
4999
2843
4999
4313
2676
3045
2759
4143
4999
1651
3135
4999
4999
4891
4999
2632
4997
2033
3334
4999
4371
4999
4999
4998
3297
4999
2509
4996
2349
4999
4999
4999
2665
3565
2125
1030
3853
4999
3491
1325
4999
4999
3741
3626
2433
4999
4660
3989
4998
4996
4998
1385
1182
4999
4451
4999
4903
4999
4999
2912
4999
2328
4999
4999
4996
379
4998
2119
3751
4288
4999
2075
4999
4997
4999
4455
4862
4998
4998
1515
3566
4164
4998
4999
4999
3049
4999
4999
4999
4999
4999
3502
4999
2720
4996
2992
4999
3957
4134
3718
4999
4999
4998
4999
4999
4393
4999
3836
4654
2680
4999
4698
4999
2447
4995
1524
2995
4521
4998
4998
4999
4999
4993
4999
4999
2151
4999
3895
4995
4999
4999
2374
4999
4998
2838
3785
4999
4999
4999
4999
2731
4998
4999
1561
4999
3802
4999
4122
4999
4996
2017
1955
4994
4999
4999
4999
4999
2958
4999
3422
3204
3134
4999
3414
4999
4999
3906
568
1297
4999
4999
3818
4999
2863
4999
4323
3000
4999
4999
1385
975
4160
3767
4999
1777
4253
4999
4999
2631
4247
4999
4999
4404
4464
1962
3258
2480
4999
3687
4999
3865
4999
4999
4999
2927
4999
4999
4999
4999
4999
4998
4999
2321
4998
4812
4999
2907
4999
4995
2026
4999
4914
4996
4997
4999
3184
4999
4999
4997
4999
2863
3232
4998
3738
4999
3572
4999
3761
4999
4999
2544
2810
4998
4999
4999
4999
4999
1269
4998
2681
2007
4999
4999
4999
4999
4999
4999
3757
4999
4999
2057
4997
4999
4999
4919
1436
4999
4998
2571
4996
4999
4999
4999
4999
4998
3075
4999
4999
4997
4999
2638
4998
4712
2223
4999
2425
4672
4999
2729
4999
4999
4266
4998
4995
4007
4999
4999
3470
3518
4999
4999
4999
4999
2576
4999
3717
4998
4999
4999
3357
4999
4999
4999
4998
4997
4999
4999
4095
3014
4997
4999
4998
3951
4371
3167
2983
625
4999
4999
3562
4998
4157
1767
4999
4745
3327
3741
4997
4993
4807
4020
4999
334
3478
4999
4868
3402
4997
4996
3101
4758
2226
4659
4999
564
4999
3556
4999
4998
4999
4999
4995
2559
4999
2866
3192
4999
3421
4999
4999
4997
4997
4999
4999
4995
4999
4997
3801
4999
4997
4999
3444
4532
4999
4999
4999
4999
4999
4999
4999
3050
4997
3120
2558
4496
4999
4999
4998
4999
4999
2148
1764
4999
4886
4998
2571
4263
3574
3285
4996
4999
4999
4999
4988
4005
4999
4999
4999
2290
4418
4999
4996
3927
4998
4999
4318
4017
4999
4998
4999
4999
4999
3744
4999
4999
4041
4999
4999
4923
2953
4501
4999
4718
4999
4999
2648
4850
4999
4607
4999
4998
1799
4999
4999
4999
4998
4999
3519
2962
4999
4998
2700
4999
4999
4999
4751
4998
4996
4198
4996
4021
4999
4997
4999
4999
4999
4277
4999
4300
4999
4999
2579
4997
2066
4998
4999
2164
3368
4997
4998
4999
4999
4997
4999
4999
4996
2811
1950
3847
3451
4999
4998
4999
738
4999
965
3114
4999
4999
3374
2692
4999
4999
4998
4999
4999
3182
4999
4998
4243
4300
4999
4999
4999
4999
1004
4999
4487
2352
4995
4998
4033
4997
4999
579
4999
4999
4219
3922
4999
4742
1508
4999
2093
1864
4999
4698
4079
4999
4999
3739
3294
4996
4999
4806
4733
4998
4999
4999
4999
4999
4999
1416
3452
4999
4343
4999
4998
4998
4998
4998
4999
4999
4999
4999
4136
4999
2727
4998
4998
4999
2305
4998
1419
4063
4585
4998
4999
4999
4998
4999
4999
4997
4999
3773
2421
4999
4999
1977
4998
3922
4998
2810
2561
4998
4999
2912
4999
4998
4999
3794
4995
4998
4999
4009
3995
4105
3125
4998
4998
4999
4998
4997
4999
4998
4882
3413
4999
4998
4832
4374
4999
4999
4069
4998
4999
4201
513
4999
4998
2166
4999
4999
4996
4999
4998
4528
3072
4999
4936
3958
4999
4998
4999
4840
4996
4998
4999
4998
3863
3929
4999
4999
4999
4998
4999
4999
4999
4999
2794
4999
3289
714
3585
4998
4997
4999
4999
2906
4999
3525
4998
4775
3370
4999
4999
4999
4999
4999
4999
3476
4997
2102
4999
3213
4999
4220
4999
4999
4999
4998
4998
4999
2875
4999
4998
4934
4999
4721
4998
4999
1900
4999
4997
4999
3910
4998
4999
4999
4903
4999
4620
4999
4999
4999
4999
3907
4999
4999
4999
4798
4999
1154
3089
4999
4999
4999
4999
3985
2865
4439
4564
4999
4999
2236
3710
4996
4998
4999
3829
4992
4999
4999
4999
4999
4999
4999
2813
4999
2223
4999
4998
3334
4999
4864
4998
4999
3641
3451
4999
4959
4999
1689
2383
4999
2772
4999
4999
3912
3910
4999
4996
4122
4997
4999
4220
4998
4999
3739
4999
4781
4999
4999
2952
4999
4999
3693
4005
4917
1549
4442
4999
4999
4999
4478
4999
4044
931
4999
4999
4996
4999
4143
3482
4917
4999
3367
2695
4999
4468
2796
4999
4999
4998
4999
4202
4352
3773
2191
4999
4999
4999
3014
3528
4478
3749
4479
1174
4016
3435
4999
4999
3473
3459
3433
4999
4975
4999
4998
3836
4997
1337
2855
4999
4999
4999
1818
4999
4996
4998
4999
4994
4999
4999
4999
4994
4999
4998
4999
3096
4999
4998
4996
3364
4230
4996
4997
4958
4999
4998
3969
4998
4998
4999
2503
4999
2962
2817
2189
4998
4999
4097
4999
2725
3749
4998
3905
4999
4999
4999
4999
1990
4999
4998
4999
4298
4998
2571
3192
4999
2068
1574
4999
2919
4998
4999
4997
4999
4999
3048
3751
4997
4998
4998
4999
4999
4576
4293
3534
3860
4544
3689
4999
4999
4999
4110
4999
4998
3246
4999
4999
4997
4999
2713
2015
4999
4999
3243
4164
4436
2995
2576
4999
4480
4999
4998
4995
4999
4999
4999
2180
2625
4583
4999
3929
3271
4999
4998
4998
1430
4999
4998
4999
3615
2615
4997
1515
4999
4998
3962
4999
4998
4999
4078
4998
2710
3113
4122
4999
4999
4999
4999
4999
4999
4997
4999
4152
2205
4996
4940
4997
3715
4999
4998
4721
4999
4999
404
4039
4998
3780
4999
4999
1666
1911
4128
4998
4999
3638
4074
4999
4999
4994
4576
4273
4234
4999
4438
4999
4999
4999
2852
4782
4999
4998
4078
4999
4999
4999
4937
2071
3038
3707
4999
4999
4923
4999
3989
3771
4999
4999
4997
1496
4999
4997
1539
4996
2414
4165
4999
1332
2573
4999
4100
4422
4999
4996
4998
4999
4998
4998
4999
4996
4192
3699
4999
4999
3217
4998
1601
4998
4997
3600
4444
4999
4999
4999
4802
4995
4995
4998
1135
3246
2647
1508
4999
4307
4999
4998
4659
4999
3731
4999
1496
373
1324
4998
4563
4999
4995
4997
4627
3576
4999
4999
4040
4147
4999
4999
4999
4998
2798
4633
2987
4948
4999
4999
4998
4999
4999
4999
4999
1539
4996
2427
4998
4998
4999
4520
3409
4999
4949
4777
2305
903
4998
4999
4999
4999
4999
4999
4998
4999
4999
4998
1828
4999
4999
4999
4999
4999
4666
4998
4999
4999
4999
4999
4999
4999
4409
4989
3919
4999
4999
4995
4999
4999
4997
1657
2789
4998
4999
4999
4998
2193
4999
4998
2969
2960
4474
4997
4999
4999
4997
4999
2331
4905
3938
1658
4812
4999
4999
4999
4999
4686
4999
4998
4994
899
4999
4999
3826
4999
4999
1210
4999
4999
4606
4999
4999
4307
2811
4391
4998
4999
4999
3112
4041
4999
1739
2409
1307
4370
4999
4999
4999
2613
4998
3134
4999
4998
4998
4999
3743
2942
4999
4998
4999
4999
3502
4953
3403
4996
3306
4999
4999
4999
4994
4999
4999
4999
4999
4999
4999
1315
1141
4614
4999
4999
4999
4998
4999
4998
3877
3052
4999
2223
4999
4999
4919
2648
4999
4998
3309
1245
4998
4999
4999
4999
4999
4997
2359
4058
4999
4999
3009
4999
4999
4998
4999
4999
4996
4996
3847
4478
4998
4999
3607
3446
4999
2861
4999
4998
4998
4999
2738
4404
4826
149
4998
772
4999
2701
1522
1929
2494
4999
4999
4999
4999
4999
4405
4999
4766
4999
4999
4999
4999
4999
3546
4999
4999
3147
4999
4999
4462
1742
4999
4683
4999
4724
4999
4999
4999
1039
3592
4936
1986
4063
3928
4353
983
4343
2144
4997
4994
4998
2930
4999
4998
4999
4999
2688
4999
4999
4999
4998
4994
2273
4998
4999
1400
4020
3965
4999
2632
4999
2499
4999
4999
3118
4998
4999
4999
4999
4998
4999
4999
2132
4998
4236
4999
2746
4999
2308
4999
4999
3797
4031
4999
4999
4999
4999
4999
4999
4999
4998
4456
4046
4998
4998
4315
4452
3502
4999
2608
4999
4999
4998
4999
4997
1902
1875
4996
4999
4744
4999
4999
4999
1776
4840
3140
3203
4999
2930
4999
3600
4998
4997
2576
4999
4999
4999
4999
4999
4999
4999
3499
4333
3660
2534
4999
4999
4999
4999
3525
4525
4998
4999
4996
4998
4996
4999
4530
4997
3228
4998
4999
4672
4999
4397
4348
2669
4999
3289
4999
4998
4999
4999
4998
2681
4999
4999
3585
4996
4999
3649
4999
3595
4964
4999
4998
4999
4997
4999
4996
4999
653
4999
4486
4998
2231
3204
4997
2487
4998
4356
4999
4999
4999
4999
4393
4998
3781
452
3018
4999
2647
4941
4999
3663
4999
4997
4371
4999
4999
4999
4998
4998
3930
3174
4999
4259
4999
4999
1645
3967
724
4998
4999
2566
4999
4999
2782
1037
3807
4999
2506
2225
4666
4999
4998
4999
2438
3451
3096
4999
4999
4063
4672
4223
4329
4021
2935
4999
3278
4998
4997
4998
3714
4323
4999
4998
4999
4029
3921
4468
4998
4999
3853
4999
4998
1596
3532
4647
2148
4997
4999
3655
4999
4999
4138
4998
4999
4849
4999
4999
2826
4426
4675
2561
4998
4997
4999
4999
4998
1648
4999
4999
3534
4999
4999
4999
4999
4464
4999
1210
540
3470
4849
4298
2934
4994
4999
4997
3905
4997
4999
4999
4995
4999
1772
4999
4999
3703
4999
4999
4999
4999
4999
4771
2813
4999
4999
4999
4999
4999
4999
4999
4998
4999
4999
4998
4999
4529
4998
4999
4999
1957
4999
4809
4999
4545
2075
4999
4999
4999
3030
2157
4743
4999
4999
4999
4999
4998
4998
4999
4999
4466
4999
3209
4999
3462
4353
4057
4604
3025
3221
4998
3646
4997
4998
2562
4999
4999
4023
4999
4961
4999
4999
4999
4997
4113
4998
2647
4997
4998
4999
4998
4999
3243
4999
4999
4999
2099
4999
4999
4039
975
4996
2116
4999
4999
4999
4999
4795
4704
2196
4999
4999
4999
4999
4999
2110
4999
4947
4999
4286
2479
4999
875
4999
4999
4999
4303
4999
3355
4999
4998
3433
4997
4997
4999
4999
4189
3811
4998
3166
4122
3695
4999
4999
3863
4999
4999
4999
4999
4822
4999
4998
4657
4998
4999
4898
3136
3200
4999
4369
4257
3519
1728
4964
2662
3997
4999
4480
2664
2633
2958
4999
4053
3818
4999
4999
1958
3357
4998
4997
4999
4997
4999
556
4999
4999
1399
3742
3428
4999
3451
4999
4999
4998
3606
4666
4999
4999
4998
2768
4996
4802
4999
4999
4999
4999
4999
4998
4999
4999
4999
2996
4267
4325
4998
4998
4998
4996
4999
2838
4999
4999
4999
2308
4999
4999
3544
4999
4040
4998
4999
4998
4282
4999
4786
4998
2927
4999
4999
4999
1571
4999
4999
4999
4999
4998
3117
4998
4999
4999
4999
4740
4999
4998
4999
1487
4999
4999
4337
4998
4397
4066
3660
4881
4998
2652
1476
1546
4998
4999
4999
4999
4999
4998
3357
2469
4765
4519
1975
4998
2171
4801
4998
4999
4999
4208
4999
4999
4999
2482
4999
4998
4421
1818
4999
4999
4999
4999
4999
3498
3672
4999
4999
4455
3693
3307
4083
4999
4999
4999
4999
2681
4996
2416
4999
4071
2320
4999
4227
4811
4999
4998
2509
4734
4999
4996
3490
4999
2652
4999
4999
4999
4348
4999
4998
4997
4998
4999
4999
4999
4431
4998
4995
4999
4739
3995
4999
4998
2499
4998
4999
4766
4992
4999
4999
4999
4996
4998
4999
4998
4445
4999
3731
3026
4992
4992
4999
4997
3032
4999
3294
1899
3191
4999
4999
4999
4252
3641
4999
4999
4999
4995
4110
4998
4386
4527
4998
4999
4998
4999
4576
4999
4999
2017
1253
4809
4998
3184
4999
198
4999
4999
4999
3907
4999
4999
4999
4997
4995
4999
4999
2290
4999
4999
777
4998
4999
3048
1087
4999
4999
2228
4998
4999
4715
4999
4999
2484
3661
2025
4999
4529
4999
4999
4999
4999
4999
2934
4999
4999
3708
3180
4999
4998
4999
4576
4994
4475
4999
4999
2768
3908
4999
4999
4028
4423
4999
3668
4997
4999
2503
4992
3403
1921
4999
4999
4999
1079
4999
4998
4999
2820
4919
4999
2206
4996
4156
3596
4995
4998
4999
4909
4068
4352
4999
4999
1682
4999
4999
4999
4999
4999
4733
4999
4997
4997
3779
4998
4152
4999
2613
4136
3912
3644
3332
4998
4266
529
4333
4137
4999
4998
4999
4998
4766
4998
4996
2287
3413
4999
4999
4999
4101
4997
4999
3903
4204
3630
4474
2905
2720
4999
3157
4961
4112
2097
4998
4998
4999
2027
3491
4999
2358
2778
1954
4998
4999
4999
4997
4999
4999
4997
855
4999
1764
4998
3314
4998
4997
2479
4999
4712
4999
3117
4999
4996
4766
2404
4999
4995
4997
2861
4999
4999
2855
4999
4999
3950
4267
1921
3747
4998
4621
2105
3451
909
3910
4999
4999
4998
3629
4999
2556
4998
1281
4999
2638
4999
4337
3754
4997
1935
4687
4999
4999
4472
4002
4999
4999
4999
4999
2190
4895
4033
3596
3462
4999
4535
4718
4999
4998
1933
4999
4999
4999
4998
3865
4999
969
4999
4999
4998
3392
4873
4999
4412
4432
4999
3797
3239
4999
4999
3974
4998
4263
4999
4653
4999
4998
4999
2831
3123
4990
4999
3341
4999
4999
4998
4999
4999
4998
4999
4998
4999
4996
4999
3847
1222
4999
4999
3292
4999
1980
4999
4521
4998
4999
4999
4741
4704
2314
3952
4999
4999
4999
983
4994
1692
3871
4999
4995
298
4999
4999
4999
4999
4266
3078
4997
3600
4999
4999
4687
1326
4999
4999
3965
2763
2095
4999
4996
4999
4998
4685
4999
4953
4997
4999
4999
1754
4999
3563
4999
4999
4999
3243
3345
4881
4999
947
4042
4999
4999
4999
846
4999
2400
4519
4999
4999
3267
4998
4487
4999
1433
2456
4997
4125
4999
4999
2567
4999
4994
4999
4999
4999
4999
3048
3242
1559
4999
4999
4999
4200
3655
4999
1541
4998
4998
2332
249
4988
4999
4999
3918
4999
4998
4999
4999
4999
4999
4999
4999
2187
4999
4999
4999
4479
4999
4999
4999
4999
4626
325
4996
1696
4999
4999
4999
4999
3632
4999
4784
3580
4480
3922
4999
4999
2439
4998
2648
4999
4995
4999
941
4999
4999
4999
4998
3411
4999
4997
3967
4999
2642
4990
4999
4996
2392
2174
835
4999
4949
4998
3191
4999
4600
3101
1373
4998
4998
4999
2772
4464
1757
3641
4999
2378
4229
4999
1269
4831
4442
2541
1696
4998
4473
1754
4997
4999
4480
1943
2578
3985
3489
4996
4999
4999
4996
4999
3797
4999
4999
4999
1312
4829
4998
4621
4999
4999
4998
4999
3913
4999
4688
4999
4583
4996
4999
4999
4998
4999
4746
4998
4999
4998
3439
4330
4999
4998
1343
4999
4999
4998
3660
1105
3721
4998
4999
4585
4999
4471
4997
4999
4999
4999
4999
4999
4998
4999
4999
4949
4999
4999
4999
4999
4999
4998
4999
4999
4999
4404
4998
4999
4909
3431
4999
4996
4973
4999
4998
4998
4999
4998
4997
3535
4999
3842
4007
4999
3361
4999
4536
4507
4999
4998
4999
4999
3473
4998
4999
4999
4999
2311
4997
2697
1928
4998
4023
2017
4999
4999
3802
4242
4999
4999
4999
4901
4999
4507
4999
3632
2633
4836
4999
4374
4999
4999
4999
1566
545
4999
4997
4999
4998
4999
2041
4097
4999
4696
4996
4999
4999
4999
4999
4999
4473
1952
4999
4999
1318
4999
4998
4999
4997
1968
4999
4510
3473
4999
4999
2883
4999
905
4999
4998
4998
4997
3765
4999
1133
4999
4999
4998
4999
4999
4999
4999
4997
4999
3038
4997
4999
4999
4999
4614
1401
4999
4864
4998
4999
4999
4998
4999
4999
4998
4999
4009
4998
1650
4999
4994
3360
3276
4999
3117
2143
4999
4999
986
4999
4997
4999
4998
2953
4999
4999
4997
4998
2840
3352
4999
4999
4992
718
1232
4493
234
4999
2104
4342
4999
3384
4999
4999
4998
4999
4998
3429
3162
4999
4999
4999
2560
4999
4998
3829
4994
4999
4998
1636
2086
4201
4996
4999
4999
4999
4391
3046
3976
4998
4999
4999
4999
4999
4999
3983
1256
4999
1104
3346
4999
4999
4999
4999
1239
2119
3745
4998
4999
4999
4999
578
4973
4435
2237
4999
4957
4998
4998
4343
4632
3695
4998
4998
4999
4999
4552
4999
4868
4999
1683
4999
3567
3931
4999
4999
2133
4998
4932
4999
4999
2843
4999
4996
2610
4999
1749
4546
3931
4134
4999
4998
4999
4999
4998
4995
4998
4998
4999
4999
4509
4999
3116
3175
4712
4998
3616
4998
1454
4164
4651
4702
4999
2320
4999
4999
2642
4741
4999
4999
1673
3494
4998
4999
4703
1471
1018
4818
2275
3229
2693
2855
3519
4998
4998
4685
4429
1064
3276
4999
4999
1068
4999
4999
4996
4999
4536
3133
4999
4998
1698
4998
4999
1644
4125
3482
4687
4999
4998
4999
4996
4997
2075
2392
2743
1436
4998
2935
3640
4998
3432
4999
3463
4999
4180
4998
979
4999
4480
4999
4998
3739
3457
4999
4999
4999
4999
4069
4999
4959
2829
4999
4999
4017
2418
4999
3730
663
4999
1359
4997
3770
4998
4997
4276
3506
4999
4999
4997
4999
4999
3733
4999
4020
4532
2048
4999
4999
4999
4998
4999
4999
4999
4999
4999
4951
4157
4999
4999
4999
2559
4998
4273
3687
4999
4026
4999
1404
4997
4893
4999
4782
4396
4999
4999
4999
4998
4997
4998
4997
4999
4999
2352
4998
4999
4999
3095
4540
4999
3135
4999
4999
4379
2774
1491
2935
4997
4999
4999
4896
1072
2775
4999
2132
4998
4999
3882
4999
687
4999
4998
2529
4649
4203
4998
4996
4196
481
3535
4999
4377
4999
4999
3769
4999
3438
4999
4999
1580
4315
4997
4999
4999
4999
4999
4999
2624
4999
3201
3818
4998
4014
3233
4999
2582
4999
4638
4220
4999
4999
4999
3636
2051
2898
4998
4998
1839
3015
4997
2926
4999
4891
3985
4997
4999
4997
4720
4225
4999
4999
4999
647
1141
4999
3695
4999
4999
4999
409
1277
3707
1713
4999
4999
3985
2553
2011
4717
4999
4998
824
3776
4998
4516
4999
4999
1471
2919
4999
4999
4999
2258
4445
3302
2476
4999
4621
4999
4999
4999
4999
4999
4999
4999
2963
4999
4934
4999
4999
4998
4836
4999
4998
4999
1476
4998
4997
4771
4999
4999
4999
3096
4999
4999
4999
3911
4999
4999
1640
4998
3451
4401
4997
4724
4580
1690
4999
4999
4999
4999
4528
4998
2245
4555
4999
4999
4995
4997
4795
4999
4999
4999
4999
4998
4999
3018
2976
4999
4329
4999
4999
4999
1939
4596
4999
4999
4996
3630
4999
4996
4999
3863
4999
4999
4851
4526
4997
1587
4747
4999
4999
3910
4999
4999
4999
2320
4061
4999
4999
4999
4826
1380
4997
4998
4999
2621
447
4998
4999
4998
4999
4582
4998
4998
1895
4999
1843
2777
4840
4999
4999
4999
2170
2068
4999
697
4717
4998
2926
4995
4996
4445
4998
4999
4998
4998
4999
4998
4996
4999
4854
4999
4999
1530
4999
4999
4999
3686
4427
1808
3102
4997
4995
3638
4999
4999
3900
2577
3018
4999
4999
4997
4999
4037
4999
4997
4997
4999
4999
2422
4999
4035
4998
4445
4998
4344
4995
4999
3051
4580
4999
4999
4168
4999
1046
4999
2627
3492
4996
4999
3751
2099
4999
4973
4999
4999
4999
4999
4999
2221
4999
4396
4997
3209
3346
4999
445
4998
1515
4999
398
4997
4998
4408
4999
4999
4999
4999
4999
4999
4999
4999
1219
4997
4999
4995
4999
4999
4997
4999
4997
4999
4999
4366
4997
4774
4999
2953
4999
4999
4999
4999
4999
995
2117
3292
23
4999
4999
1960
4999
4999
4999
4999
3492
4999
4999
4999
4998
4999
4995
2445
4999
4999
4998
2768
4999
1390
4997
3372
4999
4999
4999
986
4996
4999
4999
465
4999
2427
3767
4999
4998
4996
4998
4999
4999
2839
4995
4660
4999
2933
4027
4997
4998
4999
4662
4998
4998
4812
4998
4999
4997
4999
4998
4999
3567
4999
4999
4997
1905
4999
4996
4482
4283
4464
4999
4997
4998
4999
4999
3778
4927
4993
2429
4296
4998
4999
4229
4998
4999
4999
4999
4998
1546
3249
4999
4998
2100
4996
3352
4998
4999
4011
4998
3866
4999
4903
2746
4999
4867
4683
4999
4999
4999
4996
4998
1952
4999
4999
4999
4999
4999
4999
4999
3718
4999
4999
3595
4998
4997
3480
4994
4315
4998
4999
4998
4999
4999
2469
4998
4999
4999
4940
4999
4999
4997
4999
4313
4999
4999
4998
2148
2748
3262
4570
4994
4221
2923
4201
4999
4703
2195
4997
4805
4999
4374
4533
4999
4214
4999
2993
4999
4999
4999
4997
4999
4999
4746
2659
2699
4999
4999
4999
4999
4996
4999
4999
4999
3332
2083
4998
4385
3357
4999
3386
4999
4999
4999
4999
2925
4999
3228
4998
4996
4999
4758
4998
3924
4997
3963
534
4999
4999
4999
4999
4999
3136
4997
4999
4997
3011
4999
4999
2553
4999
4682
4999
4998
2682
4999
3957
4999
4998
4999
4999
4031
4999
4999
4996
1839
4997
3060
4999
4999
4999
3451
4999
3130
4999
4999
775
4999
3189
4997
4999
3507
2421
1008
3889
4999
2436
4999
4999
4940
4997
4998
4999
4998
2631
2864
2755
3812
4830
4998
3761
4999
4259
4998
4998
2077
4147
4999
4999
4998
3482
4999
4998
4997
4998
4999
4999
2445
4532
4998
4998
4998
4999
2925
4998
2884
