21 6
21 6
292 5
648 7
109 4
849 10
21 4
753 5
648 6
77 12
849 10
925 4
450 10
664 0
925 7
792 6
145 1
637 2
380 12
450 9
1000 5
109 5
109 7
924 6
482 3
21 7
421 5
28 5
265 2
21 4
380 11
648 7
925 7
154 4
28 5
925 5
925 7
173 8
450 10
551 1
753 5
21 7
748 4
849 10
637 3
21 8
21 5
450 10
664 5
925 6
648 7
450 10
925 7
931 5
21 11
648 9
1000 4
380 5
22 4
326 3
670 2
21 11
241 3
1000 9
482 4
380 3
670 5
21 6
925 7
274 5
485 1
154 5
450 4
109 5
849 10
421 4
109 7
450 9
670 3
326 6
938 7
925 3
21 2
648 6
792 5
109 5
21 7
21 7
22 5
648 11
450 9
109 7
22 10
109 7
109 11
292 3
343 0
21 7
616 2
664 6
648 6
109 7
459 14
792 6
842 12
605 8
664 6
792 6
792 6
421 5
348 2
380 5
109 7
925 3
21 11
120 13
1000 6
109 11
670 8
925 5
792 5
664 11
849 10
670 5
616 3
925 7
459 4
670 4
456 4
109 6
621 3
925 6
21 9
792 12
420 2
648 7
21 8
22 3
670 5
925 7
167 11
792 6
421 6
925 10
173 8
21 11
849 3
22 10
421 6
648 7
925 7
487 8
421 5
732 3
664 4
925 4
648 6
21 7
842 2
608 4
21 3
499 3
648 11
925 6
5 8
120 5
21 6
109 7
5 5
648 7
753 5
664 6
421 6
863 2
818 2
290 2
5 5
456 11
925 7
154 4
178 5
621 1
109 4
77 6
77 4
485 3
109 7
120 11
925 7
450 9
818 4
863 3
173 9
421 10
621 6
925 7
849 10
109 7
597 0
863 4
109 7
450 6
450 7
925 6
925 7
925 7
925 6
21 11
670 9
22 3
487 1
380 4
154 4
925 9
664 5
849 8
21 7
925 7
748 1
865 9
605 10
670 4
450 7
670 0
28 4
637 12
274 8
109 5
1000 6
77 4
670 5
648 10
109 7
21 11
925 11
77 12
421 6
120 5
77 5
173 7
77 10
154 5
621 4
450 10
583 0
710 0
648 6
109 7
5 10
380 8
792 5
925 7
499 4
109 7
220 4
925 5
21 6
1000 6
849 10
450 8
421 6
21 6
178 10
1000 6
450 9
486 4
1000 9
925 7
648 8
192 4
1000 7
21 6
279 2
818 2
849 9
792 6
792 6
1000 6
450 9
450 10
925 6
380 13
925 7
21 6
648 7
109 7
648 7
109 7
608 5
256 3
109 5
421 6
648 7
201 3
1000 12
21 6
203 1
605 6
605 5
792 6
21 6
792 2
670 6
792 6
415 0
450 10
421 6
925 7
664 9
1000 6
710 11
485 12
605 0
380 5
109 7
605 3
944 2
21 6
21 8
22 3
925 11
380 5
925 6
925 6
648 2
21 11
109 6
418 11
450 9
192 3
583 5
689 3
863 4
256 13
109 7
421 11
22 10
475 4
21 7
77 6
925 7
21 5
925 5
109 6
21 7
925 6
77 6
21 7
21 6
21 6
21 10
925 0
450 7
583 4
450 9
77 2
21 7
426 1
450 10
21 6
421 6
670 4
450 10
925 6
154 10
849 8
648 11
710 3
21 8
120 5
1000 6
648 10
77 6
493 1
664 6
475 4
925 7
849 10
456 13
925 5
178 5
21 7
1000 6
450 9
450 10
192 4
664 3
648 9
21 7
792 1
178 13
274 5
648 6
648 7
421 4
648 7
925 6
109 6
648 6
664 9
648 6
456 4
274 5
450 10
670 5
1000 12
105 0
664 0
22 4
670 12
664 5
421 6
849 10
109 5
421 4
256 4
980 0
724 4
849 0
925 6
450 10
849 8
450 10
450 5
5 10
173 8
664 6
849 9
925 2
421 6
77 10
380 5
925 7
664 5
648 6
77 6
595 12
648 4
77 6
925 7
670 6
664 6
670 7
77 5
154 5
424 0
748 3
109 7
648 5
648 6
670 4
21 6
583 10
925 8
450 9
450 10
192 4
865 6
109 11
925 6
849 10
360 2
21 6
648 11
664 5
380 5
21 7
1000 6
664 10
664 11
849 8
21 4
792 8
109 9
925 11
664 6
925 7
1000 6
664 10
120 4
849 10
648 3
670 4
675 11
604 12
581 0
21 10
670 3
792 6
21 6
491 16
792 6
664 6
456 4
865 9
925 7
925 7
21 4
22 5
1000 6
648 5
5 4
670 5
1000 6
670 3
925 7
109 7
154 5
109 6
120 5
648 2
924 2
724 3
724 4
648 7
22 4
753 5
925 7
450 10
109 5
292 5
849 8
849 10
21 4
664 5
77 5
842 4
21 7
21 8
648 7
21 6
395 0
925 7
178 13
583 5
21 4
860 3
450 10
21 4
109 7
664 5
21 7
450 9
21 2
382 3
77 8
450 6
648 5
559 12
109 6
109 7
818 4
21 5
925 9
109 6
925 7
849 9
524 3
648 5
863 4
664 4
849 10
486 7
648 7
21 7
21 7
103 3
925 7
192 4
499 3
792 4
792 1
648 6
583 5
925 11
109 8
648 4
21 5
77 5
421 6
753 4
583 3
421 5
450 7
459 4
648 8
940 11
21 7
154 5
109 6
154 5
456 2
154 2
22 3
648 7
648 1
360 11
792 2
77 6
450 10
482 4
450 10
292 5
22 5
792 12
173 10
925 7
753 5
280 1
792 1
120 4
925 11
382 15
748 9
938 10
343 3
22 4
109 4
120 3
925 4
931 3
792 6
865 12
21 7
925 7
664 5
109 6
21 6
450 7
925 3
648 8
675 4
109 6
753 5
21 8
670 4
925 5
333 5
459 3
792 5
648 11
21 11
664 11
849 8
857 12
109 6
77 6
753 3
583 4
931 5
343 3
41 14
21 7
109 11
21 6
380 5
792 6
109 7
648 10
109 11
797 3
865 2
792 3
21 11
274 3
380 10
22 4
450 9
925 7
77 6
1000 6
21 11
119 3
1000 8
925 6
664 10
450 7
753 5
109 10
380 4
648 7
21 6
21 7
792 6
810 1
605 10
925 10
28 9
849 7
925 11
21 3
109 6
675 4
421 11
21 7
648 6
863 4
450 9
450 10
605 5
421 8
21 5
753 5
849 9
1000 8
292 12
192 11
664 8
21 5
21 6
421 10
154 4
21 7
21 7
21 8
648 7
849 9
5 4
849 10
648 7
380 1
21 7
925 11
495 12
753 12
648 7
21 8
605 0
664 6
21 7
648 5
862 1
583 5
109 8
421 0
925 5
849 9
849 9
792 7
109 7
648 7
21 6
925 7
450 10
849 10
188 0
664 6
753 10
21 7
21 6
648 4
21 6
21 7
630 2
22 5
648 7
380 1
925 5
421 5
925 7
21 6
724 4
21 6
925 7
450 9
450 9
21 7
964 3
21 7
753 1
1000 8
109 5
583 5
274 5
583 4
849 9
860 15
925 6
925 6
863 3
925 7
931 4
925 6
28 1
77 6
421 6
670 4
925 5
450 7
931 3
220 4
925 5
21 7
143 15
648 5
648 6
648 7
507 4
792 9
450 10
849 10
753 5
421 11
1000 5
178 4
21 7
109 7
421 0
450 10
173 5
940 2
608 1
109 9
975 3
421 6
792 5
154 5
450 9
21 3
21 6
355 3
109 9
120 13
675 3
450 9
450 10
664 9
21 6
925 8
664 5
109 5
77 6
670 1
664 5
21 5
21 7
648 7
77 5
421 5
109 7
925 8
925 4
670 1
648 5
792 12
450 9
109 7
605 4
178 6
1000 6
849 10
421 7
21 6
863 3
648 3
173 7
849 10
109 3
450 8
109 6
21 6
109 7
109 6
792 6
608 5
849 10
583 4
21 10
21 2
77 6
980 0
77 5
670 4
21 6
109 7
21 7
400 4
21 6
21 7
5 13
21 7
450 10
674 8
925 6
487 13
849 8
109 6
849 10
109 11
863 2
109 9
925 7
792 6
21 10
648 3
609 4
792 4
346 3
360 2
849 10
487 4
109 6
272 15
683 0
648 7
21 10
925 5
21 7
925 7
21 7
28 4
1000 4
925 11
648 7
109 0
849 9
865 8
621 1
21 6
109 5
421 4
450 10
109 6
931 5
925 7
849 10
648 9
925 6
120 5
670 3
120 5
925 6
21 7
849 9
109 5
849 7
670 5
421 7
792 6
109 8
1000 6
302 2
21 7
21 7
720 2
931 1
21 7
753 4
925 5
450 9
670 6
421 5
77 3
664 4
605 5
925 6
421 2
220 4
450 8
1000 10
109 6
21 5
583 5
109 11
849 8
450 9
865 11
849 10
865 8
608 13
648 5
21 5
21 7
21 7
1000 5
21 6
21 6
792 6
648 6
109 6
77 6
792 6
931 5
450 8
21 5
109 7
450 10
792 6
109 7
849 10
925 3
648 7
220 4
341 0
109 7
605 10
814 1
605 1
28 5
621 6
