370 64
232 0
733 0
934 25
479 0
965 0
662 201
743 213
674 70
950 48
16 0
550 0
892 0
646 163
811 148
674 261
22 19
825 94
995 17
856 70
611 0
763 36
707 3
781 9
918 0
630 338
96 117
504 266
674 144
35 0
614 107
513 365
887 0
732 1
164 36
363 0
611 0
653 227
703 0
331 0
697 0
428 197
560 182
960 260
475 75
674 24
847 62
270 118
992 45
622 1
452 0
278 182
406 97
386 142
895 0
162 0
680 79
847 0
538 0
361 0
640 14
186 152
674 230
944 18
674 222
849 318
114 117
725 88
970 1
557 355
374 73
489 226
952 0
9 137
674 48
674 109
674 77
922 0
487 0
878 126
674 122
265 329
448 0
756 103
120 1
303 198
615 30
249 1
674 147
737 6
653 2
624 270
12 292
456 68
702 133
246 184
684 0
674 94
447 178
883 349
132 0
749 107
674 284
674 16
245 175
614 293
606 1
672 196
943 73
878 1
159 0
26 29
415 1
648 53
640 132
409 276
674 78
50 136
270 25
674 39
159 92
422 1
654 112
674 44
219 1
414 45
324 357
765 0
589 267
246 65
421 25
555 26
432 0
480 25
683 326
158 305
108 46
628 82
622 21
548 288
654 1
651 0
96 1
181 0
750 364
626 213
259 0
739 114
856 144
674 26
303 0
411 22
651 172
674 48
129 110
370 0
686 237
450 99
674 204
504 88
902 0
614 179
973 5
713 122
394 202
299 66
138 1
178 0
674 27
289 160
897 105
674 124
249 30
647 140
674 322
176 6
68 0
614 87
674 255
504 318
50 169
919 32
128 1
674 54
793 0
323 1
615 301
325 139
626 28
543 49
648 79
674 91
633 0
963 76
845 0
16 200
303 126
648 0
564 377
755 129
110 207
282 0
382 0
160 324
889 37
934 6
178 150
409 173
674 191
702 130
373 124
689 2
733 86
365 325
225 1
674 68
219 203
367 156
289 4
646 4
30 370
674 24
357 0
998 334
901 0
937 0
674 221
426 0
23 112
674 301
911 189
506 1
929 0
451 2
384 1
424 217
104 1
203 148
454 0
564 0
132 190
3 115
365 0
96 56
424 28
75 0
449 0
705 0
455 42
614 0
674 14
950 133
946 113
358 136
938 10
957 1
901 0
600 0
170 0
811 151
934 0
847 1
506 1
238 0
591 101
262 28
674 55
920 366
225 0
156 94
666 72
757 309
614 1
976 77
784 0
674 95
646 298
588 0
451 307
560 123
757 134
516 1
674 23
889 1
50 0
501 220
473 97
624 113
26 0
139 216
847 55
674 95
67 119
820 1
44 69
19 317
338 0
516 0
302 113
674 48
12 0
755 176
653 0
294 7
674 274
675 367
394 192
338 75
178 58
415 1
647 35
225 1
48 412
930 76
410 0
259 0
674 18
911 86
179 1
269 0
937 55
227 0
419 30
927 161
753 34
9 9
600 1
22 1
401 253
502 40
628 131
213 121
416 15
674 219
795 10
281 1
451 119
187 0
912 69
853 0
674 159
387 44
965 0
632 8
845 0
672 149
237 0
957 0
674 126
795 0
908 0
278 0
646 2
950 2
674 14
654 0
632 26
365 0
60 0
418 1
71 0
998 264
487 0
583 0
710 0
993 0
674 61
646 211
992 73
674 138
402 0
163 0
286 0
84 1
249 1
125 1
84 18
91 0
716 0
424 1
674 65
266 0
911 158
751 0
187 1
674 98
674 242
298 0
960 1
333 74
128 54
459 31
308 72
237 1
967 0
958 300
801 78
287 0
204 156
501 0
97 460
822 93
55 147
811 75
254 235
845 82
921 1
674 58
746 139
204 1
674 21
96 177
674 193
424 2
689 101
817 1
325 42
416 103
589 0
204 0
294 0
191 150
758 95
654 0
325 227
402 247
674 250
437 203
960 1
602 0
897 375
83 25
141 0
811 110
717 87
922 0
337 44
976 134
672 0
770 181
31 0
254 202
325 2
652 1
626 67
674 92
4 28
542 110
613 1
843 0
938 40
388 0
646 1
672 132
139 12
95 0
354 21
674 2
4 1
674 78
551 0
451 126
178 120
451 19
674 67
576 52
498 128
998 275
833 122
186 73
418 1
964 155
674 331
360 2
60 192
739 0
343 0
245 153
73 0
622 95
441 72
561 0
4 133
94 0
204 225
574 0
20 200
718 140
676 90
295 0
706 108
453 369
406 277
622 10
628 17
963 1
156 57
802 31
674 45
207 234
863 74
295 0
677 282
674 17
798 292
622 1
195 151
215 92
602 0
957 1
247 0
446 385
112 0
944 2
674 248
674 90
650 0
79 9
580 0
674 101
585 0
498 112
110 171
63 329
140 0
294 0
897 252
651 185
195 129
696 255
946 48
373 64
674 202
598 0
360 48
448 38
204 0
2 113
600 1
529 105
85 245
529 1
897 65
674 103
446 0
9 89
820 0
104 0
456 345
776 5
497 105
674 242
917 317
598 171
453 24
432 189
651 0
973 39
212 162
154 138
753 167
422 1
210 69
974 0
970 126
210 99
360 2
424 76
877 30
674 2
809 0
971 88
432 0
653 2
83 171
689 15
213 26
562 240
750 231
387 0
919 157
548 82
455 77
13 0
538 81
977 0
386 20
49 7
245 17
312 0
441 1
674 30
354 0
414 235
265 0
330 0
662 0
298 165
674 32
236 0
674 255
674 6
662 24
713 22
674 27
237 28
674 105
325 89
332 93
155 22
92 34
538 202
763 1
597 359
674 80
958 151
559 0
710 15
957 1
739 0
430 70
819 35
278 201
165 155
95 126
674 220
674 3
210 94
674 95
245 138
674 154
793 0
674 292
674 315
850 268
808 336
497 123
993 0
651 172
441 60
892 28
674 38
929 0
892 1
674 172
589 46
132 216
9 58
20 161
807 48
464 169
196 309
674 126
473 82
446 28
674 38
792 190
674 229
54 0
862 1
262 0
841 159
50 206
532 70
439 0
683 0
757 147
129 0
960 113
22 1
958 56
968 0
980 0
41 0
596 340
674 45
813 152
440 140
63 143
1000 285
674 106
956 156
542 264
777 65
114 154
203 83
654 1
404 128
222 0
674 47
689 77
154 265
230 154
231 0
153 0
644 240
911 197
498 0
957 16
384 71
560 0
594 0
775 128
22 1
427 78
674 60
588 0
120 12
837 59
203 2
674 92
419 193
402 0
674 98
958 65
372 150
653 2
970 52
212 41
856 0
674 21
15 72
384 47
753 187
892 1
782 0
447 76
674 88
447 1
646 21
418 194
674 29
4 51
561 0
219 247
170 21
621 44
892 0
439 183
674 254
755 264
564 1
324 0
921 1
49 0
564 67
282 297
212 230
674 107
19 1
602 68
386 28
600 38
56 123
908 107
674 135
746 197
61 278
359 1
674 314
847 2
936 40
301 96
500 0
50 1
851 228
735 282
20 0
218 59
802 0
184 0
888 0
992 177
937 0
929 1
128 2
887 0
723 46
613 39
753 94
697 78
10 1
732 67
949 7
349 0
763 1
61 119
49 178
728 0
674 72
302 14
61 0
49 124
644 0
229 25
674 197
561 0
450 151
49 167
183 1
674 88
331 316
311 81
369 0
294 84
674 12
822 0
426 13
869 0
242 0
497 22
225 62
321 357
421 29
674 50
637 83
964 20
766 1
883 14
387 3
50 58
778 114
409 100
705 1
981 166
153 5
3 0
748 0
536 0
302 1
497 38
588 29
674 61
674 164
288 0
674 31
594 42
4 1
563 87
997 0
646 3
674 30
447 1
483 91
296 0
697 39
309 0
621 0
646 1
911 183
863 146
368 54
674 10
674 78
892 3
178 315
489 150
811 38
96 93
308 0
743 105
794 197
888 0
862 2
447 178
121 24
245 0
684 98
674 207
678 0
891 35
392 1
237 31
912 0
55 10
9 118
90 3
907 0
300 1
674 21
976 231
204 132
674 233
991 72
776 65
674 117
881 0
762 2
207 342
911 1
722 137
674 67
583 115
49 275
674 12
702 1
382 0
674 258
112 95
339 0
675 57
666 84
6 0
424 10
3 0
227 174
744 165
606 49
674 87
460 18
210 253
566 11
102 0
39 26
281 1
674 33
237 0
282 189
619 0
9 88
994 1
892 112
560 1
473 324
433 29
871 21
297 0
145 0
674 192
740 208
644 98
790 213
254 111
528 18
418 128
128 1
400 0
694 0
309 0
516 1
368 59
454 0
689 3
954 0
594 0
621 0
794 235
204 182
121 211
590 0
187 1
390 0
446 297
402 0
674 60
674 14
40 5
107 32
677 0
249 12
647 318
896 1
492 3
343 229
619 0
50 270
366 0
382 22
613 33
614 125
893 0
993 0
186 71
50 203
9 123
848 307
674 259
651 196
795 176
776 0
4 123
179 47
169 0
64 85
674 165
262 0
905 0
186 0
426 186
610 169
422 265
544 304
844 115
68 240
839 84
274 0
854 0
291 0
212 60
489 239
