37
1 2
1 3
1 4
1 5
1 6
32 7
1 8
1 9
19 10
1 11
11 12
1 13
11 14
1 15
32 16
9 17
19 18
1 19
1 20
1 21
1 22
1 23
26 24
9 25
1 26
1 27
1 28
1 29
1 30
1 31
1 32
4 33
4 34
1 35
26 36
1 37
37
21 2
1 3
1 4
1 5
1 6
1 7
1 8
3 9
1 10
1 11
4 12
1 13
1 14
4 15
1 16
6 17
21 18
1 19
32 20
1 21
6 22
1 23
1 24
1 25
1 26
1 27
1 28
30 29
1 30
30 31
1 32
1 33
1 34
1 35
3 36
32 37
37
34 2
1 3
1 4
1 5
1 6
1 7
6 8
1 9
1 10
1 11
18 12
34 13
1 14
1 15
1 16
4 17
1 18
18 19
6 20
1 21
1 22
1 23
1 24
1 25
1 26
23 27
1 28
23 29
1 30
32 31
1 32
4 33
1 34
1 35
1 36
32 37
37
12 2
1 3
1 4
14 5
1 6
1 7
1 8
1 9
1 10
1 11
1 12
1 13
1 14
14 15
1 16
7 17
1 18
1 19
1 20
1 21
6 22
12 23
18 24
18 25
1 26
1 27
7 28
16 29
1 30
1 31
1 32
1 33
6 34
1 35
1 36
16 37
37
1 2
1 3
12 4
12 5
17 6
2 7
1 8
1 9
1 10
37 11
1 12
1 13
1 14
1 15
2 16
1 17
1 18
32 19
32 20
1 21
1 22
1 23
1 24
37 25
1 26
1 27
1 28
30 29
1 30
17 31
1 32
1 33
1 34
30 35
1 36
1 37
37
1 2
37 3
1 4
9 5
1 6
37 7
9 8
1 9
15 10
1 11
20 12
1 13
18 14
1 15
20 16
1 17
1 18
1 19
1 20
18 21
1 22
1 23
1 24
1 25
1 26
1 27
26 28
1 29
1 30
1 31
15 32
1 33
1 34
26 35
1 36
1 37
37
1 2
27 3
1 4
1 5
28 6
1 7
1 8
1 9
1 10
1 11
20 12
9 13
29 14
1 15
1 16
29 17
1 18
28 19
1 20
1 21
1 22
1 23
1 24
27 25
31 26
1 27
1 28
1 29
1 30
1 31
20 32
9 33
1 34
31 35
1 36
1 37
37
12 2
1 3
1 4
1 5
7 6
1 7
20 8
1 9
20 10
1 11
1 12
1 13
1 14
1 15
1 16
1 17
1 18
7 19
1 20
17 21
11 22
25 23
1 24
1 25
25 26
12 27
1 28
1 29
1 30
17 31
1 32
1 33
1 34
11 35
1 36
1 37
37
1 2
1 3
1 4
4 5
1 6
1 7
1 8
1 9
34 10
27 11
34 12
1 13
1 14
1 15
1 16
1 17
1 18
1 19
1 20
4 21
1 22
3 23
6 24
19 25
1 26
1 27
19 28
1 29
6 30
1 31
3 32
1 33
1 34
1 35
1 36
27 37
37
1 2
1 3
24 4
1 5
1 6
35 7
1 8
1 9
30 10
1 11
1 12
6 13
1 14
1 15
1 16
1 17
1 18
17 19
1 20
30 21
1 22
1 23
1 24
1 25
14 26
1 27
24 28
1 29
1 30
1 31
35 32
17 33
14 34
1 35
6 36
1 37
37
1 2
1 3
1 4
13 5
17 6
1 7
1 8
1 9
24 10
20 11
1 12
1 13
8 14
24 15
1 16
1 17
1 18
1 19
1 20
1 21
3 22
1 23
1 24
3 25
1 26
17 27
1 28
1 29
1 30
1 31
1 32
1 33
1 34
8 35
13 36
20 37
37
1 2
23 3
29 4
1 5
1 6
1 7
1 8
20 9
26 10
1 11
1 12
2 13
1 14
1 15
1 16
2 17
7 18
1 19
1 20
1 21
1 22
1 23
1 24
1 25
1 26
26 27
1 28
1 29
7 30
23 31
1 32
29 33
20 34
1 35
1 36
1 37
37
1 2
1 3
31 4
1 5
1 6
1 7
1 8
1 9
1 10
35 11
1 12
37 13
10 14
1 15
24 16
1 17
37 18
1 19
24 20
35 21
1 22
1 23
1 24
19 25
1 26
10 27
1 28
31 29
1 30
1 31
19 32
1 33
1 34
1 35
1 36
1 37
37
1 2
27 3
5 4
1 5
1 6
1 7
1 8
6 9
1 10
1 11
1 12
15 13
27 14
1 15
1 16
1 17
1 18
5 19
1 20
1 21
1 22
1 23
7 24
32 25
1 26
1 27
32 28
1 29
1 30
1 31
1 32
7 33
1 34
15 35
1 36
6 37
37
1 2
1 3
1 4
1 5
1 6
36 7
1 8
1 9
1 10
36 11
1 12
1 13
1 14
1 15
32 16
1 17
35 18
30 19
8 20
8 21
1 22
1 23
35 24
1 25
32 26
1 27
1 28
1 29
1 30
12 31
1 32
12 33
30 34
1 35
1 36
1 37
37
1 2
35 3
1 4
4 5
1 6
15 7
1 8
1 9
35 10
1 11
15 12
1 13
1 14
1 15
1 16
1 17
1 18
24 19
1 20
1 21
1 22
2 23
1 24
24 25
2 26
1 27
21 28
1 29
1 30
4 31
1 32
1 33
1 34
1 35
1 36
21 37
37
5 2
1 3
20 4
1 5
15 6
17 7
1 8
1 9
1 10
8 11
1 12
1 13
1 14
1 15
1 16
1 17
1 18
1 19
1 20
1 21
1 22
20 23
1 24
8 25
15 26
17 27
9 28
1 29
9 30
1 31
1 32
1 33
1 34
5 35
1 36
1 37
37
23 2
1 3
1 4
16 5
1 6
1 7
1 8
1 9
1 10
1 11
16 12
1 13
1 14
7 15
1 16
1 17
1 18
1 19
7 20
1 21
23 22
1 23
25 24
1 25
9 26
1 27
1 28
1 29
1 30
27 31
1 32
1 33
9 34
27 35
25 36
1 37
37
20 2
1 3
1 4
1 5
1 6
37 7
20 8
19 9
15 10
1 11
1 12
1 13
37 14
1 15
1 16
1 17
15 18
1 19
1 20
25 21
1 22
1 23
1 24
1 25
25 26
30 27
1 28
30 29
1 30
1 31
19 32
1 33
1 34
1 35
1 36
1 37
37
1 2
1 3
1 4
1 5
8 6
1 7
1 8
1 9
8 10
1 11
25 12
1 13
1 14
1 15
1 16
1 17
23 18
1 19
1 20
1 21
19 22
1 23
1 24
1 25
23 26
1 27
33 28
1 29
25 30
1 31
33 32
1 33
3 34
3 35
19 36
1 37
