-1
15
-1
-1
-1
-1
-1
2
-1
5
4
2
-1
-1
-1
5
3
2
-1
-1
-1
18
10
2
-1
-1
-1
-1
14
-1
-1
-1
-1
-1
10
-1
-1
10
4
-1
-1
-1
-1
-1
3
2
-1
-1
-1
-1
-1
2
1
3
-1
-1
8
-1
-1
19
-1
-1
-1
3
-1
-1
-1
-1
-1
7
-1
-1
1
-1
-1
-1
6
-1
-1
-1
2
1
-1
-1
-1
5
-1
-1
5
-1
2
-1
-1
4
-1
6
4
-1
-1
-1
-1
-1
17
-1
-1
-1
4
-1
-1
-1
-1
-1
-1
8
-1
-1
-1
-1
10
-1
-1
-1
5
-1
-1
6
3
10
-1
-1
1
3
2
-1
13
5
-1
-1
6
-1
2
11
10
24
17
15
-1
16
-1
-1
-1
-1
-1
-1
-1
11
-1
-1
-1
5
10
-1
-1
12
1
-1
7
3
-1
24
-1
-1
3
-1
-1
-1
3
4
-1
-1
13
-1
-1
1
3
1
-1
4
3
9
2
3
-1
9
3
11
-1
3
10
3
7
-1
-1
-1
-1
16
-1
-1
-1
-1
-1
19
-1
3
9
5
-1
-1
-1
4
-1
-1
2
-1
10
3
5
-1
8
-1
6
-1
-1
31
-1
-1
-1
-1
-1
-1
-1
7
2
-1
1
-1
-1
-1
-1
-1
-1
-1
-1
11
-1
-1
-1
-1
-1
-1
-1
3
12
-1
5
-1
-1
1
-1
-1
-1
-1
-1
-1
-1
5
7
-1
-1
-1
3
-1
-1
10
-1
-1
-1
16
-1
-1
-1
-1
-1
-1
7
5
-1
-1
-1
3
-1
-1
2
-1
-1
6
-1
1
-1
-1
-1
-1
-1
-1
-1
2
7
-1
-1
1
-1
5
-1
-1
2
-1
12
-1
-1
5
2
19
-1
30
-1
2
-1
-1
3
-1
-1
-1
1
-1
13
-1
-1
1
-1
-1
4
5
-1
8
-1
-1
-1
6
-1
7
2
-1
-1
-1
22
1
-1
-1
-1
4
7
-1
2
-1
-1
14
-1
-1
-1
3
-1
-1
-1
6
7
-1
1
-1
-1
3
-1
-1
-1
-1
-1
6
-1
-1
3
-1
2
15
4
30
2
-1
-1
-1
-1
2
7
-1
5
-1
-1
-1
-1
-1
8
1
-1
-1
-1
-1
1
2
-1
-1
-1
2
-1
7
-1
2
-1
-1
11
-1
1
4
-1
9
1
1
-1
17
-1
5
-1
4
4
-1
-1
-1
-1
-1
2
-1
2
-1
-1
11
4
-1
-1
5
2
-1
1
10
-1
-1
16
1
-1
-1
-1
-1
10
1
-1
-1
12
-1
7
5
-1
-1
-1
-1
-1
-1
-1
-1
-1
-1
5
-1
1
-1
2
-1
-1
-1
-1
-1
-1
3
3
16
-1
-1
-1
3
-1
-1
-1
-1
-1
3
14
-1
-1
3
-1
20
-1
-1
-1
9
-1
-1
5
16
-1
-1
-1
-1
-1
-1
2
-1
-1
7
8
-1
-1
3
2
-1
-1
4
-1
-1
-1
6
1
-1
-1
7
7
2
-1
-1
-1
-1
-1
7
-1
-1
-1
19
15
-1
2
4
-1
3
-1
-1
-1
2
-1
-1
3
4
-1
4
3
-1
7
5
-1
-1
7
-1
-1
-1
-1
-1
2
-1
3
8
-1
5
5
2
-1
1
-1
-1
2
-1
15
1
-1
2
-1
1
24
-1
-1
10
-1
3
-1
3
25
2
-1
4
-1
-1
9
-1
-1
-1
-1
-1
-1
-1
-1
2
7
1
30
-1
-1
-1
30
-1
-1
1
-1
3
2
-1
-1
-1
-1
-1
-1
-1
2
2
-1
2
-1
1
-1
-1
-1
-1
-1
-1
-1
3
-1
-1
-1
-1
6
-1
-1
-1
-1
-1
5
-1
-1
2
7
-1
-1
-1
10
-1
-1
-1
-1
-1
12
-1
-1
-1
2
1
-1
-1
-1
-1
1
4
15
-1
18
7
5
-1
4
4
-1
-1
-1
-1
13
-1
-1
7
-1
29
-1
-1
-1
6
8
-1
4
8
-1
-1
-1
-1
-1
19
-1
-1
18
-1
1
-1
22
-1
-1
-1
-1
23
4
-1
3
4
7
-1
-1
-1
-1
6
-1
-1
2
-1
-1
5
-1
-1
-1
5
-1
-1
-1
3
-1
-1
-1
4
8
4
2
-1
5
7
-1
14
-1
-1
-1
8
1
18
1
-1
-1
6
-1
-1
-1
5
6
5
2
-1
-1
-1
-1
4
-1
19
10
-1
6
-1
4
-1
-1
-1
27
-1
7
-1
-1
-1
-1
-1
4
-1
11
-1
12
-1
-1
4
11
2
-1
-1
4
-1
15
-1
-1
-1
-1
-1
17
3
-1
-1
-1
2
-1
-1
-1
45
-1
-1
15
9
-1
-1
-1
14
-1
-1
-1
-1
10
-1
-1
13
-1
-1
-1
-1
4
-1
-1
5
1
-1
5
42
7
-1
-1
-1
5
-1
8
-1
9
-1
-1
-1
3
-1
-1
-1
5
-1
-1
-1
13
8
25
-1
9
-1
-1
8
-1
15
-1
-1
-1
8
6
-1
-1
-1
-1
-1
12
-1
4
-1
-1
-1
-1
-1
-1
4
2
-1
-1
-1
-1
-1
-1
-1
-1
2
4
-1
-1
1
-1
-1
5
-1
-1
-1
-1
1
-1
-1
-1
-1
6
-1
-1
-1
-1
-1
-1
-1
5
11
-1
-1
13
-1
-1
7
16
1
6
2
-1
2
-1
1
-1
1
20
-1
-1
-1
2
1
