25576050287514
5086630480
513307687
2882125511
1271469480
2300626224
993312361
646611145
569627995
346031621939
282095449047
373693719141
497317180011
509659475832
350314374907
275778401662
284978319641
520922030560
305030890580
279626821089
4921554221
5167644821
7128440325
7080988906
6028135062
3654111041
6297687177
4877050935
8124055354
4903327525
5063594489
5604845671
11602481393
6194384530
6712054618
372533496
467317109
2097608786
548366475
1319717569
3579378890
1432763996
1364095867
1754964515
314091447
985302435
2317491876
2752294078
1060024352
2980099263
3057866655
1771086757
1775839794
1043556322
1738440839
675946516
1918960542
4498696326
2214459013
1848334306
3528136365
886248664
3638635277
665781970
230714878
4163486050
4684481976
939498252
2462445362
1420755094
640359120
6388488624
2064724534
2966491519
753173330
1978992417
4940331954
1898817555
306611778
962547322
2931351611
2670782557
5237834927
738638050
2814544178
4540669069
1161351217
512576739
3144246171
900144470
654062772
1245921753
1613012732
884123986
2612974673
840553783
7096317734
1752053048
2250493267
614953191
