1789
0
0
0
0
0
0
0
2808
0
0
0
0
0
0
0
3526
0
0
0
0
0
0
4564
1888
2438
908
0
0
0
1244
0
993
0
2671
967
2517
1003
0
1157
0
0
0
1870
0
0
0
0
0
0
40
0
1560
0
800
0
2661
0
0
0
273
0
0
0
4695
0
0
0
0
0
0
0
0
0
76
0
0
0
3212
790
0
0
3567
0
2190
0
0
3707
0
0
0
0
0
0
1577
1949
263
0
0
0
0
0
0
0
115
0
1304
0
0
0
0
0
4078
0
0
0
145
1087
3701
0
767
4262
0
0
4373
0
0
0
759
0
0
3241
0
0
0
2478
0
0
0
0
0
2601
0
2249
3315
0
1176
2123
0
0
4826
0
0
871
4308
0
0
2414
0
3694
540
0
0
0
0
0
4471
0
87
0
0
0
1139
1777
0
4542
2638
0
0
0
1794
0
4187
0
0
0
1215
0
0
0
3990
0
231
0
0
0
0
0
0
0
0
0
0
1104
4678
1600
0
4850
0
757
0
0
0
0
426
2658
0
0
0
0
3013
0
0
0
301
0
0
0
0
0
0
0
0
0
1228
1126
0
0
3802
652
0
0
0
0
0
0
1513
0
0
0
4406
0
1857
0
590
0
0
2757
0
0
424
0
0
0
0
0
0
0
0
0
0
0
1353
3564
0
4174
0
0
0
2561
4128
627
2275
0
2879
0
2784
0
4999
0
0
0
1559
0
2794
4372
168
0
0
0
0
0
0
4279
0
0
0
0
0
0
4731
0
0
0
0
3946
0
0
0
0
435
0
0
0
1966
1048
0
0
0
2126
0
0
0
0
0
0
2292
2669
2932
0
0
0
0
4528
0
3683
0
2407
0
0
0
0
4570
2596
0
0
0
0
0
2920
0
0
0
2438
0
0
0
0
4173
0
640
0
2030
960
0
815
0
0
787
4920
0
382
0
0
4882
3896
1709
3442
0
0
786
0
0
2725
0
3246
820
0
350
1347
1961
0
0
0
3489
4319
4986
0
4809
0
3326
0
0
0
4799
3465
4365
0
0
2455
1104
291
4172
3253
0
2619
0
4194
2136
0
584
4674
0
0
4748
3740
0
0
1285
0
4380
0
0
0
0
0
0
0
466
0
0
0
685
2283
0
1776
3403
0
0
0
0
0
278
0
252
4348
0
0
184
0
2093
0
0
0
0
0
294
1456
257
1376
4296
859
0
0
0
0
0
0
0
822
0
719
4132
0
869
526
0
1928
4777
0
2830
0
0
0
0
0
3915
0
1396
0
0
0
2964
0
0
0
628
0
4889
0
1439
910
4532
0
38
0
2038
0
1657
0
4867
0
0
0
0
3821
637
0
0
1274
4305
0
0
3084
0
4318
2607
0
2036
0
904
0
0
0
216
0
0
0
590
0
4503
0
1807
0
0
0
2306
0
0
0
1383
0
0
3689
0
4115
917
0
0
0
0
250
0
0
0
0
0
0
0
0
0
0
4990
0
0
218
0
0
0
0
279
2418
0
994
11
0
0
0
1353
0
262
306
0
0
0
2558
0
0
0
0
2514
0
0
0
0
0
3601
4273
3709
0
1308
3324
4225
0
4159
1466
2117
0
4022
0
442
0
1126
0
876
1832
0
0
127
0
4536
162
0
0
557
1135
2918
0
0
0
0
453
3504
0
0
592
0
0
0
2101
1680
0
0
3093
4665
0
2986
4759
0
0
0
0
0
4865
0
4069
0
0
2600
880
1833
222
0
0
1092
500
0
0
0
0
402
4983
0
0
1178
0
0
0
2930
0
3596
3671
0
0
4772
0
0
0
0
1445
0
0
0
1658
3172
414
0
0
3922
0
0
0
3568
0
0
0
2684
0
0
0
0
0
263
0
0
0
2892
0
2959
0
0
0
0
3676
4942
0
4371
4671
0
0
1025
18
0
4660
3624
0
3010
0
0
0
0
0
513
0
4608
0
1075
2894
1239
0
0
987
0
0
4496
0
0
1086
2505
2393
0
0
0
629
500
0
4783
0
0
0
0
0
0
0
0
0
0
0
0
0
2841
0
700
0
0
1370
0
0
0
0
2283
0
0
0
719
0
0
0
2895
0
0
0
0
0
1
0
3496
3273
11
335
0
0
0
0
4938
1249
2085
0
0
0
1323
0
0
4816
0
0
4349
0
0
0
2830
0
2391
247
0
0
0
0
1395
0
1362
0
44
0
112
0
0
0
0
0
0
1656
468
3651
712
0
0
0
0
0
0
0
2925
0
1004
0
0
3512
0
0
1123
0
4858
0
474
0
2368
0
2597
0
0
4856
0
1535
1373
4601
0
1402
0
0
4643
0
2869
0
0
838
0
0
2852
0
0
0
0
0
3168
4015
533
604
1912
0
0
0
0
0
0
0
0
0
3251
0
0
0
0
0
1136
0
0
0
0
0
0
0
0
0
0
3863
1902
0
0
0
0
0
136
0
0
0
0
4751
0
0
30
0
0
0
1408
0
2678
0
2829
0
3847
0
0
0
0
0
526
900
0
0
0
0
2800
3511
0
0
3203
0
2177
0
0
0
0
0
0
0
0
0
0
305
0
0
0
0
1284
0
0
0
0
0
0
0
0
3145
174
0
2846
4474
4103
2973
0
0
0
0
0
2282
0
179
3125
0
3098
3312
0
0
705
3297
4917
2114
0
0
0
0
0
0
3191
2782
3230
0
0
0
0
0
0
0
4545
0
0
0
0
1636
0
0
3637
705
74
2982
3223
3702
0
0
4998
0
0
0
3525
3623
4475
0
1089
1843
0
0
0
0
212
0
2836
0
1881
0
3707
1037
0
0
3167
0
4239
957
0
0
935
0
0
0
2417
0
0
818
2134
0
2301
2125
716
0
0
4014
2621
2797
0
4027
0
0
0
0
0
0
0
261
1341
0
0
1138
3249
626
2242
0
2544
0
0
0
2573
0
299
0
0
0
0
832
4970
1890
0
2854
0
650
381
4448
0
0
2250
2719
541
4753
707
0
899
4105
0
0
4972
0
2302
0
0
0
4023
0
0
4744
0
1800
0
0
0
0
3820
125
4444
0
617
639
0
0
4853
3251
1903
0
0
0
128
0
687
0
4631
0
558
0
0
0
3244
0
0
0
710
0
0
2098
3302
4668
558
2772
3572
4463
0
0
0
196
2534
0
715
929
1602
0
0
0
1219
0
0
4277
0
4465
17
0
1220
2968
160
1994
1544
0
0
0
0
0
0
0
993
1020
2968
329
0
1372
0
4539
4413
0
0
4162
2128
0
0
0
0
0
0
0
0
0
0
0
0
0
4233
0
3860
0
2233
0
2256
4192
0
0
251
0
889
0
974
0
0
0
0
0
0
0
0
0
43
2258
3541
3626
92
387
0
0
0
0
0
4266
0
0
0
0
0
81
0
1735
0
1598
0
0
0
0
0
0
2509
0
4477
4992
0
0
0
0
0
4164
0
0
0
2821
0
0
0
701
3581
3774
872
543
2312
1863
1988
3441
0
0
2592
0
0
0
0
0
4708
0
3869
0
1480
0
0
685
0
1026
0
0
4899
0
3410
0
1321
0
0
0
0
0
623
0
0
0
0
0
0
2410
0
0
0
0
2336
0
0
0
3343
3124
270
2244
4625
0
513
0
548
0
0
3668
0
0
3030
0
0
0
2489
0
0
0
0
4284
0
0
0
0
1501
3926
0
0
0
4486
0
0
1233
0
3822
0
0
0
0
2820
3615
0
0
0
0
0
0
0
0
1709
0
0
2012
1478
1335
0
0
0
0
0
2334
3550
0
0
0
0
335
0
0
0
3296
3969
0
0
4915
0
2058
2017
0
0
1801
0
1896
368
0
0
0
0
2056
0
3858
0
0
0
0
4234
0
0
656
0
1284
0
1324
3483
0
0
0
0
1911
0
0
0
3902
0
0
0
2524
835
1859
0
3076
1855
4827
0
104
0
0
0
0
0
0
0
0
0
2353
0
494
4403
2176
0
0
0
0
3745
0
4087
1428
0
4018
0
0
521
2912
3960
3783
0
0
0
4261
0
811
0
4790
0
0
0
0
0
0
0
1601
4180
4916
0
2831
0
0
0
3876
0
1960
0
0
1112
1755
2880
0
1872
4843
1515
0
1962
609
2833
0
0
0
0
49
0
2039
0
0
0
3121
0
0
0
0
0
0
0
2188
0
1738
0
2209
0
0
3590
0
0
478
0
0
3940
0
0
1368
0
2859
0
0
0
4722
0
3499
1836
0
0
0
0
0
0
1240
132
0
1357
2898
4231
803
0
0
0
0
0
0
0
2699
552
0
0
1105
2864
0
0
0
0
866
0
0
0
319
0
0
0
2382
4042
3646
0
0
0
4947
597
0
823
0
4083
2453
0
775
0
0
3609
4849
0
0
0
2557
2272
0
1474
0
0
3098
0
2164
0
2583
3708
0
2835
983
0
2727
0
332
4828
0
0
4640
4248
0
4774
0
0
3578
863
588
0
562
0
2792
0
458
0
1095
0
0
0
684
1640
0
0
4881
0
2886
0
2929
0
0
0
0
0
2217
0
0
0
0
1831
4445
0
4936
0
2239
220
0
1539
1422
0
0
2161
0
2720
0
0
0
0
1627
0
136
0
3692
0
4359
0
506
3409
2494
0
0
3073
453
0
4411
0
0
0
655
0
0
0
0
2698
0
0
0
0
228
3832
0
0
2394
0
1485
2407
3381
0
0
0
3852
0
0
1391
0
0
2978
0
256
3811
312
0
0
0
0
0
48
0
227
3387
1057
0
4803
0
794
0
0
1274
410
3245
1722
0
4313
0
0
0
0
0
0
0
0
0
932
0
3520
569
0
0
1877
0
0
2266
144
0
0
4358
0
0
0
0
0
1871
300
0
3457
0
1784
0
0
944
0
0
1571
2556
0
0
0
3463
0
0
39
0
0
0
0
0
903
0
1271
0
1990
0
0
2820
4386
236
0
2099
930
2097
0
0
0
0
2153
0
4908
0
0
585
642
0
418
0
0
0
0
4059
0
0
0
2925
0
1366
0
3628
177
0
4946
0
1915
0
2994
29
0
0
0
0
0
1437
3320
0
0
0
3086
0
848
0
0
0
0
1152
4002
3672
4070
503
0
0
4526
0
4787
2981
0
104
0
0
4408
90
3050
0
0
0
4331
0
0
2412
0
4651
0
0
2117
0
0
0
0
0
0
0
732
4780
2220
0
1507
0
184
519
3092
0
0
0
0
0
3791
0
3325
0
0
4854
0
0
1731
601
0
3813
0
0
1820
0
0
527
0
0
0
1175
218
0
2879
0
0
67
3591
0
4819
0
1805
0
0
0
0
0
0
0
4203
2352
3677
0
905
0
0
0
0
0
862
0
0
1543
1179
4682
0
0
0
0
3822
0
0
0
0
0
0
2076
2833
839
4343
0
0
0
0
3935
0
0
3711
0
0
0
3699
3082
4473
0
2272
2463
0
0
1801
0
0
0
0
4778
0
1534
0
4508
0
0
1439
0
0
3239
0
0
0
0
0
3882
714
0
431
0
0
0
3603
0
0
0
0
0
0
2679
830
0
0
0
3934
0
0
0
578
0
3515
0
0
0
2975
0
468
1271
0
0
0
0
2629
0
7
0
0
0
0
0
0
0
1747
0
0
0
0
0
0
0
0
1490
0
0
0
0
0
0
0
0
0
0
1499
0
4902
0
984
0
0
0
0
0
1503
0
0
0
0
1430
0
4694
40
0
1670
0
0
2409
0
0
1722
0
0
0
0
0
2037
0
0
0
0
0
1263
0
174
0
4948
4469
1091
0
0
767
1802
3874
3726
0
0
0
0
0
0
0
4054
1992
0
0
3976
0
466
0
0
0
246
0
0
1372
1900
0
0
0
0
0
0
0
2661
2633
0
1059
0
0
0
3605
0
172
0
4364
3769
0
2004
2492
1629
712
0
0
3039
4311
0
346
0
476
239
0
782
3698
1918
0
528
359
0
0
0
3640
0
0
4743
0
3366
4910
1055
1699
0
0
226
1975
0
0
2508
0
2279
0
3753
0
0
0
0
0
0
0
0
0
0
0
0
3899
0
2673
0
1803
2036
0
0
1946
0
0
0
476
3857
0
4861
2953
0
0
0
4185
2767
0
4144
0
3751
0
0
0
0
0
0
2372
2713
0
3985
0
2334
2539
0
0
0
0
0
0
0
0
1692
0
1659
0
2947
0
107
3175
0
4870
0
0
3394
0
0
0
4588
0
0
0
0
180
4176
1061
1055
3734
267
0
0
0
0
4147
3472
2024
329
0
2051
501
0
0
2176
0
0
0
0
0
4326
0
0
0
2190
0
0
0
405
0
3248
0
0
0
1707
0
0
0
4705
0
519
0
872
0
909
206
240
0
3537
0
3889
0
0
0
4126
0
0
0
0
4362
2617
199
670
0
0
165
0
1538
1190
0
4646
2457
0
0
861
0
0
0
604
0
1040
0
254
0
0
4600
0
2512
0
4041
219
0
0
2526
0
0
3738
2943
242
0
326
4758
0
0
4091
3904
0
0
0
0
0
0
0
0
0
0
0
0
381
0
1364
0
446
0
0
0
0
0
0
0
0
0
0
0
972
412
0
0
0
125
0
0
0
0
3221
0
2179
0
1407
0
602
4533
0
0
0
0
0
0
913
0
0
0
115
0
1082
3621
2453
700
332
0
0
0
0
0
3007
2495
2598
0
2568
1651
0
0
424
3928
3714
0
3159
0
0
0
4884
4467
0
0
0
2106
4597
0
559
0
316
2109
0
0
2168
0
502
1133
0
1767
583
0
4724
0
4265
0
0
0
0
0
1938
0
1631
0
0
3838
0
2062
2962
2763
0
0
2207
0
0
0
0
0
0
0
0
0
0
0
0
0
1427
4577
1061
4727
4240
0
406
0
591
0
0
0
0
0
2882
0
918
0
0
0
0
49
2424
0
0
3242
2769
0
631
0
0
0
0
0
4317
0
644
0
2934
0
0
3269
4096
4876
4692
1063
0
1127
0
247
0
0
4825
1546
2434
0
4892
602
0
0
0
0
0
0
3548
0
0
0
0
2111
0
0
39
0
0
0
1095
833
0
0
3399
0
0
0
2
0
0
0
0
0
0
325
0
2453
2711
0
0
0
0
4443
0
0
0
0
1347
0
0
0
532
0
0
0
0
0
890
2730
0
0
0
4393
0
0
0
0
4095
366
0
4432
3885
4502
0
0
0
0
0
2017
0
0
0
0
0
4616
508
688
4610
0
0
0
0
2804
500
0
4834
0
0
4242
0
3117
2902
0
3627
0
2345
0
0
0
0
0
1051
2938
1450
2268
1391
0
0
0
320
98
0
1621
0
332
2344
0
3908
4963
4048
0
2050
0
4356
3569
3779
622
0
0
0
0
0
0
0
0
0
0
0
0
0
0
299
3199
2329
0
3699
0
909
2901
0
0
4427
0
0
0
0
0
2175
0
348
0
4802
2877
4622
1224
4636
0
1473
4786
3248
0
0
0
1414
2273
2498
4586
3760
4943
0
0
0
0
0
4932
0
0
1387
149
2840
0
0
0
0
0
2094
0
602
0
467
0
0
2721
3560
0
666
0
0
0
0
0
0
0
40
0
0
2240
0
0
4230
4575
0
834
0
0
4838
0
0
0
4675
0
0
4355
1280
0
0
0
0
0
0
0
0
0
0
0
0
0
1070
0
622
0
0
0
4574
0
0
875
0
0
3822
0
4089
1780
0
3365
1831
0
1743
0
0
0
0
4796
0
0
0
0
0
0
0
0
0
0
0
0
2094
1742
1047
0
3311
3061
0
0
317
0
0
936
0
0
4089
554
1496
3181
0
0
3639
0
4168
0
0
0
4395
0
0
0
1939
0
525
2178
3880
0
0
3319
0
0
2497
0
2021
2963
2124
0
4996
0
4820
4367
0
1957
4435
0
0
0
4226
0
0
0
0
3261
0
1927
1040
641
1153
0
3295
0
0
0
3154
0
2523
0
0
0
0
1297
0
0
0
0
0
4287
0
0
0
0
0
0
4939
98
2294
0
3720
3649
370
0
0
0
3780
3378
0
0
0
4390
0
0
562
0
0
0
0
0
0
3095
564
3072
0
0
0
0
0
0
0
0
0
0
0
3140
0
0
0
0
0
4789
139
0
0
0
4538
0
0
0
0
0
0
0
4412
2470
819
0
0
0
141
4290
0
0
688
0
0
2054
0
0
0
0
418
4535
0
0
0
0
1973
0
2313
4877
0
0
0
0
0
2571
0
0
0
0
0
0
0
0
0
175
979
0
0
0
0
0
335
0
3407
0
2983
0
0
3229
0
0
0
1619
946
0
0
0
3745
4251
0
0
2004
0
2809
0
3068
0
3340
138
3258
0
4997
0
2090
0
635
0
0
0
0
0
2750
0
3085
0
0
770
0
0
4956
1876
0
4763
4027
4382
4062
1550
4656
0
171
0
0
0
0
0
0
1075
279
4484
0
0
4124
0
2292
0
0
0
0
1611
0
3561
4342
292
0
0
1014
0
0
0
0
0
953
0
0
0
0
2569
4995
0
0
0
4170
0
776
186
1922
321
0
0
0
0
0
0
0
0
2823
0
0
0
920
0
0
0
0
0
1191
0
36
4950
0
0
0
0
0
3834
0
0
86
0
2745
0
0
1860
0
2541
152
0
4960
0
2119
0
0
3616
2198
4718
0
992
4980
0
248
4113
1081
0
0
0
2238
0
0
0
0
0
0
0
2295
0
3406
0
872
0
0
0
0
420
0
0
1451
0
0
0
1136
0
0
1283
1463
0
0
0
0
0
0
0
0
0
0
0
1547
3716
2160
0
1344
3415
0
4713
0
0
0
0
1640
1433
2810
0
0
2733
1302
0
1268
0
0
0
3234
0
0
2787
3667
0
1430
0
0
0
0
0
2149
0
0
0
0
838
0
690
0
0
0
0
2329
0
747
0
0
0
0
0
4200
792
268
0
2973
0
0
231
0
1079
0
2822
1364
0
0
0
3553
0
4730
0
4828
0
223
2572
0
0
0
2335
3070
0
0
0
0
0
2037
2117
3252
0
0
0
0
499
11
0
0
4337
3558
1043
1082
4941
1339
0
0
0
292
4516
0
3123
3898
0
4585
0
0
0
0
2033
0
2608
4190
0
0
0
0
0
0
0
964
0
0
0
4517
0
0
3851
1231
0
0
0
0
0
3363
3006
2135
0
139
0
0
1278
2490
0
196
0
2670
0
1988
0
0
0
33
0
4958
0
0
0
0
2580
309
0
256
1228
423
0
476
0
0
0
0
4606
0
0
0
0
3398
0
0
0
1236
0
0
0
0
0
3375
0
0
0
0
0
814
0
533
0
0
554
581
0
4701
651
0
0
0
0
4862
0
0
0
0
0
0
0
0
0
3289
0
0
1119
1327
1250
0
0
0
0
1328
2499
0
0
1363
1258
456
0
0
0
712
0
0
0
0
0
0
0
0
0
3222
0
0
0
4925
0
1000
3486
0
0
0
2641
1361
0
0
0
0
0
2151
1536
3441
4123
1804
0
0
3630
4650
0
4666
0
0
0
0
3764
216
0
0
0
0
0
362
0
0
0
536
0
0
4436
0
0
3884
0
174
3470
3369
0
0
2676
0
414
1444
0
0
0
3147
2763
0
0
0
0
0
1786
0
0
2639
0
0
1356
0
0
0
4977
0
0
958
0
974
4329
0
0
905
0
0
0
0
520
0
0
0
1594
4335
0
2379
0
0
0
4599
0
0
0
2972
0
0
0
0
0
0
0
0
0
0
0
1016
0
0
0
1403
4613
1454
0
409
0
0
0
2713
0
0
0
0
4404
0
0
1313
0
0
0
0
0
0
0
0
0
4706
3420
246
3950
0
0
4451
447
2834
0
4107
0
0
0
2574
0
0
0
2789
0
0
0
0
0
0
0
0
1987
540
0
0
0
1428
0
0
0
0
0
47
0
0
0
0
0
4189
0
0
0
4840
0
2200
0
0
0
1754
0
0
0
358
0
0
0
3012
0
0
0
161
0
0
4117
0
0
1671
4817
3629
0
145
0
4511
0
2589
0
4711
262
0
0
713
0
0
0
0
4295
1747
3138
0
0
0
0
0
0
4872
0
0
0
0
0
3612
3768
1063
2458
0
0
0
732
4398
0
0
1615
0
0
95
0
3738
155
0
0
0
2199
0
0
0
0
1984
2997
2707
0
4615
0
0
3826
0
186
0
0
2744
0
2326
1392
4961
0
0
2939
1431
2075
1068
0
1337
0
0
0
0
0
3522
258
4339
0
0
0
1298
0
127
0
111
0
0
0
0
0
4351
0
3582
0
0
0
0
529
3213
0
0
3877
0
3562
0
0
1979
0
0
0
220
0
0
3018
0
0
0
0
0
0
0
0
0
347
0
4554
1379
0
0
2408
1885
0
0
0
262
3005
0
0
408
2244
3172
2865
3761
0
0
0
0
1113
0
0
0
0
0
0
1072
3800
3575
0
0
0
4423
0
0
0
0
0
0
0
3805
0
0
0
0
0
0
4458
1157
0
2630
0
0
3357
255
2390
0
0
278
0
0
0
4804
411
0
0
2183
1380
288
3476
0
282
4495
0
0
0
3042
689
0
778
88
0
0
4384
4974
1691
3329
3427
0
4984
0
0
0
0
3756
2755
3925
0
2452
0
0
0
4234
1072
3812
0
0
0
0
2899
3660
2988
0
16
0
0
0
0
0
0
524
0
183
0
515
0
633
0
4043
3150
0
0
0
0
0
0
0
2868
1511
3169
951
1199
2465
0
236
45
0
3429
0
2942
0
0
2659
200
0
1296
0
1318
0
4232
0
0
0
2191
0
4792
0
935
500
0
234
0
275
0
0
0
4216
297
2757
0
0
0
4149
3722
2258
0
0
1520
689
1243
698
0
0
0
0
0
0
0
44
0
0
4006
1786
0
870
1082
0
0
2672
3631
3534
0
0
0
0
0
0
0
0
2192
1821
3803
0
4612
0
705
0
0
0
0
0
0
0
0
2739
1397
0
819
0
0
4307
2329
2628
0
0
1249
0
27
0
0
1132
0
0
0
0
0
0
664
0
0
0
0
0
3901
0
0
1539
0
3218
1772
0
0
107
0
3848
0
0
0
2935
0
0
4873
0
0
0
0
4684
0
32
1980
2684
0
3216
2065
182
0
0
0
0
0
1680
0
3185
1311
0
4264
4628
2815
0
0
0
2446
0
0
0
4901
0
0
0
0
0
0
1730
0
0
0
0
381
1806
2712
4607
1979
0
0
0
2423
363
4399
1175
2969
2397
0
441
0
0
0
0
0
0
0
2604
0
0
3067
311
0
3299
97
0
0
0
0
0
0
0
0
0
0
1184
0
1644
0
0
0
3266
1828
4084
0
1080
0
0
0
0
2716
0
0
1490
1223
0
4874
0
4219
0
0
0
0
0
0
0
0
3196
0
1161
0
4418
0
0
0
0
0
0
0
0
0
1211
941
0
0
3045
1991
992
0
1230
1186
0
0
625
4866
0
0
3279
4271
1411
0
2955
0
249
0
326
1125
0
0
0
0
3408
0
0
0
0
1966
0
0
0
4903
0
0
4188
0
4414
3268
0
0
0
0
0
0
0
0
0
0
1917
0
0
2559
4885
0
0
0
0
0
0
0
0
4430
4709
0
0
0
0
428
0
2515
0
0
0
631
4527
2798
2364
0
4489
0
0
0
3181
0
2471
0
121
189
0
0
3048
0
0
0
1706
0
0
4813
3224
0
2895
0
0
4709
4506
105
2207
0
0
4112
0
0
0
2466
1885
4347
4228
0
1044
0
0
0
1025
4039
0
1903
0
0
699
0
0
0
991
0
1665
0
0
0
0
186
0
0
1842
0
0
0
0
1963
0
0
2530
0
0
0
0
0
0
4922
0
0
4726
0
0
0
885
0
0
0
3120
0
0
0
2791
0
0
4549
1806
1826
0
0
0
0
0
0
4075
0
0
0
3432
1788
526
563
0
0
591
0
777
0
369
1700
0
0
0
0
0
0
154
0
0
0
0
3647
0
0
1725
0
509
0
224
0
0
0
2031
0
4895
0
0
2832
0
314
0
0
4135
0
3127
3964
0
0
2010
0
0
1958
0
2904
153
0
0
0
0
0
203
0
289
0
157
4940
3251
0
2092
0
317
0
0
0
3298
4531
0
0
0
0
0
0
0
0
0
0
0
0
0
0
1788
3177
0
4285
144
3492
995
0
0
3133
3352
0
1739
0
0
0
230
0
379
0
0
0
1833
219
935
0
0
1334
81
1253
1023
653
2611
751
0
1087
1269
2187
4254
0
0
0
0
0
4712
0
3739
0
0
0
0
64
60
0
2449
1698
0
0
0
3148
4932
0
0
1268
868
1614
0
0
0
0
1938
0
0
0
2045
0
4062
0
617
0
0
0
3156
0
0
0
3987
0
0
0
66
0
0
0
0
1229
448
2621
0
0
0
0
1892
0
4079
0
0
776
0
0
3219
4667
0
0
0
2906
3519
1897
2316
3461
4991
0
0
0
1067
0
3137
3101
4993
829
0
0
1263
2290
0
3120
3060
0
0
2183
0
3350
1036
0
950
2121
0
0
2349
0
233
0
1349
0
0
4821
231
210
0
0
4288
0
3607
0
3102
4026
1305
0
0
4241
1801
0
2204
0
2883
0
787
1150
0
0
2947
0
0
0
283
0
2476
0
0
0
1978
0
0
3890
0
0
862
0
1489
1051
0
0
0
0
537
0
3304
0
0
0
0
0
0
0
0
0
3798
0
1569
0
