3
7
1
5
7
7
2
2
3
9
6
6
8
5
1
15
1
3
12
7
0
2
13
1
14
2
3
17
3
6
4
1
2
7
4
5
6
11
1
2
1
3
3
5
3
0
3
6
8
2
2
2
1
5
1
4
9
3
5
2
5
0
3
0
10
1
21
2
3
5
8
1
3
3
12
1
3
23
10
24
1
12
14
7
6
11
6
4
4
3
4
3
1
1
6
9
3
3
9
10
4
1
7
5
11
1
2
1
1
9
4
2
1
1
2
6
11
4
2
11
14
6
3
4
2
8
1
3
3
2
1
5
2
7
4
3
3
6
6
3
2
5
7
8
1
4
17
0
6
2
4
1
1
16
2
1
12
5
2
0
6
2
9
2
2
6
4
2
2
1
7
24
3
2
8
14
2
6
0
1
2
13
5
8
3
1
1
1
13
2
3
5
15
10
2
10
15
1
5
2
4
7
17
6
1
7
1
5
4
3
2
21
2
1
1
23
5
5
12
12
5
7
3
10
8
1
6
1
1
13
7
6
7
4
1
6
4
1
2
9
1
12
12
2
4
9
6
4
6
1
13
5
2
2
0
1
3
6
3
3
3
1
1
15
5
4
4
1
8
3
13
7
6
0
4
14
1
4
0
2
5
4
1
5
12
10
7
5
5
1
5
6
0
3
8
6
9
7
5
2
26
1
6
8
13
0
4
4
3
5
10
2
10
8
1
3
1
3
6
1
2
1
15
2
1
7
30
3
4
6
3
8
10
4
5
4
1
3
9
16
20
1
6
14
9
3
10
2
2
3
19
4
9
5
10
4
4
10
12
1
7
7
5
5
4
3
3
2
1
1
20
3
9
2
25
2
4
1
11
3
14
5
5
18
6
8
1
5
7
13
6
1
1
3
3
8
3
3
2
0
0
2
5
9
1
3
0
14
4
3
3
1
5
4
1
4
1
3
2
1
1
4
5
5
31
23
1
2
3
6
11
1
2
5
2
5
8
1
1
0
2
9
1
2
6
1
2
4
1
0
4
1
1
2
1
1
6
0
9
1
7
21
10
1
8
1
1
5
9
13
12
5
6
0
11
6
4
2
1
8
5
3
1
1
3
8
5
3
11
2
12
5
4
7
1
2
7
1
3
5
1
10
7
9
2
3
1
17
1
6
3
11
14
3
5
8
2
15
2
3
0
25
6
5
19
1
8
6
8
1
8
1
4
2
6
1
12
7
5
10
17
8
1
23
2
1
1
1
4
6
1
2
2
4
6
23
4
1
15
29
4
1
1
8
6
8
3
3
20
37
10
19
4
2
11
1
3
1
7
8
4
6
14
5
1
1
3
2
5
16
9
5
14
8
1
1
6
3
1
4
35
13
6
1
1
17
2
5
2
1
14
3
4
1
1
5
3
3
3
8
8
5
2
4
2
1
10
1
9
1
4
1
2
4
9
3
6
7
3
9
3
8
2
2
1
6
6
3
7
12
4
2
5
3
8
2
4
3
4
15
4
2
8
5
2
11
5
4
10
9
3
18
6
8
12
13
5
0
5
2
2
8
2
10
8
6
10
16
5
10
2
5
5
5
3
4
1
1
2
2
4
3
3
1
2
2
12
1
2
2
3
16
2
2
7
7
9
17
8
1
15
4
1
22
1
3
0
6
3
26
4
1
4
2
4
1
1
27
1
9
5
3
5
6
1
2
8
0
1
4
5
1
5
5
3
2
8
2
2
3
6
14
2
3
6
3
5
4
5
7
3
1
1
1
5
3
4
12
1
4
14
6
3
1
14
7
4
6
4
3
5
1
8
3
7
11
5
1
0
2
3
11
2
1
11
6
6
1
6
1
8
10
7
2
24
1
4
2
3
2
12
1
2
4
8
2
9
1
4
11
3
4
1
6
15
4
2
1
1
3
8
16
0
1
4
9
3
2
4
5
1
2
1
2
1
2
1
5
7
4
1
2
4
3
12
1
6
4
0
3
2
2
5
7
2
1
1
2
2
11
1
2
1
6
5
2
9
3
5
3
3
4
7
1
4
1
0
4
4
8
1
2
13
3
7
1
4
3
2
6
4
2
1
5
6
2
14
3
15
3
9
2
2
6
16
7
5
6
9
4
1
3
5
10
4
3
2
8
2
2
2
4
3
1
1
6
3
2
26
5
5
5
2
22
2
2
0
8
5
7
7
0
2
2
13
10
14
3
3
2
2
3
12
11
5
1
4
1
8
4
9
2
3
5
1
12
3
9
10
1
2
8
2
1
6
2
1
4
12
10
