7
2
1
3
4
2
9
2
0
14
8
5
6
4
2
1
0
1
10
4
4
3
3
6
1
8
10
1
4
12
9
4
3
4
2
5
2
13
7
13
5
6
5
1
9
1
1
4
2
1
19
23
5
6
9
6
8
7
3
6
2
4
1
2
1
3
2
15
4
14
7
7
3
3
3
2
2
8
1
2
3
17
2
14
9
1
3
9
1
2
8
3
1
6
14
1
3
8
13
9
2
3
4
3
7
9
18
3
2
2
25
0
1
4
1
5
2
1
1
2
21
10
2
7
2
8
4
9
2
4
1
5
17
2
5
2
1
2
1
19
7
2
3
3
8
1
1
0
2
3
9
5
7
12
2
1
2
2
2
13
11
1
5
3
1
2
4
3
5
8
2
1
2
7
8
1
16
4
18
13
5
3
2
9
3
1
5
7
7
8
1
0
1
3
4
8
8
6
1
1
2
3
1
4
1
9
1
2
16
9
5
2
19
11
2
1
6
8
2
5
17
1
1
13
10
10
3
1
14
4
9
3
5
8
2
6
2
6
24
7
1
8
1
5
4
1
2
2
4
1
17
3
1
10
7
4
3
4
12
5
2
1
4
0
4
10
8
8
4
1
2
6
10
4
8
1
1
7
5
2
1
3
8
10
3
2
7
6
4
1
2
7
1
4
2
3
9
4
9
7
2
11
4
3
2
3
8
3
1
4
2
4
3
3
1
6
5
2
1
11
7
4
15
5
1
4
4
4
1
4
9
6
9
4
9
5
2
4
3
1
2
5
2
1
9
2
5
7
10
4
1
12
17
10
21
7
4
7
3
11
1
3
1
5
2
1
4
4
4
6
2
1
2
9
11
1
5
1
10
1
0
8
1
9
10
1
21
3
4
10
14
1
1
4
3
3
1
7
2
3
5
2
1
6
9
2
4
3
7
0
8
3
5
1
1
17
9
17
11
1
17
6
3
7
2
5
4
3
4
4
1
3
1
16
5
1
1
2
4
6
2
9
5
20
8
1
1
1
6
2
10
1
10
11
6
12
3
3
5
1
4
4
1
2
9
20
1
14
6
4
2
2
12
2
6
1
14
6
5
3
1
2
1
7
5
24
3
2
12
2
4
1
19
3
10
1
3
2
2
2
4
15
1
12
1
8
8
6
4
2
5
2
2
16
16
1
2
7
2
7
2
4
6
5
2
2
10
1
11
4
10
3
12
4
1
1
8
3
1
5
8
1
1
3
5
5
6
30
1
6
2
1
4
3
3
3
2
11
3
2
3
2
1
14
27
2
6
1
2
12
14
4
4
1
7
1
7
1
9
5
2
7
7
4
4
3
12
10
1
2
8
2
1
3
1
4
3
1
9
1
5
2
1
3
2
1
7
2
3
7
4
3
6
7
2
2
4
3
9
9
19
8
2
2
12
7
1
11
1
11
8
11
3
3
0
8
3
4
9
7
3
6
14
1
6
5
1
2
4
9
3
6
4
3
6
4
2
1
2
2
1
13
5
5
3
1
2
5
1
2
3
1
0
12
5
4
3
4
2
12
3
3
5
1
0
6
16
3
2
4
1
10
2
1
11
2
8
17
10
2
6
1
5
3
2
2
1
3
9
3
3
8
3
1
9
1
4
9
2
22
4
4
16
2
0
4
3
2
3
3
12
1
5
2
2
3
6
12
9
17
2
17
1
4
4
21
5
1
11
12
6
10
24
11
1
4
0
1
1
1
3
29
3
1
2
1
9
9
8
0
12
4
3
7
2
1
6
8
5
4
1
5
1
2
1
15
5
9
1
4
3
8
4
2
9
5
15
0
3
1
5
9
4
16
10
5
3
9
7
2
0
0
5
6
7
1
5
1
10
2
7
1
4
5
5
4
4
7
2
3
2
3
2
5
8
11
3
5
2
1
7
7
6
2
3
3
2
4
3
3
2
1
3
31
4
7
9
2
1
1
3
12
1
2
4
4
2
5
4
5
11
2
4
3
4
1
2
2
6
3
12
10
3
7
11
19
2
2
4
4
8
1
1
5
6
3
2
8
8
6
9
6
10
9
7
7
12
12
4
8
2
9
3
4
15
2
3
4
12
1
6
1
11
3
8
6
5
4
3
7
1
4
6
1
8
2
4
2
1
1
2
3
8
0
4
3
6
10
6
4
6
17
2
1
19
10
16
3
2
2
3
0
1
9
2
10
6
9
10
6
2
2
1
4
12
1
1
2
11
1
12
7
4
1
7
1
2
6
5
1
2
3
2
9
11
1
9
8
2
12
