Case 1:
2274
2265
2246
2274
2247
2270
2249
2296
2295
2274
2261
2286
2258
2314
2286
2256
2286
2277
2296
2256
2267
2289
2266
2267
2261
2286
2277
2265
2265
2289
2267
2295
2295
2296
2258
2289
2296
2277
2296
2258
2265
2235
2258
2246
2304
2265
2296
2258
2249
2277
2268
2289
2270
2289
2261
2296
2247
2265
2296
2238
2314
2277
2296
2286
2286
2286
2258
2286
2266
2314
2277
2286
2258
2274
2268
2270
2277
2304
2238
2265
2279
2249
2295
2258
2286
2258
2296
2256
2277
2314
2277
2268
2286
2238
2266
2277
2274
2296
2261
2238
2247
2274
2289
2261
2277
2277
2295
2296
2304
2295
2277
2238
2295
2304
2277
2295
2286
2235
2247
2270
2295
2304
2246
2261
2314
2279
2295
2314
2283
2235
2314
2304
2247
2256
2256
2258
2277
2277
2296
2283
2295
2283
2247
2283
2258
2314
2268
2286
2314
2267
2249
2295
2256
2286
2304
2286
2277
2261
2277
2246
2249
2279
2277
2246
2289
2295
2265
2258
2258
2286
2270
2289
2246
2295
2258
2270
2266
2249
2258
2265
2256
2258
2286
2286
2305
2258
2249
2238
2235
2261
2286
2258
2286
2268
2258
2266
2279
2295
2277
2256
2314
2247
2274
2235
2247
2279
2249
2258
2296
2283
2289
2258
2249
2256
2295
2286
2274
2274
2286
2286
2295
2265
2258
2296
2295
2286
2266
2296
2277
2268
2235
2295
2295
2274
2283
2305
2265
2277
2289
2270
2258
2295
2258
2283
2277
2247
2305
2238
2286
2279
2238
2247
2261
2274
2305
2265
2270
2286
2267
2265
2277
2286
2314
2261
2246
2258
2296
2258
2289
2261
2295
2279
2274
2277
2286
2304
2261
2249
2258
2277
2277
2268
2268
2286
2246
2268
2305
2268
2277
2238
2246
2277
2286
2277
2314
2286
2235
2265
2266
2268
2238
2256
2277
2265
2283
2268
2289
2295
2305
2304
2286
2283
2286
2265
2286
2268
2277
2277
2286
2314
2286
2274
2286
2296
2258
2279
2268
2258
2256
2266
2305
2266
2258
2314
2256
2279
2295
2286
2283
2266
2258
2304
2274
2238
2295
2283
2283
2238
2279
2277
2274
2279
2261
2258
2304
2289
2305
2265
2265
2238
2238
2265
2296
2266
2295
2286
2305
2286
2261
2268
2270
2249
2277
2265
2258
2286
2268
2270
2286
2277
2286
2270
2277
2286
2296
2268
2314
2314
2266
2246
2261
2270
2286
2277
2247
2256
2277
2277
2268
2249
2256
2295
2277
2256
2305
2266
2247
2286
2314
2235
2249
2258
2295
2305
2258
2247
2286
2295
2277
2279
2267
2277
2277
2286
2268
2268
2274
2295
2258
2274
2277
2274
2286
2235
2286
2258
2289
2295
2261
2277
2277
2286
2304
2279
2314
2274
2258
2277
2305
2277
2279
2267
2289
2286
2235
2286
2277
2261
2268
2265
2305
2256
2270
2249
2267
2258
2256
2267
2304
2305
2246
2274
2258
2268
2261
2286
2274
2277
2314
2261
2277
2238
2289
2256
2279
2286
2274
2314
2268
2286
2277
2270
2247
2286
2314
2246
2289
2266
2246
2258
Case 2:
36225
37071
37127
36567
37049
37063
36768
36684
36930
36843
37252
36506
36768
36780
36589
36519
37012
37003
36673
37127
36664
36444
36196
36532
36463
37104
37252
36672
36812
36856
36652
36764
36742
36335
36506
36091
36480
36423
37071
36726
36853
36440
36686
36692
36980
36243
36403
36022
36783
36381
36793
36267
36664
36951
36628
36833
36451
36812
36808
36478
36429
36873
36815
36706
37032
36509
36513
36469
36589
36783
36622
37207
36497
36506
36438
36093
37049
36465
36979
36603
36792
36640
36467
36150
36541
36922
36781
36478
36026
36783
36142
36979
36203
36777
36843
36777
36335
36196
36923
36346
36445
36536
36341
36639
37086
36451
36116
36689
36990
36703
36335
36192
36315
36696
36571
36769
36947
36937
36243
36825
36243
36686
37295
36985
36609
36282
37069
36520
37146
36616
37253
36198
36916
37029
36626
36706
36243
36866
36323
36979
36686
36270
36829
36684
36392
36283
36812
36203
37253
36643
36742
36660
36887
36828
36382
36350
36708
37090
36853
36270
37000
36379
36780
36551
36640
36873
36403
36526
36889
36660
36652
36394
36597
36828
36379
36922
36429
36257
36598
36540
36737
36348
36123
36628
36708
36508
36519
36725
36192
36026
37175
36686
36832
36502
36559
36853
36727
36598
36503
36800
36726
36643
36098
36843
36708
36612
36472
36306
37048
36312
36409
36443
36672
36466
37127
36123
36531
37063
36381
37020
37253
36574
36947
36856
37335
36325
36125
36873
37284
36574
36597
37253
36923
36786
36509
36411
36937
36891
36436
36183
35982
36815
36780
36684
36196
36167
37042
37062
36689
36474
36465
36622
36755
36348
36467
37082
36325
36465
37063
36438
36660
36606
36502
36611
36532
36553
36577
36474
36507
36429
36571
36722
37167
36710
36468
36125
36506
37335
36058
36734
36609
36769
36423
36728
36737
36664
36167
36595
36276
37178
36905
36589
36363
36570
36296
36956
36403
36536
36432
36399
36780
36315
36875
36622
36603
36444
36734
36186
36058
36601
36831
36218
37295
36601
36922
36894
37126
36557
36753
36425
36425
36742
36874
36451
36574
36192
36752
36181
36532
36829
36352
36894
36985
36125
36734
36381
37167
37295
36551
36432
36429
36534
37144
36150
36312
36667
36432
36849
36985
36639
36091
36731
36662
36352
36540
36398
36267
36930
36800
36257
36509
36673
36373
36469
37175
36726
36755
36881
36203
36216
36686
36373
37123
37012
37048
36513
36465
36652
36755
36532
36478
36474
37146
36783
37210
36125
36403
37335
36520
36542
37208
37069
36225
36612
36381
36559
36742
36915
36749
37142
36597
36411
36945
36480
36696
36847
36499
37208
36786
36399
36611
36790
36285
36506
36643
36116
36567
36737
36691
36394
36432
36310
36536
36916
36509
36474
36381
36181
36842
36958
36889
36652
36335
36786
37086
36472
37371
36346
37166
36373
36392
36786
36737
36198
36381
36990
36123
36786
36737
36120
36601
36125
36847
36689
36091
36739
36853
36598
36609
36856
36813
36986
36633
36755
37127
36792
37020
36777
36415
36291
36866
36800
36123
36847
37009
36742
37104
36844
36167
37252
36633
36348
36465
36352
36706
36594
36750
36734
36792
36468
36672
36513
36922
36951
36415
36247
36750
36564
36066
37012
36731
36403
36564
37000
36945
36292
36888
36243
36928
36317
36225
36726
36662
36423
37029
37328
36291
37335
36990
36660
36727
36536
36429
36829
36851
36937
36916
36325
36499
37103
36696
36624
36750
36728
36392
36444
36737
36800
36520
36644
37167
36698
36753
36381
36469
36875
36664
36506
36125
36703
36181
36598
36828
36403
37103
36574
36686
36831
36408
37042
36856
36692
36633
36769
36436
36832
36722
37105
36624
36713
36341
36218
36198
36939
36842
36853
36049
36164
36780
36423
36752
36887
36715
36381
36267
36611
36923
36800
36487
36742
36296
36749
36440
36628
36508
36565
36534
36022
36478
36597
36423
36768
36660
36851
36884
36594
36542
36726
37042
36049
36884
36640
36342
36243
36267
36403
36831
37103
36611
36135
36403
36221
36725
36218
36426
36726
36506
37144
37116
36348
36260
36359
36506
36744
37144
36640
36312
36661
36221
36509
36364
36889
36930
36856
36958
36598
36341
36662
36888
36125
36923
36150
37243
36786
36643
36564
36813
36916
36066
36315
37144
36551
36285
36616
36763
36540
36423
36536
36267
36423
36813
36135
36711
37082
36617
36536
36813
37127
36350
37105
36739
36856
36026
36750
36058
36574
36708
36661
37041
36749
36832
36906
36706
36923
37371
36664
36916
37029
37335
36892
36951
36315
36399
36958
37123
36979
36947
36660
36135
36586
36503
37335
36853
36780
36777
36323
36123
36318
36611
36947
36612
36551
36382
36894
36595
36603
36664
36465
36664
36342
36669
36739
36708
36192
36381
36657
36727
36567
37009
36833
36626
36731
36856
37253
36216
36474
36813
36225
36559
36243
36916
35982
37090
36708
36606
36711
36577
36696
37071
36691
36673
36818
36694
36616
36651
37335
36257
36639
36603
36296
36502
36348
36696
36270
36689
36125
36742
37078
36866
36325
36726
37328
36164
36559
36777
36091
37015
36713
37210
36881
36888
36962
36853
36768
37048
36692
36432
36218
36398
36317
36359
36927
36632
36728
36985
36780
36186
37049
36318
36905
36578
36423
36507
36932
36557
36768
36423
36291
36737
36408
37243
37049
36183
36959
36703
37104
36894
36624
36657
36640
36777
36973
36499
37144
36702
36218
36526
36116
36881
36408
36310
36887
36317
37252
36423
36341
37071
36744
36979
36049
37335
36381
37032
37009
36853
36559
36513
36847
37105
36564
36847
36342
37063
36888
36662
36093
36282
36905
37335
36813
36318
36474
36847
37284
37082
36813
36918
36815
36598
36402
36655
36446
37042
37202
36572
36664
36833
37116
37061
36432
36984
36643
37166
36906
36734
37015
36167
36267
36815
36402
36853
36158
36192
37210
36465
36672
36480
36967
37253
36887
36156
36536
37082
36737
36856
36221
36570
36956
37167
36425
36791
37243
36686
37061
36731
36769
36706
36793
36932
36469
36436
36577
36564
37328
36728
36833
36711
37080
36617
36937
36889
36423
36640
36652
36923
37042
36819
37243
36531
36291
36520
36520
36828
36939
36381
36703
36812
36686
36541
36609
36708
36731
36026
36889
36446
36812
36990
36686
36411
36708
36750
36135
36478
36564
36660
36150
36632
37108
36881
36571
36617
36363
36093
37202
36292
36502
36472
36564
36742
36164
36379
35982
36980
36098
36734
36856
37071
36531
36881
37062
Case 3:
366607961
368794650
365965099
371375375
363041321
362186417
373320885
372114059
368611803
364644309
368229722
360974174
366269963
364769529
365707335
364019423
369204575
361897742
371021527
367734491
364674896
363318268
362740420
367375473
370485727
367136931
365023757
362625274
366271157
365866511
368227010
360878940
365683370
361881143
365538859
367840623
368787499
364091597
361065741
366101421
372355317
371559092
370521265
367039389
365523786
364534806
359998678
367251170
366706368
360355307
367573340
370198921
369935517
370906411
367768848
361741318
365185603
369499783
368329000
368319554
367505939
367621633
369276420
371697299
365987477
366465008
372156803
364602732
365305243
368552025
366522246
364749515
365805583
372787140
361736121
366160627
360195444
371817861
364013143
364314406
366861654
363333952
369965781
367870086
362872633
369811312
369643584
365509602
362906774
367529339
366104682
367313322
367529769
371039366
371047723
369245961
367134085
368023675
362587193
368480188
370662328
367265824
362014502
365783312
370717243
366653637
366599286
366916810
366626571
366768289
368517571
367161100
370893145
365144852
370716400
366300433
363007601
366666498
368007063
365846734
360050195
371123945
363325549
365594589
363312940
363392420
365923162
364264533
366351072
366516100
359687892
365043551
366277739
365880698
366088404
367206049
371018442
368417703
364989658
366225247
365401494
366069071
363533746
363639937
365115520
365219729
368541994
365041228
368439918
366703794
366264200
367551984
361188797
365120406
370060290
368587219
362972651
364790864
361515170
366617748
363511778
364972657
366646805
367992410
363723573
368161478
364286731
368561481
371315290
361427538
366736132
363865640
367025618
368592021
364854941
366115490
368633186
369457958
368401996
364856921
366289796
369088750
371656228
367750864
369130081
366584861
364893396
365730781
366877928
369439845
362035373
361738205
364066535
368473980
365607741
364384672
361278549
363377100
373114166
360342899
365861268
369070348
368062362
371076128
372011661
362481404
371716937
368039044
365579607
363098891
366455791
365390266
373195423
364858050
365561944
362777167
371092434
362863433
364141082
371052003
370320363
364065663
362868404
371461381
360460057
369334720
364852388
364893833
362062362
363526419
362784674
371104205
362276538
363555430
365026834
363233379
367432780
369777792
372403774
369367625
360331509
363017014
365991754
364863856
364729928
363142353
364583380
372360018
364805665
364571234
360184201
369688527
362477762
362358638
365220481
366520218
367435805
368038860
363690149
366314747
363595046
369731293
366712695
361191070
368323175
365882765
369531138
372228657
367154141
367235660
361871234
369131263
368849394
365711735
368715263
363147835
369559448
365651148
368693389
371814945
361538090
367393351
370325415
365787920
369058766
368778197
364869009
370242205
366812102
367273814
364722874
365668913
367528936
361901588
368012939
371371888
361687070
365674830
363988906
363149999
363189621
368381071
364467994
366436284
363945931
361914207
360816724
361537718
367050791
364148560
364538353
370297369
369459853
368622340
368872507
368377307
370015616
367152812
368578230
373529220
362226616
369898503
364191155
360381986
366831611
362062478
371355034
364762447
359900982
364620549
368492690
368291012
367420209
368056432
372551033
361381754
364264642
363159640
366176531
369957746
367578401
369696626
362994713
365866836
371441129
366728111
359908751
362776167
372209761
369412154
365756189
365041550
365086805
365864958
365226885
368991894
362932015
362056743
368290925
366383885
372553761
366080476
367132682
369021306
361402477
364067292
362578225
371197660
363619712
362008437
363373555
370495295
365590628
366498686
370205228
363163178
363951166
365967677
370363728
363416331
366443732
366204859
365661219
364458957
364381383
361155589
367320872
361831490
366174080
367088581
366739478
363827070
369861047
360760138
368648021
365887595
369280235
369579214
369015612
364099750
367167036
365010310
365182492
362220482
365329734
364640779
369307539
365541184
367424705
363149580
369236063
367379818
372475801
370914897
372459527
363107254
366461248
370950610
368424022
365670887
370000599
372881780
363713305
365412510
362925364
364483805
366738513
367437275
368776878
361561920
369104383
370500961
363481553
370369928
364439106
360776533
365286065
359849653
371883849
363696713
366156977
365130753
366275446
362384947
372712280
365588355
363876346
368376054
367765026
369147039
372946964
366681643
365821742
371156213
368789127
369801879
366754775
366939387
364876794
370835109
371536718
364517531
369143603
364563050
369921424
362579663
366622938
365627678
366983763
364007217
362610778
364224621
365968135
363549544
371136532
365943572
365892024
370464665
366346746
368666885
365687375
364071718
370281672
366671761
363647631
365991083
363471547
364007751
369942171
363678823
366482325
362393196
369035479
371285528
367610264
365613356
365946422
364245457
364049388
365338905
369443470
370671042
368499853
368509536
361979609
364605152
370904166
369973617
366173756
365822979
362588778
368418994
367932309
365957423
372998491
368198898
364706684
365579523
365802152
363173469
369876459
368242682
359839591
363052066
371819950
365069971
360241886
364635297
362941174
362862608
365481899
371607386
365782191
368861575
367234497
368208169
370296617
371713971
365405031
366218075
362284505
366203442
362121543
364473043
364598451
361007733
365993963
364719154
361254876
371994942
366614480
363620654
368433509
365612625
362864179
367190763
363570677
365598542
366469361
359413769
366080129
366232698
367293296
371238829
367678384
371024991
368761737
366617912
368942362
359275984
365658811
366329083
371123757
368268350
362188481
365639833
368681211
364781701
368006782
364329999
367939498
365879154
369997416
367359967
363607795
364870553
366233462
368950530
369519253
373298858
368369757
363326169
364447560
366671351
367349804
370274363
365703705
371572274
366513705
370031489
366646164
361266805
366776652
360354492
364658448
363608849
368554671
368570484
364425544
366177449
364053345
368626330
364995383
367241685
371127751
365875370
363097763
370467785
359646187
365609580
365575088
367985588
368364765
368634063
361525552
366541808
364897991
365239908
366580316
372194411
365863114
367812293
370588320
362702124
362780604
364973778
370783557
370293682
361987804
362683768
366279770
362513522
363833023
359979273
366210113
368474824
367778794
363720646
363729208
371228203
365452730
364864701
364719866
365981023
364824342
362273563
370491900
366434783
366088710
368576422
366266017
366130048
370648276
366202803
365469646
367151647
370900292
362698805
369164250
365106001
365126488
364555198
372174195
362227485
366892916
361564986
367359243
367481434
366953356
370055773
362804133
372393617
364046055
364164683
361639640
367022715
367672887
366494425
365644458
365107560
371152040
365774747
369465745
364455390
363293509
370425634
369772619
369672173
367984025
371650739
370746845
366949660
368520148
367632523
369036913
366289613
367424516
370655446
362665492
366345340
364191797
366804727
368474449
364193726
366722428
367953991
362596869
364580746
367104916
363849537
365799499
365703302
366859500
365348552
363231920
364010904
365634037
364393210
369796650
365598551
361852259
367542350
360521607
365505221
371616242
366288592
363034986
368743277
365156061
365330544
361897365
364219887
370250045
368523933
360714359
370964729
367720803
359308187
365947129
371878613
365002705
361523447
366555195
365569029
365323219
368038623
367102153
365332716
367801917
369533974
362692558
368178847
363252763
370393409
363949966
364285558
366571461
367055376
359898043
365265522
363524061
368887694
369871285
367844041
368268373
366189917
368152247
370505967
368915719
367442782
364978649
366222400
369524287
362781830
364982343
361576178
369574230
363905313
365228998
363344291
368942028
369340273
365690235
367360196
361743967
368277974
370383351
368726738
363870196
366565912
368929368
367545325
366814540
365146281
365615909
362142229
363985072
367827519
367633439
368153427
370113227
363951491
363386387
366860697
371838280
370917649
364964125
363176880
363555194
361073944
366553254
366465563
370769447
365924090
366563048
362361684
361540830
360476848
368467881
370067195
366880370
369470078
362303841
367969431
365533994
365041607
368300929
365737341
365997677
369154167
361197713
371046761
359830638
366452192
364178074
359782331
368109492
363443813
363442741
361100134
366809168
363920635
369770838
366790582
364689154
363526154
366471607
368860020
366532358
361920037
369456082
365553314
364172969
367116064
362552991
368783267
362510199
364964919
361890568
368123354
367511852
368863388
368057140
365276168
366278573
370676282
367721363
373285583
366531462
364264247
364308068
371236576
362463408
367359142
369466782
369275002
371783891
365535644
371328671
369431378
369058943
365118425
363941272
360451290
368375456
366160150
364907247
369882854
370375137
365646469
365424540
366100520
364256228
366457853
367615625
366572240
364353929
366058255
362726759
367069741
364058196
368976933
366583213
363490341
368589430
367920080
366610726
368754720
372953802
364296357
369314833
366508733
367256609
365711181
365712332
365155258
366994987
365694929
365572530
369590697
367116610
368023921
369097635
361010419
368255964
367441824
372404152
366468794
369691485
364400907
370718920
362369488
367822056
366327775
361785589
365748655
367127858
366878484
366057044
368021066
364512275
362213967
372213712
368496125
361295964
363959461
364775472
366884530
365311001
368235630
366076529
368525631
360642128
362061518
366667522
365885641
364147176
364526001
365421743
365127056
369275959
368837077
363725831
367466752
367874718
367531112
366677484
369385435
364474124
370494249
367217441
369017286
366170193
364722245
364906310
367922504
370179577
366702428
360190661
371669531
366688751
365728926
363760247
367404438
364244482
364074464
370698952
369949228
368367763
364059002
