52639
55406
72778
54893
31854
3069
4317
385800
65839
83181
191315
12145
14934
27816
39539
80779
151139
242323
57860
14575
225042
8888
9297
130307
106835
20703
71224
46746
4052
2153
101782
16162
2619
2957
31847
145806
174061
63334
173537
124849
6000
38902
14911
17210
104593
14245
96191
41493
47304
7392
28453
6346
33430
105026
273595
30430
3673
1341
5711
117102
8883
18431
6678
147938
63649
61908
192575
25946
4320
5570
25075
130
4985
101898
2147
32893
5072
256402
5903
18698
89258
20242
6925
2615
79309
756
13273
126765
578
25086
13923
156557
97048
208760
104582
6930
14835
90
113318
1217
13417
419
1604
6024
29948
196793
10246
9970
1647
5678
37269
8637
127240
28227
159365
10380
45532
453
100371
27356
10236
323665
1780
1339
61469
140997
5097
50675
1480
59852
90631
201
213222
345569
15756
113742
51886
109135
3214
57220
302018
247123
203
10810
409560
7497
125327
114738
203724
58509
3207
3122
242478
189535
231643
10254
80040
5508
144756
160996
5709
1484
118023
7857
188877
34204
106794
182881
99237
68169
26612
3794
1603
106388
3624
12025
276514
105868
41990
14
48826
36197
2270
868
34969
124344
3
79737
1442
57225
1336
23961
12000
42885
52881
179943
55797
68364
78878
36505
11560
74
12972
224335
320513
3285
6812
228345
875
124347
153303
78
90183
609
650
219
35208
79878
997
3961
70353
1658
1
50056
327787
15266
156582
74259
99203
21855
131803
22858
4415
101473
9586
18148
101914
48575
7517
238916
2896
15
152
47871
8253
4153
342113
193281
74288
154995
60242
6470
44265
351147
46322
25541
95776
45542
35233
109465
80460
27532
35740
14926
51222
59437
206939
94903
206198
69474
22285
365
21002
200058
169581
43210
8743
16855
2
52499
29934
21880
9562
107556
295776
268500
269261
7233
9567
17210
30436
21239
1135
45166
10958
16176
36460
46750
218
69628
12474
20
5177
36791
58835
59563
17169
309598
246
280937
40080
103490
317443
26865
44888
54812
51374
328559
15
265603
171302
22211
131142
58549
139486
226300
39761
37061
398911
2082
191383
14228
11740
54
35399
184078
25929
4428
114239
92788
49960
115201
154450
10565
25
14999
1705
2341
88986
134772
3809
71640
167
224
3549
34870
49497
102792
26643
83651
99055
314358
56
361
270675
937
367796
3294
240462
60248
749
73179
115199
9855
286123
15280
6588
425671
68010
161032
202494
65425
4305
141563
18120
20197
2622
274327
222419
51610
3805
9163
19680
87370
512
191357
54564
12777
288311
214586
113652
41768
59769
288242
3543
152225
147965
134862
96212
234995
342969
44000
149470
58499
55405
14245
32328
309675
65472
192689
1281
6199
3062
389318
88526
1725
81315
29491
65075
114672
880
13901
18159
171294
12478
11407
49483
153366
2979
89840
291265
184
217696
1606
2380
17807
453
208172
109013
54878
254316
3441
45484
184230
56438
86944
31367
326868
52531
225
156546
80896
360
16685
191979
69405
9256
190222
60433
58551
66761
15254
115677
5719
20000
221685
25069
26832
32637
28929
22502
840
148391
43145
416758
134183
477
2402
105491
105464
42591
53809
8756
43714
62994
166706
108091
5809
361164
38897
20271
103
24654
325285
3868
212080
166654
1294
86894
282424
1087
542
102795
245756
93535
171763
173548
27593
209348
61226
2256
32592
9975
86887
72032
53
10109
3795
193155
274298
197463
3548
351996
105503
21707
53924
6040
42214
3539
49475
797
229016
160542
177619
137794
82043
33354
10838
173546
5304
574
2
7509
48480
62256
100542
51353
9824
87199
6911
1053
115
20661
1284
24382
134
121903
135381
100
20067
36274
1341
136391
20071
19278
513
238413
46022
78502
20068
181192
12788
1004
115674
60559
74514
222381
57167
57872
240286
417563
41092
161571
39009
54442
10067
152177
1335
4801
2145
1833
71657
722
790
292764
62517
20884
644
321313
321306
58822
1718
112381
221749
5076
93202
23327
29178
249390
174703
167768
30845
3225
79328
27361
147802
231696
91100
11777
42052
4702
182328
1330
123321
165528
2912
10391
289116
12734
122816
12320
33340
4055
15956
2205
48854
3968
106841
9570
54590
99041
26611
581
143579
97913
5086
63734
92710
24688
354524
175865
220444
167782
128795
16950
36501
369
252877
274282
75791
103689
31572
65459
647
336514
1279
107172
3301
6244
176445
184065
50372
11148
6248
217917
295150
94458
225
41129
3785
874
117553
38093
166572
20299
1540
50423
55806
50929
106293
376394
1777
185341
22227
63654
116617
10701
135400
926
62931
6582
26654
20096
125706
2021
72067
195640
336457
47652
10838
122408
245257
51929
2917
315039
44362
47222
99250
12781
88
68907
141065
36240
12961
110055
6338
6246
116148
58498
141592
208759
62313
48826
21038
276501
161020
3225
2147
19100
121875
3789
53801
144190
240
118030
24788
34981
22534
259242
53611
42352
416
39709
162120
57391
5901
2081
2337
397973
15252
81276
26645
131814
48814
10545
265
286777
165009
292828
22700
38686
116135
75398
210
67201
5372
392792
199327
13907
108621
33182
308
37074
17779
64041
70883
13790
169557
142056
105053
342
14916
43972
49
16315
52318
55553
14
387492
637
105464
119009
98718
14554
203825
42043
5395
17206
79261
165510
14164
171200
105953
27024
265621
63687
60903
91113
234989
95741
15255
423011
507
18534
15085
21
89403
6135
30593
77
67230
2073
229000
73121
151655
127782
167
37835
73871
3301
152275
19079
114125
23562
69041
164397
22492
77718
2343
248678
72298
11115
39452
72422
17218
9682
240433
6
115097
32566
163895
53
19656
125337
70197
20662
1711
684
24874
119005
9444
6317
66195
996
315822
3061
19282
60159
241841
11562
161527
3876
132824
39835
131250
34712
201299
48829
22071
837
3
25510
56167
357021
18530
267700
14584
333269
64388
15274
160996
74689
68670
79658
1700
36988
91074
47567
10671
564
5477
102274
261368
212603
270608
141602
1044
15092
9680
67187
350322
118961
35666
3293
8129
32669
6915
3288
1393
76603
512
51271
36
175806
8499
164
7514
33896
365455
63994
171305
245
3712
29639
24437
363777
450
1878
162099
279375
59521
203747
40284
8894
1895
148493
180499
44374
112381
96174
23562
27081
72974
34197
11127
68528
152749
165020
82910
131713
37111
4138
18246
54902
212047
23763
59820
188359
36970
59515
15744
34615
106361
1657
407656
105046
23818
1716
