2774
314807
102376
102828
67160
946
9180
45147
7260
95701
22363
130298
296058
189413
434
178495
496
3321
74688
210269
415402
4465
3239
27729
147148
365073
51678
51357
214833
153731
53299
206396
10
165594
4753
861
207037
41038
595
13203
22578
9453
5565
216144
1325
5886
38501
232896
239076
44549
64976
210918
63900
100573
232896
225446
25651
419971
125246
255244
903
10730
463188
118336
108807
203196
5252
167901
101472
5670
407239
8000
45148
435
326822
150420
24090
181496
63901
348183
319592
31877
204473
57627
12560
53955
24751
253106
5671
114956
122261
1176
11175
11475
76632
3570
741
15929
83433
10
47892
61072
1378
314807
132864
3321
132865
454566
208325
63187
1485
129281
31623
4277
67524
34453
256678
1176
8911
120
52971
6216
25425
47584
394701
5253
111151
348184
409045
7626
15399
45
136497
105106
325
133898
56615
990
52971
106948
4371
305358
4463
263892
9590
109273
299143
117365
2080
45
230853
780
6
152070
28440
55275
48515
13530
83025
5460
22576
17954
85073
137020
145525
70496
36855
171400
2926
77811
8001
14028
228817
170813
53625
29400
3828
861
66791
1829
83842
2628
243246
154282
21734
438500
50082
28201
40183
83025
168484
21
351
141242
54615
1081
129790
43657
109742
61072
63901
20706
64617
18915
21527
132865
18336
3160
17391
2556
183305
22364
67893
3486
25199
5459
101471
1275
5564
106950
25649
1176
30875
24751
133380
39620
16470
17203
1275
77812
1275
340711
66
12719
25423
110210
2080
1829
167326
257392
46053
2415
85902
206395
31626
372801
47277
4095
16468
53954
31624
72007
91
94392
55608
137021
166169
114478
84251
36313
79798
82212
66062
3740
237008
4186
17020
5459
237695
11934
62127
29646
6555
234263
98785
52000
105
69003
188795
23869
83026
186347
106026
190
18913
134934
51678
127760
86315
106950
109741
52323
111151
1596
4370
93958
60374
73150
167905
10295
27495
165592
83840
71248
6216
1540
24088
63187
1830
703
72006
8515
1
31124
561
14196
28
280114
193746
182099
2278
7260
48515
123251
115433
231
303802
1035
142304
15931
14878
92661
1176
2415
2701
8778
48824
36
29400
107412
219445
58308
62831
157635
32637
354051
258831
162156
96137
126247
111625
251685
209620
62831
4186
146604
4465
49452
53954
25425
9179
9870
25876
20299
344855
231532
136497
1035
56613
105565
144448
55607
6
10153
77418
39338
269004
48826
406
2080
21945
7140
11475
239770
6
24528
306923
8646
167902
3828
16471
231
59682
45
20503
24753
9045
386746
32893
630
194993
78998
21945
182702
108340
110681
343196
296054
64617
94390
42192
167903
30380
120290
51036
35509
1539
18527
1596
27026
3915
2926
6
162159
47276
17954
1275
196243
26332
6786
903
44253
73915
9730
3321
60029
171
44547
4371
205754
93959
91373
41615
276
87987
170814
94827
4560
7626
196243
105
231
88827
18526
80598
154839
13695
45
53625
3486
3486
25650
196871
2485
1596
73918
153729
144448
220771
149325
21319
402739
28678
19898
14878
113998
7625
220105
107413
66426
1540
3080
9453
180293
20098
30134
61772
128266
36045
15224
137545
5253
780
184522
9179
32383
74688
200021
33410
18721
2485
15931
2701
140180
122259
31624
128266
2415
27964
10
5460
10152
16110
6786
8001
6215
14534
185129
5886
7021
45
283120
20909
8384
162158
69749
253
175523
77418
38224
182098
17576
173750
18721
12879
86733
34979
630
67525
24751
46357
72387
2485
94390
6
25651
595
33928
10
28
131835
1176
103734
11476
8128
32128
243243
10730
81806
196243
3240
1431
73150
47585
280868
148234
5356
51678
51678
16109
75853
4185
27728
58994
210915
127255
7624
12090
378
36
327635
4950
2278
298370
50083
1128
175521
53954
8255
279367
164446
4464
1224
222771
435
6902
230852
31623
95698
44548
4560
1485
143375
22364
10
57290
121765
39058
7140
58308
38224
41327
1081
1596
61072
3486
192503
66063
2701
61775
174929
50718
60725
212217
101472
23869
79000
204470
6328
66
24975
77024
96136
103282
1596
127760
119800
34978
12880
21115
210
32896
105108
666
22577
75852
9729
101922
23651
1377
14877
312432
17765
1275
1891
260269
23653
233575
91
97899
153728
1770
3240
57628
112570
17955
63901
18721
151517
143372
10152
303798
81002
22153
7874
175521
25423
97900
118824
7624
200021
55
1035
68261
16470
36853
169065
49770
360814
118336
299912
48826
527
218784
136
30874
39900
32130
54614
26794
48514
61423
233575
10585
363364
106949
296822
1378
58650
24530
78998
105567
163872
66429
391155
150969
298370
17764
91
61073
205753
231
105
36
270468
69748
471890
441315
169648
110680
9316
27728
29400
4278
408141
149871
468980
276
70124
46053
17577
595
137021
5356
3081
101023
27493
191265
57967
100571
159323
309280
417226
139651
222771
273418
24529
1485
138070
120
223438
91
76244
276
9870
10876
16289
4277
3081
248853
342366
325
118823
20706
51678
9591
52000
28203
11781
14028
131324
159324
53300
74687
21945
140179
44548
28438
173748
32384
6785
4949
5460
3080
214830
32130
162158
31373
48824
134935
12880
53627
3
126249
47892
465115
83024
63543
6555
127255
20099
1378
3403
246745
182099
338243
23650
144985
74302
33929
263892
180293
83433
134934
249563
43362
7503
47894
2485
18527
159323
100572
252398
28202
2850
496
27028
39903
23218
153730
1378
12403
256675
6440
185740
71252
7625
436629
2701
19699
148778
1080
171
289172
3
8126
6786
946
1431
946
128772
64616
325
9591
211566
10440
71627
1653
149871
32130
37401
17764
293752
5565
36313
110680
165593
36854
353206
11780
59682
81807
360811
9180
153
2080
43657
66
110682
79796
96577
1127
167323
21
45448
155954
5252
25200
188182
55275
78
10730
126749
25651
33408
36043
106028
44850
143373
22576
4850
134935
2145
108806
17019
10584
153
283120
21113
75075
237694
397372
2700
820
150971
1953
73917
66429
162728
102827
153174
6327
388506
456474
231
43068
4656
152623
80197
255247
82212
139653
65338
459345
7381
7381
35509
46358
23220
13202
19305
183914
22365
2628
4278
11781
21735
29645
47585
126750
253
630
114477
2278
780
55941
46969
45
89671
60723
9315
2414
150968
370216
7381
99677
18721
161021
173161
45751
10
177305
220773
25877
141771
84662
81806
77417
7140
43954
93093
153
5460
29159
946
110212
