2779466
9999779
11467133
12073630
2011120
7323966
4641158
1640774
5405330
37916892
21735043
2595016
13445086
166598
25802701
2644660
10345663
117002
22646598
15449461
30073792
2165316
479112
27674363
6118
58536
14368526
3888733
10958242
5532232
4160075
1338837
8400565
1691228
6817238
39887970
1689097
1420564
635618
27577811
5199
18731577
13945372
1571463
13049219
4471724
11865409
2662766
35163
6926289
405730
20854646
4722470
33503092
11036952
6643894
3270081
4700730
514499
25435535
185242
14891011
483842
28940877
2212305
6272219
33374322
3493353
951486
1484555
129224
23860461
479105
3028471
1658596
12542149
504357
2814495
1371223
1158287
32250253
708664
1061865
725019
5783427
3412833
3305723
3957681
31261513
2906385
4080756
9117327
13659084
15757666
35821912
1413667
712105
710944
12256553
2644190
1882684
1784470
42695880
3495194
4387012
1685472
18405832
20950531
10656
99195
41199509
13908966
32250
482949
186477
43665288
5356922
47940
1575264
326823
17785
21676593
10701402
32893
8941209
3983125
10065363
33270035
768552
1953772
3864458
1111415
3288060
33479175
558157
146235
122811
394509
31464826
1600037
2405425
6092406
11628077
31331
368729
38252611
1302205
3828967
10734431
21217869
7785799
2594751
578154
13470868
6164541
40045
14242899
39721057
799212
3916019
203700
8135599
5630379
155488
2094503
203166
402192
7767599
637281
744322
1418938
30168
6433544
33173683
17690918
978820
9150799
235366
5928448
15951486
4316698
9461206
7200270
28336410
199237
16950295
1124235
1213124
26529113
954253
2821794
430209
935214
49325
136208
173553
9179528
4927215
21443374
3175790
14074214
3696634
5861151
4813944
26975289
5083258
2861570
935280
14168133
14189497
1197647
2012
4701424
4540072
915163
36406808
18074746
10570737
499452
26932392
25478723
149982
23990524
175264
13151206
2742821
95660
157197
29224947
3153533
1701909
52587
267042
422182
1818206
16264445
288343
8076035
6820796
11064968
13609521
21397963
8025651
2292393
1350155
18377822
1525223
19540746
15912617
39984595
15940484
6458698
4746913
8833915
5485666
3788186
17342336
989790
800433
9121559
137367
18869300
25612646
584442
17342025
2210252
19627653
184069
20366884
602812
4191049
483889
9337150
461784
14937416
11186474
14538325
7029116
3415869
36793
17685777
18821
12805
3212801
18791387
17059730
16320547
33684
6813543
14232701
9000076
4421446
7670604
921797
8404496
760025
5222146
116
917767
2809318
205566
128212
12665944
198057
346326
770965
4569806
34435300
9867505
35980317
52539
5857767
46364
5538830
34713019
2579315
31942702
621227
2763285
5133777
16168938
4786409
3880
1346248
3651024
1565131
33850619
41405206
517337
503381
24250297
2368957
8240342
3230120
33631480
8260369
20893256
12087735
14501646
23970247
1100799
11111576
9494506
15291133
58150
5145772
3608083
24587779
2092520
2710329
6
5353068
3537488
5421180
2396695
18137
35703
28596490
16302098
7767557
25072806
4689
91915
91886
21870999
12463313
13794534
8356259
19788422
37532102
1292615
4311454
3351765
10629851
41701344
6827771
149487
633498
4498510
1268956
15940408
934644
16586025
1658700
18116411
13191299
3850629
237589
39137
6828109
6074532
1143296
12630959
34672025
477163
5509204
14923307
4850302
12834261
2558181
2830713
3815044
18045325
2580791
31381
3611474
4352107
3921800
7735291
30757014
1077082
154402
44981294
40549846
3782776
2425242
1450728
4641128
15395124
6272185
1911137
6812525
1353475
19794767
2860740
23259449
32114736
9567664
2516959
3629790
11660174
4503
31511421
1054619
35470
1402419
1205462
14682201
7935156
10843214
1017779
19850277
40037518
3258078
4507598
14533727
1371326
47144532
15090435
7428778
2235928
34364
3060003
138403
9247386
6999826
521326
7136446
1030411
18562128
8668367
18899477
28151180
980923
131306
1716440
10611528
4581875
25527727
1525116
18080
11064663
7625041
15069037
15663386
1223966
28366157
17522858
2985199
3553484
15204289
37969174
147322
26065418
499487
2276992
3183179
572864
1390945
2835482
2339
36465712
11703457
37789446
267885
5861086
4416268
1496279
1386160
3977359
12611374
3534940
62985
1092145
789181
81922
9776279
43033221
9968972
1298876
12586615
6773736
3490425
6640151
8742314
30672820
31112903
1214688
512324
528055
2184435
10583813
477642
32813996
10935153
1429
1658757
14199583
7620886
9688543
8302990
884674
70200
4162917
2705123
10466163
8583393
12954370
800461
3532829
217822
4930953
13226441
49812
169568
13516777
1640860
15063477
14211411
33446583
45223
15656293
764936
2058846
969248
830304
7426095
13020076
999605
26514489
5152458
3872604
40949718
36398679
23260132
16665292
13404491
113237
2765491
8595588
13166108
1243348
18056995
1312881
6447198
10963584
38424593
241235
30005143
3287
139424
14881
14213
2825502
462839
8975525
2298891
40691625
3232312
6296835
14638818
117517
238961
2494784
7211447
9702318
4390034
20918407
16292401
622409
8710242
1273143
11938021
12413562
360262
1093704
17921294
127772
12214534
413133
10963603
2223339
3549896
219634
201892
19302358
5901657
863833
115001
29097109
1190359
3801643
16146652
1591497
12379544
293596
4952085
439506
15313151
19180395
34181910
22204936
7441481
141942
9460275
8014130
69441
1767352
26895918
15884633
16040520
22335992
7810315
159925
9750397
992703
9551566
929894
4846972
169512
3495692
3877906
65495
12486565
2277875
17342615
26086331
10643586
858301
2503569
39764975
8112418
7144056
3938406
206881
2696125
756
2706037
7017405
3367012
706285
15646338
15956852
6126890
469419
718109
337375
7828717
516278
17715524
1249579
395433
3569254
3250699
4185426
2539177
5412139
2558757
24291455
3069955
97059
4487165
281
19844483
26285767
37413355
21167694
2014469
22454813
55831
6085432
2863028
10135545
17070458
17145734
24202543
6593140
22764386
16978304
1804333
6985313
4905914
6353062
7099644
196865
7551620
2759
10207017
7350494
5140081
15371477
1475820
1127299
7771429
26143
2332767
4635536
15807177
9087472
4626165
9117467
5193576
49090
3982562
1884479
6550685
3996504
242437
10353879
9197868
25267845
213724
3435537
88
1106153
5871001
439401
86862
1975107
1316206
2752073
10651932
388339
3052776
14185188
2835776
9033651
270517
3656333
15057943
1364697
4527785
4340395
958173
26643717
927228
15344165
29172992
218360
461838
13990497
8092916
6405735
11679242
3547337
4116365
792585
4007805
6525833
2093959
71198
20067731
693332
7395643
2319921
217823
2630210
81695
841889
5966054
368821
26450124
5982756
28284631
5656247
7605621
5256847
7184746
1871052
2858874
13872593
2178101
191386
12824713
3321128
14971774
92147
5483
15192120
14905533
21845413
2064485
24393594
13506911
1501529
483801
15171928
16529353
10056706
342185
105336
8488773
2609852
10684781
3366875
30719168
74621
3965875
5244623
2298756
19528940
18004176
20055301
3113904
5469678
9130161
2589642
756141
23820215
8946365
11275
485028
13645129
5716774
6136976
3305981
7927427
4219629
2354113
9067253
7532684
13125
2068407
36507458
27623070
3993113
19812981
6025
5901099
292807
26500843
32281816
173467
95308
4328427
2461701
19673
3035811
14613420
4208633
11842160
6387671
2414261
7163027
7491167
652374
3057237
16790557
525398
24263897
2744959
1173245
907465
2122820
1210083
660393
800557
4262726
3653552
154148
127256
2477224
12819783
368793
2092565
12157
5840386
16145138
9353430
5369952
381436
3725823
1300335
6327012
3937949
9482666
9148
11764925
793151
2438270
6017205
14574401
240354
12112310
85706
17528527
3725829
11298410
25254473
11204554
6157051
314407
2842705
9043
3924434
2523651
45837
7659459
11933444
958330
2223356
11780317
3382235
2901617
20632853
34942759
9538236
11009474
2932654
35646757
38269185
285220
5522233
27849646
5469114
1549410
976852
418534
14220497
17996716
26406353
1418322
7058
18222682
21605690
2932561
3234655
737221
413213
4997
1024716
46023337
924518
14111451
816783
16669329
8041486
118
2565849
453396
2616
26765725
4005046
23922634
10784680
6632396
1461679
12126863
7147755
1891786
1922962
4625849
20494299
2388071
15614
25191517
12764715
10610987
16511357
220404
5766039
2697
15284626
1863719
5055247
1194905
19720055
2842908
3074810
456242
232196
162577
2710287
33093673
2100700
14273114
526546
15777579
268
184014
7856
3432989
11326004
8041366
14080564
15995945
18174740
5033586
103009
725010
6313027
2485959
49808
10898813
30434574
34004464
7452662
397943
322180
8825562
141931
13306499
9758552
16500260
148875
5014646
8987396
220227
9789181
2052604
7517578
34477020
128799
30681051
16597025
30433725
373819
12014325
27990061
21426
6563
3527235
7339358
5395318
7262978
911312
1760490
8444752
19793866
27953364
10113920
21411272
329351
4060193
2772733
230401
1617855
3177429
34399
6272558
7563162
510287
15958
22897756
5789925
3316370
2198863
380633
22917687
1048
16544349
4576040
740480
21334218
3003845
35976
1382647
1712913
1603827
134206
16224423
25756
8875286
30135090
24416
5587899
2828510
15829471
215916
27351963
1203939
2396794
15280541
38062807
2601612
37806014
328383
22618943
835490
8476542
13424897
28224
8012937
7178194
5968952
130656
3511190
11466837
3278083
5614641
8632126
5643304
19924800
727527
4322
882174
9920139
1825798
1667638
523551
13588463
1892034
1005151
979046
17370149
27222411
11985666
3089492
5747150
105869
1465647
18485871
108612
24498023
2721790
115109
158101
5769495
804348
6140886
36702045
4599299
27236810
4879
769469
2094183
15601839
12775365
169224
2761195
132688
7452729
37421164
1048734
10429891
3801390
298928
974412
19198308
348781
11200006
386810
15526388
13035356
6317668
13413820
4352189
758707
1077460
19100567
1103807
10620853
509
1213022
38948
1087791
43307405
6985399
46762864
148
23582364
270611
2992490
7163224
18677396
374314
17024841
3725210
10060878
959517
20607802
15275171
6889658
19241090
17874143
10779105
1705423
6762699
18517
39993338
2682825
3653634
35570888
3101786
5285419
382462
7774631
38361
7506035
180275
1365910
1178072
10269035
15851335
520324
8514255
11909551
20993585
16670833
2868428
6683455
8530383
2002628
24982586
14740594
8883362
517525
7892263
7308880
1540791
24850554
2057953
2179305
25422408
37307
417600
4995746
2508028
383318
18401550
17581139
3761173
4308548
16006581
5945470
27630670
8348909
27563973
6391592
927048
4572150
6185575
14623843
19234646
1910826
3180523
847369
1514876
734592
583523
19467703
11069038
3661709
11373371
30081301
3527322
7297684
236450
2124839
1457043
10376724
8858996
73767
13287336
5107886
18634930
383272
61219
10867443
9461211
1527029
5462649
26256696
5581157
9392513
7990548
976133
80446
1556346
207407
1509789
3438615
6229
6034268
1577
1747751
7384586
1009
19186198
39091666
695877
3672312
2184512
70081
5965308
6178753
2246398
195007
8028930
12102598
6912104
3242850
1093710
5886857
26149
345567
5083426
9289601
2320118
3308559
8244701
1663825
6289714
10958485
22878549
6864490
26672328
12993928
12238367
13389339
15154979
25802266
102564
6293130
5689921
360367
167219
2381750
6149750
7399526
2407836
13578045
4884371
450750
514
25155905
2852183
32256905
1764346
25837427
13779332
6536067
45824
506015
274956
12606373
22231173
5702
42786849
1194805
195623
946021
2356042
1003857
11447384
2133202
42034
2854347
9654066
8805002
103197
14204761
7178007
28508107
256055
11354269
480780
25037923
26593183
7986440
2488050
3343296
20727896
345362
288241
11618718
29346499
12238416
11491164
4575614
16484239
404186
17022
8949767
425754
12261758
414882
13095631
7693990
101762
4768189
10853254
8751468
4340144
43638034
22138085
24147173
10101014
2264937
3250441
1120055
986994
13860569
16342739
2093995
1767744
11037480
52269
46688
5064367
7244992
91919
811819
81275
6216655
9810924
6926569
14116994
16922119
35001902
490700
8065323
828270
601593
17915232
900510
913920
18110361
21708796
9771631
4492954
27316753
44
10899438
3866892
1382797
10866046
123766
1048998
3831511
5810485
12894478
2068730
21559504
2217483
8236350
1115613
16489760
3482878
27186088
9577181
3177927
3509012
4439098
27717761
2717398
2760152
12804885
1418895
41170
3637868
156477
44664312
1034644
25296409
8316017
18743697
8288326
747838
14247946
16040356
19819077
57778
5860911
23246327
574310
1968995
45985589
32925134
3333942
657948
25478710
20336509
13655474
60204
14793224
73904
83295
1810666
34829119
23807049
1870715
5159125
3389985
6870983
2269331
1369712
1360077
3913104
7391749
974796
5437328
19980774
21205725
7155642
6303780
29991125
6134067
6412203
714713
450610
2184107
1833634
9066381
16023716
27872724
1022758
751284
16218391
232105
9999448
2961373
6809485
733545
11130384
1542445
24662535
959
54854
12062400
1566779
66865
9792648
774684
149411
32013544
89320
8945439
12175378
25930716
1974
9367311
743155
1554379
2896631
1902059
2277943
11144208
3103059
17475979
389951
4915187
19510784
173527
83703
1836601
1382479
262056
148917
5717108
38389
36785973
12830025
8627842
3511687
2799756
634583
4343468
2168048
11699456
9963511
43693208
2102713
8895738
6151066
2444872
600518
2545729
661522
23786906
3074654
223664
17162704
7550693
9071351
8176816
726993
671447
7951079
10912522
3461
41492
45317956
4013446
13074528
74
4756253
1582586
475127
10167190
2468356
1537218
1410541
20791804
12719074
1308564
18689586
27047575
13862044
16687896
1587798
3443795
1213002
1028988
488632
1188647
5750237
5340711
37623
263924
360373
40077
3954898
6068531
2433334
10620696
3045858
37422358
11674870
160804
14143088
10206570
19204502
5123447
6849421
15253318
919005
1136060
2100269
40063769
600730
339716
4410466
1649916
4088864
32353
3988432
12739942
122797
1081
28261847
13256136
2206948
19386831
21962546
2769724
3632283
2474192
33728508
22693062
40816363
6412763
19259351
139460
2390490
510300
1239224
11736227
11190791
17937
75397
2003124
7896432
11074197
7478038
15241571
2153610
10752991
4372595
15246390
7752167
2973388
4890867
6636785
7196787
876936
2281571
7055524
24072797
786961
53795
4807239
535665
24996547
1372160
2590060
16676961
30457992
2025977
265658
5836756
2034690
26415
7586179
30158
6665473
2908920
8280258
11570729
3267486
193745
18653265
10638523
7520208
9740399
102
3273287
4302064
16767371
18479342
18244918
8701754
4841311
35522124
45853741
31083130
22106698
507353
7783378
8496939
5887777
19100872
6479885
32201495
1096561
835689
3790197
9294676
3
366
6704877
722924
24134168
256401
5434629
6907727
13292809
17505218
7779169
2473260
19394108
2468428
6565294
47893
96620
6425967
209431
3747177
10435536
7252695
418830
6020458
19893973
5164990
13531934
3817764
169505
12063894
4320421
39993797
33493737
9075114
352983
5456083
19442912
6394791
33269918
47054
1612588
1571668
3545443
1616224
25282443
194939
104869
2545667
5340617
8419600
7234214
35034327
74147
6672555
23018847
1710686
1332489
635
33886
11991560
21404936
834402
4638512
163126
24496564
5456967
36382367
1504662
830850
190745
19204200
11075079
854929
25562622
144783
3168271
15608465
2556
600709
3441401
24802010
12626684
7166580
19516091
544845
9315215
91650
1908683
1166073
24802040
954135
5693598
164939
16184893
34409
1113999
1945798
20507110
22598830
4433943
334102
3513498
2805371
6082184
79210
3016702
9267
25114244
9688219
25682818
30146
3833975
2014737
178696
239097
1080421
6370132
19609297
794396
25065
4680068
19363194
146826
217253
17093962
11158133
1511593
536602
6384349
1721916
1459016
552010
4798231
24670562
39083133
23421522
9793386
4980
1209988
7609365
26278146
10249
22198159
17031031
15806563
43858767
38037663
8416940
9684990
2240161
14295106
3150111
31400895
12209690
550978
29572339
444975
3637736
4273982
14353526
2108058
68692
3670103
5282795
2177672
11135057
11818646
16631136
47263
1313054
8896285
20242937
708678
18827938
3503558
751254
5250778
13236792
28963
696952
10029711
18131854
5077099
4013422
4911238
12773712
1703076
2022161
34223262
240469
22021602
702834
5382527
642404
125759
73371
24120274
30945
28337389
206229
1284774
14544034
1838843
10843834
1454144
32957650
33737085
4457245
362639
7460536
1142181
393718
7362170
16286
2694616
6419616
2313655
8228137
259863
26896
226
22211452
23847699
7375
30549631
47125382
854906
7467953
13250735
5649808
18791725
15716960
3007031
22467101
2360561
2749455
20099
6335227
4179703
100133
352539
32108203
4131366
4768267
2300230
3932091
22785855
2965871
14475114
10484708
5111546
22945261
947320
26008678
1351759
2844906
9916316
9320464
3590188
32535661
12487733
6762933
2190501
576043
3910731
2164089
3627044
17961681
228943
251508
1531296
4554896
14858881
1705523
246588
1732956
10061484
120739
18961235
8014143
5884705
176261
8404549
5790182
16767545
1031816
550999
25922674
12878963
36474801
2331
12082337
1165593
110995
132
11218556
134357
917880
866413
5437696
2341184
138894
1029162
18515503
1609124
32037268
1170498
1552965
2259180
11447161
12170555
24760141
10029287
21735173
5679929
369459
18377889
5962476
5561636
334972
7748525
492565
43463455
516418
14977236
43713
1602090
7748549
394595
3902791
1460555
2920443
5841178
782323
29975434
2965663
220975
7532739
8853608
535
171746
11709062
32859
11102114
136860
40055029
32131765
7409768
2501255
35895632
38822738
36785750
51827
143192
29105762
19887639
2628464
963638
3033111
2347199
14425987
168285
697082
2847514
946100
3553644
35305913
15669022
4566379
9277564
30858
6831739
13654355
37472931
982150
7328108
2468715
35026191
10779604
14079159
8224378
347078
11068698
8104897
1255655
2863867
26264938
313492
2103005
5581317
11442829
6817078
8510307
693543
545783
2042488
2572727
4537271
5575150
156003
1589507
5017818
13130649
2568094
309555
17025294
213897
7233523
14230
757442
2397204
612253
356117
40629
872
26357008
33037557
2648683
25184760
5594575
14159022
8567227
44888025
272178
1324013
33085742
9029664
28056715
250095
10457994
15548195
14373299
17271345
2229433
1325768
15074412
1182619
2219
8825747
6074925
4704708
24877352
34894149
14533160
1292300
8085208
8756
27983
111752
59513
21649676
3028413
6324957
1092
21689460
35059926
4291548
4247829
242531
228931
17088050
2767800
398056
27010635
8925223
17392968
5914836
10386155
22652850
295860
33245957
133273
2781670
84930
6981267
4780096
1727758
2034778
34
1743086
10398405
32772845
652310
15823704
337470
1743703
22178624
10153243
18640165
13272367
34004777
13722117
4439451
6181847
2627
384236
9584700
7536792
1053162
10697736
9495335
16270016
10985630
8874963
15079875
11613893
13964617
7429802
4844507
14793910
4704580
42816
11732326
2657291
15318420
485718
20905852
11494817
19437075
791893
29178
414003
1087843
5311619
3941399
12253017
4620205
23401452
3704232
6164742
12310867
439594
42950932
105024
5114465
6065006
3503767
29451971
17850719
5083311
147300
448795
293320
32139
21566961
5314841
1225453
1771928
931394
7252623
21269175
232413
14290185
2746784
299615
4096
3587494
27141828
19955544
225558
1879101
8924870
2630
4165073
1590988
3815
33390618
3680514
5850170
10087701
114976
3422683
12719136
10030254
1770
15990177
1938383
1043362
33866791
4196562
14190382
804198
17598547
285994
29846054
8408887
12853900
15373184
5779330
1553077
2052885
10967853
43777
2565778
385052
30627
2967848
2929971
9741732
10278875
244601
3869563
4086265
2906320
12770251
405911
616866
2080308
38432825
22494150
1977515
17144802
22752457
773383
260551
35555464
694732
9210349
3707
3793613
7266179
10853771
3156112
24725783
21994985
73516
90149
170118
984161
6078904
3539522
3709953
1273674
1604708
414484
549935
2839724
515259
5401307
671521
4498491
24842472
29594648
359499
1996350
29269724
31097679
2255045
6759235
209528
2288202
104124
1176391
730980
6733836
790668
3742006
1351431
28315262
1211051
17528058
7919704
1133178
19701428
3828577
122777
18157637
9354265
4351887
20866847
2343407
17254690
36147631
4734616
4810753
13363884
1450535
10954655
471456
1282431
4605
6799051
473163
4296742
1446921
2336196
1191894
157140
11628065
270626
5911493
4291393
7199453
7388255
9564
6992574
20905964
1359914
8199913
1645566
8239726
17313530
8871148
15465926
25930202
1228281
407930
2144625
1487764
16078965
6037
7159
6632996
11293374
2856372
2765326
245330
16538869
22771477
5330914
19874
7096074
18503222
895372
546
11176850
4635770
59162
25337773
7073895
232793
3579726
42987626
42714185
17203522
4844198
35414768
13727850
3760037
2082645
1432019
278554
19626557
3893601
12849884
30734056
20556386
1850333
13686153
69798
11661231
653580
26228197
17346695
9297
3769287
7967168
212601
2967354
17791839
17551480
29248626
9937587
51235
1373528
32336984
1575573
767378
407761
8800712
4581165
464770
168384
1782760
2292240
563343
2646480
4930875
8648706
56832
1231487
5444195
575
1047274
14554572
22145656
329240
5111486
3537450
228370
25682907
19850580
2896975
9049987
38183020
19578230
14500512
61924
8936835
18205119
685239
4647595
211337
54123
173242
654652
492616
210001
483881
81627
15148261
13018296
3328646
3982677
119481
6482910
400622
2889556
2364625
672809
17592825
34927083
880759
11613572
43748298
1248610
91811
3643163
11051550
9171
2208921
607037
125163
3311357
21469557
3555076
3263369
24739709
14394078
36030064
22217688
14007466
164939
328436
5604616
3382261
12675655
1453471
18731017
3459548
28707640
4144753
35555473
6363195
217165
3310840
5760415
28686813
241709
11288720
14982591
11410928
1776609
673669
16910636
33996250
16107710
7316798
4251009
89260
489263
24312365
165530
21877972
10711201
31238630
553153
2852027
974927
1087813
138513
754013
6137077
7724986
37702974
37814094
41151
29512091
3160237
9598859
3433762
9801882
26477996
32829893
4463143
8478107
21871585
4349200
515
13316696
81535
18713448
22553943
3075
456149
762342
5356925
9417699
10757368
2809694
3175039
4117499
550879
2252538
13619682
18068395
2350010
6494131
785683
1658730
126623
386794
190601
26136348
13505580
8049048
6096205
3894453
3282925
3163184
1710741
1490878
155871
1006632
3118378
8038139
1429026
3493640
272950
14337
1682260
6679686
128180
5095819
17567490
18324095
15613277
1309720
22925606
7640066
515248
2147514
8664983
15424
52180
1773550
439417
15160976
367856
46088
15160722
3381957
2800319
13110694
5408645
1610781
8328
24968690
6762615
4880760
4061443
328108
196305
90987
13070716
24441609
6359779
11561484
9680469
26079608
1337340
8908140
15220658
12321164
2499098
224390
3290145
4320309
26427663
6192366
2143658
1898010
36719014
22336105
8879613
543650
22236554
6518939
24428185
2565886
679851
932848
4413325
3807
13220589
6423355
12591540
1136140
2014770
693545
96945
18401799
37779853
4273933
1385464
27309
1612000
2512255
257761
160453
2326214
17778860
10826150
2444454
576092
575103
686633
925159
12859802
2262879
2300265
32694623
11302661
1167579
9282150
6631
278658
8485899
4250805
3927428
7674764
1933701
2298690
5860251
15383344
585566
1317966
1418636
31699503
8755482
4933664
24767046
4533926
4999268
2624000
936566
15155350
14579678
8284448
16636768
376300
4884571
3020846
34836635
373943
15548246
23058823
24174831
342632
240178
27981358
6718884
23427960
4814
1358226
1701883
2547518
2842157
17715424
6334415
10825938
306616
1250121
741906
37209764
115164
44117168
422168
5447166
14950419
397947
955517
107570
1429068
13707011
2676054
18015350
1540667
511453
2989271
474177
1560120
13150801
7947049
30672129
15684266
246047
12247972
8837090
869333
4492602
1655321
545801
19229130
6593411
1917487
604943
5247610
7066575
20117146
4531292
1194846
6780694
563995
1839041
15669226
1995019
7018526
10936
15520683
11718000
441345
8751409
5401733
804087
13242200
14216445
14982723
1371379
18687557
688847
6974272
23138087
3858927
6797
343810
12848820
12888281
4125818
5234910
9004364
24209423
17627827
2913432
2046109
4111468
10560674
3566557
1037644
19461048
13040138
658017
25662106
28955548
103578
2624100
15466035
5168415
159880
6912105
10206714
3842507
2856915
5171666
184644
30679670
21379851
171732
38991
3283326
2528256
928628
14629336
9955649
1325861
171241
309636
3255895
257243
30742393
618054
762
1281615
2525818
2563412
117566
41638394
8904020
22845537
7586249
33744014
12709439
17703432
5102
843578
3048118
3243109
5033455
1727040
3576489
10145367
755003
24367450
51660
19393753
9134369
498655
1468945
8112809
692311
1369784
345419
3252755
32677792
156078
127225
1897902
45247
28455759
3054669
7354249
105441
17342574
3036003
596209
364551
534458
23171542
3369078
5629864
5401995
10004201
29195
230381
1245155
1865381
704621
6074203
913902
286033
152674
1127418
1587604
2536872
20886605
1596668
6579312
1186
15724382
10593496
2693701
20822500
932301
6825
564303
14820861
7717778
5340840
21865351
8091884
5880728
20028725
1869340
2061791
21994994
10543289
48210
352825
38701613
6383624
489734
2854334
201284
1440732
638824
16625271
838306
3359096
6533219
2275646
32117
420329
3258077
15785125
1911233
9176280
1673057
3896753
4847768
14874744
10246488
1518547
9727292
16732693
1309104
9602585
3065
3825934
826985
1086221
146813
891390
31179
7200215
4629228
1201094
5304641
1678538
12613
23238960
35381471
16018086
9280
9584650
2674094
1093585
916503
21643925
1566995
12845042
9452796
52860
7570807
9667855
981465
9737349
14044016
20645789
18405783
3720620
18288582
217131
4501237
969157
12093164
27222081
3632418
3140334
259870
14756969
10176542
8216192
3288404
14575504
8304067
840720
2984651
96020
12670850
66104
1422267
2008351
11093514
2449141
8076950
702611
3008736
2521017
241038
398882
11923012
4330924
2944255
268215
19192231
571823
7798732
10025333
20475501
5064762
1835167
7475908
31659092
3980325
11082789
4653484
359512
774615
5797016
2856888
17480443
32614556
15744952
5379182
26186339
1012065
16882127
7898
4165561
484008
9374659
82876
1767809
6353087
567671
4348971
827028
54243
8219964
25507126
3260679
8045421
2795280
1797506
844421
13100470
2002848
22719509
2599371
89031
6572120
32549965
6511460
7510018
23039023
24531035
1456984
471373
2364771
43757502
2313930
2008813
227017
16308695
623375
422
102294
13302909
9090917
3364194
8396435
1335265
9819088
5080462
11914040
5334605
14132483
5506201
158788
5736947
1392543
24780693
660942
37763660
11399991
3431072
25212275
1332393
659233
11321474
1991119
41378334
26092968
2492541
3331480
807300
29846500
34935974
1340388
309514
672730
149981
3260758
948926
773527
31230786
8502542
3399656
3971224
27033070
6164146
8673481
4245354
7779161
459069
2918205
2420693
17534047
45467
1122981
2912
1834
578269
4416062
11405997
8974853
193072
19424619
346258
468423
26952957
74088
5180977
24031546
34004348
14379785
7181819
7426073
13496313
18401101
4146
10693552
5190390
24271188
8616051
684021
2145
10565300
30605
11377484
17803346
5578311
860167
2034728
7597456
9885493
100090
1423551
10327658
26415
4314571
417633
8562979
1148030
9551503
610943
2147383
21296072
8437366
14586295
10390345
9163648
678936
11890254
4689577
56556
19399079
6593313
24318185
1094749
491657
13271069
5959284
11209710
1214688
1244580
42205991
385074
644581
19985902
13753346
9374677
744187
558137
1036052
1662157
3474642
30434
756268
166004
8619971
264273
825698
38502005
1371369
4165392
32305726
279196
134763
668128
10148729
2013189
18761761
595251
4802
19204539
23536253
1470891
9959873
5067555
15542828
26278146
11008684
7129810
1565339
4179374
1011985
8269
25745365
21611225
13674712
7343054
23859995
31190703
3309
20854643
149508
3603421
15416824
1096367
288998
4276930
372173
1928964
3113918
4958162
9397107
118
2556929
8978925
3403056
11552220
1808485
6948838
475185
1397431
4549103
21321332
283943
6988990
46747
12238539
1601259
6307128
989171
1631911
20639514
9294661
7459407
12652
25136016
1242082
9196514
3480026
7998181
22739463
1660773
151569
8845823
9507820
1240921
306516
3456794
5457363
277233
1204985
10158376
3809527
5427687
3850794
9946385
8846149
1410005
13762685
1669
85339
5976034
28085954
8502273
8248204
1683809
4334826
22329723
568756
2135068
989663
744259
7203939
1077004
28122654
2821011
117980
12616439
2440120
1664123
11860792
412110
98339
17221120
3091638
13981668
36600225
2948903
25488
192574
2594322
1506614
9201267
660167
6377395
29406044
3076708
87331
7162977
1007847
1361271
14629040
87644
12402970
25959038
7881
34729648
31770091
14533399
14826608
8032572
2167864
552161
62946
1236266
62989
31262135
111862
23664383
20412602
1343745
616878
652391
17926879
14595637
19987176
15449563
38658
4887374
50993
9172045
4337684
3431031
2278032
20531736
9020
10542330
1624602
65347
8432195
2994970
7429726
7899896
21379404
12272518
18887999
3372283
8635385
5703450
17388
840871
3480445
14411524
283150
662567
4512757
6780395
33793235
44606
10761299
18997713
4543138
14891105
21754529
1234536
1244116
157526
19428691
33808344
21192919
6447837
8854891
156015
413919
3313514
20880059
5324412
86
111775
1248711
387239
4061319
721
40349
3295974
33927
13105322
271425
16534230
3944074
1305548
10807025
7241521
7271429
4130
16996509
1418791
13919104
5571511
2282090
24011474
2135318
19436862
1512934
7395820
20582719
690058
1725583
24656577
526439
3736579
30750209
94850
2362837
9087293
3503618
8207946
82424
4363399
27315508
8367
3377155
3952412
7621222
20759642
3096250
11190751
6937640
33679205
4983340
4899618
498657
13388099
4807438
7697914
465646
417589
6973281
14022702
2117152
20877
16442994
4782504
29549549
5247867
3576945
10574233
1987266
18115910
23313991
4410187
22172163
22428487
15735619
36827962
23936285
2040675
408705
1038502
196412
6250973
260355
1671535
40674113
3881
16201079
38372493
441205
29000454
432779
20036
17383245
42459704
34493217
2908
5295875
8030028
2261274
2034498
707422
10206776
32296467
3543191
2138988
5370023
3664066
15966394
25113487
577723
10017201
10087426
1838973
8624397
20777722
9856
11736020
6335089
712168
2538989
15350012
6944797
30120
1940427
1087785
995316
13736778
615813
22473718
9833105
27214835
1599847
77702
8000827
2279795
645560
18181623
51034
18104436
10447897
5817400
19064665
12823877
103142
17215354
7954694
4799017
25471512
44999810
198633
6233352
1175102
123728
10004141
40073038
19676111
18431767
3488099
213915
4819871
678
5673941
26342398
20393419
1220901
3550776
125790
14043584
164352
4964174
520373
284666
13394218
62644
532449
115
779506
23400567
3335520
920452
87674
94100
4030216
2646449
546866
448792
13035132
21772488
31659067
12964622
42532366
2949382
1827892
498655
8355314
916187
1012887
5020035
12428998
2453112
1043318
3744587
774584
12345999
301207
1856269
4662755
5114965
5437905
5850992
1219536
4374914
473379
20494132
3192939
6436725
17874289
11443641
444032
405127
80440
6247849
1054621
529441
3935811
9045098
14063524
34166229
16410822
1906013
6723135
1027587
1479349
8203728
1380331
15153677
26852935
48232
7670795
20918741
4967800
1644566
996074
756338
3609060
3055231
1467440
10216015
5186
4217033
150498
2139306
25457963
22099650
24264208
3723369
15030977
6402072
1043201
1337385
18127576
13690809
28881068
9733168
17814963
12829846
114223
7685337
36197684
1489183
3889049
6632838
917881
1514191
3405327
26400333
2157254
16247471
85697
7986374
213768
800370
15128555
7513514
2006269
2159231
4483938
470487
6889917
1725825
22694
76476
5051827
2572356
5305180
10048044
6820843
27425304
5820771
6901062
6390956
365452
4581919
4366696
14527705
4749825
4299991
2401403
14138067
244590
7437929
1007849
7779367
34231604
2662374
1231550
113210
1961815
36259
548854
18167824
13105764
4032837
34020178
902060
11481592
907773
149388
140519
8291969
7982291
10381089
23313132
22124720
278302
28396729
6003584
1311285
5177986
5247003
1589362
33377
30113043
686442
16495235
3028638
3156162
489734
4915209
13287555
8364697
641238
6600855
1779240
2770589
38814321
6384072
1369611
13779284
9393227
1051818
15345838
8958580
25054
21844521
104985
13934835
12373623
6307503
10968151
4901
365279
1014202
759869
22759322
2613005
4453816
1031611
984526
2592701
11894766
7547531
7044221
114092
601486
24587585
1672808
960315
1808837
3682974
22355413
1054023
2906194
2770030
8037510
2275752
37763241
13912740
11580399
8108665
177038
29768736
20835567
30335302
6064414
206
1694773
17505291
6547201
38536788
5793556
9341678
30787890
123851
2248373
11237170
28182
1715058
22381283
404115
3645110
404222
1023084
19418649
57445
31840474
5515523
1657
16018251
1248711
294291
2538796
164952
13430072
123342
16018173
191919
9025275
1915192
2094530
15855564
825500
2490747
332476
10332000
6788102
26429
3503656
37370362
2920740
1475963
1488960
66466
6265480
123548
3858357
8160531
10056045
847325
15465416
2429160
14431148
11599630
4569093
6199626
3195069
7144
1739524
7088655
133720
9269931
192951
10927162
20752622
9226981
1744244
12053284
2800550
715645
74204
25994131
927172
2136758
225419
2433796
1474072
25261823
2137130
3213218
6996037
13175677
4439105
1168846
20911903
22054142
24538886
7195586
8413170
4069035
185327
5567633
4587980
1440626
3212787
132247
9310522
8210895
2167571
3351106
217726
10707174
10273226
2290537
12740072
15383994
11101226
25289205
216537
7911763
759837
13195240
82770
5030147
20924729
316722
9749902
7029266
40284024
1459245
1550720
8251991
4563825
351219
21502152
35396800
2048601
6690730
23623866
24379995
27718620
5313
144711
2103035
82094
633394
1400933
13430131
799183
29488867
4725651
5102044
385975
3072371
3648807
30519254
3470310
2854414
8240042
1118371
5340832
4622327
6244329
22294
19112966
4677522
44029
37277437
475047
1717
35158002
858873
50116
218468
8037608
5164462
6426034
13798490
26
216246
222890
11536496
4510316
4551377
38796965
801692
13010057
893939
2696347
8763442
2246498
9815067
206209
15628
3839765
1480973
8057677
113691
695766
801816
1771592
337701
3131169
18479403
435681
30242803
1568156
1920998
208713
3377282
3671549
1321317
2074297
39449510
25556325
3577165
1722087
1322882
28508227
7260324
9963541
19125157
3467258
25922178
547023
2442521
17353874
23332554
16478305
1528777
782102
676298
3968100
437710
25142546
2662872
19466829
1270448
1593146
3410742
17464776
5929
7868604
952754
6133365
3905240
707476
653614
5670469
25149853
17627866
8009749
15110521
363659
14110600
4089184
12979826
493692
747655
38948
4617746
11153401
8283445
4147542
225624
10802348
1390601
305807
15196799
19738947
5095222
26665822
15799
11078883
309675
1694983
3074147
19912248
21142039
70846
1806
497570
4996
9578
3215495
25908132
2267536
27916708
4254052
303436
932479
10149496
38441969
7207664
2070589
393739
3413100
76579
101
2260868
2492730
56405
608096
108643
31997698
7320141
275829
28767748
18014363
8405233
15674377
584414
893770
13171109
2231649
11914025
9824142
9206104
7029848
8697016
6722978
840928
6352214
4293940
1671174
18175517
9942282
9845619
17300500
404259
196253
3387544
10015812
20741012
896798
1725881
14554705
39799994
4930570
3519147
44943909
2459197
18413333
15739
4976502
2479187
1665773
14821339
1138595
4783314
16641090
42258
16631240
11195176
712162
4933248
544811
1394141
42310
1115321
8661239
28560348
3155977
11037103
8484715
2448238
8933600
8607
40072491
23334
6860616
4831906
2451118
9235030
7911944
18912770
25087028
3817778
7872
695675
24752277
1482315
1821262
4813815
5216227
928667
1116981
259968
21174091
5301215
21218376
14869656
1953964
24398
2431578
407862
125788
4080179
7926363
1639282
39984666
15300449
7137
9693456
14987690
35613318
1678658
26916691
1197586
61141
20255342
3608351
124677
4887961
30155
6500671
1276877
3598011
6175013
1339
98346
6615056
18876054
42052607
11560320
1823896
170560
23323
17207933
342140
32092430
1192756
10485415
7312811
801791
11784748
23354074
8216221
27338493
9898197
1647522
1584396
1796110
5542085
896149
13676125
487932
4444597
14023341
315834
2018998
12760005
2337443
3397510
2332662
5647706
3237042
1640950
123316
6644032
281660
13886750
440352
9482106
7755978
6748390
439417
6136422
5411577
341357
28663398
67171
3047561
9354063
984316
395515
2502804
6342283
1766277
12088006
3908166
41441002
16027624
7640055
149
217873
4133984
3812688
4829037
3498324
30595153
13841542
1236159
7196156
814283
154838
2230997
199382
19868
152678
1651847
41152
58143
19119199
10171919
15940329
1825257
1355156
15247808
6697455
21630699
22688
291700
9534065
1591351
6744463
10748133
6144062
24511185
41677
5394968
24190
6919224
1369709
1487695
869297
22388084
9020952
19818280
20005858
3661959
458956
12724147
33810179
20892796
6216823
145194
16348714
3755632
9400365
8892006
32488022
4291625
4097568
30619419
360117
7927757
3317957
26601381
247
2433631
11981471
7189385
2541486
6963275
14306314
755112
4588
4030240
295
4492189
14906929
122841
2721466
46742
23535938
3076410
18348020
2614832
11091862
367803
6589741
6926594
4035115
21799287
18797954
16382448
189356
16876017
1061858
9138319
2483785
3138485
35871389
30465617
1444097
2897115
43705
64285
1077641
36522
78412
10903584
17939046
1170774
491778
3487655
10766762
4171109
8858654
351
14211568
296752
23929014
167353
4698447
2336387
655764
2130962
13788320
719303
813826
373773
633229
10110076
39353226
216443
5013885
37489857
6864555
3138536
25471525
14133187
18032281
13069240
395416
771856
17651114
2577025
22309034
2086744
5193072
1769214
42576
4893483
1485851
54820
19356736
5266912
391159
115
2989649
533431
10857754
32201643
43858809
11234
2459771
993915
554214
1691132
16642784
6164878
558271
8689310
5308257
3456942
12822
10114
3218028
5060541
526342
29255903
61510
5574515
27070229
1736711
11841966
3974242
11533115
34632259
4536805
11448567
9551344
786
3390458
18229008
1545
1171951
1080465
33454818
463911
5454218
1996991
5257673
2118810
15351170
199957
12292079
1143743
2506148
5132819
27578384
4040
802960
29716139
1645532
16245494
9628573
622465
15584831
2802724
142044
9881186
262691
565521
308780
1056017
25387210
6324907
678406
8308061
5083795
3245646
3457007
7701786
8587039
1322829
67875
33857901
198112
28655969
121840
347066
2016716
122884
10548170
14528382
4182692
31973697
14242
2359599
10990228
5800842
1626458
31620248
38602
1825816
2356293
21949379
2551
5501863
4128409
3069883
195711
1340450
21065414
62974
2086728
1491002
2612771
26221106
3758250
5803776
6787867
43692836
1372370
30989549
3270589
7181874
3361666
6244697
9916256
65711
17186135
1333916
40664992
1716347
1829701
3235163
201146
4091984
10967
32677997
31089742
21650783
185975
19590444
4366079
21110307
4331772
3047824
15367537
385497
19107391
12340559
36499817
6323808
2223493
178269
2384061
21038550
478185
9715223
185325
2953261
5232099
34147
5127121
93262
2459216
8017
716701
32645356
10761104
6254558
10
5700856
17574859
695772
6092297
23266795
951644
17511345
2012766
672791
1840181
2554715
925625
865252
9201496
6867108
10380784
55
5110663
3768978
5935030
7939219
8061390
2466199
223632
1361648
15229902
1093296
18056960
2980336
23820073
22073903
6923046
2106566
267204
12988526
18098312
9806496
414051
21013623
26222000
24560117
3285796
3177186
15230190
36
2155687
1163059
2382125
860066
1133198
10524948
16847687
10337085
20741003
13851908
2574409
3605730
405063
555146
806705
807927
32844352
5545358
769779
221870
10977865
570834
4019034
1888322
1130275
8398
1720391
29037263
26071664
4439144
21611795
35472200
10746962
19296296
1650003
598472
635569
2497256
11679688
5690480
7296604
11751103
7624920
3980111
13444315
23152655
4632106
16285058
28715611
29437132
25469
23717501
3490553
5869882
29505248
3874282
805490
27666428
9555305
8081096
10079059
20931578
2992372
3402792
5441098
16834722
87188
239747
5011373
9567317
8363403
7042
316598
3467470
12252677
2426960
11255715
14200730
39538
31416453
4590846
6099372
1794288
5861176
599646
93115
2457676
39782462
936446
12557225
1907812
4018734
3185862
630048
993748
44665
9723763
77268
9260080
998195
2944098
16858612
285356
3661676
3055288
13221831
18478901
1453843
18003478
3537156
30419463
6586523
127710
1878831
2655590
8829758
3576200
12591935
12884648
16018200
2770479
720543
6496355
7479249
861140
34012854
6223743
1888457
31503899
1880915
439498
6615104
11804272
18473899
42550450
5339759
1916642
11504777
2889106
1587842
226258
17772430
3180893
2911111
14698316
302011
10131731
13040017
4551730
44552598
32359678
590771
1530375
24705105
944786
9915791
9054603
908564
23664870
625587
951300
950145
11401067
1153652
2558823
10144046
376500
270726
387494
8460372
4142468
3192639
13736326
341347
5240747
98332
3387
28004
5308922
21238536
21032306
16489495
28804709
152792
17008189
15209669
4971322
946
11392
4015956
18881517
17897318
670335
4694864
2633179
8986565
1532377
305894
512413
801975
169392
11004923
13444
912555
14458864
6985174
1741395
23859963
3717626
26961756
580351
621401
27228861
2014686
33915543
929579
2000317
12820013
1714828
7301765
35059594
27265848
27788
20260534
8722814
1502912
2651224
10052028
3668934
14718371
4411
44878769
469644
3618971
269862
5096
8879754
23306933
1221802
1771685
7868979
3982695
519340
21592749
3288040
24864051
10462857
5877843
26715779
4080521
1334160
7207991
31284151
8661025
6157792
4771170
2170060
6849784
64449
4871577
8360373
26250606
10498725
41468038
38403
812966
445
6654634
813025
8077243
31542888
608
1267306
3847906
142499
3106905
22362623
1042014
5657699
2987527
17394
19412434
308128
923060
668320
4958533
362125
19529335
1137741
913
54869
9021185
3084654
21988993
11756128
1182614
5313931
425647
16141141
3850605
2840
15612902
2287650
33832839
34542382
1344
21975647
12650942
2202731
18557293
36038617
3682932
4674231
636646
520519
7954738
17439278
5292541
2378948
4961020
7341380
22027545
70116
21173971
5011291
1303791
30897457
508390
9167859
804171
1673315
117894
11536692
11456591
25135928
154300
2979802
8319149
2014737
30312026
2383852
3779979
25788494
3726269
14379250
3091308
461801
1221110
299397
20688586
3451842
13788923
5301576
29565685
8453163
4798880
15536781
11200102
25093068
1649776
407797
23024378
5739365
6293040
13598966
7632366
10684576
79301
2733242
17335565
1861805
22008470
10812093
4103230
16382245
181748
702744
547746
34051840
20702943
4023
1812650
328451
25506
5544496
20230050
227613
3456788
27681053
187
19856672
60920
12145991
1186914
13696379
13835867
5129744
23881149
12115948
235099
7930436
2830064
9732481
31410095
37800
4319645
93619
11199926
7970770
6737549
31213886
3230610
13287319
7990197
2817022
2082251
18288242
79585
6226876
5589
9679793
1239259
42061611
5480160
268552
714634
14926802
1547562
6178656
104008
18569197
440379
16669
7347120
3844698
870396
20639665
41710275
2617001
709861
2455526
2614839
676304
6867747
7593913
3850068
3643168
1334986
17161611
5305506
4285725
14927394
334944
2767354
17737809
1102280
10046802
2536971
2416422
2155286
7000376
17962502
9033534
1447564
849759
2068810
9218439
4704250
1302281
3731610
24366657
11693074
17756271
3882966
5453918
341408
12745147
4247969
5928385
12029093
14216340
1709290
1122847
581424
2223436
21540473
1256375
815445
25577604
9163
1089110
1379330
28625655
7006893
2529993
208158
954129
1083228
8619166
831853
21669
21475236
232248
19842635
14388960
8260416
3040590
127737
11325686
709550
6289520
1716621
6085489
9337532
14106472
7200370
18358747
6922692
19677078
6603067
190660
10844220
8962503
15949791
2270996
3407463
325455
12730125
3006879
187721
4767640
6272842
26064994
1930881
26615590
1799527
1077548
216464
144643
10783742
3988441
2552540
22911943
17651519
3927621
6440396
920259
164782
849337
3513685
19800518
1423896
21334214
20726959
7970848
17797
687740
21314944
14462790
16642150
705086
7970664
5737023
186398
55427
8388867
17944365
1225312
16107692
4029970
3343406
1415657
19466474
9025188
7821977
11046927
16183958
98318
1535625
21766945
695958
79594
24421921
2968618
4303345
2444348
3255387
3410396
27062169
1638489
38375
4418960
617412
6075021
24836689
8563090
1738815
6213269
15773968
15134106
7327752
1775218
7705390
50713
610329
12973124
916297
287588
7962734
68689
2194714
441842
4564094
6236607
4982470
272994
6192722
5427919
99606
7640139
1140764
1649496
18497544
3153284
16782789
27113398
123349
10711005
1367760
1342029
4024577
164343
168924
10967938
5729639
3999064
123340
12780141
444962
12130530
2728905
1181251
678607
16979198
6636787
977410
10109568
2774135
14379691
8911623
11382042
962351
832073
12394827
23495499
434023
2555
394375
10575410
18181386
2024702
588910
13186008
817594
3016548
28977173
7725041
124741
1632857
12860083
4199026
6227049
9542957
756238
32375901
705103
19331827
1153919
249324
1013342
1909521
17955766
626681
975903
2608630
24011448
3128030
478006
14670420
4896543
127213
467701
4198911
3173286
10688582
417481
9316045
9697863
2420214
1056676
5230919
29505066
20918966
1149186
6040812
11547249
593971
16625140
79611
1366344
15950743
409541
4967539
22553733
1234340
7102588
9221771
146288
7080310
1251598
271345
16859111
19125037
483016
1309942
14327271
4497760
2688
9431222
2723838
9745418
29255931
1682207
8115554
13737690
2875518
3669591
2015969
59434
8933134
114580
6798650
7043190
6712368
25528254
3265845
14736
11646309
3431306
19440922
3485660
2696670
8714150
1387328
2446856
6161021
6222778
37814485
128697
8808236
2863281
366102
1808736
19751344
2468322
32597635
16510
3379613
11775670
11881012
28707541
7390612
13282703
2052255
18911611
29565540
23826944
2208923
42614
5925031
2411818
3199861
5386
880852
5005117
94867
24215157
22178208
2744703
27504705
642186
36509
27462623
7080034
4427580
50747
5904467
1861807
27019235
67893
1408579
8656933
2567663
1387334
852544
867794
8640234
4369504
2444424
6682635
19694765
5571759
1408940
1868813
8061035
2731064
7825960
158600
18888826
34411845
336461
232303
1428870
17933040
3769375
27651705
20356085
2655059
489833
6116
1779162
3065214
1256601
18857292
984143
4205681
19069
1368987
2252254
1214972
28269817
50087
10815727
12134888
8574476
33244536
1884747
187698
15036261
1544179
4447626
11883
11186008
3300206
177506
1091425
27688192
3030318
27945432
231579
163018
21276807
2924692
3280724
5057667
3597949
92667
991256
28307338
209174
15367340
650175
18677423
28655997
6543773
6442986
428245
454889
14544
15383126
33566872
10453540
35546453
17157548
1788437
5408848
12601667
314394
6589727
3422768
3431232
7059447
886964
23610150
16359839
2407628
3028529
2122722
144200
9310900
2567978
3275199
11223315
41154799
1169387
2286403
7267338
1939762
7759917
21799495
858643
3359163
6679838
25859921
958266
5916
1781011
5267275
4262410
3774944
4468706
21103946
2014019
5756798
2277758
6748363
10964
9627747
38303860
1404031
17169
14537101
430412
4697966
21670310
301272
5976130
8148069
1792172
581000
11246539
9431150
13476161
3650641
16230538
23245640
125753
176128
775670
4638392
4762149
115044
36895465
23293222
14066
4445491
2689719
6910
34721742
20487863
70542
302665
1673218
4717
6205432
5070392
1452333
71197
8800937
21225633
4587552
3836366
1749340
8391573
14896693
10372
6175158
975907
2355521
7900123
13009002
229611
21372265
97803
24024641
38269406
15193470
10675364
7927480
3569350
6900635
23012276
603923
3028455
1137448
28618731
213168
71243
2156844
84775
177640
336605
11771012
156053
3938459
6233783
178807
1262596
13789738
18240
4905646
3971427
37379226
62
20899566
19850401
10457834
13794884
30013925
27055456
17359763
126770
2136554
1744020
7010968
3592681
23596800
10368096
14080252
80078
8128558
1469053
226327
17174900
3272580
16213584
33606514
2322
1427283
1176545
2532514
947194
2220929
702820
36683732
1100246
1801355
469529
2366682
42477896
30665716
1366312
219725
12063637
1317920
13282654
8009956
357740
3405356
1511193
2789131
750223
4613979
417755
322967
18419602
7312617
11703956
205589
21153441
13328342
137169
13471183
78062
10848720
32981562
1119661
19893616
1268910
130236
1239112
68226
12380510
657028
9842012
13201269
8107733
150043
6398709
23092224
153744
448847
3653954
3537164
592068
86483
4480645
6269049
13955794
192386
23757
1626906
480877
17042571
10557235
10233922
1453900
3744919
18187292
4826308
24463700
35396855
522393
5421493
4599744
13773023
5456342
170079
5225717
6116106
3823462
23045769
1437100
22230883
316560
28078097
1284109
4958429
185243
15258658
7170
4063347
20513359
6020656
2242221
16494583
16563344
27995
1054545
7517480
11532247
21008028
6081988
20223126
8007
15209477
8558765
4225512
5401891
11580472
14306191
18318141
41360345
7690054
11227576
419328
49799
379700
18592814
486719
13156264
13960678
6441027
19064427
25802142
2386045
281539
180038
6027697
1852103
23360
624541
3971999
266350
954720
3290691
2317710
543901
178307
19009448
33486862
20073
11363258
985721
2231907
567759
5398906
1761
37260757
59406
21534176
9955208
695733
14427219
2894267
6150149
217834
16483964
30511546
7263141
1680342
4533501
30959107
74228
1289496
15148757
10818
8657283
612413
60509
117507
15827442
7759590
27894727
23433503
6452
2509658
31191703
25542471
375529
6422341
2320187
2652576
16767306
86497
13176281
7085068
5962647
16967543
12720281
171946
4038415
21314717
8916359
8640253
80548
1367938
5753849
1649600
2210786
5039399
18743650
19838060
1414139
9687
7166775
25625822
5726892
4371795
937685
566493
7900029
25184378
30197003
583558
4596843
609
741792
2161307
5186760
310446
11194578
712154
1413914
14835779
70581
241791
9942
19868979
906506
19838123
3278172
13537810
9533791
405251
18097
25030041
37099093
12453721
104556
3988375
1392606
16146502
6003629
10248
23138047
5881404
2346
2194851
5908013
1162431
4507582
23732080
7148417
752552
1509927
1278276
9251096
3116275
683185
18339
15224149
5584634
1786598
1359609
2927769
22368655
1341968
1008105
7328088
8112964
10916489
1680399
212528
101775
1605618
24788398
4765034
13149717
439497
11884258
1302037
678654
23563044
24759883
23165867
9004895
10034117
3592720
9367522
2379703
15339648
3985571
7410724
1083389
160570
2848798
2186459
43731
2120648
4551606
5036066
5473325
10665821
6188877
27790200
8239847
1820409
3606001
4041466
22237828
2723977
8167646
2701053
81159
138356
5196907
11523111
2775049
3466834
16921929
16523595
230344
10480043
10287801
6910
175333
155408
12799887
580279
12656376
2028917
10821119
7286333
642144
996488
12082347
8085208
12189514
8280388
785324
4320648
11594571
22263961
1071455
22945531
31300991
6230837
1601888
4915136
8974922
3885927
55249
2108667
390144
937838
110387
11593657
1788607
6813331
24636128
342225
844675
10547892
18894279
39208
8401
2090521
26946888
48443
8152441
6973917
7758720
13105177
12423758
3266
9955767
90244
5098852
200025
21250616
3560299
120706
3957513
28963365
29647863
4179614
14101224
35772196
2349622
463811
10341091
1878278
1031731
5269600
1131660
6658308
24195731
27286909
6359939
2887577
34043910
22034547
26286350
14762827
12472455
1795838
25654453
65100
5667112
9487195
216486
118101
33060201
521407
1865870
479182
6657926
5551759
7114800
25205691
16551912
1203925
8368356
24264274
41047664
2901593
5055374
5952229
17546095
11218532
8882186
1084648
10862453
38389927
18193402
3438185
10752344
4599447
942042
683196
40037441
136885
10300701
5375875
13810108
14612643
41889989
264782
9125624
11612935
1233226
1971523
2557031
27916795
920572
18569195
959611
966346
2747556
1998800
5783393
4759310
12606356
128261
17134194
381620
1128663
21001235
1519655
6071892
105850
257748
7845352
28432844
68691
13266208
19484
10534399
38175011
15213398
369549
5373027
6683365
9748917
1125885
10811012
1558152
3377312
1874869
6275822
1133
141563
11565045
7912423
24629232
65129
11274
725190
60938
3674386
14751861
9894035
1793892
7237682
835
19763390
19905053
7381
7072675
35306840
24153649
21188
163786
22437
54471
13343720
3611235
14106851
6311051
2373391
2347
6769543
2470609
7559830
8501915
3744002
1372900
27024
5901538
2853816
5560811
26924758
5799503
9456620
6115401
816750
30044567
477991
373903
10783601
15493285
135337
624389
1549536
804214
3323824
949347
6755601
118934
31362260
17318959
31277398
348653
12815300
1113869
6647156
16018259
1089141
8279586
41742
12390154
6037310
28708031
4230860
7896030
44841354
155424
1535553
5005009
177044
236961
1255857
39878913
28686615
30342728
1130
3433287
13997113
88495
942102
3656251
3553035
65443
6476244
24407042
7039044
73453
5450249
746302
1131877
189519
58795
57777
22692852
315054
1327698
3187740
1788375
2987748
34418930
5178290
10665155
2098842
16489745
15127800
3534772
17780142
2317835
763500
11028645
5846679
29218564
5529223
7467810
6809793
1525507
23012380
22441553
204846
1913543
875829
3766384
360217
62209
952349
3403033
1007902
15800416
53892
23025787
5714059
958911
12242173
4649799
8710537
2157573
11032795
51048
50368
40842846
4366030
67857
4533615
3676938
12054175
1379322
1324364
9490607
565587
18211335
5606758
27491592
3720042
11494965
1289362
13343514
1582564
1068831
29097224
7136998
1521305
5209770
7463483
867790
27813703
15148745
2023887
19197883
2719457
11363641
160491
7167
1351971
358597
4137234
13645445
16529273
878176
4211201
36088583
18062615
12546892
9529143
1813995
4055264
2538908
84010
10439650
1398930
1254700
1219330
82079
23602685
4765339
1861751
671649
19596824
31140
4810899
15901262
3728756
425777
174050
17289100
14549305
1093669
17949599
1451798
2441664
984291
4001961
3558834
1328
6137461
24704738
8196069
6461867
20873803
640172
727333
30927207
1621215
6988564
12680793
2651032
30426756
3436707
3132
8440642
26186400
24842543
7380467
35795403
698019
59134
1713219
1932496
39213868
136382
6899
4483058
22567050
11880555
30384
1208481
1782
111903
4176080
175922
15824030
9941270
7273
6988918
9016925
13929173
936533
28864972
1319617
2527787
2863487
14618137
448751
2446555
20482
7728480
145089
1067276
39791115
3040904
7798603
592948
32035794
26115343
15317902
16529177
12635889
756283
2317801
362843
3619114
7604435
1907142
7114107
4204727
1901244
8311157
290511
15262256
784180
222342
87737
23226265
4349246
36870407
16967898
593585
382288
10598085
42000
4354773
5567984
1721640
14464519
185381
2758827
30380829
391099
2088342
2750997
2383908
234360
514398
6
781860
92725
31989574
4259941
75370
10220903
27440694
9456908
22944587
14751962
17802913
60821
2861677
5235042
2772730
7481
4659402
5424559
3954490
6540159
48841
6827993
4256800
3971606
14671445
14038753
1
20829
432100
24372995
30587335
9370509
14889
7479250
16467285
3722577
54509
16961859
7192809
275007
7794766
9345445
11741942
74974
2163073
3672345
4144
10323236
705231
2130796
9193500
27186076
5302131
816879
9008809
12300328
1919101
4448307
8017757
6171714
9255728
6140504
18104382
6010
5241583
1539024
7163354
26001620
28299052
24631
11036535
1086253
5743792
13255406
5660738
4406696
8108636
11381877
9474225
2685474
2523015
1131408
1626577
15575667
289098
6567955
6020627
27761706
6690
4236409
15009492
95667
32742142
805640
7218954
84844
638931
291321
2219263
948773
987234
10802
14912031
617879
5927622
283137
6966872
19088792
10927305
2305017
691091
35614006
404151
213174
113243
540413
6331942
318251
2626159
1322535
9567361
16375991
26249977
3766137
15471611
734647
5854420
37319436
6945081
4647069
3205415
17036771
16830395
5215992
3472568
6223394
27257682
2683188
9585322
24312429
12419750
30627043
28447820
3938876
20745972
1188804
80101
1592427
1404104
19498342
34428035
27054046
891523
5070021
452469
1181913
5501
851087
1674004
1039275
1303717
61630
16523440
2165963
7392091
18991281
1915290
9243375
35298501
12296041
24059044
1239047
81208
6824133
29089200
12547656
358693
4260015
7880445
18579856
6027252
11621763
81642
16236125
4061150
1727300
31409624
22759439
4945640
34696666
1205410
13367300
5992232
515359
735731
13267002
452373
2756695
8735
9071630
7981382
13830921
26795441
21675127
13855571
5505785
8252332
23982853
4611640
1297379
14696958
15740797
4071575
405268
6668139
28115757
26030165
32957141
4890452
114577
1010791
1879230
11665593
18134209
3193160
350420
1600300
2018889
9113033
5279545
9959581
2997265
8820984
3060056
19720075
342109
20517569
12805055
11694145
18790782
715
1372927
13505122
2326546
20255505
18629230
5817139
3558873
25506660
5502513
1692862
87341
3768847
3872502
6269081
4521779
18575243
8999265
5548446
17221002
5305259
1369548
99143
1591215
1713220
3963521
2695834
1603145
11842405
1898012
9289774
44
7055
305278
3624350
1792367
6370088
10038870
8828711
2543389
502412
3182915
17011
41137
10069476
14278264
4608185
21989088
28947
12233976
229650
2866339
3587640
1091782
99113
37413633
158701
3709916
544
32162153
12165380
12641
19633780
5810774
78094
3566451
35348305
12481978
15504261
11390744
5241472
3313561
8456620
2749684
29908
1635101
161337
256383
6912112
4749857
19645533
1190153
1723922
2298620
922514
311055
6095989
11292908
21521605
4798723
627984
14885543
1872633
27802
15940490
6955887
298089
183
1369035
7755596
875627
19363493
6608194
33439031
298096
29150525
9197945
28588431
17031
29967160
896622
1361378
21995227
5891
2024896
31464750
19559915
3287344
10967778
23772073
232193
2762818
2052633
16251948
4765031
685331
688930
18336172
327740
1618899
34150943
14527701
1942358
5870945
518408
2016683
483988
14590
3905131
1582657
12492941
136356
514524
488441
16551811
1700195
1199229
2970899
35398398
2831075
19763794
3533917
7544192
4317393
488816
15548115
551119
3172515
3766625
527537
154929
14621896
12536325
2944268
6034307
6258426
520462
4259598
18647375
1208601
4572228
37832209
14970827
4707693
9333217
58473
5273094
29367
428363
3921662
6856607
14918068
4151260
30726892
37371230
2781157
289707
34577
2635535
3315859
11817562
26450202
1538941
6748088
18043881
6839065
11962142
5318141
9297
6824471
1564676
3828847
24093138
12237611
3996579
2835381
2448357
3461626
26643222
119060
1090284
2477511
6747177
11466479
6147342
2799943
13783403
27
21611552
6099056
2671710
7169356
6006671
3677628
292050
1898299
12800167
4578330
377266
25563439
6638963
1662315
4492578
6338898
10431392
7978510
13430069
13593531
2279684
14017774
1869159
157112
65788
76894
4572428
182498
12126052
7320687
15198713
6879254
45494
17656718
3278278
12724805
27389593
4816826
541
711091
42805
215736
83965
329994
932356
5244627
1472551
17639301
1882665
789272
9120661
3235182
27813
4998961
14288774
1963087
4154001
25333
16517623
404197
2576976
14798917
666051
15395000
5736939
22978715
485
7426296
790619
17750772
12393698
2229376
11222970
17088517
9483049
343003
88531
6759056
72794
616814
23603807
24518676
3069378
18699350
46193434
37323
35423201
40099036
2246232
86383
42614052
106696
6560813
1896387
7144343
1741934
2046583
8449434
86084
161
276553
797980
39165
28812602
652271
1358201
3996619
5064206
20311630
8032333
7981156
22165678
208686
31330806
3183181
457295
45818
115136
20423469
1890611
3082332
12360733
2987558
8849493
1892229
16705095
20036958
22704925
109604
28072
5260705
5483300
3568596
13145942
8276107
88139
80454
1417186
8332307
1448907
15757449
20513162
2214928
28204332
18044264
4349220
8040785
80861
28352257
1744057
15160808
4372186
120369
39720935
30619176
21489164
584641
1474311
2532344
33654
3853568
3787911
2098319
4829375
1827799
7365478
19290033
4513724
307365
28880990
5623560
40231479
9910298
14394192
1502781
227672
2907
11138511
23169
4153852
12423307
3627145
12083691
22460309
1704775
1191706
7567113
16444526
40585767
5551934
6853681
2870781
955787
106823
133250
858910
11874
58898
21527446
5356666
14385459
11115697
1430688
269161
4268429
1626722
2644526
8529740
1544293
10008247
2405039
10780076
26672610
1031593
5806
11551058
34960
6650688
8440982
15213665
3338952
866657
1607415
43794518
11176867
1622564
59860
1831812
15245862
148370
21161462
4262312
21180756
7605560
6469241
2756308
18803458
10100573
3356858
1100
31550313
6923237
15045808
4680506
26557339
678
3253175
1888229
6838899
5186628
4865816
32654733
204306
814331
9937753
18473652
30511642
2149307
13307974
925801
1784262
987092
348557
7889
4049009
1928446
1721945
2981901
2590116
4043775
9823888
5817120
29023365
9971
10935905
6153
932522
511360
12793990
10362680
182930
27645435
1324118
1619626
1305245
44891
7166206
11310948
2380011
16802054
1112767
186381
10525933
452433
7285172
1640387
54555
176932
32163329
26417
4783423
5076809
10233848
13914
2611
418533
21232
847153
25121183
1064875
366133
1455207
3351000
774603
26250621
2128935
11087456
95202
49387
14279635
4227784
72398
9572905
4404187
4242670
25464997
38028439
14725169
302712
3275661
6433976
7786980
455232
333
30127378
9793716
2762808
16127
215904
36071768
35755358
132051
10117
3057558
18573178
18045330
29747661
40985490
15055
13377804
1207052
24559637
18116149
103083
26990564
2908926
29422084
645744
6352759
565407
23583464
16962144
6839010
6857295
10852366
2496743
1260547
7380845
12365705
1033460
10995126
206215
443993
11250761
25618136
4569610
17266940
11287517
13516969
188895
994059
10494306
9784146
6948783
6465571
25331
13681217
2040849
14799918
1765749
2623377
678542
6867362
4943255
37256
4866081
549889
29654
965611
482970
78071
20205503
718
6886369
145225
4237099
22329380
830697
4363555
17933027
1184765
606074
2851901
23563060
455249
9998081
490675
9982179
3664309
1782916
11452641
6397833
896499
70821
30773661
5670007
2422915
888677
6129758
9929523
7107350
976798
38243747
3033301
166580
24230008
7787018
32612
7666026
54855
57542
12091445
9256847
19070196
22932504
42350984
7106506
7544650
484
8037404
16006103
14848260
1381183
1061709
7388355
16777511
13196136
8105112
26501082
42876
1489423
3744648
9087131
5542369
1844813
29022486
6795105
1140538
19027911
162111
843550
1276596
2132368
2302933
16381741
4518721
17939
19480080
16743805
24815535
41944405
9932976
1729272
1038294
786808
4052654
15689569
27858014
12063945
980337
24146913
3974402
2951898
419415
128231
23112589
1907613
23198824
34730806
18886628
1336
29602872
3946850
14190274
65060
20329365
19763710
112823
7354206
15220765
9422229
11727686
23522687
10862584
564370
25717433
429899
186666
6300387
18258897
8323284
341344
17662897
13430058
24175145
31229821
1448856
11851338
125556
2360338
1551083
30142264
20479706
2596403
2740240
6418178
8758761
3688466
2961184
2545800
585521
1919261
10386479
20050
8983585
23119205
1323978
1176382
11438962
6761443
561991
469413
1442
3938615
6817253
31067808
7098151
856458
108685
42450493
900716
23126184
9810759
42
1319086
19234969
701593
1310168
1105310
7230167
12014878
3417700
18567192
3924864
3316017
12179709
6611653
23138476
8890
234933
5017688
1374383
164991
3755580
4487069
6412343
29526182
369440
9286487
6126303
4320341
94412
707601
1371430
131242
14998633
1911645
546727
14702190
13379007
18037147
4027513
5660448
4826444
276404
3982435
25316607
184537
19234871
12979857
27805607
6331958
610212
41485950
2684451
287204
8821856
12468290
26701396
2506023
4712980
774500
1944267
15339885
430320
15624535
8288355
10270134
6192360
10372423
49812
11727229
1961921
19058354
1362959
1123033
9894095
2587427
8873987
7559410
218227
3896
657472
11453076
31801328
10438737
8196369
7470660
1480873
28730726
31316576
9452890
9020573
32542747
11703903
12379685
8041412
7133592
326093
907451
482015
13181714
7640295
882229
12083461
37874828
14725000
22917949
22260
20191341
15603
16653322
148817
36737
8755089
4614466
14671742
6557730
8891
44098782
37729020
1344902
1016512
269935
12243322
1368090
15224329
1736651
24387919
105383
4422318
3338938
48260
1276972
6726278
124256
25449494
1628420
6213239
240340
10447972
878122
22792293
11462442
1803512
8858966
5165367
774502
1488994
2692165
100107
4587728
7464053
119001
698251
1064548
9290542
11157869
8730271
7436275
3328552
11051486
6289812
204
785679
10674766
98346
7335678
31707288
33157638
5975161
758690
1046
240566
1007259
89340
20562553
27608456
3016445
1043181
535644
34313231
850984
4216791
6539509
98752
3974497
1420675
219006
8838096
33197948
415766
15235049
271021
219721
1854152
1474301
6209199
5299020
5669620
3321264
2360540
7226303
642335
5282959
6478842
861214
240436
5729422
14842979
5254245
3187522
2821607
131243
24386909
1150
149526
19546412
3565832
777173
1325998
4108925
6547446
616866
12536582
11208234
20193113
7871719
16326082
1630168
16506281
541635
1073480
2283549
29838178
45822
4611715
1744015
6966596
22290132
24822493
10404358
8264273
3433453
12125428
25373539
1029830
10511995
4850304
3028676
19406522
767227
5740285
339022
1844940
40099156
570711
2703662
86511
15069261
430342
5164313
3869697
3579663
944692
4641104
1036057
198275
1046
510
17925874
3331101
14954283
6147691
318115
3397777
573996
442194
23799070
29902
21212757
322804
14263856
18815982
1857910
876966
875707
5684020
104773
217763
22375810
385925
4868540
8204750
3874563
118
7736617
648012
1384363
739531
6707
3140909
378185
5215536
783086
32242349
18935926
10807554
1417368
4410260
2412107
23004605
7521153
11713580
447892
2833450
6447849
6268389
3696752
2013
13171224
11725
10181110
18797603
1408997
1275132
3744758
33149796
372226
1237721
3126439
5851043
5829918
2552500
1911446
10458388
24175311
1115110
141504
35102
4728224
10163077
9611497
2786513
7051853
7570972
1380942
2029
196232
17534369
12825137
13459516
27469
4156971
404333
16742929
3072480
2336838
908459
9163833
6818
5001043
1019880
50701
1812863
6486708
20330789
160730
4497
11405932
2556683
2686712
14762617
9154917
9675736
596098
28241354
58769
17487135
1831503
9732073
2121133
4620150
3493300
8324141
70843
55528
493617
8437454
109482
4106282
1264274
10172211
35243
6317799
21070866
14831996
936089
10270
5931769
32029277
15454929
3213274
2362651
140964
27755275
10390559
365452
1691327
251489
11761099
4548702
3449162
12314
12869207
15942
6989150
611420
6896315
14500026
12498310
1409139
3033177
2144625
135293
5456972
5146509
1072020
17791534
41270906
114559
11330441
11046485
31449004
2307283
706175
9333081
17065471
8009775
3252917
625787
2967311
10715846
13835841
7752062
1836830
39405832
3433301
44331
2002613
65096
18846341
1167574
34852777
755012
11561563
3377351
1275190
3200029
20878
5378422
19683187
286074
6034162
23393578
7536522
5846444
3921814
5864588
10964032
1121255
2214967
1870856
16150247
4188598
27997398
7802530
31360
64364
12302
3524508
2932366
3321077
2606050
231616
3250883
733447
28284224
280085
66812
24531923
2714612
1366302
24594292
28
5199609
7129447
11981557
8073347
315785
2811621
4480809
2696829
116091
2870314
166622
5298912
15951412
404265
28873469
3451844
14169906
1381
915103
1988975
3779820
13242087
17429681
5620845
8215898
906951
15449
2594913
15471517
3558896
3410317
3552996
519268
6472621
11823457
59161
3238134
85268
37030741
19063
3016408
3374436
871577
6748174
471376
10561504
9435472
339829
13474973
395411
9285429
4103539
3395257
4489453
8316276
4671375
2492136
230906
725927
4055203
119027
5334051
4146
9172
2346981
1758860
2977782
26606917
14692874
2076763
7403264
4874558
1291
3968896
412194
7744233
17071615
525512
184474
14325725
32209356
11135247
42016
1350198
14279687
4792637
12910131
18641218
8550288
1272143
20905846
3566278
2191869
334877
2823544
851075
555040
3542861
6395185
15416592
103199
1146549
12122025
36668399
6775
97903
1403132
26903616
15630492
13939896
319482
523559
34336610
7312477
2412
1102125
749088
7062449
68585
3809853
759789
925768
2719388
1796072
4859703
23561971
30533510
10766121
23193066
33666
108134
11818728
9121585
1191659
42571
3094513
2235946
15695959
303451
8640
1134739
1450553
16314714
7857120
415812
2779148
15940127
20650995
1642747
3836951
7931403
204121
5298716
1440030
27410657
26643945
1703664
1652899
1226501
6772105
589977
41539778
357792
5026169
18133
12888840
1826062
144612
79973
5375912
26840
11904260
28055392
17933140
76155
9017144
172928
24560188
28596953
4740824
18473103
2321404
33061655
1929077
42169840
5661
203787
250034
773419
3561047
1771173
295090
93142
22487539
677327
616968
75691
943235
19320773
1130798
258892
42125
196021
196991
1816513
4343064
12596300
33029631
326977
26853231
11790081
1013699
12050
9387757
5689414
1088875
1185590
8669437
2016729
269923
2438320
17082487
11537986
1714777
5578130
5542007
2671372
2608132
18852232
2925392
27643825
17227028
6508394
2951810
1461507
9537765
1554571
561375
2386321
3542179
1089246
4619979
21772625
138409
15301566
5421192
14762397
1279898
30773703
3423372
872997
1617774
697055
2301169
985625
809150
4777088
32383
7752299
7460649
2317871
3571868
14579476
10520289
252020
47948
3165916
3637367
3648357
364505
4465222
1989207
5173
5690310
1392076
5770394
7116935
9418
806642
1934549
1263496
264163
1149580
14907209
506242
236334
22672071
3359175
7517725
12155153
78018
8635426
94392
666596
365290
1511701
8236106
2305101
9486477
951
42295
2714331
439340
27924116
128209
694599
11260623
17820873
88400
967774
953874
3516461
4013243
396209
7014783
2225105
574024
1041644
5447101
2824157
7574959
4055
2275069
2362596
2761074
1960156
1028800
3034
30884
20898936
21546912
14649865
6058236
3222715
17610413
20671330
5733428
9594193
2096155
6846158
27901799
38536563
1442322
404228
18773316
806647
314416
2340592
228201
263349
19058052
80441
16640412
100002
1467490
2806
15052743
5840567
9066457
127679
308784
1928996
1278368
10017393
7455375
1142155
383432
14273086
17127240
269
974603
14960539
14148949
1654749
125253
12476925
14370
28455237
782037
20054859
3842361
4967262
13030150
1095582
199999
15444161
1092256
19375727
593018
588920
44324
21631036
278767
11870976
29315904
312738
9008611
6518226
8660926
19235058
2767894
26107977
530512
181646
8259680
9176961
2194590
14864274
1873182
16545157
385825
7491097
8529702
951451
15427676
3728669
5130519
5860853
6542691
43160
24017900
59484
1835550
4798539
797907
6423132
1603274
2968215
25951810
14253573
29488409
9671157
7559411
1109311
9688837
3121415
642230
4349599
21065
3338343
20399633
10171543
19831438
1292633
18959132
3887
21714622
4816956
1814591
17809149
4530803
281665
5931949
19744214
10903527
554137
35223107
31785344
463770
11813720
15994199
902049
34862225
149990
36676297
1387418
1529
132240
150025
714611
25725606
35148745
1840375
1900021
2578351
21341214
9811060
3669910
352030
24477511
43190
2227535
8136558
106702
21553324
13480525
14792859
8280330
9555858
483930
2024925
15418
916437
16534968
5298733
1540788
228384
44311382
3067611
4346040
733505
23488169
650160
9951289
9354419
6377726
270652
24788183
30634824
8133077
1734787
374452
3601017
20393744
16682620
267719
3611301
29512417
24174797
29284958
3952108
54451
9797143
6967139
2696873
7159145
22295797
7636472
817291
5447329
5033228
8147757
13634629
9079627
13974702
1773805
10843005
130097
4363772
16967549
17803576
33877
957
1697833
270601
20089
5051614
2719095
6703581
22898890
24683303
478008
17174219
133339
378992
4744206
487766
5369570
302657
135836
41083429
11556948
9590016
10643108
396327
354559
9767359
15400321
5880190
510297
252203
13506569
796736
8160726
3555775
11556443
3952482
2167749
20253
405871
188
28167293
27542015
2487668
32898
60135
28708027
25520668
28955914
3288101
1193321
2811978
30162
8408602
988470
20753243
3537978
24704117
681000
1066188
1306328
7092519
4430948
387516
2762802
4154163
5857503
33810012
3640359
1236163
20393228
9919582
12102296
8575173
33396906
82062
25542403
14960580
18305995
7879282
11381262
918925
2058803
6419598
6740973
432088
14163308
2965969
192614
5180369
6504229
94919
594237
17221030
6147470
1194852
5168064
735952
22021388
2339119
4320458
392659
8583883
2576791
6142
22336333
36235
1126470
3092017
6915782
4632157
298760
12437988
36946594
16431462
35655561
9876662
2547046
18965444
23542823
9113274
6970729
8646
740522
632346
1231600
29488977
17243788
3793021
32973657
9994952
218993
491823
739378
251526
4737734
32005581
8384528
467194
10968086
8172129
118
32654539
24078645
267744
6139
10666132
5891528
34411441
2094556
10774275
319739
135367
15542792
695721
1747428
11097741
1194724
899861
896658
13598982
6715747
2326361
11339028
4896509
3736040
359458
4100070
7504
540527
1884514
39056926
2047766
12482350
506498
2483824
2291783
504424
25471594
3517003
353797
34069575
1812637
19002495
2388320
8735414
2668526
3379928
37626212
2531644
26694774
2498585
5727409
4620257
38955
5020601
4337717
18240701
10885199
23758268
16636964
340654
26996841
23800190
3464683
19161706
24243565
13257387
4288446
105403
6106343
339705
8433053
12968686
32716909
15460594
38926802
10963764
15329223
25435865
4430874
24422125
2707900
4908538
3501182
30411372
5976217
1775416
1162764
4208183
552091
10256591
1306846
5171889
14884352
9150784
27746421
3151022
289790
1501331
7717292
1058878
4151076
11565090
226237
2901360
21812536
416723
184195
3361349
2534543
2402711
21578513
1827316
1185430
151647
110865
100499
19856648
12174125
90608
1705676
6087984
22008578
3438891
317408
39843727
2446817
2807114
837812
6119944
3405529
1249984
4725748
2605846
30679698
1049448
6945097
13486198
11791
39536941
8287463
8081363
377296
59090
22374262
4125807
18407056
37515298
1185672
3847841
11358365
1366180
38589092
4069490
15575715
10666162
18234500
4792702
7437826
25880551
20918968
2970673
41065439
5170834
2054645
24435633
129236
4816632
545707
12665046
7159087
3305835
753684
6518163
14709220
128238
14117399
3616627
1587639
2125034
4664869
4363921
8627576
46487437
7256564
7935538
5314875
828079
12015
45793
1523464
2992295
17763
3333525
24920170
1247046
4617762
17909395
5581768
10470799
43140
19836914
9408519
8599603
10634430
27388590
739389
17134189
3506225
232027
5568266
22093553
103
1017663
2481510
6061451
950130
19290018
29550250
275775
12433198
851266
1313283
997641
4740588
11045924
2982
57187
19514934
32932938
8950367
22535
18449736
6102873
1155507
1344812
361214
10181005
3608486
2640049
4114241
611519
11924013
339618
3576
20043385
33486280
395446
38362
3013876
314230
1556577
6325
1425697
13262241
7083514
20626413
8857808
421
21026880
183
27989567
7910735
18858369
429400
5846602
26953722
84809
6507719
86919
327746
11655769
18156760
213262
14111943
18771630
947389
857514
16506360
21482406
5375897
2483469
37952015
3919234
3880995
6337
1461906
3336230
485020
8615832
255641
2687353
7853208
8239061
1423896
1534923
745096
3938865
29450670
35331829
412129
11604305
9278442
186443
21838808
1437262
2296646
8642
17186412
1258006
6999879
30959116
760072
2737880
3910773
879873
2858948
82766
5874591
974590
992428
14028214
8505026
15794246
5535417
4868483
119390
30173185
6557336
14959165
1009491
7014812
9780445
187017
2961315
15513515
10876369
13179995
1719735
1395817
613691
1653563
6723107
29452179
1738509
1026175
1776616
3197876
12301111
10935860
658875
13298183
25492447
928096
13124899
22131747
4596372
998160
213255
15531648
4237074
22204755
1143671
4182354
4233419
8505713
16551229
4040715
5799552
10798631
16807457
16279492
946166
481160
1228347
888106
39698
11832449
457726
9767640
2625647
12824743
1537179
10570922
15328236
12281805
379611
6892992
12640931
5945678
245176
2182488
7448193
329320
17487867
6306797
7852216
11924203
669368
4238
6264202
224256
6811
1028796
5591176
1553144
818125
1513464
88510
4168637
1330163
32798149
2457075
31472628
2532436
89376
347105
8908
966480
937802
929854
18527219
12448714
907112
4057693
16864817
22027080
19541401
2066359
33487338
1244046
54
9499657
19100899
7081296
106775
154906
7047847
6078584
27091920
17117136
7200425
1761711
22341356
95755
37977468
2611903
24257591
16313242
12660786
26214237
8336221
14922934
45074775
11074398
2086
588769
7245319
10747387
7133034
10493000
34712
14243131
463860
16286887
11176163
16495374
2982789
2513955
2238227
4202121
1863974
45525
26889091
16596783
362729
2215247
6366884
5190803
9440056
959637
216269
841984
2286154
7267
635484
695694
4154438
21675722
454298
5985402
17639625
851070
1825783
20255743
7162856
155435
1320617
2267113
621894
40416977
6985349
27901174
3428181
25697354
7790813
8077539
7080877
31651117
11306249
1804952
2590293
36895779
4131273
415979
1594973
56224
1468855
10211670
1327465
155279
1781181
160900
717984
6345493
5083172
2466529
4247566
16442350
24202115
10830380
6253
522412
730971
2000917
2590645
11899899
217744
1475775
10384928
31982168
2219281
1453608
9214485
20155342
20024159
50574
17897369
12038719
43157
3656335
14916048
27149573
267759
4713644
18164022
22885672
16716242
9163539
11330405
1937744
1633976
1854046
6723181
23529
6293430
10139867
17551961
10963247
545837
3229497
23922475
11837867
9802181
6437004
14012395
521422
23853255
195624
958316
8629
2141044
3996655
4878020
17579653
4816777
13981731
106703
13645288
28460
18663325
8331896
2448289
12964797
1437008
835880
14115591
1148043
2475348
2044626
6022912
13281242
3941466
13909
10434282
47383601
2324141
28686791
389090
3448
1464051
4143021
805590
4227955
4671041
2340690
1021967
4119936
2136842
6644000
4030428
4896540
115599
29067939
131164
232974
1765744
1523480
629920
16743251
286812
1098026
2054479
5269992
10466262
16202609
4463348
14278311
24793903
536720
7888337
9490341
25225686
3990569
15952
3685658
47844495
4027093
1513307
21276526
4070
1040429
21811411
4659425
9504123
2856771
41021032
26686233
4179928
1266635
9881081
8355295
1334
1782786
4719096
4270816
6037404
2090728
1417303
961181
9145526
238411
13609279
231597
1911520
333933
75051
651166
764688
5732734
8555001
14091116
1087675
2678499
29656642
25980578
303474
17998275
2473004
31746507
7647369
26737784
341370
209414
14680798
646
403495
6030843
1211583
26064235
12120852
8416960
12355522
2409841
26938415
1448
2922756
1262605
904493
2175801
68587
3081910
1047442
675166
220766
9096463
34704940
20293361
5452879
3952031
35946565
409186
2311423
9316615
823120
1530007
37541
84397
8477727
18216804
3993824
815516
292002
4355036
15127890
1492952
46711
19460462
37583574
6321436
1550
1259790
733536
3959
7655590
83248
684306
18665448
25990
5952202
2327
1590912
26788545
2661972
3310656
206816
16517879
7354298
4242127
999597
4780576
4783371
5371877
2200599
5885
167770
6925948
1167499
44539
8053525
27171407
978800
6547068
548867
10565274
2394280
91479
22034520
30533512
6236
217310
7274205
22725
19999125
12571093
120328
1895638
78139
14586753
21116681
167051
4106173
8274978
18116169
677391
11826815
7426337
2383585
811296
40603
17950394
15995141
3257513
10711158
57523
7373180
2155652
118381
9745986
223622
7390856
1302014
53213
694436
1419925
1302050
8538273
219750
44015469
11489897
3160929
16246754
10521326
1991042
46672
209405
2913647
15559036
16348503
3969111
10012792
19788458
1094858
103599
3611074
24927013
5918355
139998
1637467
673
65715
14485561
784443
6381045
116004
4892
8535014
51621
11991731
139820
1597495
3500934
6711460
1784220
6824475
4029476
19856346
1131571
8389090
22931
981587
21540415
1833296
140928
7422716
184
4225743
62296
17319150
2800463
535714
20374535
3894682
8420881
6472557
7486973
2167534
9290243
4117093
866756
9517067
2214610
933957
883601
1293718
6189196
46711
41083518
29421469
8298946
19100318
19689659
4878275
3847876
20005603
7040624
11000583
3592852
5067664
18509264
32187190
15334977
14734456
12834602
459058
361170
2122739
1599789
19825371
19399770
11307453
23495491
1573214
30281561
6543470
2685511
6341512
1566859
25949
2768152
29657
5907
137864
6694060
798153
2677484
8465244
1300697
8096219
8833414
26586670
5054369
1359682
322166
3839757
15757225
20543670
5254269
1747500
20054711
8574245
97031
5433536
2086442
247013
4961565
5388831
4850516
866655
1592270
21301017
22792332
259905
12680849
15318523
2242493
5398932
751428
56068
22073885
20512802
14511865
30524
2390627
669391
8300547
4768091
21167512
21845716
152014
4868980
20224164
4199212
5276451
2366089
3143
5417565
7651653
2250157
286039
4943004
5750158
963
19510040
12959978
3626043
7787252
31643297
6098721
2198245
4902763
1617086
709
6271995
4403859
639011
711425
6568846
7158
37805757
24318206
40058
54583
12068074
22695
2290714
8104690
1468942
12399964
14116862
25072111
829337
6564254
17006410
6313781
3661453
8497669
12944806
4856737
12715425
1387707
147470
6109795
2280083
24072513
17261130
4256432
562491
3739603
39233
1655112
534479
2520728
23556218
7010749
13840184
4188025
218188
13287206
1268758
58814
14111779
1467419
11236628
3888680
1552582
289725
786731
3375
4737921
14485697
4493090
22243958
2548042
5495974
13384371
17614
5512251
9256725
19136929
19192102
4719501
14928526
504439
5703986
16796201
1903675
6532171
16320484
2963598
12424490
778359
6377254
1388313
11134678
11670248
20193162
5149285
4886880
23065499
4153935
133271
324642
3807044
24801723
365
13307865
608132
7548172
12542510
88842
19038943
1303637
1164540
6473
16421833
2012824
3913792
16495088
8648
14821252
2769907
1089161
12063864
33583112
2008879
7708543
21481
1833479
1153819
3469155
10390667
28292145
182243
2908748
81554
4539579
30827262
9580272
12453806
38787659
63
3310514
38726976
3267982
35975
22905671
16596848
12272744
30480890
866731
7903452
10870605
16876230
186458
2162936
10243326
13170739
727543
4608376
3423549
3720844
3084407
8133
768579
20312126
5887661
3190025
26263600
9885060
7376316
10096421
11495139
325215
9395978
4611406
1685826
