169070
2241894
20527940
26787411
2671499
19900
5083248
16310544
18171329
21147654
40207859
17301824
1743765
14021107
395604
7146061
10
1628101
398276
1595779
2122819
1396950
2081813
184527
263900
131840
2990222
4186
3472910
1145339
14228394
784374
1658924
210924
11141511
2069583
16339113
9730
8738239
998990
11560783
717000
234955
1365369
16048872
15688335
29887909
5045061
170235
13099453
869218
7858606
2137269
1861476
248157
13731369
26321014
25865912
6053441
142311
171404
10068776
8029989
1779432
632246
1701079
27966
433844
14647521
6876450
21212754
13710400
24342636
3597888
40186
13330798
3873915
13658095
1583306
21232280
10394472
571914
81809
6861631
2254616
477752
6260461
5151
24622546
1368680
14804895
31169318
25350653
18044943
4552643
23546851
13936488
7653790
1635327
7229467
12572541
812174
5740941
18474004
24112934
431054
15733168
646951
846946
1124247
85077
6235714
3777106
11817032
17231311
7294249
18145
215495
2561698
2118700
258121
7732239
3708707
327644
718198
3138753
10199338
54946
30627
109745
5057761
4034200
6470967
251695
4054108
3592521
30705228
92665
7451691
69005
17531999
521729
3523170
94393
861326
15348496
3560432
1343974
351
5788486
17883098
4034199
1140797
180299
16471
2211
43547599
776879
28211206
30190199
4311489
753375
9333312
25478990
234953
4005
10212887
6688623
1613697
109746
3249964
10902063
3430873
827538
24085158
1544394
2092025
8480980
869214
4122731
3735989
8485098
15980956
357433
402751
321199
18797566
703
79800
3308865
17632812
526849
840455
644678
2077730
5380823
17978931
3081
2701636
400960
12437519
1440744
2170480
16242075
37857891
7681200
5887578
20177043
16788042
3267829
5321925
653791
4128488
4831362
2873987
17478745
294527
3785361
8361970
391169
3257611
123753
34848571
3837815
10476696
11042599
947373
2083852
5083237
13063653
24622546
5768082
7381
4558675
15688326
871858
11807313
12708299
16139646
2170476
6474567
400062
37779619
9717390
29219059
1034636
372815
6310108
228825
32131
2570768
403650
18945009
13099451
541317
9939065
20540758
31891949
20215169
22321125
86320
25651
34452
36315
4656
10276261
35107866
12204219
1398622
3915
13444646
15705135
19093027
25877
1706621
17184377
3096299
5639735
1128
6384928
34490518
444151
16436426
9792480
5426835
3697816
22926490
91378
16282000
219452
2065512
29135024
30628
28860878
29089265
7826905
18994277
2214452
1355477
827537
6703258
2869195
313236
51680
40603397
7981982
12333000
11935
5720620
6098745
752149
347358
1706619
7282796
2057398
7771611
23704954
24224177
4346807
5393943
3744201
12794162
1290414
2807252
3635532
1308148
10154224
13978759
19503
3339806
1166625
18159259
24636588
4232574
1031760
10944135
9212728
127260
100128
8838862
10813527
25279503
11255097
1699238
4834470
601152
1608312
36683735
2399133
1092973
3573780
2614030
386755
52974
3
5734163
157080
2094067
19403254
4085494
1701079
2703961
289939
2802516
14201714
39823181
20611306
1087066
5812327
5019668
79401
1680855
5260117
752149
7946048
837862
1953266
1473174
10321639
3719620
1360415
1640755
18135159
26956030
29833830
1815456
2465303
4646660
20380827
8078149
4264641
28883670
244650
96580
21017784
998987
555982
6137223
8284456
1316250
3480828
4925068
441328
2415
2830997
1180410
12214107
4753
17686313
1033199
21343222
18395050
3988876
97460
7634238
13048327
13553752
21710666
722999
10850769
153181
21428243
3887847
667586
49141
1725146
36046
30854300
2094072
14287112
345694
5549424
10995665
2320918
1054872
37823093
2785969
3969132
15750008
36290782
15487323
13048334
12966714
2006994
5156840
22946816
6456585
18068989
23048563
2771822
4689434
42637817
831402
16805441
76634
31208825
11005033
4020015
822402
10476695
3659850
3423016
21829438
1953265
78
3136248
818557
5163268
12683102
5463137
4613180
901149
396493
4244224
46943015
1151397
15487318
3064038
1163566
6869034
1823085
10317113
8864108
15907544
51360
34482213
2233432
6532278
286146
43258773
29161
11729687
9925694
601155
2980449
36410154
928197
10330735
13377309
6116220
3019644
468026
20215162
2753014
1786987
2905243
4643604
490543
4180363
5897865
4555648
2065513
26183344
903835
6126715
26226784
196251
3846130
5552753
370228
8150660
19873278
3818458
2342519
2800146
5768080
3507255
9092943
22414769
35561812
4042731
36214147
466094
28680
515618
27606042
435
10019488
37588629
7910210
24349615
474823
6695948
9546223
4423803
33541997
3576460
37128
5156845
5808917
132869
1533871
23252689
4598001
30595633
27383580
5096005
10531712
124251
12090
4815835
17966935
9450333
13899561
893112
9071626
24791242
1172743
1228521
23822141
1704771
12027007
12713339
25286596
766935
354902
78
2368567
1646198
33714224
1266426
5299115
15772463
176120
152628
6561220
128271
11870566
636754
29772070
10055324
1422135
17020
454577
7494225
2483094
210
6732581
509544
1596
62834
9298779
7751927
9629413
35916902
13439455
200026
2187170
6681306
18316299
13689477
32995483
10981585
9885633
3029474
21219269
1219137
1395279
983501
7328678
890441
1017447
5449923
3383894
11014409
5276347
523775
127259
7355495
2224986
809622
28143626
6018693
1133260
31240419
1688195
26565
79401
33845729
22501877
5230964
495509
4186147
12981996
5586127
9437295
1610108
8567688
3608627
9234205
39742904
7626
23300440
2494251
6022155
18766920
90525
1581522
753372
448876
124750
520709
3143765
31626
3163853
13027893
520708
20483098
5887578
972311
2795416
3843353
248865
578346
51360
24105984
3066506
18809826
5253
38503
8280374
2206044
70125
1109299
4102659
3592520
15901922
26212302
18852791
17472838
1540
6681304
110684
8114365
4881229
9827915
12268527
20823739
21968416
3835056
23629262
9823482
609958
878473
30807202
13538135
9152737
6553974
3757897
1456066
11212431
11890079
3915786
3171404
227474
8851480
7930112
607750
2496484
15226847
7724376
326027
26292017
16979795
5384099
16886693
5289355
43071
38128118
14015814
6684964
14924847
41905
2816735
1516402
23041773
6288799
7946049
1638952
15392858
9810190
7218065
6809861
29418169
24896995
19873277
44128133
13968186
225455
10753147
1579746
3224523
3173923
11056695
3885061
9380898
24531
13689461
2094076
19372119
1024590
4311494
6395643
597868
1063606
839158
2623182
5416960
7436260
92664
78606
1352185
6973211
4787943
7862556
528
22967154
2368563
5263367
557034
1157478
187576
4628389
32792703
747249
12557513
12100683
4978569
10262660
10226450
5234201
124251
959799
3727802
6105
49770
42444115
20959471
1415397
25407640
10037395
123256
23780763
6786
1690037
28459628
34415806
12547484
2604892
633370
32679424
3507262
9221320
2080
8969693
25272375
15828682
28974945
2055369
35065969
17419684
36572477
20739922
878473
3151293
2137275
17502402
769417
5822560
103285
21115
359975
3024563
4710893
5108776
3868352
1304915
3293441
45844916
233585
22784515
1036072
1712169
11122635
12612689
1770013
3955058
2080
18038938
14877
16060208
5646451
3741465
226128
750921
1037516
25052466
3912989
1412028
10628307
780
12577557
1107813
9337636
709832
16139634
592413
16568570
808354
21474081
5740934
1949317
3332056
20952999
10082248
1198924
619940
2355520
8086197
7807137
1145333
3570
69006
40486336
7740109
5863568
431982
583739
29161
6887580
9974766
22569030
37962382
54615
6521440
4459579
9885636
10605265
182709
16574340
1741904
5289353
16927387
35798338
32542136
11023810
39130119
5205122
5832787
20062861
15834305
23546837
765700
3890638
27029502
14292464
12799207
9088664
1943398
13465394
2366394
1109300
7521343
8001
12698219
4232572
18219582
89675
4139981
9402568
11075514
15576495
16591607
500498
823684
128778
2922142
3148775
17578
217469
218791
1688197
3161338
39440355
732653
324413
12758775
11397873
29150305
8838861
1888591
861
14271083
1146848
2970687
2410094
26299252
6932203
3181496
63546
15171730
12652909
16168068
1628101
5433428
968128
5616252
1492121
9576833
5788472
2842903
15
2496489
3247416
23136893
1237942
73152
5880703
2438722
3403
2814367
1431
20662721
7401604
462239
15570921
1168152
3857238
9350603
18528
9708573
10
79401
42177345
149331
11700650
7286614
4707822
5224500
7498101
6521444
10767063
5440027
22683388
5819134
5973668
10655987
9690952
34274923
1175803
18797564
30579989
17526091
2059427
5994434
605549
5356
451724
2049289
60378
1417080
24092096
2745981
286899
16534049
4498484
16077200
3523171
9453
62481
17955
24057418
21115
10127198
1459473
10846104
24314755
59685
27730
18328398
2338187
2595762
39903
9823473
4255881
22602617
6677658
6630230
4492480
7775572
8734067
38627491
24286850
929558
15193752
20985377
4903125
6095252
40865149
2155914
31636900
69377
2443139
31169328
7359325
2917308
2366386
813448
31517699
1428888
2811989
43538267
4119862
3272944
3763379
224113
18981960
63189
21849248
4828259
30314669
40441351
257402
6274624
1272805
37875300
203203
2087938
3285752
709832
304589
1540884
2659962
401854
25600487
1945369
1519888
40594385
13569383
1730723
148784
744806
1891
4893740
30870014
40171998
136
1413711
4447628
3997353
32906184
1715867
422739
24105997
30361390
374544
2483098
1891
253828
1539121
284634
10683705
5019669
3826739
16014896
865265
1152920
1214455
10920742
2077733
32196158
2710942
660674
20823735
661823
7579636
24706838
979294
3153809
14308512
4720114
1075307
2318770
3002463
910570
443210
18498324
15166201
6102253
46411608
510552
6604759
874501
38653865
292229
95266
9380903
4683304
6313648
14212379
89675
336609
95266
38513311
12961623
13962901
2308014
15548603
8729885
426423
9101466
7815041
10892730
374544
10878720
18219582
5946046
310866
5041887
10600651
15969653
44551
1021733
4480496
24953464
2308017
41464000
7854627
27948911
2267381
43364
9071641
10308014
26561011
26582860
3438734
6116220
4726253
20444730
4122744
18994286
79800
84255
615493
1576194
227474
56280
4343852
2080
35778
7119621
10199334
17913025
10605266
431983
1682686
31114081
1427198
10794920
5740934
85905
8312960
20495916
59685
61073
939132
4290958
503505
8969685
1097420
35245
41701105
27821939
403649
8268177
5328458
3766116
7344003
3290883
388520
3757891
13408369
1003232
3994535
1146851
2383827
46527289
19816575
250278
428275
12467466
12377740
13668541
1876945
4450618
21480629
2246130
2539114
24976
14372772
9921235
5459837
8864110
11565591
13191749
18243740
13532944
36129099
522750
1619092
12169652
2720269
19766236
41911417
1194278
11637848
29579471
979295
40423366
3206760
163306
1892472
1853767
16128281
615493
12174577
14995959
25715091
21735
3389087
253
250277
112101
5710484
6887593
458398
12768866
7779499
4223854
8588397
731438
155960
6133733
24918155
9341956
10531704
1018874
57630
3821208
14010504
16054527
13762815
267545
34982282
14892084
17020629
1212898
25571874
35245
29165587
35427005
41904
2507664
3433490
2579846
174345
28489817
1592212
4925067
15420601
15105689
42508634
234953
14908471
833982
3768865
815999
7432399
3270396
14696274
14577232
31177235
2948799
3088838
22825033
34681811
8911
37389472
898464
19634427
20043861
24321726
66429
10394471
14364
1547914
3415178
1163573
138074
3071463
33141872
3360508
26400885
27911531
19136294
18963482
6112724
324415
1640759
20285179
1059235
705077
2269504
15400
1904168
465
165024
5886
2657651
6546736
2260987
580501
28008740
27583769
18467921
198134
14148477
1373643
2842908
8784288
6995633
1450951
6543121
11412199
2069590
13621523
634500
5532778
4874979
711023
162164
19025100
216151
628879
416327
40755
8563550
126755
746027
10444678
3270385
10472129
306934
8361964
861
639013
6467372
32663261
5266605
1024592
39024029
14195
19899
3966312
23005
65341
1296848
11846226
5095998
3544431
21206224
692075
7834823
19540536
30822888
3061563
780
14378135
6765648
2355524
159895
16077223
1754992
2980444
1124247
3560426
13377308
982096
7850660
12497436
503504
28203
4326184
26802078
2655347
32107954
322805
2368570
77027
1583302
1046177
11326372
2755363
13673763
17578
6758294
16299110
521728
5010171
5430130
112101
12542478
64619
8555272
13841618
242554
1192728
26796
441328
25916299
25425
12487436
22696845
42241663
3240
4250044
27807043
2201837
27524381
23905062
140185
13530
748475
1280796
15537456
516635
40082413
4940779
16470850
4937627
38645073
13460207
7033087
10623695
20965964
3093810
16505301
970918
25693578
38093191
41328
966739
14625859
6449404
44854471
108809
16557047
7367006
26699654
7870488
15975294
22094536
575127
20380828
2357694
5124772
28860889
10408160
15851183
74304
1861478
5781675
980696
510553
16997275
314028
1106322
4088345
18565291
10995655
10554664
4492485
3865570
5853309
2485
6514219
9459025
480690
21
75855
4803425
21024268
366794
6232186
162164
165023
2325231
119805
10753154
4116993
955649
540276
644678
6427878
15243413
10967530
9651376
26553707
1439045
1001815
4244215
2083856
33501055
41372984
56952
18773048
3714156
2968253
24976
8914709
1675358
5643093
24475410
22703581
6850521
6843119
4177473
16133967
6345668
849551
2271635
23567449
7195284
4640557
75855
10172252
6725249
311654
38225
16950678
16915756
10208386
38416835
25300832
7164969
17131654
10981587
23718718
291464
14228376
395605
216811
60031
27147287
6758294
4373383
70876
24440427
25130401
28441
12248719
15409510
19873277
3622069
16402056
3651731
7021847
3415174
2310160
2085888
7417001
27665510
27261
18243734
271952
283126
4818932
10591467
23884324
5952947
17484676
62835
483633
26350066
258120
3425639
28441
73920
8025992
8838859
2659960
628877
409963
9122810
3176447
5532784
9841212
199395
6601126
507526
1730717
2850
27814505
2208146
4723186
1961185
2557178
682693
16054527
1604729
2000994
16407777
33182588
4011512
1461186
2141406
202565
20888327
12557515
6409957
17972924
398276
367652
4686370
11666817
42140614
26096598
905182
16505323
15548609
3810159
469964
9572464
9454682
18711821
5659906
3116237
567644
2405707
3262720
1197372
411777
954264
20297905
2552658
7332512
5143998
17026456
577270
3232136
5949491
649228
9307404
82215
500498
5124779
105108
26017168
4194831
18068976
8110339
17710099
183314
1569099
8042015
32971115
272689
18237696
2118706
846945
72771
12997300
487576
4288029
1230092
14399605
15051
9625033
1306531
5201897
3044271
20927128
33109310
315615
10972211
1556722
3703262
11469597
7950036
26241280
281624
16290
23925809
932291
2555
9350605
23334585
18093043
16310537
1003231
13248314
2250371
1754991
21310551
7826907
11933992
2465298
20062862
3738725
34424106
595685
45500844
15045281
544445
21955154
1188105
8366055
110685
21945
13038114
984901
30381
15006923
5785068
2147615
3785368
11488776
5007008
18571385
8308885
19198229
261002
4981719
11056702
35124625
3123731
23656776
31748363
5269853
189420
20348909
672215
5449922
126251
22061313
13994626
997576
10582257
2089977
32172088
277884
137549
7811086
7509708
17954
1981037
6622949
387640
271214
3242313
687376
2299432
5489624
2476414
1066526
1711
7501961
14324574
8480977
6887579
1194277
39060
10367134
4229664
1279198
7946049
211575
5785075
15537467
7626
221444
27896584
8961224
492527
3777107
67895
41509545
2288719
2256737
16741715
10531705
2065517
742366
262449
275652
136503
3415174
3782603
349865
41838202
795687
3697823
2609457
2267379
236326
4947057
8489220
3365701
606648
8734066
1871130
5057765
1277593
911922
16321962
14399593
8725717
43137938
5576112
22535432
4125604
21069701
778125
18328402
750919
3826739
7700811
5562755
1615494
10449258
2265250
23801444
19553038
2065522
1983026
9550596
8738246
56279
8813655
457443
41218488
4096937
1148368
25180040
23849765
5659903
3835043
5026006
6327869
4456579
19478079
1313007
29880179
1031763
4925068
2011005
8029985
27095712
10958164
207689
616602
523773
358278
46056
13889016
5341530
1143820
582658
20107227
826249
8312975
2850063
11781
1067984
16927396
15890645
1357123
9699777
2902829
12982007
2478635
8268172
17532000
3986057
31660770
3828
914625
3262714
17360698
962571
28436980
1287199
25507537
19018946
6431457
18044949
36086601
21526552
3801882
2310164
803277
3113741
10596061
254540
18705706
7309541
1334156
2748330
7854624
20727053
37406770
42486
2206039
1525125
22114486
11992693
19110
592412
1188105
873177
3821209
21546227
13910106
106490
4068354
149331
35317658
2416691
648090
9921238
7529115
9178424
13325635
2301575
4622301
14148476
16655019
4549610
1577969
21651386
7560185
2556
30995861
78210
4429751
935026
1124241
193131
2065517
261724
678026
6095251
25715083
4317371
7587422
26255765
5653176
2312313
11455243
2650747
1649827
508535
336609
676864
3342392
6817244
8317051
198134
3659845
20301
220116
4215129
1056329
20297920
3446610
4729326
706264
13387674
30097024
27680411
63903
7033091
10001582
428273
8385
7981971
5908177
1485220
423658
26154404
1011745
1339057
1400289
14859350
10651363
3700538
4065510
10683693
7638145
5683482
32640
17443290
1000398
2623184
2067552
3365697
8166817
6112724
22899419
26334
7424695
4579831
4619263
18413256
15415047
25258167
25066630
2057392
603346
339899
32719858
736286
29249648
766939
9406904
2206041
11369238
6776689
26335
44053008
1691871
15593251
21552802
12140066
11584838
15265507
718199
27028
16643500
1261661
24356594
5035525
13181479
12688139
20953015
222778
9144188
3161343
13973473
25073723
33669
29005410
140183
2133130
2295144
7363178
40297587
3425636
4003010
382375
1020300
17020
31319534
7866522
13778566
1704773
456489
3657141
662974
871853
100576
9307404
10127201
7202878
20069194
20075532
8813658
8759162
522750
2151765
28008743
23691173
9568081
8070110
17811408
229502
27561470
22791
33623961
7985962
12784046
34453
15693926
129794
70125
44542458
379755
2762409
11136790
2071619
973704
2135206
542359
12243765
819836
11982900
265355
144990
11652324
18093041
1134762
39200922
452675
2926
18486161
2390376
7591317
1335788
1871136
1891
5466440
8489220
186964
13673768
2864405
231538
5666638
284634
19006609
44968199
16962330
21651400
50721
492527
939130
469965
3168889
1512927
21264892
2434315
4079774
4862492
24391513
25550408
4062659
1523380
337427
411775
4507487
30517439
4154385
1502507
21225784
8046023
41041
143380
382373
2586664
14421067
9854530
1959201
9930153
36572470
56616
11293070
77421
13320488
33930
2145
3988891
360823
46488711
1809750
4426784
6105740
1533873
185136
14042287
17829318
15884994
4296823
431055
3438745
6786
16678120
1886642
37328960
13689476
2126948
539240
13621522
3541771
14079408
12552511
9655768
22791
512576
289940
100576
4079787
27487279
21737020
22495183
128777
1992999
2333866
5559421
8927383
835275
149878
3662563
3980410
2736620
4394116
781872
7271352
34002234
8038004
9783632
7505837
142311
3232133
36078108
1403644
14351332
18189416
419069
701518
13279217
2269500
296063
2518875
577273
8195134
16202198
14777710
4625334
10010528
7503
11690975
10753153
8134520
5214816
4637513
240471
2586659
13263759
32744149
520706
472876
7370843
893110
38294214
16139651
29890
16003582
19615634
44608551
11014421
5886
26655827
9970299
12432538
18062972
6917302
14941236
58652
2604887
2203941
15276553
296065
33141874
113050
17313604
476775
19961627
142310
1186566
779372
75466
257402
10883401
14249728
552823
28166137
24496400
2080
8078151
6655746
9912331
5449925
13705160
20804389
37121882
2826241
14394237
12561
4168819
36829499
4391138
9956908
785625
1137782
17609067
2456430
26299257
8902043
379756
299924
11307338
2329550
5479677
305370
15171730
26480882
5289355
10444685
15621183
30628
151525
8448075
6392066
8142597
21994923
129286
21585636
2550401
409962
5205130
4423798
1961182
3475549
3039338
709833
11056710
3509906
33166291
3019635
3247409
854774
4610153
15400
1937483
16077201
3779853
253116
8889389
299924
16933200
3851679
22723816
1549673
38198011
327645
9161308
12487447
631125
26728913
14281784
795684
6586600
24925230
11302573
4432730
1007485
2478633
12961629
2320924
561268
622164
619939
20901241
5050
6081306
14303151
8638201
26106
5592810
255970
27110438
40910369
712214
7922149
2303719
148785
8530468
10371687
8300736
22101170
38469444
23615536
19328568
7783445
3003
6091761
5115188
224113
2917308
1097414
7552403
41200328
1396951
30909313
3531145
5390671
18791419
6784049
9836786
5740936
230181
2833372
7321013
12976901
419983
409059
4447633
641273
13351464
1439047
6622950
25265271
963960
23739384
1023160
40470
30470583
33239636
14903012
603347
933652
13804823
14826664
23327760
2019041
15298675
29066365
748474
4781750
1330887
7934094
4273405
477752
2566235
5253645
61776
27531801
13043211
5764681
262448
55611
11690967
4607102
9234206
2708623
781873
3344978
13994623
9316041
2783614
157641
11787884
1931590
28248772
39449235
12352877
668743
97903
6564844
7661615
947371
4296828
4355653
1444143
12560
528904
19936371
2166309
1335790
88831
4220948
152628
26106
2634654
9033333
3821209
866582
1697392
21598790
503504
355746
9054608
2595768
96141
201929
3643635
5279594
265354
3547099
466093
10104724
1110787
5825960
124749
13558978
43959195
7759789
255254
743588
1142311
9677754
12238829
2498715
13232877
4890605
1103352
10240028
2678440
30345813
2978002
16190815
5734169
3449232
755834
37493308
533026
2051312
1225
12278429
2653043
12870152
753376
9354932
4677190
347360
36529727
1180407
4994353
16236367
7248499
17084861
5108783
13181483
25579007
15890631
911923
17960938
4276327
35637750
875819
933655
119316
222778
126754
4528530
138075
4747795
24238087
13789058
6211027
85490
824963
23041753
1332525
12403
11407433
22622799
42462542
2963381
8629888
38226
10748526
837860
11127351
3036873
935022
3907401
1596
1233227
2926
45753
3515208
2835752
629999
20630578
2153835
9651373
1613698
3584485
3605935
3438744
79003
5312149
3483466
217468
19603097
187578
2386010
558095
141245
1051972
702702
10841441
108344
9485142
11174576
4604066
24531
28038688
9974765
8918936
334971
456488
4800322
1994990
14121884
3600566
551771
1072375
14404954
29448859
9208443
386758
9191291
656082
1497307
227471
17722005
15543029
21513434
13253461
16110
341549
1695552
10495023
100128
3178961
594591
17597185
48516
168490
13846889
1237948
35292453
24015820
18760788
19753674
1863400
2112525
28248773
9398237
2214449
5512843
843047
4525508
35494371
21011315
19628146
6677649
6670342
30415963
9191285
1873064
9208443
11914476
13243184
11226638
555985
243252
74305
1248986
16735924
8847276
15879370
17549766
2425488
932290
3101278
2741296
3176446
10651364
162165
5915053
3118736
213530
8182999
3901801
828826
32558278
9229916
4250048
2271637
9406914
4229669
8353788
12061354
261001
9717389
2427695
4290963
29387478
21803001
112100
4438691
4677189
19678318
6695936
29548694
18975790
10385362
5966760
432914
26125482
213530
17502402
176714
17003105
4426778
18920380
8911
106952
2951228
1194283
2035145
74305
8547004
6670
9765946
2388189
973707
319600
18951159
922753
1367020
17996922
371088
13741851
696788
19628148
177904
18480080
1244249
35469097
38040840
18062967
1348899
6130218
22522009
11753916
439449
32300572
8567686
6036048
392937
16811227
10720717
21167183
481670
301475
20681992
135981
7370841
32324677
3974781
4564722
3027010
1314624
19590573
6467385
1779432
6543118
606649
1285599
9814628
1266431
25765330
4856266
1303298
8704850
26357329
15626774
766937
26816704
905182
31124
39174360
854774
109276
12041729
5253
2434307
496
510553
1542639
2027082
4953361
10614478
97020
7509712
44721969
6126717
13652862
5121581
15171727
781871
4122748
13789061
15105682
15116683
22845322
13861
10458400
3319161
20733493
1040401
36120600
9498217
542357
25180055
518668
2039180
2690029
12915856
5482987
1908074
482652
10729986
2687704
29694939
6088271
18201481
10376242
12184462
3184008
5994425
6828323
330890
15409506
9748272
2197645
3002
36856
574053
29165572
11826761
4899995
22167712
3846129
66795
2246130
102378
13846889
9774785
4522502
7767676
2278
25194241
4189047
1298458
19728538
32582481
18681233
55277
2141407
1904167
2157992
1188106
6004820
7321013
27725053
935024
29403
3138749
3938200
7685130
24245060
38226
32384
43365
11517542
1677193
9178422
2671503
59684
6880162
36563917
4314433
21528
1771898
8944290
2212342
15481757
20483112
1405321
496
640145
1301682
1679019
208980
7720444
498500
1785096
5843040
2790688
1658924
739934
11724843
11302581
494513
605544
29965277
5622952
7564077
8480979
1306529
6695939
429198
3465005
633372
6025620
19291278
218791
144991
3054142
3451859
1079711
1219133
10077750
631122
196877
5205129
1059236
5496240
31027362
528
1076774
25758152
35730677
13736592
5619596
199395
2035142
4273400
9502570
4928214
15387309
2929403
1069446
3014725
11150945
18340512
3357914
19074488
3232136
7732250
7343993
11628204
12179520
6637512
41328
11681302
7363166
5279604
2814362
19322350
4108389
4062655
139655
24932269
462239
41737640
4085498
1490399
18117120
12268524
2059426
154846
27213626
185136
1219136
14859358
6835723
8025987
13684230
6056905
4258804
5305624
11546360
4471526
83844
52975
23974243
10577642
27911530
227473
1078244
2059419
7803183
232221
15320821
15828669
400063
14207046
1817363
49141
2968252
35679982
3433496
3031947
2471965
8464513
33198880
402751
2980448
64980
149331
53628
2561706
2873992
7779502
733864
94395
4264633
4865616
2308017
346528
1116756
2106368
28959722
27554058
13398010
21796413
1303299
1723289
6463779
12214096
2381637
347361
2953654
237705
7536867
11397882
6470976
5299114
22161056
22421459
11117910
5747711
739930
184528
486589
1840316
11934
626635
779372
38733040
1028892
16207892
1188105
25400524
1142307
19272654
21948519
241860
39805333
15615596
13470581
2523370
230858
7854626
28441
10632914
1122744
16898316
6095252
593501
20329782
6550356
535093
3882271
1154435
18975797
25878
1476610
6313646
27066275
718197
4273408
13480961
3399508
877148
10140709
23636138
6965744
27807040
1606520
5064133
17727953
251693
33664967
395604
11700658
1280796
7708670
30011741
5253
14669158
15398397
1804039
24468411
869220
22074582
12597624
8956980
1031762
108344
32895
1104840
590239
3608633
4022845
18638483
14593427
6835715
1296847
2102264
341550
12617712
7525220
608856
965349
426423
4713963
3994528
1219132
3581809
69750
4314435
5315400
906530
19093029
1459479
20527945
8195133
31878
1028892
11914457
12323065
5456530
2112535
7751921
14669171
9801340
3501962
1495578
6958279
12931091
1391939
9591
4311492
109277
28680
4567739
913271
233586
483634
471901
7225663
4099790
6832029
586984
595685
22791
774386
16909939
744807
798211
19278863
14180411
10632918
15800561
26809392
14837561
3138751
3924184
537163
3402116
3216899
8629898
18981954
2305870
7463283
329262
3876699
12061355
29625625
9898973
14485579
10011
26205074
4105530
9191288
11637845
545490
38768252
546533
1485217
1275
2541376
1231663
1230089
6780380
40540340
8128
11202952
608855
225455
6285253
17184371
678025
218126
3760638
38460673
12223980
1943401
16430705
4655803
10113697
19353444
13315328
14517896
38478214
77815
16390601
28921697
8460397
26956048
4784843
914622
2953648
14345972
5671
14021097
37233978
5846458
27428013
3763375
37380821
22885896
17901051
7799247
7894311
191890
3402128
26934005
33582961
5666627
821120
34415808
3943820
73535
37675
226127
19948998
357435
6025637
13315330
11345424
7854639
2346
520709
2659960
6528655
23082506
18413267
23560586
7256117
6674000
49455
2623184
57630
11321617
1054871
17787553
4483494
35781420
897129
3054139
4525513
114002
3118734
2783604
15772455
337429
19484313
6032569
113050
26226793
167330
15705148
2120763
1602936
19421943
214185
837859
2229201
11914460
1775661
6200445
3244868
18662912
24573438
27029506
12703251
1925691
94829
92235
2434304
10317101
31804175
33870414
1155953
22906201
8780100
2362040
47195280
7985966
15160695
14239063
11628
8642373
59685
2405708
16442160
18081012
1697390
4420832
28271324
6098749
14728809
2496477
60031
35778
4273405
678029
7078181
23130107
87571
1844147
27494
8538735
190
8256
4028524
5256877
311654
24805349
759524
2703961
212876
13605867
11690979
18871209
13631972
9970299
351
17201975
33929
5189002
7708668
7195285
12673029
39680520
1509446
35427008
3799126
1264840
324414
80200
13155828
3667966
8150667
1838393
114960
4028520
11212421
315611
1851839
14535
9459032
25858710
3960688
2664575
8843084
285390
2775
11570409
1693711
7486477
4818945
7332513
2523366
7544632
106491
6470965
21528
2917306
6453002
5788472
2586671
9876736
7591316
21528
12667999
23005
2145552
7436258
1222262
650369
2774174
718197
19465591
39796417
11483979
16289
507527
8709005
16545556
4180368
23677421
31375
7575755
29349179
235641
2579842
3678814
6798796
795689
998983
14068787
35007377
5946048
899806
21618495
664122
4137101
17360693
4594971
1476612
1137785
539239
144991
5459829
1245826
8515
4039878
25686426
1063608
461279
765700
239085
35244
643542
4154381
3760633
9845653
90100
20553567
4851
5237444
14121888
2776531
2722596
2256738
1031764
3206761
8575969
83028
13590225
4778671
81003
15116680
2241898
409964
32059885
22946834
3915784
3206764
3725061
5516159
1319494
10082248
15
5045048
5727395
2009001
3711430
50403
22569022
4988034
948749
100576
5354603
786880
26060470
7115839
35511
580500
629999
4510488
1838400
310077
58653
40118238
2876382
19980583
34449001
4076929
1081
1352182
33093041
19640696
19904796
239086
3890646
3657142
17143361
11522337
17895067
16707016
2701
2641540
14766820
11720009
678027
2231319
10995645
18840511
31628939
9677753
3293442
11122635
105
4186
13947054
19229219
1368679
23225429
21796408
2180904
29403
13119935
703
1732577
854775
8154699
845646
26284748
12022107
1790772
3051669
3544437
17407859
404550
3093813
1653465
11890077
94395
2145542
1378
6200447
1804037
3752416
453627
378884
1715871
2931815
15537457
4261713
8243789
297604
6189887
1373647
2269505
32825108
312444
4122731
15964004
313234
622167
3441361
742370
30579990
3851685
622165
1562020
2239774
155961
8231613
41354795
4831360
18328404
695607
3815684
4085502
21915418
378883
239085
6313648
9867848
13600662
990
19747378
5420255
4701688
10499599
28527547
644677
2092028
15226847
10892737
6409959
6995644
6761971
22281053
6666696
500497
1107812
21559358
1586865
6902432
18480076
1003231
13109697
27963863
1635329
2648436
277885
3782604
34781820
7989963
2706290
23348269
1734445
970915
12387708
18273967
38206748
2478640
7755851
2316624
4729330
905179
6820939
23574297
6370645
79401
27339202
5939157
2912477
3974766
804544
5253
16741703
4893736
10321640
4809626
136
222111
13695
4191936
854774
2037162
1425509
4997520
12125294
6785
23116508
11350186
2710943
3955058
15100185
18601855
68635
542360
2344685
20830197
34324609
34706804
791910
4994356
25010015
5026022
23787658
24671683
15997923
24140720
19353448
5562752
10212894
5666641
603350
36154599
7606925
147153
16840225
128269
37675
372814
2776533
4677193
112575
3229604
252404
2258864
41055217
6402798
1473177
760760
74305
32445397
278631
6791418
1998997
39948226
152628
375411
39130118
11269322
1638952
6773010
6880160
24496406
14447933
812174
3796376
2809625
7140
3368292
249570
347360
6313661
14550250
578348
1146847
34665161
41616
34498823
43660
16304821
14265743
7548520
36855
21631649
2386009
4282183
55
875819
1079709
6813551
3835040
17585336
15778084
1488671
5512838
6681305
3971955
989119
6043006
1456067
24217203
11335901
504507
11633025
7645965
2396944
15733166
18243729
22041375
8029985
372815
5994420
948751
40010816
4915665
14201711
23218610
6032570
6828329
7799236
386757
308504
57630
2503193
19440647
14777710
164451
17727951
13616307
18261864
2201846
1395279
32437339
9380903
1020299
7244682
27479861
19173446
35309254
19478072
1381946
178503
4071214
9157014
10832129
61075
1539131
4800330
12678067
16904125
3332057
19911112
16367698
6721578
203203
24090
7176327
1723290
1217572
11503164
4604066
1008906
1662571
10660603
703
10296
381501
4850031
91806
25364884
23815254
141245
2692344
14588032
513587
1576193
21519986
542358
8965453
17775611
9402565
4874977
2399133
132870
9642584
12572556
297604
2388195
13799571
26978062
4634468
2694665
290701
13762809
7386213
10023954
3893424
5370973
4349749
653794
5048227
4953355
464163
1485
3730532
3267838
837862
4726255
4831363
5163270
3832277
2625474
5880709
6579350
14021086
136
1884702
1904165
120295
88830
7478738
10001579
16447902
10127200
195623
4616218
1526869
11637847
13253461
976501
18044948
504509
478729
3563104
42767200
450773
4371
17307704
17591264
29318522
2305872
2548141
12794158
844348
1469749
2346
10077750
3184006
143916
6865333
1368680
2850
1176
1714021
5282846
3793616
18492239
43119362
12698231
9346289
6302996
32938649
7467147
535092
6474578
14335265
18534841
22548871
1620890
18534838
709831
396494
11359704
43071
790649
11426539
35722231
171991
1481774
5315407
2065520
35242057
21388966
18883487
2807247
10028438
4071223
7494216
33623956
11397874
18014925
672218
5026011
3347557
3868349
2164230
133385
3342393
16660799
534057
1024595
371951
1939458
21730423
2037160
27568895
21160673
3475546
1160524
5670001
15248924
4959648
2876389
8940059
23177743
3159
17567559
357433
6832021
3785357
7532990
22394682
3081
6328
7906242
13647649
89676
8709012
3163853
285389
2312321
9272920
1140797
6053426
33697812
1442442
608850
15531892
334151
784376
9823493
735072
21611922
3014724
147151
690897
11383544
17325366
4640556
10199330
13512132
476774
863948
21506872
3832279
16111247
135980
2035141
6839428
1691869
5150421
213531
36027157
7447832
11958448
12875212
9934601
4753962
3234682
576200
926834
1963163
31470081
2864409
1314625
13203
13522537
14201715
1702926
16968148
34790164
1326
11231376
17603125
11686142
3603252
55945
8995130
739934
29020641
10136207
4975406
230858
2616321
16230685
5606200
15879346
163878
23389269
7294266
4717029
458400
48828
7180121
1440748
400063
823683
9476444
58653
686205
345695
255970
6507007
14669180
2265250
2963379
6053426
4074070
3571114
16851835
4851
8110333
3571111
27598608
4784843
926833
6302999
3873928
17278308
21212744
22147741
22933270
901152
8526345
5201902
11589663
2396938
40783825
27993776
2946359
102377
633372
9970299
1021731
27206271
19930058
4302693
5163262
1450950
102377
44081172
11378783
191890
457445
3483460
1662566
253
11421753
11014418
4794127
2474188
20572806
11973111
15437267
11531944
9217025
28919
4738553
132355
8918946
11412196
9080139
3592527
11826755
10019485
958419
45787480
7006867
2131065
1668045
19359664
324413
20183379
210
962575
580500
102378
15293149
461279
9109995
4828249
4800327
6786
4394113
21290976
6703257
465129
2166309
11753921
13330796
11345411
234270
12713341
1704768
820
7286615
1690034
3678817
253115
4008676
3997356
3501960
11307336
20151628
1530369
1088545
1021729
4326190
136
26082145
8260051
2850
550723
10490442
23218592
8199184
36958346
4713963
2845294
4934494
4095
15320809
21024284
18201473
25801221
903
2521129
7791338
303030
15845566
11812173
15537465
591323
258840
16753291
3980409
13114817
6553976
1263250
1880817
3143764
14063486
18141197
1622691
7587438
35191704
841749
2256739
111156
34274914
2092025
375410
14239048
594592
12031904
117369
5057774
3616692
72010
16026219
2423295
369369
22241025
16290
171991
42131434
8415209
23109690
869216
29641030
1809746
37484657
203841
120295
16253472
11440887
3111248
3918576
179700
19490556
5356
14255066
21842649
1352185
9067367
2790691
8978158
10559269
5966754
447930
39440356
12022107
2965814
1134765
7712595
7420837
8742431
9699761
22034734
14223039
3403
667584
5589465
90950
14159117
1546152
1070912
13925947
1140798
115439
5802093
6861638
5022835
803273
27966
3196637
19192022
1319494
5673370
14036990
300698
2895610
8452176
18721
20317027
30767952
32896
24272914
22858848
1244249
357435
10208374
1223823
522750
22845329
14153794
6274618
17372479
14365
1018874
3749669
29310864
1425511
11618555
4972253
928200
11608925
392941
36563924
10585
13002384
2027079
11647490
7767674
18614057
35984729
116403
459358
4874974
22804788
1949316
10167742
2362042
4071209
3837816
295295
12263571
666432
5348055
32011856
17431485
2584390
742365
199394
48516
958415
16185132
1143823
10426403
74691
15721958
9063105
13501743
492527
13191751
1300074
22919730
19503
3533799
1231662
1345613
29502602
2634643
11037901
1915898
88410
2349017
263175
16973977
6765645
1244250
6435058
5602849
31375
17496497
775633
1300076
2936662
4791033
23653
2195550
24601493
5656533
30673888
13994628
72010
9690956
14074094
119316
2926972
29710369
9805757
456487
958418
17680352
18425410
11778168
21082667
9467738
5176129
6891293
472877
6189889
14734239
9419928
1275998
707453
2359871
38101928
1949316
2195548
11146221
17284195
2197640
1408671
17763703
482652
9075888
40064509
4622301
3692395
11935
1873071
18219585
4299756
4856268
15576495
4890610
10897393
741
2187176
1981036
8621582
13506943
14345978
3446610
18336
3807404
4180373
9620640
18571382
1651646
45902382
924115
4438687
18171326
32962992
3153799
2083850
49141
32131
881124
25973904
4561689
1269614
23436
36046
8914716
853464
603347
2664580
16471
1209783
3081390
27993795
1396947
11681308
5683475
35244
10508763
1373645
2303721
6331435
250985
20927119
28001258
34415803
541318
1125741
362524
1435660
941873
23004
8775913
873176
1115266
2454205
17114092
130816
212877
4928215
17032290
25600489
7958019
233586
582659
6965745
2525611
4468532
2260991
29058743
334969
27799568
4186
576198
36469919
3779854
230858
480688
1794552
9281544
8638205
14319208
10818182
10358028
7328671
24363589
16082878
11934008
9881193
703888
21528
20706
23739402
34973915
4420832
5218042
12941258
11009734
821114
11517542
518665
34192162
8709010
4564712
76245
4020005
905183
1927660
16488084
6861627
19974276
46055814
398276
130816
5843043
2512151
3643635
48205
15248946
18846643
1456064
10962851
1526865
8788481
3189054
17020607
3270385
1483497
12987090
23211780
39440355
20495900
1317869
11580022
174936
8448061
29089260
6025624
9182708
4546608
17514244
3436114
3211828
9178425
744807
3334646
330891
14974052
29942056
18389003
19306
6084782
8398812
6067360
395604
2990218
23184552
818559
4637525
5426849
45753
10244551
8042014
41272984
85078
345694
9058848
28520010
35891472
15753
309290
5022840
173755
39085896
27933968
23048545
4710896
388520
1682682
1989005
190
36521180
8211337
26106
7513596
3584486
33117446
45481763
2239783
1158997
2043223
13574587
982099
24833530
6872744
6215
49454
67896
2568507
3725063
23021413
2089982
6435051
11836485
4279257
1079709
16997279
324413
633372
3960684
193749
17766
28263794
280875
10467552
197506
2888394
13501752
12880
6728911
289178
7405438
36752299
2193454
5423543
126756
13679000
8170862
11599288
9105730
1777546
2346849
929561
34117782
13931228
469961
7021
5466447
2338194
7176336
21968417
8986637
316408
6356362
5137592
5751103
1456060
17727959
6835717
6784049
643543
10632916
10412717
7343990
2310164
13232888
10001590
8717365
19803974
358279
5397237
624398
7834822
7210468
3955063
12992189
2958511
17578
4738558
14485588
6736257
1091498
24043527
28421899
12622751
3054144
2507669
7225666
10499605
5576102
19148669
3531132
4686369
320400
7237075
1181946
4760127
4160153
1092980
3321
1953
54615
11671639
23220
44788196
44212724
7305715
103740
12417579
3525826
1691876
43454323
8398807
2364208
11865691
5586127
11700640
2065518
2492019
2153839
35739133
1629907
7066885
15738793
69006
12169653
259558
12789098
26248511
2214449
3815691
4649699
7571848
2680758
375410
28838080
18975800
1844155
33615751
11633016
11978010
38627492
1813549
12981999
3051668
3741
33288569
32276464
2729605
12387705
22107831
7875
621053
690899
7409288
7157397
2607175
5127976
21869085
18056960
26565
392053
766939
1596
1894420
2559442
85491
882454
4142857
37078812
49141
19031288
1217573
14351330
112575
25981114
4720106
21988293
12472449
1461189
81405
2349013
3741458
45
5440034
2083848
13999923
2970684
3061568
849554
374545
9453
795685
7409293
849555
557037
852161
231538
270478
1417080
474824
2011007
12946353
3755148
14480201
1823086
31692598
12046625
39060
459358
19621898
195000
5798689
891779
2762415
21935270
4519500
15969665
7393900
15215814
13203
1699238
19062142
577273
25493268
14523291
773139
15399
15753
561267
1708473
4881225
10440
1081
371952
15476208
441329
17757737
8005962
9730
21618497
817274
328453
2222874
4975410
28550216
26721595
371090
6612031
241163
6747264
124750
20495903
583739
25258159
5019670
679189
2423290
5367697
1745640
17710098
24531
1449247
3034396
10591453
31820110
9144185
841746
6980678
519689
15504023
313235
3862795
4594975
9199858
25878
3515206
20972437
4435715
1492121
37208091
13119941
28181151
3078914
6917304
292994
21935270
10015013
10380803
8709005
939131
17847250
28807732
140185
27139902
44344471
11860821
2151759
15400
35942326
1188106
19578063
13825860
913272
7127171
623284
51680
455534
28301411
7370842
12829583
3078907
44850
3486099
12403
1026024
257403
4408950
7025588
8885174
14566431
4034205
27184122
20521537
2934237
4962806
1708469
1001818
3673397
42778
713413
4391148
5619598
23567434
6750945
3061559
12497436
294527
603350
3003
396493
1087072
2527865
588069
16846029
9045
5643091
3430870
2191355
26897336
37400
15056261
281623
3501962
2083856
2089980
920043
1202017
7866520
10
20227878
1175809
1376962
13274066
2625477
1593998
2229200
1504233
6947091
12557517
10371682
26212319
1327625
119316
61425
24321719
4757049
57629
359973
133902
111156
6579341
286144
29887908
16805427
809622
43193684
269744
9247106
14979525
5849884
34051741
25815583
21206225
92665
2244011
4837581
1590427
7803189
20444715
3600569
1168151
2926978
13089222
1798353
3093811
311655
4177470
10953494
77421
5636380
18425403
2696992
35772965
7317188
4183256
7985966
19210618
12753718
10181281
62128
1008906
3039328
2965823
99681
6485382
32946767
29646
702699
35275649
14913924
3311432
3873919
5469748
3316581
3430869
3941010
3160
7367003
1026024
2016
66066
1383611
6435049
1233229
3541775
3655
21245324
16614662
4791036
270478
13243163
296833
4329127
1547911
3156311
1408673
5956394
7025593
36581024
281625
9598727
28076158
15465084
2357694
11608907
5315412
5407093
27606056
44306809
11604096
12051532
3779863
943249
11184041
11374013
1771894
1741901
3161336
1020299
22784525
1770
355744
9863420
11953549
517652
9208453
12517444
511565
17745818
45634490
3391702
3963498
5609556
3293448
15354032
1669870
17716035
15271042
45672713
2701
11851088
7661617
768177
1261659
833981
378883
5676743
6857919
2039183
9572452
30213511
378883
9180
8515
176119
15298674
9633806
1157477
1929620
9511295
10725344
13574587
3462377
6597494
6158263
7962011
10435546
39957162
409964
25901886
24168511
650369
2137274
3818444
7878437
2037158
22154387
202565
1708469
3204231
569775
13434272
7858601
3267829
13413542
2176728
67528
43837387
828823
4510491
172576
78606
3056613
2454209
18938847
6850518
773145
13878482
3247413
3752411
396494
3391691
9739438
300
36171613
337428
2541372
12577556
3624764
3301144
796951
29104518
21736
20431939
43931071
3086358
72008
905179
13413544
10568444
3386486
336609
1741897
14877
630000
1516401
1353828
34498816
1991000
8667324
1072378
24161560
16782240
15226853
16557060
9398235
18243731
3821209
10
5214806
6042991
310078
29471875
1043285
406
579423
11700647
371951
3722347
5995
20348916
642409
2485324
11113203
401854
25629109
737501
3347564
828826
1245818
11758768
411776
18480071
15078229
28406845
40136153
445093
343205
25822788
3579142
374543
2087931
29633326
25550405
2139335
7552403
8659000
16185134
2312314
37380826
325220
149331
125750
1760613
729022
179700
12477447
2100211
3755150
510554
33411
3029475
4753
1653
1590431
1951293
8166821
22548861
1459477
18595773
7390060
5599514
96580
43584937
1540885
3486106
3161334
1828823
1057781
835274
8538749
696787
25750955
26604745
4444644
653794
1230092
3293449
23588032
17990912
177309
577272
25379153
36307832
2388190
166752
1018872
6593860
5676735
4125603
478729
34109527
2703964
39060
2379465
6535885
8609134
10481283
6924747
485601
24105980
3386495
36120602
2073656
25052482
3156315
10906730
3722336
987710
6575722
13366
4397079
4846925
4134228
20791476
890438
31626
15072721
7021
179699
2659956
131328
9845652
796947
22899435
18914238
28091152
406347
10376243
12447498
2151765
5815727
8515
23198173
6274623
124749
6228653
2776533
5987495
593502
25651
630000
23835964
319595
2178821
9251413
10181273
45386442
14212392
1563788
1087066
415415
14636683
3531134
12144990
493519
28098644
1474900
959802
9346275
2423286
8864113
239777
36906780
19955319
98790
4215131
10280789
121770
22602631
5195452
33689602
8918932
2241898
4122740
4267565
571912
471904
3029474
162163
6299440
136503
436644
342376
33886883
9863419
24976
1140797
302252
30540882
32244322
9131351
2137267
830113
17603135
8746617
25707917
6928466
8584269
581579
937758
2926974
1592213
604448
10385359
3285752
8187037
17853221
9850096
11188763
20374451
4732403
9988164
18286035
5436728
1779427
5051407
3138744
419985
9907872
13104589
12472459
5295860
91378
41354794
7420838
81810
571912
5208355
38503
387638
34865274
3003
512577
1037511
1628102
27221019
41436684
696787
538202
3321737
27807026
394716
11633027
11623388
2543636
11661979
2496489
8195141
237014
136
31625
18020930
8329279
4868739
22777765
271214
14028
1756866
33607552
35950805
1319496
12026999
3396913
18730181
13941771
906526
1275996
397385
164451
217468
3763383
227474
31240419
19701
11378784
1826911
299924
1637138
323609
39280650
3571107
16065875
3960681
5420252
39060
32663259
7854626
5707102
17014786
712219
16014891
8889394
16026212
1481775
64261
19659489
4492481
5096004
6615667
660673
11212418
11450462
10628304
36966944
3890635
7096990
31971862
1706619
3821208
6189894
409059
8431637
635627
7942064
28467175
944621
436642
330888
314820
13007491
1081181
1098899
23780743
4114126
9788066
115440
877149
4317370
9067367
21783194
207046
1295238
850856
28331511
996160
7930120
643543
675700
10584
9131357
9041828
37128
274169
5616252
16840232
7214263
20253336
2079765
1125748
2514387
25258167
28784964
8308896
6824631
18008921
12189391
2814365
21102170
12402629
10609870
3733263
528904
20585651
18425391
6126726
1125741
399169
19734821
291465
3649043
6306544
26860659
741
7954023
16915763
32640
4096932
15056260
21776598
7474871
20547171
2386009
1995000
7595215
561
79003
313234
8154699
6564840
327642
3206763
8300732
27941423
15851195
11715168
43119363
456488
3676105
21199713
2114582
3138752
2600326
6381358
14364
40459339
36495540
9419926
22468366
4252977
3547094
6743592
26985407
62481
36046
190
34673477
4008671
2518880
1706623
14577224
3579135
54285
45150
12298256
2015013
164451
1535619
9581209
6568479
13815337
10513347
9328993
1751251
16591605
26510003
1796453
5169697
2308010
277140
552821
117855
10711457
563389
1279193
139656
17751783
12708307
19553038
42887511
4435714
21928647
1051971
8880958
2514392
25621940
10230979
11026
2344682
2842911
11851087
7183909
1577969
21882318
19303712
24252015
857390
10353485
11613737
35747589
18693462
5446619
25165867
1033202
29441188
1711
5887570
22341162
35245
34573623
11865701
3116244
2182993
12602656
12051536
1725148
1155951
3316580
1842231
1620892
536126
32244323
1239520
4658860
700332
292993
18336
19496796
6435045
419067
17272420
8497461
9890072
15817434
310864
2630065
21
6249847
3670680
5397222
43799941
4051258
1206677
279377
9858971
1185025
40504334
10976906
19025099
37087424
24861709
66795
15811799
5089624
5592813
18589675
257399
9041832
29135026
349030
13186614
14507123
6046473
3705989
495509
12293304
10244561
986302
5846458
605549
18038944
151524
2396943
31200925
6249850
660673
1252146
3873914
17143366
8999367
3096304
10212890
15061742
1373649
22365
21605361
6732579
1337428
167909
13279214
10010522
254539
1263250
15089205
707451
1413716
7870489
4899991
1981037
239777
16655044
6601135
6798795
367652
6828333
16276286
17984923
1626299
17955
20301
96579
12718382
13351462
6070844
256685
179101
123752
2498721
14620456
4145736
9169854
1128
1900264
3818450
526848
20547169
1896365
11108493
239778
12085938
5990960
1330892
1274404
16396342
7317187
4726249
525822
24217220
14383493
14365
30097035
45243641
7685121
4522503
4878106
1781320
575125
32987357
2494251
13084107
1817361
780620
617713
30658231
689721
3667972
9506927
780
18626259
25201349
3324324
10073269
20056527
4741646
40955604
34109528
685034
1554960
18364751
53300
1195826
21922025
8009968
25651
4495477
18595776
16997289
11312095
6274624
3306287
789393
741150
2895613
17567554
177906
5426834
17008953
889105
1314622
1775663
3242324
285389
4812725
16156711
17841271
675699
129791
1087070
12090
183314
7025589
8390620
5295861
4558672
423659
6474565
593504
3191585
15896270
15811798
5331726
17391
446039
93960
15699535
73152
1530366
770657
993337
5325186
32833211
367651
8859896
561268
1495577
35891478
8709007
14712530
4314430
11240857
9045
952887
12036816
1815458
15448393
14979531
221445
280873
8847278
4925067
318801
13171210
48205
19900
5131183
11179305
5302366
34980
11460020
3054144
12323065
140185
199396
33190746
18540923
15006905
159895
6846817
3329472
4656
27309620
947371
11855973
8094235
6123231
2643838
3549761
31011608
3123730
138600
10176769
25102034
22933285
32640
2131074
2850
35654634
48516
22347864
1626296
25815606
13710415
8876754
39236348
29043497
6817255
14426450
14399594
4290962
1072379
1103346
567645
11117909
5473058
1092977
5000683
7673362
966741
7187705
1252150
3755162
11633021
18791431
43370465
7153624
10632915
8480978
2085897
1504239
3826745
5466446
1046177
17003120
3544439
7248492
39387082
290703
6776686
1788877
815998
6619318
10683701
3475552
3509906
29249639
2965818
3278067
1335790
500497
16465124
5771477
4059803
5476363
10154217
7149842
16476591
178502
1148367
24461416
5400519
234269
5825962
137026
19936361
1101865
10113705
45
16718574
2811991
1615494
6474566
910572
206402
10513355
1090022
1906117
330887
8497458
32140008
3480821
595
1535622
270479
1684520
63190
43370461
18401122
124251
7119616
2598049
4735484
11033214
5089615
1809746
1035
38163059
40100323
7811103
2212347
4803422
7119613
446038
5370978
42778
977900
11589643
9350602
5282847
2512144
3373483
2755366
826251
133386
738717
34890334
14223036
5671
2582115
3997354
7603022
96140
5338255
948747
19105390
10462984
1492121
8621582
1139289
32469564
32437340
2992671
73920
22488476
6725242
3735992
4379298
12859994
1322748
735075
365938
61425
18449689
1867269
11440884
845649
12976895
20527935
4364508
12031916
4134234
3244864
5856722
1586864
14968579
14870263
1003227
13517344
7467142
24889922
24664658
2440928
187578
9992639
3576457
9607483
6880156
41218489
30628
729022
30267950
4658850
91377
22602617
397385
92665
21063192
7501962
28293889
572981
7591318
3034398
330078
30822900
583738
13931218
83028
41018982
5166481
4950210
7044343
9598724
2965813
17805454
2905245
2734272
6758289
38058295
3921379
18334461
1192734
194375
111627
239085
4142858
38163055
14180402
252404
11259832
813447
15873725
104196
6615675
824966
2854840
4616219
2685397
877144
8110344
13099454
8353793
4698618
17343035
30870019
5035523
1151397
3949431
6203969
21657979
4720102
313232
6488979
2333870
1171207
16430705
132870
6590244
1673523
11264580
258840
662975
6214542
39254063
1375304
11498355
1572645
36290789
29196143
25636261
58996
4965952
9480786
8667320
19778807
11690974
2364211
27911529
2811990
5289353
31931892
291466
1736312
6154766
20285165
4921929
2800150
7351656
1512924
3733261
2842904
6492586
46971
323609
4991191
4585880
11084928
4102654
1203572
491535
9385233
13861
3204234
1526869
17455113
13973471
8986636
727820
20985394
232902
2748327
15930126
12768878
15459509
11278817
27754864
550723
26802058
77815
15259981
1124242
20515130
4735485
126755
18632382
25607630
39621
21375900
209626
24657655
34831882
32131993
962574
96580
7252313
128271
27799577
2037163
276
17466931
296064
3293442
32196167
1910031
11935
22054670
5843042
13470579
4273404
9445983
19105391
1567327
9480793
3332053
11919346
4335016
11326363
925479
208335
6225126
5977127
4005842
14365
961184
936394
24412470
42241663
36735153
2172565
11507947
1403645
19409477
671055
113050
4252962
4720109
45
20785025
15188246
3024554
1228524
432914
469963
1313005
8784290
12522446
2634648
2344683
32501810
6342107
22227673
21822814
19291283
44429270
1128
42711727
1994994
2595777
583737
100576
6670
2922142
19403246
4323244
5693596
3022095
2092024
20355305
11005042
31470082
11783030
2320919
3799124
1063605
1079708
2147618
135459
6438645
26183364
4969100
34923750
13325654
2067555
16470850
12607671
6561217
14821223
4054111
830111
454579
3002459
4560
1471461
15348507
466092
6950818
14593430
177904
1178875
13217445
19653229
250985
38522091
1056328
8345619
23423487
1296848
17137497
2628
17449193
2527864
6670
4005845
23437170
4486491
5918494
5819142
41136817
4564710
878471
184527
1855692
903837
830113
207046
1817367
1043286
33182585
16660790
1069449
4753
2316611
335789
35477524
15610015
112575
2241892
6015213
1274401
8423414
15958361
40064508
9389560
24812390
527875
193131
703
3403
6692278
2905237
6843112
7363167
60378
517651
674538
2498720
270479
1953
3782605
2788327
3462379
2405706
1483493
551772
10262668
438513
78606
29733483
103740
2666882
4311507
24657652
594592
3854456
1371987
296065
831403
5446618
592412
46972089
3560427
10669834
314025
19961638
13852148
16071547
1651649
8130486
901149
416326
19316137
18724055
39340
3525820
4276333
67528
25650588
1253729
18877360
36478452
3818442
1139290
34716
2185086
10660604
284635
3024557
10235499
1921772
885110
3899011
8784292
20972440
246051
550723
1026022
3741
1348896
30619086
20069196
13857413
21644822
1319495
5496244
7740105
4828259
252405
3957875
30956521
9533118
29356822
41905
261001
26838677
6980686
32938643
7044346
541319
64620
18099043
1699237
4264644
1239519
2250373
7229466
2085888
5984036
181503
18589668
1935518
3078904
48828
1066525
122759
1275
37649343
7112082
41164029
26926668
20393606
12926006
235641
1871141
5877281
388520
21128155
8948523
470932
5754496
1680856
3916
16447893
210
13894292
7093226
20037533
3579131
29005421
4763213
6431457
9699772
1540882
11188771
153735
3788109
6604765
2919722
6909875
3360521
28361614
862639
1256903
3763381
3971949
11681299
13936489
11720008
3848905
4655802
4763213
5977128
4504474
1405318
198135
13695
4326187
1027458
17930982
1516404
12403
1353827
22254366
13517333
416325
27028
5761288
14696257
804543
21258359
16290
2893203
8122423
1065069
2153844
12071184
9165576
24833527
492527
6235715
2745982
14340635
3943814
9101480
1280793
2216553
12753706
952885
121278
5390659
4840693
13789073
2736617
644676
2120761
309290
110212
7696884
11150962
2584391
1181946
7842739
3143765
4720108
12592609
505514
8280374
1849914
13978759
27235764
392054
591327
23252699
10285334
28557770
13574591
4102659
4252962
6521430
1535624
13789073
3394301
2584395
2657651
8460397
329265
1544400
2292997
28769793
460319
601151
7989961
6102238
93096
27265313
3153803
22121133
14995955
812173
2414491
25109134
1953268
10688326
12854921
25130390
19822874
4361555
175526
7233270
1832649
6295894
28106144
4148614
3081383
574054
499494
1405320
2017025
126253
558094
1057781
709831
19037443
4385218
19785111
2260988
5227733
11584834
10869405
769416
135981
14995953
15392858
7051860
265356
1200470
23075716
330076
6761977
1017444
72010
5221279
9097200
2917305
27754851
1610105
23822143
21611934
204480
8864111
1298460
21908788
32131998
1070914
1553198
5111974
6274625
3714161
17348912
148240
35511
301475
6710580
4314427
4145740
4183254
44081172
7642059
17478743
15028833
29196128
2939083
79401
42730211
25038307
4489488
72390
4186162
18895797
694425
42554749
763226
15426162
2995116
32671352
7451692
5380807
2201843
13289523
95702
27257928
33484697
5918487
13181498
11546372
8423416
6485371
567644
5253642
44325637
3365698
6557600
13053431
13496538
5134393
3531139
4594973
6503387
716999
3752407
674539
4364514
773145
36881009
108345
118828
909219
20714165
1682686
4561694
1100380
11402636
21454436
12090845
4710890
371088
7870486
187577
13079008
7328673
82621
13475768
11676474
517651
17579394
8729882
2325236
323609
17260666
989119
3347560
2941511
8700664
1445846
2141407
9463372
21382439
2591212
21310552
3804649
3727794
8796870
349864
355744
1353830
5357878
32380990
11132072
9616261
21395510
28083635
26313761
160461
33410
4122735
2362039
2043225
15166206
3290876
68635
10380791
339075
2135199
1292023
25557555
2570769
135981
8094235
279377
340723
38706638
6761971
3321732
1886644
4549625
21304030
4209327
16660803
390284
646950
11555967
494512
17466926
2584383
5839628
12149919
54946
162733
2902827
20018541
7301897
7324855
6370634
10154233
8792684
43931069
1653465
5703723
225453
749697
8713189
12174585
4200633
1602936
186354
13936493
5556079
132353
5377527
8547018
6673997
11560786
26429959
6144232
339076
17829325
3496671
4128488
18865077
6846812
299149
182710
28444539
989114
17835302
346527
13642421
39902
1
6784052
8978157
11987799
6854215
2323081
23375591
19503
13403188
586985
1800244
3552424
991934
7044346
15969667
4091213
1951295
635625
1521632
5338250
14837557
1736313
37233977
11880326
1295236
4099796
5693595
29161
24440429
523773
605547
4483488
4486483
27007447
35713773
13768063
725406
6861624
238395
4468529
210275
6550357
20215162
8563557
3722333
4978571
895788
6641159
3681521
5315405
141244
1815460
1493852
24356613
40324519
5860151
29287899
12452496
41618954
4397073
18877353
45224621
16168064
88410
32107949
527876
17149206
9916784
36855
23157323
28565328
12452487
12627775
9363581
41518654
8721542
3916
547580
1476614
162735
996164
145530
598962
9850094
38781
15526317
336610
676865
1347255
14175078
4076917
30369201
39333854
3935391
23177725
274167
22281044
3262718
18565292
41041
4005
917328
4534539
3334634
3749676
10563855
3252512
17710107
13109694
41755915
4953349
9827926
27302226
4005
9114273
1081
2368561
39475888
877148
10780989
10348924
1225387
5897873
9498217
10878
3308859
4105521
17061472
2943930
10091239
3004911
4367473
17390177
5873851
22865612
582657
44252
15028825
23177741
5686848
5802099
5050
1511182
742366
20297904
2000990
1376967
36581029
8534603
20978918
690896
8613282
327644
496504
3576458
75077
2556
5683479
11608913
2155917
40964655
1486946
289938
11953558
9748271
13079001
1277595
4732404
2282306
2762414
15453949
6274628
16071545
73536
331703
392054
7256109
28678830
13491351
1919809
8914707
18141198
177309
19185834
976500
6186368
9752699
9655773
5341515
4151499
10019475
16707018
114003
19136300
8374237
9341964
18901944
18773034
22107834
475800
3363104
871858
154290
31533575
203202
11066112
3184009
10757784
38093196
1977056
3700543
6932191
1971090
5887577
4154386
3983230
14588036
18273951
873178
10790284
104653
4056964
2208139
1026023
18748544
132869
245349
294527
2934241
12572548
1263250
12577551
16880880
3887843
423659
12572541
279376
1000401
6088280
16649255
25102037
3041792
4778666
12263576
10308034
52003
639009
41905
1516402
25443310
3425639
7532990
3760631
22548859
2632354
1507709
31367020
12403
43893585
1884703
371951
15155191
2456419
32727952
6865331
13910114
1314627
29648731
15811802
41328
3752415
128270
1450949
7595215
8609139
323607
557039
10585
26802055
8575966
501499
17650617
100576
24043532
3557770
5636382
90951
3563098
8407014
4235488
25151665
6246318
17213695
3915780
11498356
1230089
4005
6883871
7657701
214840
2922141
38935737
686202
3741465
639013
10064293
10
379755
8961219
894451
2509910
2548136
5292610
2057394
9690956
1450949
1028889
34457308
13119944
1216018
413592
4388178
151525
9037584
1540887
32800804
27881648
2731936
24678722
9307411
1137782
10082243
56952
29718063
3078904
25386257
802005
13590239
23436
2166307
110214
189420
951507
8604996
10154216
17799484
1648013
4131354
2503187
3376092
9836781
34225250
4296824
1241095
6084785
14761391
16597361
861324
21050221
7282799
32011868
3977594
277140
731440
5671
43007997
13496550
297606
18908096
5144006
394715
10711470
2823864
10194827
7218068
12382722
3741
496505
1773773
5959848
6175820
2958509
11431328
8935834
23436
1915896
5276345
34216985
13605865
5397233
2500955
55
30182426
29810644
1758743
8199184
1830
813448
1660740
27331794
1849917
22804790
12377738
28151125
19341008
3272948
2717928
122265
33755294
1745641
41136812
19822862
528905
18785294
15884995
10421837
365083
8304808
2434310
1943398
11628
1014596
3899009
2145
77420
117855
145530
8650692
2701638
21030764
5952952
14324560
9333315
186966
73152
6780382
3777106
12403
21928665
1185026
5192228
4887473
298377
311654
23718715
9311728
1124243
4435709
5243928
31692600
18915
257402
16939035
397385
6384920
2100211
3239769
2701
348194
891774
12288346
33117452
1266429
2210237
4750883
36282267
4474514
4787950
9796899
9598726
331704
19860658
10082241
75078
12602660
2351185
31003743
3804641
566579
25066624
9380897
10249093
2636945
31478011
231
13274060
112101
232903
11758768
11014420
17219570
11476
459360
319597
13920658
1342335
19503
1034637
4726257
2203939
7950039
25543258
466094
543400
253
1313005
1447543
44400994
14351341
6470977
20598486
4229662
5754496
3417791
766939
15298679
12204214
617713
7552413
25080785
6924758
1830734
16139649
23988102
496
24092105
1535621
690896
1805943
5361147
8692326
8759157
17502392
13915398
4186159
17449197
1511186
22845321
12288357
4320318
334969
27058918
9956906
4655803
5013331
6084780
3515207
136502
1842230
7367002
5456528
492526
9452
9805758
40118237
9952446
8489224
14372776
13125072
1334153
1989007
4085496
314028
31923918
238394
10702196
4465546
3963500
898467
2015014
7750
9204148
2265240
12778987
24530
9376578
14788567
1258486
325
611064
11763624
1861478
1464607
526850
29249643
32987359
334970
10172257
2458643
12477447
11174
149874
863952
32800818
1127247
17686301
6384917
1256902
18528748
5656534
3344968
94830
7123401
8215390
29043498
9903430
122760
2762414
195000
3391691
235640
12946367
656082
10869402
616601
2187173
1551434
2244006
281623
9912329
3793614
2399137
2727273
2854844
48772428
998984
564451
23725616
1442443
8961214
14707104
12561
14745097
12537465
1285597
416326
10692948
152627
19621887
2781246
2214446
419065
7176330
1432272
3141254
13579799
3749673
1007485
35511
16281995
818558
4791032
6902435
11992705
19490564
31224618
1528613
285390
12002497
481670
802009
552824
13439453
140714
27620910
3810165
3306289
2878793
1865337
2680754
23842861
22582453
14260400
1347258
11070822
12248713
9054598
3899012
785630
32808914
5894430
7172543
19099208
502501
1054871
17096552
1431
22629521
9965827
28527568
38451900
2680763
5035522
12298277
1217573
3711430
154846
3916
1708473
2727271
30353618
2483095
3885056
2885986
38781
1024591
34907047
160459
14052878
521728
5492933
9050340
1176
3557758
4238395
2514391
1078245
3843364
415414
12184468
4794133
3381281
18141196
37744857
648089
9075888
3991702
780621
7405438
16511058
226126
2659958
12834643
212876
10757790
129795
1595783
17955
20515115
3722333
4760132
2049292
33591171
2045242
2440936
8110336
21829439
2769465
530962
17871154
3916
7081931
14919379
12407622
1054875
3314013
6579357
8054055
431983
2760059
9498221
3360515
22475049
32385
435709
281623
1406997
3654437
6
7278982
10046348
721800
6249845
250276
36856
3051669
16545550
244649
92665
23396110
3391689
1165097
18267904
269010
256685
21076175
920040
1084122
9629435
385002
526847
1413712
162735
8759172
534059
1523378
20444731
1260076
4017180
14761406
2041205
2809618
18261864
779374
893112
1192734
11080225
310866
790651
65703
13522530
28098627
37675
24974665
7712589
37950
1483496
25650581
26234028
16316255
1027456
3938200
2351183
412685
4305623
3509906
232217
55278
111156
90525
861
8158747
1081184
4114124
12169647
3603248
3766125
475797
16247771
12768867
33411
384125
11127343
3357924
43370463
18147217
6008286
1062148
3118736
2958510
628878
8378329
163874
10449259
2793053
446038
12184454
4105521
94395
131327
807083
23191361
54615
1115265
7938081
4206433
9730
23430326
100576
2669190
542358
5995
16316249
11935
185744
274168
18638485
796947
13530
10435539
1945369
69378
1640758
14469447
25858734
23341438
3288313
6876451
774384
1231659
16683897
8567691
10883387
4729335
15225
2248254
2220768
4769390
17579409
4988044
630
8995117
57970
34382628
26111051
24043528
91805
8910483
189419
10948803
83028
5956401
17137506
930925
4806530
13984048
1832641
24342655
2518880
3963497
77815
11570391
7965994
17930985
8001
14609647
2835759
23581181
899805
300698
37372174
210275
23526278
79401
15420609
3088834
14164434
2715602
11150958
7767684
6264005
18528
17913027
392939
9071623
37631994
13053436
338251
707453
153181
12407610
10577657
26582883
10808889
918683
10440115
24741975
899808
10127202
4686364
7055608
10023953
379754
260279
10531706
10688337
4000183
856082
882451
406348
3133742
3501964
364229
9217022
17543841
753373
41382081
22535429
342376
72010
29326174
5836218
1516401
19110
35778
41300247
9255704
8415211
247454
246752
15426164
743588
161594
2023056
33153
3926978
8178950
3407333
21743621
8146626
15237884
602250
1253728
7525220
29718068
21955159
8126454
1308145
85077
11345411
4747794
468025
19384569
886440
13222601
2905237
9105733
11369245
34332889
2978007
18419321
6869037
6288806
4822044
5131176
4408942
349864
5829388
10499606
6470966
3589840
23444032
1425509
10167746
5302364
3275510
2687708
6377772
4059800
11768470
679191
10095717
5863573
6046473
5151
138600
3252509
46585187
3420402
3949441
72390
3184009
4825142
314820
3851675
14571828
16574331
196877
12452481
1103351
12622744
29494922
1576190
8288519
9930149
3019635
5768074
185136
39948221
159893
9242807
151524
793164
11198236
1260071
5051409
2922146
6499781
9007843
14582644
11575205
41957204
6074321
774384
26524563
16678124
4163034
10055331
1526874
5774872
140185
2381638
1637140
19111565
12342934
12987109
11522357
4142860
289940
28952119
232902
6424284
15582076
269743
1181948
93961
7029353
524800
141778
17936962
3285747
183313
3851683
4531542
6903
16276293
1602936
15794940
986306
732649
1306523
4108387
672219
8497462
17680353
22048014
9251406
1253731
3443980
11870568
12403
618824
11374003
711027
2710940
11498362
5932270
6721575
184528
25500392
19665759
2487555
153735
11259835
1655287
5643095
18656811
13973467
51681
146610
20196105
20100
16264875
6253397
8940072
25471831
6695933
36018679
77421
10335277
40186
1128749
18547014
10850760
15862472
2310160
21988293
14582643
20566392
1008906
10073267
2764757
1878879
329265
1651650
633374
13831103
19440647
24363580
7044342
7669458
13530
12703270
2648444
35191711
2222870
2753015
29372161
5013333
2738955
1628107
4405974
1371991
13564176
37988530
28633404
2783613
19328564
15660333
25372010
3785355
378013
396494
460315
38075742
5076868
33044241
3303713
709831
10577651
626636
4206429
4483491
1991000
22114467
1343973
582658
2878784
19734803
129286
420901
1027458
410869
5354598
27324400
51040
6684959
23601788
941874
536126
1319491
14783146
24622534
30564343
1088548
9916786
743584
29625635
148240
2416694
12179521
41328
26437237
14340616
788136
732652
1317869
93961
485604
6924747
21922024
9598721
106952
19701
16836
402752
24671702
19415716
986306
28369146
15265496
774386
5443320
37949
7355493
28226230
589153
3971951
3943811
11565584
10888056
353220
4753964
26956030
713414
25478968
3539111
35705325
1433964
491530
21513433
126756
380626
12844779
4950
12597631
15537462
22589177
30548695
23801436
1376964
17178514
1326000
2902829
746026
4200628
5035533
41182179
7696885
732652
31907940
13408363
21690887
12090
170235
653793
4477512
1008905
20132594
681526
201929
1435655
14223045
6732579
17620940
2280174
5466446
37001345
425502
6688619
28595595
2120759
9872301
13804824
34907044
5915062
3974771
1143824
22845329
597868
1388604
121770
959800
591326
3083874
2421087
5778
1867269
7692963
5812319
16753285
990
969521
2922137
7618615
22441542
29772054
148240
9453
11431313
4610144
17390188
1753125
2203937
2057393
7677293
20804375
1274399
9054597
31295775
3404725
16493824
4361559
8767532
5956398
4912516
30384781
89253
32316635
6728919
3681522
1473176
21671139
25493247
4151505
2392571
6895008
648087
258120
5977133
1228522
5466445
1861469
1847996
37675
9041831
5897871
10249089
112574
2586665
7767670
252403
1065065
30626913
20425536
10651363
9947985
1530367
11245598
4753967
15632359
22562295
19130119
25343524
13078994
1704774
13392831
392055
291465
419982
994754
1626295
11212426
5639743
198135
6328
4950215
1906119
4371
1894420
153733
1081
4065510
60377
2415
2390374
13176353
7093223
23842870
21115
795687
9037588
6917302
1125746
1973085
759524
17319479
2055367
14919388
303809
15354055
5856725
48205
13973489
7420847
127260
278631
8158737
21690887
678029
3301148
1770014
15963999
1013172
516634
4851
1326
16476596
182710
6063874
737503
14345995
22087875
753374
1076773
169071
18915
3247409
471905
28648535
32130
302253
13663327
781869
32421249
178503
16339127
32898071
668742
4510485
20585651
3744195
99680
4290971
16430700
2235545
21245331
9071622
2216555
304589
10855413
21618512
6637520
1001816
2290861
2753015
7902259
85491
990
8130487
15400
7498089
54614
27353982
4005
89676
6517824
8029989
20933600
6582974
28
25002937
5915056
13799564
6743592
4573776
3801886
3051672
813444
317204
9572466
1590426
14453308
10790286
3036867
271216
61425
5263361
2821488
5473068
192509
6018681
4165917
3430869
13279218
10499605
261725
846945
21592203
2582112
5144012
2067553
1060695
25801217
812172
15326339
798212
1166625
10679094
12537483
2218662
8407004
12849859
21842652
3828
20688430
61075
5542753
860013
18828234
50086
785628
2990216
271215
446982
9810194
18528
2771819
4000182
16840230
6214546
9757116
1666221
7490359
807083
7115840
276395
29219056
53628
32188132
13475771
25080805
643541
30291307
98789
47586
45150
14042285
10702209
5622956
5777
3692381
1894422
8082169
5771485
23967330
1034637
45149
10674459
5486310
207046
3019634
518669
83028
12149919
22926513
20387205
537162
14207048
2368559
9541844
13762815
10892718
2970691
244650
3815681
31628938
3890630
2346851
21321
3113750
5045051
220780
3019637
25966719
10019489
7875
7309546
207045
11938885
17555689
1406995
296063
1809748
1306534
44769269
34681806
11599273
21552795
4346806
3275512
3893424
547578
138074
5176123
32857537
926835
3796373
39174365
8321117
19734819
9204163
147152
2552655
333334
24538404
820
40540339
38478212
2905244
13119933
248160
26357325
1669871
7649874
317205
10276255
19703420
230180
10902063
19684591
5423542
1192734
20285167
29161
562328
5384096
3597884
11826756
784375
10280787
1537374
1109299
10669831
15420609
318797
123752
1452651
11397882
7451690
4787941
1884706
5060943
3703270
2252493
2828614
29890
2659964
14469455
17757753
660673
3971955
4619259
2381637
10743880
4784848
23649905
17325377
7413134
33272255
7696893
21723830
1871130
2975566
2237656
5035523
31796182
4809631
18437534
30470579
9307412
10172260
828821
25636279
4062651
4185
17254797
598964
303029
32534075
2731938
17055647
1855691
3501961
247456
34258356
682690
4014337
1306524
7459425
12814396
18352616
29502587
2586664
10660593
7740117
1486939
9092929
17704149
79002
182106
535094
17125797
9020580
13705160
1326004
18754668
3630150
24217206
1046175
11488766
676862
85077
16139637
990521
5179348
93527
1301683
26495456
2275901
18865064
11483973
25909095
3041796
13310161
21690898
2859620
442268
377145
913273
3946625
3983238
1059233
9537482
16915760
365081
463201
8288527
335786
11431314
2741299
1861478
101926
3272944
2137265
21697473
3926983
12090
3980416
78606
27405799
136
6029099
80200
5798686
11855972
1602938
17948949
177906
15504037
34706800
467059
1237946
46036621
165600
17307701
2926
34773483
812172
2628
19835469
24636574
30972245
16310541
22555577
12105607
59685
312445
9029088
16122612
1525122
1953
1766253
14442556
23218594
4290963
8778
9757100
936395
703
7482608
37675
4361563
11642667
23946560
86736
15626776
2063488
895786
1185023
19628156
6015217
1314629
803275
1804043
21030751
15160715
903
46305687
224113
2180907
4797237
1079711
1013173
37044371
38443132
4619260
8889399
3160
6025637
6295899
3557757
821115
2859623
35976250
3153797
6406374
1360414
13007495
33003599
24643615
181503
2694664
5730773
1567327
2037161
144451
310077
108808
262449
299924
3014725
332517
3091321
7014352
14260397
21304036
2399135
214839
3423022
24503403
197504
7021
29756636
10628300
7862554
6377785
10822835
16436431
180901
1163571
1306529
1168146
365938
1181947
19254017
5250393
7344003
6317204
9131359
22014824
4903122
810896
123256
23368756
709832
28203674
2153841
3472917
1728854
2295142
372814
15823050
721797
2114588
2653050
12976914
2145546
13543355
18528
9229916
5843041
726612
3066512
18135170
6317199
278629
3465010
257400
76636
61775
28083636
13212304
80600
18336
31121963
25786849
7969988
4426782
36495537
39059
31772275
12627764
19306
80200
1241093
1203569
16653
2614025
1427198
1873073
306151
6608403
2662263
4238399
185744
11113197
666433
1428886
52326
119316
545488
133901
12723431
11647488
31232532
2208135
1533870
196878
7089463
23498827
19384568
5589463
3579131
4116990
63903
5764680
6590239
529931
13017691
171991
19885881
54615
15615585
38128116
391167
2699316
2275899
398277
3555096
644676
21915406
823681
12976902
22683389
210275
17391
8944291
1283999
7459412
16470853
6342107
13543346
1563786
2543629
2129005
1309764
364229
5348071
6345672
1880821
1423820
3597884
24258996
583737
665278
1335790
20978905
9943524
11374014
1771895
21063195
116886
7074417
1241091
13366
23191361
2748327
14701679
28997803
12956542
1367026
6460181
8713183
673377
32204197
163305
4111262
39538115
15660335
2381647
398277
114959
5305626
19161053
22247676
85905
179699
6299439
385003
3988880
6302999
106030
35967770
312444
5990971
8398805
479709
7783448
1316250
10646747
30050491
1340691
4119868
1060691
394714
13757569
9127085
794427
87571
4965950
2936659
2210244
30628
26890005
681524
4588916
373676
1777550
34068240
5029186
2646139
2586658
6958279
10073277
13611089
4591941
8260039
1994995
1295238
190
35511
158203
13418725
5710481
247455
4335013
297606
809627
35705320
14815771
817278
17577
4296826
89251
11335890
207046
1202019
11066101
17769662
33845731
874496
25937882
49770
3239765
2329549
5886
7381
20720601
3568432
2692347
2673815
8146639
10925425
7010618
14399593
7779507
5646448
34706796
14431806
18461831
3059082
3151288
21415151
1500769
9903429
296834
8914719
29926590
4379297
645812
10499599
843045
43659
18711814
8654845
144451
23911956
3681521
3946634
8775923
4812737
3579135
3665262
6327868
4160153
4543580
5952946
5057770
20138948
2557179
22804771
9157026
14365
5724011
47586
11188757
7973988
2845293
4215134
12844779
237014
3630153
1056325
11103768
8551137
35570249
1939452
290703
1631707
11623371
16962319
12487442
5436729
2073652
669901
2069580
4394119
38997530
2774174
3091324
128778
6999388
866585
200028
6488977
20012211
25815589
13135317
3216897
19728523
1282398
4950204
4649700
34990643
49770
7649884
6806170
1714017
12992190
7622521
2692350
485602
14207051
2762411
16985630
20285164
975104
24064341
8385
439450
1732582
210925
29157929
267544
46846170
5160057
612169
778126
2990221
1050521
320398
16562817
846948
5407085
15122172
33886887
1786990
39832108
1177338
5185781
9229910
6320765
6363492
2059423
53954
2595769
38451903
616603
5393940
18159256
8223500
29942056
12698216
7513588
5243914
2729605
2211
221443
980698
286144
40154074
33525621
3360514
6535893
4200627
1518144
5990963
64980
40279632
38781
21454430
1830732
32930522
17978926
12318117
1861478
10591462
18748538
3603256
20585649
566578
39183212
246050
22578
1386941
898464
19892187
346528
4025687
198763
5843037
303810
85491
29679544
8050051
16471
8074130
18334456
33517444
120
4468537
136
19278860
4417864
5911607
17787551
1526870
11316843
14723386
33027981
23911974
290701
16185146
20412769
2392569
2079774
548624
18791420
3882280
20503
388521
6004826
1880825
8838864
8260036
1834562
6126716
15001438
1447540
10846096
761991
6903
8872547
2168390
3974779
3054146
1314622
40189926
9212730
7104530
903835
991933
64980
42887515
270476
2890799
409964
22804772
952885
16603135
36
4840693
17942952
8407022
8534606
9743857
498499
10665219
965350
10153
3966315
2690029
7556287
14985018
13155833
179700
1904165
42269241
3980409
50403
116403
31533577
4994360
3592526
52649
518665
12773931
9682155
506521
10706826
191270
4114130
66066
3160
15576
6168792
19609362
8914723
13857407
1983025
2176729
6281709
3381279
30980116
28369146
148785
31303686
3475552
3280629
17650636
616600
2206045
1226954
25528964
4226763
601153
8166833
536129
37164974
2494245
173165
35200102
9646981
42195
6903
16162373
3255059
1967120
182710
8746617
9779203
7540749
22141088
40091370
8280374
7751914
28739449
15188247
4160158
7140
1961179
471903
19900
1339058
14631275
5853309
8207295
36786593
14313871
10674463
18601864
28001272
22589171
4296829
3755155
500497
304590
2838142
17990922
4890601
22074601
4045568
526849
19334775
12557516
1413715
1565559
22414770
5778273
20875389
458401
1682685
9489502
722999
401854
10091229
15133184
10883386
19068303
37614640
2634645
40082417
1655282
1762492
14990483
469964
1569094
869217
907873
10637527
31438344
32896
1953
13130192
26089355
547575
5778
42195717
145529
22676653
1121247
1653458
226127
4822043
33501065
1963161
36239692
3184009
1225
660672
8634056
84255
4122732
6824638
17384277
32614783
7059368
962573
10113703
2525612
7195286
3262715
16293422
2666876
1174273
3454499
1203569
2423290
2530114
7097007
23164130
19634419
1583301
12992188
780622
29487243
12981997
7440112
12668002
13773311
10674460
1427196
5243912
44551
4000191
9445977
609958
4332079
25923478
1250560
282375
534059
6395643
8493339
18334457
10403586
2703960
32228264
5683480
1615495
9268623
4278
5048234
12017201
3007361
386759
10285340
34990647
2708618
50720
15918825
2199744
26633946
16253465
34068242
386759
5788474
15320811
34076491
123752
1863406
7463277
5344800
17930988
2254612
12880
31375
562326
1175809
2795424
261725
812171
29403
25500394
35544943
1599352
545489
3394296
2521129
866585
143915
1444146
3004910
10883388
1432276
1509447
14734233
73535
2557173
19701
292230
26912005
442267
2584387
16793845
39351591
473848
25343539
39689427
6843113
7275168
9956910
11113209
5747715
2357693
343204
9045
31700562
100576
15056272
3589839
2607180
33936292
17155079
6042993
2114585
2340354
4326194
2487551
14658349
3678809
3321
22609343
91378
173165
10122705
10010540
4290960
4183256
877146
2566233
5751109
606649
18766920
12243764
329264
635624
9961367
2100214
122759
8759167
11604099
23849775
10660610
3472908
78
16718592
27680394
13063650
1653
7332497
835275
1226955
1945369
7157400
305371
2941513
707450
4417863
3611314
10467550
4252961
3570
9144179
2126943
18717931
13232877
9890081
21862473
4056957
5064129
2539114
519687
15565340
2065525
39006365
1815457
12457473
4186149
7567972
6492575
16620422
12527453
2399131
11865702
6784053
45272185
34308034
322804
7759806
21493748
24482388
5176129
3848910
3684236
4656
5579444
385001
29402833
1325994
14615054
20856025
8255974
1041842
357434
16207912
14788566
6474567
159330
10878729
2210248
66
13658082
424579
286903
679191
1180411
6310099
683864
3402122
19403236
327644
9376562
6776685
4507478
2280170
578349
4005856
2489780
138599
265356
2443144
3565771
6056910
5436728
270480
5105586
600059
590237
997574
3486
817276
13999911
658377
2968248
1809746
43071
2174646
26655840
3350153
21941891
1846074
8142589
4558669
31899934
452674
2708612
4625339
263900
9970298
2840517
755831
207688
24706827
1749374
375410
3560427
34790168
176715
1427197
5496245
79800
14292456
502501
5754495
21605348
278629
1511187
6883876
4981725
2514391
3536455
1148364
393827
24678709
1702927
932293
7989969
9845651
3879489
18105078
129795
6367067
12926001
315613
15868081
827537
1329260
46267198
1160522
4918796
16151003
5305626
4125611
848249
7791335
6655744
3088843
28618265
8448066
1823085
18267905
1779432
7401603
32131
11812177
125751
408154
7066885
3347557
8813655
21277927
5987502
2958513
28211187
21922037
13762812
1236374
3994530
6384918
20540759
7591317
754604
82215
8239730
5351338
345696
11198235
4005
1631712
8893607
3303719
13304994
3907394
14469453
444151
641276
2027080
39564793
34765140
462241
18437545
5374256
12362815
28512459
118341
7724386
250985
14534
12794150
8654834
16574330
6528665
253
17461017
30634758
173754
1152916
1653
2116647
12582573
5479677
406350
1518145
6077819
36769446
20075522
39621
3730523
18352629
11953545
4668013
15992261
27658076
10190312
28441
3402
27346592
528
3957869
20208804
1252146
17155080
7036841
382374
1539127
1403645
14544852
7645980
27184145
7708660
643544
3244870
1214459
692074
3061562
8646525
1941428
19503
498497
3449232
431984
1684521
24147680
3071470
2120758
13155823
398274
3454492
1511187
885114
514603
210925
7191489
914621
163305
7474881
502502
7104533
17490572
417238
26721584
4034198
653794
43491622
3941011
5038695
39183212
4091208
26677738
2883587
170236
19980582
4056967
703
5928820
28474698
417240
5466442
4426779
12789087
2762410
3467644
12849853
413594
1304916
1324371
21421699
1237943
6765653
8931607
3068991
249570
25586164
5727388
1206674
142845
4065512
5512832
5361153
4707825
9316
269011
14079406
1322746
245350
5147212
8555274
9307408
