9221363
7021
15924542
31082660
7440151
44128303
42287794
26970831
3829528
1209790
10794979
20419241
482653
142845
2694681
8654878
44250513
12880
12140124
1502511
4775595
4655823
9110044
2039190
7986004
21822911
33714356
178503
15271097
12632848
5328478
1497315
31541643
38689195
21375983
427349
1697403
2053351
3547116
13202088
12895577
26787533
200661
37147879
376278
613278
450774
3969150
17096625
3347578
1059240
10073314
280875
15626841
3896236
3486
6895040
26670548
138075
4125627
12966776
687378
3221991
20869025
31224745
26466445
8596729
20158067
29326300
20966046
18785382
11179352
7946089
129286
879801
20604982
600060
2697003
19471916
26796
527878
28376801
390286
2802528
3918600
3549778
128271
3697840
1788886
32639152
444152
6637544
19590665
4732425
23075817
13705224
3311451
10190352
8394752
199396
1588653
2278
62835
2978020
1695561
183921
299925
25251164
4189065
70876
10
18129228
2153850
17096625
331705
10864789
11935
1474903
1202025
8062119
13668603
10596104
12357903
25322278
3552445
1062153
17248995
4408963
6525076
595686
7381
41609990
4468553
1660753
11321657
5696999
10799626
2992681
15504092
13736658
2864421
1991009
798216
25201445
9537526
21895648
22155
645816
522753
1073845
5579470
22388079
318800
36367645
2701
16736002
1050524
1569105
25586274
21173772
1127250
4352724
5839653
6776721
2816751
10421892
1431
2331720
15582148
17184449
973710
265356
6876485
7513625
345696
409965
44816763
506521
6820969
228826
302252
2838153
74305
195000
3059101
20253426
2170484
228826
1668051
3887866
8696535
26597564
8914751
95265
33550326
5156865
4582876
1702935
32188264
4510506
5891026
6644835
10172303
120
8219482
5829404
1128
1723296
1583310
13663375
5653201
8211377
5007028
11476
34740272
2876400
4095
611065
2890810
2114595
33288712
2316628
9101509
1192740
11127400
30799466
1975078
1350546
3927003
3719628
8893652
957035
9726252
50403
176121
46056
1050525
2007005
24217313
6417150
1403648
11221951
3910206
29161
3910205
1967134
5237465
861328
14442622
15710809
1518153
404550
2819124
5506221
8468667
2338201
16293483
325
3893445
699153
11417028
6857953
283128
10267243
2876401
2632365
11326418
521731
33930
46360
1882770
218130
5483016
6710616
1160526
1342341
27261
2573045
28920
6496209
2895619
10550119
5984068
34982422
435
1476620
14447994
1902225
146611
22575832
2222886
7583565
14249788
6039549
5115201
10467597
2077741
7890376
24531
36752438
8952792
4507502
9067409
991936
2383836
133903
1648020
362526
22287820
10585
24503491
1941434
3156328
106953
136503
4290985
3741
2701
774390
11744277
14308571
99681
3394315
2625486
8191127
28278952
23877495
189420
94395
1699246
7229502
160461
9411289
3064050
34790300
1892485
2878799
24335771
14303222
20301
39060
28023833
943251
15526374
93528
271953
13079050
1671706
8505749
924120
2934251
195000
6528691
9255751
110215
7811126
8642402
5410404
12537526
1836484
13773370
8239767
71631
54946
17372562
24029770
628881
4610166
13831167
2351195
656084
21552889
1911990
18014997
6798825
4105545
1855701
9845702
1999000
1208234
10440
60726
1516411
19841843
554930
2033136
836571
1892485
72771
38110803
11103826
270480
29096997
690900
253
4928230
8385
14919449
26897439
488566
10317151
3131252
6903
9229953
1288815
20785120
2943951
91
4160170
5700374
1953
2195559
2065528
4288055
5086454
1807851
10827529
40657641
306936
27044329
4831386
3201715
13079053
1186570
6133752
5602877
13315377
25425
555985
319600
3403
2463089
1192739
754606
2790703
34150969
37128
17739941
2738968
123753
201295
5426864
15045352
11666863
2421100
2838151
47895
9801375
6850551
21037336
264628
459361
10517989
14794077
6267569
212878
1373653
5221295
11608968
3260181
69006
15772532
21069778
33153
4585905
1219141
11807367
12288400
22683476
3746953
9157056
16712865
12905738
18915
322806
6895041
1143826
3539130
95266
439453
274911
15710809
47263488
1033202
17865247
36046
1474903
3587181
1989015
20126333
3757910
3214380
14292529
14930377
16608962
1880830
3339820
12562576
19415792
112575
16430775
921403
6543151
9063151
7021877
1554966
5565
385003
17996995
24454516
10573099
474825
17366665
1961190
1087075
2483106
6441
8838908
16065943
9770408
6496209
4604095
1975078
5029203
10095769
21697573
2678454
1838403
21756901
356590
13747144
18988197
2201851
10550118
860016
4738580
1101870
1728870
339900
1668051
606651
3676116
13084165
2857244
286903
22381389
19980677
18401206
19791479
521730
4480520
33599493
14431874
5022865
8534644
18310320
18195524
6532304
22717161
539241
4750902
24349726
7275204
16805498
1030330
38636432
31145768
972315
9342000
227475
26882770
27730
23540083
9281583
1112286
18699666
4516514
7374719
1740045
23871
498501
1380291
35621009
17889167
9199902
195625
2893215
58311
10577698
234270
6630261
1195830
286146
5646480
4095
8006000
43790746
3153816
13284431
26546534
226801
21506953
20208898
11851144
5532800
27147385
528
9546263
21238898
13973538
9307454
4174604
428275
2445366
6235744
95703
24580558
3684255
10296
8876789
2278
26641345
31470203
893115
903
1588653
8843114
228150
636756
313236
118828
15504092
244650
903840
8778
6924780
3600586
7922188
17384353
18425481
23259605
10790333
3873936
2331720
12926065
3840606
1449253
6158293
6214573
12587650
3949454
26118370
17680427
4656
13403250
336610
1730730
29364608
1401975
796953
4048434
37311832
11175
35334612
2701650
2379471
4435731
15716417
19025190
2077741
750925
8982439
32236425
288420
22361320
377145
3337234
58996
8110377
1214461
20920739
2338203
3760653
134940
25786960
31573423
10794979
5633044
3854475
59685
63546
123753
4692515
31125
935028
33550325
18237774
12708357
2458653
5403826
15509659
49141
115921
14496416
3777123
26103917
1432277
10531753
862641
277140
541320
305371
550724
4628401
1562028
14625933
5671
9180
23177829
4154403
25493365
5003865
1951300
1376969
2862026
27176871
2286591
6349264
112101
10059853
28354209
5308910
8855735
5016527
347361
353220
10568501
4969127
7646004
18865149
576201
4480521
8592581
17739940
4403027
17973005
20534432
6441
8501624
17609142
2153850
5121600
1168156
6525078
13274125
88410
2241903
53956
13012646
7870526
20991955
928202
10244599
11127401
7229500
10208419
190036
1329265
20778676
4729348
3846150
20733575
277140
6036075
8704876
17883186
5825991
14750593
1660753
25643533
1867278
941878
4741658
19019024
36546963
2866813
1745646
2353363
20139023
2489796
5351356
8110377
14308570
2244021
7548554
20037610
5774901
510554
5512857
316410
26597565
8472783
505515
10730025
696790
5727417
2503201
15750075
21566022
9139948
20323496
26321134
637885
6666725
9311769
378015
14935841
8078189
477753
15127747
158766
3131253
15243478
1444150
2579856
7822988
45006313
2648451
16304901
63546
3611328
1
17766
258840
4423825
1233235
4912545
25315163
3741
174345
3971971
2814378
14116638
42906201
18087101
3749690
113050
1590436
2666895
9739489
7552440
7233304
3733276
1594004
4238415
60030
185745
4803450
462240
10082293
898470
817281
100128
27792231
4906278
790653
16128356
10032956
443210
23767057
2530124
294528
5377559
28331619
2172570
30470715
35778
8431669
8106348
33501192
3681540
2237670
24784309
19936450
611065
9739489
28792655
9419969
119316
345696
23960495
3244876
11773375
3573801
58653
12447553
3329490
773145
2936676
26313876
2588950
20817373
24685845
64261
3868371
10136251
4862519
19254108
5496267
979300
1214460
319600
22187784
11146279
7386244
4831385
183921
1269620
559153
11715217
615495
5891027
9502618
754606
3285764
408156
103285
446040
4394130
944623
752151
164451
7622558
2141413
3204246
1100386
10296
5446650
176121
7003152
1981045
34200573
9372283
13263823
17961016
3350165
28151245
9660207
4474536
744809
7051889
203841
604450
24753
24706930
2883601
20336245
174345
3649051
961190
13836425
3865590
627760
14485648
11184082
11895001
1079714
9398278
7716556
12012349
7093258
9450376
883785
19012856
26539246
16425040
2092035
23218697
18213626
4579851
1727011
2489796
1175810
44551
1122751
6453027
5849907
27073753
7044379
5566114
2275910
34532197
160461
18292172
702705
40216985
4507503
10158776
4285128
115440
5263390
22777870
34598713
11476
63546
25372120
4034220
1553203
6228682
567644
147153
15755687
13253523
17638824
2607186
11934053
8654878
18662991
2170486
24976
2963395
36743864
2261001
1326006
25801331
16505381
6228684
23677513
946000
28001377
44958890
17578
2926
165025
2458653
3921399
20707826
1577976
8538777
871860
1963170
3643650
10326238
18486234
32930659
5211606
18141272
8231651
15710811
10734658
1908081
7560215
17449274
110685
6381376
809627
1613706
10285376
3860030
167331
1445850
23116595
13658149
4692516
1118259
343205
13831167
1206681
3199185
13647697
4168828
7237108
27261
13715699
2043231
15587732
1094460
93961
178503
26017283
17231381
7862593
30190328
8742469
9110045
11488816
88831
5221296
1951300
5211605
27792232
17190312
36478601
5761314
18797642
12956592
4194854
25286710
4165941
11264628
3417803
365939
4065526
9921283
72771
211575
10692997
879801
5185809
17704221
1540
33239770
51360
11642721
3472929
19384647
17955
8386558
44071951
12688201
530965
30697522
1721439
26197935
6211048
3901821
965355
18871289
2139346
5586153
83845
2383835
165600
9118585
8771765
220116
31375
8796913
9735075
2231327
112575
8066135
4576822
12012347
19334866
26075022
1981045
1422141
10019522
234270
102378
1090025
10836837
936396
22301176
7393935
33378527
368511
6670375
5147234
2160081
667589
3665278
5932288
34283327
14777762
3240
13033061
3459764
22784615
4054128
137026
1241100
686205
12612751
7044381
3517878
23082610
4991219
2096128
3027030
17621012
10688374
5980610
3885078
19678397
20215256
3807420
6517853
627760
5546113
603350
723003
4215156
8349740
6824663
24657742
21528
3128751
776881
5147233
4423824
7282834
4142881
520710
32292657
2412306
18859007
2359878
7214299
2135211
2641551
15783768
4585906
53628
1430586
199396
73153
6046503
81003
648091
738720
7787429
67896
874503
4558690
10472174
1977066
2216564
3403
4014361
2275911
4000206
43379940
331705
6980714
2353365
1637145
6032598
10958219
301476
20752895
3662569
3655
9058895
5532798
7970026
5035550
1197378
12607728
32228396
1133265
12377795
4837604
604449
2659971
18177431
2586675
38180679
4831386
8284483
470935
9459073
3399528
23871
292230
83845
5400540
9007888
9739489
640145
9633853
28920
2112540
10892774
12502497
1859555
8070152
348195
6521466
6306574
4391165
3539130
12115501
3547115
8439883
10902113
15823122
245350
950130
1902225
42389016
16632022
18553179
19772609
7282835
5295885
13530
38781
408156
1867278
760761
3670694
7225701
7025626
11865754
4417877
5884164
8170901
5356
1016023
750925
4668039
18352706
5118400
7097026
35595690
2648450
16442241
24391615
13408428
24960639
4293914
11958492
7260
5877306
10906781
5208376
211575
46797960
24967703
20438414
10991014
8746651
6988190
10276309
9419968
11326417
1078246
14598903
12002546
496506
13486217
5713890
9502619
3549780
4791059
444153
23932816
4834495
1060696
6441
2963393
1347261
8046064
6597528
14609711
48205
1128
33019993
3293461
5572791
18920473
7890376
3088855
5984068
10371732
19322429
13936557
412686
37147878
1711
55945
9165619
4947085
19709776
383250
1945378
5671
9290201
12199325
8062119
67896
8526382
8476900
19578149
15487392
19672121
14324622
758296
29242116
13222650
15817495
18803771
230181
33615892
30501945
5356
23981270
5612925
1563795
3916
17716124
38503
19303786
31287997
9823526
3700560
9272969
75855
1817369
6207526
33411
5169718
2392576
153735
613277
35292590
1773785
366796
63190
1439056
56280
28754727
24489496
2570778
729027
1755000
3494046
12323125
10140754
2180916
14028
1139295
93961
4747819
6883903
264628
991936
595
7870528
10762478
883785
3326910
15067301
29089371
6525078
1565565
12387750
820
1051974
1825005
91806
6119751
94830
14367476
90100
388521
498500
17079087
2224995
11335939
720600
21141249
1353835
1923740
5140819
371953
4643626
27391094
854777
3804661
30815165
561
4695579
3342405
12502498
694431
31082660
1362075
17478822
7536902
12328091
2776546
1107815
3014740
15437343
20151718
11479234
2039189
1622699
10440
8325238
1825004
13130246
1483503
16836
12768928
66795
13559025
6633901
4781777
604450
28181269
8767578
1894431
7474909
31557530
3952263
9476479
17478824
1727011
428275
34474048
3141271
528906
19204496
26106
23014712
420903
1857628
3373503
47895
1306536
2643850
112575
528906
41801784
1231664
2568510
48205
94395
4753
23314200
133386
37406914
7436296
827541
94830
224785
34598710
389403
17061557
2214459
15476263
1112286
6140759
5321953
26736321
50086
5189031
33509383
113050
1386945
7100793
24203394
12061413
1590436
195625
9105775
496
764466
31956005
12090899
21428326
1225
24753
7172576
1756875
22194448
9677799
3584503
19509376
518671
6670
5734191
3467661
8973964
434778
9533159
21408690
2653056
7564103
619941
1540890
27881769
2412305
176715
6228684
36743867
499500
2392578
43856282
20139023
3879505
100576
27859375
5856751
2174654
7799274
2460869
58996
22448340
11359759
319600
1116765
213531
4157284
285390
3389106
1576199
42416643
4423825
283128
18718017
17260746
34716
1237950
11476
5102414
11551219
9453
614386
456490
1642578
69006
14121952
7309575
35066114
1849926
13715700
516636
15817497
16875141
11047347
4285127
24976
2814377
10244599
447931
33656902
184528
6431489
21480731
62481
13161012
19785191
10981639
8158778
4168827
1155960
1823095
34275052
28747142
3216915
34974056
6806204
2783620
129285
1902225
20611405
10771759
5010195
5276374
4628401
21434874
37580104
253828
7783484
25722370
26118371
3173940
17354882
14701751
26772896
16875139
1395283
10231024
7233304
4474535
3214379
2980461
3630165
11488819
4652775
19728616
9859018
10136252
5144026
86736
16207967
18589749
7732275
11094403
856086
758296
1783214
14690907
58653
1481781
16190891
9493901
354903
7140
8659039
436645
372816
18779250
16979873
24753
81406
333336
3347578
6496208
1876953
3430889
846951
2469753
857395
4800351
117370
5740966
14399658
38495914
5479705
9983744
3046745
5963331
2864421
4465
9118581
3654453
20380913
8538776
8062118
14647575
4261739
26597564
5565
30876
2178827
20113646
6001377
90100
1927666
78
7305752
28807837
768180
20018620
1220703
2346861
3186549
4335039
38233129
21736
10249126
9453
1228528
14367474
36589721
8497502
4534565
12966775
4005865
253116
33411217
12397707
130305
12248772
7750
1588653
117370
174936
14303223
16384947
3143777
9127127
271216
2083861
1910035
2804895
630003
368510
29996375
1544403
11151000
4323270
22221104
1422141
1773786
18938929
24678817
9788098
1485224
9664605
3935415
7157434
24531
2153850
5727418
378885
4591964
21336772
34291610
4062674
1121253
1981045
12120423
21017881
4680269
824968
18718016
25052576
5639759
11325
131328
14544918
1337429
56280
28346676
1714026
20503
1078246
24559531
49039641
1596
687378
4235505
63190
238395
12683163
35511
3151304
2678455
280875
3560446
2604901
1762503
15548670
1142316
8944333
2929410
3673403
34357897
6313681
3031953
33895250
3741
33599494
4613201
1195831
6597526
22428247
36367644
16811297
24286960
63546
87571
31963998
793169
6776719
10586897
16110
705078
15526373
11359757
3496689
1241099
748476
693253
34756940
36
10991013
27554168
10846151
887777
5374280
205761
1200475
1546161
29135152
6303023
27539320
44250514
9603151
24342747
1567335
853471
306936
186355
2866815
516636
873181
18352707
1355481
696789
15271098
6641188
5970239
32582620
9393944
7336364
29890
8505748
39805489
7513624
305371
37035908
16701307
1686364
11642722
30548824
1688201
12022152
639015
2244021
4610166
693253
881128
16505381
13109756
3136260
11455287
42619516
10082293
1658931
4447653
5179370
78210
11374063
2349026
14015862
13501803
7161219
129795
3810180
325221
1939465
4486509
2620904
3451878
3782623
311655
19434490
15778150
15913258
849556
6528690
8070152
4797253
3801902
561
162735
2355535
2195560
13533001
885114
7021
5263390
206403
5873876
158766
242556
10818223
9677797
4215156
319600
5243941
581580
1431
51360
2189278
3288329
243951
3595221
7866561
1490399
1332528
1031766
623286
26648643
6260491
12061411
36444441
3821230
4020030
548628
5791905
6612065
460320
25837261
1165101
297606
14990546
20285261
5592840
7078201
9363626
9101510
11417028
10517988
28278955
466095
332520
3000024
22528820
1933561
3603270
4154403
2812005
5201924
4323270
3829528
3793635
4723200
327645
37927684
9329039
16162452
2415
23423585
11221951
2593503
796953
31446405
7942103
32132126
2244021
8957027
780
6857954
2485
2516644
1773786
968136
12987153
12412648
28686516
1322751
1469755
7759828
318003
7614752
7130974
22913060
14772327
27725172
108345
30042864
10573098
14005274
1174278
553878
1166628
154846
265356
752151
19241699
4186
26626744
11724899
8304848
23102993
6802514
2122830
5602878
893116
5744354
18201558
21258456
21441421
44109515
37875445
1391944
341551
8515
30830870
8501625
1546161
296065
7693003
39201071
27028
2057406
5990989
22730647
26948800
4598028
13952401
11512797
3389105
1011752
13789123
9229955
31844182
3777126
175528
33771861
292995
27044330
9385275
5863599
289180
3828
2162160
2604903
18407274
6980714
5822577
10153
7229502
20031279
6140760
6854253
20387301
8066133
8154740
2934253
6820970
429201
3
20503
37165120
5286125
16482407
827540
26053361
41373144
13439518
11127400
23396212
15276623
10781044
88410
19999645
784378
2591226
4405996
2176741
9024874
16276361
6098776
30876
302253
6126749
2833388
17061555
39156813
9765986
8300774
35604128
1092980
41091632
8952795
20412849
373680
1528626
16094296
1275
514605
26565
19130200
17096624
40470
820
419986
200028
41373141
6084816
3536470
4105545
10855466
27014914
138075
5134409
13778621
3352753
9212776
78210
7533018
4157285
260281
3890655
721801
2183005
21180281
7803223
133902
4950
146611
457445
5354628
2007006
1686365
1715877
23629370
6417152
8999402
1547920
6572122
12532517
19961713
9673399
11084984
6798826
6586633
14426503
542361
1708476
1253736
1422140
143380
875826
51360
1719585
2039190
13449888
90100
4928230
12875272
17205
43956
571915
5880733
180901
17490648
9092977
6828360
26451894
70125
6406409
929566
2233441
28143742
2197656
88831
266085
19701
4432753
454581
7910253
18141270
102831
207690
693253
15716416
2559453
1963171
123256
14362117
12041775
10140754
380628
67161
769420
327645
1241100
4890627
778127
43365
1570878
19306
8801109
22127873
16898388
207046
8191126
718201
6554009
20151722
25010123
516636
17526156
1539133
29795333
269011
10041918
2041210
1078246
2505441
2898028
19105467
12668059
2505440
18383010
6976979
9097244
679195
965354
26904770
3741
5026035
1423828
315615
7294288
18310322
44259922
1075310
1585090
83028
641278
22181124
18171402
12308239
8671529
348195
10440
306153
6950854
60378
47586
42702648
37251382
22811628
1282401
17763773
1461195
322806
1880830
18638560
4950230
1619100
1941435
30400493
9660208
30628
109278
18589748
9664603
1097421
5331745
27517063
417241
1631721
15699602
34233667
10490487
28920
116402
7886405
13658148
584821
2736630
2153850
7187734
666435
21304123
10531751
1211346
26707081
28860992
10531752
25878
12602707
10199384
8667364
7669484
2646150
27294959
12338025
284635
16608962
208335
140185
4282200
3603267
33239772
28709243
63190
2049300
111628
8038044
17978999
2623195
2595779
1995003
4978590
505514
2087946
2982903
3741479
723003
217470
21684401
2124891
2353365
4766327
543403
873181
874503
15576
1474902
15834374
42778
21730524
238395
7006895
7478777
25400622
6809895
8038043
54615
1533875
9165620
4962825
22354634
3632860
9502618
1292028
3319176
29826218
4655825
567645
6442255
15243477
5397254
1849925
7673401
16048942
5690250
30345937
701519
7834859
5901327
404550
239778
16196582
5946076
6659425
4332096
4071231
2336040
4308580
2850078
2876401
10619133
57970
1104841
1880830
7259953
735078
654940
12130272
6503418
2017036
40585531
2049300
5201923
665281
917334
55278
25937995
1987021
3396921
101475
602253
768180
9903473
1020306
3716901
7732277
8001998
1768139
35959427
18957395
3275518
5740965
13017748
11817088
28754726
3368310
6550390
952889
23981268
1115270
9372285
3409966
8778
7646003
1139294
179100
32542267
14021158
4701711
41628236
21539759
9316084
6253414
3711447
14588099
3301163
14356755
680361
2081820
1937496
15817497
442270
8114405
306153
451725
22247780
4174604
1562028
299151
1658931
103740
36769588
7267575
30089393
2881200
5506219
3301164
2106378
8750834
9238548
13048381
9730
12066324
2731953
364230
11935
1985028
13140498
17943041
674541
327645
23259600
17020
10762478
606650
460320
1276003
2985346
353219
411778
31740520
2141413
8300775
40459496
34974054
5166505
8646559
3176460
428274
1319500
1415403
6854252
5516181
17337212
234270
95703
4815855
506521
12293358
6695968
55945
48205
10585
3412578
14037048
1084128
22987581
26103919
16470926
13248374
4160169
1037520
18938930
2342530
45596460
1072378
20604984
10194869
2543640
153
5569452
17967012
8215429
2678453
1504245
2077741
3667985
6954585
12542533
7165004
707454
15548672
2802527
6067385
665280
5646478
2231326
10303528
2244021
23300545
220780
2625484
3846151
12140125
34848713
2158003
5144026
1710324
1560261
15199338
15498525
18669101
27904176
1823095
46665
5562780
3014737
347361
17579481
615495
1711
11895000
385881
9563749
1859556
4128500
423660
1626304
12432587
6186402
7513625
239778
10185838
74305
52326
2085903
6467405
9735076
29127519
259559
12149982
104196
2662278
2239786
28339146
2943951
43547766
1044735
314821
36898334
18724136
477753
18711899
18437624
12946414
1535627
15376280
1211346
8621627
45451
13894352
20733573
52326
5344815
4628403
44797833
15243478
23069021
212226
2206048
24252124
4296845
15225
886446
8337484
19291361
522753
723002
41328
25422004
804545
1390278
14175147
13512197
1486950
22081330
16094297
3977609
1275
1368683
23801543
2534625
2065528
2563980
6798828
1777554
355746
636756
7413174
781875
10619133
12617773
9603150
1804050
16608961
10753201
16522622
9441684
4950230
3624776
6264030
7021876
8435777
11440933
18547090
1360425
8357915
112101
25422009
23946653
881128
11992751
881128
1097421
37950
15783768
10226501
4285127
38128268
33952912
209628
14121951
363378
4953375
3662570
4028541
28777485
11236168
4200651
29579574
203841
197506
27110556
7894350
12779036
150426
47351031
9217069
23780851
27294957
2414502
561269
37797153
99681
15392922
2261001
39094889
15615662
123753
6633901
943251
6786
15271096
354061
5237465
264628
9870
5112001
30089393
14383562
3605955
597871
3344989
107880
16788109
387640
18852865
3488759
2075703
15598902
6590264
29803055
26313880
10897442
2835770
14297874
2706301
38075887
27051683
2432115
18014999
1027461
98789
30909445
5351355
12027057
31256363
16407852
973710
472878
8868364
395605
1666225
1459486
1490400
7665569
2968266
6765681
10702248
16939104
6828358
92235
13878543
4591964
12061412
3078919
13861
24119978
5163291
18021000
2137278
6535918
35099620
17638823
21955246
30455102
373680
9970344
8965493
14990547
35900088
2096128
3727815
28113746
1092981
3240
9585628
3980431
33153
228826
57630
1846081
20291631
25579123
1697403
5195476
19678396
1365378
3560446
1532125
22791
32784742
4965975
7229503
9229953
194376
6832055
3913001
3402135
21945
4561710
10888108
379756
62128
4142881
630
33821187
11150998
38285613
1272810
17272499
10185839
5479703
2819124
2222886
1997001
2185093
676865
31051130
6725278
18889727
1211346
11778229
256686
145530
515620
1721438
34453
810901
25322280
442270
619941
2720277
20637094
28929410
809627
10367178
18370886
3686970
13058602
8755017
277140
14539524
3938218
9616303
1279200
4391166
4429774
588070
570846
222778
1205127
1358776
20031280
19760037
18510563
17003190
31478138
332520
21756899
4414906
114960
3069002
1194285
351
16875142
7595250
3178980
12492496
10271776
11212477
2308026
10153
33804742
191890
28868595
1352190
3257628
162165
147153
5829403
14496417
3801903
597870
2180916
11734587
31878
675703
12238875
1447551
3308877
828828
479710
15610075
1300077
359976
3921400
14631341
7146088
348195
3173940
31900070
11560834
6626619
18553182
748476
415416
6572124
35857735
12931153
28121240
10841493
3296028
9045
11705539
2440945
1828828
548628
16632025
1741911
4391166
3319175
10679129
551775
1407003
21889031
12507496
272691
4397095
266815
18039017
844350
2790702
25873211
22892756
2460869
1260078
8070151
16362054
3957891
7850701
1653
192510
2764775
8001998
10149763
31106319
275653
93096
894453
1178879
16430773
437580
388521
5995
7070680
11436150
5569451
12303277
468996
10249125
10953536
6832056
3267846
5151
6750975
8427565
359128
748476
94830
6242809
8304849
9810233
35385066
13073938
31517820
12561
998991
6370665
12720
1057785
706266
3116254
58996
22515395
120295
7336365
2618616
1059239
10920799
783125
90951
19185908
32124110
36359116
26941461
9238549
2331719
19653311
208335
14534132
324415
2750685
265355
21467623
2534626
25686521
21408691
5690250
1770021
3420420
31684770
18370886
1290421
961191
12951501
21017882
5612924
10757839
7140
14593501
4868759
3695120
2516646
18742499
7874496
1445849
317206
3611328
36315
119316
93096
7294288
2509920
727821
47895
4701711
11407474
1447551
372816
13873275
26140054
198765
921402
18614144
702704
3857252
4680270
1043290
24196439
8272277
1353835
2216564
1773786
4865640
272691
651510
7665568
2035153
1542645
72390
5768106
8481019
16322037
18213626
83436
13496607
569778
8443993
6854251
6137256
61776
21796497
3684253
96141
6809893
11476
11026
26978177
7240915
1857626
5619628
808356
941878
23560672
1078246
5459859
113050
5356
39351745
16655103
1975078
11676525
719400
24168620
28354210
152076
7736210
4462575
176715
2943951
11412250
10118248
464166
3515225
28023836
1024595
898469
2715615
42462707
1523384
15249000
19012856
35427142
27628456
9367953
844350
3314023
144453
9311767
19428253
63190
1891
17055714
2630071
14365
1804050
1140803
8062118
7112103
12090
18809907
10412764
30470714
16390672
18528
11175
35477662
2303730
19440725
1695561
780625
4794156
1075311
52650
3399527
7195321
18389073
933661
31272175
2308026
2071630
495509
13878542
7599149
2775
432915
1375311
3504628
2680770
13559025
354061
3344991
7564103
18045024
30548828
14534131
18705780
14663817
12397708
13284432
10073314
20495997
4591963
3640951
325221
2483106
3168903
148785
25425
7267576
1162050
20669229
22366
2124891
169653
1003236
19025191
9961413
686206
6349264
20503
10540934
1378
31589314
345696
153
24753
2149701
1084127
12708358
2536878
13084167
15001501
5566115
13626807
26612153
142845
29587268
35722370
5000702
103740
222778
3711449
13294742
13002444
19110
10011
24868867
8721574
7025626
1380290
2212356
26750947
39671764
24826573
619941
11436151
21756898
19415791
3103786
336610
1036080
31114206
11860881
619941
6795140
35245
1311389
1712174
2189276
5361173
15293211
5453253
4042745
8885219
8530513
12982056
11221950
615495
820
2483106
24008978
29036002
32857661
30019616
840456
7070680
901153
13947116
1209790
6317234
379756
11841408
6528689
9921283
5189031
866586
20778676
26663245
4276349
2039190
1355481
143916
2007006
6271110
2267385
2985346
1217580
2471974
1562028
17698272
1469755
623285
44977856
973710
12246
3826761
3941028
11302633
7906276
38821255
34765280
1035
36718157
21115
1418769
3118752
89676
408155
1352190
15188313
134421
2797795
6999409
186966
3409964
4122756
100576
19885964
14924913
1851850
1113777
26539250
2124891
1485
3044278
7347859
15287682
204479
2926990
9708619
4426798
1790778
1572650
1
20707823
24454512
395605
2760075
2233440
18014998
32373071
1321125
18177430
8605025
8571869
11165172
4371
6420736
59340
11374063
932295
3630165
438516
7763770
783126
17407946
2246140
12027057
8476901
8559451
7712626
2235555
2523381
959805
5067334
3826761
473851
4255902
4655826
821121
6140759
7767708
495510
391170
1891
16962397
3003
20502398
16471
4918815
7214300
29934443
7294289
8114404
326836
8746652
18021001
3777125
24770236
491536
43956
11652375
1788885
410870
21941992
2595781
423660
14620523
19993319
5331744
22181125
1431
741
28762313
4218057
2973140
16396398
28241359
4912544
10118248
10864789
8162818
31597267
210276
6084816
7513623
13207227
1241100
12849911
3324331
959805
22134526
1034641
280875
1804050
26430077
155403
1216019
643545
3365715
763229
5798714
9870
46094386
213531
22495271
7044380
360825
7740142
26539244
34324742
12824574
10600708
22764374
2025078
294528
38601279
58311
877149
1967136
1059240
2131080
3517876
20817373
2120770
9450377
557040
2025078
822403
13150753
5569451
3232153
10716133
8074170
153
298378
173166
2762424
10771758
228826
10869450
13392896
4183278
1588653
3046746
3288329
2616328
14903066
7728345
14952243
1280800
13439515
11870626
4220965
1684530
2375110
4680269
13120000
6165314
4311516
2106376
18474077
2898026
5542784
17996996
6817276
3041811
295296
6861657
15067302
43538434
390286
4903145
9372282
8944333
1715878
608856
15045352
51360
1459486
18370886
14523350
903840
5195476
16259250
1741911
11560834
19229296
3066526
8801109
3665277
22602721
9277277
8617475
498501
88831
23953576
7191528
488566
50721
7501999
8571868
3517878
4059825
258840
24587570
8150702
14084773
12194389
16430775
12743674
1274405
27176870
155403
3027030
12819513
7112103
16499635
1884711
12824578
5172935
10646803
531996
8843113
7127198
2135211
11488819
51360
34453
1981045
3608641
13621584
703890
34748608
3692402
13804882
4729348
14090084
2521135
7505873
23622493
4102678
809628
4370445
3381300
27479983
661825
32260516
10298988
1882770
1428895
12457533
26075023
1137786
23334691
1662576
306936
4441690
31860145
34848715
1514670
6773038
22960469
158766
1825005
392941
28444645
6105
7838820
158203
24036704
2480878
1695561
20301
1640766
1189652
22481855
2327402
1375311
4622319
280875
8481020
508535
20823824
5977153
551775
1396956
5596185
29142787
781875
23171019
20069275
3019651
342378
4893756
16110
29594962
26846121
1570878
29934445
13068825
12794208
11127399
98790
3488760
484620
12728532
763230
306936
2346
2456436
1653
5260146
7767710
634501
25379239
27665635
2563978
1205128
29104624
4616241
16608963
16499636
7716556
5029204
11982957
7324876
3201715
1590436
14535
27324523
17561697
18486233
708645
3868370
5744354
2282316
13429150
39609437
1154438
17366665
26948800
52650
14935839
8792720
21915505
226801
37950
34882118
13366
15570987
13705226
7440151
36752440
18225698
66795
2703973
5351356
29911234
12804327
2676139
72771
8530513
10376288
841752
22388082
79003
59340
11484026
2206050
377146
27495
4732424
2278045
37242756
295296
6496208
2392577
20100962
24735051
4282201
26890102
5128002
7409324
786885
27695394
115440
1454365
9472127
376278
18207588
1523385
15504093
26212414
11113253
381501
469965
5253659
6939673
20301
2878799
20259791
10298988
11033250
12512501
6154784
4753
2586675
207690
1209790
1160526
35368247
42486
19571892
15896337
1655290
389403
17973007
9677799
13861
19173523
3014740
3280641
10011
3073960
2525628
5836235
4981744
10586898
7918208
805815
5430158
5013360
11594516
1347260
4059825
3176460
67528
4111276
11935
2963394
15515232
46971
3194128
8128
6370664
19772612
14480265
27613590
1103355
1226961
89676
3890655
7063159
6067384
260281
1056331
1326006
22147835
8613324
1577976
1702933
32946893
19099285
11354990
201295
970921
14636750
32640
1830
29541129
3684254
14485650
35245
26364680
1115271
5602878
3818466
1617300
5619626
6381376
2628
10118249
14843073
1330896
162735
12482503
78
14788637
35091242
4931369
32526137
16776524
16649330
13506999
909226
17650707
6924780
33060636
1991010
1556730
6754648
44391738
3796389
23327857
128271
1233235
887778
10878
605550
136
4851
7221899
482653
264628
1140805
516636
11929168
9088713
16880951
4403028
246051
106491
1226960
397386
20804471
79401
882456
2108430
11075569
82621
7918209
1701089
11982955
790653
29646
367653
11594517
5509539
3441376
1339066
12041774
4028540
562330
6557630
20528023
4426800
19031358
287661
657231
2639253
421821
2458653
17009024
15354107
544446
10522576
88410
88831
3059098
1000405
9890126
18123205
37035908
21219350
10296
4367490
7401628
12338023
8868366
14788636
7409325
2509920
1682695
2997576
6216
694431
23512648
3423036
36315
21915500
17455183
3368309
20991955
227475
14042347
5616275
1695561
3288329
24875924
30408290
1993006
23698162
9110043
37710259
43342693
852164
145530
651511
106030
946
878475
7413175
1480060
571914
991936
2743653
2960961
4074085
2342530
5253
19037528
104653
5676763
20772230
1770
1611910
2871606
11188810
3027030
24770230
14810397
117854
1688203
258840
6670377
29918972
49247835
1456071
14685485
9432994
845650
1050524
10605313
13968252
1809753
3616705
10317152
6663073
1570877
8094274
29211538
23636240
3007378
147696
651511
973710
225455
19496885
402753
195625
3565785
29718187
7168791
1137786
9045
1192740
13978826
283881
5713888
6674029
14642164
2883601
998990
9819095
2429910
14410392
305371
9498259
235641
4735501
1701090
17396144
6256951
654940
316410
13058601
25187245
821121
621055
31517820
32292658
359976
31311733
4661930
553878
20772230
950131
534061
64980
7440152
22334581
3821230
2662278
6652128
1646205
34715270
437580
300700
318800
237016
5224528
3924201
4411935
1597578
15050838
26480998
17728032
171
30525383
1095940
17325438
191271
578350
14068857
406351
1732591
3560444
7482645
1817370
10697622
5227761
315615
3676116
2071628
1195831
1056331
5214835
12552552
1935526
15537521
4656
23389373
13073935
2396955
1345620
394716
1335795
1738180
1586871
5230995
24064447
4397094
5099221
180300
34341316
28929412
7478777
154846
3949455
2910077
14924911
7751951
12784091
37849336
24015910
5700375
8431670
649230
12849912
2104326
11374061
25073815
3260179
5221293
4658877
24566537
138601
30027367
2033136
26502829
205761
2396955
17555771
11652375
2893214
7886404
10153
4981746
14324623
858705
839160
1381953
5935735
16179511
10573099
17508399
13778621
58996
14037046
3017196
12652963
6728944
3509925
33411216
6517854
3916
121771
4025703
2212356
71253
1250571
5720653
2968265
4818958
517652
11179354
1770021
174345
2769480
1092981
15226917
285390
25102149
21506955
9157056
31177346
5995
878474
13820650
7646004
5980611
4323269
3071479
9195615
7140
1714026
12214149
909226
1166627
3616704
26510110
590241
2211
24566538
3568455
7716555
330891
2997574
2191371
24140821
5935735
1500778
4594995
2120770
667590
2609470
71253
4881249
4278
19110
171991
5502901
790653
899811
16128356
16910016
100128
2662278
1163575
11953602
494515
703
12085984
18632456
1051975
4329152
7505874
338252
37962527
420903
852165
2063495
494514
372815
13611150
6225156
4151521
13387721
1084127
5050
788139
11217213
9819095
13408428
2678455
39060
1562028
12447552
9912376
275653
5713887
4637535
1178880
3404744
8122463
14728875
2685403
120
2648451
1342341
7579671
38759597
38768403
15459576
2047276
26912111
13465452
1910035
8284484
258840
11283622
1263254
5076890
18834449
7934136
21737111
22161148
8203273
10743927
2282315
3290895
216153
4573800
14421132
580503
11316901
238395
7359363
3467661
10846151
1231665
18742496
36992890
18988196
6517854
409965
11026
2826253
30854430
23348357
35722367
3272961
1137786
406351
21945
850860
6161804
3700560
31248455
391170
6769359
21796498
11662031
235641
567645
9805803
2227103
5227759
600060
6839451
5054608
1805950
6850551
1365378
741
16730214
955653
1313010
33370353
87153
10037439
1321125
14068858
3255075
6039550
36001844
31074776
8078189
2951235
505515
810901
6648481
37632139
2011014
30628
2616328
6175855
3378698
1653471
350703
3868370
7610849
8505747
3357934
34349606
21141246
1563796
23005
9363626
23485226
11968274
16863524
553878
25643535
1428895
4658878
191271
1485
2176741
17084929
18461922
27472569
27866834
13119998
5460
1322751
3306306
5224527
16339182
17578
30876
4525535
276
6481799
1454365
12497497
13559024
166176
4988059
23863678
9520063
7490383
9713026
6995668
24440531
720600
5932289
5338278
3143777
5341546
1010330
8843113
10527163
128778
8931649
11935
20752896
37675
34498963
6791455
257403
9642634
7866559
14474888
11565643
12966773
2436527
465130
158766
8588438
19025189
170820
22548964
3657159
5051428
413594
674541
1848002
8750833
349030
17799555
3002475
9568122
3695120
22602718
15733240
6441
12976962
360825
36001847
11992750
21736
183921
690900
7799275
17431554
11026
7696925
5453251
39236500
90951
11978060
4887501
2655359
13984113
8826299
43071
19701
1091502
2821500
62481
2288730
2244019
11647548
527878
23286894
32896
10176812
1051975
14690907
7564104
12880345
1271214
487578
5076891
1773786
761994
9603150
2178828
5808935
10330783
5247179
12607729
81003
6872776
506521
17125872
5891028
9446028
3171421
29671947
24608614
1727011
316410
74691
2902845
37329108
4218060
3949455
6612063
8897869
3899028
636756
67896
15365193
69378
15554250
2355535
1334161
26401002
21212837
36086748
3288329
2312325
77815
10217457
1796459
15437343
191271
14132581
4732424
16511127
7503
4051281
890445
22926600
3446625
1846081
7100794
1579753
750925
650370
6670
12622796
5201922
651511
33419392
21789892
2147628
9045
6564874
15404021
25258273
272691
6306574
254541
4937652
29541130
4903145
5118397
5344812
826255
2286591
1385280
16522621
2106378
26612152
15520803
1736316
15868157
43128816
6478198
46248138
21829521
26736321
31090544
2338202
6666725
1585090
11705537
26648639
9581250
8542909
14196452
1558493
15890698
205120
32671478
854778
76636
28211308
4358628
31438475
14528742
10485908
71631
1626306
1188110
831404
3472930
14745162
7653825
990528
25393491
258840
7910253
11269374
1082656
1087075
9437338
4540591
15543094
5935735
2575314
14319273
10199383
6891326
5867025
311655
12095816
23409893
4900013
8239769
5108804
11354993
2734291
814726
170820
39156814
4003034
13248375
13999983
8969728
21467620
28256396
2414503
26437347
4453620
7036876
13367032
6521464
118341
718201
2185095
19898581
516636
5305652
3407355
11628
7055644
13705224
627760
121771
35536654
5460
27302346
3722356
19534371
4432752
67528
1431
46604670
5880734
2065526
15028897
22717161
687377
1514669
3347577
159330
2016
1095939
4791060
14143218
18822173
1947350
31621116
10100263
34101398
24210354
55278
902496
4311516
26190698
38241871
13836427
6161804
1927665
3695121
3054155
3314023
19459437
18504482
14143217
9717434
1363726
321201
12723488
5599528
13310218
4519521
5904766
23035071
8911
803277
15738852
2628
4652775
6514245
3224530
274170
648091
1000405
714610
5266634
3700560
26335
27339308
8555314
4775595
1896378
1091502
3244878
19703498
40288764
7700849
3161355
3512575
6474600
4279272
2530125
23245965
29349282
1178880
35781559
7478778
5134409
5083266
227475
250278
12997347
5549446
8914752
27354097
2602619
8646558
639015
9480831
484620
16128357
774390
124750
4878125
3821229
16419311
36478597
89253
18117185
5499585
21382523
910575
8742468
8170902
140185
23259603
6776720
2383835
41091634
3106278
10669888
1282401
1140805
4376360
17090775
4775594
2995126
306153
2318780
21908883
5035550
3579150
10934821
2823876
31533700
24833621
38750795
31090543
10522576
67528
2153849
67161
17811493
24753
246051
1128
8227595
17549846
26226894
2007006
28271431
1264844
148784
470935
526851
765703
1037519
180901
7696925
12492498
1033203
9524428
3533811
18528824
21310651
11203009
17073242
1813560
157641
15598902
1834569
19130200
1989015
6832055
3533810
2982901
8374276
3355345
1917861
8223538
1326006
2914905
6384950
26531963
1842240
26796
2108431
12214148
7363200
671061
10394518
1037519
2214460
769420
2671514
863954
9307454
27261
8493380
14058250
7260
2045253
6032599
18370887
7950076
18261942
2390391
4744740
738720
10421892
33930
128271
4787965
244650
2662278
19904891
2774190
47586
528
6604795
123753
6758325
2063496
8788525
36881152
335790
667590
27717726
17650707
38503
10431026
885115
3862810
69006
3201712
19241701
476776
3457135
6460215
11009776
13439517
924120
7176366
8325239
14148537
727821
11914518
5995
1666224
18803774
8468667
20234337
47586
1148370
2956095
10091276
6798826
6218099
38944711
9894572
8419353
12189450
15442900
26075023
11316900
23082607
7282835
7503
2081820
897129
7622560
10458448
152628
8822098
63190
5279622
595
405450
27971451
2650751
137550
1631721
5321952
120295
2586675
3039344
186966
7494254
10888109
19684670
7646004
997578
162735
4397094
1214461
15753
38268112
17084930
25851634
757065
1244253
3178981
139656
34341317
10294450
8227594
5221296
5305652
14464127
2293011
5218065
19647039
4189063
3496690
8792720
23368861
362525
3034415
7759830
3138765
9363626
2126953
4890626
3163867
1730730
36726725
15067302
1277601
994755
9591
2193465
4462578
308504
15050836
47098350
993345
33829414
1176
13403249
2178827
18267986
2110485
20503
1714026
6988190
20528023
25436269
14739731
174936
1380291
1471470
1540890
21889029
4486509
423660
3324330
1264845
37173739
42021515
1755001
93528
40064662
198765
4480521
611065
3893444
621054
6056938
108345
3568456
1708476
11061454
14052947
17955
712221
405450
83028
13899623
33158284
3523185
51040
2762424
7066918
727821
14010567
374545
23767056
30027365
905185
6921060
1116765
8809501
8634089
2120770
3843377
29043622
4507501
6604795
21842741
19316217
77028
9045
4534565
1611910
45082245
21134746
7696924
7681237
24643702
2474198
1148370
21730523
3611326
2316628
30229190
12824578
314821
7771650
2898028
14631341
67528
706266
1066530
387640
17787625
874503
31486072
6593895
4095
10846149
8788526
4837604
10818224
7305753
1840321
4229686
37823242
23540086
24310
9730
20849648
20585731
3539130
3946645
778128
2218671
3441376
22388078
966744
28422021
609960
30462905
21232379
14766890
424581
9956951
17467001
21975128
3017194
6253413
132870
2143485
2864420
9925738
5911641
22094622
36546964
11973169
29510393
10902113
101475
17757816
3285765
1319498
16003650
5302396
17549846
174345
2842920
10348972
128778
15023418
4465565
1497315
5599529
5374278
22008288
3744216
12338025
31125
33501192
27606156
310078
8872577
19634506
38733189
12561
20145373
17514314
21915505
511566
21717341
238395
23341521
2124889
5243940
498501
5747745
13367033
5108806
434778
18310322
16402122
18559274
2584401
16817095
28
729027
1490399
2965830
186354
17799557
721801
26408267
9110045
33771863
1181953
626640
6442254
62481
2570778
20765786
12164776
717002
8547043
18583653
2804895
30221418
3024570
117855
5995
24224274
4477526
9063151
17313664
13899626
11155723
3741480
6903
4008696
2452005
4054126
259560
16196583
18601943
27986414
11968276
5250419
611065
19709778
30135
8268211
3056628
11061454
19068397
13140497
901153
20643519
925480
5693624
8688194
18413341
576201
10118249
8187079
537165
25244058
11935
147153
5147235
28
33878783
132355
139128
14577297
1973091
6278194
91
21115
15671598
17961017
214184
413595
299925
1727010
123256
34832020
465129
14496415
1219141
1043290
1953
513591
12313200
27368892
8817896
31240551
7954065
8118433
3541791
10550119
8911
16834499
39458274
447931
8805304
1949325
21500394
1407003
7294289
25386370
3430888
439452
1072380
7176366
932293
778128
3949454
18063051
9187039
1401975
87153
2697003
23767061
17680427
11412251
4288056
4117015
9144224
550725
33411
10298989
40630594
7529139
9983745
10086785
21493840
248160
37380969
29142787
553878
502503
726614
18201554
1386945
27859374
523776
95703
3054156
13403249
668746
623286
7085727
1085601
8357915
20534431
839160
22865695
1324378
8501623
7819033
4355675
4828278
36941299
20682092
22301172
161028
418155
3651753
5908201
16088623
12238875
31844180
474825
572984
2516646
157641
9398278
6780402
25657861
6046500
41905
18322427
2246138
5939180
26912107
5010195
2049300
5901330
26765578
9122854
7381
1020306
2344694
5182589
16071612
7260
2850
7942102
17313665
7779539
1815465
1579753
2518888
373680
24524499
1125750
998991
77421
385881
789396
18111167
19148761
511566
596778
250278
1785105
135460
60378
4576823
17155149
1353835
1890540
348194
9135673
2053351
345696
2267385
5112003
5946073
3409966
24349726
2151775
11203009
132355
2003001
1610114
24904145
1247410
5492955
144453
14881235
24735050
4576824
5579468
2280180
5596185
17449273
37070341
3316600
1247409
194999
12214151
7451728
7614751
32421366
3624778
461280
250986
298378
1567335
22885990
5768105
827541
1363726
10841492
4276349
3955077
1049076
836571
1699246
1957230
21945
216811
5703751
34010617
2881198
42131598
812175
34716
1046181
7081963
25500502
6281739
681527
11075569
454581
25116322
2767128
11512796
3041811
43996877
2392578
43296150
6954583
5653202
3821229
6015245
5908201
38443284
19521872
5377560
4573800
304590
3321
567645
1231665
9870
6441
67161
1597578
13166144
36129237
2222886
20733572
19142574
819840
790652
505514
6721610
465130
35671670
2208151
6441
8609173
20005970
11402698
22455044
12946413
9135673
2312325
2254626
13600717
171
4843827
106030
5949524
192509
40186
666
5839653
529934
651511
479710
8625780
9311768
1230096
13429150
1079715
13150753
70876
1480059
12627822
2692360
1495585
45150
2425503
1401974
597871
1334161
3531153
105570
535095
42906201
8805305
365085
23653
3810180
60031
1995003
13063713
1092981
849556
650370
30948766
6137254
154290
1178880
23588140
12971868
2164240
6105
407253
22234441
14052947
12338023
41354954
239778
12159843
52326
342378
22081329
13831166
87990
5703753
14496417
5344812
8650718
16230747
4828278
40874347
565516
33068770
9537526
5185809
4616238
2065528
43138104
3352754
6189920
7081965
7146089
5208376
19303787
6991928
32052013
3616705
4423822
860016
23732600
1857628
23416738
17378456
41455054
41041
2252503
13616366
35393483
2630071
2826253
6427904
43482463
195000
560211
10711504
24335771
179101
441330
34084885
3462395
1486950
219453
1385280
4020030
8780144
11589703
6695969
27971451
34790298
3017196
7417026
1586871
5599531
67896
4444671
4540589
29180969
32373071
4000206
8555314
456489
1340703
315615
10412763
4552653
524799
11393147
4270502
1631721
23836055
35925515
20483194
2657665
987714
8154740
604450
19223096
508536
5156864
7256145
1256905
9655813
130305
19816656
358281
2931829
4122755
3081401
6688650
265356
12723485
15012456
1166628
16447976
893116
25708030
20534431
41555274
1732589
4652775
2812006
3041809
121771
74691
5696998
40405544
1728870
17390249
17366665
2602621
4273426
924120
4071229
32035999
2284453
1319500
662976
3116256
9268663
2124891
18871291
2124889
7355528
151525
4105544
1679027
27081109
503506
27450340
8280412
717003
544446
26568400
3790879
8481019
5000703
12447553
1368685
5357899
477753
90100
2320935
16082953
7424728
10041919
24078320
2760073
606651
205120
31517822
7934134
3404745
9881234
266085
10883443
171405
11686190
3396920
3697840
6820968
9541895
222778
1626305
13053492
584821
30876
809628
9930192
507528
39556054
2485
17443365
456490
197506
12184514
3409965
4094091
5489641
5626332
676866
1263255
3113760
5873876
5292629
4878124
1544403
4677209
11240908
502503
39778729
27725170
2850
6001380
8961260
19110
2041208
5707129
29795331
6317234
2336041
11113252
14615118
766941
279378
36146242
114002
4212253
3555110
93961
13873276
8239768
1275
1606527
682696
6776721
13041
12387750
11953602
5338278
20100
18914318
4014360
18620249
2318779
366796
37128
14207112
2550409
27546744
1154440
705078
2067561
7962043
2346861
1537381
1540890
7657739
632250
10367179
1423827
1915903
17603208
40820118
36315
30689687
4540591
14685487
3206778
6988189
63903
7455589
990528
5606226
7180153
2503203
4585904
10692998
47586
32987490
26919446
15045351
42352194
2396955
180901
17698268
276
95266
3584503
15404019
2623195
7332534
42778
4576824
14631342
11042647
33411
20406461
8074170
1340703
7498126
5449951
12748719
1378
11047348
12492499
6320789
2485335
6049981
8796914
1997001
8166859
6630260
976503
14913988
2890810
1295245
4367488
495510
11325
208335
27732619
693253
791911
2500966
10235547
20706
2025077
20914271
21684400
954271
143916
5586152
3389104
30909445
1796460
683864
4489506
3449249
12561
11369294
28233850
778128
11992749
21829520
1626306
3311449
19634507
167331
11997647
25916393
11221951
758296
14447997
4701709
2342530
20907804
22703687
15845632
7405476
3314024
13058600
2963394
2053351
33821189
90951
339900
6228684
444153
21618595
4370446
4931369
8931649
617716
11781
493521
9885680
253828
4561708
16730214
2845305
1011752
31573419
37458829
332520
24266053
2650753
18069060
18099131
754606
7051889
9251449
10925473
2178826
5887596
6791455
42778
45778082
28482369
8515
11383602
10154269
6828359
5295884
3475565
5808933
18069061
1796460
15051
780625
5559444
3536470
120295
19860749
1268028
572985
24412573
360824
563391
16493893
33747212
4241326
277885
18644667
3214380
9863458
1671706
9660208
25251166
10240073
2831010
281625
24580556
4267581
37406914
17096624
3752429
996166
37027304
5003865
6137254
7498127
1084127
435
32582618
42933996
29872575
6427904
97461
298378
2094079
38971194
8150700
553878
8982439
24029773
3565785
197506
7529138
821121
1185030
11207742
16470927
9559376
42508795
21737116
1069453
1758750
469965
11255138
43324073
30392696
9520064
1512930
822403
10711504
6140760
314028
37762383
2178828
905185
61776
1332528
9752734
36163248
9620687
16077282
8617472
10149762
316410
23048648
3454506
1279200
6424319
3733277
20888410
7014383
24022838
7626
10841492
33517570
1773786
30627041
39698494
3303735
5502902
5407115
843051
12076153
1432278
13238080
29402935
2480878
158203
21160758
1175811
7381
4465565
3036880
1813560
955653
12397707
24967706
29035998
23334691
5839650
2748339
15105753
106491
9380944
28098749
566580
32558405
6555
5918519
18225698
5925401
2059435
11797650
1537381
13726177
412685
3638253
809628
4320330
4984903
161596
11221951
1849925
2692360
20069272
2155926
7587459
55611
369370
2731953
31868125
32437475
18328479
2628
375411
775634
42778
253828
2900436
14362115
4510506
473851
40567517
5089644
4429775
4088369
2355534
17490648
5653201
210276
1886653
33052504
24099148
45453330
3396921
13920724
443211
14892150
832695
29142788
60378
5576128
758295
35925516
750925
16128357
7157433
23005
5576128
6328
39006517
3730545
4495501
1223830
26590270
62128
15856892
25443400
3494046
8456327
972315
2176740
1225395
18920471
9704215
991936
4474535
11141558
31748488
2158003
1871144
8518126
28354206
10199384
34200574
4367489
17178587
4862520
9050383
29541135
493521
3039345
6154785
3347578
17973006
483636
1104840
5599529
1512930
1686366
6608429
571915
4594996
11103824
2396955
40603554
596777
285390
4975434
9110044
3176460
3706002
54946
1719585
10902112
12663026
307720
950131
14843073
679194
5569453
6721611
391170
6865364
24259090
5234230
2316627
56280
15570986
8102322
25858829
924120
2973140
18087101
515619
2104325
4391166
53956
9691000
1065070
13994692
15400
735078
719400
12880
17343099
17196176
36589726
7085730
1261666
18474077
10122747
3893445
1385280
2690038
44797832
666435
247456
29741318
7313399
9572498
531995
234955
7010639
3997378
27576442
8078188
3229611
13517395
9664603
6806205
1306536
5616274
355746
9385276
631126
35993358
6976978
26364682
2760074
494514
1010331
97020
3136260
244649
1711
4525536
296835
3766140
233585
6706953
1095939
68265
155961
29656545
14663817
225455
5459860
3275520
31137878
2862028
16933286
71631
29487355
4323270
8918974
19822952
2878800
11293125
349866
8688195
7982010
1790777
362525
22174465
1049075
13408429
1098902
1092981
4288055
7115876
3171421
4397095
959804
5282873
26132826
706266
14832178
1445849
5397252
27405896
23035073
24622647
7168789
11312143
32671476
17775699
918690
15879425
5064152
865269
3860031
1758750
20598565
1038961
4085510
26437347
1602945
183315
23912064
17354880
4903146
18656882
1018877
294528
6370664
2500966
3314023
465130
678029
14028
253116
2359876
69751
27799687
2208151
17841347
69378
2035153
12061414
4397095
20278891
33665104
3935415
12572600
2968266
92234
34716
45921721
2293009
19534370
539241
35245
14169823
4311516
7003153
13910172
1176
384126
31995992
255255
32084045
21809705
59685
9489543
18877435
11005084
14079467
2227105
140715
490545
2821499
26053364
392055
19672123
2286591
1723295
8382463
1846080
3779875
179101
14047644
1602944
8675693
2632364
26838792
345695
14319273
255255
957036
318003
10073312
17668534
8526382
34117919
21415231
5476394
15282152
2821500
61776
17811492
4025703
6299473
5029205
140715
925480
42869155
34698604
12248772
2336041
17937049
2120770
1110795
685035
6067385
8809501
1247409
35536652
1931595
15840002
45753
913276
10068827
27986413
3444000
1063610
2009010
8576010
3088855
11122684
96140
15930184
24622648
101025
15343024
11556025
2013021
78606
615495
17937051
594595
514605
16048942
15778147
846951
602253
4828276
29211539
12105658
3088855
12698276
4114144
9774828
6359959
149331
18401207
248865
5449951
7021
109278
24363679
29579578
5035551
17243121
104196
9016377
10154269
6593894
2995126
7263764
231540
20503
1330895
16857718
4591965
14021156
1666224
22528824
252404
4355676
22501978
2648451
321201
10785688
645816
4346826
17437460
668746
24071381
1953
32236427
3616704
5449951
232903
245350
1673534
10637576
906531
13894353
5456555
77421
22421548
3501980
273430
107416
468995
11531998
213531
2310175
465
205761
13611149
5778298
987715
12095819
3741
3659865
21134747
4462577
10600708
10743928
2717945
633375
3347576
3267846
1353834
282376
7130975
5853331
383250
12056502
3399528
7218098
1378
1165100
2089990
1906128
3771631
126252
20817374
5230994
173755
20817371
2509920
5436751
530965
33329520
1101870
10656034
14566500
2212356
41282229
17331324
1146854
371091
3454506
27000217
91378
24798395
6435076
7085730
16793905
392941
5351355
6999409
2051324
1169685
2620905
25500505
1979055
18389075
18834448
18274028
4346826
332520
34698607
405450
8382464
22207772
22287821
9290203
13637249
3288329
780
445096
2965830
1188109
21173773
6784086
26393736
190036
36350592
595
7842779
73920
404550
7474909
3673405
1730729
1490401
30752393
895791
2523381
6932226
10403639
10113750
1844160
5886
433846
1082656
30190325
6154786
34982422
780
1000404
191890
2575315
5064153
6189918
19628241
40675678
29525761
3260181
8329319
5150444
26140059
19974355
9450376
156520
17391
7482645
17425653
7830900
359976
3974790
377146
4931370
2978020
489555
88410
11919400
17003193
1090026
11734588
18147295
544446
345696
665281
10276308
10458448
42149958
17901132
2534625
1821185
4194856
3131253
90100
97461
234270
2802526
2816750
20733575
21945
32896
7078200
539241
33256079
37156496
9058894
8567728
5542785
1459486
72390
10371734
30541008
5636401
29161
284635
1727011
62835
134421
799480
18461922
70125
14037046
928203
18407274
2917320
400065
66795
1010330
8419355
1130256
856085
9528792
4119884
14924911
6846848
69006
8927423
2261001
1314631
7336364
3539130
3840605
9550634
12789150
3782625
6249880
1567334
8826299
15122244
598965
873181
14132582
2269515
1176
20355386
18425480
244650
1658931
23191445
4794156
17449272
7626463
1172746
32776643
4250070
12561
510555
27494811
781875
17829402
1715878
8191127
2736630
6630260
18721
5483015
9598768
2141414
83845
10362626
20050274
5973695
17490650
776881
1037519
6288831
5479705
253
12402686
8251951
26357423
8559451
788139
9664604
38781
14810398
8700704
43753323
2487563
13022853
671061
120
3963520
21480730
20843191
848253
11781
1745646
2290870
36265375
2338203
1613706
33337684
1017451
306153
10600707
12258673
961191
4314452
4640580
1565565
2886003
2898028
8321158
24890033
429201
2286591
5240703
15225
12130272
21321
5671
29525762
16672421
1876953
521730
4128499
54946
18736377
22281145
38346891
14233774
284635
22241110
1300078
36
4707846
1677196
323610
1225
342378
2394766
6525076
4504501
2314476
1186570
15298744
1452659
21186791
6147769
16551378
12753773
19936451
6943400
2628
44883063
20503
4171713
1016025
27495
2269515
14159178
21869181
8822099
10874113
19961717
22710421
21474176
15166274
159329
468996
3158839
18045022
37950
9225659
7970025
3910205
1633528
17049876
2641549
11935
35511
20528023
111156
32324812
5626333
502503
1162050
18822175
979299
4065524
5214835
21219350
22737391
1853775
1410360
84666
9823526
7070680
950131
431985
4238416
936396
39094889
54285
36521320
1425516
1556730
23526365
44118909
4122756
6324346
2106378
2043229
21
5105610
827541
14442622
21321
20285260
234954
6049981
7626
10577698
212226
6102271
34126178
3229610
12482502
111628
15817494
13684293
25543371
5105608
4441687
1828827
495510
1028893
25443406
11354994
64620
15727633
12061414
14496417
279378
54285
3812941
17585412
10217457
11407474
10280842
159895
255969
11724901
22723905
42195
26787531
2628
5112001
12537525
6906184
637885
1124249
6622980
12814451
9867899
890445
7759828
1686365
1832655
15649212
1081
17478822
856086
470934
9204193
12552552
26796
572985
5112002
22261123
15582147
3927003
22589276
3407354
1702935
9046129
358281
336610
11455289
3394315
19885967
642411
11826814
7618653
11023858
6445843
10296
3879504
6655775
226128
13038165
33670
648091
3910204
15537521
13595500
13679062
7771651
31335478
5140820
4646675
44996826
27509645
185136
7962043
463203
27154758
727820
682696
8872577
24882978
836571
26459168
1518153
6022183
14137900
717002
5356
2764775
25693687
14028
16402124
3496690
31836200
424581
4601058
3465026
30439495
952890
4625360
550725
431056
687378
9191326
9459073
28603259
167331
483636
11132119
28173763
510555
6644833
1339066
15
9779251
1855700
12971867
9419968
17272498
10771759
17196174
70125
397386
8082208
1504245
6374233
222111
2893215
1334161
2664586
17243124
23877497
4631446
746031
583740
9894574
10294451
26765579
20425632
1174278
3774377
149331
4859402
4371
26619448
2092035
36889746
20862563
9212777
9118584
16857718
19384647
2898028
168490
247456
17716125
4003035
28678940
3329490
14410393
28263913
23396215
6392098
16511127
1532125
4975435
1604736
3027030
6130250
516636
7556327
2523380
24671794
5102415
13789123
442270
31581368
8443992
16173824
7187734
264627
769420
4570776
91806
720600
5516179
572985
2418899
2485
3083886
889111
12562573
2043231
5218063
867903
13104636
7256143
2543640
299925
966745
13652922
10513402
60378
1350546
2224995
820
18449772
2683086
2362051
4760154
3002475
3662570
2775
7104564
232903
9598769
799479
13475833
96141
17555771
21704160
3240
2800161
768180
20069275
9169901
40186
23259605
1882770
4710915
8859943
5201924
589155
194376
4376361
10702249
35688563
228150
8374277
26106
3818466
1127251
23471520
48828
15576
1439056
278631
3504628
13899625
1103355
2630071
2785979
196251
755835
627760
94830
5894461
10
29926707
10855467
28301517
26053366
13012645
672220
9721843
689725
6921059
157641
1519896
32035998
351
35443980
1097421
8843113
41847511
31557530
3153814
214840
13783872
4267581
16465187
32437475
35528222
2214460
43379940
4429776
1219141
3459765
145530
5459858
19760036
2094081
186355
12022154
1875016
9045
20208896
495510
2929409
7540784
20611406
1288815
6119749
5364450
28441
82621
6018714
31256359
28975070
2720278
703890
8268209
4753
4385241
25329398
7240913
10149762
3828
9515701
5335010
703
16290
53628
11297878
1570877
1699246
1904176
13899626
3219452
14892150
17674479
7029373
402753
3670695
765703
3216914
10600708
19503
1620899
1183490
19204498
26604857
220780
105
17621013
10104758
224115
6692311
17391
3007378
1933561
816003
12976960
1192740
13033061
3229611
8717400
1371996
95266
627759
624403
5846489
2521135
5263389
20910
9943569
4791057
3614015
26970829
15526375
22321215
1959209
126253
5295884
49770
24753
30933035
7517501
1226961
11151001
19365972
1345620
707455
462241
664128
3649048
14106011
16316324
16822896
31668853
9541894
5935734
1375311
6880195
180901
3771630
8588439
84666
3876719
35697014
9823526
12288401
10122748
3296028
7599150
128778
8078190
1209790
7104565
3483480
39342873
38416983
3963519
3311451
39183366
114481
3
13320536
4784871
20706
330078
303810
21030848
1904175
3106275
422740
32622991
926841
9925737
760760
105
210925
1745646
6699627
1445848
250986
74305
1133265
2814378
21258453
14810400
853470
3941028
22174465
129286
3916
36384704
22368009
10944179
2467529
19074571
30980246
2900435
21154256
140715
8729929
10517989
894452
619941
1813560
7447869
862641
17811489
2530124
210
8638245
34598710
8001
1937496
8456326
2043231
11103826
15778149
5299139
5377558
41028200
337431
1773784
8166860
8650717
11026
731444
18644667
2710956
7775595
23540085
1686366
1092981
7459451
799480
1264845
2325245
77028
41537040
1183491
12387748
31430546
28671370
2338203
2554930
3389106
711028
3846151
2041210
1539135
11431369
4769413
22134525
920046
2290870
6921058
527878
3257628
55611
717002
7271389
10720764
7108335
5380839
7556325
484620
43071
1921780
2075703
17084931
3186550
2854854
283881
54615
3565784
11953600
5532801
2646150
25736714
268278
23870587
468996
8485137
4744737
1130256
714610
1565565
625521
23574401
26677852
2864420
18822173
30807315
1293636
25464805
3997378
12748722
10743926
23663752
4305645
370230
28959846
3496689
17449275
4695580
3871152
3804661
2288730
2416699
10902113
36315
64620
22575833
101475
9204193
23608751
6225156
21750302
9912376
3655
156520
31868128
943251
243253
3741
11212477
245350
8646561
279378
2898027
906531
35477668
1051974
20528024
4787963
31812268
11715218
4791058
3741
1139295
28603259
1505980
17889167
1180416
3404744
30988121
7267576
19974354
4887501
13114878
83028
14180472
297606
117855
9511339
23001143
1095938
256686
542361
6399252
2757726
1430586
32857659
4803449
5757918
22194448
3329490
37797154
45653776
3158841
14469506
652652
4915680
45319945
1136278
41609991
191271
11943826
21506953
1155959
10426459
54285
36856
1873080
17044037
1576198
7119649
32744266
1430585
33574902
6883903
8247890
5843070
1142315
10167793
4940796
6710614
40946714
29487352
23436
464166
33714355
371953
20998435
24671795
7195320
176715
9169901
10303527
639014
2340366
894453
850860
438516
794430
19422023
7382401
101025
5201924
18595846
941877
3396921
2541385
6928500
1304920
3632859
60726
3257627
7363201
178503
19722336
84255
7795325
7240914
2936676
2168401
812175
9446030
12027056
191271
6182886
13517397
105111
16459449
14701750
12238873
21737113
9934651
22455046
19422024
3957890
7567993
8902087
4828278
6543152
4462577
5112001
1532124
21063290
2122829
5341545
8423457
232220
688550
3051685
11522398
18461920
34716
425502
161028
382375
1668051
19741178
20991955
38781
375411
11807367
207045
2518890
217470
31756457
10794979
5730803
6619341
11397922
29625742
2089988
38215641
190
12512501
1159003
10513403
37389614
5286124
1608321
2745996
6471003
603351
1547918
12728533
322003
2295151
116886
12397708
3116256
26796
192510
93528
11604150
546535
32640
15492957
5140821
695610
12046684
46575712
11488819
24085262
1112286
3678825
18014999
2973141
14615118
9739489
54285
2122830
2653056
23123395
29165694
19609449
12214151
8767577
175528
22879220
9459073
316410
21945
6449434
2790701
11570452
15056326
1407002
4656
943251
23123395
8822098
21362908
112575
27777322
507528
13145625
5636401
8411150
12663023
1779441
409965
682696
6313680
2288730
1445850
8345655
4045590
1804050
30548826
1070916
10836838
3499335
4561710
920046
18699666
15682797
2185095
5325216
2220776
10679129
12081067
11326417
38320624
1830
1092981
14535
1651653
10976951
2676141
139128
5939179
1084128
5499584
1337430
2434319
1033203
9752733
150426
2710955
1324377
1878891
6976978
719399
15492957
274911
12607729
15761302
4519520
100128
56953
58996
10702248
15727633
5496270
9144226
1595790
20215254
16060274
6105764
21063287
39751972
469964
4456603
19334864
484620
7393933
239086
529935
21323711
472877
306936
951509
419986
6706951
5949524
5788502
746031
848253
2153850
1701090
1781326
1476621
1788886
29918970
232221
6112755
20062941
10674507
27028
13831167
13731417
199396
2628
8617474
18662991
807085
11695862
3111263
10628353
3673403
9563747
10948857
2854855
69006
1953
117855
9376614
5305652
3396921
409965
3252524
1230096
12022153
10100263
4290983
2203950
7494256
24699901
28680
9446030
7571885
2474200
4794156
2934253
25116321
1432278
1027461
26082248
201930
5724034
400065
1969120
1203576
3285766
1583310
1118260
2774189
28550338
10127248
34225393
8534644
52003
106953
13741900
30159251
9161337
937764
23177831
4471544
2902844
4601061
2500964
6674029
1010331
6999410
27628453
5367726
15465137
280875
3952263
15078282
809628
3321
15931
3141271
7199115
9067409
1094460
1567335
776881
229503
1311388
355746
116886
5966782
22028196
1043290
13002445
870540
6644834
34857064
5344813
5942626
3298596
30011870
3039345
2568511
9555005
993345
11536804
97461
36521318
143380
946000
717002
673380
40470
232903
2607186
8138594
378
23096198
18145
76245
13232934
889111
188805
4168826
15398472
8374275
100128
1985028
19892271
8098297
4279275
18914321
741152
2627778
928203
18620248
169071
2931831
23760164
2701650
25708027
38226
33411
6861660
7906274
8166860
164451
39174513
9533158
4546619
1065069
1079713
2197655
2162159
269011
2568511
1000404
2676141
2139346
10145258
17490651
747253
103740
44551
2874003
9329037
4373403
11997649
648091
4426799
3684254
3009831
1745646
1556730
676866
86320
10435594
35158292
13063714
1708476
18231734
17901130
5460
36046
20278892
518671
24699900
39716316
15051
22388077
1853775
8183035
2284451
13831168
4525535
9016378
39033019
37355035
841753
3913003
239086
6363526
15615663
5273127
576200
6081328
3799146
5166504
3394315
16048942
23403053
12199326
2299439
22690208
1050525
6798826
3101295
14535
385002
146611
246050
4735501
2293011
9161336
31517818
10522574
631126
946
29196252
2410110
783125
1185030
5966784
505515
326836
4893754
29165693
5198699
1400300
39404992
24946511
19923824
11929168
40306717
2336041
16276361
11904756
108345
22764372
1130255
2011015
1699246
12844844
2659971
1166628
2552670
2738969
25436267
5829403
2112539
16173825
666435
214185
5070520
296835
35950949
1303305
3730546
6835751
9161337
27014918
4661930
6655775
1711
10499651
131328
1272810
64980
2342529
6313680
270480
4302711
7029373
14544918
1913946
5179371
12090
378885
21238896
2869210
3007378
2288730
8313002
18027004
37892853
1010331
3229610
3219453
1890540
6528690
6850550
445096
6739954
11633074
28384336
24918262
2767126
4095
7732278
1606527
26565
6119749
429201
9885679
7958053
714610
12397708
2308025
9541895
3882291
63190
212878
893115
5312170
6460213
402753
8881004
12224037
16048940
957035
51040
1166628
493521
73153
22542245
12657993
26868108
5970238
3528495
4034220
598965
19986997
3314025
4165939
269011
167330
11628251
336609
849556
2037171
2922153
521731
1832655
19025192
7405474
66066
4388200
1658931
632250
569778
173166
1100385
27524484
10258183
6102268
10011
10902113
5977152
701520
2155925
827540
43510441
2214459
91378
5041900
1840321
22723903
30190325
18474074
53628
97020
382375
4750903
2265256
37962527
920046
15789386
5956426
13512196
73920
12507498
21756896
131328
12668056
79800
9765988
7748016
2102275
8629933
15778147
3670695
15840003
2007004
16591674
4337985
2598060
1957231
1407003
911925
172578
17931062
1565565
9748318
1931593
468028
2727280
662976
424581
5397255
1677194
1574425
30291430
58311
1861485
854777
9485188
4134247
2092035
5446649
637885
3355345
936396
294528
5556110
19728616
1195831
2447578
449825
524800
2727278
2418900
88831
933661
10050885
4717056
913275
24440527
4282198
8018009
4003034
5761315
2220778
17155149
3483480
14685486
877150
16304901
765703
4285128
11512798
1203576
692076
3184026
9850139
603351
15
19019022
601156
45451
9952490
5067335
27680511
22147833
6409990
6857954
154846
6119749
7587458
1066530
2267385
121771
15017937
1225
3255076
12522508
1296855
13574651
935028
25873213
403650
689724
340724
5286126
8778
2104325
9885679
457446
14696327
11165173
10550119
4831385
7513624
11099114
861
11599333
2697001
371953
322003
533028
40693718
30964505
1274406
557040
4831386
43660
28361737
2701648
6271111
505514
4800351
6909902
447930
2804894
3420418
4379320
12890500
82621
2795430
12352932
4585906
10878778
24671792
1428895
5050
5853330
4218060
7529140
35959429
9208485
74691
18105149
4643627
784378
5029205
15997993
1951300
76245
14148537
41082565
10221979
30948768
579426
36589725
7363202
514605
3081
1159001
1821186
3488761
1809753
77815
482652
416328
712221
3854476
38075890
2757726
40603553
8957026
2314476
14426503
9925736
11221950
3201715
13084167
15188312
4220964
10706875
91378
37424212
35637889
13804882
1332528
21908883
2936673
2410109
148240
24531505
9885679
2098176
2762425
27198993
1502511
30628
737504
3381299
372816
519690
4652774
2346
24335766
835277
617716
25265377
97902
11236165
3597902
3695121
13957684
44165886
8889434
13585075
9187039
393828
203203
11383603
14690907
21369448
1174278
216811
3324329
17769735
14642161
5153655
5778
376278
47360763
13527799
12012348
30478518
29257415
2593502
22388079
19709776
214840
12036867
2902845
4680270
5070520
2216564
706265
20791569
2065528
10813573
6292376
586986
1439056
2609470
18443698
451725
10995704
9691001
22831898
5952972
33182723
10808923
1037519
4726275
4062675
5649839
14555704
6835751
1468041
1671706
72390
4405996
8986679
120295
108811
25350754
6200480
7115877
32131
18711899
20502401
26010069
17817461
1370340
662975
11763672
155403
741
10059854
33215314
334152
10637576
10642189
13041
2483106
3994549
2085903
1770021
6370665
13486219
1118260
7599150
146070
2845303
28
6154785
7252335
708645
3678828
565516
1130256
1876953
67161
25751067
15225
394716
210
158766
6630259
13486219
11836543
38980023
2743653
18754745
14979598
30135955
1635335
1830741
1054878
7381
339900
3946645
275653
84255
16207967
5970240
2023066
12204267
1094460
1260076
26205173
6402830
4750903
632250
40002029
21454520
47586
2222886
2474200
4812753
4962825
644680
41055376
368511
12552553
79800
198765
3173940
3402136
131841
27531901
7195321
137026
1668050
28203
1040402
7059402
15442898
10181324
761995
7626
15554247
20778674
2208151
33370354
26038928
8231652
2496495
36095248
674541
1118260
477753
21043823
106030
10846150
6453026
2325246
12627823
561270
4516515
615495
14539524
10508817
21317180
1101870
8138593
2850
591328
6320790
187578
5070520
21428326
10878
17372559
8940105
48828
1904175
7066918
6699628
24310
182106
26106
7890376
129286
13372202
1134771
1152921
2625486
3665278
8830501
1049076
2893215
3885078
32204315
3654456
3509925
172578
8239768
11302631
313236
681528
753378
2456436
570846
23877498
4212252
607753
1669878
562330
507528
5935732
1863414
3189073
583740
34815329
26882771
3227070
17621012
115921
1092981
2708628
1197378
571915
1054878
2866814
15023418
20158071
10808923
24231237
6579376
216811
746031
29456641
1122751
16009307
12482501
19701
3946645
11773375
22307855
10240073
11909638
9088715
18039017
18334536
3123750
13889082
1802151
195625
234955
10790332
25200
16793907
36315
1483502
2616328
581581
799479
3399528
2301585
3194126
392055
771902
11628251
14068857
4878124
2657663
221444
955653
1090026
3465027
2881200
11364526
8337485
30736712
9576874
314821
11812227
70500
6499815
1490401
186355
68265
17061558
12997346
5720652
1396956
510555
77815
558096
18105149
24904147
351541
22994365
15834374
9045
1440752
6787769
28293995
5351356
2838153
45072752
438515
6791453
1596
8001998
16402122
3334653
30345935
10481329
6984451
6338578
969527
6338578
203203
22980805
5552778
13351524
2278045
64980
34948969
7218098
659526
14365
25379243
38503
29356945
1497315
17621012
5134409
5569452
3799144
987715
32268550
6780401
167331
27261
3667985
14005275
11797651
2418899
15221400
9956950
8700705
445096
990
4293914
14615118
19136387
2370753
21572590
4598026
755835
12179577
11026
2019045
12824578
8940105
2222886
35697014
1511191
13191814
9234253
407253
27479982
3483480
9480833
4778685
34076628
18304271
1081
17793591
3446625
28406948
16910017
25557667
3046746
616605
572985
393828
1838403
97020
30135
1911990
352380
363378
16179510
17061556
674540
977900
2738970
8357914
24090
4797251
2267385
12071237
796953
15083772
8489258
1558495
26882767
1103355
11792794
16643561
8534645
14701750
6898753
104196
16413582
2980461
17526157
810901
11108539
60726
15554250
10683751
43212444
331705
162735
9832393
4391164
16173822
1410358
26699773
737505
1143828
2405721
2104326
3350166
21108745
3848925
779376
38503
321201
27502229
8642401
4637535
4522528
465130
5656564
392055
31605217
15225
19590664
25622054
317206
41041
3714173
545490
428274
506521
3901821
5134408
17166864
6984452
2399145
1760625
521731
64980
79003
19900
15811873
18669099
2975580
13366
8613324
69378
12587650
23341522
10176813
93528
4273424
13527797
6295925
18195524
188191
656085
503506
230860
72771
14636752
4984903
1569105
25521932
415416
51681
1051975
5420277
29288021
1378630
21375983
15232435
1020306
3314025
12328093
210
1006071
1233235
20158067
208335
25180145
19093102
13936556
2301585
29664244
3240
1381953
507528
7180154
1155960
1937496
19900
4925091
1900275
6200481
1440751
2005002
180900
465
796953
1747515
16037610
10731
20746456
8646
568711
23327860
3056626
37545431
8817899
11378832
325
12283441
32792841
679195
75466
6025656
157080
1363725
1468041
1146855
2842920
1431
182106
976503
325221
1437360
10481328
6116253
23184635
364231
101926
1001820
4105542
8130526
30322570
8239769
3899028
17231381
25386364
6593895
19068393
2657663
12090899
2573046
14734303
185136
26031715
14750592
15795006
13957683
18449769
219453
3907410
12154910
3239783
3525840
5269881
703
27502231
13889081
1469755
2797795
2083860
9180
11476
4607128
36821060
83028
384126
15907614
5671
1671705
77815
8353826
289941
1220703
8070152
98346
43978116
19198300
87571
15400
3478202
300
3106278
21225866
5489640
3899028
6666725
9329038
18063051
6102271
1969119
3974788
14535
15969722
11657202
893116
18528824
843051
1456071
242556
25743889
99235
796953
2595781
5214834
9419968
29173335
29410606
2449790
1219141
17573550
6784085
2898027
37113406
34191
21336774
222111
2500965
10948857
2458653
3076438
1239525
18626352
27162124
7436296
18207591
110215
1788886
822402
9894575
1178880
8385
3848923
1065070
16736001
5456556
1509453
1646205
9832393
409060
763230
5007029
4887499
4915678
1653471
17578
6991930
237704
19117832
17301899
10444733
6507026
592416
10776401
188805
4947084
17419748
6806205
2532374
3399528
30097153
2713283
106491
12392728
5622981
7168790
1995002
9863459
2061465
3360528
25514789
40109434
17967012
135460
34184035
12392728
1783216
6402829
819840
616605
480690
14324623
87571
114003
4459591
23670630
21082766
1260078
1091503
1098903
24119974
17402047
1431
210925
13852213
729028
6883903
4456605
10435594
11000393
8957026
17728031
75466
20012296
1137786
11865754
71631
1339066
910574
2025078
6204002
1668051
11321659
669902
11146279
339900
64620
3376101
1891
719400
79003
9127126
389403
1216020
3399526
21945
26176219
58996
9363628
1849924
19709777
159330
4862521
26010069
2460871
5048253
3509925
188805
2041209
2407915
2992681
4950231
22234436
733866
18766994
5778
19628241
13941837
6374234
20978998
910575
5829404
1142316
479710
2857243
17260746
13984112
5022864
736290
1057783
2445366
1749383
5156866
9912376
22757626
3785376
292995
7763768
1046181
18736377
1300078
16122676
4720127
6046503
2043230
3272961
5221296
9894574
1027461
23988196
6137256
18261942
36129236
2577584
3854476
616605
4962825
3525840
20521616
6802516
2303731
10642189
24154717
3128751
14148534
11455289
2193465
21264974
18632454
30159249
2256750
2970703
7938118
24685846
13243229
3725085
15716417
8423458
9161338
27665632
20598564
2434319
265356
1565565
747253
2212356
8066133
5367726
17003192
1562027
3938221
23849866
351
4683330
108345
6652127
330078
8231652
6168827
12982057
6525076
1495585
9511338
180901
13789121
224115
4887499
1644390
4900014
2158003
11412249
10326237
7078201
17149293
3214378
11141557
17757816
6281738
761995
12090899
4082653
4887501
28595696
29857122
8547043
1611910
15437343
711028
36325017
39627241
7025625
1165101
13559024
33599495
7428583
8671528
2814377
24119980
10499651
713414
1413721
30876
15509662
3201715
946
40186
4108409
1953
13202088
10181326
1343980
25215644
37128
9050383
8935878
30885862
10818223
233586
1160526
15199337
504510
3655
30174788
1192740
6743626
21528
45120235
2598060
2065528
785630
10804273
9533159
283128
2859636
1203576
6703290
30447298
1869210
1611910
35942472
18105148
322003
2124891
10394518
6670377
930930
10344424
3896234
1119756
4552650
7444009
32124110
18742498
1485225
6417153
1203575
11885248
25251160
31613168
8851525
16373500
2512159
3161352
4950230
7795324
151525
279377
527878
4465
6053460
201930
10339876
77421
28603257
5476395
372815
1953
27413305
1303305
8154739
6271109
1413721
4492503
6105
7176365
628880
119316
11052049
9316
3148795
5556109
21559454
12602707
4071231
6787767
4815856
138075
10077803
22791
9367954
14474887
852165
36461522
424581
5894459
987715
5884164
9783674
14990546
10827529
10181327
35984875
64620
1525131
3927003
15045352
7347860
29150422
9393943
26495555
890445
419070
26970833
1608321
6349265
26038927
6846848
29548820
252405
44987340
33403039
10600708
7958052
6324344
26176221
4226777
13367030
1198926
21625171
5946073
2216564
125250
17102471
1104841
6427904
154290
4168828
8851525
9774829
28557898
470935
1360425
97461
2905253
270480
3496690
2147628
89253
29119885
6424319
7381
4358626
5007030
104196
6615700
2312325
823686
4616240
14453373
5781698
1551441
3118751
32841448
1033203
1056331
807085
13212366
14946775
11671691
657230
14535
1871145
9346324
38075890
42067363
155403
13878542
22488561
13130244
283128
143916
8284484
3706003
19266521
73536
5407116
24875924
781875
21671228
5263388
33354017
1412039
16276361
4288056
44147094
2275911
10449304
20463998
737505
28800246
4950231
31185243
20817374
7978015
199396
19161141
1428895
6572124
3832295
29028383
287661
30956636
3689686
18111164
14534133
9454723
185136
19503130
1542645
8256
34184035
4975433
2795430
2440945
30628
222111
688551
4420851
9788099
679194
1581529
8215429
4613203
57630
143380
1989015
196877
2019044
24133870
7838820
31454339
6105
42333789
15061813
633375
7990003
15576567
7878465
6001377
15559828
4683328
14919449
38715586
7010638
8675693
6622979
10153
3265289
4099815
34191
33166432
5506220
2143485
5182590
27517063
506521
139128
10153
39351742
808356
2743651
1116765
11436149
1308153
9071670
1773786
6637543
1181953
15671596
9007887
3257626
7693002
41146041
26531961
37087566
940506
11014469
3821230
6903
27546745
216152
3051685
9285893
3151305
8276344
16863522
3851699
27598726
8481020
18322428
1526876
450775
10545525
14588097
11948714
17319551
2399145
13517397
17254871
14137898
6292378
15856890
87990
164451
6449434
20024951
78209
55278
229503
25158866
33930
14734301
10001626
5163290
270480
1391944
3098803
15100257
6049980
681528
4656
108811
14028
9033373
6046503
5928844
11014469
3969153
2697003
34010618
16793907
6032601
3638253
3283203
10563902
14453372
1095940
20100
8679860
833986
3438753
1796460
7681238
337431
7482646
16290
1282401
11734586
32445532
831405
35891617
601156
4909409
5070519
93095
16145399
9272969
1898326
14233776
727821
1051975
2137278
10568500
39404992
389403
7954066
33862325
415416
27561591
2627776
3191599
1768140
26010073
9836828
354061
3086370
4305645
1054877
3378699
870540
10358074
493521
2764776
12992250
29996379
1053426
1569106
34333030
1701090
25425
201295
5710509
3627471
1896377
3160
3240
19291359
37337752
7486513
13176409
13611150
14340687
444153
2166321
3136260
685034
3725083
4840714
34043618
96580
17319549
93096
10808922
6193440
3066526
8337483
5932289
19056047
860015
18705780
16402125
10490488
2760075
533028
5562779
298378
32204317
5659929
2310175
13094400
32703820
1255320
7165004
44722138
30830870
16304901
10118249
366796
7138529
695610
2368574
318801
1983036
18675212
6151276
4462577
43809465
3412576
4477526
20145374
7279020
5282873
26750945
9907924
36
1113778
23519501
3022110
4273424
9974807
17925074
4154403
11193544
853471
15727632
372816
3211845
6615703
4197752
3676116
29036000
306936
9272968
743590
11565641
266815
588069
4370445
274911
173755
332520
7720483
3451878
2087945
2096128
2771833
2727278
3301164
4812752
6787768
19653311
1304919
1322751
4320330
27450336
1127250
3571126
1115271
2126952
11924283
5565
2227105
1352190
3404744
581580
276
10986324
339900
3278080
3649051
22703684
14990547
4145760
6147770
5778300
2073664
15237954
17032363
2222886
696790
12090
11637898
30783769
285390
354903
614386
3158841
16730214
1275
781875
15260046
2828629
1653
14480266
142311
1050525
5636402
2254626
9498259
9337679
1444150
66795
1547920
21902266
2586675
2342530
5338277
315615
27066397
75078
683865
1292027
721801
323610
248865
10122748
23912062
90525
7405474
828828
9446029
14196
72390
136503
703890
1945377
13999983
2114595
11860883
28542779
6374235
3882290
33019993
2016
490545
19930136
626640
33936430
36598277
6395674
780625
1802151
5606225
11042648
15254523
9788098
886446
901152
224785
11812226
1770
2835769
11417028
1981045
765703
1779441
16145400
23362024
1595791
7138529
9303138
6216
5977152
4314453
1176
2736630
14458751
46056
7138530
3319176
186966
607752
43365
3983253
18117186
36743866
1760625
3029490
16653
5761315
20920737
2349028
2193465
35908562
2878800
4417878
34865414
18225696
16350617
11720059
1939465
29772179
26284868
276
6637545
1454365
7172578
5407115
2256749
1933561
2364225
