RGBGBRGRB
RBRGBBGGR
RGBRGBRBG
RBRGGRBGB
RGBRBGBGR
RGBRGRBGB
RGGGRRBBB
RRBGGRBGB
BGBBRBBBG
RGGBBBRRG
RRRGGBGBB
BGGRRBRBG
RGRGBGRBB
RBBRRGGGB
RBGGRGBBR
RGRBBGRBG
RGRGBBRBG
RBRGGBGRB
RGGBRGBRB
RGGBRGGRGBBBBBRGGRBRGBRR
RGGRRBGBB
RGBGRBGBR
RBGBRGGRB
RGBGRGRBB
RBGRBGBGR
RRBGBGGBR
RGRGBBGRB
BBRBRGGGR
RRBRGBGBG
RGRBGRBBG
RGBBRRBGG
RGBRBGRBG
RBBGGBRGR
RBRBGRBGG
RBBBRGGGR
RGRRBGBBG
RBGRRBGGB
RRBBBGGGR
RRGRBBGGB
RBRGRGBGB
BGRGBRBRG
RGBGBRRBG
RGBRGBGRB
RRRGGBBBG
RRGBBRGBG
RRGBBGBRG
RBGRBGBRG
RGGGBRRBB
RRGBGRBBG
RGRGGBBBR
GRBBGBBBB
RBBRBRGGG
RBBGGBGRR
RGBGBBGRR
RRGBRBBGG
RGBGRBGBR
RBGRGGBRB
RGBBBRGRG
RRRGBGBBG
RGGGRBRBB
RBBGRRGBG
RGGGRRBBB
RRBGGBBRG
RRBRGBGGB
RGRGRBBGB
RBRBGGBRG
RBRBBGGGR
RGBRBBRGG
RGGRBBRBG
GBBGBBBRB
BGGRGRBRB
RRBGBGBRG
BGGGRBRRB
RBGGRB
RRGRGBBBG
RGGBGRBGGBRBBRRRGGRGBRRRBBBBGRGGGGRRGBRGGGGBBRRGBGGBRGGGGBBBRRRBRRRBRBBGBRGGRRBGBRGBGGBBRGRGGRRRBGGRBRRBRBGRRBGRGGGRRGBBRGGBBGRBRGGBGGGGBBBRRBGRBRBGRGRBRRBGBRGGRBRGBBBGBBBBGBGRBRRBBRRGGBRBBRGGRGRBBBBBRRGBRBBGBRBGBRGGBBBGGRBGRRBGGRGBRBBRGGGRGRGGRGRGRRRGRRGBRBRGBBBBBRGGRBGRRBRB
BBGBGBBRB
RGRGRBBGB
RBGRGRBGB
RGBGBGBRR
RGGRRGBBB
RBGGGGBRGRRGRBBBRRBBG
RBRRGBGGB
RGRBBGGBR
RBRGBGBRG
RRGBBGRGB
RGBBRRBGG
RGRBBGRBG
GGRBBBBRB
RGBRBGGBR
RBGGRBBRG
BGBGBBRBB
RBBRGBBGGRRG
RRGRBGGBB
RGBBRBGGR
RRGBBG
RGRGGBBRB
RGBBRGGRB
RGRBBGGBR
RBGBGGRRB
RBBGBGGRR
RGRGBBBRG
RGRGBGRBB
RBGGGBRBR
RGRGBBGBR
RBRGBGBGR
RBRRGBBGG
RBGGGBRRB
RGRBGGBRB
RGBRGRBBG
BGGBBGRRR
RRGBBGRBG
RGGBBRGBR
RGRRGBGBB
RBBGRRBGG
RGRRBBGGB
RBGRRGBBG
RRRGBGRBGGBBGGBBRR
RBBGRGGRB
RRBBBGGGR
RRGRBGBGB
RBRGGRGBB
RBBRGBGRG
RBGBGGBRR
RGGBBRRGB
RGBBGGRBR
RGGBRBBGR
RBGRGRBGB
RGRBRBBGG
RGRGGRBBB
RGRRBBGBG
RGGGBBBRR
RBRGRGBBG
RBGGRBGBR
RRBRGBGGB
BRBBGBBBG
BGRBGBRGR
RBGGGRBRB
RGRBGGRBB
RGBGGBRRB
BRRRGBGBG
RGGRBBGBR
GGBBBBRBB
RBGRGBBGR
RRRGGBGBB
RBRRGGBGB
RBRGBGBGR
BGGRRBBGR
RGGRBBRBG
RBRGBRGGBGRB
BGRRRBGGB
RBGRGBGBR
RBGRBGRGB
RGGBGRBRB
RGGBBRBRG
RRBGGRBGB
RGBRRGBBG
RRGBBGRGB
RBBGGRRBG
RGGBBRGBR
RRRGBBGBG
BRRRGBGBG
RRBGGBGRB
GBRBGBBBB
RBGBRRGGB
RBGBBGGRR
RRGBGGBBR
GRGBRBBBB
RBBGRRGBG
RRBGGRGBB
RRBGGGGBRBGGGRBBGRRBBRRB
RBBGGRBGR
RGBGRBBGR
RBGGRGBRB
GBBGBBRBR
RBRGBRBGG
RGRBBGGBR
RBGRBGGBR
RBGRGBRBG
RRGBRBGGB
BRGBBRGRG
RRGGRBBGB
RBGBGGBRR
RBBBRGGRG
RRRRGRGRGBBBGBBGRGBRBBBRGGGBGRBRBGBGRBGBRGGBBBGBGBRRRGGRGGRBGBBRRRRRG
RBGGBRBRG
RBGGBGRRB
RBRRGGGBB
GRBBGBRBB
RGGBRBRGB
GBRBBGBBB
RRGGBRGBB
BBRRRGBGG
RGRBGBRBG
RGBGRBBGR
RBGRGBRGB
RGBGRGRBRGBB
BRGRGBBGR
BBRGGRRGB
RBRRBGBGG
RGGBRBRGB
RBGGRBBRG
BBGRGRGBR
RBRBGRGGB
RRRBBRBRBBRGBBBGRRGGGGGG
RRBRGBBGG
RBBBGGRGR
RGBRBBRGG
RGRBGRBGB
RGGRGRBBB
RRBGGRGBB
RGRGGGBBRBBBRBRGGR
RRBRBGBGG
BRGBRGBRG
RBBBGGRGR
RBGRBGBRG
RRGBRGGBB
RRGBBGBGR
RGBGBRGBR
RRGBGGBBR
RGRGBRBBG
RGRBRBGBBGGRGGBRRGRGBBRB
RBBRGGRBG
BGGRRBRBG
RRGGGRGBBBBR
RGGRGRBBB
BBBBBGRBB
RRBGRGBGB
RRGGRBBGB
BRGBBRRGG
RGGBBRRBG
RBGGGBBRR
RGGRRGBBGBRBRGBRBGRGB
RBGRBGBRG
RGBGGBRBR
BGRBBRRGG
RRBBGGBGR
RBBRGRGGB
RBBBRRGBRRGGGBG
RGGGBBBRR
RBRBBRBGBGRRBGGGRGGRRBGB
BRGBRBGGR
RRGGBBRGB
BGRRGRBGB
RGBRBRGGB
BBGRGBRGR
BBGRRGBGR
RBRRGGBBG
RBRBBGGGR
RGBBGRGRB
RBRRBGGBG
RBBGRBGGR
RGBGBBRGR
RRGGBBGBR
BGBRGGRBR
RGRBBGBGR
RRGBRGBGB
BGGBRGBRR
BGRBRBGGR
RGBRGGRBB
RBRRGBGGB
RBGBGGBRR
GBBBGBRBB
RRGBBGBRG
RBRGBGBGR
RGRGBGRBB
RBGBGRBRG
RGRGRBBBG
BGRGBRBRG
RBBRGBRGG
RRRBGBGBG
RGBBRGRGB
BGGBRRGBR
RBBRGRGGB
RBBGBRRGG
RBBBRGGRGGRRBBG
RBBRGBRGG
RGRGBRBBG
BRBRGGGBR
RGGBBRGRB
RBRGBRBGG
RGGRBB
GBBGBRBBB
RBBGRG
RBGRGBRGB
BGRGBRGBR
RBBGGRRGB
RBRBBGGGR
RRBBRGBGG
GGBBBRRBB
BGRBRG
RGBRBGBGR
RGRGBBRGB
BGBRBGRGR
RRRGBRGGBBGRBBGRBG
RBRBBRGGG
RGGRGBRRRBBBGBGBGGRRB
BBRRGRGGB
RRBBGGRGB
RBGGGRBBR
BRGRRBGBG
GBRBGBBBB
RGGBRBGBR
RGBGBGRBR
RGRRGBGBB
RGBRRGGBB
RBGGRBBGR
RGRBBRGBG
RBRRBGGGB
RRBGRBGGGRGGRBRBBGBBR
BGGGRBRRB
BRGBRBGGR
RGRBBGRBG
GRBGBBRBB
RRRBBBGGG
RBRBGGGBR
RBGRGBBRG
RGBBRRBGG
RBBRBGGGR
RRRGBBBGG
RGBRBGBGR
RGRGBRBBG
RGRBBBGGR
RGRBGBGRB
BGGBBRGRR
RRGBRGGBRBBBRGG
RGGRGBGBGBRRBRRBBGRRBGBG
RGRBBGRGB
RGBRGGRBB
RGGRBGRBB
RGGRBBGBR
BGBGBRRRG
RRBGGBRBG
RGRRBBBGG
BRBGGBRRG
RGBBRGRBG
RRGGBRBBG
RGBGBGRBR
RGBBRGGBR
RGGBRBRBG
RGGBRBRBG
RBGGRBBGR
RGRBGGRBB
BRRGGBGRB
BRBRGRGBG
RGBBRGBRG
RBGBGRGBR
RBRGBGBGR
BBRRGBGGR
RRBBGRBGG
RGGBRGBRB
RRGGBRBGB
RRRGGGBBB
RBGBRRGGB
RGGRGRBBB
RGGRBBRRBGBG
RGRBGBRGB
RRRBBGGGB
RGGGRRBBB
RGBGRBRGB
BRRBGGBGR
RBGGRGBRB
RBGRGRBBG
RGGBRBRBG
RGBGRGBBR
RGGBBRGBR
RBRBGGBRG
RRBGBGRGB
BBGRRGBRG
RGBGBBGRR
BRGRBBGRG
BGGRBRRBG
BRGGRBRBG
RGGBRRBBG
RGGRBBBGR
GBBBRBBBB
RRBGRGGBB
RBBGGBGRR
RBGGRBGRB
RBGBBGRGR
RBRGRBBBBGGRRRGGGGRBGRBB
RRRGGBBBG
RGRBGGBRBGBRGBGBRBRRG
RGRGRBBBG
RBGBRGRGB
RBGGRRBGB
RRBGGBRBG
BBGRBGRGR
RBBRRBRBGRBGGRBGGG
RBGGBRBRG
RRBBGRGGB
RGGBGBBRR
RBBGGRBGR
RBGGRRBBG
RGBGRBBRG
RGGGRBBBR
RGGBBRBRG
RGRGBRBBRBBGGGBRGR
RRGBRGGBB
RGBRBGBGR
GRBBBBGBB
RRGRGGBBB
RBBRGRGBG
RGBGBRBRG
RBBRRGGBG
BBRGRRBGG
BGRRBGRGB
RGRBBRBGG
RGRGBGBRB
RRBGBGRGB
RBGGGRRBB
RBGBBRGGR
RBGRBRBGG
RBBRRGGGB
BRGBGBRRG
RBBRRBGGG
RGGRRBBBG
RRGRBGBBG
RBRBGBGRG
BRBGBRGRG
RBBRGBGGR
RBGBRGBRG
RGBRRGBGB
RBGGBBRRG
RGGGBBRRB
RBGGGRBRB
BRBRBRBGBRGBGGRBGGGGRBRR
RGRRBGGBB
RBGGBR
RRBBGBRGG
RBGGBGBRR
RGGBRGBRB
RGBBGRGRB
RGGBRRGBB
RGRGRBGBB
RRGGBRGBB
RGRGBRBBG
RBBGBRRGG
GBRGBBBBB
RGGRBRBBG
RBGBGRRGB
RGBRRBGBG
RGRRBGGBB
RBBGBRRGBRRGRRBBGGBBGGGR
BRRGGRBGB
RGGBRGBBR
RBRBRGGBG
BBRRBGGRG
BGGRRRBGB
RGBRRBGGB
RGRGBBGRB
RBGGGBRBR
RGRGBRGBB
RGRBGBBRG
RBRRGGBBG
RBRBGBRGG
RBBBBBBGG
GBGBBBBBR
RRGBRGBBG
BBGBGRRRG
RBBRGRGGB
GBRGBBBBB
RBGGGRGBBRRGRBB
RBRGBBRGG
BBBRRGGRG
RGBGGRBRB
RBGGGBRRB
RGBGBBGRR
RRGGRBBBG
RGRRBBBGBBGRRRBBGGRGG
RBGRGGBBR
RRBGGBGBR
RGGBRBRBG
RGRGBBBRG
RBRGGGBRB
RBGGRBBGR
RRBGGBBRG
RBRBRGRRBRRGGGRBBGGBGBGB
BGGGBRRRB
RRBBGGGRB
RGRGBBGBR
BRBGBGRRG
BGGRRRBGB
RGBRBGGBR
RBGRBRGGB
RGGRBRBBG
RGGBRBBRG
RBGBGBRRG
RBGRGRGBB
RGBBBGGRR
RBBGGRBRG
RRGGBBGRB
RRGGGBBRB
RGBRBRGGB
RGRRBGGBB
RRBBBRGGG
GBBBBGBRB
RGBRGGBBR
RBBBGGRGR
RBGBGGRRB
RGBBBGRBBBBBBBGBBBGRR
RGBRGBGRB
RGGGBRBGBRBR
BRGRBGGBR
RGGBBBRGR
RBGRBBRGG
RGBBRRBGG
RBRGBRGBG
RGBRBGGRB
RGBRGRBBG
RRRBGGRBGGRRGBGRGBGGRBRRRBBGRRBGBGBBRGRRRGBRGRBRGGRRGRRGBBGRRBBBGRGBBGRGGGGRGRGBGGBRBBBGRGBRGBBRRBRRGBBGRGRBGGBGBBRRRBGGGGBRBGRBBGBRRBRRRBBRGBRRGGRBGRGBRBGGGRRRRGBGRRBRGRBBRGGRBBGRRBGBGBRBGGBRRGBBGRBGBGBGBGBBGGBBRBGRRRBBGGRRBBGBBGBBBBRGGRBBRBGRBRBGGGGRRBRBRRRGGGRRGGBBBGRBG
RRBGGGRBB
BRRBRGGGB
RBGGRBBGR
RRGBBGRGB
RRBGRBGGB
GBRBBBGBB
RBRRGBGGB
RGGBRBGRB
RRGBBGBGR
RBGGRRGBB
RBRBGGRGB
RGGBRRBBG
RBGRGB
RRBRGGGBB
RRGGRBBBG
RBBBGGRGR
RBRGBGRBG
RGRGBBRBG
RBRRGGBGB
RBRBRGGGB
BGRGRRBBG
RGBBRGBGR
BGBGRRRBG
RBGGGRRBB
RGGBBRGBR
RRGBRGBGB
RBBRRGBGG
BBRBGRRGG
RGBBGRBGR
RGRRGGBBB
RRBBGGRBG
RBBRBGGRG
RBRGGBRGB
RGGBBGRRB
RGBRBRGGB
RGRBGBRBG
BBGBBGRBGBBBBRB
RGRGGBBRB
RGBBRRBGG
BGBRRGGRB
RGBRRGBBG
RBBRGG
RRBGBGRGB
RGBRRGBBG
RGBBRRBGG
RBGRGGRBB
RRBRGGBGB
RBBRRGBRRGBRBBGBGGGGR
RBRBRGGBG
RGBBGGRRB
RRGBGBBRG
BRGRBGGBR
RGBBGRRBG
RGBBGRRGB
RGRRBGBBG
BRBGRRBGG
RRGRBGBBG
RRBGGBGBR
RGBGRGBRB
RBGGRB
RBGRGBGBR
RRRBBGBGG
RGGBGRRBB
RGBGRBGRB
RRGBRGBBG
RGBRGRBGB
RBRBBGGGR
RBGRBGGBR
RRBGBGRGB
RBBGGGRRB
RBRRGBGBG
RGGBGRBRB
RGRBBBGRG
RRBRGGGBB
RGBBRGGRB
RGGRRGBBB
RGRRBGBBG
RBBBGGGRR
RBRGGBBRG
RRGGBGBRB
RBGRGBBGR
RRRGBBBGG
RGGBGRBBR
RGRGBBGRB
RBBGRGRGB
RGRBBBGGR
BGRBRGRBG
RBBGRBGGR
RBGRGB
BRGRRGGBB
RGBBGRBGR
RGRBGBBRG
RGGRBGBRB
RGBRGGRBB
RBGGBRBBGRGRRGBBGR
GBRBBBBBBBBRRBBGGBGBR
RGRGRGBBB
BGRBGRRGB
RBGBGRRBG
RRBRBBGGG
RRBGRGBBG
RGRRBGGBB
BRBRGRGBRRGGBGB
RGBGBBRGR
RBGRGGBRB
RRRGBGBBG
BGGRGBRRB
RRGBGGRBB
RBGRBBGGR
RRBRGGBBG
RRRBBGGBG
RBBBRRGGG
BGRBGRBGR
BGRBRRBGG
RBGGBRBRG
BRGRBGRBG
RRBBGRBGG
RBRGBRGGB
BGRRGBBGR
RRBGGRGBB
RGBRRGBGB
RGGBBBRRG
RBGRRBGBG
RRBBRGGGBGBRGBBGRRRGB
RGBGBGRRB
RGBBRRBGG
RBGRRGBBG
BGRBBRRGG
BGBGBRRRG
RGGRGRBBB
RGBRBBRGG
RBGRGB
RGBRGBRBG
RBGGBBRGR
RGRBBBGRG
RBGGBBBGRBBBBBB
BRGGBGRRB
RBRRBGGGB
RGBGRRBGB
BGRGRGRBB
RGGBBRGRB
RBRBGGBGR
BRRGBGBGR
BGGGBRGBRRRGBGRGRBBBRBRG
RBRGBGBGR
RGGGBRBBR
BRBGBGRRG
RBBGRGBRG
RRGGBRGBB
BBRBRRGGG
RRBGRBGGB
RGRGBBGBR
RRGGGBBBR
RGBRBGRGB
RBGRGBBRG
RRBRGGBBG
RBBBRRGGG
RRBBRGGBG
RGBRBGGBR
RRBBGBGGBRRG
RBGGRBGRB
RGBRRRBGGRBBGGBBGR
RBGGBGBRR
RGBRBG
RGGGRBBBR
RRGBBGRGB
RRGBBBGGR
RBBGGRBGR
RGBRGB
RRGGRGBBB
RGBBGRGRB
RRBGRGBGB
RGRRGBGBB
BRRGRGBGB
RBRBBGGGR
GBGBBBBRB
GBBRBRBBG
RRBRGGBBG
RGBBGRGBR
RBRGBRGBG
RGBGRBBRG
RBGGRBBRG
RBBGGRBGR
BGRBGGBRR
RGBRGGBRB
RGBGGBRBR
BBRBGGRRG
RRBBRBGGG
BRRBRBGGG
RBGBBGRRG
BBRBGGRRG
RGBRBRGBG
BRGBRGRBG
RGRGBGGRRBBBBGR
RGGBRBRGB
RRGGBBGBR
RBRGBBRGG
RGRBBGBRG
RBRGBGRBG
RBRRGBBGG
RBRBGGRBG
BGRBGGRRB
RRGBBBGRG
RRGGGBGRGRBBRGBGRRGGBBRBRBB
RRBGRBGBG
RGGRBBBGR
RGRGGBBBR
RGGRBBRGB
RBBRBRGGG
RBBGGGRBR
BGGRGRBBR
RGBRGBGBR
RGRGBGBRB
RGGRRBBGB
RGRGBBBRG
RBBGRBGGR
RRBBGBRGG
RGGRRBGBB
RGRRBGBGB
RGGBGBRRB
RBGRGBBRGGGBRRB
RRBGBBGGR
GGBRBBBBB
RGGBRBBRG
BRGGBBRGR
RGGRBGBRB
RRRBBGGBG
BBBGRRRRRGBGBGG
BGGRBRBGR
BRGGGRBBR
RGRGBGBBR
RRRGBGBGB
BRGBBRGRG
RGGRBRBBG
RBRRGBBGG
RGBGGRBRB
RRGGGGBBBRRB
BBGRGGBRR
RRGGRBBBG
RRBBGBRGG
RGBBRGGRB
RGBGRGRBB
RGRBGBGBR
RBGRGBRGB
RBBBGRGGR
BGGBRBGRR
BRGRGRBGB
BRRRGBBGG
BRGRGBBGR
GRBBBBBBG
RGBGBBGRR
RBBGRBGRGBGRGRBBGR
BRBBBGBBG
BGGBBRBBB
BBRGRGBGR
RBBBGRRGRGBRBRGGRBGRBGGB
RRBGGBRGB
BRGRRGGBB
RBRGRBRBGRGBGGB
RBGGGGRGRGRGBBRBBRRBB
BRBGGRRBG
RGGGRBRBB
BRBGBRGRG
BRBGRGRGB
RRGBBGBRG
RBGRRGBBG
RRGRBGBBG
RGGBRRBGB
RGRBGBRBG
RGGBRGRBB
RBGRGBGBR
RRBBGBGGR
RBBGGGBRR
RBGBGRBRG
RGRRBBGBG
RGGGBBRBR
RGBBGRGRB
RBGGBBRRG
BRGRRBGGB
RBBBRRGGG
RGBBRBRGG
BBGGRGRGRGBRRBBBGR
RGGRBBBRG
RGGBBGRRB
BGBRRGGRB
RGGGRGBRRBRBBRBBGG
RRGGBGRBB
RGGBBBRRG
RRGGRGBBB
RGRBGRBGB
RBRBRGBGG
RBGBGRBRG
RGGBRGBRB
RGGRBBGRB
BBGRRBRGG
RRGRBGBBG
RGRGBGBRB
RGBGBRGBR
RBGGBRBGR
RGBBRBGGR
RRGGRBBGRGBGRBB
RRBGBGRBG
RGBGBGRRB
RBGRGBGBR
BRBBRGRBRGGBRGG
RBGRBBGGR
RBGRBBRGG
BBRGRGRGB
BRRRGBGBG
GGBRBBBRB
RRBGBBGRG
RRGGGBBBR
RGBBGBRRG
RRGGBRBBRBBRGGBGRRGGB
RRBBGRGGB
RBRGRGBBG
RGRBBG
RRBBGGRBG
RGBGBGRBR
RRGGGBBBR
RBRRBBGGG
BGRRRBGGB
RGBGRBGRB
GBRGBBBBB
RRRGGGBBB
RBBGRGGRB
RRRBBGBGG
BGRGBRBRG
RBGGBRRGB
RRGGBRGBB
RGBRRGBGB
RBRGGRBBG
GGBBBBBRB
RRGBBGGBR
RBBRBGGRG
RGBBRGBRG
RRBBGRBGG
RGBGRBGRB
RRGBGBGBR
RGGRGBBBR
RBRRGBBGG
RGBGBRBRG
RBRRBGRRGGGRBGGBRRBBBBGG
RBGBGRGRB
BRRBRGBGG
RGGBRBRBG
RRGBBBRGG
RBGBGBRGR
RRBBRGGBG
BGBBRGGRR
BRGRGBBGR
RGGRRBGRGGBBBBR
RGRBRBGBG
RGGGBRBBR
RGRRBGBGB
GBRBBBGBB
RRGBBBGGR
RBBGRBRGG
RGGGBRRBB
RGGGBBRRB
RBRBBGRGG
RBRGGRGBB
RGRGBBBRG
BBGRRRGGB
RRBGRBRGRBGBGBBGRG
BGBRGGRRB
GGBBBBBRB
RGRBGRGBB
RGGBRBBGR
RBGGRRGBB
BBGGBRRRG
GBRBBBBGB
BRGRBGRBG
BBGRGRRGB
RGRGBBBRG
RBRGGBBGR
RRGBGBGBR
RBRBGGBRG
BGRRRBGGB
RBGGRBRGB
BRRGRGBGB
RGGBRGBRB
RGBBRGGBR
RBRGRGBBG
RBGBBRGGR
RRGRGBBBG
RBGGGBRBR
RBGRRRBGGBBG
RBBRGRBGG
RGRGRBBGB
RBGRBRBGG
RRBBBRGGG
RBGRBBGGR
GGRBBRBBB
RGBRBGGRB
RGRBGBGBR
RRBGBBGGR
RBBRGGRGB
RGGRBBGRB
RBRGGBGRB
RGGBGRRBB
RRBGBGBRG
RGRBGBRGB
RBBBRGGRG
RRGGRBBBG
RGBGRBGRB
RBRBBRGGG
RRGGBBGRB
RRRBGBBGG
RRRGBBGGBGRBBGR
RBGBBGRRG
RGGBGBRBR
RBRGRGBGB
RRBGRBGBG
RBGBBGRRBGGR
RGGRBGBRB
RRBGRBGBG
BRGRGBRBG
RBGGRBGRB
BRGBRRBGG
RBRGBGBGR
RBGGGBBRR
RGBBBRGRG
BRBGRRGGRGGRBBB
RBBBRGGGR
BRGBRGGBR
RRBBGRBGG
RGBBRGGBR
RBRBGGBRG
RGBGRBRGB
RGRBGGBRB
RRBBRGBGG
RBRGRGGBB
RGRBGGBBR
RBRGBBGGR
RBBRGBGRG
RBGBGBRGR
RRBBBGGGR
BGRRBRBGG
RGGRBBRGB
RGBBBRGGR
RGGBGBRBR
RRBBBBRBBBGGBGRBBBBGGBBB
RGGRBBBGR
RGGBRBRGB
RBBBGRRGG
RGBRBGBRG
GGRBBBBGBBBRGBBBBRBBB
BGGBRGBRR
RBGRGB
RGGRGRBBB
RGGGRBRBB
RBGBRBRGG
RRBBGBRGBRGRGGB
RRGBRGBBG
BBGRBGBBB
RRGGBGBBR
RBGBGRBGGRGBRBR
RBGGRBBRG
RRGGBBBGR
RGGRBRGBB
RGBRGRBBG
BGRGGRBBR
RGBRGGBRB
RGGGBRBRB
RGRBGBGRB
BGRRRGBBG
RBGGBRGRB
RRGBGGBBR
RGGRBBBRG
BGRRBRBGRBGG
RRGBBGGRB
RGGRBBRGB
BBGRGGBRR
BRGGBGBGRGBRRRB
BRGBGBRGR
RRBRGGBBG
RBRGBBRRBBGRGGG
RRGRBBBGG
RRBBRGGGB
BGGRBRBRG
RGGGGBRRRBBB
RBGBGBRRG
RRGGBBBGR
RBGRBGGBR
RGGGBBBRR
RGGRBBGRB
RBGGRB
RRGBBGRBG
