722329719
513547587
691817733
357768074
983019354
373495265
736494138
179075801
513295992
570368875
528455776
605712215
844647432
791469088
472745309
363239328
488200658
480339823
523558248
601566466
386823773
721439738
866163119
845046730
957400094
675527413
561368103
698292938
299664793
310389209
932748590
609031744
664759593
357768074
238415843
593540160
911642211
350135041
188454951
836648232
250390065
656059066
766499032
367328228
419550783
951702750
373224697
229989364
296408820
50293989
230
783589651
82927762
483454954
513395052
615135429
385869214
724273468
323158044
716947807
996417628
84649230
912078505
564556102
4466156
826924
948054687
980832483
528455776
454326188
472168787
575328265
361055375
359984061
150439106
138009456
799521542
602946651
547422009
517839621
104475303
790751482
472991982
5347325
782500187
218954205
435054159
591604454
698481953
848019
357768074
912078505
993793111
196
926326811
653360551
691817733
719992349
323866523
870836344
412432376
849183171
889079533
561368103
511712262
993793111
418929266
60171782
691791063
970370
557992600
128253684
927869606
20569534
389164658
777701965
548100668
625885999
678146370
77469834
275736477
22652939
629074680
764013448
300478560
718518979
113744586
840141908
637443595
10060944
819364613
214107664
503137234
724273468
408449985
861232921
104208855
560263327
558340856
230
341479266
634908066
107709788
356532348
161630306
55691775
100043478
601157791
502423439
943919180
543440100
357768074
515763780
944050580
412833737
252780246
933073723
209279571
74335679
949065756
670395103
385089492
157844509
289625453
982101460
976910380
94261214
732034598
996417628
970370
540315810
732351435
987016902
946069703
3059934
268623579
230
959335309
373224697
191304181
296096048
95594811
299179594
442375638
47067232
658117275
613383861
533135130
218954205
613314280
502177013
359984061
692015267
307939020
139841309
606909796
859078496
511926131
253885999
98617772
826924
7714126
740132795
134020086
870354039
724273468
916980433
365294996
357768074
256177778
601157791
740565930
137526531
133446674
218091964
856360888
628634541
133446674
165335421
716883168
100043478
943919180
844647432
452621706
864050291
918307600
493357039
572297233
891559698
923683844
155899539
1296071
545740651
409950209
339598464
124693389
357768074
84514962
267054425
897041776
631238744
836196447
559918408
584634118
970370
413117596
867059986
691817733
275783205
884581125
753684633
755273190
491401942
755989570
558340856
230
357768074
371605161
201075458
124214469
180218619
559730557
583268554
709378845
230
579964082
543879549
841802892
863443321
428987508
101692687
867059986
357768074
945067502
168010794
386823773
551763075
344944632
315530879
399586573
125353021
716947807
100043478
426814692
697706533
491401942
572689244
852070623
129318430
836365835
435628074
53908264
869847657
323158044
836365835
195868650
413031431
321889883
428765676
874907899
185985445
485919480
8455813
831062640
228694693
345919534
169415080
463374171
854116179
690773375
530438771
305022137
357768074
799606726
221900280
825163686
625885999
675153411
486625292
796578273
796578273
350573802
451317318
796578273
830088136
157844509
571934714
171394928
331659226
641989489
513547587
69087171
735257435
601157791
386823773
15207280
728637586
543879549
386823773
97790997
325311890
943919180
43197944
538865810
561368103
331234564
460548045
50358625
601157791
159646096
386823773
104135773
804296898
297028383
723201387
850389524
157551517
844647432
799785592
599854204
408444447
272559645
301542521
639716788
36284737
997225633
230
564741365
363270428
261307542
101692687
382459886
970370
357464154
296434849
208746206
247332971
114981544
305022137
911642211
441622739
666969325
735575692
385089492
910549444
561368103
337998796
31885581
280829004
724273468
240125892
308604620
153537013
491401942
230
543879549
515208243
473311038
312439725
414438352
51558734
481118319
372655919
911642211
295248571
543879549
874907899
890455015
188454951
643870584
100043478
305022137
854580139
836365835
415188837
584245029
402586145
230
665443693
227245541
203376111
666413536
387680832
643404342
849013230
933101749
824354742
493136025
618936444
117816049
58705302
57060554
584634118
354713850
996417628
339598464
163915155
942409292
100043478
201
367536839
543879549
894715921
856895398
416546873
867059986
101692687
68018331
188454951
508152721
305022137
548100668
108752309
994092131
591970883
151025156
703198800
70390265
625248083
357768074
195628682
912078505
420167729
315530879
616540156
315530879
357768074
624623734
848019
724273468
718518979
847272315
691041496
523930201
567896956
962135611
899948545
432919105
248282333
642030462
164011629
945067502
222034350
251518551
494813976
911642211
573426082
143180514
869847657
30692602
968218001
472168787
929502563
774888697
561368103
417638868
292820297
271500878
114981544
797219444
707102058
985048791
354649948
851947974
118414718
53060236
287919115
264937927
111467572
43197944
677606069
548100668
987016902
106742553
783589651
80634422
143824998
133446674
577695842
605712215
223302111
454326188
357483178
103510196
957696445
987016902
945067502
65540367
605712215
15053368
157844509
403704919
230
249135898
536920592
970370
588568119
424288970
141599555
970370
977154557
561368103
860005110
160628908
289962451
103645864
314380099
595098139
130043268
562927474
787761897
312439725
753704071
257753220
945067502
970370
13786829
860454215
354649948
757355841
423721198
463883015
158476286
407948213
835644765
300478560
923251475
572297233
881737326
853883372
716947807
862490259
719992349
662267034
118414718
350310764
100043478
100043478
871135102
968980234
69598472
632078249
911758199
17046823
695369940
403704919
43197944
300478560
640788251
506983850
224466654
305062812
273858209
798684520
100043478
181781079
632905490
218954205
724273468
251052133
571861626
570817442
116289462
426784335
82943733
191304181
653932869
106742553
371492270
113499392
575251302
596735158
524296432
455196611
206672571
601157791
378114758
785375389
528455776
41635522
860460988
454326188
195868650
168058665
494414157
251052133
617374504
736595244
862043902
286189057
301673959
246688400
258440608
31994498
718518979
26433037
103510196
851044360
377515464
691426092
113744586
523081565
894715921
195616900
201090282
164513352
609031744
583490072
454326188
31885581
454326188
386823773
483280846
783589651
902079649
131057388
85123023
365093994
790111445
60442080
455720896
52537603
918157971
92684515
555507992
534005195
377404286
656418307
820726707
618936444
669234652
43197944
242832669
118414718
357768074
350965138
51096526
657237141
57594967
567896956
897775141
387504118
259940230
558340856
948054687
181862863
931909921
351104254
195868650
980832483
367179133
716947807
691817733
611957454
970370
834955138
911642211
277187354
142908392
975325437
532343911
927869606
241573896
296518574
724273468
215
207113059
945067502
776631956
948054687
172810395
781501355
994092131
71653115
424764632
776345751
980832483
902079649
771237797
670408859
917365273
724273468
230
900060385
503426191
391204827
735257435
288893457
118414718
755273190
13840683
751010367
945067502
820651437
970370
72765440
118414718
300478560
989484399
459410125
874907899
646923366
240216688
103510196
43197944
536701272
133056529
363239328
740857248
613988447
970370
351104254
31994498
455483341
570802590
677218315
193124895
282027035
339598464
463374171
601415729
262746167
830821008
927869606
261307542
953414868
728358091
586226277
559141643
491401942
948054687
617374504
692015267
577246382
18936821
100043478
768421952
400066533
969202138
957285094
510862271
203776613
718518979
798883044
695175576
543879549
305786164
157551517
941270072
724273468
874907899
394055296
609469929
885820280
594641519
668825620
865758802
118414718
230
516350512
90405975
581465381
452621706
364715305
921259326
305022137
465041277
15123687
853173801
101444736
95084767
484583647
281931704
605712215
865564958
495412632
2452746
485506897
681222844
667039668
785023801
223302111
403704919
165155039
117613793
993656153
203900678
317721840
522153679
529665147
836408418
230
398112690
653594909
795525919
850519788
623449046
838058723
473000395
933073723
997421455
3
652810395
891187158
143768119
912078505
660686378
543879549
773039629
118414718
888957518
534435458
605712215
255665919
437063455
508152721
866500423
230577181
320649930
208746206
615758515
531802026
829744001
945067502
297728369
477087977
194117500
718518979
762697304
235903001
218954205
970370
270881947
454326188
113744586
518576967
558340856
315530879
963391140
520250341
854451184
328276722
29739258
141937903
385089492
718518979
863752970
857578412
955561791
567896956
572297233
230
157261637
876349670
769945137
332396167
223302111
676214276
34036209
38898087
31994498
785777332
413176153
872264982
577987445
718518979
348180222
324057871
894715921
52546156
991910514
537647090
860406769
417221964
378114758
802788147
109224846
74993079
6105426
869311371
188454951
158217106
113744586
84296116
348180222
405914393
888913652
888913652
657237141
704161080
565332944
191304181
927869606
724273468
155249935
698481953
985288786
45265977
170010127
394224088
189805139
37348664
736494138
894715921
370973623
571861626
196
251052133
746584431
19688484
118414718
454326188
712727761
375924010
172810395
260409518
35378454
736494138
953165351
255915995
970370
351104254
551763075
625885999
357768074
736494138
446561620
870354039
257753220
665246768
85123023
469419954
523687509
558340856
643393803
836648232
820059814
137215493
805073699
643774059
252181229
201412632
317721840
223302111
545740651
275892409
499515053
230
515205024
882063320
567395991
338662823
39393718
933073723
345919534
41814502
985739952
407027865
195868650
660686378
866578554
300478560
332450456
867059986
491401942
280829004
752195530
718518979
696605869
496103456
398621490
517615693
953390438
53873947
856907954
386823773
579573847
294003095
195868650
726630242
581390599
328074843
790751482
101692687
266157978
180961847
631238744
629074680
970370
265735790
857649861
904728031
889748790
915155848
855383319
712319581
754506109
373475795
65110082
574431995
789733099
948054687
112440211
330702574
751010367
400147360
15102260
31885581
264538938
574825915
156691185
980569480
852917593
188454951
196
230
928094122
172810395
445724448
237798283
431883689
292164948
280736706
199406528
619669443
247831400
684807519
820726707
230
558340856
958222608
987016902
868452816
230
222676018
593540160
932639693
85908677
419371232
934677494
69598472
643393803
735289077
790832279
938931
506561781
531608420
365514608
103510196
470290393
512353998
432174363
151237670
678456003
625885999
115019273
911642211
118414718
393395519
963223756
820748177
66565548
673674596
172810395
811787862
837531190
572210276
47067232
957328423
230
386823773
172810395
213012773
755357856
297258948
774799849
987016902
543440100
625885999
984833458
848647327
550460128
341124191
365093994
86291459
289949219
249063923
892300808
121285310
85531245
195178995
644646174
729312040
600545839
529758933
850489917
282783642
796825348
673674596
56418279
429999923
629074680
992339718
558340856
814171754
648624866
365093994
339598464
491401942
700233656
202277963
201582740
362401016
200573566
5
196466547
468133525
584634118
864479754
365093994
593540160
797219444
344944632
618936444
605712215
189805139
942042325
601157791
135182678
950238535
195868650
646482353
589891592
149007862
378114758
718518979
574431995
665452224
798400963
912078505
724273468
830821008
684833636
996804171
47535992
954747592
426814692
874362551
230
424344685
972571740
157844509
230
266717868
100043478
173292255
223195315
478533779
617374504
104146575
232643950
230
568806845
332773241
572297233
683107792
368406454
69278338
692926559
94779228
24193216
183644668
695847289
850389524
134154704
296487905
989615303
522885457
170010127
836648232
759509920
559838705
987016902
635890567
365093994
959335309
615391890
865347813
572297233
991607671
945067502
230
690229437
323158044
212319835
901248335
939653032
94261214
74013443
371190659
577915412
556017520
629183064
462388096
100043478
385041584
932003416
115327624
704103986
897266395
378114758
192938242
353981816
903948117
218954205
416327102
6105426
529758933
351104254
778111874
947031378
618936444
230
927446915
579588333
558340856
746783426
903004861
695155656
744787626
339598464
296305556
679188517
904007485
546970972
53908264
113135735
357768074
996417628
992197290
169337958
452621706
118241455
993793111
975808717
811052615
691817733
43197944
351104254
265874032
582352500
240125892
109769034
621302534
373224697
899393284
625885999
948054687
100043478
626003609
230
819063980
629074680
257909730
528455776
847640657
454326188
62364715
411553791
467679499
94242540
320715004
637246762
94261214
870971185
820726707
798883044
353981816
126238823
543641137
664385444
491401942
255566960
551388497
264937927
141538199
782805479
30427495
534432913
365294996
41845241
926438769
318973707
79778762
844647432
963736511
264937927
653626135
196
237818768
896024212
646482353
993793111
491401942
652939126
506799590
556118373
681736623
357768074
172810395
116289462
112891502
339165663
970370
101692687
230
691817733
633409433
987016902
290521747
491401942
357768074
986540442
605712215
988464761
970370
836365835
523558248
887955524
272781729
277346647
54554943
146008675
703793089
109201024
724273468
712603847
98533899
477336343
543879549
928692582
268406452
602722387
28103204
249063923
68265677
895516255
952940659
189805139
417221964
403704919
981767419
118414718
555941703
191880170
728637586
325215734
173058458
168919776
47024250
67240326
188454951
816732436
351104254
710667759
893358026
654529865
477527908
189805139
970370
670507081
230
62048945
529044051
262661792
794196713
228512454
789415970
765792592
463374171
4219
365093994
718518979
812251208
195766645
589891592
469802627
429063737
395414609
662267034
230577181
673674596
945067502
319546859
768132539
820651437
907921398
628512356
287496753
621879511
889495457
948054687
605712215
198992339
805034283
679188517
263624235
8622326
218954205
576126459
677218315
888607344
31885581
917047851
955561791
383008279
613988447
338212799
558340856
491401942
567896956
528455776
987016902
101561562
613988447
172615839
856325290
826924
810713918
826924
292548159
413971485
873976643
329710654
850389524
226048790
69598472
218954205
252181229
796578273
927864673
666053332
800505685
256080368
523946844
959030463
463374171
212679942
670312961
346865147
393034823
898188714
790111445
397926742
471901999
305022137
543879549
714300778
262661792
410208369
847640657
594818263
811929508
162733435
358608468
166883848
84183878
278903245
595229208
217581097
755481420
191304181
364500282
515153202
36284737
286641241
435628074
230
255367933
350577138
230
88483145
103645864
9311063
454326188
463374171
551763075
195868650
994092131
43197944
854116179
265443872
726831118
627609509
469802627
528455776
118414718
448199195
370973623
735257435
814645494
53387229
463374171
970370
746481048
660566592
771659069
310899771
592200423
611859463
103510196
332396167
870403908
63608489
452621706
637443595
142906048
897197164
957400094
792678569
2247372
731139223
219372425
958204599
90405975
15053368
718518979
482039772
994092131
572297233
4024244
626160713
194371332
970370
6596084
671080348
903947713
617415844
115489011
363270428
820970403
598708934
30427495
218762783
225005253
339467872
788758120
959210822
11138355
767844682
352705537
776361767
62738031
230
515784907
266739443
389320485
280829004
491401942
157551517
660686378
15107183
393172164
82476443
172810395
294031917
994092131
561368103
644066669
251052133
695072043
590330230
373224697
53387229
625885999
747072090
28969987
172810395
403704919
680362390
603678684
864222625
409950209
213085348
528455776
28563987
172615839
264937927
351104254
142906048
139841309
533706555
560230899
323158044
711743403
790751482
65100629
88328158
3059934
658117275
563828330
363841545
891237025
543879549
435135572
943919180
103510196
528455776
163915155
697931850
496014051
724273468
904007485
254506957
132461425
465652508
918420628
227282834
548100668
908641392
3226476
96182966
900351403
980832483
632493461
844647432
875466420
988464761
613988447
470577714
726205170
523850347
606909796
886919232
100043478
987016902
431236284
410432272
579581942
403704919
57005721
451048707
100043478
845678094
451948495
701706386
353981816
421868105
607413470
892692479
248512336
340332884
416546873
713203343
983492783
731139223
728637586
631238744
251052133
180465923
718518979
964800456
631238744
100043478
223302111
746461223
785059340
562264073
893175192
223435997
259082928
878026398
647181607
32520507
69598472
84093246
994937007
159717390
817610413
317634887
359984060
460363043
726263856
123407976
31994498
766381371
405914393
435628074
956357217
140953042
814910611
370419242
203294305
236817672
689762914
696767609
968574515
230662026
621909864
100043478
567896956
302520328
977007089
888585704
699484439
572837604
869123388
389164658
127564908
491401942
960874103
835128086
601157791
359566514
657932934
752905829
43197944
129856275
561368103
351104254
887664914
897752105
870547113
726989448
434828772
304822873
69704209
350164476
859943821
987016902
925804484
378114758
939596897
395912935
926036231
100043478
657237141
850208174
528455776
693283279
95594811
526743274
353215618
698077436
571934714
295715488
736494138
103510196
826924
172810395
224026292
980134301
826924
327497226
800505685
513026774
186510883
488792626
230
826207658
261307542
567896956
679188517
827319224
885634353
395509527
814848485
230
381490133
528455776
230
754456483
871135102
559730557
951177742
353981816
213781456
465041277
355255880
559730557
348103760
279580851
987016902
52537603
848971135
835854313
728959541
429656917
339850814
403776567
691260094
993793111
614644457
662267034
593068587
835854313
685553496
55012754
610360033
101803551
188454951
353981816
646482353
528455776
785864804
897906540
810295220
682563538
470680541
567896956
724273468
426390784
613988447
348180222
621782601
581390599
903004861
804658565
456328719
242321327
300478560
830845858
207113059
523558248
517840893
288621927
95237032
950912285
996126445
970370
373042590
150439106
458535307
658117275
353981816
774504807
29905999
463400374
970370
100043478
72724306
716883168
91797266
103510196
657237141
974946990
923844340
194883470
582084475
646003818
270595954
118414718
529026353
202684576
559838705
729312040
638705264
755694684
218954205
525471893
403704919
547785635
295601763
695947718
646482353
111728946
629074680
717855937
306028668
339598464
919890218
100043478
151139379
646482353
873287946
165155039
528455776
356182618
230
147509303
223302111
557156841
643393803
172810395
516115828
353790692
351104254
724273468
631238744
151310675
993793111
865721837
738939236
268415983
269857085
901174108
73822029
280829004
230
805073699
646482353
80398509
472168787
701677860
43197944
43197944
405914393
230
467455665
668001923
327869326
502602636
14128577
724273468
693827073
160834219
899505416
373224697
573856922
970370
466125921
106742553
584553508
103510196
353211850
673674596
82515344
505771497
993793111
43197944
78666355
994092131
15053368
543879549
320640521
994092131
118414718
149833492
500282610
611957454
548100668
714743026
889918127
509746245
677218315
838033688
725440278
731139223
797219444
820726707
867059986
300212220
959335309
930212714
797219444
820726707
390751439
261307542
852917593
911642211
583708452
289949219
113861309
948054687
358912645
230
15053368
139426294
899948545
6680500
353981816
111471227
907432179
364303542
150177330
4045007
631892190
926036231
587019185
977007089
240305389
613988447
894715921
124929878
836648232
718518979
103510196
224689788
85510394
116648137
695904836
927869606
491401942
342610049
416546873
245742496
66946231
591974829
713558729
515153202
105537395
52066432
435723102
390171328
945067502
261307542
357768074
618936444
961050618
987016902
716883168
688935994
699586225
957669339
398621490
744100895
345890439
41814502
339850814
909991454
1507290
355579239
816155269
468309305
970370
669878056
43197944
715893955
196
96994816
773198376
52066432
96630893
840617599
728637586
773259660
91083523
305022137
970370
836648232
528455776
168771602
766843058
849167509
820726707
525411091
751211148
97790997
237167742
251814347
662267034
195868650
716947807
580041281
348825730
970370
56032543
198969622
600914857
437984183
74205181
903474317
959335309
499652603
83798645
90405975
528236689
866500423
712715152
718518979
515153202
357720707
828427290
880392863
911642211
517912422
785303484
784185554
201412632
200762270
230
558340856
157917186
528455776
195868650
376764604
459131720
477087977
515153202
292410112
709606842
194446478
553065819
764153516
871197218
826924
528455776
166952428
581783014
227492810
970370
378114758
256152881
162555657
785558441
850519788
607485700
37103654
528835585
664582166
487211630
992265474
897041776
191304181
550424699
157670379
96994816
957400094
870605221
3059934
691817733
945348575
612945752
535667962
558340856
74205181
230
101916461
188454951
625885999
435628074
59878219
908641392
172810395
567896956
224477178
386823773
226958783
561368103
724273468
368436393
189805139
818513661
369160091
210762396
127338642
62738031
184574155
719992349
543879549
15053368
572297233
795525919
650722062
924487678
796628075
605712215
100043478
341954564
40528347
118414718
339430772
676214276
278895790
860310340
15752035
52140752
119237619
605712215
251052133
323912418
381234147
333301
892692479
117762575
240305389
230
472745309
121868745
724273468
958415236
223302111
852102092
373224697
623786152
357281776
267054425
957400094
49528300
941882451
560976816
558340856
50276156
838313477
118414718
106742553
100043478
142906048
459034636
581255799
836103679
790619577
129318430
982902201
381511133
230
952940659
6190764
922768846
631238744
559856553
543879549
213781456
434828772
39977792
181045845
519973089
340123250
432132637
118414718
538089434
689427113
426814692
240125892
712404211
718518979
357768074
722285398
305022137
66286681
571934714
30516106
913280255
224689788
675153411
452621706
432645001
891187158
528455776
768765184
424942724
310103171
194117500
40603312
372317982
718518979
836648232
443655018
584215258
844647432
943919180
177711611
591970883
230
214340703
193001037
452621706
930380569
154345492
541906113
2381807
184771173
643404342
739191033
423765802
43723072
541813207
750157185
190671535
911642211
877286834
598216019
15053368
474370384
840617599
503665315
195259767
903004861
796578273
69598472
556671037
929542420
611957454
31994498
474363166
194883470
106742553
635263329
536701272
547085564
991607671
351104254
28103204
840510633
666984954
336902850
740065200
629698038
370360022
711341502
358229764
595387659
922132223
384027136
846323878
95594811
305022137
316425597
532778108
393034823
352705537
556017520
970370
987016902
256276865
591446537
692926559
934677494
483178227
75938
570368875
363239328
230
527735776
533135130
191304181
139119766
196
926036231
854116179
613988447
405914393
558340856
691817733
106742553
952940659
559022147
899505416
686662379
846539200
558340856
361667419
139913756
532686467
844647432
617374504
434828772
391493988
395414609
840510633
970370
575006858
555489310
230
672979496
485236395
643393803
47024250
739471458
356693861
675153411
92389200
841124250
556474168
339598464
206189004
977970247
540114332
501331478
675193389
188454951
980179762
391204827
563258934
393866507
536920592
360838134
68424371
400066533
712319581
113744586
692015267
142446982
118221725
434355606
947220070
829075324
2452746
477087977
533941189
670602098
172810395
2452746
992483635
512100635
800505685
357464154
528455776
146359424
305022137
230
53387229
168370397
994092131
28563987
352705537
389164658
186619806
488200658
268329173
52985675
950809974
378114758
477087977
230
504158997
317548677
246688400
596881448
536701272
230
254319169
556157020
944162532
602138583
230
970370
73829174
820726707
968565006
716947807
845326236
683520130
691817733
996417628
506334398
268991768
675153411
618936444
854116179
289634458
24434490
44967493
902984002
195868650
210762396
843641388
994092131
529758933
860276685
188454951
618936444
240125892
345147707
854116179
30427495
100043478
647848586
387024118
306412490
586277973
327869326
230
212679942
756188699
34010680
317634887
866163119
230
212679942
597183444
247332971
223841578
543879549
230
917559135
78814897
755357856
15053368
897802783
837013807
373224697
1
230
230
909399147
233437132
151670225
15053368
698077436
945067502
794794846
600266732
888913652
43197944
852974210
403704919
866879448
887282033
346329936
625885999
265022104
966048213
52051717
427726070
528455776
100043478
454326188
4219
341500030
718518979
640746604
940546441
811304275
984102682
386823773
26433037
69704209
130210326
91083523
478503882
931193048
103510196
131388247
561368103
186935084
903004861
692015267
583708452
716947807
565332944
993656153
821129181
289492647
8455813
718518979
736494138
728637586
701706386
605712215
43197944
4229894
304798872
220067211
570187978
201823818
724273468
817197471
386823773
718518979
511900143
690773375
826924
28103204
113319067
683375126
43197944
339598464
995644073
987016902
363239328
192603667
776209379
935694169
433586685
223302111
76223328
786017046
145432414
245312077
337694721
657237141
402039764
6105426
194117500
809457463
142906048
254319169
733989245
195868650
970370
704587755
412983632
780995720
933504805
718518979
787925658
127961715
558340856
30516106
332884065
454326188
609807560
493768178
708981634
719992349
75116628
996417628
928646524
573891542
2452746
215969830
344585000
305022137
349884689
452621706
836648232
427489260
351798770
223302111
115558900
31994498
322458539
255566960
515153202
661943949
926438769
997421455
179970260
343772411
970370
766704160
936093483
543440100
93255530
100043478
970370
528455776
528455776
46579212
837942894
230
563361448
543879549
359984061
62738031
911642211
691817733
386726593
647181607
558340856
818031295
945067502
854116179
263212448
113264695
629074680
155485818
992986082
373224697
31508934
651192521
592267730
74335679
945067502
31885581
575855248
885076244
747734164
659743147
903004861
395414609
1
283513086
550424699
4219
100043478
807927336
913662998
423214741
790111445
755273190
280829004
226048790
469802627
660686378
431579723
595226020
935694169
103510196
794838506
629074680
43197944
922664741
844647432
558340856
363239328
912078505
694665634
97790997
844647432
613988447
355628856
994042357
587941302
112440211
536885490
253716974
854116179
850389524
621339177
251052133
138334726
129318430
95613330
223311465
972075260
81186686
525773898
786195681
966811321
384388393
804193072
127072564
357768074
118414718
607413470
405227787
790751482
187519979
850389524
429126036
357768074
677574333
299664793
994092131
594589611
446998632
230
230
945067502
987016902
15053368
517160703
157844509
987016902
393395519
768132539
535758343
409594330
482985866
31994498
129318430
882326876
844647432
916409399
116982086
491401942
805073699
22195369
995980010
739222839
264937927
543879549
803929945
463374171
386823773
30427495
307222286
228512454
191304181
724273468
559730557
563530970
523558248
101692687
625885999
103510196
770401770
463374171
43197944
351104254
289994740
870273446
386823773
579795069
233761301
725051632
911642211
742022567
558340856
218954205
844647432
548100668
395414609
448835280
718518979
611957454
987016902
306601305
491401942
844647432
718518979
118414718
528455776
30427495
230
860406769
902132975
452621706
992197290
25352022
118414718
987016902
6105426
736494138
945067502
172810395
566911108
655710295
625885999
629074680
758406499
418482829
220031684
993793111
594260136
255367933
797219444
230
682563538
927102722
738142325
711059946
491401942
206940472
384388393
52537603
123061295
326208111
987397731
959518662
257753220
133134341
528455776
550260063
908390318
480672212
559730557
75334699
69598472
419550783
396252035
53873947
517639840
78511285
305022137
339033635
591970883
85123023
851044360
415188837
412983632
230
597183444
305022137
351104254
324057871
157844509
208582348
877644477
906416942
199700890
156473318
403704919
186298603
689333830
613988447
970370
825916012
90641417
32327516
631238744
653691336
718518979
591411699
778960477
157844509
287398385
528514010
353981816
95594811
543879549
807738424
665467937
378114758
959335309
860196326
188454951
928866717
394094112
395745955
714174672
647333357
660686378
811968250
597070042
494813976
228512454
528455776
558340856
470577714
45149372
84921772
339598464
736494138
100043478
595651225
452621706
693369018
363239328
339409802
371190659
251814347
184619596
149233550
282123302
874907899
987016902
85620991
558340856
222908890
373224697
971677981
43197944
945067502
59317692
351104254
993656153
305022137
17982102
928866717
899948545
357768074
745819256
437063455
218954205
188454951
934673703
67958817
131999597
69598472
394652372
102254490
339598464
218954205
537604231
845848588
417543885
884183132
230
568442503
532867497
423721198
254220892
366619509
877644477
762450348
528455776
804193072
403704919
877404779
41366950
400842281
31994498
61718816
844647432
100043478
916851294
254319169
788964773
996714953
118414718
20569534
378114758
435442901
96879961
430541783
271952534
743778971
979983892
716947807
174567191
8455813
324057871
230
871204576
969989291
788527038
68710887
224118175
230
874907899
815588174
400826803
561285645
905748859
260544297
659072343
243483356
844647432
254319169
761268401
44552073
290095086
396635333
104146575
854116179
709867554
479624372
103510196
690984244
196068678
580337510
463374171
351104254
751010367
443971232
95594811
69598472
218954205
91318941
218954205
20924250
603515229
912647755
844647432
86087733
220875548
804471950
413571400
870679810
362133534
