557030335
635866029
94374969
878907742
916597731
493076349
343496944
867159416
89500239
702897164
929801602
251141405
15208333
48364823
468868874
971008568
691636365
518041333
813297085
824607825
86803105
914156060
261177219
974115756
720018511
31
988116823
212858137
240026505
865561343
654432282
92746842
916026627
624453275
180929993
732245710
635762226
923286695
723909368
556392369
148911693
539231841
619313286
11210891
494858925
954687864
562722910
829551031
53
555611207
400660032
976751879
258155402
449460143
945173249
17098195
139895740
419520878
629342144
633917768
970727252
669001198
192931488
566083942
77788810
788533529
502
409924321
805503971
783517737
302677153
856157623
662243732
541223086
270515331
782544603
40106358
239574699
581512370
927161598
590206086
981807670
482352358
927228117
535904546
499401728
175216940
784896024
299818104
424729847
553627543
869789825
288014636
671921395
190313120
212391250
858987886
169780207
192707087
279013842
704820178
339977496
155880066
235626640
306008692
743364704
551768639
712621428
232203752
318683130
282481154
677738222
953275118
706336320
644912850
811158157
494860602
53876520
450612751
21209263
415310421
507471636
678633814
922701142
479036176
812795338
88619611
843886256
575729387
243276875
644500269
537910540
113698633
169429169
689115673
3555784
435588662
800802423
423916185
197192710
465111623
755075113
465577558
716081615
127659321
941323544
13511498
118796217
38459908
916581203
250362798
870868008
790201017
701836168
926834650
942021925
7526193
114883105
367242288
886101527
852264045
450180
5873665
822163871
155083369
407675445
970725411
572383239
165047197
500374183
775083494
13432033
413018142
866513495
202646131
125294637
3086234
764796957
543091724
440367994
769
415838276
98081922
582490596
919095250
553079274
758703981
763866910
339899896
92851110
684723
522762885
316393273
612759756
983536519
376720127
108497262
21364823
717081491
57738713
532828796
256309883
469886556
643802365
801481305
551926848
372402146
427399851
994348566
353232889
412767639
800743489
93
118927353
538233166
574845736
787860170
7381136
462949188
550627171
939479812
910373073
848306928
10
100084917
170468066
942513941
988565281
587789372
232077565
799170220
748352373
972612689
184414764
78964114
540729836
934037784
465897969
218062948
971290820
25010
414772282
856884201
467366910
337501853
201507957
458868614
439040888
823124461
835080541
16627152
38970916
307541457
874817095
399880021
692218317
597859442
430088450
808268100
899875301
880171305
425901176
988533925
713693870
65804930
561711599
173845961
79574914
112655649
604124157
651042196
426868799
142186606
220944455
501219493
514406056
487958402
8738091
466801646
302997604
306798494
771671735
606595986
314985790
109188610
256169964
621361339
714435522
60409248
164398634
165802487
201251279
180269696
489688839
135709128
549318298
527061284
718588769
312119012
513065288
695210413
493311026
503460251
428148
785856081
273273373
774920400
277718634
458844145
689899935
585234
769402343
552245105
315756816
956920354
711228486
557021744
571592510
897832593
635079458
330495312
366050608
857315520
412192788
551006399
875749507
549426090
682443676
943882603
690546001
587497389
425380124
223960663
945331129
66865685
118
615504840
855172969
280891314
600456311
142924187
946712279
184076474
767418170
858987886
603886011
114724916
912065641
206879908
272465128
883696322
768134149
970422845
955290983
546040462
96797283
373207109
985686969
953272543
437688660
860687964
223845308
508714836
122359612
779249840
974439358
963525821
800628934
605808512
844497176
95038
94408635
384047308
173400644
387044763
725718247
22
996437082
373392885
281850572
236924929
946440876
323896335
318838609
708265074
515969681
726849865
790201017
73398592
155479540
832147238
760741319
997948322
287242244
495627404
298992299
8672203
476899494
520416087
988589536
708987372
662814778
440490120
549760158
455702912
315853976
377313409
609678414
593578332
610582054
541612533
477259894
855066453
125050
205569565
390248562
248803740
119698870
919787169
863731678
280265784
662753537
129088287
329777183
621560067
411779337
733228583
51831140
606975257
263101316
463146933
850130454
200120024
674949989
534315691
597651518
112491533
608990884
113529510
412608421
952141924
85980815
275244594
506956232
282082082
775527277
643888902
433120558
197732053
394363764
316392630
324377687
759077549
110646625
283486140
464848547
428351142
362849048
344531979
30537503
849640827
925180889
61823388
117708974
676624777
407048927
355466515
729204474
587307016
175609471
393354729
595623465
250138242
286421591
141576863
901986639
161952476
537336638
116133810
124988252
440757179
409728510
290607893
305770763
960737761
755049500
32972876
228442934
702298222
522747097
922635881
46338945
662460106
846039248
358774952
780596810
176328598
952505020
2223736
842673942
343448398
793311136
370826
494193801
36659375
550621862
154
721357271
881447860
436089195
724472184
384426479
425988952
252446821
347701806
747677025
459929626
51831140
612835429
396362299
925114153
522245521
196786071
887110457
546507507
195116580
766079136
316530194
790100139
81742038
366905126
688244184
285080709
358485077
468052738
296121012
118108526
158128746
553831249
637034766
272704169
274191866
267658776
141988802
684274048
458844145
739392754
946784121
411589067
777938029
302072892
162898034
776531009
359112815
664737607
92223791
144757358
544624033
594661662
665991149
624412418
278945716
458941319
813026316
22915438
163921646
338754925
149323334
540651270
256912505
653296383
874399333
416023999
748111905
175094237
812368989
132147036
596991977
552949832
398205342
530085944
349482184
275974643
74288074
268909649
205080400
272800730
404495178
151802583
643256220
675945816
675691366
871101819
665279040
563579243
71135750
146456218
841436091
86298743
772512617
428401735
722470749
2531012
259819970
766618387
833291506
9039264
528104253
166434611
306075216
875907035
291995348
459582864
794550708
279185087
791143117
872469554
316392630
940427597
1459583
163229482
883286879
280897553
429309109
699610055
854268234
321294223
206272276
272318781
258713839
108358280
843248144
497551554
295221524
285751967
507620982
979597001
793463435
704938870
331004491
274633294
866761853
6722688
249569045
533629597
153868629
619009610
49511794
327104936
671369586
342473534
937364920
802357783
853829073
191122007
474358758
644863771
446324192
966316064
145932141
399645115
107119390
629396124
675405081
151406611
121078061
74431048
133044102
260954958
842474647
226416364
188868907
123027751
844041430
47428411
766018695
47840955
483052258
523188248
987583863
162835101
317584013
356648791
695979356
115449713
356457255
344679861
520929920
592276255
969578539
112491533
450919616
891420849
384535467
74014377
691644475
433382083
764467161
965886546
303072504
378494950
212392808
149106622
36170161
815591703
640761663
322390713
431878187
503040024
811210782
808538690
518480456
294288384
361057558
960841939
621121416
978815304
140864113
476653070
361708608
53
423624946
771277713
707311317
77760256
600330487
186571711
960875276
535291285
423365896
210822236
187595277
459841736
696116842
17412549
769
650488958
116021094
216597247
307900078
146032062
164240255
983536519
769468431
212135557
344868297
283997768
482352358
211128148
693857182
310573908
856742352
564984055
884605776
715188443
895699396
562577316
563972871
57639862
267426608
508934002
257691319
211619024
422835031
90
327550806
603265161
124779179
716615037
367571882
268105335
426490309
134314467
749712808
774589860
492793605
823998373
53
699344702
157509372
428401735
800628934
508264969
409901247
799165510
13
628091534
859955491
247440838
515124194
362416564
599169564
454607839
943527789
330798432
660000666
342461079
345481762
196326556
523823130
582408511
134295730
120277582
484007607
795547308
544765425
2574
483270764
857707668
871770073
232696802
468831553
415703218
355596713
529173542
235614523
857927106
750293593
671082834
150410858
102567333
643099080
540765260
715363206
270685802
391914568
271836494
698122009
376279791
431771104
766652281
565503936
25414673
876863648
500300060
957519614
583481140
123413421
956412481
267701588
21870872
982162373
931579705
27
35158756
622155539
778453685
453740155
938957315
715481747
178787382
316161958
20544608
494571947
80681623
588048006
557030335
459885840
316446488
955299353
28987831
689231145
340595197
134162866
844842663
663554124
169505377
471077757
445004686
912630858
603021989
981047002
26731531
162305043
927139592
385871785
925470534
658593864
720929492
39789671
625174407
3846538
623426062
168783767
25585858
929673654
553058632
47892192
44049012
916536998
711260138
987713188
822163871
384252313
821430760
394338419
605120321
500316192
903776172
864429533
364950582
680855166
608276070
835171109
674924367
619979519
108894195
661927952
337168668
187277010
600562043
390334228
388977002
211296300
912868807
125097558
664
171337566
687089016
917056798
180269795
719962743
246500121
891720700
79294810
477554096
901442831
28296094
110044
261502112
130673034
460342507
181381313
764556592
741376477
711228486
421288330
746035468
14271268
757853374
438579469
240359789
157104622
817389094
697531005
625529610
477587938
536714230
460591556
358951574
307314341
95171350
307032630
508950511
631632978
6722609
350140
439196304
662814778
419732633
955556580
806165005
685274
140083240
426472096
820165818
393905278
310813928
362239027
74334075
790524398
700420084
474228330
83192256
454666850
499319908
799599469
959649788
430734526
425144066
426949940
473451198
70133362
166779476
778868791
903017810
480562925
319690553
58906660
146456218
952339166
730153176
501168443
100225948
371550779
179475787
133323738
737215884
304043191
318227331
698657139
255546748
403013869
446222472
335121008
721500683
560865736
522145340
280465485
831178760
455452332
162233265
325762601
142965878
803198387
616854655
491814527
390063254
169298112
44099687
473786155
621561112
557918603
847812834
919747987
993001172
916751903
346495118
93856883
767609025
667150642
66865685
770532033
938576314
49407912
300229550
916261327
953316971
662149512
371661115
345184775
849924425
148602392
49801300
102941092
536954643
914255879
18460830
852310688
779229916
404903072
707848991
1962153
63695446
939981460
912027970
185413
19535665
318246033
599563221
804954734
226205781
16387807
102224051
830278553
168384739
932219635
384282193
777881873
826940046
558565845
130760039
168492826
123236804
917098611
51831140
42471999
328554812
826940043
173053107
382272839
284135579
327916069
66968149
964519616
225744047
389642860
342614332
29038452
1
424590792
139385798
994298323
406164741
400427292
937048033
90445282
985538418
273295983
403751954
448334769
630550545
459843330
5002
272096676
748066271
601165019
636381945
257
899944565
199612336
421953220
29837113
193379649
575345069
909053656
987703088
147440851
526454356
72719697
502
526818191
857100751
340978990
820668098
465111623
156333109
132989391
320422884
33485648
827655347
681822592
955289327
510328380
477343932
716660478
869040728
70
279133883
861639474
128975625
22086893
274800035
512934071
350082764
438978871
195625179
990691063
452096641
335238539
819958824
436838091
876249619
275997983
902097084
635572482
600600427
328528484
370217036
585108221
771181578
737493586
81996192
381161046
289124179
963384600
27340577
510741662
50365233
647097530
744631530
153592804
964981676
139
134314467
771600448
524718783
890367498
973229424
742246034
9869142
198639215
920186107
757232421
596181129
685677285
439130103
901752847
419676257
827850866
491814079
977353172
303504776
623684626
705739086
114745226
403388228
593674164
216886512
23450619
443470245
863907666
164910895
164369031
734744551
528272854
602516851
318415549
278288596
816622880
47491148
569300014
519071605
14470582
1344
824650948
706881885
907596471
533687425
200248424
897034138
507325855
621016996
877346538
661133108
954814284
850413895
901085450
240213322
70991399
76647640
211471540
995172027
554084009
487052373
101716901
854672330
227207746
669975447
355917999
131963363
495600873
330132
711700996
46548851
46084688
36505083
246336930
2531012
768699000
455515956
59958660
501100416
386508233
187595277
170942883
68999528
211003394
155028420
790791460
882318891
669866913
812938625
876812878
14675352
919877964
776339481
831982052
684893439
670320490
824650948
150569766
587939035
236190259
392004036
632109075
91918712
380143653
809456792
320476808
145093297
948934109
609655733
469529283
147826780
18913521
877032469
15514588
571738169
729078135
926124472
494748714
931000741
842673942
805389265
85896407
124741114
157259680
695601844
875803976
746332547
355733509
209105154
360181119
730597842
553298977
569913618
973980741
90068865
683437738
317733969
649964319
124127761
558037575
740606927
968993588
997430963
200337783
980985481
784892004
89443423
775860620
2936089
855499788
112039690
457074700
184165788
160002435
676673173
596332009
77506274
899990521
630654165
840510319
262239986
464795228
863478338
868203267
467011846
380089307
276720277
696116318
224742913
283124907
914521680
627126875
638710674
992785965
973765954
758295076
736211914
759649224
594622921
20008
39025508
333329905
546682911
54198038
27340577
655031348
444995284
265651707
968657467
145058
36106029
847812834
92290339
482981456
11391013
543123059
56528476
760628663
90274793
410212347
96071874
932277674
167680008
944019107
102072279
702885495
621683269
668507042
93690121
871904066
70614724
838681862
260126442
2789016
462064820
539069409
743891576
535084527
145058
704615944
77579024
372402146
866441713
728424591
929640652
432759680
986723406
18903265
246315331
675351354
231971352
780862715
88472728
341652429
360536409
7393905
103902875
96672973
990257978
756983933
473220438
519219075
14295721
878593983
649826505
673036165
426371745
945942993
534421432
406718982
811934341
796515882
888815500
898921911
750099809
794283414
29386779
640033661
806790664
381700604
95951524
181171554
487751216
190600197
243663180
536802828
437516
140809734
556758290
481285471
551294704
294879761
65026
416730417
13105304
193222752
558988480
765572752
656892402
544648121
535478976
416730417
120048
441180204
918321438
295643765
749460405
677614196
201010083
553987563
800628934
634310841
738779945
176880887
813323039
818523752
360536409
237479063
150845218
539955079
29
649152252
848867343
841405706
457953537
818157668
529354770
60043350
994588114
295310302
12815124
659131105
160339015
225090
513780147
513764928
62357626
309204569
863386362
252693095
881269489
634892244
85786343
476790397
562457250
928929298
424970636
451004352
317249431
551555995
318496933
263115822
351192746
570803044
945055529
392573380
906632538
247658565
844006783
891139532
524905982
384387913
692657176
743948656
44441246
838839044
968993588
852728428
350961652
39227942
362986671
953555661
559012048
194787364
309114216
356466305
934037784
855138798
720868360
181345397
691057260
656456593
861957625
737984720
587002163
862288917
952731462
382539262
616201852
560099241
585698942
125585850
90052918
870435204
102675632
926729507
766781148
27340577
814789953
633881065
855743301
304935625
279
827067456
111028398
798952254
163
932122617
682896774
680605025
89181248
330003641
645926806
809603302
249109562
100060012
196008687
861639474
150114775
343758726
949912990
548366635
839367314
287919043
17625327
342807125
948170531
91456034
523200032
438695205
889438572
471079112
554541603
277517461
857836042
725435087
706951389
468652468
472388467
879003582
341827081
330414263
557331866
322515798
151249426
381179569
552125890
462145929
944491563
699979162
857774467
699446943
597873101
569299551
11286811
662476442
3846538
365687815
172022889
564235397
295997715
315256941
751242091
965213165
323267086
598418312
683903735
750590444
452835461
571664383
625161998
249764925
2039543
534378476
407031932
915366
930210504
372821446
311253208
696717353
360762300
768100570
2078587
198518477
828040327
414777037
314369715
234154971
51274588
661133108
645688539
825995533
801979609
901961335
192931488
372860084
268003384
688795320
868021818
341658628
745853317
781395887
585435109
504819504
995153618
416212156
925431539
914519488
499037957
430454872
331726373
883125202
252445684
394727220
464858174
280704191
779266498
321077137
792817124
366938182
285190081
539639380
131
142200843
556318704
212688082
961658228
66186677
518278387
252514960
220318074
503105394
812584365
2574
330997745
45
871601746
658809017
64866316
393246805
541247010
340494168
582408511
164785856
754406524
318587840
173220407
311463767
807241439
330466080
161132554
980279370
501689951
694411897
223701503
275244594
627798540
522145340
406936037
295118
610514493
891012319
350903519
377021869
941728627
285093786
909053815
972373119
902421466
615337636
42770526
648137311
41199644
451154401
402635764
251342139
997842797
599512819
942668343
631721019
475067413
832558257
340306955
963585223
156509944
507836202
896706597
511257745
249844578
364692666
90036
502613344
265863300
7
805103727
873781628
14095603
479238662
165066
414777037
109615104
818677910
30
945854249
499341693
59192095
712992744
1480592
590163478
205553033
509182959
761137376
261802409
429299812
11
10831634
870852621
693157566
321543229
352562874
88098024
851899923
588991140
397286159
104244253
384904591
484205790
849260690
535120338
231166917
925396525
807259868
193522120
5173547
853979876
327748486
848603354
492362985
299847518
523243930
606222511
741901130
797899437
311284695
973229424
945082523
123448819
734950168
935912293
45
697411973
91017789
57493299
98914407
564490542
99674776
914054661
703470858
410803245
615367207
870161932
789066302
537793311
453494460
469221720
201732010
613350054
68921425
478738393
16324633
95038
772097892
158600722
654762394
321687780
28519258
652178296
104352149
715871272
837134662
489542151
273851025
478626697
762429505
24788946
811170478
918670921
822598733
73232040
539205795
926656880
227167009
392223723
926811265
898936280
276304376
278267910
223346952
779621737
769657862
121854872
740130711
582596668
442832286
571449033
976842163
629326834
936546985
963188582
25592021
252964304
550330066
812532829
187075364
357648661
450015278
797411891
617
743667452
22106982
733494258
429357460
565003269
280417207
779053765
994812804
299452866
923770352
81488392
949026321
411666157
954841091
508169858
426086004
996283642
470596886
537056605
582930941
491225816
29038452
55283993
517865153
891805172
992292663
459609058
605762131
792724598
920879515
223845308
891983172
401788637
75045009
488996172
593995217
40636062
273845540
521085519
951082317
13994798
830578518
879028821
605799077
678572216
120594429
800302436
980873910
725563791
303854738
226747230
720373208
491018707
919770055
695532417
623119433
313678976
881728206
604834917
464908342
826345674
940650620
563646986
249975785
637255313
410236184
674119739
550330066
426333418
493552015
268666993
29807429
730836969
593694172
611385334
451987033
308079246
242301683
115169491
481604897
578505312
133003265
224721117
110042
329390441
544940724
175882435
260623725
144996017
112435088
928255160
115741524
777780762
725729619
839841067
21347497
398561607
606997734
845342970
201634915
619316303
42694994
349005177
160264641
7901105
870673968
6388854
265915771
152995551
460920106
830863337
511787694
277718634
151252852
431965503
324513737
906435426
82832405
438863372
953650679
128466123
158136751
527344511
662814778
895374000
607795399
298162767
371408672
932365977
641641414
559720541
878140127
565053928
235663313
143295013
55130703
736694077
397274853
832940013
634585768
807599712
869246028
711315018
288808057
920342507
106169557
321612080
682319663
224246077
425255051
678138295
106822407
839868272
915657728
107376922
487767606
220995737
9728232
606717937
147468661
916608675
596396865
903363863
371596257
133701286
754892493
725435087
769747029
331635636
712492160
750292859
638594622
495265051
511879903
729600066
736939718
548305153
36604923
719169026
667495299
257788464
299087258
281786188
313657731
186780690
73083030
142571891
550686237
979728972
986508153
592049437
340812426
870868008
19810434
839603317
14317989
521932346
403841250
951986707
177221306
28738999
136388871
797998827
254514485
197294807
965319433
652348025
345837170
119537391
861742425
834993065
525931226
108993639
339286418
324755230
222883505
360151348
260084844
227835041
322026394
588253377
127569901
40978867
445336299
182374629
929620454
681417768
122361503
298696347
398985628
560246698
325130
916424568
527095814
769160178
481385147
317269128
724971954
883597545
338799652
769
975585117
51042626
661479927
936789081
90142351
371754519
740908008
786575121
485254974
593694172
963859848
990277428
969452749
167746782
570220694
298755487
727682544
498964091
966630442
96339385
302649064
713354380
606975257
826287920
510514822
160002705
819626047
277286435
714045970
966852705
296058084
782455963
717789300
250803770
952380747
223
725864426
813270960
991034005
254159313
79
140579001
417037864
518524471
966169100
486483926
800237621
82273661
1070428
343758726
718341336
465186
980020349
873929594
151213299
569215899
139017933
952346177
87470491
213136938
18
948039179
802559586
677291063
693254173
698881771
443892826
356049014
62719
904550284
353436961
296850315
182914254
973988296
726506193
361754289
883220471
58549635
622301354
631434062
163
654774844
543364198
584467398
472927125
130877358
36649587
698325990
42390281
659581870
692720142
145363748
166107848
801055318
820227710
660735180
777596528
27542350
449956097
654925824
274801572
742765043
293650859
560679882
728365554
429034183
597268739
934194010
802393804
152087793
918191540
628546751
348584971
475576180
960841939
969435755
821291588
335849254
292830436
405602443
704621028
979088208
208954830
242150401
915287795
913130392
41241003
404249227
53599791
526815990
863711257
662645398
507053945
793118465
3339271
818104121
937519554
488409954
311864654
817694954
140441331
229985386
857077191
982474589
188482245
890420402
607709347
197414008
854071274
907607409
109303862
897735353
50790377
482352358
865302803
412429132
463512720
539864806
874159905
677909336
441643537
711228486
809058353
494009556
471603150
646781430
882321090
310178458
342917241
223897299
306203005
218490349
90
465149405
266899123
475285057
809397532
153749327
827043419
334764502
954078234
935900078
602963113
358951574
8490330
560590477
993883472
232845130
902364319
686481721
86328534
508015137
822559581
608451517
19253269
1429580
291446014
171137443
888468293
546028791
661309104
635244223
262464841
232502937
98096051
749264744
189393410
516744450
161930866
33911316
767238670
794361701
861167286
823794859
273772779
13340580
754914501
756547296
330264448
842754127
775588837
927904335
394377002
578966600
996274613
460535726
735694059
720874997
115980345
728664549
262464841
93015480
673006138
910064608
277437956
677956383
594780290
405845915
691989764
135054
932158084
405157157
575132272
695745579
909875013
395275613
631812459
600377193
165066
539977897
295496603
557916080
585532101
25597105
719567633
618255573
249042702
217017152
561706793
965936589
166084196
589759522
384910507
552093742
916424568
101108483
709719635
909849472
535317943
803143593
788381303
651324308
195357000
984740950
139
798776999
649099626
227076138
85271182
791297817
241124753
898469659
34480573
298385830
858555350
77439948
294023614
586269775
429812136
23976481
130128302
488101540
247571956
394755913
134404589
25785864
669724187
1053259
699549250
276064502
60999039
623103085
123775341
843371604
915153047
613310158
829865753
51051711
951894081
275984470
521757319
292020997
206680660
953018265
152618788
601675555
522092478
640424910
488361308
205770069
876659035
891471741
95198648
9228633
792446244
859131432
150757373
428849050
131142471
818014607
82071932
986986137
104254991
24939803
9012549
915103788
193235067
668745920
370796796
718704325
680511913
368239456
677663004
803107736
526480397
222017079
932082769
983078965
388121818
151549858
184437644
869126302
495143912
833664853
455481827
250312239
315831172
605549104
852480920
821387584
615995991
880594808
821372311
387844692
800626814
355463278
389874555
393353492
374373229
986760799
320212455
417719965
782996126
15738215
323136190
594528577
321540849
641671805
436163051
280891314
851582013
552643779
423592121
940622671
379881812
848087530
251856913
369184649
141630857
82811134
67119876
370999608
336966902
486529897
16978221
285162963
682565019
113001908
28984867
878001130
14104177
413731922
625375075
976491231
513475741
430847102
909523510
956760013
323521642
485753094
342881411
78133844
437907298
418426074
406024512
751051501
775206094
358951574
981820330
642986135
353702005
522689654
249659954
805894928
687898973
908812654
217425369
35158756
27374925
276234064
242455600
979792018
391564141
90100959
691237707
4912397
299739802
49218882
786080673
436136578
223287664
885663492
411613366
859955491
438388485
261201796
948159737
118972448
695960345
19
208110822
46874332
81961169
144869518
319331088
453596895
481457035
849996000
754393916
544440861
237975272
259051362
440852261
43787860
237334572
547539748
136460070
793838193
976743313
324819564
106997969
761321511
500815075
737710036
754748926
927446213
225260683
849837712
104343515
57826350
707061535
506676463
401803231
493333984
535635584
403877094
552430446
522026315
864213214
179838182
149695079
734349241
427512152
602636007
621006817
664160904
801690808
60024
549339437
965982108
712966503
477208652
969794069
952
948536594
51831140
225997448
698122009
169129590
152539909
670109479
891506597
936797957
930380790
864329869
372550105
213085261
111664883
601397506
590728955
647741709
538835201
377729632
753134424
887001608
161861240
493536829
811485455
145919542
733494258
99439964
643274688
180089300
560246698
451970922
187714697
695532417
840513402
206272276
345657415
415514939
906424701
572182287
626866806
283910131
259412924
966645031
416641218
91734253
127430768
464228891
740794008
894081294
54549643
389691198
168591271
35
367032370
58264850
964431406
988485130
332862339
204695219
151303011
507344414
181568568
340643881
874420503
661927952
88472728
10819513
193514756
826743995
45018
302875002
271335842
731043253
518229084
388367666
173966704
520146127
220328080
592157485
164976815
338799652
526162860
933002821
699247964
684361611
582289669
915365692
350193580
59624108
941814102
864181451
600511180
293347165
130791112
113146427
607057243
569051511
508262821
904689891
108344582
700277027
324018926
84468077
750006468
781075515
997422408
28012902
108203185
944931080
364637610
811831506
588351690
198301588
650359805
837165551
51943353
296591603
233733902
519660839
369563117
730787947
718892199
472858323
492104314
247887732
967116432
254120105
227153801
297363319
710277562
530230105
19706368
969608773
242264885
145659669
7363796
636381945
831065881
977997512
479800264
278158616
250150030
629088673
132287630
988146038
459481920
596225235
442644622
884055355
40
384881074
124164028
161004623
872451512
13
288956817
582408511
660558582
201397318
241724493
210347863
578847930
445379981
760709106
670053097
135882676
141693481
123087590
19393411
479996591
284004657
395491467
480053240
509985170
707444073
640514181
839097489
522269684
897707159
952364157
633497003
988522382
33282213
993293357
62597553
555871276
120732786
634354250
81176508
973138676
755356395
651163574
346807170
268837820
315765526
313320914
380143653
400160
157356135
459828425
83192256
898841483
924313200
655266839
336971486
94695746
731902616
73912555
666869168
42770526
382992780
187992536
794639557
771808452
629574588
327158748
20902451
959431454
418919433
770658402
332316016
291424951
227506706
675589933
681489847
1349
45349446
544180966
382789088
374416602
220421978
316392630
225238566
894306121
895086603
70133362
85664663
889049061
854172658
604304419
264477510
100219929
67193773
210375051
558044589
759156311
683033737
79892527
433582710
991204011
317207310
212200608
184545702
601487705
566058379
362907449
839628785
670426586
572049167
849260690
91918712
295496603
122893564
464352702
806025928
959789745
928266253
18917586
122363674
178087392
42569794
611245215
442732661
943210151
312166907
25
345764644
292747030
32836978
342615460
823969380
661569080
298207932
175978537
190487342
494056345
110044
461408714
129776991
523345034
770940582
215282855
887700636
149341023
348656977
475478770
521741273
611878631
149191488
603231819
625898195
521940166
824581153
732936290
416337594
893585468
272498712
972195383
589603997
152995551
523592497
126334439
651091456
588048006
2531012
399392356
938228459
269894600
710071493
352012326
926476500
956188525
530020703
88573563
228448705
171916345
162485472
83417440
167365074
793081934
977720969
52582268
692698284
107664580
223407984
570258225
900330287
696118006
989114973
9689503
135567315
416212156
505002440
684469848
400615531
126061646
262644091
697600576
270021863
726672878
785276000
939727967
973041529
440038178
121641120
907891216
185894694
861330043
426949940
73614820
642960231
322733657
476249498
921314119
585878746
921770553
144850687
845926644
315107393
502
46673951
551378304
217031295
90186183
52435571
217604649
543237636
13395787
955476236
225525748
214192047
100084917
254786701
742363570
56647478
750906009
126155740
972311055
184797621
303478175
171412761
655031348
66405733
947829512
445914510
643494443
746128912
396639206
932704489
644471671
168444611
842484924
367121425
445131031
356761316
402751169
826202355
239373751
80281577
552861842
845699273
847044767
65485858
404986982
410124162
108273953
512883140
444278340
353104140
203754321
425468154
853258745
352262011
481713980
150060
31
516406857
365146
750158836
525488644
483031220
179127893
604656355
603508115
639920553
950198862
198712531
472387526
837399676
746185829
630971426
648640743
702161444
518062434
279835547
782418812
419520878
678548247
842702508
264834696
653903692
792700038
459104628
118684174
831922560
723606501
834621043
633541860
392004586
436673279
528588144
760435256
154942509
109485875
188759910
804113358
205980670
421184377
547276055
207787088
167680008
949338585
248489863
576447769
65
833121739
682636053
482328720
620061087
232095519
440038178
608258862
964765732
996332249
130091683
456045033
182279223
442828004
929657010
734592170
52146339
761728155
352351739
757952296
945000777
463234559
115483975
562723687
372436306
831464961
19846653
1115446
216663018
533140754
159282138
321719209
57362597
432176703
110079909
686554548
148361824
906828525
476951425
263092323
228631516
48909739
521278783
336876886
709887330
320557244
365840479
300229550
233866434
970125474
627735606
279699163
35158756
280891314
894512272
815246123
615252014
142377734
667973598
91918712
487543964
990358211
908454383
689277652
545757659
472946221
9525375
479585232
664365755
823114649
164568420
726273423
88098024
52584180
589542798
983924506
75149297
774859930
709646052
802915067
283775191
324889775
560590477
844585676
419556641
229799933
735099913
780596830
330977
374521332
175046592
697381315
307965158
745736740
982238198
221025326
3909192
545218
631253985
341845541
163
737685699
164226687
852377524
276450429
964722945
166095908
858385715
282883701
374107229
452859065
566247956
641048805
483285090
243575155
585244422
396009231
402943398
462195218
348619209
597849670
260263950
753171276
965962912
52898836
765379246
12992975
954454926
372975505
108410153
568802033
970725411
870868008
242261478
498287365
883399961
611316443
624361204
422437294
408002983
551475507
18
938135040
578599270
977622480
79801959
168177714
572049167
943633900
418218076
286860810
697381315
566289390
677119451
125843995
970134311
380540204
142716
468831553
865255821
552621161
276100363
576878506
880735988
469280081
27520426
585008360
53798508
825495099
809356298
630968639
332576011
147927046
356662678
752785107
229864439
269894600
637065612
662814778
95022527
702960224
165426002
66553706
917323900
13511141
781974506
875063909
47957661
474746105
923008057
109717207
143761798
912868807
483799187
856432644
784797035
836784695
862578540
822124611
462562827
940301033
661953574
534533481
816742255
839270419
408145014
57549782
77001798
667237585
85896407
896471896
311271402
917323900
656460447
53
156768001
329815057
484429233
267245252
282351248
212759317
254786701
627178920
280891313
458940730
908034068
392212572
746185829
154757940
21455065
225024670
779901557
922157683
194322865
818174454
329906573
53
703661651
492703715
696774550
527053752
214148480
286852069
62067931
89155707
1349
20
209743946
59
404720138
487958402
928145748
725435087
153669703
946011763
635434477
414155356
189797147
887457347
592623321
204695219
947518042
975968205
417860047
799464255
111165110
135054
640808941
433421332
549578426
434934903
87394697
668661484
738330737
119549695
22845637
920599092
292434616
935256454
515280614
36323539
351438473
598220050
867621717
322515741
544798621
724783451
636842849
822289754
39927109
192850221
164976815
116530113
745624395
669233985
325199461
616659099
778605165
726455714
829855892
506772228
213534555
605912120
675483749
669032727
110044
899098504
441242391
34528716
488543583
729615089
499356881
141627974
860740175
669904447
2531012
643740280
601185002
65026
419999288
739098001
954210635
373587051
977505051
457903366
395743085
664487569
705982041
920061990
482658355
7641437
464849476
801540773
992310899
878607681
608216314
276098757
543471067
877138756
376239981
937382794
885325028
768634760
502
88472728
750586862
647311372
309414578
93758015
947564460
415730077
851366409
759885606
708715515
952928912
127430782
402635764
561548509
367100547
89443423
103259033
220279380
72596130
216886512
487761051
754439561
941225430
20402831
626326090
60373864
908109460
220834214
530663508
441275103
348543354
670289802
963583916
910541370
893590016
868649683
812942320
44441246
613660312
79385035
20008
209314019
764047422
851551255
250138266
69042772
183792768
208123637
563996241
875664995
966054285
942513941
854182156
182904878
712190369
731117920
400293037
313156234
279
646671139
578946016
159660751
875514730
340711368
762828018
598115416
107705754
724704011
762058838
365146
216982306
926656880
387741391
744136870
149260791
127937557
454016622
191360018
413983861
720921
223396131
758421335
158153951
814427937
885481175
932340893
496955737
538200269
84923925
400404583
35872428
624761317
282595451
571738169
809243389
250700678
500122400
316889581
591585319
418418574
175563364
700779765
853790429
881504644
156916268
2105061
218069199
12885734
887226798
868461999
648024686
419044830
600377193
352763421
418739590
282604278
250970766
204612866
293708920
565336311
223845308
566407246
762265433
712350211
7738016
229285000
122445007
349619079
344901002
45732203
106152426
542866065
229738551
205806990
702972611
909005677
184884571
48686669
254482922
598561920
831922560
647579854
221389747
957138400
758133972
203196160
493356050
151986122
884014527
645909486
173569141
801104426
776863885
886322154
354872791
339704133
318756084
725435087
594304888
747340506
404249227
53
573333948
733494780
731920008
212455840
617961990
251768545
704003154
377725487
354311126
504620202
501457731
8998919
835163864
93
38704027
670557385
817553910
87693722
802887226
923931951
942695380
11558252
417510495
771725952
558473491
355845905
414155356
885171350
564370851
518051595
620511233
81961169
316204307
10612968
125075015
806163129
605050133
807494799
994217595
336691947
228019484
6388854
948293142
33753146
10031819
785022154
431150624
616421677
165066
607939355
711305291
160498728
371844705
794361701
186312798
577529997
556529994
780076711
498426262
850742654
10358065
3846538
570235124
412616552
284354245
578125078
649464776
883778433
104818599
25758180
141247646
646078387
427042921
674949506
855250426
351174543
980348974
137331136
619295324
50847363
206512465
986723559
96775361
64555849
987978000
52815615
177428975
94374969
636381945
429381738
822381065
680386005
166635388
63335333
517196505
942651575
383690916
174088999
796891052
714435522
954123309
854230256
882321090
816540896
677727650
516918955
179268925
765396014
605677846
968993588
970634020
436683283
827275243
628869859
112791039
688070128
406218001
624410596
58622722
220679038
467092940
520934253
883721604
300386001
790100139
749847195
10316092
705526842
406885803
774227787
747069758
346683085
319950090
378037229
987234311
113029067
303744679
377711053
837504340
424927640
685057605
8641168
795541753
870608984
898539358
233154533
242728143
792739737
934165278
432603793
468618445
179687970
827432597
321716326
83254975
320098078
616015517
174768704
594346706
713201390
9299419
641755614
693081024
75149297
276969831
160710098
429037484
600713367
856247231
904068187
616483808
608338143
40314912
245640385
97968815
371265308
683277428
932329489
869040728
22643383
700277027
534643584
974406744
750591310
90495248
679178654
782411799
517349883
265198569
714045970
35
408934318
29
154587297
117537217
782815260
111334314
291038497
79801959
986439983
976089198
337915173
304112652
184917404
326544851
155141422
167758778
194142657
403191616
974479914
603597462
163
903215608
808395456
881897864
516664137
936012962
654002117
749900725
997520789
410556354
605440930
415156334
237853551
308866745
395255928
468151682
44836813
441675887
650260
501457731
567116494
148071893
901085450
285022151
30902991
395266836
645152655
231584498
732201875
679069718
279133883
499221097
897771393
512863654
723907854
139128453
64976702
745475889
823736656
166151784
963654236
496151112
492279334
268651439
400615531
910832296
70337927
25015003
296789166
933954547
705526842
925690498
702400904
961179542
682138522
336751548
60429079
225447891
122893987
726340758
823347107
322178232
556313297
431715311
260952107
332231796
985787592
589540294
252735618
817722777
333041121
172841117
450762227
650573897
181946589
190211567
757701558
661146011
929735382
635703800
439514001
535259342
654860012
746046200
969811249
862912588
310222676
588909986
672463719
265206455
967800204
548036600
81816115
46543667
553196797
113465965
780435945
348206891
676077849
964288904
584345353
124937997
947196327
991650210
127240610
664
282604278
622970016
697900236
25007574
147826780
107622157
327720602
601293368
971008568
726044458
182021797
511661373
699110689
475576180
750237751
164701408
53686799
767021312
652182541
9
51831140
967335690
404082699
545929696
9245023
722561143
778373029
455383698
549956430
994589782
137155953
936216945
477343932
536946598
334327903
473196531
36631998
351528344
210996960
489305140
916721921
820382567
18191377
313657731
467011846
647351309
841096360
447744764
123528712
286404613
845873410
141375984
907135493
244221715
679950625
778785977
493051628
898868824
465186
709244053
856572295
277807183
397652305
713693865
396570563
408272174
1416198
863531693
786062447
388432630
624983159
237036790
329020368
712541230
172936732
941739180
242204147
3341352
187875994
130916960
63485332
605592874
839383384
703016518
10809760
77241704
759244774
273620078
243769004
626194704
42836602
474066975
101997034
507777169
269730229
677981711
22
936630637
70516804
307536066
151618326
983678810
539960672
992935080
367241033
831774875
450521366
143625687
877648854
531531086
330081878
387512956
2411100
32048222
844805880
215017891
882628761
584723889
282007617
45660030
689663969
283969823
67
730079571
285662961
668055387
14319743
884244443
731772611
838220519
443542820
465186
425354671
529500654
295305310
706977858
403533706
459470279
7259613
540047072
860603765
640163909
118
151384071
22
996410688
874815213
698354952
710838734
766531905
577159735
388956361
116738445
180812347
49818132
893463387
705901567
405545187
643084114
792368250
13771294
378338555
189711476
374986401
137516204
436592318
325237282
906520683
65026
493915264
984898384
42694994
390989423
302392273
709461166
675814696
962202041
386589023
482002429
251833957
418218076
567743383
548644477
36734452
929055008
258292343
580456575
351497386
120048
826917128
547457446
25448122
657292857
665326603
736220652
437257390
716870775
972851632
396651239
794098399
157226098
835698718
84072466
232589189
663311505
24295530
629678161
147539662
422048628
922916988
978050604
861648791
784808667
410479322
12819090
886421616
619979519
965048363
188901831
620757840
892069209
27
539784421
213962595
545296067
711847157
265198569
128703806
601399783
916424568
370097262
870659910
655445629
743662976
662243732
348817133
90036
788234787
919780387
660431063
992970264
451299393
2562
677790002
951719899
498076835
916424568
450550369
4306630
904523355
345644011
550858423
766511814
618225919
588251207
2531012
177487770
973350659
888094403
666429760
413244076
958961208
391731671
755294223
593444208
576382419
557916080
898658969
253184834
239879727
406161738
285477548
197913175
595117708
589462900
406910627
800230905
367659917
527239949
355495760
678317417
607601860
936533286
276857961
969422506
461744411
65026
447280354
330077455
353212072
153188316
991193995
8455851
333838339
979993461
534620284
885873938
305323598
677959043
798099720
653977107
465186
988122426
80765583
317957201
440007216
715782676
928009833
954308713
111024864
500198581
745655897
424379852
718643698
30
294879761
985500470
754231108
371703134
68757648
797052827
350944623
936222917
8552205
370459563
580966607
465186
344300188
699230456
712665106
429037484
550298191
132190929
216886512
592222506
580888635
704196098
297398567
15093987
466661823
3802853
53806301
649082124
797584170
976847982
948711802
727761693
625948565
708500471
589776208
580123632
228257307
981350768
726511745
6
247947265
202451536
629430561
22937115
908848802
363009752
589231315
736098695
938855018
906115565
178272915
528892156
183792768
964730051
676923097
324315914
904845897
232854615
939755042
554600771
920413848
22
618797267
311140728
694238912
937795859
732637537
801164719
468705085
636115380
713863194
502
474579523
284880461
428497276
948432124
267560694
291362010
286169349
877374854
411245837
258825477
788382257
869745347
966236912
412441355
893897208
264857681
39235402
192174814
45066341
158824819
487165385
253055182
979132952
93213051
279133883
980077765
74802239
501635279
573739715
889189449
297644133
68309941
152688732
736614272
863945042
439386724
448741807
923362106
536692721
197561501
321805602
241522068
433787443
105837172
540557481
280856168
73
382023711
120022313
239910473
102154830
605693773
361289244
948707882
819630087
257
846759557
475576180
202451536
788925213
646434900
173045391
47357625
736283703
224872842
94774785
906475121
832870689
11
817485283
997566069
188375832
232198750
588452776
578599270
81702531
844270509
533110483
526733426
197820125
811833341
289621723
883157563
632051593
2040316
474301394
1295518
650742628
282604278
145092344
544944721
224521066
111331628
964385169
798606085
317160730
169700690
239645992
367435931
338756792
118684174
855385117
947134707
297760111
665575195
602385243
250651448
890518668
343626827
968993588
642915037
247730838
404775720
378855918
137803146
776735782
85877870
905076586
268007122
192488680
543631809
952482162
981415802
528245508
879185265
220860443
928704139
334566232
27
951951712
487879027
159711486
519235469
202592324
420118762
852614470
116704136
607998681
721685867
310261318
209568738
829997438
770351163
282168011
925396525
940445621
123413421
535317943
106733715
154
794585330
237747744
73694043
942513941
838056905
93940415
836420616
188694781
123445512
641778315
986302936
705507224
601773828
1344
8943053
263176427
514299916
7384778
288908398
433744720
343210504
130362012
213576541
676083092
355442284
506440163
145058
717086300
912734883
444071816
141452328
210608815
799492867
728607876
325218916
689256649
364795952
673781270
368351268
435720862
30012
697919452
287147273
894155897
458480437
253264196
185446343
487855923
953078294
938760079
278194576
323986037
564050849
501715529
412749661
888498500
751524954
1307401
952
483843126
891676542
138984378
14949178
450792836
407572155
339300285
11448542
464674486
830033779
941574466
87538986
228675138
817876340
914875173
620168411
626734917
367805084
864000266
62411103
641449709
199520802
897642350
335624181
542493635
650615806
409761955
479949647
497381348
57097849
950251364
524365471
646002317
634533770
133784828
451481863
574574740
726230540
364911428
488295032
998209853
88472728
784644571
70925860
476847415
498158926
271118121
65657501
235562349
851510618
371830787
633211037
66865685
293206455
370826
833776691
589542798
731637049
707512506
860726537
56148678
56733052
497508532
3321281
416274875
746196866
691146652
42770526
224246077
949282432
18973165
851300167
95506591
416072895
6623932
528372327
763314133
344066823
601487705
644948403
838216289
77901631
586843074
95198557
415015026
249659954
247989073
24894911
312379764
834079146
547424710
675422365
915287795
850215211
715015965
574540577
734949624
481947704
65
909385380
338946610
257067733
609433685
864860848
572652910
277725050
120631445
433810647
791701080
743420455
794453811
622343599
353027171
505964437
649570041
972382759
757480722
869720
119674425
360995171
328461666
75816108
783061219
991499735
674984764
669782169
557771423
383089097
169601567
797236689
708292032
645436145
401443613
629209638
364639648
48909914
401587473
713250352
964216293
45073865
958871181
132223039
521954315
713776811
847812834
590236
287517091
500072437
740759145
247813186
96940281
456830521
350968734
675405081
930553284
789474563
271203400
941603682
67921217
679390381
577715953
289083134
468828310
202495244
319485879
56997440
400241595
855307102
30039062
292020997
959099980
568517142
180393302
686372745
101316829
910485084
370727520
852031603
765894146
674029567
176927846
679128608
918465172
942651575
202197358
136153333
141375984
950668743
658593864
496336702
560135785
315776499
458844145
997607244
569932973
833803573
424200872
669851964
640669390
489309405
197943570
707200203
843229815
400737717
423111158
377976129
48059601
316392630
373992947
677760848
786953762
224983066
856904600
161101614
70612768
840393132
86927460
579800984
447488768
956438349
804046126
903902826
63816392
694268357
382573560
549684727
692837159
627903225
265954923
231116538
951225284
95038
532432132
501822265
424239084
393787805
70088632
814659158
631633445
652482333
294443491
271663910
568075943
42
531639291
877761279
961744538
782795978
58837518
805458328
459762878
699446195
432841435
554838232
352390810
94132606
989740584
820533281
207342277
40032604
107308202
973783217
166123544
463106014
53427381
13784407
918268178
52812335
628361779
995664883
61197767
464417619
649273678
449159303
624750555
862288937
59707610
350140
91969954
818014607
314067067
748855742
20008
457846052
289438137
616045902
980114443
279310475
386609778
829652977
282604278
148305181
292836805
420881767
274664380
282778649
802506835
402476413
875247377
291797499
583925476
871323416
640221547
474033309
518424896
502922398
808562451
745760194
2204122
213474970
338799652
836292378
755701690
201296456
941611474
648861685
141594745
522090781
310547036
442471137
177484735
696365308
8738494
50013201
627798033
596251530
381282843
483396055
953862855
337675677
474035172
656559963
825121261
617961990
85353735
425008638
230307390
703061733
731285249
404249227
186815477
115250470
209393642
760012928
521934002
51831783
797209482
852145498
258069372
858101361
778214975
451173935
251953014
417291000
908720427
752189459
362183006
544940724
284312838
452445809
506
946878754
22387082
832375352
73094274
588762
450403789
596171711
497174283
572430857
37775572
748211808
390481666
706587153
706317410
125344601
557916080
208197810
645987126
307174544
593189101
301117944
710786333
700300913
487982053
55226010
681967352
25629936
72596130
509991690
947829512
619071301
451277248
653547439
764047422
306517754
722621295
280527443
810976905
302315106
309088245
631513632
830653539
654124042
797885366
737273943
824165112
578806202
712834961
574557834
46790076
594258110
582408511
818917276
520266957
67050218
851305469
963523666
507606705
941534017
352909899
491018707
379138896
55132247
141994903
587662471
36457142
447620437
556742601
321285118
217993361
500661528
475783527
618921451
658372377
526692048
39511396
676039753
697933524
243359160
609955686
195608327
641165106
903230559
967991265
805544374
583581434
784576100
214386199
337593142
764780111
495602464
855035493
579098212
327550806
23179807
455092241
729032762
606227352
959101109
463830386
325195039
949274875
664953775
587111445
234
8248145
754577847
133410819
779829291
513282755
617592949
141998509
744402391
36162518
677869642
549890964
342008773
697857275
940383936
857174296
93088338
256340565
843248144
775444875
877065404
53201306
744136870
971096196
855976624
