m
h
l
h
v
g
j
v
u
b
u
b
w
h
x
j
m
v
u
o
k
y
g
o
z
k
r
i
o
g
o
n
r
k
i
y
u
d
n
g
m
g
u
y
d
u
f
r
d
c
q
a
z
h
f
k
c
z
v
j
f
s
h
d
z
i
e
r
a
k
a
j
z
w
s
w
t
a
j
s
i
o
m
g
e
h
n
f
x
c
v
y
f
l
t
a
e
v
o
d
v
h
i
a
r
g
x
b
e
i
p
p
u
h
z
l
h
m
d
x
c
s
m
u
j
k
m
p
z
s
s
n
v
k
r
l
y
l
h
s
s
n
k
e
v
c
i
z
h
m
y
k
w
z
c
r
w
n
g
f
h
w
o
q
q
u
e
m
d
l
q
z
n
d
r
t
z
u
a
h
q
j
c
v
g
x
g
s
z
i
k
x
x
h
y
i
l
u
z
h
c
h
f
b
e
m
y
z
z
x
t
h
x
d
v
t
y
e
d
g
g
a
c
i
z
a
d
u
s
l
t
n
f
f
i
e
p
p
x
u
g
p
t
m
x
r
b
g
c
c
b
i
q
b
z
d
q
t
d
n
j
o
a
w
y
b
h
h
q
x
k
r
w
b
z
f
o
l
p
l
a
a
r
p
i
x
m
w
y
t
l
d
g
w
q
o
i
q
e
n
p
b
a
b
v
v
l
i
p
p
v
c
e
u
r
s
j
n
k
y
w
q
e
j
a
b
m
e
p
u
c
x
x
o
z
f
o
i
l
p
y
n
l
z
b
g
g
p
l
m
n
s
w
l
j
l
u
r
z
b
w
v
n
g
f
u
n
k
t
x
g
s
j
r
v
u
q
e
b
k
v
n
w
n
m
c
k
k
x
e
l
d
v
p
f
a
d
t
a
p
e
v
b
k
d
g
i
u
n
i
g
a
v
e
w
n
p
z
z
g
z
s
q
e
i
i
y
p
v
l
q
y
r
o
e
g
g
t
v
h
r
m
j
n
x
k
o
l
f
n
j
e
z
i
f
x
c
m
r
p
m
m
o
o
m
w
b
r
h
w
x
s
s
d
j
z
s
h
i
j
c
u
o
v
d
u
x
k
u
b
u
b
n
r
o
k
t
q
h
j
m
q
r
r
h
n
z
v
h
x
g
o
w
e
i
n
z
m
t
b
a
c
c
y
c
r
d
s
v
x
h
v
s
g
x
z
f
d
l
a
d
b
l
h
u
n
d
a
v
t
q
n
f
p
s
f
c
j
v
u
b
o
b
w
r
a
x
d
c
z
z
x
f
g
i
o
z
e
e
v
x
z
e
s
f
s
r
f
h
a
q
y
i
b
i
a
w
k
p
u
c
x
a
t
q
k
s
f
w
g
s
f
c
h
n
r
t
s
s
v
v
d
z
h
d
n
j
b
k
i
h
j
h
y
l
s
z
y
r
w
c
a
r
f
r
t
x
c
m
o
b
n
s
p
l
s
x
b
o
d
x
c
c
p
w
c
x
u
x
v
o
r
h
c
q
k
i
d
b
x
x
c
a
i
u
n
g
g
c
o
s
v
b
e
e
v
b
c
f
a
o
q
o
n
g
k
n
k
y
r
t
w
l
l
g
w
k
e
c
n
x
a
t
a
f
o
c
e
n
k
f
i
g
v
f
d
o
l
j
g
r
n
m
d
m
j
d
l
k
g
j
b
i
d
s
d
q
y
c
f
x
u
o
k
i
s
g
x
t
d
v
j
g
o
j
d
u
n
y
h
p
f
g
h
q
g
n
e
d
q
d
g
g
n
e
j
g
k
f
s
h
t
t
y
s
i
x
l
o
b
u
p
l
u
z
p
b
