-1
-1
-1
-1
-1
-1
1
-1
-1
-1
-1
-1
-1
2
-1
-1
-1
-1
-1
-1
3
-1
-1
-1
-1
-1
-1
4
-1
-1
1
-1
-1
-1
5
-1
-1
2
-1
-1
-1
6
-1
-1
3
-1
-1
-1
7
-1
-1
4
-1
-1
-1
8
-1
-1
5
-1
-1
2
9
-1
-1
6
-1
-1
3
10
-1
-1
7
-1
-1
4
11
-1
-1
8
-1
-1
5
12
-1
-1
9
-1
-1
6
13
-1
3
10
-1
-1
7
14
-1
4
11
-1
-1
8
15
-1
5
12
-1
-1
9
16
-1
6
13
-1
-1
10
17
-1
7
14
-1
4
11
18
-1
8
15
-1
5
12
19
-1
9
16
-1
6
13
20
-1
10
17
-1
7
14
21
-1
11
18
-1
8
15
22
5
12
19
-1
9
16
23
6
13
20
-1
10
17
24
7
14
21
-1
11
18
25
8
15
22
-1
12
19
26
9
16
23
6
13
20
27
10
17
24
7
14
21
28
11
18
25
8
9
39
36
39
34
48
38
16
57
33
17
46
13
36
31
46
32
46
41
35
36
25
34
19
35
30
56
24
29
10
40
16
38
37
5
31
53
28
52
28
-1
29
32
21
41
53
43
39
30
15
32
34
33
28
46
30
28
25
21
26
51
18
23
38
40
21
14
40
48
50
47
22
31
27
17
24
15
29
2
36
35
51
42
26
27
19
25
17
23
37
49
33
6
25
24
40
30
36
51
17
198
134
270
49
267
71
155
256
90
250
271
245
285
57
47
50
36
30
258
93
145
86
48
225
229
224
121
211
49
117
129
36
46
138
23
190
4
262
280
149
179
58
152
167
140
57
211
34
246
184
62
37
111
94
20
190
280
175
168
115
122
233
13
227
188
211
168
273
77
155
232
99
198
127
252
268
57
124
97
125
171
79
245
85
151
100
274
65
209
172
240
110
219
64
33
81
152
259
98
192
1431
1076
2646
2079
1195
1077
2376
2382
1983
1642
2241
2145
1399
47
1447
564
154
812
1241
1254
1000
1541
1900
31
637
400
1908
2045
219
25
2190
942
2060
1460
2723
1962
1451
1750
1992
1324
54
1401
292
1436
1896
2507
949
899
572
155
2335
2610
2354
567
610
2520
91
2076
2710
671
1578
284
1692
1506
1816
1325
1436
492
2417
2281
1156
111
2608
1851
425
1116
335
1162
2186
1018
871
341
460
1048
2054
571
2348
1816
2229
1089
901
1261
443
878
449
1060
2635
373
1629
369
2102189
2068576
1370274
2710429
227092
551536
1016386
404021
1073972
1199553
1594178
1805487
363763
2424802
2209533
1670502
2003405
2331986
57553
64776
948799
2500987
811262
1297284
2339124
2072927
1200666
286246
2205409
2249715
2325976
2320482
1577509
1098417
908665
1525030
2275015
1642368
1647763
1340607
1622263
1637836
37571
2326006
449302
2383798
656263
372958
1397477
2088800
1899610
1082356
402002
2526588
25138
1460561
79848
248448
2329940
2140653
1930086
2575074
2116487
1288200
330486
2290833
204822
1795568
1311939
99012
522629
159739
35707
144135
1340436
140426
285752
1584203
2734560
2356974
1283942
577325
1480827
1426482
662580
2681367
2108627
2135090
2107513
2576884
1021584
57466
1812670
57196
1142171
1318558
2586351
579149
2496324
1058867
138789235991075
887523761263490
276394509872482
277526525239055
649276677365790
316338827619440
1862321447217267
42815675092521
1397795794692489
446894642445909
409264406547762
2240758515217316
1586030293088511
703396104135460
1282837928977513
593487798923729
2331410383727386
101866759412497
34626623731467
1008592320894384
650994572999641
1302706729453285
316487724305562
880226356061909
16152255330597
9038581459263
916527377342353
1670104624597989
1412356256422486
822334523624254
657435570806946
183534804221845
465401039584119
1520513206648768
1169223562949009
641910787654023
2506894776637674
11575335552341
91096485575511
571224881772984
1219586243726489
134268433680391
297804487898237
397000225193210
26436090351959
1164507120987400
1682949311151215
4584081999921
62874392355863
565410857591157
2633355562898835
273666219107390
587843246688314
727744979915419
1078469338701808
53785644012437
169700244519285
222744951020723
208881604863146
2250903961080905
707298957145050
1047353248234939
890072210713937
1256729847090609
1171690598179008
872801800878930
1481589393767893
2012775575778995
9109249547325
1181230395497326
308642322384144
693660418375499
404615375034527
140123843473688
685569180054920
1368415913944877
38834260018952
250747110598362
847610020608
799956247249047
148137901865396
1122358237905306
11210611582525
605845136775845
679413031368433
13607464966778
127278966085260
15918581358543
1381672104150116
1418952938876488
2176099836384484
600663520052064
513555173316112
1812253601929295
1493751357153623
1051582518482133
381003250851742
11719813856502
2236131038109
12255372004608
235560053357346
806636442275455
1375455135259586
99709758820984
940195823856900
61291604655164
724866768578827
159462627258976
1802078427719764
3365476049878
173735389616777
570680858267617
1077806461212590
239191410160373
133972436108553
1245009272817722
7469276448876
560146857744433
593974773514201
619909718413685
871699117976189
464209782687633
71125067658531
828966373986132
1146309764472916
476904661348788
130375159672631
1044614656034870
207591412275060
150883114774732
357608971371663
1064413293261441
12909181471278
235106643325914
305174646385280
263991479133382
1601991803896139
656164649592318
6854501441331
1045387367350061
1277166077250031
821756727955583
747911495701351
166643252437085
1380818602318898
1503936197225705
18666136845810
431883665261623
93634071203392
583384165611879
2060553660795851
654102637650348
1151638893828157
1076973048917973
235120708225468
304349035537494
332277396674712
359581927444018
265670778324110
554856320223273
1148360010110975
356964276692480
11902684096003
3073821715737
385206357849232
55649480830312
74166355483956
259907358600876
409807633887466
309689418683531
67411597783180
401071283360210
1882048773877250
2193551885991387
1704953994102494
2303217188918436
1078573207445217
15996937815106
41793002949342
129578855914438
1121573025012670
40628723116663
157218532279874
78951159231469
17429489406544
170965190536250
1134188213787048
1204454749311714
68266706965410
57146192908725
1541449456456333
1187393081831582
20882582515537
317218665173506
8109258437048
220885830819062
569390408058071
32484426615819
111356094549991
958354242955297
330790716603904
22397455252713
13642535465869
278077913530425
883029827982590
1634075041855510
646072408906259
726246455299167
338717128513086
39164088700305
444599931163047
1222010044960063
47534495026991
757360184576552
29808739389076
1070552202556929
143653665690264
126828630510499
69694664026721
128068596715984
36897892133287
360814712258069
377868280000527
650645458418505
26734797869046
1016314148965111
1222844752756901
177325333760691
472967839755730
654748953876526
7337803024179
1524899377698998
472068140920236
365192056854188
286776250947138
463184446805789
521550097296330
27299990126631
350497308058039
363778018245933
686377319567617
2654950956736256
281890468516800
583095484394564
14054913666969
613671590803639
757299516157517
783017629483319
132721296260683
662816227869119
213409247491510
52864294025311
253854577071158
186181065247752
1643862042772
236757509675560
2331744762697495
618498984469221
9329939792088
589919788382738
36209483419688
829657962613161
1188858916492950
1774471338675799
112690336489346
123968100519099
840052503349464
1141767951691794
1749377090570694
21037475827680
168986983985204
463442422759986
917130544086643
1711863049926200
293505883278976
1978016554680240
1455610059515128
379840559526000
1582278179802629
687102544414010
2387065521786936
141228265590731
152870172264980
71591820607100
883043440247377
198342795803688
59809336001065
115851538277412
1239816399853812
1096912662501127
379595208118342
1435226703188081
283906872963708
28318115873442
3618560655107
34043480538714
1697287023719854
747171538115412
279347436466065
54608273772469
763375123494780
32192707658412
321192202979597
857955356957732
342893872558929
1796583373199499
291480621948805
502803391774332
1259417172227101
682467439043904
410625030980458
259659516606197
1441474667705441
1796262979914835
279568650800636
378347884671881
911736451543064
219961759714143
367174514225305
427307034496996
9912634815066
862535880262207
158888948217932
16490962202536
350020052718928
1536436352836946
189802370380776
75151962303137
927460968450494
66272711207898
512742049475185
1406048672515611
1017829551773119
379344433708570
164678128508912
665814794865159
393785351903067
1100106267748735
448532592234410
1288198705719572
852893623864632
15138145028284
276050396934
18552836906957
2281000435333888
529206055375843
409490672132553
102924873492040
714727563731779
366455017430876
916851761774332
1097719706596226
37247623820002
735630349904910
671951612700628
670949915685761
598740734438919
194888895808994
714930641817078
4515857063030
799183600367
159257610118159
501763578788068
490533471335859
360410756267964
1381361104601020
1005094643257789
2212212848555489
1656483436246986
13900642810382
379793684033192
963081814563040
304209187766310
18672394435928
1650363473188336
25294951630781
798548646143172
822680536229436
28574710162877
760252653270656
1345131786679256
2272257653709264
76280983796754
921131045243648
2384408761331019
119160882209966
179975938212045
885179431615834
568137384618789
761934737893075
1243924625497066
126382487119850
178351496605370
2431683853435769
744425211585861
76500447966819
2443271490606660
2027059434925394
1904523722687114
2179387518807438
