1000
501 154 133186
501 167 86170
501 441 39128
501 393 109388
501 500 -165945
501 31 322751
501 456 157491
501 241 341566
501 208 132732
501 262 294968
501 12 9307
501 96 420354
501 142 72750
501 126 277976
501 236 118786
501 282 100258
501 70 82168
501 200 163502
501 95 212418
501 285 -78202
501 351 399230
501 80 260865
501 81 127556
501 329 117632
501 124 453388
501 499 101424
501 318 133056
501 358 -201233
501 60 -119167
501 233 64841
501 234 176596
501 166 330114
501 356 7042
501 65 3876
501 453 142837
501 63 -126009
501 344 466604
501 240 460024
501 339 152899
501 202 -14333
501 399 -50160
501 420 346068
501 261 146341
501 158 227526
501 385 313933
501 389 214778
501 307 -108048
501 360 87504
501 466 69765
501 210 10473
501 226 -3547
501 449 250945
501 482 98767
501 323 354422
501 451 -1837
501 474 180450
501 437 212975
501 479 -181166
501 172 258392
501 498 110647
501 160 318860
501 263 -35900
501 115 126789
501 446 202633
501 324 186309
501 129 104330
501 76 390006
501 35 -42055
501 171 82219
501 266 120218
501 319 95908
501 20 402998
501 196 113925
501 308 334903
501 365 -90927
501 410 150033
501 303 37160
501 57 205827
501 315 304577
501 405 -52982
501 434 54113
501 33 31802
501 438 232034
501 403 267924
501 332 25813
501 17 234981
501 395 145513
501 8 155531
501 321 -14447
501 249 266101
501 370 135425
501 159 71833
501 136 70691
501 368 70811
501 84 192771
501 276 150314
501 248 182767
501 48 182408
501 152 210104
501 362 222777
501 247 -73536
501 89 226012
501 296 211148
501 496 158641
501 392 206223
501 16 104637
501 465 456337
501 97 83985
501 501 129724
501 25 239866
501 223 244860
501 265 270162
501 386 377887
501 284 134041
501 269 304778
501 177 30920
501 268 262363
501 388 252382
501 229 372657
501 254 199288
501 54 240703
501 205 301983
501 417 -58207
501 452 -130050
501 148 47628
501 155 -67176
501 74 -31934
501 22 273704
501 255 123498
501 151 250205
501 290 26087
501 470 -25746
501 228 289586
501 164 358766
501 194 333652
501 485 82523
501 219 130708
501 372 197730
501 459 -27297
501 26 266981
501 299 85881
501 402 -147519
501 213 90953
501 322 241747
501 467 265248
501 480 -89986
501 153 235235
501 428 220575
501 464 59939
501 250 85528
501 409 -25759
501 347 -39769
501 488 -284611
501 141 46520
501 338 55797
501 34 -209523
501 144 252859
501 212 273507
501 433 43649
501 326 251905
501 191 -84810
501 93 -23711
501 439 263116
501 123 110236
501 475 -8246
501 369 142323
501 251 276036
501 468 84316
501 404 270352
501 492 263112
501 139 293374
501 355 244028
501 349 192459
501 87 257370
501 489 41534
501 111 365295
501 454 -88082
501 380 298779
501 231 169617
501 188 212132
501 59 321370
501 431 73095
501 246 198442
501 270 -42246
501 75 -142886
501 396 274431
501 49 133943
501 280 157394
501 94 239535
501 186 275306
501 11 89494
501 27 169924
501 427 263731
501 41 143380
501 481 80554
501 220 334265
501 345 -76611
501 343 219709
501 272 183961
501 341 29970
501 53 -10291
501 336 256771
501 82 158857
501 487 -178178
501 43 106217
501 425 272946
501 79 175744
501 387 173297
501 381 46539
501 183 13306
501 484 303859
501 55 66391
501 98 135062
501 218 159490
501 366 -41011
501 422 -286660
501 40 154595
501 476 178374
501 2 319632
501 245 -360107
501 477 56379
501 257 122210
501 14 3610
501 455 -45571
501 67 305584
501 103 236241
501 132 114719
501 104 205935
501 135 9489
501 377 139560
501 275 270991
501 460 133388
501 294 241107
501 222 344227
501 174 248264
501 215 147648
501 494 86103
501 462 153157
501 137 467104
501 450 147143
501 384 276849
501 4 18560
501 286 318676
501 168 -3733
501 193 -17192
501 45 19617
501 256 228323
501 311 114687
501 376 160273
501 197 331864
501 56 240217
501 333 105171
501 373 243042
501 112 235075
501 7 -84358
501 199 -13416
501 175 249789
501 128 258437
501 90 -49631
501 457 -97811
501 73 82391
501 302 177466
501 173 41217
501 244 167796
501 64 65351
501 252 55677
501 469 293307
501 69 114285
501 348 158797
501 238 242804
501 110 192458
501 221 229407
501 52 180289
501 340 227786
501 413 404993
501 62 270128
501 281 -23032
501 279 163017
501 278 206146
501 23 164926
501 337 -385885
501 116 127521
501 162 200046
501 206 -120402
501 352 410689
501 327 38551
501 331 3418
501 3 -21121
501 217 157420
501 201 69702
501 9 280583
501 260 34418
501 398 31912
501 298 55610
501 444 -73653
501 243 159456
501 353 117215
501 180 7803
501 473 140520
501 100 -151411
501 309 66958
501 71 245964
501 68 -235827
501 145 246506
501 91 132644
501 184 -60273
501 209 235515
501 335 108677
501 458 299138
501 58 168359
501 367 -3541
501 36 263993
501 432 99525
501 203 246788
501 195 -66165
501 483 165603
501 182 58105
501 292 100724
501 421 219289
501 18 50193
501 147 225632
501 127 254394
501 436 350794
501 423 123303
501 424 338740
501 88 352908
501 283 84356
501 181 212328
501 146 83603
501 415 -58045
501 242 84228
501 143 197297
501 125 168463
501 463 -16438
501 383 -87185
501 77 266226
501 157 229269
501 253 204416
501 430 45921
501 448 39593
501 406 16915
501 443 170767
501 291 68963
501 235 202696
501 391 280340
501 169 224052
501 328 278884
501 108 68020
501 354 288712
501 293 193515
501 224 170513
501 133 225363
501 312 -229416
501 334 107961
501 361 -29443
501 192 84923
501 83 289542
501 6 193969
501 382 36519
501 227 79620
501 271 279996
501 429 -23420
501 134 229712
501 29 29456
501 19 275660
501 140 243102
501 277 79085
501 408 367028
501 442 365511
501 204 374102
501 314 256910
501 363 243508
501 189 207417
501 198 169889
501 378 150740
501 130 -32868
501 107 176050
501 114 96795
501 346 -87577
501 379 323559
501 407 -86935
501 211 191653
501 131 234540
501 411 178126
501 24 267611
501 435 260869
501 304 49393
501 170 192794
501 350 104481
501 61 -24322
501 273 222061
501 419 302730
501 316 158722
501 216 48360
501 418 -18540
501 78 -38571
501 287 -51507
501 461 -26936
501 156 68413
501 86 -35656
501 117 82772
501 185 167808
501 493 112167
501 491 346174
501 51 114848
501 109 497
501 32 -285129
501 42 128833
501 297 259841
501 161 168735
501 121 28712
501 179 36618
501 38 284553
501 426 79944
501 163 255815
501 178 12744
501 289 174160
501 497 11133
501 295 184283
501 239 -221565
501 412 -88957
501 10 -434213
501 122 285718
501 21 239349
501 214 206073
501 232 199657
501 374 97700
501 394 206289
501 105 100702
501 301 120173
501 310 59779
501 317 192469
501 66 285170
501 306 333546
501 37 232642
501 288 222142
501 274 106276
501 92 -12601
501 416 341040
501 313 122308
501 187 168460
501 414 255417
501 138 280633
501 357 64136
501 13 222865
501 397 -17989
501 230 352244
501 150 154495
501 165 -260688
501 237 91873
501 447 297763
501 118 191679
501 102 303740
501 44 49056
501 120 231666
501 371 341912
501 478 195388
501 495 229876
501 486 131844
501 305 254490
501 400 359770
501 320 216850
501 176 244327
501 325 -44977
501 258 207204
501 490 106890
501 207 -99458
501 267 436180
501 342 -61225
501 113 334608
501 330 -41038
501 440 -75039
501 47 198403
501 300 239750
501 28 299458
501 99 256397
501 5 -771
501 375 340209
501 359 142531
501 401 156991
501 15 109358
501 149 330111
501 119 -49683
501 225 118447
501 85 208177
501 101 261321
501 72 214847
501 106 283735
501 264 158891
501 190 379475
501 472 132762
501 46 -96005
501 445 96462
501 39 134711
501 259 245977
501 50 236579
501 471 -31348
501 390 103092
501 1 374211
501 30 167818
2 167 136006
3 441 261638
4 393 168719
5 500 94344
6 31 29322
7 456 51401
8 241 -41601
9 208 168050
10 262 7920
11 12 225477
12 96 -24973
13 142 219725
14 126 42708
15 236 274887
16 282 340653
17 70 274215
18 200 125073
19 95 217311
20 285 327343
21 351 17691
22 80 67667
23 81 212338
24 329 120470
25 124 -120502
26 499 281656
27 318 151168
28 358 496094
29 60 265790
30 233 255463
31 234 150914
32 166 69559
33 356 342658
34 65 233146
35 453 135135
36 63 345142
37 344 -108720
38 240 -58080
39 339 65114
40 202 366823
41 399 194669
42 420 -49206
43 261 179808
44 158 73011
45 385 68888
46 389 199766
47 307 282347
48 360 290793
49 466 126431
50 210 347200
51 226 204760
52 449 48537
53 482 262840
54 323 -81052
55 451 323707
56 474 182801
57 437 67562
58 479 514695
59 172 48297
60 498 258933
61 160 47951
62 263 321275
63 115 211012
64 446 115451
65 324 146135
66 129 216427
67 76 -43952
68 35 265385
69 171 198665
70 266 54100
71 319 233723
72 20 20816
73 196 23951
74 308 61103
75 365 326269
76 410 76098
77 303 277546
78 57 71245
79 315 87124
80 405 317539
81 434 259712
82 33 157750
83 438 106933
84 403 165262
85 332 152458
86 17 99532
87 395 222823
88 8 64419
89 321 108375
90 249 119576
91 370 120389
92 159 235004
93 136 104298
94 368 219359
95 84 78858
96 276 108682
97 248 178069
98 48 207210
99 152 25096
100 362 68093
101 247 314226
102 89 101705
103 296 101601
104 496 183438
105 392 134298
106 16 77163
107 465 -640
108 97 23062
109 501 254348
110 25 109279
111 223 124266
112 265 144070
113 386 26017
114 284 181374
115 269 104145
116 177 229228
117 268 12002
118 388 14068
119 229 86859
120 254 86773
121 54 162194
122 205 8075
123 417 177964
124 452 489523
125 148 331113
126 155 313281
127 74 192192
128 22 89432
129 255 -41536
130 151 73353
131 290 214086
132 470 421984
133 228 5907
134 164 26351
135 194 -22336
136 485 198730
137 219 228324
138 372 168369
139 459 194729
140 26 -34627
141 299 245129
142 402 267823
143 213 204607
144 322 84659
145 467 24810
146 480 379316
147 153 77865
148 428 107450
149 464 210409
150 250 191155
151 409 211369
152 347 442301
153 488 490495
154 141 250844
155 338 100550
156 34 397387
157 144 178387
158 212 128600
159 433 171488
160 326 120813
161 191 219073
162 93 180269
163 439 104563
164 123 118049
165 475 213407
166 369 82814
167 251 58383
168 468 116792
169 404 24178
170 492 20979
171 139 27719
172 355 47960
173 349 77356
174 87 138186
175 489 233858
176 111 -57619
177 454 420541
178 380 25530
179 231 156332
180 188 168792
181 59 -56228
182 431 226905
183 246 97830
184 270 272850
185 75 438662
186 396 210348
187 49 209801
188 280 219319
189 94 167768
190 186 17450
191 11 131067
192 27 154453
193 427 113620
194 41 151742
195 481 239252
196 220 123067
197 345 273018
198 343 25423
199 272 234331
200 341 192722
201 53 248326
202 336 67736
203 82 98570
204 487 342608
205 43 165664
206 425 -3533
207 79 167806
208 387 44983
209 381 228484
210 183 197694
211 484 79570
212 55 250284
213 98 166386
214 218 153945
215 366 149477
216 422 408741
217 40 166709
218 476 43102
219 2 -11853
220 245 525236
221 477 233627
222 257 120197
223 14 234572
224 455 267342
225 67 31186
226 103 123883
227 132 178935
228 104 9257
229 135 302258
230 377 82043
231 275 74848
232 460 138937
233 294 33334
234 222 -70800
235 174 103823
236 215 238741
237 494 -36668
238 462 120969
239 137 -80706
240 450 138130
241 384 91693
242 4 331022
243 286 51020
244 168 320703
245 193 337549
246 45 272130
247 256 -29964
248 311 175959
249 376 50569
250 197 40221
251 56 27236
252 333 155295
253 373 111522
254 112 129757
255 7 343460
256 199 164585
257 175 -17115
258 128 21551
259 90 221693
260 457 196183
261 73 137614
262 302 139518
263 173 84145
264 244 121833
265 64 2269
266 252 182206
267 469 96568
268 69 221524
269 348 104242
270 238 68658
271 110 62335
272 221 148995
273 52 76251
274 340 120812
275 413 51493
276 62 96995
277 281 396167
278 279 79541
279 278 112750
280 23 337338
281 337 636359
282 116 213067
283 162 126358
284 206 348082
285 352 139079
286 327 195178
287 331 441875
288 3 155778
289 217 246478
290 201 170784
291 9 81613
292 260 387393
293 398 222114
294 298 232441
295 444 267242
296 243 188852
297 353 34995
298 180 357268
299 473 152205
300 100 467780
301 309 139727
302 71 14272
303 68 506638
304 145 52363
305 91 247876
306 184 231282
307 209 37320
308 335 145363
309 458 125744
310 58 135362
311 367 235529
312 36 230138
313 432 187556
314 203 85130
315 195 436827
316 483 51947
317 182 237788
318 292 286341
319 421 82333
320 18 401758
321 147 76679
322 127 -35452
323 436 86897
324 423 181503
325 424 36670
326 88 48072
327 283 108493
328 181 171728
329 146 14774
330 415 142326
331 242 185643
332 143 196521
333 125 165855
334 463 299528
335 383 384943
336 77 110457
337 157 78878
338 253 121745
339 430 205736
340 448 248283
341 406 369757
342 443 231947
343 291 259291
344 235 175683
345 391 63689
346 169 129798
347 328 126608
348 108 123915
349 354 125041
350 293 190445
351 224 318982
352 133 98660
353 312 488398
354 334 204303
355 361 294806
356 192 216968
357 83 107099
358 6 102136
359 382 393467
360 227 222921
361 271 21747
362 429 384379
363 134 110092
364 29 142773
365 19 162265
366 140 62042
367 277 302975
368 408 89860
369 442 45900
370 204 -123155
371 314 130823
372 363 27282
373 189 103883
374 198 20366
375 378 75807
376 130 303929
377 107 262439
378 114 108216
379 346 209507
380 379 -46058
381 407 337149
382 211 225061
383 131 73071
384 411 129139
385 24 44904
386 435 35826
387 304 153390
388 170 106267
389 350 82380
390 61 204398
391 273 164742
392 419 26676
393 316 72949
394 216 171017
395 418 154226
396 78 247782
397 287 215991
398 461 299201
399 156 95715
400 86 276407
401 117 148643
402 185 127493
403 493 60086
404 491 64958
405 51 211819
406 109 267936
407 32 446574
408 42 269803
409 297 207882
410 161 141697
411 121 189434
412 179 260054
413 38 96862
414 426 171771
415 163 109603
416 178 228178
417 289 167582
418 497 316410
419 295 135433
420 239 524119
421 412 195095
422 10 432150
423 122 -11399
424 21 116290
425 214 118998
426 232 226330
427 374 383148
428 394 130232
429 105 225096
430 301 154621
431 310 213904
432 317 102399
433 66 97559
434 306 55227
435 37 -42339
436 288 37037
437 274 256821
438 92 295394
439 416 -63614
440 313 112994
441 187 105679
442 414 110950
443 138 -664
444 357 175702
445 13 147221
446 397 186150
447 230 -16233
448 150 179293
449 165 498761
450 237 268665
451 447 30135
452 118 137308
453 102 83775
454 44 134934
455 120 81226
456 371 35232
457 478 114473
458 495 213334
459 486 54383
460 305 52191
461 400 16056
462 320 -1376
463 176 127966
464 325 278561
465 258 196526
466 490 127530
467 207 540774
468 267 -19964
469 342 136499
470 113 106501
471 330 258000
472 440 408659
473 47 55079
474 300 -18251
475 28 67296
476 99 41382
477 5 298260
478 375 3651
479 359 170680
480 401 146169
481 15 165204
482 149 -29385
483 119 290016
484 225 99359
485 85 87050
486 101 164169
487 72 173014
488 106 131455
489 264 191069
490 190 -12682
491 472 232526
492 46 433128
493 445 224683
494 39 239837
495 259 157155
496 50 112396
497 471 287900
498 390 156923
499 1 30046
500 30 141151
501 364 237979
