1000
501 338 -70322
501 251 -18441
501 296 54285
501 361 92932
501 362 194693
501 276 188095
501 233 145024
501 480 170631
501 202 45818
501 62 204658
501 287 123036
501 246 275640
501 40 295903
501 132 267630
501 494 233301
501 427 86914
501 227 190030
501 153 185395
501 34 -83944
501 376 210228
501 220 112894
501 187 67994
501 455 33968
501 181 43492
501 350 118391
501 93 178812
501 171 -94832
501 475 -66746
501 213 -20854
501 462 238887
501 11 356261
501 375 202205
501 324 74997
501 439 210352
501 28 -173689
501 429 212285
501 200 222057
501 436 -27833
501 77 -60819
501 160 -199665
501 66 138256
501 105 -47503
501 281 291423
501 377 103367
501 142 -204147
501 191 136653
501 31 83474
501 454 -227995
501 79 -200056
501 197 -68341
501 329 -34007
501 316 94045
501 318 410216
501 150 250973
501 467 147126
501 107 -288768
501 151 34012
501 83 217893
501 182 201438
501 135 31760
501 211 325062
501 335 278811
501 86 281220
501 172 33035
501 147 270857
501 82 129353
501 111 393493
501 218 275925
501 500 -82329
501 253 385436
501 139 274569
501 129 196387
501 274 236291
501 235 -40078
501 340 216032
501 21 276323
501 35 -95278
501 154 115256
501 196 81511
501 278 210408
501 468 300114
501 215 42280
501 141 82653
501 457 94202
501 29 196898
501 459 115165
501 81 -90922
501 258 160602
501 229 119017
501 341 427104
501 273 60193
501 430 226435
501 102 65821
501 419 29060
501 282 -52127
501 384 213195
501 257 235615
501 10 -10464
501 74 145451
501 52 46531
501 346 226632
501 302 157731
501 336 62715
501 447 111645
501 359 -31210
501 312 320283
501 43 97055
501 492 143665
501 87 400326
501 116 162120
501 188 157383
501 433 109473
501 441 235791
501 387 -81473
501 298 415415
501 472 376428
501 482 217205
501 404 109529
501 256 309519
501 481 318554
501 285 128725
501 477 149780
501 183 -46720
501 219 193271
501 108 154674
501 453 152628
501 300 -99633
501 440 186255
501 478 152794
501 391 204995
501 109 291428
501 44 119194
501 371 36118
501 383 185729
501 12 166820
501 193 328814
501 247 -32014
501 214 96301
501 308 5052
501 491 309415
501 411 87775
501 495 138625
501 348 69124
501 373 220753
501 97 -73111
501 310 37197
501 228 115713
501 289 490060
501 496 224122
501 291 108741
501 367 34636
501 148 -159011
501 372 81921
501 286 -19800
501 226 282008
501 265 -41301
501 110 34724
501 397 -10935
501 130 80
501 50 -467643
501 401 130796
501 203 6683
501 488 -315627
501 143 223367
501 407 -23220
501 122 250867
501 76 199348
501 451 42941
501 382 256996
501 365 88693
501 426 191194
501 212 3887
501 157 33412
501 155 361872
501 225 217440
501 134 218851
501 284 216926
501 363 -76716
501 322 -273555
501 56 141565
501 330 109321
501 13 225847
501 72 59826
501 442 -102818
501 299 173035
501 334 -24590
501 133 92255
501 180 43565
501 137 170171
501 498 -43092
501 418 222419
501 170 -186306
501 445 342009
501 95 -16774
501 415 -93272
501 158 260667
501 17 -101432
501 476 276758
501 499 429519
501 381 178937
501 67 35860
501 434 115581
501 5 -33200
501 325 181010
501 119 235794
501 264 -22870
501 390 110665
501 192 182417
501 249 291523
501 290 192946
501 217 124922
501 260 229548
501 394 9459
501 221 -173438
501 406 154729
501 90 274618
501 342 199398
501 470 185423
501 255 -42990
501 444 408935
501 118 103394
501 49 -86638
501 51 265770
501 333 98725
501 250 335660
501 392 130970
501 386 302625
501 248 214817
501 269 -159307
501 117 87770
501 400 106312
501 166 -363810
501 173 50301
501 313 -20009
501 380 248519
501 168 169337
501 46 195855
501 461 217211
501 37 55752
501 26 -59418
501 184 91842
501 104 -51576
501 144 -96906
501 99 239551
501 223 190165
501 120 204058
501 328 191715
501 114 187041
501 425 259279
501 403 303503
501 266 84621
501 88 13609
501 186 8529
501 112 -133452
501 100 166245
501 8 208005
501 378 142594
501 201 220061
501 463 167775
501 460 309264
501 204 -32399
501 24 162665
501 162 13602
501 156 -41171
501 92 380167
501 96 336570
501 295 52119
501 41 42436
501 190 195604
501 195 186567
501 449 161340
501 469 99342
501 484 39319
501 370 1602
501 240 -12545
501 179 202039
501 483 229855
501 45 62841
501 261 52659
501 101 130840
501 311 -32930
501 140 202259
501 501 66907
501 271 286855
501 351 180394
501 121 -112266
501 326 292941
501 306 94575
501 207 402377
501 73 277502
501 7 124839
501 54 313796
501 446 -15166
501 263 -213956
501 176 322909
501 402 210512
501 301 94219
501 63 489958
501 435 246902
501 64 31140
501 464 99247
501 283 162495
501 124 277344
501 152 38175
501 242 337859
501 42 238402
501 345 -13910
501 424 169551
501 14 333505
501 131 -89169
501 409 123136
501 57 33479
501 486 149079
501 395 140615
501 414 69253
501 65 -151388
501 71 241268
501 473 294449
501 149 149112
501 69 181945
501 16 -53266
501 458 201493
501 487 161928
501 209 163181
501 20 38364
501 84 69728
501 417 346941
501 344 350678
501 309 10616
501 236 50506
501 61 136618
501 332 237285
501 485 -44255
501 222 241899
501 339 199652
501 38 214115
501 224 126902
501 471 -45221
501 4 263402
501 431 270750
501 98 126862
501 428 227451
501 239 175142
501 410 340101
501 317 183956
501 398 57762
501 22 216775
501 25 49695
501 474 142081
501 466 190150
501 303 94950
501 243 -96675
501 323 214801
501 456 279366
501 59 147649
501 405 90796
501 422 315075
501 358 -62531
501 408 -27145
501 230 457193
501 138 246839
501 232 295717
501 165 338310
501 18 131633
501 356 252439
501 68 273550
501 39 235620
501 360 185642
501 315 67083
501 177 170818
501 364 165413
501 185 150098
501 493 83764
501 399 196637
501 355 137397
501 374 372539
501 280 151415
501 379 235829
501 319 165458
501 78 50938
501 9 148786
501 125 291245
501 94 52261
501 159 -105144
501 91 61699
501 396 106107
501 216 29551
501 252 -79180
501 15 403421
501 307 -27069
501 320 190573
501 262 216114
501 58 137364
501 245 163350
501 412 224160
501 80 194307
501 237 -63258
501 305 247234
501 331 257716
501 288 -7054
501 206 253050
501 174 146223
501 437 157512
501 388 300329
501 354 327324
501 272 155461
501 314 88205
501 36 134462
501 75 -6025
501 327 -77636
501 347 27265
501 343 343887
501 497 219995
501 268 86235
501 279 -70712
501 199 138797
501 241 95648
501 238 79661
501 357 27361
501 136 290686
501 167 -2931
501 231 401857
501 1 52126
501 208 383275
501 55 -68760
501 85 6686
501 423 179751
501 304 -65140
501 452 12525
501 244 -138881
501 450 290602
501 60 116941
501 126 143331
501 194 114934
501 366 -86317
501 432 215125
501 385 313169
501 123 225852
501 337 90820
501 3 245620
501 368 58174
501 234 -109227
501 106 287504
501 198 369490
501 489 358058
501 292 236109
501 297 369313
501 413 253893
501 254 257381
501 189 99908
501 275 115975
501 389 -25196
501 259 53212
501 293 225829
501 438 -12496
501 48 307415
501 146 165748
501 70 224244
501 465 178114
501 267 214846
501 89 211902
501 349 171382
501 421 356484
501 115 238421
501 277 134941
501 353 165293
501 205 317101
501 164 103294
501 169 -77905
501 30 -201377
501 113 77132
501 393 180786
501 420 146759
501 47 26435
501 128 -206328
501 175 220805
501 33 -75226
501 178 291732
501 321 -154137
501 448 90218
501 53 190451
501 479 226239
501 352 150725
501 443 189744
501 145 176405
501 294 69702
501 210 228376
501 490 180000
501 23 341235
501 103 -65997
501 270 113134
501 369 72821
501 416 105907
501 6 81201
501 163 81739
501 27 188707
501 127 360447
501 19 195295
501 32 -25111
501 2 106289
2 251 236256
3 296 67927
4 361 298813
5 362 46905
6 276 87590
7 233 73073
8 480 86807
9 202 96167
10 62 123298
11 287 209772
12 246 148543
13 40 71240
14 132 57536
15 494 47265
16 427 143747
17 227 103571
18 153 187104
19 34 333761
20 376 75907
21 220 270880
22 187 176523
23 455 184306
24 181 327933
25 350 200894
26 93 141438
27 171 50610
28 475 237059
29 213 266294
30 462 149064
31 11 39206
32 375 81375
33 324 236799
34 439 29173
35 28 436547
36 429 101323
37 200 165694
38 436 312332
39 77 129234
40 160 222365
41 66 120198
42 105 181562
43 281 55
44 377 16466
45 142 460207
46 191 163236
47 31 219408
48 454 408230
49 79 426902
50 197 167568
51 329 207376
52 316 122940
53 318 -82644
54 150 104171
55 467 99716
56 107 613518
57 151 253541
58 83 53122
59 182 137534
60 135 204887
61 211 22855
62 335 49367
63 86 18804
64 172 144107
65 147 109071
66 82 144622
67 111 -99798
68 218 77824
69 500 392518
70 253 5486
71 139 112236
72 129 69353
73 274 2123
74 235 -44538
75 340 34612
76 21 31867
77 35 357901
78 154 85916
79 196 253513
80 278 34548
81 468 -38062
82 215 305691
83 141 243435
84 457 113238
85 29 224383
86 459 170241
87 81 391496
88 258 150423
89 229 236166
90 341 -105600
91 273 124061
92 430 183877
93 102 134345
94 419 326182
95 282 200233
96 384 86334
97 257 -87590
98 10 67799
99 74 63127
100 52 305395
101 346 -9220
102 302 160613
103 336 155320
104 447 75071
105 359 92842
106 312 28156
107 43 99890
108 492 181275
109 87 -57433
110 116 43965
111 188 264335
112 433 296839
113 441 31516
114 387 287455
115 298 -88964
116 472 -8892
117 482 61300
118 404 115621
119 256 25758
120 481 7343
121 285 83146
122 477 88382
123 183 284078
124 219 42174
125 108 38718
126 453 17211
127 300 154211
128 440 64670
129 478 105652
130 391 106881
131 109 37185
132 44 73129
133 371 129314
134 383 34050
135 12 106552
136 193 32178
137 247 267691
138 214 131751
139 308 179719
140 491 129104
141 411 164804
142 495 237415
143 348 70128
144 373 6598
145 97 323506
146 310 263695
147 228 216474
148 289 -60206
149 496 147906
150 291 133151
151 367 282339
152 148 343612
153 372 192331
154 286 44612
155 226 104107
156 265 326557
157 110 294689
158 397 113093
159 130 81578
160 50 595263
161 401 97686
162 203 232591
163 488 676757
164 143 124410
165 407 173251
166 122 121559
167 76 179900
168 451 136943
169 382 -12832
170 365 225384
171 426 142110
172 212 330170
173 157 130984
174 155 13251
175 225 41650
176 134 128193
177 284 24184
178 363 383923
179 322 353927
180 56 57737
181 330 45219
182 13 101115
183 72 109801
184 442 374743
185 299 179901
186 334 278543
187 133 369752
188 180 317074
189 137 62480
190 498 277214
191 418 83498
192 170 495362
193 445 -48033
194 95 285069
195 415 148472
196 158 12785
197 17 192148
198 476 50312
199 499 -70219
200 381 188907
201 67 107644
202 434 92263
203 5 257409
204 325 176369
205 119 -30055
206 264 244529
207 390 43597
208 192 178682
209 249 44245
210 290 117876
211 217 230890
212 260 37107
213 394 137591
214 221 435534
215 406 -17950
216 90 121154
217 342 -9978
218 470 113664
219 255 398956
220 444 19324
221 118 175593
222 49 279237
223 51 73709
224 333 66348
225 250 79497
226 392 95400
227 386 109423
228 248 20126
229 269 431688
230 117 286063
231 400 83148
232 166 700232
233 173 245606
234 313 150033
235 380 -16
236 168 288611
237 46 93511
238 461 11161
239 37 135831
240 26 287749
241 184 90167
242 104 301365
243 144 450725
244 99 19895
245 223 84370
246 120 142688
247 328 70350
248 114 95525
249 425 119292
250 403 -2272
251 266 182292
252 88 170144
253 186 231362
254 112 375461
255 100 189672
256 8 18397
257 378 131840
258 201 75453
259 463 214184
260 460 -17175
261 204 272708
262 24 102044
263 162 155551
264 156 57143
265 92 -16365
266 96 35882
267 295 147191
268 41 195151
269 190 156052
270 195 146471
271 449 92536
272 469 226987
273 484 -14400
274 370 118736
275 240 260756
276 179 -9562
277 483 28520
278 45 136049
279 261 151260
280 101 164471
281 311 249684
282 140 251850
283 501 209652
284 271 102216
285 351 106206
286 121 307112
287 326 -21945
288 306 232827
289 207 -888
290 73 52223
291 7 163527
292 54 55111
293 446 133069
294 263 343547
295 176 66959
296 402 226582
297 301 185995
298 63 -111847
299 435 155448
300 64 242084
301 464 219943
302 283 173576
303 124 11178
304 152 282216
305 242 -20211
306 42 86863
307 345 270720
308 424 132024
309 14 12425
310 131 493753
311 409 92937
312 57 242099
313 486 94686
314 395 179148
315 414 236515
316 65 357066
317 71 150640
318 473 -74262
319 149 110173
320 69 -46151
321 16 64424
322 458 104147
323 487 68481
324 209 165285
325 20 156494
326 84 85940
327 417 -4442
328 344 -14279
329 309 193948
330 236 327513
331 61 33988
332 332 -21337
333 485 276189
334 222 1057
335 339 56563
336 38 155388
337 224 108361
338 471 165484
339 4 29987
340 431 344
341 98 129822
342 428 122173
343 239 94260
344 410 -43128
345 317 65983
346 398 216426
347 22 203239
348 25 225890
349 474 173433
350 466 75470
351 303 133498
352 243 372059
353 323 186510
354 456 52797
355 59 109573
356 405 229461
357 422 -8094
358 358 159373
359 408 287277
360 230 -65427
361 138 -6826
362 232 14736
363 165 7484
364 18 19693
365 356 136596
366 68 42953
367 39 52763
368 360 -101572
369 315 205997
370 177 123122
371 364 51914
372 185 25484
373 493 213643
374 399 87849
375 355 257181
376 374 30844
377 280 128578
378 379 -47730
379 319 160560
380 78 140196
381 9 171544
382 125 -9050
383 94 287837
384 159 456005
385 91 147586
386 396 207718
387 216 228664
388 252 471788
389 15 17922
390 307 251626
391 320 66203
392 262 176213
393 58 198032
394 245 135651
395 412 64492
396 80 209583
397 237 280127
398 305 1416
399 331 104636
400 288 187562
401 206 -5107
402 174 197123
403 437 48388
404 388 -47828
405 354 23069
406 272 49682
407 314 118368
408 36 126572
409 75 234316
410 327 346721
411 347 170616
412 343 -29449
413 497 144915
414 268 210124
415 279 31547
416 199 139358
417 241 121856
418 238 142225
419 357 279197
420 136 132606
421 167 290741
422 231 -54990
423 1 93959
424 208 6153
425 55 261013
426 85 273591
427 423 136910
428 304 429399
429 452 305369
430 244 254569
431 450 16576
432 60 109526
433 126 174001
434 194 90034
435 366 282936
436 432 52575
437 385 -720
438 123 76201
439 337 110392
440 3 -542
441 368 215968
442 234 98355
443 106 87354
444 198 10594
445 489 -7016
446 292 102027
447 297 94588
448 413 122462
449 254 4716
450 189 189547
451 275 311573
452 389 141148
453 259 245355
454 293 27923
455 438 89136
456 48 -4476
457 146 150211
458 70 59102
459 465 65071
460 267 -3321
461 89 78987
462 349 180241
463 421 33923
464 115 178492
465 277 62317
466 353 81260
467 205 -74949
468 164 85821
469 169 117585
470 30 458140
471 113 40595
472 393 109748
473 420 26050
474 47 301183
475 128 563858
476 175 146521
477 33 274590
478 178 -29535
479 321 429293
480 448 212257
481 53 -58670
482 479 98849
483 352 191624
484 443 144158
485 145 135796
486 294 207102
487 210 85893
488 490 140410
489 23 16485
490 103 331658
491 270 10036
492 369 245638
493 416 328783
494 6 204169
495 163 167123
496 27 162412
497 127 22481
498 19 52021
499 32 279985
500 2 226574
501 161 292875
