1000
501 5 -13524
501 301 89767
501 380 183105
501 131 -19697
501 373 121209
501 130 105127
501 88 363311
501 483 147090
501 160 375297
501 139 202658
501 501 -87970
501 236 1324
501 260 267736
501 24 12977
501 335 228337
501 204 94124
501 290 -87342
501 318 221062
501 411 378941
501 230 150430
501 404 176372
501 26 254787
501 264 183005
501 114 382745
501 327 484635
501 472 -109971
501 200 44420
501 157 167505
501 401 7613
501 280 311330
501 60 205531
501 293 -74430
501 36 54124
501 237 68802
501 284 73284
501 38 183210
501 65 16740
501 178 155110
501 375 63498
501 211 95666
501 68 136234
501 159 184073
501 268 374723
501 340 108491
501 307 35860
501 16 -192149
501 194 345998
501 377 358862
501 294 129055
501 113 96248
501 321 93294
501 173 -69091
501 2 295395
501 190 243990
501 366 249479
501 174 217534
501 53 -340828
501 365 160071
501 4 328349
501 117 286920
501 286 262798
501 480 429272
501 196 201866
501 345 -30511
501 17 300397
501 172 -85335
501 82 269409
501 349 64703
501 431 188684
501 354 335148
501 463 192533
501 220 146694
501 270 176003
501 183 185650
501 10 348970
501 7 199558
501 122 -56175
501 348 146172
501 266 223651
501 353 116081
501 150 84511
501 168 384388
501 23 217115
501 407 37597
501 71 225390
501 132 407093
501 428 83005
501 142 251483
501 106 30310
501 90 139228
501 471 158929
501 31 330618
501 272 122877
501 101 71840
501 313 101623
501 440 196657
501 149 288668
501 288 221097
501 456 237694
501 432 48839
501 454 -28358
501 476 133716
501 464 382263
501 162 435185
501 95 192890
501 215 47502
501 322 117766
501 235 185721
501 229 128343
501 450 147839
501 367 136540
501 15 181390
501 468 228773
501 351 398437
501 408 357822
501 251 -23747
501 70 364577
501 336 433845
501 55 175976
501 203 201822
501 72 468857
501 446 75647
501 111 270724
501 422 185330
501 493 165031
501 497 123017
501 462 89302
501 342 67714
501 370 239446
501 477 257850
501 191 376486
501 35 233811
501 311 84051
501 248 413206
501 282 65963
501 287 30348
501 116 106213
501 419 54572
501 135 296282
501 180 300021
501 285 40031
501 489 310302
501 487 108296
501 33 426128
501 181 390347
501 228 208754
501 381 213913
501 378 131851
501 57 153781
501 148 247650
501 177 209680
501 346 -55174
501 37 444433
501 305 247264
501 155 299557
501 331 168009
501 154 365471
501 355 288768
501 314 99456
501 303 258453
501 283 347010
501 357 57346
501 414 147755
501 239 406300
501 184 348986
501 275 63599
501 77 147079
501 385 233217
501 210 239587
501 129 65227
501 451 128290
501 475 437085
501 52 466978
501 486 59167
501 75 38516
501 384 121292
501 347 214227
501 28 369479
501 134 331025
501 488 198800
501 219 354716
501 302 234078
501 383 168144
501 341 227738
501 6 306529
501 67 318228
501 397 4362
501 223 335744
501 244 213152
501 374 272226
501 21 274008
501 455 198461
501 125 119630
501 402 163514
501 299 170829
501 466 373993
501 492 112252
501 50 -99280
501 500 -21065
501 182 358992
501 415 67462
501 406 73003
501 473 242351
501 435 250292
501 304 318236
501 315 361656
501 179 119406
501 97 197888
501 147 255967
501 398 356787
501 107 120934
501 448 78267
501 222 205795
501 358 230145
501 218 234278
501 392 185890
501 461 227930
501 289 146737
501 153 34595
501 126 118408
501 39 104234
501 396 296805
501 423 223303
501 102 278797
501 108 160487
501 442 241251
501 188 335033
501 297 284901
501 19 425884
501 382 97644
501 323 81303
501 391 216001
501 242 -41876
501 212 349952
501 245 267406
501 376 418775
501 44 82044
501 372 175888
501 124 330339
501 263 107721
501 484 142835
501 388 29741
501 32 283506
501 470 148984
501 328 175533
501 320 104951
501 46 199804
501 202 96095
501 192 185400
501 224 55603
501 247 90937
501 11 239742
501 495 107353
501 273 49616
501 400 365479
501 269 276127
501 261 273127
501 278 301705
501 424 -71492
501 89 92031
501 140 206443
501 499 200003
501 120 270095
501 371 34847
501 430 250307
501 45 312231
501 267 409758
501 54 216338
501 198 327238
501 338 216957
501 56 296526
501 434 127416
501 87 38167
501 109 218142
501 233 236243
501 296 81959
501 103 -91350
501 403 285423
501 310 -177124
501 356 117900
501 42 207919
501 165 114353
501 452 236668
501 169 435368
501 420 86465
501 58 254113
501 59 254838
501 138 263628
501 238 91131
501 427 -99379
501 96 382901
501 394 96762
501 166 57676
501 279 229559
501 20 314122
501 490 65607
501 216 74072
501 362 94015
501 62 424337
501 12 75975
501 330 322537
501 387 108309
501 240 121325
501 186 270450
501 104 161649
501 317 331593
501 209 193034
501 361 35410
501 49 230152
501 405 258608
501 34 382795
501 213 167450
501 156 -212380
501 326 65375
501 312 210643
501 479 282783
501 112 375080
501 136 314270
501 187 242602
501 201 246324
501 195 7959
501 167 224406
501 164 150927
501 425 173946
501 271 250018
501 30 371384
501 170 277776
501 257 76273
501 481 61353
501 255 75693
501 175 213378
501 43 33705
501 47 221907
501 324 121222
501 234 188435
501 334 259768
501 429 277480
501 91 6883
501 438 262584
501 76 -52343
501 93 172750
501 457 275464
501 197 278856
501 274 195543
501 144 300268
501 390 208281
501 127 336071
501 478 265597
501 485 -203937
501 418 388650
501 329 102883
501 86 -16887
501 399 322607
501 146 35631
501 241 24997
501 369 -144557
501 412 188177
501 410 316079
501 417 110024
501 29 191036
501 3 285292
501 22 403944
501 199 -61968
501 217 284843
501 443 -34383
501 368 218022
501 1 198543
501 123 158960
501 40 114673
501 69 266216
501 141 229948
501 119 304084
501 84 9482
501 337 325550
501 208 133695
501 243 407726
501 105 226220
501 225 293179
501 295 -35766
501 453 -30699
501 231 253415
501 25 80464
501 359 228118
501 449 326585
501 48 277564
501 41 120215
501 79 463885
501 246 348831
501 445 250024
501 51 373558
501 110 232877
501 161 20949
501 14 275234
501 409 115614
501 171 124
501 73 239768
501 151 258175
501 306 187193
501 496 13263
501 458 59238
501 441 266889
501 99 229696
501 262 244737
501 78 194592
501 81 -43480
501 421 180129
501 176 217471
501 128 280285
501 253 198063
501 207 11890
501 259 364133
501 189 9217
501 386 12624
501 8 66861
501 465 -131343
501 80 57469
501 491 -81105
501 308 4436
501 185 -80652
501 221 93477
501 133 155475
501 206 140214
501 265 35267
501 332 74106
501 118 297993
501 281 208623
501 436 126376
501 163 278776
501 319 136330
501 214 -16721
501 100 212494
501 258 174668
501 364 278625
501 444 79641
501 291 292527
501 474 75301
501 193 159544
501 344 308998
501 482 -70679
501 115 92750
501 13 182731
501 252 181206
501 498 167864
501 92 75538
501 205 327651
501 416 108809
501 292 149810
501 152 332458
501 145 421880
501 447 324951
501 256 393227
501 298 174938
501 433 151968
501 363 166447
501 27 351714
501 343 381942
501 74 344544
501 309 243783
501 393 353806
501 64 170008
501 250 88012
501 467 292683
501 352 16028
501 121 409438
501 85 234810
501 226 12358
501 9 318789
501 460 255326
501 459 100288
501 360 222028
501 66 187339
501 276 104154
501 143 113135
501 413 -129931
501 350 221030
501 439 266778
501 63 378065
501 137 70872
501 339 104319
501 379 91096
501 18 88746
501 389 279300
501 254 220076
501 61 37539
501 227 64077
501 426 384581
501 325 181865
501 232 25995
501 395 302959
501 494 457658
501 300 286557
501 333 334137
501 469 4884
501 94 205930
501 316 398489
501 83 199010
501 277 209452
501 249 68775
501 98 501264
501 158 -52367
2 301 -93342
3 380 -45406
4 131 12840
5 373 -43620
6 130 -106136
7 88 -348679
8 483 -67440
9 160 -281964
10 139 -222126
11 501 47985
12 236 82108
13 260 -74982
14 24 20945
15 335 -220646
16 204 -84610
17 290 78080
18 318 -138742
19 411 -170931
20 230 -149610
21 404 -73600
22 26 -171226
23 264 -124738
24 114 -226492
25 327 -292785
26 472 67200
27 200 -62036
28 157 -1912
29 401 -212679
30 280 -241843
31 60 -199587
32 293 212135
33 36 48120
34 237 14672
35 284 -169369
36 38 -85429
37 65 146766
38 178 -174922
39 375 -161357
40 211 -181482
41 68 -260269
42 159 16362
43 268 -217252
44 340 -35768
45 307 593
46 16 372682
47 194 -288517
48 377 -292031
49 294 48219
50 113 79519
51 321 -233296
52 173 -487
53 2 -157420
54 190 -227364
55 366 -202205
56 174 -92771
57 53 412577
58 365 -87295
59 4 -156023
60 117 -113130
61 286 -176774
62 480 -282547
63 196 -195980
64 345 37041
65 17 -231269
66 172 237043
67 82 -182013
68 349 79326
69 431 -67511
70 354 -152767
71 463 -68782
72 220 -55504
73 270 -81252
74 183 -20881
75 10 -232802
76 7 -89934
77 122 95349
78 348 -50076
79 266 -118779
80 353 -140452
81 150 -98449
82 168 -191667
83 23 -164095
84 407 -238548
85 71 -164905
86 132 -316925
87 428 -174615
88 142 -128352
89 106 75442
90 90 -178140
91 471 -38470
92 31 -148185
93 272 -64348
94 101 -126776
95 313 -19551
96 440 -237260
97 149 -103871
98 288 -189827
99 456 -244569
100 432 6102
101 454 -73218
102 476 18500
103 464 -258603
104 162 -272690
105 95 -76660
106 215 82101
107 322 78505
108 235 -249377
109 229 -143999
110 450 -160794
111 367 -3191
112 15 -84141
113 468 -104945
114 351 -187849
115 408 -178100
116 251 -91094
117 70 -194583
118 336 -385271
119 55 -138065
120 203 -177183
121 72 -296133
122 446 23998
123 111 -99652
124 422 -140562
125 493 -15826
126 497 -76156
127 462 -37758
128 342 17955
129 370 -76952
130 477 -164482
131 191 -244632
132 35 -181563
133 311 -173250
134 248 -319731
135 282 -3375
136 287 -122048
137 116 -123013
138 419 78533
139 135 -81404
140 180 -228552
141 285 82775
142 489 -261748
143 487 -74943
144 33 -291095
145 181 -294159
146 228 -126082
147 381 -142387
148 378 -54467
149 57 -90218
150 148 -226079
151 177 -165119
152 346 130688
153 37 -284787
154 305 -182728
155 155 -127124
156 331 -130133
157 154 -217020
158 355 -212829
159 314 -72110
160 303 -176083
161 283 -162914
162 357 -154001
163 414 80023
164 239 -210067
165 184 -221914
166 275 38416
167 77 -101615
168 385 -90804
169 210 -119740
170 129 94199
171 451 -106595
172 475 -297857
173 52 -306652
174 486 -15904
175 75 -22645
176 384 25393
177 347 -113862
178 28 -242216
179 134 -133058
180 488 -160205
181 219 -200663
182 302 -159256
183 383 -112857
184 341 -201938
185 6 -141859
186 67 -203522
187 397 55312
188 223 -132888
189 244 -129828
190 374 -109975
191 21 -219408
192 455 -182653
193 125 -15889
194 402 -101734
195 299 -72954
196 466 -184924
197 492 5573
198 50 211939
199 500 4478
200 182 -207052
201 415 -26588
202 406 -166149
203 473 -102166
204 435 -219190
205 304 -242657
206 315 -128009
207 179 -98227
208 97 -169009
209 147 -104052
210 398 -274534
211 107 -153360
212 448 -78423
213 222 -132898
214 358 -93149
215 218 -162896
216 392 -167448
217 461 -176250
218 289 -60752
219 153 26649
220 126 -54911
221 39 -105771
222 396 -130252
223 423 -168243
224 102 -48166
225 108 -163603
226 442 -25301
227 188 -194531
228 297 -158401
229 19 -333480
230 382 -102273
231 323 -7327
232 391 -148819
233 242 70114
234 212 -219956
235 245 -225142
236 376 -185042
237 44 61278
238 372 -170959
239 124 -183913
240 263 -153826
241 484 14051
242 388 18190
243 32 -221267
244 470 -67540
245 328 -67528
246 320 -30745
247 46 -207475
248 202 -4225
249 192 -233431
250 224 -176161
251 247 -86131
252 11 -144609
253 495 -74636
254 273 40066
255 400 -157374
256 269 -247733
257 261 -122606
258 278 -142412
259 424 -25744
260 89 47296
261 140 -154756
262 499 -188114
263 120 -151907
264 371 59898
265 430 -165052
266 45 -174807
267 267 -234078
268 54 -219115
269 198 -232331
270 338 -152057
271 56 -223549
272 434 7973
273 87 -1869
274 109 -70441
275 233 -82848
276 296 -57034
277 103 203059
278 403 -240604
279 310 -12487
280 356 -24252
281 42 -37660
282 165 -143412
283 452 -206943
284 169 -286039
285 420 85083
286 58 -191451
287 59 -156157
288 138 -170973
289 238 -161016
290 427 165228
291 96 -309465
292 394 17459
293 166 85955
294 279 -110723
295 20 -239117
296 490 -87452
297 216 -124156
298 362 -43926
299 62 -300710
300 12 75144
301 330 -399392
302 387 -18830
303 240 -74797
304 186 -138677
305 104 -162154
306 317 -154177
307 209 -205729
308 361 -691
309 49 -161394
310 405 -173071
311 34 -295046
312 213 -15949
313 156 290472
314 326 56271
315 312 -222193
316 479 -233394
317 112 -185288
318 136 -192286
319 187 -62097
320 201 -153143
321 195 -155430
322 167 -2619
323 164 -201825
324 425 -43546
325 271 -271619
326 30 -190871
327 170 -200811
328 257 -156498
329 481 -76060
330 255 195
331 175 -167527
332 43 80538
333 47 -171894
334 324 -65027
335 234 -109162
336 334 -154742
337 429 -235085
338 91 70507
339 438 -126668
340 76 58618
341 93 -58731
342 457 -93946
343 197 -78084
344 274 57224
345 144 -184416
346 390 -136534
347 127 -261639
348 478 -158328
349 485 235694
350 418 -304019
351 329 19654
352 86 111015
353 399 -162740
354 146 -92909
355 241 73229
356 369 156280
357 412 -31141
358 410 -193265
359 417 -11879
360 29 -112485
361 3 -66927
362 22 -255478
363 199 41389
364 217 -210932
365 443 -60881
366 368 -111916
367 1 -37598
368 123 -87620
369 40 10243
370 69 -204265
371 141 -26203
372 119 -207510
373 84 142148
374 337 -234547
375 208 -101701
376 243 -250254
377 105 -234473
378 225 -124589
379 295 104840
380 453 -4126
381 231 -188136
382 25 10996
383 359 -79365
384 449 -208944
385 48 -131058
386 41 -139171
387 79 -218230
388 246 -195424
389 445 -165260
390 51 -200107
391 110 -207986
392 161 -72318
393 14 -231643
394 409 -117163
395 171 41836
396 73 -135261
397 151 -100853
398 306 -247620
399 496 -171814
400 458 -124667
401 441 -125954
402 99 -58234
403 262 -96004
404 78 -117759
405 81 119035
406 421 -115742
407 176 -145648
408 128 -224066
409 253 -269610
410 207 84157
411 259 -214806
412 189 52122
413 386 -101105
414 8 -33880
415 465 216097
416 80 -39764
417 491 61386
418 308 40354
419 185 55733
420 221 -122936
421 133 -89883
422 206 -20532
423 265 -39460
424 332 96461
425 118 -195193
426 281 -87925
427 436 -90350
428 163 -193781
429 319 -87972
430 214 -10786
431 100 -23574
432 258 -54219
433 364 -207958
434 444 -3410
435 291 -188700
436 474 -195932
437 193 -165786
438 344 -231513
439 482 147569
440 115 12753
441 13 -126407
442 252 -74531
443 498 -102962
444 92 -56042
445 205 -130698
446 416 -67992
447 292 -59969
448 152 -190481
449 145 -199709
450 447 -203435
451 256 -282443
452 298 -62606
453 433 -75981
454 363 -81109
455 27 -225286
456 343 -244171
457 74 -179175
458 309 -47077
459 393 -200846
460 64 -185832
461 250 -74562
462 467 -274982
463 352 -113740
464 121 -247182
465 85 -82969
466 226 81400
467 9 -161806
468 460 -222643
469 459 -38191
470 360 -85595
471 66 -69776
472 276 77532
473 143 -180850
474 413 134570
475 350 31145
476 439 -154162
477 63 -176355
478 137 -51526
479 339 48109
480 379 68481
481 18 -60094
482 389 -275866
483 254 -190719
484 61 -10581
485 227 -202151
486 426 -277211
487 325 -184452
488 232 103454
489 395 -144844
490 494 -233451
491 300 -184990
492 333 -172070
493 469 70298
494 94 -263249
495 316 -307372
496 83 -179619
497 277 -100561
498 249 30779
499 98 -248298
500 158 206161
501 437 63192
