1000
501 341 460545
501 227 175075
501 85 276141
501 264 82061
501 248 312845
501 74 600309
501 133 301044
501 434 52363
501 363 332888
501 79 347416
501 468 484644
501 450 291614
501 402 370207
501 430 157151
501 482 310634
501 479 245904
501 497 338588
501 328 216104
501 10 570211
501 427 194870
501 407 486966
501 263 202858
501 348 421033
501 200 240865
501 391 345872
501 122 64794
501 47 482047
501 235 201880
501 304 139293
501 37 116926
501 437 312481
501 126 448529
501 7 314816
501 72 267274
501 224 301157
501 99 373495
501 332 110567
501 175 81191
501 33 156451
501 155 95593
501 230 105579
501 340 277962
501 284 184772
501 169 238724
501 280 306137
501 239 298672
501 57 340980
501 293 271736
501 335 318009
501 45 271770
501 435 230698
501 154 319329
501 379 279754
501 143 250467
501 161 315687
501 283 297033
501 300 270976
501 317 371368
501 491 108061
501 17 251291
501 297 400758
501 397 44640
501 291 403843
501 246 110087
501 118 514618
501 138 275782
501 409 442421
501 422 374045
501 309 316552
501 211 -230815
501 486 130989
501 321 402816
501 500 173595
501 163 227439
501 89 271681
501 140 269038
501 91 508545
501 414 275114
501 311 343175
501 139 285740
501 148 311163
501 342 194118
501 59 151052
501 278 345695
501 354 -58949
501 380 381373
501 384 262532
501 432 434180
501 119 417157
501 501 297202
501 243 269033
501 135 608546
501 127 223316
501 267 323655
501 30 374686
501 207 356658
501 29 252151
501 65 111903
501 320 191601
501 446 107375
501 260 287056
501 113 230838
501 73 280508
501 107 374778
501 223 198236
501 100 500951
501 496 257869
501 54 187441
501 115 174823
501 75 408639
501 32 182475
501 494 327548
501 415 187224
501 318 137574
501 370 133971
501 382 354087
501 457 325559
501 353 516865
501 495 226791
501 408 288205
501 128 251041
501 256 92192
501 358 161445
501 470 364846
501 338 259963
501 394 318692
501 130 277411
501 86 218195
501 322 330193
501 64 -69369
501 425 307140
501 417 250099
501 187 555385
501 372 279848
501 442 467373
501 66 301973
501 493 16109
501 14 434707
501 334 199657
501 152 461879
501 35 332318
501 424 162817
501 116 475178
501 469 293784
501 205 452051
501 383 362462
501 377 215863
501 24 25735
501 78 319364
501 88 -110819
501 237 196558
501 274 263233
501 356 99021
501 62 166782
501 125 195539
501 215 -52466
501 137 520854
501 178 237620
501 448 180776
501 87 409699
501 11 242422
501 172 181530
501 183 123731
501 68 111154
501 298 215566
501 475 378890
501 188 519612
501 316 135033
501 441 506265
501 306 219216
501 9 518816
501 12 337516
501 277 372925
501 331 316628
501 219 408837
501 212 255544
501 400 114649
501 289 377159
501 418 160044
501 312 101546
501 206 -112246
501 67 72079
501 36 83960
501 247 297624
501 15 312684
501 433 105327
501 151 346190
501 458 296891
501 250 315243
501 359 287851
501 481 333686
501 319 449427
501 177 148881
501 83 189160
501 310 338603
501 404 336313
501 222 192774
501 238 355893
501 273 312447
501 31 245545
501 449 172683
501 181 300833
501 108 282753
501 92 344001
501 445 241628
501 344 412951
501 308 268870
501 104 -45708
501 258 228095
501 471 265341
501 61 326374
501 488 400739
501 171 149397
501 330 241345
501 192 312372
501 204 399312
501 254 564342
501 249 182593
501 23 218370
501 371 322615
501 337 128383
501 259 266451
501 440 308428
501 268 534515
501 214 223200
501 203 321939
501 58 261891
501 185 399856
501 164 197272
501 20 275313
501 132 561272
501 285 150743
501 257 356923
501 443 301152
501 423 245718
501 22 397790
501 252 301814
501 202 311098
501 387 338759
501 473 214774
501 352 265294
501 242 267996
501 1 376675
501 305 200791
501 21 158751
501 156 350513
501 360 175630
501 102 381149
501 270 355311
501 492 214439
501 487 190366
501 216 284144
501 232 249947
501 292 450513
501 483 434156
501 41 308515
501 145 266097
501 388 313057
501 157 322349
501 276 385060
501 195 216416
501 149 184711
501 302 429987
501 167 202301
501 166 283074
501 141 441438
501 111 255091
501 381 9504
501 499 308433
501 101 269728
501 42 273405
501 121 -140619
501 93 337283
501 69 296898
501 262 173399
501 201 289010
501 53 207613
501 333 121430
501 142 212923
501 131 335410
501 323 149541
501 44 360867
501 490 167668
501 438 440833
501 55 455235
501 40 327193
501 25 451239
501 77 265971
501 364 308005
501 431 401452
501 220 169950
501 193 336074
501 395 166331
501 245 384747
501 48 390068
501 463 400935
501 282 537186
501 168 140923
501 376 390693
501 466 254440
501 60 268160
501 134 278803
501 295 243773
501 329 589472
501 173 155088
501 392 289391
501 210 318372
501 244 445808
501 241 113417
501 405 209878
501 467 223000
501 349 337062
501 453 277391
501 34 495299
501 82 249961
501 307 288163
501 174 56472
501 368 408299
501 251 196510
501 240 339982
501 345 115416
501 209 -38668
501 314 197215
501 236 360525
501 84 349399
501 90 266427
501 162 179123
501 326 226410
501 287 447938
501 336 267503
501 375 181225
501 165 365101
501 456 305487
501 350 157907
501 436 92691
501 97 256890
501 299 167605
501 477 417580
501 412 109685
501 416 294126
501 255 161114
501 194 210908
501 288 322200
501 420 285813
501 105 441474
501 389 375169
501 459 356129
501 51 376741
501 96 218166
501 385 101311
501 484 289964
501 303 390606
501 410 316359
501 81 177932
501 286 142517
501 347 344271
501 421 203383
501 94 80756
501 198 425723
501 27 266194
501 6 55024
501 261 271492
501 439 385088
501 266 253876
501 189 181651
501 114 317700
501 339 191902
501 476 353296
501 294 315594
501 324 545522
501 365 247384
501 367 389852
501 5 187303
501 269 72583
501 455 -124366
501 184 449120
501 153 363865
501 179 79453
501 403 188353
501 374 293561
501 182 262558
501 406 296293
501 180 117294
501 160 304352
501 346 473911
501 386 240853
501 313 422042
501 217 285579
501 429 357948
501 213 447190
501 327 380041
501 498 396834
501 146 257404
501 123 273331
501 50 327244
501 279 179145
501 38 494169
501 366 245063
501 190 343394
501 159 273236
501 8 237390
501 208 183406
501 18 203564
501 144 159759
501 489 147925
501 80 382004
501 271 -209732
501 447 83344
501 197 430545
501 170 491834
501 351 282082
501 281 363564
501 225 254208
501 129 179845
501 234 404126
501 419 75671
501 465 398842
501 275 335720
501 95 339364
501 373 263754
501 460 215375
501 176 302577
501 70 413042
501 109 79570
501 265 219527
501 147 183976
501 444 319396
501 150 223553
501 315 296526
501 218 261929
501 120 246287
501 290 359274
501 231 236111
501 390 483092
501 28 395360
501 124 287711
501 117 327301
501 56 71150
501 426 342473
501 296 208621
501 474 199775
501 136 410607
501 63 166866
501 106 411553
501 464 367212
501 233 272450
501 226 383472
501 158 174356
501 369 355731
501 112 438650
501 398 235019
501 103 287556
501 399 439791
501 378 229115
501 451 90966
501 454 127714
501 413 333441
501 229 341181
501 396 49155
501 480 286597
501 411 361668
501 46 625099
501 3 -58614
501 52 20400
501 343 375175
501 393 230338
501 76 102838
501 461 125854
501 272 125340
501 478 396136
501 228 291269
501 485 314627
501 98 220262
501 362 104409
501 301 337047
501 401 116787
501 428 174914
501 39 213911
501 325 273295
501 19 362293
501 199 392734
501 221 477478
501 191 245050
501 26 57865
501 196 290818
501 110 391985
501 4 253963
501 49 285148
501 355 323199
501 43 138589
501 71 213906
501 361 165845
501 462 276152
501 452 452114
501 2 518936
501 16 501377
501 13 535961
501 472 312347
501 186 307960
501 357 143829
2 227 332383
3 85 177959
4 264 388496
5 248 284993
6 74 17087
7 133 217740
8 434 388920
9 363 232567
10 79 151466
11 468 132345
12 450 196120
13 402 232051
14 430 427928
15 482 114394
16 479 303043
17 497 132042
18 328 228439
19 10 87190
20 427 309281
21 407 63442
22 263 244200
23 348 68925
24 200 200449
25 391 145497
26 122 384456
27 47 84063
28 235 304396
29 304 264992
30 37 470611
31 437 276374
32 126 115253
33 7 154531
34 72 176493
35 224 230822
36 99 143057
37 332 255201
38 175 335321
39 33 305036
40 155 363530
41 230 307501
42 340 289721
43 284 441467
44 169 340079
45 280 202975
46 239 185287
47 57 134304
48 293 204005
49 335 166212
50 45 291295
51 435 200982
52 154 192480
53 379 175450
54 143 287423
55 161 197088
56 283 242957
57 300 185758
58 317 213114
59 491 436797
60 17 147832
61 297 55044
62 397 311183
63 291 185164
64 246 367115
65 118 78383
66 138 118002
67 409 83626
68 422 139918
69 309 156153
70 211 657044
71 486 185133
72 321 70779
73 500 278163
74 163 255079
75 89 111199
76 140 272043
77 91 70658
78 414 280341
79 311 221209
80 139 252148
81 148 140028
82 342 254771
83 59 279563
84 278 131986
85 354 363737
86 380 168586
87 384 192978
88 432 95718
89 119 167418
90 501 184482
91 243 183639
92 135 29720
93 127 255098
94 267 132521
95 30 117260
96 207 238560
97 29 146299
98 65 447340
99 320 285290
100 446 347555
101 260 156537
102 113 249366
103 73 283493
104 107 220803
105 223 341548
106 100 84956
107 496 296902
108 54 134972
109 115 207439
110 75 205471
111 32 334618
112 494 224349
113 415 298846
114 318 345004
115 370 221747
116 382 186859
117 457 157034
118 353 43811
119 495 293485
120 408 152925
121 128 123552
122 256 198963
123 358 330495
124 470 107636
125 338 263235
126 394 189861
127 130 306274
128 86 204092
129 322 182355
130 64 615287
131 425 177567
132 417 303880
133 187 3669
134 372 269313
135 442 127278
136 66 218137
137 493 571141
138 14 73851
139 334 194673
140 152 52981
141 35 184573
142 424 246842
143 116 100582
144 469 326206
145 205 116022
146 383 115500
147 377 204265
148 24 248944
149 78 129139
150 88 489030
151 237 283902
152 274 126414
153 356 319390
154 62 162583
155 125 299865
156 215 544929
157 137 119942
158 178 276871
159 448 352774
160 87 125659
161 11 171248
162 172 335290
163 183 233578
164 68 453178
165 298 180446
166 475 194455
167 188 102799
168 316 280183
169 441 88535
170 306 335025
171 9 115993
172 12 95281
173 277 256874
174 331 211547
175 219 141953
176 212 213579
177 400 471743
178 289 227790
179 418 295673
180 312 146933
181 206 581510
182 67 447702
183 36 428855
184 247 177752
185 15 149528
186 433 366557
187 151 147197
188 458 177733
189 250 97231
190 359 192574
191 481 173455
192 319 96172
193 177 339696
194 83 294081
195 310 197008
196 404 142052
197 222 272996
198 238 179458
199 273 204996
200 31 336809
201 449 318280
202 181 314486
203 108 81559
204 92 223518
205 445 118078
206 344 144753
207 308 194491
208 104 562477
209 258 219613
210 471 197708
211 61 146424
212 488 238977
213 171 302406
214 330 262891
215 192 272467
216 204 165452
217 254 62738
218 249 322885
219 23 327822
220 371 128311
221 337 296417
222 259 322994
223 440 219936
224 268 52896
225 214 159832
226 203 148010
227 58 247999
228 185 227041
229 164 391165
230 20 295812
231 132 4267
232 285 363364
233 257 175607
234 443 272559
235 423 328453
236 22 122211
237 252 222349
238 202 245508
239 387 180406
240 473 262634
241 352 172174
242 242 264303
243 1 163871
244 305 224189
245 21 305931
246 156 216919
247 360 209466
248 102 101780
249 270 118532
250 492 319572
251 487 380604
252 216 206767
253 232 320498
254 292 100893
255 483 2068
256 41 177546
257 145 283759
258 388 226297
259 157 259256
260 276 217701
261 195 189394
262 149 152315
263 302 207878
264 167 213573
265 166 273173
266 141 131508
267 111 319379
268 381 441994
269 499 94222
270 101 315638
271 42 312761
272 121 441069
273 93 177127
274 69 335837
275 262 265672
276 201 283829
277 53 279642
278 333 298413
279 142 182279
280 131 202483
281 323 344503
282 44 110335
283 490 406375
284 438 92226
285 55 104712
286 40 119648
287 25 104790
288 77 239052
289 364 208467
290 431 116808
291 220 346573
292 193 152783
293 395 261501
294 245 249806
295 48 153248
296 463 243741
297 282 61173
298 168 270149
299 376 111626
300 466 264280
301 60 232495
302 134 236308
303 295 268400
304 329 1015
305 173 304889
306 392 126147
307 210 119344
308 244 51347
309 241 451888
310 405 358517
311 467 179555
312 349 286418
313 453 126392
314 34 41971
315 82 206673
316 307 264173
317 174 375531
318 368 148923
319 251 397628
320 240 191083
321 345 394055
322 209 356172
323 314 167240
324 236 166918
325 84 158769
326 90 258033
327 162 289873
328 326 255186
329 287 117180
330 336 196771
331 375 341650
332 165 108619
333 456 125554
334 350 338934
335 436 364158
336 97 191534
337 299 370431
338 477 160612
339 412 489086
340 416 224332
341 255 293179
342 194 236152
343 288 215152
344 420 189540
345 105 124397
346 389 111752
347 459 228171
348 51 128550
349 96 258994
350 385 340474
351 484 247337
352 303 113303
353 410 120340
354 81 236539
355 286 437527
356 347 134871
357 421 151749
358 94 248347
359 198 162022
360 27 194666
361 6 363349
362 261 149985
363 439 206803
364 266 185817
365 189 289404
366 114 226743
367 339 317421
368 476 230134
369 294 202619
370 324 94850
371 365 225483
372 367 96107
373 5 384068
374 269 340828
375 455 731639
376 184 90940
377 153 191025
378 179 262665
379 403 185235
380 374 130916
381 182 288827
382 406 298488
383 180 406645
384 160 189072
385 346 12187
386 386 249671
387 313 51015
388 217 137450
389 429 140449
390 213 92219
391 327 214081
392 498 63914
393 146 129171
394 123 203381
395 50 251629
396 279 251846
397 38 111703
398 366 272991
399 190 184411
400 159 244848
401 8 300271
402 208 361775
403 18 214790
404 144 256251
405 489 300809
406 80 111634
407 271 766243
408 447 462516
409 197 106006
410 170 125046
411 351 266982
412 281 251773
413 225 151460
414 129 330855
415 234 162000
416 419 534469
417 465 148039
418 275 151984
419 95 122228
420 373 317450
421 460 269492
422 176 151037
423 70 83799
424 109 327189
425 265 342400
426 147 390247
427 444 197316
428 150 279135
429 315 178376
430 218 262160
431 120 199957
432 290 119745
433 231 143394
434 390 56108
435 28 48905
436 124 249948
437 117 94468
438 56 432013
439 426 149439
440 296 189228
441 474 208807
442 136 124723
443 63 415052
444 106 203664
445 464 146221
446 233 277715
447 226 56146
448 158 231692
449 369 224971
450 112 163530
451 398 293087
452 103 239436
453 399 71745
454 378 210399
455 451 219984
456 454 178248
457 413 212389
458 229 171276
459 396 411875
460 480 152513
461 411 109593
462 46 39075
463 3 340529
464 52 474902
465 343 140691
466 393 126816
467 76 315170
468 461 366974
469 272 435417
470 478 78597
471 228 174727
472 485 273672
473 98 345454
474 362 384251
475 301 135301
476 401 293940
477 428 268681
478 39 346880
479 325 218293
480 19 191582
481 199 173195
482 221 68817
483 191 203651
484 26 252126
485 196 283858
486 110 92408
487 4 279088
488 49 163712
489 355 212223
490 43 166867
491 71 303905
492 361 314183
493 462 246468
494 452 102374
495 2 81191
496 16 110175
497 13 99963
498 472 131039
499 186 208525
500 357 269948
501 253 534378
