1000
501 323 370880
501 246 315379
501 86 146058
501 500 358619
501 194 384558
501 16 190087
501 380 583451
501 85 479474
501 108 422724
501 187 295067
501 119 553776
501 319 266148
501 30 324420
501 101 556820
501 450 321764
501 295 305626
501 210 305688
501 148 143507
501 274 183305
501 131 315785
501 324 412619
501 477 449349
501 403 526615
501 245 258147
501 118 370896
501 446 213146
501 183 205362
501 66 441642
501 173 382821
501 349 294417
501 185 126590
501 228 382339
501 338 462436
501 81 338060
501 422 484696
501 227 33896
501 299 378234
501 26 271124
501 364 404406
501 348 526145
501 69 490570
501 358 231579
501 234 226850
501 117 550950
501 40 447574
501 468 428079
501 463 310983
501 124 376756
501 419 267462
501 112 413620
501 230 74682
501 377 499278
501 215 401769
501 478 225396
501 175 396061
501 2 203399
501 418 138976
501 221 448628
501 480 220188
501 41 528078
501 265 347697
501 67 259377
501 464 339331
501 471 369540
501 106 345373
501 177 25913
501 123 406367
501 179 119814
501 331 207426
501 469 460490
501 223 439452
501 160 281427
501 306 534091
501 485 220909
501 333 420313
501 492 320370
501 290 431862
501 252 316262
501 327 287876
501 195 404833
501 264 491907
501 50 333232
501 231 280478
501 44 18080
501 71 418927
501 24 346044
501 420 302967
501 388 362628
501 437 391768
501 433 296281
501 12 426401
501 154 313496
501 164 304848
501 466 561306
501 208 376117
501 1 192225
501 169 253327
501 142 433422
501 105 351767
501 52 386114
501 452 247430
501 214 585178
501 134 268791
501 449 390713
501 6 367189
501 390 322196
501 254 421847
501 355 422836
501 178 438338
501 166 272125
501 140 416443
501 135 239144
501 300 372532
501 341 272822
501 256 132456
501 220 207697
501 48 578182
501 233 452132
501 425 324059
501 275 398604
501 351 363068
501 206 431446
501 62 278666
501 219 98937
501 17 407204
501 222 424245
501 310 140565
501 482 650026
501 42 345235
501 400 368619
501 77 417474
501 74 256168
501 312 520327
501 453 564392
501 27 193556
501 470 452395
501 266 392180
501 102 307715
501 165 430434
501 340 268427
501 89 338152
501 387 487834
501 462 452663
501 353 338706
501 339 365161
501 157 357674
501 171 226133
501 303 458437
501 34 374747
501 378 125460
501 495 430267
501 489 468311
501 172 469486
501 203 345812
501 396 463737
501 43 531013
501 59 378794
501 218 440388
501 9 303468
501 184 400358
501 427 515309
501 250 486201
501 56 272720
501 379 348863
501 474 590354
501 225 324513
501 342 286774
501 7 460506
501 35 430925
501 146 117734
501 417 281375
501 152 387288
501 263 617545
501 216 424869
501 32 239728
501 486 484729
501 104 242230
501 150 465785
501 130 410808
501 247 245599
501 196 322176
501 213 383516
501 243 403055
501 410 248576
501 345 217989
501 413 274634
501 244 486685
501 127 356799
501 347 80612
501 501 244503
501 276 196870
501 436 321012
501 326 465269
501 29 310620
501 120 322563
501 424 415220
501 272 154925
501 406 179136
501 186 398678
501 55 373006
501 423 272543
501 405 255433
501 236 417385
501 84 96553
501 88 401612
501 167 401736
501 103 324341
501 316 316682
501 98 262131
501 398 394912
501 199 518184
501 198 306595
501 352 180874
501 307 348762
501 330 339990
501 397 292728
501 63 461305
501 90 201284
501 402 223056
501 191 467327
501 335 344153
501 481 140243
501 374 365500
501 467 478090
501 189 316902
501 373 434259
501 158 338805
501 297 359040
501 54 336849
501 289 517480
501 392 367750
501 315 251910
501 253 191156
501 188 237430
501 22 463712
501 125 483340
501 409 268304
501 444 460761
501 487 470592
501 416 270459
501 329 500841
501 439 311500
501 442 297340
501 401 132413
501 292 482824
501 496 248441
501 45 321956
501 483 320442
501 58 188959
501 472 362417
501 211 310981
501 200 192663
501 343 220134
501 488 13751
501 159 327399
501 434 228255
501 294 381085
501 357 468097
501 361 248533
501 240 321151
501 192 405817
501 257 441192
501 391 399073
501 382 340893
501 346 601202
501 75 636583
501 309 361258
501 190 484340
501 270 220767
501 447 261164
501 365 421883
501 302 262144
501 170 206728
501 277 272695
501 411 376563
501 113 352959
501 484 276534
501 111 521410
501 107 77167
501 287 255833
501 393 322831
501 28 381291
501 273 375344
501 356 310543
501 456 450667
501 362 506845
501 151 215155
501 174 35079
501 451 424498
501 204 184483
501 431 335346
501 23 272651
501 156 119703
501 251 558973
501 441 355880
501 490 302381
501 337 294182
501 440 275440
501 311 402722
501 138 259650
501 168 382903
501 369 239548
501 321 355409
501 296 450623
501 197 379553
501 47 147937
501 271 559712
501 93 224441
501 394 301929
501 239 426478
501 479 292624
501 395 356515
501 49 53812
501 267 470582
501 370 189719
501 100 254009
501 182 236365
501 313 230296
501 350 472222
501 259 470151
501 147 208151
501 278 541187
501 325 357061
501 61 255098
501 39 562554
501 499 327061
501 76 394969
501 161 186874
501 33 413137
501 176 277307
501 249 470701
501 408 534502
501 209 367781
501 153 238188
501 459 382659
501 280 512261
501 304 -25336
501 430 494378
501 122 114350
501 163 484123
501 94 419714
501 421 372588
501 235 406918
501 46 526876
501 426 420814
501 404 463592
501 72 459768
501 114 309787
501 73 54355
501 344 329184
501 497 271365
501 36 342623
501 445 249984
501 25 302325
501 83 305660
501 99 390258
501 65 359441
501 38 407832
501 37 403874
501 285 335038
501 279 376593
501 21 270143
501 412 249995
501 363 254302
501 269 175442
501 281 341496
501 465 497017
501 432 383874
501 354 149986
501 87 450931
501 96 251647
501 298 442178
501 121 252126
501 328 258381
501 461 362264
501 262 286214
501 226 238670
501 385 409277
501 372 64261
501 51 290359
501 494 197870
501 301 43974
501 20 450264
501 386 354412
501 407 82448
501 317 384824
501 79 281188
501 70 443525
501 320 261427
501 384 157656
501 415 290287
501 293 460782
501 283 468860
501 238 355213
501 64 263590
501 318 487534
501 97 379900
501 314 225010
501 241 156045
501 19 323058
501 53 478063
501 258 556789
501 217 356228
501 212 392709
501 4 363788
501 389 456751
501 128 466471
501 129 383696
501 443 294700
501 288 207751
501 336 304309
501 308 314596
501 375 307617
501 498 342069
501 110 461279
501 237 341208
501 435 429025
501 82 395455
501 383 475462
501 109 405053
501 232 357011
501 291 388375
501 162 234733
501 371 375230
501 368 465195
501 454 324184
501 376 398599
501 457 486589
501 10 383787
501 144 506495
501 476 485835
501 332 254292
501 149 101496
501 15 328534
501 255 194156
501 248 247889
501 95 203610
501 224 118039
501 473 455607
501 201 192355
501 14 134338
501 286 368292
501 60 286040
501 68 318237
501 181 510571
501 18 448255
501 132 533706
501 475 405898
501 31 413144
501 11 444803
501 92 459838
501 367 273820
501 282 563182
501 115 297168
501 438 222483
501 205 497918
501 143 317623
501 428 409813
501 322 241153
501 13 557208
501 366 268918
501 260 444376
501 139 258842
501 305 221827
501 359 315547
501 136 220704
501 460 270842
501 155 205606
501 429 481242
501 284 460985
501 141 394341
501 381 78900
501 268 404586
501 137 271696
501 116 442137
501 126 328816
501 180 616849
501 78 333795
501 334 401468
501 261 255076
501 493 379588
501 414 373962
501 207 391854
501 229 454327
501 91 258777
501 455 278308
501 145 382835
501 80 488374
501 193 479051
501 448 531287
501 202 360085
501 242 234592
501 399 368162
501 491 597775
501 3 536249
501 458 379805
501 360 474841
501 8 365594
501 5 231231
501 57 446693
2 246 239392
3 86 303248
4 500 218957
5 194 47811
6 16 295400
7 380 29927
8 85 107252
9 108 267285
10 187 276324
11 119 -27876
12 319 298756
13 30 234711
14 101 79568
15 450 143189
16 295 190146
17 210 135636
18 148 400689
19 274 373041
20 131 189804
21 324 157548
22 477 106751
23 403 52979
24 245 171595
25 118 199000
26 446 263426
27 183 295552
28 66 163644
29 173 168884
30 349 269847
31 185 347817
32 228 178724
33 338 122527
34 81 203212
35 422 106891
36 227 313608
37 299 169019
38 26 395498
39 364 52357
40 348 115259
41 69 98608
42 358 218953
43 234 223743
44 117 164177
45 40 243835
46 468 121365
47 463 264308
48 124 166040
49 419 210059
50 112 192320
51 230 417727
52 377 57411
53 215 226378
54 478 248841
55 175 38989
56 2 354895
57 418 332121
58 221 189334
59 480 324005
60 41 81248
61 265 144142
62 67 131804
63 464 154895
64 471 152769
65 106 157201
66 177 514944
67 123 169781
68 179 456840
69 331 218526
70 469 107117
71 223 74615
72 160 340082
73 306 58688
74 485 275942
75 333 224008
76 492 202369
77 290 116826
78 252 273710
79 327 156396
80 195 159713
81 264 53463
82 50 134352
83 231 335613
84 44 534619
85 71 154932
86 24 243598
87 420 156550
88 388 178828
89 437 200407
90 433 131005
91 12 178064
92 154 127923
93 164 257580
94 466 71246
95 208 266006
96 1 454815
97 169 272422
98 142 100956
99 105 214227
100 52 311428
101 452 316749
102 214 43420
103 134 174758
104 449 128863
105 6 149519
106 390 224488
107 254 252365
108 355 66534
109 178 69070
110 166 268029
111 140 175783
112 135 323792
113 300 175258
114 341 272960
115 256 330711
116 220 198224
117 48 48084
118 233 81020
119 425 195388
120 275 167311
121 351 116694
122 206 183771
123 62 295347
124 219 386553
125 17 225282
126 222 110597
127 310 283111
128 482 32322
129 42 206777
130 400 258345
131 77 213562
132 74 336313
133 312 39897
134 453 128053
135 27 336963
136 470 176817
137 266 181918
138 102 148010
139 165 202706
140 340 405735
141 89 210622
142 387 88736
143 462 143734
144 353 212862
145 339 117577
146 157 47395
147 171 155310
148 303 224557
149 34 154313
150 378 427709
151 495 160296
152 489 60038
153 172 97792
154 203 235656
155 396 169930
156 43 76157
157 59 205457
158 218 203572
159 9 235188
160 184 162640
161 427 67675
162 250 66299
163 56 326190
164 379 232502
165 474 59697
166 225 203530
167 342 265528
168 7 144971
169 35 132183
170 146 316091
171 417 343239
172 152 195652
173 263 21097
174 216 189709
175 32 196770
176 486 19838
177 104 239758
178 150 52887
179 130 185779
180 247 277363
181 196 185330
182 213 119046
183 243 215033
184 410 256805
185 345 201496
186 413 188948
187 244 96910
188 127 252456
189 347 428348
190 501 220941
191 276 334927
192 436 177934
193 326 130106
194 29 194214
195 120 252421
196 424 148547
197 272 393962
198 406 422329
199 186 95260
200 55 125963
201 423 278107
202 405 105052
203 236 64911
204 84 411552
205 88 272490
206 167 150702
207 103 164309
208 316 185013
209 98 275329
210 398 300161
211 199 25312
212 198 209865
213 352 193410
214 307 209233
215 330 199395
216 397 132863
217 63 111613
218 90 205141
219 402 190195
220 191 116226
221 335 331771
222 481 275234
223 374 221266
224 467 70075
225 189 209780
226 373 162647
227 158 225615
228 297 154570
229 54 297913
230 289 152267
231 392 220841
232 315 346432
233 253 228020
234 188 312665
235 22 107441
236 125 69489
237 409 271957
238 444 146651
239 487 67220
240 416 232792
241 329 107699
242 439 331503
243 442 106349
244 401 288319
245 292 79558
246 496 274276
247 45 230052
248 483 224053
249 58 294901
250 472 130240
251 211 162086
252 200 425955
253 343 270237
254 488 341084
255 159 197322
256 434 322294
257 294 214884
258 357 127386
259 361 282794
260 240 179358
261 192 195897
262 257 128977
263 391 118684
264 382 87625
265 346 44485
266 75 33710
267 309 176494
268 190 44814
269 270 240244
270 447 271701
271 365 201914
272 302 233594
273 170 270799
274 277 299335
275 411 154089
276 113 285385
277 484 229781
278 111 81092
279 107 460913
280 287 324249
281 393 277099
282 28 178828
283 273 200483
284 356 223797
285 456 148834
286 362 16551
287 151 241780
288 174 519406
289 451 92286
290 204 334169
291 431 153475
292 23 143693
293 156 187138
294 251 66663
295 441 221664
296 490 129764
297 337 277308
298 440 287945
299 311 182031
300 138 319911
301 168 175447
302 369 298491
303 321 247918
304 296 70126
305 197 142961
306 47 439810
307 271 58426
308 93 326990
309 394 238293
310 239 199731
311 479 284634
312 395 185049
313 49 536984
314 267 115013
315 370 337960
316 100 296264
317 182 283475
318 313 344414
319 350 159416
320 259 63853
321 147 288449
322 278 70371
323 325 138142
324 61 237534
325 39 85672
326 499 217184
327 76 230832
328 161 399814
329 33 182560
330 176 266884
331 249 123412
332 408 56074
333 209 181879
334 153 294289
335 459 161306
336 280 130488
337 304 581588
338 430 61582
339 122 267822
340 163 85090
341 94 86300
342 421 99421
343 235 171259
344 46 109563
345 426 86798
346 404 225
347 72 124255
348 114 202687
349 73 578357
350 344 81544
351 497 235108
352 36 202041
353 445 313312
354 25 371596
355 83 211429
356 99 163884
357 65 139062
358 38 45976
359 37 415
360 285 242272
361 279 126169
362 21 219459
363 412 221865
364 363 165512
365 269 293532
366 281 198485
367 465 51862
368 432 220873
369 354 391524
370 87 81495
371 96 185185
372 298 150965
373 121 272032
374 328 295045
375 461 246591
376 262 313456
377 226 275816
378 385 151697
379 372 390824
380 51 294752
381 494 100820
382 301 301923
383 20 127253
384 386 227077
385 407 405940
386 317 258508
387 79 351331
388 70 65595
389 320 152141
390 384 249188
391 415 297155
392 293 146941
393 283 235054
394 238 211395
395 64 368330
396 318 103895
397 97 137976
398 314 280037
399 241 263027
400 19 145705
401 53 87996
402 258 80229
403 217 119662
404 212 205483
405 4 265591
406 389 185107
407 128 195094
408 129 194493
409 443 176413
410 288 340482
411 336 182247
412 308 139238
413 375 236156
414 498 221976
415 110 76487
416 237 275539
417 435 137661
418 82 200476
419 383 123314
420 109 66372
421 232 188396
422 291 200814
423 162 252634
424 371 182326
425 368 74802
426 454 136116
427 376 193370
428 457 89757
429 10 214200
430 144 115649
431 476 148316
432 332 262046
433 149 224131
434 15 157541
435 255 229804
436 248 280501
437 95 246153
438 224 406053
439 473 161587
440 201 289839
441 14 252291
442 286 200299
443 60 198603
444 68 150392
445 181 74289
446 18 118669
447 132 52604
448 475 145894
449 31 165275
450 11 120210
451 92 118057
452 367 271956
453 282 83252
454 115 321760
455 438 325715
456 205 96859
457 143 254578
458 428 113544
459 322 356335
460 13 109415
461 366 367382
462 260 203738
463 139 358555
464 305 384007
465 359 140589
466 136 324149
467 460 149873
468 155 206090
469 429 124519
470 284 217632
471 141 129636
472 381 316258
473 268 186898
474 137 179340
475 116 44483
476 126 325453
477 180 -44358
478 78 311124
479 334 93127
480 261 193453
481 493 201455
482 414 115140
483 207 131063
484 229 133007
485 91 255393
486 455 274904
487 145 168509
488 80 61458
489 193 59325
490 448 55456
491 202 313602
492 242 241746
493 399 106454
494 491 76627
495 3 -3547
496 458 185231
497 360 105221
498 8 244483
499 5 158769
500 57 199284
501 133 608012
