1000
501 501 248001
501 500 247499
501 499 246997
501 498 246495
501 497 245993
501 496 245491
501 495 244989
501 494 244487
501 493 243985
501 492 243483
501 491 242981
501 490 242479
501 489 241977
501 488 241475
501 487 240973
501 486 240471
501 485 239969
501 484 239467
501 483 238965
501 482 238463
501 481 237961
501 480 237459
501 479 236957
501 478 236455
501 477 235953
501 476 235451
501 475 234949
501 474 234447
501 473 233945
501 472 233443
501 471 232941
501 470 232439
501 469 231937
501 468 231435
501 467 230933
501 466 230431
501 465 229929
501 464 229427
501 463 228925
501 462 228423
501 461 227921
501 460 227419
501 459 226917
501 458 226415
501 457 225913
501 456 225411
501 455 224909
501 454 224407
501 453 223905
501 452 223403
501 451 222901
501 450 222399
501 449 221897
501 448 221395
501 447 220893
501 446 220391
501 445 219889
501 444 219387
501 443 218885
501 442 218383
501 441 217881
501 440 217379
501 439 216877
501 438 216375
501 437 215873
501 436 215371
501 435 214869
501 434 214367
501 433 213865
501 432 213363
501 431 212861
501 430 212359
501 429 211857
501 428 211355
501 427 210853
501 426 210351
501 425 209849
501 424 209347
501 423 208845
501 422 208343
501 421 207841
501 420 207339
501 419 206837
501 418 206335
501 417 205833
501 416 205331
501 415 204829
501 414 204327
501 413 203825
501 412 203323
501 411 202821
501 410 202319
501 409 201817
501 408 201315
501 407 200813
501 406 200311
501 405 199809
501 404 199307
501 403 198805
501 402 198303
501 401 197801
501 400 197299
501 399 196797
501 398 196295
501 397 195793
501 396 195291
501 395 194789
501 394 194287
501 393 193785
501 392 193283
501 391 192781
501 390 192279
501 389 191777
501 388 191275
501 387 190773
501 386 190271
501 385 189769
501 384 189267
501 383 188765
501 382 188263
501 381 187761
501 380 187259
501 379 186757
501 378 186255
501 377 185753
501 376 185251
501 375 184749
501 374 184247
501 373 183745
501 372 183243
501 371 182741
501 370 182239
501 369 181737
501 368 181235
501 367 180733
501 366 180231
501 365 179729
501 364 179227
501 363 178725
501 362 178223
501 361 177721
501 360 177219
501 359 176717
501 358 176215
501 357 175713
501 356 175211
501 355 174709
501 354 174207
501 353 173705
501 352 173203
501 351 172701
501 350 172199
501 349 171697
501 348 171195
501 347 170693
501 346 170191
501 345 169689
501 344 169187
501 343 168685
501 342 168183
501 341 167681
501 340 167179
501 339 166677
501 338 166175
501 337 165673
501 336 165171
501 335 164669
501 334 164167
501 333 163665
501 332 163163
501 331 162661
501 330 162159
501 329 161657
501 328 161155
501 327 160653
501 326 160151
501 325 159649
501 324 159147
501 323 158645
501 322 158143
501 321 157641
501 320 157139
501 319 156637
501 318 156135
501 317 155633
501 316 155131
501 315 154629
501 314 154127
501 313 153625
501 312 153123
501 311 152621
501 310 152119
501 309 151617
501 308 151115
501 307 150613
501 306 150111
501 305 149609
501 304 149107
501 303 148605
501 302 148103
501 301 147601
501 300 147099
501 299 146597
501 298 146095
501 297 145593
501 296 145091
501 295 144589
501 294 144087
501 293 143585
501 292 143083
501 291 142581
501 290 142079
501 289 141577
501 288 141075
501 287 140573
501 286 140071
501 285 139569
501 284 139067
501 283 138565
501 282 138063
501 281 137561
501 280 137059
501 279 136557
501 278 136055
501 277 135553
501 276 135051
501 275 134549
501 274 134047
501 273 133545
501 272 133043
501 271 132541
501 270 132039
501 269 131537
501 268 131035
501 267 130533
501 266 130031
501 265 129529
501 264 129027
501 263 128525
501 262 128023
501 261 127521
501 260 127019
501 259 126517
501 258 126015
501 257 125513
501 256 125011
501 255 124509
501 254 124007
501 253 123505
501 252 123003
501 251 122501
501 250 121999
501 249 121497
501 248 120995
501 247 120493
501 246 119991
501 245 119489
501 244 118987
501 243 118485
501 242 117983
501 241 117481
501 240 116979
501 239 116477
501 238 115975
501 237 115473
501 236 114971
501 235 114469
501 234 113967
501 233 113465
501 232 112963
501 231 112461
501 230 111959
501 229 111457
501 228 110955
501 227 110453
501 226 109951
501 225 109449
501 224 108947
501 223 108445
501 222 107943
501 221 107441
501 220 106939
501 219 106437
501 218 105935
501 217 105433
501 216 104931
501 215 104429
501 214 103927
501 213 103425
501 212 102923
501 211 102421
501 210 101919
501 209 101417
501 208 100915
501 207 100413
501 206 99911
501 205 99409
501 204 98907
501 203 98405
501 202 97903
501 201 97401
501 200 96899
501 199 96397
501 198 95895
501 197 95393
501 196 94891
501 195 94389
501 194 93887
501 193 93385
501 192 92883
501 191 92381
501 190 91879
501 189 91377
501 188 90875
501 187 90373
501 186 89871
501 185 89369
501 184 88867
501 183 88365
501 182 87863
501 181 87361
501 180 86859
501 179 86357
501 178 85855
501 177 85353
501 176 84851
501 175 84349
501 174 83847
501 173 83345
501 172 82843
501 171 82341
501 170 81839
501 169 81337
501 168 80835
501 167 80333
501 166 79831
501 165 79329
501 164 78827
501 163 78325
501 162 77823
501 161 77321
501 160 76819
501 159 76317
501 158 75815
501 157 75313
501 156 74811
501 155 74309
501 154 73807
501 153 73305
501 152 72803
501 151 72301
501 150 71799
501 149 71297
501 148 70795
501 147 70293
501 146 69791
501 145 69289
501 144 68787
501 143 68285
501 142 67783
501 141 67281
501 140 66779
501 139 66277
501 138 65775
501 137 65273
501 136 64771
501 135 64269
501 134 63767
501 133 63265
501 132 62763
501 131 62261
501 130 61759
501 129 61257
501 128 60755
501 127 60253
501 126 59751
501 125 59249
501 124 58747
501 123 58245
501 122 57743
501 121 57241
501 120 56739
501 119 56237
501 118 55735
501 117 55233
501 116 54731
501 115 54229
501 114 53727
501 113 53225
501 112 52723
501 111 52221
501 110 51719
501 109 51217
501 108 50715
501 107 50213
501 106 49711
501 105 49209
501 104 48707
501 103 48205
501 102 47703
501 101 47201
501 100 46699
501 99 46197
501 98 45695
501 97 45193
501 96 44691
501 95 44189
501 94 43687
501 93 43185
501 92 42683
501 91 42181
501 90 41679
501 89 41177
501 88 40675
501 87 40173
501 86 39671
501 85 39169
501 84 38667
501 83 38165
501 82 37663
501 81 37161
501 80 36659
501 79 36157
501 78 35655
501 77 35153
501 76 34651
501 75 34149
501 74 33647
501 73 33145
501 72 32643
501 71 32141
501 70 31639
501 69 31137
501 68 30635
501 67 30133
501 66 29631
501 65 29129
501 64 28627
501 63 28125
501 62 27623
501 61 27121
501 60 26619
501 59 26117
501 58 25615
501 57 25113
501 56 24611
501 55 24109
501 54 23607
501 53 23105
501 52 22603
501 51 22101
501 50 21599
501 49 21097
501 48 20595
501 47 20093
501 46 19591
501 45 19089
501 44 18587
501 43 18085
501 42 17583
501 41 17081
501 40 16579
501 39 16077
501 38 15575
501 37 15073
501 36 14571
501 35 14069
501 34 13567
501 33 13065
501 32 12563
501 31 12061
501 30 11559
501 29 11057
501 28 10555
501 27 10053
501 26 9551
501 25 9049
501 24 8547
501 23 8045
501 22 7543
501 21 7041
501 20 6539
501 19 6037
501 18 5535
501 17 5033
501 16 4531
501 15 4029
501 14 3527
501 13 3025
501 12 2523
501 11 2021
501 10 1519
501 9 1017
501 8 515
501 7 13
501 6 -489
501 5 -991
501 4 -1493
501 3 -1995
501 2 -2497
2 500 501
3 499 1002
4 498 1503
5 497 2004
6 496 2505
7 495 3006
8 494 3507
9 493 4008
10 492 4509
11 491 5010
12 490 5511
13 489 6012
14 488 6513
15 487 7014
16 486 7515
17 485 8016
18 484 8517
19 483 9018
20 482 9519
21 481 10020
22 480 10521
23 479 11022
24 478 11523
25 477 12024
26 476 12525
27 475 13026
28 474 13527
29 473 14028
30 472 14529
31 471 15030
32 470 15531
33 469 16032
34 468 16533
35 467 17034
36 466 17535
37 465 18036
38 464 18537
39 463 19038
40 462 19539
41 461 20040
42 460 20541
43 459 21042
44 458 21543
45 457 22044
46 456 22545
47 455 23046
48 454 23547
49 453 24048
50 452 24549
51 451 25050
52 450 25551
53 449 26052
54 448 26553
55 447 27054
56 446 27555
57 445 28056
58 444 28557
59 443 29058
60 442 29559
61 441 30060
62 440 30561
63 439 31062
64 438 31563
65 437 32064
66 436 32565
67 435 33066
68 434 33567
69 433 34068
70 432 34569
71 431 35070
72 430 35571
73 429 36072
74 428 36573
75 427 37074
76 426 37575
77 425 38076
78 424 38577
79 423 39078
80 422 39579
81 421 40080
82 420 40581
83 419 41082
84 418 41583
85 417 42084
86 416 42585
87 415 43086
88 414 43587
89 413 44088
90 412 44589
91 411 45090
92 410 45591
93 409 46092
94 408 46593
95 407 47094
96 406 47595
97 405 48096
98 404 48597
99 403 49098
100 402 49599
101 401 50100
102 400 50601
103 399 51102
104 398 51603
105 397 52104
106 396 52605
107 395 53106
108 394 53607
109 393 54108
110 392 54609
111 391 55110
112 390 55611
113 389 56112
114 388 56613
115 387 57114
116 386 57615
117 385 58116
118 384 58617
119 383 59118
120 382 59619
121 381 60120
122 380 60621
123 379 61122
124 378 61623
125 377 62124
126 376 62625
127 375 63126
128 374 63627
129 373 64128
130 372 64629
131 371 65130
132 370 65631
133 369 66132
134 368 66633
135 367 67134
136 366 67635
137 365 68136
138 364 68637
139 363 69138
140 362 69639
141 361 70140
142 360 70641
143 359 71142
144 358 71643
145 357 72144
146 356 72645
147 355 73146
148 354 73647
149 353 74148
150 352 74649
151 351 75150
152 350 75651
153 349 76152
154 348 76653
155 347 77154
156 346 77655
157 345 78156
158 344 78657
159 343 79158
160 342 79659
161 341 80160
162 340 80661
163 339 81162
164 338 81663
165 337 82164
166 336 82665
167 335 83166
168 334 83667
169 333 84168
170 332 84669
171 331 85170
172 330 85671
173 329 86172
174 328 86673
175 327 87174
176 326 87675
177 325 88176
178 324 88677
179 323 89178
180 322 89679
181 321 90180
182 320 90681
183 319 91182
184 318 91683
185 317 92184
186 316 92685
187 315 93186
188 314 93687
189 313 94188
190 312 94689
191 311 95190
192 310 95691
193 309 96192
194 308 96693
195 307 97194
196 306 97695
197 305 98196
198 304 98697
199 303 99198
200 302 99699
201 301 100200
202 300 100701
203 299 101202
204 298 101703
205 297 102204
206 296 102705
207 295 103206
208 294 103707
209 293 104208
210 292 104709
211 291 105210
212 290 105711
213 289 106212
214 288 106713
215 287 107214
216 286 107715
217 285 108216
218 284 108717
219 283 109218
220 282 109719
221 281 110220
222 280 110721
223 279 111222
224 278 111723
225 277 112224
226 276 112725
227 275 113226
228 274 113727
229 273 114228
230 272 114729
231 271 115230
232 270 115731
233 269 116232
234 268 116733
235 267 117234
236 266 117735
237 265 118236
238 264 118737
239 263 119238
240 262 119739
241 261 120240
242 260 120741
243 259 121242
244 258 121743
245 257 122244
246 256 122745
247 255 123246
248 254 123747
249 253 124248
250 252 124749
251 251 125250
252 250 125751
253 249 126252
254 248 126753
255 247 127254
256 246 127755
257 245 128256
258 244 128757
259 243 129258
260 242 129759
261 241 130260
262 240 130761
263 239 131262
264 238 131763
265 237 132264
266 236 132765
267 235 133266
268 234 133767
269 233 134268
270 232 134769
271 231 135270
272 230 135771
273 229 136272
274 228 136773
275 227 137274
276 226 137775
277 225 138276
278 224 138777
279 223 139278
280 222 139779
281 221 140280
282 220 140781
283 219 141282
284 218 141783
285 217 142284
286 216 142785
287 215 143286
288 214 143787
289 213 144288
290 212 144789
291 211 145290
292 210 145791
293 209 146292
294 208 146793
295 207 147294
296 206 147795
297 205 148296
298 204 148797
299 203 149298
300 202 149799
301 201 150300
302 200 150801
303 199 151302
304 198 151803
305 197 152304
306 196 152805
307 195 153306
308 194 153807
309 193 154308
310 192 154809
311 191 155310
312 190 155811
313 189 156312
314 188 156813
315 187 157314
316 186 157815
317 185 158316
318 184 158817
319 183 159318
320 182 159819
321 181 160320
322 180 160821
323 179 161322
324 178 161823
325 177 162324
326 176 162825
327 175 163326
328 174 163827
329 173 164328
330 172 164829
331 171 165330
332 170 165831
333 169 166332
334 168 166833
335 167 167334
336 166 167835
337 165 168336
338 164 168837
339 163 169338
340 162 169839
341 161 170340
342 160 170841
343 159 171342
344 158 171843
345 157 172344
346 156 172845
347 155 173346
348 154 173847
349 153 174348
350 152 174849
351 151 175350
352 150 175851
353 149 176352
354 148 176853
355 147 177354
356 146 177855
357 145 178356
358 144 178857
359 143 179358
360 142 179859
361 141 180360
362 140 180861
363 139 181362
364 138 181863
365 137 182364
366 136 182865
367 135 183366
368 134 183867
369 133 184368
370 132 184869
371 131 185370
372 130 185871
373 129 186372
374 128 186873
375 127 187374
376 126 187875
377 125 188376
378 124 188877
379 123 189378
380 122 189879
381 121 190380
382 120 190881
383 119 191382
384 118 191883
385 117 192384
386 116 192885
387 115 193386
388 114 193887
389 113 194388
390 112 194889
391 111 195390
392 110 195891
393 109 196392
394 108 196893
395 107 197394
396 106 197895
397 105 198396
398 104 198897
399 103 199398
400 102 199899
401 101 200400
402 100 200901
403 99 201402
404 98 201903
405 97 202404
406 96 202905
407 95 203406
408 94 203907
409 93 204408
410 92 204909
411 91 205410
412 90 205911
413 89 206412
414 88 206913
415 87 207414
416 86 207915
417 85 208416
418 84 208917
419 83 209418
420 82 209919
421 81 210420
422 80 210921
423 79 211422
424 78 211923
425 77 212424
426 76 212925
427 75 213426
428 74 213927
429 73 214428
430 72 214929
431 71 215430
432 70 215931
433 69 216432
434 68 216933
435 67 217434
436 66 217935
437 65 218436
438 64 218937
439 63 219438
440 62 219939
441 61 220440
442 60 220941
443 59 221442
444 58 221943
445 57 222444
446 56 222945
447 55 223446
448 54 223947
449 53 224448
450 52 224949
451 51 225450
452 50 225951
453 49 226452
454 48 226953
455 47 227454
456 46 227955
457 45 228456
458 44 228957
459 43 229458
460 42 229959
461 41 230460
462 40 230961
463 39 231462
464 38 231963
465 37 232464
466 36 232965
467 35 233466
468 34 233967
469 33 234468
470 32 234969
471 31 235470
472 30 235971
473 29 236472
474 28 236973
475 27 237474
476 26 237975
477 25 238476
478 24 238977
479 23 239478
480 22 239979
481 21 240480
482 20 240981
483 19 241482
484 18 241983
485 17 242484
486 16 242985
487 15 243486
488 14 243987
489 13 244488
490 12 244989
491 11 245490
492 10 245991
493 9 246492
494 8 246993
495 7 247494
496 6 247995
497 5 248496
498 4 248997
499 3 249498
500 2 249999
501 1 247501
