1000
501 501 -999
501 500 -497
501 499 5
501 498 507
501 497 1009
501 496 1511
501 495 2013
501 494 2515
501 493 3017
501 492 3519
501 491 4021
501 490 4523
501 489 5025
501 488 5527
501 487 6029
501 486 6531
501 485 7033
501 484 7535
501 483 8037
501 482 8539
501 481 9041
501 480 9543
501 479 10045
501 478 10547
501 477 11049
501 476 11551
501 475 12053
501 474 12555
501 473 13057
501 472 13559
501 471 14061
501 470 14563
501 469 15065
501 468 15567
501 467 16069
501 466 16571
501 465 17073
501 464 17575
501 463 18077
501 462 18579
501 461 19081
501 460 19583
501 459 20085
501 458 20587
501 457 21089
501 456 21591
501 455 22093
501 454 22595
501 453 23097
501 452 23599
501 451 24101
501 450 24603
501 449 25105
501 448 25607
501 447 26109
501 446 26611
501 445 27113
501 444 27615
501 443 28117
501 442 28619
501 441 29121
501 440 29623
501 439 30125
501 438 30627
501 437 31129
501 436 31631
501 435 32133
501 434 32635
501 433 33137
501 432 33639
501 431 34141
501 430 34643
501 429 35145
501 428 35647
501 427 36149
501 426 36651
501 425 37153
501 424 37655
501 423 38157
501 422 38659
501 421 39161
501 420 39663
501 419 40165
501 418 40667
501 417 41169
501 416 41671
501 415 42173
501 414 42675
501 413 43177
501 412 43679
501 411 44181
501 410 44683
501 409 45185
501 408 45687
501 407 46189
501 406 46691
501 405 47193
501 404 47695
501 403 48197
501 402 48699
501 401 49201
501 400 49703
501 399 50205
501 398 50707
501 397 51209
501 396 51711
501 395 52213
501 394 52715
501 393 53217
501 392 53719
501 391 54221
501 390 54723
501 389 55225
501 388 55727
501 387 56229
501 386 56731
501 385 57233
501 384 57735
501 383 58237
501 382 58739
501 381 59241
501 380 59743
501 379 60245
501 378 60747
501 377 61249
501 376 61751
501 375 62253
501 374 62755
501 373 63257
501 372 63759
501 371 64261
501 370 64763
501 369 65265
501 368 65767
501 367 66269
501 366 66771
501 365 67273
501 364 67775
501 363 68277
501 362 68779
501 361 69281
501 360 69783
501 359 70285
501 358 70787
501 357 71289
501 356 71791
501 355 72293
501 354 72795
501 353 73297
501 352 73799
501 351 74301
501 350 74803
501 349 75305
501 348 75807
501 347 76309
501 346 76811
501 345 77313
501 344 77815
501 343 78317
501 342 78819
501 341 79321
501 340 79823
501 339 80325
501 338 80827
501 337 81329
501 336 81831
501 335 82333
501 334 82835
501 333 83337
501 332 83839
501 331 84341
501 330 84843
501 329 85345
501 328 85847
501 327 86349
501 326 86851
501 325 87353
501 324 87855
501 323 88357
501 322 88859
501 321 89361
501 320 89863
501 319 90365
501 318 90867
501 317 91369
501 316 91871
501 315 92373
501 314 92875
501 313 93377
501 312 93879
501 311 94381
501 310 94883
501 309 95385
501 308 95887
501 307 96389
501 306 96891
501 305 97393
501 304 97895
501 303 98397
501 302 98899
501 301 99401
501 300 99903
501 299 100405
501 298 100907
501 297 101409
501 296 101911
501 295 102413
501 294 102915
501 293 103417
501 292 103919
501 291 104421
501 290 104923
501 289 105425
501 288 105927
501 287 106429
501 286 106931
501 285 107433
501 284 107935
501 283 108437
501 282 108939
501 281 109441
501 280 109943
501 279 110445
501 278 110947
501 277 111449
501 276 111951
501 275 112453
501 274 112955
501 273 113457
501 272 113959
501 271 114461
501 270 114963
501 269 115465
501 268 115967
501 267 116469
501 266 116971
501 265 117473
501 264 117975
501 263 118477
501 262 118979
501 261 119481
501 260 119983
501 259 120485
501 258 120987
501 257 121489
501 256 121991
501 255 122493
501 254 122995
501 253 123497
501 252 123999
501 251 124501
501 250 125003
501 249 125505
501 248 126007
501 247 126509
501 246 127011
501 245 127513
501 244 128015
501 243 128517
501 242 129019
501 241 129521
501 240 130023
501 239 130525
501 238 131027
501 237 131529
501 236 132031
501 235 132533
501 234 133035
501 233 133537
501 232 134039
501 231 134541
501 230 135043
501 229 135545
501 228 136047
501 227 136549
501 226 137051
501 225 137553
501 224 138055
501 223 138557
501 222 139059
501 221 139561
501 220 140063
501 219 140565
501 218 141067
501 217 141569
501 216 142071
501 215 142573
501 214 143075
501 213 143577
501 212 144079
501 211 144581
501 210 145083
501 209 145585
501 208 146087
501 207 146589
501 206 147091
501 205 147593
501 204 148095
501 203 148597
501 202 149099
501 201 149601
501 200 150103
501 199 150605
501 198 151107
501 197 151609
501 196 152111
501 195 152613
501 194 153115
501 193 153617
501 192 154119
501 191 154621
501 190 155123
501 189 155625
501 188 156127
501 187 156629
501 186 157131
501 185 157633
501 184 158135
501 183 158637
501 182 159139
501 181 159641
501 180 160143
501 179 160645
501 178 161147
501 177 161649
501 176 162151
501 175 162653
501 174 163155
501 173 163657
501 172 164159
501 171 164661
501 170 165163
501 169 165665
501 168 166167
501 167 166669
501 166 167171
501 165 167673
501 164 168175
501 163 168677
501 162 169179
501 161 169681
501 160 170183
501 159 170685
501 158 171187
501 157 171689
501 156 172191
501 155 172693
501 154 173195
501 153 173697
501 152 174199
501 151 174701
501 150 175203
501 149 175705
501 148 176207
501 147 176709
501 146 177211
501 145 177713
501 144 178215
501 143 178717
501 142 179219
501 141 179721
501 140 180223
501 139 180725
501 138 181227
501 137 181729
501 136 182231
501 135 182733
501 134 183235
501 133 183737
501 132 184239
501 131 184741
501 130 185243
501 129 185745
501 128 186247
501 127 186749
501 126 187251
501 125 187753
501 124 188255
501 123 188757
501 122 189259
501 121 189761
501 120 190263
501 119 190765
501 118 191267
501 117 191769
501 116 192271
501 115 192773
501 114 193275
501 113 193777
501 112 194279
501 111 194781
501 110 195283
501 109 195785
501 108 196287
501 107 196789
501 106 197291
501 105 197793
501 104 198295
501 103 198797
501 102 199299
501 101 199801
501 100 200303
501 99 200805
501 98 201307
501 97 201809
501 96 202311
501 95 202813
501 94 203315
501 93 203817
501 92 204319
501 91 204821
501 90 205323
501 89 205825
501 88 206327
501 87 206829
501 86 207331
501 85 207833
501 84 208335
501 83 208837
501 82 209339
501 81 209841
501 80 210343
501 79 210845
501 78 211347
501 77 211849
501 76 212351
501 75 212853
501 74 213355
501 73 213857
501 72 214359
501 71 214861
501 70 215363
501 69 215865
501 68 216367
501 67 216869
501 66 217371
501 65 217873
501 64 218375
501 63 218877
501 62 219379
501 61 219881
501 60 220383
501 59 220885
501 58 221387
501 57 221889
501 56 222391
501 55 222893
501 54 223395
501 53 223897
501 52 224399
501 51 224901
501 50 225403
501 49 225905
501 48 226407
501 47 226909
501 46 227411
501 45 227913
501 44 228415
501 43 228917
501 42 229419
501 41 229921
501 40 230423
501 39 230925
501 38 231427
501 37 231929
501 36 232431
501 35 232933
501 34 233435
501 33 233937
501 32 234439
501 31 234941
501 30 235443
501 29 235945
501 28 236447
501 27 236949
501 26 237451
501 25 237953
501 24 238455
501 23 238957
501 22 239459
501 21 239961
501 20 240463
501 19 240965
501 18 241467
501 17 241969
501 16 242471
501 15 242973
501 14 243475
501 13 243977
501 12 244479
501 11 244981
501 10 245483
501 9 245985
501 8 246487
501 7 246989
501 6 247491
501 5 247993
501 4 248495
501 3 248997
501 2 249499
2 500 -1
3 499 -2
4 498 -3
5 497 -4
6 496 -5
7 495 -6
8 494 -7
9 493 -8
10 492 -9
11 491 -10
12 490 -11
13 489 -12
14 488 -13
15 487 -14
16 486 -15
17 485 -16
18 484 -17
19 483 -18
20 482 -19
21 481 -20
22 480 -21
23 479 -22
24 478 -23
25 477 -24
26 476 -25
27 475 -26
28 474 -27
29 473 -28
30 472 -29
31 471 -30
32 470 -31
33 469 -32
34 468 -33
35 467 -34
36 466 -35
37 465 -36
38 464 -37
39 463 -38
40 462 -39
41 461 -40
42 460 -41
43 459 -42
44 458 -43
45 457 -44
46 456 -45
47 455 -46
48 454 -47
49 453 -48
50 452 -49
51 451 -50
52 450 -51
53 449 -52
54 448 -53
55 447 -54
56 446 -55
57 445 -56
58 444 -57
59 443 -58
60 442 -59
61 441 -60
62 440 -61
63 439 -62
64 438 -63
65 437 -64
66 436 -65
67 435 -66
68 434 -67
69 433 -68
70 432 -69
71 431 -70
72 430 -71
73 429 -72
74 428 -73
75 427 -74
76 426 -75
77 425 -76
78 424 -77
79 423 -78
80 422 -79
81 421 -80
82 420 -81
83 419 -82
84 418 -83
85 417 -84
86 416 -85
87 415 -86
88 414 -87
89 413 -88
90 412 -89
91 411 -90
92 410 -91
93 409 -92
94 408 -93
95 407 -94
96 406 -95
97 405 -96
98 404 -97
99 403 -98
100 402 -99
101 401 -100
102 400 -101
103 399 -102
104 398 -103
105 397 -104
106 396 -105
107 395 -106
108 394 -107
109 393 -108
110 392 -109
111 391 -110
112 390 -111
113 389 -112
114 388 -113
115 387 -114
116 386 -115
117 385 -116
118 384 -117
119 383 -118
120 382 -119
121 381 -120
122 380 -121
123 379 -122
124 378 -123
125 377 -124
126 376 -125
127 375 -126
128 374 -127
129 373 -128
130 372 -129
131 371 -130
132 370 -131
133 369 -132
134 368 -133
135 367 -134
136 366 -135
137 365 -136
138 364 -137
139 363 -138
140 362 -139
141 361 -140
142 360 -141
143 359 -142
144 358 -143
145 357 -144
146 356 -145
147 355 -146
148 354 -147
149 353 -148
150 352 -149
151 351 -150
152 350 -151
153 349 -152
154 348 -153
155 347 -154
156 346 -155
157 345 -156
158 344 -157
159 343 -158
160 342 -159
161 341 -160
162 340 -161
163 339 -162
164 338 -163
165 337 -164
166 336 -165
167 335 -166
168 334 -167
169 333 -168
170 332 -169
171 331 -170
172 330 -171
173 329 -172
174 328 -173
175 327 -174
176 326 -175
177 325 -176
178 324 -177
179 323 -178
180 322 -179
181 321 -180
182 320 -181
183 319 -182
184 318 -183
185 317 -184
186 316 -185
187 315 -186
188 314 -187
189 313 -188
190 312 -189
191 311 -190
192 310 -191
193 309 -192
194 308 -193
195 307 -194
196 306 -195
197 305 -196
198 304 -197
199 303 -198
200 302 -199
201 301 -200
202 300 -201
203 299 -202
204 298 -203
205 297 -204
206 296 -205
207 295 -206
208 294 -207
209 293 -208
210 292 -209
211 291 -210
212 290 -211
213 289 -212
214 288 -213
215 287 -214
216 286 -215
217 285 -216
218 284 -217
219 283 -218
220 282 -219
221 281 -220
222 280 -221
223 279 -222
224 278 -223
225 277 -224
226 276 -225
227 275 -226
228 274 -227
229 273 -228
230 272 -229
231 271 -230
232 270 -231
233 269 -232
234 268 -233
235 267 -234
236 266 -235
237 265 -236
238 264 -237
239 263 -238
240 262 -239
241 261 -240
242 260 -241
243 259 -242
244 258 -243
245 257 -244
246 256 -245
247 255 -246
248 254 -247
249 253 -248
250 252 -249
251 251 -250
252 250 -251
253 249 -252
254 248 -253
255 247 -254
256 246 -255
257 245 -256
258 244 -257
259 243 -258
260 242 -259
261 241 -260
262 240 -261
263 239 -262
264 238 -263
265 237 -264
266 236 -265
267 235 -266
268 234 -267
269 233 -268
270 232 -269
271 231 -270
272 230 -271
273 229 -272
274 228 -273
275 227 -274
276 226 -275
277 225 -276
278 224 -277
279 223 -278
280 222 -279
281 221 -280
282 220 -281
283 219 -282
284 218 -283
285 217 -284
286 216 -285
287 215 -286
288 214 -287
289 213 -288
290 212 -289
291 211 -290
292 210 -291
293 209 -292
294 208 -293
295 207 -294
296 206 -295
297 205 -296
298 204 -297
299 203 -298
300 202 -299
301 201 -300
302 200 -301
303 199 -302
304 198 -303
305 197 -304
306 196 -305
307 195 -306
308 194 -307
309 193 -308
310 192 -309
311 191 -310
312 190 -311
313 189 -312
314 188 -313
315 187 -314
316 186 -315
317 185 -316
318 184 -317
319 183 -318
320 182 -319
321 181 -320
322 180 -321
323 179 -322
324 178 -323
325 177 -324
326 176 -325
327 175 -326
328 174 -327
329 173 -328
330 172 -329
331 171 -330
332 170 -331
333 169 -332
334 168 -333
335 167 -334
336 166 -335
337 165 -336
338 164 -337
339 163 -338
340 162 -339
341 161 -340
342 160 -341
343 159 -342
344 158 -343
345 157 -344
346 156 -345
347 155 -346
348 154 -347
349 153 -348
350 152 -349
351 151 -350
352 150 -351
353 149 -352
354 148 -353
355 147 -354
356 146 -355
357 145 -356
358 144 -357
359 143 -358
360 142 -359
361 141 -360
362 140 -361
363 139 -362
364 138 -363
365 137 -364
366 136 -365
367 135 -366
368 134 -367
369 133 -368
370 132 -369
371 131 -370
372 130 -371
373 129 -372
374 128 -373
375 127 -374
376 126 -375
377 125 -376
378 124 -377
379 123 -378
380 122 -379
381 121 -380
382 120 -381
383 119 -382
384 118 -383
385 117 -384
386 116 -385
387 115 -386
388 114 -387
389 113 -388
390 112 -389
391 111 -390
392 110 -391
393 109 -392
394 108 -393
395 107 -394
396 106 -395
397 105 -396
398 104 -397
399 103 -398
400 102 -399
401 101 -400
402 100 -401
403 99 -402
404 98 -403
405 97 -404
406 96 -405
407 95 -406
408 94 -407
409 93 -408
410 92 -409
411 91 -410
412 90 -411
413 89 -412
414 88 -413
415 87 -414
416 86 -415
417 85 -416
418 84 -417
419 83 -418
420 82 -419
421 81 -420
422 80 -421
423 79 -422
424 78 -423
425 77 -424
426 76 -425
427 75 -426
428 74 -427
429 73 -428
430 72 -429
431 71 -430
432 70 -431
433 69 -432
434 68 -433
435 67 -434
436 66 -435
437 65 -436
438 64 -437
439 63 -438
440 62 -439
441 61 -440
442 60 -441
443 59 -442
444 58 -443
445 57 -444
446 56 -445
447 55 -446
448 54 -447
449 53 -448
450 52 -449
451 51 -450
452 50 -451
453 49 -452
454 48 -453
455 47 -454
456 46 -455
457 45 -456
458 44 -457
459 43 -458
460 42 -459
461 41 -460
462 40 -461
463 39 -462
464 38 -463
465 37 -464
466 36 -465
467 35 -466
468 34 -467
469 33 -468
470 32 -469
471 31 -470
472 30 -471
473 29 -472
474 28 -473
475 27 -474
476 26 -475
477 25 -476
478 24 -477
479 23 -478
480 22 -479
481 21 -480
482 20 -481
483 19 -482
484 18 -483
485 17 -484
486 16 -485
487 15 -486
488 14 -487
489 13 -488
490 12 -489
491 11 -490
492 10 -491
493 9 -492
494 8 -493
495 7 -494
496 6 -495
497 5 -496
498 4 -497
499 3 -498
500 2 -499
501 1 249501
