1000
501 501 249001
501 500 248499
501 499 247997
501 498 247495
501 497 246993
501 496 246491
501 495 245989
501 494 245487
501 493 244985
501 492 244483
501 491 243981
501 490 243479
501 489 242977
501 488 242475
501 487 241973
501 486 241471
501 485 240969
501 484 240467
501 483 239965
501 482 239463
501 481 238961
501 480 238459
501 479 237957
501 478 237455
501 477 236953
501 476 236451
501 475 235949
501 474 235447
501 473 234945
501 472 234443
501 471 233941
501 470 233439
501 469 232937
501 468 232435
501 467 231933
501 466 231431
501 465 230929
501 464 230427
501 463 229925
501 462 229423
501 461 228921
501 460 228419
501 459 227917
501 458 227415
501 457 226913
501 456 226411
501 455 225909
501 454 225407
501 453 224905
501 452 224403
501 451 223901
501 450 223399
501 449 222897
501 448 222395
501 447 221893
501 446 221391
501 445 220889
501 444 220387
501 443 219885
501 442 219383
501 441 218881
501 440 218379
501 439 217877
501 438 217375
501 437 216873
501 436 216371
501 435 215869
501 434 215367
501 433 214865
501 432 214363
501 431 213861
501 430 213359
501 429 212857
501 428 212355
501 427 211853
501 426 211351
501 425 210849
501 424 210347
501 423 209845
501 422 209343
501 421 208841
501 420 208339
501 419 207837
501 418 207335
501 417 206833
501 416 206331
501 415 205829
501 414 205327
501 413 204825
501 412 204323
501 411 203821
501 410 203319
501 409 202817
501 408 202315
501 407 201813
501 406 201311
501 405 200809
501 404 200307
501 403 199805
501 402 199303
501 401 198801
501 400 198299
501 399 197797
501 398 197295
501 397 196793
501 396 196291
501 395 195789
501 394 195287
501 393 194785
501 392 194283
501 391 193781
501 390 193279
501 389 192777
501 388 192275
501 387 191773
501 386 191271
501 385 190769
501 384 190267
501 383 189765
501 382 189263
501 381 188761
501 380 188259
501 379 187757
501 378 187255
501 377 186753
501 376 186251
501 375 185749
501 374 185247
501 373 184745
501 372 184243
501 371 183741
501 370 183239
501 369 182737
501 368 182235
501 367 181733
501 366 181231
501 365 180729
501 364 180227
501 363 179725
501 362 179223
501 361 178721
501 360 178219
501 359 177717
501 358 177215
501 357 176713
501 356 176211
501 355 175709
501 354 175207
501 353 174705
501 352 174203
501 351 173701
501 350 173199
501 349 172697
501 348 172195
501 347 171693
501 346 171191
501 345 170689
501 344 170187
501 343 169685
501 342 169183
501 341 168681
501 340 168179
501 339 167677
501 338 167175
501 337 166673
501 336 166171
501 335 165669
501 334 165167
501 333 164665
501 332 164163
501 331 163661
501 330 163159
501 329 162657
501 328 162155
501 327 161653
501 326 161151
501 325 160649
501 324 160147
501 323 159645
501 322 159143
501 321 158641
501 320 158139
501 319 157637
501 318 157135
501 317 156633
501 316 156131
501 315 155629
501 314 155127
501 313 154625
501 312 154123
501 311 153621
501 310 153119
501 309 152617
501 308 152115
501 307 151613
501 306 151111
501 305 150609
501 304 150107
501 303 149605
501 302 149103
501 301 148601
501 300 148099
501 299 147597
501 298 147095
501 297 146593
501 296 146091
501 295 145589
501 294 145087
501 293 144585
501 292 144083
501 291 143581
501 290 143079
501 289 142577
501 288 142075
501 287 141573
501 286 141071
501 285 140569
501 284 140067
501 283 139565
501 282 139063
501 281 138561
501 280 138059
501 279 137557
501 278 137055
501 277 136553
501 276 136051
501 275 135549
501 274 135047
501 273 134545
501 272 134043
501 271 133541
501 270 133039
501 269 132537
501 268 132035
501 267 131533
501 266 131031
501 265 130529
501 264 130027
501 263 129525
501 262 129023
501 261 128521
501 260 128019
501 259 127517
501 258 127015
501 257 126513
501 256 126011
501 255 125509
501 254 125007
501 253 124505
501 252 124003
501 251 123501
501 250 122999
501 249 122497
501 248 121995
501 247 121493
501 246 120991
501 245 120489
501 244 119987
501 243 119485
501 242 118983
501 241 118481
501 240 117979
501 239 117477
501 238 116975
501 237 116473
501 236 115971
501 235 115469
501 234 114967
501 233 114465
501 232 113963
501 231 113461
501 230 112959
501 229 112457
501 228 111955
501 227 111453
501 226 110951
501 225 110449
501 224 109947
501 223 109445
501 222 108943
501 221 108441
501 220 107939
501 219 107437
501 218 106935
501 217 106433
501 216 105931
501 215 105429
501 214 104927
501 213 104425
501 212 103923
501 211 103421
501 210 102919
501 209 102417
501 208 101915
501 207 101413
501 206 100911
501 205 100409
501 204 99907
501 203 99405
501 202 98903
501 201 98401
501 200 97899
501 199 97397
501 198 96895
501 197 96393
501 196 95891
501 195 95389
501 194 94887
501 193 94385
501 192 93883
501 191 93381
501 190 92879
501 189 92377
501 188 91875
501 187 91373
501 186 90871
501 185 90369
501 184 89867
501 183 89365
501 182 88863
501 181 88361
501 180 87859
501 179 87357
501 178 86855
501 177 86353
501 176 85851
501 175 85349
501 174 84847
501 173 84345
501 172 83843
501 171 83341
501 170 82839
501 169 82337
501 168 81835
501 167 81333
501 166 80831
501 165 80329
501 164 79827
501 163 79325
501 162 78823
501 161 78321
501 160 77819
501 159 77317
501 158 76815
501 157 76313
501 156 75811
501 155 75309
501 154 74807
501 153 74305
501 152 73803
501 151 73301
501 150 72799
501 149 72297
501 148 71795
501 147 71293
501 146 70791
501 145 70289
501 144 69787
501 143 69285
501 142 68783
501 141 68281
501 140 67779
501 139 67277
501 138 66775
501 137 66273
501 136 65771
501 135 65269
501 134 64767
501 133 64265
501 132 63763
501 131 63261
501 130 62759
501 129 62257
501 128 61755
501 127 61253
501 126 60751
501 125 60249
501 124 59747
501 123 59245
501 122 58743
501 121 58241
501 120 57739
501 119 57237
501 118 56735
501 117 56233
501 116 55731
501 115 55229
501 114 54727
501 113 54225
501 112 53723
501 111 53221
501 110 52719
501 109 52217
501 108 51715
501 107 51213
501 106 50711
501 105 50209
501 104 49707
501 103 49205
501 102 48703
501 101 48201
501 100 47699
501 99 47197
501 98 46695
501 97 46193
501 96 45691
501 95 45189
501 94 44687
501 93 44185
501 92 43683
501 91 43181
501 90 42679
501 89 42177
501 88 41675
501 87 41173
501 86 40671
501 85 40169
501 84 39667
501 83 39165
501 82 38663
501 81 38161
501 80 37659
501 79 37157
501 78 36655
501 77 36153
501 76 35651
501 75 35149
501 74 34647
501 73 34145
501 72 33643
501 71 33141
501 70 32639
501 69 32137
501 68 31635
501 67 31133
501 66 30631
501 65 30129
501 64 29627
501 63 29125
501 62 28623
501 61 28121
501 60 27619
501 59 27117
501 58 26615
501 57 26113
501 56 25611
501 55 25109
501 54 24607
501 53 24105
501 52 23603
501 51 23101
501 50 22599
501 49 22097
501 48 21595
501 47 21093
501 46 20591
501 45 20089
501 44 19587
501 43 19085
501 42 18583
501 41 18081
501 40 17579
501 39 17077
501 38 16575
501 37 16073
501 36 15571
501 35 15069
501 34 14567
501 33 14065
501 32 13563
501 31 13061
501 30 12559
501 29 12057
501 28 11555
501 27 11053
501 26 10551
501 25 10049
501 24 9547
501 23 9045
501 22 8543
501 21 8041
501 20 7539
501 19 7037
501 18 6535
501 17 6033
501 16 5531
501 15 5029
501 14 4527
501 13 4025
501 12 3523
501 11 3021
501 10 2519
501 9 2017
501 8 1515
501 7 1013
501 6 511
501 5 9
501 4 -493
501 3 -995
501 2 -1497
2 500 501
3 499 1002
4 498 1503
5 497 2004
6 496 2505
7 495 3006
8 494 3507
9 493 4008
10 492 4509
11 491 5010
12 490 5511
13 489 6012
14 488 6513
15 487 7014
16 486 7515
17 485 8016
18 484 8517
19 483 9018
20 482 9519
21 481 10020
22 480 10521
23 479 11022
24 478 11523
25 477 12024
26 476 12525
27 475 13026
28 474 13527
29 473 14028
30 472 14529
31 471 15030
32 470 15531
33 469 16032
34 468 16533
35 467 17034
36 466 17535
37 465 18036
38 464 18537
39 463 19038
40 462 19539
41 461 20040
42 460 20541
43 459 21042
44 458 21543
45 457 22044
46 456 22545
47 455 23046
48 454 23547
49 453 24048
50 452 24549
51 451 25050
52 450 25551
53 449 26052
54 448 26553
55 447 27054
56 446 27555
57 445 28056
58 444 28557
59 443 29058
60 442 29559
61 441 30060
62 440 30561
63 439 31062
64 438 31563
65 437 32064
66 436 32565
67 435 33066
68 434 33567
69 433 34068
70 432 34569
71 431 35070
72 430 35571
73 429 36072
74 428 36573
75 427 37074
76 426 37575
77 425 38076
78 424 38577
79 423 39078
80 422 39579
81 421 40080
82 420 40581
83 419 41082
84 418 41583
85 417 42084
86 416 42585
87 415 43086
88 414 43587
89 413 44088
90 412 44589
91 411 45090
92 410 45591
93 409 46092
94 408 46593
95 407 47094
96 406 47595
97 405 48096
98 404 48597
99 403 49098
100 402 49599
101 401 50100
102 400 50601
103 399 51102
104 398 51603
105 397 52104
106 396 52605
107 395 53106
108 394 53607
109 393 54108
110 392 54609
111 391 55110
112 390 55611
113 389 56112
114 388 56613
115 387 57114
116 386 57615
117 385 58116
118 384 58617
119 383 59118
120 382 59619
121 381 60120
122 380 60621
123 379 61122
124 378 61623
125 377 62124
126 376 62625
127 375 63126
128 374 63627
129 373 64128
130 372 64629
131 371 65130
132 370 65631
133 369 66132
134 368 66633
135 367 67134
136 366 67635
137 365 68136
138 364 68637
139 363 69138
140 362 69639
141 361 70140
142 360 70641
143 359 71142
144 358 71643
145 357 72144
146 356 72645
147 355 73146
148 354 73647
149 353 74148
150 352 74649
151 351 75150
152 350 75651
153 349 76152
154 348 76653
155 347 77154
156 346 77655
157 345 78156
158 344 78657
159 343 79158
160 342 79659
161 341 80160
162 340 80661
163 339 81162
164 338 81663
165 337 82164
166 336 82665
167 335 83166
168 334 83667
169 333 84168
170 332 84669
171 331 85170
172 330 85671
173 329 86172
174 328 86673
175 327 87174
176 326 87675
177 325 88176
178 324 88677
179 323 89178
180 322 89679
181 321 90180
182 320 90681
183 319 91182
184 318 91683
185 317 92184
186 316 92685
187 315 93186
188 314 93687
189 313 94188
190 312 94689
191 311 95190
192 310 95691
193 309 96192
194 308 96693
195 307 97194
196 306 97695
197 305 98196
198 304 98697
199 303 99198
200 302 99699
201 301 100200
202 300 100701
203 299 101202
204 298 101703
205 297 102204
206 296 102705
207 295 103206
208 294 103707
209 293 104208
210 292 104709
211 291 105210
212 290 105711
213 289 106212
214 288 106713
215 287 107214
216 286 107715
217 285 108216
218 284 108717
219 283 109218
220 282 109719
221 281 110220
222 280 110721
223 279 111222
224 278 111723
225 277 112224
226 276 112725
227 275 113226
228 274 113727
229 273 114228
230 272 114729
231 271 115230
232 270 115731
233 269 116232
234 268 116733
235 267 117234
236 266 117735
237 265 118236
238 264 118737
239 263 119238
240 262 119739
241 261 120240
242 260 120741
243 259 121242
244 258 121743
245 257 122244
246 256 122745
247 255 123246
248 254 123747
249 253 124248
250 252 124749
251 251 125250
252 250 125751
253 249 126252
254 248 126753
255 247 127254
256 246 127755
257 245 128256
258 244 128757
259 243 129258
260 242 129759
261 241 130260
262 240 130761
263 239 131262
264 238 131763
265 237 132264
266 236 132765
267 235 133266
268 234 133767
269 233 134268
270 232 134769
271 231 135270
272 230 135771
273 229 136272
274 228 136773
275 227 137274
276 226 137775
277 225 138276
278 224 138777
279 223 139278
280 222 139779
281 221 140280
282 220 140781
283 219 141282
284 218 141783
285 217 142284
286 216 142785
287 215 143286
288 214 143787
289 213 144288
290 212 144789
291 211 145290
292 210 145791
293 209 146292
294 208 146793
295 207 147294
296 206 147795
297 205 148296
298 204 148797
299 203 149298
300 202 149799
301 201 150300
302 200 150801
303 199 151302
304 198 151803
305 197 152304
306 196 152805
307 195 153306
308 194 153807
309 193 154308
310 192 154809
311 191 155310
312 190 155811
313 189 156312
314 188 156813
315 187 157314
316 186 157815
317 185 158316
318 184 158817
319 183 159318
320 182 159819
321 181 160320
322 180 160821
323 179 161322
324 178 161823
325 177 162324
326 176 162825
327 175 163326
328 174 163827
329 173 164328
330 172 164829
331 171 165330
332 170 165831
333 169 166332
334 168 166833
335 167 167334
336 166 167835
337 165 168336
338 164 168837
339 163 169338
340 162 169839
341 161 170340
342 160 170841
343 159 171342
344 158 171843
345 157 172344
346 156 172845
347 155 173346
348 154 173847
349 153 174348
350 152 174849
351 151 175350
352 150 175851
353 149 176352
354 148 176853
355 147 177354
356 146 177855
357 145 178356
358 144 178857
359 143 179358
360 142 179859
361 141 180360
362 140 180861
363 139 181362
364 138 181863
365 137 182364
366 136 182865
367 135 183366
368 134 183867
369 133 184368
370 132 184869
371 131 185370
372 130 185871
373 129 186372
374 128 186873
375 127 187374
376 126 187875
377 125 188376
378 124 188877
379 123 189378
380 122 189879
381 121 190380
382 120 190881
383 119 191382
384 118 191883
385 117 192384
386 116 192885
387 115 193386
388 114 193887
389 113 194388
390 112 194889
391 111 195390
392 110 195891
393 109 196392
394 108 196893
395 107 197394
396 106 197895
397 105 198396
398 104 198897
399 103 199398
400 102 199899
401 101 200400
402 100 200901
403 99 201402
404 98 201903
405 97 202404
406 96 202905
407 95 203406
408 94 203907
409 93 204408
410 92 204909
411 91 205410
412 90 205911
413 89 206412
414 88 206913
415 87 207414
416 86 207915
417 85 208416
418 84 208917
419 83 209418
420 82 209919
421 81 210420
422 80 210921
423 79 211422
424 78 211923
425 77 212424
426 76 212925
427 75 213426
428 74 213927
429 73 214428
430 72 214929
431 71 215430
432 70 215931
433 69 216432
434 68 216933
435 67 217434
436 66 217935
437 65 218436
438 64 218937
439 63 219438
440 62 219939
441 61 220440
442 60 220941
443 59 221442
444 58 221943
445 57 222444
446 56 222945
447 55 223446
448 54 223947
449 53 224448
450 52 224949
451 51 225450
452 50 225951
453 49 226452
454 48 226953
455 47 227454
456 46 227955
457 45 228456
458 44 228957
459 43 229458
460 42 229959
461 41 230460
462 40 230961
463 39 231462
464 38 231963
465 37 232464
466 36 232965
467 35 233466
468 34 233967
469 33 234468
470 32 234969
471 31 235470
472 30 235971
473 29 236472
474 28 236973
475 27 237474
476 26 237975
477 25 238476
478 24 238977
479 23 239478
480 22 239979
481 21 240480
482 20 240981
483 19 241482
484 18 241983
485 17 242484
486 16 242985
487 15 243486
488 14 243987
489 13 244488
490 12 244989
491 11 245490
492 10 245991
493 9 246492
494 8 246993
495 7 247494
496 6 247995
497 5 248496
498 4 248997
499 3 249498
500 2 249999
501 1 248501
