188261
253795
1264275
199945
2472069
1420
1109
1664
998
1527
1000
1515
1698
627
4862
1045
1449
1565
1365
1280
1070
1419
2042
582
5804
1171
1182
1394
968
942
1652
1762
2520
661
6999
1635
1654
1186
1503
1797
1392
1713
2239
704
3729
1148
1268
1313
999
1677
956
1817
2426
510
3830
1854
1408
1273
1517
990
1798
1162
3158
775
3910
1364
1729
948
1870
1732
1226
974
3529
706
6151
1848
1633
1372
1062
1715
1479
1168
2038
900
6851
1003
1212
1498
1253
1369
1510
1459
2579
673
4345
1608
1138
1231
1834
1693
1212
1220
1949
917
6722
1846
1750
1786
1635
1048
1612
996
1954
974
3463
1197
1861
1165
1629
1777
1720
1681
2835
865
3589
1437
1661
1733
1691
1444
1809
1333
1698
924
6318
1366
1873
1336
1713
1898
1653
1694
2466
944
6710
1019
1812
1221
1287
1452
1499
1799
1798
994
3463
1494
1030
1475
1181
1027
1648
1231
2097
531
5257
1088
1150
1848
1082
1459
1248
1250
3648
956
4335
1016
1001
1212
1387
1648
1015
1318
2042
784
6368
1704
1063
1633
1460
963
1175
918
3579
964
3535
1170
1161
1394
1652
1568
1838
1805
2843
748
4014
