416715216
48147279
24395242
177263333
339061178
948566447
715457428
823453198
807691528
919588428
822371165
189274417
768878483
189112560
809619690
4624327
486271339
950247208
274811077
11621188
842805916
258567953
801198385
214068185
324436033
961565966
264368766
928655135
817094109
673428193
593773449
631994964
791888031
727072451
376807159
722796167
124108075
121873909
344033048
454073261
457576052
83435247
823642270
194068605
539027394
337559485
818158645
314222313
61607585
224501189
816047078
724682216
194713402
852286540
820542828
6587379
722987568
144852350
113947876
306036771
481332324
146785205
70837778
235096688
474304294
405875292
852310305
654865662
240638878
228489399
599124516
804406127
852258007
489545140
978103329
168041555
887094189
693841719
569154410
644248483
102843259
965776199
565362620
144335448
110238715
585518936
276662651
869786832
528026479
108320038
203359877
206141201
35074966
203461222
63909146
474173105
556332918
966967416
114849654
724470238
880963038
697530498
240142152
625929055
598614608
848160523
778308517
101027915
727357109
894686566
841311808
701108964
488756098
594937945
128314301
982583696
728959843
769264242
657595694
11691604
724206005
267291914
85927168
749805735
949805626
642326894
667495602
428715862
322006850
71595618
801264427
807656774
768479925
10865880
977206834
913533652
59268384
902334300
918875644
954809668
205945840
720490094
654273860
232213459
99180908
253884152
769796044
376965625
250365164
932572695
530565942
277776203
294187987
544784009
258830029
271520253
924330070
217952505
221258605
293771710
21107559
732664934
413379153
723232186
658896955
249355407
685604636
788258567
36218075
389630504
716019828
818538078
774922399
604195515
22121727
94179709
705960630
268179270
224263576
501901902
624783949
891186116
611151253
518654086
649011789
237172270
152808056
333347351
659307779
43303958
455825102
272193229
215288810
974898108
34928371
818614058
381197871
265426923
389918809
987436499
540815690
195368175
132288829
72668351
846464657
65497169
676503265
107907758
248044469
861059074
581792968
225077085
440830171
910291811
739891642
293929871
124483733
31449166
308896566
564083178
601697186
431725631
584139849
665210315
331202958
201940941
641582101
500160412
822340839
824910126
39182127
241470435
593207254
98074275
724798402
179166135
971542687
765993464
694328830
134454179
852957361
600463525
632040551
590067606
893813419
495659820
244067736
809941763
932584454
610476965
