939498299
739610793
89029718
353512178
232261558
445719605
719033977
671559444
86966565
418158739
380203045
98092477
643093933
261495170
679426232
828984446
896923026
60431935
176053783
651986871
324883529
820346066
217645438
18598452
473858284
246849268
1105337
581977356
645117427
236763547
404436535
812553564
807459489
734195317
546241801
739204855
489332873
881442844
836953851
518281056
870128819
544672441
616399049
486098653
295364977
661357281
171481603
42496273
792840112
531550496
918824354
169504717
25560309
629278902
773182104
47884067
725905397
660746884
109437272
492660308
893787198
887085749
45941311
920040482
152834457
504620024
437385267
160971277
941656882
548364312
265238666
71200418
164973253
0
509876162
342178198
510182646
701583298
352376222
696985294
691525556
200229997
83475815
851878228
577744032
892625575
48976421
8799323
646789402
241039820
540481972
192569043
75495602
62485059
643410293
328175148
559226569
396816987
804527767
97306036
85920895
602020150
699435723
56012529
954722203
959513177
637228354
627641324
357762515
463339177
53297654
851846089
962867654
781238416
962950696
485756171
691370311
698343738
201614867
140315178
906430975
63299125
323143229
731778424
670634397
815733551
687786646
972238870
367839087
252319332
623716228
598314795
241747676
223011869
940228011
518624352
960197933
839988173
395905556
657398130
87251506
50085667
742058856
549093975
423866569
45054815
964601395
799350766
534498324
668760874
111247117
282530600
405614489
410714518
297996349
812027450
384320619
584889622
6354023
955399729
980553485
532656582
688055250
533326987
403754274
109890779
437681509
978009036
453347895
852486347
162704907
231677213
398044728
102652332
10852949
71342198
874126784
829313739
959283840
796111138
911409212
732293580
24730881
825712646
487702523
745684875
520414488
101496687
215132443
513389196
118274106
882727285
713181151
123857198
478405300
82602574
340676695
45766345
309973486
28925555
396799580
58361574
885905387
373689480
640494791
539046614
495359707
883722416
237750482
705539047
114518058
667446563
140105038
789505786
935075745
39989674
334778553
626214927
732197445
199639791
963989978
740139999
541946217
768420646
450462585
974496200
728030489
849375904
878563406
647664504
796475912
709978932
633533675
602168388
765740331
563732361
512419565
371705528
796690567
0
359919894
763564167
865790720
580188222
800571657
404163878
885063107
715013031
822448154
996594699
