196776474
684067454
630793148
724613723
256056330
0
27529011
82202800
659676206
180318961
23093796
366457178
477419042
569975536
103338582
146673372
345476157
644087211
310526608
896165770
719954215
917758113
447298116
833851519
465193613
807025365
82575596
677083053
39631607
851406371
486562522
277339341
534494765
473623332
199915340
339888389
89486823
126773937
116530216
821537372
271472557
0
387573991
663011726
679620483
146977046
974680686
228884880
414482833
346450637
742329789
713519862
497906114
638730672
949392829
934008165
105128728
784832096
762543678
365834942
93629400
510434984
494360610
717712435
25312147
509562504
378481748
540902871
934453695
159965534
852301380
106683332
851514292
874790910
885665525
916190877
687030445
330669815
616004311
612357550
974374218
99113430
429901447
353625971
572557857
252051134
443897682
712482365
951792319
467780470
905748620
235634628
872253708
325700183
943178249
255898033
555630980
927988341
362196774
781904551
559989771
548800251
268089597
2765328
481089890
711671453
825191270
150071201
978900928
442741638
623280050
401665134
100839079
469584307
344325088
357485740
383074404
386580753
104620832
848568269
242430542
784393656
639408160
455079550
773650075
966189358
849371274
309834396
654103245
595980574
462334384
806621755
695450999
430228494
504454438
605837283
522248362
85945896
213804612
922151163
970634675
154037953
339308470
379373800
476078467
752228059
68679659
407891829
945627120
125684990
213972351
214353327
463573828
463713256
509437859
892161580
821182635
428419781
41410366
61350297
644807364
459398697
625786536
114074581
787889232
620477727
373641208
662476047
123237449
574414586
439367999
902920077
97080726
0
473150148
529682778
975178301
883425671
346888708
994486825
581075015
463781951
0
841779666
151652236
478464955
510531067
0
472324342
995104018
328912702
193783211
534351228
396667781
341708156
865657741
418115439
480237949
848863039
225425378
0
573137846
698129451
24704720
150121292
645303074
271763718
850940575
6663679
522573702
386693012
111045427
856788589
702115740
188455797
565291041
705454098
976552414
912210356
90253957
303383489
942574202
75769015
607931652
963463363
0
581558750
7613418
858444892
950196092
537371617
60228731
625726980
324451349
82438808
366035547
145205735
572528878
747645718
115707579
289822295
441620871
326613444
16020819
949267262
588120665
386924906
923602837
752594095
333590460
