28448
72764
40266
44204
57934
51902
52262
71794
50756
98768
73000
106450
68320
63054
59840
55960
47000
41214
34078
79184
86516
83106
45188
45252
73404
70934
67202
46898
33030
50708
80532
64508
94176
55412
38914
65852
68872
63978
73148
75030
79564
55700
61312
56830
54492
76688
38176
64196
57788
63054
65172
83268
95510
62128
59524
42474
53182
36312
76234
44402
35126
58938
85046
75828
71466
67124
49102
85190
18234
24370
63002
66400
56410
66536
73526
95090
88524
82866
56234
87796
77782
112110
93302
58168
76246
30944
45236
44400
65760
26848
57858
67942
78214
59678
80788
32220
34372
74840
49348
60774
45488
100562
46874
57770
72826
104924
52204
55882
100946
64010
33878
112176
56602
87592
62016
47732
72748
55194
86386
57640
37420
64072
47284
79446
78980
85062
43482
67496
70416
47752
52326
40854
61870
34754
88972
57820
67822
48814
41992
54594
37602
41964
40164
77434
52498
51920
43474
47378
71068
59462
58004
63832
100100
61706
70464
42440
86506
58682
93796
84256
66652
46360
35052
71598
53604
68230
55570
46464
49482
82060
58456
69806
51132
83700
23148
82378
27024
102836
71158
102784
67684
75186
43772
66894
66118
51724
99198
36604
65088
56022
27520
52252
39652
59022
90106
55126
77046
72674
59008
90480
55312
53634
62538
55714
56286
82872
42670
78740
66928
61344
63228
66762
66958
55564
58434
55146
48470
103404
50904
45002
58124
77560
61566
46240
43708
100238
65346
72420
69562
47028
106054
30754
65816
66582
63804
85512
57522
62574
63736
68396
42214
53490
49818
47838
89170
53552
50136
57872
77582
39914
39788
70260
67692
50588
97840
75144
42700
29552
45020
95900
30216
40960
58492
35260
80112
56540
73938
78804
32248
40150
63192
67060
74354
94190
51980
33086
49206
48786
55626
59040
71950
47480
44560
62900
48460
50504
82146
67776
40094
52446
57386
55248
66490
75490
52642
47008
71076
49584
59044
80236
82212
56070
76036
45324
96238
117876
104770
54816
97762
44032
43728
76068
57444
49506
88264
60500
62326
101478
80874
78156
54286
60186
63626
82140
41078
68026
70132
44314
67102
40458
44382
48978
46862
49954
56018
49430
43328
80070
106348
51478
46746
57144
34688
59974
95122
68360
46334
43306
45258
65406
49828
87924
70294
71832
62684
47584
32398
48450
53850
47198
76726
63632
85070
39114
63462
73290
64378
84762
64298
76404
54338
38776
51718
83910
63894
60538
40608
68034
68008
48074
90746
92570
84172
56656
62944
72074
52348
57696
55034
122502
49784
79238
69214
89456
54174
48020
54394
34988
62334
50024
38202
76178
41768
51794
62464
44454
59412
88762
41732
70152
79940
57006
78184
50050
77606
36816
37372
55522
54928
100496
49286
58480
76358
58144
63704
49832
74280
64648
77480
86162
74292
72274
31910
74696
108628
54896
75674
58018
63614
87240
54052
48930
47328
74204
22968
85540
75696
41658
60714
92096
87072
51054
66344
65624
38960
57012
92288
77308
54402
107636
68278
61098
81548
44504
66190
65524
55528
56450
52036
75548
42398
84876
50318
55250
71476
77458
52200
48488
61324
75332
39370
42694
34800
88170
79866
49120
63578
42866
59970
76294
55192
68756
50376
49406
53064
64162
71064
66666
65276
65018
34656
103116
72584
78946
68088
77244
79696
28524
83198
59036
41106
54506
55202
35432
63172
58668
95184
72364
71202
115428
31668
73376
77950
55494
72052
40840
92948
46320
59346
36654
60760
77802
62102
49786
73644
74020
42146
37634
57824
18226
47196
58436
55946
94046
88346
70244
48928
47230
58450
54318
41732
57162
90958
71970
46780
61028
59992
97112
78488
78988
61860
78168
31860
88822
64566
83796
54002
85316
78964
86666
94116
53556
56728
70940
77886
58820
46314
62798
73472
80016
78850
73108
64606
34698
55182
58936
74664
27348
68498
74772
90508
34032
32036
63018
60842
52396
48736
63308
50512
59320
60880
36376
39686
38756
57436
48628
58040
85656
95118
60350
47016
76162
55654
56140
44228
44826
39994
31204
62080
44630
64964
96206
55196
59604
81442
69082
33596
67198
64440
71636
63082
55500
73224
65658
112752
47284
69348
49220
49744
47686
110142
67476
56456
41292
59910
76696
41974
67498
52344
63658
75046
58054
84912
50778
69698
96864
89680
68008
86492
56614
68980
75054
88080
45530
71654
42608
40848
46750
65522
38878
42970
77270
25118
45776
88150
47646
53100
72042
35834
101912
81210
47696
61024
90626
63436
42428
30398
74218
45844
72522
80578
46252
57670
80408
44756
41292
34700
36772
66936
56678
50198
67670
45236
63944
49994
87512
43092
75102
44342
85358
81666
60078
42706
86314
55852
38904
83756
59768
54532
75562
49656
37660
75648
42772
75448
73106
45752
80792
67520
58982
90586
80246
69330
43658
68208
94018
93612
89626
75644
75206
71166
59402
46082
21384
54986
93740
55570
66334
118210
86718
86922
44454
51766
70888
76648
83892
53040
48708
89656
52364
72708
22988
44868
24936
110354
79172
73992
67424
69570
80446
58614
59812
58426
116054
39850
49986
76988
36516
77432
66386
62572
112216
71936
47450
63142
57192
118472
66988
28896
45586
50812
47552
64540
74626
64392
36796
75368
39296
61420
23612
55006
66586
90202
85682
51948
72574
51082
44872
48986
85106
41248
32124
97816
84204
68814
81956
33420
43574
61700
60642
67320
64430
65420
77912
93250
56488
70804
32604
54204
54962
100574
49652
52102
58904
76790
45920
28218
56044
58672
56136
54244
52644
32600
74100
62866
77656
62324
23928
93264
74182
30852
57796
52048
79826
75442
77708
49718
63512
50902
46736
88140
90036
76008
97916
54546
69386
57160
69400
73572
79094
75852
60460
33906
40798
52638
79760
46162
71828
44148
62826
50082
67794
67518
45516
72864
60530
88730
61328
72576
56946
45636
89078
60760
42330
83146
41082
42620
78892
72708
28748
44564
58914
81298
108520
34340
63260
70432
94958
49352
37170
59830
30180
70140
79932
40450
48682
65692
84498
85224
61450
39884
54892
51864
65146
51060
60532
70268
68182
90020
30520
56248
115084
64784
38260
35978
64456
59770
33996
27222
65458
52326
65816
74698
57058
99834
42734
97020
42302
61036
75386
70066
71792
45238
92322
37874
36604
33706
67972
78070
66868
73030
60330
52438
47070
22758
60082
50386
59616
35012
56300
86214
62134
51974
43684
58896
70274
55998
70108
61394
92208
74904
74904
47820
25790
53348
55516
51614
72026
71836
59446
78790
69032
82992
55002
97926
56490
73300
64670
44060
91524
59066
71880
44196
76430
65666
75850
39512
52176
80574
61960
63654
57100
61214
48392
86756
71884
50502
37230
78202
46444
66156
52910
45534
45952
80868
78732
67256
63048
40916
57090
78994
42092
51212
66878
68790
47850
99790
76314
102248
38894
67560
49358
46120
63122
42910
67116
58074
76938
76804
66008
52766
53806
70254
48088
74718
91504
66226
29498
72956
49170
45380
76880
80754
66762
49472
66256
45792
48778
30698
59924
45704
87998
81624
55342
83936
84084
35154
45876
78744
57948
80736
67312
72634
58454
62626
63498
41760
75018
55984
82250
42524
36192
52304
90652
62356
43648
77978
76122
61832
86910
42264
60464
92278
70240
65218
72026
62466
50760
35130
82800
67310
49650
49094
46242
66772
54936
66002
91012
73084
69236
77848
65728
92082
29742
46462
37884
46026
31296
63244
61222
88086
60124
65116
35922
44878
63000
31492
57386
64610
92940
37556
74324
55954
75652
83154
18232
54832
59972
79480
61520
68524
61292
61906
46766
62638
47824
53748
92224
49106
48314
77448
60184
81648
55000
57884
57968
65972
35970
76168
59718
55122
26024
94570
61728
65394
58406
84818
78334
64922
74330
31570
68906
44592
77608
55522
54828
40382
75772
49932
57622
51886
41358
57116
81032
56836
73528
58282
45200
65000
65192
80924
52138
59262
71822
55574
30510
52200
60922
64322
92586
61548
56288
48648
71994
67510
74006
46680
44402
22988
99364
64802
59430
72076
52312
64220
72934
43042
45958
41336
74982
77692
75240
37986
53368
61064
99814
94584
43282
30170
77730
88108
73576
56318
60970
93368
81846
80936
54842
39710
77082
95128
75430
91872
32182
63022
75010
59176
102896
63092
35564
55412
41002
44592
46536
67978
60208
42942
41094
40124
54802
66146
78038
64486
56954
55232
54220
54746
84180
46018
63206
49726
57694
123614
45024
58460
59766
85356
52582
69104
45644
60698
57426
63322
75958
50438
88074
76216
50658
44224
73124
78350
55236
79320
76610
50460
56670
56396
44548
39960
44664
64132
78194
60710
109272
57056
59798
77714
48114
52502
42968
71982
78594
78968
101044
60096
64068
43284
74434
86520
47696
80054
105560
88850
55052
88684
93440
80528
76654
42944
47888
43318
83686
72950
53168
109360
98664
63640
70260
52724
85602
98950
159106
48948
59124
65058
52538
72998
81650
105600
61144
22642
34756
31862
74202
67076
54060
72212
56818
71954
44540
77786
90824
56786
55990
42950
63520
58944
78150
70086
38600
77430
25788
39556
29162
48784
28996
94258
52428
43698
45644
79552
67078
69884
56662
60122
39468
58152
76542
62598
62386
37178
71326
72212
40836
84214
53942
47280
58244
66590
80804
110332
117232
71630
54094
46258
61252
27568
109720
65088
52258
57534
72864
49110
83094
31570
73930
61130
52300
54918
70184
62218
108098
75998
113388
76674
48868
91430
43482
97370
66000
57828
76882
59750
79102
86772
73428
68982
55354
42804
58138
71818
67982
64578
70146
94828
112076
55350
18220
52490
49044
57652
48048
57564
42336
57598
77254
64818
34698
38714
50200
59292
22992
56000
38282
61630
39148
76602
58716
54062
42332
30294
51738
57314
58222
44332
83964
111312
73100
42570
68856
69434
61520
84338
78786
47940
74184
92946
56976
92058
53800
56676
85916
77138
62130
77930
44808
51564
94050
101738
79854
49106
54624
18214
64700
48868
74472
49078
54234
74754
50652
51000
46606
45838
58518
73716
73926
68874
51682
56618
102182
89726
67168
51100
66146
59054
62398
54124
49414
61250
100052
67872
51794
86078
58914
45576
57108
64894
67624
55094
72892
70760
101132
56380
68954
56780
62980
123664
61678
73892
44900
67142
77486
81376
25700
61190
76356
34978
67874
85034
64008
80866
76870
61602
70384
51508
56362
76806
76940
74048
86904
92408
73630
78664
47344
91100
29696
62266
71590
45154
65216
85224
53898
43398
41996
56636
64796
69942
47622
75576
102364
67584
56084
74396
70032
76704
66138
37306
50084
52276
44472
84720
43008
58868
45022
44512
58604
94870
67142
36470
81242
32668
55146
88512
109208
44120
48346
71038
54412
64776
46106
65678
48708
63006
54676
57184
73736
58220
41042
77380
80382
41166
56318
75718
46540
67138
65980
48624
77382
67942
77340
60324
57830
66964
74998
80868
40030
44516
40102
62160
72302
63086
76622
79182
56830
51478
72032
44660
34320
54526
33818
62762
47674
53954
34012
73182
64942
61720
93662
58278
71792
33562
61980
57452
60958
24298
68838
37638
45326
58368
44318
61708
73408
87258
87582
61356
120736
62264
72342
86222
94240
71464
40872
66928
61406
47966
108784
44240
43258
82298
78810
67382
28930
75982
47140
64626
53854
60296
89422
111598
65646
90524
89170
65122
70590
36542
33944
93310
50030
82496
38530
56876
56182
48020
99768
81202
40268
116118
41786
60104
34822
56856
49900
31310
56164
99172
93376
41710
52224
78094
52076
28752
36276
45930
25952
40580
63212
82578
56452
69458
104430
92138
70370
49172
85014
23880
50278
84574
59616
64412
62160
75108
80778
52768
57236
39544
40270
68430
37808
71636
74454
91998
67796
80938
37982
60402
75970
86960
43798
89964
79302
81978
65798
56882
55724
30960
85232
78316
86760
59364
73140
77208
91200
66132
71692
38764
58450
57796
48582
69934
82408
47844
58376
63534
63422
102040
33146
68080
88488
59938
48826
52444
87152
39508
66442
73988
31736
46162
61446
45680
49274
45278
46416
57156
40944
73988
73974
87064
84826
62186
71874
34474
53226
52274
60994
49952
39046
91450
89368
79234
74486
64056
74350
52358
81204
54114
88680
57062
31488
95010
81698
57236
47168
72646
67520
78410
33234
82896
52688
76310
86730
81792
69298
37484
58966
40470
37820
55918
57186
89914
45318
49270
91890
63396
42638
24510
63834
47180
72164
35080
64310
24238
53744
72852
43930
70202
63066
89642
74386
67682
57600
47300
87364
59314
64690
23394
86136
93514
47476
37752
87864
57670
85672
96902
47738
72184
54316
63690
67048
63432
48838
61702
48970
36752
64206
59872
58338
46048
91676
42922
65500
62882
85660
78446
42970
57170
97886
53234
103744
32610
94130
72590
60786
93000
40474
64284
38920
53876
61500
73170
63876
42444
64016
66774
69820
77628
53134
40588
53786
49250
85018
59688
64942
77250
72240
59804
96636
58648
55428
100034
51290
59360
49968
53818
61388
77140
81516
56650
108238
58762
54082
55848
56780
71510
57392
56112
69326
44924
87904
78038
39194
46618
66450
58502
61026
90328
36600
83326
58296
77500
51082
41504
55690
47868
66864
39010
47200
77942
67482
37638
71812
65170
66814
56820
54468
108870
52550
97900
65492
100306
72412
33486
79834
75704
67656
76776
41240
73692
83370
80928
21846
73008
23894
70578
64124
91064
85600
45118
24672
77100
75646
58686
55158
55108
61780
34992
46838
67056
40568
46838
83600
61958
98412
67452
42174
41136
67312
53724
52580
115558
62444
65324
74786
82324
62586
72778
51084
74662
94328
60886
71812
48070
48926
94118
83824
50136
97510
56564
46828
50546
61614
45190
69576
80626
45964
67400
68326
57204
48298
58256
97596
43828
70960
74566
72694
90688
85354
46364
22598
58352
92576
64276
45042
43834
68306
66666
51444
63072
75158
62282
47590
54390
44952
57998
72216
51904
66018
44072
99618
39238
92708
47878
58474
93890
71922
66252
72742
42934
92030
67466
78714
53872
78602
77916
68210
51872
66140
50780
62154
76516
116914
90106
78354
43690
80558
68530
74980
26064
76122
70744
79060
76194
68390
55906
70696
68362
44754
56506
54006
62632
60168
45118
46364
55070
72148
68068
66074
39432
55412
77148
35444
82390
58182
71118
88360
101822
71404
40658
63736
48320
99856
53976
72220
33588
68892
37946
68188
42336
80630
35566
104432
27652
51774
84264
72524
36012
45442
79554
63126
50582
46314
84642
36922
51708
93914
80804
44820
67092
64404
56550
45238
89364
38898
53418
63310
37100
74566
59472
87156
100862
51886
63318
65116
42196
61584
58558
66192
67814
56254
57292
73548
26850
56962
78142
71938
62382
63414
44498
65042
38274
48250
54760
46684
56268
29688
63330
97328
75050
82410
81132
76202
116040
54154
65250
69842
61590
88872
84788
75922
56898
87190
60954
65190
75526
71532
76388
47792
82846
56396
63890
91862
79368
49564
79926
60334
84074
86518
70332
46296
69206
45482
84274
46746
69744
51242
87648
63952
57396
74226
42188
92718
76124
76600
61998
34262
53976
30090
77560
62480
89298
66770
33384
59478
51400
63292
60798
63688
77358
71724
55412
45868
76162
72316
83186
78678
71296
54728
63456
59138
48294
59714
61236
74448
57682
84200
100104
74172
40906
107390
71712
74722
52028
39776
69034
72830
73886
67334
65888
58462
60516
66138
31448
84344
67596
62544
40736
59032
69438
67470
38510
66372
82572
66088
24666
38928
63560
71830
59400
42784
61884
68688
75344
65268
95448
41276
71468
28410
60676
53346
57894
106520
60326
71404
53430
43134
70006
59864
59920
52698
73282
79212
60982
47280
51848
57126
60930
70778
70344
47296
71200
66238
89006
90996
78800
70048
65100
48110
44178
53930
79804
47476
63830
109428
52182
42380
81236
83534
82848
53672
73550
47724
92754
65262
77146
73142
33822
80552
74658
38170
72058
48224
41960
50992
94262
37738
34804
79458
69918
74242
71244
96120
40184
58654
56304
55466
69984
57776
69576
70284
64250
35752
48184
93860
43964
77728
75120
33562
82334
58122
97852
46244
84912
51580
52574
34072
70242
71856
71896
100674
57354
67412
49462
73856
75920
48696
61222
83490
66338
66412
36578
54846
38884
61034
62274
36282
39666
52200
50592
72704
42486
64170
69660
45922
86460
51806
46506
91460
69494
71988
81198
81282
70134
66232
42302
57032
54952
60710
35180
48602
52434
37788
82620
82034
70510
91552
61604
77284
46020
94472
31708
44320
62366
67894
74942
62848
53042
62192
75448
61182
77268
54138
50368
68842
85192
41376
47412
38346
37644
25804
82002
74962
46654
73456
54752
94920
73488
55044
84654
79834
50082
68748
54144
69218
59110
58356
89384
80088
74670
64674
60864
65496
41134
65920
79104
34160
96090
30884
74008
51158
65160
73204
70888
60152
89278
53024
31718
95378
62554
77088
82818
31234
56524
32166
84756
60070
64188
54922
69856
39472
97228
31154
94348
57174
73288
48952
50202
40638
91220
51120
68188
44028
62172
58452
101828
64398
18220
48546
61268
45662
59986
19952
103062
44796
48576
88406
66054
90168
43358
61756
58256
35790
71024
70134
36894
77270
99184
48742
89978
71304
47476
55240
82158
67416
59584
36542
52186
97396
50782
78418
75692
63878
58290
33956
22616
41352
61440
80606
62504
79870
48098
95094
57078
65720
30848
67662
84092
52968
60646
36146
83972
38516
72214
52118
43458
33106
43756
85314
56252
54582
62770
83212
33830
75950
36560
28098
73812
40460
41480
58060
62826
30350
66036
75458
60034
57812
60112
79738
42532
60620
53002
81740
43136
63308
56466
47822
58398
53408
87306
64342
52832
42874
66602
51068
42678
35052
76754
72448
76044
52850
69646
78066
63940
87170
71482
57338
77414
58026
75114
80938
40952
40952
66686
63992
60744
72192
85072
53182
61904
55342
65698
49958
66686
61130
97030
49778
49858
85874
95626
50458
50792
20714
53952
54336
102168
45774
37826
67804
92378
70002
54394
49750
75596
43846
19938
66820
47094
76552
79044
55672
96886
62962
64956
59706
53330
79760
48210
80590
57178
48500
73902
71438
67262
74562
42478
67142
87432
61958
63688
42644
68542
71466
84460
60752
110950
40508
54016
61732
79658
31998
57700
59798
44174
59866
56132
43540
35220
110160
79368
97034
82590
48504
83456
50296
68092
74290
69944
65914
85104
73192
53652
29278
81884
51990
45118
81162
48676
65402
41084
75392
64382
97530
44750
75718
88476
74282
42446
34656
58984
68972
32702
78492
90060
55634
95120
74724
69556
71260
64208
62148
70832
28450
53824
83164
81930
61470
85872
63092
64166
27544
82522
66030
62118
59972
45610
64604
58520
34806
56382
50902
59882
62768
43678
42694
47970
49442
58896
61928
72560
68850
52498
85848
76268
61678
47798
92442
43448
61812
64434
60720
55542
82870
37144
121108
59466
98720
63468
69842
43862
59504
94788
50080
50006
61564
79160
78060
64514
61494
52160
78124
32772
49742
65076
81408
28960
73462
36966
79084
48660
101276
45142
64200
59092
68534
37698
52204
42586
71998
105918
45984
47150
70272
74292
51544
72950
108026
28238
69344
37308
60736
53646
84240
69744
49098
44914
89806
103444
82052
64322
125198
80098
58462
49774
99288
137180
66816
68168
86318
38672
61080
63586
122702
41678
79818
82324
84734
50430
82858
36196
60690
51272
76974
49260
51120
70004
47028
83804
90756
57576
74742
62326
86504
73810
91940
78142
41866
40880
51682
66194
70508
52654
86862
34718
41686
67392
103062
72518
56360
66064
80490
45436
60282
104322
96502
74258
74086
45982
62442
46690
69242
81956
33920
36350
39016
56144
89534
60366
69370
42596
51898
89220
18224
67772
53486
37512
78156
43518
56036
45250
32646
62048
30328
92898
41120
28066
44332
57548
36588
68282
72842
88838
58992
58628
55966
47470
90528
79236
99128
53296
51622
34656
74742
53694
61792
75230
51924
81572
51962
41740
48950
74646
65902
66782
48932
41380
70638
87884
79320
100652
74616
58574
75702
33866
52808
84978
77356
55750
72136
59846
75596
82120
62802
46832
43582
60848
66766
67462
108646
64660
78560
54088
47600
67764
46742
46520
52550
56740
60140
56700
63246
90592
69896
64396
94456
34622
75198
89848
72570
43898
66654
66188
62754
83654
94918
54736
50814
62708
71638
64744
35168
63580
34700
81794
70274
61352
53496
96488
63008
47526
83090
66338
73608
53478
82696
28254
75340
98430
34876
76474
88898
44330
67996
78230
67624
45496
81148
88978
82424
85532
82022
63280
91108
59932
54726
51410
53652
81190
91538
67374
51292
111872
23262
43416
77250
45726
60440
79888
74248
54388
51430
71526
73092
85428
69478
72960
85754
59230
67256
52532
59586
66740
38218
39364
91974
67442
55210
52740
36924
85314
47848
50858
75170
74906
72074
100034
77250
62834
53568
74008
72690
46954
70782
66476
48398
63800
61850
54138
82402
74978
47514
93582
44382
35664
62454
84380
89134
77610
47848
58176
75378
70082
68612
68792
44132
87110
114308
36786
35554
54816
72696
35932
59708
57602
64658
59058
68216
83256
96462
34428
59136
56198
63696
68382
65966
55366
76732
106408
70880
26780
76076
69240
66986
64794
58056
67524
51634
59330
47906
63666
78912
68922
85400
67782
51534
40992
74520
54980
39316
51824
84524
41354
99062
82690
62048
76962
43218
55908
54120
82806
40696
99350
62054
57244
61680
48342
75004
70620
58440
37570
64708
93794
69482
62780
66166
54908
51292
64678
48938
75490
78492
49280
19938
55212
33664
72638
73826
70256
74414
61066
69012
64026
84900
39816
70144
42658
79816
73706
40504
63406
50062
32746
70664
45496
45126
58520
34546
88750
66610
54318
91306
103394
71820
44778
86710
110444
50108
72904
29238
95484
84964
56186
101408
52742
47866
40882
74904
90824
43518
63440
76750
63488
32976
67158
40678
85574
42114
46068
56154
57668
68420
26838
74918
60442
36992
52736
66778
75988
72256
78482
49482
77526
65202
51258
65414
74234
31002
92498
88098
50252
71318
52384
55750
25156
73144
82998
67674
72070
41452
58752
88068
83684
87020
71344
84574
62894
114358
36300
48022
41084
40884
46960
80408
32824
79212
74974
19222
66204
33972
55926
45586
62818
70208
43792
82618
74380
51286
45604
85042
48010
61702
74200
50546
74044
74022
62976
78538
41718
92536
47986
85896
72362
52750
50484
60534
55172
58142
88000
59096
65746
76832
68394
48274
86390
87864
70272
52760
75892
42100
61818
104274
72180
80428
54328
72442
74780
110418
55986
53886
63630
75672
59702
68182
78346
52638
47544
70314
90560
71090
79106
70558
60662
77372
67864
68556
37628
41998
58402
82878
64172
99574
50918
83570
87214
57186
56466
68738
67828
74068
69888
50154
42834
85044
59904
52940
65960
65442
74618
61540
83176
40656
59842
41608
45298
59790
72402
64722
64014
68870
55902
74098
37312
94568
71232
34030
55792
68504
36482
87318
78228
60932
75306
74934
76810
51070
36678
77510
85416
92590
62878
30438
54914
42408
57350
75478
52948
76640
106566
62530
61092
92642
46134
71032
76826
79304
42856
56008
28246
47456
62770
47102
74754
69340
65528
30478
59634
47966
46526
63752
45006
92362
99972
67482
70818
57948
51466
84488
48118
70714
97410
66754
86530
52834
65568
63256
49584
56234
62384
57320
69506
63714
34830
59692
79044
65618
50832
59282
70150
68316
37524
67138
18228
51914
31964
76118
65090
77168
74036
79496
79584
70962
55516
64862
70012
46688
38296
62904
79148
65282
73284
76822
69296
84056
81616
64250
66224
67734
52952
64748
29896
83102
76496
66116
68784
54530
43442
44010
45562
52906
42260
79616
87872
79180
45838
76112
73700
96576
65330
70936
35316
38980
58964
41236
48080
47294
40644
51258
123528
62804
94402
87188
77574
57718
46878
84190
50304
50558
87490
103162
58006
85006
94360
60210
95554
71558
49590
65722
60086
45928
64042
59890
51936
52236
76286
60184
47352
68458
78794
71136
131248
43984
62412
48820
54406
75910
57442
38106
79792
80198
22752
72586
38136
46292
50986
63366
61032
28854
54542
41260
65844
56892
94104
84404
81664
62330
43072
63694
69690
65282
46812
65896
65230
67180
67664
40334
63752
52080
66914
80354
72326
59390
54646
64166
107480
63480
61782
59086
62110
100020
75734
71996
46828
72918
27502
61718
67272
74394
79104
60694
40202
87128
49846
42644
90372
67716
79094
44970
40548
63832
73952
60562
56604
70182
86008
94866
43376
90710
57836
60884
49726
56970
62676
58178
100536
39044
62822
65292
52756
91534
89810
80722
63090
55622
25702
74666
42578
93370
78588
49032
37424
85970
65908
45102
79758
60912
59982
88674
53596
72426
62822
84012
75516
89320
53182
41010
90612
51096
40646
72772
54890
64482
95186
46050
40484
108944
89738
72296
55482
69864
89030
81776
79040
57628
41908
45252
74456
75538
72910
80140
40636
67852
44058
35570
69042
52354
59764
80022
74322
31922
51246
76938
32622
90526
46084
76358
75734
75448
97936
38438
45316
56436
65234
77096
65308
48192
47716
91262
51210
99808
55554
42206
70118
61754
52598
80134
79774
85916
65820
54624
47230
39862
25206
97440
41166
74512
45994
76132
83086
89106
80872
59284
61120
61714
57974
48014
62528
37322
40342
68178
85138
62730
55068
47516
41598
70350
45864
68120
63880
78928
53706
78380
66354
61778
56132
46828
58956
30086
75250
90538
71270
78676
43810
83056
42796
65394
61556
72792
76570
46510
58896
47740
70342
73890
105014
65860
72296
48204
101870
28086
45650
85430
61458
66814
47326
73428
65822
75616
77742
66786
59036
63114
44344
67386
32066
66400
88890
87810
75290
61248
83548
93374
39658
71710
49714
51000
56192
39464
56184
65338
77786
70196
67272
40784
33560
53000
54310
62944
42714
87122
36710
69340
64188
66410
72170
71486
61170
35518
69436
65170
81528
41458
56676
67754
41560
47302
61990
18212
68028
49550
41990
85744
27246
44234
47126
70516
88538
77906
40504
55032
52462
75930
90606
69782
85982
78596
70550
58158
59322
85504
61338
42694
58372
94660
61608
96642
53756
54476
81616
56848
41466
43954
64880
37168
62712
59576
68564
72422
43358
82376
49906
62274
51884
42350
54184
55078
76774
44290
50532
60932
53538
50526
47666
63610
69696
60382
56924
97744
82384
67516
56860
31884
99422
50106
58908
65060
74016
65254
74818
92518
106074
72558
74332
60142
70080
78436
75578
35762
41442
54528
38552
88584
62466
62024
55594
44306
36104
63056
40436
56440
98122
66878
71142
55168
92560
81892
47150
98794
87686
73278
45558
89326
69058
41162
62226
56558
87684
62500
66834
100370
64354
40392
46414
100010
60652
36342
63416
67984
43238
60102
73616
41378
65356
43506
58288
62156
51964
64568
76810
61414
56146
94782
80180
70402
75724
61402
59180
69544
46826
34350
73710
46460
44214
45048
70944
44544
73536
28344
87822
69294
78024
66566
82016
56072
50852
41960
65536
44672
52676
22968
56314
43084
36512
83100
67932
91232
75750
97286
25000
47952
74452
77866
90702
66498
29218
51612
81066
58902
61818
50604
47890
63470
95424
41028
30682
48304
60808
105384
67568
43336
91606
64384
52978
95344
105598
68224
58364
76758
78796
100736
75468
46386
96224
65504
85364
73736
44436
27140
44942
63856
66082
87696
87376
74416
56372
70304
53104
72756
67708
45252
65774
62580
64616
84576
56056
64628
42178
47778
76172
68062
49704
74174
47948
76402
52100
53168
62122
49610
65026
71182
87590
61812
57638
41964
59506
50704
97526
56162
70152
92560
83568
74630
70600
54670
67468
43012
64184
74352
48342
52644
66964
56952
65384
63854
62776
68050
76088
81162
48224
76390
61390
100640
61556
47496
55848
87926
68194
67592
61856
50030
79812
40482
96260
57350
44084
65076
61928
79066
74098
39026
46424
75420
68226
62474
80578
50322
65784
92654
48768
57810
63454
53942
55006
41794
37312
58058
80744
45056
68674
34350
20332
66076
51464
39490
85520
74642
86758
45198
64600
46348
64482
68718
72954
83650
67850
61298
66684
106708
66394
65916
69576
77190
99984
79280
31172
53848
56226
34154
43548
50304
76750
94292
51118
71926
63792
93616
37652
66100
84320
58488
77256
64392
85752
51110
94584
43744
74188
64390
77800
52966
46772
82922
73616
70156
77038
60892
43966
85106
70680
91818
38994
89458
81236
47796
30084
40108
47466
83492
42352
33896
47230
56058
75006
55996
53510
93490
64660
63844
82536
49852
75502
65128
54358
77516
66118
58104
39306
77830
55932
83650
34816
61156
70608
48810
40030
85558
86030
61058
89538
67078
55348
59546
59712
53112
59516
58948
62142
37122
69206
63018
45024
44082
48660
57538
80756
90236
35110
86076
65276
56324
60462
69654
53804
67628
42034
69498
54832
51084
43276
29482
61520
84642
67212
45006
87294
47216
62708
44818
56226
101270
71698
45312
41216
38576
35914
34252
50116
64778
74416
75554
58840
150734
58360
95524
52648
25958
61180
85462
54372
37958
64822
31918
78924
69910
41566
36278
61950
69492
89112
29100
51810
64872
53288
83192
42084
86238
71732
80420
99220
51210
40100
91306
58560
57874
59434
65392
51566
37088
51876
56200
59694
69186
48864
29466
67714
106178
52098
38480
106990
36516
39406
51286
55916
61460
52812
35060
26672
43610
89388
48164
52838
82684
89556
55252
40130
72732
77438
50080
54620
24942
54768
33954
69012
57138
94354
64454
30518
40566
80556
50810
56974
66046
67424
51814
104360
52060
65388
65490
80334
60046
75104
54828
68042
52212
75010
63838
69454
62510
81578
69022
46916
63756
44574
64634
45224
68168
86938
66230
53138
53266
58918
84734
62834
44398
68344
50726
53574
54700
69078
31516
67884
36746
58322
65718
57428
81700
70890
92580
46680
89826
76132
54580
68658
87386
45464
74818
58164
45622
54660
85270
72046
84406
53482
56134
43488
59986
70146
27540
66470
65784
85718
103492
47910
32126
38826
50336
81370
65174
71276
41526
51980
63884
87326
55636
34504
103262
77358
63230
86806
29426
76022
37662
45046
54112
27824
71844
81690
52584
61922
59198
69118
50270
29672
59750
75576
68768
53824
54204
56328
40984
76272
33104
53368
43742
78684
51606
60088
29082
65470
66970
43130
69690
72556
39074
57974
117024
26778
55604
43748
49730
51414
54094
33780
68304
60698
49308
64942
42600
69506
35170
31366
65718
54464
75776
73546
51640
87006
44164
41364
85228
55310
66612
34426
61004
42334
52634
67112
51012
64780
86306
50534
53368
49286
77466
95076
95276
59418
87488
75044
66804
83262
73558
70976
64220
31870
45636
98374
58478
76250
95382
67682
51304
89660
84418
96292
63844
66390
76352
46028
69642
49242
77550
46236
74840
75300
57234
75612
77216
65550
59560
92228
92750
59404
26028
37848
73314
57162
53572
42306
60094
77998
99856
90394
97562
86136
46040
44504
39530
71368
49050
46202
52504
54090
73952
45054
27136
76534
40748
66456
30082
72054
36656
33230
73696
54316
55098
79570
76190
70668
66224
78988
81562
48790
83560
55378
50832
81098
57580
50486
37870
83622
55486
39030
84550
57842
30088
52302
48422
51086
37314
36420
74288
74788
64416
78062
44578
82922
53704
86860
65452
74068
78928
72550
46672
60696
81600
112434
49014
55838
75056
53696
37912
51266
30610
46712
66002
81304
42288
63718
72082
65392
61202
70694
61670
73206
44140
96386
35658
64212
60636
82878
75004
33282
63644
47910
77430
30070
30794
86362
97518
60688
82298
40720
66298
56506
85698
82982
52398
56052
63502
83482
56518
59450
75318
47250
95606
76450
48434
50850
81638
64694
66916
72926
58214
60658
89272
74120
61942
67668
67060
70626
112902
59170
98720
59122
68950
66696
30856
41826
96306
41624
79882
62170
54590
70624
57872
73776
74854
64772
71578
64740
85238
45804
59644
54550
67456
70114
51378
79050
51058
52478
42066
89406
74698
94502
72994
76244
60806
58174
100628
74618
73920
78900
57826
56862
83778
55150
83050
58644
40664
83618
47466
59900
70324
31626
36394
69494
41564
32832
45802
60702
97886
71622
38772
26864
41406
48760
37262
38940
71250
67806
79306
61348
64810
67020
51928
63730
55288
53650
67036
54382
55878
43894
71840
59470
83738
37834
64572
62300
45094
78848
80224
79520
75542
64612
69444
58966
59280
49216
98630
53296
67088
71040
56928
44490
46282
62440
51974
45944
72576
79560
92000
64554
66926
56696
59076
69238
100984
73590
60830
36216
51150
40808
55208
95694
120450
56758
48956
83884
70378
68142
51134
76238
56078
56980
51494
61434
80374
91238
72620
64928
85378
31158
34644
41002
68860
36478
52380
98708
99148
51722
81550
65788
44360
32404
64554
63530
97378
65466
64494
47268
52972
44936
41234
50310
87308
53278
121020
45046
41160
36834
94210
80498
46150
58884
104778
65892
50608
55034
46084
72636
60222
36664
63224
64180
121352
104636
35850
41578
71422
70120
55732
60910
68368
62408
52990
52980
43988
40086
41364
89418
39292
89392
69978
87864
55206
68830
64666
59720
62450
55214
40064
53048
30486
36202
67428
74990
49496
55978
61004
20324
51402
52238
45854
59950
61566
83594
85630
64920
77124
67302
44528
48486
52172
45756
56588
45094
69038
72506
102068
74182
96684
80360
67084
86136
26436
47574
74104
48690
46826
86996
53508
77322
54988
70170
28842
51006
51196
40504
86884
94812
54002
72570
76096
54476
53208
81234
70994
51052
80576
75502
89626
55132
54562
60898
48740
73260
84752
109046
76344
53138
80272
45984
74360
64234
70798
61684
86632
53656
73416
44712
95172
45404
60866
46650
51432
48362
67500
44138
78862
41234
87898
81626
81006
45246
80818
93192
58994
81246
67124
61126
56484
46304
31732
74862
54120
50370
62876
77292
71048
73720
66460
60386
56576
94876
70648
80154
61032
65126
95164
42480
82540
71774
95328
74890
89610
75370
73664
22202
99880
37290
82204
70948
40950
90188
76528
66254
46200
70730
50758
70584
83106
74476
50146
43202
80246
64826
67176
88042
52764
58450
42162
61534
74534
111092
53686
78170
29602
53498
43360
45478
74976
62994
73962
77858
52158
76058
83752
39514
86108
50758
70768
78110
92828
92200
69656
54248
107430
52868
96046
44842
64248
64664
66078
64670
31210
45814
60448
66516
68070
61002
82388
54222
83914
91718
62126
31746
77736
24948
41382
88964
45906
64470
63932
63346
70068
59138
75784
41154
47770
54070
49762
84888
63868
58766
80474
75582
57116
93178
72132
61304
41480
65512
46348
61318
77594
65710
61638
83360
28068
70718
58562
74676
66484
71002
44586
40018
55306
57468
44876
73858
74192
99750
59674
57014
72476
70774
26878
40276
114318
108536
85594
77614
88598
39540
59982
38758
43914
68540
52264
89132
60366
49606
49542
73666
83006
65352
56096
52386
62318
88546
79286
75596
66732
56426
120874
80664
41408
51282
73272
90210
50132
74204
82484
38972
88504
62058
52404
60764
68082
50112
52144
93786
83494
99698
68692
41164
63088
44506
73240
70788
57462
67546
69624
38074
18232
70384
58054
59744
61032
87808
55106
100942
57798
69692
103408
60790
102526
71022
75056
57252
46482
86638
59704
57304
60390
58622
70198
62826
30350
76528
33534
62834
41752
48644
81546
37494
66460
89226
66788
94724
48958
63798
68088
47514
67524
51486
63270
57824
46642
86738
97508
63394
68432
32766
73348
58246
67150
99088
52998
68942
51036
49990
53884
27570
88394
72636
47034
40078
106080
103988
64810
43902
44614
75112
75530
62984
47452
45468
56422
81186
60084
52050
54552
58792
48478
54950
91370
58244
57896
61126
76670
44372
34358
61682
89728
68270
35324
48376
85184
64288
58534
65380
65446
79124
61724
57648
73856
80490
87822
41834
32728
63372
45306
55340
51974
29966
42738
67708
120008
84044
72810
73612
78546
51080
88578
53612
83048
36968
81890
70736
46778
74830
103570
74982
62768
57798
52400
40338
56018
47366
53372
109938
58098
56274
68110
39830
65608
43398
93164
72200
45372
57480
57126
62356
40114
98570
92118
84664
69742
79016
36192
73994
67240
73850
41046
28910
71456
61272
89446
57030
90978
92058
70210
67230
53200
32594
63066
85168
43848
39806
43388
43668
70852
81446
86610
30092
33298
67726
74716
53432
35370
43814
69512
71404
42880
71768
51374
41088
65020
61552
66786
65830
37640
54930
73438
63902
61456
89396
77426
68486
37396
41504
43518
97108
58274
60400
65602
68740
77630
78250
52202
33670
82360
81276
44420
56992
65156
64496
49460
101990
43728
30508
75460
40754
53274
50216
51664
74570
71278
72692
72784
33104
49148
57744
51812
64242
52380
57862
24344
33628
53426
79004
73176
62882
56762
88326
75240
68596
65900
70298
48062
53792
75712
95796
60844
81704
79532
71638
76292
69368
40932
44864
33880
52264
77116
64846
41176
75680
53356
68906
51986
40874
62472
52374
50364
74384
78714
48866
90654
26850
80592
57250
61844
36000
71278
61712
103224
82148
32676
38538
33302
58578
90442
93144
57252
46488
35246
71120
63916
74902
72464
66636
47320
41980
40826
47830
68118
34894
51774
43334
45116
63614
84688
81924
90412
93008
46338
58342
70342
43086
63460
70674
66498
52834
51826
58860
70700
81704
67062
42142
58346
63050
78950
101854
73758
47178
39660
103740
54186
70900
64304
99136
59474
65928
62612
71768
84554
58264
94930
62312
35138
94322
40900
56688
68858
76784
75110
65648
65120
48350
51526
98766
63830
37062
76094
80674
83510
66414
120248
47276
31978
49848
37744
52152
69986
59510
46022
70750
64964
71290
51502
70280
54854
43042
61960
67758
90868
77532
66856
31218
59040
44338
48678
39922
76822
57918
49270
31140
46508
41230
60826
62416
124498
74770
64024
106882
77342
81062
85078
108574
63802
79318
43034
76196
39198
54314
48892
51850
54818
98748
27080
75756
68882
54448
76970
104662
110122
57546
101114
52394
50962
107502
38508
45662
50164
55398
71480
37922
90024
81862
95714
60528
50412
46024
61996
46234
71666
40300
43502
87810
74436
60204
68302
34428
44928
61908
37314
26628
48248
67596
51288
52510
85782
46682
60320
74434
43702
97734
93770
57144
87504
78900
43386
51804
84654
67184
23008
70294
45862
73380
84706
101070
97390
51202
96298
75172
54302
64446
55144
24522
64574
91274
81552
71908
38360
46646
84862
78288
87438
55522
29174
55360
82092
73350
84188
53770
46120
34872
47876
74848
70570
81822
45466
70964
34876
69088
68226
51178
81624
74064
98480
61232
57968
69194
70820
44426
57162
79522
36796
58612
40850
91544
45200
37860
58418
50892
89806
88308
50696
49840
40154
72242
77256
41382
88318
59606
33614
89704
71978
79836
39956
38244
61100
50464
27216
65702
102626
41514
60440
51892
79488
70130
50826
46152
53822
109744
74400
77516
45744
64284
65594
87544
71676
48870
60540
85906
52628
81340
91548
62990
43964
64706
43626
77420
61802
34310
79374
59454
92998
77672
64072
56922
68056
100242
66510
50494
90792
49616
63884
57514
93970
69742
53832
46732
62488
73626
48060
79624
93112
59782
69508
88084
90796
79150
76722
74642
68048
49838
51646
80984
58140
57528
92966
53028
29066
57640
32774
83596
66170
50548
73514
49346
89566
67596
72224
65878
112798
74982
44076
35958
43020
60538
63372
50578
66422
46338
73660
47548
72682
59042
79620
71428
39726
31862
69830
80154
53326
67368
43352
84520
84564
73242
63464
44032
67582
103074
67546
77722
53494
41806
96098
67312
48520
54238
84262
36504
67170
55068
38870
94330
53570
64432
51562
71088
74090
98334
67520
54420
70338
66524
63308
107324
83104
38116
128324
64024
66636
86756
43552
44616
71370
60084
61266
70042
61416
64552
61220
52406
57586
59198
61322
80946
100364
56780
66876
91210
58640
78606
84034
35164
56926
62944
62680
26032
77636
61808
39374
77702
44840
77754
65878
108710
66238
90422
39414
80230
98520
54910
44868
72206
40894
51284
81422
44992
67170
74124
47558
47644
82770
60698
96242
50900
68154
58832
72360
96318
47256
52540
54664
67028
67924
43836
81776
62592
25780
84278
81012
68092
60776
67808
63350
59800
53978
52088
81416
44976
26264
30486
35620
36424
85848
72608
33854
71520
54678
70052
64070
49330
92350
41630
49344
62624
78348
41558
46290
83940
56340
42882
42154
40606
47618
22982
36500
66394
70842
105610
66604
57466
44126
26642
39238
89642
45754
67408
49830
68564
79184
60904
60198
70916
49464
47770
82472
56464
48680
80054
63298
72670
63474
72216
54792
57386
80370
27030
73582
114918
73336
40732
39258
87920
57546
102638
62142
59432
51274
68888
48230
41658
50768
74812
43266
46546
49364
57622
48602
61828
63658
78534
38696
66998
49278
61892
61688
64960
54686
60652
27682
61106
67304
84898
34582
56850
88724
79128
48666
69560
45740
79516
67066
81394
36956
79822
39210
71200
65240
99244
38128
70612
65968
29224
75996
70636
85064
87598
78696
100210
73050
30496
68868
63392
53926
48252
59570
46360
37894
94566
61558
25944
44940
50288
66224
95004
50612
71788
47914
87788
81902
34358
100808
37482
34172
80380
40732
86830
51156
48670
79060
58952
74324
44220
59566
69712
70330
63488
63462
63972
78636
55896
85204
85412
39580
46652
68662
93330
55284
73518
83800
99664
51512
70778
38162
89912
80814
38180
77350
66748
80690
52834
60998
45984
66684
56968
48982
20324
60328
67110
61366
68220
34910
82202
94876
63750
65222
59730
82210
79078
76536
59068
72280
90990
85550
76068
29798
87860
48992
73364
68600
54482
33520
51276
78916
51818
57666
65794
85078
47576
55310
57772
45920
53502
38094
31886
55248
53058
53582
23934
41288
62090
71030
65126
49146
58626
47556
83828
54556
72604
74922
99188
67072
34344
81500
78586
44798
67314
76724
66114
86514
53322
65464
51786
67814
69772
65662
97432
66656
45632
62096
48380
42970
51118
53900
50130
78268
30610
46222
89152
51454
26970
126482
72610
68184
46380
41236
59960
36178
66250
74606
31490
52562
39782
39010
64650
30084
90918
72542
112700
38782
18216
76484
56946
40776
57468
69218
83124
45810
53852
94656
40950
47014
84614
58604
40914
31908
74640
61066
38520
87174
42520
65622
78032
55310
69532
80156
51674
57246
65870
66362
39582
46512
71172
59064
39070
71716
74568
75206
36736
39042
126744
47732
50710
38020
23412
60358
71822
30600
74834
51158
48982
78026
93714
59110
105644
31332
52734
59110
70174
78668
76818
89894
66634
48828
35176
51452
41500
61664
45000
78548
62046
50254
48114
58464
68902
80586
100206
70114
43460
44836
45508
70742
49506
35348
48982
77630
78508
96478
61352
66740
90780
67744
65776
84692
50186
90848
68752
58592
41438
68094
65380
73406
57828
30950
89516
64534
85270
30632
47086
99556
52362
105544
72412
74468
61030
83554
30078
82460
88602
22222
86258
95148
40220
69608
42204
58808
61802
22986
57768
81632
52306
56698
40708
68748
89556
83326
43760
92564
55220
87336
52882
75888
70708
45608
75130
60750
45370
39984
51392
80816
52398
51792
52032
71910
98402
88176
61974
23518
59614
20708
40228
76642
31654
38206
53192
38588
94592
93592
66230
73316
69894
46754
91710
50510
51702
74884
69362
67630
50258
40786
59072
76456
48376
70426
57680
53690
60758
55548
46452
43834
49080
80104
74344
98832
65388
85124
62012
50100
74266
58930
79778
41536
86070
98264
78308
67306
76410
58406
52124
90014
91700
102184
51226
37450
84650
31978
55630
87462
95610
50222
57862
69738
44134
38210
65886
50874
106402
52016
74570
111168
45342
102406
39714
79990
44830
68616
57162
69760
52630
51630
77874
91476
26870
69938
91820
73152
56224
50508
50688
65416
93118
56888
33422
52728
67308
84272
68402
59290
33044
43448
46024
108520
65784
41354
81934
70382
38128
43466
75842
68700
97458
63208
74364
64084
73326
87006
93868
62406
83598
81502
22680
62118
89818
73010
59804
65010
51914
34626
94036
54096
57728
37916
100380
52342
27950
56096
42432
27012
77838
61216
51110
27036
67412
55578
82280
70338
65530
53600
102314
52514
79022
63472
56604
68846
56458
78806
39872
58532
62370
66476
50738
103094
59718
61990
63194
80808
74300
87194
64640
52978
44852
42666
56720
76090
56036
63938
63022
46276
61774
79184
57520
52760
93942
51066
45464
62110
35570
50016
99320
66504
76328
75774
55410
95490
27194
44076
35552
65912
56804
28250
61016
30504
42604
91420
69958
55530
80308
74544
97290
59266
98000
57270
50676
52028
47560
64670
63856
57962
99446
56450
76478
52372
53090
55650
48682
64594
53240
93692
81856
65498
68212
81884
35612
60700
69434
69982
62000
75650
54948
29424
88906
60746
85244
34966
41138
59030
52114
71258
59376
44686
45524
39482
70566
72750
61072
52648
64124
61628
73660
38154
65062
70916
83226
72616
31270
69454
65400
50944
120394
77530
80700
43706
47092
30356
50256
60810
79448
41666
68188
41806
42046
50484
63496
50652
64252
51588
88666
54866
62024
104618
50122
39114
90206
76028
56524
49550
52034
48696
96710
75828
67824
50476
53588
31824
27548
67106
59356
51092
68736
47960
60876
89910
78292
74050
57332
48290
99524
58712
76894
94618
26856
103630
68898
52306
53524
61118
67742
39872
66934
37188
81418
72412
75310
74782
54674
51712
84410
55108
52420
41382
83540
80382
71254
60252
70096
75020
65412
95378
61686
62570
47144
75134
48016
62342
52842
37208
65320
33006
91252
22544
48718
58576
76006
51082
70852
76740
68078
46094
70076
60208
50390
40268
37620
50314
66372
62424
62720
40562
87834
59144
34898
69500
61314
36588
57164
35580
106382
63456
65158
64098
51570
64796
50554
74694
53414
79762
71370
63582
67464
103684
69510
58382
47388
80134
81112
70366
71012
44854
79560
59152
37900
35186
26838
76402
48834
62402
102888
63138
77862
28866
43622
55732
71990
64028
26014
52666
77934
45420
55116
37372
60948
51462
64078
67494
46346
42608
75524
59920
70138
52654
57336
52110
93530
69896
57458
87884
67032
64338
37636
81960
36734
55028
42896
38520
83764
74224
88844
33338
77490
49692
39196
58916
43654
37462
65986
49528
56104
63304
43420
54790
58172
58704
52414
69526
66306
88074
45012
41458
94836
104288
51400
47924
69120
101518
62552
29824
69998
69742
31120
39618
38004
96272
53596
51496
61438
43194
71634
62840
93998
29486
78450
69400
71056
35876
51250
71390
105594
65342
50878
54548
47594
71506
64696
65642
53480
97646
71892
78208
50238
76544
74452
52468
77400
38374
77490
22962
47760
66274
75880
80688
41314
78934
64964
83424
54234
42882
35140
70830
59164
79830
82038
59968
68146
52590
50742
58602
52684
74062
38682
59588
68056
71328
65874
83336
71368
24168
68278
59656
86254
107722
44482
47662
57088
85182
56038
114800
37892
59652
72736
67286
59974
66718
64046
71288
106064
75856
90724
55276
52866
67020
40936
25804
49020
72842
36334
80750
57914
66932
56396
59562
53510
59970
66718
48212
33914
53628
59452
61010
42202
85524
63738
69992
36900
63718
47246
67318
56134
43332
59058
73662
79572
46810
91588
45950
64606
70838
55662
96510
103810
107890
45582
56374
58680
83190
75436
67448
59732
27174
57860
64520
112724
68816
51468
60538
53180
78076
74674
31154
60638
27202
56918
37654
55284
51380
74830
82912
129018
45688
76726
45606
100046
48616
89382
54058
48318
43274
70398
109938
32548
74774
74472
61554
72146
52754
77144
32450
89638
40802
84060
36466
82072
62230
26284
81780
80184
49274
102308
60980
49564
54002
70118
41904
79652
85084
55960
68236
68854
46972
48560
44566
50926
59502
79264
41458
58286
46796
67594
81178
76672
66888
79314
41984
58608
41056
52072
72150
68664
22216
48664
116596
83842
34138
69990
56390
73658
40078
60494
38602
55368
53752
70574
55234
76648
71640
74980
67314
70540
45458
78982
86462
27088
67504
89774
59378
46450
71482
35310
90646
98956
77092
30614
58354
65096
34740
63840
94498
29612
68762
65488
51886
55254
64078
71144
50950
63702
45260
45780
53510
52984
84914
72202
45430
67338
78808
55922
63976
65646
133966
49792
78348
49834
50116
33124
87778
65200
55854
57702
50202
86354
43272
64630
71556
48066
95048
70710
68078
64272
88838
74144
51540
60714
54032
68140
84488
37896
75716
50714
62864
67820
41418
63042
59648
63896
80386
39330
69490
82594
55238
63358
34164
63106
69168
24764
53570
54730
102268
118206
55460
69814
72364
79938
90634
83646
79686
56894
67738
48158
64972
73534
90098
24576
102170
60236
71958
80142
71708
71018
40688
50634
32570
80340
47658
58616
37794
81152
52188
63378
54618
67120
56028
76870
55276
37536
51726
74762
44244
56210
64038
49530
92446
40596
90792
79802
58802
80214
73570
78450
77976
48852
44848
61566
73860
48386
62846
54568
41888
35400
95284
83608
56200
53080
45292
53852
41760
90880
36882
36866
82124
44484
34776
82882
68442
54690
80544
86490
31424
71104
39722
80480
64214
46420
96830
70244
61064
53258
81152
37294
96648
50350
69064
33290
56064
66392
38878
55952
53262
65490
65302
41632
102528
62114
53798
87058
55502
48526
85130
56386
61800
78656
54928
36752
28618
45126
55174
66420
27556
94262
63436
44694
47100
52608
61954
66054
49576
57566
53622
26306
80530
52134
45250
49054
73464
54040
51448
107158
80546
51846
79632
48156
59744
80366
60942
83992
41124
47860
69944
61774
66418
73112
43264
66286
71452
76942
87654
38458
78782
53352
76886
74746
60718
77370
35942
76452
63742
62698
81356
46246
55964
64384
57670
62388
37794
37044
89454
94792
31874
73956
68674
65164
85686
56690
69776
60068
62096
72084
75976
50766
67142
79316
31030
36970
87770
79028
63740
98796
55624
33534
65720
43754
85254
54288
43272
65964
60124
38238
79864
55368
87274
69136
50080
31202
32282
38090
49138
23348
63974
67552
67974
71952
66760
54120
118138
71782
62544
67342
66132
88818
97178
40428
75078
61062
53102
30074
49352
56922
71338
34020
49914
57000
64078
44242
55144
80952
54540
70992
62500
57976
92600
47942
53116
74010
108438
65712
80962
51584
49696
96168
82340
85526
40724
33984
58896
65820
45430
60352
69740
52526
69118
67418
25576
48684
44898
51106
83282
69888
67770
71488
82412
47330
69842
44466
105648
51746
63566
56580
51350
66982
59316
85432
93606
65878
61442
61794
50126
79390
98690
61484
66132
85606
62470
66460
67274
101550
53722
47174
44714
42882
81660
88458
29422
87002
58690
67504
32280
57500
45090
65600
70410
60058
44668
35930
49730
62518
65812
51040
66200
81318
52092
77012
32170
53642
74892
35132
75304
101552
102244
64726
75304
63028
92372
80540
57622
46754
84818
49650
35888
69836
39092
59856
72886
51446
49662
71246
52306
48842
96614
54040
49976
81828
67692
99426
35866
63380
88598
43334
66882
83778
39716
45058
43586
20342
68460
26710
71516
65840
52948
81564
46732
60808
100998
46084
92398
42118
62628
64526
49390
95536
37970
107734
82564
48198
88316
50850
67610
43488
52152
36602
68386
38474
118176
63342
100162
62450
33640
77978
30080
39394
44466
77256
60842
96158
35558
62744
84750
52552
48972
78054
64824
70466
53484
26846
59356
60320
76990
56736
43404
40886
48472
59208
33560
65110
58974
65668
58126
84114
40352
48838
47696
102502
58642
60034
79446
38544
66936
35532
73432
67162
54898
38224
67120
48522
29520
63436
53474
62082
87500
56626
59342
56532
64000
59624
41940
40552
77956
116486
37756
42056
57386
59876
37882
52072
87788
78732
72074
62094
61274
59202
49672
62598
109180
70630
84488
44894
79176
62830
49708
53124
46702
28490
56000
55380
62208
62836
42762
97064
91324
38790
44724
62402
54522
92648
90960
51678
59130
67240
39402
68306
49640
55798
22220
44024
68386
47470
31702
55822
73084
50062
76910
73708
41406
74946
57222
62160
71640
81284
39648
100162
68108
45526
40770
80380
85874
31458
48324
63618
82152
34852
41890
85086
84448
53558
71392
85080
31142
39128
65164
61150
45990
44590
59956
70570
73008
91646
68546
61360
46218
75168
71352
48820
108982
80288
64952
77402
37012
41498
73014
48154
88330
65616
92514
22226
77824
66152
130924
49680
56958
57604
99054
68730
45638
70282
61050
61962
35162
34740
68600
86810
51838
37140
74914
85690
71732
53556
77142
77772
114180
95248
76100
77336
48924
105562
116034
77440
23626
58672
49910
89372
55848
55786
36016
50504
69188
43988
57252
50670
49096
64680
64030
66988
52476
90334
62192
38064
38334
81276
86106
85886
26566
57862
29780
64608
63502
64030
76156
93950
19492
31216
46704
79538
35926
63158
65148
58606
81416
26434
73602
45012
42912
65242
64166
75666
25710
78220
65556
79952
30118
51808
57258
85768
74798
38306
67856
58836
69088
72784
53564
85492
74192
55342
85732
64482
69568
62932
48386
23872
70018
51144
84544
63090
141282
69756
78782
54242
45600
48828
41492
57516
51786
70240
45322
56304
80740
64760
41610
96688
71326
56958
70494
76848
53762
69898
75604
82860
73928
62656
69496
45598
57366
77190
49972
65088
51222
87328
97298
59528
72178
41506
95596
86270
87220
29482
37502
53168
82316
66318
51814
61142
68342
100228
48792
42408
55288
66910
58174
55158
57454
45662
42544
61660
82314
69788
39512
70158
73484
74794
65592
65440
80390
54788
60630
91280
54844
71218
50656
59408
70142
82802
51570
45304
67214
84332
67206
56938
82070
63960
90450
62506
53648
63834
64640
44726
67726
65852
65698
56076
33406
44984
105642
30082
66646
73054
94680
68252
41276
51838
44570
75036
54582
69448
45912
89446
89644
61198
69418
51074
60624
72438
73126
41184
74478
75900
50162
51290
69884
62846
43298
55762
33908
79776
77108
65504
88154
77290
79512
80810
56344
96294
51114
77028
67202
44220
76246
38356
37036
94690
65820
42690
89286
49636
61056
58640
44536
43928
37952
80994
61658
70866
35524
48560
93076
70656
66242
69556
33272
79524
63834
93088
45960
50770
85098
38178
67526
49570
40956
74176
68808
77754
75658
50344
73714
74486
61400
57892
33404
93208
35468
96710
101542
94386
33974
95828
40772
60656
67388
36220
58404
42770
63788
45348
62090
74424
74724
45682
75432
52456
78780
87902
62144
31878
46706
95462
83930
36774
55308
59908
52448
57816
100258
70778
62640
105408
46556
75276
62192
51934
85922
59300
86870
83742
66068
55054
36678
48042
46340
38668
55834
87560
58056
83058
79880
58856
44418
38100
50072
89086
45736
56016
65588
52078
62142
72060
65632
81398
71996
84882
38632
63270
62078
49516
56540
50906
72748
33856
52010
80800
67960
75728
84454
65658
23400
56504
29776
51986
97464
33916
40668
72568
74712
86646
86510
84402
73330
56204
59148
93030
63742
69156
58324
82184
60702
80314
92966
63734
80166
46804
63784
95162
71908
39202
74456
74524
54924
67860
90282
65796
88160
43422
55410
67186
57796
30798
80658
51638
53294
50780
46984
59676
64228
31650
62150
54418
49784
31422
62438
33994
60722
45072
65366
58186
65944
39050
52040
70660
74408
77866
59572
94488
53894
41788
65072
40060
61856
110326
59750
78796
67064
37906
67818
30618
68792
76786
58378
43180
56968
76382
52664
91568
89560
60112
34444
49780
37922
78898
43162
56444
97528
62878
79742
78052
54792
64288
78010
49246
56430
51618
92188
62718
67604
59788
56718
71768
60776
36406
109974
101922
56154
92734
74796
36718
31316
50314
66082
68476
57486
45412
66714
44432
59280
94740
68112
56158
40342
63002
47468
48154
55750
50128
94054
55930
63208
27326
50216
42830
59756
62172
58094
71506
53590
76144
89002
59724
60300
53420
49182
49842
65930
55918
64458
69492
53618
36104
54762
66442
69018
45440
72174
88034
69712
62844
69572
58178
23412
46094
52912
49134
71496
98288
43784
54086
49246
50092
55604
42518
74408
100082
61234
57462
52554
59214
60292
54650
42668
65944
50832
70366
104598
80280
52642
57810
67716
39072
104822
53462
77036
44282
48050
68164
81694
44238
54910
59586
50386
50218
59506
87052
70302
56326
95248
48804
54502
58116
72128
32848
70486
35904
55616
56572
60876
52010
55046
62968
43384
92528
30322
43256
75292
79084
96518
69206
39720
86562
36214
65500
75296
79032
47778
51902
91570
49068
114122
66458
49332
64736
72464
57866
36724
70180
76930
60906
61240
61448
85110
27312
53216
47194
69468
69168
49172
60134
81346
69462
65864
90136
93110
74216
92604
59582
55482
69218
46718
61452
42206
66944
91914
60296
57260
44166
44086
40278
80162
37706
46088
95638
44900
49882
94586
64810
79640
52330
63600
47892
77926
79174
73180
63460
93752
70378
59350
51096
46646
73298
47508
48906
59494
55098
87738
95104
75934
67556
64698
49620
85312
45212
47642
68530
77978
103406
38946
45032
61224
66660
51418
43956
65972
60882
71670
46670
48828
65872
64328
48110
85294
53694
86006
60162
92812
77620
53660
30072
76806
62178
72244
72366
64548
62184
94864
71760
72412
77838
46174
47916
54110
34102
34958
70070
60862
82924
56534
46324
84428
83404
84284
85258
40892
47176
54812
73818
76708
86840
70656
82094
51328
81124
59262
66668
59160
49946
39756
73202
57692
44976
58600
94908
81020
38742
55374
46278
85264
99064
75384
86978
36796
51266
42222
74202
64164
44562
46992
58914
75154
70078
63362
82150
45584
69298
63692
49388
91204
37766
89338
62048
83322
73712
65734
108304
56834
56920
87158
83466
43868
56674
64814
45910
51108
49742
37804
41078
59972
55396
57976
78390
95398
61454
48058
46650
43192
29958
80788
64788
93632
82836
79252
59726
37184
64096
81488
42344
65488
51334
47980
53708
39842
66008
78490
58378
56960
40396
63116
39686
80200
83968
42518
58264
26648
95732
58110
70982
66770
58386
53440
74618
59956
66928
87090
59262
81958
61620
107962
50064
28854
84698
73854
83126
71702
54130
61800
63756
51122
69136
63302
37192
56346
83944
80048
45246
59898
83868
81108
53776
80528
56336
40100
74060
52212
68152
39084
105140
71258
69108
88928
58946
27500
70230
33894
54886
56140
67538
40846
45282
69844
28628
79322
74166
81034
100476
60538
38760
66502
59522
37908
73946
50264
63962
97604
73328
61660
39788
82246
43996
50334
36240
54882
61536
57066
58066
83112
108774
67672
29334
80248
40110
32392
85606
45102
43330
71900
78256
48918
40658
89452
54174
38428
49462
98144
32848
60324
58934
83708
54534
40846
18244
51518
70264
68842
71488
48770
83988
83018
57454
38886
62864
37496
66532
50786
65010
20126
48998
40876
79158
72452
58036
81042
40848
48458
68434
52244
59380
65944
66822
67020
62582
57366
39632
30710
49472
70018
69702
82404
54488
38298
87178
52788
53594
68692
76966
56104
67916
42234
72012
60038
63418
47782
70416
48338
51136
62258
55324
73790
44042
39972
62558
25330
50436
71744
53760
66956
54786
66968
46404
52600
108216
68364
56452
47468
23752
40514
54180
59008
51738
103614
67456
50132
94350
79188
92616
56004
45808
60360
64218
50794
86462
74956
86790
49428
77490
62088
49392
45378
92370
58764
79196
59458
56814
81002
43540
91368
89926
56836
46652
57104
67568
50394
23014
61486
59364
71998
86214
72252
43966
68142
38684
84614
83884
64346
57836
71220
49676
59256
31466
55672
46436
71014
43920
55654
44400
65228
69262
81018
98792
57432
58096
43340
36806
75396
56624
85474
77632
37764
82666
51136
70882
96762
79950
62448
88266
57342
58910
45974
56584
44948
45898
32668
81224
55926
50332
101344
63432
54862
96850
92316
63332
53924
98166
58822
49794
85660
58176
96618
55552
83418
59380
54146
72506
57736
89758
42848
89844
60886
65534
80342
74908
84532
79554
73648
37568
47256
62212
41064
57436
91582
84104
88626
34818
81530
68668
55360
48704
56584
42298
73680
78112
56956
46872
53926
47718
45978
40502
84170
59250
97548
62294
54696
71606
39372
43198
37312
68524
51248
76546
54616
46790
62054
29836
68198
94412
58124
57414
55774
45102
42958
72304
57584
65030
63026
52302
67668
82764
39928
47184
46122
54972
88854
43836
71010
83752
50494
71782
77118
58466
59254
88668
51954
91810
83448
41742
38902
45018
38710
78738
69734
107468
40472
66178
83978
93192
55512
81020
35694
76992
119332
47136
63438
27532
51172
65090
79398
52434
57520
52692
36372
47546
65272
61506
68460
43168
31902
76762
61592
66398
35354
59462
43972
66746
48614
74298
60336
48386
113554
29420
81316
60974
62430
63848
80246
46638
57186
58726
47634
58566
44712
66824
72888
46034
54188
42400
83090
60718
87560
61904
67770
83536
52722
51210
61290
86940
85978
19948
45844
78164
40324
81244
52184
40582
77892
47362
86942
45686
35818
38830
60850
78764
35004
66602
34018
36534
53824
61394
64404
37836
85250
54396
68118
40332
38456
79606
38150
90458
50918
83490
68100
48388
50120
57638
39044
69178
71820
68668
38544
45668
67150
62140
61226
49794
35364
60106
46664
36046
53652
76544
90676
48460
30154
68218
63776
89078
101676
59988
75682
63204
106952
70644
70292
49838
89078
60352
62698
84856
47216
67042
67388
75156
54478
39944
61500
38510
92082
43106
56580
38698
69972
83826
99380
73138
62378
85928
94196
70564
95598
69034
36046
49462
60710
48860
41412
73938
40394
53368
26860
48916
52780
30270
70962
65440
71378
69226
72938
73984
81640
74280
58850
51016
56048
35548
25828
65128
70200
80220
67078
61566
77104
52658
74910
37062
30892
43782
71540
60604
53212
63406
90286
55790
77226
67618
81118
98574
88198
61540
66200
44210
68398
63766
58078
46934
74660
42408
50310
68364
27396
86496
48914
36044
69694
45460
42924
84962
74118
94984
65078
31246
82424
72842
75238
83598
75218
60564
69232
55400
62554
46916
66382
46514
55488
54390
82316
49576
60506
58104
73416
45800
51400
53482
76444
34170
74166
92454
99440
57204
51534
66046
73534
60304
88264
67546
62732
72860
56864
75000
66816
44108
56554
63362
81232
25296
61180
66224
51192
47994
65854
45702
99422
72526
65396
61812
91792
108904
60990
93142
67620
30682
42170
56846
65028
78500
75888
52410
72236
88704
61106
76836
80502
58420
44506
73718
91650
77584
71562
64302
54102
89548
34310
50760
61088
84708
75324
40802
78676
89406
40246
32650
96718
79232
62678
79626
57968
68122
61354
50244
61016
71422
83642
60580
83364
58838
42350
71188
74540
80836
81470
71676
85954
59962
56674
63838
69136
86130
53196
43650
51608
60214
70866
76160
72818
64172
49674
51704
65824
75768
45650
55708
58220
115312
85958
30158
39944
60040
52810
56278
41666
76696
65422
60430
52048
57018
40568
44754
51850
68856
40164
58912
67536
66544
54844
81462
67632
44932
49450
85736
79040
57990
38984
98624
55854
110670
62438
68116
55994
41648
50578
66208
74868
86394
62298
62124
74362
60128
93206
39322
81458
65902
47150
54230
36602
65318
52630
55480
41302
52736
56996
71220
106540
70498
38374
79942
67928
54692
64326
26852
81210
46330
65754
45988
58986
90116
44444
57384
35280
110574
43192
88998
51880
60756
62834
40490
62682
46868
69400
41066
59898
79058
76600
68436
35320
54382
54324
51674
57722
36456
39600
58948
91768
80750
45434
62920
27758
92024
29358
58524
54028
59412
98392
40786
50324
91478
60102
83966
54266
50006
58166
49562
90368
87448
64944
59712
57764
50852
61984
64356
46610
64372
78968
48638
71442
84652
73976
67250
50410
77986
79706
107416
61966
53694
74538
65630
64008
75236
73812
57934
83142
73548
66694
46804
52766
90504
58100
52888
64140
82698
65488
35208
44604
31964
52176
87502
62930
63040
52272
67022
53728
65168
66672
27076
99788
70646
37246
54448
61744
35738
40396
50010
35848
50944
51408
44774
21860
57454
71300
65640
56846
48150
58834
52580
38732
67004
62592
79700
98722
56598
40822
44248
63734
52968
101184
83480
72854
46536
75626
79956
101846
76326
75696
44748
38226
45834
94082
54386
32746
53732
59578
60104
74014
58312
72680
62680
62226
51824
55394
38702
56318
68332
54474
32470
51646
64814
59166
51482
36832
67372
54882
60968
71328
34426
74622
113288
57562
27398
54718
68780
75488
36744
45794
50720
94098
64156
66218
52684
69198
39756
89662
97476
69156
38768
45010
90652
35360
88158
46618
58538
63508
64638
65740
71008
59526
69450
39920
45964
51892
40916
33674
60876
50472
92196
51084
77930
55400
73332
76484
67556
57062
40860
56540
58712
67406
86230
82482
84846
57058
56352
72092
90222
51666
61810
60522
52936
71836
52080
69886
86146
46806
65892
34090
81002
69638
77950
51946
62838
52394
85138
42370
57728
68734
50568
45296
42530
56156
44320
65010
59898
43714
91664
47262
58648
66378
65618
39464
49524
53236
95270
59916
64212
49288
62598
63308
47524
30228
48178
71210
76202
59968
61910
107784
78856
40858
55706
101870
79842
59338
84422
39528
69138
74454
50878
54956
51624
77016
78108
46892
78304
46322
63560
80430
47642
53428
58276
74756
55186
83180
70898
64192
61148
89812
27676
36910
64216
46092
77272
42458
67210
56720
67082
81508
43408
76872
37518
38274
87896
79866
66172
48480
65578
67552
72032
51764
73382
72514
76338
30824
86592
40546
72980
35624
30672
66460
79936
40906
90322
43052
76848
82010
85746
48586
49968
107376
46890
77608
26334
56670
75568
36102
34428
78542
78882
90592
48516
84374
72260
46582
52046
68332
38360
62012
72136
36676
70632
44528
58300
76154
66606
100156
39714
51540
27192
62324
58576
30798
92632
53742
55302
51344
37632
107582
35054
47550
41644
42034
36272
56818
61636
61956
87494
75614
43526
83144
83980
52634
67128
55260
55270
50046
76314
32114
44832
42068
64946
77718
56342
70848
41216
57804
70944
101274
41264
65002
43086
60086
83080
63092
45502
52638
47014
75074
108224
70038
50196
75310
75230
79270
79756
35320
116102
35746
92692
108952
58532
55984
96416
109502
43048
40166
59450
70480
95696
57982
78510
86544
44032
70852
89758
50072
62596
79148
54956
93140
34366
80064
72098
81942
74020
35794
45424
59158
79608
61226
61344
55946
57736
47024
75798
71870
77728
40972
62604
107084
53426
68174
44086
62986
52534
51294
57420
88240
59012
84850
59288
77074
83064
78562
59390
69146
30438
87606
85466
63388
76192
38070
71892
58658
38350
60734
36296
62266
98108
56934
65260
44902
73120
56474
52804
68584
44874
67112
34718
71614
78274
57356
38778
84200
63278
83078
48664
44694
23020
55770
62036
69782
45004
76036
40906
101538
76948
57922
69714
39998
80556
40688
50856
58314
37486
95198
73640
57640
38480
60538
61058
74632
74724
42312
40766
62332
66552
100240
56500
66962
49102
40236
59088
88224
48866
50768
117710
40928
96096
100434
44720
67550
41906
32050
92072
55396
74880
82492
36006
32906
80090
49260
60524
99910
63016
26814
53702
63420
84048
52646
73942
55312
50022
61070
59202
61812
57118
43426
62632
69332
50740
83278
69522
61330
57438
90890
49096
74518
86694
104128
44112
53588
56462
30234
99034
100650
63162
82732
89124
45980
29102
46160
88294
47882
65288
47970
69636
35408
63866
40576
87202
106534
70760
63356
38098
41956
66194
74846
62058
60594
43336
18216
43150
76724
47110
55510
81830
61080
50828
72430
76156
54138
61120
47176
62958
47126
78604
87136
67496
53272
34996
92928
52670
79074
71876
89448
65516
43278
50568
68046
131184
73668
65948
67000
80026
70502
77580
47350
60550
62074
56794
86786
74612
47776
59800
73926
54032
98798
50158
56008
81280
84608
69258
53792
34946
59018
33972
64796
54480
68062
54350
46948
55900
102860
42136
55730
58582
67212
57916
27650
79956
52530
65388
30348
35778
48898
46684
34640
74474
41014
63082
31406
58650
70918
54392
76956
54454
83572
67402
51198
35550
45874
56570
68152
58546
35196
44782
65232
34144
48572
71452
49392
72046
65180
68206
114768
63030
72580
80050
61696
41594
36992
80060
57078
55524
54802
68006
60822
106440
45750
60256
45054
81812
47458
76600
77830
72188
67926
66740
103812
47262
88706
86486
46948
61210
18746
76084
58330
66312
49722
103120
41144
41192
72742
61348
31994
72142
71212
39224
81672
55392
63564
72470
41430
58658
60886
61114
86968
33970
31152
60704
57906
65960
61294
57544
86564
64098
50706
52980
84576
50806
69260
56622
51172
69394
52430
49268
87078
49646
60416
65078
35976
80042
81654
70340
79068
30456
20694
52762
75350
47552
69342
59088
70772
42118
31324
64912
88954
99632
57816
113290
49046
87640
30516
60036
48500
73874
73406
44422
66092
74810
63640
50766
58854
66436
46664
61384
119056
59950
84224
71482
48646
56578
58252
89270
80102
79172
69562
52544
64780
77322
56624
76732
93636
60852
80950
74138
43256
65124
68464
63366
94934
66338
91726
64300
66214
75928
45824
53934
62880
45044
27866
58806
43336
36182
58198
80164
78262
57164
57764
66288
41668
69476
50626
75716
58872
127438
64190
64316
75280
114002
69108
44994
82564
26724
65306
86848
30334
52270
70034
68054
64860
73196
59430
28720
76750
21296
49906
50992
83626
83216
85372
53634
48940
30980
38990
85858
67568
69214
107790
74328
101520
102946
91656
70540
77186
53554
66798
79482
54542
70924
46622
80970
54204
41038
73216
64682
46676
38596
42292
60460
71738
36072
80318
89210
99814
72512
60358
85104
74012
70290
85966
90208
61610
74034
77252
85764
25562
56162
65706
70346
63406
71148
102332
64852
61870
72788
57638
55056
59810
66560
102304
83296
69736
75218
62620
75190
74562
28854
42830
34650
58588
43100
54100
51834
113714
42542
63940
68190
84734
84582
98174
49760
54078
65670
74722
48368
58744
67914
73990
53354
52288
50216
39656
52544
51798
41504
49906
38756
51352
38136
65706
91786
63976
60136
83932
77148
65652
27182
113368
70354
54996
70274
57776
69656
83502
26270
89226
58984
121022
58932
59632
81076
74568
76058
69782
72840
53880
54266
36392
58856
43646
57324
110158
48914
68772
65190
81836
49796
69648
81136
31322
85474
32004
90000
88124
55526
77076
90866
76652
63896
66782
73738
42154
114886
42670
62834
52880
72408
88794
86670
63268
41054
30710
70344
58412
67702
51638
45670
48334
34634
72404
67060
58920
56160
48188
82202
63248
92296
96306
45996
64736
73042
52624
51076
59952
62376
41680
52652
90858
71860
66280
31568
65512
69432
95210
58666
25582
91316
75756
75626
61550
56940
62256
36326
49176
76172
80492
77690
96036
55672
58596
87200
38990
47314
75528
36760
57946
53482
47692
55996
64024
99048
56026
53168
40106
30068
44708
67098
81416
74140
50758
68120
52294
49998
44398
70792
74648
78670
58666
62010
89972
63170
78308
55222
97638
46376
72936
79080
70476
68124
81908
69598
44180
44818
67940
51764
59216
73896
62334
33796
75058
69726
87068
80590
71876
61458
115480
31018
65918
32276
52766
53192
42518
23400
41130
63290
65750
63968
50418
72094
48172
45380
60182
69804
73282
54838
56112
42156
48158
51174
60530
53552
43436
50160
50146
50566
72820
88534
57866
46874
78010
72892
26852
69202
66008
42278
72436
42338
103166
30170
56098
23280
63348
91776
97788
40196
77794
65436
64992
69558
54666
100364
45724
57592
42304
32246
98394
61270
60346
46758
81994
51576
66936
79170
50014
73220
92190
89632
71898
22214
96064
69316
99442
76180
36564
60080
54318
78222
54012
78446
52270
68056
52072
36244
109016
41680
44442
66110
84658
67356
53596
77166
77316
97668
91530
52394
89806
59608
63326
63088
34848
69060
63718
86008
72886
66196
67956
44716
57346
75694
55364
96766
69430
67272
53768
62764
58732
68252
61846
73564
41404
46750
55644
62154
53670
61166
80584
61952
28886
39762
75580
65194
46600
59786
60264
51968
81856
41006
27838
88198
52784
74642
78190
43360
45352
62672
102282
90560
73030
55462
52786
43814
32484
74390
73804
87960
44454
52162
43848
70052
55716
36024
66446
65316
87828
79940
75408
89562
56602
68598
51966
37466
60692
52658
61482
62164
49846
48920
50532
57026
66458
34674
74892
76718
61138
57358
104052
82176
56314
72130
49490
50922
65762
94752
79242
39194
52974
89426
48364
63244
68916
53426
46814
30874
72652
46110
49080
87090
100710
42036
66642
57226
59628
42612
64620
49012
53426
72832
38186
38520
59112
30928
81722
90786
38562
81610
42918
91694
67694
80598
66914
68526
70948
36522
22692
49896
72008
116122
70262
62800
85932
73102
66136
80442
48968
31510
64614
76048
84174
96000
42638
49250
74788
77570
67198
60624
58902
76400
51154
67842
89504
95722
41496
80470
44264
53544
96194
77200
79340
72790
53498
39452
64252
51094
53632
82876
60182
90158
52250
72148
68498
39840
57666
39960
76488
133690
49614
67998
95372
41728
78760
61980
56200
36116
72466
82862
73708
35454
69884
80910
61892
60156
68848
45108
57786
78472
38876
61210
36860
85860
72160
68010
88342
45878
53604
75804
55142
63082
71982
101468
49332
81530
76058
82046
98742
70218
30660
97120
50298
32642
41362
66838
63162
104918
50692
41040
105060
55924
93300
33446
78128
61438
68746
82084
68796
62788
41566
70992
112842
44172
93754
81080
48400
47678
83200
88344
56646
45262
58688
38766
62302
58206
34680
59276
62178
72094
73310
79104
42998
93114
93268
46746
68352
40320
79856
46056
50030
47868
56100
53996
115276
75764
73822
101966
54872
70896
88112
77410
60680
45560
74192
80170
68302
48332
58226
82944
50480
33220
51956
40878
39986
44674
50772
79382
46932
54464
62656
81138
74796
108820
55100
64394
68974
64750
61726
57890
36856
71158
83462
76890
48490
59330
52154
55032
40384
74110
59928
62328
30948
72202
102726
74912
81396
42252
84016
49650
70520
89432
50298
72106
87640
101154
50574
66332
47102
80450
38278
65570
69094
56576
41276
87410
40858
53880
40440
71548
61566
63994
88864
63640
51148
56066
79078
76510
63832
60400
103580
90450
43448
54992
63954
75098
65262
33408
21942
57924
36576
64894
79510
64858
48342
74448
97126
71654
42332
57558
74270
75420
32250
52672
97710
71992
35500
61300
52058
63396
86706
70382
86376
82170
60734
26472
89880
79612
63286
97858
61928
57578
42438
41394
49424
82906
62150
64350
60792
56008
40710
74164
91644
87234
64480
49836
69288
46410
73454
73688
53020
68814
68418
62156
94402
64544
72140
94122
87122
62776
53532
36716
42770
51242
64348
54748
74524
44042
62040
69676
37152
60192
92678
42278
87782
98218
50882
75758
66186
58876
47486
46152
47030
76732
63866
70438
73096
69014
82164
129446
81878
65064
46212
63434
48202
68560
69684
72640
68112
87128
55618
99230
52414
83268
50084
68022
73390
59254
94446
90372
46268
66452
72810
38720
70802
61956
43610
88906
39296
88192
86840
65632
61656
60042
89120
49314
61832
39840
36660
74716
71118
28234
80834
30070
48586
24102
80628
56754
62946
43730
88982
40488
76566
80968
76972
85622
67366
77926
89806
50062
72366
58070
55816
58854
59108
54118
89340
45424
38604
65008
51748
38214
73528
72178
71848
26638
49008
49990
75350
30364
46886
64330
78330
96784
91254
64886
89082
35612
84218
59324
46764
59668
46998
46062
63396
55040
65204
43696
35720
84330
71114
103872
73106
74844
48716
38476
90504
85442
65066
63662
64262
34476
69540
41170
51108
83862
33434
68482
75812
74132
25800
73262
58064
47622
64730
91068
60402
95658
64934
51662
58476
78972
74552
42450
68572
52934
32222
67106
60594
63458
48700
72288
33960
81806
48320
64414
54646
70978
64050
56718
61350
50338
55680
78246
44694
73164
54278
88738
76454
63172
86594
80020
71882
87786
57340
76464
77292
47462
56708
40356
45666
55130
80030
82760
90958
83248
87790
39414
61850
54164
79978
64770
84758
47090
35554
48536
55352
50840
88032
40926
52018
75250
65998
30526
52044
74640
47284
69644
60264
65540
79836
23622
102070
71380
66296
30576
50788
44376
78178
66084
66168
68270
103616
75988
63740
79082
52412
38680
62888
46800
86340
40270
51150
50156
43618
55386
43802
45276
36492
40422
52426
47968
94886
68248
62468
39368
69362
87342
83702
64350
31006
105748
85660
45574
55226
78268
88378
83942
50586
38224
64324
56566
59424
35164
35924
34060
76278
77716
53898
60758
75496
73456
40108
57452
80842
37128
47780
66350
42896
63364
47366
49392
88530
36286
35338
95590
69326
75552
56428
58188
58130
67972
53684
72706
69212
82554
54900
66930
86302
43524
87070
43100
32718
33138
78540
91406
64518
47642
58106
77546
56662
60548
81422
67284
71418
61342
86138
83982
82750
37102
56214
60172
95634
75648
58792
45454
55986
50894
73444
42620
88628
65652
49372
42452
82644
81502
24890
74382
68412
42360
87560
42454
58444
91376
56330
44116
48020
82942
47620
86262
65476
51752
50186
82544
78386
50360
52754
36402
68100
76910
50458
71776
56232
67614
113344
62604
46292
33120
73540
43538
63908
29110
67114
70790
53920
56172
37356
86358
88756
61710
72616
64222
61472
58146
30852
20332
60464
74974
86370
63268
64638
68080
45602
45742
40220
51500
64996
87116
63496
40622
82764
48506
81338
45328
42434
69814
39398
44682
33836
86250
56894
59992
39476
57654
39908
76614
47340
57622
86750
47542
59404
103554
77138
64392
43932
38138
79656
81750
48418
52956
47902
46802
33104
52864
64804
41394
78338
44436
63330
44056
33588
53186
39586
104414
62228
68816
79558
45412
79284
47228
90912
75362
78660
55598
74394
43030
74530
64226
52012
66910
72628
93718
69298
54510
58270
67936
45276
64018
33238
82696
80762
86530
50000
50264
63796
53626
53164
95068
34652
47090
87112
63432
46876
66660
44222
43864
42988
38206
45880
76338
55586
93062
77082
72204
57538
57244
97940
58614
74054
70366
86810
35588
40416
83526
53184
50444
31852
38040
63440
32958
76848
59580
45836
75600
69296
110906
39688
33104
42758
47578
75046
57314
86638
80366
115588
25842
41450
57094
67098
50240
45168
67684
50418
51426
54940
53212
58656
38054
43956
47126
54406
70764
91700
42752
33090
58224
63114
51468
73394
73920
44166
82808
78916
58640
58120
67338
43922
60948
44074
65922
53992
39410
57542
54560
53942
54532
40368
36176
61098
43956
87384
62788
62204
57396
56782
60196
32454
29954
72176
43746
49318
75736
102412
81072
51214
55090
64568
77572
73848
45442
41826
77788
47488
58498
34696
37924
46422
55790
66316
40630
113372
92548
33458
47380
100772
30898
43870
30842
59574
39784
81356
48950
78080
79076
44788
48126
73464
65724
86156
63080
38524
46954
62430
31710
50864
43914
24698
53042
65556
23872
40950
62450
67416
78428
51946
67906
81148
32594
51682
72512
63228
38286
63484
67358
45590
57208
68434
74510
55824
57400
90884
70072
62240
65086
95838
44724
56384
32930
62730
45392
58314
61744
66776
116000
54060
42092
44864
66294
38084
49154
66232
55354
74122
79626
72400
53180
56100
71534
68168
101080
52530
49308
86240
65414
66018
50248
78738
60718
93580
68774
45144
75658
36918
67332
46712
76028
30878
46684
50504
55686
64844
35336
76746
28412
77362
79436
106864
51962
69890
44080
55494
91434
61480
72348
84476
85752
47542
38050
63036
50326
62368
65274
51276
53382
78746
63480
96514
68298
39668
42636
70868
59930
83864
64852
61526
86500
49686
68082
86664
69650
67198
54474
50792
63552
111578
74114
61730
90490
51674
30364
72506
48054
64140
91606
85604
74400
51964
99790
94708
79166
61566
33960
50720
72274
100114
58368
46772
66276
97056
77506
47352
57214
73990
67588
58374
64322
34774
45324
57246
48142
64612
49240
20150
80208
53174
90302
83628
44634
57268
44338
58954
54894
47236
51598
67790
77988
78312
57962
110232
98892
69826
37752
32716
71522
44754
32678
57980
68472
76230
90806
63608
53152
32594
36890
65664
52838
40702
43090
43000
71324
72438
74564
46204
67624
62814
66614
71080
77006
72544
39470
69464
37254
72800
42802
74356
53612
58264
111588
59770
71804
47968
67452
34720
60484
107908
94286
92198
75464
54758
44700
82942
56220
66428
46400
87450
57196
55328
41520
75938
86854
58808
53466
60258
71116
88990
37458
46558
34494
81408
53960
84274
47368
41432
63924
52124
53656
71880
49488
66698
81962
73850
92662
50476
72180
63068
60360
47004
52992
52564
54758
43068
46798
41334
59174
54550
100606
68506
56908
47404
40648
52256
45982
58726
82760
53364
56992
87286
47006
35022
74662
57062
51544
58048
86592
91222
68256
60466
74936
81336
48890
83414
31734
54892
54742
72830
56180
74240
54716
75002
70228
60060
42836
41026
52670
78664
65450
39154
68770
133812
63492
37094
63200
57232
57198
44500
29706
61428
88398
79670
114674
53758
30790
33246
68968
62734
50418
51926
65940
37952
58870
82372
46598
55120
62812
54002
69008
94396
82000
61168
59960
55034
91406
46492
60230
105176
76036
45126
60592
47386
81034
101776
74860
64480
54816
72802
47172
60246
43248
48770
47840
80748
34686
70448
83850
95778
73002
52254
35194
60904
84910
70110
99032
72670
54528
75696
96288
92230
70988
84342
64972
80420
101320
69602
38972
28892
64656
58002
90954
41150
49272
85330
52104
57024
42432
79058
47032
77046
46832
79784
91068
86966
69126
62178
65464
50022
59930
75322
52472
61456
65136
62856
56406
53040
45746
41688
31248
79608
79288
56696
62518
60282
84500
78368
72176
66284
56942
65958
73398
69764
73702
102280
69738
30408
33374
56090
93454
39108
63680
72982
83250
27490
63914
67348
54400
57282
43382
67474
52388
115136
72584
58136
50600
51296
28758
77540
47976
56906
92024
76530
74820
57846
80788
72758
42936
40980
74030
101144
71152
50638
63110
77886
64016
52994
31912
49018
52846
50594
