13
1143
1353
460
2970
1312
14
2433
2459
4930
22
461
525
956
85
52
2089
25
142
97
987
1756
956
526
8602
25
2260
4
489
366
276
36
1295
2576
420
733
1615
1104
761
40
905
729
825
944
1469
460
865
102
2772
251
741
7021
718
175
1105
566
1263
1273
151
4381
2897
172
203
367
1522
753
1032
30
972
8716
143
154
643
221
233
7231
1765
815
656
1747
1995
144
242
1078
3235
468
260
347
299
105
482
1847
2230
161
2071
1164
660
34
19
7797
