757016929
39038259
194425904
346349196
386006552
953694636
391223543
905094807
604396916
841502437
90437687
768894035
3184781
17863350
652164147
0
764707734
754662271
245187879
161054526
948527171
546126280
764447054
725476958
26969686
122325403
308194823
702929412
301612268
159109046
396190954
827539323
277265203
121632635
752670905
646695766
594286755
25339274
182992380
589266577
452279259
292581685
754952911
224344823
845470192
313201560
780451305
948547182
890458136
83327444
60051570
7140149
973138990
633875420
302745604
691825060
776509310
329957473
653680145
624116577
464169392
152594520
626509669
332152965
512545337
940692099
509861811
5505033
214789749
900067254
376837641
155797203
852368508
645841546
474304523
131153671
368201495
618296539
78394769
690699248
386068356
150711210
768413715
359726937
655782231
808451668
102485753
427357996
126221197
871454509
87943131
858997738
479427122
922526092
386171000
189085853
801415468
217498882
362471266
699126008
21980863
811983704
716856235
281232654
942298579
71455327
928771687
672967689
508810630
206066185
263077536
646350748
825402741
243231791
622260752
515196165
60133762
977815344
287186069
522529515
52368333
840445357
840050872
223831832
642757494
344588458
560432178
566301369
145782401
93175836
280787857
639002779
958845201
544054756
143818675
376424033
558946465
272690891
704919264
299047484
689925029
130171270
384439225
943279134
569888938
521436304
365774076
829100485
344922611
91585960
438097071
594632126
920799844
668920484
346349513
830647915
886840922
340361748
630056316
195948790
456266004
255819526
737748105
498854757
757339304
793821268
270644229
778665336
966883318
817535257
874674567
795347028
610806973
341205616
205217057
934412786
726457384
77995935
348183363
281101792
39324312
662989417
211758207
476028550
177850004
915361143
672613912
403301457
36382536
123108775
21745451
96396639
103792054
942660979
544257052
949402997
161207014
336846234
41809354
579340296
140591508
682119393
154671018
886690182
384096815
391865041
774777392
375362722
306933226
229369539
854426146
845060581
875002982
775875051
359914290
449343444
917705323
616565260
601077359
770833646
499216110
826256367
93195942
429113024
290490631
280849860
858186538
911763492
336463823
142361776
904479273
830101659
735182068
507006614
667842518
620917635
457486670
206916291
285403301
535949700
268470844
700789903
511417365
813159959
80581561
321357563
113461525
445652065
656758477
938753398
452483817
284031546
156742946
316135828
962091739
95165532
58561973
384322260
716744746
853866271
305770800
468203683
203392317
858786163
441096087
947032045
970591395
407229554
489617448
652791554
18735664
92237693
795395898
535659343
347777355
176864960
130675473
273513325
345875341
804137452
313377891
150755496
518187784
266123497
530033300
108721867
206106297
234304044
543890993
578212702
717349095
75977574
647015033
810282764
307994486
59812900
137415093
115611078
481246532
110067889
289566301
943551407
490191943
690532479
723749900
586714782
423374814
190787700
355536236
145386367
366493244
325137541
957409299
859329746
125093072
938982220
212965661
940650239
484806795
444847827
29735618
752796448
146280018
672073209
721696240
367289227
736505987
839774213
469386000
845286094
772885961
264151870
922865938
438261852
904288983
316096951
570883803
9806224
361685358
910281502
837153462
356721965
32078806
655123806
432104761
28563720
199498325
582006352
45153248
795398279
725787692
574069822
733379271
898036592
987306951
873240021
78936561
814997522
483214662
62451580
638656445
805237736
421848407
234367766
551597771
39511033
797204434
965819140
188388741
392867927
967096432
568002661
264977066
185529293
528851873
222940965
452790757
901353458
949304229
919250027
87969426
391963654
592161591
183556048
603455827
562355662
329304909
352715254
593724143
514420637
626219684
3695417
303838827
336294413
943300826
923169619
880052621
395713897
554810281
878934350
947117785
132305054
811621701
874117362
303300136
552390104
240034716
838681011
471474472
984567503
138237799
914115425
509077127
395522277
778575097
943093149
26655874
892849439
472115507
782245525
976764199
384392363
269294381
805479256
523717947
446733587
148405063
981828978
816216655
149449959
77308119
438646840
690265955
623801387
129861543
482651037
178019795
38955068
245176208
661193639
37183239
374391685
672770367
357380136
143935788
562741357
652445933
164568826
630734909
884892894
924886837
978036705
8235482
332249969
498331106
931417194
629490198
866466582
450050955
690171258
273732159
7816187
347677546
885112419
538151839
30450390
161076666
1741068
173957603
395146943
1347340
932815949
366751191
866426405
666873713
717591534
908180175
833149369
63972902
764581188
967079980
474340281
133810554
25546392
778196285
702150277
900949972
838215104
383235742
29950815
162236894
904753667
864742383
160893139
965813644
116124817
517424937
308722147
9493183
831533062
389798078
216274152
258862135
230223587
652626140
899120100
931503347
992923636
87259384
857667440
800167092
798271264
458131762
238275863
96889503
820761554
908270257
30356618
890546901
548393750
939376066
661273685
141961786
328470414
580778330
253199526
655653562
909595851
435310657
316668289
715803059
447294792
684106227
45333920
688654798
229330009
347998630
872760066
19756012
732836799
621301851
639646260
647299025
243471468
263122683
629798652
872384812
357584353
924498409
737804845
493365826
119697465
657202971
872095389
462417548
93797954
426945298
831976005
474246090
415177040
444878477
867392232
615029253
170147847
845394007
289943486
30283278
589128343
531500710
441860694
863612227
477280440
233978605
750767516
684935213
222831956
545162972
209820955
518329739
544276128
116379791
597076457
453282799
346894075
641621102
45330539
892596543
122497876
365220290
536545808
369145401
80309789
256369919
384076430
102964013
771380614
768187459
904350182
230582798
766577653
806886919
847715186
147943568
7741803
841288471
223367934
475558967
517689810
278234451
689886120
675061886
135227650
668898205
414105382
925677605
477344619
699824882
461020289
980008615
500164545
236289580
753305898
191735191
152086427
562331737
549858156
35200040
52966778
374381915
869602890
195996855
615526632
225699384
73752227
352102254
942301476
112226622
187479361
232290053
257944214
310692370
345309961
604508119
574257264
443199804
413875467
873907248
489380359
711041086
80015382
159335713
433862676
584816713
71026436
575791673
316709984
589019193
957907036
381782157
121136730
340613216
393997377
621465827
973251972
412173518
819974715
63134207
50690787
360915352
545506600
576790936
357629727
545296635
224435626
143178357
4068255
411118926
673185106
970358445
763756335
43488135
308273657
770664339
90968884
527512791
121687410
125059873
801434413
273714918
982265692
140407245
173025918
805656949
858978470
869146355
355323239
125871617
387423857
508036939
4246513
322595787
416860460
572626007
894716222
634782751
682921478
162435577
719440972
804580499
421205256
264460711
237724264
812269975
537392285
331114705
774256124
437746777
186033985
16829785
278114650
294866238
187195364
387627622
413115823
608738297
228778773
187819102
227302155
289142237
617732839
734829372
926094704
868782309
935788534
259495717
869007288
485433587
864117012
643327
687891517
861039401
926981976
520528609
973862463
799478490
724766406
260240806
51105261
446970995
379878830
543413035
816030959
591909588
700598886
411096267
277808795
517780854
576780581
968702310
938989258
757575145
900805150
458329496
568131958
976169618
73905507
228829070
817656672
926596171
151154639
779099239
741656624
1561875
842422948
876792730
637087165
553682164
628311448
398195933
747152600
966169626
315315076
795455217
956106619
321063317
86411654
267389442
45772561
497137635
104375561
790070372
796976067
84956091
52123102
181075047
932472224
367524451
978718487
89402009
674604029
124956231
41251349
880226866
260970002
889602622
710296521
553497902
407856457
162876555
355239926
125657808
831979859
424528434
844429651
317749911
107303617
598764232
55837982
932598728
951830151
968347430
979039682
122696430
223379769
544782310
426227796
137051607
867569662
805593454
253332158
868986441
105693304
770205387
231622917
752250837
546113012
570048835
844573119
26852020
681987966
927339307
213424628
831956661
690036318
493305187
766548757
679349607
250894306
764284910
474375579
953241647
225045999
860715481
108497716
450059245
584471787
365823042
49239812
553483431
545426116
662822316
636566555
966210322
874502123
497304411
398056665
379179650
164421557
676835426
193564461
512150185
187716338
728370192
59102570
491659327
945806725
689764943
919550977
513787374
21365265
576973182
252453244
582211183
502917413
904758214
750188833
67461287
664552610
659338886
728856193
956087021
812647029
742446576
316982407
734584907
7894005
472480588
920862814
693060359
763468213
548203344
890595047
9898961
100263207
131306577
365879998
269763074
824515725
509079383
166474491
105810850
193384676
826512510
524897666
33424206
94593922
554334965
730077142
161139034
415096597
765116054
437357103
658711775
871768112
59637502
183406548
608579583
959194190
958763450
180131109
368324014
623992380
416048813
246231895
148192225
381604956
48343405
361868836
932532323
62203311
490601553
489433094
532170833
430346047
810798805
506482313
687072536
259691086
842682793
471068226
681380925
502095113
443391062
72513953
45096331
517113101
944857287
99713030
966125087
989650575
446003697
144882570
380827287
455786163
976767428
54713320
757346709
449197536
549352452
588370172
795864922
521803509
383520148
607667595
534202412
386071531
297820002
997543614
952614190
897161807
442137344
146475317
316510480
589498373
635975003
325802819
316183747
500928366
597822034
380126674
91801639
748432538
519681248
555646240
346433435
874038333
691480545
982441066
972946642
726512170
