865336648 319338968 982830866
270776667 602895141 309905575
332426307 670302436 305632994
693048727 940017529 975830438
73591256 680302885 251064234
968381088 870013697 512202032
229548022 365746029 676249131
534106439 907351999 16636647
380109170 691256054 549616492
785495875 826969670 304018371
734196498 989227720 733453462
332515919 762057469 568318908
817745262 691002941 205049665
376081270 532229274 731898480
946656597 127068931 133966763
452963587 995451387 201946532
265485888 190454454 480058572
164780531 135925307 141751608
277864414 282578269 938027769
800054879 490682499 41354072
