73640273 1
1
224859927 1
3
92630057 1
2
58716274 1
1
22421271 1
1
36534481 1
1
74135667 1
4
417181728 2
4 5
209986207 1
2
140946954 1
2
222561759 1
7
1 1
1
270982696 1
5
323652534 1
1
274791433 1
1
58054053 1
2
295440234 1
1
233764076 1
3
226714075 2
3 4
259192384 2
7 8
249399774 1
3
69033789 1
1
29591066 1
6
269242379 1
1
311569932 1
1
578308268 2
8 9
484746489 1
3
376986619 1
3
384964225 1
6
149682778 1
8
389021932 1
2
488224760 1
6
107383463 1
2
149293088 1
4
212024307 1
4
448241904 1
2
7216687 1
3
482748777 1
4
104797503 1
6
450491754 1
1
59268671 1
2
74922917 1
3
459675915 1
3
237515774 1
1
218894039 1
5
14192345 1
2
493600632 2
4 5
509731716 1
4
449024201 1
4
556390156 1
8
83718670 1
2
129762862 1
1
274290104 1
9
215324684 1
6
581739743 1
1
440211698 2
2 3
154270129 1
4
138069489 1
4
225741510 1
2
134693417 1
3
422855634 1
2
395620659 2
2 3
151621541 1
5
378439739 1
3
160965616 1
1
165011062 1
1
331084389 1
8
46639687 1
4
92626970 1
3
399671953 1
4
320071226 1
1
63579110 1
3
64672308 2
4 5
84339766 1
4
52049973 2
2 3
266812927 1
4
1 1
1
92556354 2
3 4
202863463 1
6
90375851 1
5
250857502 1
8
1 1
1
39202690 1
7
136112912 1
2
549746511 1
3
149292114 1
1
487314661 1
6
224378673 1
7
327071681 1
7
1 1
1
134623334 1
3
1 1
1
283831487 2
2 3
329383159 1
1
332611114 1
1
376075420 1
7
182533421 1
3
324182186 1
1
125454569 1
2
1 1
1
89992854 1
2
343338159 1
8
431816003 1
4
193494952 1
1
1 1
1
104392373 1
2
141056353 1
2
177090052 1
5
187275289 1
4
184398570 1
5
121273952 1
3
573873025 1
3
35354324 1
4
227681086 2
2 3
16885400 1
2
279642364 1
4
221986591 2
2 3
1 1
1
104749720 1
3
290581335 1
3
84889112 1
1
456319944 1
5
370002936 1
3
109892754 2
4 5
413742000 2
4 5
21092375 1
4
289559305 1
6
1 1
1
20006670 1
2
197675684 2
2 3
1 1
1
1 1
1
268793370 1
1
39731044 2
4 5
473697459 1
5
1 1
1
1 1
1
397466476 1
5
104837897 1
2
361064768 1
3
226538131 1
2
61835627 1
1
1 1
1
1 1
1
14659033 1
2
138127099 1
3
172413166 1
1
277441859 1
1
122167374 2
4 6
1 1
1
123058098 1
7
12927723 1
1
280457050 1
1
450355799 1
4
7667233 1
7
150952858 1
5
35708731 2
2 3
261360168 1
5
3434222 1
1
107781346 1
7
415622599 2
3 4
15613202 1
3
1 1
1
87338416 1
4
142337827 1
2
222131077 1
7
439447754 1
2
425053699 2
3 4
112507142 1
4
212579087 2
7 8
1 1
1
1 1
1
166240981 1
4
57045674 1
3
354980845 1
6
89834614 1
3
292271737 1
2
120410036 1
6
364244658 1
2
55254376 1
5
