1 1
1
438089713 1
2
564388317 2
8 9
184770141 1
5
361789769 1
9
178865937 1
2
1 1
1
1 1
1
256880739 1
7
283754974 1
9
168675877 1
2
288633212 1
4
441455599 1
6
634448171 1
3
140674915 1
1
520650023 1
10
41781411 1
3
358363341 1
12
278342919 1
14
322976413 2
5 6
69010335 1
7
166669094 1
4
232731216 1
7
645746277 1
13
203098034 1
6
1 1
1
1 1
1
70188378 1
6
131670328 1
16
435470161 1
12
160913677 1
2
69652764 1
17
700091094 2
13 14
182218136 1
1
5713720 2
2 3
72346633 2
2 3
204564716 1
10
62056435 1
2
387864266 1
4
5636692 2
2 3
89325860 1
15
346263675 1
7
691645717 1
9
375214905 1
2
68674252 1
1
1 1
1
415156884 1
7
1 1
1
49739032 2
5 6
238179663 1
2
350596465 1
9
508246000 1
2
259720438 2
15 16
174058412 1
5
740632865 1
16
244174338 2
13 14
1 1
1
409069485 1
2
113325193 1
15
1 1
1
287682898 1
16
550599625 1
3
92375077 1
1
1 1
1
420821955 2
2 3
74864168 1
2
128072374 1
2
554613626 1
13
14104912 1
9
135618670 1
3
18864281 1
2
1 1
1
48742749 1
13
103473846 1
17
187755094 1
2
341665476 1
1
231834349 1
3
1 1
1
438776 1
2
594342382 1
4
441816259 1
16
158768686 1
16
1 1
1
392540204 2
10 11
383928904 1
15
587440709 1
19
97369521 1
2
324957692 1
10
23149524 1
3
215610891 1
2
1 1
1
512790030 1
12
198596488 1
1
716508915 1
1
321221556 1
1
184013007 1
3
36496896 1
11
262509227 2
2 3
487467649 1
6
149406977 2
9 11
333804646 1
9
