3 1
1
11 2
16 23
42 1
5
13 2
5 6
19 1
8
22 1
9
2 1
1
14 1
1
9 1
1
16 1
11
33 1
11
8 1
1
14 3
1 2 3
31 1
2
1 1
1
31 4
2 11 12 13
7 2
3 4
23 1
2
11 1
18
32 2
7 8
27 1
19
22 1
5
21 1
3
35 1
8
33 2
10 11
29 1
5
23 1
10
17 4
7 8 9 12
1 2
8 9
8 1
7
27 1
9
14 2
5 6
4 2
1 2
40 1
18
3 4
1 2 3 4
16 2
2 3
14 1
1
36 1
2
3 1
2
15 1
1
34 2
10 11
19 1
8
24 1
7
22 1
2
21 1
1
25 2
24 25
5 1
9
4 1
1
2 2
13 14
26 1
1
28 2
6 7
1 1
1
1 1
1
13 2
2 6
6 1
2
24 1
2
11 1
17
27 1
2
1 2
1 2
1 1
1
14 1
1
1 1
1
2 2
2 3
36 3
6 13 14
3 1
13
2 3
2 3 10
27 1
2
4 2
1 2
35 1
2
8 2
5 10
7 2
4 5
15 1
13
43 1
9
17 2
2 3
40 1
14
13 1
10
30 1
2
15 3
5 16 17
3 1
3
31 1
11
6 3
7 8 9
15 1
2
12 1
4
9 1
3
25 2
2 7
22 1
20
11 4
1 2 5 10
