10 1
2
2 1
6
10 1
1
4 1
5
2 1
4
6 1
5
9 2
2 3
4 1
3
7 2
2 3
8 2
8 9
13 3
1 2 8
1 1
3
1 2
5 6
11 1
5
8 1
7
8 1
5
1 2
3 4
3 1
3
2 3
2 3 4
5 1
1
13 1
6
8 1
1
1 1
4
1 1
2
14 2
5 6
4 1
3
4 5
1 2 3 4 5
1 1
1
3 1
1
4 1
4
8 3
2 3 8
4 1
1
11 2
2 3
4 1
2
1 3
1 2 3
1 1
1
3 2
5 6
11 1
1
5 1
2
5 1
5
3 2
3 4
2 2
2 3
4 2
3 4
1 1
1
1 1
4
5 2
1 2
1 1
1
7 2
2 3
2 1
2
1 10
1 2 3 4 5 6 7 8 9 10
1 1
1
7 1
3
2 1
2
10 1
1
10 2
1 2
14 1
7
14 3
2 3 7
1 1
1
1 1
1
1 1
1
2 1
2
3 1
4
9 1
1
5 2
1 2
1 1
1
12 1
2
4 1
7
2 1
1
2 2
6 7
4 1
1
1 1
1
3 1
3
8 2
2 3
10 1
4
6 1
2
5 1
2
8 2
6 7
5 1
1
12 1
5
3 1
1
1 1
2
5 2
2 3
6 1
3
1 2
1 2
1 1
1
1 1
1
2 2
2 3
3 1
1
5 2
1 2
2 1
5
12 3
3 4 5
1 2
1 2
4 1
7
9 1
2
1 1
1
6 2
2 3
7 2
5 6
1 7
1 2 3 4 5 6 7
5 3
1 2 4
10 1
4
7 1
7
11 1
1
7 2
4 5
1 1
1
3 2
1 2
2 1
1
1 2
1 2
1 1
1
10 2
5 6
2 4
1 2 3 4
7 1
4
8 1
4
7 1
4
3 1
4
7 1
1
1 4
1 2 3 4
10 2
4 5
7 1
7
2 1
3
14 2
2 4
5 1
3
2 1
1
4 1
7
1 7
1 2 3 4 5 6 7
1 1
3
1 1
6
1 7
1 2 3 4 5 6 7
1 1
2
9 2
2 3
1 1
1
3 4
1 2 3 7
6 1
5
4 1
2
2 4
4 5 8 9
1 1
1
1 1
1
1 1
1
11 1
1
1 1
1
7 1
5
7 1
1
1 1
1
9 3
1 4 5
3 1
1
5 1
9
8 1
3
6 2
2 3
7 1
7
2 1
2
1 1
3
10 1
5
1 1
1
1 1
7
5 1
7
6 2
2 3
10 2
2 5
8 1
3
1 1
2
8 1
3
1 1
1
3 1
1
14 2
1 2
6 3
4 5 6
1 2
2 3
3 1
6
1 1
1
2 3
1 2 3
10 2
8 9
12 1
5
2 1
10
14 1
1
7 1
2
13 3
6 7 10
1 1
9
4 1
5
1 1
2
2 2
1 2
1 1
1
13 2
1 6
6 1
1
6 1
1
3 1
3
2 1
1
3 4
1 2 5 6
5 1
1
3 1
2
9 1
10
2 3
1 5 6
1 1
3
