16570757
9751684
123915187
58766083
63371870
12616766
88554035
97237846
35332099
114425639
12486970
11650577
124781347
14059981
113039442
31039918
106130498
73388159
103405796
66238404
46262682
82979628
40369324
92671328
62153167
114203511
112763901
9420497
45655957
80789465
24795492
31890282
69231848
54827047
63668743
124225128
74999293
10990773
40026491
118901371
47818949
87319542
58367793
55022155
108056161
72808421
27650750
94991999
12136060
118552672
71728635
32085340
28309918
23327509
8146397
81647896
12249802
76104064
20062211
89278915
8475483
13026373
15476388
31669460
106171996
9505994
36919564
81672239
19188737
13244277
90744803
130566904
18590103
11654624
19628417
131768233
54220814
30416485
25754648
63653158
27634407
31015630
9576888
14939337
24745451
109557547
35547387
32685572
11709577
126235360
63293357
16148771
92557990
84507691
11419307
9931603
50785115
11994304
60146334
26702506
19600324
22308778
38612130
13848331
8496795
92259970
23444651
15342642
78555258
74069427
21869026
30250039
45302558
98778081
9660095
115269533
102902336
41684411
16193171
90608494
9172756
23325698
63333513
32116286
13057414
44037297
49909175
20413202
115888930
91161204
42460462
14384275
18450122
35952067
31772794
14287040
17084389
24663933
20170218
99710507
83812910
9751182
9721217
9842315
63086160
36483649
22580919
9464958
58324648
31648806
97806087
86848753
52305905
35176600
67305292
25061341
14423095
20140064
11055517
24089355
27103044
48789955
23015424
19922214
16901999
10701465
98792110
73965802
11733735
21879214
9802824
9276773
19643437
21617021
42801106
15244871
24436822
74659272
89644199
94071467
80333009
60251611
40763958
9159964
37935621
12804437
95122939
80364420
24702131
70096661
56173241
24343193
115282081
95204967
14811568
8787784
21207802
11251388
8939875
54370759
22698359
98311526
31460852
8412800
16078293
25246004
127690372
119835676
61197536
109628637
19361444
8610771
33714807
80899823
31535440
112994932
124169569
61182799
10125988
10670326
108794094
31892925
17685925
30517565
9422358
124057267
118306152
53593461
30716723
19172055
41488205
101794121
72349446
43172591
26876187
59716806
72072383
9166350
88737964
43259718
102992285
107638123
37453323
8168379
111805555
10157745
25093794
114528475
90338141
20084824
79811698
21438451
95265912
104727322
26321034
116063638
40428341
30157458
44104758
88211185
37987444
85103484
25043282
40818892
30822663
13493367
11808184
106393129
64204951
87824363
53623519
120545672
86213260
24359224
97740399
93924120
15207697
18402868
117359873
68242515
55755343
14284196
39765091
18915852
11295697
67511708
104915058
111987040
64110005
13805044
42686902
62078327
131801904
65251473
32662587
53692451
13923776
24922392
122263949
39986938
41970428
28118099
26062737
68604301
129229173
31194639
15261256
12679401
16459477
104416866
65828651
56565266
24933980
35560494
16818224
21329053
9807186
82971772
54171264
91837147
62484527
29093374
106464492
58588964
9322005
10278243
51028284
18905518
40433035
80326405
89762190
75722150
67912652
35118395
92843597
27835533
29440916
30055547
8796262
41054614
107022409
14714952
41104198
13725405
12086784
90661176
26152080
9262340
11399173
101811020
13917513
10831279
51485742
13740069
94429929
100780649
26154030
11791105
107235147
43851970
35983910
81359284
82625500
55445649
134210268
120843684
23412522
93310628
35218426
66662928
11685291
15172318
31645613
24206735
45905378
58146490
76238089
11212558
15495765
57634881
11102460
13117161
41742309
18522110
66095373
16061067
9798293
12188478
14616260
18171232
50421620
34443434
63642120
50886131
40824205
56928813
79697801
15617272
27814101
12759804
16336716
58503972
29349885
15485060
75693987
52646589
100591610
19359104
34563343
21304523
94640804
69162917
11433786
45649118
32404756
41257765
60126865
94003772
47830770
31472515
11634906
43640444
39989330
32785237
10139037
70144881
20153830
52356604
26334827
36525344
90908496
37940841
29342558
13025228
18708668
122358892
87969993
70215975
30568122
17843938
14140391
8833923
126312999
39507437
21644181
12653317
56480254
100995999
128915075
73984158
15540027
40512550
54942988
47441354
69533311
39206709
42596618
11911671
114406815
107332623
16924514
22403546
64308120
61078236
108988865
16431536
109027094
33160703
74630272
113551473
18328038
20078431
37822030
16876659
58124016
69228781
80101295
61768678
109138364
46441378
39301088
16616177
50963480
21487366
50905522
17732310
23514515
30283739
28246556
107532437
70685682
124266152
18886781
10979684
27140357
35780152
89082777
80627165
32143747
39065427
15524932
50804182
21777848
134225603
66081073
61198343
67438641
77152804
122177014
16222420
22581229
21415578
27736338
53006566
63910522
43123175
60888959
35109288
78228484
8602581
25951632
27245275
10880435
46434249
31879179
13691441
133104712
29802164
8659607
52909613
32531413
27400927
23853975
74276658
18714311
40985743
121204665
39948063
30583579
27780766
48866758
101899415
117132314
109694955
83327782
61927684
115082807
100180537
9235864
79662182
36183551
70284495
43841397
12417214
53920051
56787162
53626721
79227137
128751257
31386480
21562593
59642498
84871369
33737058
30216106
85911626
46415633
28459903
9041544
90398226
58656724
52666458
93147846
26895212
110723198
45186123
29107191
60580709
97183573
22377622
25057844
73901882
34348991
44522083
11829641
31271717
10924621
13243539
104130763
93115515
98001804
96150443
107317042
19674087
73688324
78815892
124870645
53945853
15918598
21220441
99289759
11654427
34998756
78508131
118023673
101097757
23880568
90751701
25760111
37141072
70117768
21295744
121151711
73569591
86803417
76864664
40015051
49240455
89509878
52191595
58855142
72805562
45713602
16364779
11041178
124778038
30983766
8258667
13528343
119351809
44391261
36908599
44347743
12342093
78031099
116140235
82537207
9438236
17142422
13390425
9929307
24037399
27527944
14140615
27253399
73221834
63551034
58677418
20005348
29256263
8313443
103701013
25563429
24781370
52014782
46227062
39679141
56272895
63203302
107319651
32443306
10033095
87363617
59097982
127873367
84778775
90588512
35610902
9806681
13961411
107843482
11243916
115138913
127249269
82818418
9675131
65711646
18480894
25649516
29341366
107354006
91419914
14261638
29744188
78107126
91161562
74286866
28977429
50279285
29846360
13333876
12441951
53341014
120095690
15126161
36782879
45090784
27813213
13765331
108477024
18287507
42748698
109805659
79365387
105194965
8040928
27685765
14698997
11493728
37317358
97901434
65845676
114504616
79147213
122171868
13789824
28499967
23916785
95429118
22199158
123895611
76008854
18713700
74227501
61762749
44816142
25428161
48685271
18619715
9567337
120762315
20431896
12702210
97365187
49483976
35528461
81412134
14089422
29358261
123177347
20593478
88075359
74225602
47366028
56624636
16829414
62475859
12888588
21773455
33692310
32975754
8446887
28940260
75985017
50916568
29403913
30211233
88688190
28906277
18173542
132856949
121740668
48686834
8518064
74019993
23249707
48363445
25579947
127695903
52130337
10090085
61255265
13648565
97805091
27144484
26555361
46699529
34866991
19752575
62887439
32864708
89766909
15035963
21705224
13924401
28758960
18417931
132634497
17149253
18804316
36693631
98501136
54236452
58021041
18221872
84383713
8259591
21493234
24899920
42378667
8596706
94784763
101772659
9859391
42000813
21115936
104209009
39764116
104913260
54868494
21384538
37206057
51435536
33494420
75829795
69580045
13963927
27877950
116126062
18006418
9700028
31104487
75428446
49486931
100284880
17730737
65827416
71546636
11963488
60660308
21265576
8165017
102753896
58111713
82348347
17277113
8660830
11317694
48723438
60061091
31247118
38551200
37420117
52491648
9904712
55340611
93060403
55503015
44598887
83241241
85122961
10428210
45925794
57817402
27161803
11250838
17210965
16990888
113665018
33426003
60319974
121812863
35992300
53572777
8028399
96107190
76419330
10197751
37409608
31575313
14025145
20912895
75615530
33160223
29403563
44597108
8856875
28590436
27498118
21828976
69443583
23213629
26831327
17985514
43763684
56978585
21232444
114083934
20398493
24211460
98359480
101159779
53062446
48727632
108729859
51293570
8547548
8405714
60540445
86991939
37352177
13205482
95125495
15389833
71536305
82039432
99073286
30045075
25132469
110223121
49776198
123714416
21770980
30239519
29934514
15616070
20510965
30862211
61239626
9489187
52173532
57384558
16973318
9577067
72936059
45057413
26750668
26611519
127902883
108347104
117094633
17070964
57414873
9789612
46590971
18545106
8956340
30152313
16186549
14714379
128742942
43989633
9451672
121025695
25902884
19006308
19146659
33047272
32463285
14263463
47007853
25444001
32793870
24564782
131490628
86126558
25860353
53620204
52691800
72369702
33325921
17300025
18229430
14803498
45533151
10999361
44509339
47827505
41575948
101747599
42754221
21179330
42799606
14043049
48370374
48694482
42532121
80863958
15487075
22415401
81101199
26527121
101269941
62129112
24395806
111239608
125236149
35928657
54639850
79858581
28522300
39446281
45891310
99159684
38443485
73919583
109106618
47554360
23582342
65903954
29918657
85818822
103752875
129952177
69279180
23364479
34400952
43218224
87234536
56314144
118654970
11292337
45649265
51261128
85517225
23945414
11785788
93277416
76914022
52706238
82554481
41244886
50656917
34674656
19545064
120736451
90309805
38968309
56177194
27060840
43267002
110919855
128691835
37193511
14053391
8192419
122738562
9681327
50892621
27519114
28002349
121576617
16412416
118612814
20347308
21074721
79448104
24968924
112042904
63489883
72187419
30447963
20123254
59012122
26829431
24301758
13299300
122615812
32664754
53105601
12155625
103267716
55983923
11067843
16107256
18807944
72590553
39731848
42820711
102282472
68621103
9341498
70385058
43113417
26843989
94355837
56457256
130910747
57591184
80016399
16986546
66873934
12313419
59888855
45823182
30093830
86457843
128429889
61010488
73632846
88950297
15605224
19718904
110789654
85533740
62985793
64736868
52857671
23002525
12571700
119346131
83450358
8354301
14453854
15924580
42318246
93814955
74364227
12617137
132412637
103746436
38152865
10685647
87709197
19582944
21985349
12282404
84335317
96848455
70529338
18546691
106046383
43301632
73755615
133127720
57836355
80711241
111029292
117851421
26096592
33345619
18180353
17552862
103485786
49928346
59434185
28944878
108183947
37747984
21961183
33858678
9421118
84031917
109136034
46839468
23599026
46297777
86414568
51797648
105759010
52886499
15742365
45778998
47780371
127006129
14863451
27190663
10271964
61575108
8754898
104089509
8245601
40780871
100079559
99769433
94398514
16974096
17405595
50089015
60086270
72366913
106891225
78612779
34875762
80990047
94494153
48875817
13143760
81675640
58785919
119121420
19238794
71913764
19514481
12585987
95304831
29817047
53438652
99351801
120571148
31623202
12637642
32480354
64194177
11379830
24837838
126179287
78996791
20316857
125667388
12693335
23251130
55480726
13261609
64459070
37342890
64923370
102197074
15178861
14773652
10658862
16451268
78795234
24366998
11907784
87534755
49446206
114748950
70000433
46961068
110500758
72256414
8833751
108083539
33436935
9302042
121110328
27033860
24631204
18146652
39359229
28068370
16585165
33971887
24539197
7967494
82793210
23911701
90711626
9560007
121939132
17424516
114324439
30689846
54616195
39675069
12098299
20559908
17266496
84369394
59453798
20905977
29148747
103609413
73503312
107955002
32230921
21681582
13841885
61764587
27847960
129066777
25187706
24104938
40003694
10230242
67472969
59539554
33221105
31823266
10524258
12925842
36393296
134087642
134926573
24571887
44218322
47351601
16991360
14959967
17654934
26023588
52640587
113865581
22652716
34839614
8640368
8446186
42785856
30602969
44056028
37014006
122373097
21165775
52323794
119357094
126897912
25255677
106241324
28944525
31857802
11811405
9397721
26597458
15752241
16373921
62416628
13695318
105451660
18338814
14690975
54217888
72202603
72374336
8678715
86943238
53315256
9005251
41751160
127912391
10047574
67079582
68236765
43297570
83561102
92197996
31546084
26770923
29903160
29796703
12329507
