25981043
9667467
9777460
104463661
84423870
100952223
120940778
70267377
27395963
89523514
12724181
34579206
31916003
76525894
12392832
97032849
99848041
91402366
29488706
12739021
123699407
8533622
8859547
47470430
11653010
32510633
10770300
8169176
27806488
10278985
76093584
64790147
58271117
36474462
31720065
13418021
62650264
26346762
17066716
14012186
93831204
112683479
14627535
37448882
49820956
14304086
53502069
24915357
16668432
11173724
28813972
25250504
8357070
17127439
24896131
17327675
98958951
48931019
42319191
25898816
31022582
19150198
20484109
20598504
114165164
101366011
17617517
132532794
27703760
32562818
32607079
61242387
67979734
113166006
37368912
10162033
82565147
60212113
21905718
15216623
73631128
11141016
118842225
130603447
10040847
15652601
38126914
131663556
128989722
9721728
18742285
42455118
17935913
90506963
23593899
75376808
23241398
95942293
37551106
23743676
10330764
19978843
121999664
16931243
19162988
95468152
119552454
33685312
11195230
22372492
13358586
9063307
114522597
17151166
16817858
34595552
77548258
16661014
40580569
42561925
55025008
133578557
22337821
57148744
11501894
115708379
129337782
30462842
10565572
56727799
12817161
11312827
71223184
77262234
52848832
61873765
80773596
113911709
16588395
61797840
36487471
46088620
56581619
37078918
54328644
32341972
45547239
40030870
61181223
125941212
74256377
55867425
131361177
88113216
129305238
44030124
18826849
80392610
27385898
72418115
10094540
11066196
63717069
16688484
23391528
125557242
95552775
9011670
67177017
93759122
42989417
12875248
74404059
15408826
94098452
35387492
67440861
8491829
53232021
105810446
94897464
10372247
116399735
35051181
16011573
10314937
46991743
24153838
24743960
25262529
36384228
46721921
114711541
102524955
49345310
9029285
52170925
73571860
28155317
9538140
30879294
11286347
100601419
10551498
18765291
81878812
66215041
16868012
26577259
118544267
37388695
107715381
90295647
24635557
66781530
63244487
94596469
122558468
61032095
105341403
61980093
58042447
12440824
12222961
24450336
21929460
23776233
11271113
50882662
19134943
53104896
32764108
8857367
15764616
71284808
8814594
14906734
58845965
104635610
106482262
36570321
102380873
37999274
16604808
20707456
70489857
14397755
18776378
8842020
53234195
23344976
11207300
110184408
38960318
27693932
134477507
16350314
100203447
100571004
83730902
130508037
55385886
24033320
30001574
29381667
106552880
72201012
63557711
115050709
101616227
96594214
86649286
51587382
37025490
12685772
94240947
53936223
63291918
96842232
18215364
53193111
25059851
20104300
11118825
133784708
78938824
27146520
10395397
128057317
9789006
31693124
22635609
93823215
14707888
11071661
13338854
86472050
44368124
109333418
40294609
30160480
40946100
84379774
39703356
109652056
24410803
43618979
34576883
42882482
51908866
10418670
17613060
106438316
33324212
22022289
125527870
102923771
31668423
133170119
75709032
8525405
39309055
15687305
106189948
53276289
43678058
35997394
13291982
90925706
45197003
99626273
36911537
13366000
72051749
41516622
11727269
105875067
10942525
45740730
36015716
23856372
8327313
14597954
17494979
48087013
38562323
24116046
87385431
10536340
122899505
19031478
74564745
60825530
37467042
9233838
71640817
46464618
44359309
64675850
47338351
16167166
12922608
28880601
26800337
78295511
10816398
86437342
24731606
37048524
9490592
61653808
10549556
8862635
97030293
34477285
21810767
67318070
31239705
50474796
59092071
77722043
48530203
111796425
88557221
69696096
24216005
10688724
29720469
49703748
13574387
44142642
22804383
16929421
82046884
82795136
14026772
36314442
10844143
37056444
92988705
81760523
14180219
46901529
97960649
118166328
69606765
41675294
15896472
94903137
60420385
46966437
47572873
24814932
19916449
12410959
81610349
42855521
36684329
97145295
13866244
82589200
29331349
27409817
18562163
11096652
25306728
63322097
40726131
44491777
84706041
14751741
11040118
47180197
47172436
43781743
19333108
16482342
77769703
14649108
8453682
37771822
36648514
64340228
27839888
56253373
70612159
95510830
66443312
22019442
9582206
97746656
50163304
54885273
101846130
38244059
48659452
86438243
85190985
98974759
78762714
46222646
57539193
106155850
9450369
51323133
33180613
10017630
102831711
57374052
46431027
59374237
49317791
41243071
26345206
9801888
135033165
84561738
96863139
37992274
108629503
40486712
16325634
27985633
21046854
103590522
106067783
90669101
12938022
61016167
19997073
46562768
53090731
114682903
114970081
19585962
23420489
31296454
27574086
116005477
58957915
45480889
86709156
32528530
30164924
113853941
17965761
89404094
57410752
47369811
84866102
12537216
68404556
98711072
50623015
35564499
78043319
50850955
9320235
42842036
113580453
36608592
23493442
29995997
9052809
17648853
28779125
47045946
86914893
15659357
27679936
105840997
8891055
26678127
11459693
28248609
80721988
14425746
78438045
70893321
17316399
30772059
40475095
43165354
100296289
22519443
12909610
70817553
133824279
62970371
52746154
83883309
105605300
47509561
30272810
57178990
16618691
11437799
17936821
132694972
62157824
20566301
77319526
10569258
12515004
16449376
52827872
48427124
9864133
50906302
31734725
91120478
15892278
40816298
96930470
85374972
22754991
40846364
18810051
8141779
119579134
30569677
121118541
34894282
9428941
38227874
30477645
45592439
41399375
31370828
107574948
15183134
21817727
23670993
111487419
13199988
9810310
117337031
28277530
23562566
22510862
13500474
67833571
43263993
71134880
33225730
67287987
127825737
26954279
12299871
101443312
19990590
10522162
17922258
47771643
36709323
95565577
35649400
54867976
113676421
8435675
99140595
83948250
23854060
21208817
17171214
12750723
14328514
51900132
39388317
17313459
98541117
53541469
37726879
52288710
40529232
20108016
60080387
13474181
43347988
104806296
67445374
51287334
10068872
29890894
11736363
19868350
12430260
17078421
98746761
64483233
81450597
78547349
38688643
62128042
23486988
125162459
23861886
8265667
34366719
11943043
134546205
16255663
92736882
85319737
62427284
11485581
40965165
20625364
15468605
24516046
13101329
87758846
69192786
57483081
67000306
72086643
74340711
10110442
106602047
62480435
8324916
94262158
25397380
37113883
79052515
126147878
46614781
17129834
27279829
16083488
46536643
8693943
44525290
70961416
11448071
36892953
18443473
66792859
119860480
24104189
59348499
125056968
133051406
97730157
9229993
23582438
35229420
25300336
30067875
33781343
38262071
25832866
12796299
84237278
22379047
8904382
29959031
63133660
31111731
36993052
119800070
62407518
105180688
74584447
76287566
49507261
50638246
73442744
89618178
64124107
16961815
41090103
24629190
131198197
15176095
63788909
32413194
30498656
23776591
68941202
111202720
24905149
10203738
24671596
12893499
35401116
82800611
13058672
10673447
126880871
46190348
15129832
40017586
12709522
35043921
120590904
31746992
31362298
23739650
32288213
102073606
36605256
99383633
82126307
32986522
21295394
105251577
19668835
56492085
77560509
62881967
58458871
16586760
27650166
47407783
14846021
57610105
9467882
79989424
24513639
47213715
69252719
46446803
62055543
52359297
104930268
15048558
12518294
12311131
10866443
14266109
127251566
44135421
16081895
8244765
39374967
93543428
10875895
117082000
103565981
15371750
9580895
42716383
75647598
132776204
25697292
35513823
32072517
110140972
14878708
52008250
32890751
127195760
58119478
38287056
34776946
45033045
15888825
9247730
37798735
9394851
8828587
21314135
113922804
14045498
64955652
11454768
23956485
15992338
9059676
28088326
23230325
99100081
60423667
16177611
59726488
60574410
94954513
127318190
116482679
50474095
23660306
59400973
106006782
14857577
19947537
104046267
132844817
67497296
75477419
10708386
75458682
33524166
44923481
17155682
12120674
85981041
41853932
29953058
126806209
71586319
43339690
8605367
117993493
9787392
128121326
20300654
83111046
122917494
103937862
116051105
18063024
105207152
21520087
105143278
73271816
37097832
128497155
16842530
113374149
34392786
39939552
9776081
104019622
39376593
66771787
11239809
40765026
17287325
45734639
10358641
104347451
40328006
28919182
55757113
10730906
43853568
110707164
11699715
24632470
8537922
11150856
29725052
119431557
20508672
57704571
94696305
12855509
33859399
26646688
62053370
60712945
74501540
18192422
36531991
102930445
9518304
10749146
94961652
34687289
124414432
22389915
74186936
49778311
21686264
19529231
117407738
12081054
24569599
15051583
67214495
33224697
18017896
106319747
103743024
76499130
63173902
129978231
63056503
70974194
70443556
15205001
21151430
70293177
8934736
43239917
14841981
27996183
43553028
28987442
28047164
12341952
29025820
61717721
13993743
111751201
129216670
56727234
42178724
137224888
12241210
120739210
9793126
15841972
14198192
23978117
129251950
10425997
44273483
21459246
75178554
15278311
84558876
30958008
81017855
63582534
96074456
19800752
104699130
30292468
33023344
102769236
116606293
21382305
118311881
62217704
95186715
21123117
34928893
19853228
22119085
12639253
132102841
70510908
42504974
112708676
93454557
50270558
102460248
51126864
53230432
13869647
28123070
26431650
44572770
17876190
40364582
27855748
111145579
78647924
79029028
59280739
83165329
102951068
37239251
129605057
42967224
43479022
13876498
26727238
36309345
18510351
11332890
84759842
104099399
8628787
66155556
25172657
75100358
30269407
52169015
19824870
63532939
24142021
22524910
31269447
13576129
46803879
11233234
62836878
7775798
47793448
111158111
78038788
19936607
27919231
32277107
87165749
28409218
10434508
20434482
25117070
83933196
13669551
61410252
11301616
14352958
36561781
111884881
71348030
18037139
34179043
22474417
71142170
14796217
19574818
122578111
65201283
80956994
111329860
33054222
43737747
21771128
90843939
88238761
85439827
68293099
90440461
134110252
53716840
65021612
33473325
14659169
85731850
47985232
82763777
49083420
51681068
9748102
15842782
124097102
123152885
18517450
96440242
9859490
35913268
24675207
45939360
66291506
128356790
98361340
58813885
57129239
40646391
18091773
68522744
126255419
66010608
127754891
10289363
38693976
48956860
36534773
11148342
118442954
58097502
8093694
30217367
73504584
16898179
20693469
67346896
28776890
12011680
45155083
112769312
133603321
28230837
11842213
68021697
51095492
79484879
79229986
49999419
56116010
120004889
12661627
48851579
35125390
100547028
31197235
43924871
91700690
48494887
97856065
14032554
98623376
10190737
21104140
20195834
52820084
105795095
126485998
59402898
116545809
109051096
28456039
50521453
61471955
67276424
107187799
100823352
22312840
9084460
22018260
11035356
27390935
73259063
28559911
112495438
14509615
95155187
67478864
23541799
67792361
57838088
65979280
97354306
93872488
15193647
33018865
71062621
27193564
18224557
9470228
42371219
30734923
26183215
67709146
52820794
36673856
114933048
91870029
87847448
17054674
73108526
72418647
24800072
15962277
98524688
60869326
66412891
19698638
32293984
14138998
22451899
37723807
49727130
28925268
28842033
41821715
122691228
18205686
48675651
13090593
64150419
13317914
15154936
38768328
96090793
22059963
14513758
118946702
49305233
9101016
64059659
98644812
80910260
113574158
73072125
12589715
38546988
14818021
46902647
17299412
23967051
109013422
115835771
21902823
17335876
130724499
22082135
9428435
34038622
11002150
15412747
126039466
57021094
51254202
94454475
32311279
31876162
132856940
11656057
8617598
123944914
27927964
40135725
58671769
23653440
109196007
102537553
20168371
25249901
38035962
27311570
14456411
24031698
46648437
52497931
23123074
48668614
21193487
44769282
14989423
15538821
106431820
111712567
20733986
20338461
73661300
134308741
94156936
83777769
17785555
30491871
41758531
67507944
24655760
111062029
16039373
44483080
23549211
14718411
113355010
13246253
119569907
134243697
13043122
100828503
25324011
36601753
59884372
10707246
29850951
90559735
20347285
16169157
17576209
9958193
10529705
33492186
50050433
34385547
25153083
10835736
106047691
58950639
98616635
53084140
26033669
125784560
37697887
53392491
20191190
18708994
77724264
88250146
25689649
14994557
69455911
23780673
15473782
27794248
86530474
56276008
127371891
11795794
