90211839
10958265
131485835
18700896
16896442
55261824
22361006
31420499
28852017
40433216
23931053
19357872
58969751
19275823
12770683
87396520
51842060
79737509
34140018
16797699
9352855
50022383
8756253
42409975
37316785
64832429
51047901
12263637
131360167
96470375
78179380
88344183
16977564
90281486
53692741
15668588
69684868
39421460
35863427
102956130
20122109
73410510
97991594
28524107
50690305
66854436
11022929
14732818
77553147
25429277
16355723
54542608
126111819
14153482
32959104
91894056
28855820
82855957
72012511
78061826
32253244
50798545
18665377
78516238
19763349
48491213
30110595
15746144
9799761
125318072
41243541
44846920
21195721
11081351
31371226
25399241
73978631
10242236
9331753
55237023
111526813
20507820
35127366
20537815
13215415
53642195
74970847
94314631
9169134
76831531
40047182
40504070
53763422
67093056
69785417
15805965
118826788
70063969
21305573
14282056
19736112
9108840
17493503
24860654
81680942
21119391
9490764
31314083
57823654
86184810
80506299
42601356
92060805
123495885
9166058
28485280
111865443
113328119
48138942
13321874
52534602
23521427
13742859
14272516
110691776
82188770
75097001
9422423
36075410
87976787
12570844
9461924
42426230
34908563
107326342
39167087
23645585
126777443
95999521
94222782
8406269
134367103
94351933
27176622
56549531
18815641
29972603
14706176
85692961
80488446
14880647
59218499
75017016
26773914
8741832
50834315
9031037
124201570
80628305
62113997
12880681
92203417
17511053
35181496
25238308
20686313
29437907
71117723
109121312
69263024
21262626
94669725
72041782
126157962
18793737
105909707
20427379
37007402
13576577
28713007
13305276
55184232
14740909
52430262
33254429
41435447
17513177
77289661
24363386
23325591
11374755
17459875
48372395
55204898
24737633
27138208
61764866
117373660
75217892
49865709
28479518
104409984
58941936
8291576
36909698
128548292
102337727
30400228
111385130
69942978
34960442
57073813
125393157
29530805
86210351
46955945
128438388
35961777
38936425
58925341
121176868
104388722
25233602
12313454
23340051
11880469
129106747
80158477
56224595
16627530
21909398
31191220
10413443
133141068
114080001
21987204
15648663
18092688
123311388
93497818
11522648
23250611
115457485
18055253
60380474
10307042
16813076
21168909
16404810
114060957
94170478
106840436
104451235
67996105
31417940
41299904
109346911
15682331
53226855
52465859
12214275
61872935
33317180
40480332
20484928
36815518
28045998
22698696
9146197
63785545
131455421
10054166
34136955
18640355
33354631
8814074
70213028
65374297
27837270
93723877
23338956
60618587
11004488
97141770
34568380
46153366
50625925
106853750
39077407
27120040
66841952
14481007
40286107
19179694
62337603
39155959
28010981
10627497
14668364
33176193
19923831
57613363
88634451
69431584
26167968
12842981
11837758
63647385
94062273
88465281
84026037
34087855
118617773
23804797
13738989
14366673
63463216
82592785
21066920
123754801
48568422
24797871
22844943
102940331
15660443
102849287
68372680
10694622
34280335
10338651
47164401
18643170
115670136
18604872
17892402
78569080
27869825
10134884
36121220
26147406
98250229
10611253
21741040
21250167
90184928
80018311
10098094
13718687
35172248
13183629
131523204
19212860
84427307
18731111
132820240
45614746
16953710
38973300
14116213
32863415
20522747
39171556
71884627
38324766
32270064
30355528
123518491
23263027
23272098
130894346
10253001
19923138
22397603
80529502
15192536
23192143
54899295
38037570
65358419
19332506
13681844
131774309
49810101
34125904
28003812
51964095
109244290
46992055
13694389
18539182
78995517
69469150
78489481
70051933
62235828
66982257
32073056
45731934
46130895
39202479
73359272
33209139
17792840
71621191
11807030
27084750
20545027
27956749
58727917
93847384
32290023
110137241
10986375
89678541
16328936
18571984
31473938
100301881
31480051
80499019
95975182
110839982
69494105
14242807
95420024
12462052
60768165
18683900
12172667
24528934
13870528
128202333
20601673
50764921
57187199
87694599
122855325
27907889
125963067
11117938
56215825
75150048
82458984
13264010
41888994
22733203
11431210
90772325
100396644
14255366
73535941
133737736
39221238
28049605
55047637
66987169
9061315
129460394
28898672
108748734
15265915
95964575
76998420
100399083
93927157
35186541
8742631
29725274
114569321
12325495
113327102
98166042
51926579
49443142
121643973
82620037
48274466
78873504
33094078
51069877
35997391
100477175
31020717
66479523
39171895
15774531
21759466
106508233
19304075
41011828
71516815
26058987
46123387
34919769
15494628
93678745
30206639
8764727
26252399
96156308
22779067
65331511
15155796
24845020
14642592
41483275
8635235
29681652
106983645
10583381
35708548
50535457
116026338
50487955
12838799
111201915
81162259
134076093
107532373
18098566
19804747
90036575
87243310
40264048
12831984
22610306
23069366
123434220
69853639
11077274
71188102
20397475
42635673
49757356
19180521
116774331
57657266
42340877
8854024
8412276
52221712
23162617
73223923
86481422
107118518
61611162
14275243
70311675
39170346
12788493
103448938
41475851
89766271
34833738
87381025
26383657
72014946
88043392
101912436
11417425
118483151
39400113
28654615
87452542
32163138
122998206
100315734
41450099
131462862
12853560
42462996
24090636
19746151
10637382
25518895
76236370
121114980
20626858
32145037
22441860
9429401
91164848
8273265
34142139
53493755
12738041
10013232
64674301
114039145
48508293
19961300
23911518
83954478
39458400
80467126
119932844
10466750
125629884
10161397
40193695
52409727
83763806
23527440
26243564
37007671
20532464
37831232
25429947
93346684
92394203
48496121
15002808
8481121
72949733
51044548
19982308
84413455
23941146
87232176
123670611
71296096
11041788
60704356
26998401
114723328
133586627
13631408
22409215
98171619
134416945
17929781
60553915
26279185
94192078
66566014
50785888
65392582
38858168
116133796
96231552
118000649
14744380
48189581
10615639
62329934
50804945
102583425
82437207
11080684
38285083
80360780
33400365
35080077
44819599
96221890
11051012
102443111
21409416
101846782
9744319
94930387
61582233
128825989
28693589
12386518
113768258
60526471
10340175
88633089
30986561
66620436
9955851
17351400
16064429
69912161
115994348
54965705
95831457
63391235
58027275
68919531
11619600
19603218
52470317
22574229
56003877
56543314
19239307
63980413
19771270
56285044
13759042
10254762
16826517
58038376
79916971
47132712
82689299
18099737
49811813
42325121
21981029
9038083
44336894
128894363
11940631
131233792
23183499
39211188
30600337
79868025
100496944
113440121
108532408
47279096
89394526
32348565
36871054
52470803
41378308
65118429
52331915
13454658
41537878
12392313
29749812
25568185
27957960
12209721
19832879
45843569
102655244
76219462
71511764
71075712
33981352
131785768
123637491
121040945
39110877
119031935
57830152
23981898
109039025
81805883
63974937
102296020
95596785
77125003
11066091
73598629
13130376
36149245
26441691
18028410
26329139
42374520
14331638
120958636
43739098
68078299
62128287
25443835
41541838
14221873
37995063
78863882
25411696
8594937
30480596
87238872
16845618
74923681
26122415
17220747
10484383
27979709
48547556
8388489
28908707
12331266
27824013
75265073
131543346
59486687
69790603
107454308
28785488
43688649
27598968
21745557
35182899
27674857
30545606
134377433
59436384
118979625
54980685
70098737
124019723
18076343
56329926
47988179
40299378
17432883
11750078
28119282
17971889
100625839
45004164
107028652
120288731
30353410
85931254
20588582
94295304
18015035
22908212
56108599
91871353
120146856
22368875
12309568
22481290
15179873
104010212
86014241
43716767
12021959
43260412
104612923
43797640
128981913
49629905
21383215
16818168
31184946
19278969
29307561
20402178
82158287
54848570
75099547
59248028
71241713
8907117
21177720
40116809
70904809
94080176
56313758
28900030
119136900
113597100
50159811
41749298
65289580
75528531
84583363
121085139
66963130
9256360
98124326
24062440
11446190
97908327
13316794
63745062
39228341
56470932
19794416
30960664
105944570
20470850
15470301
15041463
134201734
29624449
38085526
64026173
20280678
73220713
48623485
45468540
34099752
111769003
28879689
14268958
8369861
78787836
8758635
87373718
55155175
129069785
56231371
94043481
30278078
9543735
84231255
17332271
18431262
11069965
96429690
11140037
11492322
74599503
60614932
22033295
24051827
88096557
27193987
33336830
92432283
21898537
68062292
116318751
23952574
12262448
57717042
34499605
68158529
65836923
23177949
8478633
91819413
22297418
78058739
49935073
121048472
133115802
32647838
92049043
23199379
106491455
20646006
33174032
14628674
128226961
22513515
56524041
50736482
44949028
9515356
101912232
48374575
53868820
90050185
39258505
94170133
101815694
18636762
62268765
34755838
13652212
29535558
120292679
66451688
39222827
26367541
26317574
16387308
120672433
54650266
9141785
123278642
26358311
30914151
78941450
19709963
49642029
10631976
107297617
20976678
114028848
10936166
15260986
14134497
38266617
51074476
27111061
52388012
52464542
15831287
37762699
134178579
10242981
68176504
17460996
62346238
71601582
15323219
30276775
78840326
78197741
30442178
14327758
33294860
9344041
9146400
76986911
83848827
9080998
8770152
14668403
68032339
25950243
100859555
73364382
17742196
60853325
10531992
105131734
22521235
53502884
27198933
13370501
11061356
9893949
21208426
111933552
49406857
53719485
56430742
113473236
106465350
29555992
83868456
22376509
33890335
51981755
52377258
15846468
13687369
49150724
11923041
71351452
26118976
9387750
16774290
127460746
120411412
36113888
40363727
120448597
59307283
10705537
24021353
14161999
20548053
131532561
61716926
53478107
34140893
19953211
34063884
21124183
10620948
21498265
10641645
40938078
20552777
43375065
71711385
20619720
113321476
100279149
22479406
19882806
39927003
53153022
27980465
63844066
38963315
69858977
44967495
67995812
9803881
93904886
60935711
115603173
13586585
56179812
27949985
26401836
9948057
98027995
109364743
71856963
8010853
27749764
50854442
15077145
8448857
44778424
90431379
126216978
20465121
90244989
21837864
38097945
115427190
11452756
40435214
29567342
45777149
58350709
32324257
39858780
20635075
10182137
106094721
10207067
56414120
11082954
28870504
84147955
71549839
102407008
42667692
62351314
69954692
34235780
84497462
70513407
62388800
14614077
38187987
121136310
36223188
21506533
111240887
13986025
130708458
19401441
88493413
28712902
18966376
102056065
36205626
53568847
53639629
123714198
40392043
99400648
39372075
16369262
15845973
123644466
86131356
24483069
26347914
17523805
123788794
8239173
36976520
111603269
60853767
77041095
84091175
93714471
32264147
63514935
47210929
11888295
82472809
115214387
14658017
10674488
15727881
17900605
21461090
23317380
42374236
71669871
17850617
45052534
19261075
23362258
37257374
102646239
19543463
9854621
59231435
30624748
51087677
19911811
19497667
19920539
78828415
54474578
11510885
25432414
53846951
25643727
14366440
22157118
67735076
69649461
20470978
110367488
12180696
66469529
51679318
35909207
14212748
84348190
11484846
43665886
20545209
31824896
15254450
62203033
30612697
100452423
23795446
92379871
26370701
9494588
125556679
14740747
49954491
10264380
28242256
23381582
63975128
23427819
10651907
67951423
89810761
74186546
34761507
29598786
35178149
50984074
52515209
28544827
18770524
62184710
55004183
31333228
62494285
18773406
15284733
86299630
24849417
10281126
63751748
109207737
13075215
82029378
24715571
44902925
46637465
34209445
55038942
74752853
25337131
116205336
47285445
114020006
17922256
9318324
24635363
9812104
83953877
125995742
35200882
110892728
47930436
91485852
78268613
53705198
32758813
100259529
16319658
62099581
114095945
13757287
27540961
59187489
8736320
71888109
53570677
11081765
51016461
32296604
14763506
63751571
17425351
11522616
131494944
49511262
30390804
36131657
65501019
113939341
9116046
11477087
36710618
31442597
12306553
24018244
88222305
45841375
92132182
22015833
96118968
42608967
53665367
12377798
27933977
83719317
89967749
109017096
53694039
11935653
43796426
35409740
63414806
75334547
55807013
69389789
20195340
128516246
15189020
126010359
33934881
91762713
92215185
78772502
27029214
9478628
70927306
84340184
100191844
93456742
