15413065
19399366
7499601
8589425
23482270
28286870
41403021
15122310
21243191
14640402
40722236
10105514
15829500
54827640
29186509
9564952
88782560
42772352
27718425
7167573
7499601
7882537
8371064
73480429
7312070
11589721
28987960
23846121
10107954
7438865
20512609
61098720
12401880
44835468
9564952
9384309
29009456
11408915
34699833
38805151
11284330
32765919
32649352
17711969
61832823
34380591
10834967
36092980
41718481
10436206
9775544
21337113
17439752
13754835
71871200
16137093
53666385
11284330
9787934
65281968
35215857
6662079
56126486
66062529
64631541
30783511
8783048
40982734
21969339
40119667
11993721
21400295
70415766
6415955
29100600
46639296
12425600
29009456
109865940
48552112
26753976
13108069
8456643
26545660
39537837
12401880
50420722
61050969
43882250
10831431
57808127
8390925
29898747
49085597
36924381
39264057
52600375
16137093
57385368
41236696
48960969
6175897
32654100
14568087
114417100
63677600
40119667
16772795
21846088
48552112
43698560
17244643
12935090
17013756
23041698
15122310
43761188
7776261
11284330
9775544
58507353
38750952
31609413
11239019
37588915
17244643
9862310
53954464
25113501
58507353
11622107
24318993
12926184
102398769
63677600
31446333
49085597
20680984
7717185
79958176
7882537
28408617
19980597
40977870
36715096
56584775
29861450
17439752
35215857
17066805
65484265
78685975
72008233
10058037
19607150
6095936
63996485
17618385
11780685
41856495
7282200
32096113
26394753
18591625
83258182
53918580
56126486
46639296
64032465
35039280
7087158
47547480
20654161
24900240
13108069
96315615
18844969
48552112
32654100
15984149
40034140
22424666
42772352
44318085
83258182
7337252
45650848
70225050
7717185
62124171
8244775
13904737
45650848
65660265
23041698
34386189
78251316
58507911
21243191
70225050
63677600
8900465
52966991
14185440
32450209
16485901
11986760
12033812
35211540
21700341
6095936
5874396
13507221
75526450
28295504
49085597
9188256
27717633
14541085
48411981
10340925
59118085
34177011
10771790
6662079
11205060
53666385
8954808
9008363
66062529
81949525
39728314
29735248
23674455
19012168
26639578
24259152
28286870
39728314
39728314
40987415
9384309
18591625
6095936
5492071
57808127
29084993
11196450
23041698
6262315
47968217
9880104
26545660
53666385
54292249
58648005
31216745
12401880
13658001
36673920
23674455
12556270
38357880
57385368
35211540
61098720
64183245
10461970
18628360
12476396
15306412
38174175
20152269
87504519
116774900
13507221
24441282
36092980
57333231
74972535
18591625
15205757
78251316
75082716
7337252
7039180
52662380
10771790
59770431
15462146
20931590
9694575
8161080
63903616
57040696
12834360
13421548
7282200
31201970
93948893
46335081
27717633
66316393
45785421
8911877
33569577
83315424
45640752
13387196
81577184
14119872
10023273
29848772
21604401
37784217
9057997
37865730
36914769
45927484
48543160
52211040
12716821
21946869
34183825
27717633
62349651
22825910
11660160
15854839
20152269
26639578
13754835
58507353
10815940
76569628
26002200
11660160
10002839
12548291
7167573
23846121
36092980
10385091
7499601
9360351
31159810
52773412
23846121
54827640
101236551
98314953
17951320
30783511
59692015
39218580
6118110
39760553
37276366
37276366
23674455
18075954
51611920
7543832
63903616
34380591
9260485
44729421
29962855
37567224
8900465
15657705
40982734
53954464
5452578
14541085
13321386
12926184
10002839
32239755
45319149
40034140
31201970
18703349
20325070
41106136
23482270
11603680
13108069
116774900
22164337
34235416
15413065
64032465
48552112
11780685
39264057
45319149
9057997
36715096
34235416
15462146
18505707
4857325
44506640
18267469
42335708
40722236
7039180
28243054
42721259
40868739
25556176
25594635
21243191
22568217
21036873
107792100
62124171
9369087
22568217
21258216
24318993
101236551
70234065
6262315
27432706
16449245
49441667
76569628
37865730
70225050
16588145
5941949
27263556
35041877
64631541
55640541
5043027
8911877
16475040
12476396
45927484
31609413
4673125
5874396
32471967
21846088
19399366
8593977
26394753
49162950
21400295
23312679
45650848
67709785
10689021
40731621
15940186
24318993
73504494
52866336
15854839
19558056
14116096
18628360
22164337
18844969
32765919
52600375
63677600
63221691
20512609
24900240
81577184
8593977
11622107
35039280
15122310
26219823
15657705
26322579
24116652
49750960
62349651
33389875
18169627
18169627
96315615
21700341
5941949
9256544
29009456
42335708
8783048
9564952
19980597
33389875
9880104
59118085
8017352
6175897
18075954
49162950
21969339
48960969
43331781
45650848
21243191
43331781
69066880
6835950
31201970
53235111
14116096
50412150
67435929
43698560
23901241
6933705
12716821
20291565
18001125
48035472
39100290
23137205
27014105
15518421
14119872
22182090
18943951
41946186
11993721
15531750
45319149
63666603
29186509
32239755
25594635
78218966
13108069
36673920
18591625
31975402
15073920
19435405
74912926
65281968
55036514
38357880
6514280
40201656
36950102
60025505
36769215
8713593
11229309
51611920
35211540
43698560
31359811
28286870
9711299
12333399
41946186
9880104
17244643
13252608
47037380
14297316
11408915
36058683
54790152
53676779
47037380
23003757
78218966
24975125
45650848
29070006
24975125
19582149
70234065
8900465
53235111
12939052
26322579
30690236
26394753
8900465
54057425
6514280
43455056
81905272
9369087
45941670
12184854
41236696
51582545
57385368
31159810
39310408
59692015
20841065
6662079
5043027
18762905
59770431
33389875
17439752
8017352
55080088
6415955
30232460
44729421
32400025
51792736
19980597
45640752
10066105
78218966
24441282
51081345
46335081
32649352
9687223
5242105
7039180
15073920
7337252
19069585
50733568
37784217
90658656
18001125
11957725
33453465
22548281
12834360
20152269
28243054
14108067
65314989
50733568
8713593
68618550
35186145
50220313
9487126
43331781
17244643
19192090
55516965
16960680
69123043
69066880
23482270
10557240
28286870
29898747
25840570
29070006
10689021
7543832
21036873
73504494
12939052
8244775
12926184
73350630
28286870
59891800
20512609
35016511
16935417
12548291
7039180
81577184
10689021
9711299
6322954
53644752
18628360
92073376
85302675
14795540
12029152
7543832
91187213
25113501
35041877
77088050
33569577
13507221
9862310
29861450
6590754
58507911
6322954
13679776
49085597
39728314
40091880
6514280
33306031
30681850
20712700
88782560
76683726
11993721
63677600
17971873
48552112
25556176
23714514
9526905
6095936
25556176
66316393
47037380
28396305
43915879
20738841
17945486
92437026
11629548
19457737
9369087
64997800
28286870
60902721
8954808
17004658
35041877
48035472
112094460
46639296
21879417
27014105
30232460
42979734
40731621
41679084
6322954
49265744
58663064
10066105
43331781
50013745
13277520
35039280
17534758
50412150
17198181
24606504
51644470
5890518
23901241
18544815
12939052
79958176
63903616
58268231
23041698
10831431
18051425
19050081
15940186
49688736
61832823
7438865
30659811
21280640
93948893
51607675
6793688
42950194
79860970
15623811
31975402
21258216
7167573
18439330
78251316
52600375
6793688
17448477
6933705
11114310
6793688
97252051
28987960
11603680
58507353
31571865
47393696
10834967
66316393
9880104
11820770
17534758
11239019
62754465
19435405
26223728
35186145
8665741
64631541
57452580
23901241
30424340
11993721
61050969
51644470
9711299
53666385
13387196
35215857
39905541
37276366
97252051
28243054
10107954
10195042
10441189
44506640
29084993
26002200
59118085
5242105
57263283
71730402
56126486
17554537
19751711
66062529
10916720
26322579
20154900
20841065
80144960
12476396
14185440
42721259
43915879
49552400
33046407
11209953
27597060
30690236
67435929
12399171
16485901
15122310
18439330
35961317
45319149
80306625
53471824
7312070
80306625
28286870
52211040
9487126
62349651
35966385
14541085
9202195
43455056
77088050
114417100
57333231
20291565
35917375
37865730
100342605
59697149
9044685
70234065
40731621
13321386
22182090
8589425
29898747
27717633
31975402
36386425
33453465
10831431
16485901
29700420
55516965
81547186
38894141
25183494
17711969
7087158
11986760
35211540
6933705
25277784
23714514
5043027
6793688
30495129
21858810
29898747
4857325
41905809
16485901
28286870
57292371
40868739
116774900
27718425
40158795
7167573
22326345
19751711
19457737
85302675
6793688
51372497
57040696
14568087
21280640
5874396
42705076
83258182
41876640
10876411
35039280
15531750
51391970
10205800
17066805
19399366
21280640
49265744
21243191
45640752
22182090
43882250
10195042
46899481
13387196
9862310
14328181
54057425
20712700
37588915
53726760
14185440
33434360
21550690
24475211
7087158
63996485
8468056
7423050
54886809
29962855
20738841
42705076
36673920
34344660
8088912
19607150
67709785
35211540
53676779
15911925
8332800
15038169
26322579
12333399
10195042
17945486
52822925
44900430
15829500
41106136
36673920
23046200
32400025
6793688
23046200
23674455
43761188
16588145
10023273
45785421
48552112
14970683
9188256
57333231
51582545
38894141
16475040
45185580
46335081
28243054
24952195
11284330
16772795
34253555
30690236
47922915
50269230
35165137
58648005
24318993
34235416
38894141
13252608
12834360
53235111
23003757
78508746
16935417
63996485
9188256
32471967
33492220
11820770
12834496
51792736
5242105
52822925
100342605
22326345
7087158
17971873
33283725
22164337
66581909
55311325
16432591
66062529
26950931
25594635
10107954
50269230
13904737
21879417
5452578
9105896
7438865
81547186
39537837
5492071
45890565
74060400
31906920
9202195
73504494
93177501
17534758
62766663
8076897
12401880
35211540
36715096
15657705
23903900
12716821
8954808
23041698
32239755
27014105
52600375
6933705
33389875
51665658
5890518
23714514
77088050
9787934
15413065
17945486
86933280
37900473
40201656
35016511
53666385
29700420
19607150
40091880
4673125
28295504
35165137
31446333
9008363
26918440
9202195
58663792
10831431
19221615
20154900
33283725
41856495
37588915
23041698
43331781
80144960
24952195
8390925
9862310
25502281
8911877
31830180
41876640
21846088
43882250
21036873
12033812
36162625
62610416
19607150
18075954
26322579
15122310
33306031
17478396
36162625
20325070
40158795
7499601
16935417
24606504
62610416
17725175
45640752
20325070
64032465
69123043
54670394
53471824
44835468
9636081
11463946
32400025
37158875
52211040
28987960
5242105
17198181
63903616
24116652
11205060
52822925
45596440
86933280
85608787
13108069
21846088
27597060
6662079
6555516
51081345
83741989
45927484
51792736
17971873
30495129
37865730
30495129
43915879
29898747
66336000
45785421
18762905
17198181
7438865
105574352
10023273
21258216
60464781
6933705
30690236
67037950
32846065
7605676
34183825
19149377
9044685
11660160
10436206
6662201
48035472
13507221
47037380
38174175
8390925
39128727
6262315
24606504
18943951
27695731
9711299
56905477
26250920
19399366
18476536
8002421
40091880
26950931
85608787
5049198
47922915
8753875
15518421
35016511
7438865
78508746
21879417
73504494
17198181
20654161
30783511
7605676
31216745
42924610
52600375
24490949
29009456
45185580
25183494
17618385
62766663
15531750
12939052
10105514
68618550
10876411
22447300
9775544
10775853
10066105
52531290
12556270
66336000
7039180
34183825
9487126
37865730
63221691
26002200
59959712
8002421
14762545
8166223
33283725
23674455
58663792
13823692
22548281
34253555
10205800
10058037
64997800
77958707
31216745
29784573
51582545
34235416
22326345
13871454
28738222
49162950
49688736
12033812
21337113
15940186
18214469
16118473
20387731
54886809
27051269
15623811
7282200
22447300
15038169
41876640
64032465
49265744
35211540
16475040
16661841
18169627
68618550
13679776
26394753
34253555
45640752
56258050
31830180
5043027
14795540
6514280
36950102
17554537
43331781
43331781
22447300
33866397
48960969
29972855
66693200
15073920
19192090
53726760
15531750
15829500
41236696
45640752
27051269
49162950
47641696
21604401
8017352
31159810
17711969
8088912
45941670
16449245
36924381
57808127
29861450
16588145
45596440
76569628
9711299
