9657
2739
6153
9915
4745
4748
2771
993
6184
1405
4659
2046
4815
997
7656
2003
9481
8963
7737
14226
9753
2013
1431
5619
9675
6185
949
1474
2721
4726
3675
6043
2023
11988
3581
999
2017
14397
7582
1415
14074
1421
4787
1429
9363
997
1411
2763
7701
3377
6072
2778
14722
12033
2046
9435
1421
4542
4745
7717
9688
2009
11966
2021
7768
1447
3584
6204
9659
11945
1995
1995
3589
14756
6131
6011
1995
15051
11849
1003
11792
2786
7620
1401
2743
11919
1455
14359
2784
1431
3682
7691
7709
11838
991
14504
2015
6030
3485
4761
3485
11518
4846
1961
1005
9701
3682
14866
4777
2691
2027
4717
11934
979
7820
7815
7822
7540
997
6099
14505
11881
7884
2013
1005
2691
3633
4739
1435
991
13244
11084
11672
3619
2745
1961
1979
11818
13560
6111
1423
7616
2737
4872
4838
3621
993
7634
4735
9520
1971
9543
1957
6359
2838
14709
6228
1429
5909
997
1969
1427
3575
1439
14583
991
11997
11728
11895
2699
985
975
1421
9606
9595
1415
7672
2035
2745
4840
14359
4815
14258
2697
4569
14782
9725
9915
5921
2753
12035
985
9775
9868
1939
3590
9691
9714
11728
12185
1001
7892
4765
12190
2017
1457
1447
11992
7787
1032
6041
1430
1001
3718
3675
983
7713
4569
12007
4847
1411
3654
6091
949
1975
3609
2721
2023
4747
2721
2013
7560
14538
2575
9572
1472
4862
9778
999
14454
7751
7813
993
4768
11681
7803
987
2733
3607
2605
1476
9783
3702
1427
2637
997
3669
3599
997
9750
14774
987
979
2001
1981
3659
2049
999
6194
991
5745
6252
6145
947
3482
6194
11907
11852
995
9694
6061
14492
1989
6211
3621
12096
3675
9721
3607
5999
1433
14659
1007
7595
7640
12020
7424
1409
1431
4809
9744
1983
11597
6264
985
7590
11909
11881
997
14806
2046
4795
2743
3681
2713
2667
4803
2721
14824
7354
4804
9621
5903
3627
6177
6226
7354
14289
12042
6097
4421
2731
6161
9461
12069
6741
6147
1973
6048
1005
11242
6055
987
1985
14967
1431
5964
7587
1445
11062
3682
2743
975
1437
2371
9780
12005
12047
1427
14156
1433
7495
4864
981
9666
1451
3605
1943
2842
3623
7579
4813
3569
11665
1429
6034
1996
1447
2017
11714
1445
2761
4453
3675
9570
11841
6135
3607
2713
2058
14455
9645
4698
6096
9345
3663
11826
12098
3645
2727
11700
2731
2011
1429
993
4783
10515
3565
1413
14383
1415
9141
2011
1431
7751
13879
3568
4862
6089
2780
2009
7733
1003
983
4771
7682
7817
1453
1005
4803
9842
7591
2763
961
2713
2719
9755
11549
2707
2838
1453
1447
4689
3669
14869
3659
9484
2013
7308
14735
1437
2757
4792
6118
6103
1439
1003
1979
11934
1003
14486
1969
14014
9915
7751
993
7666
1959
3635
4781
993
2697
13986
9818
7848
14156
1441
7747
961
3684
3485
7866
9807
7898
9626
3687
1999
2757
6044
2003
9593
2778
1433
2784
4725
4665
6135
4625
4583
14788
985
2049
1441
11933
1417
9766
11785
1439
7784
9734
2731
5958
14755
1445
12134
3597
985
14605
3588
12092
11862
7822
2745
9606
999
12022
3355
7835
7853
11799
1433
3581
4795
1005
2594
14542
11826
11938
981
14877
14590
11669
6227
7696
3663
6193
11999
2699
3571
1001
4753
3575
9816
2719
9464
14018
2783
7751
1007
989
997
3645
983
9639
7637
12014
14124
6176
1983
14693
12035
999
14838
4762
12024
9125
2766
12165
7288
4801
9496
7287
7860
5972
1451
9681
3633
2659
4872
14643
1451
14680
2745
6019
997
985
11296
7728
3605
2730
11811
997
1427
1451
1451
2699
2751
6029
1439
2017
11741
7677
5822
11863
1433
14274
4685
4810
990
9506
1001
9369
12005
9802
9478
11643
9612
9141
6254
11908
7563
9773
6153
1421
9166
1429
9473
12050
1301
6087
2753
4675
1877
1449
2003
4692
9678
4770
6264
1005
11826
1383
1996
1451
7851
14805
5427
975
2757
3628
3557
3561
6044
2044
1375
7669
2780
9754
1443
1375
7836
7848
14764
2707
4759
7781
14806
7785
14850
14746
14983
1431
6093
9512
2751
9637
3599
14699
3645
9645
6072
3657
12024
2772
14896
3682
3592
7908
2713
7840
2716
9771
14653
2742
2761
2056
9627
6158
7748
14049
10459
4724
3612
1427
14837
7474
4571
11937
2778
14646
1411
12084
3606
991
11890
1438
7781
2715
3691
6079
3565
3661
14457
1421
7572
2677
997
12077
4820
12071
4761
993
3595
14888
6142
6246
11993
4878
14238
4825
1457
11868
983
9434
5967
4669
4850
2715
1407
2703
1437
14846
2013
1427
949
7820
1411
2677
1997
4824
3732
7827
14001
6371
14780
4695
1451
3535
11685
5634
9611
9440
3621
11883
11608
3752
7777
4743
11589
6078
1472
2685
11789
3671
2747
2017
6215
2836
4830
4753
2003
4822
2703
7580
2011
14931
4498
3667
7870
6057
13592
1445
1453
2027
997
6117
2001
999
3685
14824
1417
3489
997
14445
3597
995
2029
9738
5929
7948
14501
1431
1026
991
5849
1430
4794
2713
14949
1973
9650
11754
973
14706
1431
1893
6209
2687
6242
13646
2651
7395
1470
1407
4829
995
1459
6218
9707
997
2009
2004
9492
1337
14560
7827
4787
6047
2614
990
991
2035
2017
1005
6158
4535
9665
2771
7590
7679
9566
1903
11983
2741
12039
5995
3603
12225
4809
7880
4815
11915
6252
3655
9627
3669
2625
985
2009
4874
7739
14300
2042
2739
2780
9321
11816
2685
1971
2013
11694
9921
14461
14434
4834
9824
2029
4685
12066
2023
997
7621
11682
3655
1939
1437
2017
9726
3629
1411
2017
3567
12209
9678
1421
4827
6105
9622
14838
11860
7691
4669
4671
2023
1997
2685
6218
1403
2743
5829
7841
2769
1441
1439
7490
2749
979
9063
11685
3596
7844
2781
7850
991
1381
12120
1445
3714
2701
7813
1411
11937
2703
4849
7771
8025
6188
3605
15015
6238
993
4765
985
1001
13512
11863
5768
979
2771
2015
13712
2023
991
1431
2003
2001
4789
2725
1994
4795
6195
999
9494
12053
2023
2697
7721
997
6037
1999
9442
2645
2751
7908
4771
9785
1987
14428
2739
2695
1967
4767
1971
3681
2015
14615
7725
1427
4565
5916
2759
1433
5997
981
1431
2047
12241
4691
9269
4655
3680
12095
1411
3563
2719
14523
2737
4822
11965
1979
3621
9666
3581
9240
14194
2763
1435
1427
7857
7829
3623
1443
4755
9805
993
7761
7793
11879
7731
993
1436
4743
6054
9786
4868
3683
1443
13956
1005
987
4820
2699
6073
7680
2735
979
1451
6079
1470
3570
993
6194
14048
6000
1468
3656
6185
9229
4791
1999
993
14791
1299
14493
2753
1995
945
999
14530
5987
14377
991
9621
7708
2625
7611
2772
10850
1433
6058
3609
14537
9745
1915
14624
4519
3610
6164
11769
9587
991
6103
3677
4678
2731
4501
5891
2029
4586
2786
4665
983
6192
993
6065
4801
9813
975
9182
1435
4701
7757
9629
4777
9629
2769
1001
6109
14421
8976
4702
14939
4690
1993
9777
4820
1377
7363
14905
12243
12192
3675
2011
2755
1975
6170
9645
3641
1445
1445
7785
7322
1431
7753
7482
3451
2731
14469
2745
1453
993
2751
1431
9514
9446
12128
983
12152
12012
9443
6015
14859
4705
2011
2745
7862
3615
2772
991
997
5502
2703
5602
6161
1445
4395
1445
9468
11949
2003
2772
1443
1447
2685
6082
7864
2711
2757
9828
3698
4625
6108
4799
7277
1445
1445
3632
14818
2788
14433
6157
997
9762
7270
8970
4414
1423
4777
4641
6063
2023
11979
9629
4792
2029
6181
7742
945
5993
9568
6125
11248
9318
3677
4757
3692
7876
14411
9758
7869
4799
1975
1451
7727
990
14796
7765
2023
4814
7647
5976
14654
6165
1005
9770
9396
2727
1441
11841
2731
13986
2031
4713
2727
3681
2635
9599
9427
7870
4689
2017
7553
7315
7836
7773
11783
4660
7739
14773
9479
4769
2023
4685
991
1999
1989
2005
1447
14460
12094
11970
9615
983
4814
983
4709
3605
7874
3654
7866
4799
2047
7586
1439
2729
7834
7785
12028
12072
1003
2776
1367
9612
9489
7655
11357
6094
2015
1993
4904
2775
9661
14254
1419
14824
1367
12174
6158
4753
7668
9757
3471
14804
1439
4697
2699
6351
3682
14564
2040
7632
3612
9645
1441
1439
1437
14908
1969
13971
2771
14339
2030
3689
3663
9549
9585
7815
12108
4785
3614
9801
7763
7781
2749
14765
7619
2017
1439
2702
14740
11991
6183
3660
1961
3689
1439
7878
1433
3655
1445
14389
2751
14651
6094
1441
3675
9685
4733
997
6108
7805
7656
9746
7874
7860
2778
2009
3425
1439
991
3655
2609
7866
14820
1443
2023
12085
7746
983
1423
6162
14086
2695
11928
999
9854
14741
3704
1005
7797
11959
3619
1971
985
990
2755
5950
14566
1443
4866
1005
993
9755
3619
9775
1443
997
2754
14890
1907
7610
1417
991
7847
1995
2737
1431
2713
9545
7635
6165
4824
9836
6091
11979
6195
1415
1427
1438
2029
14657
2706
11817
9556
7633
6087
2699
9265
7715
4880
991
9832
3479
2790
1998
7651
7603
990
3565
1994
1993
2023
14279
6194
9683
4711
6176
3603
7794
3683
5832
2667
2602
4685
4759
1421
4701
14891
1451
1821
7665
2759
3597
2005
6103
14296
1413
1427
6102
6167
2017
14399
2029
7838
6090
14452
14595
2501
4677
993
987
2025
3633
2733
6009
12042
14850
14549
9090
1439
7574
12026
12251
7673
9413
2003
4850
999
2751
3592
4787
6149
4809
3685
985
12130
9785
1001
12001
14727
1991
7125
11078
6220
2031
7463
3630
2038
2763
14452
7655
3676
9828
9598
9609
9456
8009
1451
2687
7771
14457
999
1431
7424
1451
4872
14489
4743
2751
6148
1431
7672
14947
1007
9930
9616
1451
13810
2019
4697
2768
14901
11918
9791
1443
997
11972
1005
6218
985
1441
1411
4834
11569
2733
14665
4796
4491
2027
9653
4697
2003
985
4825
1415
987
4501
14529
10086
12057
14753
1427
991
5999
11443
1445
2757
14338
1439
3696
985
2703
2777
6039
6031
1001
3602
13294
5931
6155
2003
9771
11392
983
11939
999
6163
979
3708
3661
7878
1367
14488
14388
14836
3641
14388
9412
7775
7686
7607
14775
9594
9826
2021
3722
2704
7747
14646
12017
1977
7794
2005
3653
9779
14918
6143
14757
2727
7687
7657
3335
981
1983
7817
1413
4767
7805
12083
7739
6068
4840
11792
9311
9601
8716
3681
985
2583
991
9453
9749
3675
1975
3472
2015
6242
11945
4791
4705
14768
2727
14830
2703
7673
4721
7679
1425
6008
993
993
9836
2840
9593
14262
3619
4828
3621
1999
12150
6025
3563
1437
14975
9540
13540
2707
1445
2745
7797
2025
7445
11779
1451
11724
3659
6139
2719
4531
4733
11809
4654
11683
2723
2757
6153
12005
14929
1005
3708
14766
11590
9655
13771
7759
14118
4816
9885
11971
1001
6143
10902
7444
4775
14240
3665
985
4657
14524
14467
14436
4754
11902
2011
4864
999
14441
3630
2019
4807
1423
2023
7827
12064
4599
7643
14456
14482
1821
4785
9498
2517
4743
2007
7860
11831
1445
2691
7731
9237
14545
1407
2029
7751
3654
13853
1991
11865
1437
6174
4629
7630
1421
993
979
13637
6046
14628
2719
3608
2044
1983
4717
2015
2015
6081
5888
9764
4888
9677
11836
7825
7817
1405
981
14070
6047
985
1909
11748
2009
7781
14628
7722
9785
9509
10005
1005
14289
4758
6177
1429
11715
7223
1411
14712
4807
14584
13682
4727
1417
1032
2721
5931
2725
3675
999
2759
1429
2003
1907
11236
14809
3762
6003
985
2015
14774
3602
3627
1937
3623
12131
1423
5973
2029
7839
14051
2766
7787
985
7850
12005
12042
4737
9635
7769
1971
990
981
993
1433
3681
14450
6127
1445
7866
985
7708
14429
8712
981
2768
11737
983
11595
2737
1987
2031
9695
1973
4797
2005
2763
6117
2723
13998
2761
6149
1973
9692
3611
957
7808
7836
9810
7864
12080
993
1981
14695
1999
999
9848
7733
1441
7733
9674
4299
14726
2747
3675
7808
3701
6053
2011
14534
1445
11479
4711
7330
1457
9310
1001
4776
5819
7775
2023
1427
2705
1447
6181
14703
1991
6197
2040
14498
9615
6003
7757
2731
7845
1474
14425
1453
6117
985
2017
999
2003
1429
2737
2029
9591
9818
7816
12134
4679
2691
7712
9721
14468
5902
13639
12054
2719
9249
6163
12207
6146
5748
4771
11907
14400
7452
6009
1905
2693
14913
14454
9717
7404
12108
11261
6178
3613
12156
7846
2735
2765
4801
997
2046
7694
1425
11693
11441
6121
4757
9673
7725
1445
3712
3627
11997
1445
1985
1991
2786
1423
3677
2718
7838
14874
9672
1439
1897
5994
999
1431
9771
7593
987
5858
9718
4759
5991
1439
14826
2713
991
1985
1421
14517
9725
1437
2052
4795
9563
5987
1007
14580
2731
11830
3613
1993
14778
4666
1971
1026
7682
2035
6236
1453
12081
2707
2708
6167
14118
14326
11799
993
7626
3633
13912
9503
7574
7769
4756
3621
7756
991
3756
3451
1969
11925
2739
11995
2054
9631
4793
1007
1433
14355
13708
6071
1429
14468
3665
1419
3641
2749
11999
9761
993
7882
2019
2702
11957
1459
12156
14497
5925
2015
2667
11866
11811
2019
983
7709
7853
5645
907
1417
7880
11736
1993
11442
6135
1971
4756
3720
4884
7758
7259
12103
3631
11907
2015
7728
7765
11420
987
9599
3644
4820
2679
1987
2717
9488
2029
2011
6141
1987
14844
11925
6165
1989
993
14326
3667
9610
1445
9656
14538
2707
2015
4781
14631
4807
14394
14447
14679
4769
11603
2709
1989
6192
7709
14439
6290
2733
14223
11363
1427
14732
1005
3681
2739
6152
4763
1393
2712
3670
12098
3589
3582
1415
1995
4789
1445
3633
7698
6005
4799
7576
2737
3669
999
14480
6242
4852
9629
985
2745
3667
3525
14332
7755
3606
6185
14768
2780
1005
7734
11977
2003
4655
1431
1451
4685
1468
4795
11650
4828
1975
997
991
2751
11937
1437
7773
3595
2003
7294
1407
4803
7637
4773
3696
1003
4623
4705
9492
9675
6105
1419
11738
981
4770
11875
12174
11964
11948
7601
6004
14385
6194
981
6079
2003
1977
3764
997
12069
1415
993
6176
14545
2023
1445
14404
6191
2729
1472
12067
14890
11591
14734
2017
9657
9543
14842
12208
3669
2029
11734
14845
7822
6035
1427
7833
14730
14401
3547
1005
9691
7829
7805
3669
1429
4761
6087
1421
7814
9306
12094
2021
4580
4805
7752
983
979
3673
11754
2739
3663
4714
2697
7981
6191
1443
1431
4725
7811
14492
6129
14831
3643
12130
3681
4709
14263
4645
14321
3649
983
991
3694
4793
3555
14474
2731
7924
2669
5912
2767
2708
4814
5997
2719
2569
4668
1377
4745
6204
12095
1415
990
14644
2704
1998
14231
12077
12162
6339
4774
4706
6014
3571
2606
5742
2751
3435
951
1409
4441
11557
8015
11810
997
4755
9584
2757
993
1993
4542
4647
9714
4751
1957
1983
2754
4813
1441
3700
1468
1419
7417
1423
7563
10002
2743
7607
14896
1411
2696
1409
1982
6151
2723
1005
1427
1429
7576
6145
5757
11713
7938
1447
981
3585
1001
6032
6075
6792
2001
11847
5879
2009
1472
1457
4823
1451
9687
3657
6167
3675
987
4807
14389
7823
9825
2689
1443
4350
1445
9526
4723
1983
11795
7824
2569
14756
14144
1421
4796
6163
1443
2029
987
10686
9704
9346
1977
12020
7645
7437
993
3679
4747
6178
9587
6204
3681
2003
990
1007
6092
3667
997
1993
7876
6183
6226
9537
15041
3678
2719
3585
1983
12045
6196
14520
3720
4763
2715
1449
11647
7741
1447
1425
9806
3271
1427
5951
987
6054
2782
9511
7804
3660
6155
1431
999
2769
7723
14871
14742
6163
1017
14436
3646
4874
1423
7879
3663
11852
6021
1005
9401
7588
9838
7590
4886
6039
1431
983
7426
4735
4808
2772
9701
12117
7286
3451
14670
14804
4739
2023
2711
6078
991
9724
11937
2719
3694
7747
9412
7694
6177
1969
9906
1899
987
14282
7805
7757
9772
985
2751
14565
2675
9867
7164
9745
6055
14406
1466
983
14505
7806
6109
981
1005
11618
2013
9665
6137
7450
1945
3623
1445
2745
7686
12003
1005
7763
6078
3631
11850
2745
9725
9580
2739
3685
1005
8910
4841
2005
4822
2737
14345
2015
3639
6052
11657
9726
4706
14420
11876
1997
11847
1443
2745
14461
4819
993
9775
12245
9794
1005
12094
1466
9709
1433
2023
3611
1007
13786
1437
4645
7746
2745
4764
4820
2701
14856
991
3669
4818
1443
14086
4805
999
2699
7747
2745
3690
991
14834
2015
1003
4690
4642
9748
1987
1959
3696
2029
2745
2044
1437
4769
9648
3683
9665
4795
12101
11835
993
943
11698
2693
7689
2699
7726
2031
1468
14663
1959
1453
3709
9679
7697
4829
9602
4467
3597
4560
9644
4831
6141
993
3720
3470
12015
1443
3681
983
3661
1003
14729
3699
9897
1451
9765
11941
11692
1449
981
4645
10794
9797
1005
9779
2745
990
4706
4807
3419
4579
14708
4779
1005
9463
3635
1431
2774
6105
2729
2657
14417
9554
2009
11786
6100
6069
1443
2569
3594
7649
5974
3625
9308
2003
1005
12115
14206
985
14595
2721
7751
6033
7753
993
2609
3667
3687
7728
1017
2737
2703
7742
2687
1003
14402
14700
1445
6179
3579
7784
4453
2673
6005
4403
2715
2017
4793
9476
9644
6280
1423
9669
12007
9836
7785
3700
3598
6046
3539
991
979
1443
990
990
11674
991
991
9305
3635
1417
3645
3591
1357
1417
1005
4805
14219
14547
9608
9514
1367
14309
4769
4675
4619
11908
4777
6159
5840
7742
1443
6168
14545
1973
1433
2647
6216
5867
4769
987
11787
4818
2031
11781
6184
2774
983
6011
2621
11694
7633
2765
13574
4886
1431
4545
2009
1987
4819
985
1451
1005
3599
7407
14247
3714
9506
1975
4840
1989
3597
6895
1437
2745
7676
1445
14550
3619
2772
9759
3691
7797
2759
6264
1433
15099
12168
3629
4778
7686
6149
2044
4870
1421
12111
12287
11366
4898
989
5982
1429
2715
985
2017
2029
985
9729
2757
2699
2009
11941
3689
1441
2017
4785
2013
6262
3611
1990
7822
4649
1439
6194
1423
14590
4770
14488
4767
4735
2003
2058
2729
1003
1409
7791
2009
2017
11952
9846
2029
4395
11766
12091
12058
6127
14144
4795
3742
14798
1439
9633
4775
12128
985
12257
7699
1415
3639
12159
2743
9604
1995
2019
9788
4802
14738
7350
9439
1409
2029
14476
6074
14140
993
2727
9252
3625
1445
2737
2771
2705
1007
7822
9396
6140
9517
1431
6159
14044
6195
2703
7727
9573
6143
1001
3623
3679
14755
1003
2699
2023
7537
11964
6181
1005
1433
7780
11722
11788
14464
2751
1997
12017
3627
1441
2009
4856
1417
3619
1007
11639
1423
14596
3694
2737
6163
1001
11690
4777
2717
11893
4769
7663
14692
3687
9582
2046
1999
7733
7757
1975
7783
1439
7453
3577
14555
11592
11921
1007
9375
4745
1991
11832
4771
6031
14881
5948
7723
7908
1935
983
1969
7721
7733
4694
2577
1445
3692
3649
1995
3551
1427
4754
2759
6135
6127
6129
4803
11824
7892
3619
9721
1001
3694
11836
7820
2721
6001
11800
2669
3650
3688
6038
1421
9746
6025
7469
4805
6170
9657
987
6179
949
7598
997
2741
3570
11871
3656
6133
3473
2027
7886
9452
7643
993
4727
14782
985
1005
4816
14585
2671
9448
6160
2687
4749
11508
12006
12162
2757
1447
1443
9700
9370
2647
14655
6017
11807
2023
11670
6155
1438
5987
2003
2694
9789
6073
7806
3629
6256
4878
1439
2778
6127
5901
11821
11745
6151
4772
6075
4752
3683
1005
2019
11959
2042
2767
7473
2779
11918
7822
2017
7560
2729
3613
2705
3619
4783
1411
11998
993
5921
6058
9774
7779
3575
3608
2704
2695
2699
1435
5974
3593
4727
3580
12010
2755
7829
12062
4743
4701
2737
2713
9501
3649
6149
4813
5499
11855
1377
11704
4484
7890
12250
7664
1411
4805
6196
14595
1005
1007
14675
1899
1409
11945
14488
14644
1403
1030
4590
3675
2725
12185
991
997
2751
14716
4809
9647
1421
9491
9926
3615
2009
1441
2007
3752
991
2745
14589
9764
7468
4816
2719
4763
12114
1032
7800
1431
4693
7779
2019
14716
3715
4773
12089
1969
3641
7779
3661
9615
14330
7704
991
12069
4809
11818
11583
11682
1411
4737
1007
11996
4816
14726
14766
14708
14360
2756
2739
2745
6196
9617
1017
1439
2050
4862
3679
9280
7808
1423
2717
3699
1431
981
14430
11878
9438
1423
6163
7902
2673
2701
1431
12080
6199
6143
11552
1933
2017
2737
12060
2011
981
12123
11804
1415
14440
1445
14749
2005
2046
9761
11758
9389
9663
11847
4717
4517
12077
2009
4548
14800
6025
9730
3641
6176
3603
2029
9816
3675
7702
3406
2714
9790
14792
991
4737
2571
11864
11725
11984
999
4337
9634
6076
993
3653
14310
9754
3436
2741
15057
6161
9506
2707
9777
14387
2003
14595
4689
11805
7442
2751
2625
12171
9495
3663
7827
14474
7884
11580
9653
4816
14227
3661
14667
14455
12233
2766
4827
11610
3665
3615
7841
14305
1007
7874
9381
9495
4703
1453
12014
11584
6201
3700
3377
9709
3625
7920
1003
2046
3687
1977
13404
8520
2751
4817
14622
3667
7742
9545
993
2009
991
1903
2017
3657
12060
2011
7671
2038
983
1005
1985
999
12022
7833
3700
981
2690
2757
4712
3503
1939
7930
2757
2699
12053
7784
4791
1415
3511
6025
993
2737
3603
7735
7821
1959
12177
4787
2023
3563
12072
2713
14599
9702
4767
6068
7856
3605
6157
12055
2772
7603
3609
14736
3585
3596
1451
12042
12299
14624
3677
11883
14617
9819
4782
1897
3591
9746
3690
7803
14728
990
7910
1441
2729
1959
3710
2745
5923
6048
4647
4777
2685
4775
1472
13910
3647
1007
1403
6153
1453
3596
2747
14583
6201
3661
1975
4747
4677
7570
14534
7690
14492
1439
2725
1445
7656
2683
7784
14509
14397
1433
2745
7848
14162
4793
6055
14699
1409
7598
7596
7408
12132
6024
4809
3675
11852
4755
2017
1001
11982
2021
6133
3599
2713
14695
1427
3680
3721
999
7614
11986
6048
3675
979
3615
1443
9733
6141
2687
3677
1431
1476
2751
4661
4652
5996
2715
6076
3655
7393
1439
4699
2000
7591
7868
12388
1897
9658
2749
6181
2703
14682
4810
9836
3596
3690
12066
11544
1439
6019
6015
7695
3579
1973
6044
1989
2769
2753
2739
14538
6083
1445
1907
1990
2804
1451
14230
4709
2024
2751
2763
11952
6047
997
1445
14566
9776
7798
14802
999
14733
3689
1992
2711
4793
11749
4801
1007
12064
7686
12170
997
2685
999
1997
14757
9470
7818
4870
9711
6128
9882
7604
13454
2701
1415
11985
2769
3663
6188
2015
1990
5927
3588
1439
12159
4643
2040
7583
1993
9744
3639
4817
2751
2058
1007
11922
6192
11880
1363
13166
993
7582
9696
1977
4668
2007
6192
7803
9788
2739
2029
6189
11667
1443
5871
1003
3746
3675
14680
7790
9730
2601
14836
2765
3591
1425
3615
1417
979
4787
6103
12144
5998
9500
9840
973
3643
11787
1413
4775
7526
4735
9541
7749
1423
7728
11612
3621
11443
2753
14876
997
5757
9824
1407
6189
1433
9521
1447
2023
1445
1317
1991
14587
7803
9480
2005
7825
4664
949
11364
6168
7776
9478
2048
3365
4807
11913
9327
6063
2701
4737
7838
14754
3625
11221
1453
9739
1411
9553
7235
14580
1435
2737
6099
7829
2703
6101
9435
2025
3702
12146
2019
9621
12120
4720
6254
987
4715
6234
2011
1453
1445
1429
7433
12065
6047
1427
1437
4808
11940
7689
11771
1969
4727
993
1005
1425
11867
9725
1431
5881
2031
1433
2731
14518
1975
2691
1981
7832
2751
9881
2754
11296
11769
4802
7852
957
2025
11377
4789
2011
14259
14467
14647
7571
979
14505
2784
991
11897
7854
14322
4735
4699
9378
12090
6073
7678
4846
14670
2737
9937
2697
11764
985
4735
993
1987
14841
3633
2757
7866
4695
4765
997
2743
2725
2029
1441
9398
7143
6167
4556
2015
6167
9770
14469
14930
6210
997
969
997
2781
9775
11808
3661
3667
997
4285
12241
3581
9739
12020
4649
1443
2699
2042
5841
4763
12045
4643
997
6057
2019
6164
2771
7801
11809
14267
999
3657
5946
7584
4753
7859
7655
3451
2753
981
2733
4799
997
4741
1435
2021
2749
3613
4361
7850
1425
9895
1401
7499
6091
9466
987
1981
4717
999
6109
4709
4738
1985
7820
3663
2763
1451
3649
12115
3505
991
12049
997
9711
2025
9589
7747
4814
3742
1979
2689
1411
9809
985
14818
1001
3629
2761
2047
9582
3694
7698
3687
4656
7765
993
12107
997
4721
6054
1431
2005
1003
2751
4808
6117
4727
2778
11982
1981
14714
14490
7543
14616
2697
6204
2784
12108
11790
12107
6191
4876
2699
1359
3667
1401
6094
9765
3447
14119
9308
3671
4703
2713
4810
3683
2009
1367
1472
4755
9727
990
2017
1443
6036
1007
2011
3682
1447
2029
2001
1003
4710
981
3688
14192
1433
9165
1907
2647
999
2725
3603
1003
9754
3704
11977
14770
11957
5955
4635
6165
1439
2699
9733
2017
997
2751
14509
4705
1431
11953
1983
1417
7278
1405
3690
3667
9586
14814
9723
2765
979
14838
945
14274
2017
997
993
2713
11708
14800
2025
4707
1441
3599
4795
3445
9605
6134
6046
7825
14642
2048
7863
3605
999
995
2715
991
5991
7682
7818
1431
3641
1423
2025
2621
6063
4787
12057
9705
7732
6093
1991
4868
9550
4746
7838
2017
14725
2723
7706
1365
1470
1439
1427
9634
14838
1001
3660
4781
1001
4807
991
1409
7691
7622
999
2723
2023
6081
9549
4719
2021
2750
2733
11955
11991
7852
1411
2731
4793
2739
5993
1474
2737
4647
11847
7581
7428
4767
9935
7371
2029
1445
4793
3698
14739
4812
14637
11482
9500
7892
9699
1007
1971
7755
12068
7754
1443
7691
4542
6262
4830
6104
11550
1889
4765
14193
1468
7728
2579
14701
1895
2757
995
9531
3651
6206
6059
9713
1421
14729
3615
9821
6113
4727
9772
1409
4727
9892
1437
3646
9723
2717
3609
2745
14863
1981
3599
2647
4719
9637
2687
7570
2706
4721
4583
6149
14168
4706
981
11846
6107
2782
3591
1431
3643
6044
11787
4805
991
1967
9729
7777
2023
12013
985
1439
3597
3639
6185
2765
979
1443
4761
1995
4762
1451
2659
1417
4737
7820
6025
9810
4484
6149
1001
14659
4646
9748
11869
7896
14555
1005
11258
14130
1451
4684
2753
1993
14766
3337
1975
9725
1429
7827
3654
3641
11340
4756
4732
12134
6143
4671
2731
12021
2002
6174
4846
11727
1451
1417
4810
1439
6115
7759
7878
2713
7799
11945
12118
2836
9699
6026
955
2694
9788
2701
4621
2766
7479
4700
9466
1421
6911
7564
2003
1001
9753
7651
11909
4838
2005
7753
1443
2739
7655
11396
9725
1439
12091
12233
7004
9804
12173
1431
14222
4561
2729
2009
11900
983
1445
9660
3655
11800
1030
6142
3583
3675
2009
11337
2741
2757
985
4657
3661
1997
6075
9596
7757
6089
1439
991
1433
11628
1427
2002
1005
11815
2729
11679
979
7611
993
993
12263
12150
7590
14664
4817
4527
12035
5987
7798
2715
12120
1005
12017
4814
12130
3581
4739
6182
12127
2737
2035
3545
7892
5817
14683
6159
9748
2017
7874
4816
7781
7822
6123
6176
1353
4795
3667
12176
3653
2675
991
6168
9318
997
12107
2687
7614
14516
14336
9489
4793
7749
6107
1431
999
2675
11838
1417
11991
3621
2607
2019
2708
6202
1975
11866
3611
2693
991
4453
3689
14646
14552
12014
1437
1965
12996
1437
14474
14811
3543
6058
14838
1983
9669
4789
14849
7820
985
12144
7321
7815
11516
1927
1983
997
7609
7551
14732
7515
989
12023
1431
2745
999
14743
1973
7595
4765
6074
3557
6026
1439
3625
4696
2007
981
3653
12030
1451
4801
9634
4779
987
979
3645
6088
14939
4810
6165
1026
999
2725
3732
4760
4755
1973
1415
981
999
4768
4707
7844
2715
999
9768
4677
3675
999
11913
991
4763
7802
2046
3631
4731
4702
4841
6051
3677
1007
2719
14634
9519
2050
4749
2745
3590
14433
11969
3675
14560
7270
9632
11668
12075
12132
2725
14361
7849
6220
2003
997
2727
7639
1439
5804
1905
14811
2005
9643
2698
7635
979
3629
7773
2601
2715
6157
1429
7605
1927
6163
11952
999
1929
9717
4534
12054
3698
4831
3623
6131
1957
9567
7661
11744
9840
2029
14778
3673
4661
3663
1445
3654
1431
3697
1999
7404
7740
6162
14120
12053
6093
973
9410
11616
1443
12086
3479
6038
9693
3661
13400
7584
7793
8930
1375
3597
3569
14765
9432
5879
7574
6151
3645
3644
4795
2005
14712
3682
12128
1975
1433
1423
6197
2703
7774
6126
7844
11872
11740
5986
1421
3606
11981
985
2058
4759
6244
3682
999
7555
14567
3661
1967
997
4747
2707
9610
987
4834
987
2679
1453
3605
1417
6177
9595
2021
2025
14768
9858
3641
997
3572
4783
7613
2711
14629
1007
6130
2689
1429
11613
14834
7860
8498
5898
4776
11927
4834
1468
2771
1437
997
1447
2003
4818
1435
9606
14536
1409
1999
11320
14688
6062
9470
7756
2708
7713
14783
6053
991
2603
2009
991
951
7664
1929
14286
1007
7201
3673
3677
1005
14949
1026
4798
4642
2614
2003
2741
4721
11710
7743
14664
2701
13666
4661
6244
1999
6151
14354
1445
2023
3665
7741
3714
13468
2719
11947
9805
4787
2753
6061
1001
2655
1445
4773
5881
2058
8023
997
4471
14035
5955
12214
9749
4789
3653
4715
4542
6127
12095
7739
9706
14814
6064
2759
6069
14787
11832
6127
11762
7874
6139
2774
945
9955
12249
2017
2009
9780
2015
4711
1409
5925
9753
4781
9757
6084
2005
2011
993
2040
9498
4741
7152
12124
12186
14680
2747
3667
1451
1445
1447
2021
1439
6127
9718
1017
7711
4785
1437
7673
14705
1007
1993
6133
1439
2023
14270
1001
11242
9869
6212
13184
3645
4757
9821
4758
2743
14364
4637
4777
7802
7912
2025
14757
4717
3599
961
1913
4722
7819
14028
1997
3748
1415
12076
14093
10749
985
6177
1421
1411
4703
1443
11522
2731
3605
3683
993
7832
3649
2747
7601
12008
993
14788
3645
6109
9675
3437
6009
1001
981
2759
2743
1975
9487
3619
12069
4654
2761
7747
6198
11922
2011
4677
2027
6177
4782
11508
990
7751
977
6055
11840
987
2015
7566
11893
6075
4782
2709
14678
12143
2691
11856
4671
4732
14911
9737
993
13372
6165
14516
6075
3621
1003
2737
4773
2005
14953
2745
9687
11067
3523
999
14279
9781
6194
4827
9848
6085
9901
6149
6089
999
3595
2005
14575
7384
2034
3661
4741
9562
2737
2015
991
985
3606
4758
3615
7851
2759
11399
12104
2691
7699
14744
3641
6131
14543
9731
7730
3541
1445
7765
999
1421
3633
7709
2029
4782
4733
6025
4793
4708
6085
1026
4700
4757
1431
14689
1451
2749
997
11780
7360
979
11951
7614
4674
1933
3655
6017
14134
9689
1429
9735
2027
3746
2013
7817
5937
4712
9861
14284
3563
11732
7831
5998
11733
2025
2766
11891
2771
14592
2025
7773
11882
4642
11712
11720
3694
2745
11781
4753
11672
2017
2774
9770
9559
7755
4795
3606
9297
4703
2710
1437
3471
11732
11845
1431
9457
11358
14226
6936
12185
14493
1421
4727
9745
7883
14514
6093
2017
9599
6196
1005
14671
4821
9579
1431
2751
4727
2717
14744
999
981
1996
990
1989
4795
3601
3547
2631
12021
12015
3615
981
9870
11760
997
11961
4690
6036
3712
12078
9639
14360
11815
4818
1981
1445
4658
2768
3621
3451
3653
14396
6155
1438
6232
14349
2017
14690
13702
14796
2005
3557
2691
4729
9500
2001
997
999
9752
9728
12166
1407
11955
7603
7614
1451
6158
1955
1433
2013
9641
4692
3635
7853
993
991
14493
2029
3687
1443
2683
14768
3628
9277
1437
11986
9526
1425
7314
997
2704
3621
1973
3661
7856
14633
3561
6147
3659
14360
1431
2007
7735
3682
993
2007
3629
1429
4787
985
1439
1005
2025
6246
1439
2011
4782
2702
2719
3574
993
3591
1431
6144
4781
5617
1433
7757
14863
11692
6180
2009
2044
1439
3677
6226
989
999
9804
1437
5992
6040
993
6169
4888
2702
1453
999
14737
2697
5966
4789
4818
2049
14769
9687
1383
6147
3619
7805
7828
6157
6030
983
14736
3675
14817
979
9747
9400
1447
2017
11714
1421
9476
2655
2025
9674
14280
4787
3667
1447
6206
3667
9795
6183
6009
1451
1468
12100
6157
9492
1361
4755
2714
6083
6109
6001
9673
1445
14313
7835
1451
14388
4815
2727
7568
1375
13878
1443
2017
9772
14769
7787
4741
991
4787
993
2733
1007
14713
6141
11974
11929
6170
11748
2759
5959
14606
1973
1985
14020
11866
979
11826
2749
11999
2009
1451
2704
11998
14497
6195
2685
4775
3456
2737
9459
9696
1431
7616
4711
9809
9854
1971
9627
7593
7856
9500
1995
2741
3655
2784
12067
14893
6065
1443
14284
6027
9614
6218
4441
3597
1961
3539
14553
7536
14591
9718
7723
3685
9709
2697
2733
15091
14415
4741
1453
14646
14315
1453
3689
2013
9601
1421
5997
4795
14421
2753
6101
4767
4767
1443
6020
7800
2015
11979
2832
1470
959
13997
1409
4884
2587
3569
3656
4782
9440
981
1407
14858
7486
4754
12239
2763
3595
11464
7675
6036
2685
2753
6204
9613
1421
1409
6123
6023
7803
9697
1423
7807
3519
6209
4540
2015
7579
12258
1995
4819
3681
12124
5897
11725
3675
1439
9965
1439
11894
1439
4663
4747
2751
1969
10974
9138
13749
6187
14257
2607
14584
999
6206
1975
11867
9778
14161
2001
13163
4795
2737
2044
4780
14519
3591
993
5924
1451
9951
5827
993
1987
4723
1429
6173
14573
4754
7685
4729
7714
4781
9443
3676
2011
1981
2759
1997
4775
1421
9607
1411
14156
997
4832
4759
6107
2777
2017
11720
2025
6214
7455
2044
2778
2842
993
7890
1421
4811
12036
11497
1915
2017
2015
1443
3653
11979
9607
991
6014
6046
1437
9681
3599
981
11905
2703
6055
5757
4682
1981
4817
3441
2723
973
3561
1447
4783
9520
985
9607
2709
9489
4708
2046
11953
14728
2009
5991
3671
14703
6200
2719
4726
11939
985
11546
4493
2752
9649
1341
1977
6001
7786
1431
1431
4613
9742
5991
4375
999
1429
14581
6088
1989
4813
993
9740
11985
9483
2755
3507
7934
2003
11860
11626
12074
2690
2028
3567
14596
14589
945
9820
11755
4667
4892
1443
14531
4741
1415
3568
11160
7691
981
9883
7820
4701
7493
997
12156
4762
9319
11160
4754
3621
11705
2017
14492
2025
1975
985
6063
3647
1445
2575
1451
2723
12202
7681
4716
11933
7811
7663
11471
7669
11146
14923
14608
2715
2005
1466
14915
1991
1451
9717
12025
14559
4749
1005
6111
991
3625
1959
7811
4840
4732
6166
14942
11726
14648
6232
7529
3699
6141
3688
6060
6077
2009
2699
7797
3697
981
4801
981
9153
991
2557
3654
6198
7565
2027
6165
2003
9459
2631
1468
3473
3653
4874
1431
9212
3705
7735
7781
2653
4807
6232
12021
9462
2697
1992
14548
7888
3764
3565
2689
999
4733
2573
2771
11558
6280
3697
9764
1431
9675
14869
12071
1001
11063
3617
1969
985
14733
14649
7675
9551
1433
11974
2802
999
2733
1439
3607
2007
7761
7811
4617
2715
1971
12194
11929
6175
5992
947
7762
985
4339
991
7836
981
3663
991
2735
9350
12081
2025
1997
3726
7678
11700
9422
1417
9771
4690
1445
4571
9729
6017
9488
2015
9756
8762
2046
12243
1377
7822
15085
6123
14828
993
6191
949
14850
6091
14665
3657
11876
1433
3615
4729
3619
4696
9638
7756
1417
7828
947
12045
6191
14800
5791
3627
2050
999
1451
1451
9386
3683
12213
997
3461
9797
7874
5958
14497
997
14342
5973
985
11742
4806
2056
4515
3699
14830
4687
6127
1449
9750
12174
2700
9604
2733
7512
985
2767
1983
12033
15127
995
2005
1030
14751
1421
3752
2653
2727
6039
1447
9806
12164
12092
2499
1919
2655
2047
14464
6183
14655
6048
11494
11116
7160
2011
7912
7876
4743
1431
2017
8853
9735
2009
2741
14643
14630
11853
2739
11973
14606
9844
1981
997
6083
2673
1003
1001
6191
7922
7838
3437
11745
9752
8865
11901
1005
3597
2689
5977
7828
7829
9502
2691
4822
997
3621
997
6114
5899
6205
11969
14478
12036
1470
11686
7588
2743
997
973
1961
4760
2743
3596
9782
1433
2009
9731
6148
9908
7814
3696
5787
3693
4765
3639
6141
9815
7870
7296
12042
4645
3655
3677
11371
11826
11710
3738
11796
14693
4754
4841
9559
5701
3687
2021
2031
2044
10999
993
993
1926
6026
6017
10838
3696
11765
1005
11805
7693
2697
6113
4758
3681
1365
9626
7763
2029
6160
5846
4603
2775
14646
7714
7828
5996
3491
1437
959
1421
11640
14482
14807
1005
2731
4763
9751
7681
9128
9676
1449
6198
1987
9608
1431
3602
2755
9756
4765
6089
3647
14741
1437
12082
4605
12107
11645
3706
7920
7627
985
11625
7701
14687
12093
6168
3612
993
2017
2747
7761
999
7605
1421
3653
7688
4787
3567
1445
14448
1005
6096
3625
3671
985
9791
9776
7291
1431
12117
14684
4822
9808
2673
1975
9261
2751
9746
1001
2659
2733
2745
14480
985
11882
14406
997
1005
6243
9560
9594
1003
997
1445
981
1447
11704
9755
6177
1994
4771
2029
3669
4761
3577
14236
2779
2048
993
14816
2003
7623
14389
3703
2005
7823
1455
3571
1423
9318
7932
9697
997
999
1435
3685
2749
4715
9648
4763
955
1415
3653
11710
4743
2011
955
14757
985
4817
2723
999
12007
14384
9360
3609
2715
2667
7780
1423
3639
1439
12054
5893
2739
9887
14370
12226
973
2727
7713
1437
2019
3649
11777
1427
4874
7809
4707
2050
2019
2719
11230
9504
12034
1451
2757
1436
2731
9897
2575
2699
14749
14767
14758
2009
981
11700
3694
3629
6123
1445
9282
2725
6180
14576
7687
1975
2011
14552
4817
9540
991
11648
997
11955
7799
1419
979
6155
7687
14379
1375
1003
1409
14662
14512
11935
1381
2533
3641
7459
9635
11773
6161
1417
2739
14456
6016
993
3677
3649
3541
997
2790
6254
14888
999
1431
2757
7807
1451
1413
2007
2745
14764
3605
9226
6141
1459
3667
14621
5977
1466
6179
6171
12062
2015
12108
11931
14378
9325
13806
2779
9846
2025
3766
3606
9629
1429
9802
14343
9587
6003
1470
2003
3517
14924
9111
1466
4760
9496
2003
1001
1421
2005
11249
2743
9741
12088
4791
4763
4759
7697
1889
2725
5999
11443
983
1947
7813
2023
7537
2768
9727
12071
5995
3613
7603
3649
3714
6117
4656
4703
2669
3639
1429
2733
3656
2737
4719
9718
7614
3673
1449
7364
5801
1405
1427
2771
4829
14059
9438
5894
11820
1827
5984
9840
4702
4747
14645
3696
1987
9753
3671
3669
2003
7686
3565
11382
4880
14651
1421
6101
14418
983
6135
11638
4679
4751
3661
4818
3627
9905
2017
7892
11771
991
7841
14642
4714
2705
14564
993
6108
2722
7835
4846
3585
11815
9012
9596
4741
6204
14405
2015
979
6042
7713
1993
991
3690
1443
11937
11979
7747
3677
3615
1987
3633
6017
12090
7823
13418
6176
2725
1981
1003
9833
3608
14838
4665
4769
12121
1427
1447
6179
1977
993
3667
9693
6025
6115
2005
3696
13263
7859
7833
1405
13891
7363
4880
9636
9576
11786
9376
6250
11759
993
13848
991
2007
1455
11562
3557
9790
6167
2673
7853
1001
3657
1001
2701
11856
1451
2697
2015
11490
11636
5989
14484
9761
2003
14900
9576
3653
2765
14327
999
9308
3673
2757
2049
4733
6218
2655
3659
14449
3685
2733
6165
4630
2005
11711
9466
9747
3661
14785
14444
6011
1445
2013
2745
11791
985
2727
3561
5824
6001
9416
1005
12027
9693
7808
2691
14724
2023
1441
3675
2001
14944
14495
1429
7754
3649
1897
2784
6000
14681
3639
2765
3665
6103
7692
1437
14666
14525
4880
11958
9621
2750
9263
14728
9743
975
11959
3517
6168
2759
11696
4824
7719
11673
2029
7793
2693
4754
4703
983
7801
6045
2788
3565
1969
979
7850
3669
1821
2054
11979
7832
9789
3425
14671
4829
9797
3681
11953
1443
14531
5999
13448
3687
9499
2593
9848
14525
7767
7262
14608
987
3588
9645
3639
9793
5958
2595
1005
6026
4828
11979
9834
14880
7906
2767
6021
3627
12120
2031
7827
999
1415
11966
5961
9589
5940
3697
12080
4751
7884
14695
3615
2697
2009
2044
1437
14170
7765
6204
4731
2687
1423
7765
5992
999
9707
9586
1443
2619
9804
7854
7733
11976
5861
4834
3671
6127
3639
11893
2749
3612
6011
4813
4691
7477
2653
4781
14584
7477
12017
1405
11911
4782
14844
2696
4691
4661
2723
4781
2032
6103
2003
3659
5975
1445
1430
2759
12219
3694
1439
3688
5658
2597
3625
14653
2748
12371
4880
5964
14828
2023
6123
2774
9423
11714
11645
7783
11524
9852
7489
14277
4654
6188
997
1997
11908
7764
1443
1993
2717
2806
3585
11943
1409
14570
11618
4707
11637
4820
6131
14366
3688
2015
4654
2751
1955
1443
6147
4703
14141
14330
14626
2031
7422
1929
4703
12098
7693
9322
2015
6211
1409
3647
14752
993
1985
9822
1441
7630
6147
12126
6153
7803
14419
7820
1357
2651
2782
11953
4758
6078
11353
3409
2721
7754
2031
2003
3577
973
5877
2027
7802
3651
9510
11751
6248
14232
2029
4583
14240
4727
4663
7807
9701
2027
3639
1415
9693
4772
6174
3591
11921
4836
999
14932
2015
1401
14677
2005
11757
14500
6097
4676
1437
2731
981
9633
2023
9392
9607
7623
2767
14483
9765
2697
3677
12078
1439
14525
2693
5798
1437
9322
3661
2015
9856
6184
9820
9514
4735
11821
14510
11902
2675
1901
4822
7747
6107
1429
1001
4711
1987
3677
2757
7821
4761
1443
6182
4695
1001
2691
14122
14692
1975
2023
9770
4666
1005
2011
9773
2017
7858
3671
4729
983
4735
4838
14080
7796
14547
14752
14513
11839
11901
14280
985
6050
3674
6105
3679
3445
1903
3639
2011
14738
7779
6105
14546
999
14601
12156
7856
1375
1979
12151
11143
991
3655
999
14581
1979
9570
2026
7822
1445
1451
12077
4567
14945
11923
5657
7794
4777
13872
11789
14472
1827
3639
989
5390
997
3687
3684
2774
4820
985
7578
1007
14639
9599
6081
1445
4745
7416
7755
6143
9560
13412
7395
7912
9640
1363
10738
4781
9494
11682
7574
2001
2727
997
9567
2780
4675
6008
1975
14872
3621
4774
14654
979
1985
9478
4492
3655
4713
1941
14533
1447
11833
1474
1445
2017
7625
1003
3593
981
14677
1975
6033
1005
1901
9535
973
14697
2009
3561
1445
5999
2714
14879
4801
7475
7811
6053
7836
2704
991
983
4712
7333
14355
9602
14670
3653
1445
2011
14816
6184
4755
7160
9842
6170
3557
2753
991
9723
14298
997
4832
1441
7798
9446
9621
14787
11966
3641
3627
1381
1992
5993
9884
4789
7709
11332
991
14416
14646
4868
7643
14481
14445
7685
7771
12140
14642
4783
6067
6109
3507
2763
2042
14579
3667
11692
2763
7398
2023
6169
2743
10007
14607
7534
11692
11153
14742
3639
7639
11888
11675
985
7221
2715
2786
1451
1981
2693
3633
3613
1001
9818
9738
2017
9673
9740
997
11712
9506
999
14806
2005
5749
3641
14423
2721
11967
2705
14023
12140
6157
14468
7795
6145
4595
9673
11832
4675
14627
12182
7703
4712
14804
4533
3693
7745
1995
991
1001
14649
2757
2031
2737
1007
985
1476
6087
1381
12053
1417
2719
6132
7809
7930
12229
1417
14834
4719
4761
4716
9731
3639
12055
1993
5972
6061
1421
4743
2031
4862
3462
4752
2733
2759
9052
14316
6113
5660
1975
991
1451
14718
9150
3702
6218
999
2717
13635
3661
2691
979
3677
6164
11687
3627
1451
3633
4557
1466
7654
997
7856
1451
11900
11749
2017
6087
4494
2711
14880
11850
3675
7725
993
6232
1993
4822
9806
1413
1961
11617
14601
14643
11920
1365
2031
3639
11824
3550
4799
9382
3669
12463
3597
5924
14856
6131
4753
14261
7674
11643
3587
7670
1996
4691
9655
14771
13953
6182
1435
11758
11796
7799
6169
7648
4751
9733
4813
7731
2748
993
9860
5900
9369
3696
14746
2003
9634
14641
1987
6179
2659
6095
11832
3595
4799
991
1979
9635
2729
4533
4379
14585
9389
2009
3627
4789
1429
2731
999
7441
6089
4716
9743
14542
11739
9507
12029
3665
14692
4662
4773
993
6113
4841
14690
4759
6147
14378
6196
12048
9600
2745
3657
1466
1003
1468
14827
2685
11810
14156
9477
3756
11937
2751
1995
14714
3647
4747
2005
5903
6178
2697
3572
14560
6135
985
12221
4777
14699
1001
1417
991
11988
3619
9464
3671
4747
2005
3581
981
3712
1005
4767
3691
11712
4754
2673
7735
7896
1449
11999
6194
4824
1441
1457
11918
12090
4836
1468
14605
12047
1001
5968
1439
7688
7830
7775
3633
7636
4777
2763
1005
985
2015
14716
12149
1431
1433
1468
2001
7680
7802
1959
14655
12188
9509
2757
7985
9677
2753
14425
14735
2046
2011
3633
6153
11991
1445
2011
6161
1003
4686
1443
3683
7838
12027
11920
4793
7835
1421
1451
3597
9490
1449
2747
983
12042
14681
12182
9661
6054
11944
14846
1365
8979
7775
9659
1421
6017
14598
7767
1005
947
1429
4831
14545
3580
4775
7592
11895
1001
2743
6146
1401
6091
14838
3449
2013
5919
1401
1017
4754
1447
12043
14812
4753
9665
1423
12184
4551
9106
985
4822
1007
4795
7666
14329
5379
3667
3515
9483
6123
14247
11475
9634
1423
14688
3585
6173
7328
12139
6141
7767
2027
991
999
1983
12057
3613
11741
7773
6178
9828
11913
14802
6155
993
11824
9419
9693
1993
4674
991
6057
2687
4647
3681
2735
991
7830
3666
4670
6116
3682
1001
1939
1993
2765
3720
2759
11567
7661
1981
13955
985
7810
13948
1449
2001
999
3680
9597
14884
6192
6086
11642
981
2721
9128
9767
12295
1987
7690
1003
14521
14856
2715
993
7574
7745
4696
997
1439
14189
1433
6183
2023
993
4809
9652
2481
7757
11812
14571
11228
14655
6079
7749
3580
6123
3585
997
1411
4749
985
7771
1993
11975
1425
11489
7437
1474
999
4791
6135
6051
7695
11731
6014
14575
2013
7779
6167
4771
1963
1959
2009
7661
11855
2687
14647
12110
5894
2694
2753
1439
14909
1423
11772
11917
14226
14937
14290
10736
14826
2002
2052
2755
9601
4727
9939
11323
997
14519
2675
7809
7579
3657
5953
5978
9143
9916
5979
4537
14524
987
9317
9323
2023
1445
9337
1003
1421
5935
1443
3639
12036
11254
9466
5743
9876
7848
1005
3615
1999
6099
999
2766
1433
4727
1453
14031
4702
1411
9613
4658
2784
1445
14675
2759
9732
6204
6103
9617
3654
9888
997
6147
4836
14488
2759
3570
2804
3617
2023
2697
1985
1430
3487
11893
6167
6133
991
14646
2001
6177
2417
2040
9777
9688
14480
2749
2824
6027
2034
2711
3471
999
5825
1451
7696
9639
2029
1377
2019
2776
6155
3655
4659
14559
6209
993
981
9608
2705
9607
6179
7733
11505
993
9593
14578
7680
3341
2013
1427
2707
4834
1445
7302
1915
2673
7572
7884
997
1005
11931
1977
12088
4787
14751
3596
11708
1439
9953
14082
1927
14541
2009
999
5976
11064
7774
3667
14750
4651
3653
993
7787
9625
997
2723
1981
999
4769
4683
11372
9458
4781
11636
3712
7745
3665
1979
991
12028
6248
14483
5981
2697
1417
9653
1973
6179
3603
12046
14258
9718
1001
6207
14740
1439
2731
3699
12085
3709
7832
9724
11939
4820
9726
979
2023
12180
9757
11839
1431
7674
1437
993
3225
1997
7851
1429
2003
11854
9516
11948
2772
2021
6134
14470
7751
7437
1028
4531
9858
1971
1419
3643
7878
991
991
14454
5793
1989
4762
9342
5979
6118
12000
9711
4882
9068
979
7759
3669
2013
2763
11603
6074
12058
2007
12016
4756
2011
14872
6167
5954
3647
5949
7777
1401
1417
2015
2005
14656
7860
12007
2719
991
14643
1005
2731
1007
14417
11893
4830
12029
1413
3661
11624
2029
1007
7031
991
4778
1439
3639
12214
6230
6057
1401
7764
1435
4852
4649
955
985
997
1995
2695
7825
4745
2739
4737
4814
1445
1415
2753
11661
7706
999
1445
3655
11631
1439
4760
4735
985
1007
3577
2739
14664
1439
4811
1421
1979
9398
1005
2003
9773
6242
6022
2766
4856
7449
3712
6141
4672
7580
1747
14447
9655
4487
4718
3660
15109
5937
4765
2778
7868
2715
3637
9745
14757
6026
3645
6157
3667
3475
7936
2023
6119
7824
9862
11895
11900
14747
14846
6030
4735
14176
991
11705
3579
983
2751
11860
1893
1453
7755
12126
3553
14717
2784
11512
6141
4787
997
7826
985
3559
993
9699
2029
3663
4772
3661
14586
2759
6050
2745
1941
6252
6092
2738
2703
2757
3675
957
981
1959
12275
2715
3659
6234
2684
9780
4694
9683
993
1995
12319
2727
991
4789
4493
2729
4724
7580
6264
1470
2052
6194
1028
14836
991
1429
6119
1443
6146
2765
4681
9363
1451
1451
3578
2009
2031
2011
1005
985
991
4776
4735
1439
8582
3603
9775
12080
11555
1969
9563
14391
13328
1443
7666
4862
1433
997
1443
1437
4850
9647
4690
13694
2745
9470
11724
989
9653
2737
995
12057
14294
7571
14567
9714
2701
14599
12100
9537
14869
2017
11915
12098
2733
6171
14135
6049
987
6134
1005
4811
14062
12016
6180
3473
1991
995
1869
4664
3645
7671
14828
9744
3566
11310
2689
7763
12093
14951
1383
9701
7668
6226
7798
4772
2056
11903
2780
1007
3647
14376
3456
4545
9292
7783
2001
1445
11928
2790
9592
1431
1001
11690
4671
7691
11676
9788
7839
2612
9815
1003
4817
6088
14742
6097
6161
3694
987
14760
4819
11998
14246
9649
11909
1393
2727
7172
7759
4787
4827
11694
9749
2046
4775
9558
1005
999
11828
5924
4775
2741
2699
9472
4747
7925
14610
4645
11630
14657
4828
9707
3667
2035
1429
9761
4840
11998
991
4488
9765
7835
7853
14555
4797
2015
4735
11597
14277
1447
9751
3615
14626
12243
12069
2019
4715
11985
5791
4801
9928
13913
9567
7737
12191
2766
2763
1005
2697
4737
2739
7736
2682
1443
7928
3641
5878
9559
3590
1405
1437
4779
14631
9725
3750
14518
2780
2013
9486
5844
3619
1995
3595
7620
1445
6147
1969
1403
14756
4527
9464
11997
11738
6103
4862
3621
1437
11972
2009
2751
3489
2569
4711
2755
3657
7836
7786
9570
991
993
7824
9743
12130
12072
12085
7681
14523
1005
6017
9688
13748
9290
989
14754
4787
1451
3647
6097
7661
7767
9791
9699
3563
1447
11473
4811
11866
7481
3604
14718
14688
11400
9755
2021
4711
6104
11498
6211
14782
7680
4784
1975
3451
14577
2701
2569
2721
2719
4747
1423
1439
979
7726
8949
9743
14680
14774
14484
985
2653
14580
6057
14392
9864
1375
1987
14500
12054
3691
1989
14642
3489
4817
3551
1001
14771
14684
14792
1474
5949
4715
2019
6242
9350
9848
991
4759
2759
2727
11486
4753
9465
4694
11815
5907
999
4835
1001
14638
14785
4835
7805
1423
14474
11979
4830
3607
5968
2009
3448
14579
999
2717
4811
9842
2703
2017
4789
2004
6200
7630
7411
2007
2731
2731
997
4811
2703
14510
4787
1433
2659
1423
2713
1003
7549
995
7854
7863
9482
7593
5754
9772
2023
14629
6146
1435
2713
9806
12053
2703
2737
1973
6238
9742
11937
9618
4743
1403
1991
1445
6128
9190
11542
7698
7809
11859
6033
3656
9614
9611
983
9894
7745
7748
1445
9834
2003
5987
1001
2005
15019
6195
6176
1421
7677
2655
1005
3641
2763
12009
2761
1433
3643
6246
2768
7763
4755
3690
4781
14854
1411
12040
6206
5775
8007
4787
9728
2733
4781
9824
14550
2029
1005
997
14463
9519
5983
1987
14658
3695
3664
11903
6157
2029
14852
2774
2023
9869
4765
7827
1447
3679
3662
9703
2757
995
999
4712
2760
3438
2023
4727
1361
1399
5972
14782
2025
1415
1401
2025
7706
4745
6121
3603
6135
12062
9452
13748
11955
14245
3606
3718
4488
999
3627
14484
6168
14270
7844
1955
11691
3621
2019
3606
2003
4769
4675
2021
9547
14657
1421
11676
9662
11632
2804
1431
1451
2753
1977
2704
9795
2005
4825
4683
7820
6132
12071
12017
7621
2836
7749
11778
1415
9738
9737
1005
7541
7928
14642
9366
7646
4658
3557
5846
999
2714
4810
3657
9953
2031
14506
993
9167
9749
6105
4795
2777
7884
995
2737
11866
4761
2757
12010
979
1440
7661
9126
2703
11764
2025
9736
8985
7824
2765
2704
6171
4693
3447
7847
9613
2697
3607
2759
3625
14500
6177
7574
2021
3655
9615
4729
9637
2780
2723
2003
11358
1407
6173
999
1437
6137
2023
1431
9773
12160
2594
7860
7307
1367
14578
2595
11949
14505
3698
4774
2023
1437
2011
11745
7745
997
9665
14798
2727
4585
2703
7645
9654
1973
3603
9770
2042
2015
6133
2765
1001
6130
2019
2046
997
9536
1445
2725
1445
6180
1427
1975
2697
1001
1377
981
6043
7647
2743
997
2697
8944
999
6051
4775
3653
1447
9711
9606
993
7833
2023
983
14494
2017
6099
983
1005
955
2749
6000
4721
9440
9462
2772
7868
3643
12044
3708
1431
7823
955
9537
14754
9751
1981
993
1955
2751
9653
2025
997
1415
14111
3669
4781
14607
14288
1003
14787
7155
7749
3675
7849
14467
987
7828
1861
9286
1007
2007
14724
4703
7820
993
2017
9816
991
3445
2017
7249
7725
2739
2721
2030
14935
9777
4700
11534
4831
2731
6141
14122
4755
1415
7669
14254
2685
9791
7685
9792
9651
14657
11314
2757
2727
3629
6147
9372
1993
14806
9838
7677
11330
7675
9294
7695
7803
3667
14885
9617
9617
12050
14653
1999
1421
7607
7439
4810
12122
9585
3714
993
3665
6238
6127
1421
9569
14220
7581
9422
2691
11930
3752
1409
7795
9704
991
14770
11694
985
1423
2685
1423
11566
1959
993
5864
14723
7794
2693
9553
9663
1417
4637
14807
7584
6147
6092
9598
1433
961
9664
2719
9685
4727
5997
14471
1409
4795
3601
4733
14563
1431
4767
5721
12056
6183
6207
12189
2023
7750
2703
2003
3687
5712
2759
11851
14288
14545
4768
14424
14934
2733
1472
3593
6210
4807
1421
3588
14790
2713
4874
1985
2771
1959
4817
1435
2774
1975
7662
7453
3627
11205
3604
1965
3653
11703
2005
2015
14374
9590
985
999
1979
7638
1459
4495
9135
4643
11891
7643
14557
2004
12124
1007
11512
9748
9859
995
9797
1421
7566
983
7749
14634
7676
993
1028
2015
7802
6190
4795
3690
2009
14788
4824
14755
1381
7550
993
13962
14795
2759
15067
7752
2005
3633
2731
7735
1983
1423
2011
1451
7864
1445
999
6209
12084
1445
9505
999
2679
3617
1417
9687
1993
3677
3594
1445
2009
14608
9758
4533
14197
999
2703
981
2044
4760
4844
11423
6024
2009
7877
993
2769
2023
9963
2696
7142
6149
2743
6089
2733
1321
6121
14827
985
1423
4539
3697
6106
9657
9837
4763
995
2687
5982
1427
11967
6111
14602
5760
3641
1983
985
12069
14041
979
9697
1996
1431
14632
11710
7763
2749
6109
6292
1001
12320
2031
9771
2770
12136
4799
12047
14493
2001
14446
2725
9792
11966
1439
11685
9683
993
3619
3706
11893
11668
997
1030
2015
12117
2689
1005
14751
1439
2770
999
14381
14755
7872
9836
4756
9836
14262
3591
6172
991
6123
11925
7775
4820
2667
1989
1999
2029
2691
6196
14262
14409
1379
9086
1995
6165
6015
2770
1441
3661
6161
7416
7918
11799
11883
2714
1443
4870
9607
7936
7755
8037
1979
6171
6009
11889
14420
13877
9707
12006
2044
7622
997
4803
7654
1417
1443
1451
3585
12078
6150
1363
997
4757
4775
2042
2713
1441
4866
6129
4781
2031
11635
4804
9726
2047
2005
6163
5600
2009
1431
1439
1005
9656
9682
1995
7381
2733
3683
5984
9157
9726
9583
6138
2017
14143
9623
979
1433
7678
3625
14522
3566
11350
4781
1415
991
4797
9861
1003
14514
4757
9553
11656
4812
2745
9565
3615
4755
2044
4775
3648
1445
7463
9458
3703
9653
14800
4763
6067
3625
9524
6129
14639
2005
1439
3689
4691
2003
14691
14493
12049
4824
14342
1447
993
2719
997
9613
1445
2029
5990
9838
14769
3435
2049
2017
9368
9766
4710
1365
7355
1028
3621
6142
11496
997
9999
985
5791
999
14521
1032
987
2709
14759
1445
1445
11424
9132
7769
3652
2717
1969
11642
3655
4771
1437
12160
6193
4667
2708
4784
999
6120
6077
2013
11512
1431
1383
2704
7714
4705
11212
9737
3675
4803
6075
7847
6230
945
1451
9570
2784
1983
2783
14949
14651
6179
1425
1415
3679
1375
2757
3588
14598
11523
6224
7799
9607
2029
4742
2697
3654
5616
4716
7594
951
2575
6143
11795
991
2681
11828
3659
1451
1433
14344
3631
2681
2013
1451
3681
6083
12012
2745
3639
4655
1995
14756
1427
2759
14669
2017
979
3583
7501
1005
2757
4563
1438
1429
1430
12020
9486
14664
2703
14215
4812
1395
7633
6177
7800
2029
11991
2619
2003
2025
7924
993
2771
6157
14574
2602
4579
11712
3603
12010
11544
1421
1413
5896
9720
3621
3640
1973
1429
2701
2015
14476
14749
3593
6058
2759
12054
2766
1460
3649
993
6125
1443
1005
2769
12142
4868
9739
2731
7735
11232
9808
4781
2733
9878
14686
14388
1437
7617
1005
1457
1431
999
14770
1439
3531
13994
14766
4817
7576
3678
1451
3467
4573
1445
14812
11998
14215
2001
6104
997
1969
1994
2697
2687
6209
3663
14646
997
4748
3593
9403
6110
4703
1445
2050
4503
4872
907
1445
7749
9792
1979
14229
993
9454
2001
4769
6164
4775
991
3273
11946
4803
4793
3683
14041
2017
14815
12140
6176
9802
11890
11455
2753
1401
14818
3631
1981
1445
7303
2011
1001
3641
1443
4840
2780
9682
9846
4783
9713
6149
14794
993
14229
6133
11963
1001
5822
11997
11589
991
12063
6047
1975
14701
12008
7811
997
1005
1449
3677
985
4844
9657
3598
9753
1431
979
9733
4813
1903
9761
14401
9820
11646
7517
8005
9512
2019
1413
14489
9630
11805
14675
1928
12005
14684
9741
9850
1439
1431
1445
4753
4797
7642
7835
9739
7705
1997
1423
11666
11732
7866
7167
2757
7709
14070
1005
6123
6093
12092
14711
12159
5758
4757
3635
9511
3675
6163
12039
9729
2029
997
7605
14930
9619
2727
3687
3613
14693
11868
1431
7736
7713
1429
9884
4721
2023
14498
3654
14452
6133
1429
4673
1981
2677
14455
991
2755
4870
13959
7797
7896
6171
6153
5834
6129
7831
4731
12103
14359
9584
4797
9538
2749
8013
3565
13872
6061
1997
945
1431
979
1997
3473
9715
6158
2019
2699
3539
1981
9832
7705
3573
3605
13588
4872
9676
987
7669
7570
14889
14965
9870
2733
6002
12094
7831
14761
7773
6165
6141
4840
3610
3742
7827
6179
2759
1431
1447
7821
2017
7689
4697
1005
9581
11616
2046
3642
4811
11684
1383
12146
1445
14458
2673
7818
9503
3715
2027
12150
1991
2029
6129
6141
14593
1007
7829
2776
6078
12053
7628
6139
6146
2056
11973
11978
11796
1427
7698
1429
1451
3559
2003
14780
6141
14559
3607
1417
999
14291
1443
4743
2778
6175
3655
5970
6186
9627
4798
991
7846
6116
1466
3675
14699
4803
1987
4759
2743
5800
6232
9591
14325
3563
4819
3679
3716
4642
6049
3577
9625
1421
11637
1897
3650
2716
7715
11962
12079
6215
12057
2757
1971
9464
1989
1005
13383
14517
7349
2721
981
999
7767
14756
9766
2774
4789
2745
1453
14604
1995
1417
3663
8920
2723
1411
1433
7876
5980
1423
4862
14744
1459
4738
3702
4613
6136
4763
7597
11949
9746
4688
4775
1983
949
14717
3655
2723
14840
1961
2031
6155
2017
7898
6127
2667
10472
1985
999
14474
949
1438
2005
1989
1983
2719
12155
991
9575
2029
3639
7721
3612
3683
11970
4486
14195
4583
9728
4751
3702
14858
8013
2029
12144
11582
3571
1437
6163
2737
2757
7815
1377
3673
14700
2005
3610
4880
7517
7833
2003
997
2001
3653
4305
9818
14348
4728
961
7799
4702
991
997
1445
2673
7286
1855
4672
6028
14417
1999
14718
1451
1971
3677
4834
3671
14561
3657
4802
7776
1445
3711
2663
14741
2017
7841
3505
14414
3689
4635
2714
4709
993
9362
6085
6141
1028
11432
6031
12274
4799
7745
7630
2035
1985
7896
6191
11250
4554
4751
985
1995
3649
11947
1451
12206
6177
3620
14841
7558
1003
9633
9761
7568
6089
1421
9771
1993
4694
2015
11778
7853
1969
2034
2842
9497
7844
14436
3608
14571
1415
6079
9765
2023
2763
4756
2015
3493
7860
6234
991
1417
6070
14933
3633
11873
9800
2766
2015
7761
12178
1431
9610
5984
4886
2003
13906
6155
1439
7757
2005
7720
7890
1460
4805
7862
3331
14624
14623
14881
1445
6218
3541
9965
1421
7841
981
4795
1996
7609
3702
6214
3685
2689
2757
2737
3676
993
14576
3653
7938
12097
2005
6101
12138
2745
1453
12096
9589
5925
14499
14364
11937
4751
7787
2703
1427
4762
1431
991
6095
2005
3601
11728
9767
2046
1990
5795
3673
1423
2031
14472
14476
981
2003
9637
7617
9306
12067
1411
991
9681
2689
985
3587
12094
4803
2009
7755
2011
11971
9663
6101
3718
6199
1001
4745
14527
4808
9794
2013
7811
1417
1997
6174
3675
7709
7487
2748
1439
6157
2725
3681
2782
4825
3611
11677
4862
9750
11756
981
2759
7816
7512
5883
4787
14607
11976
3627
1003
11179
5996
7799
7602
1431
2757
14583
7806
4801
1989
947
12065
4763
7803
3665
4858
3651
1433
14589
14114
7765
9529
975
14579
4652
14839
2781
4781
4803
1439
4763
973
7856
14822
11605
7464
3649
4801
11927
3688
1437
6085
7783
6164
999
3679
6149
2685
985
979
4702
3437
10308
2778
993
4689
1969
7858
1001
14565
6052
14697
3633
3600
14419
13786
11398
997
2767
14810
14792
7832
14662
11509
2681
14280
9416
3619
12081
11761
12092
9613
7458
3635
1451
9642
3635
12064
983
2017
6150
14236
4569
3633
4741
979
3697
2701
1907
1005
2011
6159
1437
7678
1001
2721
6040
9505
2739
3591
14128
3655
4669
11928
6145
2697
6123
1994
9830
2701
11990
2015
1453
14315
983
11670
981
6015
11983
3669
6090
14772
6161
14622
2023
2743
1395
7805
4868
2765
1007
7717
14824
6232
1417
1975
4695
14933
7701
6093
12024
6169
4741
1993
2705
9767
6182
14395
4830
9707
12085
1431
1989
11678
1417
1451
12011
13950
3690
11985
1003
999
2765
7809
11925
9679
1421
981
11850
3689
6107
991
7490
4807
4795
3590
999
1026
3651
6101
12060
4737
2026
3591
4505
4739
4753
3655
2697
1457
4718
11507
2735
6076
7586
1359
3764
4789
1005
1433
9930
1440
7707
2731
1429
3683
11305
6034
991
11770
14458
9319
7631
1409
11306
5896
991
14725
3593
14414
4729
9633
9757
6062
1997
12058
2771
7843
7777
1447
9582
2571
1419
4882
2023
2703
1005
4714
9504
1437
14818
14502
6117
14372
11836
4831
7860
3595
2673
2736
999
4880
7650
9845
3582
3585
4777
4796
11672
1417
7579
985
3693
6165
3251
2007
2023
2052
3681
3691
14307
3557
6200
4758
1383
11837
11959
14756
9778
11979
2751
2017
7642
12042
7633
3667
11688
2029
1971
9479
3615
4751
11937
6105
3549
6175
14306
14264
2772
11558
2727
2655
1969
4727
6081
11680
1451
2659
4725
6185
2727
14870
3648
2759
7812
4648
13936
9799
3575
9609
6011
999
7926
4625
9577
991
7795
2701
2763
9502
6119
2727
12101
981
2003
4811
2013
11588
1439
3379
2653
11473
2005
14575
9137
9918
2649
5957
6056
14590
3718
2697
7751
4787
1003
12192
14324
2002
2717
1003
12060
11811
14447
7675
3611
5973
3595
11994
7709
2778
1971
6087
2717
11619
14786
7601
14118
6199
1423
1007
1447
1433
1995
1995
9758
11801
11925
1995
4471
5927
3563
1367
2771
3669
1005
4803
9836
983
2001
1453
11644
11973
7757
3603
12047
993
8882
985
7910
2682
981
3653
2729
14302
13792
9280
2753
4810
999
2739
14734
6197
7854
7815
1001
7704
2702
2707
2023
999
11702
4831
1441
2017
1929
14774
1363
3588
3479
12083
3675
11753
2046
3633
8001
3661
9816
2753
4755
3658
7816
6007
1315
1897
4692
1423
11858
2753
14613
1973
1997
14487
2031
2003
2790
6055
1315
7833
2003
2001
1005
9809
2759
11993
6033
1441
11740
3595
1445
14262
14587
1429
11835
7787
4807
3600
3585
7620
13371
5727
9731
4715
9783
3615
1981
1005
2009
14681
2655
4591
7834
12227
2716
3676
2003
14661
14555
9741
12137
7726
11757
2015
7896
11850
9664
9852
14582
3557
985
4810
14666
4822
2003
5876
7771
1005
993
1861
2601
14884
14792
11846
3667
1453
14336
997
2753
7595
1423
6060
991
6053
997
7763
2029
993
7662
1429
1433
3653
14716
3436
1365
6067
6252
4747
1003
14193
3667
6036
2005
9919
7768
1005
2699
9751
1409
7683
4856
4815
4763
13970
1365
6248
11802
2017
997
11428
14851
993
5854
2757
7537
9726
2778
991
4781
4709
2011
11236
1476
3611
3595
1415
4700
3689
4771
7670
9564
13906
4755
1439
9815
2759
1439
4775
4818
2609
2733
3682
1433
14322
2719
4691
1472
1443
9781
4807
7850
993
12254
9880
11786
985
7661
1423
14570
14575
14658
7642
2772
11965
4707
12180
7615
1415
6188
1427
3639
1421
1961
8823
6109
7536
1003
4836
997
7643
11849
1003
14481
3445
2021
1447
1007
9733
6250
14294
14489
2013
12053
4890
1435
14629
1427
1437
1999
3714
3613
1971
11645
1453
1437
4571
2755
14581
961
2001
9466
1439
4711
1433
3437
1415
3688
4725
3653
9440
7609
3660
14440
3627
9396
9801
1005
1375
13782
9679
1001
6266
12031
14555
4813
973
4749
6128
6203
1005
7800
14633
1377
1443
1437
981
6103
2714
11016
4356
11869
11865
14698
3694
3673
6139
14107
12055
1431
1005
2015
12057
3595
2685
1447
9702
9611
2657
1435
4733
6021
3704
3609
14462
11639
6125
2786
2757
11862
3651
1421
4807
12022
1005
7888
6143
14555
13953
14796
1725
3629
3581
9540
6363
1915
9556
4882
3627
2774
1915
7804
11888
7795
9689
4729
6099
11266
9768
11703
7603
14896
7573
2015
2737
7693
3677
4876
11649
4148
2009
999
5966
12092
2009
3539
2753
2023
4801
14536
4904
3671
12058
4746
999
3629
3593
2763
3545
2015
8945
4722
12103
1005
4677
14917
14772
993
3633
13996
1007
2767
6155
2713
2750
6005
1472
9544
2723
14309
2655
6163
1007
8772
11755
2748
6145
2703
9750
2727
997
4739
9763
3359
7771
7628
3683
2015
1941
9705
14620
3641
4789
14904
7679
1445
4813
3673
6138
2023
9791
5923
13787
6165
3661
7890
7870
13148
14848
12003
1421
9704
12008
11753
1411
14510
999
4669
1001
1417
2739
1439
2687
2745
6010
990
9820
3673
2757
5887
5997
9939
3573
973
9542
14075
14809
3592
2685
2009
2733
2002
9788
4872
2788
7668
3605
11935
2029
14282
4769
2776
1447
2054
2005
11232
990
1445
1967
1969
9746
1989
11943
5744
3476
3613
6048
1451
4689
2722
2713
1005
6053
2025
12082
1431
1423
4791
4807
3615
979
2703
14063
11632
11128
6184
2702
11850
1443
6137
3667
2019
3663
11459
14553
7453
6130
1441
1005
3605
2015
13898
1433
1437
2715
6276
9735
11727
14756
997
983
12261
13796
4763
2747
10683
4807
7643
2735
2023
9789
1989
12041
12162
14643
1005
4767
14675
7763
2685
4787
4543
7550
7872
2017
9695
3639
3629
14902
1007
9858
2731
4809
11843
1445
7644
6080
9707
1433
3659
3447
4727
1005
4796
4645
4828
3449
2739
3633
4693
1430
2015
1005
14468
4721
6117
1985
11995
1431
7568
14303
2742
12235
3649
3631
985
1439
11669
1417
7943
14737
2729
999
1411
9508
987
7745
7777
1909
14634
1981
11790
7264
2023
12030
9789
2003
1451
12243
11918
1977
14252
4834
14407
4819
2721
11985
14587
1997
6046
1941
9772
14607
14708
7859
14634
14597
14850
6262
2703
1435
4535
13548
2607
2739
6117
7866
6244
4747
4795
2739
12045
6202
987
4723
6044
1433
2719
9862
1909
1363
4705
2044
9780
1377
1439
5748
2044
1453
9511
997
11781
1985
1433
6294
11646
6031
11831
11147
1995
2745
3716
2017
1413
9753
14278
9427
15075
7888
3568
3633
4727
7611
6164
9703
7741
2747
12059
3679
3476
4783
14804
3659
7809
2040
11678
12027
1423
1003
2757
1005
6201
2749
999
14599
9595
1003
1991
14670
997
999
6093
3665
999
1429
3648
1411
2755
2667
3643
2005
4717
1439
9832
6181
11816
2003
14802
7890
7910
4797
3671
2042
1821
1441
2759
3649
4814
12047
6097
7739
2757
1433
1468
1987
14596
999
12163
9428
1445
1441
3609
7858
4831
6196
3681
7863
4699
3667
4657
11948
1357
6001
11531
957
3607
4753
1439
2774
12141
8015
1005
14106
5972
6164
11972
7818
985
12041
8027
7768
14692
2685
6167
14741
1423
2001
14216
7837
993
1983
11092
6198
4874
6101
1415
14772
11704
4727
2697
5899
7666
6179
1447
1005
1003
6149
14759
7576
2763
6196
7120
1381
14441
7709
1401
4741
4811
2047
3649
12096
2768
11803
1443
14034
7826
3702
9810
6073
12063
12172
1433
1005
3689
9466
3585
4645
1433
3679
6161
2735
14527
3673
9821
1443
9640
3667
4801
4746
11854
7505
6192
3581
12077
3675
12142
12085
4835
1359
4829
7715
9766
7699
7683
1001
2685
1439
3669
4827
3587
14648
14584
7651
12042
1449
1005
4753
1417
9800
14624
1439
9735
11912
3523
1339
1447
4387
11524
2023
6089
7610
3661
11795
2743
4824
12056
9549
7764
6048
4814
1474
2002
2009
983
1447
14450
7762
4779
6161
7741
2042
14507
995
2015
14089
2023
3566
2743
7830
4699
1435
1447
9792
12261
1433
9513
2019
2052
6079
7797
4731
1433
1005
2009
7777
2677
6021
9703
7377
7875
2739
3612
3630
2050
2001
4688
9743
4763
1411
12036
4706
999
11669
6127
9759
1969
7692
9673
3681
11595
14965
2023
12162
14836
3669
6203
1429
6145
2040
983
11602
14463
12202
997
14729
3573
1990
6089
6168
2753
9491
11904
1005
12004
4769
9613
2023
9804
1431
11976
7997
1977
12004
7707
2775
11967
14837
4773
9759
2023
1443
2009
3597
7682
1998
7813
9759
12091
6030
983
7735
14715
1315
1435
9617
1429
4806
7399
979
2673
3754
9789
985
9316
14746
14642
983
4729
6051
5873
11945
1975
9870
6173
2038
4795
1421
1975
1421
9638
6053
4703
7763
4761
987
1443
6023
14725
2759
3608
12023
1429
3635
983
7519
2755
1431
2040
11863
2690
4811
3667
9002
3647
2750
4714
3698
985
7728
14606
2003
1005
2759
991
11030
9349
14498
9562
3653
14438
2011
3619
1433
9734
8858
2703
9464
4696
9807
7636
2763
11760
7837
981
12116
6083
14818
6163
2613
5811
4749
4761
12234
1928
2763
3485
11072
7814
9558
1437
14543
7520
9719
4577
1443
2695
9734
9475
3621
11595
11912
7619
3645
11776
7087
1443
1439
13464
2003
12155
14521
11594
9806
1993
2007
11936
7558
14475
3604
1433
1005
2031
2721
14808
13632
9957
987
2011
1437
9750
2774
6057
1983
3657
2723
2665
6246
981
3697
1991
2747
2002
1983
14467
2054
4731
14708
11978
1401
6147
2690
993
9493
1427
2021
11970
14770
2753
5926
3688
7405
6123
3639
1435
14728
990
979
3688
4741
9163
1445
12235
2017
1443
4724
990
1987
2697
3613
11616
14396
9468
991
2731
1417
7836
1423
1421
7865
991
4795
13998
3601
1823
2731
14535
2056
3688
6027
6196
9590
2757
2017
11704
997
14668
1429
2714
3647
9815
3453
11918
985
1445
4792
979
4812
5985
7663
2011
14009
4799
9488
985
6144
14291
991
9472
3225
2009
1445
945
11781
1413
2011
3758
3337
997
4824
5921
6132
4539
4770
1439
1435
2653
3481
2683
981
11957
1427
1443
3655
3628
6246
4785
1437
2708
7719
12010
2056
1985
2767
4755
14577
11522
7542
1028
1973
1439
3580
14439
1443
14852
14667
3639
14724
6165
4770
14258
3561
4761
9150
9627
1995
4656
2011
9581
9147
6177
12009
2685
3619
11980
5995
7799
949
2751
6124
2710
983
9771
14541
3627
1411
3694
13792
4775
1971
11991
7513
7797
2691
1421
7594
11688
2023
9407
14230
6226
6135
2025
5947
2021
14368
989
11873
11488
2733
7790
3758
7731
3657
2715
2593
6220
11643
6133
3655
2042
2025
7850
14750
3748
3659
3631
9623
3752
2739
4629
2013
2782
2765
1977
11967
12070
9077
9397
11917
1445
1975
6039
14148
3565
11959
1433
3716
1401
3613
3565
2743
14701
4793
1429
5392
1383
7593
14727
2693
6043
3669
1003
6023
4825
7603
14707
2733
4866
4823
1391
6103
991
1466
2731
5979
6141
1990
2040
979
2013
3718
3667
9172
4772
979
5942
7826
2661
9051
12015
1299
9830
9503
7683
2697
7077
11475
2040
3671
9482
9752
4743
11470
12179
7770
4876
1431
6178
993
7758
2765
12015
2753
2001
9824
14841
6131
3531
1437
3559
1445
6073
7568
7292
15125
11865
1433
7736
9793
4527
2741
3517
4800
3718
2727
2707
1413
2721
2017
3712
9599
12077
2713
14416
4461
3669
1028
13821
3639
2721
13374
3698
7737
13812
12018
14638
4704
9515
1449
2715
9659
2023
2745
2790
5959
3655
14451
7661
14154
2005
6133
1431
1985
6028
1315
2818
6206
7819
9785
1405
991
1993
14459
11826
13983
1449
997
9599
4727
3614
3686
2731
2005
11724
7834
9673
2013
9550
1411
1003
3669
2004
6161
2035
3641
11388
1421
13953
5983
2009
4686
9836
1005
9294
9308
991
6071
2735
3619
7685
13992
11719
3657
7662
993
9552
1909
11814
5762
2768
9725
999
3694
6037
11709
2044
9756
7914
2685
2046
5953
14480
3619
9531
3642
11992
7757
991
3633
11799
997
6171
14685
3701
4796
12050
1453
2003
6174
11752
12031
4749
9305
997
4765
14458
7572
1003
14738
11807
7614
2715
12001
3691
14640
2575
3653
3664
4702
2052
1435
9777
6140
991
6109
1427
1957
2029
7831
14716
983
6292
7759
9602
9931
1470
14517
991
993
1003
12860
2725
3545
5851
6143
1431
4703
3681
990
1003
4803
2015
9516
9574
7776
4729
5984
1443
9506
1439
2725
7830
1437
14426
11298
1983
2003
1439
6155
4819
11725
9736
14642
4757
3633
7633
3587
7685
13972
2737
1993
6014
4756
7633
4667
7517
5931
7562
7826
2737
12239
4721
4501
14814
999
12040
2026
1997
14297
6260
9804
7757
7824
14344
4368
997
6155
2751
9594
12218
9215
993
13148
4793
2029
2023
973
957
2653
7776
4675
999
2595
1457
12110
3602
4575
4805
993
11504
6163
2009
2753
985
4776
9554
9641
1941
3663
6164
14551
1425
14387
3661
997
7670
4821
4783
3661
11169
7819
1955
14778
2765
14529
7795
6226
4710
9908
14787
11982
2013
7794
6121
14401
2005
3686
7779
11985
1431
991
991
1997
9318
7796
3653
9520
2775
7481
7540
7793
1445
6240
14469
1987
2780
2745
3639
981
4832
4803
14449
14678
1030
2717
993
14748
7390
1909
5891
985
7796
11997
11988
9871
1005
1981
9472
6091
6090
2015
3685
1357
14332
4715
14779
1028
14400
3559
979
6147
14244
1377
14593
4536
2774
6012
14589
9909
985
5992
12049
5956
9691
3335
11946
6079
957
9821
6059
13830
5866
1445
4692
14492
2003
999
4641
3667
7689
14416
3647
3682
3667
1445
4776
3653
2023
1451
1005
1996
6165
11294
1005
5761
3720
12128
2038
999
11988
14807
2019
2005
4894
2737
2017
3687
7791
991
3699
6234
1995
1417
5999
6043
4710
2023
7824
2677
11894
10586
4727
4822
14277
999
4795
5953
8968
3673
6088
6087
11931
9606
3627
993
993
1472
4820
9703
3519
1431
3582
9707
11921
12055
7660
3708
7942
14883
2685
1437
14674
12011
2703
1001
1437
1005
4799
9801
11655
4408
2725
2725
7632
987
11883
3563
1005
14024
9466
6033
11417
11751
1363
987
2015
1983
14196
13968
14464
13947
11963
2031
4667
4807
2017
6224
14290
979
6195
2040
11458
11612
1983
14351
2657
1933
7809
11852
7795
4761
11576
1983
14873
6029
4701
985
14416
6215
14557
3633
9866
7850
2771
2765
9778
14818
6001
6093
12113
6204
11915
2743
3615
5817
2699
3617
1999
3649
7741
3630
6102
3673
999
12126
14756
7932
12023
1375
2775
2607
9394
4721
3663
2042
14530
2044
1999
3675
2731
12126
12102
1415
9633
6365
7705
12445
3676
14546
9765
1375
14822
1983
1981
4743
1437
4834
1001
985
2727
2017
9602
9692
3601
12024
4781
4757
7551
6039
6095
4729
1423
7853
1431
9759
1975
1447
991
13956
1451
3677
2731
12080
3700
2735
4571
4685
2755
4729
7672
2035
979
11842
991
4661
14820
9957
4760
2727
7825
3607
14432
1451
6173
5752
14225
2782
6248
11991
3633
1431
4779
2737
9489
1991
3699
3667
14585
7783
9541
7736
2748
1423
4781
9858
14656
6210
985
11997
1001
1449
12053
1451
9609
14118
2723
1433
2713
14644
6090
997
3615
1460
6161
1997
2641
2715
981
3601
2025
2044
14695
7412
1411
14325
1981
6095
4769
7637
1417
11860
2743
14808
2003
1451
1849
9800
997
5966
4753
7586
1445
2757
14158
2607
3479
7757
2725
11971
3651
991
1977
1453
2727
4733
1001
989
9346
9482
11800
993
7779
14416
3565
3580
11848
2751
2705
1893
4805
9858
7591
6042
1995
7811
2691
14563
6157
987
6087
1445
3601
2715
4823
2034
6185
14490
3485
9577
993
14685
2541
1999
7676
4715
949
9647
14252
2765
3621
13841
2723
4787
6167
11926
3611
7673
1445
7872
3574
3549
2711
4825
1437
11789
2706
1375
11851
1451
1429
991
4765
3543
3605
2709
6028
1998
2713
3601
2612
9740
2753
1423
14872
14280
4703
14729
2613
3587
991
9794
14540
3653
6280
3680
7741
1443
4669
2685
11912
2739
6933
12001
9150
6141
4793
1445
1437
985
11771
9738
14565
4793
12021
1417
991
1429
3641
1381
2003
3700
12124
3653
4773
6163
1433
9442
13803
2003
7671
2745
3669
1973
4807
6000
9647
14794
6194
1433
4661
1981
2042
7757
3708
2023
2685
14881
7625
993
7771
6103
1003
6067
3608
7852
6143
2838
4703
9324
6228
3698
9586
3589
6198
14780
1981
2003
1457
1445
7702
4812
4814
14500
7775
3600
12204
6222
13276
1417
1429
3669
1969
9614
997
7765
11953
9518
4795
2737
4810
11763
7647
6123
6188
11843
7909
1999
4652
6185
2717
9743
999
3563
4720
14180
991
6021
999
6213
1427
7722
1001
999
1981
1435
999
12071
1411
2729
11918
11771
4813
7800
2028
1421
1474
3599
999
7114
1419
3695
9148
7497
4749
4746
7754
5990
4727
1417
993
12057
983
15063
1439
3683
12019
12174
9515
6098
943
2771
3589
1005
9694
12002
2015
7715
2009
3580
9428
3655
11732
1001
11707
15089
6125
4828
2011
14782
9724
4813
11915
12064
3641
7848
14730
13908
3483
1443
1439
5986
5892
7551
1895
9557
6097
1417
12034
9395
11946
7781
1437
6176
14752
4735
4788
6067
2049
3591
4818
14689
2661
3644
3685
4785
11852
6135
2661
1983
6099
6014
6264
12030
1451
2032
1415
12182
949
5312
3621
9800
2767
3615
4484
4784
1005
14219
2788
1445
7787
1431
7701
6224
9591
3568
999
1423
6207
1975
979
7655
6178
11858
987
4679
9551
1983
2749
1468
7854
2745
7592
6018
1439
14391
985
3661
2759
3627
2649
1447
1893
1996
991
12148
1965
9750
6139
981
4773
4733
4705
2739
1447
6060
11733
7751
1993
9729
979
983
12134
999
11640
2747
3752
6137
12241
985
6135
12245
1415
1431
1423
11901
3605
1947
7769
6151
981
4785
4816
6127
14903
6174
7607
14593
3627
12010
9378
7713
985
993
4729
14576
2044
6076
9485
3606
14466
14781
1443
7614
989
1421
987
6194
1433
14482
1299
1431
4777
1007
7641
1431
14043
14509
1423
991
2711
1476
1989
4706
9611
9409
6022
6149
1415
2017
2747
2751
9764
12457
1445
3699
3689
3711
7753
2017
3693
2733
11748
9657
7838
12295
7671
9725
11965
985
3617
14726
2641
959
3573
9621
6104
11965
13680
9713
4827
1879
14722
9462
14022
4779
3641
14734
2748
