441794008
670217842
636913482
676912908
752180114
94759883
336902193
287156833
438553662
915162737
24898707
804704611
345415707
260978153
972784541
609620929
152341400
760749965
112400105
38796209
984870608
950719693
542882951
775685918
418466941
368936607
842068318
198785666
722273266
43740461
644863366
259450500
877786787
397790402
399855710
919145564
79685402
138192539
90344597
154253884
995029018
227515630
451230802
567160993
900945649
213816420
211804547
706474044
704949279
841604235
208126383
523457149
538403189
86318742
326376232
5186089
323676793
244944776
61745453
66259215
913355812
306185315
27073983
144685205
407925139
933964568
36928880
211038670
282080967
913050059
89758325
52284023
694318491
122019697
106860815
865288195
503684830
157842599
757175058
422687928
115484051
144662875
743085178
291487470
567259841
814744236
250076897
30287569
171979508
657498880
201333252
719976189
925528104
996582411
