725438478
354200258
813511559
615472892
844554336
924913336
737295478
682125792
430192494
561531543
493354202
664010294
209155802
549097142
119072229
593158518
631721097
391916803
326231069
66894276
455599392
705096677
240684538
237667068
72591250
610154671
856218712
556011536
238699004
719931151
541927525
838764708
535563381
182290029
243092766
116840442
322552180
622147896
517591037
606322162
581174116
633657152
290698070
129528950
409458380
665745711
716536658
604320180
613263700
892409595
415408995
249464839
791168878
928842608
648494330
415070384
443535604
741412736
52336453
307967412
749398067
517236848
423259756
610384568
680662705
669365078
168102313
405751619
134162786
328619039
184077799
55779638
673554892
290808391
125786924
19558389
41847168
902192836
527723145
133230038
137705207
706179532
5007187
167365379
978925753
754373964
65092460
16222097
925866919
827804674
184225631
675069806
349280612
236711343
242102965
77189511
222850997
706789256
992525993
666374587
778612597
276542052
754357972
306303067
321862047
110548017
471576095
440914898
680099376
138379820
802257079
126294009
330620912
741740187
722109574
286411649
111899959
80112546
730966289
381959401
779928867
2093808
777818564
956014923
137615674
362501014
262143579
565499677
96629513
230982471
655086946
670122052
649481291
914729256
478713463
971922368
530723299
660881401
810117961
878907838
818202332
138871147
871643669
211182591
27831073
458822070
885420638
494784949
419070613
720606323
490109148
376721511
150885313
394174319
325187043
548954131
956987377
729796022
510518876
363220710
493525902
214041219
85144446
522113771
204860147
414270530
616338369
713547850
364797013
842178440
553725876
540888159
14205969
812156533
367518522
287326813
873318775
336901402
531610419
280276556
439455557
91818225
203223356
619273943
808904217
16155465
872594473
648292999
659017652
24866942
388556801
793452844
9474121
512018399
578242869
734039295
990749338
590350627
887838373
935464913
811573946
493575573
543216865
223285096
336620171
317604974
458802237
480265649
495610392
44513705
895110194
618314396
95355100
862331785
668466968
8639686
215798572
856577822
147935090
270124949
829156255
813132919
774237196
172966418
84677933
181521276
751699812
636646559
842128349
928746054
194494183
77669626
341626704
930843436
927982628
80362852
969029400
725196194
395184374
290429133
587944891
862676499
967656493
49418625
920268939
664882430
212102689
262615143
156891535
518051122
422085420
700578452
556134223
788003963
142340700
653027113
248080501
536608715
171651931
713450084
458380986
923677015
251103996
980461307
609724094
994515590
83239409
550118749
201393139
96720142
858858342
779222921
353461549
923890226
935696772
384311499
928432306
952982147
141028992
533891419
796971513
268539107
269520902
562484032
16039829
47235168
399466074
279105845
433004686
642252590
614042198
430597345
959608204
255825919
854882141
338867376
468025584
812073464
371753550
493889489
440718068
428252093
931769019
850679934
531295705
644764283
968120914
722702401
792844164
589284826
86530858
852801230
675552022
939422488
997715126
365114764
696780202
280899474
437918769
291147717
681486655
867195970
848051133
337615884
654330611
631092911
172793870
264814609
365313916
41115329
417509580
883520302
224304902
860445971
107960569
417861389
647761423
485324470
767613260
997326653
225598597
879404636
207310094
877162272
387665715
648593503
552448116
909539084
515027151
717789941
881926086
643790042
976259605
224417146
563085985
545085013
182975997
916882266
148314947
923095994
377627408
768691267
373605798
776154044
298437669
637703850
196050251
833360189
689183593
9556046
260823185
516966106
864500689
221691918
406802739
806236893
70007085
530457555
284074457
537434259
877143159
464218248
90611757
160422836
769981510
31077161
260991470
706233299
652023116
813565418
960934897
200268051
291879372
587755816
126464283
224421973
346541762
996064909
1735788
445656187
936116911
793181624
863810972
980294484
699736809
528062494
757438405
965830248
134474969
1543970
560430154
201034080
27320290
164813492
222307376
982866580
133640917
814975306
421643999
270142040
66291899
974842125
199653069
371862330
626951475
455856833
950972862
792543756
349397906
48799322
561852366
32417551
392210395
149141970
48612576
279202722
753732526
201455229
384520319
539743153
816806390
876574342
928263545
573402943
282356972
869596719
34256977
481341450
890370248
372264811
73157233
198181926
509660293
177567080
400317880
468496045
257964609
467228240
890943320
730326873
851837356
688162668
618761634
130624153
969645944
702496223
621878166
389351363
656954027
973798466
202487600
726298917
489016271
874548657
306309463
223265222
600722488
775265485
424120881
245013597
818925295
222491097
932311529
571820046
710073548
815136661
890718379
876088824
194966056
709931044
462765939
66858884
916925452
470396695
100192304
558867302
348715241
863486806
118375661
313033950
256411346
487228227
987695536
272081138
478182021
767903881
306136885
693639513
652735210
630225268
77474383
549127085
269054905
545471370
725538667
569064661
365885492
162100321
725933123
48018695
264005547
124055244
250294621
746647726
767168157
214133762
689379080
532512988
544224317
452792516
198380666
847722059
75882886
435134430
786883175
698088528
129743832
427286328
678136507
62784347
975606105
225466477
6222456
737396928
696952263
530679170
865009807
612623712
769631108
383785087
188123373
215680876
527023988
347889157
183925604
957790833
343117320
706204427
2808926
309889464
699339452
11819833
230963461
486984936
224425258
961533874
333567365
52877595
636827430
148768268
654898765
211709666
649594588
553356314
720554107
527513353
673830423
725290855
204101436
736511901
430530261
618830409
327540988
22455120
818420415
351091554
939976860
713528346
591503950
268741617
109728532
343096224
30002305
781388894
785952815
504623078
546102104
154499836
278892079
445989796
566550795
848542564
476539636
841139591
586025415
994551529
153854161
114688004
609270500
283230983
260997043
825768235
196209867
551485283
247747052
79454931
382397971
415730341
642695510
885255778
423972320
38657297
126412046
286453159
122795900
901330619
648692834
129004343
927433302
538027008
780101847
601105676
207781919
161387958
375159098
13266522
767569213
591339819
663560079
497046047
954242750
107444391
570836192
837603591
530866724
126697208
909950570
266915719
121205858
776859285
988020335
956671460
665713618
701334521
258572976
825385594
874865538
197932067
626957900
596841438
927051418
515207483
217064613
80231389
494657923
895926041
783917457
312400348
158559174
333457283
827976967
182503779
730952180
660538000
965909209
501014136
223392449
583748876
426865298
451151976
321442424
986402124
362505088
36108495
980659178
877839193
73395932
632315637
162530643
851955552
429121144
237321196
483177722
423974297
605170646
64950552
868973229
219042386
330019315
693973977
464048816
641562717
696010105
582267961
598153967
199886024
296548281
838586349
100219703
646330777
949445033
113237562
326766152
627628729
451544724
743011234
125967181
648654372
913515021
817340415
332709309
660149601
510816310
914583022
552201028
963588134
291303415
418607170
753915806
603659875
743276629
778106979
311275443
824263455
737211587
675354866
248581131
512020688
306065437
869646985
602665771
141923191
966618944
164554166
315249146
560352497
703179702
258802284
249486590
108479542
179807927
146993806
937646918
29628979
456608814
469307808
544142360
333761979
229257745
578925148
927493725
601612712
882064213
888587066
482786332
275090151
182293184
793956973
23714308
368581409
472019889
134070506
111486083
93725050
207685311
656059597
574285135
694389004
970336572
279325397
723853806
86722828
955561628
627656667
908990544
76341333
866455169
143631885
203348310
254786489
596123872
469322418
885176394
170100940
600321767
542830908
979972381
250567986
948991518
488858573
616214986
13769737
700434359
447830213
797247916
584763738
87759151
537957721
732967391
388829548
461384525
471137386
334378257
604181760
468737957
904790802
34974968
186686454
161648192
30099359
90948504
237955170
297541836
548360552
906080478
380074297
401292253
241971446
342033076
763468107
139179265
651616689
489126730
956487154
236334238
500290005
730326702
464074741
791460763
82439673
745633805
782072666
685178002
233004525
776594918
584766211
603950056
522441208
801593730
138537524
434698814
22753047
570064631
86879613
785495513
251898553
303395149
141628802
637447619
314631017
71153087
27231941
80864109
202260244
343126661
911853476
78837267
766577284
786013064
567161850
14351710
944755763
608348452
699237707
45261964
387839605
771790748
647601590
347060207
518959761
418605728
111867757
888537146
582926027
359852353
393190929
136547947
860717171
562970235
510805673
161535319
467805275
185128194
350670311
909421277
749728650
596678001
936629591
528284211
145564295
597720105
757147321
773151947
700994384
483618359
597217958
779794538
967994897
386711598
585375173
19127056
646363655
502088681
731542340
408093028
155244169
983929912
182292141
531080042
650275734
555499333
579302110
235456955
497031283
499890273
154578459
78397915
314541831
642332722
234957870
424434674
909614706
770354492
673201546
952308355
772347036
672034463
862717254
2817162
153818525
1775778
169473179
878602142
617849486
551614302
538927771
987514227
980625574
516157437
288429271
498674259
503835877
497087598
506365060
