329101911
794725505
220129366
690878709
193472912
697999167
777838045
730038818
248295477
836379545
937391715
20686715
335638800
147421792
119752177
738146321
829312222
955690811
555930375
938903681
929598910
448227195
888843503
390411716
318030101
167393614
472043479
693023400
475065312
263434110
615919567
211030458
889018661
367120925
117464596
543942427
494025106
622686298
765704957
910937391
480385400
322580832
85510381
338836408
659304743
310122624
841485427
856757185
116462389
522400111
419143010
530099255
191978560
433583884
806421197
571995835
157681501
227833546
754125371
954344761
487476848
481592028
736508067
478045592
806861161
620938795
51672143
814010621
952430247
26048180
482022875
713855161
833631442
66032936
796966160
856667619
8210650
843155917
692541997
146206401
879843079
718175781
416236707
165819764
143642729
614405000
123975548
285664962
502591083
214588296
469666027
580958103
184666509
660518707
231181502
422940951
954120194
223390741
447072560
979751966
14462967
656046910
786079652
30742713
821657743
824938525
578653526
534030815
403409763
956533889
520409503
741574002
263147253
139804464
712846719
733146224
625115796
676012890
221060329
202491441
670622502
524987413
330033794
885662068
428523844
954857619
441611634
55591034
742643807
484753593
840723492
704690359
469043377
448613658
432915082
58709940
342144496
325480486
833911208
941244186
587901470
952732513
397563383
659636565
936436554
393111354
176870187
5868205
919154063
719786433
662398180
848935006
740733934
826873972
13206122
189452100
445023600
988468609
754780552
494685807
918230851
661376066
3523811
314257237
904192615
772551182
810378923
559288355
995598994
368943960
313340113
767271368
893455351
134040780
672424117
288918227
542439829
265176702
440438764
58725173
736024026
923690396
29219427
234274578
935114169
589888953
399491683
802326137
628159547
247824517
381776238
714205553
966736075
430431871
718613646
292584144
396518893
981009410
781239551
739744185
99791962
243769235
488589105
658097550
6049855
372201372
346590594
350097948
451676907
109835738
118708421
588434951
800427031
423422263
583615824
698258152
723277701
276562500
794842912
981692264
479859524
256904496
477460817
46827991
171661659
893940538
641254857
268569042
873855815
402782322
41093295
838427034
756750416
220317048
119218247
591820752
756451007
433812401
951998104
124929851
27338140
631531383
913632478
817323005
920061928
68415448
400658519
667373579
507863185
214260145
723157556
18460507
867404465
497232279
10762020
956051312
152706434
613377120
163884024
102850557
215911548
421952172
882178684
348402516
669103371
696798702
481187737
374958377
568707018
645003083
2269822
433378174
802989495
115202579
734754716
168781083
884433314
628240437
94405966
327212621
619985562
558295496
181882245
447778398
844458475
466275407
815700423
424608249
301101960
432454529
90824755
273511178
159501152
33579656
674516145
574310729
681249070
534343473
536284724
876102683
248725102
72497972
12102977
865262957
770842015
110171856
769416805
909405001
501446083
560072083
913757669
777275085
396153170
546309401
649918754
435696260
629468941
520557378
63853121
382714061
54202053
673697693
595412906
366294062
315206159
156106527
155413347
224090056
863947702
443229584
271025997
738624996
237355736
918751438
598771734
394095291
177704653
265522679
225721073
213028813
818921810
56918557
45932636
487503804
318542444
973670915
528045677
433155053
684573570
147780299
267602083
2281119
93491497
482548118
373875647
595510368
979259240
697205525
506253289
313506064
221682062
279783040
513262120
894912412
118818056
612920451
641988966
410914699
447827434
320770549
316708739
930490573
705389048
249330171
516904991
383722071
616448104
253037634
516062787
715516499
442692195
566989025
233315086
384689450
923688221
769361004
722428329
681869817
740777694
17944261
49211214
539085722
668199815
402042223
127631568
49741052
332332903
155660764
692730512
614774158
827758706
691346379
59758600
154427236
436358048
259855909
92543218
291648977
376732629
517285515
79708626
831310204
797499653
360927823
176871209
453111782
526631674
893783196
559213296
830191564
403146056
51245418
991893204
978049233
898502573
649152259
690152745
164821224
283352134
559632211
724681622
151790837
19664288
172288014
985759756
68166199
273759634
795630438
302219734
567919922
263560781
852804643
592044247
164273318
274278965
445969603
64298156
261478559
493230053
835353593
461266241
689140148
578107128
831289016
349760117
854997269
624878531
487418959
79870994
235835468
206196998
919675383
56424493
321675502
486387167
128045917
304341584
774111118
980034934
752356291
594564313
351091391
353104234
524262612
963615379
645551471
352302712
872443967
116564985
183067012
419777487
810262189
159215681
483157166
281829281
174932971
184735307
556145438
659523045
688749641
382771573
32855536
936659090
926240031
62590985
777546554
181552821
609249292
870404069
886374778
295783327
690961936
441560798
621515066
894716258
170244229
89582439
922933828
231354824
233314666
339954711
618516099
605699418
47551387
22789299
679596649
993734517
107963656
469465286
707090069
682892423
331438062
681362809
17499320
813153806
751639945
307911086
407679091
433731253
261224043
525731128
389254692
154479199
599732302
842190959
82881453
257363656
37128040
798842135
616871026
200372703
21154404
625667577
64655834
215895064
285859899
84498684
675434448
632026247
216571815
996636314
314975531
427755242
259797629
996436507
252638754
142014212
64835704
281971722
385272634
260956783
670464267
253915064
793285434
903324026
672752384
260222532
881089662
397082248
874661620
67140680
458769892
875007501
406110486
713461862
658488861
684282283
64780363
597970854
914676809
273074296
670016802
332890682
202671042
277888489
289192066
234479132
53650239
933723234
216929724
694992277
753195746
680307432
130396313
460870454
719279199
241071365
44679872
150184425
398547748
841146515
260719502
13160033
195909689
156986497
666620962
782865539
437670968
369032693
256582516
566172071
460900010
567546086
820255400
841934023
878062307
118918418
658660124
108917127
768928435
993036644
542887132
157732825
853569927
10453322
326928243
171982938
206790638
13218453
800673732
359966136
674458295
625742475
301090069
646948384
411282592
184222906
515445591
377689121
152321840
81614482
452077061
687226268
667196115
801430660
408051001
817213288
981293819
250476852
330473126
727664071
235899197
221975931
906019478
891151389
114785369
343000019
148347123
125354376
486280645
565714555
667540228
736180785
759763733
823856830
124531290
951263941
938025259
100038413
459164473
923615782
581559302
223253798
745417150
980008780
920195101
88495676
323601327
192839586
455424276
740313208
858432292
701755138
54207156
655042009
552515217
915878220
951317511
604370654
814489537
896664063
308511190
536348560
869111048
262304838
974989076
666790457
439749503
443317667
644442536
95533157
128223623
137551778
201898818
489904423
72892352
482321628
601791144
543438116
157293609
708299408
343174405
732469044
423215201
769941739
31400326
845777974
640259040
616655902
423375827
87956623
540019343
498257019
892301467
453103414
212854351
529489769
324256723
111063029
128466223
402191065
561018673
609510215
397538956
449320050
132662465
564558200
464836887
727961991
62243515
389139947
171803222
989714818
28450421
176586223
18778697
765902649
662416140
121190318
444555468
277217288
809735195
675256488
407872743
315841050
207618354
335182037
904982392
883014899
209399198
107233646
378202816
970137234
25084371
243537460
832163262
65929457
382993556
910065423
271323471
235428042
885109438
957198361
217485495
997319994
932222595
345118075
281264510
941668516
29665888
976555643
644465884
230400108
962838977
254452961
745991894
557519153
5521052
287430240
316115720
358037296
147645249
428435405
681297672
310995665
960808909
324157602
100749353
246824484
344718973
606998008
487017876
138051831
960670339
433156906
241887284
389364475
48288048
604254519
302506426
632495255
19947214
764900907
844154855
408298808
273587152
242633667
881402827
91337554
203631519
194333779
536368266
596073247
902424741
62297718
81735437
900514869
401729016
949251239
101056186
54220033
697625897
78534258
599253151
128867033
336032508
214117914
492787162
942731312
354481870
967014654
637297286
435659392
826552901
296110577
429261054
104041657
26856214
897676722
340309080
344393966
355554153
316382477
494077129
229608927
305910598
930984854
175295215
427431589
721329810
218027090
97070850
551080469
453560533
390507064
637408476
122616394
532095801
321640969
203629750
180846658
210337462
868814977
402931800
365062372
965426025
711256577
732308588
711072361
683600519
25042814
852958457
849594226
300775893
688515448
185360624
824508535
604407378
73077838
639332452
630215060
4248342
87703231
261746213
2366886
323551067
224258449
722783898
36474921
681575618
708399044
268534568
596258958
304112612
288157939
997890766
233554505
948723510
29590624
481608669
23788586
420785119
699368495
619592208
479629740
661401600
528299081
636333783
791425869
145685586
322682220
347926543
541724127
596272107
239169756
207916610
626196569
76480923
494894460
15515874
867798816
35493283
920609259
117672241
318357317
903097284
545593005
411350908
769341065
356700492
448540817
236100930
835260279
620180436
29148570
702261084
607283280
624866688
140918528
560783073
508844937
386311902
854541079
25012698
868731031
518970286
330409059
965425286
93638659
650345095
507528310
388813603
686980668
664232118
441603093
423003573
673769090
886926295
962894593
768385044
607295575
430200237
770043063
809096162
522937253
954333264
893643599
655066952
784456119
585758724
642490035
609739845
666675395
6505944
1157118
724285596
664286628
688234956
637836474
739919610
989990743
643065682
322872057
103071034
22557801
416175229
33922703
859950579
59119339
455378362
795585013
288170537
188235213
296143201
1004743
361466621
90474138
237472846
283340647
501595093
402902343
282446457
690562839
785502655
368990934
868531994
720617418
611406930
684926424
362914639
495626469
443349276
248343732
645888472
23819844
652443974
548273722
367412439
751321496
361883271
622409982
106089170
517483025
4418926
76821558
74154605
273693622
197309177
763505704
265094557
406829674
335044422
401299382
777029423
756826795
493894533
306855655
313496768
867625097
895791399
705915554
68946999
250076028
296102007
940990594
375191903
540647198
331862812
20909087
715999447
485323849
923094820
23187822
804994508
677005611
69411762
841880621
772398465
59299969
437912546
631751177
689505234
256191590
254788587
236706454
652598185
843759697
967750047
661479127
839597139
327511826
935857898
523586307
930093782
129646038
591337862
191534332
22211842
719351175
576821682
374759386
530886207
884239027
675913212
530231678
154816848
970711855
627638120
565547660
486684219
811677084
692009314
723643722
484766170
357881040
5677176
41464425
519282769
128581914
571560497
461878771
609042703
966053194
908600341
814570605
54348943
809900979
36301452
910989648
377250355
861643807
701078886
535994818
132641186
840836430
505624665
433043544
983601505
898891027
529093050
412357113
311234630
400995359
84791710
335059201
734406705
702722476
137748091
310529553
53336676
939338751
431368677
790809471
162292542
771724139
75692531
960819184
920399687
994318074
245453581
185950498
212066649
759189666
830323517
707221158
394229223
261968277
529297565
72458868
718422152
933646783
812534967
943861770
733526134
630800990
440959668
797503720
579638891
529769564
626069717
196887786
984255677
204988289
151066664
937720481
715425536
988116697
825272403
421323344
363254233
13206376
827568882
244279023
908218816
101110936
37090221
937029231
467731572
138309007
940500941
492396826
117785142
516848180
95079668
746723712
965133752
986636619
932776266
591634894
677069268
185851213
151244757
321905084
461305878
33408154
295410566
802420521
642963764
743220755
117077384
392105135
346078905
338604820
904772416
810896826
753191661
212035218
84054605
854758229
429514262
24998201
413311719
78541010
649136269
493738384
465847150
138607255
729117310
440381199
265025295
518275435
268126997
424512197
894473056
133682335
860157150
48142178
433534367
170448398
505213426
681629839
412664649
972737535
862795408
366026817
317719837
330891052
396353315
126541245
762994055
209469167
500865893
184077397
954622717
816938436
569515753
528385545
149590625
481805958
14682327
315240016
683760795
533044823
721337601
166144726
169551032
3183418
96866696
914240748
419549598
484732619
907964865
72106821
760063942
279848455
978131841
650327440
800369110
581254859
238843872
365012608
271820996
107964593
125967405
580443482
502987732
155482648
62479648
345863137
417201227
985385430
196432876
289590699
324292429
190395777
202418563
35500239
129283177
940762074
402425288
335892117
291552028
248870631
352132980
720313660
762443896
720955693
972336127
587198908
63764140
477572016
464287509
538076075
90498615
408196009
73135798
74326351
424556019
243998090
677206997
834496075
838503632
729253649
423014341
627963969
549683917
75617054
336412972
671487539
695933449
269741824
660500490
607594006
553944437
687008305
563967953
620858337
396207084
994826583
23445346
633595160
27480105
61195695
144729643
394014789
280322972
42005523
204827759
892467298
353299433
416721236
677209180
620053233
153694272
53889400
490382946
745119210
685539517
622191854
447820035
705533311
358831095
380741873
795911120
644284242
55870883
324781845
894244441
929290645
373222082
946268828
332045465
709453156
358228207
109637066
131267024
788779225
195010731
841128571
14293238
501422636
212371604
781072163
397885780
120348704
333752110
838081868
428203768
537400383
229868200
458505782
300432116
175738906
388108792
418870771
415790565
804505678
653727021
496257702
396848939
977703803
285450692
172163231
986861853
342293712
273842812
538696359
982065215
308735651
703227903
414328300
504699659
184566872
59072698
581791222
30121617
471727103
6449589
582177682
868099319
968598533
712696018
639987988
164253116
435828717
230264985
135499661
411012642
17193896
502148562
533387034
422649525
62067482
877585896
780442925
369550263
965971764
930330445
557059087
832364367
518238042
922577984
7231096
566697206
112374709
691231024
745991953
520301970
720619615
44714708
296353580
291482444
749891812
788306652
19006387
228329182
904768112
779419429
246803345
26985088
574159364
543769158
606415969
820029464
168011008
94560802
282917728
31612979
567836452
562053073
37379212
525114405
489503638
284263124
445203149
121545965
924449877
451810656
965330623
168617728
413522598
656289744
169043399
84730103
605597231
552799725
876967070
905498718
884839257
324337089
304234568
115240295
632489619
143190752
802619592
638589415
305316680
736928046
634570039
832366317
393141675
361827890
488848774
682368932
83720910
120239153
184196052
154105930
340670671
546945286
24590300
199832184
573347320
765212374
850026165
411327354
763664879
474881263
917112916
795760335
319392951
563527104
19020180
19660337
814798710
504174227
470871308
579598098
105553937
33460968
342669230
353983688
657081406
25036402
802304263
212397464
353358337
761038862
885757493
841658304
750999527
295255409
435871508
699010739
417175115
993897186
463317577
63972951
512347021
685011534
389658042
155804274
380151787
17145404
306789672
310657219
817928777
133994797
819097354
757189977
766807355
456647642
453832959
99311841
268112537
453456282
482986662
20675659
597358768
72891990
842092761
74589690
452596609
961252159
137982943
355134122
797876504
597125484
730666534
820926462
997250695
156709714
665881886
523471956
963608429
373727665
188296448
2586748
469158138
335529367
482055944
503299710
743246314
250398458
500879326
181375658
863032939
539210799
643590669
691349782
713086549
456044685
360860112
451567032
740794368
744019293
541671298
249523330
455124230
445115658
859491084
776227890
862989768
210879519
92444046
921694556
708182131
324811599
463521258
748148775
780779873
974843728
829406296
207864826
782173927
440840453
569399723
280412157
993447191
130293583
268497065
718871837
143377728
716433344
614987704
647271432
67251674
767479185
457724855
288651277
430334823
407450156
994328643
33467349
492822928
534439831
314139964
906882977
16818475
603305269
72451989
829262585
626771248
552095064
24452335
300224188
76460150
682754078
932328000
825810887
887198144
671804321
192989055
578424792
992216296
307673271
287183476
432599365
524773762
731730812
722185441
911438444
264372290
50638340
660858346
374470670
712633177
73503923
421622194
583842724
923664385
132041081
357850234
71903985
443184938
479270853
620557586
961394333
140422016
447374115
370706489
514463947
355291308
282788848
559953298
532615604
738588843
65501852
959746454
662355637
519115729
859468332
413831140
614252004
41038993
610412965
320272671
15286560
626259514
12856857
828335529
324326128
306014157
911086363
269410005
801172109
794611736
834176714
293444773
895301693
738598628
102478590
700399743
587407194
583701628
843854898
651085458
197106632
798820248
420631118
230842460
907772602
467629390
335517965
109558950
413305559
432745646
900950357
900966076
241912415
558189502
311663874
36652748
526050145
40096560
420841175
416759484
146415167
607128273
174613571
841400582
470463476
360923941
527937473
985503553
875424225
746349770
139738074
82065430
339985485
182746975
789489565
590287885
233739149
419481855
843377594
701092016
75830204
253165314
904719584
182047741
708202353
25856331
361341379
126270633
454519732
304465752
827286215
582420882
395579973
652270190
104291684
134989814
844811230
601110556
609023021
845747869
739236681
120036672
417190559
898665846
235254351
920637052
457161281
178163485
822574508
766405581
832519587
792327797
23762628
752245225
283074281
220647160
735134742
888739404
681060384
386590026
550538043
107699446
558897595
700963019
854005426
991379942
348829869
893126621
554930094
662090074
929284030
783372286
299493731
514562317
430954333
704379688
591087149
142594512
330434806
943905006
563347003
312077250
549572203
84953468
318818577
509136839
807857357
852246178
704195982
823346920
66955790
69017353
132964805
860409801
990753574
681406043
662010617
978779926
110271516
475494475
635448845
734099149
522344785
889904045
770149541
781976813
49022432
570547411
605801467
604588298
183610025
769225483
939251723
920803430
351981905
133129648
162415379
235065071
468349819
674864655
994419752
535499097
332555702
343243769
382267442
141040824
526130604
96252385
223516557
347353386
814159954
309200620
224718501
605844046
40248758
798292014
263795763
545388601
977528627
445425971
711306719
968123585
419888005
824572604
231197327
412298564
254048050
528892183
228581096
343946646
526349274
871264416
200139878
433132700
778837963
539172178
254845291
86227833
320930805
509988306
86544316
549577272
671750147
980121973
946313745
966780922
102252187
77669
397513224
42880728
666839778
470831675
297091229
924111772
397435435
217952204
14741233
444068158
396618549
974541519
204263158
602279806
274339690
541122444
34990173
376120836
431721792
505154057
646935378
262911888
390635004
871766972
165402437
722271685
422330214
825245972
425000849
382633137
166936879
735978874
852734149
603372005
150405253
857853659
573768716
243333793
982531517
691230577
793262200
880984879
420279892
153665353
347454657
497678678
751251946
250435819
996428409
286946997
510580184
822369065
832261118
919284571
757735293
997365316
212209707
51711408
448661799
904556579
4591908
272634728
383947981
110036077
781620837
270177207
753736845
412058930
517864050
685088740
780616340
997281536
481854394
815866857
55924479
195266694
251641259
198139790
53879228
529860141
260789617
191603650
503614085
131525656
664833857
296159244
984036709
12741429
851766450
838716802
276960902
105367089
177129603
996941133
642200291
540256328
954787803
495597136
687598715
826178719
343302396
971029858
55540377
838286059
360690542
135080566
504279604
584629766
70143080
423083961
861322089
433219343
786694835
896839336
660095979
228301322
246029192
24477109
295627292
830147005
295344281
452434396
251097780
333871034
449451874
710890150
945767621
562311733
755718113
528006353
825476957
774901226
412703672
129426988
483110014
71665161
518902657
214417097
786799461
389333693
572522340
600263008
405751942
661002145
262630192
494510339
394101658
54929230
853537858
423942692
253383810
882383682
710143964
637926980
492479657
256247765
260295184
531699839
495021584
168694083
696794728
215928423
760307923
907431924
868858612
663863146
101873971
260048936
305799203
866467823
93903808
663955714
750326937
351405250
228861482
837843656
784032920
149146319
370580998
831351419
308382420
238490583
216259839
932485047
734525902
950771066
694218483
145151335
702375528
623382019
598735413
230778118
206035516
638119506
821188461
956078788
711534120
762214295
804515045
152225858
47049839
837170246
978266949
315648116
578358109
711483723
836587017
404882037
195817559
104741180
353756565
777260261
694178396
108379798
14514026
794786592
449265684
428202176
309591120
343701464
549557100
517994438
715393438
331199035
974918210
374556993
428605377
945211749
172611689
922626877
401324161
335111020
832214564
660284357
512475388
145631733
593843263
268087436
243391820
976798865
591585089
432994004
157007135
839213894
874689245
125182762
61710973
948357685
767124570
987298143
882089004
774001117
143832085
700768123
904007733
549228557
692318811
265034971
584608909
96671174
573161241
994098497
115306687
530756216
205057497
80480205
641394876
59228548
515027123
481446192
487045439
615021755
880160171
379957058
511338862
512381928
417844997
497408428
655452610
685062475
791449401
469499383
447386416
322184546
815535787
680293701
354669473
49201888
454566091
779225310
836980994
951609435
802397261
895053249
116727873
739227160
321404774
798417077
276645549
912702568
214586040
160148708
720621514
727598724
828051576
660784444
975041255
147003441
864798501
339575305
108186478
413729517
84079674
125028813
412626360
616287217
139191719
735382618
430816067
448084924
551708362
794942486
596258727
985953612
72620808
853305333
555565288
763772797
929809380
129534569
365928708
312347039
673126794
113621177
395548802
951597370
487172629
68323040
253739958
280709033
699920741
381964700
472508334
283069482
167350622
413778274
242056247
874710417
287560974
790885991
548640077
935451290
716944726
291745361
331042356
331236747
55952403
313139293
498305718
61673537
933627295
331395632
511760878
556476999
688036001
441349661
568385736
514794829
268841358
343716580
176328290
391651352
919712991
70193050
964806551
338223837
88117954
568556972
290734062
651569972
944559629
411433823
701928165
473617117
44192569
808769456
484102402
114055438
93214405
280624936
699452729
536536637
304375052
813882504
109540583
918869518
969735756
128980085
834701442
907017801
349794320
595190915
523624579
481298808
496997924
508346084
92871023
813288942
900486314
119238023
583703213
843564729
483053391
655324398
160216651
685650692
233805549
84820968
566845718
204760576
367465515
529193210
133798295
343927140
992227674
84466104
177776305
247597252
576783427
939388826
565769468
226751
32625899
579180388
564994765
256809460
300950653
644201795
654012983
385132470
312301708
60178381
408559865
714113722
187905617
463587053
347202326
239455856
273797870
822267145
871674048
354605658
225875363
828064631
614865103
525160863
926668270
211863815
635955290
226669501
161021596
951847046
452492719
687305061
508762259
331950848
891948604
762762043
538882616
959431779
197758142
828730653
542625670
267268142
122012100
560632592
126663112
432676051
334793621
708768039
960436261
806553752
575764397
583129173
623407980
44100447
757832317
419176057
696194383
45789461
851674918
824199570
553600309
659104993
206512212
522142901
598080039
744229496
232496139
111059966
860925756
818572285
857721156
237786626
529643064
813694016
115996102
665289190
909182227
673670514
388149608
922060215
278945224
180902420
699497180
344488610
576441802
844210626
379071702
836789876
891199034
340653995
569431290
580715858
195181987
163116140
403727457
530978159
711180355
190966986
760753514
486865916
423858092
261256584
818223666
297694852
986633235
945778856
379285118
943695565
969582427
215357423
79196240
32598945
518328656
181348125
139906722
79782111
915010106
494607576
481014922
842415919
690305757
240018309
527485070
40344574
209879699
951304219
189117271
644069985
887019851
178386978
867696224
757535741
534319180
768916938
20404420
913259121
888177836
861685477
583870248
961574131
916216279
228058284
561796593
946628615
878418993
739551140
98347439
165843853
723997636
272832818
352276129
216849819
76485748
593283136
413873117
243399368
67021588
471778348
94799464
61179011
257272796
403769319
311961576
495197866
130554431
574368614
348157785
184939341
538024380
864062263
460667913
750573082
80442524
772405442
653424692
484576636
532849365
613990276
149395848
85273390
203073308
863443725
765007657
985232130
288429589
6291265
402684956
648529322
524252950
770770440
430787740
778677317
784928038
415600385
862514017
119470997
996758855
926806312
40269860
244912529
70730412
568810516
591869020
928138323
822550491
651636370
690799104
171264916
768496823
417340255
397841522
536784671
955680379
55801125
815132369
612672746
657006885
242205385
44053702
434082367
794808094
556988424
65725915
684467345
307477534
331891659
915852186
680022751
145355823
39207350
714774459
383580084
14176280
501266719
787853609
433182113
946544752
209228810
505712647
944811220
387522064
294277707
523501170
604336698
173712856
780577029
858882076
786402913
26543342
256296554
884402671
457390191
645595403
160436593
640511769
575240163
749152177
66020103
201005251
98827815
376198060
545742109
506314056
799757965
17012839
326548471
323512172
308346868
597658974
942855218
181440169
398965340
938341584
749330496
847048913
292922225
562143458
364121973
436287374
118683854
717248361
542692333
994226073
720725481
315511407
291273786
669853481
591245690
438700178
444280948
942834713
335507071
195769362
383719702
125530839
693276252
29886868
489283367
880277194
891313042
409828593
52589195
198868577
546804681
823360983
567009255
315261083
495905166
386715280
514883258
829556635
621972766
460738978
560573164
950769749
290427238
658736885
235167937
892133077
390403201
61812308
499832275
46832739
921718834
891226299
438936173
576445491
66502060
441479136
168267941
193682846
559950082
156349457
235205394
507632685
925042932
662837887
693890112
284584799
328492066
333307261
9533776
586482825
504757397
159549832
709050609
770545634
525091625
73667494
435784890
872410443
685671340
511303895
506137083
860639715
145752829
25545657
44483666
968130784
525056212
828643577
437930004
154054284
86493330
264381062
261459917
993649810
357787213
150176407
717649071
492755528
482884874
825300417
395148510
952668934
225677695
214312105
381230390
210535285
500148636
112369146
189037844
114715410
115367336
974393222
86099009
728779870
744935456
165791909
556806089
43535113
166638635
834535093
102424314
947868003
192534799
305293979
638409128
920796441
826747153
15541369
485596637
333259731
469707524
375506321
369275339
332694190
873627464
457404050
445677989
490061220
800585043
529527095
226861453
933880348
188725968
426048980
892342061
33416276
862788478
988189611
333272569
611517792
145782643
477812515
63651547
929583095
786515406
458990440
391916495
878527635
461094202
494780222
592407619
638165472
639602420
95493262
466819389
308510134
523868654
832950598
405058219
850731700
366193899
237987028
136233161
99311732
713103857
662359023
765832589
563940884
237438129
891997532
235956322
42090577
151175981
550875128
942564196
553858808
206076923
671707715
42945979
92146338
871981547
169027952
918856663
313358978
202397483
503351659
832765162
607526631
561565497
438953369
670961114
994792930
274001147
33972214
446116730
547537566
554436696
255370662
681358764
880324120
265054514
503604654
323118210
49479956
397702621
499377120
751817354
341186050
78433701
639211399
324204989
408684249
108965159
916149035
427879565
53622700
312325631
104424502
129638416
137126613
776529467
454249052
610860953
97331750
915874812
903660728
161054993
528968954
749422860
380046319
337056813
66700713
813984676
735088909
51100606
855449173
35567550
530330146
729130472
827832703
599731160
472211805
798960985
406829644
116293362
911139276
938063050
396434144
547663369
995318655
555156070
155477079
976689374
462830373
907849574
917388730
702855995
978625953
20641364
682008833
568752492
520393994
121058846
562754366
816700681
699209353
547772035
286819977
238347447
787876606
828699160
418131714
233361583
88371864
251874048
414146550
980453334
531526453
435556780
754951215
635424686
867408934
219355117
88273228
617925595
261887624
114217575
48728373
531250744
662696779
221682047
848707292
681153513
281151417
695647890
884021246
301315740
295029248
136823839
991667222
279943168
451326799
777523175
762015444
125650039
273320122
109580362
537428850
4443657
574885040
123323845
810068398
485709054
958235019
760648570
857159860
935251949
567893341
746246479
246553905
773057561
433188714
901233334
59766433
682815960
224622677
703180054
668502809
781146449
289785067
377452452
222171912
732257491
159258301
181169457
666070566
888027653
485012557
985916168
156634008
563867685
732059000
694652591
11282982
464202350
437558456
960468041
2924354
112613881
900750298
7113115
976781432
444263253
626256350
451773902
824684951
863106364
497040507
52571190
337246087
244396677
263669057
252277424
772114293
586902820
575375803
774895780
336105968
822753183
421176097
802081215
417987741
699778338
703006363
113044446
768456994
477291794
943788102
394531775
846564281
923101284
520153266
794308845
182402394
786047923
427855941
367107382
378136194
894914822
584728858
55303673
10282238
624114763
633658485
531162727
131038559
448461507
606352202
867540516
802493733
486354507
604155962
242538555
87823255
563827044
55932255
534822875
830139852
333544256
779249439
413609365
556350623
119351696
317634414
691326428
713954587
147789300
88497415
588211044
438001545
401858021
865270284
114668059
466941780
157110445
200868214
771414730
812807014
493552083
176560837
591982408
586875383
874207335
491701428
459394849
858208420
966857943
367397594
501074945
633392990
24990717
346557813
700017536
789249612
440092227
111436899
398200064
799420162
580499851
912985530
594335882
621376333
815824840
15612241
403861911
560061378
344710814
605217600
481474922
372427525
271375585
129261305
585598772
264629901
819546463
289963432
339017385
821545057
553863847
383118283
332774362
942974636
137421509
699022140
760238852
411915326
45630146
775161520
388924277
546281337
77604696
426699228
621115606
762197900
307698174
608545938
142931169
12062207
494112706
382871854
807161043
710518041
221136929
795263496
83981905
95420091
794783667
285316405
126360133
829770361
53454713
36584382
136085682
563008090
393884660
323061351
375557683
874337995
677337942
232756056
919043146
724196952
310725094
938356809
294200500
183428107
640007932
581960005
928241033
810777936
316965536
473847293
99237974
428363739
98680737
180151175
205496961
294498211
404214414
398600374
713794570
763124573
239256242
817233065
573953788
135590496
470124016
314376707
961829265
39616263
875406508
467755348
621848306
729299573
610654305
848560258
882476052
740127255
568991019
480185151
168206063
122521682
31555222
665661099
711463323
563515095
983576500
701811082
111346114
759627793
755313837
373710448
936798417
674187875
87032701
534910237
652031787
292458492
566781224
137695589
612151728
319461329
107789833
519617269
607414370
76133418
523882907
84573440
33278816
442096350
334257086
300513369
669793756
723413862
572387026
343540121
464516201
939975468
492903135
676911737
758203737
320736961
770155525
376541188
731990327
901779361
197950083
964690835
991240272
500038718
26583001
573296407
848330990
579476823
817800859
613520225
632659081
252981446
896732874
954297337
978435195
378598597
647133054
551804321
422967471
139865792
904404968
380386823
712386598
150630626
423684225
94820350
335137681
330026365
226685268
573214159
649564689
571236859
817529505
548026043
49166709
529712487
206668152
636703590
249234310
348832236
291883759
239815204
693496374
818213036
584161016
533746277
326640054
807246314
458758894
344867967
919220293
869729254
146422684
703588398
924546556
872608862
594511255
573209064
778727124
866326636
195703759
860282723
155988029
972780653
166639145
582381406
617145494
473150953
256578496
10688762
330419819
917287586
469854430
271674040
923682662
704900834
561427766
265264978
608404131
112893953
792167184
803905572
266383248
247547285
366021695
379857897
856843021
697768608
313724252
406546345
60811685
422992048
467290589
337035218
457314601
475576980
891297220
669293939
615157035
794430806
748784512
359229029
47686084
672873977
701421178
680674493
152635026
859643694
608334880
569525048
924943159
750030399
355034086
883015779
828781420
96756739
502920193
600117346
766551273
724675038
681974285
265603434
824964116
453018280
408067201
968069735
659935573
574841309
829780063
142233703
830358690
220558507
467949904
846281318
499415676
823779841
36165572
187741863
114093729
496113753
99405390
500692650
50029822
341072020
615864931
678385891
664523167
482117835
915871377
401034261
638034258
34327641
134751845
738443406
177984191
398575714
318015128
588290199
829408020
648784766
129058248
648418414
136455534
179335541
409533204
924559999
647514673
288540458
138996831
574229894
761087122
741451508
360044848
54114018
347329672
875274810
925956511
854694353
698205700
667781676
787572897
968872373
725380724
246710272
471568395
937956604
576421029
374596332
773031815
362456801
520665472
170496013
483418257
852902997
390828807
346252991
648255889
787757660
713458369
948127351
864427804
794773986
434511897
476337678
781162766
832246249
233253123
467421065
706744771
103061498
54220881
519523185
419949527
655871927
122321645
972621800
947512947
665549352
227283280
438830851
846038309
189599000
525204082
92576501
67210798
787012075
780169364
761731414
69055965
394730155
582749237
835155987
669872784
682819230
666344358
727546629
927490652
293473108
750185564
67518687
606066226
392508566
152532411
30952915
50526156
682514410
308685908
220278068
51257547
712089928
404246556
317252604
221873587
123402937
712907625
51947483
628134697
495583221
84795569
295246791
409008348
653553285
888172372
12568960
681186392
9502431
473773821
109250918
339627771
710510559
16954817
973789850
577449543
806113685
207489726
187762051
307265345
243300416
376698745
210305
206665744
119318844
416180773
421979597
228704288
295372053
855522892
59136080
11814296
798492964
43260616
345810744
857597516
120661846
869462812
992489175
550571022
982962978
304781796
449471216
596981363
968833642
583083940
482929778
690820281
766845911
188286385
151179348
369333734
699061675
307613567
488256700
355390504
49047335
837981980
14079771
525877965
80942277
868327419
905114962
378424506
800779594
597204398
906457753
28441406
668343159
617798945
670285214
248717292
818327773
911049995
749824011
606463853
987946258
214104824
122568898
17966649
225856970
719985215
225713359
595147904
40811640
480945322
900318457
689317100
606700471
640128984
145559702
29909759
522262182
76507039
151608093
244637641
629417269
703493926
23870607
464874862
324231115
563383647
462216201
590182466
479556263
854270706
462241124
947669808
527813557
910574783
340865556
834655964
287458376
986582558
99450480
362245555
485059212
592956682
77312176
411463498
800067118
134080693
554742472
622884933
446796127
407038900
727637043
779252693
142212064
950144047
98139955
16509447
692425439
424408459
897169183
793237896
136097800
581110084
790816344
586234836
535447907
911383091
934771350
536824119
696988227
981938493
586975177
219076802
398460269
881843453
334651934
998023567
445107087
852012176
570665144
56996707
178328099
972438506
636282633
304283938
150045318
328433592
647569262
785258831
463058647
886240637
591229540
564420726
621493872
213733934
105631286
792336436
705034953
978063310
649959643
492070657
922619682
960386081
212795111
321698493
254955156
4951206
429486444
580492456
456379586
757391085
779309546
583917805
350007108
759186183
119470629
779084858
366203731
753250622
446864606
773115570
385752045
323159155
345962170
417675383
679010812
975617191
281698256
759929931
934889622
182063354
87617392
499558192
897754750
232061920
607906527
668196103
106422910
388729781
101825312
190608196
682616763
6338071
552873124
89289283
207422818
60777643
632047400
546270820
801330973
261226366
248206590
876667883
585416895
408822717
685338512
331338488
574413525
727541523
930346030
586292916
11844189
852909551
358813701
862219566
815730614
696545212
331630376
641742550
331132767
311357913
158444382
24079414
401972220
546303980
625359369
377846422
82168206
816940608
180695192
829689437
332701547
892488712
473389363
517723951
191255491
378669666
597996555
4832943
845906637
183580578
594914077
940153343
409936410
80406890
938740949
280620175
223886768
265945952
325277570
813311661
246777973
849320142
902122168
426820899
12981185
479491082
161014009
713664869
5667479
355927731
465533837
47385754
76133145
653386019
824853762
987289577
736571523
568777519
957772287
539834418
297455862
949531229
989585405
533840713
591737813
839466081
217386353
852283830
291158465
731219658
39200735
727116793
128086749
900409791
564388714
640709675
461574858
408284621
608863001
919847140
630348959
30786054
553909605
183539750
663768074
755391166
769993763
167726868
113491657
412500383
943206869
47897065
856130429
989752493
723924891
249923222
903691890
858610609
920442263
822570824
126201257
143898050
598939325
59027900
929014072
139175041
151070383
769221757
717636618
292781605
726527999
504134793
239993349
706146818
516128720
227426919
406626021
118289274
331795802
200936941
435093305
334555370
287023134
909665620
401636948
823876018
416746952
107712537
368879411
159830594
178850236
480007990
192832275
420265752
398839581
428913066
937035101
286307908
734064435
142272176
376892406
565601344
544156336
685378070
952633050
487808661
54166983
642392692
648840769
430920436
62590673
145331369
128108295
728793286
49414450
616566409
47417010
823913858
658341814
574420203
841016272
108450723
761296445
607635737
439696960
553334532
968795877
264258569
51914697
55922576
6545015
630170820
148732076
924925701
631690467
622457853
459805632
776664070
562505135
258389579
155293160
102302840
243387871
138567417
267232624
294841570
283231973
270664647
991912366
175846657
615423500
916875686
566542264
896651389
583276006
841593530
150884123
790364500
199648359
913744643
424700044
985952697
324353318
818064402
177714692
49753038
399779243
508224605
179243842
749111924
155948500
846887644
860281502
29279665
50396079
841691275
858081922
855886802
236769319
155129437
842548285
868223572
183865906
388482713
602344177
668938184
557526887
177840786
896322943
702088750
575938923
564497611
615435806
912562351
76936404
462119329
335020987
604344252
270218123
575223956
181609756
649281608
992471723
358344419
143024745
900159252
347109991
859231825
212524737
196369735
500242410
93695821
636389723
34442167
215467908
618013180
331472236
495159698
488789488
512235489
219919623
941053948
15419915
290853235
194540636
95416236
490401476
2377987
395021913
622071903
127822391
707987759
199882713
586816423
190290138
570092965
338950007
470868528
594442248
539043512
240489719
510119622
220076662
720451774
161666646
267311461
674917052
237677840
889780644
453242991
681164977
961936812
628166363
876648527
66803217
56616171
660597578
896165465
416452831
83476078
905153207
911702773
476582471
361077475
153736195
35574828
634048392
604077506
875901171
753503982
379303018
323692338
341833410
608629124
440352378
48413842
815262496
998016265
156008023
290834268
725100146
757925626
171330512
165429566
588559400
153372618
703137218
270717311
927856157
566686798
245683602
285865025
881971714
683752
232351223
568419777
172752351
545499248
867104415
256117578
215404189
995432304
868130676
147546827
260548026
98866840
415024225
850923565
465108427
831190999
724360941
746429445
195831692
123711932
941464940
978950994
420752538
964706537
301911602
175990752
583589028
604038879
514365146
157981498
227258764
210702306
795146560
996005953
345373696
593152539
263327204
92133372
714307556
525746978
113297042
159949140
515376440
652208908
427461034
440592237
604137
898189011
126070118
28865578
28632084
513536524
308814825
294435048
496517660
569902787
446001317
231730077
728550052
570760441
567147889
709435602
450262045
768697140
577053327
986967188
900285897
744918486
693619236
938583532
82222794
686868596
795472083
349968032
167099499
941449609
503081060
683104907
969188479
802110961
756974368
268614184
292090931
514566485
528878552
335237734
656429507
542633299
336441472
620775824
185366086
812114381
586739683
337864232
770024518
536992414
80671082
831903998
973821980
400560992
660889757
603696287
354768272
409286078
873717270
858551242
477890294
446180175
374807842
85261352
72893438
730876065
435090074
486946574
380059349
28926959
629385315
395489153
308840936
264199867
251928548
37374895
829878495
257589666
830661924
519886978
180757083
744646788
507204175
375111224
485728442
663281313
140544794
827662892
979232489
110915447
594256842
819588411
595932040
386404599
790650984
883600951
293678046
344420170
499587524
821423080
362709068
807999019
220193831
309783065
554332644
334611473
808687463
592538569
127690474
194900913
906782270
654636237
882474815
995404791
166859695
122704985
433906204
306831345
514464180
884157240
623641885
170401068
621791019
645727327
664630925
549890798
59021619
486997670
762993349
99752013
863617791
432412866
21856357
178207228
824832224
586214639
116083436
235051133
63792889
808522508
441921943
141875939
333675220
398760822
382446195
313050907
566965193
353571988
594537310
635521031
207399604
280044518
975783687
579832268
865968938
92929526
341786716
689254409
925409979
117992648
479325047
149054048
611543303
719757678
7608286
938288154
662042087
175012161
775773321
71676155
302053747
733612039
642941113
462046757
883657773
112524002
687451375
34719788
226350957
794695795
348732608
469027134
882380760
251613153
856934202
118837541
981706591
202820185
461646085
490873093
60090740
99829944
31443636
933919450
789302939
390886710
875088463
885897929
124925685
43463758
140343548
526285556
182980606
612545667
177083692
220415200
913798600
313470459
33490628
422452179
37808398
119347361
222768192
839827244
970284106
288363136
776631767
886215424
181276866
481343361
551931738
377477230
503764528
419395027
658355034
909618510
795104153
711008208
894478241
973618391
649784179
200385621
977324103
236710385
117163894
401206970
178334180
3551882
926321145
383223921
25611366
616927703
551039377
441168239
219384175
47867714
561162423
6828961
308503145
134055334
363594652
904609965
505636944
664866357
495504825
586881685
33709139
577354730
766445704
528240407
247565426
581199713
307257923
709148835
625528690
888680831
820402196
619805266
935372716
409009703
467533162
473501137
386379216
249356273
264761754
548692581
854699771
398342509
427763380
417575270
566037825
303991144
886970368
171111574
774279138
387644803
379339533
906459583
68950205
868402457
417651092
860635431
854845916
569491966
573671471
390511627
815209732
691794376
110284630
98053748
380529293
26726140
835932087
276390627
899255371
587007867
253576049
363364329
711216473
278904033
953993149
539994894
262318465
740727450
489841623
418200891
636021310
635583951
684693749
770633664
678104141
452858916
316779207
618976952
642996657
468703488
658178834
977437604
66371077
272916078
709074595
496243834
258759772
985400507
732757052
863295076
736574189
640244112
338779130
113166890
33872311
495924869
123745018
714461775
535839961
739329364
265591820
26047758
59266951
910662530
748118918
78078292
768555517
762766543
684494252
349299322
874937806
528756380
77299658
784729799
974220504
807084668
721415897
807178199
262391655
686196903
304638079
97148650
805802273
285740377
494188098
291737231
654311472
590206666
735263289
230181299
334935086
112930194
54633078
527427550
525020517
197112725
253306476
175162929
176020689
173241712
568893877
783196587
685240123
148829464
754823857
964212888
896855100
331295862
668457894
224461481
272577562
459011552
988724314
230910840
562475392
408966026
66062204
855486864
582341691
135294124
750831509
151100236
179469012
514364868
739655568
20349678
125035967
583311250
309344032
438666504
100127752
357931004
515309790
56335812
233249410
249955218
320537506
154182513
536370190
54774159
769361988
685592110
228786257
415863401
7144189
633278653
452002090
733210821
363398080
175251882
29592550
16817260
138018114
664510938
272570745
350224594
880193674
305499040
821642014
629590124
415904988
87741783
597257909
773617853
34554354
100999852
955191454
896809753
768621999
893089675
227309032
637641564
891325699
173582632
363972507
864033061
289623458
797567845
923897601
898497288
633856176
606778794
724670843
135795519
90125400
310663956
594237146
811831386
751642288
721744213
886985821
433129994
93295959
608066839
589169593
666314163
364935462
649937825
82293926
740781412
144504566
369840903
338320729
898919398
808943215
544327640
760371089
13458563
587325148
638681280
862514183
571558432
886682422
183631325
5345534
728510754
694110133
680251495
41507709
470614416
623841420
478044243
878229632
176712383
236420318
727403361
230583153
937509258
134077065
750489285
599862530
869489809
665141839
830963822
358621459
847258929
134687617
242766641
487778395
915221729
90817349
449822984
806752986
744831006
989941018
721261415
513522192
429065225
836193881
761203611
543446336
212943661
154714192
783086385
138586486
967183584
321421060
596483924
57871372
266123355
271428838
630309395
537301540
212415009
887862820
229388532
375375467
350757507
615205769
635410025
353330084
863475217
55361548
955254169
75954990
648907874
733444861
45671655
158537548
51078019
667294464
736458075
691002837
278555978
516972905
554814383
418510194
851479028
827734396
619985061
932855452
422763586
722117347
154901802
822211603
263663581
826850190
119701457
222557918
477068885
782125898
466235413
87474610
692513702
962783546
447968413
470647708
926236147
56373797
618260975
676928384
872775853
245368791
469456025
46831344
997416671
774908897
873595228
528245707
969074229
559183391
967479680
738113995
269036643
516327045
547494522
515471238
984537721
564059716
601690248
337455054
571059372
43952390
547263287
729489296
516414059
70668771
280840163
988951632
623062768
985438099
274606526
414996158
920079681
901212636
599594097
61064838
134348252
623308031
374060718
89462358
552277907
152461093
207831518
647547788
22937591
653316522
42591407
774634109
836314668
619597184
705206747
833614142
498814409
877516462
987454838
142349488
389972423
277756844
138162779
22356312
79488216
867084975
70276505
531715401
396341564
147939005
577206137
956393947
653515706
784757406
903290625
309951988
826118695
569112423
379203520
282040530
853926299
377229635
768567768
435265524
260933199
971015520
494506930
100114862
828382769
27455305
309797769
601029303
450316064
465701948
359159285
833581058
212031310
69217012
322157711
398589526
477877388
240368693
477152791
864744683
484669081
308278590
111085048
130503882
265203649
617971849
455874072
56030347
437175003
593170
652572270
906119023
872153316
468745249
432394840
105753171
70675558
59225070
160343434
742459781
933083734
582831337
662106654
105566296
395821119
915033004
513508840
683982911
360877813
335652632
992620299
244030416
559949311
740188896
371051467
694850179
223752677
257254681
911530468
662637352
468556440
937013199
140822537
394448086
428750942
24360753
206810069
100724308
92005511
714947275
491920100
453833827
759067783
542221213
325567924
505662236
356463778
988165060
9535233
986514089
622859950
671157106
574103948
202235037
658747356
94720941
609931177
778967444
439343047
149543112
242179977
291713289
670209389
46164008
453536788
803985194
164317220
785444728
29598525
680149200
459508994
259240265
378800010
353838644
597562279
92241445
427965604
700594053
147938161
436682929
981408979
719974536
329186905
353252981
568565215
111127099
339716028
784314023
140385404
389444822
230583909
400744530
924897269
197232139
86065425
919408174
171063955
166719490
508667007
850167645
481256301
703624995
626769324
946449746
249681331
616879352
792795442
573325157
461924379
349256981
743016848
205574626
551836002
614981448
223053277
571418539
358541026
85336973
761133686
842199823
201335600
228027769
99789397
783250
796455769
937709522
526079429
218316625
156740826
601526689
359386674
538901359
23190290
729175152
42568843
804168913
791555379
755961186
156472244
522756016
802877805
98649254
893182731
814439761
413598455
355674989
304641465
833473570
52320552
948929455
345944463
632877483
635973463
485242539
980801990
683975483
750651893
90970426
724153483
546416368
958112477
489558494
327236121
183052785
2993183
497959921
988011531
683942599
738549946
605343111
24701667
687347269
732485291
560710266
185451808
285660785
194840512
241729124
841543456
174526616
107680556
552741631
430046343
253070982
824649158
802369124
543750652
330797201
325658804
719310698
183864841
306577764
788692538
187438260
29300013
437754147
201433430
167187113
134719780
836499842
133276805
572852760
199331434
34126309
667149857
230388356
538680369
300142502
683478279
993873645
733125655
594892333
277484480
221103124
795844854
405455591
43580835
519358199
119750666
855935874
313024715
112050980
235437648
541100871
109193401
826371762
245580935
882762359
945269905
440329906
369242230
573257365
325370003
583452405
603679844
560923491
762797139
510674280
504682862
417007779
947387571
717816521
248194357
834518362
557747410
386189461
817723096
461825570
972651308
83985401
217577163
729507835
735974439
799228606
338582277
802934688
252294609
199545131
83791805
338509973
951973213
213728118
689341024
407633781
647372731
292763688
702745153
603707555
150442750
808022262
354945553
598488124
528884433
493511833
929805870
809087214
28794906
936604495
42267447
230675164
396470724
671391341
404371306
438132602
972273760
133280122
162340476
774394190
500951792
482603602
277119555
345804913
189352317
822256246
453463375
627877563
793345282
63114110
530196419
56685811
27843425
383209828
885096684
415820641
534644200
332606617
153917397
401992150
131573018
706819104
929367958
423909933
165576853
486459960
555558803
350485160
701887769
899665770
455667736
215626739
731598796
613284451
312296304
131400259
558409422
840444311
784547284
786979945
949605730
718513038
32429085
43009012
170812455
26557920
687556792
778615642
435860273
538879258
898262944
510926141
640078084
285382405
43516626
649853810
741676854
191497888
778133948
855429958
201778857
650163621
707224709
101855356
587029375
151059475
391596322
700758225
407159187
69443280
123993622
393948700
815969172
650972295
956424625
567556025
834641243
176771591
568201315
845499388
282372212
295614549
286570197
513215209
14687361
563521340
523773294
108319021
35391859
755825837
257635709
368298962
321537373
213454677
352861835
677524729
399154396
405239652
798133981
847431656
134207391
230060114
250446860
963151214
882082766
500283401
823675794
686448260
11579831
467914397
787035420
193798665
206363593
833270378
923502715
507274062
194683526
211018726
669274741
168326174
935618073
414259511
887113413
285114664
209467334
642265642
259430934
752009700
903800262
696844882
39775334
513617438
962441880
97013337
744641718
331466041
15879213
788448439
46848367
960726155
696482991
979148956
562565280
573767584
929978645
809481429
210444732
265583539
152969793
885695096
461960736
342056711
216355297
675709845
679089725
317105264
220438607
538333484
45655302
339060428
811616961
318702556
704083682
878931680
136973751
573495581
666238680
133350284
704435937
823712754
429550296
31014458
329325341
187435532
191633558
320895974
870703073
103151884
168587101
44491406
487942142
94391013
105997080
396045370
637344446
386825097
418961467
940064952
828278828
50300166
848865696
284917582
918190042
622032819
217750442
481871518
994730236
825406705
362597240
415808388
624897136
363198954
425597237
515687837
836068369
489154955
628504694
95274256
509052524
811538904
555460705
932155771
147819614
410044095
104412139
141995507
776161657
563671913
509988867
597289076
611620224
173704644
503140535
772839397
925633051
240190060
688409437
393147798
171165762
660312127
725506179
260109856
442130942
937148006
829722578
327133199
109230694
729284513
936383402
376376442
528519388
475536711
742372376
373850243
648566912
404122674
67036242
623767298
166331360
190804598
302097608
11188255
832728741
612574231
207913739
417154902
763216330
157620647
26125149
142291694
582559710
5021561
989312891
841463006
188734970
737948766
696453680
740884559
607022767
564470660
82942693
637162731
841726454
263487851
458569139
136311234
641735435
603828482
151699181
537372782
534446640
187732111
759259152
123387843
23910807
786583494
869052536
982529362
387680
370984228
991249366
858311179
594720988
271965223
836345384
736337816
61126651
716809644
958315584
99857361
342696486
37919671
41589607
834959499
232496526
560434362
381934339
446615065
265760465
516018343
348879128
536058685
536915397
215932008
536024038
33378359
701981524
52477337
919250459
684584877
645014937
962447642
657059054
826799856
491488233
952126394
880288873
233182583
864152006
171080848
76534778
10114939
742813522
608989851
138214633
541072367
55124025
746645774
662552950
395004375
991237429
668841900
476124052
275824995
885776984
435691931
360080005
613337979
52846918
727602214
581306182
346915411
615860797
395386348
908368398
810797116
215428954
712467425
632147628
144906104
850522195
858808213
252211608
866656742
663518636
623717120
137260406
471396169
516009150
487228960
550324061
965903086
862853721
326517448
87189583
664439943
615963172
565331150
64787629
7078708
733650493
27084624
329749325
586529558
108321643
936601737
920384637
887916977
792600886
624289028
135141672
386130721
480655284
420962851
570222040
680134505
500382382
862107160
660814952
243126257
562287369
543566357
4792033
469532942
251969818
318830386
819126461
322829196
21660037
572042756
502887199
880641062
887668197
492571707
199928941
89133564
235652227
378981122
500055991
86542322
481596733
249293881
510446445
853283162
562981136
872444357
929291733
307729522
111892303
721976536
474154492
34935634
666086080
10916329
292495954
735110468
790846987
428240300
635140731
160653452
867661200
993055201
958549641
558738461
746166772
245373999
781341851
628013727
880109094
640553367
956034032
133294156
444328319
352851470
542076576
821045029
303509621
194523283
362718288
333525780
961370959
297104101
437185057
385605378
153627032
63356505
466695973
101701048
249587329
278037828
348268801
787904790
971481764
232883049
370902322
216208966
916544182
770332344
721786130
437837839
44240772
960883731
621456803
751793346
240299426
922644456
83436207
908075087
22093918
367704053
307555332
691801945
6455998
717021554
199995668
695468140
307396510
32545228
299348961
668013437
683706633
139044101
171883369
467061466
813218511
239302550
834393123
245460087
114957996
173125607
555981477
782681333
726334116
22457575
468718046
402039779
429558475
685616231
601677646
556656983
653079803
586817974
131931293
617071163
579651658
299496371
613100787
625335056
878828861
140365627
538943053
273020319
473059053
13389461
978656839
466453768
84396651
708175643
794136354
859574779
83893922
405328811
339476755
979063680
682257226
3476363
329831085
866353119
914249314
194504827
606251167
876050133
202141272
257830199
464791311
324464194
14649605
974933377
744403417
78071090
268281914
81343701
883409494
664368547
743400822
129479758
76520496
697385527
191163869
166597855
182558730
411951941
402036967
722348362
471223462
949294745
623098265
710405680
206383331
145763962
320666674
455812378
657330463
242726696
373643669
658326293
918492091
76187609
938681540
461114670
392574545
754745738
915224769
159817656
885691439
731454886
392293452
472823160
558903279
303131532
774769060
407362318
543241252
705455990
917285032
381199397
363185554
400889962
528557451
582452510
115142170
644947673
353099263
189645155
112094020
238974861
226985258
601573962
607098031
449382646
621511233
283168634
313770243
704895059
271356791
84801924
705161826
107117813
124365745
320994670
72503863
986369177
720592512
524113088
491331841
35510684
677270352
895172633
406083608
906421688
292809560
509745399
533575186
265781085
583837941
941562953
852895951
161394599
213861065
993558369
261028107
414966460
802548970
877445537
644685365
776126113
855290638
405253941
380229383
637485289
247524069
386875390
806881710
534812943
509082618
728233166
573906305
879903139
825663188
487983530
492100034
892629321
830865323
648622190
274081473
571282226
717344639
134457768
386674995
452430059
967541222
916492815
460203942
408766800
215486031
654306144
837366943
958207737
511669279
555789191
333361239
429649535
862652565
703104242
412133294
233170554
396009920
120952854
831489257
697940494
898092062
581603714
621357594
109661112
436554170
391699344
238032802
864341523
359102961
369981162
775884062
313025573
942534603
354486188
628109541
183880585
489885031
495753779
271776289
99795268
478651977
875336765
691318378
867145199
276043871
767526299
614638591
352184335
665348793
869830895
364687836
398385059
69943271
317789442
527655488
370198113
760479241
56175662
800015318
177279349
802127592
996107081
732919762
454974854
122923431
241405996
937117787
437625277
714616416
876339138
133858649
822253246
83846542
101745360
712752710
973618809
167216272
168653359
50570186
10095064
530839044
887880087
61583893
753935340
745299296
254792590
997106370
301494202
577360291
25822439
413707199
789437233
531652037
250612026
70939095
547253256
742838568
562131668
341565056
285059934
197495344
959710465
420544148
586091529
983121733
885413785
578811647
887376573
151480869
362987919
227134234
193378528
508393757
853964804
817087350
281581310
129479831
798512833
970024682
62545496
355015027
28887859
5260580
670856182
739769263
320695499
197237993
528499924
204573591
730609024
708870511
720114482
413741167
287436560
261153191
650717651
581318638
122709066
686009286
225850687
685077013
359561753
789064178
723074757
298561449
567189362
974168486
358029538
994892126
108534383
768680204
780233058
62100832
989801921
236946996
369012123
574931156
962801291
757835947
986500186
908967176
106087941
919846973
414366912
375032973
511455311
888280215
674620951
562157435
969190317
540746476
662650878
639213341
260658478
187215837
387953057
244039392
6198462
91369840
566820215
117926824
572451607
492931649
396803744
355445696
609499756
982135845
705799916
131339729
317855971
507510097
729360595
710204555
464153814
532376547
269491690
540679606
39224815
961436187
24494320
662181681
22249004
356911809
280734848
484304747
885031745
779350370
697092967
87590162
973492935
8061424
979057005
496317522
202576949
282089577
185614911
118733437
717034109
224300832
653163240
119501916
612992464
240828003
705822254
546071252
223010211
465363176
370597847
65736431
748139234
962335487
34325638
557777862
818876130
958784967
175966677
65552009
262335153
251872479
106611362
309719851
620249739
38766716
947514204
987410803
832084603
289480245
342803922
163161188
811205383
538505350
611074162
566499535
447830892
334761122
27155764
637423627
602177940
481237183
245245987
299689869
403490570
760867496
26518869
476779310
791152685
846201601
322128865
40710333
659830894
109525972
490084300
796951032
778214354
647216902
9501331
556702575
37180648
304626552
130860112
105204049
749440018
925829214
435080095
369753626
266333785
703549724
851386607
819070136
162834833
574790422
905703642
784791785
509472590
232781338
207404005
774594924
405328258
100048732
216357724
162334949
215549440
197709098
203226844
127751737
85657633
277089283
824091405
236181520
229369610
423034958
74946774
136331929
52917572
522090770
102335777
789717934
628111787
949694169
958388014
551251481
913822784
840548621
844481525
376053947
729155952
303425863
461391608
878760656
405314095
426326852
120095853
78498018
176222883
406511395
668963952
682715574
380612004
443694633
68752906
441784218
24268926
496401514
983782359
58458709
747502784
3623496
764324135
378685147
963377025
662817372
61245519
654504977
619200681
880617609
439989678
765028999
943632138
794582417
60271963
873860988
734680475
58957049
543084276
963316975
81397066
952770341
387256576
837552165
215925923
993629365
69102078
82432774
737101369
610393279
173540232
455404062
38010537
508690126
120134099
942951436
520485183
590000269
912907627
153107025
885512577
234594133
24859581
152963705
890754410
986762914
358691813
601913596
502517652
328607213
150341453
35591240
898726282
365313400
247357584
381098492
512656256
759179576
116613887
383397914
434997043
225019727
954092029
899712123
310647421
646447006
189372096
391184836
261065347
959871499
552762225
102545673
488893996
624889035
710208208
757782526
288322867
315887959
4278386
110151105
287062700
842267245
794687781
595828821
981125035
592105681
319451362
550099738
910555543
384038549
563634725
433945993
551856199
501027134
495899053
367507530
727530236
134884774
345071873
4929741
159735141
751295785
536386264
821170527
314924596
122249848
795972949
125758262
50461848
976266616
413117973
308210776
532932725
668966231
924199998
954974621
766910683
659462794
157625344
24053623
29121172
759308078
275473383
977409882
404309839
60067937
817549464
652676330
727351817
865752398
727612978
940691377
179057856
412922543
694010322
114119303
591899845
790097013
319384532
629101961
875291243
555251331
955077875
885891581
876051639
796359489
462134081
402368152
873096287
450541661
968246904
244243831
266430013
930067239
242736559
181088671
395797361
927725224
831012108
763499744
931181628
438217164
749644422
534291784
569409556
155894525
245754765
732821265
984321911
293665019
643830352
200936386
397368298
889675006
440707271
584061828
863944349
374763237
263167960
292704087
410331542
361375458
438817987
791807785
815499106
293685779
127627576
798260252
172448518
326512514
488042719
410389854
789214364
883541381
804315527
973771577
451260027
769343477
346414616
415546924
430984984
856655756
782431476
874346560
263844303
482732343
728003013
982220859
734898524
848927832
938483952
813152940
729193416
655909927
598249946
159918564
280464283
580828313
925605466
324994410
667680760
88785660
244563499
467286532
637213802
928542973
272028110
668983257
221409017
527230694
968478159
117467788
212719719
938796322
12953579
698414987
706508416
123113577
112193051
974900719
601092249
46218518
502995103
980261323
364421322
473867604
273183695
276332034
386561613
933182513
842662023
734616579
304369240
501202614
219617083
340724876
63486989
790631979
250393362
604024551
964782286
960004353
461642209
905531091
190471022
737813905
216495287
594638880
880753746
614155285
548031837
161778439
452103939
326567366
952212769
756252703
17226501
171445721
619396154
739528950
783054998
207994716
545029984
761567537
87565489
923548558
179110628
805960919
550754159
9871572
864554838
868662259
63302079
589712724
402996295
878308746
456489501
304612026
347859904
925051260
268014493
127287497
138539541
220779882
273898084
953851968
224850166
461457217
58491863
622034815
85630383
45862577
388127028
171646593
669841878
893762138
100361686
386222407
928841861
266578295
51129406
23768419
604623362
812981409
246396548
834996431
877531339
242923570
157684830
752315236
592816121
496671381
534841504
379926609
77161108
545853862
953117790
340795056
139709510
243332734
370950202
25535509
909303568
219960827
184745184
467346040
198263421
297098288
114576679
575826239
681120742
736710963
88461485
34462166
883707039
3753644
307630608
943352140
459087547
367744866
28065419
250050909
473018560
967968963
130285509
785905352
816298497
425797587
83416957
356225340
783095317
523743260
486720560
184505609
304902793
761790713
793784736
801055635
520416468
938718430
507847703
346568898
768129179
365259340
34006684
658351949
779326942
594389511
83695551
202698944
833531248
453944970
461149854
734441924
63335756
558510026
861235568
653183305
700100473
561082297
607855241
379577341
302717318
814731256
391652265
664704013
67579507
543300868
473439155
194830815
566495684
647672348
531721844
759209184
7214463
313468072
258959254
17413967
165917143
665042569
508300958
461799868
247974100
5603137
219993568
352617742
29732437
896265505
658931487
32543538
503412877
273144955
515264389
626028114
693541414
522455987
350346616
658929909
405424901
329272439
952208823
833131965
15746830
302992916
391193034
201296832
368463290
544990687
409965662
375930551
851889947
856553966
491542000
347598437
990133947
170205602
430605117
892507546
115310510
883001894
222435384
127396902
95758826
463174505
958310178
733751228
769135968
512822124
463621926
598477309
983413890
491363876
484722206
644716946
55228791
671243275
569492581
460993817
298092915
401326618
58030875
837325010
24606924
363785852
935553072
622897903
62607927
294838443
552971455
631495467
997889032
115394368
358648993
164600766
910593039
506431599
130204875
701515742
779494220
943338274
116171595
274275979
301357835
904872492
401728782
357156002
29959481
612697361
344604667
926217627
805163159
136403416
747638600
740835907
519431168
328159111
165857459
815077612
705979611
924020617
518885105
701879634
18862470
793086553
323336859
926979640
3867644
722759405
819280606
598813192
923485452
976930037
803710252
440540366
332996562
606696192
542525804
743789822
424483672
451473430
179921215
605054981
394143138
44291317
885721505
208598549
884734053
430955782
294146895
28204910
900428040
608592499
623949337
672023276
411497664
916034162
59367945
470568288
567962244
80710137
8223400
536420932
219505474
502750108
33440922
896713170
380122392
94257907
913280745
568684566
638215148
435701868
795496445
933639997
852058426
118559938
271651850
472336704
742881139
626801964
474939468
334585117
181338016
182762622
34863358
179595999
123876566
782967311
247067340
189951332
823436058
857522680
597191865
948099473
890627694
127967302
440207964
611348564
289444099
918857965
305519495
202606496
998092548
614115646
686880203
918625987
818641194
472827417
66494210
55952953
874829755
871295241
296583027
840174024
308309486
550284196
876721830
27704481
853107660
182086519
273562015
566278929
946931954
355298959
896301746
365195295
397079694
735077826
790475714
143559086
819539835
320814494
397452008
105557260
518822513
267788411
388811540
174426688
106557917
590308812
9799176
820718073
109054319
663189740
892067243
513848963
563365088
276306012
88476563
682905544
910307581
55175543
827626537
210895699
335641664
377386838
273366
702800200
552128752
728492363
575947352
509874289
97364734
103964808
30252996
737432595
327724097
970654921
24565161
658800721
659616513
686005998
217135693
116464972
989028103
160750797
472732398
445002864
917220730
736020073
957766978
244901965
334643817
303297885
225440476
434197269
469359501
375156564
425387515
231067988
439486308
741321678
649255210
104243973
537476063
801682256
103855478
1928956
679829887
710152561
294114019
672864301
381508071
402785287
93129507
44459315
202394120
731309444
792671503
535338715
348554582
188651052
996185603
583114603
109742024
21149843
983398075
930527817
632849875
504807328
448694133
410291106
441469630
29427935
32499281
172631832
383397357
603130924
771364966
392973797
332721898
198500199
113471304
944257763
582124205
552403164
205222911
779847366
618819382
956104934
791805561
448204637
628624562
840145107
888544707
901597173
338154750
605629590
258787778
357387373
72900388
513558974
992846302
783583593
838670697
904700523
609672156
178380558
271632936
815936195
29349156
751561110
880540814
18883217
545922651
877281339
908709481
728769851
798421163
228303905
960414302
116268500
276606478
624574034
650282508
912810483
824963639
15719844
204763821
205736369
140116966
763183453
849398603
802408868
905553314
221121868
245881282
658400816
102865808
918484790
291871726
485220685
699739215
636830073
989393596
172638133
557067974
905161741
161624612
60729277
243285758
118093628
440436475
685519508
165960619
234218264
930882076
167119766
272478485
906597202
790450302
461488311
495719014
563565293
780927938
425603801
180096535
548745586
42458441
507453252
822143219
855156543
340420917
66833681
482698638
205646689
886573869
716960254
410423738
288678700
1305678
325398005
926617901
606216898
655337287
760850955
779155275
207591512
485555114
949167491
667391511
401404962
468490172
854009657
917740820
909156115
393907263
787426748
590164962
257006790
949094284
586129260
751304313
93427801
51717357
78011432
367739987
31036779
842340136
36274734
59432741
246186917
369791530
714685684
969458468
69464547
925739246
744528328
177586876
908823747
3044785
60580951
601931546
4925189
219203435
378192707
702857140
449060087
720791857
115229746
213946709
854357071
928900311
504455
62089087
385967405
527005281
643352291
947828374
713094137
896445469
181658097
602398238
834996972
967387917
11387679
251430266
475094429
951173572
297609407
799307835
486057158
270449947
966309647
413519354
878513820
889319053
317479553
542306646
937124429
696451587
300441812
47656093
624439686
150282079
134865497
654843633
214778160
254834031
98356673
389324599
761346591
984429077
369904812
851438683
538751346
703030243
72226910
597002780
806921410
435578075
678147765
366377853
543634139
279541034
558220309
914893462
930506889
446090055
908051201
633577256
352939781
343187829
25917240
918586844
784048962
415215469
113856264
97599587
18863290
22932265
36454342
518508628
66034422
913175055
206924741
953685287
425127398
90937956
531790845
482627061
85763304
352537918
704295117
377898704
434447083
792871564
229374655
224744610
567428353
722113004
481679171
627906441
436687085
885218975
318421983
662947488
852466207
371767806
837083779
636882555
789441276
686234045
72511626
266589581
384011652
956360169
185849225
312961593
503387355
130729721
131028321
443325073
119045893
732832968
350813104
214954392
988408478
675751376
159848299
403561033
135634563
618022252
288917050
178468921
219412268
667214277
542148258
869912581
785169054
738722610
181035669
795922107
679715115
319598749
232308264
944199576
322132614
124911363
620206067
579224078
294563515
884987213
670189115
557873771
831206668
417973481
796980390
151417757
312777496
803018270
803344539
903435525
603000347
991257946
157888834
936004012
523969614
317566519
721344890
741764080
366979065
682515089
474863482
217318569
485878774
858979885
439617738
388026847
559742953
638485022
914075942
819527942
54456872
488581159
671127284
147873767
24177821
598124064
782204068
221628656
299529643
471055317
621063663
202091890
892337091
300536311
78299133
880913892
126496499
390892736
78388814
36752133
36260370
746729258
611121231
94158192
815601368
348953707
969078330
428940117
881780355
606197873
504834405
894653863
106254058
668713270
30500460
429218462
613549749
649634537
764540828
423610186
557784625
241352408
407015428
914968383
739758356
944093073
349104606
552466482
972394958
837644160
645118859
510454738
422443346
565670186
273975154
992981367
844820092
320000619
308729101
587909025
641872687
832658888
727295420
957027058
233198645
188352537
488774051
165471649
368475260
5165546
740591137
364704814
805086873
172412923
295406346
888792725
835531431
352931990
905288632
312543575
111924083
650375226
540665747
786570712
206282234
937936714
253810939
639473462
57429010
97155506
591479070
296256022
511818300
755243309
892872388
798357293
885466689
93209684
842253721
437128081
946150958
573516802
124727709
847035212
364638619
643784902
207976150
504571068
612888690
786784141
991541612
708983666
367582078
839403161
452788786
997285039
244934976
890537927
153602360
492612057
893534306
292841147
397787151
31752367
471722420
645048277
604721538
10455435
889939509
723148037
713688686
828409805
634494503
499346866
390054942
807343503
776218437
23322551
353361071
496204995
254560240
726793356
264459899
931694652
266712184
213826637
2759938
851320337
829355001
531871921
742399224
540252813
648547893
411226810
977313040
261383641
466299458
625276225
293054736
935534586
981687016
425565983
143013980
398778686
360824394
517155991
739517675
94947782
750384538
369341826
386392063
746250605
430864779
750609553
851979095
813534667
259803705
196897545
342187047
457855653
502031580
401066539
478756059
643676400
378157884
249450494
830626895
391558637
525063015
452389011
143895475
327962115
986725299
803088746
944560528
424390160
391485511
163636987
278701491
977296453
251491392
40772467
575859327
431001883
44133590
630207784
755368003
939203199
893882804
261208071
360767923
312096173
816402729
963418616
983602531
330570226
380074362
357651842
269226265
546033516
100681086
287102296
130294601
168667865
488585615
172394296
194705791
313129588
674114804
875871589
422845985
352473825
175384412
637872579
482265968
696204518
411589484
429651950
159971166
661351422
294960602
537240409
501317874
483126491
282205454
187764343
649512238
897340564
441987625
515426934
939109962
286324407
968626987
97440456
229261200
84818980
147319551
527119847
422206887
864473304
758156187
508316256
420756586
436615447
448034443
705594192
50944420
709699443
292916959
283898735
286098182
412368792
982055835
511015273
785506815
368615555
165484559
495865081
164188411
162018611
194341686
657892634
970512370
151427569
978255995
163476006
804684952
855886746
126238195
828401679
754048412
946041952
667988265
737521094
536544051
755901930
934787957
185492872
466553418
221046298
254008633
478835125
802679418
792785447
939524686
254570038
243881168
813368245
167414895
636753262
157933288
950683849
597144624
299280957
100199140
651174180
636166196
905153095
718076773
172136259
798587456
657481169
367720770
50646588
989904036
847497662
224603950
264392369
70008835
91159497
879929982
632654026
671696700
857596405
323050028
693029449
257726752
25796779
59431001
721308954
288226072
373557517
612202758
126570534
911459914
874051328
277240185
98037257
926361604
617203154
712777974
632445340
522124134
842924747
504589982
190341484
205035188
603690791
887653518
953432789
287050412
360466011
906893578
286760369
845340090
66712496
472236328
282505301
71455897
337821013
649453088
62404706
347504338
922791298
259257912
866104193
413464967
504886344
130584159
329418349
128553456
76055032
417743772
222445734
577324529
936921637
359313815
832019830
261007978
138241431
379371014
189998614
431747029
262730704
804259107
504861450
993501385
246446190
57865836
352797084
75227553
787273454
125405202
951237479
218046895
72133956
118418028
914865714
338101912
697521497
186225877
38501289
746378745
484639313
925708639
684764107
21387724
926570515
982769855
263812420
799600628
156030209
195289753
973669249
280325138
902116442
133426514
821122902
547056288
43425433
166834098
46922465
974508446
956876159
576922279
921125455
436267827
482984620
572948174
580822821
182888521
652612177
958649697
312038911
632402541
13047417
364599277
964493816
346979545
175420055
637148092
86442258
304563082
107120060
652217342
220570062
382548887
510654461
907442726
450614847
911298630
781504040
396233891
876372176
704137830
412969291
181477857
206067685
931729426
218235221
816978036
634664800
731301674
269808752
555919121
30762833
294987884
92490790
57751126
944729508
592410317
96875520
715637295
247501981
367142333
450408665
435250152
646270609
765794319
976396513
569833332
900146370
962652418
592884059
570125151
778729693
319012601
414864305
433487765
35727133
570700927
789567338
460993908
968175276
496282963
24295208
722892605
901570035
790620501
604663730
73517479
377942913
905741708
659783683
290512773
793011802
479119500
442462859
708415058
369828836
917079043
17422135
562608846
454217964
942415968
348472409
594439163
568735201
355412530
824252667
685553914
262125816
599658519
516604862
847037564
549491206
17643087
653575917
678588371
718577490
598825030
505022062
598776526
378102959
317265119
945007529
191515635
283013140
365299239
249469385
700697319
803692913
36123230
611953919
240367541
93212048
711963141
170441957
752388474
47323842
423421369
685774229
460753414
975021327
343443990
437897461
695500832
859598944
641649510
686544886
923975092
145508386
86307240
622716217
20113632
557864740
976835525
242747753
778803056
212021493
109735785
92304901
255896495
573952662
811827758
195570276
574124895
515617210
443570411
487912845
230947855
437324996
701404315
187064922
158112709
945181004
884063358
288880088
891107294
770675983
875801768
317290400
327726057
767433622
431018071
952994304
226752885
549469773
519614755
414544998
405019843
236486294
70286115
828081386
600949864
177665518
55479532
594546647
488945162
432690880
522461075
294232479
433881497
687820358
262522132
778105337
944962653
438489726
682759166
48724589
555275176
338009828
755685141
439017798
848774012
118880631
548132542
479298134
658984117
862292783
18346276
53607615
611824571
777649686
111081925
592506656
782500521
616582529
5053482
289219027
344327305
12582223
978331561
471022142
601240281
578067881
352982684
308191985
166301647
781561999
177080330
685335917
465359917
233600409
820224792
774639769
570324002
207804714
343300337
922622836
731541205
881091497
272947195
826663940
629951697
635946524
534164042
187245364
403014028
150193316
495848635
365457860
133837085
988947727
73852455
114777122
859076618
933264453
719929569
837739458
678395061
740831056
686456249
563651538
867960491
378178492
52498438
103647042
866004668
482255966
191368211
437367909
4265218
679125349
458837112
842021157
891661762
385808661
655717857
863878783
841161785
496673116
362302292
488032689
805471084
171718732
90108391
640448706
326942391
376883881
21308586
95430908
745667350
868583530
620214013
409275418
64689310
330808718
144515374
762037744
946681105
176583231
835574983
963744421
113409548
795513411
662921474
573200945
644788222
953814588
653762647
539155235
774667094
5079230
414572934
255875094
875578160
715387095
647078631
420738747
141100891
546916157
907324717
358440490
979907191
18332195
139693822
101227967
570145737
486332369
941855605
567381737
82160745
364165140
381315268
798793535
841507783
178570724
825054580
835869352
487293263
209545834
536239316
400706640
777830355
936034805
255029010
564138832
297734908
314145900
794006711
68533033
560203894
861946537
59755864
293355434
713811006
596999054
171608197
673706647
765725955
672876723
761957246
768743170
886903074
63483516
624293661
997307500
45620057
3490233
939227516
858831216
84343756
861488028
303164104
204476544
755513489
830416483
325260534
509951985
976300585
385888288
581641137
231706343
474532186
258648176
453064029
794942188
858605941
352876298
860648134
591698315
67669572
81235064
55049862
549535385
36897313
636178996
407513397
600908069
962409102
361102334
981326410
870627452
696833176
17830421
552610944
280198654
669625376
617083847
708231891
825659891
107398314
888360772
183223193
101748020
447028402
950270480
240657522
461202509
854940795
387154023
985543164
664619587
879429998
25075682
304042339
331839259
943264917
320845105
238939886
428347966
495796593
876296547
861386029
983348311
351345997
485049983
434186658
126243681
102424309
678535946
818011268
58051849
469134340
346545299
618774700
241031051
569139694
906795186
820730612
672842623
430041592
58450101
843459160
676721185
197947452
943143395
798496424
951121652
690269194
460844725
345201317
940864304
130828959
757618855
503929370
470586945
790404813
603761664
677040589
167973218
569722142
295391564
765827024
956709547
257034245
550980386
721006276
832317411
263023928
206350740
634891102
750426731
409113336
371956714
770655675
737323066
810920455
146993988
590696235
629921587
514669996
468219123
629849840
691897593
284269725
754441060
76063699
58389987
96414633
554675048
653002481
370045921
901668826
512080851
691281095
261890477
368470236
892922846
972181604
346261885
341850659
732303249
521352823
137352241
674198692
419768978
904269344
44233330
459402627
660627845
149735328
985172841
292873533
501520555
86296161
966584267
902180584
447965203
294599492
499525999
978170582
188834448
620581365
891735598
989231513
556775398
223410632
401787108
316261241
402720214
98825396
45516007
299463857
204031225
362728443
165811808
904724521
622423544
692703862
864862525
960530021
547675040
130868379
482459452
576749222
837746912
467856566
597674598
162127504
273993697
731123345
140386182
277832454
937018171
648727117
569389479
407248082
479933604
829053216
64539743
76726599
586682569
402543448
983022866
912564415
358369055
38395393
112864525
228549300
237656301
240225286
696056218
846433764
37452883
458337727
131537462
912802507
862678431
63800830
55442139
75666744
190127111
421167468
22748941
863884383
820691112
766627431
278133551
128702054
456588553
966982110
68519859
55693972
133899225
851527125
370887628
455331709
452688114
287616003
62934865
345196748
271928701
949087776
864809492
864709717
368077821
196697966
861986014
978031734
287284607
516041397
821898121
372890106
774789749
302023295
861186116
53391168
774732355
205740574
413059001
708064573
642594435
5080848
805769058
617079036
255228801
468553594
179519714
442673769
872720862
40606998
600767039
282696917
372665327
172358725
569625451
672793305
493004608
307541308
118590968
793907013
310321415
622959488
299156119
749339395
398574933
877413955
866614284
736474269
279739
33919854
502203498
285568520
323618267
435198758
2015733
205410165
391021040
573241624
42874283
69081355
320245559
299090670
346700360
154220808
938553990
135260818
458327452
51912660
198565846
261736603
722244022
136932619
372318776
831321597
63326683
216605793
427476998
233214512
462509687
714399401
519267394
440117116
880098271
93175187
995878432
466561286
770797640
968869014
815716438
511672908
258201861
250780469
257446256
812311498
858114454
140458358
289316498
690130597
735374955
2163046
317857127
832789697
340853951
86641826
155925195
697384898
622919046
94955182
707884467
820017845
625608468
271148389
260354323
417911930
423496841
377179659
701863058
767730302
178105475
633495384
577006018
957553220
145336969
542170055
703966692
934061326
435618859
374614739
471307702
258279983
535165605
86920423
294618123
501420669
409927049
72627890
729781789
573306265
432844805
703574058
622485046
417680349
627989855
472386355
720125553
843683044
577203680
88632683
385156889
897975561
624983730
139796086
357176736
270370477
131862963
388081405
917298639
154143271
491884194
651739377
134924845
679657776
216672415
34445062
845227968
126428684
496329631
674535721
744051453
141607058
569520838
219613884
62618099
796628955
338268458
554943451
695898009
206854924
848852574
695394861
511751102
687953008
822672759
145524072
77992134
543866214
658932451
62167069
342513081
874771595
543731547
595773800
613828725
794188019
263027727
308604179
191373810
822721554
266209693
341762801
433548038
196769150
523748382
188002591
223146645
772350234
16677328
899102123
45386607
380202324
549441637
769887820
799650554
442462737
114951237
921682618
40622856
798467158
74065960
676563353
391958517
669572152
191181437
102356607
522753744
242425809
734401651
406713558
456598975
371868476
96325423
131162909
31865163
636754375
439697609
813999046
847441753
474599434
430179018
403212970
302716226
820160992
680987232
901146300
913311645
25284958
517643884
850005772
697132805
935704956
827569006
515673052
642032863
617800568
550902209
408981413
961205747
299621026
408709955
818865529
449107425
142207851
899492822
109308968
884766043
868261037
959117036
55239239
527450346
914130519
616897710
780288325
511724786
3459685
238606654
877890212
902492897
634680322
321530577
871206271
623946139
748647390
601970230
816583995
328398720
764506536
309288996
988789966
377978521
890803806
115569877
553085885
725806533
382361516
292243368
316566861
585029699
330685658
775655241
160459729
829329747
25048299
886973390
400399566
330132242
145502764
868757996
994809641
878289335
570411859
288445596
431867298
637789458
468897716
340379372
187677625
583363263
594341413
865651937
343736401
137717254
341989581
396021495
222010805
693756340
452994041
900642045
29395070
735202684
903043435
640705170
601212355
633091771
848251964
556194016
686786334
52974191
350495778
263535592
464328433
829564079
887751598
859899781
196690888
873572668
676198224
416153193
370372314
566055196
354480812
497374650
966767360
951400410
28573977
107498529
568281621
14488864
609568582
503367004
788815929
594975101
241804040
35744478
591221734
351025657
616731036
691182326
673067119
464035018
728394584
288974479
766977548
382613057
32426222
39671120
272167710
295207554
734727822
590493162
759967056
619555059
661758675
735718834
901006194
704975299
300350354
971490871
989578715
630643577
112384384
905707617
539814317
142478606
926413387
791024883
820599556
57493425
529020625
986550847
205593044
437816409
211795250
316637988
634056420
242403061
874236770
399362914
235894419
867156419
83122628
585786965
541701328
257950595
303393223
625694407
592417188
74445259
375318916
423349111
206754982
505004775
372930215
296905050
360129310
598924008
231958580
701653943
810002401
655288467
379261378
280441321
661484962
787491041
806832941
103042978
750149656
199719247
404533721
533321011
183520428
311438487
282971726
783856632
312482827
680704003
143468741
786572938
825187231
23727800
966864680
150969028
381710173
332088170
686822917
76344015
330336986
812753958
620423659
836292165
353595147
655973432
31267823
385933565
921893915
196367126
63062213
807695048
221995256
172190301
945460621
781284277
593110696
384308708
901971130
400770702
497656759
51154253
576386212
101257576
816493646
563648376
781968477
82348839
260828796
71893707
440046133
285964127
71930546
860588559
482500817
664351395
804130970
532256938
328492009
668245704
888002731
280677692
931165381
206888371
755227734
272646968
987033247
505402052
693993716
29531051
340142873
91146207
464344832
267426434
719859253
868639135
419706398
44343783
997641514
490902421
134160508
177526957
287030779
632663001
898506128
971287972
75587615
313163484
812518832
176455584
662889820
937664640
532031087
700102496
206953006
93993197
113177657
660282498
215484142
966979060
603350273
801307652
22568194
887270285
30880712
883085650
519138654
815962398
626530037
216837188
938026472
881633533
456824444
646496375
310751059
102807951
986350867
760980407
38025832
890567641
814303156
386544460
126925056
73989069
532730697
626590730
253350347
584049953
745118082
802138029
616465622
427865279
526003579
657404003
940155380
466928905
911381305
202828778
910530145
364914591
97568862
389300404
335342766
99382347
926697032
751249769
839394972
113198464
169118628
325182000
25126623
120659188
659861031
59123988
266417337
168255983
88015597
48574530
330338631
362828770
647706048
442712414
332801553
569740961
175711045
859302420
152612437
646411299
996387981
660290665
204428124
52752448
140006196
317939054
482077475
222729335
894672450
260931933
98495166
711738647
25276612
527294376
771054704
886611392
880044699
261107673
303625370
417955035
126829195
862143977
365809947
671452395
378692582
550479646
943877304
875553987
275634539
55525439
205984022
768796425
583111897
376222004
328662343
566176076
766348026
865881287
665959534
928836804
903362564
619177274
390359799
56794242
761509454
872222004
453416874
418711682
233933617
712676180
767465586
234718461
904749815
542300222
239539439
184596650
593391236
361681779
680279995
399714998
221923194
529907090
915646252
588452413
649529943
474021404
956746114
244126168
587669491
253534929
802475508
456035938
76665541
447966635
515229799
379124380
639255491
65644360
486136799
85007806
991625193
443717602
478634204
702733763
537160834
698981199
613895915
357143489
457022795
115798308
424307691
296659664
913467082
847695835
442423550
424366412
170134378
622452092
246138353
115431378
835000086
150880743
152081323
94929288
329118181
355615103
690317411
937437006
105735566
516376122
931825409
272999778
8993269
181129496
827850283
784230239
430549122
470393143
192176383
940292189
632998557
591726693
402078673
708800736
365213308
591751111
774062050
982798172
421327812
308658007
307615533
870378581
241558716
420929639
976952790
839881111
92058838
526349726
465477336
774590163
671572497
765391686
647149367
330491540
716659702
671737842
959231005
949421136
606556811
574605907
18066440
945487071
2896912
846721637
914779133
120769925
622711932
620048525
464789750
166479105
930885671
314597478
365271456
291825222
906040065
621382916
59434978
535891852
208932212
877206701
710646193
788980307
526409502
713511404
104650334
188496410
542298546
222115236
888408206
354118339
502966406
328922472
15318815
994345023
222764513
69910264
974779998
87445859
283641801
803970807
956055601
536805364
321496367
49916942
546681632
829780214
50677677
608701446
282116734
917975848
683940755
78985971
770394815
523293756
13311980
388464621
675655930
814010824
169421606
583213901
449966668
517146499
729415596
547951045
675400715
217498845
101424993
914818234
498429290
520902669
790880866
384025644
211784688
764457009
993115632
164622163
79500205
421771573
796735585
148831215
383276725
828665556
125576126
709989339
886262664
711434949
454877178
82592241
727100852
184041519
465920401
179212745
873918026
641763179
357563753
402295131
17302477
473390868
452916848
139277810
938003747
867500349
799159331
223824267
86670493
945084552
997833545
233683812
175043676
427805392
881313027
173414380
836749730
181578833
734689500
948065772
802649753
709105147
995443953
600996087
569206156
769494154
197786097
530984943
232603713
204657630
799093316
252778829
646944309
878395163
861969764
881457462
821766465
909455387
987304661
794366942
53769529
828787872
393259713
5938155
549369686
663246497
552617430
104448825
533310961
254765063
539360039
230510343
269123679
649639252
56429721
302370409
193069205
76805715
141750158
151761086
195348238
427500586
525503108
390041063
865199449
902669693
233521341
813399095
882346824
233966234
863754518
877564964
793151854
612974706
7328340
72825414
188206092
259354562
746135837
660336932
31792856
836212424
880111166
343636832
367950059
283348279
789144088
489335389
107345785
586662260
233973048
951622585
332437552
603038527
235358067
556803195
733846780
318357179
973435953
321400291
140840608
421655677
221297958
960245869
155911849
709619646
12727407
819435651
809557484
659772055
914268543
688070205
615391112
947907396
241391309
372328770
308681503
110427298
298061046
117636025
986257328
171998103
893335314
958907649
184878148
523429051
923022797
536291388
634790154
2877954
499223427
890872721
676055053
744828239
607569323
662538567
928452304
564474168
140685832
190968385
203064561
424122485
898620672
258329733
831749173
796620053
813769082
171370058
740458838
720134507
769221979
802875615
997939865
961698532
74477897
686019766
731417637
85508228
789840029
589280835
26945632
798757572
67273676
17056062
422176031
890156496
407340040
325433693
928069513
698337263
699433321
656307959
862411904
319053288
841727776
799502588
243579452
272947868
751051526
737436432
722012266
60864856
622449949
767764052
727672196
916434263
40916967
611196789
981129178
932225225
174057004
290667320
34353751
534309910
866035257
806879650
77134698
261171833
72789798
159518649
432126751
307192550
515286312
14064751
778632677
671848566
798294370
250601806
154871641
933159003
560730813
880045002
628852031
371104118
931818138
170693136
913408531
59473463
990301278
458855602
773858642
531149473
203586406
67744561
184265484
708247360
394727397
226000078
605355838
389211907
351900584
781436025
949311492
475878041
141199925
273586485
968943580
873448431
271377222
246904617
466297396
611752335
439060730
316287182
711697279
389971605
114439155
184286235
430039318
460976146
564966512
113348966
412255905
376056249
119391736
356333689
980556596
772922896
224623969
561042301
980206555
439429925
273865894
975008701
990899864
15965413
16538087
827861268
860283283
332474614
204280843
112877151
28382301
110494030
56528109
402083714
826204169
217088708
675397583
44988798
886254883
883295895
966954594
801632614
520659837
558989117
146625026
941197297
436948424
244032908
989378670
468613500
185417808
956250365
602065423
740481031
878182406
842808980
850814563
735398005
425441523
931215551
975870475
422600149
777215467
28072449
379658562
950357840
315123047
883677299
825837749
606156747
882378957
874394898
332300345
14728863
877648777
588243133
983182175
158394431
889123968
651371309
253465729
637513305
25855446
657400696
189067329
721049934
530964105
791316618
638776125
831194477
18081159
705604117
456047917
674698276
83017774
537541085
701520727
931085475
293682081
277190601
108648495
380807657
268680227
42516781
112599879
554694036
464441731
284738910
675021259
895886790
284925630
495447581
506932949
888161683
144125930
59086999
698369053
657732668
245684992
900246934
498917566
838214085
293394873
870879906
962411798
30621158
36216132
540149001
22160219
413858257
808566976
732414097
432886032
552132904
602010406
43936587
261480167
308273160
55142914
374152390
689631700
7231651
798402125
677499188
727642763
491236335
117283938
61612408
287866516
253899151
101338613
765385284
715695710
269035876
562312660
62214458
895674812
455378636
933037850
145865429
277398388
311288381
993613928
288681349
755790085
790947744
821761984
831948569
481349774
906898422
537897160
744211765
140703498
59651278
648613808
852806906
521299863
183567837
910580457
117966546
683129289
293732749
522503586
164047591
761680920
372713720
181258960
962482592
623407981
309515848
810040713
144981277
280238018
539369652
689183971
161909877
701353361
534164799
178103407
608113127
487003498
972638846
268561032
30939091
253604053
824067649
822993793
255528631
121498170
969317108
264897361
109066971
425334976
519611456
303135628
216263640
910874752
531456015
80966694
98647977
862308170
806415983
153422960
457617032
306007494
820541827
263279253
604564030
991309918
155212770
519914171
471547666
69589983
209612957
675232151
943760421
692534482
413735592
165613287
725700365
405322913
578353353
717929421
339559152
56738884
741808527
944992339
654221266
72236041
961813973
425587092
441073707
251840597
831989442
92796714
88016632
944413867
429755256
52789877
384785458
936475165
402242319
59283594
146898456
408092097
901586128
161360638
103740844
43805151
97483311
327932204
453850789
366721905
629125349
469614253
40925636
450665176
93471069
148266579
387124227
251881218
6636938
127611259
441185382
47365440
839709053
865437174
929080554
542543122
345580069
665394046
717491477
515863890
240232432
502891942
506029568
784160394
729576804
569880565
910637694
478249842
416720030
53609658
157669749
152404778
271899682
483309992
348324642
115448255
667915106
414146566
731443659
332179450
451586687
132513245
323202487
47170310
90900455
960667058
588439629
885575394
120973882
9383116
253611602
674859001
822459587
820568488
672990118
451440833
669819884
858673752
616615762
461855290
466090375
42763156
292291647
879229275
774779431
941367797
855777787
905179616
597891251
339733502
673217042
791566067
832025819
812462240
364574858
792923634
686214589
256867598
332927925
782905154
265794901
133802793
708715242
833414303
841033903
959756684
145058320
580086423
563188536
949126300
61819989
890134204
333001351
238704663
266467423
455515034
147798492
968605544
760396597
636064286
534487566
912002030
944230454
533235854
705125898
781274315
972931191
384019556
91530722
330111292
641271151
878230393
384756010
742321085
118262830
892547990
15082162
266139966
557219578
730875408
949518970
376443126
573031325
698455395
311354153
294332592
369777432
152809644
311136355
895391631
851537421
840654482
379626124
134107304
628610349
631994314
193099987
362711716
309895346
170567110
26083391
405523773
108884715
195817147
543647495
948172471
493275411
778890921
916139676
811661000
871655536
493048610
435741997
48701045
956603960
318808997
948437731
561323456
828251731
474178250
725214309
208664885
428495805
870983448
154211247
617785990
868558477
209628511
611535629
605273780
233054573
103487002
280396976
182841034
552883343
459846349
296979200
494986899
444539699
603633459
3691040
90239430
321843421
104716520
71417462
205195421
727966708
249901110
81222850
161799473
829238955
27382179
161195064
424693922
758639234
631566464
12498995
692236321
472149064
491171080
553659433
763767385
728453486
529041124
163127357
751017787
553734222
450480689
42540407
396672128
190494056
809046
