1
2
3
4
5
6
7
8
9
10
11
12
13
14
15
16
17
18
19
20
21
22
23
24
25
26
27
28
28
29
30
31
32
33
34
35
36
37
38
39
40
41
42
43
44
45
46
47
48
49
50
51
51
52
52
53
54
55
56
57
58
59
60
61
62
63
64
65
66
66
67
68
69
70
71
72
73
74
75
76
77
78
79
80
81
82
83
84
85
86
87
87
88
88
89
90
91
92
93
94
95
96
97
98
99
100
100
101
102
103
104
105
106
107
107
108
109
110
110
111
112
113
112
113
114
115
116
117
118
119
120
121
121
122
123
124
124
124
125
126
127
128
129
129
129
130
131
132
133
134
135
136
137
138
139
140
141
142
143
144
144
145
146
146
147
148
148
149
150
151
152
153
153
152
153
154
155
156
157
158
159
160
161
162
163
164
165
165
166
167
167
168
169
170
170
169
170
171
172
172
173
174
175
176
177
178
179
180
180
181
182
182
182
183
184
184
184
185
183
184
185
186
187
188
189
189
190
191
192
193
194
195
196
197
197
198
199
200
201
202
203
204
204
205
205
206
205
206
206
206
207
207
208
209
210
211
212
213
213
214
214
213
214
215
216
214
215
214
215
216
217
218
219
219
220
221
222
223
223
224
225
226
227
227
228
229
229
229
230
231
230
231
232
228
227
228
229
230
231
232
232
233
233
234
235
231
232
232
233
234
235
235
231
232
233
233
234
235
235
236
237
237
238
239
240
241
241
240
241
241
241
241
242
237
238
236
237
238
232
230
231
232
233
234
234
234
235
235
236
236
237
238
238
239
240
238
239
240
240
240
237
238
238
239
239
238
238
239
240
241
242
242
243
244
245
246
246
246
245
245
245
243
243
243
244
245
246
247
244
244
244
244
244
245
245
245
238
233
234
235
235
236
237
237
238
238
239
239
233
234
234
235
235
236
229
230
226
227
226
227
228
229
230
223
224
224
222
223
223
223
223
224
225
221
221
222
223
224
225
221
214
215
209
210
208
205
204
204
204
201
198
199
193
193
186
178
177
178
177
178
176
176
177
178
176
173
165
160
160
156
152
148
145
146
146
144
145
145
145
144
145
137
133
129
122
117
113
107
100
101
97
96
91
88
84
76
75
70
68
64
