0
0
18
0
50
30
111
0
2
6
0
0
0
1
23
0
20
23
49
63
48
2
0
1
61
51
4
0
73
1
50
57
55
14
1
5
6
63
61
17
33
1
6
2
0
0
66
21
0
12
5
6
55
74
0
4
48
0
1
0
56
0
0
25
22
21
54
48
56
56
0
111
48
21
5
0
12
13
1
61
66
0
56
9
0
15
18
56
4
11
2
0
75
3
60
0
2
17
8
4
48
11
21
0
0
57
0
0
1
54
2
0
74
15
7
7
0
0
4
6
18
0
0
60
16
63
8
82
12
9
7
48
3
0
48
0
56
23
0
12
16
1
48
0
28
58
0
4
1
1
48
54
33
14
2
11
74
0
0
4
0
0
0
51
47
55
23
8
19
1
0
0
0
23
2
1
4
0
3
3
4
0
0
0
39
74
44
0
28
56
0
48
28
4
0
12
1
5
1
17
48
0
6
0
18
0
54
0
57
1
23
10
0
5
0
0
0
0
0
0
0
0
8
0
59
17
55
56
66
33
0
0
0
12
12
61
49
3
8
2
10
0
63
53
48
74
0
21
56
61
0
15
0
0
4
95
0
0
56
0
0
4
0
21
74
48
62
0
54
74
65
0
20
65
23
48
0
0
0
0
21
13
0
51
0
98
1
56
4
24
31
2
0
0
10
0
0
23
0
0
54
11
1
59
9
74
3
0
0
54
0
48
8
75
0
0
24
0
74
12
0
74
0
5
23
50
15
74
31
56
17
1
0
48
59
8
0
0
23
24
0
0
5
1
23
12
0
0
60
0
2
49
4
48
70
0
82
0
33
4
3
48
17
2
4
61
2
20
0
15
0
104
0
1
0
10
1
1
48
57
5
0
0
0
0
55
0
21
61
18
11
4
55
74
81
0
0
0
12
1
1
2
1
0
59
12
0
74
0
7
57
0
0
0
100
0
0
0
12
57
0
0
17
1
0
13
33
56
0
0
0
7
0
48
54
57
0
1
11
6
0
0
0
0
0
54
0
0
0
0
4
56
0
0
0
0
0
90
0
54
0
4
0
74
1
71
49
0
1
0
2
0
0
57
11
0
0
0
0
4
1
98
0
0
85
23
0
0
57
54
54
0
18
56
0
0
0
3
14
1
0
3
54
0
0
61
81
48
23
0
0
0
9
57
0
21
54
48
48
4
10
0
1
63
48
1
0
0
1
0
48
23
0
48
14
70
0
23
12
74
56
15
74
49
5
12
0
1
21
9
48
4
18
0
0
12
57
2
51
56
0
65
0
17
0
74
56
13
1
23
74
93
0
0
0
0
1
56
0
57
33
90
61
59
48
54
8
59
0
0
2
0
12
54
31
0
82
57
22
61
0
74
28
54
28
4
0
0
0
0
0
24
59
0
0
0
0
0
54
0
21
1
8
23
75
0
50
3
24
15
0
56
74
11
0
63
1
93
74
22
24
0
1
79
4
10
0
40
4
0
56
23
53
1
21
48
0
30
0
56
71
17
0
0
0
32
17
0
13
1
7
6
34
4
102
10
58
0
0
21
0
11
3
39
8
0
33
0
6
19
63
0
1
3
60
0
15
55
0
6
111
0
0
100
17
0
0
1
1
56
5
0
0
14
6
62
46
15
3
57
56
21
54
0
74
111
50
48
3
95
2
2
0
54
54
73
1
0
9
3
24
0
48
74
2
50
54
74
12
0
4
57
0
13
1
7
33
16
33
3
34
0
40
0
39
0
0
0
0
61
48
4
0
31
6
1
0
55
5
0
0
74
1
28
0
0
4
1
0
0
7
0
5
0
0
56
2
0
48
1
1
57
0
11
4
10
48
65
3
55
3
0
0
4
0
0
0
9
23
0
57
85
54
10
61
0
1
23
1
0
33
55
0
0
0
48
0
94
3
0
11
21
0
0
116
2
58
48
56
0
2
48
55
2
48
0
74
18
28
58
1
48
64
2
14
0
18
0
54
9
0
8
0
0
6
6
0
0
12
2
5
54
82
64
0
0
0
57
21
1
5
1
48
7
3
31
39
0
5
1
1
48
0
5
0
2
56
36
54
111
7
0
0
30
0
63
24
59
5
15
28
0
8
9
23
81
3
0
0
30
0
10
23
54
0
0
2
50
54
0
0
34
56
61
0
16
49
1
48
64
0
1
74
0
1
0
18
0
76
4
1
80
0
66
8
0
57
0
0
5
11
10
0
0
61
0
55
0
0
0
0
1
98
0
0
0
7
8
0
13
61
3
54
63
0
12
0
70
11
32
