77
14
0
25
0
6
0
0
0
2
129
111
77
77
78
77
77
0
0
0
30
202
66
0
0
0
0
0
91
103
56
0
0
0
18
0
3
7
103
0
0
5
81
66
182
0
19
4
0
83
79
29
0
81
0
81
4
0
50
1
0
0
0
2
1
81
94
77
54
92
66
0
16
0
0
30
6
90
77
0
82
0
77
8
12
95
91
0
81
0
2
1
12
14
0
19
177
202
22
2
0
0
4
0
10
3
22
78
0
113
94
8
81
0
109
0
103
0
19
78
0
6
3
103
77
0
13
1
0
53
21
5
2
20
0
16
78
15
0
2
0
0
48
14
0
0
14
37
90
0
7
89
0
1
4
0
77
0
11
0
0
0
1
0
12
0
77
0
77
64
15
3
103
0
82
0
77
6
7
6
81
15
55
17
1
9
0
109
0
0
34
1
1
82
85
26
0
77
103
6
84
10
0
0
0
32
2
0
22
16
90
0
0
17
111
0
15
81
0
17
82
4
17
1
4
0
95
8
24
82
7
17
0
0
0
25
0
7
4
11
28
0
0
30
21
2
12
11
0
0
0
83
4
62
103
2
93
24
6
1
94
31
18
68
7
2
0
0
81
6
0
37
2
112
17
81
0
103
11
19
1
0
0
0
7
16
32
12
111
1
0
31
80
90
25
12
19
48
24
0
0
0
0
7
16
0
0
0
0
2
2
0
0
18
78
40
85
0
0
0
0
0
204
77
3
3
20
0
0
0
78
7
15
77
58
90
203
15
10
2
202
111
16
82
4
3
4
19
84
112
26
77
22
77
90
1
0
55
0
81
2
22
0
27
0
0
3
49
0
1
6
33
0
1
0
37
1
0
0
1
0
79
0
0
77
2
202
21
1
0
77
0
15
0
5
2
104
111
0
1
34
23
4
0
5
2
4
0
2
0
11
0
1
4
0
1
0
23
0
0
2
20
36
0
0
6
93
0
103
0
0
0
0
0
0
77
0
77
0
0
4
0
0
3
78
77
1
6
9
78
6
0
11
0
89
111
77
11
82
0
28
10
66
0
0
130
77
6
0
0
0
19
103
11
1
15
2
18
9
25
0
20
6
0
199
77
2
174
9
0
0
30
4
6
126
59
4
0
78
77
1
109
77
0
78
34
77
111
22
18
0
0
0
0
0
21
0
90
17
24
103
0
0
6
38
0
204
77
7
0
4
0
7
4
0
5
81
13
77
0
17
22
23
90
25
5
34
0
77
0
20
12
90
19
172
0
58
20
0
79
0
18
27
16
199
1
4
0
54
0
77
77
2
25
1
0
0
0
53
9
4
92
115
0
89
28
11
0
106
199
107
18
22
77
81
23
0
0
8
0
0
81
48
3
0
19
20
2
0
2
0
77
0
2
2
111
0
0
0
15
175
0
35
0
23
67
23
103
2
77
1
112
0
11
0
0
77
17
55
0
34
32
106
90
6
6
82
1
0
15
0
3
0
6
3
28
0
17
20
0
77
1
6
0
107
45
0
15
11
0
203
0
4
5
0
0
0
53
0
98
0
77
0
6
6
59
81
30
0
4
2
3
27
15
0
0
0
202
12
21
0
127
38
4
185
1
0
1
0
0
21
0
0
77
0
0
0
1
81
0
0
202
22
16
1
5
90
17
6
6
0
103
0
26
0
14
16
0
77
7
28
4
0
0
27
0
3
0
0
0
111
201
18
0
1
0
2
77
0
33
81
20
3
0
0
0
109
4
19
14
79
77
20
0
20
0
1
20
0
175
0
0
17
17
0
101
78
0
111
18
97
17
1
1
11
2
4
65
0
6
0
8
93
0
21
0
0
78
9
22
27
82
0
0
20
53
6
6
2
0
22
202
3
129
0
77
1
0
77
0
1
204
111
1
1
1
15
8
0
94
0
0
7
28
82
5
1
12
3
34
8
51
0
28
25
81
0
77
53
37
21
0
0
112
89
10
0
2
0
202
12
0
77
0
110
8
80
79
3
24
0
63
0
0
26
0
80
81
111
0
0
77
91
0
13
0
0
0
111
0
0
2
2
81
87
0
111
0
78
0
126
0
0
77
107
4
55
17
12
2
15
6
21
0
10
77
48
127
18
0
0
0
1
0
7
5
33
0
21
0
0
25
0
11
0
77
81
1
111
6
103
7
9
0
59
103
56
1
0
54
15
1
0
17
4
0
111
0
0
0
3
11
0
25
4
2
16
3
4
40
56
2
90
78
28
5
0
77
21
0
11
30
0
50
0
0
0
0
54
22
