12
381
24
754
306
1377
231
104
1396
55
3561
1242
279
0
3615
1277
438
1297
955
283
1293
120
22
45
56
4107
1562
361
4295
244
0
4975
4095
1595
324
4415
39
172
13
29
4744
3476
30
71
242
0
230
1078
1040
1282
13
773
636
1380
4840
3556
4090
352
578
604
41
305
570
572
247
45
1181
372
962
292
1596
958
0
0
683
0
157
4833
4851
260
8
12
7
196
635
0
5
469
171
1182
961
1596
10
4332
579
345
758
3629
307
953
0
22
780
717
60
2
7
715
2
3489
226
1072
0
954
287
1575
4056
0
118
4110
233
1143
3504
20
56
223
4
1037
72
94
477
0
0
170
311
589
4840
590
238
296
3495
3528
1280
109
118
32
4024
18
22
13
177
26
905
2356
206
342
1308
1331
29
7
4285
0
762
4310
4849
1037
68
1596
246
18
604
596
3626
291
794
4841
64
68
0
106
16
20
5
260
244
0
3533
718
18
99
4929
0
393
162
342
20
682
1602
4
338
12
1309
4366
173
669
884
1293
589
4059
489
0
572
0
4250
869
591
553
4253
648
226
1326
3539
318
1301
32
1578
4296
4027
224
1598
615
971
67
671
60
249
322
1307
260
12
769
885
30
27
4285
491
3519
399
0
342
1291
27
338
1308
460
1141
106
241
18
61
0
617
18
3527
1
702
118
41
1327
402
4950
702
4055
227
18
58
311
45
3
289
1744
238
1304
12
1395
1580
2278
19
555
24
72
283
56
313
1
1712
14
0
150
325
1738
270
186
14
1247
239
0
0
4888
1593
20
3538
3490
383
3
3
264
13
50
4
9
18
296
99
4250
886
279
280
1392
612
109
446
370
665
340
60
1091
694
475
523
153
706
509
4
274
4
227
5
4310
1235
0
869
1576
1178
280
4310
14
4108
4899
0
19
1
744
197
477
1150
905
1586
4836
296
42
261
0
354
1
1280
445
4251
651
3
578
30
762
439
0
639
3542
187
4020
365
299
3518
4297
796
37
227
4334
428
762
1308
1392
13
4
382
4
0
2280
4889
14
867
4853
294
4094
295
14
2
4253
4050
4092
281
289
287
56
40
0
5010
63
676
3519
226
311
2300
11
18
252
1128
4335
28
280
182
635
4058
80
241
367
1076
4103
4125
251
653
906
31
1072
0
18
1290
3519
282
1212
226
11
3473
177
14
30
36
1286
63
761
4105
19
1392
388
1342
0
757
1081
41
158
23
4124
625
0
20
296
223
3481
738
4968
370
72
18
339
165
341
102
1407
1128
32
15
0
407
104
9
366
24
1423
3
3521
1292
653
24
2261
166
5
324
3488
1255
40
27
1072
4029
1710
0
1089
4103
156
663
21
67
26
631
3502
3597
264
1341
0
3567
242
226
4
0
198
1250
714
261
458
1078
41
608
312
1602
589
5
378
127
0
872
299
1412
765
161
0
1170
297
781
607
12
297
437
185
490
24
3546
7
291
4
214
763
91
30
248
230
280
12
2
888
428
1345
345
531
0
477
240
248
3
1
0
3478
0
0
1290
167
12
63
0
5
0
0
4327
252
3
4838
4115
0
162
434
4303
68
132
681
3475
65
1376
33
57
438
329
1254
57
0
111
1416
294
17
46
177
199
21
226
873
258
0
0
475
1601
608
636
1839
24
242
1409
294
269
22
769
1
321
674
664
263
252
2300
6
1318
1328
347
56
1
20
490
245
360
35
700
4248
956
463
24
238
4923
10
712
371
330
291
2
1336
593
1
4108
118
148
208
4887
351
257
3567
1173
18
3488
107
9
252
24
765
3487
1405
0
338
1280
8
238
4889
245
4898
440
9
4839
50
0
570
0
0
1855
4124
4889
4089
274
741
0
55
428
1
161
1369
3
226
267
1596
3485
338
0
611
0
441
379
1075
4104
37
4402
738
28
170
475
15
438
1291
325
453
685
1306
494
166
463
47
3547
24
429
103
0
4335
4884
224
906
88
209
0
0
246
4377
431
0
4
354
455
1305
298
3528
635
3632
252
608
379
1603
317
3488
265
4
66
13
274
1300
4086
255
36
961
3488
50
168
251
329
291
2
1841
20
1319
1428
229
350
467
2
0
59
622
299
4020
17
4040
26
38
909
1303
1288
423
125
1290
0
708
0
67
31
2278
478
4296
447
295
690
1594
182
257
11
27
4368
33
18
132
0
396
1091
313
343
3478
288
460
363
84
6
6
313
453
4048
44
0
382
0
4889
474
717
2340
1142
4105
141
0
73
0
55
0
227
637
312
637
433
29
1339
252
259
317
4889
20
3547
472
320
572
378
263
188
941
51
428
496
636
4254
215
1078
64
704
10
3472
28
0
159
1331
224
34
44
1290
18
448
348
11
14
4898
0
202
6
341
49
159
1041
0
254
369
254
428
3
92
30
92
171
286
425
4106
18
230
21
156
5003
960
1
0
432
95
1337
501
20
424
244
248
486
8
0
32
223
310
35
645
108
1239
1171
1238
520
57
4103
1315
4105
108
241
0
294
86
25
0
458
9
1319
652
703
204
4330
4040
1857
13
54
0
954
2370
20
12
1290
254
4296
0
592
12
4126
4
4746
955
41
349
55
1404
4968
2
622
4863
758
292
63
669
1
1860
1315
330
199
14
1413
3496
13
4253
198
758
1041
0
211
3473
15
3
100
957
929
954
74
226
4748
66
14
8
4089
717
2
4311
86
28
9
1
4297
753
3517
1600
4
195
295
64
156
394
33
120
672
226
79
112
6
3627
210
176
4097
696
267
234
24
284
649
165
4107
117
4303
13
251
169
483
46
292
50
0
1269
1409
24
44
774
742
2304
956
250
4035
893
1
4
1041
448
1255
20
719
118
102
701
340
759
63
0
0
95
3515
0
0
1247
1410
899
3478
944
1371
223
617
3520
362
715
1323
24
1
32
8
0
260
32
0
13
884
4058
1345
32
603
3603
291
1305
0
954
4020
33
1562
1562
1588
156
9
232
11
737
140
385
368
327
4286
172
4082
4329
1256
12
117
29
4
1346
13
13
4301
180
357
0
8
1181
4
118
22
3472
279
40
52
17
54
13
60
1392
4742
432
4924
0
3
248
327
4120
0
85
175
24
761
226
352
112
30
695
1167
1206
4
0
65
187
4416
4334
18
155
298
60
4955
44
27
264
498
7
337
60
700
152
606
4979
72
4330
4398
4036
5
1305
10
474
27
0
178
4889
4104
71
908
0
35
37
457
1255
3
447
667
86
3613
2
96
192
225
4082
4079
1282
24
12
4335
649
18
1289
904
4840
25
452
3472
319
793
3556
28
714
34
187
112
1
9
3494
753
1716
36
667
705
0
23
256
28
4899
92
188
233
0
3565
4292
250
33
1105
103
4131
262
266
59
75
981
1588
657
775
244
0
578
122
4032
8
1576
254
0
1305
296
76
24
4080
0
286
562
1317
5160
20
10
26
19
0
4742
1426
12
18
4457
1234
2
1188
0
24
3
1236
3475
1562
18
420
2355
245
1
215
3553
110
4290
261
1713
796
794
286
0
171
462
369
53
4297
230
0
241
172
391
1301
69
55
20
41
611
325
3
1575
3554
223
13
211
266
0
581
2
7
2284
1733
6
23
871
433
4311
4399
698
293
3554
25
0
243
166
211
67
56
179
32
469
161
3
448
0
135
442
487
36
12
14
321
3472
1241
4742
379
7
2336
245
1309
437
239
446
382
721
124
698
306
12
1734
204
13
138
884
679
4863
1049
572
32
21
21
899
66
33
233
4047
173
244
243
156
1
57
32
1712
769
244
4254
1716
140
48
0
803
1282
356
773
364
47
223
18
1178
173
258
313
241
687
1
57
4414
2374
0
265
1418
39
2300
0
465
714
72
4101
171
288
467
105
4083
0
0
7
440
76
261
267
1209
4278
796
1414
3519
63
104
905
4112
3537
1593
70
4084
28
260
10
21
55
18
380
15
402
175
1120
45
175
0
4292
3
262
1360
1173
40
4107
44
1308
9
9
603
0
287
168
3
428
226
4891
4082
0
5
220
518
87
252
322
432
471
350
220
3502
226
1305
433
20
914
19
18
242
69
4111
437
751
271
337
759
1310
681
0
962
654
13
285
171
18
4278
904
595
1254
494
6
871
364
1299
295
71
9
3472
4102
129
12
251
1037
465
754
4126
89
4036
1428
592
42
2302
18
1323
0
9
1171
0
0
3488
759
4020
362
6
1580
306
214
14
1562
623
437
19
0
754
294
3483
41
295
1251
1063
233
682
19
173
60
1316
1072
4882
226
80
1406
287
6
379
314
1306
117
85
30
1606
19
26
3516
12
293
4038
11
3
4307
807
261
4110
33
3622
0
369
423
2
31
209
4849
589
1210
1378
460
366
252
24
13
95
111
0
5020
536
266
90
5
42
4252
1256
662
9
426
108
226
30
346
701
3490
583
4092
38
1601
26
20
4370
18
175
152
3489
756
1
605
163
275
762
71
4743
185
8
248
1243
956
228
56
152
57
652
290
901
196
170
13
12
128
189
20
13
250
30
36
57
757
1848
429
284
30
1247
43
513
239
356
4124
210
0
24
4280
427
17
0
3517
4402
50
26
387
28
239
290
242
1212
9
292
1123
57
226
45
168
247
302
4917
10
12
9
1421
2
21
1127
230
658
55
377
436
10
117
954
1
63
4342
32
429
252
1
2
0
470
347
20
194
3491
12
2
242
43
94
3
4746
348
1082
1316
199
42
1
3
486
3489
187
187
4889
578
149
230
57
54
4853
754
589
0
376
470
0
0
4104
667
3514
869
8
11
870
287
1282
0
104
361
1043
23
5
30
607
337
0
394
31
0
4327
31
1316
6
645
223
368
289
749
436
1076
226
702
292
280
313
1236
1215
591
4854
2278
41
170
0
0
3568
1282
226
167
501
5
251
18
45
1422
0
467
443
458
3472
1292
199
0
4918
1429
8
634
4927
595
1178
6
209
2355
1138
672
3
1424
1119
0
8
462
4303
312
0
24
16
717
430
4905
4060
3504
4401
750
44
1305
9
1406
263
188
621
1037
3
252
287
1
18
242
63
18
86
795
1304
4
18
726
1072
260
3534
61
102
12
1575
3589
1392
33
56
54
198
6
215
6
40
3
253
526
156
172
35
708
0
12
390
681
0
158
450
243
305
3
664
426
251
185
64
72
212
30
1208
47
171
3526
117
55
955
92
0
237
71
192
438
1005
1408
241
258
106
1714
4297
242
425
198
0
4124
299
1072
63
296
19
145
191
161
44
260
1578
3
1075
457
5
319
0
72
337
68
266
3504
4
1840
4030
4089
19
1406
585
286
17
4336
4094
3515
1306
1252
4855
3484
4279
24
605
4283
1295
392
4278
252
283
555
3472
475
4882
753
246
325
434
252
1
437
19
0
421
682
1347
4979
26
42
160
0
0
239
1320
24
4124
9
1713
36
463
0
3595
3472
892
4461
0
42
494
1079
13
707
4746
3627
1331
3536
4293
244
5
789
248
4089
592
1
598
3638
763
1836
159
317
70
946
220
336
255
158
1407
354
5002
1
2341
370
227
664
965
702
133
1078
271
320
19
312
0
4303
4052
4390
1309
1293
1418
19
1303
4076
330
3506
5
191
632
1347
371
243
424
20
4025
2390
1295
1419
49
774
789
30
4358
3
5015
171
109
4892
1346
1420
1251
389
4309
695
14
3505
4844
423
4833
19
3515
4314
18
627
14
238
122
1313
8
24
86
2
297
4893
215
0
4336
17
16
65
1277
1001
307
700
3473
870
0
407
3502
441
43
764
66
294
9
71
1416
0
313
39
4861
20
4931
3580
162
466
259
390
3
385
4305
647
329
1351
152
3
1001
90
572
667
599
2
707
5
36
140
1409
3
165
242
3
23
19
4899
1406
298
558
608
3
1411
299
202
4023
0
759
1072
3479
429
445
1075
1419
433
15
606
4367
1414
211
32
5
240
971
421
264
22
3
0
1082
0
590
351
3480
239
342
766
0
3565
638
428
63
9
95
3473
1256
219
348
587
29
589
1411
13
256
226
1251
231
3
2
1235
3488
738
702
156
898
2300
1420
6
1392
323
4110
187
1616
3554
1426
396
1564
443
1310
319
647
215
177
0
4742
321
233
334
38
30
319
4054
4034
0
678
600
4290
166
285
6
4044
4312
2
29
1425
637
1078
152
276
10
909
294
226
322
385
1392
4327
14
12
594
1350
4398
3
323
0
479
54
1058
304
600
0
1579
627
17
11
4
4120
1564
448
14
2
309
1568
181
0
19
20
959
18
294
758
671
700
1251
20
238
1251
36
3533
285
68
266
4747
0
23
171
392
292
1076
18
197
216
286
425
4095
3554
266
31
4333
58
1579
3472
198
28
0
41
282
266
1072
64
168
1
555
223
223
690
2
4399
0
867
226
17
3547
196
873
56
68
1181
325
2300
64
1081
63
356
452
0
82
261
295
1576
6
4090
7
536
28
4906
570
438
18
609
1338
18
2
464
107
126
3472
42
698
33
4846
4416
59
1336
226
23
11
46
983
26
1149
345
31
18
1717
332
1
330
637
24
7
4143
3
1429
4891
443
1710
0
0
1411
1600
423
294
10
293
18
47
450
1414
202
460
291
1209
319
45
242
536
329
1405
3566
450
4082
54
344
234
562
173
292
152
243
4300
0
168
267
282
1395
65
266
39
73
583
871
461
48
0
0
12
45
18
345
0
48
22
68
160
70
4905
226
43
35
101
1394
556
167
74
15
1212
0
188
782
1
13
170
127
946
2281
4106
0
32
13
448
4110
527
292
3504
293
2
1575
3575
159
4253
489
261
4399
293
32
428
1185
0
1411
0
28
4142
53
229
2384
5
5
1072
4108
428
1291
49
4134
4874
203
286
281
0
503
1408
29
370
1059
4399
25
570
471
307
14
5
303
1181
738
0
199
29
981
4116
3472
299
4921
635
294
118
44
3519
2
590
2
4
1121
433
44
4
628
460
28
199
4861
425
10
68
226
243
0
213
0
20
230
34
581
603
86
24
428
0
4
3480
33
41
57
3481
468
456
1595
4086
24
450
3474
1588
570
4
759
0
40
296
29
242
435
4
46
76
1423
10
6
13
437
0
156
50
38
120
218
352
1616
434
72
13
4745
16
1404
48
425
433
288
3
15
1045
3613
4954
170
241
0
22
275
16
276
229
271
0
4410
156
2340
64
1
1712
91
35
36
4849
92
1385
68
3597
111
58
1
1304
4131
3615
3484
31
264
12
3483
0
26
4301
1351
10
72
1189
1567
3476
9
27
3546
0
67
385
38
462
773
1184
13
20
63
792
0
23
4028
225
3624
0
32
1
34
62
40
21
668
305
2
5
24
4254
959
1580
38
54
4747
146
33
438
18
111
618
1286
616
219
162
4285
20
4
59
628
65
591
0
69
4
4132
169
0
717
71
404
1432
65
160
223
1140
4929
104
18
65
328
710
659
1598
1319
26
946
471
8
68
474
310
129
57
644
377
0
25
4022
7
438
10
399
3488
223
160
1
30
1286
311
9
2286
870
12
0
448
120
165
1281
221
53
37
465
1075
1295
249
1
944
373
624
1142
0
303
0
79
1242
51
63
574
757
153
4
954
1179
321
394
0
703
1169
27
624
3552
265
1367
817
7
3473
23
4181
0
3518
12
632
670
3
3
589
777
3566
156
1072
294
1395
28
239
260
4841
3532
591
65
28
0
72
214
6
130
22
3472
4837
603
324
8
372
4906
1365
14
127
44
1318
4841
3520
470
3583
635
0
757
461
29
4303
452
331
2
480
4115
448
9
539
105
60
27
463
428
1373
3472
21
96
1413
4121
765
71
58
32
280
52
306
26
189
162
4043
366
72
682
1215
243
0
177
10
513
3
266
200
439
220
117
1593
14
763
957
404
93
423
59
910
308
613
475
5
342
486
6
437
5
35
1084
186
3489
3
247
229
362
0
698
652
4404
756
238
59
870
94
469
3481
343
24
1287
348
320
1280
12
1571
0
379
231
8
0
364
4335
20
463
0
4
263
12
252
773
4928
3519
64
24
4253
345
762
258
3477
0
4024
1305
491
298
156
351
19
434
0
280
65
52
280
40
0
4889
3474
1840
172
956
84
4891
118
10
1346
23
0
269
43
347
4742
0
194
4338
383
4953
291
129
4103
297
199
4292
1877
3476
0
442
603
1575
1424
691
10
160
236
1336
242
1384
96
4247
335
304
394
312
4085
283
12
126
88
4306
897
4310
74
460
1136
6
0
358
3519
33
1173
64
570
59
23
0
1078
209
467
3626
67
18
1415
4109
3
388
458
6
4841
152
1257
1345
0
440
223
1357
382
939
5159
0
280
2
280
3472
0
650
428
107
168
2384
272
425
4
211
76
166
600
3
2
3
4968
1426
0
0
957
15
50
211
20
198
777
1716
123
0
301
24
0
4941
673
23
18
439
21
4110
4896
2
2355
270
1410
13
0
371
1711
375
1417
329
894
13
500
676
1172
1592
12
24
0
299
15
307
301
356
21
10
0
0
633
4296
220
0
4044
350
67
3481
4335
3
464
506
18
310
0
401
607
368
303
4106
1320
32
4403
13
18
428
30
211
4883
43
45
1313
33
1716
4081
1599
247
465
4105
249
1365
1432
609
1181
198
712
64
1412
3484
636
4095
604
20
0
9
716
436
29
684
4110
686
0
490
4071
652
468
177
196
1302
20
46
197
29
2
3480
4895
86
3542
0
301
24
14
2338
1379
11
23
629
408
33
206
1314
963
20
13
895
7
10
2305
1427
242
4329
1255
17
0
1710
41
319
289
65
50
3473
4974
1
745
1290
385
229
285
4342
712
0
627
188
4028
1596
4743
3
2
1155
1310
15
157
4108
151
0
754
713
20
4098
4
0
135
870
1251
4
1342
4312
678
1236
18
450
3535
605
335
298
1281
780
260
1037
12
18
1237
190
226
335
3477
360
241
692
14
1234
725
467
1713
4278
18
4457
596
20
1434
329
10
588
44
4301
530
18
0
36
3515
156
38
244
13
223
198
6
174
3502
66
1413
40
4105
48
186
384
1047
45
266
1246
4028
256
0
1057
13
2274
967
200
7
207
643
701
11
81
108
28
1328
11
53
4
379
378
307
645
0
2
269
642
12
39
615
957
607
2
0
348
0
226
28
425
431
581
274
382
467
371
4313
106
688
152
314
53
4918
911
52
60
364
4294
226
215
19
4
186
242
4416
9
163
0
299
107
72
207
697
26
603
13
180
0
4883
381
1278
4330
9
5162
2
14
197
434
3
9
3563
645
6
178
4296
2372
1305
11
1331
29
4293
1
14
2376
17
226
0
22
191
605
1274
3565
972
3478
183
34
178
315
1708
3472
1298
353
1116
1245
1605
1292
1306
2369
248
4849
30
10
701
5012
22
18
280
4366
4903
4297
244
717
351
304
659
1708
376
13
711
181
3531
7
503
26
438
1305
15
209
186
16
0
298
1178
18
1092
6
345
151
446
79
0
4105
219
3480
252
102
1341
18
339
270
184
178
290
30
883
195
335
1139
281
4250
263
1336
0
13
3566
364
187
1304
350
21
31
760
953
1282
391
223
3623
48
1321
720
293
595
637
154
269
4
1041
288
312
260
635
29
339
1072
377
25
1246
386
4
13
209
45
11
4849
4893
294
242
570
338
349
335
190
7
223
261
486
254
18
1
1072
1315
604
35
3631
71
18
84
2
436
2
13
702
465
66
711
639
21
11
188
4029
13
1703
12
3616
285
33
69
397
1209
15
884
18
253
1
577
297
4883
1303
0
1315
0
261
234
6
3
18
12
617
1171
35
672
258
140
1745
752
18
4742
45
1608
70
3528
642
157
26
376
0
651
163
99
28
590
21
223
1280
18
230
384
238
501
0
12
15
612
0
13
313
254
171
229
1584
0
957
295
163
713
197
1309
4902
638
125
3528
295
28
278
4126
18
291
1250
341
1075
15
54
120
4120
775
25
4748
15
755
464
0
0
4105
44
4105
18
897
4287
38
15
45
594
646
1280
78
0
30
1418
887
571
11
41
404
233
181
1058
97
55
3472
4089
1327
4126
267
1315
608
6
0
578
38
1039
1303
261
2306
438
35
67
241
4888
1271
3482
293
110
312
118
30
120
296
1088
156
1
183
293
142
0
250
172
1320
226
17
308
4068
3515
69
0
962
0
1331
18
65
1046
13
345
653
6
90
322
157
300
518
4863
223
83
1369
156
590
216
348
1295
352
1251
1427
1392
16
4026
3515
1088
39
38
107
81
430
3484
0
312
4879
873
4851
3595
691
56
4246
800
81
1614
41
683
756
929
284
291
437
1181
78
4260
328
33
109
21
1305
343
926
34
0
1297
1311
468
18
342
106
980
17
293
0
482
223
191
0
664
948
18
4978
21
28
150
4905
295
4845
10
649
1248
4400
297
10
4905
49
708
45
55
773
66
4403
738
85
94
226
44
1
1249
589
703
4
8
24
94
960
429
1155
0
302
700
246
3481
249
4335
302
56
38
0
223
94
10
162
1319
65
0
4307
252
98
1420
662
4071
99
1316
181
20
236
4920
1424
256
0
905
35
55
1345
291
24
0
3484
956
245
1335
24
266
1
459
3492
23
243
438
362
256
106
1290
572
223
223
5
291
3568
0
375
1295
16
4108
1359
375
454
4020
0
68
1411
63
602
502
50
30
35
4330
615
21
212
1254
154
28
439
634
1251
5
462
897
439
38
329
252
494
3497
413
3614
170
0
239
617
4288
239
171
458
199
1347
32
1638
295
350
4880
296
390
22
248
247
351
6
187
238
244
246
470
1747
0
214
1209
1214
4865
908
1
572
20
64
616
694
14
903
328
16
9
3
1329
469
6
0
4
806
78
66
761
18
239
13
1076
280
874
2372
1314
223
4111
178
302
316
944
867
1405
28
79
60
7
963
28
15
4310
984
188
1251
492
224
59
12
1254
4373
298
709
3631
4901
1
36
211
433
3
1583
2
740
9
34
23
241
252
1597
633
2356
4109
602
4292
31
110
635
413
25
297
281
872
662
0
0
321
57
4841
589
732
156
53
1329
1075
290
3622
665
263
27
469
2
425
3515
288
3
320
81
1411
4020
276
0
0
2270
0
0
356
757
700
683
393
1265
4744
0
45
366
62
290
436
98
221
1602
1168
598
15
41
3
49
769
229
120
1184
10
5
66
12
0
525
0
475
1282
439
340
11
2
1290
17
265
20
99
182
18
4
338
219
55
147
297
195
12
3472
3531
906
1274
4400
1175
173
4252
173
1602
0
46
404
326
664
2344
0
18
4914
4055
450
4415
737
40
171
437
1336
236
197
14
44
223
53
335
242
1299
5
345
1576
5
201
4
341
447
382
5
1840
64
4310
44
251
1409
152
3565
33
4124
0
714
441
895
284
421
341
1
298
4916
1306
220
4742
1317
4401
324
24
57
27
0
629
3517
1
4
265
4106
31
214
8
1
3598
589
717
121
348
2
295
4416
48
890
4107
807
250
4337
1607
323
170
164
25
390
606
1306
242
898
156
4036
177
446
28
662
1147
2
941
187
3601
1280
901
262
430
149
5
124
4305
1058
18
904
319
68
5
251
163
4081
428
82
439
4
6
438
28
285
760
5
458
272
1082
84
716
0
433
4
186
4033
2
247
1504
1357
867
4058
162
14
4111
5170
179
4056
13
242
274
954
708
225
4406
4026
164
1371
1073
291
3515
32
1204
227
439
150
1
35
875
294
3566
898
912
60
18
5
4285
258
4343
4089
312
1006
35
590
37
291
463
454
4890
322
311
12
4079
3481
10
4847
4034
295
23
0
673
4100
0
514
676
1078
47
6
11
4133
403
177
5
4
235
678
1518
304
645
0
346
648
696
161
5021
18
337
636
0
279
77
34
26
106
704
4418
86
70
58
457
0
10
246
11
432
4033
437
29
17
24
40
55
285
698
0
370
445
475
442
26
63
22
1713
589
12
335
873
329
1
0
342
319
4044
232
4111
168
4278
0
53
0
1
8
263
13
238
13
394
1281
55
371
70
599
314
48
23
12
443
452
45
711
1178
284
3553
9
624
767
3482
232
4296
347
450
1349
2
226
18
1072
501
1412
225
4840
3482
21
4408
0
223
16
175
164
608
0
13
246
300
4744
1320
2302
156
469
614
72
4146
162
0
41
44
164
360
574
1884
229
3472
1141
97
4099
436
172
2356
4051
10
3536
3614
241
954
65
174
1180
21
0
1607
0
0
12
178
6
628
1339
294
14
1178
105
1254
3541
3502
337
0
652
10
1115
48
1405
4407
714
4896
439
289
0
177
0
351
932
0
8
0
20
3
44
1289
118
811
358
228
201
18
223
12
36
875
0
25
300
34
1339
0
1573
15
302
241
7
13
16
49
8
225
4
102
1220
1182
265
75
1429
436
895
4071
300
3
44
4021
1289
174
30
181
277
2
165
13
1305
4
620
226
1002
32
24
4092
26
38
274
242
281
0
162
3472
6
0
4044
3
22
12
312
280
16
1302
49
0
5
4835
1396
1317
682
274
329
33
8
609
4125
1312
261
246
3522
0
475
4746
165
3
257
0
14
966
375
3540
3603
1336
3490
0
170
2
12
53
1572
757
1291
69
445
173
231
66
260
4881
12
3523
238
24
1392
165
165
463
807
1596
1377
324
3502
4091
0
463
1607
0
385
68
130
706
154
18
299
465
24
18
254
180
4368
374
3
125
8
1072
305
1392
1310
447
3516
4020
645
650
0
5
479
2356
555
128
262
611
163
338
35
0
1307
1308
897
2
4092
23
637
424
18
295
1308
1128
350
1290
4020
470
3524
68
18
20
252
1280
2
4105
15
10
106
612
2
3486
64
13
226
371
241
3484
186
291
0
12
1411
4336
158
4092
120
180
741
3611
58
0
507
635
0
279
226
4894
1178
1322
0
867
5008
12
3
248
451
0
277
1299
1842
728
0
0
76
1319
23
347
0
0
39
21
1178
8
4047
120
252
13
2340
55
962
345
339
633
4
230
161
165
286
3
32
4833
2346
32
265
263
350
256
4107
1713
4
17
24
27
4020
274
244
46
12
12
373
1407
8
354
697
4082
179
249
4129
33
2336
957
56
1278
3489
170
1072
1086
264
8
187
367
4128
0
608
247
444
25
4908
24
167
1421
1297
4292
18
226
31
902
321
4415
23
1317
329
0
1171
18
338
1314
444
6
1039
266
605
223
18
627
635
659
1582
1346
700
18
4114
0
1289
780
3
4114
37
30
9
147
263
4408
13
223
153
4332
0
28
4101
442
759
67
3489
360
252
463
0
106
63
101
6
1330
589
156
68
59
156
1
9
1087
88
98
698
247
679
292
109
441
107
30
4859
3614
1322
432
14
0
28
305
1305
11
4884
297
4869
10
0
295
1389
226
181
13
870
441
4057
370
980
424
1562
7
226
10
0
28
2
0
4366
2
286
4055
722
899
1065
4050
1404
1428
1254
261
0
2368
1423
607
10
4110
4418
4079
290
239
11
234
472
3
1575
4111
4414
706
0
45
50
238
297
448
188
1305
4028
1416
312
4289
186
92
1038
690
11
0
581
0
1596
295
238
4
1328
4020
4331
4923
986
13
23
291
1397
0
14
1277
627
252
256
3480
1086
393
620
352
4040
0
715
572
755
962
27
171
884
0
25
162
314
787
55
4371
34
4041
1595
1566
2
0
105
711
308
450
956
195
28
1308
18
29
4122
668
61
64
293
223
260
13
1427
27
3528
435
871
3507
41
3472
66
474
4
226
1290
0
19
1346
436
18
467
0
24
450
28
1297
313
92
32
4101
3485
8
1429
12
4332
86
654
36
429
1208
588
7
466
656
1281
4106
57
76
247
46
4020
18
679
1708
312
4245
0
447
236
1051
3542
223
4110
1245
2
300
172
649
172
663
446
960
67
150
1305
1710
299
21
3523
64
939
1562
31
104
152
266
0
313
13
368
1709
2
55
3507
75
0
1313
4105
4374
1577
4289
1072
161
4020
43
36
161
475
23
4110
297
291
35
382
4891
241
38
449
320
45
0
4
0
393
4030
30
288
714
3635
695
189
351
80
319
344
528
777
20
4110
241
635
212
298
1058
166
299
252
18
79
169
0
372
322
4020
0
646
470
4245
3538
291
10
13
1430
537
4
211
591
4747
4090
4305
0
1336
452
386
21
291
1248
55
84
0
8
4
0
175
24
123
3
252
55
0
60
24
4134
3
36
120
2336
3479
898
26
0
6
208
4305
28
4858
22
4399
922
0
4404
946
22
165
611
0
221
198
52
11
258
4087
4
13
706
4117
464
337
306
28
1254
3502
4894
188
870
475
463
332
711
1410
2
1285
371
57
0
1290
1
195
14
65
1580
0
81
442
12
54
23
453
303
1859
125
305
365
174
1392
1
338
4892
1234
804
68
696
468
1399
519
464
675
1744
26
425
25
34
343
4098
1299
4
458
556
34
3559
1139
20
37
173
11
3
448
21
923
572
4869
0
65
120
339
51
265
1181
295
260
506
226
473
223
1327
118
94
4107
683
4101
4021
265
110
25
1074
4865
342
3
4
223
1600
78
693
662
2355
226
619
484
3
2
4885
707
4883
226
221
43
4
292
446
1387
2
1182
894
30
286
27
0
1304
0
240
13
23
320
90
4
2
320
184
386
3472
284
3587
4926
459
33
457
54
165
198
762
307
242
226
12
434
55
236
474
24
0
7
299
244
0
423
1880
0
164
4901
3
1600
0
30
0
678
36
329
0
3517
4292
434
14
32
2
223
2
11
9
335
35
254
475
41
1579
4894
12
1076
64
700
4971
169
16
428
152
9
13
428
309
1425
22
0
166
0
4024
18
473
20
1433
161
372
631
12
1840
69
6
382
238
589
1289
0
283
764
290
99
7
1316
615
81
1301
0
380
91
54
0
161
18
582
64
181
22
1319
49
0
497
156
4086
0
494
1599
632
1410
1303
3613
1256
461
64
1
1282
1074
394
1306
324
162
1407
65
361
167
1581
4918
49
747
1213
33
589
177
342
702
1413
712
4877
11
32
2348
1580
0
1265
904
2290
423
0
232
758
425
1
18
329
4872
632
16
90
383
61
0
12
28
20
42
53
325
338
1404
30
0
1392
4418
62
223
1107
13
262
713
31
96
260
73
226
55
13
768
81
286
0
1336
1289
363
0
33
3532
0
1578
319
89
63
635
13
4400
87
75
18
2
226
64
360
652
2260
1
4097
4879
0
4058
649
705
650
106
767
424
40
4103
396
2
578
242
368
180
34
1256
28
240
1409
58
594
1247
444
18
105
156
1251
1
4131
340
1304
3515
682
1580
3476
1304
280
322
237
1365
4835
314
600
0
756
1598
250
3
1
4885
140
589
438
962
5014
54
379
751
3
1860
10
232
163
791
232
425
1596
4848
4897
474
564
158
82
118
1567
1299
282
361
458
349
156
223
293
295
56
32
774
3486
2375
4081
14
41
0
66
261
759
3522
45
608
0
1382
238
3543
219
4
423
172
242
69
466
870
4314
233
2280
14
299
1317
61
451
349
3553
3528
300
1859
295
458
186
13
297
23
4105
1292
2
438
4888
69
244
429
1305
333
1294
0
1209
19
960
780
1295
1181
763
4048
580
646
1303
682
257
223
609
56
1072
446
325
4845
1171
18
4742
73
382
578
3630
334
486
573
1410
284
445
15
290
4847
804
229
227
11
286
2
361
29
1209
435
642
35
1305
884
2
229
299
1190
572
18
1294
31
3
112
1371
40
681
436
631
23
2
687
4103
667
18
64
0
0
87
4414
17
436
0
4128
53
107
2284
1413
155
1081
32
242
31
431
4305
27
351
478
11
604
68
25
3476
270
29
4032
3625
32
4032
1
4312
39
4048
2
238
4312
226
2300
185
491
519
35
0
700
8
5
1075
2
210
1301
226
5002
382
1592
614
1256
897
173
227
235
0
29
4367
4107
1428
9
228
479
1265
12
170
242
4106
33
519
1404
421
166
8
239
117
226
7
3489
60
406
281
0
1415
3506
1189
5026
26
360
0
223
4
155
3484
4968
7
664
572
4366
223
18
488
20
8
627
1282
176
71
4082
648
32
233
589
4020
2278
501
3490
8
294
5
35
5
676
898
48
241
252
1001
0
766
10
29
0
291
320
331
4047
3
42
907
308
261
610
4987
1712
558
4114
962
295
13
161
269
275
465
24
1212
166
1099
13
0
4895
60
446
1
185
390
224
4401
13
1320
35
152
275
506
5028
13
18
39
344
677
4292
959
161
67
1
0
313
9
1073
1041
149
0
4911
4889
9
184
220
4292
368
1036
4
208
3508
0
1
236
255
12
0
177
575
1299
233
106
89
4142
12
75
250
2
233
608
485
0
431
3499
327
286
20
463
106
96
955
338
482
890
169
235
701
0
223
22
449
55
96
8
3536
321
14
1302
4
898
766
11
41
294
0
131
486
332
428
1039
4097
5171
3496
4296
252
1305
4110
0
18
634
0
1091
2372
10
474
974
35
6
13
0
774
347
0
53
4055
18
3475
4250
111
3615
780
190
493
312
1595
280
4751
312
3498
118
440
446
4256
68
29
14
28
4107
214
38
3529
158
296
385
1716
3
3587
19
112
3476
9
313
57
646
335
4954
325
4372
182
459
63
0
33
180
0
436
42
50
1703
923
713
613
447
4083
3561
4366
354
334
277
25
1859
461
1074
83
0
89
169
1
4403
610
65
1304
771
12
18
665
266
36
2
26
345
676
667
347
30
1304
0
443
237
1304
4044
0
42
0
2302
300
0
184
5
591
366
0
3
390
1426
4020
1235
72
1598
4071
759
38
226
1084
4890
0
0
2280
1294
4841
458
64
35
765
14
646
3484
383
75
55
0
1389
68
1293
463
0
4020
614
53
10
1708
353
4330
5
1420
109
223
2
198
36
179
3
27
94
1399
361
14
1257
3519
955
3
295
9
3481
1047
0
699
424
70
164
336
117
18
113
302
605
313
3496
9
265
1427
587
132
4252
608
0
13
422
0
12
763
4986
194
521
463
794
256
1319
652
3561
1597
662
57
396
289
962
44
70
1562
0
3518
4314
50
4082
53
234
16
21
18
44
0
1429
1305
21
18
163
284
288
273
1
3472
5
313
21
557
1
1409
2
312
360
1170
644
1259
3472
1598
108
32
438
656
27
1598
744
335
424
900
1329
652
107
287
265
4896
4375
81
430
74
52
343
1347
579
4331
6
3603
23
0
3
1408
285
1236
1073
0
35
28
717
6
0
0
428
3532
29
2
1103
154
526
506
30
223
11
185
449
0
256
1340
351
4082
0
219
4744
4252
54
241
90
2337
171
86
799
424
282
106
190
55
443
219
1427
238
226
1333
1
3
20
323
1139
198
1
2
4905
446
9
279
30
939
704
0
594
0
376
3533
4836
20
163
433
184
122
2
262
32
94
44
6
226
14
658
56
255
461
1305
503
0
434
38
458
209
0
42
260
0
67
60
690
1581
313
32
32
439
123
223
1251
1305
489
367
4839
0
4904
234
180
1584
177
620
1397
4907
1563
18
627
450
461
56
308
962
4
1041
243
308
1254
67
110
53
59
1208
8
1401
6
3484
13
159
170
18
165
336
383
325
1280
308
314
0
657
1230
9
242
0
415
356
0
170
374
697
8
9
1370
13
518
63
1575
43
31
12
0
5
4033
1060
91
21
10
4303
0
223
1
105
82
153
20
1073
8
230
433
3517
2
633
57
12
441
195
3528
56
4253
3512
257
3
166
63
234
4399
239
4891
0
4105
4330
4
6
209
494
9
358
40
11
2274
51
644
1304
0
17
4245
169
31
280
8
1247
3582
313
0
4883
468
4287
106
291
104
610
572
432
3603
302
14
1335
625
88
32
364
72
471
1295
700
756
118
3
36
161
1116
486
342
1310
4031
19
289
13
638
1178
939
0
478
0
24
29
5002
174
1564
900
0
9
107
63
185
616
3547
21
4287
59
326
183
4339
335
6
13
1309
2
16
117
4901
1711
577
4026
427
3489
8
885
3472
3
430
43
6
43
440
60
298
621
345
0
18
468
226
491
24
167
0
15
13
270
8
1061
4888
1333
90
226
40
98
3563
281
748
393
219
306
926
159
1564
603
64
1315
0
42
462
3484
4020
108
59
1329
648
3523
280
12
55
329
0
53
297
278
293
4312
335
695
0
712
676
2
3494
69
4925
296
270
4309
110
3485
3
3474
17
249
19
756
291
1315
747
266
221
35
3474
34
211
635
1212
1281
1352
110
2305
216
0
373
171
348
3485
772
766
1083
67
607
1718
233
231
5
3498
4744
1745
664
1323
173
180
1576
18
3490
4396
4030
3515
1084
166
557
3597
0
32
5
9
182
1
34
19
1345
0
1252
646
435
707
260
311
1416
228
461
1072
335
9
1337
282
0
353
0
4089
0
474
432
441
26
484
1396
1304
68
0
18
291
1037
65
172
2
15
62
345
37
239
244
640
27
489
266
1372
332
1
0
75
16
450
319
3505
761
5
120
4
3
595
57
107
42
11
7
174
436
463
59
4181
4285
1290
665
1
458
18
12
258
7
225
262
1592
28
316
739
589
579
294
1208
21
4103
666
227
290
238
17
208
1251
246
1611
0
385
486
36
42
466
304
1
4091
703
108
13
220
3485
3531
4020
248
2287
385
41
0
18
514
107
107
4402
0
54
70
223
589
472
231
15
152
18
884
306
222
0
206
668
461
0
295
632
30
0
272
75
1290
3495
0
500
347
3
523
18
328
1300
645
283
1251
4252
1422
13
24
605
69
3561
71
300
1304
4366
1235
4836
1396
0
44
1286
3487
15
3
41
466
4026
768
0
20
242
50
4040
261
4923
260
1305
239
57
0
33
590
173
751
0
396
30
4252
5
0
155
4897
1300
14
4890
294
614
64
40
0
197
4311
131
69
4330
570
26
18
241
4853
27
1410
884
171
32
1178
3
891
0
706
329
360
62
4400
705
60
55
260
174
365
33
743
48
275
54
588
312
281
36
3
23
105
609
8
176
0
12
758
4110
0
4108
228
359
902
0
438
379
530
368
24
121
61
1605
323
4835
226
1506
4
1205
300
4105
1251
605
57
3476
14
962
33
83
4104
4339
31
333
48
6
35
204
763
765
4402
929
158
242
0
246
1259
236
280
11
458
4895
242
1
375
1129
136
18
4148
50
18
514
284
1300
324
2
111
260
57
59
4089
0
0
18
23
226
91
3506
292
1321
4333
54
25
1248
421
167
9
252
3529
13
1408
17
233
0
434
1049
375
6
429
1318
10
1711
4402
1305
428
266
2376
1708
430
18
69
4073
0
0
14
1290
3472
4744
958
0
11
0
235
18
12
55
2280
107
338
640
345
1425
4083
1305
698
1415
374
32
14
432
4062
3527
109
241
363
4332
388
1304
4316
182
964
0
0
241
1576
7
1312
4914
372
326
149
8
24
595
867
42
5158
1180
1106
1091
324
2
3486
34
6
1253
444
1280
385
243
63
4
151
737
57
329
17
13
980
4373
891
1290
1107
348
3
1396
895
160
17
1
0
55
254
288
381
1328
15
274
1
14
7
60
608
225
0
1290
2
323
207
2304
428
294
337
171
518
1738
37
715
757
1072
1256
50
197
166
1747
253
583
18
149
55
1037
4020
4108
8
63
1336
111
72
1282
328
1292
4327
34
1235
18
1323
33
2290
300
3486
352
1075
4112
1072
62
67
358
24
28
59
4887
19
177
69
607
469
3542
4895
0
262
11
4125
1598
775
4402
4029
83
22
734
321
4035
111
226
3
39
610
1252
215
1172
1575
0
631
13
0
29
2
725
54
27
1592
2282
0
32
308
0
6
232
342
4411
1332
48
268
18
958
0
58
345
2
4
448
18
302
245
252
286
172
3601
2
0
396
692
488
895
4056
1404
30
213
264
328
45
1404
55
3502
11
637
1148
1843
20
1410
30
43
376
140
240
4
18
1410
1096
20
291
1605
0
1257
346
4414
254
4112
3552
125
4023
1001
105
4092
698
3
468
438
4110
700
4334
3
436
4313
497
639
19
12
57
182
0
55
18
714
971
4035
50
3619
346
4841
1607
0
4898
256
13
701
12
788
6
2
3472
3476
441
372
15
283
4366
1297
1086
22
163
0
4403
307
297
44
1596
1317
0
1254
324
3565
4399
294
1
16
725
288
45
24
2279
1416
1580
5011
326
917
296
63
673
4071
285
238
13
21
55
38
1411
17
0
15
44
253
67
106
9
18
4110
177
437
0
156
60
287
22
706
107
600
291
180
3546
1564
3599
1
7
0
4
8
1422
1
356
1344
352
591
3498
38
0
424
644
92
432
1735
20
395
248
442
0
957
608
885
189
166
870
42
3527
56
4745
8
67
1074
12
808
4278
4299
4380
1314
38
309
4132
19
1213
4050
4
1300
513
0
0
227
18
4400
4032
467
592
870
3
1047
437
4106
177
18
1234
257
4110
1075
4841
468
246
18
3506
122
4101
13
901
124
0
4402
1072
13
226
646
23
68
0
717
2264
315
244
465
112
3
4032
640
4
1237
172
28
572
238
797
1305
1299
536
329
1601
692
1349
0
292
4845
0
49
1407
1344
3
111
223
225
3538
66
223
900
239
28
158
45
2
0
44
2374
3475
1711
1
773
1347
80
4020
785
0
765
1247
3
0
0
123
4925
12
1
252
0
0
69
71
452
187
4100
54
61
262
7
1081
965
19
1612
3
329
4310
4278
41
247
1401
185
173
336
1187
435
470
1392
512
759
3472
760
965
194
308
4103
1
291
371
28
54
212
459
1392
444
169
254
1215
2
12
0
756
8
0
0
1082
0
4
258
7
107
886
769
556
3476
3
4082
65
0
3490
171
481
18
0
432
1043
611
439
1414
2258
586
295
27
466
1281
3517
13
286
6
0
570
590
1350
1289
681
1305
1413
241
1075
20
767
4400
16
4292
19
708
231
189
186
960
3544
378
296
561
3
351
138
702
0
156
12
604
4020
738
324
1839
432
232
765
472
683
4895
3
11
48
591
1202
14
433
0
1576
7
1392
3488
254
39
1317
26
294
329
737
291
0
88
4020
440
3539
640
1
17
4245
1319
38
941
3553
427
5
7
233
63
259
24
164
716
1255
433
25
44
6
3566
4845
14
305
324
1289
1303
226
252
153
473
4099
329
473
13
715
1409
24
363
711
589
428
701
62
165
247
592
429
291
10
50
23
4079
1170
5
139
347
4848
1103
98
74
2
297
174
2369
1076
265
79
30
10
959
21
36
226
1265
30
6
22
170
3543
1410
1238
172
4134
4833
20
0
18
1313
7
233
0
884
13
7
1001
295
1
3519
54
984
452
3623
768
106
73
17
10
4104
20
4085
0
1602
460
197
1409
0
764
0
4065
311
48
700
470
233
13
223
633
11
4748
28
22
6
59
164
161
607
155
1
12
0
0
35
7
4836
690
56
5
171
223
0
4023
265
4297
302
0
4417
0
1594
39
0
1
152
264
504
453
226
3542
289
226
4079
4885
18
600
1251
4
56
198
953
17
4370
344
0
8
442
507
11
24
2282
4368
18
1290
4251
493
3487
2
23
696
75
1250
1566
71
0
2368
1320
960
297
0
0
3611
70
4107
593
118
1283
603
1564
29
1417
0
10
21
714
1208
909
696
1075
3502
258
423
662
461
452
309
3
64
3502
573
713
30
1323
0
494
21
908
286
1087
11
1300
0
30
4375
1072
10
49
223
206
3473
1
32
64
1169
438
1378
518
226
41
3601
0
1343
1292
234
293
460
240
55
0
165
741
282
349
30
538
2
1235
939
4284
84
13
1075
344
1
288
1425
63
13
4101
238
254
435
0
606
677
500
1415
165
710
23
1300
1339
11
18
1044
302
0
228
62
1013
595
717
12
10
1298
0
1348
314
202
1115
9
118
4331
177
4897
270
226
2
600
4110
966
45
32
35
7
944
54
455
1284
4073
1709
16
0
4048
26
78
2
118
50
1317
43
384
443
4
68
265
1
3500
4742
1178
170
18
1578
68
265
72
280
664
229
338
717
343
3
765
4
4872
510
3529
8
226
302
600
4245
4285
4091
1576
62
0
607
588
264
4056
148
4329
457
4310
293
1315
17
3505
0
939
195
640
605
1238
32
4090
13
1
76
0
1205
347
0
4
0
4310
315
1326
0
20
118
59
1146
956
5159
231
13
291
0
436
247
0
1073
1733
4300
0
0
0
655
1857
486
1346
20
1453
501
0
236
1
472
777
429
953
40
423
3
895
797
4968
5
588
242
4
223
4094
289
1597
438
1
751
1251
4415
284
454
10
3472
884
720
266
711
1280
444
5
2300
702
28
199
226
4849
238
288
31
1292
761
454
90
4
162
595
960
0
0
884
30
433
242
1566
0
20
229
325
499
4055
168
475
118
620
671
4894
112
34
288
1
1134
4124
159
797
296
431
1296
1341
425
237
1308
759
319
442
13
4414
1306
65
5
226
369
572
1308
12
980
1392
3550
156
762
739
1249
4092
4298
324
959
437
225
248
362
3532
653
4406
172
18
18
359
320
0
237
72
4
3506
327
174
18
635
3
0
4356
76
202
109
52
0
159
0
641
200
703
164
282
387
440
0
8
0
3537
252
21
25
0
3
4757
1043
50
36
0
1304
109
634
44
1340
159
458
4050
4883
294
22
53
439
41
335
33
0
167
303
175
4142
13
14
447
3
171
4375
4036
286
0
265
57
4029
226
429
1703
1308
1280
2
0
3533
383
1
170
0
600
671
382
1165
48
104
226
332
4374
295
234
38
20
18
0
246
7
777
0
247
0
201
777
649
260
1058
299
295
12
0
3
1078
13
24
1305
312
1381
28
20
428
3577
607
60
18
483
12
154
138
341
294
4903
17
4400
293
18
4030
1378
19
1072
4366
1231
0
475
4339
2
232
798
9
500
28
275
54
226
4101
3
1412
1265
0
1305
178
712
86
2
251
1140
4897
92
329
4309
441
226
0
18
1410
306
295
4096
1878
1607
3472
56
15
242
9
275
493
432
609
0
676
429
18
291
55
629
2
52
69
1613
277
1210
20
284
2
8
1424
22
0
94
1136
12
76
10
4250
627
167
761
486
4124
339
31
0
4903
10
4840
4
0
226
25
606
0
1187
3490
0
67
265
161
6
1418
959
226
0
4856
3477
159
0
3548
241
2
449
600
1408
289
2281
443
1078
292
0
293
2
711
242
0
23
1712
65
4288
71
1
737
0
41
335
722
9
467
3490
1336
18
4112
224
479
8
83
284
14
4043
280
3472
0
1
329
1304
2345
1369
5
84
1311
30
171
34
68
1
2
155
267
152
0
265
425
0
11
32
11
155
1392
2
1254
430
18
243
7
118
711
70
629
2396
13
608
290
14
11
606
1571
14
35
13
1319
702
67
333
18
1735
3493
438
35
0
93
323
367
300
1310
0
4
905
66
230
328
7
3516
1315
1236
662
403
171
354
1232
578
0
4885
0
10
1246
0
1566
10
1409
274
222
23
29
77
428
592
0
12
242
35
1
265
252
761
85
84
619
55
466
309
3505
3
110
3
4897
93
247
8
256
959
0
167
3533
59
1128
3555
226
2
4106
1435
329
4104
1304
4095
56
187
214
4085
68
27
31
3472
1412
428
3544
204
0
4837
905
15
384
3
3480
1
286
265
411
10
36
77
0
512
300
4852
760
18
3472
303
15
4334
369
665
0
255
54
493
23
1
13
229
25
3
1422
360
13
284
423
223
288
197
664
274
140
1603
3476
1084
423
63
40
333
0
0
4894
0
490
43
0
440
475
464
954
24
245
1336
23
12
44
80
588
209
25
394
15
365
1041
18
603
0
180
441
1290
0
6
180
615
776
623
471
212
1712
721
1710
1395
223
665
9
229
6
371
11
1600
3484
1207
652
4032
55
32
294
4968
711
3524
18
289
31
179
574
120
24
265
3472
156
754
335
441
4330
1
297
0
4056
6
1424
1174
1251
172
421
372
277
93
1184
2276
40
286
69
1290
373
3508
1
3
163
54
432
463
1
1349
115
348
4106
325
765
3472
18
1405
63
12
254
383
59
1617
162
5
226
3487
300
57
25
791
1093
165
29
8
27
2
792
83
32
595
59
66
186
32
44
1072
70
1083
884
1
466
318
45
0
374
173
3540
4029
1
281
425
18
18
3474
4336
4085
70
2
318
24
3
23
226
0
806
360
64
18
284
566
166
458
246
107
1251
10
4900
754
181
62
775
1155
1574
1710
295
0
1588
581
1246
185
3474
1077
291
1379
590
333
0
3473
156
4094
184
379
329
0
1414
243
664
160
27
312
31
3528
3554
589
33
252
1041
294
12
112
0
252
1336
4292
25
23
6
45
329
1
107
4877
603
103
958
240
103
3
668
8
358
320
69
56
4899
1344
1301
957
4979
1838
39
4112
13
717
1073
1178
681
1259
369
223
369
168
1369
24
1290
4
291
234
0
3493
57
4289
570
347
666
5159
4026
615
458
19
2
358
1570
7
51
51
244
23
592
4110
0
3472
13
313
664
1332
468
618
11
57
4287
4313
797
1167
233
462
48
898
23
588
0
13
159
285
379
0
4106
637
1414
242
357
470
1378
2
18
1255
72
32
10
197
223
1086
648
423
603
22
12
120
1295
20
3633
1592
462
199
1183
3621
3622
1
616
4252
380
20
293
4105
45
3472
2
2
283
3490
18
26
1248
0
263
34
99
24
1057
1
0
233
394
3543
4901
20
2
26
1576
7
12
548
57
422
0
43
1266
103
424
209
5
310
4029
965
0
1596
1383
494
3560
152
3474
463
256
312
437
1
701
1578
7
1257
286
261
69
0
3494
625
1421
767
788
37
473
66
3622
13
3
270
1400
3488
664
935
271
47
219
4
334
16
4093
0
1599
35
0
2337
229
63
980
56
1
6
2
226
1566
1072
3472
291
0
63
338
9
268
348
458
926
12
1248
209
898
239
1410
36
55
443
1250
462
90
18
12
56
4
3559
18
3
896
755
167
1579
10
868
0
10
6
1306
4047
1210
4296
1074
4899
58
2
57
242
163
230
433
36
1336
73
317
1504
11
1275
1350
12
610
0
6
1615
232
3555
0
871
84
20
289
463
72
744
957
1039
4747
9
0
18
710
16
35
3576
241
3506
28
6
300
304
3515
1341
359
113
0
2
115
111
1
603
711
4082
110
307
294
591
0
188
64
4083
63
351
26
0
35
438
48
1080
19
595
293
