4440
2180
2
2146
7799
0
7208
2173
2781
2158
2229
2159
7680
2782
6671
6331
2162
2159
386
2144
7457
594
2771
393
3609
331
2173
3881
6394
217
40
2158
6456
594
3881
6671
7145
479
206
7194
7212
6905
7085
2144
2162
2375
6408
18
481
2502
7793
386
3881
2145
2828
4482
0
4332
1018
1004
7463
153
2144
386
2813
0
386
4482
2144
2150
2229
2232
6723
7800
7465
2188
4482
2180
7095
412
4406
2148
2144
2150
2144
7459
386
2231
2527
7761
3860
2229
2158
3881
2163
6287
7085
2175
6291
2144
6435
3881
7801
2144
2499
13
386
2170
2144
2146
2144
7783
594
2771
2229
594
596
7
386
2181
2144
579
4491
3881
3881
2804
2229
78
7479
3882
81
96
6770
2146
2170
2198
2419
2232
2171
6692
4406
2144
401
2229
6901
2231
7465
3881
6316
7457
6290
7457
2198
3829
2785
2162
2826
1056
2147
7086
2148
2144
595
401
2764
7680
2771
594
615
2144
94
2198
2178
18
6394
7133
2145
2811
7473
2185
561
591
7525
7457
2773
215
6404
402
2248
386
393
2188
173
959
7526
2150
73
4511
2144
388
10
4410
2144
3885
2499
3615
3882
3881
2768
4297
6293
2144
594
2145
4462
3885
2173
2229
613
7457
2531
3881
2532
3882
2232
2156
132
2144
412
6789
7086
2173
595
6294
3929
6396
2173
7194
92
2144
7141
2144
2782
2229
981
386
2230
7782
2147
2785
2287
2774
6291
3882
7181
6289
6297
2157
611
7457
4403
3881
3922
386
364
7223
2144
389
3884
393
6770
2408
2172
2208
2229
2498
388
2239
2144
2144
2502
2144
3881
2144
4528
2144
6484
2181
4288
2514
6485
1054
2235
2229
330
3888
2147
4447
2144
6435
2144
6727
2396
6713
6347
2785
2498
2186
368
3881
2204
594
2144
392
2229
7133
3881
2507
2144
6743
414
7178
7145
2145
2527
3881
3881
134
2148
6770
2170
75
6368
6776
3881
3885
6684
2229
2144
2144
6774
4494
6784
2399
7691
2144
3885
2502
2229
2164
3885
4539
7160
2144
4482
6394
2452
2154
2144
2173
7793
6393
4410
4406
3888
2186
7457
2410
564
2148
2287
2764
2148
112
6449
7457
2156
2144
7761
3881
1016
2499
3886
20
595
4406
2831
1006
0
2173
586
7795
2189
2144
212
2144
6405
386
2144
2287
2771
6671
6713
2826
2229
3881
3881
2212
7680
2173
4406
2173
2771
2764
594
3921
7087
7178
2172
136
7183
2499
2145
2161
206
7471
208
409
386
594
26
2144
594
6444
2771
4440
2144
2144
2147
7531
7466
2144
2144
2145
142
2144
2158
2237
2146
2764
2771
2144
2229
4482
2229
3881
3884
2502
7680
561
2498
386
2827
2144
3881
3886
2150
6394
2243
0
6743
1186
3609
7224
7680
6733
596
16
2144
394
2157
616
6679
7795
2423
4288
2145
2144
7133
6901
7602
2145
7458
2144
7457
6287
2801
7524
2813
6771
2498
2235
2229
594
2154
2781
2144
2144
602
386
6794
6793
6671
2173
2195
2772
2151
2144
4513
2148
2144
2174
386
6
650
2144
6394
595
2173
2144
2782
0
3881
2144
2148
2148
2149
7224
415
6366
0
2144
2144
2361
2233
2186
7145
2782
2144
2785
2150
6684
600
4511
3881
2146
2144
6777
6901
2498
7793
2498
0
2145
2150
594
7680
386
2232
2417
2235
2229
6287
10
599
3881
401
7160
2527
2144
6353
7457
2498
4288
2192
6693
2145
2173
7085
3882
2377
4392
7085
2144
578
6354
2144
3881
2147
4288
91
390
36
4325
3885
2177
3881
81
7457
6393
2532
6774
3641
2144
2781
6701
2805
4425
4327
2532
2500
6901
386
2151
2782
2238
2144
6309
402
2764
416
2204
2145
6713
2173
3881
2253
2801
2169
6313
2803
7475
6348
386
386
4331
2144
401
7226
2175
594
3829
4406
959
2230
2813
2151
2229
2144
2144
6456
2234
2144
2173
3883
6733
594
594
2498
7134
2519
2146
2155
594
6435
7457
2527
4482
2171
595
2144
2144
2144
386
2498
2229
4406
2813
614
3
2145
2165
6447
7691
7600
2786
6435
2144
591
2144
2197
6675
2144
603
2771
3881
2147
7459
2173
573
2813
2261
85
2144
2144
390
6287
616
7479
134
598
2230
594
6671
6713
6393
6710
2179
3889
2234
2147
7462
6679
85
586
6714
3883
2765
2184
4326
2498
394
3881
2147
4482
2255
386
2147
2776
6721
2144
94
7463
136
2229
2144
4422
2144
4448
3881
2242
6770
2149
4489
3833
2144
2675
7457
386
2832
387
7214
4407
2173
364
2144
6750
2200
2229
2144
7459
2197
2144
82
2527
7704
2765
4482
2181
2144
2144
2163
3881
6671
594
386
2144
128
7457
2161
3611
4295
3881
2527
4495
2179
2287
3881
2774
6671
954
2
7141
2173
2169
2194
388
2229
2243
2144
7145
7141
2161
6436
7695
6684
2146
2771
6701
497
2144
2175
2229
570
7717
2312
208
2148
7805
2145
2144
7133
2173
2150
2771
20
2823
2173
2145
6370
4544
7178
2528
3887
2260
6723
611
7459
4541
4297
2144
7167
2230
2148
390
6910
7804
3889
470
2144
77
94
112
78
7782
2313
2149
2833
387
6770
6484
2772
386
7457
6713
4488
2803
91
598
4406
7762
3623
2144
2531
2174
6404
594
6287
7175
2144
2312
2144
7168
2
2144
3641
329
401
2173
2785
6293
7479
2173
0
598
401
7145
2802
0
2144
6290
2814
7086
3881
2377
2504
2529
6318
3859
331
7088
2532
2826
386
6713
7461
2505
2174
386
6671
386
3883
595
6347
611
611
7804
391
2160
2172
2394
6
2798
594
1063
6713
6901
2144
2229
3921
2173
2784
4482
2782
7457
2149
2498
2144
2144
6746
2159
595
2798
2144
7524
2144
594
2173
2189
2161
2230
6784
7474
4406
6313
2287
2146
386
6484
2144
2293
7692
7208
7691
7479
2527
6435
2144
2173
2518
7460
6684
7461
7458
4297
386
6296
570
391
2144
2498
6372
2512
2213
2150
2173
7808
2175
6408
4535
4545
4417
96
2233
2762
6447
386
2781
393
3881
2500
90
2253
6287
594
2163
7210
2160
2289
2782
2144
2150
2144
2144
478
2152
2389
2155
598
7795
2782
112
4513
606
4528
2528
2144
3885
386
2144
2144
2244
364
2498
2145
3881
386
7144
6693
87
7473
6287
2176
594
6393
0
2144
4406
4462
4330
2160
386
2823
6287
6
7691
7457
2144
2527
4406
2159
2145
150
6375
390
2171
2160
2146
99
4288
2145
162
4406
2149
401
2144
1002
3901
386
2150
2527
954
7461
2144
7457
7135
4342
2833
2186
594
386
469
2803
2498
7782
0
2237
2144
401
3885
83
2144
1016
3883
7782
7457
388
2145
6485
390
595
7194
3881
2236
6287
6291
2164
2784
2832
4497
2151
7182
386
1006
2144
2164
6289
2414
6678
3923
2200
3881
7483
2144
2241
656
4
2144
7681
95
2144
2781
386
2145
7085
2151
2152
2147
19
1015
2419
2144
6724
3881
4417
2144
2151
2237
572
4395
2198
2145
109
2813
596
398
0
2151
594
7088
388
6378
6404
7457
594
2174
368
7691
415
2152
3881
6289
4347
2813
4411
7686
386
6394
2498
2800
2148
86
6406
6350
962
2149
2198
386
6794
6737
2144
412
2144
610
2144
87
2169
2145
2144
386
2229
3893
2183
2145
2229
7461
2499
2144
2177
401
7146
2144
74
3923
7783
2148
2149
3615
2144
2229
2173
6693
7804
202
2256
2145
90
594
215
469
2144
2764
6295
2144
2258
2144
6724
6741
2168
2244
2144
2173
617
4406
2144
6713
1022
3609
2231
4291
2832
6684
6393
2404
2174
2235
2159
6671
7470
2516
2809
2162
7085
7782
1003
2180
2144
6713
2145
4406
2771
2800
1018
6693
2212
3
386
8
2151
2144
2144
78
368
6694
2231
2527
2188
2499
2145
3860
2216
2229
2172
2823
2173
6317
6708
7484
6287
2146
6384
2144
4406
7480
2145
2144
980
412
142
2774
3881
7458
594
2144
2144
6880
335
2147
2144
2144
4540
6371
6713
2
6289
2146
386
2144
2144
7803
594
7802
3881
2145
6713
2144
7481
6770
3881
2498
6291
7209
2511
6366
2416
2533
77
1055
134
4321
410
2414
20
106
17
2831
606
4413
7785
6673
2163
2159
2239
2230
148
2764
358
2144
2144
2144
2175
2839
504
2146
2144
594
607
469
6439
386
2244
358
2256
2287
2515
6288
6735
2498
6293
6393
7462
6671
7143
3881
7194
2144
6361
4547
334
0
6770
2144
3881
3881
6714
2173
2150
2842
2174
2527
2173
594
4511
2190
3881
954
2150
77
7178
2160
1015
386
6671
469
2144
2809
6883
3885
2144
6289
2151
2188
2229
7194
7212
26
7141
2782
7691
2144
2229
6287
980
4454
2144
2527
3881
4394
3883
2771
388
3892
2144
4321
2144
2144
7682
18
2170
570
2781
2762
4305
6393
2229
7459
4288
2165
2144
2772
2145
2762
81
3881
2498
2144
4482
7194
6371
594
4406
7793
2150
7090
6714
1015
4406
4385
6438
387
3883
2416
2182
98
3883
7457
364
4333
7088
2404
81
2151
4334
87
386
2404
3881
387
120
2781
7178
3901
6287
2144
2229
2149
4483
2509
594
2146
594
2813
7457
611
2144
7141
2498
2144
2157
0
3894
4406
7457
2771
2156
2144
7479
598
6393
5
2144
7806
4409
125
2233
2175
478
594
6307
2144
3884
2235
6370
397
4406
2174
7143
2417
2236
2146
3933
2235
2146
2235
6774
7457
4391
3881
2146
388
94
7141
6449
6404
2781
2155
7526
2144
2144
2144
4528
2254
4511
6313
7208
2254
2498
3881
2763
2230
386
7804
594
2229
401
2148
6366
7461
6447
7458
2163
7782
2150
1
2394
6741
2771
2243
2229
7795
2527
6713
7141
386
2498
7141
6484
2175
2160
3881
2235
2144
2229
2145
165
7806
6436
7680
981
2144
386
3881
6713
2146
4323
7141
2144
2144
2826
2186
2772
3881
6412
7461
7457
0
2144
6393
3881
2
2144
2498
93
2782
6287
2144
2188
4496
6671
6713
2231
2146
4538
3829
6713
6376
7804
2146
2333
194
4290
2190
478
388
387
7141
2160
4406
2417
2823
386
2145
6401
7133
2527
2842
388
2144
2173
2826
4495
2498
2527
6883
3881
2179
2144
2229
386
2167
6296
2144
77
0
2147
387
3921
2408
594
2149
2144
386
7684
2311
6713
6901
6348
2151
2527
7085
7133
2813
2166
2232
4386
6697
2171
2145
2145
4288
7479
11
7680
398
108
6292
6671
12
386
7680
2144
2504
6774
2166
2229
2148
6293
26
6746
2527
20
6287
392
2771
80
12
980
36
4394
2163
6307
2144
2173
4543
395
3924
594
7686
2155
2229
6405
2145
4391
2145
2414
2212
75
2144
205
2144
3892
2814
594
2231
2498
6404
2814
2243
2512
2817
3881
330
2144
2173
2528
2147
0
3882
2498
6456
2144
6354
2239
2229
3610
2144
2813
2170
2172
2144
2805
400
2144
2181
2229
2254
191
7141
6887
2153
7680
1
7141
6684
616
3882
3882
6312
386
2144
386
6377
6693
4
2681
6292
594
6685
2158
2532
2194
99
2229
2782
2773
4463
6671
2144
4511
2253
2145
7474
2233
6685
386
2168
4327
7691
7457
2144
2151
7474
7684
2144
611
3869
596
7462
2240
602
2156
2163
2801
0
2156
2503
2144
386
215
2152
6693
2777
2144
566
2148
4388
401
7461
1
2148
2192
2499
3891
2153
2229
6671
2144
7793
615
2149
560
2508
6673
2144
2150
2229
2166
3609
595
2510
6715
4
2144
2832
4406
4477
2813
6
2229
2173
20
2782
2148
6447
6713
984
386
2144
6287
6288
598
2146
2762
6318
118
471
594
2772
396
6694
7141
6287
2147
2829
2147
2498
2144
2499
4479
6714
2769
4453
594
2169
7133
329
2768
2771
2813
2144
594
2144
2764
4488
2823
6293
2144
386
4406
2229
7208
2155
6787
594
387
401
2816
595
2144
2681
6287
208
2147
2144
6684
7717
2514
2502
2144
6347
2145
2144
2418
2166
6315
2146
386
2
2148
4564
7796
386
6287
7463
401
106
1027
4417
6407
2499
602
2159
6287
2160
2229
4406
3881
3881
2823
2144
4549
2144
6887
3881
2771
2179
0
7481
2174
2163
594
2177
3887
2498
2229
2410
2177
4332
2144
1015
4536
2144
2181
2318
998
4332
594
2145
2511
2144
2196
2144
4482
2173
6287
4
2144
386
2155
1186
478
3924
2527
3881
3881
598
2238
2187
2146
7188
3881
2144
7529
2415
4290
18
130
594
2146
3881
595
7459
396
6706
2281
6435
386
2229
7208
77
402
6404
2146
387
7461
2230
1027
595
4394
2144
565
7466
2771
595
6347
2395
386
2809
386
2311
150
2776
603
4415
2144
2230
4327
594
6713
2178
3882
6885
2498
2292
2771
2144
5
2157
77
2229
2403
7091
387
4406
2144
2144
388
7684
3881
401
4321
2229
3
6299
19
2510
7802
2144
2498
2179
3890
2422
2144
497
2145
7474
188
188
2171
4385
77
3881
2256
2498
2147
3609
7684
2144
82
2771
124
4529
386
2144
6684
2292
7141
202
386
388
2173
2144
478
2507
329
2144
2144
2781
2156
2146
386
2164
2144
6435
3881
2542
6452
2173
386
7156
2145
7475
2161
611
2144
502
7527
7786
2231
2287
2519
330
2287
6671
11
2772
3922
402
2144
77
594
6784
4406
2144
6322
2144
4423
614
7085
6354
2144
2212
2762
2144
2188
6349
2173
6723
2144
2832
652
87
2503
2144
6408
2144
3884
2144
2146
2192
2144
2144
2144
2771
2403
2153
2144
2804
2772
469
386
2527
2498
386
386
2823
7457
83
2159
4407
4
4538
153
4
616
2240
403
2764
2771
2144
2311
2195
594
7473
3881
6672
2144
2144
4334
2151
388
398
2147
2144
386
4511
392
2498
6901
2229
1054
604
8
594
2148
6287
2144
43
1000
606
2229
4482
2172
6307
2229
7694
2229
594
7141
6693
2144
2232
7716
2174
3881
2229
7461
594
4457
7461
596
6451
6671
2149
7090
2144
2826
2144
6296
2229
2498
3881
2190
2155
2229
217
982
6792
364
2389
2145
2144
595
2238
7457
4331
3885
2144
389
6675
364
386
2146
4338
4440
2144
616
3881
7473
3881
6706
2163
2164
614
2814
616
2144
2144
2231
2144
2533
2229
6484
7194
2146
2150
6671
40
2149
3932
7220
4572
2144
2157
329
2153
2144
2144
3881
6713
2144
2189
7136
2823
1
2158
2427
3881
157
2171
9
6681
6394
2238
2144
2408
2163
2235
2173
4465
6287
7145
169
7473
2243
2144
2229
2149
2243
2144
598
6779
2498
2144
387
2810
598
570
386
6701
605
4417
2380
6745
2201
2235
1061
2144
2813
2801
2144
6287
2813
2146
2166
3881
7143
388
2262
6671
2144
30
2826
388
392
4453
2377
1015
7691
2144
2502
2188
2144
7457
6287
2255
2160
2527
2172
2144
4511
2173
2144
167
2415
6311
605
2504
2782
386
2
2427
4491
3885
2155
650
2211
149
6741
2148
389
212
4491
2159
4406
2813
213
3882
4309
6713
6307
6287
2180
386
2144
2144
2781
7089
86
500
2428
2829
386
2152
6770
2161
2144
210
2229
4416
6408
6289
3881
2144
2498
2243
2229
1
2144
2498
7457
7144
124
2238
6671
2174
2144
2148
2150
6393
6374
2144
386
77
2764
386
6287
556
4340
7208
21
2781
6394
4540
0
28
1022
2170
4322
2150
7463
3885
7186
7804
390
3881
2297
2527
6786
2144
2
2843
7799
1015
401
2155
7470
7480
3881
2503
3869
4406
7680
1189
7787
2148
6901
594
205
3894
596
401
2173
2764
7088
2773
2144
2229
2781
7793
417
2144
3929
2527
2147
2215
16
2144
6713
138
7089
2155
2162
2144
7680
3882
565
2153
2204
2144
2145
2539
6307
2206
2180
597
7524
133
2144
2144
6693
2243
2
2145
981
2144
6307
7141
2764
2148
2144
386
2149
202
3881
4440
6288
616
2239
2179
7085
3887
595
4407
3831
2171
6350
963
7166
2159
2764
0
6727
6435
594
3884
2231
3928
7188
2527
2229
594
2147
597
6715
2774
358
2504
6290
6347
2675
1017
2153
2498
2240
6365
386
954
2144
2215
2188
2287
2240
386
2175
7141
6778
2146
6435
2498
2234
2417
6671
386
2144
2187
2152
7801
2502
386
2144
6713
403
586
7134
2145
6727
469
2144
6290
2234
3609
7457
604
2415
2145
2145
2498
16
6287
2762
2144
2781
2417
386
3887
7159
6293
2161
4411
2826
386
6776
2781
386
3881
7157
2311
2235
980
2174
4411
3883
2144
2230
7145
3881
2824
4538
2144
6395
6438
412
166
72
6287
7178
4513
3881
154
6684
7457
3883
2238
480
2781
4341
2764
144
6290
2144
6383
2186
2
7141
2771
2229
392
2771
4410
6705
6901
3885
386
6713
6744
2164
2151
2243
20
6678
2429
2377
479
2230
7178
4412
2229
594
6675
596
6287
6321
4412
2144
594
2176
4397
4295
2154
2146
594
2144
2144
6393
364
981
2144
7178
6737
2144
2206
2229
2144
138
598
4515
387
2145
7458
6687
2144
2157
190
4406
7680
594
6404
80
498
2816
37
6312
7482
2164
7089
7133
3882
2173
386
2144
2144
2144
3931
2235
596
6435
2148
2144
4387
7474
595
6347
6770
2500
6287
2159
2192
2833
2144
2145
2148
2498
2498
7141
2204
2229
2144
595
2163
6287
2156
2144
2231
2679
2230
6693
6287
2498
3623
2229
6287
2527
7457
2144
6435
2260
2188
2233
133
7457
7085
7465
6690
2827
2146
616
2144
7133
2163
2144
4406
2816
386
0
6
6684
28
2229
203
6686
480
78
3881
6435
44
980
7680
2166
2173
90
2144
6899
2149
2765
7802
81
7459
7481
2229
2499
6678
4415
3881
7479
7465
7782
2144
3881
2146
2499
6287
2166
2
6400
401
6287
2155
2144
2144
6774
2211
1022
2150
7178
2173
7457
2422
6914
7458
7787
22
7085
2160
3881
2144
7481
2152
4564
7681
6775
2206
594
2292
7
1015
390
2498
2210
3881
2766
2229
2181
7133
2144
6710
483
7461
492
393
7087
2231
7479
4288
7680
594
594
2173
3881
2813
4489
2207
2229
143
6298
2155
2146
2174
6291
2229
6347
392
7785
2243
2144
43
2144
7457
114
616
594
2502
2317
2150
3921
1002
167
2498
2144
409
2144
595
6393
7479
7716
2771
29
7782
82
3881
2229
2176
104
2414
4321
2173
6484
6741
2145
1189
3923
597
7794
2144
565
153
22
2145
2498
3881
2144
2149
2144
2229
2832
2765
7086
2281
6394
2504
2144
2229
2144
2144
2152
2498
6713
1
2144
6690
2145
386
4422
2144
2181
2238
2144
7220
594
2145
169
3881
0
2145
2498
24
2144
2144
2231
2166
2188
624
2165
2781
2768
2145
6725
364
2498
97
2389
3882
6733
2154
2160
595
6484
2764
2146
6671
2147
2144
6406
104
7681
6880
2824
2818
2144
2237
2144
579
3881
4415
2
4302
4511
2144
2146
6671
6671
7085
6671
2163
1
386
2679
211
386
2146
2781
2144
0
386
6784
2144
2187
2175
7458
2148
2764
7766
3584
2263
594
329
2144
2145
6794
2256
4440
386
2173
7457
2173
2527
3888
387
2232
6376
40
6309
594
618
150
2173
2208
2146
6360
504
2229
2144
2782
2247
4332
2145
2210
578
7461
43
4289
2144
2683
6671
6693
90
2154
2144
2287
6671
2144
2174
959
594
401
4406
7145
0
388
2229
9
6435
2206
6347
2153
2229
2155
2162
2164
2144
479
208
567
2675
2144
596
2144
1015
30
2162
2684
6733
136
397
343
594
210
596
388
2229
594
2187
2230
2176
2183
2417
6307
2511
2174
386
3882
2146
2781
4406
4387
2237
4293
598
7457
386
2173
6737
2144
2229
92
2144
402
2781
6713
2229
6671
2151
2173
2502
597
2145
329
2144
3889
1000
3881
6770
2532
2771
2502
2764
4288
7170
2153
4513
386
2681
7245
2187
28
2235
2144
594
6714
2163
7461
7183
2782
2389
7479
3832
6671
2151
3
2206
7145
7457
2173
131
2527
6287
386
2172
4453
2144
2830
386
2173
373
2235
220
2504
3830
6744
0
386
2151
2144
130
2150
2150
2172
2144
2145
6675
2170
7680
6899
2311
3924
4492
386
2377
594
2527
2498
2147
3881
2680
2781
370
6883
2151
2187
594
985
3881
2771
3623
358
2238
3881
598
392
2813
3886
2146
42
469
367
2177
2832
4516
2502
2409
6678
387
4486
3881
2231
7684
2813
6713
2762
595
7208
6393
2164
6880
4484
2155
7156
32
2208
595
3889
4453
594
561
2782
6737
6307
3623
3881
4299
411
2229
2163
2229
387
2229
4406
2785
213
2145
7085
594
2498
3883
2173
6684
2145
2314
6314
578
2231
2316
2504
2144
2174
6435
331
2149
595
156
4415
2152
4394
7458
2148
392
2173
3881
3881
6307
2229
8
2332
411
112
1024
3881
7085
594
2238
2145
4329
6672
6671
2149
2146
6693
2152
2771
2148
6394
7194
604
2144
6404
2813
6693
7461
492
2173
2144
3881
386
3881
2173
4
4406
2498
401
2148
2536
594
2238
2512
386
2527
6484
2427
7481
135
38
4327
2262
2146
386
2229
2166
2833
6770
2786
3881
3881
656
2771
395
3881
4322
2764
2765
2144
390
7799
2527
2173
2402
4482
2229
78
2498
4511
2144
6296
2809
2255
386
570
2144
2170
3881
2144
2144
2145
20
3881
2786
2144
616
7153
386
2151
150
2
2417
6671
2144
2229
2507
4332
7146
6675
954
2144
92
4484
397
6291
2427
3881
3881
7188
110
2145
2527
7761
387
77
2144
7680
4322
4289
594
556
2144
2230
594
6347
2150
2229
2144
6671
7803
386
594
6438
389
3881
4406
565
8
6366
6377
386
79
2152
2498
7526
386
2765
2156
2147
2144
3
2144
6287
2417
2798
2774
6484
2144
2417
3929
7194
85
983
612
6693
7480
962
4395
2144
2229
2145
2146
2173
2828
6408
29
2144
386
386
2213
411
504
609
2168
2239
6287
6435
2229
6880
170
6
386
7141
387
2230
594
2146
6295
2144
7178
7480
595
2195
2498
2232
954
2150
2144
2148
2527
2144
2427
2823
2152
980
2144
7141
2175
2229
7457
6297
78
6287
3881
2379
386
6400
2166
2817
386
469
597
3613
2515
2229
2160
2150
2144
7798
3881
2378
391
3881
6316
501
2144
47
2146
5
2238
2173
7146
4462
77
2
4418
2146
2229
2144
3881
397
122
594
4459
4406
2144
2144
2149
2146
2145
2771
7459
3881
79
478
6671
2499
2147
6713
6484
1187
2144
4415
479
2162
3881
1022
3882
2156
2144
4408
96
2527
2
386
7194
2785
2175
7159
6743
6690
2500
3623
2397
2229
2159
2235
2427
2839
2152
3882
4321
6884
4322
2771
7457
2527
2144
329
78
386
149
471
7762
2258
597
2144
2144
2147
3887
6456
7141
7457
621
332
4549
6675
2148
2234
7208
2527
7247
4489
6393
4406
2164
7194
6785
2165
2144
2173
7799
2170
2766
2154
2144
2778
2208
615
386
2783
7457
594
594
6695
6447
2173
154
2173
594
386
2144
75
2679
7457
6719
2144
2764
6715
2782
386
2505
388
597
595
2394
2773
597
594
7467
6723
2144
6701
2781
387
2173
2164
92
7229
2788
396
2173
20
7686
4492
2229
2498
386
2764
2155
4408
6404
386
2279
483
7799
386
7680
0
386
2144
6403
2499
2144
2823
388
3922
3610
2173
386
2153
7134
2234
2229
2144
2144
570
2144
4490
387
386
2155
7457
2144
4484
6290
2169
0
2146
598
2155
954
6683
2144
2144
594
6308
7144
7720
6741
2173
2155
6671
3881
3884
0
6684
147
2773
594
604
2173
1
2236
2771
498
7469
3881
2144
6
2229
18
0
481
2163
2829
6395
594
2502
2150
3881
2771
6713
2197
6287
386
3881
4415
2144
386
2238
7219
3623
2404
478
7133
124
100
2145
6372
4386
2197
2764
2150
82
6713
6786
6671
4415
7133
6378
391
3881
609
2428
2208
7803
2186
103
3931
4454
2243
2151
3881
1022
3881
594
2498
2144
2229
7799
2804
3882
2155
3882
2498
2311
7484
6410
2530
594
7686
112
4490
386
956
2144
611
388
91
386
2799
2773
7141
6713
4543
2148
2144
386
6720
2155
3923
2185
2163
401
388
2767
6743
2149
6671
3882
594
4396
2193
2498
2166
2144
2144
606
7457
1016
7680
389
565
2819
980
4482
2151
7473
0
386
2235
4406
594
2146
2144
7457
36
2174
6397
6452
7141
2173
396
7461
390
6717
954
2229
7178
6713
2781
3881
393
2144
2377
2148
7457
611
4406
2803
2144
6290
4407
15
6705
4407
386
0
2148
7133
2377
6678
386
2145
371
7782
1015
6287
329
2527
2499
2216
2144
618
199
2144
2498
6725
4385
2150
2813
2150
597
7524
2178
2229
3881
2229
3887
6443
6671
7786
980
2144
3881
6287
7804
2287
7680
3881
4453
2173
342
4406
606
386
2144
2519
1015
2255
2144
2527
2173
7461
2148
2173
358
2829
616
386
2377
7459
2144
2499
6373
7462
2146
6366
2504
2168
2148
3881
2144
2231
2162
394
2771
625
2500
1016
3881
2527
2146
6693
386
2144
3881
2173
3882
2147
1
2782
77
2533
2231
3888
7225
2144
2144
2782
2175
2832
2144
7761
596
2229
591
2515
6307
2243
386
2148
2764
2158
3881
7786
2230
6727
6373
2144
6713
7463
2814
386
2515
596
2175
578
2229
2229
594
6770
563
1056
598
6770
78
7461
6714
2159
595
980
6289
386
3882
37
6671
2531
2146
387
2782
7705
4511
3890
1012
7468
4457
7185
2235
2235
3881
412
2507
2787
2501
614
0
4482
617
114
2173
3929
398
2164
213
92
2150
3881
2159
4496
6444
6289
6794
6435
2144
2498
2188
597
2144
2233
2144
2152
3881
4416
122
6673
7680
2229
2498
2527
2498
2144
7133
956
7457
7457
598
2379
492
2171
390
2229
2817
2498
2782
595
2144
2145
606
603
2527
2145
3834
2832
94
2782
386
6297
2782
2186
2679
2498
2230
2229
2415
7086
20
2144
3921
6394
4454
2527
2144
3885
2144
2781
6354
2148
7804
411
2144
2771
2144
2798
6671
6289
3888
6406
7181
15
114
3883
2154
96
7463
386
3829
610
3886
980
2148
2528
980
386
2455
4440
3883
2823
2409
2147
2146
2144
7764
2144
2171
2231
3610
2231
4532
6330
2145
7178
12
2148
2781
2144
2243
7170
7172
2156
954
2158
369
594
6287
2144
144
2147
954
4550
2144
7457
6718
2146
2817
597
2145
396
616
386
611
2156
6739
2498
2159
6289
2144
2150
123
7
4406
6690
390
2149
2229
2164
2771
4406
3882
3882
6679
386
6394
4461
2404
595
2144
2798
2152
7680
4482
2149
594
6311
6354
2498
2144
2144
2229
6743
2144
2164
2151
4515
386
7194
2229
6883
7153
7088
6671
6435
2229
7457
2144
2148
4544
2799
2232
595
2231
2144
1000
7782
2171
2771
2144
626
2762
6449
6484
2409
6288
2144
7457
2155
3609
3882
2771
2498
6287
2149
2144
2164
2153
7224
386
2771
6671
6312
189
6287
2774
2800
2233
7145
6774
7214
2823
4332
2144
6675
2262
122
2159
6884
3881
2235
2144
6451
2377
2146
3609
2527
2229
2171
2181
3885
2498
2161
2527
2148
2498
497
6288
2826
594
2144
3881
2512
2164
2146
1029
6465
2230
2229
594
2502
4491
386
2773
2786
3928
6671
7474
2498
2164
7194
4406
2229
2144
4532
7145
2144
6787
4290
6710
2805
4453
980
2173
7085
6435
2149
342
2408
7464
2514
6290
6435
6671
6287
6354
173
387
4406
2144
386
4329
364
2238
7208
594
2771
2144
7782
2785
7485
2762
594
2235
7214
2505
4406
6318
498
3883
2229
1054
114
2144
329
3881
4424
1019
2803
2148
2178
2144
386
3881
6353
2144
2146
401
2152
2499
596
2144
3930
3881
2231
6671
2144
7483
2144
6354
2501
478
386
7166
2764
2165
7085
2173
2175
465
2229
331
998
0
2154
2145
2253
3881
2235
3885
2144
94
2766
20
2764
2766
2785
401
6291
6312
2144
2771
6287
2144
390
2498
364
2144
2261
7183
387
6393
2233
114
6435
2174
6287
6901
2144
4406
3609
7680
7806
2498
598
386
2528
2144
7529
388
6671
594
2144
570
4453
97
2147
4
2151
2175
2180
480
2173
2144
3881
4300
2144
2144
3881
7457
6883
2683
2144
2160
6292
2499
390
6395
7470
2782
7695
2144
2148
2147
14
2205
6672
78
1029
2771
3882
578
6713
2771
604
2144
401
2144
6686
2935
7684
2818
7174
2151
2164
2229
2144
2160
2528
4406
3881
7479
3609
2293
2229
594
7800
3881
3881
6671
2155
386
2144
2150
2144
2159
594
4292
2173
980
37
2144
594
3921
20
3887
594
2144
0
7178
2146
2231
2146
594
4488
3
20
7457
471
2144
329
2764
401
2179
393
560
78
2231
2311
2176
2238
84
387
2144
188
7085
6671
7527
472
7680
6297
2234
2196
386
2166
2144
386
2782
1016
387
136
3903
2150
602
2152
2230
2151
6393
6713
2146
7157
2771
7682
2427
7457
2145
6901
2232
0
2144
604
6770
6784
7483
3884
2159
2173
2498
2164
7184
594
2764
2234
2144
2149
2215
3881
2498
2500
6671
2159
2817
2173
6745
2153
648
6671
3881
2182
7464
6726
6884
594
480
2500
2292
7457
2229
597
2230
329
2144
2145
2145
2527
2231
2152
7135
4
6680
2159
29
3889
7457
2148
7208
2159
401
2519
4293
7761
2153
3884
386
2150
7085
7684
2502
4538
598
2204
2144
2163
1015
0
2173
1
17
399
2145
7473
30
2144
6399
2762
386
2161
1015
2144
2145
2164
6716
2144
192
6484
240
2232
394
2832
138
7695
2144
7145
106
2144
3609
3881
6369
2172
2144
2144
6404
6691
2151
2498
481
2498
592
2166
387
2771
421
7479
598
3881
2389
386
2498
2153
7457
3881
3883
0
7462
36
2781
2234
2498
29
2144
20
386
6294
2144
2144
2145
2291
2531
7680
7145
3881
2772
4408
351
594
2144
572
2235
7457
6884
0
2240
7680
2164
2144
7168
603
2162
2198
4333
3881
2144
2502
595
210
3862
7799
6395
4
2146
7762
98
2173
2498
2145
3881
6307
2144
0
2510
6706
2229
2144
2230
4406
388
7166
2144
7088
4407
2262
2147
2173
2229
6684
595
2498
4387
7457
2173
402
2823
6774
2147
2229
175
7461
2144
2229
2785
93
2287
4458
2527
3887
2783
4440
2151
85
386
7085
386
6351
4300
2261
2144
1015
2153
2144
4406
6435
2144
387
4408
3881
2801
2148
94
594
2164
6287
2785
2173
7085
4
6713
7686
2260
2764
2144
7086
2681
367
2173
396
386
487
2499
2833
387
2498
2499
2764
611
0
2173
3621
4448
2206
4385
7473
6307
4538
2205
2237
6404
142
6393
3609
2144
94
2832
7141
20
7805
2144
2234
2498
2231
4482
2146
2240
7461
7461
2147
2154
6297
959
3881
3887
616
3882
2513
1015
4461
4407
2409
401
386
6792
199
2173
2144
594
6408
2144
7085
4406
2144
2527
30
2498
2144
2150
6287
2229
2150
386
2144
2229
2197
188
7214
2771
6
2179
6408
414
6435
7782
2144
2785
2173
2498
2772
1186
2144
2289
143
4482
6365
6671
7782
6774
7457
386
595
6393
43
3881
594
7680
2145
7805
6289
394
2144
3929
7085
2173
90
2144
2532
2144
7680
2229
2527
2510
413
2145
3881
7143
6743
596
2235
2147
386
2764
2781
6289
2771
2144
2502
2144
2144
4389
7153
2232
3881
6395
2145
2229
594
2144
402
2
3887
7782
2235
3881
7089
980
2782
4475
2179
2204
4298
594
2804
2156
594
479
3881
2148
7474
7183
386
2801
7178
194
2238
7085
391
202
7690
7457
87
386
6296
386
3881
2229
4489
77
2312
6684
4495
7782
2527
594
2144
2144
2144
2394
2772
2144
2378
2229
2771
2146
2262
2148
2144
7805
44
2234
2229
2171
14
3883
600
2159
2152
3610
2145
7458
6770
6287
2144
7134
7085
485
7145
6710
7458
2172
2146
6308
2170
2177
2145
3881
617
4496
597
2161
2798
2164
6735
2149
397
4484
2149
598
7145
2149
2229
2173
6671
386
7461
2782
396
2532
2149
143
6774
7695
4387
7462
6393
7761
2498
2146
2500
6293
1
2771
6287
2771
7175
2500
2144
998
3609
329
2144
6393
2144
3881
2229
2152
2502
6684
2145
2229
77
6714
2189
218
2506
402
3881
2502
2377
7133
594
595
7801
596
7695
2144
3881
7457
2149
2144
620
594
2229
396
2289
2773
88
32
6719
2149
2144
2403
18
2144
7457
386
2149
4453
6289
6713
6287
2159
2147
2144
6393
7457
2146
3925
386
616
386
6671
2144
2154
77
411
2762
4406
471
7782
2173
3881
386
6684
6684
2764
9
2145
2144
386
2144
2148
6671
7457
479
7461
2166
2764
4293
6714
98
6713
980
2151
3881
4343
7178
411
7719
594
387
2244
401
2314
7463
7684
2156
7085
2146
411
400
7457
2144
4550
387
0
0
2144
2771
2408
2156
386
6311
7795
3881
3881
1018
2173
2781
2147
6290
2253
2498
2144
393
2144
2498
4406
2147
596
2144
6883
1061
4482
6785
3881
365
959
6406
3881
3885
2159
2150
2144
6725
4308
2786
6393
96
2288
2145
2229
2290
2212
6367
2155
595
595
7686
136
6307
2179
7695
395
2289
2163
2809
2144
6347
595
6354
3881
2230
2144
4463
598
387
6408
2145
2198
387
4440
2160
6297
4532
2
7457
2172
4321
6484
2144
2181
6671
6678
397
218
4482
6671
3881
6354
2173
2144
2499
6770
2253
2144
2772
401
6435
80
2175
2507
2152
4305
2173
7178
2234
6723
6738
2144
2499
2164
386
149
6671
2171
2144
3881
3881
7457
6365
2155
2229
411
2188
2261
2
2144
594
6671
2148
2415
594
386
2229
2499
7526
578
2229
386
2772
471
648
2150
4408
2144
6295
2144
2144
2144
6713
2229
2239
3881
3881
4440
2237
563
611
4417
1018
2164
7685
594
2170
2144
7457
6899
6774
7530
2229
2144
2240
2503
2152
2781
2148
4385
4406
2144
2841
2149
2229
2765
2144
3881
2498
2771
7145
4298
6784
2786
10
3617
6723
4406
3886
2173
6316
192
7085
7782
478
2144
6287
4489
7085
92
2771
6298
2146
2171
2532
2248
2503
2510
3885
7467
0
2144
7145
657
2417
3887
2146
2229
2234
2235
2148
2144
2144
2155
2182
4406
2173
396
2498
4424
386
996
2229
594
6685
2771
2152
6713
594
7085
402
6716
2781
7479
7141
6291
4422
2173
6717
7154
482
2500
2404
2176
2144
2238
6690
7463
2186
7145
2159
3881
2161
465
2843
7808
7134
2279
2144
2179
594
4440
7680
7457
2498
2417
7235
7461
494
9
2512
2144
7145
6361
2782
4406
2147
2175
3881
2770
2176
578
7086
2505
2234
387
13
954
594
6435
1017
614
2144
6733
1016
7803
7086
1055
7133
2237
6353
2144
6288
954
401
3921
594
612
2173
412
3881
2229
2229
7141
3882
6789
3881
2146
89
2144
6287
4415
2764
2145
6689
7141
2146
594
2144
6467
2198
7473
2194
2144
401
7133
2499
2160
2174
2181
7692
4415
393
2145
1018
2498
1021
2533
2144
149
4386
3881
7194
1061
169
386
6287
212
2194
2144
594
2173
386
2232
954
94
2181
495
2160
2533
2151
6287
2182
6328
1
2144
2173
980
8
2412
2144
2771
6447
6684
594
7157
7457
2144
4482
2144
7089
7461
1015
2798
594
6347
2499
4535
3889
1015
2234
2144
4406
2229
2144
37
2144
4416
2173
2229
564
2186
6316
2144
7457
2144
2144
2176
2149
7761
1
2415
2498
598
596
330
2675
2498
3881
398
2154
6361
2144
7243
2515
483
2502
2229
6713
2189
7788
2799
2499
16
2144
6308
2234
2145
26
2498
2817
2833
954
7458
2229
7178
5
2230
6683
2180
3881
3881
2679
2151
365
3881
358
7085
2229
594
6393
7457
2173
2186
4406
6393
615
6307
7211
329
6393
7479
3617
2237
2417
2813
386
7684
2289
2527
2144
6287
386
6671
2262
4511
2528
2377
7782
2144
386
4406
7209
3623
2243
130
2502
2161
556
2416
7809
3881
2331
2144
6393
7133
2498
618
3623
2179
3881
2229
4295
2144
4289
83
2771
2450
7458
2153
2145
2231
2179
6706
401
401
7086
2144
2144
2144
4490
7088
3885
2831
2159
2498
7470
2144
2144
2675
386
3881
2144
2208
2229
2163
2146
2144
386
2157
7235
2156
601
2229
2144
2144
2421
2229
77
3
78
2144
2396
112
6307
2312
386
3881
2253
2149
2781
2229
6
2145
388
2152
6887
2192
2144
2182
4419
578
2145
2765
3928
2169
6713
401
2154
3881
6318
2144
2144
2159
7457
2414
2764
2828
7085
2149
2144
594
2238
2151
6681
4406
2147
2229
2144
594
150
4288
4511
333
2531
612
4290
386
2147
4342
2159
2144
2229
2288
2144
6744
2152
144
2150
2159
0
596
2229
6317
6677
3886
2146
3881
2195
390
2823
3882
1017
6901
6690
475
386
2813
2829
6287
188
594
138
2782
4385
7695
7457
2234
1054
2229
7458
401
386
2241
3921
7085
2229
594
7805
2151
2801
2173
2765
7705
2144
6671
2240
2531
6404
4417
579
2527
2771
2144
1017
2173
570
6290
6354
2171
6484
112
2146
6393
2153
598
6307
6365
6771
2261
2146
2766
1001
18
2261
2498
2148
2145
2154
2173
3609
3881
365
6320
2144
2498
594
6393
4323
2144
6456
608
2232
2771
388
2772
2177
2145
3624
2163
2147
6487
3889
4406
2163
6703
3881
2173
3860
6880
2167
6714
4408
4406
2144
2680
2232
135
6287
2144
6296
358
7141
2144
594
2771
2144
594
2144
2173
386
2144
616
7680
594
2144
2163
2144
2420
1015
3881
386
7762
2144
2164
2150
3609
4544
491
2427
7085
2236
2144
2823
4459
7461
94
2148
595
6713
3883
2229
81
2765
7085
191
4326
4406
2498
2799
3881
2147
194
3933
2144
1002
4544
4406
2149
6683
84
111
6770
2180
6694
401
2147
2144
6745
3623
0
4297
9
2144
598
2144
2145
2174
2155
2500
386
3881
3887
3641
2235
2174
6376
6745
6683
6671
2679
2144
7224
7140
6785
386
1015
6689
7457
6393
2513
2145
2511
2817
2782
3881
2823
2148
2231
2158
7460
2516
594
6315
7482
2144
4484
6793
498
2181
2144
2785
4411
2186
2179
2332
4389
37
7461
4486
2498
90
2144
3885
4406
2771
2152
6716
5
2781
4288
151
2164
7718
2153
6718
4385
2502
2428
7761
6393
2813
2188
392
77
2801
4340
2764
2144
3881
471
594
595
7483
26
2235
2144
2510
599
2169
4528
954
7763
2214
3881
6399
2292
7457
4
2173
2229
7214
2144
390
2151
2180
982
3881
2144
2449
980
2786
7145
395
594
594
2785
94
7805
2173
7178
2144
2785
594
4289
2231
6290
3883
96
2246
2144
6713
2155
614
401
6393
2533
3610
2158
2240
6714
2229
7457
2144
2235
142
391
2264
7461
7133
8
594
77
2265
2239
4387
3881
2189
2198
6737
600
604
2229
2144
2156
2159
2188
2826
2144
7146
7146
2144
329
2245
2144
6296
2229
7457
2499
2785
2144
6287
2144
2175
4408
7085
188
80
2145
2144
2145
1017
2230
2144
6403
4461
2144
2146
6684
2205
2170
2181
6737
7461
4482
386
4544
2144
0
386
2255
6294
594
2160
4385
2144
3881
2172
2177
2229
2244
2402
2499
402
2769
7479
7461
594
2198
2144
2144
7479
2146
2238
2149
386
7457
479
2238
2145
386
125
594
0
4290
2144
2229
7141
386
594
3933
2177
599
2147
6435
2229
6713
2144
386
3881
6886
2147
7680
2150
2144
2173
386
7133
609
18
0
6393
387
3643
4388
2172
2229
6375
91
2404
2771
2234
6437
2229
3922
2144
2146
594
2173
6776
2527
401
2151
2150
6484
2144
145
2229
6713
3889
4303
2148
2527
4406
4
7461
389
594
2211
386
2215
6307
130
6315
2254
2146
4406
2155
595
3881
2166
105
2782
2144
214
2181
2498
2229
6684
7485
2159
4293
3881
38
3829
6713
6293
2146
603
2144
2243
2144
6717
618
574
2144
2229
2157
2241
4548
7461
26
7141
2146
2144
6378
594
7462
2173
2154
2799
7226
3868
596
2332
2145
6361
386
2766
413
2152
0
2529
3881
3884
2147
3882
2160
2313
386
2762
2771
19
595
2174
598
2144
2145
7695
3881
2257
2147
2782
594
4406
2498
393
2762
2145
2229
2405
2150
142
2512
959
2144
7680
2144
3881
2173
7795
2816
2498
4411
7457
2145
7473
3883
7463
2507
3885
2144
596
395
2144
2498
2145
3935
332
334
2144
6672
2229
0
597
2173
2684
2821
4394
29
133
7692
386
2230
6713
2173
2144
386
2236
7691
7093
2229
2244
2194
6289
2240
3881
6678
2229
6693
6784
2144
2144
0
2144
2771
6287
595
6737
2154
7686
2160
2809
2182
596
7686
72
2173
7141
598
2144
2229
2500
2144
7479
2769
2502
2173
3885
3881
597
7235
157
142
386
2144
2144
2234
2527
594
6361
2771
386
2498
2144
2498
7764
2258
202
4440
2679
2144
7684
2146
4406
2782
6347
386
980
2783
7782
7137
6714
2679
7800
394
3623
4289
7458
92
2781
596
3881
0
6287
6719
4490
4412
7457
386
2150
4550
143
2771
7459
388
598
2149
2174
7209
7680
2239
329
599
6723
2415
2178
6671
3882
594
2147
2144
484
2144
7133
6693
3881
3881
2532
469
393
2233
7469
6287
6441
3925
2144
2502
331
2293
7178
2311
6373
3881
7457
594
2147
6309
84
401
7761
2833
4325
4
7220
7133
2148
188
205
2843
2498
6693
6289
387
2766
4490
20
7457
6770
2144
7695
3881
3891
2175
7680
4406
2144
332
2144
2498
4406
7178
2144
6690
2238
41
2156
2417
2287
2314
96
390
2181
386
387
4297
2144
2781
2764
3893
6312
998
2173
2144
2239
6290
2144
82
7457
3881
6792
4397
1
90
594
594
2171
4528
2173
2229
3861
396
2764
393
2148
369
3584
2782
2172
7485
2144
2144
2147
2498
7480
3881
4406
4461
93
2293
2148
2144
7143
7688
7153
6671
998
6899
2173
2160
2144
2149
208
2498
3829
2417
2783
2149
3882
2144
594
2229
0
2144
2782
7680
6885
386
2144
2762
2144
6705
2144
168
7680
2144
7087
2150
2158
2147
2498
2144
2498
616
2144
2235
6287
2764
93
4290
2145
6404
2229
2498
6678
2144
2150
2230
3883
4406
7194
2498
4494
4482
4547
2150
2144
2190
2498
2499
2144
2144
2229
130
7457
3881
6297
596
2145
2144
2145
6671
2150
2498
594
6354
6485
7684
2144
2781
594
603
386
7479
6714
2144
7457
2144
595
2144
6287
2144
2175
2823
388
205
6291
2229
2204
2813
2510
2144
6465
6
7799
597
595
7178
4406
1016
2803
2206
2527
2170
954
4461
2229
6671
4538
26
2146
2158
6456
93
2498
7461
394
2144
10
2504
2157
2389
2422
3881
6745
2144
7473
6899
4406
6393
2152
2146
2144
2175
7801
6435
2144
595
2527
386
3882
2230
7782
2498
7798
2144
2144
2256
12
2168
4297
386
5
7194
2804
4342
7133
612
7458
2398
3881
6484
3881
2144
2144
2144
1016
82
6671
386
2192
2498
2398
2527
2146
2144
7457
3882
2144
2208
5
6671
6723
2768
7802
6713
2144
6714
2
2163
90
6435
7157
2238
2173
4424
56
2783
2173
478
7693
6671
2173
2144
7474
386
2230
2152
4297
386
2824
616
2174
6672
2504
570
4541
6387
1015
3615
2144
2785
6287
7462
2150
142
77
2144
2201
7458
35
2144
2518
2161
6287
2180
146
2229
7786
130
2241
2311
76
2144
2144
2229
6693
7691
2229
1024
980
33
7461
6400
2144
3883
2813
2145
4529
392
662
3882
2144
6724
2152
7133
2173
2151
2174
6439
91
2144
2533
6287
7457
2144
2192
2170
2153
7457
7457
2805
7166
479
2535
2503
6393
2144
2154
2498
594
596
2170
4483
2229
2150
190
2144
7786
0
4482
6405
2769
2144
6330
4482
7141
2229
7524
2144
2229
2237
2144
6438
2415
2506
2405
1016
2193
7145
6287
2144
2159
6671
7181
2149
2230
600
2144
6287
387
2152
7691
2144
2144
2146
7223
6
6671
409
2377
0
3883
594
2145
2498
402
2161
6684
2229
2144
386
4288
2165
6393
2150
4568
7693
2150
2804
7133
3883
6713
2173
2230
6403
7682
6904
6456
2146
6
388
2813
4482
2144
2229
2216
7694
4538
6456
498
2150
7460
594
6416
386
77
2231
142
2144
2498
2144
2146
7474
6290
4292
2843
2150
6743
954
131
2144
3881
2144
7189
77
330
6671
2404
4406
2147
594
2160
2144
3881
4546
6784
2771
6685
7145
199
2146
2504
2144
386
6710
6883
2144
2144
2527
1015
2408
2144
2146
3881
2192
2679
2147
6708
1002
7457
6723
4390
6733
2404
597
3881
2174
597
6351
415
2144
3933
1025
998
329
2781
7141
2499
2234
2229
2771
3887
20
2173
2772
3881
2144
3881
7178
6713
2188
2808
2498
2145
594
2
6672
1017
6347
2144
403
2229
401
7146
2144
0
4410
386
333
2144
2159
2763
4414
2771
2826
3623
2144
4314
13
6319
2766
2829
594
3881
2176
4396
2144
2144
3881
2151
7146
3612
7680
2144
2144
3882
4407
2173
386
386
2175
2148
386
6361
2146
2156
2408
4538
2206
6287
4511
2237
2785
3881
2229
2771
3928
7468
2149
2499
7479
2145
2498
7469
2764
6671
212
478
388
2527
4406
4540
6702
7801
136
2173
3889
2198
7462
2148
2771
416
7482
3881
6705
2144
2312
3881
2162
2229
2244
2148
595
395
2144
2500
2506
2210
3881
2144
2162
2498
3882
4408
2500
594
2146
6671
6672
6785
1189
7680
479
2229
998
2809
606
594
2287
2173
2783
6484
2197
2841
594
4447
7457
2144
2230
2145
7178
6287
2236
2144
594
2158
93
2201
2177
386
2144
2498
6687
4388
2144
6297
1018
2798
614
2149
1017
2149
7483
594
20
6447
2527
2173
2190
7085
386
598
2515
2173
3889
2234
7479
2762
7133
7145
2185
2148
7178
2186
3881
2144
2782
2168
6378
2144
135
6400
2165
2498
386
6693
4490
6347
2145
594
4
2499
595
7457
2144
2144
594
2230
2183
401
2149
2144
2144
3883
2171
6770
2155
3885
2144
4406
2159
386
570
2144
6361
2154
2163
7479
2229
7224
2180
2192
594
2151
2144
3885
2500
2813
6693
2766
2498
2813
2144
198
2144
2144
2146
2502
4288
2782
2144
3881
4406
2229
2151
6701
170
6309
6671
2145
594
6671
398
4321
2377
6737
2155
4462
6671
604
142
7178
2161
6453
3882
2190
2498
6690
397
2498
2147
6287
2231
594
6704
7145
137
4289
4550
3881
1017
7602
386
6397
2147
7695
2144
2145
2231
2518
595
2498
2
2528
7691
0
2527
2150
2229
0
30
6723
2145
2762
6289
2160
2144
387
2150
6287
6287
2785
7145
2208
0
7463
2144
3881
2144
2173
2229
2144
4288
982
2146
2527
6671
6690
222
2785
6352
7214
386
7681
3882
6484
2407
4406
4482
202
6287
2176
7782
2499
2233
2144
2229
16
2771
4491
6354
3881
2145
2148
981
580
6290
2144
6297
2182
3881
2153
2510
3623
85
2832
2144
2146
13
2148
3881
4456
594
3881
2144
2229
78
7166
386
6686
6308
6671
2173
980
6347
3609
2498
594
6
2527
2150
2147
9
2174
2772
2144
3881
2771
2204
7174
2200
4400
4388
2762
7784
7479
2173
2144
2144
2261
6726
211
3881
2144
4323
386
0
2499
6713
2144
2229
2163
954
329
2229
3885
2500
2499
2764
2144
4454
2173
3881
6361
601
3930
2230
2502
2174
4482
2147
3885
2229
2801
2144
7457
2153
6362
2144
4537
985
2500
2229
6683
2243
2824
329
2145
3881
7457
3881
570
2173
4512
3881
4288
594
401
4511
3888
2498
2238
2766
954
74
2771
2781
2172
2241
7761
2196
6391
2167
2149
2144
2175
4406
2145
6289
2144
3881
2152
0
2800
4430
2173
2238
2785
2145
144
2144
479
2150
2807
4406
2498
2833
3882
2173
7459
6
4490
3881
3890
2416
478
97
1004
2798
2762
1017
6671
4332
2144
2148
955
3887
2774
2818
2229
4422
2289
6354
2239
625
2533
592
2144
2229
387
594
1020
3883
386
2147
3881
2
330
2147
0
2498
594
2156
2148
7479
2498
610
6287
27
2498
7469
2147
561
2506
4441
2144
3881
2144
981
6899
386
2145
2144
6671
194
4387
564
2146
1015
4388
2767
596
387
6484
3888
112
2782
2148
1061
2498
2144
7194
2498
7085
2144
2146
2498
6713
6675
2144
370
6289
2832
2150
2195
2829
7210
3887
7457
2173
386
6287
2231
6365
2144
33
6774
3881
596
486
2144
3869
3881
6713
6671
2230
83
7136
2163
2147
2210
2144
592
2531
3882
6361
2174
2498
2498
2150
2145
7141
386
2229
7680
465
2144
594
94
3884
980
599
2768
6672
7459
2765
2826
7526
7479
2144
2180
2148
3623
2173
7482
2283
0
1062
1019
2229
7691
8
6289
211
412
2149
3921
3881
388
2229
7214
596
6678
2229
2171
7166
2145
6777
4406
2831
2144
2150
386
6438
6693
954
4454
77
6671
130
2146
2144
170
6290
2832
2144
2235
77
7799
3868
2501
2144
2498
7691
6774
6884
2163
2216
6899
6713
7136
386
561
4453
2144
386
2144
2773
2186
2208
7462
4406
954
4545
2762
611
2144
2149
7765
2149
4451
2527
469
202
3881
7691
2176
4409
2201
2173
2229
4329
2159
6366
386
2150
386
2498
3881
596
7133
2144
3881
2803
2144
2144
7133
2147
2153
2229
2809
2170
4406
2155
2195
6349
2229
2156
4406
2144
2764
2517
6684
6673
2231
4306
2771
4289
2144
3888
4406
4495
2498
6372
2148
2518
7145
386
2229
4303
333
6794
386
2148
2229
6671
2160
199
388
2175
2188
0
1003
7457
95
2144
92
2144
7482
6400
7474
6671
2501
2144
2174
411
594
2190
2149
20
3885
2144
2163
414
6727
3882
3641
6671
6404
2144
386
594
6435
0
7804
4408
136
6289
2244
7085
6887
2188
2147
6689
163
7717
142
3881
2175
954
2144
2427
6786
595
4532
6395
2144
2229
606
6289
6885
7476
6486
2173
2782
7133
7680
3882
6353
2229
7761
207
2229
966
2767
2144
393
7761
616
6671
401
2781
2156
2762
7680
2145
2229
2146
2230
389
2145
7186
2144
6713
79
4406
2229
6512
2147
2771
2163
7457
7160
2149
2229
6715
2174
4408
151
7194
2161
595
4483
597
7479
402
2498
2782
7156
4549
2498
595
2502
2244
7141
3609
6407
617
2144
7208
2154
391
7457
2240
4460
2144
2173
7141
2144
2498
4406
2149
6715
6373
2527
2498
2152
2150
395
594
7179
387
2144
2148
594
2144
6366
2229
2144
2405
7718
3881
2504
3923
4479
598
1015
2148
7761
2149
2173
2144
2163
4406
7793
2144
6347
2144
2144
2781
2174
6713
2144
6393
2144
2216
188
2767
2498
4400
2255
2144
3881
2144
2498
386
3885
2173
27
2242
3881
7466
7457
2160
3881
2144
386
7684
3893
4295
4341
2417
594
2144
6290
91
16
594
2144
2151
595
32
2163
7457
2229
7458
6723
2144
2145
597
2198
2152
395
14
6671
386
2208
2144
7178
386
2499
594
100
77
2499
2155
6671
6678
392
2144
2149
4406
6294
2263
2144
4463
616
2144
7680
2232
2144
7483
2408
77
2229
3881
1016
2772
396
3881
2144
2155
2152
2229
2813
2785
2144
3624
386
6484
6287
2782
2771
2175
3882
1004
4412
7804
497
7085
1001
2785
2771
6293
3881
2144
2771
3922
386
2146
986
2144
2229
4288
7800
473
2230
2773
2179
2155
4413
2153
2145
7141
386
2498
7680
2516
7457
2164
4288
2764
2151
7166
2144
2675
7716
2144
2144
6296
2781
3886
2144
6671
0
2233
4511
3923
2145
2229
7802
2230
386
2146
7799
2173
30
2772
2144
6673
132
329
2229
6394
4489
2771
2144
4495
2158
2158
2144
3881
3881
44
7461
2498
3881
2156
2174
6456
483
2527
594
7804
979
386
2145
2144
6355
6436
2145
2154
2499
6437
3889
2144
2498
2826
396
2144
2229
4544
2243
2782
2771
2148
0
97
2145
2144
2179
137
4414
388
7480
0
6792
2144
2235
2151
2287
4545
2144
4296
77
2159
6289
2145
2144
2144
91
166
2146
7680
7474
0
2155
2782
2150
2179
6695
2241
6393
7461
7804
3882
594
142
954
7133
2173
358
7484
6741
77
6671
2155
2144
7457
4288
7194
570
2229
2144
6713
2156
598
596
386
100
2146
595
2171
3881
2232
2173
2145
2498
3882
2173
7224
386
2144
3885
7170
2154
2144
2173
2771
387
7153
6771
2147
2147
3881
1015
6718
386
1
2210
2240
2781
2229
954
2229
2173
386
2498
2772
2500
2148
4388
2787
2145
7474
2771
2771
7460
387
7691
2144
7802
2173
2150
2498
2150
28
7461
980
4538
594
6737
7235
401
2144
83
7684
386
479
76
2527
3881
6671
6675
3885
7457
15
10
2500
2153
6393
91
7457
2765
3881
6671
0
3881
3881
2173
6691
2415
6671
2798
2170
2762
2243
594
6673
6887
7141
2183
2145
112
2498
3921
2150
2781
2146
2166
2229
2144
2144
77
0
2144
6715
2163
7179
2413
2173
959
4324
2173
3623
4496
2146
2145
598
6671
2172
2161
386
6693
2782
2502
7183
2235
3928
88
7705
2160
2148
6484
6693
4541
2764
7802
2247
2244
2234
2233
7459
7224
2144
211
2173
2145
2229
2152
0
391
6714
7137
2782
469
611
2771
2765
2231
386
6393
387
4440
2229
2235
7085
0
1193
2771
4290
4406
2427
3881
220
2144
2254
2243
2173
2204
595
2229
6406
595
2527
2144
4424
2144
94
2229
2155
6671
7805
4447
2144
2771
2823
2144
7479
2148
2515
2150
391
3881
401
2212
2174
2498
386
2498
2450
3924
2150
2183
77
2499
3902
2504
4340
564
386
596
2173
6373
2528
962
3881
7141
396
370
199
132
3881
2154
2499
981
411
3886
2174
4394
2173
2144
4302
7085
2144
4388
6701
6794
3
206
79
401
594
4447
4329
4406
386
648
4485
2144
7787
2389
2145
78
2229
2144
2161
2144
77
2166
2173
188
6287
2229
998
2144
2147
2144
7804
7086
2161
4475
2229
954
594
1015
3882
6671
3881
92
2240
2144
2145
401
594
2148
401
2144
386
7464
4422
4406
3882
648
3881
2145
2175
6678
3887
2498
2144
3887
6784
6291
7462
2332
2151
2176
2144
6404
6287
7145
2144
7600
2144
2145
6404
4482
2827
7179
7087
2679
2144
2144
329
2195
2144
2216
6723
7133
2235
2176
2152
2151
595
6713
7680
2144
2144
2146
2144
2145
38
77
2144
2157
2148
2147
386
4406
2145
7793
6705
2498
6671
3885
6671
2144
6888
6287
2179
2237
6354
2144
465
4459
2144
2144
2681
6317
2179
7786
2173
3890
594
2184
6447
389
3623
3623
2771
2186
981
2809
2771
0
2826
3882
2144
2173
2507
7717
2146
386
2242
6435
2190
2148
2147
390
6738
2144
6438
4402
2206
6366
3881
77
6351
4
7479
2144
202
474
2243
150
6713
494
2771
7782
2771
2229
3881
2147
2144
152
2173
6447
2408
6486
2527
2144
2175
595
6791
2144
478
2160
387
3609
2
386
2144
4300
401
2186
7524
388
595
2148
2144
2144
2231
6307
7179
2144
2533
2229
19
2154
4440
2153
2175
2766
6317
3881
6671
2144
2144
2155
2152
3833
6288
2145
3881
16
2417
6361
3881
2801
28
2229
6785
411
6393
386
4333
6770
3888
7461
2159
2231
6393
6404
6885
1054
3881
3881
2144
7457
2229
595
76
6376
2149
2229
980
2144
2144
2230
7461
96
7153
2173
2145
7169
6723
2144
2233
954
2144
2146
2813
386
594
594
2173
2144
4531
2377
2173
390
2195
3889
2144
594
2145
3884
6291
479
3881
2145
7170
1008
500
7457
2192
2774
77
2152
7765
7474
329
2498
6709
3881
1021
1022
2148
370
7457
2229
2173
4410
6307
7457
2783
7141
401
3925
6435
2231
1
3881
572
7761
4411
2206
2230
7464
504
2764
3922
6289
4422
6354
6394
2144
2144
7479
6287
2144
2173
2230
2144
3921
3881
3883
2176
3926
2230
2144
2144
7690
2164
386
1
4513
6714
6885
6318
2683
40
79
3881
2144
7461
333
171
6287
2144
2149
7457
7457
6678
2498
2144
2161
2173
2190
6718
2144
2229
594
2527
200
598
4495
2144
2798
2150
2498
2782
3884
4410
2418
7145
2801
594
7761
2146
2173
194
3623
7145
6416
2146
84
396
2144
2144
2152
2161
2144
2188
2144
4511
400
7133
2148
3881
2167
2144
2240
2173
2518
5
2771
3883
2144
2148
2146
2144
0
14
2815
3881
2230
2243
594
7142
2515
2823
2146
4406
6376
2146
2229
7209
2233
2144
2173
2173
7461
2195
2423
2151
2144
7479
2504
2171
7480
6735
2764
7457
7133
2147
7146
6693
594
7457
2144
2765
6721
2144
954
2498
394
6671
2144
2145
2144
620
331
7192
2174
6328
2159
2531
2148
3891
2499
2782
2148
2781
2785
2159
6353
2244
2764
561
4
2149
2527
598
6717
2188
2144
479
2229
2686
2230
2144
333
29
6684
2379
386
1022
2144
2522
7085
2144
6771
1001
7793
4558
2244
4492
6886
2173
4486
4548
7680
1017
594
7466
2144
2165
6415
6793
4331
2146
2144
2505
4332
401
2144
2173
3881
6289
2184
2170
2173
2145
1015
4348
7133
2230
2157
2175
368
10
2144
6393
7089
74
2229
2762
2236
2172
2173
2157
4406
2237
386
4513
594
6447
2508
6672
6791
2813
2238
2240
3882
497
12
2230
2148
4511
2144
2144
386
2173
7680
594
7166
2150
2762
212
2826
2424
2832
3887
4409
2229
7457
3881
2144
2454
983
7212
2150
2149
2144
598
6407
1017
7793
76
7473
2498
2173
8
2144
2144
2499
4482
2146
2144
26
29
386
2173
6393
2152
2194
4482
4385
2144
3882
2154
0
2144
2144
2763
2163
2144
4409
2173
4483
20
2145
6691
386
2145
4
3881
329
30
8
2254
6727
2769
2762
2238
2144
2192
2809
2801
7473
7809
3891
4406
386
2241
980
2144
2229
6287
2238
594
386
3881
6354
2230
6713
3609
4533
7194
597
6693
2231
2152
0
2196
2212
4409
3
2144
329
6289
2144
2144
6671
83
3881
3882
2151
2144
7145
3881
2762
2146
6312
2151
3623
7090
3922
387
2239
2144
2240
2767
2289
6717
2144
2229
2229
6785
13
2217
2145
2163
4291
611
2766
3881
3881
131
2144
7473
6747
4539
386
2145
2766
2499
387
6289
2145
6671
2287
6693
6693
6310
7465
6713
7134
12
7457
6693
7809
3881
401
2144
4332
6371
6716
2146
7680
7133
1015
2229
7457
2144
2452
2144
2771
2151
4596
4440
7093
2146
2771
7804
72
7457
6671
2498
7457
6484
3609
3881
579
2813
6411
4548
2150
155
2785
3881
594
2144
3881
2171
7680
2145
6899
2498
2826
1186
401
2171
2148
