631912873
315338027
467956819
201505516
690707212
986735216
448196901
514391677
3775328
879898834
608483694
750562807
976713610
582112886
848852999
498981245
51730220
400573309
729001874
139361567
200957321
900938122
795863017
761815049
482147929
866858692
536686424
755634093
239674386
216221570
829178498
901512463
50500251
503182345
351827038
936164930
291082751
157581776
330813406
426184793
320820652
254005124
849517224
576115802
560328690
424802662
487955739
267480793
370852830
562276645
431699525
116450356
411919826
833686696
596829892
584618768
4537766
371567866
489570506
577855350
918422494
911997282
983615913
186492926
237322441
122241344
612431957
53230289
453257219
762454042
543160783
371082956
79071932
803962779
790968950
214589437
826818627
188718226
469508905
291094530
433637896
37414709
100963567
201699855
909113190
390831526
197273079
489635298
359653220
234735169
467874026
312369188
214786247
743737294
397797103
327904422
567365375
635273990
445057422
530536355
765253413
337955547
620930553
606982688
31541057
93208792
862527362
160973852
491501281
642090000
13480715
961047714
830855481
312615325
675282536
510164418
154700864
41400319
747938240
465883152
5138610
407712832
258396612
823905469
838041748
786956560
926444666
560010694
411119214
104481569
638246589
78820570
114679642
256436674
821324584
130169504
194153678
587333036
217573946
776406786
416345809
565526513
232143284
510431116
583173151
55798030
717000332
402938119
418438711
637437576
225604112
763948826
250114670
840902444
492044962
304132357
521476552
821294767
189681801
246596294
795753613
634347032
111186318
699690907
2013429
212545824
228990872
125650529
807747848
326719667
468782729
391169701
618416022
379711186
538609657
549964922
58329969
423639043
303088848
313644730
391822980
617737458
152668557
63805958
611455518
800521764
603363429
731408517
212201205
346267068
82658732
875067500
214050917
862485770
559741743
798103476
932258557
748749817
709416342
15709819
853052472
395530848
986372234
484838249
624099035
983771328
982010765
681613329
60079536
225256693
111831112
191146606
478676461
956699909
462708018
341470117
262535732
986480734
478755584
475770910
106220610
373989549
947526401
13032199
737351937
781161268
816417980
931728001
672870868
561712701
340341632
768323883
685432215
267524391
152369933
760984306
26127635
273292212
422249507
683471621
834510064
530515194
570577450
323100147
52442879
395238953
993922983
524661274
596866327
217681895
569833556
375693549
725095784
456223910
339530437
119241480
900568900
969720129
223419901
367296621
774412975
682654442
850522346
181990557
118541268
495919771
63730570
114991775
340729647
124835676
191794
62991418
695032025
629664984
456231259
984202361
28120783
186142795
610548708
400136668
655436526
719460409
31454162
22406383
435242992
319293513
42424264
137179126
160192092
256380926
309320503
256732051
182871521
331756318
565796642
421257647
299449
643986723
981856224
629424992
568972621
971347329
296328645
502448297
2360
112570453
30258539
982126087
846485336
173778359
989573787
334322026
47770498
875182369
728030560
936356216
975833337
114656975
870669775
578392083
242815449
180563230
5135136
830774187
564593777
360827963
260307524
85912477
951919825
174550838
947248007
928013466
754582294
468848283
824156079
89884778
590349097
615413450
667358216
531034194
801798139
676908858
628362981
171392908
58383035
622645643
263682156
652028924
323878119
712248878
209796619
211272950
677449432
354312909
440207760
433837790
185411068
242247448
684382389
572705955
789749044
771644039
49412160
705678220
484580105
919467611
655184270
94731295
756165498
481837888
318161989
337111022
714774334
827308684
285895479
95200506
878967047
421763646
758401098
688033772
811981673
529296184
807211154
705527266
410212361
441409856
94608800
371593857
413017742
278558812
875390214
538665964
26040348
744939054
420227392
304104089
423637136
310385382
981780175
68680126
548863548
282635774
320961911
501271867
122650
419766975
98175608
34308758
618145071
680480948
887858114
817793266
498121008
212313260
816988253
511426646
511680031
675480354
422606099
521319547
55994314
57449844
519416132
398292335
800061605
899761634
417203905
118985942
998270304
740746352
4486
435301706
543153773
86323947
406602449
55530594
647145992
27628930
873539001
91505701
334647894
283463243
499349956
651510792
181867441
114340827
993420279
509903117
775000994
899442727
132706766
403140565
570476994
417987399
338098632
116434807
469691999
503493572
567336094
777441148
121986457
496927321
953526806
106089923
536745564
385866736
658083783
572450931
233127902
735366280
111941457
98393088
490868116
74169441
510709718
427338317
837196238
792840980
630388604
737847244
206776848
10260538
110789272
391663642
868810364
158979904
88345014
327652201
230613277
6178435
19646197
325051590
175017038
91802315
850508962
106202280
705016693
704183312
747255544
548942
212259284
846213104
906074730
830401842
277627623
559603040
240614763
184
616330909
465302297
481418110
249771963
949565728
998462543
798069095
411213729
605629868
457241517
288225
267591953
509827427
174791550
659834308
348859755
230072060
632616060
908773523
613066513
860659310
51322738
2034275
273399255
25434894
426498996
402917933
549727328
699001837
630176933
566425801
414261847
150218394
799611553
399103417
119300897
970536641
455269438
451250017
4075592
408670129
975505170
453753068
740454227
371053337
594403715
98623310
10582185
948437613
843026523
54200744
439466585
572153
525383334
750999071
619933454
996055715
72563658
537064057
122706914
993621657
374527645
186483138
49908535
218317733
806729370
153370082
415963692
351513062
158820462
609041203
307809982
466857639
512619167
52666076
198569157
910238003
542175372
50820687
324139184
664394901
730378957
728904985
130219232
195948475
793629434
915186211
152790454
75342792
424935631
81563102
502225625
302157968
723545592
120225382
447095036
798766740
474882310
17695963
464874585
250642196
977418053
71124153
612256002
173776943
705983981
755458525
969622377
16769051
748180455
300856691
286077463
686715829
302428690
915435842
972244552
787516261
131005060
213473978
522767754
858407884
566152829
273541951
386577977
401414
458277835
594909728
2697749
795661381
748987661
67668732
562782521
142574519
505319674
961354714
924698553
88836242
561227094
84168458
775270028
208594865
296470466
617999118
492571630
465355262
157072570
311715222
42097616
70745810
832943160
576200411
755706623
770442094
882466020
771322925
375812463
860520100
662626484
24521224
280594792
238799340
379758595
508403798
607483840
975173013
572869730
260159267
689948042
711239014
865801243
932747305
906203036
589044257
286397434
128513884
868825345
145006140
237902471
414848048
493913593
147240655
6316371
41391724
348151963
557927662
401541
49419601
214534811
585578930
362982015
652302716
805073869
201011300
891761816
225024940
671092823
103088928
914187994
403190142
818183281
907794210
853003934
628834640
180194201
62839014
499670978
207677376
172955682
588948778
850848190
372959918
985660601
977433203
221124009
400285592
484093052
692523980
547639631
379466926
544838502
480956631
164272778
117683972
480271046
671180127
302042231
7498068
704884918
640150120
411350550
199
16177630
460699194
692749849
634107062
707709192
62693193
178124539
685132836
968377068
110217033
874054800
587061586
242006463
751784147
373680699
93145373
961916892
646694184
346821073
867312425
203525093
891804849
617800183
520542949
425602887
755944875
478651953
422577891
141708088
24860902
471264203
734173958
500572526
656289088
534521056
484788039
969804845
617501378
793741356
549664347
263345622
44811766
493858694
677741068
735079293
246970043
846224370
608951759
889951567
620095808
28375446
299375172
7336072
26932
635332886
593541306
125942315
314721542
316430716
424154173
726476702
259985798
813127064
545072014
514839982
319611980
106117643
565218055
554393764
104927497
943725115
193301011
891138346
848375521
317014415
454601779
302457967
993132558
610941676
305085893
525264954
668873184
526251685
14668114
979652595
130239367
812348536
892161365
663290117
533947005
858283311
728311236
357840313
828389645
548359024
199043515
509899301
173322340
773416477
311921770
925595530
58544
759624855
209333984
781479622
787447199
548680653
922016704
117234730
338954122
115545930
763239501
549471523
260239145
439844317
316774643
172886135
201539160
699733107
703915860
543065616
450060227
357603669
841960300
630719345
814288109
708256723
828171431
398875961
684351662
999678009
49409780
595959436
221151969
268695167
734834554
814674253
562747723
356371909
509316656
460922
160141544
819113225
530897703
352438018
858272681
708027025
746587083
910820235
595607742
143598593
618298248
496128643
614047119
558973085
1294268
770786751
346298162
54114026
606841697
510060831
661448526
532958067
429127666
784915190
795697834
640950563
489646107
77925542
423831917
690845042
335491411
337946061
519397061
447673228
993933018
584622266
12121306
155158918
139108978
536064950
812189441
468300728
180944171
662647249
574319043
686064402
437373992
644469900
581361098
914219212
323345064
128608432
544985328
76586
713524211
186470863
990763741
124776103
147443227
601305941
976105380
838800691
975133438
264995347
249511326
209661925
626298285
805592414
775704379
618857431
211739758
671090885
995920219
177967111
928032087
3921418
908843813
418360946
646777032
745416423
708062003
803045459
14292441
103165363
482896034
930419562
335400146
179185377
235750258
862446786
64327877
762342989
893231892
36045
204652853
269957361
821592453
838162614
958397693
814031760
417804515
789603705
655309919
465260420
481612617
158778841
193130
435894478
500034937
436516359
862994598
689004211
41549785
246291699
307930959
403598819
288214140
49254107
464314243
801798139
