28
18
3
312
719
934
714
934
934
934
707
934
707
934
707
934
707
707
707
707
934
934
707
934
934
707
707
934
763
763
763
763
934
934
934
707
707
934
934
707
934
792
731
731
934
707
707
707
707
934
707
769
707
948
948
948
934
934
934
934
934
707
707
707
934
934
768
707
934
934
707
24
707
934
707
707
707
768
707
934
934
707
707
934
934
708
710
710
56
934
707
707
707
707
707
56
707
934
707
934
707
707
934
707
707
934
769
41
934
707
707
934
934
934
707
56
709
709
17
770
942
722
936
707
934
707
934
934
934
934
707
936
708
707
934
707
712
707
934
934
934
934
934
722
934
707
934
707
707
707
934
707
13
707
934
934
934
940
30
56
707
940
934
768
934
707
934
707
707
936
716
936
936
934
713
713
56
936
713
707
934
707
934
707
714
707
768
934
934
707
42
768
707
708
708
707
934
934
934
934
707
707
707
24
934
934
934
934
934
934
934
934
31
710
934
934
712
24
934
934
718
934
707
707
710
934
768
768
707
707
934
712
712
934
934
934
934
934
707
934
934
934
42
707
707
934
14
934
934
709
707
934
934
707
934
707
934
14
934
934
17
6
707
934
707
934
934
934
934
934
707
707
768
768
707
768
707
707
39
707
768
934
707
707
13
934
39
768
710
934
934
39
934
707
934
707
707
768
707
707
707
707
707
768
934
934
6
24
42
768
707
707
934
14
934
934
769
934
718
934
707
56
39
24
3
936
708
708
707
934
934
709
935
935
713
710
710
56
56
934
707
934
768
934
707
707
720
712
712
934
718
707
707
707
768
707
768
934
934
707
934
722
934
3
707
707
707
934
934
934
934
718
934
708
708
707
707
934
707
934
934
56
17
707
722
14
709
934
707
707
707
707
707
707
56
934
7
707
934
934
707
707
934
768
934
708
708
934
934
768
707
707
934
707
934
934
707
715
17
707
707
39
707
707
31
934
707
934
710
934
56
718
768
707
18
713
768
934
5
934
934
934
708
709
934
940
8
707
707
934
934
713
707
934
709
934
934
707
14
707
708
934
934
934
708
934
768
934
934
934
708
708
707
31
707
707
935
6
768
935
935
708
934
934
56
710
935
934
707
934
934
934
3
934
707
934
707
712
934
707
934
707
707
707
707
707
707
707
934
934
13
768
711
934
707
934
707
707
715
934
707
934
934
934
56
2
707
707
13
934
934
711
709
934
934
709
9
708
934
935
14
935
6
935
935
4
707
934
934
707
707
711
711
935
707
56
934
707
707
714
934
707
707
707
934
707
707
768
934
934
707
707
768
3
707
934
710
710
710
934
707
707
934
4
712
934
768
4
707
934
707
707
934
768
934
17
2
707
934
707
934
710
934
722
3
707
707
934
24
707
707
707
934
934
708
934
707
934
711
707
712
4
707
707
14
707
934
934
935
715
935
935
707
707
934
707
768
934
768
707
768
707
934
934
934
2
7
708
934
707
707
934
714
6
934
934
934
42
57
935
57
935
707
707
934
708
934
934
769
768
707
707
707
707
707
707
707
934
707
24
707
934
707
768
707
934
707
714
707
707
934
707
707
934
707
934
709
709
709
934
56
708
934
934
708
934
934
934
707
56
56
707
31
708
708
710
711
935
8
935
708
708
17
707
707
708
934
42
707
707
934
710
934
934
707
934
709
8
707
934
707
707
707
934
712
934
3
708
934
934
710
709
934
707
934
935
710
935
935
715
56
934
934
934
934
707
934
707
934
934
934
708
934
56
934
709
934
934
769
934
934
707
707
6
934
708
934
710
934
707
707
39
710
42
707
707
707
707
934
707
707
2
934
934
8
707
707
707
934
934
2
934
708
708
708
934
13
708
934
934
707
934
768
707
56
707
934
39
707
707
934
7
707
768
934
934
707
56
718
709
707
934
8
707
768
935
708
935
709
31
934
707
934
708
707
934
934
707
707
17
707
13
935
57
935
935
707
710
707
934
707
713
708
711
56
935
707
768
707
707
934
707
934
707
707
707
934
707
707
934
707
768
935
17
2
935
39
934
709
708
934
708
2
934
934
708
56
934
707
57
934
707
56
712
3
707
707
707
934
934
934
934
934
5
934
718
934
708
934
707
934
935
710
934
934
708
708
934
707
707
934
707
707
708
934
934
934
709
707
707
934
3
2
8
934
707
56
718
707
934
707
56
707
710
934
707
934
13
14
707
17
707
709
707
934
56
934
707
707
712
707
934
934
707
707
934
935
4
708
708
935
707
707
710
934
13
4
1
2
2
