136258411
500000004
384326263
618058337
313247893
854002808
376357832
367928716
819165277
930339007
5988355
519035169
423483212
368305351
100627806
777860819
85668758
672112581
664050621
819165277
1054356953
45891440
1029130607
572235935
196592669
482811308
237141639
56281868
239240595
726488702
1051042391
206722529
672112581
515589696
862647214
158543963
44088261
429361928
350002947
766051705
320383854
357719923
1019032686
13819688
735104793
198106463
677899407
285472422
920416034
314946864
1056350959
273844524
703617799
470235322
125769234
83215285
672112581
1063883284
839946173
959549573
465606197
120526280
491125436
8981265
19852212
429361928
982296558
724440067
453557418
770715329
464558229
841577414
960476739
131428791
6590315
1021506707
892697081
580151456
108679943
1028493365
652697481
755075803
644573162
610037377
86988734
637896043
884007596
805120634
338122734
415654507
307815630
660623092
1048158034
929125151
137131924
948921931
159966731
167570240
349899073
565372999
877837060
510533398
297569476
555145184
592758286
804368488
128612504
1049862672
984888400
453973949
194473671
912680363
929557245
6383006
515589696
239860441
959239971
780609772
212414698
978347127
342435815
1063883284
639215646
703617799
401762982
815230604
303524994
236940770
231866190
36410569
919723946
948921931
239860441
421749581
535061692
657664357
611020787
297569476
500000004
845435614
313247893
286075891
668195583
616226825
638754445
345271849
335966193
164094638
289810957
101860707
948921931
715384963
36410569
1039141341
804368488
86988734
950627136
817490756
460764212
763005350
1016942869
544410281
779827387
694164703
158543963
328323084
8981265
402064214
1067591455
894622823
250139842
451225615
205777906
1043464050
314733952
329982338
251475044
493819824
613910131
671029495
116783883
602855815
128612504
758849332
862647214
762010322
1010070082
221169714
833517443
273437226
613732077
251062635
141906642
337867869
202597496
2168376
34559450
168207090
119241709
1013629206
114589948
644573162
537378183
303524994
244904810
919723946
543902715
231866190
384326263
796809673
712729997
412228683
3613680
1058925792
995076147
929557245
139433061
820689131
108679943
544603310
91425078
1011795090
116783883
804880112
515589696
543902715
209494791
401762982
1029522559
952199515
460764212
57717291
755075803
929557245
139305945
927747993
5026903
419357612
1071341195
334547481
25337191
623999156
664695735
36410569
787320429
303524994
818444125
209887570
269606106
543902715
361255982
645790798
405435292
498558100
1058550452
139305945
303524994
625502673
465606197
85668758
86988734
818444125
280225258
297569476
273844524
809940885
844227533
805120634
316973632
931873830
287084472
415654507
86988734
1042205473
299394244
929125151
623999156
978347127
196381449
581527456
242249701
751271558
787320429
948921931
244272164
833228463
406709224
191185690
611020787
471574629
98500522
715384963
1024790499
283134846
1002683475
698597536
666300521
286938356
66852925
345559311
567642073
793937348
793937348
349899073
644573162
682817461
409891970
89502183
1009715882
383722994
627016592
471574629
875879700
409891970
525312522
322879361
196592669
877617026
306331254
357719923
758505891
74848635
500000004
206722529
609547711
744360101
876602288
74848635
461818744
525312522
5026903
841163892
788068063
57717291
785963955
804880112
704618048
725591429
929125151
618058337
838237987
167570240
319069587
303524994
273844524
550944331
834266247
712729997
876760215
672112581
832879638
482811308
114284420
1051042391
551454758
140433890
1018981021
1049862672
114589948
91425078
236940770
136258411
992718736
118900315
116783883
395395997
637921385
191250858
645790798
752240317
3613680
1019032686
758849332
337867869
925466323
286938356
343865286
941006694
959927285
830619863
458646833
876760215
911663117
304549443
149887185
297569476
3613680
170395148
399808745
719080924
472889097
1039230820
978347127
884007596
357721182
652423023
788068063
872729822
929557245
353458139
1024790499
911663117
158543963
199976475
694164703
269606106
629639240
74848635
397926517
948265304
438206071
458646833
832879638
1024790499
3613680
735494071
886803357
255305683
885123267
431719560
415654507
36410569
881456507
118900315
353458139
126349798
313247893
1028493365
159317071
724468371
36410569
196381449
429361928
549971328
11476764
244272164
978347127
581527456
676397606
429014162
57717291
1018563191
678423990
500000004
609547711
116783883
458646833
833517443
604084915
959239971
930339007
137452417
809940885
978805595
119241709
725250648
481598942
1016942869
390389049
429014162
189063555
351887913
542232211
616226825
930465512
758849332
375838792
373025708
392139951
929557245
877837060
623999156
859275086
638754445
406668332
258900488
580577961
328323084
86988734
413643048
326058899
405435292
164500711
1063797392
644573162
548149796
481511911
121084612
652423023
929557245
104957582
858510044
847070913
586666223
929557245
170395148
86988734
56062318
287084472
460764212
875879700
715384963
1010070082
790286366
328323084
912680363
367624067
1043464050
1062500362
1042205473
613732077
321703904
644573162
170980436
867358252
122814108
368305351
121084612
510042073
515589696
45891440
386812634
8981265
306596151
824272098
212414698
826219076
785699226
726488702
896463675
788068063
367928716
861632414
611020787
185522232
886803357
321703904
179734548
175074938
854002808
91486259
149535798
881456507
929125151
351887913
65046070
809940885
777368795
952199515
306596151
578381121
314733952
515589696
859275086
348462980
510223057
139433061
1028493365
929557245
951477596
627016592
625502673
243182598
121968585
668371651
3613680
703617799
724440067
596387114
544410281
766051705
498558100
629931444
5026903
116783883
1011795090
1013629206
6590315
978347127
305504424
57401779
242135851
411458782
471574629
877837060
929768676
65046070
345271849
375027140
613910131
91425078
882575553
170626900
415300909
1026246803
821072227
929125151
373025708
328346659
167489298
86988734
613732077
420186977
77722925
525551233
201246572
21409361
578381121
139433061
181318212
892697081
357719923
50783047
1019032686
409117645
642592827
392139951
1057728651
409891970
421749581
510042073
122814108
469005399
613623275
139433061
367624067
632254960
1042205473
20230615
1064778123
929125151
1063797392
644573162
423483212
376357832
979702785
389193605
644573162
98500522
567138245
167621855
804368488
141906642
732360644
265859821
173271092
542232211
530164104
926863212
850952200
978805595
555145184
594894583
91425078
206722529
632254960
358896786
931873830
758505891
931873830
201246572
712056552
623999156
311171808
220127242
832879638
447843962
11476764
762010322
644573162
927747993
159389611
1010070082
322883755
360511489
907078248
470235322
832879638
852899976
892697081
505366383
5786807
198106463
121968585
858510044
591341605
160501962
116783883
857928312
371839693
314733952
472575916
177009618
543902715
528312964
287084472
744360101
375027140
703617799
50783047
652697481
196592669
978347127
236940770
202597496
13819688
472016748
809940885
758505891
385931988
702748212
108679943
875879700
400767145
934815640
929125151
941006694
717014353
744360101
732360644
548987896
1057728651
613623275
850952200
510042073
1019032686
884007596
785963955
86988734
862647214
819165277
629639240
449085297
551454758
581251849
691906230
405435292
1062500362
725250648
1016048066
672112581
1019032686
357719923
592404196
629931444
472016748
629176357
573270709
744360101
85129356
415654507
603499949
20230615
57717291
108679943
77722925
884007596
469005399
122814108
471574629
360511489
726488702
657122816
629931444
854314346
357719923
644573162
205723920
116783883
618721491
1070569771
591880221
660623092
303524994
423483212
588827208
882575553
1043464050
291870355
715384963
1029522559
876760215
137131924
5988355
778989203
557297359
442337862
649102943
960144887
809940885
1067591455
617328649
114589948
676397606
941006694
854002808
350088847
1048158034
596387114
872505988
461818744
517234762
116783883
390389049
242135851
273437226
735494071
662035893
905773107
699978716
452070763
115911287
741909556
313247893
367624067
141097653
920416034
788068063
1019032686
636086448
6383006
564946327
168207090
565372999
306596151
875879700
280225258
833517443
177439508
273437226
890809554
451091166
320029312
159966731
77722925
303524994
671623937
617613835
1061829591
176077826
482811308
551795527
20230615
66852925
660623092
984385126
854314346
611020787
1029130607
384326263
1063883284
623999156
548149796
884007596
250139842
592758286
815230604
896463675
804656688
409117645
287084472
25337191
886803357
348462980
234577349
480305916
758505891
790286366
360511489
925466323
245495775
929125151
858527067
948265304
746184777
1031031595
671623937
291173232
703617799
833724845
652668435
818444125
658268336
609547711
629639240
205777906
500000004
952199515
209494791
1070569771
520321731
415654507
520321731
594894583
196381449
234577349
415654507
206722529
322879361
460764212
645790798
122814108
746184777
746184777
19840765
567138245
992718736
703617799
763005350
633260438
1028487839
596387114
50783047
929125151
515589696
36410569
313247893
170395148
1058925792
929125151
116783883
579389068
287084472
121968585
361255982
744360101
1071341195
1019032686
725250648
91425078
537378183
510223057
158543963
651243826
384904240
788068063
322879361
1011795090
114589948
285472422
173271092
691906230
328346659
505366383
429361928
785963955
234577349
596387114
164414782
332901796
29422915
850952200
1031105857
708124562
253688300
287084472
652668435
775897297
591880221
724468371
613732077
1049862672
691906230
167621855
905773107
884007596
743697335
638754445
375838792
68217696
861632414
579389068
510271238
548149796
176077826
320029312
378148585
46710016
411616847
99657598
319069587
911663117
137452417
142761356
368305351
306596151
830619863
303524994
775897297
936617692
512338819
322883755
176077826
775088314
114284420
291173232
19852212
611937107
183522718
209988736
