514022724
922202593
784906019
362616088
160595967
766168984
341402864
532503518
191379912
891349138
716093504
610130337
680943583
625343708
561491532
621114956
133391685
619639751
266719096
191379912
289598364
39977711
805918279
85822628
766507093
53672559
386982263
117459601
196956327
880316575
828595370
165711914
619639751
822089272
620039177
385036671
556616446
977182124
18326409
478993782
475438784
269817378
787952722
817345064
861170136
408271179
370771949
864320722
209917190
900884169
1071252916
748087991
510389155
541118050
1063790238
751958256
619639751
126439473
1066464548
823781763
886622082
464934532
967750307
109164064
823657960
977182124
464339071
376781821
340971008
381451063
290555617
939674974
67134119
139694567
431403802
748469287
666333015
616531767
161169811
900033403
326817156
50803799
258503394
527770870
815680319
977178725
109796631
710539975
204252317
729823220
251333015
510662851
789881748
274708016
29970040
426971460
306473202
380195230
226565043
767169615
844560607
1011661817
768525038
759183187
988829441
696382510
372012055
353180418
691227054
396745556
451628293
984571901
686901359
320455132
822089272
1040735173
290689256
701750865
209332362
208142759
296158909
126439473
590168489
510389155
209846857
312304264
639876571
545509812
638363545
412065321
136944659
426971460
1040735173
417440940
738908100
128625762
935165972
768525038
922202593
740405116
160595967
824381756
386608945
955452597
637843555
528093737
908199759
21809509
627658857
297731717
426971460
927072629
412065321
959241611
696382510
815680319
752865759
429476606
97732339
62502826
672623333
261105498
843300419
425883617
385036671
33200170
109164064
1072927104
964529116
268532786
371456151
590650661
148935614
528619757
765405198
427005369
59878608
270278768
635771995
106722343
612218003
676896940
372012055
825650727
620039177
435549735
11099318
751917117
538883539
798621040
1044405505
223273118
899682152
469744319
900319224
591906360
739862012
376683032
394931026
861761887
863406637
258503394
52320297
639876571
855836347
136944659
294601469
638363545
784906019
466981754
768057865
496442214
863686588
454735235
43604424
686901359
389657685
78891199
161169811
531290865
90630555
751580532
612218003
925199239
822089272
294601469
122413015
209846857
583962676
849023089
97732339
338486186
50803799
686901359
186907791
223707723
655373224
1013103512
350868508
1039712924
486994473
13809909
960618484
412065321
974391367
639876571
831667689
583564657
21426634
294601469
978856248
948114421
6562016
754811605
500832177
186907791
639876571
640067099
886622082
133391685
815680319
831667689
188714378
768525038
748087991
820716848
758294664
710539975
283350008
250698968
220547912
729823220
815680319
813173007
135204456
274708016
13809909
208142759
439515797
162669237
850719789
500890415
974391367
426971460
22139079
559593506
701239096
186227249
935165972
5374584
29011055
927072629
134055164
50451296
14665249
213500064
751602566
955139678
543252845
982031163
911203321
961224732
961224732
226565043
258503394
957851502
809796141
501952116
27337159
815655986
154839357
5374584
509738655
809796141
313026842
179955355
766507093
1015376930
770795381
269817378
1024919900
4369449
922202593
165711914
102573687
229531713
1015650745
4369449
910821753
313026842
655373224
980593860
888610739
338486186
395152686
925199239
137768563
837503281
274708016
362616088
681556940
380195230
511726769
639876571
748087991
471310152
816928174
768057865
604366781
619639751
504584403
53672559
775077249
828595370
461255887
745229720
39094100
353180418
863406637
90630555
545509812
514022724
771808802
704846415
612218003
359328768
660253639
58818103
948114421
474054811
863686588
787952722
825650727
469744319
884529426
955139678
955145413
546856981
790466104
212001627
692851783
604366781
126102686
264441928
1033796094
768525038
863686588
1057591348
101394723
691594259
952406843
303847300
208142759
109796631
120041127
657398575
888610739
235455657
686901359
862647289
134055164
126102686
385036671
751952806
425883617
21426634
748961449
4369449
807184743
622562608
655263035
692851783
504584403
134055164
863686588
801228630
982230609
954967136
743967554
157843130
729823220
412065321
796871193
704846415
862647289
511088349
160595967
900033403
817741613
757647798
412065321
439515797
977182124
386632173
360079968
22139079
208142759
162669237
734622661
86398524
338486186
10281244
1020575862
922202593
102573687
612218003
692851783
538883539
65199702
290689256
891349138
809832301
820716848
902216070
394931026
440912365
823779618
672623333
975682040
86398524
272264045
32889189
711909598
955452597
159538291
825650727
217524817
419503217
57623502
686901359
844560607
13809909
983434755
637843555
876448809
427583443
138078553
33200170
815680319
603416718
466774942
6562016
189218202
159158365
258503394
1009906791
590562770
889856756
657398575
686901359
576177167
834648280
140203011
221752068
686901359
1057591348
815680319
257212015
220547912
97732339
509738655
927072629
11099318
694286390
33200170
984571901
817557331
528619757
770349857
813173007
1044405505
356560997
258503394
291267054
955593300
148877851
625343708
889856756
49166006
822089272
39977711
500542037
109164064
884427302
769765775
209332362
151553744
637425863
880316575
708009379
888610739
532503518
596460121
935165972
251883104
982230609
356560997
695982117
323756943
766168984
627311762
738730820
796871193
274708016
32889189
798010701
820716848
337367149
849023089
884427302
243322878
765405198
822089272
983434755
978601805
74833757
389657685
900033403
686901359
282794620
154839357
640067099
929861853
409858608
302100134
863686588
510389155
376781821
914452734
261105498
478993782
754811605
332846410
655373224
612218003
751580532
861761887
431403802
208142759
144453833
849969517
595866008
351042147
5374584
844560607
809150403
798010701
528093737
165467057
635771995
90630555
317605970
635301095
457354786
221315238
198733559
274708016
419503217
83780647
1029361843
815680319
1044405505
497827914
1009489155
431839544
1023622064
80983424
243322878
389657685
936513519
666333015
269817378
524266692
787952722
960873855
668824260
57623502
720941678
809796141
417440940
49166006
148877851
380724339
440362237
389657685
817557331
937834232
813173007
255849668
716078435
274708016
159158365
258503394
680943583
341402864
1035627809
396202266
258503394
29011055
236355859
401018368
696382510
899682152
869352185
794518495
845726624
711909598
4267131
565027899
779417856
902216070
759183187
295400626
90630555
165711914
937834232
532193467
250698968
1024919900
250698968
1023622064
274124983
13809909
462735148
710733818
504584403
732810383
360079968
435549735
258503394
223707723
384926861
11099318
881489639
593273421
50391320
541118050
504584403
1025437292
666333015
186282715
365599701
408271179
409858608
834648280
966354800
57322139
612218003
37868709
981499134
765405198
89168767
1059213132
294601469
309948982
220547912
229531713
165467057
510389155
524266692
326817156
766507093
208142759
545509812
900319224
817345064
181228049
820716848
1024919900
198136196
375017036
161169811
509738655
159714324
119960595
274708016
546856981
604407039
229531713
869352185
624048045
720941678
440362237
779417856
49166006
787952722
109796631
395152686
815680319
620039177
191379912
748961449
727195259
461255887
595472175
811927334
6562016
770349857
440912365
322153463
619639751
787952722
269817378
480356134
332846410
181228049
903499342
818522812
229531713
353575931
729823220
886634071
255849668
338486186
161169811
1009489155
109796631
380724339
148877851
5374584
593273421
880316575
724950579
332846410
11023026
269817378
258503394
655782602
612218003
525239455
1066694729
411288424
510662851
639876571
680943583
812672473
317605970
528619757
59756664
927072629
583962676
604366781
29970040
716093504
22661850
932274964
623856558
251204167
418488111
820716848
964529116
435862203
863406637
734622661
546856981
766168984
33658431
789881748
914452734
326202978
910821753
749408241
612218003
975682040
595866008
798621040
801228630
316844085
585977015
1035999694
897799750
60796740
641331843
160595967
817557331
1018430822
209917190
888610739
787952722
525671453
320455132
790724774
376683032
767169615
884427302
509738655
188714378
538883539
112418078
798621040
76505335
1069462320
881628141
306473202
1009489155
639876571
443528056
1051942533
473289559
822875261
53672559
377834503
255849668
543252845
510662851
459201600
11023026
935165972
805918279
784906019
126439473
13809909
1009906791
109796631
371456151
988829441
312304264
708009379
308022444
960873855
220547912
486994473
982230609
978601805
307131084
902187795
1024919900
694286390
593273421
884529426
611917493
274708016
646525014
622562608
492672255
201276189
443528056
1031982084
510389155
521794222
321217652
831667689
762576556
102573687
748961449
148935614
922202593
849023089
122413015
1066694729
120790732
729823220
120790732
295400626
439515797
307131084
729823220
165711914
179955355
97732339
948114421
148877851
492672255
492672255
530597993
236355859
771808802
510389155
62502826
483600926
604262472
914452734
524266692
274708016
822089272
412065321
160595967
1057591348
454735235
274708016
612218003
908264295
220547912
409858608
978856248
229531713
350868508
787952722
440912365
90630555
52320297
74833757
385036671
758825647
368195858
888610739
179955355
751580532
863406637
864320722
845726624
811927334
83780647
186282715
977182124
395152686
307131084
914452734
33498226
790449098
24938379
779417856
128867221
394633067
108595652
220547912
321217652
681917150
411288424
757647798
1044405505
353180418
811927334
401018368
585977015
109796631
128216978
637843555
217524817
312597722
596460121
908264295
1031052821
1009906791
822875261
881628141
56012288
423285373
757595548
1019472831
511726769
126102686
809832301
5225831
625343708
884427302
212001627
639876571
681917150
609006042
663157633
881489639
822875261
1054235924
775077249
1031982084
823657960
467946952
348779408
888810530
