Yes
2 3
1 4
6 5
7 8
10 9
11 12
14 13
15 16
18 17
19 20
22 21
23 24
26 25
27 28
30 29
31 32
34 33
35 36
38 37
39 40
42 41
43 44
46 45
47 48
50 49
51 52
54 53
55 56
58 57
59 60
62 61
63 64
66 65
67 68
70 69
71 72
74 73
75 76
78 77
79 80
82 81
83 84
86 85
87 88
90 89
91 92
94 93
95 96
98 97
99 100
102 101
103 104
106 105
107 108
110 109
111 112
114 113
115 116
118 117
119 120
122 121
123 124
126 125
127 128
130 129
131 132
134 133
135 136
138 137
139 140
142 141
143 144
146 145
147 148
150 149
151 152
154 153
155 156
158 157
159 160
162 161
163 164
166 165
167 168
170 169
171 172
174 173
175 176
178 177
179 180
182 181
183 184
186 185
187 188
190 189
191 192
194 193
195 196
198 197
199 200
202 201
203 204
206 205
207 208
210 209
211 212
214 213
215 216
218 217
219 220
222 221
223 224
226 225
227 228
230 229
231 232
234 233
235 236
238 237
239 240
242 241
243 244
246 245
247 248
250 249
251 252
254 253
255 256
258 257
259 260
262 261
263 264
266 265
267 268
270 269
271 272
274 273
275 276
278 277
279 280
282 281
283 284
286 285
287 288
290 289
291 292
294 293
295 296
298 297
299 300
302 301
303 304
306 305
307 308
310 309
311 312
314 313
315 316
318 317
319 320
322 321
323 324
326 325
327 328
330 329
331 332
334 333
335 336
338 337
339 340
342 341
343 344
346 345
347 348
350 349
351 352
354 353
355 356
358 357
359 360
362 361
363 364
366 365
367 368
370 369
371 372
374 373
375 376
378 377
379 380
382 381
383 384
386 385
387 388
390 389
391 392
394 393
395 396
398 397
399 400
402 401
403 404
406 405
407 408
410 409
411 412
414 413
415 416
418 417
419 420
422 421
423 424
426 425
427 428
430 429
431 432
434 433
435 436
438 437
439 440
442 441
443 444
446 445
447 448
450 449
451 452
454 453
455 456
458 457
459 460
462 461
463 464
466 465
467 468
470 469
471 472
474 473
475 476
478 477
479 480
482 481
483 484
486 485
487 488
490 489
491 492
494 493
495 496
498 497
499 500
502 501
503 504
506 505
507 508
510 509
511 512
514 513
515 516
518 517
519 520
522 521
523 524
526 525
527 528
530 529
531 532
534 533
535 536
538 537
539 540
542 541
543 544
546 545
547 548
550 549
551 552
554 553
555 556
558 557
559 560
562 561
563 564
566 565
567 568
570 569
571 572
574 573
575 576
578 577
579 580
582 581
583 584
586 585
587 588
590 589
591 592
594 593
595 596
598 597
599 600
602 601
603 604
606 605
607 608
610 609
611 612
614 613
615 616
618 617
619 620
622 621
623 624
626 625
627 628
630 629
631 632
634 633
635 636
638 637
639 640
642 641
643 644
646 645
647 648
650 649
651 652
654 653
655 656
658 657
659 660
662 661
663 664
666 665
667 668
670 669
671 672
674 673
675 676
678 677
679 680
682 681
683 684
686 685
687 688
690 689
691 692
694 693
695 696
698 697
699 700
702 701
703 704
706 705
707 708
710 709
711 712
714 713
715 716
718 717
719 720
722 721
723 724
726 725
727 728
730 729
731 732
734 733
735 736
738 737
739 740
742 741
743 744
746 745
747 748
750 749
751 752
754 753
755 756
758 757
759 760
762 761
763 764
766 765
767 768
770 769
771 772
774 773
775 776
778 777
779 780
782 781
783 784
786 785
787 788
790 789
791 792
794 793
795 796
798 797
799 800
802 801
803 804
806 805
807 808
810 809
811 812
814 813
815 816
818 817
819 820
822 821
823 824
826 825
827 828
830 829
831 832
834 833
835 836
838 837
839 840
842 841
843 844
846 845
847 848
850 849
851 852
854 853
855 856
858 857
859 860
862 861
863 864
866 865
867 868
870 869
871 872
874 873
875 876
878 877
879 880
882 881
883 884
886 885
887 888
890 889
891 892
894 893
895 896
898 897
899 900
902 901
903 904
906 905
907 908
910 909
911 912
914 913
915 916
918 917
919 920
922 921
923 924
926 925
927 928
930 929
931 932
934 933
935 936
938 937
939 940
942 941
943 944
946 945
947 948
950 949
951 952
954 953
955 956
958 957
959 960
962 961
963 964
966 965
967 968
970 969
971 972
974 973
975 976
978 977
979 980
982 981
983 984
986 985
987 988
990 989
991 992
994 993
995 1988
996 1987
997 1986
998 1985
999 1984
1000 1983
1001 1982
1002 1981
1003 1980
1004 1979
1005 1978
1006 1977
1007 1976
1008 1975
1009 1974
1010 1973
1011 1972
1012 1971
1013 1970
1014 1969
1015 1968
1016 1967
1017 1966
1018 1965
1019 1964
1020 1963
1021 1962
1022 1961
1023 1960
1024 1959
1025 1958
1026 1957
1027 1956
1028 1955
1029 1954
1030 1953
1031 1952
1032 1951
1033 1950
1034 1949
1035 1948
1036 1947
1037 1946
1038 1945
1039 1944
1040 1943
1041 1942
1042 1941
1043 1940
1044 1939
1045 1938
1046 1937
1047 1936
1048 1935
1049 1934
1050 1933
1051 1932
1052 1931
1053 1930
1054 1929
1055 1928
1056 1927
1057 1926
1058 1925
1059 1924
1060 1923
1061 1922
1062 1921
1063 1920
1064 1919
1065 1918
1066 1917
1067 1916
1068 1915
1069 1914
1070 1913
1071 1912
1072 1911
1073 1910
1074 1909
1075 1908
1076 1907
1077 1906
1078 1905
1079 1904
1080 1903
1081 1902
1082 1901
1083 1900
1084 1899
1085 1898
1086 1897
1087 1896
1088 1895
1089 1894
1090 1893
1091 1892
1092 1891
1093 1890
1094 1889
1095 1888
1096 1887
1097 1886
1098 1885
1099 1884
1100 1883
1101 1882
1102 1881
1103 1880
1104 1879
1105 1878
1106 1877
1107 1876
1108 1875
1109 1874
1110 1873
1111 1872
1112 1871
1113 1870
1114 1869
1115 1868
1116 1867
1117 1866
1118 1865
1119 1864
1120 1863
1121 1862
1122 1861
1123 1860
1124 1859
1125 1858
1126 1857
1127 1856
1128 1855
1129 1854
1130 1853
1131 1852
1132 1851
1133 1850
1134 1849
1135 1848
1136 1847
1137 1846
1138 1845
1139 1844
1140 1843
1141 1842
1142 1841
1143 1840
1144 1839
1145 1838
1146 1837
1147 1836
1148 1835
1149 1834
1150 1833
1151 1832
1152 1831
1153 1830
1154 1829
1155 1828
1156 1827
1157 1826
1158 1825
1159 1824
1160 1823
1161 1822
1162 1821
1163 1820
1164 1819
1165 1818
1166 1817
1167 1816
1168 1815
1169 1814
1170 1813
1171 1812
1172 1811
1173 1810
1174 1809
1175 1808
1176 1807
1177 1806
1178 1805
1179 1804
1180 1803
1181 1802
1182 1801
1183 1800
1184 1799
1185 1798
1186 1797
1187 1796
1188 1795
1189 1794
1190 1793
1191 1792
1192 1791
1193 1790
1194 1789
1195 1788
1196 1787
1197 1786
1198 1785
1199 1784
1200 1783
1201 1782
1202 1781
1203 1780
1204 1779
1205 1778
1206 1777
1207 1776
1208 1775
1209 1774
1210 1773
1211 1772
1212 1771
1213 1770
1214 1769
1215 1768
1216 1767
1217 1766
1218 1765
1219 1764
1220 1763
1221 1762
1222 1761
1223 1760
1224 1759
1225 1758
1226 1757
1227 1756
1228 1755
1229 1754
1230 1753
1231 1752
1232 1751
1233 1750
1234 1749
1235 1748
1236 1747
1237 1746
1238 1745
1239 1744
1240 1743
1241 1742
1242 1741
1243 1740
1244 1739
1245 1738
1246 1737
1247 1736
1248 1735
1249 1734
1250 1733
1251 1732
1252 1731
1253 1730
1254 1729
1255 1728
1256 1727
1257 1726
1258 1725
1259 1724
1260 1723
1261 1722
1262 1721
1263 1720
1264 1719
1265 1718
1266 1717
1267 1716
1268 1715
1269 1714
1270 1713
1271 1712
1272 1711
1273 1710
1274 1709
1275 1708
1276 1707
1277 1706
1278 1705
1279 1704
1280 1703
1281 1702
1282 1701
1283 1700
1284 1699
1285 1698
1286 1697
1287 1696
1288 1695
1289 1694
1290 1693
1291 1692
1292 1691
1293 1690
1294 1689
1295 1688
1296 1687
1297 1686
1298 1685
1299 1684
1300 1683
1301 1682
1302 1681
1303 1680
1304 1679
1305 1678
1306 1677
1307 1676
1308 1675
1309 1674
1310 1673
1311 1672
1312 1671
1313 1670
1314 1669
1315 1668
1316 1667
1317 1666
1318 1665
1319 1664
1320 1663
1321 1662
1322 1661
1323 1660
1324 1659
1325 1658
1326 1657
1327 1656
1328 1655
1329 1654
1330 1653
1331 1652
1332 1651
1333 1650
1334 1649
1335 1648
1336 1647
1337 1646
1338 1645
1339 1644
1340 1643
1341 1642
1342 1641
1343 1640
1344 1639
1345 1638
1346 1637
1347 1636
1348 1635
1349 1634
1350 1633
1351 1632
1352 1631
1353 1630
1354 1629
1355 1628
1356 1627
1357 1626
1358 1625
1359 1624
1360 1623
1361 1622
1362 1621
1363 1620
1364 1619
1365 1618
1366 1617
1367 1616
1368 1615
1369 1614
1370 1613
1371 1612
1372 1611
1373 1610
1374 1609
1375 1608
1376 1607
1377 1606
1378 1605
1379 1604
1380 1603
1381 1602
1382 1601
1383 1600
1384 1599
1385 1598
1386 1597
1387 1596
1388 1595
1389 1594
1390 1593
1391 1592
1392 1591
1393 1590
1394 1589
1395 1588
1396 1587
1397 1586
1398 1585
1399 1584
1400 1583
1401 1582
1402 1581
1403 1580
1404 1579
1405 1578
1406 1577
1407 1576
1408 1575
1409 1574
1410 1573
1411 1572
1412 1571
1413 1570
1414 1569
1415 1568
1416 1567
1417 1566
1418 1565
1419 1564
1420 1563
1421 1562
1422 1561
1423 1560
1424 1559
1425 1558
1426 1557
1427 1556
1428 1555
1429 1554
1430 1553
1431 1552
1432 1551
1433 1550
1434 1549
1435 1548
1436 1547
1437 1546
1438 1545
1439 1544
1440 1543
1441 1542
1442 1541
1443 1540
1444 1539
1445 1538
1446 1537
1447 1536
1448 1535
1449 1534
1450 1533
1451 1532
1452 1531
1453 1530
1454 1529
1455 1528
1456 1527
1457 1526
1458 1525
1459 1524
1460 1523
1461 1522
1462 1521
1463 1520
1464 1519
1465 1518
1466 1517
1467 1516
1468 1515
1469 1514
1470 1513
1471 1512
1472 1511
1473 1510
1474 1509
1475 1508
1476 1507
1477 1506
1478 1505
1479 1504
1480 1503
1481 1502
1482 1501
1483 1500
1484 1499
1485 1498
1486 1497
1487 1496
1488 1495
1489 1494
1490 1493
1491 1492
