Yes
2 3
1 4
6 5
7 8
10 9
11 12
14 13
15 16
18 17
19 20
22 21
23 24
26 25
27 28
30 29
31 32
34 33
35 36
38 37
39 40
42 41
43 44
46 45
47 48
50 49
51 52
54 53
55 56
58 57
59 60
62 61
63 64
66 65
67 68
70 69
71 72
74 73
75 76
78 77
79 80
82 81
83 84
86 85
87 88
90 89
91 92
94 93
95 96
98 97
99 100
102 101
103 104
106 105
107 108
110 109
111 112
114 113
115 116
118 117
119 120
122 121
123 124
126 125
127 128
130 129
131 132
134 133
135 136
138 137
139 140
142 141
143 144
146 145
147 148
150 149
151 152
154 153
155 156
158 157
159 160
162 161
163 164
166 165
167 168
170 169
171 172
174 173
175 176
178 177
179 180
182 181
183 184
186 185
187 188
190 189
191 192
194 193
195 196
198 197
199 200
202 201
203 204
206 205
207 208
210 209
211 212
214 213
215 216
218 217
219 220
222 221
223 224
226 225
227 228
230 229
231 232
234 233
235 236
238 237
239 240
242 241
243 244
246 245
247 248
250 249
251 252
254 253
255 256
258 257
259 260
262 261
263 264
266 265
267 268
270 269
271 272
274 273
275 276
278 277
279 280
282 281
283 284
286 285
287 288
290 289
291 292
294 293
295 296
298 297
299 300
302 301
303 304
306 305
307 308
310 309
311 312
314 313
315 316
318 317
319 320
322 321
323 324
326 325
327 328
330 329
331 332
334 333
335 336
338 337
339 340
342 341
343 344
346 345
347 348
350 349
351 352
354 353
355 356
358 357
359 360
362 361
363 364
366 365
367 368
370 369
371 372
374 373
375 376
378 377
379 380
382 381
383 384
386 385
387 388
390 389
391 392
394 393
395 396
398 397
399 400
402 401
403 404
406 405
407 408
410 409
411 412
414 413
415 416
418 417
419 420
422 421
423 424
426 425
427 428
430 429
431 432
434 433
435 436
438 437
439 440
442 441
443 444
446 445
447 448
450 449
451 452
454 453
455 456
458 457
459 460
462 461
463 464
466 465
467 468
470 469
471 472
474 473
475 476
478 477
479 480
482 481
483 484
486 485
487 488
490 489
491 492
494 493
495 496
498 497
499 500
502 501
503 504
506 505
507 508
510 509
511 512
514 513
515 516
518 517
519 520
522 521
523 524
526 525
527 528
530 529
531 532
534 533
535 536
538 537
539 540
542 541
543 544
546 545
547 548
550 549
551 552
554 553
555 556
558 557
559 560
562 561
563 564
566 565
567 568
570 569
571 572
574 573
575 576
578 577
579 580
582 581
583 584
586 585
587 588
590 589
591 592
594 593
595 596
598 597
599 600
602 601
603 604
606 605
607 608
610 609
611 612
614 613
615 616
618 617
619 620
622 621
623 624
626 625
627 628
630 629
631 632
634 633
635 636
638 637
639 640
642 641
643 644
646 645
647 648
650 649
651 652
654 653
655 656
658 657
659 660
662 661
663 664
666 665
667 668
670 669
671 672
674 673
675 676
678 677
679 680
682 681
683 684
686 685
687 688
690 689
691 692
694 693
695 696
698 697
699 700
702 701
703 704
706 705
707 708
710 709
711 712
714 713
715 716
718 717
719 720
722 721
723 724
726 725
727 728
730 729
731 732
734 733
735 736
738 737
739 740
742 741
743 744
746 745
747 748
750 749
751 752
754 753
755 756
758 757
759 760
762 761
763 764
766 765
767 768
770 769
771 772
774 773
775 776
778 777
779 780
782 781
783 784
786 785
787 788
790 789
791 792
794 793
795 796
798 797
799 800
802 801
803 804
806 805
807 808
810 809
811 812
814 813
815 816
818 817
819 820
822 821
823 824
826 825
827 828
830 829
831 832
834 833
835 836
838 837
839 840
842 841
843 844
846 845
847 848
850 849
851 852
854 853
855 856
858 857
859 860
862 861
863 864
866 865
867 868
870 869
871 872
874 873
875 876
878 877
879 880
882 881
883 884
886 885
887 888
890 889
891 892
894 893
895 896
898 897
899 900
902 901
903 904
906 905
907 908
910 909
911 912
914 913
915 916
918 917
919 920
922 921
923 924
926 925
927 928
930 929
931 932
934 933
935 936
938 937
939 940
942 941
943 944
946 945
947 948
950 949
951 952
954 953
955 956
958 957
959 960
962 961
963 964
966 965
967 968
970 969
971 972
974 973
975 976
978 977
979 980
982 981
983 984
986 985
987 988
990 989
991 992
994 993
995 996
1992 997
1991 998
1990 999
1989 1000
1988 1001
1987 1002
1986 1003
1985 1004
1984 1005
1983 1006
1982 1007
1981 1008
1980 1009
1979 1010
1978 1011
1977 1012
1976 1013
1975 1014
1974 1015
1973 1016
1972 1017
1971 1018
1970 1019
1969 1020
1968 1021
1967 1022
1966 1023
1965 1024
1964 1025
1963 1026
1962 1027
1961 1028
1960 1029
1959 1030
1958 1031
1957 1032
1956 1033
1955 1034
1954 1035
1953 1036
1952 1037
1951 1038
1950 1039
1949 1040
1948 1041
1947 1042
1946 1043
1945 1044
1944 1045
1943 1046
1942 1047
1941 1048
1940 1049
1939 1050
1938 1051
1937 1052
1936 1053
1935 1054
1934 1055
1933 1056
1932 1057
1931 1058
1930 1059
1929 1060
1928 1061
1927 1062
1926 1063
1925 1064
1924 1065
1923 1066
1922 1067
1921 1068
1920 1069
1919 1070
1918 1071
1917 1072
1916 1073
1915 1074
1914 1075
1913 1076
1912 1077
1911 1078
1910 1079
1909 1080
1908 1081
1907 1082
1906 1083
1905 1084
1904 1085
1903 1086
1902 1087
1901 1088
1900 1089
1899 1090
1898 1091
1897 1092
1896 1093
1895 1094
1894 1095
1893 1096
1892 1097
1891 1098
1890 1099
1889 1100
1888 1101
1887 1102
1886 1103
1885 1104
1884 1105
1883 1106
1882 1107
1881 1108
1880 1109
1879 1110
1878 1111
1877 1112
1876 1113
1875 1114
1874 1115
1873 1116
1872 1117
1871 1118
1870 1119
1869 1120
1868 1121
1867 1122
1866 1123
1865 1124
1864 1125
1863 1126
1862 1127
1861 1128
1860 1129
1859 1130
1858 1131
1857 1132
1856 1133
1855 1134
1854 1135
1853 1136
1852 1137
1851 1138
1850 1139
1849 1140
1848 1141
1847 1142
1846 1143
1845 1144
1844 1145
1843 1146
1842 1147
1841 1148
1840 1149
1839 1150
1838 1151
1837 1152
1836 1153
1835 1154
1834 1155
1833 1156
1832 1157
1831 1158
1830 1159
1829 1160
1828 1161
1827 1162
1826 1163
1825 1164
1824 1165
1823 1166
1822 1167
1821 1168
1820 1169
1819 1170
1818 1171
1817 1172
1816 1173
1815 1174
1814 1175
1813 1176
1812 1177
1811 1178
1810 1179
1809 1180
1808 1181
1807 1182
1806 1183
1805 1184
1804 1185
1803 1186
1802 1187
1801 1188
1800 1189
1799 1190
1798 1191
1797 1192
1796 1193
1795 1194
1794 1195
1793 1196
1792 1197
1791 1198
1790 1199
1789 1200
1788 1201
1787 1202
1786 1203
1785 1204
1784 1205
1783 1206
1782 1207
1781 1208
1780 1209
1779 1210
1778 1211
1777 1212
1776 1213
1775 1214
1774 1215
1773 1216
1772 1217
1771 1218
1770 1219
1769 1220
1768 1221
1767 1222
1766 1223
1765 1224
1764 1225
1763 1226
1762 1227
1761 1228
1760 1229
1759 1230
1758 1231
1757 1232
1756 1233
1755 1234
1754 1235
1753 1236
1752 1237
1751 1238
1750 1239
1749 1240
1748 1241
1747 1242
1746 1243
1745 1244
1744 1245
1743 1246
1742 1247
1741 1248
1740 1249
1739 1250
1738 1251
1737 1252
1736 1253
1735 1254
1734 1255
1733 1256
1732 1257
1731 1258
1730 1259
1729 1260
1728 1261
1727 1262
1726 1263
1725 1264
1724 1265
1723 1266
1722 1267
1721 1268
1720 1269
1719 1270
1718 1271
1717 1272
1716 1273
1715 1274
1714 1275
1713 1276
1712 1277
1711 1278
1710 1279
1709 1280
1708 1281
1707 1282
1706 1283
1705 1284
1704 1285
1703 1286
1702 1287
1701 1288
1700 1289
1699 1290
1698 1291
1697 1292
1696 1293
1695 1294
1694 1295
1693 1296
1692 1297
1691 1298
1690 1299
1689 1300
1688 1301
1687 1302
1686 1303
1685 1304
1684 1305
1683 1306
1682 1307
1681 1308
1680 1309
1679 1310
1678 1311
1677 1312
1676 1313
1675 1314
1674 1315
1673 1316
1672 1317
1671 1318
1670 1319
1669 1320
1668 1321
1667 1322
1666 1323
1665 1324
1664 1325
1663 1326
1662 1327
1661 1328
1660 1329
1659 1330
1658 1331
1657 1332
1656 1333
1655 1334
1654 1335
1653 1336
1652 1337
1651 1338
1650 1339
1649 1340
1648 1341
1647 1342
1646 1343
1645 1344
1644 1345
1643 1346
1642 1347
1641 1348
1640 1349
1639 1350
1638 1351
1637 1352
1636 1353
1635 1354
1634 1355
1633 1356
1632 1357
1631 1358
1630 1359
1629 1360
1628 1361
1627 1362
1626 1363
1625 1364
1624 1365
1623 1366
1622 1367
1621 1368
1620 1369
1619 1370
1618 1371
1617 1372
1616 1373
1615 1374
1614 1375
1613 1376
1612 1377
1611 1378
1610 1379
1609 1380
1608 1381
1607 1382
1606 1383
1605 1384
1604 1385
1603 1386
1602 1387
1601 1388
1600 1389
1599 1390
1598 1391
1597 1392
1596 1393
1595 1394
1594 1395
1593 1396
1592 1397
1591 1398
1590 1399
1589 1400
1588 1401
1587 1402
1586 1403
1585 1404
1584 1405
1583 1406
1582 1407
1581 1408
1580 1409
1579 1410
1578 1411
1577 1412
1576 1413
1575 1414
1574 1415
1573 1416
1572 1417
1571 1418
1570 1419
1569 1420
1568 1421
1567 1422
1566 1423
1565 1424
1564 1425
1563 1426
1562 1427
1561 1428
1560 1429
1559 1430
1558 1431
1557 1432
1556 1433
1555 1434
1554 1435
1553 1436
1552 1437
1551 1438
1550 1439
1549 1440
1548 1441
1547 1442
1546 1443
1545 1444
1544 1445
1543 1446
1542 1447
1541 1448
1540 1449
1539 1450
1538 1451
1537 1452
1536 1453
1535 1454
1534 1455
1533 1456
1532 1457
1531 1458
1530 1459
1529 1460
1528 1461
1527 1462
1526 1463
1525 1464
1524 1465
1523 1466
1522 1467
1521 1468
1520 1469
1519 1470
1518 1471
1517 1472
1516 1473
1515 1474
1514 1475
1513 1476
1512 1477
1511 1478
1510 1479
1509 1480
1508 1481
1507 1482
1506 1483
1505 1484
1504 1485
1503 1486
1502 1487
1501 1488
1500 1489
1499 1490
1498 1491
1497 1492
1496 1493
1495 1494
