Yes
2 3
1 4
6 5
7 8
10 9
11 12
14 13
15 16
18 17
19 20
22 21
23 24
26 25
27 28
30 29
31 32
34 33
35 36
38 37
39 40
42 41
43 44
46 45
47 48
50 49
51 52
54 53
55 56
58 57
59 60
62 61
63 64
66 65
67 68
70 69
71 72
74 73
75 76
78 77
79 80
82 81
83 84
86 85
87 88
90 89
91 92
94 93
95 96
98 97
99 100
102 101
103 104
106 105
107 108
110 109
111 112
114 113
115 116
118 117
119 120
122 121
123 124
126 125
127 128
130 129
131 132
134 133
135 136
138 137
139 140
142 141
143 144
146 145
147 148
150 149
151 152
154 153
155 156
158 157
159 160
162 161
163 164
166 165
167 168
170 169
171 172
174 173
175 176
178 177
179 180
182 181
183 184
186 185
187 188
190 189
191 192
194 193
195 196
198 197
199 200
202 201
203 204
206 205
207 208
210 209
211 212
214 213
215 216
218 217
219 220
222 221
223 224
226 225
227 228
230 229
231 232
234 233
235 236
238 237
239 240
242 241
243 244
246 245
247 248
250 249
251 252
254 253
255 256
258 257
259 260
262 261
263 264
266 265
267 268
270 269
271 272
274 273
275 276
278 277
279 280
282 281
283 284
286 285
287 288
290 289
291 292
294 293
295 296
298 297
299 300
302 301
303 304
306 305
307 308
310 309
311 312
314 313
315 316
318 317
319 320
322 321
323 324
326 325
327 328
330 329
331 332
334 333
335 336
338 337
339 340
342 341
343 344
346 345
347 348
350 349
351 352
354 353
355 356
358 357
359 360
362 361
363 364
366 365
367 368
370 369
371 372
374 373
375 376
378 377
379 380
382 381
383 384
386 385
387 388
390 389
391 392
394 393
395 396
398 397
399 400
402 401
403 404
406 405
407 408
410 409
411 412
414 413
415 416
418 417
419 420
422 421
423 424
426 425
427 428
430 429
431 432
434 433
435 436
438 437
439 440
442 441
443 444
446 445
447 448
450 449
451 452
454 453
455 456
458 457
459 460
462 461
463 464
466 465
467 468
470 469
471 472
474 473
475 476
478 477
479 480
482 481
483 484
486 485
487 488
490 489
491 492
494 493
495 496
498 497
499 500
502 501
503 504
506 505
507 508
510 509
511 512
514 513
515 516
518 517
519 520
522 521
523 524
526 525
527 528
530 529
531 532
534 533
535 536
538 537
539 540
542 541
543 544
546 545
547 548
550 549
551 552
554 553
555 556
558 557
559 560
562 561
563 564
566 565
567 568
570 569
571 572
574 573
575 576
578 577
579 580
582 581
583 584
586 585
587 588
590 589
591 592
594 593
595 596
598 597
599 600
602 601
603 604
606 605
607 608
610 609
611 612
614 613
615 616
618 617
619 620
622 621
623 624
626 625
627 628
630 629
631 632
634 633
635 636
638 637
639 640
642 641
643 644
646 645
647 648
650 649
651 652
654 653
655 656
658 657
659 660
662 661
663 664
666 665
667 668
670 669
671 672
674 673
675 676
678 677
679 680
682 681
683 684
686 685
687 688
690 689
691 692
694 693
695 696
698 697
699 700
702 701
703 704
706 705
707 708
710 709
711 712
714 713
715 716
718 717
719 720
722 721
723 724
726 725
727 728
730 729
731 732
734 733
735 736
738 737
739 740
742 741
743 744
746 745
747 748
750 749
751 752
754 753
755 756
758 757
759 760
762 761
763 764
766 765
767 768
770 769
771 772
774 773
775 776
778 777
779 780
782 781
783 784
786 785
787 788
790 789
791 792
794 793
795 796
798 797
799 800
802 801
803 804
806 805
807 808
810 809
811 812
814 813
815 816
818 817
819 820
822 821
823 824
826 825
827 828
830 829
831 832
834 833
835 836
838 837
839 840
842 841
843 844
846 845
847 848
850 849
851 852
854 853
855 856
858 857
859 860
862 861
863 864
866 865
867 868
870 869
871 872
874 873
875 876
878 877
879 880
882 881
883 884
886 885
887 888
890 889
891 892
894 893
895 896
898 897
899 900
902 901
903 904
906 905
907 908
910 909
911 912
914 913
915 916
918 917
919 920
922 921
923 924
926 925
927 928
930 929
931 932
934 933
935 936
938 937
939 940
942 941
943 944
946 945
947 948
950 949
951 952
954 953
955 956
958 957
959 960
962 961
963 964
966 965
967 968
970 969
971 972
974 973
975 976
978 977
979 980
982 981
983 984
986 985
987 988
990 989
991 992
994 993
995 996
998 997
999 1996
1000 1995
1001 1994
1002 1993
1003 1992
1004 1991
1005 1990
1006 1989
1007 1988
1008 1987
1009 1986
1010 1985
1011 1984
1012 1983
1013 1982
1014 1981
1015 1980
1016 1979
1017 1978
1018 1977
1019 1976
1020 1975
1021 1974
1022 1973
1023 1972
1024 1971
1025 1970
1026 1969
1027 1968
1028 1967
1029 1966
1030 1965
1031 1964
1032 1963
1033 1962
1034 1961
1035 1960
1036 1959
1037 1958
1038 1957
1039 1956
1040 1955
1041 1954
1042 1953
1043 1952
1044 1951
1045 1950
1046 1949
1047 1948
1048 1947
1049 1946
1050 1945
1051 1944
1052 1943
1053 1942
1054 1941
1055 1940
1056 1939
1057 1938
1058 1937
1059 1936
1060 1935
1061 1934
1062 1933
1063 1932
1064 1931
1065 1930
1066 1929
1067 1928
1068 1927
1069 1926
1070 1925
1071 1924
1072 1923
1073 1922
1074 1921
1075 1920
1076 1919
1077 1918
1078 1917
1079 1916
1080 1915
1081 1914
1082 1913
1083 1912
1084 1911
1085 1910
1086 1909
1087 1908
1088 1907
1089 1906
1090 1905
1091 1904
1092 1903
1093 1902
1094 1901
1095 1900
1096 1899
1097 1898
1098 1897
1099 1896
1100 1895
1101 1894
1102 1893
1103 1892
1104 1891
1105 1890
1106 1889
1107 1888
1108 1887
1109 1886
1110 1885
1111 1884
1112 1883
1113 1882
1114 1881
1115 1880
1116 1879
1117 1878
1118 1877
1119 1876
1120 1875
1121 1874
1122 1873
1123 1872
1124 1871
1125 1870
1126 1869
1127 1868
1128 1867
1129 1866
1130 1865
1131 1864
1132 1863
1133 1862
1134 1861
1135 1860
1136 1859
1137 1858
1138 1857
1139 1856
1140 1855
1141 1854
1142 1853
1143 1852
1144 1851
1145 1850
1146 1849
1147 1848
1148 1847
1149 1846
1150 1845
1151 1844
1152 1843
1153 1842
1154 1841
1155 1840
1156 1839
1157 1838
1158 1837
1159 1836
1160 1835
1161 1834
1162 1833
1163 1832
1164 1831
1165 1830
1166 1829
1167 1828
1168 1827
1169 1826
1170 1825
1171 1824
1172 1823
1173 1822
1174 1821
1175 1820
1176 1819
1177 1818
1178 1817
1179 1816
1180 1815
1181 1814
1182 1813
1183 1812
1184 1811
1185 1810
1186 1809
1187 1808
1188 1807
1189 1806
1190 1805
1191 1804
1192 1803
1193 1802
1194 1801
1195 1800
1196 1799
1197 1798
1198 1797
1199 1796
1200 1795
1201 1794
1202 1793
1203 1792
1204 1791
1205 1790
1206 1789
1207 1788
1208 1787
1209 1786
1210 1785
1211 1784
1212 1783
1213 1782
1214 1781
1215 1780
1216 1779
1217 1778
1218 1777
1219 1776
1220 1775
1221 1774
1222 1773
1223 1772
1224 1771
1225 1770
1226 1769
1227 1768
1228 1767
1229 1766
1230 1765
1231 1764
1232 1763
1233 1762
1234 1761
1235 1760
1236 1759
1237 1758
1238 1757
1239 1756
1240 1755
1241 1754
1242 1753
1243 1752
1244 1751
1245 1750
1246 1749
1247 1748
1248 1747
1249 1746
1250 1745
1251 1744
1252 1743
1253 1742
1254 1741
1255 1740
1256 1739
1257 1738
1258 1737
1259 1736
1260 1735
1261 1734
1262 1733
1263 1732
1264 1731
1265 1730
1266 1729
1267 1728
1268 1727
1269 1726
1270 1725
1271 1724
1272 1723
1273 1722
1274 1721
1275 1720
1276 1719
1277 1718
1278 1717
1279 1716
1280 1715
1281 1714
1282 1713
1283 1712
1284 1711
1285 1710
1286 1709
1287 1708
1288 1707
1289 1706
1290 1705
1291 1704
1292 1703
1293 1702
1294 1701
1295 1700
1296 1699
1297 1698
1298 1697
1299 1696
1300 1695
1301 1694
1302 1693
1303 1692
1304 1691
1305 1690
1306 1689
1307 1688
1308 1687
1309 1686
1310 1685
1311 1684
1312 1683
1313 1682
1314 1681
1315 1680
1316 1679
1317 1678
1318 1677
1319 1676
1320 1675
1321 1674
1322 1673
1323 1672
1324 1671
1325 1670
1326 1669
1327 1668
1328 1667
1329 1666
1330 1665
1331 1664
1332 1663
1333 1662
1334 1661
1335 1660
1336 1659
1337 1658
1338 1657
1339 1656
1340 1655
1341 1654
1342 1653
1343 1652
1344 1651
1345 1650
1346 1649
1347 1648
1348 1647
1349 1646
1350 1645
1351 1644
1352 1643
1353 1642
1354 1641
1355 1640
1356 1639
1357 1638
1358 1637
1359 1636
1360 1635
1361 1634
1362 1633
1363 1632
1364 1631
1365 1630
1366 1629
1367 1628
1368 1627
1369 1626
1370 1625
1371 1624
1372 1623
1373 1622
1374 1621
1375 1620
1376 1619
1377 1618
1378 1617
1379 1616
1380 1615
1381 1614
1382 1613
1383 1612
1384 1611
1385 1610
1386 1609
1387 1608
1388 1607
1389 1606
1390 1605
1391 1604
1392 1603
1393 1602
1394 1601
1395 1600
1396 1599
1397 1598
1398 1597
1399 1596
1400 1595
1401 1594
1402 1593
1403 1592
1404 1591
1405 1590
1406 1589
1407 1588
1408 1587
1409 1586
1410 1585
1411 1584
1412 1583
1413 1582
1414 1581
1415 1580
1416 1579
1417 1578
1418 1577
1419 1576
1420 1575
1421 1574
1422 1573
1423 1572
1424 1571
1425 1570
1426 1569
1427 1568
1428 1567
1429 1566
1430 1565
1431 1564
1432 1563
1433 1562
1434 1561
1435 1560
1436 1559
1437 1558
1438 1557
1439 1556
1440 1555
1441 1554
1442 1553
1443 1552
1444 1551
1445 1550
1446 1549
1447 1548
1448 1547
1449 1546
1450 1545
1451 1544
1452 1543
1453 1542
1454 1541
1455 1540
1456 1539
1457 1538
1458 1537
1459 1536
1460 1535
1461 1534
1462 1533
1463 1532
1464 1531
1465 1530
1466 1529
1467 1528
1468 1527
1469 1526
1470 1525
1471 1524
1472 1523
1473 1522
1474 1521
1475 1520
1476 1519
1477 1518
1478 1517
1479 1516
1480 1515
1481 1514
1482 1513
1483 1512
1484 1511
1485 1510
1486 1509
1487 1508
1488 1507
1489 1506
1490 1505
1491 1504
1492 1503
1493 1502
1494 1501
1495 1500
1496 1499
1497 1498
