Yes
4 3 2 1
5 1990 1991 1992
6 1989 1994 1993
7 1988 1995 1996
8 1987 1998 1997
9 1986 1999 2000
10 1985 2002 2001
11 1984 2003 2004
12 1983 2006 2005
13 1982 2007 2008
14 1981 2010 2009
15 1980 2011 2012
16 1979 2014 2013
17 1978 2015 2016
18 1977 2018 2017
19 1976 2019 2020
20 1975 2022 2021
21 1974 2023 2024
22 1973 2026 2025
23 1972 2027 2028
24 1971 2030 2029
25 1970 2031 2032
26 1969 2034 2033
27 1968 2035 2036
28 1967 2038 2037
29 1966 2039 2040
30 1965 2042 2041
31 1964 2043 2044
32 1963 2046 2045
33 1962 2047 2048
34 1961 2050 2049
35 1960 2051 2052
36 1959 2054 2053
37 1958 2055 2056
38 1957 2058 2057
39 1956 2059 2060
40 1955 2062 2061
41 1954 2063 2064
42 1953 2066 2065
43 1952 2067 2068
44 1951 2070 2069
45 1950 2071 2072
46 1949 2074 2073
47 1948 2075 2076
48 1947 2078 2077
49 1946 2079 2080
50 1945 2082 2081
51 1944 2083 2084
52 1943 2086 2085
53 1942 2087 2088
54 1941 2090 2089
55 1940 2091 2092
56 1939 2094 2093
57 1938 2095 2096
58 1937 2098 2097
59 1936 2099 2100
60 1935 2102 2101
61 1934 2103 2104
62 1933 2106 2105
63 1932 2107 2108
64 1931 2110 2109
65 1930 2111 2112
66 1929 2114 2113
67 1928 2115 2116
68 1927 2118 2117
69 1926 2119 2120
70 1925 2122 2121
71 1924 2123 2124
72 1923 2126 2125
73 1922 2127 2128
74 1921 2130 2129
75 1920 2131 2132
76 1919 2134 2133
77 1918 2135 2136
78 1917 2138 2137
79 1916 2139 2140
80 1915 2142 2141
81 1914 2143 2144
82 1913 2146 2145
83 1912 2147 2148
84 1911 2150 2149
85 1910 2151 2152
86 1909 2154 2153
87 1908 2155 2156
88 1907 2158 2157
89 1906 2159 2160
90 1905 2162 2161
91 1904 2163 2164
92 1903 2166 2165
93 1902 2167 2168
94 1901 2170 2169
95 1900 2171 2172
96 1899 2174 2173
97 1898 2175 2176
98 1897 2178 2177
99 1896 2179 2180
100 1895 2182 2181
101 1894 2183 2184
102 1893 2186 2185
103 1892 2187 2188
104 1891 2190 2189
105 1890 2191 2192
106 1889 2194 2193
107 1888 2195 2196
108 1887 2198 2197
109 1886 2199 2200
110 1885 2202 2201
111 1884 2203 2204
112 1883 2206 2205
113 1882 2207 2208
114 1881 2210 2209
115 1880 2211 2212
116 1879 2214 2213
117 1878 2215 2216
118 1877 2218 2217
119 1876 2219 2220
120 1875 2222 2221
121 1874 2223 2224
122 1873 2226 2225
123 1872 2227 2228
124 1871 2230 2229
125 1870 2231 2232
126 1869 2234 2233
127 1868 2235 2236
128 1867 2238 2237
129 1866 2239 2240
130 1865 2242 2241
131 1864 2243 2244
132 1863 2246 2245
133 1862 2247 2248
134 1861 2250 2249
135 1860 2251 2252
136 1859 2254 2253
137 1858 2255 2256
138 1857 2258 2257
139 1856 2259 2260
140 1855 2262 2261
141 1854 2263 2264
142 1853 2266 2265
143 1852 2267 2268
144 1851 2270 2269
145 1850 2271 2272
146 1849 2274 2273
147 1848 2275 2276
148 1847 2278 2277
149 1846 2279 2280
150 1845 2282 2281
151 1844 2283 2284
152 1843 2286 2285
153 1842 2287 2288
154 1841 2290 2289
155 1840 2291 2292
156 1839 2294 2293
157 1838 2295 2296
158 1837 2298 2297
159 1836 2299 2300
160 1835 2302 2301
161 1834 2303 2304
162 1833 2306 2305
163 1832 2307 2308
164 1831 2310 2309
165 1830 2311 2312
166 1829 2314 2313
167 1828 2315 2316
168 1827 2318 2317
169 1826 2319 2320
170 1825 2322 2321
171 1824 2323 2324
172 1823 2326 2325
173 1822 2327 2328
174 1821 2330 2329
175 1820 2331 2332
176 1819 2334 2333
177 1818 2335 2336
178 1817 2338 2337
179 1816 2339 2340
180 1815 2342 2341
181 1814 2343 2344
182 1813 2346 2345
183 1812 2347 2348
184 1811 2350 2349
185 1810 2351 2352
186 1809 2354 2353
187 1808 2355 2356
188 1807 2358 2357
189 1806 2359 2360
190 1805 2362 2361
191 1804 2363 2364
192 1803 2366 2365
193 1802 2367 2368
194 1801 2370 2369
195 1800 2371 2372
196 1799 2374 2373
197 1798 2375 2376
198 1797 2378 2377
199 1796 2379 2380
200 1795 2382 2381
201 1794 2383 2384
202 1793 2386 2385
203 1792 2387 2388
204 1791 2390 2389
205 1790 2391 2392
206 1789 2394 2393
207 1788 2395 2396
208 1787 2398 2397
209 1786 2399 2400
210 1785 2402 2401
211 1784 2403 2404
212 1783 2406 2405
213 1782 2407 2408
214 1781 2410 2409
215 1780 2411 2412
216 1779 2414 2413
217 1778 2415 2416
218 1777 2418 2417
219 1776 2419 2420
220 1775 2422 2421
221 1774 2423 2424
222 1773 2426 2425
223 1772 2427 2428
224 1771 2430 2429
225 1770 2431 2432
226 1769 2434 2433
227 1768 2435 2436
228 1767 2438 2437
229 1766 2439 2440
230 1765 2442 2441
231 1764 2443 2444
232 1763 2446 2445
233 1762 2447 2448
234 1761 2450 2449
235 1760 2451 2452
236 1759 2454 2453
237 1758 2455 2456
238 1757 2458 2457
239 1756 2459 2460
240 1755 2462 2461
241 1754 2463 2464
242 1753 2466 2465
243 1752 2467 2468
244 1751 2470 2469
245 1750 2471 2472
246 1749 2474 2473
247 1748 2475 2476
248 1747 2478 2477
249 1746 2479 2480
250 1745 2482 2481
251 1744 2483 2484
252 1743 2486 2485
253 1742 2487 2488
254 1741 2490 2489
255 1740 2491 2492
256 1739 2494 2493
257 1738 2495 2496
258 1737 2498 2497
259 1736 2499 2500
260 1735 2502 2501
261 1734 2503 2504
262 1733 2506 2505
263 1732 2507 2508
264 1731 2510 2509
265 1730 2511 2512
266 1729 2514 2513
267 1728 2515 2516
268 1727 2518 2517
269 1726 2519 2520
270 1725 2522 2521
271 1724 2523 2524
272 1723 2526 2525
273 1722 2527 2528
274 1721 2530 2529
275 1720 2531 2532
276 1719 2534 2533
277 1718 2535 2536
278 1717 2538 2537
279 1716 2539 2540
280 1715 2542 2541
281 1714 2543 2544
282 1713 2546 2545
283 1712 2547 2548
284 1711 2550 2549
285 1710 2551 2552
286 1709 2554 2553
287 1708 2555 2556
288 1707 2558 2557
289 1706 2559 2560
290 1705 2562 2561
291 1704 2563 2564
292 1703 2566 2565
293 1702 2567 2568
294 1701 2570 2569
295 1700 2571 2572
296 1699 2574 2573
297 1698 2575 2576
298 1697 2578 2577
299 1696 2579 2580
300 1695 2582 2581
301 1694 2583 2584
302 1693 2586 2585
303 1692 2587 2588
304 1691 2590 2589
305 1690 2591 2592
306 1689 2594 2593
307 1688 2595 2596
308 1687 2598 2597
309 1686 2599 2600
310 1685 2602 2601
311 1684 2603 2604
312 1683 2606 2605
313 1682 2607 2608
314 1681 2610 2609
315 1680 2611 2612
316 1679 2614 2613
317 1678 2615 2616
318 1677 2618 2617
319 1676 2619 2620
320 1675 2622 2621
321 1674 2623 2624
322 1673 2626 2625
323 1672 2627 2628
324 1671 2630 2629
325 1670 2631 2632
326 1669 2634 2633
327 1668 2635 2636
328 1667 2638 2637
329 1666 2639 2640
330 1665 2642 2641
331 1664 2643 2644
332 1663 2646 2645
333 1662 2647 2648
334 1661 2650 2649
335 1660 2651 2652
336 1659 2654 2653
337 1658 2655 2656
338 1657 2658 2657
339 1656 2659 2660
340 1655 2662 2661
341 1654 2663 2664
342 1653 2666 2665
343 1652 2667 2668
344 1651 2670 2669
345 1650 2671 2672
346 1649 2674 2673
347 1648 2675 2676
348 1647 2678 2677
349 1646 2679 2680
350 1645 2682 2681
351 1644 2683 2684
352 1643 2686 2685
353 1642 2687 2688
354 1641 2690 2689
355 1640 2691 2692
356 1639 2694 2693
357 1638 2695 2696
358 1637 2698 2697
359 1636 2699 2700
360 1635 2702 2701
361 1634 2703 2704
362 1633 2706 2705
363 1632 2707 2708
364 1631 2710 2709
365 1630 2711 2712
366 1629 2714 2713
367 1628 2715 2716
368 1627 2718 2717
369 1626 2719 2720
370 1625 2722 2721
371 1624 2723 2724
372 1623 2726 2725
373 1622 2727 2728
374 1621 2730 2729
375 1620 2731 2732
376 1619 2734 2733
377 1618 2735 2736
378 1617 2738 2737
379 1616 2739 2740
380 1615 2742 2741
381 1614 2743 2744
382 1613 2746 2745
383 1612 2747 2748
384 1611 2750 2749
385 1610 2751 2752
386 1609 2754 2753
387 1608 2755 2756
388 1607 2758 2757
389 1606 2759 2760
390 1605 2762 2761
391 1604 2763 2764
392 1603 2766 2765
393 1602 2767 2768
394 1601 2770 2769
395 1600 2771 2772
396 1599 2774 2773
397 1598 2775 2776
398 1597 2778 2777
399 1596 2779 2780
400 1595 2782 2781
401 1594 2783 2784
402 1593 2786 2785
403 1592 2787 2788
404 1591 2790 2789
405 1590 2791 2792
406 1589 2794 2793
407 1588 2795 2796
408 1587 2798 2797
409 1586 2799 2800
410 1585 2802 2801
411 1584 2803 2804
412 1583 2806 2805
413 1582 2807 2808
414 1581 2810 2809
415 1580 2811 2812
416 1579 2814 2813
417 1578 2815 2816
418 1577 2818 2817
419 1576 2819 2820
420 1575 2822 2821
421 1574 2823 2824
422 1573 2826 2825
423 1572 2827 2828
424 1571 2830 2829
425 1570 2831 2832
426 1569 2834 2833
427 1568 2835 2836
428 1567 2838 2837
429 1566 2839 2840
430 1565 2842 2841
431 1564 2843 2844
432 1563 2846 2845
433 1562 2847 2848
434 1561 2850 2849
435 1560 2851 2852
436 1559 2854 2853
437 1558 2855 2856
438 1557 2858 2857
439 1556 2859 2860
440 1555 2862 2861
441 1554 2863 2864
442 1553 2866 2865
443 1552 2867 2868
444 1551 2870 2869
445 1550 2871 2872
446 1549 2874 2873
447 1548 2875 2876
448 1547 2878 2877
449 1546 2879 2880
450 1545 2882 2881
451 1544 2883 2884
452 1543 2886 2885
453 1542 2887 2888
454 1541 2890 2889
455 1540 2891 2892
456 1539 2894 2893
457 1538 2895 2896
458 1537 2898 2897
459 1536 2899 2900
460 1535 2902 2901
461 1534 2903 2904
462 1533 2906 2905
463 1532 2907 2908
464 1531 2910 2909
465 1530 2911 2912
466 1529 2914 2913
467 1528 2915 2916
468 1527 2918 2917
469 1526 2919 2920
470 1525 2922 2921
471 1524 2923 2924
472 1523 2926 2925
473 1522 2927 2928
474 1521 2930 2929
475 1520 2931 2932
476 1519 2934 2933
477 1518 2935 2936
478 1517 2938 2937
479 1516 2939 2940
480 1515 2942 2941
481 1514 2943 2944
482 1513 2946 2945
483 1512 2947 2948
484 1511 2950 2949
485 1510 2951 2952
486 1509 2954 2953
487 1508 2955 2956
488 1507 2958 2957
489 1506 2959 2960
490 1505 2962 2961
491 1504 2963 2964
492 1503 2966 2965
493 1502 2967 2968
494 1501 2970 2969
495 1500 2971 2972
496 1499 2974 2973
497 1498 2975 2976
498 1497 2978 2977
499 1496 2979 2980
500 1495 2982 2981
501 1494 2983 2984
502 1493 2986 2985
503 1492 2987 2988
504 1491 2990 2989
505 1490 2991 2992
506 1489 2994 2993
507 1488 2995 2996
508 1487 2998 2997
509 1486 2999 3000
510 1485 3002 3001
511 1484 3003 3004
512 1483 3006 3005
513 1482 3007 3008
514 1481 3010 3009
515 1480 3011 3012
516 1479 3014 3013
517 1478 3015 3016
518 1477 3018 3017
519 1476 3019 3020
520 1475 3022 3021
521 1474 3023 3024
522 1473 3026 3025
523 1472 3027 3028
524 1471 3030 3029
525 1470 3031 3032
526 1469 3034 3033
527 1468 3035 3036
528 1467 3038 3037
529 1466 3039 3040
530 1465 3042 3041
531 1464 3043 3044
532 1463 3046 3045
533 1462 3047 3048
534 1461 3050 3049
535 1460 3051 3052
536 1459 3054 3053
537 1458 3055 3056
538 1457 3058 3057
539 1456 3059 3060
540 1455 3062 3061
541 1454 3063 3064
542 1453 3066 3065
543 1452 3067 3068
544 1451 3070 3069
545 1450 3071 3072
546 1449 3074 3073
547 1448 3075 3076
548 1447 3078 3077
549 1446 3079 3080
550 1445 3082 3081
551 1444 3083 3084
552 1443 3086 3085
553 1442 3087 3088
554 1441 3090 3089
555 1440 3091 3092
556 1439 3094 3093
557 1438 3095 3096
558 1437 3098 3097
559 1436 3099 3100
560 1435 3102 3101
561 1434 3103 3104
562 1433 3106 3105
563 1432 3107 3108
564 1431 3110 3109
565 1430 3111 3112
566 1429 3114 3113
567 1428 3115 3116
568 1427 3118 3117
569 1426 3119 3120
570 1425 3122 3121
571 1424 3123 3124
572 1423 3126 3125
573 1422 3127 3128
574 1421 3130 3129
575 1420 3131 3132
576 1419 3134 3133
577 1418 3135 3136
578 1417 3138 3137
579 1416 3139 3140
580 1415 3142 3141
581 1414 3143 3144
582 1413 3146 3145
583 1412 3147 3148
584 1411 3150 3149
585 1410 3151 3152
586 1409 3154 3153
587 1408 3155 3156
588 1407 3158 3157
589 1406 3159 3160
590 1405 3162 3161
591 1404 3163 3164
592 1403 3166 3165
593 1402 3167 3168
594 1401 3170 3169
595 1400 3171 3172
596 1399 3174 3173
597 1398 3175 3176
598 1397 3178 3177
599 1396 3179 3180
600 1395 3182 3181
601 1394 3183 3184
602 1393 3186 3185
603 1392 3187 3188
604 1391 3190 3189
605 1390 3191 3192
606 1389 3194 3193
607 1388 3195 3196
608 1387 3198 3197
609 1386 3199 3200
610 1385 3202 3201
611 1384 3203 3204
612 1383 3206 3205
613 1382 3207 3208
614 1381 3210 3209
615 1380 3211 3212
616 1379 3214 3213
617 1378 3215 3216
618 1377 3218 3217
619 1376 3219 3220
620 1375 3222 3221
621 1374 3223 3224
622 1373 3226 3225
623 1372 3227 3228
624 1371 3230 3229
625 1370 3231 3232
626 1369 3234 3233
627 1368 3235 3236
628 1367 3238 3237
629 1366 3239 3240
630 1365 3242 3241
631 1364 3243 3244
632 1363 3246 3245
633 1362 3247 3248
634 1361 3250 3249
635 1360 3251 3252
636 1359 3254 3253
637 1358 3255 3256
638 1357 3258 3257
639 1356 3259 3260
640 1355 3262 3261
641 1354 3263 3264
642 1353 3266 3265
643 1352 3267 3268
644 1351 3270 3269
645 1350 3271 3272
646 1349 3274 3273
647 1348 3275 3276
648 1347 3278 3277
649 1346 3279 3280
650 1345 3282 3281
651 1344 3283 3284
652 1343 3286 3285
653 1342 3287 3288
654 1341 3290 3289
655 1340 3291 3292
656 1339 3294 3293
657 1338 3295 3296
658 1337 3298 3297
659 1336 3299 3300
660 1335 3302 3301
661 1334 3303 3304
662 1333 3306 3305
663 1332 3307 3308
664 1331 3310 3309
665 1330 3311 3312
666 1329 3314 3313
667 1328 3315 3316
668 1327 3318 3317
669 1326 3319 3320
670 1325 3322 3321
671 1324 3323 3324
672 1323 3326 3325
673 1322 3327 3328
674 1321 3330 3329
675 1320 3331 3332
676 1319 3334 3333
677 1318 3335 3336
678 1317 3338 3337
679 1316 3339 3340
680 1315 3342 3341
681 1314 3343 3344
682 1313 3346 3345
683 1312 3347 3348
684 1311 3350 3349
685 1310 3351 3352
686 1309 3354 3353
687 1308 3355 3356
688 1307 3358 3357
689 1306 3359 3360
690 1305 3362 3361
691 1304 3363 3364
692 1303 3366 3365
693 1302 3367 3368
694 1301 3370 3369
695 1300 3371 3372
696 1299 3374 3373
697 1298 3375 3376
698 1297 3378 3377
699 1296 3379 3380
700 1295 3382 3381
701 1294 3383 3384
702 1293 3386 3385
703 1292 3387 3388
704 1291 3390 3389
705 1290 3391 3392
706 1289 3394 3393
707 1288 3395 3396
708 1287 3398 3397
709 1286 3399 3400
710 1285 3402 3401
711 1284 3403 3404
712 1283 3406 3405
713 1282 3407 3408
714 1281 3410 3409
715 1280 3411 3412
716 1279 3414 3413
717 1278 3415 3416
718 1277 3418 3417
719 1276 3419 3420
720 1275 3422 3421
721 1274 3423 3424
722 1273 3426 3425
723 1272 3427 3428
724 1271 3430 3429
725 1270 3431 3432
726 1269 3434 3433
727 1268 3435 3436
728 1267 3438 3437
729 1266 3439 3440
730 1265 3442 3441
731 1264 3443 3444
732 1263 3446 3445
733 1262 3447 3448
734 1261 3450 3449
735 1260 3451 3452
736 1259 3454 3453
737 1258 3455 3456
738 1257 3458 3457
739 1256 3459 3460
740 1255 3462 3461
741 1254 3463 3464
742 1253 3466 3465
743 1252 3467 3468
744 1251 3470 3469
745 1250 3471 3472
746 1249 3474 3473
747 1248 3475 3476
748 1247 3478 3477
749 1246 3479 3480
750 1245 3482 3481
751 1244 3483 3484
752 1243 3486 3485
753 1242 3487 3488
754 1241 3490 3489
755 1240 3491 3492
756 1239 3494 3493
757 1238 3495 3496
758 1237 3498 3497
759 1236 3499 3500
760 1235 3502 3501
761 1234 3503 3504
762 1233 3506 3505
763 1232 3507 3508
764 1231 3510 3509
765 1230 3511 3512
766 1229 3514 3513
767 1228 3515 3516
768 1227 3518 3517
769 1226 3519 3520
770 1225 3522 3521
771 1224 3523 3524
772 1223 3526 3525
773 1222 3527 3528
774 1221 3530 3529
775 1220 3531 3532
776 1219 3534 3533
777 1218 3535 3536
778 1217 3538 3537
779 1216 3539 3540
780 1215 3542 3541
781 1214 3543 3544
782 1213 3546 3545
783 1212 3547 3548
784 1211 3550 3549
785 1210 3551 3552
786 1209 3554 3553
787 1208 3555 3556
788 1207 3558 3557
789 1206 3559 3560
790 1205 3562 3561
791 1204 3563 3564
792 1203 3566 3565
793 1202 3567 3568
794 1201 3570 3569
795 1200 3571 3572
796 1199 3574 3573
797 1198 3575 3576
798 1197 3578 3577
799 1196 3579 3580
800 1195 3582 3581
801 1194 3583 3584
802 1193 3586 3585
803 1192 3587 3588
804 1191 3590 3589
805 1190 3591 3592
806 1189 3594 3593
807 1188 3595 3596
808 1187 3598 3597
809 1186 3599 3600
810 1185 3602 3601
811 1184 3603 3604
812 1183 3606 3605
813 1182 3607 3608
814 1181 3610 3609
815 1180 3611 3612
816 1179 3614 3613
817 1178 3615 3616
818 1177 3618 3617
819 1176 3619 3620
820 1175 3622 3621
821 1174 3623 3624
822 1173 3626 3625
823 1172 3627 3628
824 1171 3630 3629
825 1170 3631 3632
826 1169 3634 3633
827 1168 3635 3636
828 1167 3638 3637
829 1166 3639 3640
830 1165 3642 3641
831 1164 3643 3644
832 1163 3646 3645
833 1162 3647 3648
834 1161 3650 3649
835 1160 3651 3652
836 1159 3654 3653
837 1158 3655 3656
838 1157 3658 3657
839 1156 3659 3660
840 1155 3662 3661
841 1154 3663 3664
842 1153 3666 3665
843 1152 3667 3668
844 1151 3670 3669
845 1150 3671 3672
846 1149 3674 3673
847 1148 3675 3676
848 1147 3678 3677
849 1146 3679 3680
850 1145 3682 3681
851 1144 3683 3684
852 1143 3686 3685
853 1142 3687 3688
854 1141 3690 3689
855 1140 3691 3692
856 1139 3694 3693
857 1138 3695 3696
858 1137 3698 3697
859 1136 3699 3700
860 1135 3702 3701
861 1134 3703 3704
862 1133 3706 3705
863 1132 3707 3708
864 1131 3710 3709
865 1130 3711 3712
866 1129 3714 3713
867 1128 3715 3716
868 1127 3718 3717
869 1126 3719 3720
870 1125 3722 3721
871 1124 3723 3724
872 1123 3726 3725
873 1122 3727 3728
874 1121 3730 3729
875 1120 3731 3732
876 1119 3734 3733
877 1118 3735 3736
878 1117 3738 3737
879 1116 3739 3740
880 1115 3742 3741
881 1114 3743 3744
882 1113 3746 3745
883 1112 3747 3748
884 1111 3750 3749
885 1110 3751 3752
886 1109 3754 3753
887 1108 3755 3756
888 1107 3758 3757
889 1106 3759 3760
890 1105 3762 3761
891 1104 3763 3764
892 1103 3766 3765
893 1102 3767 3768
894 1101 3770 3769
895 1100 3771 3772
896 1099 3774 3773
897 1098 3775 3776
898 1097 3778 3777
899 1096 3779 3780
900 1095 3782 3781
901 1094 3783 3784
902 1093 3786 3785
903 1092 3787 3788
904 1091 3790 3789
905 1090 3791 3792
906 1089 3794 3793
907 1088 3795 3796
908 1087 3798 3797
909 1086 3799 3800
910 1085 3802 3801
911 1084 3803 3804
912 1083 3806 3805
913 1082 3807 3808
914 1081 3810 3809
915 1080 3811 3812
916 1079 3814 3813
917 1078 3815 3816
918 1077 3818 3817
919 1076 3819 3820
920 1075 3822 3821
921 1074 3823 3824
922 1073 3826 3825
923 1072 3827 3828
924 1071 3830 3829
925 1070 3831 3832
926 1069 3834 3833
927 1068 3835 3836
928 1067 3838 3837
929 1066 3839 3840
930 1065 3842 3841
931 1064 3843 3844
932 1063 3846 3845
933 1062 3847 3848
934 1061 3850 3849
935 1060 3851 3852
936 1059 3854 3853
937 1058 3855 3856
938 1057 3858 3857
939 1056 3859 3860
940 1055 3862 3861
941 1054 3863 3864
942 1053 3866 3865
943 1052 3867 3868
944 1051 3870 3869
945 1050 3871 3872
946 1049 3874 3873
947 1048 3875 3876
948 1047 3878 3877
949 1046 3879 3880
950 1045 3882 3881
951 1044 3883 3884
952 1043 3886 3885
953 1042 3887 3888
954 1041 3890 3889
955 1040 3891 3892
956 1039 3894 3893
957 1038 3895 3896
958 1037 3898 3897
959 1036 3899 3900
960 1035 3902 3901
961 1034 3903 3904
962 1033 3906 3905
963 1032 3907 3908
964 1031 3910 3909
965 1030 3911 3912
966 1029 3914 3913
967 1028 3915 3916
968 1027 3918 3917
969 1026 3919 3920
970 1025 3922 3921
971 1024 3923 3924
972 1023 3926 3925
973 1022 3927 3928
974 1021 3930 3929
975 1020 3931 3932
976 1019 3934 3933
977 1018 3935 3936
978 1017 3938 3937
979 1016 3939 3940
980 1015 3942 3941
981 1014 3943 3944
982 1013 3946 3945
983 1012 3947 3948
984 1011 3950 3949
985 1010 3951 3952
986 1009 3954 3953
987 1008 3955 3956
988 1007 3958 3957
989 1006 3959 3960
990 1005 3962 3961
991 1004 3963 3964
992 1003 3966 3965
993 1002 3967 3968
994 1001 3970 3969
995 1000 3971 3972
996 999 3974 3973
997 998 3975 3976
