Yes
4 3 2 1
5 2002 2003 2004
6 2001 2006 2005
7 2000 2007 2008
8 1999 2010 2009
9 1998 2011 2012
10 1997 2014 2013
11 1996 2015 2016
12 1995 2018 2017
13 1994 2019 2020
14 1993 2022 2021
15 1992 2023 2024
16 1991 2026 2025
17 1990 2027 2028
18 1989 2030 2029
19 1988 2031 2032
20 1987 2034 2033
21 1986 2035 2036
22 1985 2038 2037
23 1984 2039 2040
24 1983 2042 2041
25 1982 2043 2044
26 1981 2046 2045
27 1980 2047 2048
28 1979 2050 2049
29 1978 2051 2052
30 1977 2054 2053
31 1976 2055 2056
32 1975 2058 2057
33 1974 2059 2060
34 1973 2062 2061
35 1972 2063 2064
36 1971 2066 2065
37 1970 2067 2068
38 1969 2070 2069
39 1968 2071 2072
40 1967 2074 2073
41 1966 2075 2076
42 1965 2078 2077
43 1964 2079 2080
44 1963 2082 2081
45 1962 2083 2084
46 1961 2086 2085
47 1960 2087 2088
48 1959 2090 2089
49 1958 2091 2092
50 1957 2094 2093
51 1956 2095 2096
52 1955 2098 2097
53 1954 2099 2100
54 1953 2102 2101
55 1952 2103 2104
56 1951 2106 2105
57 1950 2107 2108
58 1949 2110 2109
59 1948 2111 2112
60 1947 2114 2113
61 1946 2115 2116
62 1945 2118 2117
63 1944 2119 2120
64 1943 2122 2121
65 1942 2123 2124
66 1941 2126 2125
67 1940 2127 2128
68 1939 2130 2129
69 1938 2131 2132
70 1937 2134 2133
71 1936 2135 2136
72 1935 2138 2137
73 1934 2139 2140
74 1933 2142 2141
75 1932 2143 2144
76 1931 2146 2145
77 1930 2147 2148
78 1929 2150 2149
79 1928 2151 2152
80 1927 2154 2153
81 1926 2155 2156
82 1925 2158 2157
83 1924 2159 2160
84 1923 2162 2161
85 1922 2163 2164
86 1921 2166 2165
87 1920 2167 2168
88 1919 2170 2169
89 1918 2171 2172
90 1917 2174 2173
91 1916 2175 2176
92 1915 2178 2177
93 1914 2179 2180
94 1913 2182 2181
95 1912 2183 2184
96 1911 2186 2185
97 1910 2187 2188
98 1909 2190 2189
99 1908 2191 2192
100 1907 2194 2193
101 1906 2195 2196
102 1905 2198 2197
103 1904 2199 2200
104 1903 2202 2201
105 1902 2203 2204
106 1901 2206 2205
107 1900 2207 2208
108 1899 2210 2209
109 1898 2211 2212
110 1897 2214 2213
111 1896 2215 2216
112 1895 2218 2217
113 1894 2219 2220
114 1893 2222 2221
115 1892 2223 2224
116 1891 2226 2225
117 1890 2227 2228
118 1889 2230 2229
119 1888 2231 2232
120 1887 2234 2233
121 1886 2235 2236
122 1885 2238 2237
123 1884 2239 2240
124 1883 2242 2241
125 1882 2243 2244
126 1881 2246 2245
127 1880 2247 2248
128 1879 2250 2249
129 1878 2251 2252
130 1877 2254 2253
131 1876 2255 2256
132 1875 2258 2257
133 1874 2259 2260
134 1873 2262 2261
135 1872 2263 2264
136 1871 2266 2265
137 1870 2267 2268
138 1869 2270 2269
139 1868 2271 2272
140 1867 2274 2273
141 1866 2275 2276
142 1865 2278 2277
143 1864 2279 2280
144 1863 2282 2281
145 1862 2283 2284
146 1861 2286 2285
147 1860 2287 2288
148 1859 2290 2289
149 1858 2291 2292
150 1857 2294 2293
151 1856 2295 2296
152 1855 2298 2297
153 1854 2299 2300
154 1853 2302 2301
155 1852 2303 2304
156 1851 2306 2305
157 1850 2307 2308
158 1849 2310 2309
159 1848 2311 2312
160 1847 2314 2313
161 1846 2315 2316
162 1845 2318 2317
163 1844 2319 2320
164 1843 2322 2321
165 1842 2323 2324
166 1841 2326 2325
167 1840 2327 2328
168 1839 2330 2329
169 1838 2331 2332
170 1837 2334 2333
171 1836 2335 2336
172 1835 2338 2337
173 1834 2339 2340
174 1833 2342 2341
175 1832 2343 2344
176 1831 2346 2345
177 1830 2347 2348
178 1829 2350 2349
179 1828 2351 2352
180 1827 2354 2353
181 1826 2355 2356
182 1825 2358 2357
183 1824 2359 2360
184 1823 2362 2361
185 1822 2363 2364
186 1821 2366 2365
187 1820 2367 2368
188 1819 2370 2369
189 1818 2371 2372
190 1817 2374 2373
191 1816 2375 2376
192 1815 2378 2377
193 1814 2379 2380
194 1813 2382 2381
195 1812 2383 2384
196 1811 2386 2385
197 1810 2387 2388
198 1809 2390 2389
199 1808 2391 2392
200 1807 2394 2393
201 1806 2395 2396
202 1805 2398 2397
203 1804 2399 2400
204 1803 2402 2401
205 1802 2403 2404
206 1801 2406 2405
207 1800 2407 2408
208 1799 2410 2409
209 1798 2411 2412
210 1797 2414 2413
211 1796 2415 2416
212 1795 2418 2417
213 1794 2419 2420
214 1793 2422 2421
215 1792 2423 2424
216 1791 2426 2425
217 1790 2427 2428
218 1789 2430 2429
219 1788 2431 2432
220 1787 2434 2433
221 1786 2435 2436
222 1785 2438 2437
223 1784 2439 2440
224 1783 2442 2441
225 1782 2443 2444
226 1781 2446 2445
227 1780 2447 2448
228 1779 2450 2449
229 1778 2451 2452
230 1777 2454 2453
231 1776 2455 2456
232 1775 2458 2457
233 1774 2459 2460
234 1773 2462 2461
235 1772 2463 2464
236 1771 2466 2465
237 1770 2467 2468
238 1769 2470 2469
239 1768 2471 2472
240 1767 2474 2473
241 1766 2475 2476
242 1765 2478 2477
243 1764 2479 2480
244 1763 2482 2481
245 1762 2483 2484
246 1761 2486 2485
247 1760 2487 2488
248 1759 2490 2489
249 1758 2491 2492
250 1757 2494 2493
251 1756 2495 2496
252 1755 2498 2497
253 1754 2499 2500
254 1753 2502 2501
255 1752 2503 2504
256 1751 2506 2505
257 1750 2507 2508
258 1749 2510 2509
259 1748 2511 2512
260 1747 2514 2513
261 1746 2515 2516
262 1745 2518 2517
263 1744 2519 2520
264 1743 2522 2521
265 1742 2523 2524
266 1741 2526 2525
267 1740 2527 2528
268 1739 2530 2529
269 1738 2531 2532
270 1737 2534 2533
271 1736 2535 2536
272 1735 2538 2537
273 1734 2539 2540
274 1733 2542 2541
275 1732 2543 2544
276 1731 2546 2545
277 1730 2547 2548
278 1729 2550 2549
279 1728 2551 2552
280 1727 2554 2553
281 1726 2555 2556
282 1725 2558 2557
283 1724 2559 2560
284 1723 2562 2561
285 1722 2563 2564
286 1721 2566 2565
287 1720 2567 2568
288 1719 2570 2569
289 1718 2571 2572
290 1717 2574 2573
291 1716 2575 2576
292 1715 2578 2577
293 1714 2579 2580
294 1713 2582 2581
295 1712 2583 2584
296 1711 2586 2585
297 1710 2587 2588
298 1709 2590 2589
299 1708 2591 2592
300 1707 2594 2593
301 1706 2595 2596
302 1705 2598 2597
303 1704 2599 2600
304 1703 2602 2601
305 1702 2603 2604
306 1701 2606 2605
307 1700 2607 2608
308 1699 2610 2609
309 1698 2611 2612
310 1697 2614 2613
311 1696 2615 2616
312 1695 2618 2617
313 1694 2619 2620
314 1693 2622 2621
315 1692 2623 2624
316 1691 2626 2625
317 1690 2627 2628
318 1689 2630 2629
319 1688 2631 2632
320 1687 2634 2633
321 1686 2635 2636
322 1685 2638 2637
323 1684 2639 2640
324 1683 2642 2641
325 1682 2643 2644
326 1681 2646 2645
327 1680 2647 2648
328 1679 2650 2649
329 1678 2651 2652
330 1677 2654 2653
331 1676 2655 2656
332 1675 2658 2657
333 1674 2659 2660
334 1673 2662 2661
335 1672 2663 2664
336 1671 2666 2665
337 1670 2667 2668
338 1669 2670 2669
339 1668 2671 2672
340 1667 2674 2673
341 1666 2675 2676
342 1665 2678 2677
343 1664 2679 2680
344 1663 2682 2681
345 1662 2683 2684
346 1661 2686 2685
347 1660 2687 2688
348 1659 2690 2689
349 1658 2691 2692
350 1657 2694 2693
351 1656 2695 2696
352 1655 2698 2697
353 1654 2699 2700
354 1653 2702 2701
355 1652 2703 2704
356 1651 2706 2705
357 1650 2707 2708
358 1649 2710 2709
359 1648 2711 2712
360 1647 2714 2713
361 1646 2715 2716
362 1645 2718 2717
363 1644 2719 2720
364 1643 2722 2721
365 1642 2723 2724
366 1641 2726 2725
367 1640 2727 2728
368 1639 2730 2729
369 1638 2731 2732
370 1637 2734 2733
371 1636 2735 2736
372 1635 2738 2737
373 1634 2739 2740
374 1633 2742 2741
375 1632 2743 2744
376 1631 2746 2745
377 1630 2747 2748
378 1629 2750 2749
379 1628 2751 2752
380 1627 2754 2753
381 1626 2755 2756
382 1625 2758 2757
383 1624 2759 2760
384 1623 2762 2761
385 1622 2763 2764
386 1621 2766 2765
387 1620 2767 2768
388 1619 2770 2769
389 1618 2771 2772
390 1617 2774 2773
391 1616 2775 2776
392 1615 2778 2777
393 1614 2779 2780
394 1613 2782 2781
395 1612 2783 2784
396 1611 2786 2785
397 1610 2787 2788
398 1609 2790 2789
399 1608 2791 2792
400 1607 2794 2793
401 1606 2795 2796
402 1605 2798 2797
403 1604 2799 2800
404 1603 2802 2801
405 1602 2803 2804
406 1601 2806 2805
407 1600 2807 2808
408 1599 2810 2809
409 1598 2811 2812
410 1597 2814 2813
411 1596 2815 2816
412 1595 2818 2817
413 1594 2819 2820
414 1593 2822 2821
415 1592 2823 2824
416 1591 2826 2825
417 1590 2827 2828
418 1589 2830 2829
419 1588 2831 2832
420 1587 2834 2833
421 1586 2835 2836
422 1585 2838 2837
423 1584 2839 2840
424 1583 2842 2841
425 1582 2843 2844
426 1581 2846 2845
427 1580 2847 2848
428 1579 2850 2849
429 1578 2851 2852
430 1577 2854 2853
431 1576 2855 2856
432 1575 2858 2857
433 1574 2859 2860
434 1573 2862 2861
435 1572 2863 2864
436 1571 2866 2865
437 1570 2867 2868
438 1569 2870 2869
439 1568 2871 2872
440 1567 2874 2873
441 1566 2875 2876
442 1565 2878 2877
443 1564 2879 2880
444 1563 2882 2881
445 1562 2883 2884
446 1561 2886 2885
447 1560 2887 2888
448 1559 2890 2889
449 1558 2891 2892
450 1557 2894 2893
451 1556 2895 2896
452 1555 2898 2897
453 1554 2899 2900
454 1553 2902 2901
455 1552 2903 2904
456 1551 2906 2905
457 1550 2907 2908
458 1549 2910 2909
459 1548 2911 2912
460 1547 2914 2913
461 1546 2915 2916
462 1545 2918 2917
463 1544 2919 2920
464 1543 2922 2921
465 1542 2923 2924
466 1541 2926 2925
467 1540 2927 2928
468 1539 2930 2929
469 1538 2931 2932
470 1537 2934 2933
471 1536 2935 2936
472 1535 2938 2937
473 1534 2939 2940
474 1533 2942 2941
475 1532 2943 2944
476 1531 2946 2945
477 1530 2947 2948
478 1529 2950 2949
479 1528 2951 2952
480 1527 2954 2953
481 1526 2955 2956
482 1525 2958 2957
483 1524 2959 2960
484 1523 2962 2961
485 1522 2963 2964
486 1521 2966 2965
487 1520 2967 2968
488 1519 2970 2969
489 1518 2971 2972
490 1517 2974 2973
491 1516 2975 2976
492 1515 2978 2977
493 1514 2979 2980
494 1513 2982 2981
495 1512 2983 2984
496 1511 2986 2985
497 1510 2987 2988
498 1509 2990 2989
499 1508 2991 2992
500 1507 2994 2993
501 1506 2995 2996
502 1505 2998 2997
503 1504 2999 3000
504 1503 3002 3001
505 1502 3003 3004
506 1501 3006 3005
507 1500 3007 3008
508 1499 3010 3009
509 1498 3011 3012
510 1497 3014 3013
511 1496 3015 3016
512 1495 3018 3017
513 1494 3019 3020
514 1493 3022 3021
515 1492 3023 3024
516 1491 3026 3025
517 1490 3027 3028
518 1489 3030 3029
519 1488 3031 3032
520 1487 3034 3033
521 1486 3035 3036
522 1485 3038 3037
523 1484 3039 3040
524 1483 3042 3041
525 1482 3043 3044
526 1481 3046 3045
527 1480 3047 3048
528 1479 3050 3049
529 1478 3051 3052
530 1477 3054 3053
531 1476 3055 3056
532 1475 3058 3057
533 1474 3059 3060
534 1473 3062 3061
535 1472 3063 3064
536 1471 3066 3065
537 1470 3067 3068
538 1469 3070 3069
539 1468 3071 3072
540 1467 3074 3073
541 1466 3075 3076
542 1465 3078 3077
543 1464 3079 3080
544 1463 3082 3081
545 1462 3083 3084
546 1461 3086 3085
547 1460 3087 3088
548 1459 3090 3089
549 1458 3091 3092
550 1457 3094 3093
551 1456 3095 3096
552 1455 3098 3097
553 1454 3099 3100
554 1453 3102 3101
555 1452 3103 3104
556 1451 3106 3105
557 1450 3107 3108
558 1449 3110 3109
559 1448 3111 3112
560 1447 3114 3113
561 1446 3115 3116
562 1445 3118 3117
563 1444 3119 3120
564 1443 3122 3121
565 1442 3123 3124
566 1441 3126 3125
567 1440 3127 3128
568 1439 3130 3129
569 1438 3131 3132
570 1437 3134 3133
571 1436 3135 3136
572 1435 3138 3137
573 1434 3139 3140
574 1433 3142 3141
575 1432 3143 3144
576 1431 3146 3145
577 1430 3147 3148
578 1429 3150 3149
579 1428 3151 3152
580 1427 3154 3153
581 1426 3155 3156
582 1425 3158 3157
583 1424 3159 3160
584 1423 3162 3161
585 1422 3163 3164
586 1421 3166 3165
587 1420 3167 3168
588 1419 3170 3169
589 1418 3171 3172
590 1417 3174 3173
591 1416 3175 3176
592 1415 3178 3177
593 1414 3179 3180
594 1413 3182 3181
595 1412 3183 3184
596 1411 3186 3185
597 1410 3187 3188
598 1409 3190 3189
599 1408 3191 3192
600 1407 3194 3193
601 1406 3195 3196
602 1405 3198 3197
603 1404 3199 3200
604 1403 3202 3201
605 1402 3203 3204
606 1401 3206 3205
607 1400 3207 3208
608 1399 3210 3209
609 1398 3211 3212
610 1397 3214 3213
611 1396 3215 3216
612 1395 3218 3217
613 1394 3219 3220
614 1393 3222 3221
615 1392 3223 3224
616 1391 3226 3225
617 1390 3227 3228
618 1389 3230 3229
619 1388 3231 3232
620 1387 3234 3233
621 1386 3235 3236
622 1385 3238 3237
623 1384 3239 3240
624 1383 3242 3241
625 1382 3243 3244
626 1381 3246 3245
627 1380 3247 3248
628 1379 3250 3249
629 1378 3251 3252
630 1377 3254 3253
631 1376 3255 3256
632 1375 3258 3257
633 1374 3259 3260
634 1373 3262 3261
635 1372 3263 3264
636 1371 3266 3265
637 1370 3267 3268
638 1369 3270 3269
639 1368 3271 3272
640 1367 3274 3273
641 1366 3275 3276
642 1365 3278 3277
643 1364 3279 3280
644 1363 3282 3281
645 1362 3283 3284
646 1361 3286 3285
647 1360 3287 3288
648 1359 3290 3289
649 1358 3291 3292
650 1357 3294 3293
651 1356 3295 3296
652 1355 3298 3297
653 1354 3299 3300
654 1353 3302 3301
655 1352 3303 3304
656 1351 3306 3305
657 1350 3307 3308
658 1349 3310 3309
659 1348 3311 3312
660 1347 3314 3313
661 1346 3315 3316
662 1345 3318 3317
663 1344 3319 3320
664 1343 3322 3321
665 1342 3323 3324
666 1341 3326 3325
667 1340 3327 3328
668 1339 3330 3329
669 1338 3331 3332
670 1337 3334 3333
671 1336 3335 3336
672 1335 3338 3337
673 1334 3339 3340
674 1333 3342 3341
675 1332 3343 3344
676 1331 3346 3345
677 1330 3347 3348
678 1329 3350 3349
679 1328 3351 3352
680 1327 3354 3353
681 1326 3355 3356
682 1325 3358 3357
683 1324 3359 3360
684 1323 3362 3361
685 1322 3363 3364
686 1321 3366 3365
687 1320 3367 3368
688 1319 3370 3369
689 1318 3371 3372
690 1317 3374 3373
691 1316 3375 3376
692 1315 3378 3377
693 1314 3379 3380
694 1313 3382 3381
695 1312 3383 3384
696 1311 3386 3385
697 1310 3387 3388
698 1309 3390 3389
699 1308 3391 3392
700 1307 3394 3393
701 1306 3395 3396
702 1305 3398 3397
703 1304 3399 3400
704 1303 3402 3401
705 1302 3403 3404
706 1301 3406 3405
707 1300 3407 3408
708 1299 3410 3409
709 1298 3411 3412
710 1297 3414 3413
711 1296 3415 3416
712 1295 3418 3417
713 1294 3419 3420
714 1293 3422 3421
715 1292 3423 3424
716 1291 3426 3425
717 1290 3427 3428
718 1289 3430 3429
719 1288 3431 3432
720 1287 3434 3433
721 1286 3435 3436
722 1285 3438 3437
723 1284 3439 3440
724 1283 3442 3441
725 1282 3443 3444
726 1281 3446 3445
727 1280 3447 3448
728 1279 3450 3449
729 1278 3451 3452
730 1277 3454 3453
731 1276 3455 3456
732 1275 3458 3457
733 1274 3459 3460
734 1273 3462 3461
735 1272 3463 3464
736 1271 3466 3465
737 1270 3467 3468
738 1269 3470 3469
739 1268 3471 3472
740 1267 3474 3473
741 1266 3475 3476
742 1265 3478 3477
743 1264 3479 3480
744 1263 3482 3481
745 1262 3483 3484
746 1261 3486 3485
747 1260 3487 3488
748 1259 3490 3489
749 1258 3491 3492
750 1257 3494 3493
751 1256 3495 3496
752 1255 3498 3497
753 1254 3499 3500
754 1253 3502 3501
755 1252 3503 3504
756 1251 3506 3505
757 1250 3507 3508
758 1249 3510 3509
759 1248 3511 3512
760 1247 3514 3513
761 1246 3515 3516
762 1245 3518 3517
763 1244 3519 3520
764 1243 3522 3521
765 1242 3523 3524
766 1241 3526 3525
767 1240 3527 3528
768 1239 3530 3529
769 1238 3531 3532
770 1237 3534 3533
771 1236 3535 3536
772 1235 3538 3537
773 1234 3539 3540
774 1233 3542 3541
775 1232 3543 3544
776 1231 3546 3545
777 1230 3547 3548
778 1229 3550 3549
779 1228 3551 3552
780 1227 3554 3553
781 1226 3555 3556
782 1225 3558 3557
783 1224 3559 3560
784 1223 3562 3561
785 1222 3563 3564
786 1221 3566 3565
787 1220 3567 3568
788 1219 3570 3569
789 1218 3571 3572
790 1217 3574 3573
791 1216 3575 3576
792 1215 3578 3577
793 1214 3579 3580
794 1213 3582 3581
795 1212 3583 3584
796 1211 3586 3585
797 1210 3587 3588
798 1209 3590 3589
799 1208 3591 3592
800 1207 3594 3593
801 1206 3595 3596
802 1205 3598 3597
803 1204 3599 3600
804 1203 3602 3601
805 1202 3603 3604
806 1201 3606 3605
807 1200 3607 3608
808 1199 3610 3609
809 1198 3611 3612
810 1197 3614 3613
811 1196 3615 3616
812 1195 3618 3617
813 1194 3619 3620
814 1193 3622 3621
815 1192 3623 3624
816 1191 3626 3625
817 1190 3627 3628
818 1189 3630 3629
819 1188 3631 3632
820 1187 3634 3633
821 1186 3635 3636
822 1185 3638 3637
823 1184 3639 3640
824 1183 3642 3641
825 1182 3643 3644
826 1181 3646 3645
827 1180 3647 3648
828 1179 3650 3649
829 1178 3651 3652
830 1177 3654 3653
831 1176 3655 3656
832 1175 3658 3657
833 1174 3659 3660
834 1173 3662 3661
835 1172 3663 3664
836 1171 3666 3665
837 1170 3667 3668
838 1169 3670 3669
839 1168 3671 3672
840 1167 3674 3673
841 1166 3675 3676
842 1165 3678 3677
843 1164 3679 3680
844 1163 3682 3681
845 1162 3683 3684
846 1161 3686 3685
847 1160 3687 3688
848 1159 3690 3689
849 1158 3691 3692
850 1157 3694 3693
851 1156 3695 3696
852 1155 3698 3697
853 1154 3699 3700
854 1153 3702 3701
855 1152 3703 3704
856 1151 3706 3705
857 1150 3707 3708
858 1149 3710 3709
859 1148 3711 3712
860 1147 3714 3713
861 1146 3715 3716
862 1145 3718 3717
863 1144 3719 3720
864 1143 3722 3721
865 1142 3723 3724
866 1141 3726 3725
867 1140 3727 3728
868 1139 3730 3729
869 1138 3731 3732
870 1137 3734 3733
871 1136 3735 3736
872 1135 3738 3737
873 1134 3739 3740
874 1133 3742 3741
875 1132 3743 3744
876 1131 3746 3745
877 1130 3747 3748
878 1129 3750 3749
879 1128 3751 3752
880 1127 3754 3753
881 1126 3755 3756
882 1125 3758 3757
883 1124 3759 3760
884 1123 3762 3761
885 1122 3763 3764
886 1121 3766 3765
887 1120 3767 3768
888 1119 3770 3769
889 1118 3771 3772
890 1117 3774 3773
891 1116 3775 3776
892 1115 3778 3777
893 1114 3779 3780
894 1113 3782 3781
895 1112 3783 3784
896 1111 3786 3785
897 1110 3787 3788
898 1109 3790 3789
899 1108 3791 3792
900 1107 3794 3793
901 1106 3795 3796
902 1105 3798 3797
903 1104 3799 3800
904 1103 3802 3801
905 1102 3803 3804
906 1101 3806 3805
907 1100 3807 3808
908 1099 3810 3809
909 1098 3811 3812
910 1097 3814 3813
911 1096 3815 3816
912 1095 3818 3817
913 1094 3819 3820
914 1093 3822 3821
915 1092 3823 3824
916 1091 3826 3825
917 1090 3827 3828
918 1089 3830 3829
919 1088 3831 3832
920 1087 3834 3833
921 1086 3835 3836
922 1085 3838 3837
923 1084 3839 3840
924 1083 3842 3841
925 1082 3843 3844
926 1081 3846 3845
927 1080 3847 3848
928 1079 3850 3849
929 1078 3851 3852
930 1077 3854 3853
931 1076 3855 3856
932 1075 3858 3857
933 1074 3859 3860
934 1073 3862 3861
935 1072 3863 3864
936 1071 3866 3865
937 1070 3867 3868
938 1069 3870 3869
939 1068 3871 3872
940 1067 3874 3873
941 1066 3875 3876
942 1065 3878 3877
943 1064 3879 3880
944 1063 3882 3881
945 1062 3883 3884
946 1061 3886 3885
947 1060 3887 3888
948 1059 3890 3889
949 1058 3891 3892
950 1057 3894 3893
951 1056 3895 3896
952 1055 3898 3897
953 1054 3899 3900
954 1053 3902 3901
955 1052 3903 3904
956 1051 3906 3905
957 1050 3907 3908
958 1049 3910 3909
959 1048 3911 3912
960 1047 3914 3913
961 1046 3915 3916
962 1045 3918 3917
963 1044 3919 3920
964 1043 3922 3921
965 1042 3923 3924
966 1041 3926 3925
967 1040 3927 3928
968 1039 3930 3929
969 1038 3931 3932
970 1037 3934 3933
971 1036 3935 3936
972 1035 3938 3937
973 1034 3939 3940
974 1033 3942 3941
975 1032 3943 3944
976 1031 3946 3945
977 1030 3947 3948
978 1029 3950 3949
979 1028 3951 3952
980 1027 3954 3953
981 1026 3955 3956
982 1025 3958 3957
983 1024 3959 3960
984 1023 3962 3961
985 1022 3963 3964
986 1021 3966 3965
987 1020 3967 3968
988 1019 3970 3969
989 1018 3971 3972
990 1017 3974 3973
991 1016 3975 3976
992 1015 3978 3977
993 1014 3979 3980
994 1013 3982 3981
995 1012 3983 3984
996 1011 3986 3985
997 1010 3987 3988
998 1009 3990 3989
999 1008 3991 3992
1000 1007 3994 3993
1001 1006 3995 3996
1002 1005 3998 3997
1003 1004 3999 4000
