30131
30684
10609
31936
32571
33132
11449
11664
35043
35772
36411
12544
37803
12996
39123
39728
40491
13924
41867
42624
14641
44092
44811
15376
107535
15876
16129
16384
16641
149508
17161
17424
17689
17956
54027
54784
55539
19044
19321
58128
19881
20164
60643
20736
186425
63132
21609
64976
65843
111060
22801
23104
69435
23716
71331
72240
73083
24964
74979
76032
25921
26244
26569
79920
80883
27556
27889
28224
141021
256740
29241
29584
88923
89868
151445
30976
31329
94108
32041
96336
97491
98476
99627
33856
304265
34596
103939
35344
35721
107388
36481
36864
110699
111820
338337
38416
115539
39204
39601
198080
40401
121468
122507
123792
374049
42436
42849
128768
43681
131292
44521
133680
45369
45796
137643
46656
47089
141372
142659
144144
435137
146748
49729
50176
250965
152220
51529
51984
156203
157596
53361
160192
161619
163116
164547
55696
56169
168700
57121
171648
172931
58564
59049
177488
178899
180396
181811
61504
62001
433820
63001
63504
64009
64516
580185
65536
197003
66564
199955
603216
202923
68644
69169
69696
626801
70756
212451
71824
215771
217404
73441
220544
222243
223692
375485
76176
228723
77284
77841
233856
235323
79524
80089
80656
242307
243980
245763
82944
414509
751300
252411
254160
256139
86436
259659
261376
88209
264892
266731
447120
90601
91204
274011
92416
831009
279324
94249
94864
95481
286812
96721
290496
292563
294060
296163
99856
299939
301644
303523
305664
103041
103684
311315
104976
1573079
106276
318987
321216
108241
325116
109561
110224
331011
111556
335067
112896
338859
567652
343251
1033680
116281
116964
117649
118336
355419
357420
120409
361392
363491
609140
367875
123904
371843
125316
376371
378320
380499
128164
128881
387072
130321
391548
131769
395696
1191945
400188
134689
135424
406755
1224580
410907
138384
415283
417692
978855
141376
1271297
142884
143641
431376
145161
145924
146689
147456
442827
444892
149769
449456
451851
1361124
456619
153664
154449
463932
466179
156816
470619
158404
159201
796160
480651
161604
485243
487760
490131
492268
494923
497280
499803
1504548
504459
169744
170569
171396
514683
517120
173889
174724
175561
527184
529931
178084
178929
537024
2694527
181476
545027
183184
550011
552636
185761
186624
560259
188356
1694625
567888
190969
573084
192721
578688
194481
1749412
196249
589200
1773257
198916
597147
200704
602283
1008180
608091
610896
205209
206116
1854153
207936
624179
627052
629667
632592
635003
213444
214369
643328
646443
648972
218089
654768
219961
660444
662931
222784
223729
224676
1123565
677264
679995
228484
229441
688896
2072737
694348
233289
234256
2107601
236196
237169
712192
239121
717948
241081
723888
2177257
729676
732699
246016
247009
248004
249001
1742640
251001
252004
253009
254016
2284905
256036
1279893
258064
774531
2330820
780507
262144
263169
790300
793203
266256
267289
802396
805491
2423232
811451
814572
273529
274576
1373085
276676
830459
278784
279841
2517652
281961
283024
2546249
852636
856107
287296
288369
865708
290521
872208
875003
293764
882171
884992
2662521
891660
299209
897840
901683
1507220
907763
304704
305809
917820
2760945
309136
927963
311364
934691
938112
941259
944412
316969
318096
2861529
320356
321489
322624
968283
971964
326041
978736
328329
985740
1647605
331776
996299
1664228
1002579
3016400
337561
1012908
1016499
1019904
3068361
1027372
344569
345744
346921
1041468
1045179
1048448
1051619
352836
3174465
1062608
356409
1069868
358801
1794240
1080443
362404
363609
364816
1095171
1098876
368449
369664
1109283
3336468
1116955
1120464
1124723
376996
3391497
379456
1139219
381924
383161
1150224
385641
386884
1161083
1165056
3502977
1172940
393129
1179696
3547953
1187676
398161
399424
400689
1202812
1206627
1210032
1214171
1217612
408321
1225728
1229411
412164
413449
414736
1244979
1248604
418609
419904
421201
6314908
423801
425104
1275683
1279548
1283931
1287936
1291275
432964
434281
1303632
1307211
438244
3942825
440896
1323483
1327356
1330987
446224
447561
1343484
1347643
451584
1355043
1359132
2271645
2277744
1372083
1376028
1379315
4148160
463761
465124
466489
467856
4209729
470596
1412547
473344
4258353
1424988
477481
1433136
480249
481636
1445739
1449408
4358057
1457788
1462059
2443280
1470563
1474956
1479131
495616
1487691
1491340
1496243
501264
1504371
1508892
505521
1517056
508369
1525692
4586769
512656
514089
515524
516961
1551744
519841
521284
1564251
1569360
7859031
527076
528529
1586368
531441
4781940
1599299
1604112
1608539
538756
1617147
541696
543169
1630476
546121
4913360
1643595
1647660
552049
553536
4980017
1665340
558009
1674640
561001
3926460
564001
565504
567009
5100916
1706451
571536
1714899
574564
576081
1729152
1734171
580644
1742307
583696
5251905
586756
1761091
589824
1769763
1775004
1779891
1783760
1788819
599076
2995685
1802176
1807323
1811628
1816875
5460048
609961
1830524
1834947
614656
5530553
617796
619369
1859280
622521
1868508
1873515
627264
5643945
1886892
5672553
633616
1901123
636804
1911067
3192320
1920555
1926108
1929939
646416
1940211
1944940
1949811
1954816
1959291
1964412
657721
1973552
660969
1983740
1988763
1993344
667489
2003292
2008251
6034896
2017611
2022444
677329
678976
3395205
682276
683929
685584
2057051
2062716
2067291
2072576
2077355
695556
2087667
698896
700569
702244
703921
2112768
3528245
2123308
2127267
712336
10681127
715716
717409
2152704
720801
10807804
2168371
725904
2178699
2184028
2188971
732736
2199123
2204268
737881
2214672
2219931
743044
744769
746496
6716321
2245452
3749157
753424
755161
6795300
2271635
2276352
2281491
763876
5346495
2297232
2302779
770884
2313699
2318976
2323811
777924
779689
7015376
2345427
784996
786769
2361216
790321
7110964
793881
795664
797449
2393148
2398779
802816
2409411
2414172
2419643
4041360
7287897
2436588
815409
2447616
7352849
820836
822649
824464
2474595
7434756
829921
831744
833569
2501452
7516377
2512688
840889
2523420
844561
2534784
848241
2545132
2551243
853776
12802119
857476
859329
2578432
2584931
2590236
866761
2600880
870489
872356
7849545
2623680
2629403
879844
2641131
2646288
2651163
2656908
2663331
891136
2674539
894916
896809
898704
8085553
4503380
2708619
2713984
2719259
2725164
2731491
913936
2742267
917764
2753667
2760192
923521
8309972
927369
2782640
8361753
933156
935089
937024
2811867
8449252
942841
944784
946729
948676
14225487
2853248
2858819
956484
2870131
2876496
2881683
964324
966289
2900160
8711945
8729396
974169
2923568
978121
2935548
982081
984064
986049
988036
2965299
992016
2976843
996004
2989035
6985280
3001075
1004004
3012835
1008016
3025251
1012036
3036675
1016064
3048651
9160260
3060819
1024144
3074283
5130276
9252425
1032256
3098331
3103548
1038361
9343440
3121571
3127740
1046529
1048576
15723663
1052676
3159131
3165776
1058841
3177756
1062961
1065024
3196443
1069156
3208707
3214736
9657161
3227148
1079521
9713664
1083681
3251548
3258227
3264048
3271059
1094116
3282891
1098304
3295931
5502420
1104601
1106704
3321243
3327292
3334011
1115136
1117249
1119364
3358491
10091504
3371243
1127844
1129969
1132096
3397563
10206100
3409483
3416208
3422243
3429564
3435579
1149184
10339233
1153476
5767805
3468080
1159929
1162084
3487411
3494016
1168561
3506092
1172889
1175056
3526467
3533436
1181569
3545600
1185921
10671492
1190281
3572016
3579083
1196836
10769985
3597504
3604179
3611772
3617355
6039440
1212201
3637132
1216609
1218816
32895851
1223236
3671163
3677136
3684683
11066340
3697771
1236544
3710259
3717420
3724323
1245456
3737763
3744268
3750171
3757824
1256641
3770844
1261129
3783888
8842815
1267876
1270129
1272384
3818291
11469108
11488857
1281424
1283689
1285956
3859227
1290496
1292769
3879132
3886067
3893328
1301881
1304164
1306449
3920576
11775761
1313316
3941123
3948336
1320201
6601460
1324801
1327104
3982019
3990172
3996531
6669296
12024593
4016604
4024523
12088000
1347921
1350244
1352569
4058160
12191553
4072332
4079331
4086144
1366561
12296772
1371241
4115120
4121715
1378276
6891845
1382976
1385329
1387684
1390041
4171536
4178403
4186044
6984957
4199680
4206987
4213132
1408969
1411344
12698249
12721380
4248819
4256512
4263003
1425636
4278339
4285360
1432809
1435204
4306203
7188480
4322211
4328092
4336371
1449616
13044185
1454436
4364299
1459264
4379091
4386492
4393515
4401168
4408379
1473796
4422843
1478656
4436483
4443852
4451259
13370736
4466451
4473836
1495729
4488192
7491365
4504060
4510467
1507984
4525883
13591044
1515361
1517824
4553955
4562572
13702401
1527696
4583763
1532644
1535121
4606848
13835017
1542564
4629603
1547536
4644099
4650940
4658147
4666368
4672971
14037204
1565001
4697136
1570009
1572516
4719051
4725696
1580049
14217444
1585081
4756752
14284665
1592644
4780131
1597696
4794603
1602756
4810323
4817360
1610361
4832604
4840371
4847040
1620529
4862956
24339831
4877488
4885059
1633284
1635841
4909056
4917003
4924108
1646089
1648656
14834865
1653796
4962771
1658944
4977683
4986108
1666681
5001104
1671849
1674436
15066905
1679616
5041163
1684804
5055579
25304816
5072403
1695204
1697809
1700416
15302025
5109820
1708249
5125392
5133667
5142012
1718721
5157888
15489665
5172444
5181363
1731856
1734489
1737124
1739761
5220864
5228603
5235948
1750329
1752976
26287887
15797892
1760929
1763584
1766241
5300316
1771561
5316048
1776889
5331308
16013121
1784896
1787569
1790244
5372171
5380368
5388003
5396732
5403995
1806336
16253657
5427660
5435667
5443920
1819801
9099540
5468267
9125248
5485491
5494140
5501571
5510160
1841449
5524876
1846881
16619520
5549763
1855044
5565787
1860496
16741809
1865956
1868689
1871424
9356317
16865508
5631819
1882384
5649339
5656908
13214135
1893376
5681259
17061684
5698707
5706576
5713683
1909924
5730387
5739456
17235953
1920996
5763555
1926544
1929321
5789628
5797795
5805312
1940449
17460676
5831379
5838800
1951609
5855724
1957201
9786560
1962801
5889532
5898787
5906736
17738753
5923516
1979649
1982464
5949611
5957532
5965459
5973296
5981931
5991580
5999883
2005056
18041737
6024828
2013561
6042384
6049883
2022084
2024929
6075776
10139445
2033476
2036329
6110160
6119123
18375588
6135507
2050624
6152883
2056356
18503793
2062096
2064969
2067844
2070721
6213888
2076481
2079364
18711705
2085136
31270383
6264876
2093809
6283776
2099601
31486812
2105401
2108304
6326979
2114116
19024953
6352640
2122849
2125764
2128681
19156080
2134521
6404764
2140369
6423168
19286001
6440812
2152089
2155024
19392641
6475644
2163841
2166784
2169729
2172676
10863965
6528816
2181529
2184484
19656417
19683520
6571731
6581676
2199289
6598704
6608547
2208196
2211169
2214144
6643331
19950484
2223081
6669776
6679443
2232036
20085417
6706304
2241009
2244004
2247001
15727920
2253001
2256004
2259009
2262016
6787851
2268036
6804699
20435120
2277081
6833052
2283121
2286144
20571953
6868092
20626065
2298256
20681921
2304324
2307361
6923904
11551149
6943068
2319529
2322576
34831103
6977628
6987051
2334784
2337841
21037860
2343961
2347024
7041699
7051916
7061307
2359296
21229737
7087692
2368521
7107408
2374681
7126428
2380849
7143424
7153659
7162812
21507857
2396304
7189563
11997620
2405601
7217408
7227563
7237020
7246611
7254960
7264971
7274796
2430481
21871296
2436721
2439844
7320291
7330192
22011329
7348428
2455489
2458624
2461761
22153156
2468041
2471184
7415243
2477476
12388005
7444224
2486929
2490084
2493241
7481616
7490499
7501116
2505889
2509056
22577537
22607172
2518569
7556400
2524921
22721556
7585931
2534464
2537649
7613500
22865425
2547216
7642659
7652540
22979553
12784640
7682891
7690716
7700987
7711440
7720371
7728732
2582449
2585664
7759323
7768572
2595321
7787696
7796259
7807116
23442105
7826816
2614689
7845468
2621161
7865424
7874123
2630884
7893267
7903168
55372421
2643876
2647129
7943056
7953795
7962876
7971747
7981824
2666689
2669956
24026913
8021328
8031723
8041068
8050603
24172992
2692881
8079468
8089419
8098992
8110179
2709316
8130267
2715904
24438593
13596660
8169275
2729104
8188107
2735716
8209131
2742336
8227739
8237548
2752281
8258832
2758921
8277948
2765569
8298496
24916185
8318044
2778889
2782224
8347251
8358684
8368371
2795584
2798929
2802276
14012045
2808976
8428731
2815684
8447739
8459136
14111981
14129300
8488755
8500400
25519577
8518428
8528723
2849344
2852721
42783004
8569475
2862864
8589243
2869636
25822737
8620032
8631459
2883204
2886601
43290608
2893401
8681948
8692243
2903616
8712891
8723052
8732547
8743952
8752923
8764092
8773123
2930944
2934369
8804940
8815443
8825520
26497681
2951524
2954961
8866944
8876091
8887788
2968729
2972176
14861565
2979076
8938083
2985984
8959811
26900692
8981619
8990640
9000083
15015204
9022347
3013696
9042075
3020644
9063715
27214800
9086051
9095116
3038049
9115008
27370553
9135756
3052009
3055504
9167499
21411740
9188939
9198720
9210939
9220332
27685233
3083536
3087049
9263244
3094081
9284352
3101121
9304588
9316251
3111696
28002737
3118756
3122289
28096960
28126697
9390204
3136441
3139984
9422595
3147076
15736085
9453696
9463139
3161284
9484539
28479728
28510377
3175524
3179089
3182656
28640745
3189796
3193369
9581712
9592931
9603708
3207681
3211264
3214849
9646476
9657459
9666768
3229209
9688492
9701195
16182720
9721491
29188212
9742947
9754800
9765411
3261636
9786851
9798528
3272481
29448148
3279721
3283344
9851891
3290596
9873963
3297856
3301489
9906876
9916867
29775312
3316041
3319684
3323329
3326976
49895447
3334276
10003707
10015280
3345241
30102804
3352561
10059712
10070643
3363556
10092867
10103184
3374569
3378244
10138011
10147968
3389281
3392964
10179611
10190768
30598641
10214060
3411409
3415104
3418801
51272988
10270059
3429904
30864577
3437316
30932657
10323968
3448449
10348108
17259781
10369872
10382283
3467044
3470769
10413504
31267697
3481956
3485689
3489424
10469571
31435140
3500641
10503936
10515779
10526620
31602681
3519376
10558859
10572588
3530641
10594176
3538161
10615212
10627883
10638000
95813483
10662156
32008473
3564544
10694283
10707228
10718963
3579664
3583449
3587236
10763979
3594816
3598609
32381924
3606201
18031760
10831931
10843644
10854723
10865792
10877931
10887772
3636649
10911024
3644281
10935132
10946355
3655744
10968819
10979628
10992483
3671056
3674889
11025420
11038715
11049984
33173057
3694084
11084091
33277936
18509645
3709476
11130963
11141056
3721041
33485556
3728761
3732624
11198723
3740356
11223387
3748096
33729273
11257500
11268915
33834704
3767481
3771364
11315027
3779136
34008297
3786916
3790809
3794704
11385371
56969724
3806401
11421952
3814209
11444812
34359585
3825936
3829849
11490908
11502411
11515392
34568849
11537532
11550443
3857296
11574243
3865156
11596347
11609856
3876961
34887940
11643507
34958320
11667539
3896676
19484165
11704000
3908529
3912484
3916441
11751696
3924361
3928324
11786211
3936256
35423265
3944196
3948169
3952144
35565201
11870748
11883531
3968064
11905203
11917740
11930499
3984016
11954883
11966076
3996001
27970560
12000963
12014156
4012009
4016016
36139505
12061724
4028049
4032064
12098835
12110652
4044121
4048144
12147267
12157644
36501849
4064256
12194283
12205788
12217851
36682320
4084441
12254364
20440973
4096576
20483685
12305580
4108729
20542512
12341723
37048900
12366171
4129024
4133089
12402396
37229665
12425040
12436683
4153444
4157521
37414080
37449025
12497788
4173849
12522384
37596321
4186116
12559771
4194304
4198401
62966076
12609947
4210704
12632819
12646636
37967337
12672256
12683099
4235364
12707083
12720912
12733083
4251844
4255969
4260096
12782763
12795420
38409993
4276624
12831411
12844764
12855723
12869248
4297329
38670964
21508205
12918960
4313929
4318084
4322241
38896128
12980003
4334724
4338889
13017680
13031667
13043548
4355569
13067712
13081043
13094268
39307857
4376464
13131643
13143036
13157019
4393216
13180995
13194268
4405801
22029840
4414201
4418404
13256907
4426816
39836649
13295340
4439449
13320080
13333155
13346172
4456321
4460544
13385603
4468996
13409523
4477456
40293657
13445868
13460051
40407808
13486011
13496812
13509859
4511376
94721485
4519876
13561371
4528384
13586283
13600476
4541161
40866608
4549689
13649900
40980513
13676160
13690139
13701052
4575321
13728528
13741443
13753404
4592449
4596736
41366457
41402388
13819251
4613904
4618201
23091860
4626801
13882816
13895603
4639716
13921731
4648336
4652649
13960268
13972667
13986432
13997643
4674244
4678569
14036528
42140753
4691556
14077899
4700224
14101875
14116284
14129035
14143248
42452025
4726276
70883343
14193664
4739329
4743684
4748041
42728784
4756761
4761124
14285611
14298816
14312187
14326060
4782969
4787344
4791721
43122420
14392035
14402304
14416395
14428812
14443539
14457168
33753023
14481516
14496819
24178880
4844401
4848804
4853209
14560688
14575491
4866436
4870849
4875264
4879681
131727052
4888521
4892944
14682539
14695020
14708043
14720256
4915089
14748652
14761187
44310480
14786171
14801468
14814243
4946176
74181015
14853132
14867059
14880816
4968441
14907996
14919571
4981824
14946547
14961660
44911401
14988080
15000483
15013308
5013121
15042048
5022081
5026564
5031049
15094992
45316665
5044516
5049009
15148032
45477273
35404380
5067001
5071504
5076009
5080516
45719289
5089536
45802305
15284428
5103081
45922416
15324659
46002612
15350859
5125696
15379803
5134756
5139289
5143824
15434331
15447804
15459579
5161984
15488003
5171076
77555303
15528528
5184729
15556060
15569139
15584256
15596051
5207524
15626691
5216656
46944425
5225796
5230369
15693568
15705963
47149972
15733403
5253264
15760883
15775900
47357865
15804096
15815643
5280804
5285401
26427920
15872475
5299204
5303809
5308416
47772089
15940492
15953787
15970640
15982251
15997212
5340721
26701952
16039611
48144868
16066563
16078992
5368489
16108732
16121979
48396800
5387041
5391684
16178131
5400976
27005805
5410276
16233331
16245696
48769905
48813156
16289091
16302000
16315643
16329996
16345467
16357632
16373763
5466244
5470921
49233744
16427763
5484964
5489649
16471744
16485819
16499004
5508409
5513104
16540443
27589940
5527201
5531904
49783129
5541316
49867809
5550736
16653803
5560164
16681707
16697472
5574321
16725372
16739075
16754832
16768323
27964804
5602689
16810496
5612161
16839324
5621641
16865840
16882803
5635876
39449415
5645376
16937019
50843476
50889681
50932560
16997691
17008524
5678689
17038208
51147009
17065500
5697769
5702544
17109011
17124828
17137131
17153216
17168499
5731236
17196579
5740816
17224419
17238012
5755201
28776960
5764801
17298828
17310483
17325008
156011035
17355996
17367667
5798464
17396379
52224820
5812921
5817744
5822569
17469692
17485083
5837056
17514563
17528268
17543355
17557584
17571915
17586156
5870929
17616000
88124319
17644972
17658531
5895184
5900041
17703036
53139097
5914624
5919489
17759500
17775987
17788848
17805099
17818284
5948721
53532672
17863131
17877948
17891363
17907376
17922339
5982916
5987809
17965440
5997601
29988980
6007401
18026576
6017209
18054108
18069291
6031936
18098451
18114412
6046681
54414288
6056521
6061444
18185571
6071296
163896235
18229644
6086089
18261680
6095961
54858852
18303635
6110784
18333659
18348540
30604365
6130576
18392579
6140484
18423995
18439296
6155361
55391492
18483643
6170256
18513747
18529500
18541491
6190144
6195121
18588348
18601707
18616976
18631971
18646348
18663099
18677760
6235009
18705948
18722067
56199408
56248305
6260004
6265009
18799296
18813051
6280036
18841347
6290064
56604513
18888252
6305121
18916608
6315169
6320196
18963603
56921040
6335289
6340324
19023763
19039104
19055963
57191508
31803165
6370576
95546111
19131276
6385729
6390784
19173483
19190556
6405961
6411024
57693017
19252380
96305631
19281664
6436369
6441444
6446521
19342608
6456681
19373388
6466849
19401984
58241753
6482116
6487209
19464368
19479603
97448412
6507601
19524032
19540731
19554492
58702665
6533136
19600323
6543364
19633059
19648512
58977825
19679772
19693179
19709360
19725363
6584356
19755179
6594624
6599761
59391780
19817451
6615184
6620329
19863756
33128405
6635776
6640929
19924492
6651241
19956816
59899889
6666724
20003571
20017792
20034267
6687396
20064971
6697744
6702921
60320260
6713281
6718464
20156363
20175580
60553113
6739216
20219115
20235564
20252811
101309632
33798141
20300412
20312235
6780816
61022729
6791236
6796449
6801664
20405891
61258500
20437235
20453456
20470443
6832996
20502123
20515968
20534099
20548220
20562795
20580624
20595011
6874884
20628347
20643840
48195735
62010772
20690323
20704464
6911641
20738076
20752659
6927424
20784179
6937956
62436945
6948496
20848635
6959044
62623841
20896128
6974881
20927452
20942331
20958000
20975379
7001316
7006609
7011904
7017201
105244524
21068971
63244752
7038409
7043716
21134331
7054336
21164099
7064964
7070281
21214032
7080921
7086244
7091569
21277440
191584539
7107556
7112889
21339952
64057513
64106292
7134241
7139584
7144929
7150276
35752445
7160976
21486923
21501868
7177041
21534336
7187761
21565692
7198489
21599248
21614787
21629884
7219969
7225344
21679563
65069764
21711195
21725616
21741579
21757788
21776139
21790464
21806547
7279204
7284601
36424080
65601249
21887740
65700945
36529536
65800697
21954636
7327849
21988176
7338681
22019292
7349521
22052736
22069083
7365796
66285897
22114736
22132891
7387524
7392961
66531840
7403841
22213452
22229403
7420176
111288791
22278188
22296843
7441984
22329531
67021668
7458361
7463824
7469289
7474756
22427547
7485696
22459339
37454244
7502121
67515216
22524083
22541484
22558643
7529536
67759281
22609452
22625163
22641072
22656891
52897020
7568001
7573504
22723499
22739292
68257025
68303280
7601049
22807260
22821611
22839552
7623121
22870332
7634169
7639696
22922403
22936908
7656289
22971648
22988451
68999956
23020979
7683984
7689529
23069724
115412607
7706176
23120603
7717284
23153067
23171856
7733961
23204876
7745089
23236608
69748953
7761796
23289531
69899600
23319923
23338908
7789681
23370496
7800849
7806436
70252497
23437872
23454299
7828804
7834401
39173120
23520963
7851204
7856809
23572688
70756785
23608028
23625483
23640768
39422101
71009956
23691651
23708048
71161817
7918596
23759163
7929856
23794371
23810908
7946761
23843664
23860235
23876444
23892147
23909056
119610567
23943276
23963203
23979536
23996475
24013116
24029243
8020224
24061739
72225476
24098067
24114000
24132459
8054244
24165067
24183168
8071281
24215212
8082649
8088336
72788457
8099716
72889113
24318208
24336235
40585140
8128201
8133904
24405075
8145316
24439371
24455424
24471443
24490492
24505539
73559376
24539811
24557580
24576027
8202496
24610923
24626700
24645907
8225424
8231161
74073636
24712083
8248384
123709463
8259876
57817055
8271376
24815259
8282884
8288641
24869376
8300161
8305924
8311689
8317456
74850545
74903892
8334769
8340544
8346321
125181516
8357881
25075248
8369449
8375236
75371409
25147776
25163019
8398404
25198331
126048624
8415801
8421604
8427409
8433216
25303131
25321212
25336899
8456464
25371771
76156356
25408131
25424896
8485569
8491396
76417561
8503056
25514579
8514724
8520561
76680960
8532241
8538084
25617251
25634192
128232711
8561476
8567329
25706112
77149057
77204052
25757979
25776560
8602489
8608356
25828587
8620096
25862331
77628580
8637721
25916688
77785065
8655364
25967547
8667136
26004939
8678916
26041883
8690704
8696601
43484180
26110675
26129088
26144883
8726116
78527985
8737936
26215779
78686772
26252611
78794240
8767521
26303628
8779369
26341296
79063505
8797156
8803089
26410944
26432123
26448444
8826841
8832784
8838729
8844676
132655439
8856576
79703497
26589388
8874441
79862768
8886361
8892324
26678451
26695936
26716347
26733180
26750027
8928144
26788643
80401284
26822691
26840704
80558745
8964036
26895699
8976016
26931123
8988004
8994001
62955840
27001043
9012004
27039243
9024016
81209153
9036036
27109283
9048064
27146667
27165852
9066121
9072144
9078169
27235692
27256203
81803392
9102289
9108324
9114361
27346704
27362907
9132484
9138529
9144576
45724085
82348948
27471411
27489360
82512393
82566180
27545427
9193024
27580635
82787044
27619107
9217296
27654179
9229444
27693891
27710208
27729251
46236708
27763795
27785040
83389425
9278116
27836523
9290304
27873683
139430956
27912195
27927312
9320809
27964476
83936313
9339136
9345249
9351364
9357481
84211920
28094571
9375844
28128651
9388096
84486129
28183932
9406489
28222768
9418761
28259964
28277851
9437184
9443329
84982116
141727239
28368048
85148857
9474084
9480241
28444416
28462515
9498724
9504889
28519440
85591937
9523396
9529569
28590464
28610403
28629468
28645683
28666320
9566649
86093476
28722219
9585216
9591409
28775532
28796931
48020240
9616201
9622404
28868707
28887040
28908171
28925980
28945051
28963536
28981131
29001372
87041409
29036736
9690769
29075436
87266249
29113776
9715689
9721924
9728161
87547392
29209131
9746884
9753129
9759376
107345227
29298396
29317395
29336960
29355963
88108708
29394851
29410992
88277145
9821956
29469627
9834496
29509323
9847044
29542419
88674512
29580435
9872164
29617707
9884736
266851323
29676460
29695011
9909904
9916201
49582260
29768739
29791104
9941409
9947716
29846931
9960336
29885163
9972964
29922291
29941632
89862609
29978364
10004569
30018576
30036483
10023556
10029889
10036224
30110883
90375124
10055241
90491472
10067929
10074276
50372645
30243264
30262131
10099684
50496149
90948912
30340571
30359548
30376707
10137856
91234521
10150596
10156969
30472016
10169721
91523300
10182481
10188864
10195249
30587772
30608739
30626704
10220809
91981524
30684227
51169280
30721251
30744988
10259209
30779856
92382585
30819628
30836427
30859776
30874931
30896892
51518709
30932880
30953475
10329796
30993243
10342656
31031019
31051932
93189465
31089744
31107051
10381284
31147699
31166656
51972165
31203132
31222667
31244208
31261443
93832260
10439361
31322368
94003161
10458756
31380147
31398480
31418571
10484644
31458195
31477248
10504081
31514092
10517049
10523536
31574499
31591308
31612219
31630592
10556001
221651092
10569001
10575504
31732139
10588516
31769451
31788416
31807163
31829436
10621081
31867152
10634121
31904460
31925443
31944192
95876609
10666756
10673289
10679824
10686361
96171876
10699441
32101632
10712529
32142060
53596685
32180400
96579137
32219132
32240931
96758784
96818297
10771524
10778089
32335920
97057305
32375532
32396691
32414400
32436371
32456508
32473899
10837264
97527489
32536188
32555259
10863616
32592483
97822804
10883401
54418320
32672043
32693356
10909809
10916416
98240625
32770668
10936249
10942864
10949481
32852412
10962721
10969344
32911523
32929372
296493603
32968880
11002489
11009124
11015761
33051264
33071571
11035684
11042329
33129360
55246205
11062276
33191907
33210368
33228011
99732420
11095561
33289424
33311091
11115556
100035625
11128896
11135569
33407868
33428619
33450768
100394537
33490188
11175649
11182336
33551019
11195716
11202409
11209104
100873905
56080340
33671691
11235904
11242609
33731436
101235849
11262736
33789411
33809724
11282881
33852672
33870603
56481572
11309769
56549840
101843249
33972444
101963617
34015936
11350161
102145204
11363641
34092432
34116579
34133260
79684695
11397376
11404129
11410884
34234323
171249008
11431161
34295836
34316555
11451456
103055465
34375980
34398411
11478544
34440291
103359924
11498881
34498560
103541265
34541772
103668257
11532816
11539609
11546404
11553201
173281216
11566801
11573604
34725291
34744720
34765731
34785740
11607649
11614464
11621281
34867932
11634921
34908720
34929203
34948188
34970283
34991488
35009979
35029932
35051851
35072784
11703241
35111372
11716929
11723776
175839407
11737476
35215507
35236656
11758041
35278236
35296107
35318976
35337339
106060964
106122633
11806096
11812969
11819844
35465115
35484288
35504331
35523228
35547963
35567280
320212131
11874916
11881809
11888704
35672051
59479380
107113321
11916304
11923209
35771340
35794491
11943936
35837163
35856268
35875419
107673584
35917011
35941404
11992369
35980224
36002043
36019900
12020089
60097968
36085883
36106044
108360825
12054784
12061729
36187164
60344765
12082576
36252627
36272156
12103441
108926400
12117361
36358588
12131289
36397616
327692099
12152196
36460699
36479232
12173121
109551556
12187081
36562608
12201049
12208036
109864809
12222016
109991457
36689004
12243001
85698480
36751995
36773884
36797403
36814464
110493753
36859932
12299049
36899760
36919883
110810916
12327121
12334144
12341169
12348196
111125585
37069872
37091259
12376324
37131867
37154304
12397441
12404484
37217243
37237040
62094285
37281516
12439729
12446784
37343771
112079524
12467961
12475024
37427459
12489156
112393785
112458752
12510369
112581892
12524521
37577808
37596083
12545764
37640907
12559936
113030897
37706364
12581209
12588304
62939541
62978420
37809507
37832448
37853035
37872652
37897011
12645136
37938443
37958124
12666481
113990656
12680721
114116052
38065923
12702096
38110563
12716356
114435681
12730624
12737761
114633540
12752041
12759184
38279115
12773476
191585119
38345088
38364795
38388988
38407491
38432016
38452443
12830724
12837889
12845056
38539467
12859396
38581139
38603568
115851961
38647068
12895281
38687232
38708979
12916836
38754819
38773808
38795427
38820796
38841883
64765440
116632825
38904588
38929851
116826096
38970771
38990748
13010449
39036096
39058875
39078972
39098091
13046544
39146523
39165196
117541905
39210240
39232619
13089924
13097161
117866096
39316179
13118884
13126129
13133376
275769477
39425596
39447531
13162384
13169641
39513276
13184161
13191424
39577923
13205956
39622227
39644496
39666579
39686300
39709779
119173824
13256881
13264164
13271449
13278736
39840579
13293316
39881723
13307904
119762297
199709644
39969051
13337104
120023889
40034988
120158985
40080064
40101075
13380964
13388281
120485808
13402921
13410244
40234491
40256768
120815201
40300620
40320755
13454224
13461561
40389084
13476241
40431744
40454843
13498276
67492845
13512976
40541243
40567548
40587011
40609536
40630923
13557124
40673147
13571856
40719987
40739116
40765587
40783552
40807067
122469732
13623481
40874416
13638249
13645636
40941339
13660416
40984899
13675204
41027067
205220976
41071371
41097324
13712209
13719616
123469353
123534116
41205219
13749264
41249691
123803764
41294331
41316352
13786369
13793796
41385843
41409200
13816089
69078372
13830961
41497344
69192933
41544492
124669425
13868176
208003791
13883076
13890529
41673984
41699691
125143444
125209385
13927824
41784779
13942756
41832747
13957696
125613257
41898108
13980121
125814480
41964603
14002564
42013275
42034176
42057099
42080332
42098931
42124496
14055001
126486612
14070001
14077504
14085009
42256492
42282051
42306480
211591103
14122564
14130081
42394752
42414123
14152644
42460059
42481968
42507603
42529900
14190289
42572736
42596123
383501116
14220441
42666288
14235529
128110788
71216885
14258176
14265729
42798492
14280841
42847056
14295961
42893212
128720529
14318656
128862609
14333796
43002827
14348944
43053435
43074108
43095419
14379264
43140363
14394436
43187859
129607120
43234803
14424804
43276243
72163520
43326171
43346668
14462809
43392912
130225449
43437900
14493249
43482880
130500521
43530012
43552211
43572560
43599051
14546596
130913097
43664832
14569489
14577124
14584761
43758864
43780763
43804236
14615329
14622976
219325743
43895052
43917491
43939632
14661241
43988316
44008299
14684224
44054963
14699556
132288561
44123184
14722569
44172796
44192731
44218368
14753281
132770452
44288307
14776336
132981585
44355756
14799409
133187840
14814801
74075540
14830201
14837904
44520003
44541900
133670745
44585216
44608067
14884164
44655667
134019312
44702955
14915044
14922769
14930496
134364753
44816380
44840427
14961424
134642729
44912124
14984641
14992384
15000129
134993988
105052335
45050064
45072179
45096156
15046641
135414208
45164723
15069924
45211243
15085456
135760065
45281548
75502813
15116544
45351563
136111044
45403251
15147664
136319193
15163236
136459881
15178816
45539955
45562348
45587115
228014448
15217801
15225604
45684027
45705728
45728331
15256836
15264649
45798320
15280281
137515620
15295921
15303744
45915443
15319396
137869425
45984400
46007739
46030908
15358561
46080384
15374241
138357076
15389929
46171728
230946519
46221100
46243659
15429184
46290651
46315836
15452761
15460624
15468489
46407228
46433787
46457856
15499969
15507844
139563321
139632080
15531481
46596060
15547249
139914752
46670139
46691452
15578809
15586704
15594601
77974580
15610401
46835456
15626209
15634116
140697753
15649936
15657849
15665764
47001355
47025792
141125705
15697444
47096547
15713296
424210859
47166156
15737089
15745024
15752961
141770580
15768841
15776784
141983937
15792676
236869911
15808576
142264001
142340580
47477451
47502096
15848361
47551548
47571867
15872256
142844321
47642700
15896169
47691696
47713811
47741148
47764595
15936064
15944049
47837820
143561265
47884176
15976009
15984004
15992001
111941120
48005123
48025932
16024009
48076336
144279513
16048036
16056049
16064064
16072081
144639460
16088121
48267664
48291363
16112196
145004145
16128256
48389091
48414156
16152361
48461904
48485811
16176484
48533067
16192576
80964485
48607548
16216729
48652464
48677667
146087748
48724643
16257024
146301273
48798300
146448321
48845520
16297369
48893868
48923147
146811840
48966363
16337764
49017643
49039632
147175553
81807236
16378209
16386304
49161123
81973620
16410601
49239216
49258419
16434916
49309611
82212864
49354803
49384492
49407435
148274000
16491721
49482108
49502875
16516096
49553163
16532356
16540489
49627728
148930921
149001380
16573041
49721856
49747259
49769580
82989005
16613776
16621929
16630084
16638241
149736960
49941507
149880308
49991067
50014160
50042067
16695396
50091947
50112384
50137203
150469092
16736281
16744464
50234883
50260796
150839577
16777216
150985697
16793604
16801801
252007152
16818201
50459500
50480683
16842816
151577769
50554492
84293781
50606768
16883881
151949124
16900321
50707328
50728995
50753692
50779923
16941456
16949689
50851052
50880339
50903424
152761737
50952492
16999129
17007376
119048655
17023876
17032129
17040384
51122603
51150876
51174099
51200976
51222419
153724788
51274827
17106496
51325659
51347388
17131321
51398928
154253385
51445692
51469947
51497600
154548569
17189316
154691977
154768496
51619563
86072660
51669107
51696576
51723899
17255716
155292009
17272336
51818459
17288964
17297281
155667456
51918507
51943372
51973491
17338896
156042705
17355556
17363889
52093696
17380561
52146684
52168331
52195472
52221243
17422276
87113045
52293888
52321323
52345612
17464041
52397136
157245305
157316772
52470283
17505856
52522587
52547180
52570155
52595088
17547721
52648188
17564481
17572864
17581249
52746444
52773939
52798160
17614809
17623204
158600201
88159680
52924883
17656804
17665209
17673616
265084543
53049468
53074427
17707264
53127723
159431748
17732521
53202096
17749369
17757796
159813609
53302144
53327739
53353596
17799961
53404944
17816841
17825284
53481411
17842176
446010897
53559820
53583891
17875984
53635403
53658396
17901361
17909824
53732955
161257716
53785347
53807280
17952169
53861068
53884035
161714816
53939331
53963868
18003049
54010928
54039699
54062492
54087219
18045504
18054001
379099220
162551217
18079504
54242459
54267516
162858745
18113536
18122049
54368412
18139081
54422352
54448491
18164644
54495987
163550848
163624553
18198756
54599779
54623536
18224361
164009076
18241441
54727296
54752099
54780892
91337085
54828368
54857131
18301284
54906291
54934656
18326961
54986172
18344089
55035792
165163145
18369796
55114107
18386944
55165763
165551364
55219955
165700464
55266219
55296156
55320459
18455616
55368339
18472804
55421451
92408720
55473539
18507204
55526243
55552256
166709529
55603660
55626675
18558864
18567481
55707612
18584721
18593344
18601969
18610596
55836963
55862320
18636489
55913020
55941347
55966464
167947577
56014812
18688329
18696976
280433439
18714276
18722929
56170432
168576561
168651556
56252803
18766224
18774889
56331132
281733399
18800896
56409603
56431116
18826921
56485968
18844281
56537516
56564651
56592000
56616219
169898772
18896409
18905104
56721603
283685436
56772323
56797184
18948609
18957316
170607393
18974736
56932403
18992164
56982699
171000768
57031835
19027044
19035769
19044496
171394209
57164156
57187779
57216768
171704473
57269724
19105641
57323696
57344723
19131876
172177089
19149376
19158129
19166884
57502763
172574640
172648417
57586956
19210689
57633792
172964865
57688284
57716763
57739440
19263321
57795228
19280881
57848832
19298449
135081372
173754153
57950256
57975963
58007244
58029699
96757760
19368801
19377604
174387969
19395216
174546929
19412836
174707817
58267072
58296051
58323132
58351491
19465744
19474569
19483396
58455483
19501056
19509889
19518724
19527561
527195504
58612331
19554084
19562929
19571776
97860645
58749292
58771275
58800816
19616041
58853436
19633761
58904448
58932643
19660356
58986387
59014448
177091065
59066140
59090059
177332160
59142491
59169388
59195691
59226640
59252739
59278860
19775809
19784704
19793601
296880780
19811401
59436720
178368121
59491292
59519691
59545536
59569883
19873764
59626091
59653392
19900521
59703308
19918369
19927296
59787243
59810828
59838171
59867856
179653809
179736852
59946379
59974336
20007729
60025980
100085165
60078480
60108323
20052484
60161211
60189696
60213891
20088324
20097289
20106256
180947601
20124196
60376883
60403200
20151121
181353780
20169081
20178064
60542139
20196036
181758425
60617088
20223009
181998564
60700563
141683760
20259001
20268004
20277009
20286016
547671683
20304036
20313049
20322064
20331081
182969028
61025155
20358144
61083083
183297492
61134003
61160240
61190699
20412324
20421361
183781632
61292979
61322044
20457529
184104816
306976143
61428732
20493729
20502784
20511841
61540956
61569459
20539024
20548089
20557156
61676907
20575296
185166153
61758828
185330985
61813008
20620681
61863804
20638849
20647936
185820345
61975180
20675209
20684304
62055243
310379356
186315369
62138112
186474817
20738916
62222211
62247824
20766249
62301324
62327875
62358912
62382731
62409868
104056677
20830096
62495763
62525916
20857489
20866624
20875761
187870900
62657315
20903184
188117153
20921476
313799559
62796800
20948929
62849052
62876795
188693744
62932275
62958892
21003889
21013056
63044667
63068860
21040569
63126416
189434201
189522180
21077281
63237888
21095649
63288540
63320019
21123216
63374579
21141604
63426699
105755840
21169201
63512556
21187609
21196816
63595971
21215236
63649499
21233664
21242881
191178628
191257137
63786800
21279769
63841068
191592009
63902464
21316689
63953388
63981923
64011024
64035003
21362884
21372129
106857344
448973093
64179036
64202523
192672464
21427641
64288476
64318771
64341120
193095945
21473956
64427427
64456208
64479963
64510524
21520321
193676800
193756857
21548164
21557449
21566736
194089457
64734236
64757907
21603904
64818491
108067860
21631801
21641104
21650409
64956236
64984731
65008896
65039019
195176148
65095251
195346512
21724921
65179548
21743569
65233344
65264283
65288620
65319691
65345328
65372923
65404284
65431395
65456640
65488683
65516940
327671047
21864976
21874329
21883684
21893041
197028288
21911761
65737212
21930489
21939856
197446953
21958596
65878107
65909504
65934315
65965788
22005481
66020304
66049643
22033636
198292137
22052416
66163867
66187692
66218435
110404880
22099401
22108804
22118209
22127616
199141977
199225220
22155849
22165264
199476505
199564068
66554355
22202944
22212369
66640300
199984977
22240656
200153441
66752700
66783651
66812544
66836843
22297284
22306729
66925008
111582765
66980764
67007507
67040640
67068891
67095996
22382361
111909168
67178723
22410756
67237947
67265536
22439169
22448644
67354035
67380048
22477081
22486564
67463595
67489984
607594363
67552380
67579843
22543504
22553001
157867580
22572001
22581504
67746371
67774812
203392761
203474864
22629049
203652900
22648081
203824320
22667121
68010348
68034219
68060592
204254345
22714756
22724289
68177152
22743361
204682068
68263835
68288976
68320851
22791076
113957285
22810176
205279401
68461948
22838841
68522256
22857961
68575548
22877089
68636416
205973625
68695692
22915369
22924944
68780043
68809308
68835339
22963264
68893659
68922492
206835153
68978448
207005913
23020804
23030401
115153920
69121731
23059204
69186291
69215280
69241011
69267420
23107249
69325312
69355923
624359420
69412259
69445008
69468603
69497228
69529563
23193856
69586283
69612444
69646163
208995440
23242041
23251684
209253009
23270976
349039367
23290276
69877827
69903760
23319241
69963516
23338561
23348224
23357889
70080460
70108467
70136880
23396569
70196076
70220619
70253568
23435281
70311276
70337227
70368816
211170465
23483716
70456123
70486656
211513401
352667388
23532201
70602800
23551609
70659036
70689771
23580736
23590449
23600164
70807971
70835472
70863803
212653892
70919907
23658496
70981323
23677956
71036283
71065136
71094123
71127324
23726641
71182272
23746129
71244012
498836013
71299632
71328539
23794884
214142201
214230144
23824161
71477148
71509331
71536080
214668825
71592220
71626923
71653568
71679891
71712828
71738307
23931664
71798139
23951236
215550577
71887104
23980609
23990404
24000201
120002960
360127031
24029604
24039409
72126976
216434889
24068836
72210467
72240912
72273603
72300732
72331011
24127744
168888823
72417996
72448083
72479408
72505587
24186724
24196561
217757376
72624251
24226084
24235929
24245776
363661983
72769356
72801731
24285184
72858339
655908620
24314761
72946224
72976083
24344356
73038987
73069504
73094043
24383844
73153443
219533904
73217763
73242316
24433249
24443136
73335339
73361692
220152633
73421136
73454675
122464980
24512401
24522304
73572243
73598332
73632291
24561936
73689563
73720636
73747683
73780992
73811331
24621444
73868403
221668816
73929843
73959020
24671089
24681024
74046203
74078844
74104899
74140176
74164379
74193996
123705365
24760576
24770529
24780484
74346811
74377296
223191097
74433900
24830289
74494336
223550385
74554236
24870169
74612912
24890121
74676348
24910081
74735616
74762243
24940036
224448705
74851920
24970009
74914140
24990001
224898816
25010001
225086628
25030009
25040016
225350433
25060036
75181851
75218688
75241923
75276252
25110121
25120144
75365451
75392988
226252905
25160256
226425753
226520484
25190361
75577104
75606051
25220484
25230529
75694080
126204885
25260676
75786139
25280784
25290841
75878556
75908115
227786688
25331089
25341156
228061769
25361296
76085955
76119692
25391521
76180608
25411681
76244572
127108773
228871728
228969017
127261620
25472209
25482304
76451067
382360972
25512601
76546608
25532809
25542916
229876881
25563136
230056113
76722012
25593481
76786512
76813611
25623844
76878667
25644096
230785929
230875636
25674489
77031696
231145193
385398012
77116963
77151104
77179083
25745476
386156967
25765776
77304363
25786084
77360211
77394816
77423283
25826724
232430065
77517360
232611561
25867396
25877569
77635584
25897921
233069956
77730939
25928464
25938649
25948836
77852619
77882560
25979409
77943612
25999801
389971824
78039803
26030404
26040609
78124288
234449921
78188316
26081449
78246480
78280491
234909780
78342035
26132544
78405939
78430140
78465123
26173456
78524579
78557004
26204161
78618624
78646923
236012628
78707187
78742608
551321813
78800172
78831027
78863296
26306641
78926076
78958187
26337424
79014747
79047292
237211641
26378496
26388769
26399044
26409321
237671760
237762849
79295148
79325771
26460736
79388379
26481316
26491609
79480368
26512201
132563060
238689849
26543104
79631339
26563716
79697331
79725488
26594649
26604964
26615281
79852032
239616097
239707876
79941411
26666896
239989281
80038476
26697889
80097920
26718561
80161884
26739241
26749584
26759929
80285356
133853445
26790976
26801329
26811684
26822041
241386320
80499771
26853124
80561499
26873856
725533715
80654620
80689371
80724176
80749203
242318676
80810803
26956864
80879355
80904684
80939139
80968752
80997059
81034428
81059451
405419264
27050401
135248292
27071209
81223248
81251091
81278124
81314163
27123264
81377531
244193908
81435267
27164944
244475625
27185796
244659569
27206656
81625323
81653068
81686867
245134800
27258841
81778396
81817611
81842176
136452965
81907500
27321529
27331984
27342441
82033596
27363361
82092672
82128299
82160332
246543009
82219984
82251179
82280556
137180301
82347648
27468081
82407868
27489049
27499536
247482753
82537468
82564515
82599936
247857049
192860220
82691155
248147312
82754835
82787420
82819851
82847232
27636049
27646564
82946979
82977552
83005571
83038284
83069691
27709696
249377049
83164492
83198107
27751824
27762361
249851940
27783441
27793984
83383763
83419884
139077485
27836176
27846729
250605460
27867841
83609856
83639531
27899524
27910089
83735888
83768307
83797356
83829739
83860416
83895795
83926908
251847497
28005264
28015849
28026436
252230361
28047616
84146403
28068804
84208467
421164048
28100601
84304748
28121809
253085376
253183953
28153636
253365585
28174864
84534011
84562812
84596475
28217344
28227969
84686092
84722163
28259856
254328537
28281124
84851307
84881664
254709577
28323684
28334329
28344976
141727005
28366276
85108443
85136256
141937421
766689228
85228539
28430224
85300203
28451556
256056361
85389248
85420755
256339124
85485123
256532784
85549443
28536964
256817025
28558336
257017025
28579716
28590409
28601104
28611801
143061140
28633201
28643904
257779569
85971820
257978385
86033840
28697449
28708164
86127939
86163072
28740321
28751044
86258523
86290128
776794931
28793956
86388171
86421632
86452051
86484924
86517771
86547344
28869129
28879876
202155255
28901376
28912129
86743452
28933641
260389328
86835531
86871276
86899827
86932416
86968827
86996652
29019769
87061392
261261353
87130428
29062881
87191424
87227619
87255948
261846657
29116816
87358803
29138404
29149201
145748160
29170801
262519716
87549291
87580304
87616131
262913652
29235649
146175232
87743403
263307844
87810387
87843888
87872459
29311396
87940683
87975936
88004723
29354724
29365561
88103184
88135035
29398084
264568337
88235136
147101045
88300380
29452329
29463184
265155545
265253844
29495761
88489408
29517489
88558316
88591587
29550096
88652219
29571844
88721115
266234880
88783523
29615364
29626249
88882608
88917939
88947180
88982611
29680704
89047163
445346332
29713401
89142832
89180091
89212860
89244891
29767936
89308299
89343708
89372379
268195536
29822521
29833444
29844369
29855296
268684721
29877156
29888089
29899024
29909961
89736444
29931841
29942784
269476209
89865692
449442591
149874928
89970099
30008484
30019441
270167232
90093843
90126652
30063289
90194352
270658497
90261580
30107169
30118144
30129121
271149012
150696581
90462000
30173049
90526380
271646921
90591168
30217009
90655788
90689931
211669040
90758243
30272004
30283009
30294016
90888651
90921052
30327049
90985680
30349081
273134500
30371121
273326208
273429513
30404196
91219203
91253904
91288611
91315708
30459361
91384704
91413891
30492484
30503529
91512528
374796220
30536676
30547729
30558784
91678515
91716156
30591961
91778352
30614089
30625156
275613273
91914240
91950411
91981068
92011003
276112112
30702681
92112604
92144371
30735936
276610217
30758116
30769209
92309904
30791401
461843964
277212537
30824704
92481795
92511580
277608705
30869136
92613843
92643180
278008617
92714112
30924721
30935844
30946969
92846896
278613321
30980356
92947715
92977152
93011651
279109956
31036041
31047184
93148563
93183276
155349605
279712192
155455773
93310972
93344195
93382416
93411683
31158724
93486627
93512576
280615553
31203396
93615923
31225744
31236921
281121444
31259281
93781440
93815995
93847852
281627241
31315216
281821313
31337604
94016571
156746240
31371201
94115532
94153243
31404816
94221171
31427236
94285611
94319872
31460881
283138020
94425411
94457872
31505769
94526460
94557723
94590720
283836657
157749012
94693659
284149712
94755507
94793628
31618129
94860160
284651793
284757076
94960259
31674384
285058873
95063676
95092899
31719424
31730689
95201676
95232627
95268560
31775769
31787044
31798321
95401728
95437811
95468716
31843449
95534992
286678497
95600268
31888609
95667968
95706051
478639884
31933801
95804208
95838699
95877980
863062899
95944576
95976339
96012396
32024281
96079632
288306945
96145852
96179643
32080896
96249483
96278812
96312627
289018960
96381803
96419484
96449907
96485376
96522747
96556332
160973645
32216976
32228329
96689660
32251041
96759936
96793315
32285124
32296489
96892208
96930387
32330596
32341969
32353344
97067123
291269364
32387481
32398864
97201443
291675588
291784665
97303040
32455809
97373276
97409115
162395280
97474323
32512804
97544211
32535616
97613691
97647804
97681451
32581264
97749531
97784892
32615521
97851264
293624097
97917580
97956243
97989968
98020043
98054364
32706961
294351552
32729841
98191548
98226091
98261424
491434775
98332668
32798529
32809984
295276345
98471196
98501491
98537136
98573643
98609948
295895465
32901696
98714523
32924644
98778699
296411472
98844771
98880012
32982049
32993536
98987499
495042796
99052443
33039504
99127211
231352860
33074001
33085504
33097009
99293292
99332451
33131536
99402243
33154564
99469891
99505152
33189121
33200644
298792185
33223696
299000921
33246756
99742635
33269824
99814995
299519140
99881483
299729712
33327529
33339076
166697685
33362176
300246017
33385284
33396841
500926032
100232811
33431524
33443089
100332480
903209915
33477796
33489369
33500944
33512521
301601268
33535681
100616448
33558849
100681692
302120121
33593616
100785619
100821868
100852971
504397248
100928763
33663204
100991723
33686416
101066211
33709636
33721249
33732864
303578721
101240412
303794145
101311440
101340683
101377692
101414763
33825856
101481723
101517228
33860761
304738512
101622011
101659788
33907329
101728256
508753967
33942276
33953929
33965584
101899563
305785172
101971499
34012224
34023889
102082492
306308241
34058896
306513057
34082244
34093921
306837120
34117281
34128964
34140649
34152336
102464019
102498076
102530931
102567040
102599771
513134172
34234201
34245904
34257609
34269316
102814971
102851328
102885099
308720852
34327881
308936304
103020851
103060524
309256849
103132864
309468105
34409956
34421689
34433424
103305891
103342524
34468641
34480384
34492129
103480476
241522895
310630352
103585491
34550884
34562641
103694976
103727411
311260788
311364681
34621456
103871427
103902588
173226725
34668544
104011971
104048028
104078619
34715664
34727449
104192620
104224779
34762816
104294523
34786404
104364067
173993360
104432643
104471756
34845409
104544000
313700153
104611020
34892649
34904464
34916281
314232420
104793451
34951744
104857659
104894652
524603639
314869296
314971905
105039308
105071739
315297280
35058241
35070084
35081929
105247920
175471245
35117476
35129329
105394368
35153041
316369060
35176761
35188624
316683713
35212356
105644187
105676032
35247969
105754012
35271721
105822288
317541505
35307364
35319249
35331136
953876259
35354916
106074891
35378704
106139835
530829628
106209763
35426304
106288739
318932516
319041945
106389680
106427923
35497764
106501195
319572736
35533521
35545444
106640483
35569296
320114697
106746636
320326137
106817408
35628961
106894044
106929627
106963536
107004051
107033068
178445765
35712576
35724529
107182012
107212491
321724368
107289563
107321868
107356379
107393792
107431947
322362372
35844169
35856144
322688433
107611548
107648811
35904064
323120129
107754300
323342481
35952016
35964009
35976004
107934435
251911680
323983585
108038092
108074907
36048016
324419249
108186540
36084049
36096064
36108081
324958756
36132121
36144144
36156169
108470860
325499865
36192256
36204289
108617820
108655451
108692304
36252441
36264484
108800555
36288576
544297095
36312676
108945963
108976560
109017051
109053756
109088891
327339392
36397089
36409156
327671745
36433296
109303763
36457444
109380843
109415808
36493681
109484460
36517849
36529936
328757697
36554116
36566209
36578304
36590401
182954420
109812051
329518064
109886579
109919196
329843297
109991424
110028051
330171924
110100579
330388560
110173723
110212620
36759969
36772096
330933753
110355804
36808489
331266896
184098789
110505564
110541235
36869184
110613459
110648572
184469805
36917776
36929929
110800908
36954241
110870016
36978561
110944588
37002889
185011056
333126353
111086684
111128307
111165696
111194771
333675300
37100281
37112464
111347811
111378300
334221073
37161216
111490211
111525772
37197801
557936912
111632403
111675996
111708235
111742848
335315145
37283236
111858819
111890448
335758049
335867076
111998691
37356544
112071779
37380996
112150323
37405456
37417689
37429924
112292723
336968640
112368603
112407468
337293849
37503376
262519215
112549116
112589763
37552384
37564641
338068308
37589161
112770000
112812563
37625956
338618313
112921280
112956539
37675044
113029707
113069328
113103075
113141948
37736449
37748736
339724161
37773316
37785609
340054800
113400331
567123228
37834801
113506752
113548659
340720436
113622531
37896336
37908649
37920964
113765019
113807232
341507105
113880396
37982569
37994896
341945361
38019556
114062963
114105216
38056561
342493924
114211779
38093584
114290979
38118276
571744751
114395392
114431907
114472332
114509395
114547536
38204761
114617052
114658227
114695424
344164425
38266596
114806731
344498000
38303721
114918588
114956451
38340864
38353249
38365636
115104339
115136688
115173579
115216668
38427601
192140480
345944385
38464804
38477209
38489616
40902698
115509068
115547931
115582976
38551681
115662492
38576521
115735376
115769907
115810796
347509569
115885056
115919163
115957548
38675961
116035344
116073243
348292596
38725729
116180736
193693365
38763076
116295931
116332848
116366091
349190548
38825361
116484288
38850289
38862756
349756625
38887696
38900169
38912644
116743067
350313984
38950081
116862108
116890107
38987536
350878809
39012516
39025009
39037504
39050001
429534204
39075001
117228048
586274343
117303564
117345051
117380224
117422723
117455772
117492243
352561616
39200121
117608668
39225169
117678528
117720603
353236692
117793707
39287824
117866243
117908604
39325441
39337984
354026745
118063260
196817885
39388176
118173579
118204764
118246611
354821824
39450961
118356156
118399427
39488656
118473507
118506108
39526369
39538944
39551521
69573643
118696347
118736816
118770827
118811676
118850859
39639616
39652209
39664804
39677401
198389520
119072411
119110284
39727809
119192832
74673234
39765636
357876057
39790864
119377683
119418012
39828721
39841344
39853969
119570220
358785297
39891856
119677763
119720268
119755771
119796864
39955041
359579796
39980329
119946192
199967405
40018276
120061323
120102528
120134291
120176316
120213515
40094224
40106889
40119556
361061393
40144896
120437283
120477132
120522651
361630448
361742705
40220964
40233649
362091456
120746619
40271716
120825859
40297104
40309801
201551540
362892177
121008384
121045923
121084236
363344769
40398736
121203051
202052708
40436881
363921024
121352243
121393708
121433571
121469840
121509123
121542348
40538689
40551424
121657899
365065092
121735251
40602384
121811603
40627876
853133205
121924096
40666129
40678884
40691641
366216400
122118435
40729924
122196643
40755456
366789785
40780996
122346387
122385360
122431091
122465628
40844881
122539904
40870449
40883236
122657379
368052720
122737083
122770060
40947201
204738560
368629377
122920908
122960115
123006800
369085689
41036836
123116267
123153408
110365482
369661620
123272259
123309872
123344859
123381948
123425883
123467136
41177889
123535948
41203561
123618384
123652371
206142628
123734187
123767424
618984503
123847164
41306329
41319184
41332041
124003836
124037883
41370624
41383489
124156572
372554721
124237008
372779721
372894228
124346067
124389888
124430715
124463148
124503395
41525136
373711881
124621772
41563809
124698368
124738923
207950580
41615401
124848720
41641209
124926508
124970091
125008320
41692849
125081532
125124171
375456720
125201755
41757444
125275227
125319680
125357643
376147524
125430587
41835024
125512811
125551644
41873841
125627136
125664699
125706156
628658583
41938576
125821059
125863116
41977441
125940096
125979051
42016324
126051507
126091568
378366065
42068196
126211571
42094144
42107121
126329148
42133081
126401712
42159049
126482492
379532409
126558208
379762401
42224004
126674555
886927184
126759699
42276004
126837683
42302016
380704209
126956332
126987723
42354064
42367081
127109052
127145659
127186048
127225443
127262620
127304403
127346256
42471289
42484324
382340241
127499904
127538171
42536484
127611979
127652784
638406279
127733900
127775227
127810560
127850883
383637268
42653961
42667024
42680089
42693156
128087307
42719296
42732369
42745444
128243371
384815952
42784681
42797764
42810849
128439168
385403865
42850116
42863209
128598576
128635635
214449620
42915601
128753856
128788859
386455396
128872611
128909968
42994249
128992908
129029915
387168768
43046721
387405892
43072969
43086096
165000858
43112356
43125489
129379776
129422043
388356660
43178041
129537840
129584763
129619596
216090005
129694464
129742019
129777868
129815667
129857616
129892851
129931884
129971347
43349056
130055067
390244260
130128747
130174992
43414921
130252668
303985047
43454464
43467649
130406220
130450419
391428080
130531275
43533604
43546801
217736640
130688691
130723692
43599609
130805936
392498753
43639236
43652449
43665664
43678881
393095700
131081203
131119152
393452313
43744996
131242923
43771456
393929193
43797924
43811161
131441424
43837641
43850884
131559451
43877376
921368445
131678860
43917129
131754320
43943641
188161003
131874155
131912896
43996689
44009956
132037827
44036496
132119739
44063044
132200259
132236928
396784329
132317388
397026049
44142736
132436179
44169316
220841837
132552576
397743217
221048660
44235801
44249104
132756803
132797388
132835131
132874240
132914859
132949468
44342281
399065040
133074443
44382244
133149651
133192192
133234683
133275516
133316931
44462224
133393851
400271300
133469147
44515584
133555523
44542276
668099295
133669200
44582329
133750764
44609041
133835136
133872699
401710132
133956171
133994160
134035587
44702596
44715969
44729344
134192843
134236188
44769481
44782864
134351211
44809636
403273737
44836416
403518001
403632228
134592843
224385680
134672483
134718588
44930209
44943616
404476353
44970436
134913851
134958768
134994611
405080148
135076491
45050944
135155475
135195516
405688305
135276432
45118089
45131524
45144961
135442944
135482435
135519132
45198729
225993584
678149783
45239076
45252529
226264640
45279441
407504548
135882507
135924624
135971043
407987636
408111345
136092416
136123403
45400644
136209979
408714608
45441081
45454564
136375723
136407168
136452699
136495932
409563873
136569776
409802185
318838140
136690851
45589504
45603009
45616516
410535321
45643536
410771753
136974492
45684081
685230016
137097051
45724644
45738169
137219216
411749217
137301244
137345243
45805824
45819361
412358980
412485561
137541936
412722065
137627436
229438085
45914176
45927729
137792508
45954841
413577648
137907611
45995524
137992155
138031104
138076107
414306612
138158779
138198960
138233619
414804964
46117681
46131264
138400083
46158436
138483459
46185616
46199209
46212804
138645731
693362432
46253601
46267204
46280809
46294416
416634129
138933036
138973491
139012736
46362481
139095612
46389721
139176496
139212675
46430596
417866425
46457856
418104921
46485124
139461531
139504464
46526041
46539684
46553329
139667904
698472159
139749820
46607929
139828752
139867131
139913916
46662561
139997312
140034443
140075292
140118867
140156208
140196555
140241068
140282387
140323968
140360571
46812964
140441451
140483248
702571391
46867716
140612163
46895104
140697675
703597564
422288417
46949904
140854483
140896988
422779425
140980416
141025683
47032164
47045881
141145872
47073321
141222780
47100769
141309696
424014401
141387612
141429267
424384336
141518931
424631316
47210641
47224384
141676467
47251876
425251497
47279376
141845531
141890556
141923931
141970176
47348161
142051548
47375689
142130640
426492945
142221420
142253683
142301376
47458321
283053259
142418691
47499664
427495049
47527236
427728665
47554816
47568609
142717708
47596201
237983760
47623801
428595860
142920243
47665216
428976657
47692836
47706649
143123376
47734281
143211132
47761921
47775744
47789569
143379420
430219617
143459120
143495979
143538924
430712073
430835968
143661843
143705148
47927929
143795472
719090319
47969476
143913411
143956224
719912935
144041436
144078043
144118736
48066489
48080356
432713505
240466176
48121969
144375532
144418275
144457488
48177481
433582788
144578019
48219136
144665739
48246916
48260809
144786384
144829971
241445780
48316401
48330304
434955273
145042428
435209553
145123216
145165635
48413764
48427681
435840000
145328963
48469444
48483369
145463120
145500243
48525156
48539089
145624768
145668315
312981995
48594841
48608784
48622729
145876412
243186165
145955328
145998179
48692484
146083035
438344912
146168715
48748324
48762289
146289600
146337147
48804196
439218729
48832144
439469937
439600068
48874081
48888064
146671371
440105076
146756499
146794032
146835123
48972004
146918931
342896960
147002523
147045996
147090307
147131792
147176451
147220860
147259651
147297024
49126081
442117956
147429531
147472080
147509619
49196196
442749057
147635904
49238289
147718252
49266361
443383632
147846979
49308484
147928347
49336576
740013231
49364676
49378729
49392784
49406841
444645220
148267595
148313280
445020609
148398252
148439907
49505296
49519369
148563900
49547521
148651008
49575681
49589764
49603849
49617936
446544857
148903660
148941747
148985536
149026899
248444820
149114251
149159088
49744809
49758916
447817785
49787136
149374859
149410588
448326273
448455248
49857721
49871844
149618763
49900096
449088777
149747452
149792323
49956624
149872763
449719620
149959491
449976832
50027329
50041476
250210205
450477776
150212979
50098084
50112241
150345216
451125489
150424252
50168889
50183056
356618138
150598908
150636731
50239744
150725067
452268244
150817275
150857424
452657769
50324836
150983019
50353216
50367409
251833092
151152683
251981840
50424201
151276620
50452609
151365120
454192025
151448924
50509449
151530800
151576563
151622172
151663955
50580544
50594769
151790380
151835523
151872432
50651689
50665924
152008731
456106112
152093483
50722884
152174515
456613296
355254495
152301660
50794129
50808384
152427963
152476476
152513379
50865424
50879689
457894164
152690427
50922496
458289657
50951044
50965321
458675280
458797009
51008164
153037971
51036736
459312657
153156204
153198563
51093904
51108201
766588988
51136801
153416832
51165409
153499164
460605177
153590480
460859057
153670428
51251281
153762432
51279921
153846252
461627705
51322896
461889641
51351556
154058811
51380224
51394561
154192284
154236211
51437584
154315251
154361692
771959391
154449600
154492859
463560500
154581579
154622736
51566761
51581124
154747483
154789248
154838187
154875852
51652969
51667344
155009771
155053788
155094219
155134912
155182739
155221308
155269539
155315216
51796809
155400572
155445891
259130880
51854401
466675268
51883209
155655600
155701491
155749356
51940849
467450880
155870811
155917692
51998521
156000912
156043899
52041796
406800802
156178176
52085089
156267036
52113961
156350544
156388683
156432108
156476499
52186176
306334712
156615660
156648195
156696368
156745083
470311860
156828315
156873216
52316289
156961372
157000947
52359696
157082123
52388644
52403121
471611392
471744545
157302204
52461049
52475536
157435299
52504516
52519009
52533504
52548001
105200851
157697691
157738448
157778163
157825836
157870251
52649536
157958163
52678564
474089609
158087952
474349457
52736644
158218083
52765696
474873561
158347980
263969733
52823824
52838361
158523804
158563251
158611968
52896529
158699772
793629207
158782864
52954729
158873484
158911363
476840448
159001515
53027524
53042089
53056656
159178707
53085796
53100369
53114944
478023273
159397308
159440899
53173264
478544385
159567100
159616059
53231616
159697899
479198212
53275401
799094288
159876563
159916908
159961227
53348416
160054011
480247140
53392249
160180272
160223171
480780420
160316739
160358144
53479969
160444044
160492563
53523856
53538489
53553124
160667251
482092416
160761363
53611684
160842051
53640976
804578423
160974396
161016859
161062912
161102571
483410452
53743561
161238576
161287019
161322844
161371467
53816896
161454227
53846244
161548395
161591568
53890281
53904964
161722043
161764992
457892050
161855260
53978409
53993104
161982611
270041940
54037201
54051904
54066609
162204460
162252771
162301200
54125449
162384268
54154881
162473472
487508185
162560412
162604691
54228496
162694323
162733228
162778035
54287424
162870003
162915324
162958635
162997808
489092929
163094988
380625815
163175168
54420129
163266460
163308315
490029264
163403603
54493924
54508689
163534016
163579227
54552996
163664131
54582544
163751355
163800828
163840515
54641664
163930379
163976652
477792802
54700816
492292977
164149740
54745201
821141952
54774801
164327148
164372043
164423472
493362081
54848836
54863649
54878464
54893281
494025156
54922921
494288080
164816043
164861532
164911083
54997056
164996123
165039468
165084099
495361328
495503393
165217788
165266243
165306368
275581845
55145476
165439547
55175184
165531667
165579036
165617259
165670336
165712379
55264356
165801987
276391984
165889923
55323844
165979011
166025088
55368481
276844276
55398249
166208688
498702417
498831972
166341483
55472704
166426131
832276332
55517401
55532304
499766953
55562116
166695291
166735872
166779243
166832028
55636681
500719088
166957515
500985268
167050475
55711296
501383561
167181292
55756089
55771024
167315995
167366844
167406851
55830784
167496579
502599556
837874567
167632080
167681139
55920484
167766795
503405760
167857331
167899692
167943587
56010256
168039747
168086844
56055169
168173568
168213003
168264348
56115081
168355760
56145049
168437916
168489099
168534016
168576219
56220004
56235001
506098224
506237545
56280004
506514969
56310016
168939051
56340036
56355049
169068080
56385081
169164252
507576993
169258176
56445169
846633676
169389603
56490256
169479203
56520324
169564059
169615104
169654923
169698972
56595529
56610576
283055885
169881132
509747913
169970112
170015571
170066556
170108899
170156336
56746089
56761156
510839769
170332416
170376579
170424412
56836521
536254479
170561483
56881764
170648595
170700480
170744859
56942116
56957209
512596944
170922363
284940020
57017601
57032704
171106243
57062916
171197811
171236688
171287787
57123364
57138481
171424512
171465011
57183844
171565827
171607568
546452242
515040660
57259489
57274624
286375365
515597268
171926355
57335184
172019339
172053868
860444583
57395776
172200123
172245996
516815673
172332816
57471561
172420924
57501889
57517056
554621514
172601820
172645587
57577744
172745163
172787868
57623281
518587328
57653649
172972860
173015619
57699216
57714409
173146892
519547857
288727040
57775201
173337948
57805609
173424560
867277143
57851236
57866449
173608320
57896881
521055348
57927321
173789616
57957769
57972996
173928123
173970944
58018689
522153700
174114195
174156624
174199923
174246748
58110129
174333184
222326100
174431916
174471307
58186384
58201641
523802244
174658915
174700800
524206137
58277956
524484609
58308496
58323769
58339044
58354321
175072128
58384881
175161772
58415449
175254576
175301379
58461316
175392027
58491904
175485291
877570236
175579355
175619760
58568409
175710556
175760331
175800768
175851251
58644964
175942755
175990032
58690921
176075964
176121731
58736896
528621345
176261260
528889537
58798224
176403851
529307172
176489451
176535744
176581779
58890276
294454445
176727056
176771835
176812988
176858787
176910336
176950763
59013124
531104409
531238256
595850362
177188508
59089969
59105344
177320979
532075620
59151481
177461808
177504411
59197636
177602139
532903552
59243809
59259204
59274601
296376080
177876339
59320804
59336209
59351616
178064091
178113660
59397849
178203696
534696953
534839940
178338523
178382848
178433091
178474828
178526643
59536656
178612619
178662620
59582961
536231424
59613841
178849836
59644729
59660176
298303965
59691076
59706529
59721984
59737441
537617556
59768361
179308496
179359411
179402988
616668954
59845696
59861169
538730356
179633763
179685648
179727611
59938564
539423961
59969536
539714297
60000516
180012467
540129744
180104715
420323420
180191499
180240384
180293979
180331132
180382851
180425616
180471939
60186564
60202081
541807616
180661155
180702412
180757787
60279696
542498009
180888620
60326289
60341824
543057585
543198180
181126563
181169072
60419529
302093316
302178485
60466176
181408843
181449052
181494771
544599888
60543961
181645788
181691211
60590656
545296689
545436468
181873771
60652944
181961691
545998212
182056707
60715264
182156843
182199564
182248659
182291120
182344851
182387436
182432811
912328896
547534049
60871204
304350453
60902416
182716611
182768508
182808923
182858752
182897667
182950812
182991507
61027344
549231249
61058596
549513537
183231424
183283739
61121124
183373155
550217040
61168041
61183684
61199329
61214976
918185967
183700300
183741531
61277584
183839211
551628900
183937011
183979136
184023483
184072812
184124067
184166160
552606121
61434244
184311171
184359168
184400003
61496964
61512649
553591664
184594419
61559716
61575409
184730112
61606801
924061788
184878699
184923056
184973243
185015292
185065371
61716736
185153283
185203548
185248283
185301072
61795321
61811044
185438571
61842496
556567209
61873956
61889689
185672592
185727363
185772924
185817179
185868288
185915883
61999876
433993455
62031376
186100083
558409620
62078641
558688960
186291291
62125924
62141689
186428304
186481827
62188996
62204769
559821952
62236321
186718428
186764795
186808400
186856875
62315236
186955179
62346816
561098537
62378404
187140939
311974160
187233531
62441604
187332803
187380736
562244985
62504836
62520649
62536464
62552281
562951956
187713747
62599744
563375945
62631396
187903683
62663056
563944857
188044796
62710561
188141184
313624725
564662788
62773929
62789776
941807519
188425308
62837329
62853184
188565075
699123515
62900761
188707248
188753699
62948356
188854587
62980096
188953443
63011844
189042067
567237360
63059481
63075364
315372397
63107136
189330939
568092996
63154809
63170704
189514851
947758572
63218401
63234304
189707331
569225524
569376545
569521872
569661393
189949548
63345681
190046592
63377521
63393444
63409369
190241040
190285443
190329468
190383803
63489024
571388601
571532692
190565979
190614576
190664915
63584676
953730591
190808256
63632529
190900348
190956035
191002896
63696361
191097676
63728289
63744256
573680897
63776196
63792169
191387856
63824121
574402980
191531563
191576448
191624123
63904036
727069714
63936016
63952009
63968004
191917955
447882240
64016001
192058252
192100539
192147888
576558705
64096036
576844833
192344768
192387443
577279476
64176121
64192144
64208169
64224196
577997777
64256256
192771659
64288324
64304361
578720720
578868777
64352484
193069803
193112192
321926085
193207740
193254211
64448784
193354595
580172340
193454691
64513024
580592377
193595916
193645107
193694256
64593369
64609444
64625521
193886208
193931419
193982268
64689849
64705936
582333921
194173308
194223011
64770304
64786401
323935220
194410651
194467152
194508779
64866916
194610411
194653632
64915249
194752380
64947481
584511696
64979721
194943052
194999299
65028096
585241665
585374148
195191667
195235536
195292523
585958692
195379667
195426816
195480243
65189476
977802263
195620400
586990697
195727420
195765219
587412480
195862571
195910812
195959355
65351056
196062867
196110380
65399569
196202880
196260051
588867556
196348203
327315632
196444259
65512836
196548219
65545216
65561409
196688652
590181473
327972240
196845491
65642404
590755401
196990656
591056753
197077692
65723449
65739664
591638121
197277372
65788321
328937088
197425067
197465100
592521441
197573168
197616203
197667756
197708851
593252800
65950641
65966884
65983129
197963280
783646338
198053564
66048129
66064384
66080641
198251676
198298875
66129424
66145689
66161956
198495627
198547200
66210769
595883540
198693891
596170960
66275881
66292164
198883195
198930816
596903841
199030492
66373609
199124016
597489849
332034260
199276275
66455104
66471409
66487716
598371921
66520336
66536649
66552964
199669635
599109120
199760003
199810380
66634569
599689648
199962483
200007468
66699889
200102656
200153331
200207484
66765241
66781584
66797929
200405308
3928270
200495232
806526698
200593932
66896041
602043984
200748051
66945124
66961489
66977856
602780553
200985660
201042531
201086608
67059721
603521604
67092481
67108864
67125249
604108756
604254937
67174416
67190809
67207204
67223601
10069951
67256401
67272804
201827243
201877424
201926691
201969020
202019267
67371264
202122731
606473988
202219059
202264400
67453369
337262052
607214081
202467520
67519089
67535524
67551961
607956048
202714691
67601284
202807707
202865920
338174165
202958604
203008635
203057360
203108811
203159196
67749361
67765824
203302803
67798756
610169193
203449648
203498339
203557644
67881121
203653248
203703651
611211012
67947049
203850288
836674130
67996516
203996691
68029504
612238833
476316060
204195971
68095504
68112009
68128516
613140633
68161536
68178049
204537052
204592659
204643152
68244121
204739164
68277169
204842496
614632425
204934972
204988707
615068784
205088003
205139004
68409441
68425984
205282539
205339932
342298685
205433040
205482291
68525284
205582667
205635456
342787389
617168628
68608089
205828368
617608617
205926588
68674369
206031616
68707521
618355588
68740681
68757264
206276723
618940916
206381259
619243264
206484659
206524332
206575139
344370320
68906601
206723020
68939809
206827776
206879211
206932252
206977851
69022864
69039481
621336468
69072721
69089344
207274875
207320812
207377763
69155856
207480123
69189124
69205761
622835712
622982249
207720540
623274281
207820208
41049718
207930396
207970059
69355584
208073843
624335460
208172931
69422224
624784145
69455556
208376667
208420736
208470339
69522244
208576091
208626768
69572281
208720108
69605649
208824448
626588529
208926060
208974019
69689104
69705801
348532340
209170395
209221632
209271203
209326620
628083009
209425328
628377201
69856164
209577491
209628672
209681235
629144308
69939769
629437776
209879523
209925500
209973147
70023424
210074411
210130524
210185811
210229936
70107129
210326124
490861095
210426240
210478683
70190884
70207641
210632976
55074822
70257924
210784891
70291456
632606841
70324996
70341769
211030704
211082483
211136028
211180659
211234816
211281147
70459236
634121385
70492816
70509609
634569220
211587835
352719360
70576801
211740172
211783707
70627216
61114990
70660836
211998003
70694464
70711281
62385483
212193355
212241552
70778569
212341948
637143705
70829056
70845889
212549532
70879561
637897296
212702931
70930084
70946929
212849856
66168454
70997476
354980733
71031184
213099611
639419268
71081761
213252224
213305931
213354012
640174745
213456336
213507371
71199844
640785777
213660288
71250481
71267364
71284249
71301136
213913539
213965196
71351809
71368704
214113067
786308691
214221915
214274096
71453209
214372956
643212833
71503936
71520849
214577452
214616523
214674192
214720931
71605444
214825443
71639296
644741817
214975644
71690089
645197040
215124363
215182044
215235339
215276736
645958897
71808676
78843598
215486000
215536251
215582796
215641403
647026432
215744331
215795148
215839955
215895120
647783225
72012196
216047763
216091072
648395081
216199548
216251147
216296080
216349827
216396492
216454299
72182016
649609897
72216004
216651219
518579087
216758643
650380452
216861579
72318016
216964251
217012972
217069923
217114128
72403081
651607940
217271619
72454144
217374699
72488196
652377249
217520208
217573779
72556324
217672595
217730304
217774131
217833708
72641529
72658576
363296285
218030988
72709729
654372224
72743841
654673156
218286003
72795024
218389899
218443292
655442721
218542016
218597363
72897444
72914521
656210352
656359425
72965764
72982849
218954496
656980377
219055372
219111123
219164240
73085401
365430420
219314539
219361792
73153809
219470636
658527025
73205136
73222249
219671628
219728187
219779712
73290721
73307844
73324969
219985488
220036563
73376356
220138291
220187520
220243155
660828340
220338411
73479184
220441283
220498428
367570805
73547776
220646475
220704652
220749331
662376528
220865843
220915996
220955211
662983680
991151322
221111532
221164323
221222928
221269923
221323068
73805281
73822464
664383025
221521932
221580819
73891216
221677739
221731308
73942801
369717440
221892123
221938684
221996747
74028816
666242945
222147340
74080449
222251008
222297803
667013508
222400563
222457136
222503787
222554844
222613323
74235456
74252689
74269924
115755646
222871824
668718089
74338884
74356129
74373376
520607415
74407876
74425129
74442384
223332083
223389276
223434099
223491776
670576329
74545956
670898833
223696784
74597769
223805260
223850019
223907328
223960803
671973892
74701449
224107728
672451857
74753316
74770609
74787904
74805201
123791275
224478891
74857104
673694337
74891716
674005785
224730368
74943649
674477460
224887635
674783312
75012921
225050972
75047569
75064896
675571217
75099556
75116889
225363600
225405723
128989195
676495297
75203584
75220929
225676620
376194845
225771696
225823403
75307684
75325041
225985536
226033203
75377124
226138475
226192816
678689577
226299196
678995737
226406016
226452171
226506588
226556019
679776432
226663019
75585636
680250505
75620416
226870611
226926012
75672601
136801519
227083395
227131852
75742209
227233792
681818049
75794436
75811849
75829264
75846681
682603236
227596203
75898944
227708819
227765500
227811843
75968656
75986089
227970684
76020961
684174336
228122379
228173596
684643905
76108176
143332822
76143076
228436371
76177984
228538163
685746468
76230361
228700048
228754971
228799692
228858747
228910080
228956459
686995844
76370121
229120848
229168683
76422564
229270923
229333696
688102833
229428220
76510009
76527504
688723321
688885428
229703739
76597504
229799819
76632516
689677185
76667536
76685049
230059372
230111603
690468480
230221811
690773732
76790169
230385456
691247753
76842756
230531323
230584320
230642475
692037780
76930441
230798544
76965529
230908140
156460030
231006144
77035729
77053284
77070841
231223056
77105961
77123524
77141089
231435648
231486507
77193796
694715385
540464048
231694067
695196756
231800203
231849408
231907635
231953580
232013859
232068912
77387209
232166604
77422401
387115520
696945537
77475204
77492809
77510416
232541811
697731300
77563249
77580864
77598481
698366308
232854435
77651344
77668969
699005316
699158457
233116928
77739489
233227788
77774761
233334864
233380683
233444508
700427169
77862976
169655806
77898276
701058393
77933584
233805123
233864316
77986561
78004224
234016299
78039556
234129267
78074896
234241619
78110244
78127921
112867902
234452211
234496108
234551971
78216336
115260001
78251716
78269409
78287104
234877451
391527540
234972507
235035440
235083243
235132524
235190571
235244736
705837097
78464164
235398411
235456272
235512963
78535044
78552769
235664640
707113305
235774220
78623689
78641424
235938675
235988124
236036619
236097472
78730129
708547572
551228735
236307344
236360091
236408444
236466211
709509120
78872161
236619868
78907689
236726960
710315729
236832876
78978769
236948096
79014321
237053628
237103619
237159216
237210179
79103236
711916665
79138816
237428163
79174404
237530931
189592207
79227801
79245604
237741107
237795264
144000993
713662004
237965667
238011280
79370281
238121532
79405921
238226688
79441569
238328860
238388883
79495056
715431001
238548268
79548561
238656384
79584241
79602084
79619929
238863280
196278214
79673476
239034171
79709184
239139171
239191836
717687057
239292592
239346579
239400876
239459787
239513856
79869969
718802916
239667267
719129904
239774531
239831804
79977249
239941376
719933753
80030916
240097851
240152016
240204555
400426580
80120401
240364416
80156209
240477820
240533091
80209936
204853126
240691068
401222429
240801792
240849123
240903948
80335369
80353296
241070643
80389156
241180107
80425024
241278171
723969252
80478841
80496784
241497531
241552780
402666965
241659264
80586529
80604484
725410881
725589360
80658361
80676324
242038643
80712256
242147547
242206572
80766169
80784144
727035169
727207300
242469531
242518272
242575595
80892036
728007105
728173200
80946009
242847132
80982001
566867520
243006171
81036004
243111147
81072016
729626369
81108036
81126049
81144064
243441891
194786010
81198121
81216144
243651563
81252196
731248809
81288256
81306289
81324324
243977323
732059856
244084731
244145036
244195427
81432576
407166485
244369180
244413459
733366512
244530923
244579356
244627251
244686016
81595089
244801132
734500881
81649296
81667369
81685444
81703521
735310464
245179971
245222604
81775849
245334992
245392659
81830116
245494827
736608000
245605331
229976683
81920601
245765520
81956809
81974916
245935611
82011136
82029249
82047364
82065481
246207312
219659953
246318684
246364659
82156096
739383785
82192356
82210489
82228624
82246761
246751164
246799867
82301184
82319329
740850948
411691005
247078320
741335977
741507348
247246475
247295616
247343355
82482724
247459019
247506192
247568067
82555396
742978593
82591744
743309537
743467140
82646281
247947056
248001579
82700836
744291465
82737216
82755409
248270892
248325507
243589359
82828201
745439556
82864609
248600448
248659371
746086196
248774547
82955664
248875091
248932572
248983179
249038464
747240209
83064996
249205923
249254832
249321051
249362636
249417091
249479424
83192641
249581788
249646011
249690800
749871012
416323044
83302129
83320384
249968667
250026876
250074699
250141968
250186043
83429956
750857625
83466496
250414179
83503044
751511161
751670000
250625331
250678876
250740531
83612736
250849179
752656228
250956267
83685904
83704201
257273515
83740801
251232256
251291403
83795716
251398131
251446608
251504523
251557036
83887281
754962688
251720691
251777916
251834275
251886128
755792289
84015556
252053051
84052224
756443081
252222684
84107241
252326096
252389643
84162276
420815045
252551296
84217329
757928980
252710667
758270160
252820923
84309124
252938691
252994560
253048587
84382596
84400969
253206096
253261395
253324188
760087937
84492864
760405193
253543612
760746537
84566416
761072681
253758204
84621601
423111680
84658401
84676804
84695209
254095536
254151891
84750436
84768849
84787264
254368763
254428092
254485283
84860944
254592291
254645692
764066969
84934656
764394937
84971524
84989961
764895056
255034571
765218052
255150891
255196864
277943614
85119076
85137529
255416112
85174441
766552068
766714737
255649664
85248289
85266756
255811347
255862320
85322169
255974812
85359121
256088448
256147643
256191852
256253643
85451536
256365699
85488516
256475387
427528448
85544001
798108083
427815245
256757328
85618009
256859820
770705961
770875840
257031099
85710564
257145507
257198352
85766121
257314508
257358531
257414784
320591721
772556292
257585787
85895824
257697451
257754204
257802507
257867392
257914107
257970540
291814606
258087312
258138819
86081284
86099841
774886400
258363651
775213572
86174089
86192656
258589107
86229796
258698923
86266944
86285521
776547364
86322681
258980368
259033563
259083468
297389294
86415616
259259211
259316188
259366067
432360720
86508601
86527204
86545809
86564416
779060009
86601636
259817163
259870768
259921083
259983612
86694721
260087808
86731969
260203932
260262963
780897648
86806489
260428188
86843761
781573824
260597235
86899684
86918329
260764560
305762446
86974276
260929251
260984064
87030241
261101916
87067561
261206576
783753561
261324716
261381867
261432000
261493883
261543212
87216921
261661968
261711131
261772236
87291649
261878784
785772897
261998940
262053211
262111536
262162923
312766491
87441201
87459904
87478609
87497316
262503171
87534736
87553449
87572164
87590881
788299776
262838411
87647044
262958931
263001168
789137553
87721956
789472705
87759424
87778161
789979956
87815641
87834384
263513243
263564028
966566931
263683072
263736579
263788956
263855091
263908176
263958507
88021924
264076659
264129792
792522089
264244780
264299427
88134544
793200089
793358724
88190881
88209664
264641451
264698588
264752979
264802608
264870603
264920476
794878641
441709760
265087739
88397604
88416409
88435216
265316931
88472836
265428027
88510464
442552365
796750404
265661811
797086288
265774539
88623396
797587049
88661056
265987035
798097268
88717561
798441936
266213283
266269836
266327163
88811776
3351945
88849476
266558523
266611376
266665203
800132004
88943761
88962624
266892179
800808484
406411313
267062544
267117659
267181068
89094721
267295488
267349995
267400732
89170249
89189136
802688025
89226916
89245809
267747072
89283601
446421780
267917675
267971984
268024635
268082188
804380529
268205184
268253195
268318428
89472681
268429392
268479923
89529444
89548369
447736576
268713243
268765180
89624089
89643024
806763425
268997244
269055171
269109248
269169603
89756676
448787165
89794576
269393931
269456796
89851441
269565696
89889361
89908324
809151561
89946256
269850147
269903484
269957955
270013184
90041121
434511370
90079081
270251856
90117049
270363740
270419499
90174016
270533723
90212004
90231001
631610160
90269001
90288004
812572505
90326016
812910329
271038796
271098747
271152720
813604241
813765972
90459121
814101376
90497169
90516196
814622281
814799952
90573289
90592324
90611361
815485440
271894563
90668484
272012083
272080560
453536685
272185452
272240787
272295360
817027801
817202740
272466315
90859024
272583843
90897156
272702907
272757248
454669677
90973444
90992521
818916336
273039403
273102316
273159411
273209856
273275259
273330876
91145209
91164304
273496923
455920820
91221601
91240704
821142225
821313924
821491713
273899600
91336249
91355364
91374481
274134912
91412721
91431844
274299459
274356240
823207721
91508356
91527489
274592768
91565761
824079300
274762579
274826160
91642329
91661476
458311205
91699776
825269545
275167212
91757241
275283216
275339515
275392764
459068029
91853056
275570667
275624412
91910569
275739600
91948921
827526756
91987281
275966592
828031625
828213588
828380145
92083216
276257499
92121604
276369443
460707840
276485571
276541068
276598971
92236816
493793657
276785436
276836051
276901056
92332881
277010172
277071627
277120656
277188579
92428996
831837105
277351808
92486689
277470732
92525161
501579534
277636563
277698844
92602129
277822080
648342695
277927020
277983051
278042032
278110691
278164476
92756161
92775424
463871757
278393500
835302753
278503632
92871769
278628892
278681067
836174080
92948881
92968164
92987449
93006736
279031779
837209940
279143139
93083904
279260523
398253131
279376659
93161104
279497715
279555228
279610731
279665024
839114289
93276964
279841291
279900432
279965571
93354244
280068291
93392896
840520601
93431556
280298067
280366256
280422219
280480284
280533195
280595136
841905617
93586276
467935245
280829616
280879203
280936764
93683041
281060736
281111523
93741124
281240251
281292336
535454961
281402348
281460267
281523648
281575451
844873380
281695051
93934864
93954249
281872700
845740721
281991936
282045443
846257220
846433089
412765423
846783129
94128804
282402963
282457024
282514491
94206436
282627299
282685968
282739779
282805692
282862755
94322944
94342369
94361796
849243425
94400656
283214763
283275228
94458961
283388544
283449011
283503532
94536729
850810576
420047142
283732428
283789059
94633984
94653441
283971996
284028691
94711824
284143563
284198700
284263947
284314816
284379571
284431212
94848121
284556048
284610819
94906564
94926049
284782848
854488353
94984516
95004009
285023280
285078131
997583923
95082001
285251520
95121009
285367852
285433251
95179536
95199049
856767940
285672579
857119488
95277121
95296644
285900443
285957840
286018803
286080796
95394289
286192896
286245531
858875700
286366371
286422416
859401793
286550460
434673518
286662400
95589729
286773708
95628841
286898256
286948691
287007900
95707089
95726656
287191707
287244972
95785369
95804944
287425371
862399604
95863681
287599104
95902849
95922436
863281977
95961616
863621657
96000804
288015315
480105920
96059601
442603739
96098809
96118416
598595017
96157636
96177249
288549248
865749465
865932228
96255721
96275344
96294969
288892828
866812329
289012608
289078163
289136892
96412761
289250064
289311043
289369548
96491329
96510976
482558805
675703612
289662419
289720368
289778451
289839516
869628777
289961152
290008059
290072508
870352721
96746896
290255931
96786244
96805921
871229952
871401817
290545948
871762785
96904336
290724819
96943716
290842067
96983104
97002801
456748363
97042201
291131568
97081609
291255436
873898065
97140736
291426083
291486924
97199881
627793134
291668715
97259044
291792683
291840192
875665553
291959100
292024491
97377424
97397161
292203324
97436641
292323584
292373955
292431900
682464015
97535376
292614259
292669212
878150313
878332608
878502113
292916412
97673689
293024816
293092227
97732996
97752769
97772544
293322403
293388828
293441211
293500880
880649489
880815828
293685579
293738496
97950609
293864956
293916035
489954960
294042683
98049604
294154947
98089216
294279531
294337740
98148649
294449360
98188281
294576732
883849857
98247744
98267569
294810220
884565225
294931856
98346889
295045452
885274201
295171584
98426241
295291788
98465929
98485776
478992414
295525020
98545329
886880960
295701683
295767036
98624761
295884976
98664489
98684356
296064987
98724096
98743969
296238172
296302011
296363088
296430123
296474844
296544107
296605056
673246553
296713132
296773547
296832048
296891843
494916980
99022401
99042304
891364089
99082116
891716089
99121936
99141849
297436268
297494259
297556992
99221521
892968692
297737451
297789744
893513001
99321156
99341089
298030208
99380961
894404820
496998949
298269648
298330899
99480676
497407365
298506688
99540529
99560484
298689667
298753296
298816443
99640324
298929947
298991616
897097953
299104780
299164371
99760144
99780121
897997860
299404211
299463936
99860049
99880036
299652099
299708304
899250937
99960004
299893275
899797632
899981537
100040004
300131027
900533328
900707025
100120036
100140049
100160064
300497883
901601316
100220121
100240144
300728675
300783996
300852603
300917760
300966435
301024332
301087419
301153104
100420441
100440484
903946785
100480576
508914358
301511916
301572323
301627152
100580841
905209860
301809795
100641024
100661089
905916708
302055507
906286800
302168139
100761444
100781521
302356608
100821681
302474748
100861849
100881936
907913601
100922116
908274969
302831616
908641433
504916020
101022601
101042704
303140691
303196652
303260811
101123136
910084433
101163364
101183481
303562512
303614403
303681996
303736387
911351808
911532897
101324356
101344489
101364624
304099211
912445588
304218315
101445184
101465329
304400124
523989846
304528048
101545929
101566084
101586241
304770816
914430337
101646724
304945587
305019728
915159825
508536036
101747569
915698304
101787921
916074484
101828281
509144400
305548859
101888836
916983897
101929216
101949409
305856540
101989801
531552591
