272311181
736851553
279132851
917767580
48830627
701895046
50331
338536426
773927550
176573225
16598281
809600629
744451345
136823092
368912797
654495936
400559921
818603087
393670704
641716193
778469045
987482183
923928038
958501248
49862537
961647563
730415377
836947329
3578939
729903478
939893168
971308720
980084077
665141743
760616224
895077837
198285322
52649976
92332328
908963118
239304536
193404253
142056737
599996403
777660620
200274619
15893886
558376701
175769417
466406102
897395637
728240667
67596344
853682027
977908905
719681575
430939555
967089882
366298756
239030765
828363921
406542012
750350485
114022580
28630908
812572716
185938972
487276550
837989578
173985417
490642583
410279957
621387995
511134799
7106767
555347166
214240596
816711891
744415031
501754187
25271949
324907581
582865652
531499339
835328449
395129823
139325849
442344721
70704741
767733049
135887393
355716038
469681343
902945891
555056131
593851271
420372116
501142442
489110528
946215705
991264094
115900894
820821104
321399943
885524242
554810919
515924370
493098132
911763271
120892329
351953169
727907706
142409687
533073474
306380923
878356094
436223834
757641740
463481388
289264720
133495187
901680950
324959359
246802176
761110366
704764178
32582433
126882483
32083711
688225427
549755764
426780578
97983579
881128950
850989479
971192421
350895350
346779865
236314414
577049793
818467743
935393868
652268527
659175756
812350743
260247744
123887508
878650056
315122161
169533666
760500224
137215835
808167847
583864807
860400475
301298500
995790939
271801805
365474705
81382351
698372297
537061312
194646636
462115577
513012579
618585651
162878160
276783422
516950309
869455334
349552980
746205858
972280292
143578599
623252581
934025089
240210967
716955832
777538660
875854266
398207855
725869070
822360761
223366599
624345612
525390917
311266813
432343100
860049720
320841893
980689271
462630034
334950943
183606823
449340927
257204794
772799009
238721498
22667830
746211567
948475003
315064207
553864049
51783283
615612702
986130672
903518159
907979116
496090529
770073016
43719632
551620024
684547934
480188195
550356735
10498151
529067515
408270992
337292994
723623318
273806104
185495149
547008564
379770775
511376009
873368934
300713706
216709260
590794480
714543262
957545406
396404122
673071425
859780857
749487577
538416898
2092135
968701769
340090331
695014039
320106610
888668125
730215324
873046723
727924120
23812743
849278609
593428075
878988547
561183532
821900154
102311248
836864274
885723100
611013219
366260261
801607316
285439181
737507829
984095223
747804036
388062485
114234738
91719672
390902628
427086937
547344148
602871804
809034703
548198704
113229080
756742419
121026291
558461771
790010881
293549899
867124780
641768413
466104841
454486054
913933580
743509541
526530215
134815958
686281076
150756603
635887000
199669089
523268455
896921813
241361378
716587381
551126142
82781480
380964362
354172796
943055081
109012800
851514210
913578673
317043634
649552880
174081635
172235358
126230329
563508982
95200019
861735905
58210528
266737907
227651981
323368201
897825578
29012149
955760340
96735483
367011669
546630608
583108640
666221906
365976416
650683266
236043356
416919954
468524369
610151901
88906130
337166063
709560768
698169668
85007561
801248795
311070249
31669375
573053818
242393512
378690148
760935195
456402395
445550952
952139147
720499071
339504037
59237306
806290438
482058889
187345103
49691869
181892766
361325067
822372701
604438523
120413046
265103867
322050872
418246215
423003805
37407885
943159734
222666539
95657281
267724031
429418961
337569292
994849113
724240862
199361797
623611567
835765705
417845304
197986812
525634455
118410150
728815462
342855864
729562686
243808731
820200108
222918771
413005268
339286237
573520903
890367396
277805263
434711521
573225771
7248455
83681740
956872071
156123143
788189083
747103732
493687780
910017359
681007441
70672555
44612554
909311029
545951582
830503340
985135265
281412153
551500020
270232135
887187198
185719703
301764429
403248400
55707223
527391559
929160219
282823284
26170529
514244444
426156650
472869095
44237938
951580445
76336862
14051298
17775628
686772572
85898180
29448450
123417773
63331607
718775464
609226192
567730154
981007502
141811319
706001361
223984586
602877400
557841809
123458842
352380769
206281099
190233134
558491595
155967972
36641358
195493557
6594017
61862508
650193895
933881444
185836660
489468955
773908137
82217337
712739066
71065765
469037444
71147013
80238377
610020625
877548992
822270524
936722160
213092457
164125759
882669904
841277574
377716851
284071942
153907416
939695619
894684778
609020466
576250894
779095002
974074884
488259818
436668906
345886982
401469713
672060789
767217682
216406449
599097906
234426481
354737297
402608325
682029715
14360791
790308734
354234517
819922898
478447623
297694144
563148264
104629280
341909093
907973324
643938065
784130442
113157474
668439419
845967289
245063686
806171582
954861763
970423874
331930920
689347493
738607540
574117892
845801793
401593774
796135672
75694415
574175783
966867500
355414423
168367288
328984532
835472161
736760882
746048989
402345777
36994753
58655901
673134092
69509593
520905997
806854858
594697797
796808679
262457220
642337629
902745949
233676133
275021907
941351153
655002182
683274357
104835029
924728406
513488386
23477164
725485419
344088553
335979365
142303235
27404451
43159040
473732915
102097859
589346007
234184760
893594480
737710918
378161700
718822782
51217145
974505535
845032224
731927370
345782698
212946324
100694466
454193355
261066858
829549039
610079390
218997540
742635251
192789158
856547790
269751818
698092256
78521806
219806735
447821975
489879002
919727282
757091443
343403673
453577352
90511865
530462086
13526741
783507112
8194904
658009641
662305009
242238194
456984868
305892728
37682451
195511457
319855655
303666183
885722567
924141059
624477365
491620515
135928500
350043408
325648273
897297698
163053630
888631679
476122051
730413341
138799118
369908982
729108487
386254578
111930032
858017864
587955004
52114678
16846845
401252402
33312633
464981445
653152339
58951878
862518929
222828782
34500562
38092801
100234584
484624167
587414845
301949662
538742599
97972288
366723771
181386377
611691411
22026619
607577950
575739138
948576359
171763908
988259854
70839619
256852112
584883010
175101932
785701454
620996861
62513408
70531717
976338343
848564046
105142246
124743984
978157735
548254148
460125323
95361811
184922488
292834393
94687577
116976463
293159672
672492197
804823872
24016535
976659833
547262965
43696531
865029953
784265851
913342308
414000031
544729119
338765669
686272565
890009658
235022978
907781823
145305893
101489325
44284883
395612009
990470316
857002576
293491511
263416307
787930282
899111792
724743397
310437172
644277367
891615115
303674321
937347007
433563485
376372284
614531846
399373304
872098284
744194766
475143687
802022531
789003995
34003189
575255443
934669437
378080983
93952272
335532802
426085011
345976459
956762667
124181149
579310844
463405397
591742454
287846793
382361639
279631241
361899794
899453436
388073412
41931826
47190493
167878820
374497457
879979735
991437353
386755494
446497370
6177275
987774436
640416251
691365050
620029203
436264
864452749
735975173
1546638
813515510
387983436
125915550
11476568
934577390
95789071
497438823
481392041
824877373
381605543
578859693
15024034
47505614
488533429
530475378
364616171
627617410
141428584
552872886
584166525
905326905
671315885
344180156
480678355
770382004
199854622
491649256
667234464
283266876
931859542
609671224
657977825
608504734
139497804
383090628
120139135
81800629
42688338
350151159
831502675
558374185
510730798
132495302
265552161
521929747
169698839
270186741
447531698
606834886
920195332
204281185
732818682
53194450
346739304
406070979
789690836
123256932
736554955
722321712
924882719
187527077
12191454
448687896
981659112
275657916
943246937
26914615
526524425
445690675
776696512
447230927
31039449
194181308
735732200
834789694
509945979
111511179
35407242
679704019
906285000
486679630
35914201
342751520
897639955
851398679
460675225
531687384
426676790
587220032
143980305
698146305
940333333
743471682
337245817
833676213
670631905
830582702
561136972
948750999
809519995
400580950
600100893
425068172
398255937
247623682
536545966
294055002
940400721
925278322
298269652
536661815
150086652
314169462
140055823
699191416
537923301
294292069
333426507
495431864
438004458
494876266
183379312
45092504
15589361
629050895
986252625
562056213
244856710
39079229
631036611
824119267
525432072
814511488
400555558
130681607
760959252
62704798
969553391
322188822
577617361
588419765
44162078
319191471
640882263
383979489
802695513
840503623
889871808
587343292
856731989
13205766
267336859
540262299
657049905
115852058
596594873
362170062
531688885
867804528
198814717
506129827
887324079
104124845
123913751
613456365
858380930
500146882
704005193
730785157
343530645
854781424
374932711
461301844
169188986
45291944
256211689
363690546
146209099
503495047
670255242
164308819
222432911
940975074
873891833
359909576
490301365
698533152
609057351
244824413
494674006
288171497
379712554
170842635
969664975
449381722
839884682
46327489
255175405
799001092
841972581
167882953
615432712
885286127
554780753
294478822
256102097
154860112
768097647
942942378
828649642
763665632
948430580
519625233
87935600
912572284
590005672
852774264
872247578
196633445
832256518
422002086
452973881
499941704
957653179
759400183
384305257
261558363
119747191
855380625
836463234
649779075
737324134
612363951
479492684
437211163
928325854
976892754
131743913
493130767
655339149
220190163
612251501
584936016
651432434
148085730
535833333
686331968
243784328
345862508
154833325
500455075
973200240
546025907
703425514
587316584
137607148
796168553
552667244
712374216
41646717
424186964
982135359
721321370
80489770
558418928
58214876
626794423
838580447
145149545
583014949
185584604
822742504
794637715
442801699
303908192
301809843
907011780
193122
405147642
978718209
9610456
944717312
46123694
286600186
843819402
566436550
882387265
594385080
651471565
883597107
681004557
348245816
151993862
272215712
700501384
867800278
745731323
351427555
828845922
772248202
619104448
397977232
725606339
628925779
716835768
598812226
316399004
547591805
465669816
671290184
425638160
39203742
693733096
834668593
921664693
965355252
147621994
143485186
345671922
9982325
39952882
992666127
195137670
931154379
292398053
83933007
754195807
327786708
543995087
623292195
350612006
459103727
614844906
689528506
569414569
188413438
71502747
682206069
740323885
62890174
150655820
155604966
818276132
170026419
890413877
263496353
92167905
170070350
341983645
651328035
867106871
235249557
881420702
63180366
647043194
298425530
335996766
161764051
158748480
218418772
503764465
776415942
419518126
400809998
473461552
872557920
841213953
26015433
548843871
306722021
133908320
894139306
128795359
470668976
577681128
175406559
736766799
825967856
302570935
162516443
347579076
284461700
892661059
638300572
781403647
915492596
293985952
915950898
974702823
42185332
39071105
602953207
359153013
350860460
72695358
380054222
394714472
784318602
268880653
155054371
679530860
580324779
714278712
586672119
689647028
647267943
843851809
326475539
666178803
866973496
854639017
182059246
11540370
54093241
910399215
282345722
81852240
774071595
836177882
417834617
758582545
638216819
773908025
761810753
566593284
882138773
972608560
914690154
192578553
713664564
138700853
621699308
210620064
720372359
584314956
891386233
357727695
746064849
930996868
350351425
933317211
575926980
168608279
686409217
305088827
46522680
32987844
642188324
961691472
786856251
114562276
381170253
503884789
540133496
382501298
833099269
568115332
493707866
388702582
195433145
963651134
511724334
276530277
216846534
766467392
996057147
475050080
69190355
638749585
483779141
897071551
2333264
679228377
335876889
64335656
61225900
919001660
176629698
147402545
968540565
198355926
453809474
312416918
16404868
110859207
693778804
400581512
5328601
835905600
778681234
167874880
337904818
768881654
13593058
657998504
303044520
375130670
677302357
757145358
4246238
904772780
952756579
162805578
282524272
329749364
104092889
900423973
392239252
59025376
897465580
880326138
541925750
134637607
855938427
434491443
750377688
725951418
82038723
593883468
313581829
317335372
81785391
788944174
152167865
317044539
204018663
80925397
636012066
861228070
637366749
644470519
400855526
684645380
137512256
440859358
404495979
81485753
387629616
102980755
910394508
606501185
591658986
83757055
359228723
861144266
452752151
627920074
399726014
352096315
18674460
582350666
606039471
939680191
239248213
99896702
48581554
758520272
766608218
954602813
274070247
51163344
509479071
114155849
605531036
136694973
566636192
470122479
214468327
811217345
462544815
505416652
828441575
19019899
780766775
196214392
343949700
121917084
497401456
756580580
912090582
180433872
283887724
614950921
894342689
538248264
672122622
970302488
634133527
208711891
373050739
312346960
925636808
248946151
659404934
745205513
232498878
700094605
189494145
70034444
825243067
955838033
382632705
675387887
886713610
643281080
211605313
137046838
172548659
439752965
53809081
842826121
287650617
394382674
599533635
797607739
179894960
109603234
494207003
879820371
77380024
250126673
317097806
315724517
129517439
389534780
465664989
613448498
349061160
942782886
941092596
278728125
154934034
581348629
753750816
414892260
373980713
645971991
34188892
409356545
754205249
483301517
316927382
414026923
193896965
217406822
542324846
148335155
832711018
191077838
330576899
935346136
628103998
144215033
364300370
473404363
538853790
335283258
780363224
204169247
913061675
824695365
654934285
957800638
974889130
159359061
631772808
164637227
468376398
508924836
596147981
253707349
236695677
682135137
528639026
330200406
435017152
437622945
869269507
173408986
450864779
286893126
580389875
706553730
307203895
112694485
75903685
954927873
840591280
901152167
339566388
557512696
595714018
87338469
179566123
926223396
348299421
489970570
898306167
715695963
769697344
493556956
323302558
929414814
702907462
494309208
159365337
667529901
579438414
158284395
607638816
912038491
213156524
873409401
617957065
710267204
180814413
291420431
37727167
518890017
164425992
436470890
971314263
333373807
81165763
372927664
905897155
262509000
522331582
314979943
436247887
184589507
925453035
779626778
128326447
658783494
414898119
451423524
690723810
808442180
333261358
316439827
885086155
1092224
207975828
718935716
390669302
405387546
409123231
49558888
212578242
225143995
758258068
83048823
938810399
117617686
75244152
377320240
407101434
578067137
467885939
823953771
968210044
636685797
681015304
382952753
609591816
46484858
314561328
17719384
937718974
81046003
263879392
520843689
434164449
588559217
208456439
437797527
46896079
738374575
755909270
371045734
411342746
865445972
975819671
357713921
285618690
248792913
488648958
500538488
12450576
932450600
30989418
511555859
887580472
555344424
991025357
356990641
966866717
243589328
299507666
359514450
138778204
964816534
593387596
651597668
254608251
429485230
723469901
632215246
133403344
969591157
328658441
244821296
607648940
847456247
288954794
585509516
6236834
18974470
277721417
899077298
196357919
739919219
295738086
616940123
502582038
782290161
357038490
970347865
656101586
568626112
219709990
576413698
361749121
289857525
365406091
257468695
132394632
219048441
726567349
112550462
28148286
95509112
41402939
290910577
271558412
670888482
474431959
528022267
556213771
647819981
606692778
746739351
685503556
902077652
370520807
489267189
521877267
400702048
821935675
592280741
841071872
775228650
739862414
6079868
344338750
680997029
621395565
568926487
775473729
259451896
288313081
813724784
670934567
662852714
325609895
514789390
584736587
625477754
14300367
1865230
748683378
354398404
553640596
76508298
774194394
366535465
403038680
875467613
414716325
813543348
45484493
75614736
196474544
106881193
331562895
10609951
578620562
320291509
280954535
561280415
810498873
319726056
677816126
117599249
226305129
498955630
737486148
648474411
221194344
282266529
605515070
609263617
265157743
604936263
340689009
677938285
167194119
467552652
869606419
827199449
38225478
642516132
532051456
146822814
704704993
461418943
451793693
490895640
810928964
519572127
741860434
110867279
612057796
548877151
267744529
915647146
426813371
96049487
942911671
791936841
636004532
439629828
380194796
279921188
302108722
75979705
471808105
587250251
219553515
227717932
585734790
989727997
730775048
49115073
902084903
151144642
693745428
612333889
238616249
509287016
299325628
22050610
936297922
714587994
707586974
928197730
698909181
195530707
797568410
426459323
904050549
993495640
527471711
859780467
320748291
701796616
536571337
380557720
442729219
60836545
476373845
517790238
616442338
926974027
897704186
853684529
577525492
331750302
124448405
885418244
489084340
234556319
630303413
721141605
408910181
639821790
165942296
699590019
97123276
792363820
822692178
431375053
689547634
277999989
404792164
205032398
87246518
960381253
548451494
17508492
930510797
449732289
706009451
492698889
401622439
365046697
944208188
567942460
325680923
56252764
976487478
610155396
180995255
437074758
720945966
939991630
822447351
608570419
997739725
36892098
42309123
118244805
374391026
827302239
149927646
731318866
659505688
408953145
173306476
988326270
630383902
575258870
236898959
340493096
76380154
680011946
585680819
507507927
824529688
737897595
936264645
668529570
965527231
222082408
779929178
158382533
731036279
348400965
522923274
432881525
10797485
500945150
189875518
675557298
96464864
897128817
90554221
66851989
821501238
195753469
951590267
276053834
787909094
224465865
92151126
421276216
238047038
278473038
721456194
425576254
983872762
870115759
885360513
111926944
159527245
876573307
335088087
877961083
608854793
309089945
349086155
679707674
814993861
591017767
70659625
900153184
483771874
310492005
663031472
275240910
589319068
468318297
809010045
501132714
351362148
103525861
92531442
407574992
765297642
669753974
207275361
396662660
951849755
861615664
487813858
937875669
647324758
161669895
194073436
5731258
555863985
198527123
567012437
468700253
687680967
720512484
643146297
450972406
246898116
935828915
630905988
851231701
506425148
289944435
201657005
94490049
502959420
386372900
295762614
986971453
299296280
239403620
350448668
763109226
498504850
158076113
206231269
646249121
575018814
222553279
684762398
528190260
991612426
359630873
871241552
222709958
544651742
124125611
7884371
390320758
50836444
938899457
798694611
716844547
280490320
975948460
876521416
681074377
735373418
564284730
109937909
287783238
34259044
253428818
453337303
224829561
46504
602705701
712520062
511544070
36193552
748832621
170710388
507846599
935228148
205131267
428569490
494334597
44262743
11056196
370999223
37233221
988907781
366100190
617625222
47233703
88648861
810326950
147145407
919042103
32248650
574748865
684182328
867723508
824499748
734282280
389163498
712812958
519166054
388207615
420508148
463022771
946724763
224105791
290925243
963775515
996091784
442365974
212746220
719146994
169910915
26984952
93665355
231100512
238820424
706122405
379753689
628765922
46651969
241289418
995798553
671355756
186412186
456322364
979475590
675746354
361349147
290627309
568822630
994720450
200608978
146717516
141307991
185646051
667794080
869548008
166802432
814618850
997257217
418267016
310808388
97888703
296972170
360753545
900853290
128242777
772310059
97475712
692840531
859619652
148868611
13952740
108202654
925369876
612083104
752800627
257405396
910407422
131076080
57220145
191077284
729772199
790288558
620201400
126417520
216482856
289810968
683169795
274895123
325949880
928179048
921351683
284149071
679617909
937599845
717577801
297100939
660923740
349028077
372648467
633639946
477037618
69617589
625412359
110828471
357540523
518504846
816304876
938321501
855166496
886727199
470421733
195089255
70965689
703828282
243812268
298260648
770602670
614348253
519964098
730628471
61725570
874175081
491898246
813852604
951625038
838611244
746683211
365993244
679904490
212905499
640690897
620394348
451259276
77688860
645030219
902023751
412150583
783665746
547236242
434794964
57086079
86250314
937490983
264886088
956744046
594607826
65596608
221554778
147275952
453658511
106358178
87787352
427405825
756456923
206864548
128885467
466234577
400947967
315827006
678942430
461573378
105770225
106227691
425756541
186962938
146424012
800879379
68762460
509423430
3895691
509588430
473870821
206723357
236936707
330132198
302263426
265600274
445732423
567021283
878711421
188088501
545249080
543748058
908287528
133713556
431861352
427986767
208771734
715949665
313649666
881709976
264871939
707149248
583194387
527330140
875557131
621021556
303506414
925533021
958567575
36274704
546113529
128539902
718819786
995989553
528329834
157822578
87712062
306282913
704436235
336676272
876146499
445798570
594942260
638187724
365415616
634241765
903615139
254900230
590307702
677622478
525483790
252033671
667389484
885131251
372011414
44730022
768224170
753473983
803205315
174097499
455504241
118348015
541512461
459461274
871669506
441844014
318940235
463782084
16463691
794543925
318945447
118239492
810991964
827219474
68613115
109276312
87100757
460463302
379717884
260472825
102007558
571262053
625713643
295347746
450405092
108860331
622738402
96501928
613058402
675293211
23717524
596175745
812613626
761109598
419918604
48435729
931132730
274834864
537929214
73168488
906056836
804103535
283019177
221478880
858269018
907813439
193405055
521255391
364677160
181357941
96789722
542337880
889706289
733162216
266853139
707870713
301112109
67266989
996844204
759265153
737128914
478087971
977942886
643232767
788867565
723293207
229403677
22754132
391317767
101900336
254845361
365353394
978089403
518124176
81381328
513227118
188251602
66426161
546319531
332225407
353076821
945700380
248219963
336846736
121751132
103260823
474926728
439423559
597903064
135748853
770079446
482924028
992193211
574847811
559655665
307223284
350363393
466397708
990001450
56852276
77927046
515711066
730468217
223661460
853174931
239097218
14413436
554634586
976768768
551492332
671986054
285093652
418803161
613761162
164530191
558931753
38141474
837196146
552050061
724199993
628958774
49687597
609546042
934960974
480411382
211735831
513060343
772518155
420951948
858383686
727392214
64595645
626376204
382088053
205672693
543533542
968727789
96914519
214167604
636823848
426562306
287609234
489774269
648329618
819487695
324273940
601735861
717943161
393976765
142847493
680685138
717204710
107660141
323420046
589456607
851747118
969767936
916857563
845722712
276313190
547901813
13951993
682200890
683048161
610012219
326208909
939401752
137082690
113694380
522001804
946875476
453441801
432090606
211862017
602677719
76883828
808975650
73691840
751248806
622376989
787353675
227780393
350871041
859571496
8906361
224753982
202409937
819704654
58991065
202070130
95186990
85022554
961399316
586446858
988401268
776642995
839976287
670952042
488638952
578603023
914896504
205441127
45599202
305183632
160169479
621761896
912276982
981556083
557064362
838998715
827604503
172901171
167240610
904936452
184125686
828185589
461518325
346535266
255267592
311677256
414250381
247013083
903427570
333227953
152220503
695936968
915939040
439188267
48732707
124556118
360678572
18617882
308944953
582882117
473148865
579795625
996440019
532695339
781845526
80912884
105238892
647395653
73790027
388090810
254532202
258219737
939033915
229835731
630076402
898254211
916402576
879857970
271268554
186902610
512878323
225863815
912297437
658133114
956619694
287299604
326197724
707873539
964342065
27346360
486980545
26958854
470522499
438172395
158176125
528545218
682588491
167081822
155991851
940515957
526512906
439434311
965775267
149635209
394108729
113123919
92294858
688784415
419914343
953678939
345333329
83110491
372488849
197506343
757240729
990465535
486973103
589412310
856654489
454424235
956005532
604026703
993602040
581095425
72828090
443429339
612767662
646303936
656649093
345515589
638930472
671767811
261080587
832654510
416333874
708098549
463831484
890036343
876106693
185559575
417121700
435136063
797267167
577454529
283383929
801974554
440904348
892959842
550035047
235376376
518016299
508095718
409955841
4455979
186517772
177241309
192547267
340299441
698524358
267954105
299339566
17455821
116845828
861903943
262939007
731747504
142198833
435754891
268672229
535538736
513674114
281584448
836748761
992859757
738066538
837857251
642734499
694644281
443341436
183817996
150848443
689814180
518035125
579180079
875459692
622905078
309092273
836631957
509225304
102243321
352834425
796035157
103572415
879006843
812477934
336479840
456318544
580510373
455624060
259473912
674739659
740057446
12179582
741801665
433905788
941321749
712708329
384163884
904060015
855278042
271655276
673524201
419649144
420759421
722293360
77579203
319200339
251435004
994333339
291745513
630321987
180040987
574872184
388555403
802739907
584140615
518610501
741453038
898079830
629583506
42354115
402989001
788522732
252222554
229128131
824141162
823122799
20459415
624986987
863543835
227533608
301407373
244127045
269119854
700323017
354797077
698393673
304219989
714568443
227142250
846501106
632188298
462756827
520883617
588677303
196403449
494935894
434958891
248916070
258226457
128760621
259523074
56234494
971716839
257230767
184432738
333576387
672309093
642148684
81266907
596540683
456739028
219874290
947625092
110422032
473232020
753977933
481211385
972547865
540772466
169748453
924094036
844356909
32630678
284190589
762485379
902621917
4609755
91950358
278899833
669598422
914126060
92082175
857403665
733767243
406613835
512916242
265923808
470684240
550926574
684758732
678043858
687107793
791265651
995264709
265143443
658985933
666878734
470754744
425758981
935635258
222866546
885237230
323690931
275004871
236508498
677361446
517718396
261852791
39117007
118365823
720178209
399276786
444417149
349596748
711506475
965425185
77749198
587814509
637246148
701538959
805437977
96853885
829413489
451970374
321265435
392944542
14246169
291747707
864620891
603235022
523603449
111738833
266923374
27749328
790921133
392534310
777724554
241630851
719218215
753747336
475797950
355835918
861518453
587558268
270854810
418388561
750321555
764729611
851164375
559133763
766038732
457912840
461852153
742219470
647586923
924597543
676222476
128822119
935529900
253273511
890925207
461421356
668250762
264119284
884310816
662650063
803830695
892980196
784198388
565288618
830640236
416743124
618382779
119390584
785105420
922754504
80463579
574947400
81601145
989783487
165027209
817642403
909234207
661555127
441728134
941840413
668229823
52321104
899823419
424354181
449269479
379089840
358591886
594142712
798717560
897927144
465470403
456469464
924395680
665997122
50523098
387159904
836533560
432674323
260706270
497239114
100827410
781525161
178554958
608806614
530228346
314216658
843791176
583075803
242092561
111510121
986078248
37812575
862136459
142741655
818805720
816894267
234030667
810915663
147057770
954728992
331414719
580397700
992326776
73472234
315268516
247040437
30317235
443425882
394016603
714920002
461729602
95889101
847084126
291892760
131908506
443506092
66722215
648085496
665561580
397388239
775304304
568367680
962798378
56619453
393176423
674624798
966469146
159858670
593539805
44859167
7536196
63309838
730892573
949268698
160020076
258221422
896253686
684852164
68527928
670048065
182134158
202233906
49512928
122482897
406267773
153867948
976374910
612028714
828116615
455092752
865983053
349141319
21147302
631535735
936612496
751256253
940874142
797540030
525412224
893054732
5200233
452140212
819389357
409697258
49132564
557311908
648491430
458614487
444564999
340643262
286942964
812575870
906395759
187997979
518523745
283543252
519491062
332296611
41802473
853453002
262096314
528502529
884376179
427912047
501191324
573990163
429106893
148920863
198263195
76657274
974397118
526819015
486730253
12918086
791058885
690948267
583980040
989295562
809026935
449777277
243017786
258333708
792181669
971255914
462298754
562437282
689826133
719303110
960722072
129709444
567825599
858576584
164101229
240753205
862518847
535966211
13951146
279481312
332186376
48252562
500390521
180122572
733860892
769160071
516575168
751446153
794549852
301631486
421041327
369138931
466013152
178432196
607562868
524192079
850460815
259290845
581096315
382232542
518102955
41150469
113751925
433347758
27292951
52843219
302443423
224041610
443490473
580412912
71167785
30098707
307040008
504194230
310780669
593665884
308898786
586447400
913177814
802724952
264363874
136357715
740038104
990954010
106985725
860901858
231182525
490617852
840543222
919655732
796191802
869021788
831584026
211030347
793895518
980616309
156461906
442562928
820246685
839411455
564972654
888864230
733418324
490707858
14667445
331782364
843528164
250742766
868619876
699959543
12773428
96524829
912273919
876304188
393516409
484259118
710912883
330910170
431782989
12243790
947678144
489419530
947179525
527489159
378462947
592227136
841078163
318029584
955176278
202107787
300062997
87339281
6406823
569606180
409479343
949009658
246371904
600726250
644879847
859619308
874792710
128268590
346152530
65966572
200746850
315328060
7437376
497626398
483709589
329805974
235579563
320495489
610957013
927322168
268294649
275951268
333078998
410364437
583614204
618578313
907209599
357731157
211597264
190998327
72104253
93637365
119669584
839039093
901065903
689962811
605014432
435480002
560412707
647923837
896414989
829352176
128599938
507725127
975319713
324183339
727375052
181645311
338351399
807563648
140114755
400414087
124718350
357230937
822349330
727956145
964984863
562315303
985543179
318389187
85340507
89754384
663872300
566325375
791333825
834264333
700136242
552186871
691498293
862156015
483085307
906698793
720200273
657127848
434351727
511766543
677508832
121753761
353770917
943350102
689652549
301076684
17360121
100619764
527885704
105307359
933231626
835134399
298979293
245950415
341593495
954971610
778188224
60526693
851324488
640570680
900436504
840682344
642616082
336592944
806426030
501221051
566438423
169830236
815706031
46020559
641804281
458483580
363258561
143097011
779380336
497068522
125998713
540927847
717078226
133436578
517840638
320833986
491377668
953987256
102971449
511501356
106862544
840833226
432225954
796775240
954612620
788094961
120361416
764437818
410564247
402294784
601248469
147232031
3796712
521780422
89907053
657909560
963421940
319176095
973061742
814161436
958573434
681802912
158849138
606283764
345946694
633821577
20606000
401895465
942268531
430205871
536186402
259484869
937877031
673757554
137132688
507206596
850545947
268248487
499875302
868654626
361510608
528364547
627443943
651125989
313472970
731186627
866759238
372077204
674106092
883084275
3056104
101026336
656705435
972444429
80778892
788024156
919031595
167602349
509688152
260248969
776052182
806172987
524681398
192087017
860775631
627207962
277488322
945571629
404874589
276430409
310030446
573413141
501022326
638195513
323679712
56097332
286914173
258830700
296800089
880843743
429337124
106069889
212781421
13259461
128611657
931766336
36684785
14456680
487510675
135216038
696649933
23730913
442176835
629085786
636981503
313136116
62410734
537709276
37531851
419290444
228244990
151282000
493841161
487389597
748391648
695877212
968517766
107480015
356375807
597178973
930752251
426157052
849401985
711475711
865446950
832615107
439476295
932841397
641662912
93774770
675477048
15060291
263116323
760947999
478321694
178735438
991852642
572002561
269038549
436809051
201376100
956969084
474548590
578979867
971172941
593004659
415964286
592948314
700984767
194877301
570315342
157384044
10625554
299133128
547451948
813628317
243858707
516644641
996992825
724943912
168566567
390718363
92998358
273572773
963663307
96204713
199451926
361432046
79818117
560243304
331478056
546405647
40360537
997581220
433901727
488291904
174127738
323534724
202228943
494973506
570848997
596550049
469857055
863251866
39326733
435067994
629244829
422807985
565687055
599427006
433410011
282308077
570583874
639331729
522690255
564958871
706710683
794563856
655796957
749704264
596826651
795630679
478825820
300368470
795438700
361075516
956616162
451895639
622836871
837937061
705017218
895945600
802243103
361323348
172651593
424783173
802777465
963663669
346736774
972330207
652933203
430048426
359810215
306499984
345986051
148496838
130211343
882497114
229816777
140466788
581328831
621168674
756268344
338937751
459886793
732631435
675900699
355466564
324427502
782478437
215930875
595037410
117306183
995884879
899398351
388212022
11100222
926043075
889413732
124408158
49967183
650855921
383471719
703580954
770934484
819096994
124205772
609031623
174613047
688444975
650464170
583006059
689110365
447943754
14952851
453881129
955859773
807418878
14871480
499116781
694399166
878540255
593968747
350526333
86512235
470053767
486007320
245553882
416048755
669560345
87412803
42309036
211223238
291921841
463957100
834821681
916809165
522003150
409827244
498262534
391155217
988199062
752948620
570089976
488266494
949280173
454641740
326501579
636512108
697220609
499743805
50092423
2247238
696137663
375732356
630017795
707602535
506075893
225655348
688543504
299832964
902066376
509985329
77053139
626278299
860531265
350439360
829521760
440813928
486506725
319014429
541633785
564839113
237579836
867422513
447558981
216979611
345158830
492542200
661600016
496192069
128663668
657070266
768673892
480960162
674158783
303683592
478341828
379936944
606455719
571224985
661508401
906263755
638112652
676481354
24762968
512758572
722875298
922704270
560853102
398471428
445934055
316417090
606773853
350856430
882486918
990463031
609368141
616380520
643405206
495410294
81492940
878171430
261625678
687277858
73617776
739792619
273423152
68581412
655033543
627705825
571089336
221971153
285916347
354373401
601638876
48684848
145897640
931582378
803791999
563268947
831311443
719034347
192086487
258672649
724588343
778108817
183413444
249476957
743819678
843777549
185915034
315462182
147426805
689926942
731870315
959049268
783964745
181859145
971895033
434425363
73863874
222723569
995005843
847186158
424021276
772214998
303240734
964777330
395874603
585376517
378588068
202624348
488168555
472080248
468554941
260889316
806902195
976508114
775022653
706770209
917853410
875544683
813542650
234147928
709130046
271719113
60177970
436476211
162460539
52688414
136458652
558356424
463198235
242949825
479502359
630437335
20695528
731601927
931887892
506012295
823123241
279945877
665562956
768609301
838652672
120415875
202009399
282686255
792267634
871198866
738386916
128887238
609077773
928158010
236453453
460602495
914201094
969334673
184614025
468313262
363593144
118599301
854878535
773010550
433623057
394670236
163984753
261578371
428917396
129481349
824991547
234886847
730006090
280127296
726784722
472061417
902505095
185814421
831390267
956128257
941290262
305925496
260184417
584022948
923480454
727514103
103798520
183185147
114043947
937877961
137384475
167481741
895764024
445020018
469679901
122794465
266638226
737995900
882860100
698958358
832722053
470482816
269517002
192579573
590829886
855566361
640053308
542785919
120749174
431235962
912393669
104653414
122775913
101680684
26770014
50680225
521371839
826087883
235233567
84901290
892200601
975185592
859984278
946536834
350170170
995330657
937332127
215781627
294427608
215166101
26043291
312203584
190869595
960795194
572082398
806503222
623068118
562297770
302400590
879677694
67836517
213936761
864202294
541648777
191542238
583116119
500476128
103188765
707324740
84542475
2022086
389714232
176690570
187992038
50547271
231024347
7890160
856331014
57626854
500906287
858522331
168221004
975273587
899137718
447445703
276218672
396261402
592203957
311474255
440306851
941687270
269870995
982270231
533535159
118230141
533937821
891454449
185206481
348750532
513454708
379699136
246540610
798779121
516637549
75292854
26902874
385191903
174117023
766735931
86726912
325561765
153320093
168391347
581386995
826682820
156356864
997636628
250710275
36730861
588252378
577071354
618289881
295628057
988610679
350105540
315550307
709576559
61234192
122164183
797320395
732957358
853554874
678035120
262754451
146530629
635479988
590502237
52394490
850938498
292381069
152265518
796778349
749208850
918568309
482595361
251380800
863813461
229966332
236057964
844074530
472393698
178344837
151768807
789151897
509102312
259674288
94396895
776301932
617448070
801173944
70481492
56327000
649281105
255200421
499694452
656093256
988137423
659071161
290477696
468102235
71719777
3079004
34558389
174482726
659707059
736358091
814622317
26923045
183118421
856874953
131477265
278310121
143863269
702684992
455007541
451629692
493294987
570208004
605247289
515739854
5352786
685810354
913165690
852639526
130185717
735770819
866559897
566225093
588792147
5322350
572628181
776263397
287452237
702051331
187445188
179707141
643817737
43603904
207349986
160015074
669086836
439156983
984448703
546561096
813201268
697710521
665947679
715675144
637840221
467748000
222684521
472790228
866505821
20907086
1094858
522463153
898108400
389702959
574321670
845660011
238878328
79126452
709087091
564462598
328011913
645020614
278768653
908972699
599995485
442787604
99254998
103145846
59749442
107717827
990320237
559910665
869025403
946649115
806680946
214451803
72285970
411376984
213205723
5048489
102541403
644260262
468965519
214599318
484623798
983869339
393633472
862145231
613718267
740389831
517455046
663773872
944313020
570346611
972525870
297396595
776849689
509809525
288777549
746370392
818258314
713527835
310610432
428486036
320123499
620182316
984836203
64763976
705181327
834565841
43012216
56704278
574130795
239504108
730315300
710754205
765886446
343803783
618969780
87831300
917783384
214500045
680629776
516804787
77049818
356490761
902776562
574305493
900864111
486636602
788711420
209154180
589832497
902082219
216176450
325046875
449836541
651605572
162463459
433954523
372112110
614220538
959656664
670472827
357587450
170695727
740211540
669268902
658066097
984608132
803433182
643617440
622589910
738887826
847967404
879152014
663158962
242402385
682531019
309855173
341838821
303416223
422655459
33459994
127391501
430226447
863702039
571870269
447046607
816954013
765135500
726706406
491091506
991507164
717392122
254567441
575790783
161438946
728537963
162568791
34449889
90035684
902656030
159073641
788759343
766560587
57133438
226366015
716898447
373959202
5712126
930485413
181190906
426405494
790114619
649929332
11938648
46492973
329611997
374900537
803008871
325129470
151154110
345532981
477745816
612139983
932236254
311399137
511720497
612344333
716595899
283605611
694673398
197150726
929618337
829906518
887861047
549371398
117530784
818264027
476605831
679370183
489523506
884939629
930021428
635437010
593039
552088051
928388300
793498884
450439701
849264981
587405389
2779440
185072249
894150151
94224903
257662822
198893067
217302093
968692712
553528146
827028478
844390627
629975633
538220888
279656343
394534712
930709513
943515347
204274024
903952636
543458737
155667076
832357043
890257503
241830394
205692763
751004485
433531985
307671184
425857894
302446593
630305917
182897936
908084237
757004824
768068222
429273904
773481019
149939436
346335184
206300278
245696564
665143781
28604556
530320705
443714026
544489261
440376940
828419606
192230301
730744209
118778456
324537089
252104517
487645307
457197552
50550359
88045257
254597644
676356593
143979687
858803791
454213662
739995130
478024927
205194267
140016504
526804444
797347269
318109762
699291552
45390857
756642519
987903114
356776824
177356370
273240751
557532480
895867693
846841531
97431184
858679966
957823195
436774011
138201674
779019886
740271414
84794004
514058387
492311384
301833707
672277799
403118230
566452963
120775793
781869034
530338549
493192626
944991593
333963125
182713151
785558733
638460087
18699702
491663834
868354511
506736551
725628564
765321909
314726931
250143326
327677351
453219919
814564310
63873703
433543256
741688150
391522637
600740287
241694892
329212851
222345455
65996522
126425614
685039701
976742328
805341863
306543276
594434675
644821175
531648521
823109755
99169791
214314331
957930085
495712012
17035811
960328292
321595127
225076723
410665420
284662567
759803818
768264255
363168568
555103897
903078826
58410000
10846722
926630283
319882911
59917679
459122943
319410007
488172381
185689635
611419458
518943100
194746540
294354487
508458600
488522386
634459564
43289202
401604593
543588271
931029261
886809714
888052228
53986352
260121672
621531009
111820857
949471556
93740421
936627480
304133316
662996844
704027937
674181097
658907792
350194399
76503675
837447546
576859182
823010998
131953982
283429145
660697637
450891713
431528726
334396766
843095129
426125955
621199600
930085280
534178932
668290956
612743858
759608586
838824064
221406267
151669384
835393636
937429818
107378360
68145960
974841809
422587914
448438380
192724610
664399084
868891963
872423788
948709664
677072013
347241504
509912065
929430679
770676761
353157067
875625363
130098125
848458655
658813229
660288393
199572310
153709984
575587076
975997923
30638754
341175354
796232218
276560931
616271288
539424263
179952555
764070186
327906712
313350590
898257959
648181373
332199180
626912821
715989238
348353896
804557170
561375790
575860847
515229616
599213201
723736623
74587756
106180179
280077323
230130469
702799534
810077652
157222754
104080769
779145517
492317360
70673776
488398665
57517886
632599560
310464690
285289921
359655230
880878724
783213676
601475997
458430499
352796872
37067696
743143933
875438156
350558505
892880728
212000677
620784105
981599391
617387931
186433334
47076858
261511070
737571548
288120784
914490524
612868383
113573157
34554070
490380765
613510271
47964695
253509874
351715590
557920896
556716572
610745938
165567094
365707776
555579968
100018554
624671938
896205903
908791385
172985262
527975310
307095889
935584230
415328342
253510128
129818273
338142551
580381220
176693986
250183602
912825335
369279532
671692386
770714036
167805855
119145431
928002382
96065633
79296049
507773352
14711017
506784780
510127423
881281644
521056246
457584555
615413557
381884713
815954832
599569642
222950373
946196587
639112933
399971084
865711021
546370299
539608968
531546508
264008337
504751634
276263669
820279306
688631783
432732361
53424274
581093601
267559748
385590298
445142291
193526881
199229311
20664529
334626870
191277048
172942947
592188251
29870547
750842912
957215934
953464198
219482557
626398010
401033220
59112697
101801986
662822645
71289208
721675144
981138340
223142728
784700366
485199104
745369185
436103103
975628602
158378234
819557539
911450548
729815709
533593469
620607545
61046181
475097589
941558572
697741209
794107986
380496372
451025175
694664551
632465669
95061730
429136086
408958563
246448089
847940293
633605429
38846806
247857686
399226365
776524866
371854454
833087211
493896784
135803276
341950911
521014547
300974826
920965408
839298961
474330670
855968171
620327723
862665691
852255898
212036148
169091201
61557478
831974732
114637490
278579857
87039516
261065384
857591836
325913308
460759489
633303507
899698255
922944250
969786989
358819677
285671046
538283313
910643007
746090184
433228570
696553557
341784821
498014942
965023928
969438167
163049433
297325341
256210585
394385684
99479415
748904259
613999638
821879137
474559297
54022014
149095739
820201724
461812680
25700495
793035166
12542399
978005306
740085398
478058574
574119511
638919735
968467618
801909210
351528543
917442371
855183965
356651995
404166826
713077373
794550004
390943540
96998454
887814143
663854820
113231094
510300898
801263984
385096588
464757577
25796054
254850432
748849797
116125689
528746347
144678939
289358895
195269871
484343530
661123390
405999235
134686555
3608990
112101492
801872861
923440655
270532763
457601539
513417080
905800157
415202651
246121626
470980744
900416876
183107374
739197968
584871123
260190501
173343974
555542799
839396384
919156928
924332536
327682646
956289612
107795873
1004289
279069399
306611152
699139467
946476077
796077580
282933274
616983691
589304570
906810621
604000322
732399075
808550782
384836769
813683242
447366519
711989629
538493479
502472315
926299257
196189150
182607892
802398644
898326162
314063371
789780072
348340605
882354197
687223205
568934620
622367817
229342734
449278984
145812332
442171046
684048053
589591334
637034910
600754481
869870928
337861044
106866302
87000300
835471054
825702873
768414238
97008318
864194892
485003159
42220253
908483224
121680328
444992796
438466994
663423730
457098659
5774532
409145513
869792603
801582288
77433019
594687929
376780323
845623526
883230464
667008062
385610029
323660972
786554497
430170461
516377562
159664388
555319119
946096138
104187183
284078923
597860850
457955972
604923700
938066833
228563697
645236684
102665749
262606297
91064866
715126756
664268112
698612225
570688395
307549109
324918095
651853461
953890050
563959890
974455604
623583146
223382596
54056352
940438149
600649837
364281111
786103758
728068007
951161946
745514374
260285740
958735268
96222628
730377648
13036127
714737202
420565878
953944406
312052344
768356736
669741902
607521653
605418547
356897269
645628690
56570456
313677878
521585629
319658200
538197409
151428231
171175104
886159472
861515123
747837856
98678332
194898989
318994995
881620764
733453158
806011021
770384245
844506042
56198412
939459006
119852867
87909407
242113080
861357186
380269475
777107206
755800731
114086090
9156550
933451602
231836350
156535532
445951793
886296904
821254831
78250890
619046511
252002565
564248018
478007313
577967631
404968379
908196284
600373560
518190532
527641032
751050440
368000267
879546162
473701079
209591559
913035002
513341939
85252036
617636196
62363613
680497934
204419515
19060412
815088648
536757264
456755713
847849852
475372728
490266225
243159295
473398840
439575086
394941430
207574756
863164188
652764835
878133441
167936946
799658748
459830749
953892753
667427027
362160727
930807726
298587048
727491507
180457848
623311447
498681193
676958035
623657298
185002700
50959086
889538522
213608710
6748566
496134795
699376672
583610797
764495390
510792047
605464120
64469593
177017664
313106293
911305617
893067105
667765943
375822528
799273753
759976538
513327867
154266219
428449609
266256652
436034318
699153228
703041968
269845608
126611661
222231061
24114937
658173823
357870723
752854647
19171900
918043876
606246905
279438865
168767869
232164237
813719454
598184477
668595661
152224240
325850836
236304257
804849542
692284873
525690508
292132006
63394070
718659724
944246737
951999114
244443315
53804644
733800567
956082255
516984198
660993872
165500544
534282830
379686691
359613404
755494450
33926904
720709609
728864061
58013711
822195505
771702734
358197920
122309773
591110838
784540004
764630008
92046257
753642722
763552363
171898966
613362865
460613086
349889423
61546842
766759073
370707980
984159766
138546080
949777697
780122752
960316435
901290191
151569399
39072297
266635930
649241536
997284998
241333931
850329239
454626901
367090332
771709411
256170225
451426955
227511166
818413081
41842795
334473823
215255686
749960212
957974700
243941694
325045861
489646618
469853919
658925111
575824878
312764780
551738600
152665172
508632482
992937027
164334615
422640725
327629344
328746453
447588962
446303309
516093086
949280933
683465554
421801577
771791104
823068518
448646023
677687179
370407945
546785821
207221018
804507725
592506857
378107233
154062211
55424057
476947695
854191324
879328058
859580620
558426280
598227046
225707096
248268905
736946808
269169182
291887235
167144440
960791111
630474769
64189513
456477268
677516346
778813898
643376114
21480115
241338452
181113568
22563851
713523188
918253636
506284537
19206624
771476805
70481091
368819800
508473615
555573250
260922051
680157567
839615333
338643518
712934563
989961182
470004896
768981021
400504142
717792809
57787137
423309503
435465942
438571388
19936816
941913255
583201934
769513201
334031507
508136550
924883376
462378571
67327823
278969336
142133630
936378986
225444112
428149378
125170721
215680429
721345277
101366781
665774478
701507089
42175047
625035964
397349832
439371173
695849720
593575184
975283154
309326371
697738297
633001041
475276844
93197166
660889636
961249728
252984381
962697166
693441016
63453298
545090635
7889168
540868119
566806921
963993075
291659546
819842787
51194785
467408059
969347011
282727400
507271773
38540171
7563764
579499944
122800665
914796926
952873232
625601244
23809545
895824778
87975422
260061631
371260896
576326178
702215799
421510149
769289895
336034061
57480310
958471914
214213624
613800928
714260747
495898844
551609640
624787850
46781351
234396937
992656226
878459251
363504701
974318608
922274834
462622072
167724621
66483270
528745125
763868443
438736676
190231658
932202291
466781461
332454683
505619667
220325854
736943843
364815680
153846676
898176697
447697575
593376352
787192917
995538294
484420405
697458977
674120548
406658436
790639242
16154837
891237738
738982467
94514482
461441768
277218450
490660635
204326385
786809347
493083516
896628404
509168967
763459324
104061752
684140971
724809760
892664238
44942420
350853058
763249858
61997280
763454385
735405300
883558538
578357578
584686588
180045054
315374659
205842654
417362472
397480528
411506305
156267063
864600292
132665865
426179088
218773948
365310192
934845464
592978012
762786185
44696031
465817342
884584770
326303630
520107054
755056989
516550398
162074163
197486698
129174493
795830159
13706141
42998389
350576712
524529051
129479621
196611089
324972244
289853101
781348777
551001791
720894515
747449658
341753277
254012410
418601813
634138535
516851552
821582506
839013142
607587653
725301311
544123549
203455260
723644593
463107403
767725233
3419927
431960551
362581721
160647042
210829270
289586562
589840344
36920409
98875905
204513636
158719751
743519046
577206272
197967917
786723246
602533781
789432252
633824105
399056408
782368082
767337218
122749662
331652897
283666273
810854799
868509964
387391403
20582065
156120686
812898518
807870765
744470801
183931388
236412451
384567261
840224049
871242874
500767217
921303432
359039072
399432849
44824742
45744601
284153401
745819553
609861735
509679881
445785308
719806840
578653256
988576616
744151792
23608123
741437197
889742128
784369362
465044113
702478874
251968611
530018918
585557795
188882110
371696474
988155985
490500014
835772614
124342592
131511735
289026007
563923761
76532295
539877197
57267032
486606801
589161041
460396949
610510084
531137569
95933559
139901981
949353385
104151713
814459704
151393261
692559302
732744719
365646682
938431810
712089096
432251780
155027188
837307070
780870905
471450734
914515849
145491604
522073772
214188931
38257797
220441303
739534936
178261417
558615530
751264441
133408554
313116653
88147928
569093288
295120661
812640342
467783179
937223073
172677680
728123506
743727882
547110316
207816866
737020855
783272246
715389698
748101360
270130354
208480286
456125203
631649782
138378917
552798979
180454568
341436446
217862260
327445392
453772809
134854933
565425883
962285796
693750686
519655788
591955229
399045573
606524094
208069904
123663278
434191744
257138052
240866218
534858202
29965792
626973642
407223959
127688625
364231995
746352486
445948586
343967256
252947538
358390795
716585925
572508872
357268355
976269852
704826679
117534135
301389428
485039043
484699596
110892443
104396991
760504020
54690607
281422427
817660568
256892692
462668477
414559131
485437861
583078325
345456488
901070301
593680500
328499466
664650925
924341852
518771920
910847604
333019719
197142242
116273873
388870146
165059882
499760194
937139604
904947517
802494540
381051079
86597891
899491421
651300140
9458881
697561393
44702486
675530228
470454612
100932793
799476047
636007524
796448652
156154387
690386730
289852191
446232859
251087363
223660720
960954293
855094295
280582838
969095021
128818481
144327518
217666043
173751410
115395915
269830189
81116102
607010932
150295568
761943133
939286241
729819908
630099260
424809632
11563778
93439182
836757873
551029760
403713357
698953758
563631397
914107489
362574213
630712305
485248188
921509810
730086584
15002147
106340127
597232690
881357660
588311276
807717154
361271070
734262389
952295605
894818307
76880535
442750369
934796169
798536061
973237346
178909224
201723536
523711619
489618692
634173873
773156316
840263520
586063057
665502895
781982456
818885653
156694673
346344457
807998207
430888880
196307797
315986065
991237484
53834693
587298823
645663003
330664801
339637035
237974569
345151431
400270974
116970047
122217231
893343921
516016949
62355032
257906431
260709081
743075274
132530957
571458805
102376869
19287813
87720742
179256657
955286247
539868882
410173746
249205453
361675106
537370138
190209287
784146685
465249984
387511555
267945388
722685292
183130487
51820996
879689501
397202958
675522905
996447823
509331267
168117403
492224273
746343867
513556887
146831186
923728344
69599976
867655191
515723260
802654852
155998105
6035138
392539067
760914680
884269556
125485055
727732532
45829229
255894314
833583046
699964485
149486811
402954825
488563357
92192477
847046055
656911070
147330814
127617899
367362833
94351495
970654320
972067485
134218709
61086357
630071730
740572211
494570580
383458480
666879072
535422113
345774643
202780069
338285094
106378067
696421222
100754881
560675832
778083061
71520788
907294899
871143167
947645112
591332674
159739546
700130163
340722928
670434371
507512742
399502174
280340012
53255150
907110298
196039559
351908261
345694033
581813915
105688917
389742272
768936073
62282991
938879180
628504548
563701481
147099469
313611134
230198525
518905713
369512585
924402026
113644937
858197039
153990738
746121316
608712407
139452661
667387617
115851230
947497424
575399180
8074271
546670426
401568470
355972407
805843185
526510294
993637545
110152564
865046980
538672000
287837453
462276735
170594936
88291303
961236318
420659081
128107547
266258740
779234105
116474615
645517603
807525742
923680381
384388006
709009888
976297803
452397758
972055455
545401666
298724646
106122720
882449741
926681081
188689743
511346296
106450992
634822517
620704754
205756457
128811962
320489146
923893135
841946619
92758533
382586949
400629033
566603334
146039748
434160384
444103533
549418264
744631338
834985168
430127186
311487866
424900454
492130735
809071285
619650048
660021976
742178363
623999385
204963345
674850475
516390140
596722726
538152338
859056375
45478436
141762878
130739575
263326524
541214146
219869960
86504505
942562655
939723357
40831170
264186577
694771232
782191055
592656594
542684730
332703774
203983829
561226554
700334858
435922761
645618453
131241658
738652014
313639688
224689946
766024857
60249243
877332248
259519488
982937500
652194055
632274495
549201309
70459560
232728015
914762465
201080340
990362908
363239915
872256071
944840185
264278193
406408124
903414512
681826449
137254392
516813166
713236866
690676854
724276583
631365869
345096570
93669337
37942316
539452336
898648902
320336994
150844529
512853396
330921663
914797275
472057022
451622359
77276034
287872410
827365160
782714054
549396310
256797403
621859897
558272060
816589581
189180245
820994402
620275135
190881667
967149442
731067630
100749642
30746732
106569784
778388841
606876844
477305820
272568032
537403919
73945186
152096734
52576011
544110819
850967714
72723411
384313050
731860273
569183672
548952244
111342542
423178098
42439793
537080621
729133269
839147529
869451406
472229209
379435022
547193190
818837181
449538124
603089501
772626692
883743467
913726082
822657439
390565168
134320928
387498051
757619529
584487742
747325852
198796021
358771362
939716592
625099958
827137227
43619533
340368033
388178752
4990588
652004684
187727594
15357118
446502049
27192708
756551335
619065707
967260057
696234124
719776081
355660030
871583306
42893621
312155848
198276515
615949851
233201038
46791234
334785471
747005941
189143105
70138708
497224100
575832764
644478487
417197413
234857482
643768416
467786169
117155861
303886986
879098422
871532380
798495976
215603499
941808760
698454178
356707200
309751207
537083509
19236265
248168946
469733562
206760540
477601848
22091707
792593758
927100917
401945884
421543607
508147910
375129276
36536724
230045761
390381686
62285350
947284446
767942482
395764043
950670654
511112940
312299067
758400901
211569371
448002280
882117846
746014406
690210492
222602941
273611510
577869346
482518576
475387923
856198608
59868231
946272572
703108358
181744129
350609003
360519727
897470783
218161688
367289614
921524832
900016747
590098151
697096015
629847575
456574391
616873582
675253331
276239105
217418589
542095944
20255050
337521019
116950946
287994169
141578927
224412949
505053129
801489858
317847788
564683693
319505718
395446230
895962856
922317448
863923209
248254982
189126917
340354766
319830414
570866943
405911302
810484164
644056318
44316582
784553397
300471213
608279642
354303080
24495176
304006400
752135149
906247360
441202931
355040675
703909674
943959886
425691355
635440056
860533718
973774439
986763027
230557344
500619936
589275867
198247104
357693218
724682710
456588030
774671582
976052484
417160086
84644299
897275877
421892512
48727246
212107166
701645598
962973985
410644258
439893119
971134388
741925484
344515913
987722843
604460301
359708100
540011036
706356650
959574673
204513492
339189726
940095123
306253858
263426276
853287135
605849573
235203699
559495788
728083312
219590335
656154401
37405369
692439466
485145332
259359236
110723543
30267773
453199609
384732429
726587010
789098351
273103974
925101551
374740821
337992100
397696364
755845696
402541758
940612124
376048252
574598254
604356903
958397047
891306381
139884104
216970985
517943028
233204348
705896314
376810774
676449915
862473682
926276471
520344541
691404234
936472163
762192756
764901024
914205774
246241737
521710078
355004746
248391577
801479740
590938682
84684301
328877655
595943889
749417575
108495682
703417683
929559477
473727308
892561250
164531029
677984595
419516398
810177834
672387686
546223692
783319535
804883261
571369503
651868520
116261938
223118306
424998368
83928989
193789545
554083696
418973626
107060074
142619051
303143552
872740137
899854184
350491029
316798534
955852705
485746723
170292086
707415703
695589602
862228476
322392413
539122999
215318845
564583932
487835679
758363042
591313771
624945144
706012546
942262879
507422149
699368968
17103991
909222681
442012661
212790242
525759694
263764813
456337201
702875916
683043763
296449968
826528910
867488079
600643849
943304581
686751797
396446590
257213531
47644588
678901668
686636465
193341532
444277369
791640870
226146120
145775943
854641227
609835363
122105397
864645784
195560513
688480787
90076524
435051423
488215280
638002112
769890890
512974186
198899056
725895789
74736299
746552795
878073675
559459858
222572257
438885038
191462534
866084126
647409095
497267775
918564395
545737404
697003846
432160668
95108347
953212583
247295989
595751179
369871972
40336998
951403123
585768542
488899623
23497536
189482385
197752267
26857821
372332323
926355841
213751575
137670542
949916958
678579968
215376970
888061528
561428446
568737848
494172853
177061553
86966401
307331033
534914039
768148637
955672677
983788832
650424500
861825107
503269867
579806400
109457433
263854950
406407
795041641
831312784
464503761
771206194
714283130
263841425
863490694
728041874
562921186
164234421
834257436
969373940
649458414
162215037
959312904
551418902
85523706
324334063
543185828
679423668
123073037
495412322
333311722
24922963
785857940
916029218
528771535
863293622
666936684
169035723
171557568
917679823
257578578
940345747
466971055
960618119
142377406
668259006
976809642
987457884
440368296
783385706
511252507
560605199
128182736
808700278
572532581
791361950
644129280
769757925
740797596
307028161
45667607
202563400
398532950
266885970
235564094
755845572
627623420
915018679
304707703
833523559
294802552
587998118
884641749
780296466
282473458
235026383
115483362
63613364
634282503
283733879
738408418
622850843
317498998
197957508
863272248
543023697
378667695
502752716
564860177
680017742
540674528
389226482
743257448
255426943
72460525
684220151
407510052
101071779
545389893
340551871
868228244
630492002
962424531
816852599
213655194
946523245
110164155
57700309
723151722
406514624
924563184
254718989
466229857
190935044
539239143
604612482
99703619
220486984
656895163
571208266
467382989
686990547
480791448
498470753
28493437
669847931
6753514
264443125
475186808
981452234
865134741
173513862
864507521
932922997
867378675
740705942
906252634
658356180
953897556
30363124
757557781
312256251
912463086
5501246
248481286
463683891
329621898
97830109
7262094
844872169
953817063
249126986
416240593
764332239
139038364
128822883
417292196
306961519
505928760
764257246
219474498
226288879
335183
315093310
135714124
667891298
617890930
322314275
534469711
272271315
692520357
145667478
869179279
325598396
266325642
400682212
965633315
962312974
892439296
97001509
895772296
21670007
274053070
373687065
312078635
13239134
606605279
368934249
496047730
826720367
177658085
423183568
2532814
411584518
856919588
904115693
971075024
269251565
586259000
786964883
550840056
258009185
716474328
482288408
869414647
255993194
157394777
407444247
929273372
317491059
558903789
289870817
420403923
70075548
693651566
369741733
212047880
481039399
172236050
9179881
434892891
683787758
596235246
44795750
916905935
634093870
239183696
826355943
356519656
619055218
983708749
32914684
197943398
827122854
733369208
785974848
673365394
814351752
308464749
541282608
106467118
193332117
508978656
800387593
788454575
561205961
610206399
465810908
127546590
652774010
822783946
862450411
339210356
100618072
826389837
217770640
84056467
370109404
509508178
845487755
98620726
611253507
281751821
727441986
425881932
376107705
338843513
132200313
244130800
651648667
223853309
818191848
321419294
114502589
708085252
346578601
139209336
527807074
398489089
120748569
858638536
41690335
891432720
907788044
464271502
671731085
461125049
402217478
897368974
366051726
450927825
783728699
956666849
257090184
936820335
8312027
224196413
669960029
91110606
449949695
270885198
106160240
80738011
299750584
91083799
551414206
752316319
910271770
318417698
417752317
500050586
78895224
746371046
862915651
388888317
249789320
633861538
818543691
436286732
201921195
393586017
406792703
973626692
609668454
778718936
944829528
989810405
52069831
737503769
406153462
9537753
111029013
486970179
354369141
489479498
685962677
789227251
433930326
413193834
230842741
216579696
134020810
539593075
729818022
127494208
167642808
641317680
839886369
23327257
393338275
613337395
175379548
350806179
740403607
702791628
693899569
944472019
743228292
393799604
368119157
940641279
488960166
213274338
672967367
745301971
752444041
370540613
84439302
709895731
298080742
123384750
969951566
988137489
287248600
518662252
250302459
958821604
362814002
39444277
369892817
445913885
532155113
224089636
621096180
487948166
396617865
35897056
657411582
41679669
274766299
85860895
145910698
905042821
855180250
738491293
569802894
823025847
536956776
826088169
610205362
524057859
404762561
345875684
68961498
448864112
941085546
699892464
550520932
699282807
135672614
420028651
518553837
331383832
880400649
497474647
49910877
494603754
326493977
161709215
18683296
447634467
106485429
672344205
446377916
953752466
189314826
413675707
745642826
758480634
512086824
811675082
184256437
560918165
647018395
907178198
559873559
384625221
710297161
844749817
854266375
517190204
645113421
841563766
831337252
810313855
251884582
864871949
737854670
971890992
874343314
396403344
594566917
585162496
905056250
156614799
302068715
929738165
143452968
189924898
341477888
384370549
541177174
86879743
123647893
100232757
994683342
78209193
824286660
649524643
939372410
283094166
870864851
863654330
759836669
305059354
197622787
91925843
698702886
876025493
934922048
248940603
436288970
843903470
335128652
627753796
144331924
687031217
634750605
822829737
481603150
316436619
148933534
239617916
215710044
518375975
684245899
408853014
581697124
219632046
330565363
77091341
936281032
865072515
22322710
944352191
861237124
798622839
356728197
722516147
627824716
217606752
489513104
885477984
231143544
803924744
46248117
435987390
962319832
927469868
57426234
947998690
39062107
362340127
218738596
964058720
763193081
35636394
424959374
907267211
293795733
926066637
12020017
91515284
651505729
100366027
396008243
259090953
762486789
611285653
362503279
727820402
993556651
209000301
652793694
892606548
604880588
937640259
198274523
651915592
909125859
264133203
888233916
137627100
863958068
150085535
9086276
292043762
900298621
156170087
132915586
56818533
499488832
124439459
20040808
277965938
586224931
885646912
118390878
647415835
912396696
948741934
605482320
350845475
927258858
251495669
700691650
291411029
58165561
484717239
846965468
595275495
128214107
995963234
614474646
59962716
473947557
356357083
381832666
82604761
692166942
899494912
807959718
759535733
200231713
471979439
765774796
415809427
988197230
162840040
663421586
535155395
760419160
203907015
767068773
657602495
174615790
176174645
82009754
62307788
33199324
798406740
554448085
709143215
91695056
203127763
713843183
611707035
75891705
567924503
168203551
585799512
951770660
57101389
927946705
454657706
473145461
656046078
454450901
520893781
300378932
639957723
869478507
977684849
956768959
157883764
764200594
647936660
961601847
827600453
523423367
719219180
479647967
690136985
818060347
162323748
407644041
615334733
567084591
378384707
40520737
536457482
71025939
283105252
986304867
690207166
254322443
557323179
363414762
806136630
614341012
356714595
556649074
649336333
142906936
77479905
251921080
611765714
871103713
919426943
628994657
18705608
698088224
465503201
624220085
7246096
316878877
579106224
668639230
503905939
251955836
389050194
101033848
247139805
587548600
312385241
669378879
400767388
615475856
852399589
166126239
598534524
311027055
417480375
22177532
103388455
161270647
869114060
982406527
150897709
770923100
385991516
31195171
361952898
492349312
367631318
332636127
435389415
870354960
729993523
154625198
244201303
496854631
697069630
674145085
948853289
553846037
894907864
412466110
709998948
366844150
839672169
491108245
56781909
78443536
690603646
692335632
11757040
691081907
109412275
676522968
676279807
973046074
188138714
400403035
938825458
900130241
485414866
204359224
735610452
825161128
713755254
569717547
814216657
561285510
869131929
35867738
38191949
879452811
604744129
392244964
97390844
504048949
604250794
534946029
390054969
519063122
614276206
276741065
82784684
332571764
581090672
544064202
535917700
289843761
286450214
869906451
259751749
885713722
273556668
255447443
336306085
329754219
845199320
698525896
816478308
679849694
604255470
192759134
608436107
611228055
444235514
94112553
267597853
124330715
705306228
22394182
714660950
488337620
793202154
300277142
440950615
651173022
348299175
311126702
248615538
764289670
891239457
378369612
518798135
76224679
412296154
131484484
905123583
85387210
34579761
41545248
535070332
265636472
986941890
491753222
20591864
171386257
839149310
980818815
237045450
492270592
78708824
438623652
727063395
203425622
427767895
758170518
677053310
328578713
581322308
207011063
606181595
609962528
540106509
376823044
100639056
827113641
225533630
977401553
970340270
811319225
862822453
541805046
585987150
357308458
977764707
703268990
438947486
376737756
241703079
555341002
229021005
574975737
110912068
839815874
282218291
471784428
69594477
73692239
908964051
749080637
708266842
376739117
793423116
838780678
296559103
902173243
547502422
959160866
891623562
988561922
892239161
938680262
970354934
506328448
706771798
973910374
628206537
934707244
576943450
414389639
276571450
242981233
487423670
46799025
773327406
636445626
264379942
320876855
787119931
342703238
359874017
671861387
402387628
154896049
346915840
341860911
802111799
501318543
613096279
8764883
529099753
975940729
528926317
530634363
167376710
689912848
557409894
622576375
320143341
726866565
561877031
85362261
492628771
660394042
414590818
183527596
440415297
344918143
268042719
475715235
663432928
215759892
98879543
789376325
769885554
3275991
606755362
576235323
62705976
903704041
365686859
432266608
478962780
163138598
839798418
102943253
748932439
226874666
726403460
428354472
296255895
409480736
869421944
197738800
330484918
43960773
20635590
540493595
776076953
365800034
67100761
252182989
662410923
163767498
373853046
148369880
811367560
346178670
349969579
744609113
892646884
314320631
124446638
333157552
969876323
232214439
977346826
752169290
464277804
538845819
731721725
42333030
438076318
447406930
257302145
4817983
619577954
131984228
125930447
632886834
703286931
682940611
3871581
790740972
565187956
149558972
696200389
974246460
190598241
766824934
583454207
625797489
854673452
246445897
581310213
457515699
51213378
818585299
627341791
461306508
344525906
422918064
97928842
798943789
811557420
824783691
346940471
951587015
412304585
460424453
559371484
480638290
280198666
476241156
897673039
49750893
725240424
583221366
286786420
439731824
158366970
587189547
122482260
552055927
751314895
783667648
555074909
316627473
622990730
704997482
33925764
319192162
801768758
648283589
2526830
981759450
402825748
444514954
207616363
430808835
469860675
652775022
666868857
125436599
936964900
891438515
540921666
506219802
890199223
319696394
506608997
602703350
99174070
53320844
76702763
460754426
818570825
887344599
223053551
669035174
688394391
225875916
970042823
824577600
25546762
1694109
195491637
462084613
811467205
399374581
546827034
685662520
353161487
919021251
156753608
14077481
382201791
263238075
510243591
824374160
517867075
539682529
398049175
303482852
779242103
343458281
752839732
178581139
885333745
744626880
855772973
262762585
22809829
487510764
115282106
518229966
545351595
616653449
17210335
133810947
263605489
641945374
391560027
69595616
369358196
717894341
265515693
663467777
722778401
722579435
675819213
233203781
897964813
171768727
241522757
188708779
954654445
923321162
512941089
229688669
571425836
806667775
656445197
741177032
556162411
783895686
645621923
421458565
935729613
163780539
70996865
400302292
874528609
410471031
259735467
80996658
277974184
132321055
784680485
204961037
685181785
542647000
205849530
336497534
955213404
169839749
753665419
676656812
265120448
588974
578546536
854508812
879117217
453551094
747848145
968588816
654880802
84246242
524711736
719458248
736314863
55914418
565568207
478407363
303702617
322507845
52813415
425333949
7505656
89903465
486970217
840252384
535134729
869797016
676083770
574098314
395123239
133197715
76736737
725241926
674723226
898527896
485003415
424940967
440701349
527236630
190347220
169537516
777125485
494631328
663945441
473592948
751488426
394936078
821507532
853198467
293418046
836475360
141686547
260787434
689712145
778401848
298372924
279297141
785102597
661111010
145564407
975858438
768589588
670841734
975686358
752722578
206260677
586145649
494295584
153268586
967975187
642364040
981284685
254965718
91766271
845001394
951722366
681747336
429776955
770010541
181813869
375464474
990398304
532917506
350052091
705757538
806932601
337116816
80739877
453140876
842815294
344310659
419435013
428101630
84923458
284027204
593952063
755395358
670554446
106084485
483683554
735835764
870130539
292471270
398553388
465601557
132595661
830512129
738430975
586767425
705651440
986066110
512093264
55390731
370381119
600223210
939323019
231158345
585447706
461343024
106178045
545724962
252762652
332607980
844320453
928954649
360800822
96069906
20236243
771740747
453188987
691988035
265683624
625402760
84342252
304283062
902511585
308410715
292946211
752021781
406086861
482004479
127807594
597009762
237355551
695148215
490074034
361254907
310394496
801159257
697065468
94307688
222984248
225717618
579420742
853639062
832111372
790333044
200815589
13256259
991731762
166300296
825896301
237568975
79228334
696258494
181063557
868437999
580320559
981523104
170418987
155501982
247434321
645734540
870294620
691777834
421244445
628182353
253913530
486940161
270136208
603561166
973553004
496790760
101932845
568929329
52806674
55823229
587857743
693098968
495542819
562456677
161775143
822152108
292543030
753184581
538913781
893364137
331002364
683248936
520949378
657620354
517269034
668231823
202014617
752550621
2621267
309263413
938438661
632035519
566221090
976463548
957303823
64341878
961488402
966817229
148750068
368736428
766645494
889195708
479158070
460616966
501735082
465883411
343411383
113910745
950305818
627426689
654717130
162569362
410376111
507695643
515219566
131537975
137640403
324313571
533086907
406720346
616846253
779545556
811219964
336427667
750605256
500111653
128353646
28891401
48122819
598820867
645912650
189678932
800395240
196995464
797509006
225608473
492375353
611415319
843910175
505740636
611270365
269175904
467628724
216682591
120646615
91492673
215194341
7155635
926754017
177966830
185356065
620632374
941594780
133753516
752273562
396982636
131351638
718216010
289219179
851659108
456272785
535122263
510532417
836864496
106688504
542683455
226621367
615887057
714869730
494366952
472954094
88805763
735683084
531254938
874095806
338747643
254326640
401960842
935151172
66082536
315710708
251466286
557227229
600817282
380323995
772890298
48285869
312614915
312507275
88946507
922310587
911299800
657451592
465888558
414998493
377576000
80866604
498037972
289280430
146720060
227491772
29533194
514420385
888115619
90722171
573906111
342469966
390817402
816446895
798922448
510935651
441661183
416156420
412483020
634197578
93770837
746773576
576834501
462471728
422388042
928083381
237131545
535184105
710954915
48417588
617105262
640431731
601410358
981539785
475388806
217667566
138266043
72471714
944877025
279262433
336815392
954898259
477415456
403578225
521109933
731227811
262081932
726165804
700277375
694729161
846801138
933250482
652531740
13158993
612713804
173709948
737655930
159369075
857406443
502816517
616678161
73982267
19896135
140184807
468891183
290383623
451071460
435576241
584273801
221968226
771338697
526299384
610848062
136411911
51490216
474102053
704316794
576146541
713991091
266725214
308428058
151798302
471966870
373957923
474267081
221827910
902846204
30104494
262116362
962839982
571244392
126345891
813879774
832861297
980529694
508975769
93102783
145739551
281909206
380837751
728025324
90104164
346181448
570996687
641966872
497454400
386098969
256751588
334055033
996391378
163554851
546475669
730905038
691184448
990080908
429689661
20624155
993759761
311734227
988403557
449141339
564152259
200998647
904370640
9673875
114933347
540059574
821564193
728132742
223533438
730611950
758194807
217214063
867734271
293559976
112651558
677727714
28583717
817086766
32834490
228941413
55579366
434413699
754958421
547445641
260365371
30415777
756582063
633032343
119963048
566264140
642659374
214524570
636526592
580704735
338637220
111695825
366608581
892675263
258709599
575728225
61958700
497523320
214332480
608931603
624141741
371867288
385494742
800883146
357584547
59018176
741353943
78876425
387594913
879222754
340469022
621261796
326480578
783275611
443853946
696546190
456608638
124327808
830180092
271148898
233688977
86119469
160141981
601104760
329954560
720597936
986621362
717313680
990836895
228034343
83559046
49922009
313981174
740633639
842317798
348432841
214095504
88354309
913527373
745351056
920993359
367887212
445720044
241139051
61278856
802521028
27909696
910799083
477390716
363400513
894769495
432561041
527143182
970468257
908471005
574026962
474937589
435724972
965542941
921993109
387286465
703480546
888249819
493592175
831922758
822749060
381939492
980242030
505415384
622720700
314904863
124828111
32626553
548786573
412947918
397757605
975769810
122119152
948807562
454751631
244740906
960952114
676127804
667109673
624149242
875728706
208312814
974263084
931434811
323481844
867574108
721074350
612702940
53538542
728658759
330410254
381884521
385043602
459756194
909451477
238090232
582414756
76025301
424385484
528107449
266232980
213799437
951574978
141316008
474696369
585273967
287986163
19577867
432083430
97715738
635210999
510750409
895706315
486410628
307164654
2479702
572245304
429192516
747122190
38856991
383164495
599536196
456824604
854657238
499305529
608646373
37394941
174991759
514536987
499348342
136605454
132737403
390405706
605714514
667427042
721679917
394125607
957964991
492891477
841568503
295497356
738153786
595582774
77290035
599401265
42800119
217049661
59696871
223374807
817362761
58685388
834812264
804290598
738747961
783192097
974008287
851251851
89342579
397529355
443379767
854449932
367691473
395332086
854476716
326487569
899271285
345483441
884748098
37622724
178877908
830487875
3677959
687697811
752728205
52570885
650588463
102714976
532907292
362474634
57611108
908801565
25193160
773428670
654468737
776704090
378879988
275238523
262366784
187309896
362823284
824486956
152343041
706293329
454638511
236012226
62723370
346786766
547859177
822241585
978133915
626790626
544378561
978894753
349064632
900233658
454473514
80164882
664874805
934208226
719269439
534878562
650508792
52641314
109575038
195189825
542345544
765201085
176396594
615570580
336884403
732191985
596159270
982443715
276051170
995987498
912982461
209997159
624606309
361044678
579866501
368610971
495657323
918384696
547964647
601030846
324452432
85287186
738901802
26263440
535355231
620320260
114393847
457035836
788107467
206913662
409714532
242699468
437812868
478682178
657011180
159249978
312064532
108008115
293161877
921461495
729045472
462939072
663126026
133588563
835258359
542723888
536972476
180954015
383390774
244354540
572052911
307172112
519523587
132090709
512762083
728465185
364495148
108408905
518697773
575339727
91179066
98762379
724865407
699963867
181245323
297145833
639154874
1177899
281660432
500628211
300153494
766928523
597695881
253136973
19290086
73747790
585998848
831450993
279464946
7131505
579578900
103059284
120651812
605586810
400036174
327021692
474089210
648464248
755191758
646389892
808665234
276915755
121020089
855420434
34901295
682711030
673058990
619663832
432553595
497342834
547470611
854716947
879941533
51350610
490595322
619124540
245269585
897756456
4162994
866170135
963745638
412871642
826577027
827867218
276576596
437214186
468801656
529017392
604424907
719625330
72761697
316017829
961809072
149556442
858792065
486638715
315503230
688572328
263533916
459043537
152883634
808869779
983785326
318205838
397869286
744496575
309236376
565384791
839692957
908140212
633472561
155149722
10662138
986955259
255031774
93050940
347652778
357102256
153005248
790802696
588145071
388825020
743778232
838249944
516967495
319082570
830636404
904017433
831821227
786347295
588633417
482805768
81998879
76598078
944474210
890355194
542278623
285296971
922539311
472983062
80790434
339620608
72064955
405669685
833467088
353859771
488995653
785585301
535241682
362661096
224160662
282658560
311330118
445450815
649018189
810217995
721264229
300332436
883357899
329209643
828244318
229391818
444095020
862969376
873373384
667819211
768083660
528817889
577970801
882138431
916350857
566099196
416000814
316849328
454008538
903478378
459572108
567556859
532797440
123038488
604987241
421268322
195207722
436534567
41769715
157846514
73413501
750679459
409896813
35926234
611703707
651850349
754175432
681018021
431576945
605519423
139980691
655052118
646216456
540285816
678400676
41766804
351825682
827255952
859144148
30429889
867856325
282469953
139112401
455633214
619745395
214234116
248370895
668140748
664449235
374382113
231792862
987319834
98196225
951206279
864070377
821848141
588237537
392810112
459231059
208889862
644039814
88839397
837242783
94564443
286622392
428995931
512455922
949330745
586800381
651245473
660999501
440100203
578445591
540765548
769233608
206542441
113842544
940485552
724437838
226435876
319371910
417395172
773230552
99070475
828015920
725029646
570806313
91781989
584089487
362468191
663028106
240945834
945445814
870153653
864796245
93216167
167490012
752704199
460359829
190264687
841276711
603522679
167849491
280051187
834735569
865838576
377543810
734617061
313837282
670053720
709064290
199257911
3325430
949747802
661072396
221452329
859841596
320524086
981514180
129062969
539418147
159649606
329968774
902111805
140134009
629954206
833907965
175184200
970285824
901401313
843158580
71012677
8270785
85410636
801279639
892017387
314867668
148327590
331455179
63370514
339807429
953349454
554880588
121037063
827944038
189256222
204206245
554764723
483268569
434633238
670199765
388034192
597005259
763448711
159181545
247947639
961863798
437946189
245943047
864367541
791337988
996911107
780275677
149582018
738058215
67532230
699007273
949322182
327447180
269952944
984462402
728561082
201106692
932903973
156796244
193078959
519066644
203086860
998038867
709192282
164401639
594393075
564073319
443047388
382966774
703051072
716809694
145877583
453334087
859750396
197658991
111940119
411481677
794092249
991840626
302503263
575204092
316561603
947944099
522324617
602182156
307136522
771893362
94906624
239882018
348533461
513537659
463679234
855974387
73104180
402612203
291574130
981183629
386683625
282522724
80069601
626935157
606038482
80798898
811708673
57021351
767229491
75175684
947488988
712537971
471025422
203243980
560921703
975999585
668464661
347698805
224778684
871596259
742397817
952265053
122278871
643994297
635390800
944725897
105164298
167534754
507233924
892062079
311321393
623203247
101048381
104427432
602400648
867358177
301211553
128680688
954157588
395282405
320943591
13532447
176127017
793788809
280404217
192284425
99985413
426117577
679917815
95776859
932414922
688948708
971821118
211455456
579564634
994116691
733039882
644850152
759484834
646163394
443668207
970319776
231939501
514873673
475754666
33902318
384035109
682885673
297484900
368287512
716398217
264931582
879643402
989421776
304629861
854725127
984801546
40644042
513897163
295684545
771193392
647516700
42331189
908940272
482685591
345836754
711828587
440215627
387767548
817252171
136132031
918032893
18380738
552457140
106823865
947397835
600883137
109009550
594683391
932870365
199736388
975946170
643507060
871806323
860960210
331444333
844123198
79017806
89335378
703567314
970105943
107683509
289335569
377814798
137214785
396336125
757835436
686920871
873675548
300214373
39843502
654516759
818696330
46097171
38228915
535941307
237185272
852592013
90940267
18793433
259941142
886051634
854013703
615430707
760788139
303438705
368903727
919835250
19510012
981839744
855288482
102636395
527779077
150057727
3752843
560837118
415839674
527014893
76887828
876578281
807510248
56244641
409163841
623042837
124723669
600066669
107774328
773957541
278923093
265557116
838134710
58246991
401544452
304624759
375124409
965274442
921975501
843894050
627043229
488341679
905582013
471350668
603378703
643870988
725037530
164635710
714253558
657986727
412375820
979402239
498425100
133698847
569655393
694241446
695226367
371027646
412047136
257932099
139134317
692810866
247626885
775597065
281950882
190824709
371721042
174706435
758117508
347734611
398495103
742745439
133481929
995545704
381416469
108156960
813880044
34271662
38405222
534259440
678172918
950137321
416519625
615421952
486154195
425318821
619559477
334050043
419187258
123456207
941344913
438572488
771227121
171571886
552689901
972407536
522834674
286036943
624039464
730547703
496039352
55320686
319969937
746610142
58422469
244575706
37654813
986902362
30052980
920801570
45198549
635065500
514629172
629401336
773970000
215840741
780404425
789409172
776157835
492767495
722639834
701057906
837018251
154672691
261299727
899778285
363513018
145164237
162251959
484440788
190639011
975752033
972036405
380652167
475383403
457716375
993553575
612549787
105888916
975359
426704257
963162114
295175084
214552524
994013169
299334417
953359102
205913229
1576571
857003399
375990776
873241882
554789408
200982948
783346793
754541031
559804779
502404885
400607980
959931670
969777108
519871368
474251321
863529939
620155608
333708195
603129127
346365685
732722020
459310607
233570821
751311231
136428454
355175541
543559988
915168056
839164242
111958817
631639517
578289645
375593634
321990218
712300751
963866552
895597613
20180756
993284899
916901582
810313919
613964070
192259069
929220193
320888594
246863569
154158048
795586328
364965995
968175355
946594251
516837517
85573560
991318856
5219230
427828031
162268908
205454930
371979680
984668159
278886170
349893450
367442862
704235189
188010978
970478558
694862711
163204613
525657648
277480234
560048007
301333623
961617060
398878204
211992639
79352344
719379640
622626480
512926510
594059478
24233619
398419761
445238888
630895141
361595744
940770576
273483840
644913701
36588806
907813693
558651029
210214169
543633789
443280278
333651754
919539746
342615516
115785954
873368436
245361171
170466957
945104387
41462111
186249798
845416864
249480577
379728536
353382790
330515018
804556347
497583080
628010138
928880844
271880686
265938025
439852268
386171262
484760888
603263804
543952749
127249224
19926251
732202583
165995070
759889130
910634583
923176696
959816274
727948658
925704400
915637187
491168450
285397819
696899477
311763228
247789333
503568122
879289412
482700377
197169521
168609679
310773808
701612814
667857582
70034639
523733360
855892715
620149019
739666137
808032721
487922077
669252156
707076881
270745542
448519207
164024070
736802201
734665453
474922729
734566869
431745075
399396232
471658979
839354253
948946357
238660039
307494326
744513624
685701157
125411182
850572125
826933275
952773903
842648296
548147448
420538655
608485441
925821906
289796831
393493566
786726559
180817685
90438398
871002977
379612814
3263889
602291742
866953404
583293852
283315444
158198095
826167914
138830781
843911029
923572541
277188968
477837200
512047061
761943963
947687542
367587054
55558413
771411440
432997332
418406607
451859914
467644192
118051958
139085830
199127404
830103752
290830176
267549936
162846034
44242587
729924159
350525892
375532746
867104798
507628304
693408940
519774085
851535888
303772262
694844668
750522336
128649687
964400852
426761012
707905413
964831397
908103611
286846273
488082519
745992287
309336759
471249416
5848559
167685844
989620798
663962869
919809902
678020412
398167676
476122905
232396643
791402255
444308171
523630792
979992459
170030139
481278653
602419407
257135289
929172995
723550273
342570571
196787923
292421081
306546717
518952927
590171747
576660028
830243964
848909729
830482238
181866725
811253599
346051346
637608661
809131839
844241721
881167313
867640684
127008786
708189460
5024992
877830758
512153009
744184090
819234810
321222181
952747013
583845669
835825925
9066531
178532495
774278596
450971170
236835656
158354366
738976560
79436013
603762617
714764402
918759176
141898349
372534669
928716098
909209051
20761681
144852957
577924286
555001271
472428718
831846561
971178038
726132642
213216799
30984162
9718056
796056289
199002246
31052908
189059845
929439665
552717478
889480585
695510723
88661130
274749534
631478068
770002043
654540925
608705330
352807139
412569136
978995886
629690377
956325564
163680183
810259553
590159070
965495933
603491322
173913715
906846221
232315910
144128627
526551200
32908954
456848676
162193200
778522757
181075346
570380763
321971931
213236046
53680837
756832601
56308511
351456173
878441171
926651596
575249071
269317599
550778855
975278132
400160211
444574435
114898396
12762633
781596119
799076146
655196585
781516179
367547564
12967703
930305235
896173823
898768809
724903918
238246138
458379615
286228198
163063095
671571139
627101123
227530860
643153253
383106103
302373189
298390753
667153451
291483636
398504764
531068962
112483487
416964023
818620407
639729838
782093059
591148107
986474492
733513294
645016696
359534897
737543667
599417268
879818679
853466871
983794975
365941767
865676546
57661888
593572043
538004359
232348487
971464484
943066449
57822163
145401040
197357973
81974475
869767168
668779817
447749803
954446450
454554421
479633573
817495835
590141195
78750527
158384246
448446610
42679936
473806177
271044642
426902060
342987965
446261940
862540297
452430716
661811218
622466143
346053197
866615113
258370324
840901752
308574759
484407409
839105296
535961268
860460579
695157697
980935299
28180389
830490862
137182246
169113851
53668260
530885701
630892282
726345323
508775419
945649016
334739411
486015129
952903681
274525129
857692940
695560153
197830684
896585976
619138265
563680075
20882462
109192602
576726052
484013509
392970953
620489921
458816882
336190385
216250860
430086706
757521676
497762331
72015249
877921591
738993953
368027616
612499476
436249943
539510199
813535207
944229276
625337414
482304611
734447706
185212540
231202336
564624776
207388748
657084268
44003006
200553623
705338407
665464897
198983190
601071270
883723483
114478341
104681955
349711351
243819967
990877597
334867268
409442387
30349426
222606046
133243059
271546893
120865553
643703703
767446040
354369020
412897563
490085230
184098143
413451933
543034577
854997162
781815732
344920604
204271470
380275746
201516187
287720066
232626679
518692136
394064968
784853062
332411242
895433010
381463161
326518687
202012322
311069138
268033753
209623292
595268759
527279411
789723800
179627658
443780043
187936833
22671786
49177661
442413445
936916033
170605147
224662274
798147030
278190196
982844810
492736510
771286167
784272495
256800822
159131441
509987189
383566179
290789620
561039231
162273601
103121003
524428856
820331787
139235639
73962309
233021217
353430688
949652662
86486989
392908407
650742633
20048324
304083508
980581900
574005478
700423843
35514495
246167970
466678501
762965330
802777409
608532248
597416824
275926025
781526919
497776816
212771537
247006034
302132324
775190211
345291013
892292141
833260602
465752203
573157363
639436996
402736335
427683815
536775635
986734040
602508500
219616980
413002242
470260053
960067420
746189794
650871055
944932145
761352968
406213119
115973745
556813562
567137040
568745161
345562020
687730516
821282581
125089024
686680994
113302311
945002676
1127257
840033477
631631727
357258730
230443041
20469396
928642966
631606268
600204291
701933566
771392256
625046371
621344957
730638718
317424409
955220614
312597582
863257008
218067423
500090614
283851129
781933359
618161082
594193284
820448460
481913269
607912993
528108540
565272431
61101245
772609858
728841741
883159823
440448900
615760969
648160280
522203381
404533491
773808401
376387330
685222026
836488164
709984034
803184698
497294191
45403543
195897578
396395672
215275697
849259168
533346176
315690090
44502210
40476789
862491213
377050621
282009544
241388632
736789400
559744674
179059823
250522793
399240232
772680588
289334569
557519317
878066729
598709217
218715264
196894041
504330626
487082844
706841037
23668086
539576803
397608901
256034871
856354919
86492201
17635388
736245160
68869995
840413069
156123908
162232232
361008734
695124423
818144364
852920442
554330969
63364307
331548445
490694445
982303417
894829920
807982631
153513046
756379435
560538379
860839070
810112465
896781275
567923113
390074058
428661945
825613286
666677576
470805554
976578241
851455670
12029918
363616260
90526823
100110832
777381860
203210436
340897060
443064170
424012803
1678723
944293017
10348105
471364267
890569354
852212575
243156990
623479245
822831050
86670143
853339297
812575573
963884674
842271647
464582841
592516517
951893232
453961699
766456271
562543972
682521162
192965495
918150944
73480627
675335645
321497410
725123978
450984823
42772577
971947764
886462904
716692378
275429284
94483926
620041427
764592090
841028995
692033827
173838215
504774244
683333661
412943551
948652143
518692124
108902620
172567026
240418981
873325880
131112784
244307234
282996930
892892286
701255208
945413862
295857462
617120419
534698407
45071747
98900857
397178570
432591623
8081085
691169497
78164004
449926224
674486633
684849505
543370835
925357440
301862397
256858981
503042471
377003286
226213068
394774675
829388326
571052071
407875723
243509042
319546048
927560699
277083893
354678701
813302694
638279806
207060394
352877578
294881583
444499246
133644408
187612484
80166391
958587047
525667770
798143923
81700723
594425039
125006593
136292489
891413564
129778251
914528552
503755492
516582725
580496068
800481362
360644013
95441103
461822412
608313971
615306662
596650811
884414275
801794613
280844500
955009090
975346718
105957580
406539840
364431084
612923295
170072054
548633065
896990772
786744686
617044521
480695315
253579072
974944190
308095044
121772760
308909130
404077007
384868100
519315037
84571349
218523800
795491597
743414306
450703728
44077091
495853672
425146621
744223043
3503343
462354413
394369739
510654286
60412850
937366677
728218984
367688234
127139840
182615269
360033610
604500080
569143167
378827819
613038372
941240123
678638332
82723028
841881002
932116362
664416686
620836285
297572867
680600987
286368354
690671265
671731030
827857242
309204543
256498612
861468662
360690404
348457449
34270535
338826978
637522416
815053866
725385191
574876696
799497648
750718289
219810293
840085513
423975988
304377675
348436000
624219939
682804675
834038201
875568305
912070182
394967920
666375568
853194987
778751948
590815080
124396115
355950236
714757026
678985199
48193968
237563791
728061549
634787422
415818406
667303702
74052303
64630276
844550254
492921689
814278944
716549261
260500252
76436843
835496855
145661955
98416132
28289879
504516091
974981618
216432805
757995647
750227661
755275590
262036534
827494228
54459146
772837386
498047091
351296015
413054126
236404761
201923587
460479056
348168474
32150707
298782766
619362424
302809934
282805639
503542034
664919733
105890
733553619
675099436
72531468
464616363
622537678
547158781
259807671
743353045
620408559
587356186
227221403
140690082
232258916
970902094
209044721
452552707
667423987
96335158
75735536
634932898
370096644
744492179
332566367
609098284
914868086
884989850
973923818
745963358
80306384
878644011
292728283
248036563
310017066
25576318
527520688
911187427
554729481
349180560
509302423
564976260
75473767
749016287
102011671
177044032
944652490
458728423
516718658
346320193
588757832
397112888
450238716
634140250
829779477
698931884
321288624
399180201
581201221
626765440
819830771
27155570
680641601
363493449
997156717
447414319
173998171
877746831
756459922
944597133
566141542
147640789
110009315
361417953
650375787
895248504
764691328
978738570
874465324
741334385
73353014
627101593
457887189
50643456
847887990
474604210
493291624
86261972
212712384
438287972
763265032
54950440
145942460
892595743
633786277
658896076
29524737
456988720
304001147
17556175
752103871
607145599
895351772
355720786
611750198
609353378
577998065
916005007
790436692
494086847
712607243
872925623
752064677
5500792
943359214
834645788
781108224
349955709
960306539
477935131
748813915
633894628
109531501
190635086
268137949
524787082
598285185
154158859
181568202
463064372
774434986
372201088
205862726
880741189
787583981
583228374
695982786
686100029
796535279
88949372
78693667
5181729
430076844
234897400
982526115
963741043
396209523
601418481
82244625
246536272
80222360
110878990
221110386
42052155
582098567
492236420
700802464
549462210
960378093
51099721
427901658
673781579
409789330
833031056
507967186
553966332
319702139
337221325
320875183
267756326
31807421
206937155
539692514
960759608
709925049
70062658
407290255
873290295
278775112
161000956
941179647
125029101
326106272
967820499
461148994
116239813
106793338
157366719
637001998
163123685
59509182
265188609
77373461
941521093
883996425
684942532
808860137
943462255
216526285
63294295
625288852
511513983
195639711
525280364
587401007
419124222
65569335
749562962
422154246
659195118
765605834
736449969
113327562
928321215
334901301
220494826
278622887
822252455
192362563
582759805
68238306
294571715
237424748
144419938
618783624
591465840
672128900
561940415
565319915
302688352
73121431
422305508
13172850
29758935
474640439
593115742
92939367
593300192
926652228
583580900
593106703
295549076
599970022
348914224
959755277
686425778
221238586
281621278
726726505
885931686
196631573
776983171
269510694
678000097
982009440
622296133
964589371
126604867
649750632
540048840
583065532
678755835
247358725
542390037
203754874
672731519
957066805
849826275
300940498
308971680
994629833
173128753
459476741
780227201
922455253
557048814
291277043
904759286
618992522
660564870
631719398
280076625
46709426
535699117
149039854
124324775
891835591
261145878
267151109
657551092
126559135
458613045
319523777
557815405
824605425
354742988
997352119
709135781
103944727
477728911
3792554
78229818
82217311
703072077
256821201
793970508
961382040
263742630
888523401
941208315
489653173
237189833
864336383
982434872
293491165
454854510
894012836
781189271
994959064
939492730
332860923
961210904
24013807
498317892
173806913
973876037
604887597
456128971
817217476
453799126
42585181
760246073
494445389
572341315
578613051
935391143
39413906
944630410
260304219
613405360
457252778
252182347
250597972
987873334
858804939
52263319
483383115
742405472
238164843
406229364
536849978
470423730
944385815
850937736
696150215
81400560
357279361
319391242
605125886
259365103
641927928
856493377
424814030
229824712
756087651
243223413
567625032
339854990
151457783
274155873
986166743
394581064
906907980
289516373
826322460
22638830
214378220
551983890
696457354
522547224
990995453
185319188
350749592
110814708
825585062
488320474
699148314
464209453
305868903
884279533
477380376
283067465
307958304
412799080
340617812
393423954
898427806
903469094
338758950
747944947
853209413
967001296
866957119
671081069
509303711
498104684
619917437
173179392
32161338
390531540
156414516
190376279
143040063
752540749
216976007
926750468
797964264
766211952
876354847
25354508
67380467
819558313
605217891
919851455
258909402
875313354
596933670
689124780
661607874
522535533
226323752
197976093
78142158
712870936
236492086
544135329
880018566
84904063
505980707
747718692
706948175
