729
0 0
5 1
10 2
40 30
45 31
50 32
80 60
85 61
90 62
500 500
505 501
510 502
540 530
545 531
550 532
580 560
585 561
590 562
1000 1000
1005 1001
1010 1002
1040 1030
1045 1031
1050 1032
1080 1060
1085 1061
1090 1062
2000 2000
2005 2001
2010 2002
2040 2030
2045 2031
2050 2032
2080 2060
2085 2061
2090 2062
2500 2500
2505 2501
2510 2502
2540 2530
2545 2531
2550 2532
2580 2560
2585 2561
2590 2562
3000 3000
3005 3001
3010 3002
3040 3030
3045 3031
3050 3032
3080 3060
3085 3061
3090 3062
4000 4000
4005 4001
4010 4002
4040 4030
4045 4031
4050 4032
4080 4060
4085 4061
4090 4062
4500 4500
4505 4501
4510 4502
4540 4530
4545 4531
4550 4532
4580 4560
4585 4561
4590 4562
5000 5000
5005 5001
5010 5002
5040 5030
5045 5031
5050 5032
5080 5060
5085 5061
5090 5062
30000 50000
30005 50001
30010 50002
30040 50030
30045 50031
30050 50032
30080 50060
30085 50061
30090 50062
30500 50500
30505 50501
30510 50502
30540 50530
30545 50531
30550 50532
30580 50560
30585 50561
30590 50562
31000 51000
31005 51001
31010 51002
31040 51030
31045 51031
31050 51032
31080 51060
31085 51061
31090 51062
32000 52000
32005 52001
32010 52002
32040 52030
32045 52031
32050 52032
32080 52060
32085 52061
32090 52062
32500 52500
32505 52501
32510 52502
32540 52530
32545 52531
32550 52532
32580 52560
32585 52561
32590 52562
33000 53000
33005 53001
33010 53002
33040 53030
33045 53031
33050 53032
33080 53060
33085 53061
33090 53062
34000 54000
34005 54001
34010 54002
34040 54030
34045 54031
34050 54032
34080 54060
34085 54061
34090 54062
34500 54500
34505 54501
34510 54502
34540 54530
34545 54531
34550 54532
34580 54560
34585 54561
34590 54562
35000 55000
35005 55001
35010 55002
35040 55030
35045 55031
35050 55032
35080 55060
35085 55061
35090 55062
60000 100000
60005 100001
60010 100002
60040 100030
60045 100031
60050 100032
60080 100060
60085 100061
60090 100062
60500 100500
60505 100501
60510 100502
60540 100530
60545 100531
60550 100532
60580 100560
60585 100561
60590 100562
61000 101000
61005 101001
61010 101002
61040 101030
61045 101031
61050 101032
61080 101060
61085 101061
61090 101062
62000 102000
62005 102001
62010 102002
62040 102030
62045 102031
62050 102032
62080 102060
62085 102061
62090 102062
62500 102500
62505 102501
62510 102502
62540 102530
62545 102531
62550 102532
62580 102560
62585 102561
62590 102562
63000 103000
63005 103001
63010 103002
63040 103030
63045 103031
63050 103032
63080 103060
63085 103061
63090 103062
64000 104000
64005 104001
64010 104002
64040 104030
64045 104031
64050 104032
64080 104060
64085 104061
64090 104062
64500 104500
64505 104501
64510 104502
64540 104530
64545 104531
64550 104532
64580 104560
64585 104561
64590 104562
65000 105000
65005 105001
65010 105002
65040 105030
65045 105031
65050 105032
65080 105060
65085 105061
65090 105062
100000 500000
100005 500001
100010 500002
100040 500030
100045 500031
100050 500032
100080 500060
100085 500061
100090 500062
100500 500500
100505 500501
100510 500502
100540 500530
100545 500531
100550 500532
100580 500560
100585 500561
100590 500562
101000 501000
101005 501001
101010 501002
101040 501030
101045 501031
101050 501032
101080 501060
101085 501061
101090 501062
102000 502000
102005 502001
102010 502002
102040 502030
102045 502031
102050 502032
102080 502060
102085 502061
102090 502062
102500 502500
102505 502501
102510 502502
102540 502530
102545 502531
102550 502532
102580 502560
102585 502561
102590 502562
103000 503000
103005 503001
103010 503002
103040 503030
103045 503031
103050 503032
103080 503060
103085 503061
103090 503062
104000 504000
104005 504001
104010 504002
104040 504030
104045 504031
104050 504032
104080 504060
104085 504061
104090 504062
104500 504500
104505 504501
104510 504502
104540 504530
104545 504531
104550 504532
104580 504560
104585 504561
104590 504562
105000 505000
105005 505001
105010 505002
105040 505030
105045 505031
105050 505032
105080 505060
105085 505061
105090 505062
130000 550000
130005 550001
130010 550002
130040 550030
130045 550031
130050 550032
130080 550060
130085 550061
130090 550062
130500 550500
130505 550501
130510 550502
130540 550530
130545 550531
130550 550532
130580 550560
130585 550561
130590 550562
131000 551000
131005 551001
131010 551002
131040 551030
131045 551031
131050 551032
131080 551060
131085 551061
131090 551062
132000 552000
132005 552001
132010 552002
132040 552030
132045 552031
132050 552032
132080 552060
132085 552061
132090 552062
132500 552500
132505 552501
132510 552502
132540 552530
132545 552531
132550 552532
132580 552560
132585 552561
132590 552562
133000 553000
133005 553001
133010 553002
133040 553030
133045 553031
133050 553032
133080 553060
133085 553061
133090 553062
134000 554000
134005 554001
134010 554002
134040 554030
134045 554031
134050 554032
134080 554060
134085 554061
134090 554062
134500 554500
134505 554501
134510 554502
134540 554530
134545 554531
134550 554532
134580 554560
134585 554561
134590 554562
135000 555000
135005 555001
135010 555002
135040 555030
135045 555031
135050 555032
135080 555060
135085 555061
135090 555062
160000 600000
160005 600001
160010 600002
160040 600030
160045 600031
160050 600032
160080 600060
160085 600061
160090 600062
160500 600500
160505 600501
160510 600502
160540 600530
160545 600531
160550 600532
160580 600560
160585 600561
160590 600562
161000 601000
161005 601001
161010 601002
161040 601030
161045 601031
161050 601032
161080 601060
161085 601061
161090 601062
162000 602000
162005 602001
162010 602002
162040 602030
162045 602031
162050 602032
162080 602060
162085 602061
162090 602062
162500 602500
162505 602501
162510 602502
162540 602530
162545 602531
162550 602532
162580 602560
162585 602561
162590 602562
163000 603000
163005 603001
163010 603002
163040 603030
163045 603031
163050 603032
163080 603060
163085 603061
163090 603062
164000 604000
164005 604001
164010 604002
164040 604030
164045 604031
164050 604032
164080 604060
164085 604061
164090 604062
164500 604500
164505 604501
164510 604502
164540 604530
164545 604531
164550 604532
164580 604560
164585 604561
164590 604562
165000 605000
165005 605001
165010 605002
165040 605030
165045 605031
165050 605032
165080 605060
165085 605061
165090 605062
200000 1000000
200005 1000001
200010 1000002
200040 1000030
200045 1000031
200050 1000032
200080 1000060
200085 1000061
200090 1000062
200500 1000500
200505 1000501
200510 1000502
200540 1000530
200545 1000531
200550 1000532
200580 1000560
200585 1000561
200590 1000562
201000 1001000
201005 1001001
201010 1001002
201040 1001030
201045 1001031
201050 1001032
201080 1001060
201085 1001061
201090 1001062
202000 1002000
202005 1002001
202010 1002002
202040 1002030
202045 1002031
202050 1002032
202080 1002060
202085 1002061
202090 1002062
202500 1002500
202505 1002501
202510 1002502
202540 1002530
202545 1002531
202550 1002532
202580 1002560
202585 1002561
202590 1002562
203000 1003000
203005 1003001
203010 1003002
203040 1003030
203045 1003031
203050 1003032
203080 1003060
203085 1003061
203090 1003062
204000 1004000
204005 1004001
204010 1004002
204040 1004030
204045 1004031
204050 1004032
204080 1004060
204085 1004061
204090 1004062
204500 1004500
204505 1004501
204510 1004502
204540 1004530
204545 1004531
204550 1004532
204580 1004560
204585 1004561
204590 1004562
205000 1005000
205005 1005001
205010 1005002
205040 1005030
205045 1005031
205050 1005032
205080 1005060
205085 1005061
205090 1005062
230000 1050000
230005 1050001
230010 1050002
230040 1050030
230045 1050031
230050 1050032
230080 1050060
230085 1050061
230090 1050062
230500 1050500
230505 1050501
230510 1050502
230540 1050530
230545 1050531
230550 1050532
230580 1050560
230585 1050561
230590 1050562
231000 1051000
231005 1051001
231010 1051002
231040 1051030
231045 1051031
231050 1051032
231080 1051060
231085 1051061
231090 1051062
232000 1052000
232005 1052001
232010 1052002
232040 1052030
232045 1052031
232050 1052032
232080 1052060
232085 1052061
232090 1052062
232500 1052500
232505 1052501
232510 1052502
232540 1052530
232545 1052531
232550 1052532
232580 1052560
232585 1052561
232590 1052562
233000 1053000
233005 1053001
233010 1053002
233040 1053030
233045 1053031
233050 1053032
233080 1053060
233085 1053061
233090 1053062
234000 1054000
234005 1054001
234010 1054002
234040 1054030
234045 1054031
234050 1054032
234080 1054060
234085 1054061
234090 1054062
234500 1054500
234505 1054501
234510 1054502
234540 1054530
234545 1054531
234550 1054532
234580 1054560
234585 1054561
234590 1054562
235000 1055000
235005 1055001
235010 1055002
235040 1055030
235045 1055031
235050 1055032
235080 1055060
235085 1055061
235090 1055062
260000 1100000
260005 1100001
260010 1100002
260040 1100030
260045 1100031
260050 1100032
260080 1100060
260085 1100061
260090 1100062
260500 1100500
260505 1100501
260510 1100502
260540 1100530
260545 1100531
260550 1100532
260580 1100560
260585 1100561
260590 1100562
261000 1101000
261005 1101001
261010 1101002
261040 1101030
261045 1101031
261050 1101032
261080 1101060
261085 1101061
261090 1101062
262000 1102000
262005 1102001
262010 1102002
262040 1102030
262045 1102031
262050 1102032
262080 1102060
262085 1102061
262090 1102062
262500 1102500
262505 1102501
262510 1102502
262540 1102530
262545 1102531
262550 1102532
262580 1102560
262585 1102561
262590 1102562
263000 1103000
263005 1103001
263010 1103002
263040 1103030
263045 1103031
263050 1103032
263080 1103060
263085 1103061
263090 1103062
264000 1104000
264005 1104001
264010 1104002
264040 1104030
264045 1104031
264050 1104032
264080 1104060
264085 1104061
264090 1104062
264500 1104500
264505 1104501
264510 1104502
264540 1104530
264545 1104531
264550 1104532
264580 1104560
264585 1104561
264590 1104562
265000 1105000
265005 1105001
265010 1105002
265040 1105030
265045 1105031
265050 1105032
265080 1105060
265085 1105061
265090 1105062
