64
0 0
0 3
0 20000
0 20003
50 30
50 33
50 20030
50 20033
400 400
400 403
400 20400
400 20403
450 430
450 433
450 20430
450 20433
3000 4000
3000 4003
3000 24000
3000 24003
3050 4030
3050 4033
3050 24030
3050 24033
3400 4400
3400 4403
3400 24400
3400 24403
3450 4430
3450 4433
3450 24430
3450 24433
400000 500000
400000 500003
400000 520000
400000 520003
400050 500030
400050 500033
400050 520030
400050 520033
400400 500400
400400 500403
400400 520400
400400 520403
400450 500430
400450 500433
400450 520430
400450 520433
403000 504000
403000 504003
403000 524000
403000 524003
403050 504030
403050 504033
403050 524030
403050 524033
403400 504400
403400 504403
403400 524400
403400 524403
403450 504430
403450 504433
403450 524430
403450 524433
