64
0 0
0 30
0 300000
0 300030
5 5
5 35
5 300005
5 300035
500 0
500 30
500 300000
500 300030
505 5
505 35
505 300005
505 300035
2000 2000
2000 2030
2000 302000
2000 302030
2005 2005
2005 2035
2005 302005
2005 302035
2500 2000
2500 2030
2500 302000
2500 302030
2505 2005
2505 2035
2505 302005
2505 302035
50000 50000
50000 50030
50000 350000
50000 350030
50005 50005
50005 50035
50005 350005
50005 350035
50500 50000
50500 50030
50500 350000
50500 350030
50505 50005
50505 50035
50505 350005
50505 350035
52000 52000
52000 52030
52000 352000
52000 352030
52005 52005
52005 52035
52005 352005
52005 352035
52500 52000
52500 52030
52500 352000
52500 352030
52505 52005
52505 52035
52505 352005
52505 352035
