729
0 0
0 500
0 1000
1 3
1 503
1 1003
2 6
2 506
2 1006
40 10
40 510
40 1010
41 13
41 513
41 1013
42 16
42 516
42 1016
80 20
80 520
80 1020
81 23
81 523
81 1023
82 26
82 526
82 1026
3000 0
3000 500
3000 1000
3001 3
3001 503
3001 1003
3002 6
3002 506
3002 1006
3040 10
3040 510
3040 1010
3041 13
3041 513
3041 1013
3042 16
3042 516
3042 1016
3080 20
3080 520
3080 1020
3081 23
3081 523
3081 1023
3082 26
3082 526
3082 1026
6000 0
6000 500
6000 1000
6001 3
6001 503
6001 1003
6002 6
6002 506
6002 1006
6040 10
6040 510
6040 1010
6041 13
6041 513
6041 1013
6042 16
6042 516
6042 1016
6080 20
6080 520
6080 1020
6081 23
6081 523
6081 1023
6082 26
6082 526
6082 1026
40000 0
40000 500
40000 1000
40001 3
40001 503
40001 1003
40002 6
40002 506
40002 1006
40040 10
40040 510
40040 1010
40041 13
40041 513
40041 1013
40042 16
40042 516
40042 1016
40080 20
40080 520
40080 1020
40081 23
40081 523
40081 1023
40082 26
40082 526
40082 1026
43000 0
43000 500
43000 1000
43001 3
43001 503
43001 1003
43002 6
43002 506
43002 1006
43040 10
43040 510
43040 1010
43041 13
43041 513
43041 1013
43042 16
43042 516
43042 1016
43080 20
43080 520
43080 1020
43081 23
43081 523
43081 1023
43082 26
43082 526
43082 1026
46000 0
46000 500
46000 1000
46001 3
46001 503
46001 1003
46002 6
46002 506
46002 1006
46040 10
46040 510
46040 1010
46041 13
46041 513
46041 1013
46042 16
46042 516
46042 1016
46080 20
46080 520
46080 1020
46081 23
46081 523
46081 1023
46082 26
46082 526
46082 1026
80000 0
80000 500
80000 1000
80001 3
80001 503
80001 1003
80002 6
80002 506
80002 1006
80040 10
80040 510
80040 1010
80041 13
80041 513
80041 1013
80042 16
80042 516
80042 1016
80080 20
80080 520
80080 1020
80081 23
80081 523
80081 1023
80082 26
80082 526
80082 1026
83000 0
83000 500
83000 1000
83001 3
83001 503
83001 1003
83002 6
83002 506
83002 1006
83040 10
83040 510
83040 1010
83041 13
83041 513
83041 1013
83042 16
83042 516
83042 1016
83080 20
83080 520
83080 1020
83081 23
83081 523
83081 1023
83082 26
83082 526
83082 1026
86000 0
86000 500
86000 1000
86001 3
86001 503
86001 1003
86002 6
86002 506
86002 1006
86040 10
86040 510
86040 1010
86041 13
86041 513
86041 1013
86042 16
86042 516
86042 1016
86080 20
86080 520
86080 1020
86081 23
86081 523
86081 1023
86082 26
86082 526
86082 1026
100000 200000
100000 200500
100000 201000
100001 200003
100001 200503
100001 201003
100002 200006
100002 200506
100002 201006
100040 200010
100040 200510
100040 201010
100041 200013
100041 200513
100041 201013
100042 200016
100042 200516
100042 201016
100080 200020
100080 200520
100080 201020
100081 200023
100081 200523
100081 201023
100082 200026
100082 200526
100082 201026
103000 200000
103000 200500
103000 201000
103001 200003
103001 200503
103001 201003
103002 200006
103002 200506
103002 201006
103040 200010
103040 200510
103040 201010
103041 200013
103041 200513
103041 201013
103042 200016
103042 200516
103042 201016
103080 200020
103080 200520
103080 201020
103081 200023
103081 200523
103081 201023
103082 200026
103082 200526
103082 201026
106000 200000
106000 200500
106000 201000
106001 200003
106001 200503
106001 201003
106002 200006
106002 200506
106002 201006
106040 200010
106040 200510
106040 201010
106041 200013
106041 200513
106041 201013
106042 200016
106042 200516
106042 201016
106080 200020
106080 200520
106080 201020
106081 200023
106081 200523
106081 201023
106082 200026
106082 200526
106082 201026
140000 200000
140000 200500
140000 201000
140001 200003
140001 200503
140001 201003
140002 200006
140002 200506
140002 201006
140040 200010
140040 200510
140040 201010
140041 200013
140041 200513
140041 201013
140042 200016
140042 200516
140042 201016
140080 200020
140080 200520
140080 201020
140081 200023
140081 200523
140081 201023
140082 200026
140082 200526
140082 201026
143000 200000
143000 200500
143000 201000
143001 200003
143001 200503
143001 201003
143002 200006
143002 200506
143002 201006
143040 200010
143040 200510
143040 201010
143041 200013
143041 200513
143041 201013
143042 200016
143042 200516
143042 201016
143080 200020
143080 200520
143080 201020
143081 200023
143081 200523
143081 201023
143082 200026
143082 200526
143082 201026
146000 200000
146000 200500
146000 201000
146001 200003
146001 200503
146001 201003
146002 200006
146002 200506
146002 201006
146040 200010
146040 200510
146040 201010
146041 200013
146041 200513
146041 201013
146042 200016
146042 200516
146042 201016
146080 200020
146080 200520
146080 201020
146081 200023
146081 200523
146081 201023
146082 200026
146082 200526
146082 201026
180000 200000
180000 200500
180000 201000
180001 200003
180001 200503
180001 201003
180002 200006
180002 200506
180002 201006
180040 200010
180040 200510
180040 201010
180041 200013
180041 200513
180041 201013
180042 200016
180042 200516
180042 201016
180080 200020
180080 200520
180080 201020
180081 200023
180081 200523
180081 201023
180082 200026
180082 200526
180082 201026
183000 200000
183000 200500
183000 201000
183001 200003
183001 200503
183001 201003
183002 200006
183002 200506
183002 201006
183040 200010
183040 200510
183040 201010
183041 200013
183041 200513
183041 201013
183042 200016
183042 200516
183042 201016
183080 200020
183080 200520
183080 201020
183081 200023
183081 200523
183081 201023
183082 200026
183082 200526
183082 201026
186000 200000
186000 200500
186000 201000
186001 200003
186001 200503
186001 201003
186002 200006
186002 200506
186002 201006
186040 200010
186040 200510
186040 201010
186041 200013
186041 200513
186041 201013
186042 200016
186042 200516
186042 201016
186080 200020
186080 200520
186080 201020
186081 200023
186081 200523
186081 201023
186082 200026
186082 200526
186082 201026
200000 400000
200000 400500
200000 401000
200001 400003
200001 400503
200001 401003
200002 400006
200002 400506
200002 401006
200040 400010
200040 400510
200040 401010
200041 400013
200041 400513
200041 401013
200042 400016
200042 400516
200042 401016
200080 400020
200080 400520
200080 401020
200081 400023
200081 400523
200081 401023
200082 400026
200082 400526
200082 401026
203000 400000
203000 400500
203000 401000
203001 400003
203001 400503
203001 401003
203002 400006
203002 400506
203002 401006
203040 400010
203040 400510
203040 401010
203041 400013
203041 400513
203041 401013
203042 400016
203042 400516
203042 401016
203080 400020
203080 400520
203080 401020
203081 400023
203081 400523
203081 401023
203082 400026
203082 400526
203082 401026
206000 400000
206000 400500
206000 401000
206001 400003
206001 400503
206001 401003
206002 400006
206002 400506
206002 401006
206040 400010
206040 400510
206040 401010
206041 400013
206041 400513
206041 401013
206042 400016
206042 400516
206042 401016
206080 400020
206080 400520
206080 401020
206081 400023
206081 400523
206081 401023
206082 400026
206082 400526
206082 401026
240000 400000
240000 400500
240000 401000
240001 400003
240001 400503
240001 401003
240002 400006
240002 400506
240002 401006
240040 400010
240040 400510
240040 401010
240041 400013
240041 400513
240041 401013
240042 400016
240042 400516
240042 401016
240080 400020
240080 400520
240080 401020
240081 400023
240081 400523
240081 401023
240082 400026
240082 400526
240082 401026
243000 400000
243000 400500
243000 401000
243001 400003
243001 400503
243001 401003
243002 400006
243002 400506
243002 401006
243040 400010
243040 400510
243040 401010
243041 400013
243041 400513
243041 401013
243042 400016
243042 400516
243042 401016
243080 400020
243080 400520
243080 401020
243081 400023
243081 400523
243081 401023
243082 400026
243082 400526
243082 401026
246000 400000
246000 400500
246000 401000
246001 400003
246001 400503
246001 401003
246002 400006
246002 400506
246002 401006
246040 400010
246040 400510
246040 401010
246041 400013
246041 400513
246041 401013
246042 400016
246042 400516
246042 401016
246080 400020
246080 400520
246080 401020
246081 400023
246081 400523
246081 401023
246082 400026
246082 400526
246082 401026
280000 400000
280000 400500
280000 401000
280001 400003
280001 400503
280001 401003
280002 400006
280002 400506
280002 401006
280040 400010
280040 400510
280040 401010
280041 400013
280041 400513
280041 401013
280042 400016
280042 400516
280042 401016
280080 400020
280080 400520
280080 401020
280081 400023
280081 400523
280081 401023
280082 400026
280082 400526
280082 401026
283000 400000
283000 400500
283000 401000
283001 400003
283001 400503
283001 401003
283002 400006
283002 400506
283002 401006
283040 400010
283040 400510
283040 401010
283041 400013
283041 400513
283041 401013
283042 400016
283042 400516
283042 401016
283080 400020
283080 400520
283080 401020
283081 400023
283081 400523
283081 401023
283082 400026
283082 400526
283082 401026
286000 400000
286000 400500
286000 401000
286001 400003
286001 400503
286001 401003
286002 400006
286002 400506
286002 401006
286040 400010
286040 400510
286040 401010
286041 400013
286041 400513
286041 401013
286042 400016
286042 400516
286042 401016
286080 400020
286080 400520
286080 401020
286081 400023
286081 400523
286081 401023
286082 400026
286082 400526
286082 401026
