729
0 0
0 50000
0 100000
2 3
2 50003
2 100003
4 6
4 50006
4 100006
40 20
40 50020
40 100020
42 23
42 50023
42 100023
44 26
44 50026
44 100026
80 40
80 50040
80 100040
82 43
82 50043
82 100043
84 46
84 50046
84 100046
400 400
400 50400
400 100400
402 403
402 50403
402 100403
404 406
404 50406
404 100406
440 420
440 50420
440 100420
442 423
442 50423
442 100423
444 426
444 50426
444 100426
480 440
480 50440
480 100440
482 443
482 50443
482 100443
484 446
484 50446
484 100446
800 800
800 50800
800 100800
802 803
802 50803
802 100803
804 806
804 50806
804 100806
840 820
840 50820
840 100820
842 823
842 50823
842 100823
844 826
844 50826
844 100826
880 840
880 50840
880 100840
882 843
882 50843
882 100843
884 846
884 50846
884 100846
1000 2000
1000 52000
1000 102000
1002 2003
1002 52003
1002 102003
1004 2006
1004 52006
1004 102006
1040 2020
1040 52020
1040 102020
1042 2023
1042 52023
1042 102023
1044 2026
1044 52026
1044 102026
1080 2040
1080 52040
1080 102040
1082 2043
1082 52043
1082 102043
1084 2046
1084 52046
1084 102046
1400 2400
1400 52400
1400 102400
1402 2403
1402 52403
1402 102403
1404 2406
1404 52406
1404 102406
1440 2420
1440 52420
1440 102420
1442 2423
1442 52423
1442 102423
1444 2426
1444 52426
1444 102426
1480 2440
1480 52440
1480 102440
1482 2443
1482 52443
1482 102443
1484 2446
1484 52446
1484 102446
1800 2800
1800 52800
1800 102800
1802 2803
1802 52803
1802 102803
1804 2806
1804 52806
1804 102806
1840 2820
1840 52820
1840 102820
1842 2823
1842 52823
1842 102823
1844 2826
1844 52826
1844 102826
1880 2840
1880 52840
1880 102840
1882 2843
1882 52843
1882 102843
1884 2846
1884 52846
1884 102846
2000 4000
2000 54000
2000 104000
2002 4003
2002 54003
2002 104003
2004 4006
2004 54006
2004 104006
2040 4020
2040 54020
2040 104020
2042 4023
2042 54023
2042 104023
2044 4026
2044 54026
2044 104026
2080 4040
2080 54040
2080 104040
2082 4043
2082 54043
2082 104043
2084 4046
2084 54046
2084 104046
2400 4400
2400 54400
2400 104400
2402 4403
2402 54403
2402 104403
2404 4406
2404 54406
2404 104406
2440 4420
2440 54420
2440 104420
2442 4423
2442 54423
2442 104423
2444 4426
2444 54426
2444 104426
2480 4440
2480 54440
2480 104440
2482 4443
2482 54443
2482 104443
2484 4446
2484 54446
2484 104446
2800 4800
2800 54800
2800 104800
2802 4803
2802 54803
2802 104803
2804 4806
2804 54806
2804 104806
2840 4820
2840 54820
2840 104820
2842 4823
2842 54823
2842 104823
2844 4826
2844 54826
2844 104826
2880 4840
2880 54840
2880 104840
2882 4843
2882 54843
2882 104843
2884 4846
2884 54846
2884 104846
500000 0
500000 50000
500000 100000
500002 3
500002 50003
500002 100003
500004 6
500004 50006
500004 100006
500040 20
500040 50020
500040 100020
500042 23
500042 50023
500042 100023
500044 26
500044 50026
500044 100026
500080 40
500080 50040
500080 100040
500082 43
500082 50043
500082 100043
500084 46
500084 50046
500084 100046
500400 400
500400 50400
500400 100400
500402 403
500402 50403
500402 100403
500404 406
500404 50406
500404 100406
500440 420
500440 50420
500440 100420
500442 423
500442 50423
500442 100423
500444 426
500444 50426
500444 100426
500480 440
500480 50440
500480 100440
500482 443
500482 50443
500482 100443
500484 446
500484 50446
500484 100446
500800 800
500800 50800
500800 100800
500802 803
500802 50803
500802 100803
500804 806
500804 50806
500804 100806
500840 820
500840 50820
500840 100820
500842 823
500842 50823
500842 100823
500844 826
500844 50826
500844 100826
500880 840
500880 50840
500880 100840
500882 843
500882 50843
500882 100843
500884 846
500884 50846
500884 100846
501000 2000
501000 52000
501000 102000
501002 2003
501002 52003
501002 102003
501004 2006
501004 52006
501004 102006
501040 2020
501040 52020
501040 102020
501042 2023
501042 52023
501042 102023
501044 2026
501044 52026
501044 102026
501080 2040
501080 52040
501080 102040
501082 2043
501082 52043
501082 102043
501084 2046
501084 52046
501084 102046
501400 2400
501400 52400
501400 102400
501402 2403
501402 52403
501402 102403
501404 2406
501404 52406
501404 102406
501440 2420
501440 52420
501440 102420
501442 2423
501442 52423
501442 102423
501444 2426
501444 52426
501444 102426
501480 2440
501480 52440
501480 102440
501482 2443
501482 52443
501482 102443
501484 2446
501484 52446
501484 102446
501800 2800
501800 52800
501800 102800
501802 2803
501802 52803
501802 102803
501804 2806
501804 52806
501804 102806
501840 2820
501840 52820
501840 102820
501842 2823
501842 52823
501842 102823
501844 2826
501844 52826
501844 102826
501880 2840
501880 52840
501880 102840
501882 2843
501882 52843
501882 102843
501884 2846
501884 52846
501884 102846
502000 4000
502000 54000
502000 104000
502002 4003
502002 54003
502002 104003
502004 4006
502004 54006
502004 104006
502040 4020
502040 54020
502040 104020
502042 4023
502042 54023
502042 104023
502044 4026
502044 54026
502044 104026
502080 4040
502080 54040
502080 104040
502082 4043
502082 54043
502082 104043
502084 4046
502084 54046
502084 104046
502400 4400
502400 54400
502400 104400
502402 4403
502402 54403
502402 104403
502404 4406
502404 54406
502404 104406
502440 4420
502440 54420
502440 104420
502442 4423
502442 54423
502442 104423
502444 4426
502444 54426
502444 104426
502480 4440
502480 54440
502480 104440
502482 4443
502482 54443
502482 104443
502484 4446
502484 54446
502484 104446
502800 4800
502800 54800
502800 104800
502802 4803
502802 54803
502802 104803
502804 4806
502804 54806
502804 104806
502840 4820
502840 54820
502840 104820
502842 4823
502842 54823
502842 104823
502844 4826
502844 54826
502844 104826
502880 4840
502880 54840
502880 104840
502882 4843
502882 54843
502882 104843
502884 4846
502884 54846
502884 104846
1000000 0
1000000 50000
1000000 100000
1000002 3
1000002 50003
1000002 100003
1000004 6
1000004 50006
1000004 100006
1000040 20
1000040 50020
1000040 100020
1000042 23
1000042 50023
1000042 100023
1000044 26
1000044 50026
1000044 100026
1000080 40
1000080 50040
1000080 100040
1000082 43
1000082 50043
1000082 100043
1000084 46
1000084 50046
1000084 100046
1000400 400
1000400 50400
1000400 100400
1000402 403
1000402 50403
1000402 100403
1000404 406
1000404 50406
1000404 100406
1000440 420
1000440 50420
1000440 100420
1000442 423
1000442 50423
1000442 100423
1000444 426
1000444 50426
1000444 100426
1000480 440
1000480 50440
1000480 100440
1000482 443
1000482 50443
1000482 100443
1000484 446
1000484 50446
1000484 100446
1000800 800
1000800 50800
1000800 100800
1000802 803
1000802 50803
1000802 100803
1000804 806
1000804 50806
1000804 100806
1000840 820
1000840 50820
1000840 100820
1000842 823
1000842 50823
1000842 100823
1000844 826
1000844 50826
1000844 100826
1000880 840
1000880 50840
1000880 100840
1000882 843
1000882 50843
1000882 100843
1000884 846
1000884 50846
1000884 100846
1001000 2000
1001000 52000
1001000 102000
1001002 2003
1001002 52003
1001002 102003
1001004 2006
1001004 52006
1001004 102006
1001040 2020
1001040 52020
1001040 102020
1001042 2023
1001042 52023
1001042 102023
1001044 2026
1001044 52026
1001044 102026
1001080 2040
1001080 52040
1001080 102040
1001082 2043
1001082 52043
1001082 102043
1001084 2046
1001084 52046
1001084 102046
1001400 2400
1001400 52400
1001400 102400
1001402 2403
1001402 52403
1001402 102403
1001404 2406
1001404 52406
1001404 102406
1001440 2420
1001440 52420
1001440 102420
1001442 2423
1001442 52423
1001442 102423
1001444 2426
1001444 52426
1001444 102426
1001480 2440
1001480 52440
1001480 102440
1001482 2443
1001482 52443
1001482 102443
1001484 2446
1001484 52446
1001484 102446
1001800 2800
1001800 52800
1001800 102800
1001802 2803
1001802 52803
1001802 102803
1001804 2806
1001804 52806
1001804 102806
1001840 2820
1001840 52820
1001840 102820
1001842 2823
1001842 52823
1001842 102823
1001844 2826
1001844 52826
1001844 102826
1001880 2840
1001880 52840
1001880 102840
1001882 2843
1001882 52843
1001882 102843
1001884 2846
1001884 52846
1001884 102846
1002000 4000
1002000 54000
1002000 104000
1002002 4003
1002002 54003
1002002 104003
1002004 4006
1002004 54006
1002004 104006
1002040 4020
1002040 54020
1002040 104020
1002042 4023
1002042 54023
1002042 104023
1002044 4026
1002044 54026
1002044 104026
1002080 4040
1002080 54040
1002080 104040
1002082 4043
1002082 54043
1002082 104043
1002084 4046
1002084 54046
1002084 104046
1002400 4400
1002400 54400
1002400 104400
1002402 4403
1002402 54403
1002402 104403
1002404 4406
1002404 54406
1002404 104406
1002440 4420
1002440 54420
1002440 104420
1002442 4423
1002442 54423
1002442 104423
1002444 4426
1002444 54426
1002444 104426
1002480 4440
1002480 54440
1002480 104440
1002482 4443
1002482 54443
1002482 104443
1002484 4446
1002484 54446
1002484 104446
1002800 4800
1002800 54800
1002800 104800
1002802 4803
1002802 54803
1002802 104803
1002804 4806
1002804 54806
1002804 104806
1002840 4820
1002840 54820
1002840 104820
1002842 4823
1002842 54823
1002842 104823
1002844 4826
1002844 54826
1002844 104826
1002880 4840
1002880 54840
1002880 104840
1002882 4843
1002882 54843
1002882 104843
1002884 4846
1002884 54846
1002884 104846
