4096
0 0
5 0
10 0
15 0
30 10
35 10
40 10
45 10
60 20
65 20
70 20
75 20
90 30
95 30
100 30
105 30
400 500
405 500
410 500
415 500
430 510
435 510
440 510
445 510
460 520
465 520
470 520
475 520
490 530
495 530
500 530
505 530
800 1000
805 1000
810 1000
815 1000
830 1010
835 1010
840 1010
845 1010
860 1020
865 1020
870 1020
875 1020
890 1030
895 1030
900 1030
905 1030
1200 1500
1205 1500
1210 1500
1215 1500
1230 1510
1235 1510
1240 1510
1245 1510
1260 1520
1265 1520
1270 1520
1275 1520
1290 1530
1295 1530
1300 1530
1305 1530
4000 5000
4005 5000
4010 5000
4015 5000
4030 5010
4035 5010
4040 5010
4045 5010
4060 5020
4065 5020
4070 5020
4075 5020
4090 5030
4095 5030
4100 5030
4105 5030
4400 5500
4405 5500
4410 5500
4415 5500
4430 5510
4435 5510
4440 5510
4445 5510
4460 5520
4465 5520
4470 5520
4475 5520
4490 5530
4495 5530
4500 5530
4505 5530
4800 6000
4805 6000
4810 6000
4815 6000
4830 6010
4835 6010
4840 6010
4845 6010
4860 6020
4865 6020
4870 6020
4875 6020
4890 6030
4895 6030
4900 6030
4905 6030
5200 6500
5205 6500
5210 6500
5215 6500
5230 6510
5235 6510
5240 6510
5245 6510
5260 6520
5265 6520
5270 6520
5275 6520
5290 6530
5295 6530
5300 6530
5305 6530
8000 10000
8005 10000
8010 10000
8015 10000
8030 10010
8035 10010
8040 10010
8045 10010
8060 10020
8065 10020
8070 10020
8075 10020
8090 10030
8095 10030
8100 10030
8105 10030
8400 10500
8405 10500
8410 10500
8415 10500
8430 10510
8435 10510
8440 10510
8445 10510
8460 10520
8465 10520
8470 10520
8475 10520
8490 10530
8495 10530
8500 10530
8505 10530
8800 11000
8805 11000
8810 11000
8815 11000
8830 11010
8835 11010
8840 11010
8845 11010
8860 11020
8865 11020
8870 11020
8875 11020
8890 11030
8895 11030
8900 11030
8905 11030
9200 11500
9205 11500
9210 11500
9215 11500
9230 11510
9235 11510
9240 11510
9245 11510
9260 11520
9265 11520
9270 11520
9275 11520
9290 11530
9295 11530
9300 11530
9305 11530
12000 15000
12005 15000
12010 15000
12015 15000
12030 15010
12035 15010
12040 15010
12045 15010
12060 15020
12065 15020
12070 15020
12075 15020
12090 15030
12095 15030
12100 15030
12105 15030
12400 15500
12405 15500
12410 15500
12415 15500
12430 15510
12435 15510
12440 15510
12445 15510
12460 15520
12465 15520
12470 15520
12475 15520
12490 15530
12495 15530
12500 15530
12505 15530
12800 16000
12805 16000
12810 16000
12815 16000
12830 16010
12835 16010
12840 16010
12845 16010
12860 16020
12865 16020
12870 16020
12875 16020
12890 16030
12895 16030
12900 16030
12905 16030
13200 16500
13205 16500
13210 16500
13215 16500
13230 16510
13235 16510
13240 16510
13245 16510
13260 16520
13265 16520
13270 16520
13275 16520
13290 16530
13295 16530
13300 16530
13305 16530
50000 30000
50005 30000
50010 30000
50015 30000
50030 30010
50035 30010
50040 30010
50045 30010
50060 30020
50065 30020
50070 30020
50075 30020
50090 30030
50095 30030
50100 30030
50105 30030
50400 30500
50405 30500
50410 30500
50415 30500
50430 30510
50435 30510
50440 30510
50445 30510
50460 30520
50465 30520
50470 30520
50475 30520
50490 30530
50495 30530
50500 30530
50505 30530
50800 31000
50805 31000
50810 31000
50815 31000
50830 31010
50835 31010
50840 31010
50845 31010
50860 31020
50865 31020
50870 31020
50875 31020
50890 31030
50895 31030
50900 31030
50905 31030
51200 31500
51205 31500
51210 31500
51215 31500
51230 31510
51235 31510
51240 31510
51245 31510
51260 31520
51265 31520
51270 31520
51275 31520
51290 31530
51295 31530
51300 31530
51305 31530
54000 35000
54005 35000
54010 35000
54015 35000
54030 35010
54035 35010
54040 35010
54045 35010
54060 35020
54065 35020
54070 35020
54075 35020
54090 35030
54095 35030
54100 35030
54105 35030
54400 35500
54405 35500
54410 35500
54415 35500
54430 35510
54435 35510
54440 35510
54445 35510
54460 35520
54465 35520
54470 35520
54475 35520
54490 35530
54495 35530
54500 35530
54505 35530
54800 36000
54805 36000
54810 36000
54815 36000
54830 36010
54835 36010
54840 36010
54845 36010
54860 36020
54865 36020
54870 36020
54875 36020
54890 36030
54895 36030
54900 36030
54905 36030
55200 36500
55205 36500
55210 36500
55215 36500
55230 36510
55235 36510
55240 36510
55245 36510
55260 36520
55265 36520
55270 36520
55275 36520
55290 36530
55295 36530
55300 36530
55305 36530
58000 40000
58005 40000
58010 40000
58015 40000
58030 40010
58035 40010
58040 40010
58045 40010
58060 40020
58065 40020
58070 40020
58075 40020
58090 40030
58095 40030
58100 40030
58105 40030
58400 40500
58405 40500
58410 40500
58415 40500
58430 40510
58435 40510
58440 40510
58445 40510
58460 40520
58465 40520
58470 40520
58475 40520
58490 40530
58495 40530
58500 40530
58505 40530
58800 41000
58805 41000
58810 41000
58815 41000
58830 41010
58835 41010
58840 41010
58845 41010
58860 41020
58865 41020
58870 41020
58875 41020
58890 41030
58895 41030
58900 41030
58905 41030
59200 41500
59205 41500
59210 41500
59215 41500
59230 41510
59235 41510
59240 41510
59245 41510
59260 41520
59265 41520
59270 41520
59275 41520
59290 41530
59295 41530
59300 41530
59305 41530
62000 45000
62005 45000
62010 45000
62015 45000
62030 45010
62035 45010
62040 45010
62045 45010
62060 45020
62065 45020
62070 45020
62075 45020
62090 45030
62095 45030
62100 45030
62105 45030
62400 45500
62405 45500
62410 45500
62415 45500
62430 45510
62435 45510
62440 45510
62445 45510
62460 45520
62465 45520
62470 45520
62475 45520
62490 45530
62495 45530
62500 45530
62505 45530
62800 46000
62805 46000
62810 46000
62815 46000
62830 46010
62835 46010
62840 46010
62845 46010
62860 46020
62865 46020
62870 46020
62875 46020
62890 46030
62895 46030
62900 46030
62905 46030
63200 46500
63205 46500
63210 46500
63215 46500
63230 46510
63235 46510
63240 46510
63245 46510
63260 46520
63265 46520
63270 46520
63275 46520
63290 46530
63295 46530
63300 46530
63305 46530
100000 60000
100005 60000
100010 60000
100015 60000
100030 60010
100035 60010
100040 60010
100045 60010
100060 60020
100065 60020
100070 60020
100075 60020
100090 60030
100095 60030
100100 60030
100105 60030
100400 60500
100405 60500
100410 60500
100415 60500
100430 60510
100435 60510
100440 60510
100445 60510
100460 60520
100465 60520
100470 60520
100475 60520
100490 60530
100495 60530
100500 60530
100505 60530
100800 61000
100805 61000
100810 61000
100815 61000
100830 61010
100835 61010
100840 61010
100845 61010
100860 61020
100865 61020
100870 61020
100875 61020
100890 61030
100895 61030
100900 61030
100905 61030
101200 61500
101205 61500
101210 61500
101215 61500
101230 61510
101235 61510
101240 61510
101245 61510
101260 61520
101265 61520
101270 61520
101275 61520
101290 61530
101295 61530
101300 61530
101305 61530
104000 65000
104005 65000
104010 65000
104015 65000
104030 65010
104035 65010
104040 65010
104045 65010
104060 65020
104065 65020
104070 65020
104075 65020
104090 65030
104095 65030
104100 65030
104105 65030
104400 65500
104405 65500
104410 65500
104415 65500
104430 65510
104435 65510
104440 65510
104445 65510
104460 65520
104465 65520
104470 65520
104475 65520
104490 65530
104495 65530
104500 65530
104505 65530
104800 66000
104805 66000
104810 66000
104815 66000
104830 66010
104835 66010
104840 66010
104845 66010
104860 66020
104865 66020
104870 66020
104875 66020
104890 66030
104895 66030
104900 66030
104905 66030
105200 66500
105205 66500
105210 66500
105215 66500
105230 66510
105235 66510
105240 66510
105245 66510
105260 66520
105265 66520
105270 66520
105275 66520
105290 66530
105295 66530
105300 66530
105305 66530
108000 70000
108005 70000
108010 70000
108015 70000
108030 70010
108035 70010
108040 70010
108045 70010
108060 70020
108065 70020
108070 70020
108075 70020
108090 70030
108095 70030
108100 70030
108105 70030
108400 70500
108405 70500
108410 70500
108415 70500
108430 70510
108435 70510
108440 70510
108445 70510
108460 70520
108465 70520
108470 70520
108475 70520
108490 70530
108495 70530
108500 70530
108505 70530
108800 71000
108805 71000
108810 71000
108815 71000
108830 71010
108835 71010
108840 71010
108845 71010
108860 71020
108865 71020
108870 71020
108875 71020
108890 71030
108895 71030
108900 71030
108905 71030
109200 71500
109205 71500
109210 71500
109215 71500
109230 71510
109235 71510
109240 71510
109245 71510
109260 71520
109265 71520
109270 71520
109275 71520
109290 71530
109295 71530
109300 71530
109305 71530
112000 75000
112005 75000
112010 75000
112015 75000
112030 75010
112035 75010
112040 75010
112045 75010
112060 75020
112065 75020
112070 75020
112075 75020
112090 75030
112095 75030
112100 75030
112105 75030
112400 75500
112405 75500
112410 75500
112415 75500
112430 75510
112435 75510
112440 75510
112445 75510
112460 75520
112465 75520
112470 75520
112475 75520
112490 75530
112495 75530
112500 75530
112505 75530
112800 76000
112805 76000
112810 76000
112815 76000
112830 76010
112835 76010
112840 76010
112845 76010
112860 76020
112865 76020
112870 76020
112875 76020
112890 76030
112895 76030
112900 76030
112905 76030
113200 76500
113205 76500
113210 76500
113215 76500
113230 76510
113235 76510
113240 76510
113245 76510
113260 76520
113265 76520
113270 76520
113275 76520
113290 76530
113295 76530
113300 76530
113305 76530
150000 90000
150005 90000
150010 90000
150015 90000
150030 90010
150035 90010
150040 90010
150045 90010
150060 90020
150065 90020
150070 90020
150075 90020
150090 90030
150095 90030
150100 90030
150105 90030
150400 90500
150405 90500
150410 90500
150415 90500
150430 90510
150435 90510
150440 90510
150445 90510
150460 90520
150465 90520
150470 90520
150475 90520
150490 90530
150495 90530
150500 90530
150505 90530
150800 91000
150805 91000
150810 91000
150815 91000
150830 91010
150835 91010
150840 91010
150845 91010
150860 91020
150865 91020
150870 91020
150875 91020
150890 91030
150895 91030
150900 91030
150905 91030
151200 91500
151205 91500
151210 91500
151215 91500
151230 91510
151235 91510
151240 91510
151245 91510
151260 91520
151265 91520
151270 91520
151275 91520
151290 91530
151295 91530
151300 91530
151305 91530
154000 95000
154005 95000
154010 95000
154015 95000
154030 95010
154035 95010
154040 95010
154045 95010
154060 95020
154065 95020
154070 95020
154075 95020
154090 95030
154095 95030
154100 95030
154105 95030
154400 95500
154405 95500
154410 95500
154415 95500
154430 95510
154435 95510
154440 95510
154445 95510
154460 95520
154465 95520
154470 95520
154475 95520
154490 95530
154495 95530
154500 95530
154505 95530
154800 96000
154805 96000
154810 96000
154815 96000
154830 96010
154835 96010
154840 96010
154845 96010
154860 96020
154865 96020
154870 96020
154875 96020
154890 96030
154895 96030
154900 96030
154905 96030
155200 96500
155205 96500
155210 96500
155215 96500
155230 96510
155235 96510
155240 96510
155245 96510
155260 96520
155265 96520
155270 96520
155275 96520
155290 96530
155295 96530
155300 96530
155305 96530
158000 100000
158005 100000
158010 100000
158015 100000
158030 100010
158035 100010
158040 100010
158045 100010
158060 100020
158065 100020
158070 100020
158075 100020
158090 100030
158095 100030
158100 100030
158105 100030
158400 100500
158405 100500
158410 100500
158415 100500
158430 100510
158435 100510
158440 100510
158445 100510
158460 100520
158465 100520
158470 100520
158475 100520
158490 100530
158495 100530
158500 100530
158505 100530
158800 101000
158805 101000
158810 101000
158815 101000
158830 101010
158835 101010
158840 101010
158845 101010
158860 101020
158865 101020
158870 101020
158875 101020
158890 101030
158895 101030
158900 101030
158905 101030
159200 101500
159205 101500
159210 101500
159215 101500
159230 101510
159235 101510
159240 101510
159245 101510
159260 101520
159265 101520
159270 101520
159275 101520
159290 101530
159295 101530
159300 101530
159305 101530
162000 105000
162005 105000
162010 105000
162015 105000
162030 105010
162035 105010
162040 105010
162045 105010
162060 105020
162065 105020
162070 105020
162075 105020
162090 105030
162095 105030
162100 105030
162105 105030
162400 105500
162405 105500
162410 105500
162415 105500
162430 105510
162435 105510
162440 105510
162445 105510
162460 105520
162465 105520
162470 105520
162475 105520
162490 105530
162495 105530
162500 105530
162505 105530
162800 106000
162805 106000
162810 106000
162815 106000
162830 106010
162835 106010
162840 106010
162845 106010
162860 106020
162865 106020
162870 106020
162875 106020
162890 106030
162895 106030
162900 106030
162905 106030
163200 106500
163205 106500
163210 106500
163215 106500
163230 106510
163235 106510
163240 106510
163245 106510
163260 106520
163265 106520
163270 106520
163275 106520
163290 106530
163295 106530
163300 106530
163305 106530
400000 500000
400005 500000
400010 500000
400015 500000
400030 500010
400035 500010
400040 500010
400045 500010
400060 500020
400065 500020
400070 500020
400075 500020
400090 500030
400095 500030
400100 500030
400105 500030
400400 500500
400405 500500
400410 500500
400415 500500
400430 500510
400435 500510
400440 500510
400445 500510
400460 500520
400465 500520
400470 500520
400475 500520
400490 500530
400495 500530
400500 500530
400505 500530
400800 501000
400805 501000
400810 501000
400815 501000
400830 501010
400835 501010
400840 501010
400845 501010
400860 501020
400865 501020
400870 501020
400875 501020
400890 501030
400895 501030
400900 501030
400905 501030
401200 501500
401205 501500
401210 501500
401215 501500
401230 501510
401235 501510
401240 501510
401245 501510
401260 501520
401265 501520
401270 501520
401275 501520
401290 501530
401295 501530
401300 501530
401305 501530
404000 505000
404005 505000
404010 505000
404015 505000
404030 505010
404035 505010
404040 505010
404045 505010
404060 505020
404065 505020
404070 505020
404075 505020
404090 505030
404095 505030
404100 505030
404105 505030
404400 505500
404405 505500
404410 505500
404415 505500
404430 505510
404435 505510
404440 505510
404445 505510
404460 505520
404465 505520
404470 505520
404475 505520
404490 505530
404495 505530
404500 505530
404505 505530
404800 506000
404805 506000
404810 506000
404815 506000
404830 506010
404835 506010
404840 506010
404845 506010
404860 506020
404865 506020
404870 506020
404875 506020
404890 506030
404895 506030
404900 506030
404905 506030
405200 506500
405205 506500
405210 506500
405215 506500
405230 506510
405235 506510
405240 506510
405245 506510
405260 506520
405265 506520
405270 506520
405275 506520
405290 506530
405295 506530
405300 506530
405305 506530
408000 510000
408005 510000
408010 510000
408015 510000
408030 510010
408035 510010
408040 510010
408045 510010
408060 510020
408065 510020
408070 510020
408075 510020
408090 510030
408095 510030
408100 510030
408105 510030
408400 510500
408405 510500
408410 510500
408415 510500
408430 510510
408435 510510
408440 510510
408445 510510
408460 510520
408465 510520
408470 510520
408475 510520
408490 510530
408495 510530
408500 510530
408505 510530
408800 511000
408805 511000
408810 511000
408815 511000
408830 511010
408835 511010
408840 511010
408845 511010
408860 511020
408865 511020
408870 511020
408875 511020
408890 511030
408895 511030
408900 511030
408905 511030
409200 511500
409205 511500
409210 511500
409215 511500
409230 511510
409235 511510
409240 511510
409245 511510
409260 511520
409265 511520
409270 511520
409275 511520
409290 511530
409295 511530
409300 511530
409305 511530
412000 515000
412005 515000
412010 515000
412015 515000
412030 515010
412035 515010
412040 515010
412045 515010
412060 515020
412065 515020
412070 515020
412075 515020
412090 515030
412095 515030
412100 515030
412105 515030
412400 515500
412405 515500
412410 515500
412415 515500
412430 515510
412435 515510
412440 515510
412445 515510
412460 515520
412465 515520
412470 515520
412475 515520
412490 515530
412495 515530
412500 515530
412505 515530
412800 516000
412805 516000
412810 516000
412815 516000
412830 516010
412835 516010
412840 516010
412845 516010
412860 516020
412865 516020
412870 516020
412875 516020
412890 516030
412895 516030
412900 516030
412905 516030
413200 516500
413205 516500
413210 516500
413215 516500
413230 516510
413235 516510
413240 516510
413245 516510
413260 516520
413265 516520
413270 516520
413275 516520
413290 516530
413295 516530
413300 516530
413305 516530
450000 530000
450005 530000
450010 530000
450015 530000
450030 530010
450035 530010
450040 530010
450045 530010
450060 530020
450065 530020
450070 530020
450075 530020
450090 530030
450095 530030
450100 530030
450105 530030
450400 530500
450405 530500
450410 530500
450415 530500
450430 530510
450435 530510
450440 530510
450445 530510
450460 530520
450465 530520
450470 530520
450475 530520
450490 530530
450495 530530
450500 530530
450505 530530
450800 531000
450805 531000
450810 531000
450815 531000
450830 531010
450835 531010
450840 531010
450845 531010
450860 531020
450865 531020
450870 531020
450875 531020
450890 531030
450895 531030
450900 531030
450905 531030
451200 531500
451205 531500
451210 531500
451215 531500
451230 531510
451235 531510
451240 531510
451245 531510
451260 531520
451265 531520
451270 531520
451275 531520
451290 531530
451295 531530
451300 531530
451305 531530
454000 535000
454005 535000
454010 535000
454015 535000
454030 535010
454035 535010
454040 535010
454045 535010
454060 535020
454065 535020
454070 535020
454075 535020
454090 535030
454095 535030
454100 535030
454105 535030
454400 535500
454405 535500
454410 535500
454415 535500
454430 535510
454435 535510
454440 535510
454445 535510
454460 535520
454465 535520
454470 535520
454475 535520
454490 535530
454495 535530
454500 535530
454505 535530
454800 536000
454805 536000
454810 536000
454815 536000
454830 536010
454835 536010
454840 536010
454845 536010
454860 536020
454865 536020
454870 536020
454875 536020
454890 536030
454895 536030
454900 536030
454905 536030
455200 536500
455205 536500
455210 536500
455215 536500
455230 536510
455235 536510
455240 536510
455245 536510
455260 536520
455265 536520
455270 536520
455275 536520
455290 536530
455295 536530
455300 536530
455305 536530
458000 540000
458005 540000
458010 540000
458015 540000
458030 540010
458035 540010
458040 540010
458045 540010
458060 540020
458065 540020
458070 540020
458075 540020
458090 540030
458095 540030
458100 540030
458105 540030
458400 540500
458405 540500
458410 540500
458415 540500
458430 540510
458435 540510
458440 540510
458445 540510
458460 540520
458465 540520
458470 540520
458475 540520
458490 540530
458495 540530
458500 540530
458505 540530
458800 541000
458805 541000
458810 541000
458815 541000
458830 541010
458835 541010
458840 541010
458845 541010
458860 541020
458865 541020
458870 541020
458875 541020
458890 541030
458895 541030
458900 541030
458905 541030
459200 541500
459205 541500
459210 541500
459215 541500
459230 541510
459235 541510
459240 541510
459245 541510
459260 541520
459265 541520
459270 541520
459275 541520
459290 541530
459295 541530
459300 541530
459305 541530
462000 545000
462005 545000
462010 545000
462015 545000
462030 545010
462035 545010
462040 545010
462045 545010
462060 545020
462065 545020
462070 545020
462075 545020
462090 545030
462095 545030
462100 545030
462105 545030
462400 545500
462405 545500
462410 545500
462415 545500
462430 545510
462435 545510
462440 545510
462445 545510
462460 545520
462465 545520
462470 545520
462475 545520
462490 545530
462495 545530
462500 545530
462505 545530
462800 546000
462805 546000
462810 546000
462815 546000
462830 546010
462835 546010
462840 546010
462845 546010
462860 546020
462865 546020
462870 546020
462875 546020
462890 546030
462895 546030
462900 546030
462905 546030
463200 546500
463205 546500
463210 546500
463215 546500
463230 546510
463235 546510
463240 546510
463245 546510
463260 546520
463265 546520
463270 546520
463275 546520
463290 546530
463295 546530
463300 546530
463305 546530
500000 560000
500005 560000
500010 560000
500015 560000
500030 560010
500035 560010
500040 560010
500045 560010
500060 560020
500065 560020
500070 560020
500075 560020
500090 560030
500095 560030
500100 560030
500105 560030
500400 560500
500405 560500
500410 560500
500415 560500
500430 560510
500435 560510
500440 560510
500445 560510
500460 560520
500465 560520
500470 560520
500475 560520
500490 560530
500495 560530
500500 560530
500505 560530
500800 561000
500805 561000
500810 561000
500815 561000
500830 561010
500835 561010
500840 561010
500845 561010
500860 561020
500865 561020
500870 561020
500875 561020
500890 561030
500895 561030
500900 561030
500905 561030
501200 561500
501205 561500
501210 561500
501215 561500
501230 561510
501235 561510
501240 561510
501245 561510
501260 561520
501265 561520
501270 561520
501275 561520
501290 561530
501295 561530
501300 561530
501305 561530
504000 565000
504005 565000
504010 565000
504015 565000
504030 565010
504035 565010
504040 565010
504045 565010
504060 565020
504065 565020
504070 565020
504075 565020
504090 565030
504095 565030
504100 565030
504105 565030
504400 565500
504405 565500
504410 565500
504415 565500
504430 565510
504435 565510
504440 565510
504445 565510
504460 565520
504465 565520
504470 565520
504475 565520
504490 565530
504495 565530
504500 565530
504505 565530
504800 566000
504805 566000
504810 566000
504815 566000
504830 566010
504835 566010
504840 566010
504845 566010
504860 566020
504865 566020
504870 566020
504875 566020
504890 566030
504895 566030
504900 566030
504905 566030
505200 566500
505205 566500
505210 566500
505215 566500
505230 566510
505235 566510
505240 566510
505245 566510
505260 566520
505265 566520
505270 566520
505275 566520
505290 566530
505295 566530
505300 566530
505305 566530
508000 570000
508005 570000
508010 570000
508015 570000
508030 570010
508035 570010
508040 570010
508045 570010
508060 570020
508065 570020
508070 570020
508075 570020
508090 570030
508095 570030
508100 570030
508105 570030
508400 570500
508405 570500
508410 570500
508415 570500
508430 570510
508435 570510
508440 570510
508445 570510
508460 570520
508465 570520
508470 570520
508475 570520
508490 570530
508495 570530
508500 570530
508505 570530
508800 571000
508805 571000
508810 571000
508815 571000
508830 571010
508835 571010
508840 571010
508845 571010
508860 571020
508865 571020
508870 571020
508875 571020
508890 571030
508895 571030
508900 571030
508905 571030
509200 571500
509205 571500
509210 571500
509215 571500
509230 571510
509235 571510
509240 571510
509245 571510
509260 571520
509265 571520
509270 571520
509275 571520
509290 571530
509295 571530
509300 571530
509305 571530
512000 575000
512005 575000
512010 575000
512015 575000
512030 575010
512035 575010
512040 575010
512045 575010
512060 575020
512065 575020
512070 575020
512075 575020
512090 575030
512095 575030
512100 575030
512105 575030
512400 575500
512405 575500
512410 575500
512415 575500
512430 575510
512435 575510
512440 575510
512445 575510
512460 575520
512465 575520
512470 575520
512475 575520
512490 575530
512495 575530
512500 575530
512505 575530
512800 576000
512805 576000
512810 576000
512815 576000
512830 576010
512835 576010
512840 576010
512845 576010
512860 576020
512865 576020
512870 576020
512875 576020
512890 576030
512895 576030
512900 576030
512905 576030
513200 576500
513205 576500
513210 576500
513215 576500
513230 576510
513235 576510
513240 576510
513245 576510
513260 576520
513265 576520
513270 576520
513275 576520
513290 576530
513295 576530
513300 576530
513305 576530
550000 590000
550005 590000
550010 590000
550015 590000
550030 590010
550035 590010
550040 590010
550045 590010
550060 590020
550065 590020
550070 590020
550075 590020
550090 590030
550095 590030
550100 590030
550105 590030
550400 590500
550405 590500
550410 590500
550415 590500
550430 590510
550435 590510
550440 590510
550445 590510
550460 590520
550465 590520
550470 590520
550475 590520
550490 590530
550495 590530
550500 590530
550505 590530
550800 591000
550805 591000
550810 591000
550815 591000
550830 591010
550835 591010
550840 591010
550845 591010
550860 591020
550865 591020
550870 591020
550875 591020
550890 591030
550895 591030
550900 591030
550905 591030
551200 591500
551205 591500
551210 591500
551215 591500
551230 591510
551235 591510
551240 591510
551245 591510
551260 591520
551265 591520
551270 591520
551275 591520
551290 591530
551295 591530
551300 591530
551305 591530
554000 595000
554005 595000
554010 595000
554015 595000
554030 595010
554035 595010
554040 595010
554045 595010
554060 595020
554065 595020
554070 595020
554075 595020
554090 595030
554095 595030
554100 595030
554105 595030
554400 595500
554405 595500
554410 595500
554415 595500
554430 595510
554435 595510
554440 595510
554445 595510
554460 595520
554465 595520
554470 595520
554475 595520
554490 595530
554495 595530
554500 595530
554505 595530
554800 596000
554805 596000
554810 596000
554815 596000
554830 596010
554835 596010
554840 596010
554845 596010
554860 596020
554865 596020
554870 596020
554875 596020
554890 596030
554895 596030
554900 596030
554905 596030
555200 596500
555205 596500
555210 596500
555215 596500
555230 596510
555235 596510
555240 596510
555245 596510
555260 596520
555265 596520
555270 596520
555275 596520
555290 596530
555295 596530
555300 596530
555305 596530
558000 600000
558005 600000
558010 600000
558015 600000
558030 600010
558035 600010
558040 600010
558045 600010
558060 600020
558065 600020
558070 600020
558075 600020
558090 600030
558095 600030
558100 600030
558105 600030
558400 600500
558405 600500
558410 600500
558415 600500
558430 600510
558435 600510
558440 600510
558445 600510
558460 600520
558465 600520
558470 600520
558475 600520
558490 600530
558495 600530
558500 600530
558505 600530
558800 601000
558805 601000
558810 601000
558815 601000
558830 601010
558835 601010
558840 601010
558845 601010
558860 601020
558865 601020
558870 601020
558875 601020
558890 601030
558895 601030
558900 601030
558905 601030
559200 601500
559205 601500
559210 601500
559215 601500
559230 601510
559235 601510
559240 601510
559245 601510
559260 601520
559265 601520
559270 601520
559275 601520
559290 601530
559295 601530
559300 601530
559305 601530
562000 605000
562005 605000
562010 605000
562015 605000
562030 605010
562035 605010
562040 605010
562045 605010
562060 605020
562065 605020
562070 605020
562075 605020
562090 605030
562095 605030
562100 605030
562105 605030
562400 605500
562405 605500
562410 605500
562415 605500
562430 605510
562435 605510
562440 605510
562445 605510
562460 605520
562465 605520
562470 605520
562475 605520
562490 605530
562495 605530
562500 605530
562505 605530
562800 606000
562805 606000
562810 606000
562815 606000
562830 606010
562835 606010
562840 606010
562845 606010
562860 606020
562865 606020
562870 606020
562875 606020
562890 606030
562895 606030
562900 606030
562905 606030
563200 606500
563205 606500
563210 606500
563215 606500
563230 606510
563235 606510
563240 606510
563245 606510
563260 606520
563265 606520
563270 606520
563275 606520
563290 606530
563295 606530
563300 606530
563305 606530
800000 1000000
800005 1000000
800010 1000000
800015 1000000
800030 1000010
800035 1000010
800040 1000010
800045 1000010
800060 1000020
800065 1000020
800070 1000020
800075 1000020
800090 1000030
800095 1000030
800100 1000030
800105 1000030
800400 1000500
800405 1000500
800410 1000500
800415 1000500
800430 1000510
800435 1000510
800440 1000510
800445 1000510
800460 1000520
800465 1000520
800470 1000520
800475 1000520
800490 1000530
800495 1000530
800500 1000530
800505 1000530
800800 1001000
800805 1001000
800810 1001000
800815 1001000
800830 1001010
800835 1001010
800840 1001010
800845 1001010
800860 1001020
800865 1001020
800870 1001020
800875 1001020
800890 1001030
800895 1001030
800900 1001030
800905 1001030
801200 1001500
801205 1001500
801210 1001500
801215 1001500
801230 1001510
801235 1001510
801240 1001510
801245 1001510
801260 1001520
801265 1001520
801270 1001520
801275 1001520
801290 1001530
801295 1001530
801300 1001530
801305 1001530
804000 1005000
804005 1005000
804010 1005000
804015 1005000
804030 1005010
804035 1005010
804040 1005010
804045 1005010
804060 1005020
804065 1005020
804070 1005020
804075 1005020
804090 1005030
804095 1005030
804100 1005030
804105 1005030
804400 1005500
804405 1005500
804410 1005500
804415 1005500
804430 1005510
804435 1005510
804440 1005510
804445 1005510
804460 1005520
804465 1005520
804470 1005520
804475 1005520
804490 1005530
804495 1005530
804500 1005530
804505 1005530
804800 1006000
804805 1006000
804810 1006000
804815 1006000
804830 1006010
804835 1006010
804840 1006010
804845 1006010
804860 1006020
804865 1006020
804870 1006020
804875 1006020
804890 1006030
804895 1006030
804900 1006030
804905 1006030
805200 1006500
805205 1006500
805210 1006500
805215 1006500
805230 1006510
805235 1006510
805240 1006510
805245 1006510
805260 1006520
805265 1006520
805270 1006520
805275 1006520
805290 1006530
805295 1006530
805300 1006530
805305 1006530
808000 1010000
808005 1010000
808010 1010000
808015 1010000
808030 1010010
808035 1010010
808040 1010010
808045 1010010
808060 1010020
808065 1010020
808070 1010020
808075 1010020
808090 1010030
808095 1010030
808100 1010030
808105 1010030
808400 1010500
808405 1010500
808410 1010500
808415 1010500
808430 1010510
808435 1010510
808440 1010510
808445 1010510
808460 1010520
808465 1010520
808470 1010520
808475 1010520
808490 1010530
808495 1010530
808500 1010530
808505 1010530
808800 1011000
808805 1011000
808810 1011000
808815 1011000
808830 1011010
808835 1011010
808840 1011010
808845 1011010
808860 1011020
808865 1011020
808870 1011020
808875 1011020
808890 1011030
808895 1011030
808900 1011030
808905 1011030
809200 1011500
809205 1011500
809210 1011500
809215 1011500
809230 1011510
809235 1011510
809240 1011510
809245 1011510
809260 1011520
809265 1011520
809270 1011520
809275 1011520
809290 1011530
809295 1011530
809300 1011530
809305 1011530
812000 1015000
812005 1015000
812010 1015000
812015 1015000
812030 1015010
812035 1015010
812040 1015010
812045 1015010
812060 1015020
812065 1015020
812070 1015020
812075 1015020
812090 1015030
812095 1015030
812100 1015030
812105 1015030
812400 1015500
812405 1015500
812410 1015500
812415 1015500
812430 1015510
812435 1015510
812440 1015510
812445 1015510
812460 1015520
812465 1015520
812470 1015520
812475 1015520
812490 1015530
812495 1015530
812500 1015530
812505 1015530
812800 1016000
812805 1016000
812810 1016000
812815 1016000
812830 1016010
812835 1016010
812840 1016010
812845 1016010
812860 1016020
812865 1016020
812870 1016020
812875 1016020
812890 1016030
812895 1016030
812900 1016030
812905 1016030
813200 1016500
813205 1016500
813210 1016500
813215 1016500
813230 1016510
813235 1016510
813240 1016510
813245 1016510
813260 1016520
813265 1016520
813270 1016520
813275 1016520
813290 1016530
813295 1016530
813300 1016530
813305 1016530
850000 1030000
850005 1030000
850010 1030000
850015 1030000
850030 1030010
850035 1030010
850040 1030010
850045 1030010
850060 1030020
850065 1030020
850070 1030020
850075 1030020
850090 1030030
850095 1030030
850100 1030030
850105 1030030
850400 1030500
850405 1030500
850410 1030500
850415 1030500
850430 1030510
850435 1030510
850440 1030510
850445 1030510
850460 1030520
850465 1030520
850470 1030520
850475 1030520
850490 1030530
850495 1030530
850500 1030530
850505 1030530
850800 1031000
850805 1031000
850810 1031000
850815 1031000
850830 1031010
850835 1031010
850840 1031010
850845 1031010
850860 1031020
850865 1031020
850870 1031020
850875 1031020
850890 1031030
850895 1031030
850900 1031030
850905 1031030
851200 1031500
851205 1031500
851210 1031500
851215 1031500
851230 1031510
851235 1031510
851240 1031510
851245 1031510
851260 1031520
851265 1031520
851270 1031520
851275 1031520
851290 1031530
851295 1031530
851300 1031530
851305 1031530
854000 1035000
854005 1035000
854010 1035000
854015 1035000
854030 1035010
854035 1035010
854040 1035010
854045 1035010
854060 1035020
854065 1035020
854070 1035020
854075 1035020
854090 1035030
854095 1035030
854100 1035030
854105 1035030
854400 1035500
854405 1035500
854410 1035500
854415 1035500
854430 1035510
854435 1035510
854440 1035510
854445 1035510
854460 1035520
854465 1035520
854470 1035520
854475 1035520
854490 1035530
854495 1035530
854500 1035530
854505 1035530
854800 1036000
854805 1036000
854810 1036000
854815 1036000
854830 1036010
854835 1036010
854840 1036010
854845 1036010
854860 1036020
854865 1036020
854870 1036020
854875 1036020
854890 1036030
854895 1036030
854900 1036030
854905 1036030
855200 1036500
855205 1036500
855210 1036500
855215 1036500
855230 1036510
855235 1036510
855240 1036510
855245 1036510
855260 1036520
855265 1036520
855270 1036520
855275 1036520
855290 1036530
855295 1036530
855300 1036530
855305 1036530
858000 1040000
858005 1040000
858010 1040000
858015 1040000
858030 1040010
858035 1040010
858040 1040010
858045 1040010
858060 1040020
858065 1040020
858070 1040020
858075 1040020
858090 1040030
858095 1040030
858100 1040030
858105 1040030
858400 1040500
858405 1040500
858410 1040500
858415 1040500
858430 1040510
858435 1040510
858440 1040510
858445 1040510
858460 1040520
858465 1040520
858470 1040520
858475 1040520
858490 1040530
858495 1040530
858500 1040530
858505 1040530
858800 1041000
858805 1041000
858810 1041000
858815 1041000
858830 1041010
858835 1041010
858840 1041010
858845 1041010
858860 1041020
858865 1041020
858870 1041020
858875 1041020
858890 1041030
858895 1041030
858900 1041030
858905 1041030
859200 1041500
859205 1041500
859210 1041500
859215 1041500
859230 1041510
859235 1041510
859240 1041510
859245 1041510
859260 1041520
859265 1041520
859270 1041520
859275 1041520
859290 1041530
859295 1041530
859300 1041530
859305 1041530
862000 1045000
862005 1045000
862010 1045000
862015 1045000
862030 1045010
862035 1045010
862040 1045010
862045 1045010
862060 1045020
862065 1045020
862070 1045020
862075 1045020
862090 1045030
862095 1045030
862100 1045030
862105 1045030
862400 1045500
862405 1045500
862410 1045500
862415 1045500
862430 1045510
862435 1045510
862440 1045510
862445 1045510
862460 1045520
862465 1045520
862470 1045520
862475 1045520
862490 1045530
862495 1045530
862500 1045530
862505 1045530
862800 1046000
862805 1046000
862810 1046000
862815 1046000
862830 1046010
862835 1046010
862840 1046010
862845 1046010
862860 1046020
862865 1046020
862870 1046020
862875 1046020
862890 1046030
862895 1046030
862900 1046030
862905 1046030
863200 1046500
863205 1046500
863210 1046500
863215 1046500
863230 1046510
863235 1046510
863240 1046510
863245 1046510
863260 1046520
863265 1046520
863270 1046520
863275 1046520
863290 1046530
863295 1046530
863300 1046530
863305 1046530
900000 1060000
900005 1060000
900010 1060000
900015 1060000
900030 1060010
900035 1060010
900040 1060010
900045 1060010
900060 1060020
900065 1060020
900070 1060020
900075 1060020
900090 1060030
900095 1060030
900100 1060030
900105 1060030
900400 1060500
900405 1060500
900410 1060500
900415 1060500
900430 1060510
900435 1060510
900440 1060510
900445 1060510
900460 1060520
900465 1060520
900470 1060520
900475 1060520
900490 1060530
900495 1060530
900500 1060530
900505 1060530
900800 1061000
900805 1061000
900810 1061000
900815 1061000
900830 1061010
900835 1061010
900840 1061010
900845 1061010
900860 1061020
900865 1061020
900870 1061020
900875 1061020
900890 1061030
900895 1061030
900900 1061030
900905 1061030
901200 1061500
901205 1061500
901210 1061500
901215 1061500
901230 1061510
901235 1061510
901240 1061510
901245 1061510
901260 1061520
901265 1061520
901270 1061520
901275 1061520
901290 1061530
901295 1061530
901300 1061530
901305 1061530
904000 1065000
904005 1065000
904010 1065000
904015 1065000
904030 1065010
904035 1065010
904040 1065010
904045 1065010
904060 1065020
904065 1065020
904070 1065020
904075 1065020
904090 1065030
904095 1065030
904100 1065030
904105 1065030
904400 1065500
904405 1065500
904410 1065500
904415 1065500
904430 1065510
904435 1065510
904440 1065510
904445 1065510
904460 1065520
904465 1065520
904470 1065520
904475 1065520
904490 1065530
904495 1065530
904500 1065530
904505 1065530
904800 1066000
904805 1066000
904810 1066000
904815 1066000
904830 1066010
904835 1066010
904840 1066010
904845 1066010
904860 1066020
904865 1066020
904870 1066020
904875 1066020
904890 1066030
904895 1066030
904900 1066030
904905 1066030
905200 1066500
905205 1066500
905210 1066500
905215 1066500
905230 1066510
905235 1066510
905240 1066510
905245 1066510
905260 1066520
905265 1066520
905270 1066520
905275 1066520
905290 1066530
905295 1066530
905300 1066530
905305 1066530
908000 1070000
908005 1070000
908010 1070000
908015 1070000
908030 1070010
908035 1070010
908040 1070010
908045 1070010
908060 1070020
908065 1070020
908070 1070020
908075 1070020
908090 1070030
908095 1070030
908100 1070030
908105 1070030
908400 1070500
908405 1070500
908410 1070500
908415 1070500
908430 1070510
908435 1070510
908440 1070510
908445 1070510
908460 1070520
908465 1070520
908470 1070520
908475 1070520
908490 1070530
908495 1070530
908500 1070530
908505 1070530
908800 1071000
908805 1071000
908810 1071000
908815 1071000
908830 1071010
908835 1071010
908840 1071010
908845 1071010
908860 1071020
908865 1071020
908870 1071020
908875 1071020
908890 1071030
908895 1071030
908900 1071030
908905 1071030
909200 1071500
909205 1071500
909210 1071500
909215 1071500
909230 1071510
909235 1071510
909240 1071510
909245 1071510
909260 1071520
909265 1071520
909270 1071520
909275 1071520
909290 1071530
909295 1071530
909300 1071530
909305 1071530
912000 1075000
912005 1075000
912010 1075000
912015 1075000
912030 1075010
912035 1075010
912040 1075010
912045 1075010
912060 1075020
912065 1075020
912070 1075020
912075 1075020
912090 1075030
912095 1075030
912100 1075030
912105 1075030
912400 1075500
912405 1075500
912410 1075500
912415 1075500
912430 1075510
912435 1075510
912440 1075510
912445 1075510
912460 1075520
912465 1075520
912470 1075520
912475 1075520
912490 1075530
912495 1075530
912500 1075530
912505 1075530
912800 1076000
912805 1076000
912810 1076000
912815 1076000
912830 1076010
912835 1076010
912840 1076010
912845 1076010
912860 1076020
912865 1076020
912870 1076020
912875 1076020
912890 1076030
912895 1076030
912900 1076030
912905 1076030
913200 1076500
913205 1076500
913210 1076500
913215 1076500
913230 1076510
913235 1076510
913240 1076510
913245 1076510
913260 1076520
913265 1076520
913270 1076520
913275 1076520
913290 1076530
913295 1076530
913300 1076530
913305 1076530
950000 1090000
950005 1090000
950010 1090000
950015 1090000
950030 1090010
950035 1090010
950040 1090010
950045 1090010
950060 1090020
950065 1090020
950070 1090020
950075 1090020
950090 1090030
950095 1090030
950100 1090030
950105 1090030
950400 1090500
950405 1090500
950410 1090500
950415 1090500
950430 1090510
950435 1090510
950440 1090510
950445 1090510
950460 1090520
950465 1090520
950470 1090520
950475 1090520
950490 1090530
950495 1090530
950500 1090530
950505 1090530
950800 1091000
950805 1091000
950810 1091000
950815 1091000
950830 1091010
950835 1091010
950840 1091010
950845 1091010
950860 1091020
950865 1091020
950870 1091020
950875 1091020
950890 1091030
950895 1091030
950900 1091030
950905 1091030
951200 1091500
951205 1091500
951210 1091500
951215 1091500
951230 1091510
951235 1091510
951240 1091510
951245 1091510
951260 1091520
951265 1091520
951270 1091520
951275 1091520
951290 1091530
951295 1091530
951300 1091530
951305 1091530
954000 1095000
954005 1095000
954010 1095000
954015 1095000
954030 1095010
954035 1095010
954040 1095010
954045 1095010
954060 1095020
954065 1095020
954070 1095020
954075 1095020
954090 1095030
954095 1095030
954100 1095030
954105 1095030
954400 1095500
954405 1095500
954410 1095500
954415 1095500
954430 1095510
954435 1095510
954440 1095510
954445 1095510
954460 1095520
954465 1095520
954470 1095520
954475 1095520
954490 1095530
954495 1095530
954500 1095530
954505 1095530
954800 1096000
954805 1096000
954810 1096000
954815 1096000
954830 1096010
954835 1096010
954840 1096010
954845 1096010
954860 1096020
954865 1096020
954870 1096020
954875 1096020
954890 1096030
954895 1096030
954900 1096030
954905 1096030
955200 1096500
955205 1096500
955210 1096500
955215 1096500
955230 1096510
955235 1096510
955240 1096510
955245 1096510
955260 1096520
955265 1096520
955270 1096520
955275 1096520
955290 1096530
955295 1096530
955300 1096530
955305 1096530
958000 1100000
958005 1100000
958010 1100000
958015 1100000
958030 1100010
958035 1100010
958040 1100010
958045 1100010
958060 1100020
958065 1100020
958070 1100020
958075 1100020
958090 1100030
958095 1100030
958100 1100030
958105 1100030
958400 1100500
958405 1100500
958410 1100500
958415 1100500
958430 1100510
958435 1100510
958440 1100510
958445 1100510
958460 1100520
958465 1100520
958470 1100520
958475 1100520
958490 1100530
958495 1100530
958500 1100530
958505 1100530
958800 1101000
958805 1101000
958810 1101000
958815 1101000
958830 1101010
958835 1101010
958840 1101010
958845 1101010
958860 1101020
958865 1101020
958870 1101020
958875 1101020
958890 1101030
958895 1101030
958900 1101030
958905 1101030
959200 1101500
959205 1101500
959210 1101500
959215 1101500
959230 1101510
959235 1101510
959240 1101510
959245 1101510
959260 1101520
959265 1101520
959270 1101520
959275 1101520
959290 1101530
959295 1101530
959300 1101530
959305 1101530
962000 1105000
962005 1105000
962010 1105000
962015 1105000
962030 1105010
962035 1105010
962040 1105010
962045 1105010
962060 1105020
962065 1105020
962070 1105020
962075 1105020
962090 1105030
962095 1105030
962100 1105030
962105 1105030
962400 1105500
962405 1105500
962410 1105500
962415 1105500
962430 1105510
962435 1105510
962440 1105510
962445 1105510
962460 1105520
962465 1105520
962470 1105520
962475 1105520
962490 1105530
962495 1105530
962500 1105530
962505 1105530
962800 1106000
962805 1106000
962810 1106000
962815 1106000
962830 1106010
962835 1106010
962840 1106010
962845 1106010
962860 1106020
962865 1106020
962870 1106020
962875 1106020
962890 1106030
962895 1106030
962900 1106030
962905 1106030
963200 1106500
963205 1106500
963210 1106500
963215 1106500
963230 1106510
963235 1106510
963240 1106510
963245 1106510
963260 1106520
963265 1106520
963270 1106520
963275 1106520
963290 1106530
963295 1106530
963300 1106530
963305 1106530
1200000 1500000
1200005 1500000
1200010 1500000
1200015 1500000
1200030 1500010
1200035 1500010
1200040 1500010
1200045 1500010
1200060 1500020
1200065 1500020
1200070 1500020
1200075 1500020
1200090 1500030
1200095 1500030
1200100 1500030
1200105 1500030
1200400 1500500
1200405 1500500
1200410 1500500
1200415 1500500
1200430 1500510
1200435 1500510
1200440 1500510
1200445 1500510
1200460 1500520
1200465 1500520
1200470 1500520
1200475 1500520
1200490 1500530
1200495 1500530
1200500 1500530
1200505 1500530
1200800 1501000
1200805 1501000
1200810 1501000
1200815 1501000
1200830 1501010
1200835 1501010
1200840 1501010
1200845 1501010
1200860 1501020
1200865 1501020
1200870 1501020
1200875 1501020
1200890 1501030
1200895 1501030
1200900 1501030
1200905 1501030
1201200 1501500
1201205 1501500
1201210 1501500
1201215 1501500
1201230 1501510
1201235 1501510
1201240 1501510
1201245 1501510
1201260 1501520
1201265 1501520
1201270 1501520
1201275 1501520
1201290 1501530
1201295 1501530
1201300 1501530
1201305 1501530
1204000 1505000
1204005 1505000
1204010 1505000
1204015 1505000
1204030 1505010
1204035 1505010
1204040 1505010
1204045 1505010
1204060 1505020
1204065 1505020
1204070 1505020
1204075 1505020
1204090 1505030
1204095 1505030
1204100 1505030
1204105 1505030
1204400 1505500
1204405 1505500
1204410 1505500
1204415 1505500
1204430 1505510
1204435 1505510
1204440 1505510
1204445 1505510
1204460 1505520
1204465 1505520
1204470 1505520
1204475 1505520
1204490 1505530
1204495 1505530
1204500 1505530
1204505 1505530
1204800 1506000
1204805 1506000
1204810 1506000
1204815 1506000
1204830 1506010
1204835 1506010
1204840 1506010
1204845 1506010
1204860 1506020
1204865 1506020
1204870 1506020
1204875 1506020
1204890 1506030
1204895 1506030
1204900 1506030
1204905 1506030
1205200 1506500
1205205 1506500
1205210 1506500
1205215 1506500
1205230 1506510
1205235 1506510
1205240 1506510
1205245 1506510
1205260 1506520
1205265 1506520
1205270 1506520
1205275 1506520
1205290 1506530
1205295 1506530
1205300 1506530
1205305 1506530
1208000 1510000
1208005 1510000
1208010 1510000
1208015 1510000
1208030 1510010
1208035 1510010
1208040 1510010
1208045 1510010
1208060 1510020
1208065 1510020
1208070 1510020
1208075 1510020
1208090 1510030
1208095 1510030
1208100 1510030
1208105 1510030
1208400 1510500
1208405 1510500
1208410 1510500
1208415 1510500
1208430 1510510
1208435 1510510
1208440 1510510
1208445 1510510
1208460 1510520
1208465 1510520
1208470 1510520
1208475 1510520
1208490 1510530
1208495 1510530
1208500 1510530
1208505 1510530
1208800 1511000
1208805 1511000
1208810 1511000
1208815 1511000
1208830 1511010
1208835 1511010
1208840 1511010
1208845 1511010
1208860 1511020
1208865 1511020
1208870 1511020
1208875 1511020
1208890 1511030
1208895 1511030
1208900 1511030
1208905 1511030
1209200 1511500
1209205 1511500
1209210 1511500
1209215 1511500
1209230 1511510
1209235 1511510
1209240 1511510
1209245 1511510
1209260 1511520
1209265 1511520
1209270 1511520
1209275 1511520
1209290 1511530
1209295 1511530
1209300 1511530
1209305 1511530
1212000 1515000
1212005 1515000
1212010 1515000
1212015 1515000
1212030 1515010
1212035 1515010
1212040 1515010
1212045 1515010
1212060 1515020
1212065 1515020
1212070 1515020
1212075 1515020
1212090 1515030
1212095 1515030
1212100 1515030
1212105 1515030
1212400 1515500
1212405 1515500
1212410 1515500
1212415 1515500
1212430 1515510
1212435 1515510
1212440 1515510
1212445 1515510
1212460 1515520
1212465 1515520
1212470 1515520
1212475 1515520
1212490 1515530
1212495 1515530
1212500 1515530
1212505 1515530
1212800 1516000
1212805 1516000
1212810 1516000
1212815 1516000
1212830 1516010
1212835 1516010
1212840 1516010
1212845 1516010
1212860 1516020
1212865 1516020
1212870 1516020
1212875 1516020
1212890 1516030
1212895 1516030
1212900 1516030
1212905 1516030
1213200 1516500
1213205 1516500
1213210 1516500
1213215 1516500
1213230 1516510
1213235 1516510
1213240 1516510
1213245 1516510
1213260 1516520
1213265 1516520
1213270 1516520
1213275 1516520
1213290 1516530
1213295 1516530
1213300 1516530
1213305 1516530
1250000 1530000
1250005 1530000
1250010 1530000
1250015 1530000
1250030 1530010
1250035 1530010
1250040 1530010
1250045 1530010
1250060 1530020
1250065 1530020
1250070 1530020
1250075 1530020
1250090 1530030
1250095 1530030
1250100 1530030
1250105 1530030
1250400 1530500
1250405 1530500
1250410 1530500
1250415 1530500
1250430 1530510
1250435 1530510
1250440 1530510
1250445 1530510
1250460 1530520
1250465 1530520
1250470 1530520
1250475 1530520
1250490 1530530
1250495 1530530
1250500 1530530
1250505 1530530
1250800 1531000
1250805 1531000
1250810 1531000
1250815 1531000
1250830 1531010
1250835 1531010
1250840 1531010
1250845 1531010
1250860 1531020
1250865 1531020
1250870 1531020
1250875 1531020
1250890 1531030
1250895 1531030
1250900 1531030
1250905 1531030
1251200 1531500
1251205 1531500
1251210 1531500
1251215 1531500
1251230 1531510
1251235 1531510
1251240 1531510
1251245 1531510
1251260 1531520
1251265 1531520
1251270 1531520
1251275 1531520
1251290 1531530
1251295 1531530
1251300 1531530
1251305 1531530
1254000 1535000
1254005 1535000
1254010 1535000
1254015 1535000
1254030 1535010
1254035 1535010
1254040 1535010
1254045 1535010
1254060 1535020
1254065 1535020
1254070 1535020
1254075 1535020
1254090 1535030
1254095 1535030
1254100 1535030
1254105 1535030
1254400 1535500
1254405 1535500
1254410 1535500
1254415 1535500
1254430 1535510
1254435 1535510
1254440 1535510
1254445 1535510
1254460 1535520
1254465 1535520
1254470 1535520
1254475 1535520
1254490 1535530
1254495 1535530
1254500 1535530
1254505 1535530
1254800 1536000
1254805 1536000
1254810 1536000
1254815 1536000
1254830 1536010
1254835 1536010
1254840 1536010
1254845 1536010
1254860 1536020
1254865 1536020
1254870 1536020
1254875 1536020
1254890 1536030
1254895 1536030
1254900 1536030
1254905 1536030
1255200 1536500
1255205 1536500
1255210 1536500
1255215 1536500
1255230 1536510
1255235 1536510
1255240 1536510
1255245 1536510
1255260 1536520
1255265 1536520
1255270 1536520
1255275 1536520
1255290 1536530
1255295 1536530
1255300 1536530
1255305 1536530
1258000 1540000
1258005 1540000
1258010 1540000
1258015 1540000
1258030 1540010
1258035 1540010
1258040 1540010
1258045 1540010
1258060 1540020
1258065 1540020
1258070 1540020
1258075 1540020
1258090 1540030
1258095 1540030
1258100 1540030
1258105 1540030
1258400 1540500
1258405 1540500
1258410 1540500
1258415 1540500
1258430 1540510
1258435 1540510
1258440 1540510
1258445 1540510
1258460 1540520
1258465 1540520
1258470 1540520
1258475 1540520
1258490 1540530
1258495 1540530
1258500 1540530
1258505 1540530
1258800 1541000
1258805 1541000
1258810 1541000
1258815 1541000
1258830 1541010
1258835 1541010
1258840 1541010
1258845 1541010
1258860 1541020
1258865 1541020
1258870 1541020
1258875 1541020
1258890 1541030
1258895 1541030
1258900 1541030
1258905 1541030
1259200 1541500
1259205 1541500
1259210 1541500
1259215 1541500
1259230 1541510
1259235 1541510
1259240 1541510
1259245 1541510
1259260 1541520
1259265 1541520
1259270 1541520
1259275 1541520
1259290 1541530
1259295 1541530
1259300 1541530
1259305 1541530
1262000 1545000
1262005 1545000
1262010 1545000
1262015 1545000
1262030 1545010
1262035 1545010
1262040 1545010
1262045 1545010
1262060 1545020
1262065 1545020
1262070 1545020
1262075 1545020
1262090 1545030
1262095 1545030
1262100 1545030
1262105 1545030
1262400 1545500
1262405 1545500
1262410 1545500
1262415 1545500
1262430 1545510
1262435 1545510
1262440 1545510
1262445 1545510
1262460 1545520
1262465 1545520
1262470 1545520
1262475 1545520
1262490 1545530
1262495 1545530
1262500 1545530
1262505 1545530
1262800 1546000
1262805 1546000
1262810 1546000
1262815 1546000
1262830 1546010
1262835 1546010
1262840 1546010
1262845 1546010
1262860 1546020
1262865 1546020
1262870 1546020
1262875 1546020
1262890 1546030
1262895 1546030
1262900 1546030
1262905 1546030
1263200 1546500
1263205 1546500
1263210 1546500
1263215 1546500
1263230 1546510
1263235 1546510
1263240 1546510
1263245 1546510
1263260 1546520
1263265 1546520
1263270 1546520
1263275 1546520
1263290 1546530
1263295 1546530
1263300 1546530
1263305 1546530
1300000 1560000
1300005 1560000
1300010 1560000
1300015 1560000
1300030 1560010
1300035 1560010
1300040 1560010
1300045 1560010
1300060 1560020
1300065 1560020
1300070 1560020
1300075 1560020
1300090 1560030
1300095 1560030
1300100 1560030
1300105 1560030
1300400 1560500
1300405 1560500
1300410 1560500
1300415 1560500
1300430 1560510
1300435 1560510
1300440 1560510
1300445 1560510
1300460 1560520
1300465 1560520
1300470 1560520
1300475 1560520
1300490 1560530
1300495 1560530
1300500 1560530
1300505 1560530
1300800 1561000
1300805 1561000
1300810 1561000
1300815 1561000
1300830 1561010
1300835 1561010
1300840 1561010
1300845 1561010
1300860 1561020
1300865 1561020
1300870 1561020
1300875 1561020
1300890 1561030
1300895 1561030
1300900 1561030
1300905 1561030
1301200 1561500
1301205 1561500
1301210 1561500
1301215 1561500
1301230 1561510
1301235 1561510
1301240 1561510
1301245 1561510
1301260 1561520
1301265 1561520
1301270 1561520
1301275 1561520
1301290 1561530
1301295 1561530
1301300 1561530
1301305 1561530
1304000 1565000
1304005 1565000
1304010 1565000
1304015 1565000
1304030 1565010
1304035 1565010
1304040 1565010
1304045 1565010
1304060 1565020
1304065 1565020
1304070 1565020
1304075 1565020
1304090 1565030
1304095 1565030
1304100 1565030
1304105 1565030
1304400 1565500
1304405 1565500
1304410 1565500
1304415 1565500
1304430 1565510
1304435 1565510
1304440 1565510
1304445 1565510
1304460 1565520
1304465 1565520
1304470 1565520
1304475 1565520
1304490 1565530
1304495 1565530
1304500 1565530
1304505 1565530
1304800 1566000
1304805 1566000
1304810 1566000
1304815 1566000
1304830 1566010
1304835 1566010
1304840 1566010
1304845 1566010
1304860 1566020
1304865 1566020
1304870 1566020
1304875 1566020
1304890 1566030
1304895 1566030
1304900 1566030
1304905 1566030
1305200 1566500
1305205 1566500
1305210 1566500
1305215 1566500
1305230 1566510
1305235 1566510
1305240 1566510
1305245 1566510
1305260 1566520
1305265 1566520
1305270 1566520
1305275 1566520
1305290 1566530
1305295 1566530
1305300 1566530
1305305 1566530
1308000 1570000
1308005 1570000
1308010 1570000
1308015 1570000
1308030 1570010
1308035 1570010
1308040 1570010
1308045 1570010
1308060 1570020
1308065 1570020
1308070 1570020
1308075 1570020
1308090 1570030
1308095 1570030
1308100 1570030
1308105 1570030
1308400 1570500
1308405 1570500
1308410 1570500
1308415 1570500
1308430 1570510
1308435 1570510
1308440 1570510
1308445 1570510
1308460 1570520
1308465 1570520
1308470 1570520
1308475 1570520
1308490 1570530
1308495 1570530
1308500 1570530
1308505 1570530
1308800 1571000
1308805 1571000
1308810 1571000
1308815 1571000
1308830 1571010
1308835 1571010
1308840 1571010
1308845 1571010
1308860 1571020
1308865 1571020
1308870 1571020
1308875 1571020
1308890 1571030
1308895 1571030
1308900 1571030
1308905 1571030
1309200 1571500
1309205 1571500
1309210 1571500
1309215 1571500
1309230 1571510
1309235 1571510
1309240 1571510
1309245 1571510
1309260 1571520
1309265 1571520
1309270 1571520
1309275 1571520
1309290 1571530
1309295 1571530
1309300 1571530
1309305 1571530
1312000 1575000
1312005 1575000
1312010 1575000
1312015 1575000
1312030 1575010
1312035 1575010
1312040 1575010
1312045 1575010
1312060 1575020
1312065 1575020
1312070 1575020
1312075 1575020
1312090 1575030
1312095 1575030
1312100 1575030
1312105 1575030
1312400 1575500
1312405 1575500
1312410 1575500
1312415 1575500
1312430 1575510
1312435 1575510
1312440 1575510
1312445 1575510
1312460 1575520
1312465 1575520
1312470 1575520
1312475 1575520
1312490 1575530
1312495 1575530
1312500 1575530
1312505 1575530
1312800 1576000
1312805 1576000
1312810 1576000
1312815 1576000
1312830 1576010
1312835 1576010
1312840 1576010
1312845 1576010
1312860 1576020
1312865 1576020
1312870 1576020
1312875 1576020
1312890 1576030
1312895 1576030
1312900 1576030
1312905 1576030
1313200 1576500
1313205 1576500
1313210 1576500
1313215 1576500
1313230 1576510
1313235 1576510
1313240 1576510
1313245 1576510
1313260 1576520
1313265 1576520
1313270 1576520
1313275 1576520
1313290 1576530
1313295 1576530
1313300 1576530
1313305 1576530
1350000 1590000
1350005 1590000
1350010 1590000
1350015 1590000
1350030 1590010
1350035 1590010
1350040 1590010
1350045 1590010
1350060 1590020
1350065 1590020
1350070 1590020
1350075 1590020
1350090 1590030
1350095 1590030
1350100 1590030
1350105 1590030
1350400 1590500
1350405 1590500
1350410 1590500
1350415 1590500
1350430 1590510
1350435 1590510
1350440 1590510
1350445 1590510
1350460 1590520
1350465 1590520
1350470 1590520
1350475 1590520
1350490 1590530
1350495 1590530
1350500 1590530
1350505 1590530
1350800 1591000
1350805 1591000
1350810 1591000
1350815 1591000
1350830 1591010
1350835 1591010
1350840 1591010
1350845 1591010
1350860 1591020
1350865 1591020
1350870 1591020
1350875 1591020
1350890 1591030
1350895 1591030
1350900 1591030
1350905 1591030
1351200 1591500
1351205 1591500
1351210 1591500
1351215 1591500
1351230 1591510
1351235 1591510
1351240 1591510
1351245 1591510
1351260 1591520
1351265 1591520
1351270 1591520
1351275 1591520
1351290 1591530
1351295 1591530
1351300 1591530
1351305 1591530
1354000 1595000
1354005 1595000
1354010 1595000
1354015 1595000
1354030 1595010
1354035 1595010
1354040 1595010
1354045 1595010
1354060 1595020
1354065 1595020
1354070 1595020
1354075 1595020
1354090 1595030
1354095 1595030
1354100 1595030
1354105 1595030
1354400 1595500
1354405 1595500
1354410 1595500
1354415 1595500
1354430 1595510
1354435 1595510
1354440 1595510
1354445 1595510
1354460 1595520
1354465 1595520
1354470 1595520
1354475 1595520
1354490 1595530
1354495 1595530
1354500 1595530
1354505 1595530
1354800 1596000
1354805 1596000
1354810 1596000
1354815 1596000
1354830 1596010
1354835 1596010
1354840 1596010
1354845 1596010
1354860 1596020
1354865 1596020
1354870 1596020
1354875 1596020
1354890 1596030
1354895 1596030
1354900 1596030
1354905 1596030
1355200 1596500
1355205 1596500
1355210 1596500
1355215 1596500
1355230 1596510
1355235 1596510
1355240 1596510
1355245 1596510
1355260 1596520
1355265 1596520
1355270 1596520
1355275 1596520
1355290 1596530
1355295 1596530
1355300 1596530
1355305 1596530
1358000 1600000
1358005 1600000
1358010 1600000
1358015 1600000
1358030 1600010
1358035 1600010
1358040 1600010
1358045 1600010
1358060 1600020
1358065 1600020
1358070 1600020
1358075 1600020
1358090 1600030
1358095 1600030
1358100 1600030
1358105 1600030
1358400 1600500
1358405 1600500
1358410 1600500
1358415 1600500
1358430 1600510
1358435 1600510
1358440 1600510
1358445 1600510
1358460 1600520
1358465 1600520
1358470 1600520
1358475 1600520
1358490 1600530
1358495 1600530
1358500 1600530
1358505 1600530
1358800 1601000
1358805 1601000
1358810 1601000
1358815 1601000
1358830 1601010
1358835 1601010
1358840 1601010
1358845 1601010
1358860 1601020
1358865 1601020
1358870 1601020
1358875 1601020
1358890 1601030
1358895 1601030
1358900 1601030
1358905 1601030
1359200 1601500
1359205 1601500
1359210 1601500
1359215 1601500
1359230 1601510
1359235 1601510
1359240 1601510
1359245 1601510
1359260 1601520
1359265 1601520
1359270 1601520
1359275 1601520
1359290 1601530
1359295 1601530
1359300 1601530
1359305 1601530
1362000 1605000
1362005 1605000
1362010 1605000
1362015 1605000
1362030 1605010
1362035 1605010
1362040 1605010
1362045 1605010
1362060 1605020
1362065 1605020
1362070 1605020
1362075 1605020
1362090 1605030
1362095 1605030
1362100 1605030
1362105 1605030
1362400 1605500
1362405 1605500
1362410 1605500
1362415 1605500
1362430 1605510
1362435 1605510
1362440 1605510
1362445 1605510
1362460 1605520
1362465 1605520
1362470 1605520
1362475 1605520
1362490 1605530
1362495 1605530
1362500 1605530
1362505 1605530
1362800 1606000
1362805 1606000
1362810 1606000
1362815 1606000
1362830 1606010
1362835 1606010
1362840 1606010
1362845 1606010
1362860 1606020
1362865 1606020
1362870 1606020
1362875 1606020
1362890 1606030
1362895 1606030
1362900 1606030
1362905 1606030
1363200 1606500
1363205 1606500
1363210 1606500
1363215 1606500
1363230 1606510
1363235 1606510
1363240 1606510
1363245 1606510
1363260 1606520
1363265 1606520
1363270 1606520
1363275 1606520
1363290 1606530
1363295 1606530
1363300 1606530
1363305 1606530
