64
0 0
4 2
30 0
34 2
400 0
404 2
430 0
434 2
1000 2000
1004 2002
1030 2000
1034 2002
1400 2000
1404 2002
1430 2000
1434 2002
50000 40000
50004 40002
50030 40000
50034 40002
50400 40000
50404 40002
50430 40000
50434 40002
51000 42000
51004 42002
51030 42000
51034 42002
51400 42000
51404 42002
51430 42000
51434 42002
400000 400000
400004 400002
400030 400000
400034 400002
400400 400000
400404 400002
400430 400000
400434 400002
401000 402000
401004 402002
401030 402000
401034 402002
401400 402000
401404 402002
401430 402000
401434 402002
450000 440000
450004 440002
450030 440000
450034 440002
450400 440000
450404 440002
450430 440000
450434 440002
451000 442000
451004 442002
451030 442000
451034 442002
451400 442000
451404 442002
451430 442000
451434 442002
