4096
0 0
0 2
0 4
0 6
40 0
40 2
40 4
40 6
80 0
80 2
80 4
80 6
120 0
120 2
120 4
120 6
300 0
300 2
300 4
300 6
340 0
340 2
340 4
340 6
380 0
380 2
380 4
380 6
420 0
420 2
420 4
420 6
600 0
600 2
600 4
600 6
640 0
640 2
640 4
640 6
680 0
680 2
680 4
680 6
720 0
720 2
720 4
720 6
900 0
900 2
900 4
900 6
940 0
940 2
940 4
940 6
980 0
980 2
980 4
980 6
1020 0
1020 2
1020 4
1020 6
2000 1000
2000 1002
2000 1004
2000 1006
2040 1000
2040 1002
2040 1004
2040 1006
2080 1000
2080 1002
2080 1004
2080 1006
2120 1000
2120 1002
2120 1004
2120 1006
2300 1000
2300 1002
2300 1004
2300 1006
2340 1000
2340 1002
2340 1004
2340 1006
2380 1000
2380 1002
2380 1004
2380 1006
2420 1000
2420 1002
2420 1004
2420 1006
2600 1000
2600 1002
2600 1004
2600 1006
2640 1000
2640 1002
2640 1004
2640 1006
2680 1000
2680 1002
2680 1004
2680 1006
2720 1000
2720 1002
2720 1004
2720 1006
2900 1000
2900 1002
2900 1004
2900 1006
2940 1000
2940 1002
2940 1004
2940 1006
2980 1000
2980 1002
2980 1004
2980 1006
3020 1000
3020 1002
3020 1004
3020 1006
4000 2000
4000 2002
4000 2004
4000 2006
4040 2000
4040 2002
4040 2004
4040 2006
4080 2000
4080 2002
4080 2004
4080 2006
4120 2000
4120 2002
4120 2004
4120 2006
4300 2000
4300 2002
4300 2004
4300 2006
4340 2000
4340 2002
4340 2004
4340 2006
4380 2000
4380 2002
4380 2004
4380 2006
4420 2000
4420 2002
4420 2004
4420 2006
4600 2000
4600 2002
4600 2004
4600 2006
4640 2000
4640 2002
4640 2004
4640 2006
4680 2000
4680 2002
4680 2004
4680 2006
4720 2000
4720 2002
4720 2004
4720 2006
4900 2000
4900 2002
4900 2004
4900 2006
4940 2000
4940 2002
4940 2004
4940 2006
4980 2000
4980 2002
4980 2004
4980 2006
5020 2000
5020 2002
5020 2004
5020 2006
6000 3000
6000 3002
6000 3004
6000 3006
6040 3000
6040 3002
6040 3004
6040 3006
6080 3000
6080 3002
6080 3004
6080 3006
6120 3000
6120 3002
6120 3004
6120 3006
6300 3000
6300 3002
6300 3004
6300 3006
6340 3000
6340 3002
6340 3004
6340 3006
6380 3000
6380 3002
6380 3004
6380 3006
6420 3000
6420 3002
6420 3004
6420 3006
6600 3000
6600 3002
6600 3004
6600 3006
6640 3000
6640 3002
6640 3004
6640 3006
6680 3000
6680 3002
6680 3004
6680 3006
6720 3000
6720 3002
6720 3004
6720 3006
6900 3000
6900 3002
6900 3004
6900 3006
6940 3000
6940 3002
6940 3004
6940 3006
6980 3000
6980 3002
6980 3004
6980 3006
7020 3000
7020 3002
7020 3004
7020 3006
50000 0
50000 2
50000 4
50000 6
50040 0
50040 2
50040 4
50040 6
50080 0
50080 2
50080 4
50080 6
50120 0
50120 2
50120 4
50120 6
50300 0
50300 2
50300 4
50300 6
50340 0
50340 2
50340 4
50340 6
50380 0
50380 2
50380 4
50380 6
50420 0
50420 2
50420 4
50420 6
50600 0
50600 2
50600 4
50600 6
50640 0
50640 2
50640 4
50640 6
50680 0
50680 2
50680 4
50680 6
50720 0
50720 2
50720 4
50720 6
50900 0
50900 2
50900 4
50900 6
50940 0
50940 2
50940 4
50940 6
50980 0
50980 2
50980 4
50980 6
51020 0
51020 2
51020 4
51020 6
52000 1000
52000 1002
52000 1004
52000 1006
52040 1000
52040 1002
52040 1004
52040 1006
52080 1000
52080 1002
52080 1004
52080 1006
52120 1000
52120 1002
52120 1004
52120 1006
52300 1000
52300 1002
52300 1004
52300 1006
52340 1000
52340 1002
52340 1004
52340 1006
52380 1000
52380 1002
52380 1004
52380 1006
52420 1000
52420 1002
52420 1004
52420 1006
52600 1000
52600 1002
52600 1004
52600 1006
52640 1000
52640 1002
52640 1004
52640 1006
52680 1000
52680 1002
52680 1004
52680 1006
52720 1000
52720 1002
52720 1004
52720 1006
52900 1000
52900 1002
52900 1004
52900 1006
52940 1000
52940 1002
52940 1004
52940 1006
52980 1000
52980 1002
52980 1004
52980 1006
53020 1000
53020 1002
53020 1004
53020 1006
54000 2000
54000 2002
54000 2004
54000 2006
54040 2000
54040 2002
54040 2004
54040 2006
54080 2000
54080 2002
54080 2004
54080 2006
54120 2000
54120 2002
54120 2004
54120 2006
54300 2000
54300 2002
54300 2004
54300 2006
54340 2000
54340 2002
54340 2004
54340 2006
54380 2000
54380 2002
54380 2004
54380 2006
54420 2000
54420 2002
54420 2004
54420 2006
54600 2000
54600 2002
54600 2004
54600 2006
54640 2000
54640 2002
54640 2004
54640 2006
54680 2000
54680 2002
54680 2004
54680 2006
54720 2000
54720 2002
54720 2004
54720 2006
54900 2000
54900 2002
54900 2004
54900 2006
54940 2000
54940 2002
54940 2004
54940 2006
54980 2000
54980 2002
54980 2004
54980 2006
55020 2000
55020 2002
55020 2004
55020 2006
56000 3000
56000 3002
56000 3004
56000 3006
56040 3000
56040 3002
56040 3004
56040 3006
56080 3000
56080 3002
56080 3004
56080 3006
56120 3000
56120 3002
56120 3004
56120 3006
56300 3000
56300 3002
56300 3004
56300 3006
56340 3000
56340 3002
56340 3004
56340 3006
56380 3000
56380 3002
56380 3004
56380 3006
56420 3000
56420 3002
56420 3004
56420 3006
56600 3000
56600 3002
56600 3004
56600 3006
56640 3000
56640 3002
56640 3004
56640 3006
56680 3000
56680 3002
56680 3004
56680 3006
56720 3000
56720 3002
56720 3004
56720 3006
56900 3000
56900 3002
56900 3004
56900 3006
56940 3000
56940 3002
56940 3004
56940 3006
56980 3000
56980 3002
56980 3004
56980 3006
57020 3000
57020 3002
57020 3004
57020 3006
100000 0
100000 2
100000 4
100000 6
100040 0
100040 2
100040 4
100040 6
100080 0
100080 2
100080 4
100080 6
100120 0
100120 2
100120 4
100120 6
100300 0
100300 2
100300 4
100300 6
100340 0
100340 2
100340 4
100340 6
100380 0
100380 2
100380 4
100380 6
100420 0
100420 2
100420 4
100420 6
100600 0
100600 2
100600 4
100600 6
100640 0
100640 2
100640 4
100640 6
100680 0
100680 2
100680 4
100680 6
100720 0
100720 2
100720 4
100720 6
100900 0
100900 2
100900 4
100900 6
100940 0
100940 2
100940 4
100940 6
100980 0
100980 2
100980 4
100980 6
101020 0
101020 2
101020 4
101020 6
102000 1000
102000 1002
102000 1004
102000 1006
102040 1000
102040 1002
102040 1004
102040 1006
102080 1000
102080 1002
102080 1004
102080 1006
102120 1000
102120 1002
102120 1004
102120 1006
102300 1000
102300 1002
102300 1004
102300 1006
102340 1000
102340 1002
102340 1004
102340 1006
102380 1000
102380 1002
102380 1004
102380 1006
102420 1000
102420 1002
102420 1004
102420 1006
102600 1000
102600 1002
102600 1004
102600 1006
102640 1000
102640 1002
102640 1004
102640 1006
102680 1000
102680 1002
102680 1004
102680 1006
102720 1000
102720 1002
102720 1004
102720 1006
102900 1000
102900 1002
102900 1004
102900 1006
102940 1000
102940 1002
102940 1004
102940 1006
102980 1000
102980 1002
102980 1004
102980 1006
103020 1000
103020 1002
103020 1004
103020 1006
104000 2000
104000 2002
104000 2004
104000 2006
104040 2000
104040 2002
104040 2004
104040 2006
104080 2000
104080 2002
104080 2004
104080 2006
104120 2000
104120 2002
104120 2004
104120 2006
104300 2000
104300 2002
104300 2004
104300 2006
104340 2000
104340 2002
104340 2004
104340 2006
104380 2000
104380 2002
104380 2004
104380 2006
104420 2000
104420 2002
104420 2004
104420 2006
104600 2000
104600 2002
104600 2004
104600 2006
104640 2000
104640 2002
104640 2004
104640 2006
104680 2000
104680 2002
104680 2004
104680 2006
104720 2000
104720 2002
104720 2004
104720 2006
104900 2000
104900 2002
104900 2004
104900 2006
104940 2000
104940 2002
104940 2004
104940 2006
104980 2000
104980 2002
104980 2004
104980 2006
105020 2000
105020 2002
105020 2004
105020 2006
106000 3000
106000 3002
106000 3004
106000 3006
106040 3000
106040 3002
106040 3004
106040 3006
106080 3000
106080 3002
106080 3004
106080 3006
106120 3000
106120 3002
106120 3004
106120 3006
106300 3000
106300 3002
106300 3004
106300 3006
106340 3000
106340 3002
106340 3004
106340 3006
106380 3000
106380 3002
106380 3004
106380 3006
106420 3000
106420 3002
106420 3004
106420 3006
106600 3000
106600 3002
106600 3004
106600 3006
106640 3000
106640 3002
106640 3004
106640 3006
106680 3000
106680 3002
106680 3004
106680 3006
106720 3000
106720 3002
106720 3004
106720 3006
106900 3000
106900 3002
106900 3004
106900 3006
106940 3000
106940 3002
106940 3004
106940 3006
106980 3000
106980 3002
106980 3004
106980 3006
107020 3000
107020 3002
107020 3004
107020 3006
150000 0
150000 2
150000 4
150000 6
150040 0
150040 2
150040 4
150040 6
150080 0
150080 2
150080 4
150080 6
150120 0
150120 2
150120 4
150120 6
150300 0
150300 2
150300 4
150300 6
150340 0
150340 2
150340 4
150340 6
150380 0
150380 2
150380 4
150380 6
150420 0
150420 2
150420 4
150420 6
150600 0
150600 2
150600 4
150600 6
150640 0
150640 2
150640 4
150640 6
150680 0
150680 2
150680 4
150680 6
150720 0
150720 2
150720 4
150720 6
150900 0
150900 2
150900 4
150900 6
150940 0
150940 2
150940 4
150940 6
150980 0
150980 2
150980 4
150980 6
151020 0
151020 2
151020 4
151020 6
152000 1000
152000 1002
152000 1004
152000 1006
152040 1000
152040 1002
152040 1004
152040 1006
152080 1000
152080 1002
152080 1004
152080 1006
152120 1000
152120 1002
152120 1004
152120 1006
152300 1000
152300 1002
152300 1004
152300 1006
152340 1000
152340 1002
152340 1004
152340 1006
152380 1000
152380 1002
152380 1004
152380 1006
152420 1000
152420 1002
152420 1004
152420 1006
152600 1000
152600 1002
152600 1004
152600 1006
152640 1000
152640 1002
152640 1004
152640 1006
152680 1000
152680 1002
152680 1004
152680 1006
152720 1000
152720 1002
152720 1004
152720 1006
152900 1000
152900 1002
152900 1004
152900 1006
152940 1000
152940 1002
152940 1004
152940 1006
152980 1000
152980 1002
152980 1004
152980 1006
153020 1000
153020 1002
153020 1004
153020 1006
154000 2000
154000 2002
154000 2004
154000 2006
154040 2000
154040 2002
154040 2004
154040 2006
154080 2000
154080 2002
154080 2004
154080 2006
154120 2000
154120 2002
154120 2004
154120 2006
154300 2000
154300 2002
154300 2004
154300 2006
154340 2000
154340 2002
154340 2004
154340 2006
154380 2000
154380 2002
154380 2004
154380 2006
154420 2000
154420 2002
154420 2004
154420 2006
154600 2000
154600 2002
154600 2004
154600 2006
154640 2000
154640 2002
154640 2004
154640 2006
154680 2000
154680 2002
154680 2004
154680 2006
154720 2000
154720 2002
154720 2004
154720 2006
154900 2000
154900 2002
154900 2004
154900 2006
154940 2000
154940 2002
154940 2004
154940 2006
154980 2000
154980 2002
154980 2004
154980 2006
155020 2000
155020 2002
155020 2004
155020 2006
156000 3000
156000 3002
156000 3004
156000 3006
156040 3000
156040 3002
156040 3004
156040 3006
156080 3000
156080 3002
156080 3004
156080 3006
156120 3000
156120 3002
156120 3004
156120 3006
156300 3000
156300 3002
156300 3004
156300 3006
156340 3000
156340 3002
156340 3004
156340 3006
156380 3000
156380 3002
156380 3004
156380 3006
156420 3000
156420 3002
156420 3004
156420 3006
156600 3000
156600 3002
156600 3004
156600 3006
156640 3000
156640 3002
156640 3004
156640 3006
156680 3000
156680 3002
156680 3004
156680 3006
156720 3000
156720 3002
156720 3004
156720 3006
156900 3000
156900 3002
156900 3004
156900 3006
156940 3000
156940 3002
156940 3004
156940 3006
156980 3000
156980 3002
156980 3004
156980 3006
157020 3000
157020 3002
157020 3004
157020 3006
300000 0
300000 2
300000 4
300000 6
300040 0
300040 2
300040 4
300040 6
300080 0
300080 2
300080 4
300080 6
300120 0
300120 2
300120 4
300120 6
300300 0
300300 2
300300 4
300300 6
300340 0
300340 2
300340 4
300340 6
300380 0
300380 2
300380 4
300380 6
300420 0
300420 2
300420 4
300420 6
300600 0
300600 2
300600 4
300600 6
300640 0
300640 2
300640 4
300640 6
300680 0
300680 2
300680 4
300680 6
300720 0
300720 2
300720 4
300720 6
300900 0
300900 2
300900 4
300900 6
300940 0
300940 2
300940 4
300940 6
300980 0
300980 2
300980 4
300980 6
301020 0
301020 2
301020 4
301020 6
302000 1000
302000 1002
302000 1004
302000 1006
302040 1000
302040 1002
302040 1004
302040 1006
302080 1000
302080 1002
302080 1004
302080 1006
302120 1000
302120 1002
302120 1004
302120 1006
302300 1000
302300 1002
302300 1004
302300 1006
302340 1000
302340 1002
302340 1004
302340 1006
302380 1000
302380 1002
302380 1004
302380 1006
302420 1000
302420 1002
302420 1004
302420 1006
302600 1000
302600 1002
302600 1004
302600 1006
302640 1000
302640 1002
302640 1004
302640 1006
302680 1000
302680 1002
302680 1004
302680 1006
302720 1000
302720 1002
302720 1004
302720 1006
302900 1000
302900 1002
302900 1004
302900 1006
302940 1000
302940 1002
302940 1004
302940 1006
302980 1000
302980 1002
302980 1004
302980 1006
303020 1000
303020 1002
303020 1004
303020 1006
304000 2000
304000 2002
304000 2004
304000 2006
304040 2000
304040 2002
304040 2004
304040 2006
304080 2000
304080 2002
304080 2004
304080 2006
304120 2000
304120 2002
304120 2004
304120 2006
304300 2000
304300 2002
304300 2004
304300 2006
304340 2000
304340 2002
304340 2004
304340 2006
304380 2000
304380 2002
304380 2004
304380 2006
304420 2000
304420 2002
304420 2004
304420 2006
304600 2000
304600 2002
304600 2004
304600 2006
304640 2000
304640 2002
304640 2004
304640 2006
304680 2000
304680 2002
304680 2004
304680 2006
304720 2000
304720 2002
304720 2004
304720 2006
304900 2000
304900 2002
304900 2004
304900 2006
304940 2000
304940 2002
304940 2004
304940 2006
304980 2000
304980 2002
304980 2004
304980 2006
305020 2000
305020 2002
305020 2004
305020 2006
306000 3000
306000 3002
306000 3004
306000 3006
306040 3000
306040 3002
306040 3004
306040 3006
306080 3000
306080 3002
306080 3004
306080 3006
306120 3000
306120 3002
306120 3004
306120 3006
306300 3000
306300 3002
306300 3004
306300 3006
306340 3000
306340 3002
306340 3004
306340 3006
306380 3000
306380 3002
306380 3004
306380 3006
306420 3000
306420 3002
306420 3004
306420 3006
306600 3000
306600 3002
306600 3004
306600 3006
306640 3000
306640 3002
306640 3004
306640 3006
306680 3000
306680 3002
306680 3004
306680 3006
306720 3000
306720 3002
306720 3004
306720 3006
306900 3000
306900 3002
306900 3004
306900 3006
306940 3000
306940 3002
306940 3004
306940 3006
306980 3000
306980 3002
306980 3004
306980 3006
307020 3000
307020 3002
307020 3004
307020 3006
350000 0
350000 2
350000 4
350000 6
350040 0
350040 2
350040 4
350040 6
350080 0
350080 2
350080 4
350080 6
350120 0
350120 2
350120 4
350120 6
350300 0
350300 2
350300 4
350300 6
350340 0
350340 2
350340 4
350340 6
350380 0
350380 2
350380 4
350380 6
350420 0
350420 2
350420 4
350420 6
350600 0
350600 2
350600 4
350600 6
350640 0
350640 2
350640 4
350640 6
350680 0
350680 2
350680 4
350680 6
350720 0
350720 2
350720 4
350720 6
350900 0
350900 2
350900 4
350900 6
350940 0
350940 2
350940 4
350940 6
350980 0
350980 2
350980 4
350980 6
351020 0
351020 2
351020 4
351020 6
352000 1000
352000 1002
352000 1004
352000 1006
352040 1000
352040 1002
352040 1004
352040 1006
352080 1000
352080 1002
352080 1004
352080 1006
352120 1000
352120 1002
352120 1004
352120 1006
352300 1000
352300 1002
352300 1004
352300 1006
352340 1000
352340 1002
352340 1004
352340 1006
352380 1000
352380 1002
352380 1004
352380 1006
352420 1000
352420 1002
352420 1004
352420 1006
352600 1000
352600 1002
352600 1004
352600 1006
352640 1000
352640 1002
352640 1004
352640 1006
352680 1000
352680 1002
352680 1004
352680 1006
352720 1000
352720 1002
352720 1004
352720 1006
352900 1000
352900 1002
352900 1004
352900 1006
352940 1000
352940 1002
352940 1004
352940 1006
352980 1000
352980 1002
352980 1004
352980 1006
353020 1000
353020 1002
353020 1004
353020 1006
354000 2000
354000 2002
354000 2004
354000 2006
354040 2000
354040 2002
354040 2004
354040 2006
354080 2000
354080 2002
354080 2004
354080 2006
354120 2000
354120 2002
354120 2004
354120 2006
354300 2000
354300 2002
354300 2004
354300 2006
354340 2000
354340 2002
354340 2004
354340 2006
354380 2000
354380 2002
354380 2004
354380 2006
354420 2000
354420 2002
354420 2004
354420 2006
354600 2000
354600 2002
354600 2004
354600 2006
354640 2000
354640 2002
354640 2004
354640 2006
354680 2000
354680 2002
354680 2004
354680 2006
354720 2000
354720 2002
354720 2004
354720 2006
354900 2000
354900 2002
354900 2004
354900 2006
354940 2000
354940 2002
354940 2004
354940 2006
354980 2000
354980 2002
354980 2004
354980 2006
355020 2000
355020 2002
355020 2004
355020 2006
356000 3000
356000 3002
356000 3004
356000 3006
356040 3000
356040 3002
356040 3004
356040 3006
356080 3000
356080 3002
356080 3004
356080 3006
356120 3000
356120 3002
356120 3004
356120 3006
356300 3000
356300 3002
356300 3004
356300 3006
356340 3000
356340 3002
356340 3004
356340 3006
356380 3000
356380 3002
356380 3004
356380 3006
356420 3000
356420 3002
356420 3004
356420 3006
356600 3000
356600 3002
356600 3004
356600 3006
356640 3000
356640 3002
356640 3004
356640 3006
356680 3000
356680 3002
356680 3004
356680 3006
356720 3000
356720 3002
356720 3004
356720 3006
356900 3000
356900 3002
356900 3004
356900 3006
356940 3000
356940 3002
356940 3004
356940 3006
356980 3000
356980 3002
356980 3004
356980 3006
357020 3000
357020 3002
357020 3004
357020 3006
400000 0
400000 2
400000 4
400000 6
400040 0
400040 2
400040 4
400040 6
400080 0
400080 2
400080 4
400080 6
400120 0
400120 2
400120 4
400120 6
400300 0
400300 2
400300 4
400300 6
400340 0
400340 2
400340 4
400340 6
400380 0
400380 2
400380 4
400380 6
400420 0
400420 2
400420 4
400420 6
400600 0
400600 2
400600 4
400600 6
400640 0
400640 2
400640 4
400640 6
400680 0
400680 2
400680 4
400680 6
400720 0
400720 2
400720 4
400720 6
400900 0
400900 2
400900 4
400900 6
400940 0
400940 2
400940 4
400940 6
400980 0
400980 2
400980 4
400980 6
401020 0
401020 2
401020 4
401020 6
402000 1000
402000 1002
402000 1004
402000 1006
402040 1000
402040 1002
402040 1004
402040 1006
402080 1000
402080 1002
402080 1004
402080 1006
402120 1000
402120 1002
402120 1004
402120 1006
402300 1000
402300 1002
402300 1004
402300 1006
402340 1000
402340 1002
402340 1004
402340 1006
402380 1000
402380 1002
402380 1004
402380 1006
402420 1000
402420 1002
402420 1004
402420 1006
402600 1000
402600 1002
402600 1004
402600 1006
402640 1000
402640 1002
402640 1004
402640 1006
402680 1000
402680 1002
402680 1004
402680 1006
402720 1000
402720 1002
402720 1004
402720 1006
402900 1000
402900 1002
402900 1004
402900 1006
402940 1000
402940 1002
402940 1004
402940 1006
402980 1000
402980 1002
402980 1004
402980 1006
403020 1000
403020 1002
403020 1004
403020 1006
404000 2000
404000 2002
404000 2004
404000 2006
404040 2000
404040 2002
404040 2004
404040 2006
404080 2000
404080 2002
404080 2004
404080 2006
404120 2000
404120 2002
404120 2004
404120 2006
404300 2000
404300 2002
404300 2004
404300 2006
404340 2000
404340 2002
404340 2004
404340 2006
404380 2000
404380 2002
404380 2004
404380 2006
404420 2000
404420 2002
404420 2004
404420 2006
404600 2000
404600 2002
404600 2004
404600 2006
404640 2000
404640 2002
404640 2004
404640 2006
404680 2000
404680 2002
404680 2004
404680 2006
404720 2000
404720 2002
404720 2004
404720 2006
404900 2000
404900 2002
404900 2004
404900 2006
404940 2000
404940 2002
404940 2004
404940 2006
404980 2000
404980 2002
404980 2004
404980 2006
405020 2000
405020 2002
405020 2004
405020 2006
406000 3000
406000 3002
406000 3004
406000 3006
406040 3000
406040 3002
406040 3004
406040 3006
406080 3000
406080 3002
406080 3004
406080 3006
406120 3000
406120 3002
406120 3004
406120 3006
406300 3000
406300 3002
406300 3004
406300 3006
406340 3000
406340 3002
406340 3004
406340 3006
406380 3000
406380 3002
406380 3004
406380 3006
406420 3000
406420 3002
406420 3004
406420 3006
406600 3000
406600 3002
406600 3004
406600 3006
406640 3000
406640 3002
406640 3004
406640 3006
406680 3000
406680 3002
406680 3004
406680 3006
406720 3000
406720 3002
406720 3004
406720 3006
406900 3000
406900 3002
406900 3004
406900 3006
406940 3000
406940 3002
406940 3004
406940 3006
406980 3000
406980 3002
406980 3004
406980 3006
407020 3000
407020 3002
407020 3004
407020 3006
450000 0
450000 2
450000 4
450000 6
450040 0
450040 2
450040 4
450040 6
450080 0
450080 2
450080 4
450080 6
450120 0
450120 2
450120 4
450120 6
450300 0
450300 2
450300 4
450300 6
450340 0
450340 2
450340 4
450340 6
450380 0
450380 2
450380 4
450380 6
450420 0
450420 2
450420 4
450420 6
450600 0
450600 2
450600 4
450600 6
450640 0
450640 2
450640 4
450640 6
450680 0
450680 2
450680 4
450680 6
450720 0
450720 2
450720 4
450720 6
450900 0
450900 2
450900 4
450900 6
450940 0
450940 2
450940 4
450940 6
450980 0
450980 2
450980 4
450980 6
451020 0
451020 2
451020 4
451020 6
452000 1000
452000 1002
452000 1004
452000 1006
452040 1000
452040 1002
452040 1004
452040 1006
452080 1000
452080 1002
452080 1004
452080 1006
452120 1000
452120 1002
452120 1004
452120 1006
452300 1000
452300 1002
452300 1004
452300 1006
452340 1000
452340 1002
452340 1004
452340 1006
452380 1000
452380 1002
452380 1004
452380 1006
452420 1000
452420 1002
452420 1004
452420 1006
452600 1000
452600 1002
452600 1004
452600 1006
452640 1000
452640 1002
452640 1004
452640 1006
452680 1000
452680 1002
452680 1004
452680 1006
452720 1000
452720 1002
452720 1004
452720 1006
452900 1000
452900 1002
452900 1004
452900 1006
452940 1000
452940 1002
452940 1004
452940 1006
452980 1000
452980 1002
452980 1004
452980 1006
453020 1000
453020 1002
453020 1004
453020 1006
454000 2000
454000 2002
454000 2004
454000 2006
454040 2000
454040 2002
454040 2004
454040 2006
454080 2000
454080 2002
454080 2004
454080 2006
454120 2000
454120 2002
454120 2004
454120 2006
454300 2000
454300 2002
454300 2004
454300 2006
454340 2000
454340 2002
454340 2004
454340 2006
454380 2000
454380 2002
454380 2004
454380 2006
454420 2000
454420 2002
454420 2004
454420 2006
454600 2000
454600 2002
454600 2004
454600 2006
454640 2000
454640 2002
454640 2004
454640 2006
454680 2000
454680 2002
454680 2004
454680 2006
454720 2000
454720 2002
454720 2004
454720 2006
454900 2000
454900 2002
454900 2004
454900 2006
454940 2000
454940 2002
454940 2004
454940 2006
454980 2000
454980 2002
454980 2004
454980 2006
455020 2000
455020 2002
455020 2004
455020 2006
456000 3000
456000 3002
456000 3004
456000 3006
456040 3000
456040 3002
456040 3004
456040 3006
456080 3000
456080 3002
456080 3004
456080 3006
456120 3000
456120 3002
456120 3004
456120 3006
456300 3000
456300 3002
456300 3004
456300 3006
456340 3000
456340 3002
456340 3004
456340 3006
456380 3000
456380 3002
456380 3004
456380 3006
456420 3000
456420 3002
456420 3004
456420 3006
456600 3000
456600 3002
456600 3004
456600 3006
456640 3000
456640 3002
456640 3004
456640 3006
456680 3000
456680 3002
456680 3004
456680 3006
456720 3000
456720 3002
456720 3004
456720 3006
456900 3000
456900 3002
456900 3004
456900 3006
456940 3000
456940 3002
456940 3004
456940 3006
456980 3000
456980 3002
456980 3004
456980 3006
457020 3000
457020 3002
457020 3004
457020 3006
600000 0
600000 2
600000 4
600000 6
600040 0
600040 2
600040 4
600040 6
600080 0
600080 2
600080 4
600080 6
600120 0
600120 2
600120 4
600120 6
600300 0
600300 2
600300 4
600300 6
600340 0
600340 2
600340 4
600340 6
600380 0
600380 2
600380 4
600380 6
600420 0
600420 2
600420 4
600420 6
600600 0
600600 2
600600 4
600600 6
600640 0
600640 2
600640 4
600640 6
600680 0
600680 2
600680 4
600680 6
600720 0
600720 2
600720 4
600720 6
600900 0
600900 2
600900 4
600900 6
600940 0
600940 2
600940 4
600940 6
600980 0
600980 2
600980 4
600980 6
601020 0
601020 2
601020 4
601020 6
602000 1000
602000 1002
602000 1004
602000 1006
602040 1000
602040 1002
602040 1004
602040 1006
602080 1000
602080 1002
602080 1004
602080 1006
602120 1000
602120 1002
602120 1004
602120 1006
602300 1000
602300 1002
602300 1004
602300 1006
602340 1000
602340 1002
602340 1004
602340 1006
602380 1000
602380 1002
602380 1004
602380 1006
602420 1000
602420 1002
602420 1004
602420 1006
602600 1000
602600 1002
602600 1004
602600 1006
602640 1000
602640 1002
602640 1004
602640 1006
602680 1000
602680 1002
602680 1004
602680 1006
602720 1000
602720 1002
602720 1004
602720 1006
602900 1000
602900 1002
602900 1004
602900 1006
602940 1000
602940 1002
602940 1004
602940 1006
602980 1000
602980 1002
602980 1004
602980 1006
603020 1000
603020 1002
603020 1004
603020 1006
604000 2000
604000 2002
604000 2004
604000 2006
604040 2000
604040 2002
604040 2004
604040 2006
604080 2000
604080 2002
604080 2004
604080 2006
604120 2000
604120 2002
604120 2004
604120 2006
604300 2000
604300 2002
604300 2004
604300 2006
604340 2000
604340 2002
604340 2004
604340 2006
604380 2000
604380 2002
604380 2004
604380 2006
604420 2000
604420 2002
604420 2004
604420 2006
604600 2000
604600 2002
604600 2004
604600 2006
604640 2000
604640 2002
604640 2004
604640 2006
604680 2000
604680 2002
604680 2004
604680 2006
604720 2000
604720 2002
604720 2004
604720 2006
604900 2000
604900 2002
604900 2004
604900 2006
604940 2000
604940 2002
604940 2004
604940 2006
604980 2000
604980 2002
604980 2004
604980 2006
605020 2000
605020 2002
605020 2004
605020 2006
606000 3000
606000 3002
606000 3004
606000 3006
606040 3000
606040 3002
606040 3004
606040 3006
606080 3000
606080 3002
606080 3004
606080 3006
606120 3000
606120 3002
606120 3004
606120 3006
606300 3000
606300 3002
606300 3004
606300 3006
606340 3000
606340 3002
606340 3004
606340 3006
606380 3000
606380 3002
606380 3004
606380 3006
606420 3000
606420 3002
606420 3004
606420 3006
606600 3000
606600 3002
606600 3004
606600 3006
606640 3000
606640 3002
606640 3004
606640 3006
606680 3000
606680 3002
606680 3004
606680 3006
606720 3000
606720 3002
606720 3004
606720 3006
606900 3000
606900 3002
606900 3004
606900 3006
606940 3000
606940 3002
606940 3004
606940 3006
606980 3000
606980 3002
606980 3004
606980 3006
607020 3000
607020 3002
607020 3004
607020 3006
650000 0
650000 2
650000 4
650000 6
650040 0
650040 2
650040 4
650040 6
650080 0
650080 2
650080 4
650080 6
650120 0
650120 2
650120 4
650120 6
650300 0
650300 2
650300 4
650300 6
650340 0
650340 2
650340 4
650340 6
650380 0
650380 2
650380 4
650380 6
650420 0
650420 2
650420 4
650420 6
650600 0
650600 2
650600 4
650600 6
650640 0
650640 2
650640 4
650640 6
650680 0
650680 2
650680 4
650680 6
650720 0
650720 2
650720 4
650720 6
650900 0
650900 2
650900 4
650900 6
650940 0
650940 2
650940 4
650940 6
650980 0
650980 2
650980 4
650980 6
651020 0
651020 2
651020 4
651020 6
652000 1000
652000 1002
652000 1004
652000 1006
652040 1000
652040 1002
652040 1004
652040 1006
652080 1000
652080 1002
652080 1004
652080 1006
652120 1000
652120 1002
652120 1004
652120 1006
652300 1000
652300 1002
652300 1004
652300 1006
652340 1000
652340 1002
652340 1004
652340 1006
652380 1000
652380 1002
652380 1004
652380 1006
652420 1000
652420 1002
652420 1004
652420 1006
652600 1000
652600 1002
652600 1004
652600 1006
652640 1000
652640 1002
652640 1004
652640 1006
652680 1000
652680 1002
652680 1004
652680 1006
652720 1000
652720 1002
652720 1004
652720 1006
652900 1000
652900 1002
652900 1004
652900 1006
652940 1000
652940 1002
652940 1004
652940 1006
652980 1000
652980 1002
652980 1004
652980 1006
653020 1000
653020 1002
653020 1004
653020 1006
654000 2000
654000 2002
654000 2004
654000 2006
654040 2000
654040 2002
654040 2004
654040 2006
654080 2000
654080 2002
654080 2004
654080 2006
654120 2000
654120 2002
654120 2004
654120 2006
654300 2000
654300 2002
654300 2004
654300 2006
654340 2000
654340 2002
654340 2004
654340 2006
654380 2000
654380 2002
654380 2004
654380 2006
654420 2000
654420 2002
654420 2004
654420 2006
654600 2000
654600 2002
654600 2004
654600 2006
654640 2000
654640 2002
654640 2004
654640 2006
654680 2000
654680 2002
654680 2004
654680 2006
654720 2000
654720 2002
654720 2004
654720 2006
654900 2000
654900 2002
654900 2004
654900 2006
654940 2000
654940 2002
654940 2004
654940 2006
654980 2000
654980 2002
654980 2004
654980 2006
655020 2000
655020 2002
655020 2004
655020 2006
656000 3000
656000 3002
656000 3004
656000 3006
656040 3000
656040 3002
656040 3004
656040 3006
656080 3000
656080 3002
656080 3004
656080 3006
656120 3000
656120 3002
656120 3004
656120 3006
656300 3000
656300 3002
656300 3004
656300 3006
656340 3000
656340 3002
656340 3004
656340 3006
656380 3000
656380 3002
656380 3004
656380 3006
656420 3000
656420 3002
656420 3004
656420 3006
656600 3000
656600 3002
656600 3004
656600 3006
656640 3000
656640 3002
656640 3004
656640 3006
656680 3000
656680 3002
656680 3004
656680 3006
656720 3000
656720 3002
656720 3004
656720 3006
656900 3000
656900 3002
656900 3004
656900 3006
656940 3000
656940 3002
656940 3004
656940 3006
656980 3000
656980 3002
656980 3004
656980 3006
657020 3000
657020 3002
657020 3004
657020 3006
700000 0
700000 2
700000 4
700000 6
700040 0
700040 2
700040 4
700040 6
700080 0
700080 2
700080 4
700080 6
700120 0
700120 2
700120 4
700120 6
700300 0
700300 2
700300 4
700300 6
700340 0
700340 2
700340 4
700340 6
700380 0
700380 2
700380 4
700380 6
700420 0
700420 2
700420 4
700420 6
700600 0
700600 2
700600 4
700600 6
700640 0
700640 2
700640 4
700640 6
700680 0
700680 2
700680 4
700680 6
700720 0
700720 2
700720 4
700720 6
700900 0
700900 2
700900 4
700900 6
700940 0
700940 2
700940 4
700940 6
700980 0
700980 2
700980 4
700980 6
701020 0
701020 2
701020 4
701020 6
702000 1000
702000 1002
702000 1004
702000 1006
702040 1000
702040 1002
702040 1004
702040 1006
702080 1000
702080 1002
702080 1004
702080 1006
702120 1000
702120 1002
702120 1004
702120 1006
702300 1000
702300 1002
702300 1004
702300 1006
702340 1000
702340 1002
702340 1004
702340 1006
702380 1000
702380 1002
702380 1004
702380 1006
702420 1000
702420 1002
702420 1004
702420 1006
702600 1000
702600 1002
702600 1004
702600 1006
702640 1000
702640 1002
702640 1004
702640 1006
702680 1000
702680 1002
702680 1004
702680 1006
702720 1000
702720 1002
702720 1004
702720 1006
702900 1000
702900 1002
702900 1004
702900 1006
702940 1000
702940 1002
702940 1004
702940 1006
702980 1000
702980 1002
702980 1004
702980 1006
703020 1000
703020 1002
703020 1004
703020 1006
704000 2000
704000 2002
704000 2004
704000 2006
704040 2000
704040 2002
704040 2004
704040 2006
704080 2000
704080 2002
704080 2004
704080 2006
704120 2000
704120 2002
704120 2004
704120 2006
704300 2000
704300 2002
704300 2004
704300 2006
704340 2000
704340 2002
704340 2004
704340 2006
704380 2000
704380 2002
704380 2004
704380 2006
704420 2000
704420 2002
704420 2004
704420 2006
704600 2000
704600 2002
704600 2004
704600 2006
704640 2000
704640 2002
704640 2004
704640 2006
704680 2000
704680 2002
704680 2004
704680 2006
704720 2000
704720 2002
704720 2004
704720 2006
704900 2000
704900 2002
704900 2004
704900 2006
704940 2000
704940 2002
704940 2004
704940 2006
704980 2000
704980 2002
704980 2004
704980 2006
705020 2000
705020 2002
705020 2004
705020 2006
706000 3000
706000 3002
706000 3004
706000 3006
706040 3000
706040 3002
706040 3004
706040 3006
706080 3000
706080 3002
706080 3004
706080 3006
706120 3000
706120 3002
706120 3004
706120 3006
706300 3000
706300 3002
706300 3004
706300 3006
706340 3000
706340 3002
706340 3004
706340 3006
706380 3000
706380 3002
706380 3004
706380 3006
706420 3000
706420 3002
706420 3004
706420 3006
706600 3000
706600 3002
706600 3004
706600 3006
706640 3000
706640 3002
706640 3004
706640 3006
706680 3000
706680 3002
706680 3004
706680 3006
706720 3000
706720 3002
706720 3004
706720 3006
706900 3000
706900 3002
706900 3004
706900 3006
706940 3000
706940 3002
706940 3004
706940 3006
706980 3000
706980 3002
706980 3004
706980 3006
707020 3000
707020 3002
707020 3004
707020 3006
750000 0
750000 2
750000 4
750000 6
750040 0
750040 2
750040 4
750040 6
750080 0
750080 2
750080 4
750080 6
750120 0
750120 2
750120 4
750120 6
750300 0
750300 2
750300 4
750300 6
750340 0
750340 2
750340 4
750340 6
750380 0
750380 2
750380 4
750380 6
750420 0
750420 2
750420 4
750420 6
750600 0
750600 2
750600 4
750600 6
750640 0
750640 2
750640 4
750640 6
750680 0
750680 2
750680 4
750680 6
750720 0
750720 2
750720 4
750720 6
750900 0
750900 2
750900 4
750900 6
750940 0
750940 2
750940 4
750940 6
750980 0
750980 2
750980 4
750980 6
751020 0
751020 2
751020 4
751020 6
752000 1000
752000 1002
752000 1004
752000 1006
752040 1000
752040 1002
752040 1004
752040 1006
752080 1000
752080 1002
752080 1004
752080 1006
752120 1000
752120 1002
752120 1004
752120 1006
752300 1000
752300 1002
752300 1004
752300 1006
752340 1000
752340 1002
752340 1004
752340 1006
752380 1000
752380 1002
752380 1004
752380 1006
752420 1000
752420 1002
752420 1004
752420 1006
752600 1000
752600 1002
752600 1004
752600 1006
752640 1000
752640 1002
752640 1004
752640 1006
752680 1000
752680 1002
752680 1004
752680 1006
752720 1000
752720 1002
752720 1004
752720 1006
752900 1000
752900 1002
752900 1004
752900 1006
752940 1000
752940 1002
752940 1004
752940 1006
752980 1000
752980 1002
752980 1004
752980 1006
753020 1000
753020 1002
753020 1004
753020 1006
754000 2000
754000 2002
754000 2004
754000 2006
754040 2000
754040 2002
754040 2004
754040 2006
754080 2000
754080 2002
754080 2004
754080 2006
754120 2000
754120 2002
754120 2004
754120 2006
754300 2000
754300 2002
754300 2004
754300 2006
754340 2000
754340 2002
754340 2004
754340 2006
754380 2000
754380 2002
754380 2004
754380 2006
754420 2000
754420 2002
754420 2004
754420 2006
754600 2000
754600 2002
754600 2004
754600 2006
754640 2000
754640 2002
754640 2004
754640 2006
754680 2000
754680 2002
754680 2004
754680 2006
754720 2000
754720 2002
754720 2004
754720 2006
754900 2000
754900 2002
754900 2004
754900 2006
754940 2000
754940 2002
754940 2004
754940 2006
754980 2000
754980 2002
754980 2004
754980 2006
755020 2000
755020 2002
755020 2004
755020 2006
756000 3000
756000 3002
756000 3004
756000 3006
756040 3000
756040 3002
756040 3004
756040 3006
756080 3000
756080 3002
756080 3004
756080 3006
756120 3000
756120 3002
756120 3004
756120 3006
756300 3000
756300 3002
756300 3004
756300 3006
756340 3000
756340 3002
756340 3004
756340 3006
756380 3000
756380 3002
756380 3004
756380 3006
756420 3000
756420 3002
756420 3004
756420 3006
756600 3000
756600 3002
756600 3004
756600 3006
756640 3000
756640 3002
756640 3004
756640 3006
756680 3000
756680 3002
756680 3004
756680 3006
756720 3000
756720 3002
756720 3004
756720 3006
756900 3000
756900 3002
756900 3004
756900 3006
756940 3000
756940 3002
756940 3004
756940 3006
756980 3000
756980 3002
756980 3004
756980 3006
757020 3000
757020 3002
757020 3004
757020 3006
900000 0
900000 2
900000 4
900000 6
900040 0
900040 2
900040 4
900040 6
900080 0
900080 2
900080 4
900080 6
900120 0
900120 2
900120 4
900120 6
900300 0
900300 2
900300 4
900300 6
900340 0
900340 2
900340 4
900340 6
900380 0
900380 2
900380 4
900380 6
900420 0
900420 2
900420 4
900420 6
900600 0
900600 2
900600 4
900600 6
900640 0
900640 2
900640 4
900640 6
900680 0
900680 2
900680 4
900680 6
900720 0
900720 2
900720 4
900720 6
900900 0
900900 2
900900 4
900900 6
900940 0
900940 2
900940 4
900940 6
900980 0
900980 2
900980 4
900980 6
901020 0
901020 2
901020 4
901020 6
902000 1000
902000 1002
902000 1004
902000 1006
902040 1000
902040 1002
902040 1004
902040 1006
902080 1000
902080 1002
902080 1004
902080 1006
902120 1000
902120 1002
902120 1004
902120 1006
902300 1000
902300 1002
902300 1004
902300 1006
902340 1000
902340 1002
902340 1004
902340 1006
902380 1000
902380 1002
902380 1004
902380 1006
902420 1000
902420 1002
902420 1004
902420 1006
902600 1000
902600 1002
902600 1004
902600 1006
902640 1000
902640 1002
902640 1004
902640 1006
902680 1000
902680 1002
902680 1004
902680 1006
902720 1000
902720 1002
902720 1004
902720 1006
902900 1000
902900 1002
902900 1004
902900 1006
902940 1000
902940 1002
902940 1004
902940 1006
902980 1000
902980 1002
902980 1004
902980 1006
903020 1000
903020 1002
903020 1004
903020 1006
904000 2000
904000 2002
904000 2004
904000 2006
904040 2000
904040 2002
904040 2004
904040 2006
904080 2000
904080 2002
904080 2004
904080 2006
904120 2000
904120 2002
904120 2004
904120 2006
904300 2000
904300 2002
904300 2004
904300 2006
904340 2000
904340 2002
904340 2004
904340 2006
904380 2000
904380 2002
904380 2004
904380 2006
904420 2000
904420 2002
904420 2004
904420 2006
904600 2000
904600 2002
904600 2004
904600 2006
904640 2000
904640 2002
904640 2004
904640 2006
904680 2000
904680 2002
904680 2004
904680 2006
904720 2000
904720 2002
904720 2004
904720 2006
904900 2000
904900 2002
904900 2004
904900 2006
904940 2000
904940 2002
904940 2004
904940 2006
904980 2000
904980 2002
904980 2004
904980 2006
905020 2000
905020 2002
905020 2004
905020 2006
906000 3000
906000 3002
906000 3004
906000 3006
906040 3000
906040 3002
906040 3004
906040 3006
906080 3000
906080 3002
906080 3004
906080 3006
906120 3000
906120 3002
906120 3004
906120 3006
906300 3000
906300 3002
906300 3004
906300 3006
906340 3000
906340 3002
906340 3004
906340 3006
906380 3000
906380 3002
906380 3004
906380 3006
906420 3000
906420 3002
906420 3004
906420 3006
906600 3000
906600 3002
906600 3004
906600 3006
906640 3000
906640 3002
906640 3004
906640 3006
906680 3000
906680 3002
906680 3004
906680 3006
906720 3000
906720 3002
906720 3004
906720 3006
906900 3000
906900 3002
906900 3004
906900 3006
906940 3000
906940 3002
906940 3004
906940 3006
906980 3000
906980 3002
906980 3004
906980 3006
907020 3000
907020 3002
907020 3004
907020 3006
950000 0
950000 2
950000 4
950000 6
950040 0
950040 2
950040 4
950040 6
950080 0
950080 2
950080 4
950080 6
950120 0
950120 2
950120 4
950120 6
950300 0
950300 2
950300 4
950300 6
950340 0
950340 2
950340 4
950340 6
950380 0
950380 2
950380 4
950380 6
950420 0
950420 2
950420 4
950420 6
950600 0
950600 2
950600 4
950600 6
950640 0
950640 2
950640 4
950640 6
950680 0
950680 2
950680 4
950680 6
950720 0
950720 2
950720 4
950720 6
950900 0
950900 2
950900 4
950900 6
950940 0
950940 2
950940 4
950940 6
950980 0
950980 2
950980 4
950980 6
951020 0
951020 2
951020 4
951020 6
952000 1000
952000 1002
952000 1004
952000 1006
952040 1000
952040 1002
952040 1004
952040 1006
952080 1000
952080 1002
952080 1004
952080 1006
952120 1000
952120 1002
952120 1004
952120 1006
952300 1000
952300 1002
952300 1004
952300 1006
952340 1000
952340 1002
952340 1004
952340 1006
952380 1000
952380 1002
952380 1004
952380 1006
952420 1000
952420 1002
952420 1004
952420 1006
952600 1000
952600 1002
952600 1004
952600 1006
952640 1000
952640 1002
952640 1004
952640 1006
952680 1000
952680 1002
952680 1004
952680 1006
952720 1000
952720 1002
952720 1004
952720 1006
952900 1000
952900 1002
952900 1004
952900 1006
952940 1000
952940 1002
952940 1004
952940 1006
952980 1000
952980 1002
952980 1004
952980 1006
953020 1000
953020 1002
953020 1004
953020 1006
954000 2000
954000 2002
954000 2004
954000 2006
954040 2000
954040 2002
954040 2004
954040 2006
954080 2000
954080 2002
954080 2004
954080 2006
954120 2000
954120 2002
954120 2004
954120 2006
954300 2000
954300 2002
954300 2004
954300 2006
954340 2000
954340 2002
954340 2004
954340 2006
954380 2000
954380 2002
954380 2004
954380 2006
954420 2000
954420 2002
954420 2004
954420 2006
954600 2000
954600 2002
954600 2004
954600 2006
954640 2000
954640 2002
954640 2004
954640 2006
954680 2000
954680 2002
954680 2004
954680 2006
954720 2000
954720 2002
954720 2004
954720 2006
954900 2000
954900 2002
954900 2004
954900 2006
954940 2000
954940 2002
954940 2004
954940 2006
954980 2000
954980 2002
954980 2004
954980 2006
955020 2000
955020 2002
955020 2004
955020 2006
956000 3000
956000 3002
956000 3004
956000 3006
956040 3000
956040 3002
956040 3004
956040 3006
956080 3000
956080 3002
956080 3004
956080 3006
956120 3000
956120 3002
956120 3004
956120 3006
956300 3000
956300 3002
956300 3004
956300 3006
956340 3000
956340 3002
956340 3004
956340 3006
956380 3000
956380 3002
956380 3004
956380 3006
956420 3000
956420 3002
956420 3004
956420 3006
956600 3000
956600 3002
956600 3004
956600 3006
956640 3000
956640 3002
956640 3004
956640 3006
956680 3000
956680 3002
956680 3004
956680 3006
956720 3000
956720 3002
956720 3004
956720 3006
956900 3000
956900 3002
956900 3004
956900 3006
956940 3000
956940 3002
956940 3004
956940 3006
956980 3000
956980 3002
956980 3004
956980 3006
957020 3000
957020 3002
957020 3004
957020 3006
1000000 0
1000000 2
1000000 4
1000000 6
1000040 0
1000040 2
1000040 4
1000040 6
1000080 0
1000080 2
1000080 4
1000080 6
1000120 0
1000120 2
1000120 4
1000120 6
1000300 0
1000300 2
1000300 4
1000300 6
1000340 0
1000340 2
1000340 4
1000340 6
1000380 0
1000380 2
1000380 4
1000380 6
1000420 0
1000420 2
1000420 4
1000420 6
1000600 0
1000600 2
1000600 4
1000600 6
1000640 0
1000640 2
1000640 4
1000640 6
1000680 0
1000680 2
1000680 4
1000680 6
1000720 0
1000720 2
1000720 4
1000720 6
1000900 0
1000900 2
1000900 4
1000900 6
1000940 0
1000940 2
1000940 4
1000940 6
1000980 0
1000980 2
1000980 4
1000980 6
1001020 0
1001020 2
1001020 4
1001020 6
1002000 1000
1002000 1002
1002000 1004
1002000 1006
1002040 1000
1002040 1002
1002040 1004
1002040 1006
1002080 1000
1002080 1002
1002080 1004
1002080 1006
1002120 1000
1002120 1002
1002120 1004
1002120 1006
1002300 1000
1002300 1002
1002300 1004
1002300 1006
1002340 1000
1002340 1002
1002340 1004
1002340 1006
1002380 1000
1002380 1002
1002380 1004
1002380 1006
1002420 1000
1002420 1002
1002420 1004
1002420 1006
1002600 1000
1002600 1002
1002600 1004
1002600 1006
1002640 1000
1002640 1002
1002640 1004
1002640 1006
1002680 1000
1002680 1002
1002680 1004
1002680 1006
1002720 1000
1002720 1002
1002720 1004
1002720 1006
1002900 1000
1002900 1002
1002900 1004
1002900 1006
1002940 1000
1002940 1002
1002940 1004
1002940 1006
1002980 1000
1002980 1002
1002980 1004
1002980 1006
1003020 1000
1003020 1002
1003020 1004
1003020 1006
1004000 2000
1004000 2002
1004000 2004
1004000 2006
1004040 2000
1004040 2002
1004040 2004
1004040 2006
1004080 2000
1004080 2002
1004080 2004
1004080 2006
1004120 2000
1004120 2002
1004120 2004
1004120 2006
1004300 2000
1004300 2002
1004300 2004
1004300 2006
1004340 2000
1004340 2002
1004340 2004
1004340 2006
1004380 2000
1004380 2002
1004380 2004
1004380 2006
1004420 2000
1004420 2002
1004420 2004
1004420 2006
1004600 2000
1004600 2002
1004600 2004
1004600 2006
1004640 2000
1004640 2002
1004640 2004
1004640 2006
1004680 2000
1004680 2002
1004680 2004
1004680 2006
1004720 2000
1004720 2002
1004720 2004
1004720 2006
1004900 2000
1004900 2002
1004900 2004
1004900 2006
1004940 2000
1004940 2002
1004940 2004
1004940 2006
1004980 2000
1004980 2002
1004980 2004
1004980 2006
1005020 2000
1005020 2002
1005020 2004
1005020 2006
1006000 3000
1006000 3002
1006000 3004
1006000 3006
1006040 3000
1006040 3002
1006040 3004
1006040 3006
1006080 3000
1006080 3002
1006080 3004
1006080 3006
1006120 3000
1006120 3002
1006120 3004
1006120 3006
1006300 3000
1006300 3002
1006300 3004
1006300 3006
1006340 3000
1006340 3002
1006340 3004
1006340 3006
1006380 3000
1006380 3002
1006380 3004
1006380 3006
1006420 3000
1006420 3002
1006420 3004
1006420 3006
1006600 3000
1006600 3002
1006600 3004
1006600 3006
1006640 3000
1006640 3002
1006640 3004
1006640 3006
1006680 3000
1006680 3002
1006680 3004
1006680 3006
1006720 3000
1006720 3002
1006720 3004
1006720 3006
1006900 3000
1006900 3002
1006900 3004
1006900 3006
1006940 3000
1006940 3002
1006940 3004
1006940 3006
1006980 3000
1006980 3002
1006980 3004
1006980 3006
1007020 3000
1007020 3002
1007020 3004
1007020 3006
1050000 0
1050000 2
1050000 4
1050000 6
1050040 0
1050040 2
1050040 4
1050040 6
1050080 0
1050080 2
1050080 4
1050080 6
1050120 0
1050120 2
1050120 4
1050120 6
1050300 0
1050300 2
1050300 4
1050300 6
1050340 0
1050340 2
1050340 4
1050340 6
1050380 0
1050380 2
1050380 4
1050380 6
1050420 0
1050420 2
1050420 4
1050420 6
1050600 0
1050600 2
1050600 4
1050600 6
1050640 0
1050640 2
1050640 4
1050640 6
1050680 0
1050680 2
1050680 4
1050680 6
1050720 0
1050720 2
1050720 4
1050720 6
1050900 0
1050900 2
1050900 4
1050900 6
1050940 0
1050940 2
1050940 4
1050940 6
1050980 0
1050980 2
1050980 4
1050980 6
1051020 0
1051020 2
1051020 4
1051020 6
1052000 1000
1052000 1002
1052000 1004
1052000 1006
1052040 1000
1052040 1002
1052040 1004
1052040 1006
1052080 1000
1052080 1002
1052080 1004
1052080 1006
1052120 1000
1052120 1002
1052120 1004
1052120 1006
1052300 1000
1052300 1002
1052300 1004
1052300 1006
1052340 1000
1052340 1002
1052340 1004
1052340 1006
1052380 1000
1052380 1002
1052380 1004
1052380 1006
1052420 1000
1052420 1002
1052420 1004
1052420 1006
1052600 1000
1052600 1002
1052600 1004
1052600 1006
1052640 1000
1052640 1002
1052640 1004
1052640 1006
1052680 1000
1052680 1002
1052680 1004
1052680 1006
1052720 1000
1052720 1002
1052720 1004
1052720 1006
1052900 1000
1052900 1002
1052900 1004
1052900 1006
1052940 1000
1052940 1002
1052940 1004
1052940 1006
1052980 1000
1052980 1002
1052980 1004
1052980 1006
1053020 1000
1053020 1002
1053020 1004
1053020 1006
1054000 2000
1054000 2002
1054000 2004
1054000 2006
1054040 2000
1054040 2002
1054040 2004
1054040 2006
1054080 2000
1054080 2002
1054080 2004
1054080 2006
1054120 2000
1054120 2002
1054120 2004
1054120 2006
1054300 2000
1054300 2002
1054300 2004
1054300 2006
1054340 2000
1054340 2002
1054340 2004
1054340 2006
1054380 2000
1054380 2002
1054380 2004
1054380 2006
1054420 2000
1054420 2002
1054420 2004
1054420 2006
1054600 2000
1054600 2002
1054600 2004
1054600 2006
1054640 2000
1054640 2002
1054640 2004
1054640 2006
1054680 2000
1054680 2002
1054680 2004
1054680 2006
1054720 2000
1054720 2002
1054720 2004
1054720 2006
1054900 2000
1054900 2002
1054900 2004
1054900 2006
1054940 2000
1054940 2002
1054940 2004
1054940 2006
1054980 2000
1054980 2002
1054980 2004
1054980 2006
1055020 2000
1055020 2002
1055020 2004
1055020 2006
1056000 3000
1056000 3002
1056000 3004
1056000 3006
1056040 3000
1056040 3002
1056040 3004
1056040 3006
1056080 3000
1056080 3002
1056080 3004
1056080 3006
1056120 3000
1056120 3002
1056120 3004
1056120 3006
1056300 3000
1056300 3002
1056300 3004
1056300 3006
1056340 3000
1056340 3002
1056340 3004
1056340 3006
1056380 3000
1056380 3002
1056380 3004
1056380 3006
1056420 3000
1056420 3002
1056420 3004
1056420 3006
1056600 3000
1056600 3002
1056600 3004
1056600 3006
1056640 3000
1056640 3002
1056640 3004
1056640 3006
1056680 3000
1056680 3002
1056680 3004
1056680 3006
1056720 3000
1056720 3002
1056720 3004
1056720 3006
1056900 3000
1056900 3002
1056900 3004
1056900 3006
1056940 3000
1056940 3002
1056940 3004
1056940 3006
1056980 3000
1056980 3002
1056980 3004
1056980 3006
1057020 3000
1057020 3002
1057020 3004
1057020 3006
