729
0 0
0 3000
0 6000
2 2
2 3002
2 6002
4 4
4 3004
4 6004
50 40
50 3040
50 6040
52 42
52 3042
52 6042
54 44
54 3044
54 6044
100 80
100 3080
100 6080
102 82
102 3082
102 6082
104 84
104 3084
104 6084
300 100
300 3100
300 6100
302 102
302 3102
302 6102
304 104
304 3104
304 6104
350 140
350 3140
350 6140
352 142
352 3142
352 6142
354 144
354 3144
354 6144
400 180
400 3180
400 6180
402 182
402 3182
402 6182
404 184
404 3184
404 6184
600 200
600 3200
600 6200
602 202
602 3202
602 6202
604 204
604 3204
604 6204
650 240
650 3240
650 6240
652 242
652 3242
652 6242
654 244
654 3244
654 6244
700 280
700 3280
700 6280
702 282
702 3282
702 6282
704 284
704 3284
704 6284
40000 10000
40000 13000
40000 16000
40002 10002
40002 13002
40002 16002
40004 10004
40004 13004
40004 16004
40050 10040
40050 13040
40050 16040
40052 10042
40052 13042
40052 16042
40054 10044
40054 13044
40054 16044
40100 10080
40100 13080
40100 16080
40102 10082
40102 13082
40102 16082
40104 10084
40104 13084
40104 16084
40300 10100
40300 13100
40300 16100
40302 10102
40302 13102
40302 16102
40304 10104
40304 13104
40304 16104
40350 10140
40350 13140
40350 16140
40352 10142
40352 13142
40352 16142
40354 10144
40354 13144
40354 16144
40400 10180
40400 13180
40400 16180
40402 10182
40402 13182
40402 16182
40404 10184
40404 13184
40404 16184
40600 10200
40600 13200
40600 16200
40602 10202
40602 13202
40602 16202
40604 10204
40604 13204
40604 16204
40650 10240
40650 13240
40650 16240
40652 10242
40652 13242
40652 16242
40654 10244
40654 13244
40654 16244
40700 10280
40700 13280
40700 16280
40702 10282
40702 13282
40702 16282
40704 10284
40704 13284
40704 16284
80000 20000
80000 23000
80000 26000
80002 20002
80002 23002
80002 26002
80004 20004
80004 23004
80004 26004
80050 20040
80050 23040
80050 26040
80052 20042
80052 23042
80052 26042
80054 20044
80054 23044
80054 26044
80100 20080
80100 23080
80100 26080
80102 20082
80102 23082
80102 26082
80104 20084
80104 23084
80104 26084
80300 20100
80300 23100
80300 26100
80302 20102
80302 23102
80302 26102
80304 20104
80304 23104
80304 26104
80350 20140
80350 23140
80350 26140
80352 20142
80352 23142
80352 26142
80354 20144
80354 23144
80354 26144
80400 20180
80400 23180
80400 26180
80402 20182
80402 23182
80402 26182
80404 20184
80404 23184
80404 26184
80600 20200
80600 23200
80600 26200
80602 20202
80602 23202
80602 26202
80604 20204
80604 23204
80604 26204
80650 20240
80650 23240
80650 26240
80652 20242
80652 23242
80652 26242
80654 20244
80654 23244
80654 26244
80700 20280
80700 23280
80700 26280
80702 20282
80702 23282
80702 26282
80704 20284
80704 23284
80704 26284
400000 0
400000 3000
400000 6000
400002 2
400002 3002
400002 6002
400004 4
400004 3004
400004 6004
400050 40
400050 3040
400050 6040
400052 42
400052 3042
400052 6042
400054 44
400054 3044
400054 6044
400100 80
400100 3080
400100 6080
400102 82
400102 3082
400102 6082
400104 84
400104 3084
400104 6084
400300 100
400300 3100
400300 6100
400302 102
400302 3102
400302 6102
400304 104
400304 3104
400304 6104
400350 140
400350 3140
400350 6140
400352 142
400352 3142
400352 6142
400354 144
400354 3144
400354 6144
400400 180
400400 3180
400400 6180
400402 182
400402 3182
400402 6182
400404 184
400404 3184
400404 6184
400600 200
400600 3200
400600 6200
400602 202
400602 3202
400602 6202
400604 204
400604 3204
400604 6204
400650 240
400650 3240
400650 6240
400652 242
400652 3242
400652 6242
400654 244
400654 3244
400654 6244
400700 280
400700 3280
400700 6280
400702 282
400702 3282
400702 6282
400704 284
400704 3284
400704 6284
440000 10000
440000 13000
440000 16000
440002 10002
440002 13002
440002 16002
440004 10004
440004 13004
440004 16004
440050 10040
440050 13040
440050 16040
440052 10042
440052 13042
440052 16042
440054 10044
440054 13044
440054 16044
440100 10080
440100 13080
440100 16080
440102 10082
440102 13082
440102 16082
440104 10084
440104 13084
440104 16084
440300 10100
440300 13100
440300 16100
440302 10102
440302 13102
440302 16102
440304 10104
440304 13104
440304 16104
440350 10140
440350 13140
440350 16140
440352 10142
440352 13142
440352 16142
440354 10144
440354 13144
440354 16144
440400 10180
440400 13180
440400 16180
440402 10182
440402 13182
440402 16182
440404 10184
440404 13184
440404 16184
440600 10200
440600 13200
440600 16200
440602 10202
440602 13202
440602 16202
440604 10204
440604 13204
440604 16204
440650 10240
440650 13240
440650 16240
440652 10242
440652 13242
440652 16242
440654 10244
440654 13244
440654 16244
440700 10280
440700 13280
440700 16280
440702 10282
440702 13282
440702 16282
440704 10284
440704 13284
440704 16284
480000 20000
480000 23000
480000 26000
480002 20002
480002 23002
480002 26002
480004 20004
480004 23004
480004 26004
480050 20040
480050 23040
480050 26040
480052 20042
480052 23042
480052 26042
480054 20044
480054 23044
480054 26044
480100 20080
480100 23080
480100 26080
480102 20082
480102 23082
480102 26082
480104 20084
480104 23084
480104 26084
480300 20100
480300 23100
480300 26100
480302 20102
480302 23102
480302 26102
480304 20104
480304 23104
480304 26104
480350 20140
480350 23140
480350 26140
480352 20142
480352 23142
480352 26142
480354 20144
480354 23144
480354 26144
480400 20180
480400 23180
480400 26180
480402 20182
480402 23182
480402 26182
480404 20184
480404 23184
480404 26184
480600 20200
480600 23200
480600 26200
480602 20202
480602 23202
480602 26202
480604 20204
480604 23204
480604 26204
480650 20240
480650 23240
480650 26240
480652 20242
480652 23242
480652 26242
480654 20244
480654 23244
480654 26244
480700 20280
480700 23280
480700 26280
480702 20282
480702 23282
480702 26282
480704 20284
480704 23284
480704 26284
800000 0
800000 3000
800000 6000
800002 2
800002 3002
800002 6002
800004 4
800004 3004
800004 6004
800050 40
800050 3040
800050 6040
800052 42
800052 3042
800052 6042
800054 44
800054 3044
800054 6044
800100 80
800100 3080
800100 6080
800102 82
800102 3082
800102 6082
800104 84
800104 3084
800104 6084
800300 100
800300 3100
800300 6100
800302 102
800302 3102
800302 6102
800304 104
800304 3104
800304 6104
800350 140
800350 3140
800350 6140
800352 142
800352 3142
800352 6142
800354 144
800354 3144
800354 6144
800400 180
800400 3180
800400 6180
800402 182
800402 3182
800402 6182
800404 184
800404 3184
800404 6184
800600 200
800600 3200
800600 6200
800602 202
800602 3202
800602 6202
800604 204
800604 3204
800604 6204
800650 240
800650 3240
800650 6240
800652 242
800652 3242
800652 6242
800654 244
800654 3244
800654 6244
800700 280
800700 3280
800700 6280
800702 282
800702 3282
800702 6282
800704 284
800704 3284
800704 6284
840000 10000
840000 13000
840000 16000
840002 10002
840002 13002
840002 16002
840004 10004
840004 13004
840004 16004
840050 10040
840050 13040
840050 16040
840052 10042
840052 13042
840052 16042
840054 10044
840054 13044
840054 16044
840100 10080
840100 13080
840100 16080
840102 10082
840102 13082
840102 16082
840104 10084
840104 13084
840104 16084
840300 10100
840300 13100
840300 16100
840302 10102
840302 13102
840302 16102
840304 10104
840304 13104
840304 16104
840350 10140
840350 13140
840350 16140
840352 10142
840352 13142
840352 16142
840354 10144
840354 13144
840354 16144
840400 10180
840400 13180
840400 16180
840402 10182
840402 13182
840402 16182
840404 10184
840404 13184
840404 16184
840600 10200
840600 13200
840600 16200
840602 10202
840602 13202
840602 16202
840604 10204
840604 13204
840604 16204
840650 10240
840650 13240
840650 16240
840652 10242
840652 13242
840652 16242
840654 10244
840654 13244
840654 16244
840700 10280
840700 13280
840700 16280
840702 10282
840702 13282
840702 16282
840704 10284
840704 13284
840704 16284
880000 20000
880000 23000
880000 26000
880002 20002
880002 23002
880002 26002
880004 20004
880004 23004
880004 26004
880050 20040
880050 23040
880050 26040
880052 20042
880052 23042
880052 26042
880054 20044
880054 23044
880054 26044
880100 20080
880100 23080
880100 26080
880102 20082
880102 23082
880102 26082
880104 20084
880104 23084
880104 26084
880300 20100
880300 23100
880300 26100
880302 20102
880302 23102
880302 26102
880304 20104
880304 23104
880304 26104
880350 20140
880350 23140
880350 26140
880352 20142
880352 23142
880352 26142
880354 20144
880354 23144
880354 26144
880400 20180
880400 23180
880400 26180
880402 20182
880402 23182
880402 26182
880404 20184
880404 23184
880404 26184
880600 20200
880600 23200
880600 26200
880602 20202
880602 23202
880602 26202
880604 20204
880604 23204
880604 26204
880650 20240
880650 23240
880650 26240
880652 20242
880652 23242
880652 26242
880654 20244
880654 23244
880654 26244
880700 20280
880700 23280
880700 26280
880702 20282
880702 23282
880702 26282
880704 20284
880704 23284
880704 26284
