256.15820259
239.29016117
276.50740252
281.87056872
213.34934340
235.43349344
221.63150190
217.82192197
278.92795208
265.86099865
203.03432645
200.11095762
220.06116405
231.95850397
240.89828188
204.50821452
298.73688875
200.16350815
242.74432042
217.71744707
206.11098153
225.47344396
267.42092249
242.07463988
264.35692008
299.70874396
234.04826835
253.39621840
277.99923235
230.49982931
269.63533236
215.56543410
248.27489912
201.00470441
236.30977630
228.54770074
255.43381438
224.58927769
284.22906753
249.22843013
296.30553165
221.09205091
247.76585725
288.22385883
268.78660025
232.41642769
208.22928040
226.59783240
257.80976031
261.29523384
249.99664977
273.34005256
228.22249191
226.22889997
302.69997222
300.24408022
227.07195948
283.32087149
247.75399528
203.29123733
223.35664815
230.26277372
251.44712392
218.99503858
206.15625531
278.74823856
221.95438193
222.13712286
225.52061149
206.62006596
237.87656961
216.42396719
206.66909789
209.51690156
293.97339815
216.08198850
203.75953480
281.54730208
237.29953804
298.73084060
300.74153209
249.27040329
257.17998587
284.05048914
218.77383924
246.55422599
303.09391942
247.02300148
248.44358647
234.02031254
243.79510782
272.99748536
206.85376917
208.27210531
237.68344494
213.17600036
259.33717588
230.97545316
220.94636015
289.07378307
