2.91198865
1.00000000
1.00000000
3.90701269
1.00000000
9.18310269
1.00000000
94.36046512
1.00000000
1.00000000
16.12292782
1.00000000
37.30427790
2.88445682
1.00000000
87.72648336
1.00000000
8.66061740
3.09499371
14.71425866
139.86898396
59.71987480
4.01476991
5.53184565
12.97627621
8.39134759
1.00000000
1.00000000
1.00000000
17.85028841
6.89377668
3.51527690
6.90224751
4.75041798
7.37409812
1.00000000
2.08516617
22.19835560
2.87089573
29.95041322
19.53773087
1.16298199
10.92622314
11.61549333
13.59970434
7.17689437
9.81870679
1.00000000
1.00000000
2.63003843
1.00000000
12.01354029
1.82722946
1.00000000
1.00000000
2.64670134
12.41220980
37.65363881
8.26095451
1.00000000
17.80285962
1.15807708
4.26506348
3.03789337
1.00000000
1.00000000
19.11022182
1.00000000
11.44131705
50.68272348
10.37686747
15.26532369
37.73864542
1.00000000
30.54751491
1.00000000
14.60415528
10.70922133
743.94285714
31.09598433
1.00000000
25.59806157
1.00000000
1.00000000
3.55028023
178.66769231
1.80150767
20.79498525
1.00000000
1.00000000
1.00000000
12.55302491
4.60153209
9.20152935
9.91286462
1.00000000
1.44284596
32.19513756
11.76737160
94.03281520
