221800.26315789
117701.18000000
2264099.50000000
171451.50000000
63047.46268657
1638484.50000000
83393.30000000
1817039.33333333
899621.33333333
2239739.00000000
2095839.00000000
875823.20000000
68502.68000000
114080.30000000
2148791.66666667
95847.01492537
55244.69230769
137855.61538462
80025.62000000
331999.50000000
1658984.00000000
1904942.00000000
1423845.66666667
1227875.40000000
1174288.33333333
55398.33333333
2095291.50000000
1701017.33333333
15700.42000000
142091.77500000
1008703.60000000
129451.37209302
2072799.00000000
1711773.75000000
70912.82000000
2807261.00000000
100347.87500000
2986013.50000000
1895354.50000000
147277.71428571
63018.30000000
2491239.50000000
1359917.00000000
2125679.66666667
247813.71428571
121168.46666667
42905.82089552
2406865.00000000
99071.80000000
1295035.00000000
1476883.00000000
174456.26470588
92271.57500000
2242779.00000000
74523.02000000
90548.47540984
19547.72000000
147120.60000000
74609.64000000
2339153.00000000
2098951.50000000
128207.20454545
1395378.00000000
1070436.60000000
2320027.50000000
167281.53846154
102716.30000000
90833.32692308
1015983.50000000
58974.51000000
1881103.33333333
62163.48809524
88987.70000000
82554.64615385
1066192.25000000
63384.09090909
28198.40000000
50786.23404255
52797.71641791
320003.56250000
1869659.50000000
61554.88235294
1147350.75000000
91432.58333333
694938.00000000
115923.51020408
821469.60000000
81198.60937500
20408.72000000
87288.09677419
62618.07462687
1048341.16666667
42198.76119403
1909908.66666667
725788.16666667
119558.36000000
70641.12500000
1491973.75000000
41540.30434783
142256.62068966
