807520763
715774101
10000019
565183212
519663996
768600741
228376202
52146871
107054547
10000019
167317450
12324536
982127282
167317450
898986494
139068087
529664014
529664014
109640069
758600723
235663681
620469965
768600741
109640069
237063756
10000019
623226913
729146490
85040462
720339698
10000019
214023370
129068069
10000019
768600741
768600741
978416740
235663681
593228157
10000019
303690601
768600741
768600741
109640069
429569788
139068087
692180876
915454416
768600741
228376202
997425344
109640069
806905032
411099451
487889599
608291627
109640069
768600741
732358163
529664014
768600741
291678957
139068087
926879891
896438198
129327252
10000019
852827470
351039356
740339734
18953276
472764367
53654779
779747574
10000019
469522018
961569729
529664014
472170816
10000019
10000019
441462306
412282291
768600741
44652490
478679244
593228157
720339698
436857988
48526578
768600741
852917742
249662084
769767752
663553290
10000019
758600723
139068087
944419659
10000019
768600741
305669815
111635171
139068087
45527552
377974047
255281719
41293838
160363672
650459967
768600741
768600741
208429110
109640069
768600741
330862114
891382937
109640069
472170816
203477493
768600741
488660876
975162045
97463168
705071401
862032479
43228237
472170816
122535003
139068087
574830290
10000019
989434016
878641066
242301575
716588295
679619708
768600741
10000019
498435202
697524973
129068069
768600741
371321983
768600741
139068087
529664014
768600741
177706747
129068069
10000019
372523536
487889599
529664014
139068087
529664014
10000019
142110547
915454416
768600741
997657702
630438417
858829936
3822190
139068091
167317450
768600741
830474418
768600741
139068091
688784630
78917707
168170465
755998772
154187320
28871595
728212666
48974176
768600741
356459634
768600741
139068087
225663663
234519465
139068087
139068087
228376202
547143703
94491722
781063319
10000019
829234522
586072855
420168083
695341881
139068087
155749408
821341091
139068087
768600741
218376184
56207522
41293838
64270528
52146871
118808586
795802135
284751646
10000019
39475485
618602453
10000019
294118300
768600741
749767716
129068069
10000019
857961218
768600741
631869540
507143804
10000019
10000019
529664014
625412961
788758237
10000019
10000019
758600723
109640069
529664014
859403602
139068087
10000019
768600741
139068087
192782172
866363346
362726447
10000019
420069266
44652490
78377890
48920043
683741154
886719559
393416239
768600741
768600741
70629799
174563258
952441689
10000019
758600723
28622452
699986237
167561981
10000019
45043575
151615245
118111204
768600741
993822179
132851224
118808586
379300363
10000019
973143582
732915008
889516871
769767752
445125902
10000019
768600741
768600741
242340072
909941643
948056903
21778489
768600741
160029971
498608535
420447036
768600741
771063301
108808568
167403376
904985101
879647071
167317450
131653334
139068087
952441689
541586261
592966769
740339734
440439682
738015473
225663663
987088399
768600741
541586261
814635163
109640069
540490888
109640069
811049534
529664014
496244556
129068069
129068069
118808586
139068087
914985119
581438392
768600741
768600741
529664014
944325207
668064676
547795048
529664014
70629799
176623734
211452457
790729636
593228157
109640069
10000019
766128223
139068087
769767752
667522469
529664014
768600741
357665937
798577909
454029996
390467392
971129261
10000019
682846536
715568665
160363672
286180208
109640069
993822179
241271136
529664014
926879891
860112585
849418360
129068069
234770431
157317432
129068069
25909913
41293838
768600741
969018787
462170798
10000019
412449054
101833820
710916108
248947406
566249559
221014112
481659043
529664014
24190524
758600723
139068087
10000019
529664014
109640069
210751768
369872384
624582061
338652823
863343844
413151029
109640069
839075831
296180226
10000019
771434139
14624695
326905503
769767752
529664014
708779312
139068087
139068087
768600741
130073608
898563996
939823703
283714879
291678957
736576365
529664014
254522733
10000019
95429865
257494309
139068087
109640069
225663663
153902641
139068087
672199458
567468784
225663663
139068087
99640051
860849532
10000019
666936137
10000019
113889564
116724067
160029971
109640069
338652823
768600741
817520781
386323398
768600741
407671927
361039374
975162045
10000019
768600741
10000019
590139720
139068087
349569182
186613410
519663996
529664014
227833995
43403445
218376184
768600741
758272948
269098709
160363672
10000019
624582061
833724123
140363636
228376202
10000019
10000019
692386085
21748935
10573866
139068087
7424146
10000019
380467374
866363346
139068087
785114241
744730042
768600741
807520763
818950948
640867830
818394650
250099309
840789554
864148366
414203138
768600741
10000019
657268637
109640069
768600741
921263973
113134757
768600741
740852372
615634892
951899482
10000019
140363636
784331171
593313602
10000019
41692484
878659600
463240012
139068087
921263973
973038058
145868135
859075867
166434617
374456976
768600741
975755596
416976179
529664014
10000019
943795167
602004017
387214283
529664014
233239765
547579531
529664014
10000019
10000019
109640069
235663681
529664014
925712883
139068087
768600741
10000019
859075867
171994439
139068087
201128448
768600741
139068087
139068087
109640069
758600723
529664014
740339734
139068087
971129261
496354925
109640069
91205687
379300363
20000039
223593016
10000019
535154462
486955349
228376202
762569008
139068087
844916563
41293838
208509088
969352488
225583201
10000019
24871090
10000019
10000019
10000019
711615864
10000019
698784648
918262398
768501909
106963744
529664014
139068087
768600741
393745896
768600741
139068087
402038229
109640069
529664014
710174066
768600741
839243897
529664014
519663996
139068087
484643129
372220658
118808586
768600741
960183971
10000019
118252251
943075202
10000019
133932554
109640069
440400947
65658676
529664014
10000019
519663996
378759559
230259738
859075867
768600741
683240773
817520781
409429346
817831159
768600741
228376202
326391620
109640069
10000019
868857306
10000019
255281719
10000019
122535003
522939721
10000019
529664014
400128258
768600741
529664014
709833420
480047900
228376202
56207522
669802289
139068087
529664014
10000019
489555494
519663996
409287910
910442343
529664014
288966418
802747924
44501368
529664014
768600741
774815078
817520781
10000019
529664014
472170816
12859438
673874233
768600741
519663996
698784648
583798252
10000019
62904681
81205669
514149127
768600741
10000019
844866829
131006670
926307449
63971116
10000019
154508442
769767752
10000019
728212666
768600741
518572689
218376184
866363346
480527509
769767752
129068069
10000019
768600741
10000019
361039374
150056116
768600741
346788335
698784648
631869540
768600741
235663681
768600741
768600741
139068087
139068087
519663996
139068087
109640069
301725433
859075867
992655005
768600741
380207909
10000019
362464531
218376184
749767716
817520781
10000019
529664014
246522276
304573891
139068087
469979638
874681253
584075250
399300399
325840540
850282654
618291645
139068087
3822190
41293838
728212666
139068087
799804283
825486611
479775507
675352155
296180226
650459967
118808586
356459634
758600723
866363346
235663681
33445363
109640069
287786281
10000019
57527832
139068087
720339698
758600723
859075867
768600741
145617686
119283288
588904330
109640069
768600741
728212666
772969628
671993503
876292174
728212666
249695090
539417048
139068087
545693605
419242628
301526153
10000019
10000019
10000019
513799532
436922067
139068087
118808586
52146871
10000019
510408545
129283306
612631298
152579426
508460707
612631298
532711757
529664014
101994566
768600741
52146871
768600741
213726633
10000019
984632016
711615864
768600741
923488656
687338548
557007107
496087527
552874664
592966769
776644846
212001640
215166875
781939406
495857608
997088417
139068087
768600741
99640051
99640051
134838177
458434115
529664014
228376202
683030719
390467392
91205687
768600741
399300399
768600741
2283568
139068087
288966418
228376202
913213565
350207855
768600741
424799069
872670223
236900980
577239845
906438216
139068087
45043575
814808242
319907387
640459949
109640069
160029971
271530639
203298780
529664014
975501664
901230497
10000019
10000019
397775698
860207769
10000019
99640051
139068087
694670781
172942824
610973023
751418553
848325638
637756390
529664014
52146871
193840969
768600741
583798252
529664014
650459967
768600741
916247635
140363636
557270017
122367705
529664014
768600741
556940369
318010854
296180226
720339698
10000019
769767752
768600741
139068087
294380216
659471136
10000019
745442244
793982826
773073766
498608535
129068069
683240773
376357067
693679961
422636352
899645320
712381581
959817484
690826531
99640051
228376202
10000019
749174550
864885424
516678652
768600741
903213547
218376184
529664014
71558007
258945637
940595919
351039356
769767752
640297977
10000019
838247565
766281213
785149755
768600741
799776412
139068087
139068087
487062986
768600741
10000019
768600741
529664014
529664014
139068087
107485144
895614989
228376202
286180208
947741996
768600741
977798025
10000019
498481164
529664014
355272795
671993503
980452947
52376297
473240030
103663652
235663681
472170816
878480063
269691858
10000019
41293838
299857279
915454416
698784648
109640069
10000019
295669797
874095440
408185745
916307431
593049420
278228351
768600741
139068087
749767716
22859456
841342091
336069515
768600741
75910855
593200867
294289189
212690102
10000019
693741172
228376202
529664014
10000019
529664014
139068087
323085743
519663996
139068087
425173724
6928294
139068087
34501350
10000019
592966769
109640069
212808094
675201033
768600741
139068087
529664014
65631698
765529014
10000019
346396096
542271705
951899482
44291531
746995098
687744320
55221452
768600741
139068087
10000019
768600741
139068087
283439481
139068087
139068087
801582669
472170816
814808242
674638294
906879855
406608636
758600723
