624965505
386388879
640009692
322694532
259777100
106730827
765789461
404583225
400642701
303277092
636052984
878644831
972001098
937094138
425789143
491571717
801415439
82623302
698061712
243636020
3155944
768349485
890918385
160245265
905981698
645914412
677540892
954917771
999264983
379387621
270533753
161047581
518370248
529664014
139068087
532276463
147365112
783520990
861110068
223046933
494652641
987896640
811339192
689724289
401692635
572015252
911621124
778064894
761562376
650948388
98203442
42555121
731528212
754514004
461725699
6073659
570855080
777194380
823818028
882774267
588427432
203365001
691882559
946420743
154295818
990198365
733071132
627470574
579954811
790820274
445150860
749534330
756958058
373580268
296269444
147336007
415772616
277244289
307983546
73938306
775499541
35724399
973168324
785172709
814208214
168366990
994186936
991563670
408379884
431616405
637556177
516110917
632783534
336766347
290030759
758880425
615253500
299530029
591570322
96544673
531939636
516763781
282491888
317352413
289396850
62182283
227488382
911540556
50600999
800189144
168925266
38820913
166653104
881976449
342347113
734525761
163578334
693233203
585440612
420456206
395608899
325084972
715961787
981714964
714854323
845201060
666454808
374697522
498874759
7322980
181537588
637117091
119426642
529907419
32806676
958524385
540453096
597156035
405585987
217913585
219507485
916181042
379123876
568846129
568098600
135145528
102655136
426853337
788489283
137575579
581099860
596642612
287064223
945097823
201549570
610839490
834407859
685538515
119159901
358485634
116251589
123963689
846137444
234128347
359452217
465008324
185389374
8160891
740454532
622381301
551260352
724660070
681587655
557118701
197590730
30787715
797408338
502317605
779613186
491287218
857976600
702713332
717919906
940267857
414231306
647243258
973660453
736506327
189917646
562623545
698653114
565995969
404569851
590167797
860038454
484862332
324301667
393503022
799033252
816248932
867870856
167556614
827469844
323416183
654964230
291266129
924585428
869791180
339373493
199549330
612593382
816034878
922409394
866006066
407288903
517959864
73940206
306249794
834917010
136411356
473022282
735169029
163848827
945296649
433473970
538224595
372483830
912563633
384611357
220658371
635138233
68536693
200175880
930722731
144246717
465368786
395375428
370728895
269414919
986169344
588843610
808018271
177874503
338613951
384339671
308215276
240759954
719059165
361754720
380205556
76688454
330424530
113188642
31402676
591300441
534030565
366966927
372595553
828693451
347685546
136649825
75933434
492663540
911426861
402281844
197490948
740117962
12409020
972905760
908655712
514489934
943114542
569304689
404336312
863965398
788832995
525115160
367639830
999187851
407868369
498759610
896507155
955976833
266883414
475210675
542702161
279120656
59701439
274922762
532416562
50433143
701635168
989716271
909915097
181383290
362685015
96004691
699316896
79701248
789513836
779484010
730452652
606443181
155688186
246897267
259387193
753676129
372285791
935996114
937578719
412830266
587101009
396996068
837703194
156121354
606385532
867706103
414760107
485299508
110519804
477825270
868124537
721175485
793729581
897134517
976946171
177560852
68682628
129097135
315870231
628694946
3242729
354661258
257505499
251739866
206868756
606722505
587102645
421223247
954849305
811265281
565408673
440901964
856693582
388343568
925096480
351579292
436856558
403956468
210474272
888134571
789509836
39870964
699674482
366161677
543245953
938228783
493743217
15809411
290989014
284998729
966898896
939621945
57794591
229898420
715689387
720329349
231442949
679944948
505055365
603397281
940340088
205683685
959522438
429052284
631901878
367332353
810180139
608039154
817556205
131838538
209957504
167032537
644200112
774806901
874540676
736790793
36829941
736295386
617248292
992906391
678467285
786568205
540659009
619088244
377801312
117049723
450051683
387430668
824816526
802647966
388351973
150503869
527249113
981762710
587873772
137176883
862277315
725117431
299670124
981224431
42260406
458895206
22652298
291639440
672829907
913906364
862667195
647100335
617464636
179640901
161186072
973787723
32464508
694322126
720241117
58594719
399690952
767841578
107462526
617694471
987804902
69111531
198407881
63532474
887901368
817520781
925435642
278688749
640090083
746584285
931860162
681329428
858150177
995991233
495747094
514752363
868795088
971381694
253583915
276599241
112828529
157827703
705248758
579883652
512170415
914720331
860997513
262122991
366680275
1592896
362979298
773993280
803871839
333176998
543310078
290754153
373777256
981747582
724463543
800246666
662284539
137314661
595800827
139635031
975191041
195464073
826145799
209558559
724563912
413830898
141355732
333348536
992111440
697310275
62284824
784227330
773056139
147978496
975338085
32120750
319108806
95676150
548240418
923868662
819804197
71986511
228303104
821362181
463544717
928323642
392019817
941707665
702534385
269735509
325512147
739259976
362837137
206066954
249245259
142321125
608861676
623819344
775467239
800630318
477380007
216983617
660297386
238626929
223357871
215414788
831781817
733518328
826113397
514212815
300861007
994407663
856233629
81829142
775463394
610682573
867717124
65582679
10043893
798097123
536105214
766762851
78917707
249688484
989210335
478706790
420550549
557785233
748031195
969417807
851898696
985573633
364737431
801014935
272319873
356238052
898111225
695405076
336376062
320997675
66631408
965421753
182108498
49140125
829364796
834664248
785331057
371327725
421193932
61517881
686839282
968096175
304748271
887816288
331878168
281811436
87860
850877650
360917753
841480143
378491353
664907711
782103491
257036832
678528234
28095668
848144913
784934594
748600324
537848657
518622511
357059916
889356488
460925695
332119061
351344161
87714871
819701204
47318632
173864356
214965269
634083592
378238529
414824272
880170092
852777606
329327169
333662894
677576387
788980101
294151360
228538308
661366602
517243359
170888205
779895192
89632442
639306
930025453
671463819
351787710
344246852
442733636
636457908
349927107
760399525
514124036
925214169
424396400
603118559
357235141
883234193
540362901
2825349
857190141
585760012
334905364
144941686
370035063
822467900
826568993
222988802
236836402
112551643
272457365
755194795
785367278
600309418
317042591
144670329
792964415
662036441
625609916
597331085
645168758
456014768
438366518
206921625
169456684
37909952
344243740
434729503
61857731
308362454
209979591
913316725
37964529
955983877
797871441
358609774
258388312
360586298
445167888
412787994
734653658
397497522
393074941
365206613
871365769
869747881
924491493
73991274
43328174
626070401
127335935
971126107
365353412
688930583
837830212
160928129
284575794
662866942
862407471
213778116
776427535
905445141
62769279
547120350
861414448
23560766
565631599
577929930
396018680
192366091
442273589
576884350
308025316
596308134
191706672
663877135
964890541
234207121
296983354
302891447
986066430
354391880
843038005
843264946
653260795
44802074
871664276
633236991
864741767
127312658
910078243
509347671
477253973
691838565
167017001
990437843
142225491
157811909
156615096
884964415
978651457
540452979
679539099
145740509
200195971
864687066
783042544
67628405
261294252
202812900
169592919
894366727
693998686
635808671
257569408
982294438
619766841
711105644
664518721
364782912
328920867
58538863
609847712
700252729
801704553
948105870
880670748
736604304
140039929
331990946
387931078
360212145
865620920
673240228
962626482
257962399
795978431
925265746
963950404
822310212
17202845
812731359
569982165
890421125
868038318
855767727
17052045
210988204
617433748
879577495
446876235
629993480
162496437
69484373
973704561
21422537
770647646
700282805
233333508
174557963
973561060
269150908
301938090
867959197
291917156
449218516
509564164
469117
117854666
744975786
285634051
577886679
265646525
9099611
505078457
213911693
355957842
834918556
57984220
950219491
981104960
729929243
998072802
802591886
8609651
159949951
452528275
910359482
299966442
574780910
414552865
947335970
589810971
766118297
306851564
539317926
756891585
213359495
631803910
326493623
331369178
728794477
886977329
752035174
659835986
55262596
537569104
63146109
862036119
881910171
816653772
97879639
289336915
816587251
327359634
206221113
53622450
564147250
267108360
430110284
971062182
902175362
684947702
307751862
298949410
457866136
846793299
328843050
799083771
802390167
668319046
478028238
813095850
607642393
904144719
155204480
455591446
321792521
464012312
303412902
832922342
586985142
747008971
477099131
230380124
461638080
221317334
311359791
764061414
989463275
358344668
913132275
788957015
414941769
357680070
330821830
684834014
993662265
942922036
631681119
437985638
875504728
493560677
680681066
783371089
123257575
828875585
743181461
59679246
929221734
218312939
506317276
799129987
161749885
520224856
759455576
836574507
104287300
211057451
117912438
317867819
244508398
801337472
185707332
18825272
286709014
733247289
543682998
939083949
380558940
907904468
805552645
162219715
379771003
25012782
60943957
393973220
330191976
622113991
16138022
818296766
328127558
504075371
69728571
36354643
288624359
467950021
338227446
498712341
636257904
439733734
119277586
864305176
687572194
28502884
541294201
35365603
914680149
822492463
466911809
848936466
791351192
287017322
943845626
633595753
601919813
809945808
704002561
287244323
333142772
369619156
486488865
363243913
727663400
434448771
132335301
370382017
855877820
67590902
187332599
406670267
118226640
835735209
243121636
240164080
243087486
778238666
253366574
965069149
859901529
552096811
573925440
578114125
690173735
188827853
918550489
309460732
862602023
251159292
646212600
117918770
462415890
173510687
394943247
797689611
146205776
376839499
149117467
860680308
610348131
913567866
