919282957
956102198
570586621
764633686
858201421
530438667
861694059
357531017
901729445
259679642
997455931
751286563
749489793
93252680
946345077
687910674
23887161
810438033
387830572
570152454
784373499
44113677
145580850
830772803
64115650
690253174
715995642
994732245
647311092
260059303
419138794
589800291
746063877
496950093
625882562
871060508
978212551
366157932
733782858
751422061
392182587
401611513
90143143
703483998
353294358
119001995
682518188
671659041
960634913
375925364
580216016
621816917
573551056
117658631
55708790
958025343
759161512
950302174
494569310
401603742
528598950
768118467
932839880
997825553
212056193
150465219
353108430
851273086
953837067
778421494
744097901
118740519
769025592
77928929
902501642
452978862
664353192
412522066
57328719
447866862
80368232
362703523
314472698
241965464
373833425
529718550
147217891
654185489
995791097
409525615
66580362
414345516
555216049
319979542
993040516
370858223
771813780
93805072
758209212
333899610
493949779
987476619
328006107
444702477
750540268
712343713
652840015
141616196
18341390
512790164
326747940
153806108
540165493
63046169
131973971
539117015
103156064
501764288
801786538
291532349
258031512
122549989
414548402
297337732
405039453
155456002
128291993
866105149
739766929
875007850
144070674
312580118
12987380
563402000
832944461
766349379
329748295
448736113
274153954
237823784
34027032
52299396
224206728
721460761
73451852
144909502
870174608
57160965
792112767
712001289
996998045
665236686
110691490
453565995
732919718
560175132
453124288
64150349
352366620
244179007
584911439
520928082
463252576
664252226
13424034
725720168
709729475
429800594
272728145
631980412
248768183
425378237
983169758
232590191
869273963
132677543
679901437
563014029
223984213
385827437
694741539
130955882
886547632
999477218
432129819
695829923
740252027
271893999
88840052
96516237
973053223
55539264
494772055
41503755
931865488
551498027
395703496
769408120
638398310
757101769
931911969
658261092
451943694
893496757
233262138
36193602
998581012
469636830
490841910
311152603
922044736
217782466
637896164
216280496
868530960
820803170
810720712
167003883
518018154
875793416
786395368
253045306
691684836
38179949
871421673
777782336
61004389
114351609
113348069
123989243
887073108
355076742
279143866
936914661
984667876
955362451
916042329
830966049
783781390
865395366
33193476
746124141
934620191
435931684
59271824
81271776
458220027
316820557
790817581
30208307
108014433
578655784
782394596
836180545
684555342
890238744
280217403
769663651
271126120
975882237
884724047
107641003
377834949
366957987
666731744
231198114
865268625
217991843
466766349
741592750
551000099
966369733
750221403
759912822
746197818
292885113
517877100
789195336
823634399
171789512
100915919
395637108
757504710
971753911
528616297
996836150
829567801
939935792
240688118
957560052
562746254
437963692
747784924
173008034
196450457
155490958
641584173
992572466
679938039
191056528
547953092
265778080
408599172
196555411
244025152
122024813
77340978
345621818
327869298
375386224
799454862
84952756
455221602
900505864
934442023
515808145
83652854
966666111
533481959
784456536
143778390
110485297
156765914
342605440
691726016
488811270
884125866
406199298
640070597
145328435
53122876
888363749
298796979
114634319
467292967
947136357
449711104
279810177
476282687
63591824
375400503
863980393
556679724
124806897
455021365
272157710
725885928
294297527
854656209
78132271
691983855
716911201
464223518
975723934
20134459
215721489
184557378
63272772
790316427
342712108
909152355
502652257
347833741
511494707
768600741
424302890
646793616
261077640
23103604
506034768
705173711
956842557
674498848
150266999
904274933
796170
471325942
649076032
96109709
960748356
785974387
333668904
948796254
118116481
618509854
56403173
39917664
808161462
209607084
469913768
500686922
87654585
51951072
2332094
58154053
739415056
334934928
486606299
604179929
944625347
980177570
668475833
962061253
209394784
769767752
3076668
780951029
322077318
687367321
565734150
205019809
919750996
30191308
231358541
199464077
571952791
680383901
679050452
134890750
74401515
14054972
167759676
574831360
239118811
76251198
209453343
563736673
21848869
117024339
35206051
723046600
178920661
70541331
313495955
585042968
314329337
290891031
335602770
822370744
634380341
91506237
262202613
438759410
540884435
347379826
377291196
929604208
591518208
86439365
856010264
216803949
194510348
733352779
416276643
438996835
637625812
631288859
343554921
306521206
205848908
758111501
556931844
510847250
543389571
470075603
112784945
283409466
805545176
46846956
191969080
438965825
259950743
668693931
715100329
876523711
48442593
160068465
922882471
166561412
930155644
849410313
376738786
237720762
674015915
241742563
612866316
112028271
406954229
408265466
982167707
116862439
925399430
355334298
519837185
4222154
395777412
389889867
275144598
161642806
995826233
141334337
47852357
404478115
317918380
544187936
419253331
83793875
509811620
260847168
615828635
946665378
620871524
32909620
562814537
727110313
188061005
222764972
701102933
786101415
340665925
967498856
798937962
242742524
425772042
636034312
956331192
749295169
604315655
884764637
916239780
861699052
397407779
19714405
38774847
147763927
468801595
760134339
133354835
792637549
402264098
436753732
250109432
312608240
642120906
284076670
131089993
993517738
211059018
690933089
864753589
419339573
369425660
201474012
241403508
408644968
794185315
134541329
307195805
690926818
779590564
952613132
279824259
998884328
406860244
413285988
408467968
527851909
813932271
692492300
7622303
54877948
667176460
262934614
729578935
105818564
501636010
38659898
109913241
871804742
195262292
793197966
917858998
203590824
368683554
959377885
986903935
766612804
557375539
634480022
630693702
790388464
261392248
180285198
465416958
781321482
719076857
983898974
203249301
136485326
599375795
349814641
792872638
361337343
962634567
716236967
825211407
325972615
272026278
886753111
452987028
711523169
316515205
236864300
281278833
432274712
522596074
112885379
905209045
246889623
943222676
142694382
492356051
717982186
290080367
808801987
587161708
800324696
562638516
499084542
508105685
538223693
558670818
346496993
407960138
258417595
272780464
778381679
765182322
96767197
750677385
493286163
880935305
420537477
800718876
904425913
4378736
8952996
357741572
946091856
247667615
759728989
576317735
27765570
257757854
778193278
362500137
945615255
125650743
249536312
135195790
109559736
34698212
648461516
722995493
787785528
252824449
327565598
430850940
388461581
851407065
875870492
894270162
958379402
962366173
217530945
29470683
299118797
765859691
867593301
678091718
640179605
938975002
53945926
972885227
513062250
513726576
718096116
3271675
474114648
243887681
539362331
539374215
335001981
830422099
30430426
23449203
582218944
401358368
650985597
250695582
231471726
489165260
530227220
679711086
34847454
84865875
963047984
685176060
843405408
759822175
794213040
822900882
472360952
793260997
735781014
229951338
309280545
255151733
299331838
888283562
518146702
13950519
871254252
567002667
530166451
277615793
928656924
358889191
707942654
26014911
152404574
910336694
114318381
305061950
147215623
366341074
261661658
713264904
693259929
571509429
872589229
288504567
470433449
650934653
655082903
908413549
159544491
3025667
795487579
330879816
203123671
86401779
430263125
695204253
440858500
66038274
166446155
949085355
897990120
436077680
757827874
301931599
901725304
377269663
494272919
960502659
818654181
770338314
96150406
476797378
469601803
802043484
20004542
357104809
478300264
184595534
475367233
644004750
688139387
261151621
756576231
314461756
291389710
309916575
979904643
716075156
808023945
553823821
10000019
763199221
642446329
203141078
540389543
172778192
565025062
613638519
264156233
767067974
977548908
95004524
474809236
348478769
915712532
204743337
252649837
380738834
797768338
614312088
146421850
622498736
63788304
869159530
648096797
432713370
735380977
36969372
689626758
56484781
414604726
903188497
418920545
485749103
487944669
204300103
426855542
26774636
608102801
600407695
227954791
28134101
171588946
732148613
69183256
179873656
609182693
287156896
114582500
301114007
282292123
385733493
27440652
529285044
163357818
51215796
482790771
213707613
60864789
858694845
533041006
873414350
23329306
212523719
59060539
85438751
817662684
953603190
853564641
129009826
354782403
937236742
246171721
22987339
13078242
82417609
486018132
365331093
689369219
86604740
810029807
724344486
116293584
9250456
434589565
50733210
977841285
11589654
484987474
76654784
377703125
91636359
836913915
535178864
502036307
474771120
274176586
415861165
521021161
467622498
199001944
168693196
856878746
946846977
288903713
67812317
660509914
652453700
357370916
219556208
907942859
34275022
818934537
590054052
579039735
877666617
835765907
699063396
925966771
925309398
901530809
786501508
881347731
719960441
831428753
563912935
287628563
426941571
723420569
237766678
976407262
638307671
386276313
628581909
886527097
805523478
134622303
210005417
934872014
489271856
208072661
539398404
856647999
573507238
765183095
707011062
828478519
942338547
579488382
807213245
85986205
346992496
66674047
732790451
744090525
481724277
657498028
688156467
558082843
588537145
779911979
404254001
477365545
605650970
204226463
185347092
433658498
384304990
764804044
302956755
223235388
505340994
297189340
352635058
924178753
92195205
708094769
626343119
391264204
22195207
479060610
936184475
306122500
459450595
940567604
767796675
497622761
745503671
307635606
270395158
25611421
661136769
462555852
115842582
746156321
226321086
428686488
412638312
287542937
544690045
310849627
272251717
39243269
215250095
40315938
313829715
944679361
821740849
91667772
165407580
339910228
991477111
