537888240
283096655
918059591
734063347
759220996
298196705
55259573
818551882
611348124
831619249
827931384
233266907
31136143
453025722
369937446
407249493
732608289
309649467
38616928
711100920
779911451
860186391
450355185
504964261
195390433
229641508
640701267
523908916
218895324
441841624
822456134
853948574
467704644
254419864
890191416
227742638
12101974
193106279
730779886
513276466
92501671
567239132
913275052
275312022
496103407
938561176
786263805
275375484
68159205
445329196
235404932
186903195
798799361
681276804
52309387
542860490
342198723
526390731
521584909
979313383
557386237
276388320
785616023
869387880
550325422
424267321
809523292
746687126
208752976
589500047
540929930
750001964
922872870
807378161
255552351
483722906
62889131
29101807
671732125
12134448
71297801
666105702
453655407
280594290
45866954
649972001
860426881
372902045
437820294
565018243
982081104
304562958
89227388
480355663
668547142
364720517
938496343
865124632
24550022
177326966
481129421
918990917
709757674
449944442
624511538
493290569
759333084
383035634
478696452
977237981
782370667
619042365
943203498
420153309
307510541
850085473
300253703
923596903
119886253
576571280
471451742
590764903
394601088
953738379
71970093
148402244
188932317
676767913
430428887
626235596
509273388
958064932
378634645
343118796
126880574
326569189
109738308
642618051
299798853
454383944
549628808
389396709
417004128
906238981
665060294
508293195
739242471
291359895
734091581
689343829
772772653
641820329
983258288
834490106
682039626
824952071
95872673
830318383
117290071
270726013
352349833
802050999
945019823
605228285
844829106
822800060
586528791
149878326
223345857
70979243
792520963
39248685
576384936
594834526
171882348
627472541
470466951
968429112
643249361
736000446
179614037
582848717
9512718
967120584
175743689
810714065
726334353
819512576
531281922
668172583
378588810
822049738
431825201
56522937
346018077
224900397
329460824
728268418
437596386
374151958
356066972
38879987
681085347
608580786
348695594
300826153
551945254
358298568
204599732
710001752
946207425
459476466
206524104
636725602
361039374
132255207
781674791
880025200
688784630
