9999
17181
21909
27423
32962
39333
44527
50386
55926
61951
67729
73350
79128
85153
90985
96552
102557
108409
114240
120041
126046
131898
137729
143734
149586
155591
161453
167458
173310
179315
185520
191525
197821
203826
210336
216341
222766
228837
235133
241138
247648
253653
260078
266194
272593
278773
285172
291512
297911
304261
310660
317130
323480
329879
336328
342744
349143
355547
361971
368412
374811
381235
387639
394154
400504
406903
413527
419960
426359
432791
439476
445848
452247
458886
465388
471815
478452
484956
491593
498020
504659
511161
517796
524347
530937
537489
544001
550630
557142
563781
570328
576967
583548
590187
596795
603434
610066
616705
623386
630025
636710
643388
650027
656708
663347
670032
676735
683398
690068
696753
703456
710119
716804
723507
730192
736906
743591
750312
757026
763747
770466
777187
783918
790637
797358
804091
810810
817531
824266
830985
837706
844461
851182
858007
864728
871518
878239
885005
891745
898500
905221
912021
918767
925557
932278
939044
945824
952590
959390
966197
972997
979811
986587
993387
1000194
1006994
1013808
1020608
1027436
1034236
1041050
1047850
1054683
1061483
1068349
1075182
1081982
1088861
1095713
1102592
1109507
1116390
1123269
1130184
1137092
1144002
1150917
1157800
1164679
1171594
1178502
1185417
1192331
1199246
1206154
1213069
1220030
1226945
1233865
1240773
1247688
1254649
1261564
1268524
1275469
1282400
1289372
1296305
1303248
1310237
1317153
1324170
1331085
1338092
1345038
1352024
1358992
1365977
1372970
1379931
1386958
1393909
1400936
1407973
1414962
1421989
1428940
1435967
1443004
1450031
1457085
1464112
1471195
1478228
1485259
1492313
1499340
1506429
1513456
1520519
1527546
1534635
1541662
1548727
1555816
1562843
1569975
1577002
1584141
1591168
1598336
1605363
1612502
1619529
1626698
1633731
1640900
1647945
1655114
1662189
1669324
1676456
1683538
1690707
1697782
1704936
1712049
1719180
1726336
1733447
1740580
1747749
1754837
1762000
1769081
1776235
1783348
1790479
1797635
1804746
1811879
1819048
1826146
1833299
1840455
1847566
1854699
1861868
1868966
1876135
1883300
1890423
1897556
1904720
1911823
1918992
1926120
1933283
1940452
1947580
1954749
1961928
1969097
1976279
1983449
1990631
1997813
2004995
2012177
2019356
2026525
2033707
2040877
2048059
2055241
2062423
2069608
2076790
2083987
2091174
2098371
2105563
2112760
2119959
2127151
2134348
2141560
2148757
2155957
2163157
2170349
2177546
2184758
2191955
2199155
2206367
2213564
2220785
2227982
2235206
2242403
2249633
2256830
2264059
2271263
2278480
2285710
2292907
2300136
2307340
2314563
2321799
2328996
2336246
2343456
2350685
2357920
2365145
2372389
2379609
2386849
2394087
2401313
2408563
2415791
2423038
2430284
2437516
2444766
2452009
2459259
2466495
2473745
2480988
2488238
2495486
2502736
2509991
2517257
2524511
2531766
2539032
2546287
2553554
2560809
2568064
2575319
2582585
2589839
2597094
2604360
2611615
2618882
2626137
2633404
2640674
2647941
2655231
2662527
2669800
2677090
2684386
2691676
2698972
2706264
2713560
2720856
2728152
2735452
2742748
2750044
2757340
2764652
2771958
2779262
2786574
2793880
2801192
2808504
2815816
2823156
2830468
2837802
2845124
2852454
2859793
2867110
2874464
2881779
2889138
2896450
2903821
2911134
2918505
2925821
2933192
2940520
2947891
2955262
2962598
2969951
2977322
2984650
2992021
2999392
3006728
3014099
3021470
3028841
3036187
3043558
3050929
3058300
3065690
3073036
3080407
3087778
3095149
3102553
3109924
3117298
3124669
3132073
3139444
3146855
3154240
3161630
3169038
3176426
3183840
3191224
3198647
3206026
3213449
3220846
3228269
3235701
3243121
3250544
3257976
3265406
3272838
3280270
3287693
3295125
3302555
3309987
3317426
3324869
3332308
3339752
3347191
3354649
3362088
3369546
3376991
3384449
3391902
3399360
3406805
3414263
3421727
3429194
3436662
3444129
3451611
3459097
3466564
3474046
3481533
3489010
3496492
3503979
3511479
3518966
3526443
3533925
3541412
3548920
3556409
3563907
3571384
3578866
3586353
3593863
3601350
3608862
3616349
3623871
3631358
3638883
3646380
3653905
3661405
3668930
3676432
3683957
3691490
3698987
3706512
3714012
3721537
3729039
3736564
3744099
3751624
3759150
3766680
3774205
3781740
3789265
3796791
3804326
3811851
3819391
3826917
3834452
3841977
3849518
3857048
3864589
3872120
3879661
3887204
3894745
3902312
3909853
3917383
3924924
3932455
3939996
3947539
3955080
3962668
3970209
3977756
3985297
3992885
4000426
4008016
4015561
4023141
4030682
4038270
4045811
4053401
4060954
4068544
4076101
4083691
4091244
4098834
4106397
4113987
4121557
4129147
4136719
4144309
4151885
4159475
4167063
4174650
4182240
4189828
4197418
4205008
4212598
4220202
4227792
4235388
4242992
4250582
4258190
4265795
4273403
4281011
4288619
4296229
4303841
4311467
4319077
4326688
4334298
4341910
4349538
4357149
4364759
4372371
4380005
4387615
4395227
4402864
4410476
4418114
4425731
4433343
4440980
4448592
4456230
4463849
4471487
4479124
4486762
4494410
4502048
4509706
4517346
4525004
4532658
4540316
4547976
4555630
4563288
4570960
4578618
4586278
4593936
4601608
4609266
4616942
4624618
4632276
4639948
4647606
4655282
4662962
4670620
4678296
4685976
4693634
4701310
4708990
4716649
4724325
4732005
4739681
4747361
4755044
4762729
4770422
4778107
4785802
4793487
4801172
4808865
4816550
4824245
4831937
4839632
4847327
4855022
4862722
4870417
4878119
4885819
4893514
4901219
4908947
4916658
4924358
4932053
4939758
4947486
4955216
4962921
4970649
4978382
4986102
4993830
5001563
5009300
5017027
5024755
5032488
5040225
5047958
5055691
5063428
5071162
5078899
5086645
5094382
5102138
5109882
5117633
5125387
5133131
5140887
5148631
5156382
5164136
5171882
5179638
5187387
5195143
5202905
5210679
5218441
5226217
5233979
5241753
5249515
5257291
5265053
5272828
5280600
5288366
5296147
5303913
5311687
5319461
5327234
5335015
5342782
5350563
5358339
5366120
5373887
5381668
5389455
5397261
5405051
5412838
5420644
5428442
5436248
5444052
5451855
5459661
5467465
5475271
5483087
5490904
5498720
5506529
5514345
5522162
5529978
5537799
5545618
5553434
5561255
5569074
5576890
5584711
5592535
5600357
5608181
5616014
5623838
5631672
5639496
5647337
5655167
5662999
5670840
5678670
5686505
5694346
5702176
5710017
5717852
5725692
5733523
5741364
5749202
5757039
5764880
5772718
5780559
5788425
5796281
5804147
5812014
5819873
5827714
5835580
5843447
5851317
5859189
5867066
5874943
5882820
5890701
5898578
5906455
5914334
5922215
5930092
5937969
5945858
5953750
5961632
5969521
5977413
5985302
5993200
6001092
6008989
6016885
6024779
6032677
6040572
6048470
6056372
6064270
6072183
6080083
6087996
6095915
6103828
6111743
6119656
6127575
6135488
6143410
6151323
6159254
6167181
6175112
6183040
6190971
6198902
6206830
6214761
6222694
6230625
6238559
6246495
6254429
6262368
6270307
6278246
6286189
6294136
6302087
6310026
6317965
6325908
6333855
6341812
6349762
6357705
6365652
6373609
6381563
6389520
6397477
6405434
6413391
6421348
6429308
6437279
6445239
6453214
6461177
6469152
6477130
6485108
6493083
6501061
6509041
6517016
6524994
6532982
6540961
6548939
6556922
6564910
6572889
6580867
6588855
6596838
6604826
6612805
6620783
6628771
6636761
6644752
6652742
6660734
6668725
6676715
6684711
6692701
6700698
6708691
6716688
6724685
6732688
6740688
6748691
6756698
6764701
6772713
6780717
6788729
6796734
6804745
6812757
6820762
6828774
6836788
6844804
6852818
6860834
6868851
6876870
6884887
6892907
6900925
6908945
6916964
6924984
6933005
6941027
6949050
6957071
6965093
6973116
6981146
6989169
6997204
7005227
7013257
7021280
7029316
7037347
7045383
7053419
7061458
7069488
7077524
7085555
7093591
7101627
7109666
7117706
7125745
7133786
7141825
7149871
7157922
7165970
7174011
7182050
7190096
7198147
7206200
7214255
7222312
7230374
7238431
7246494
7254565
7262628
7270699
7278762
7286838
7294916
7302991
7311067
7319145
7327226
7335306
7343387
7351470
7359556
7367639
7375727
7383810
7391896
7399979
7408067
7416157
7424240
7432328
7440424
7448521
7456617
7464719
7472815
7480919
7489016
7497112
7505214
7513310
7521422
7529518
7537632
7545728
7553844
7561942
7570058
7578176
7586292
7594410
7602506
7610622
7618720
7626836
7634954
7643070
7651190
7659295
7667411
7675529
7683645
7691765
7699881
7708008
7716128
7724255
7732381
7740508
7748645
7756775
7764910
7773044
7781177
7789314
7797446
7805583
7813722
7821859
7830004
7838141
7846286
7854425
7862568
7870715
7878852
7887002
7895145
7903286
7911429
7919579
7927726
7935863
7944014
7952170
7960321
7968481
7976641
7984806
7992966
8001135
8009297
8017464
8025633
8033795
8041964
8050132
8058301
8066470
8074639
8082807
8090976
8099148
8107323
8115496
8123670
8131842
8140017
8148190
8156365
8164538
8172713
8180892
8189070
8197245
8205424
8213603
8221782
8229965
8238158
8246341
8254535
8262719
8270913
8279097
8287291
8295478
8303672
8311874
8320068
8328270
8336478
8344680
8352886
8361094
8369296
8377514
8385718
8393924
8402130
8410338
8418540
8426759
8434962
8443181
8451387
8459606
8467815
8476034
8484244
8492463
8500684
8508902
8517121
8525342
8533561
8541787
8550010
8558229
8566453
8574679
8582902
8591121
8599347
8607582
8615805
8624024
8632250
8640481
8648707
8656928
8665154
8673384
8681610
8689846
8698069
8706288
8714514
8722750
8730979
8739215
8747450
8755686
8763928
8772166
8780408
8788650
8796892
8805141
8813397
8821659
8829908
8838164
8846428
8854690
8862946
8871210
8879483
8887747
8896029
8904296
8912578
8920855
8929137
8937426
8945707
8953989
8962278
8970568
8978858
8987148
8995445
9003743
9012047
9020348
9028652
9036959
9045267
9053580
9061894
9070208
9078522
9086837
9095151
9103469
9111788
9120106
9128424
9136742
9145061
9153379
9161699
9170020
9178340
9186661
9194981
9203311
9211631
9219961
9228291
9236624
9244949
9253279
9261609
9269942
9278272
9286603
9294936
9303266
9311609
9319939
9328282
9336612
9344966
9353296
9361645
9369975
9378329
9386659
9395013
9403343
9411698
9420029
9428384
9436718
9445073
9453419
9461774
9470143
9478507
9486876
9495240
9503609
9511977
9520346
9528717
9537091
9545467
9553841
9562220
9570608
9578984
9587360
9595734
9604113
9612501
9620884
9629265
9637644
9646032
9654415
9662802
9671187
9679573
9687961
9696345
9704733
9713120
9721506
9729894
9738281
9746669
9755060
9763448
9771843
9780231
9788627
9797036
9805432
9813841
9822254
9830654
9839063
9847476
9855885
9864303
9872733
9881158
9889576
9898006
9906436
9914867
9923299
9931732
9940171
9948604
9957043
9965479
9973918
9982355
9990794
9999242
10007684
10016132
10024577
10033025
10041476
10049938
10058392
10066843
10075305
10083768
10092232
10100695
10109169
10117654
10126123
10134597
10143071
10151556
10160025
10168499
10176984
10185458
10193947
10202429
10210914
10219388
10227877
10236369
10244846
10253335
10261827
10270320
10278809
10287301
10295794
10304290
10312783
10321279
10329773
10338269
10346770
10355269
10363770
10372271
10380772
10389274
10397775
10406282
10414784
10423288
10431795
10440297
10448804
10457309
10465816
10474324
10482834
10491342
10499852
10508360
10516871
10525381
10533889
10542401
10550911
10559423
10567939
10576451
10584968
10593486
10602007
10610528
10619045
10627563
10636084
10644605
10653126
10661648
10670171
10678695
10687218
10695745
10704268
10712799
10721332
10729876
10738411
10746955
10755500
10764035
10772579
10781124
10789668
10798214
10806761
10815309
10823862
10832417
10840964
10849512
10858065
10866624
10875177
10883738
10892297
10900857
10909418
10917977
10926538
10935101
10943662
10952225
10960786
10969349
10977920
10986490
10995059
11003622
11012193
11020763
11029334
11037910
11046487
11055066
11063644
11072223
11080808
11089393
11097978
11106564
11115165
11123771
11132387
11140994
11149600
11158206
11166822
11175429
11184038
11192644
11201260
11209867
11218479
11227095
11235702
11244318
11252935
11261558
11270175
11278792
11287415
11296032
11304656
11313273
11321899
11330528
11339158
11347791
11356421
11365057
11373688
11382324
11390958
11399594
11408231
11416867
11425501
11434137
11442775
11451411
11460048
11468686
11477322
11485963
11494609
11503245
11511886
11520538
11529183
11537835
11546485
11555137
11563789
11572442
11581094
11589749
11598401
11607060
11615715
11624374
11633041
11641700
11650367
11659035
11667702
11676375
11685042
11693716
11702395
11711069
11719749
11728430
11737110
11745809
11754489
11763189
11771869
11780570
11789254
11797955
11806640
11815341
11824040
11832735
11841436
11850135
11858836
11867538
11876239
11884942
11893643
11902346
11911049
11919750
11928453
11937156
11945868
11954571
11963272
11971975
11980678
11989390
11998114
12006826
12015550
12024264
12032988
12041715
12050439
12059172
12067899
12076632
12085366
12094099
12102834
12111569
12120311
12129046
12137788
12146533
12155278
12164024
12172782
12181528
12190282
12199038
12207786
12216545
12225296
12234055
12242811
12251570
12260328
12269087
12277848
12286610
12295370
12304129
12312890
12321652
12330422
12339183
12347945
12356716
12365497
12374275
12383056
12391843
12400625
12409412
12418202
12426989
12435781
12444574
12453366
12462158
12470950
12479743
12488535
12497331
12506129
12514934
12523733
12532531
12541336
12550146
12558953
12567758
12576568
12585393
12594220
12603045
12611872
12620697
12629522
12638349
12647174
12656001
12664832
12673661
12682488
12691319
12700151
12708982
12717816
12726652
12735486
12744331
12753177
12762022
12770868
12779714
12788568
12797424
12806276
12815130
12823986
12832843
12841704
12850566
12859432
12868298
12877164
12886032
12894902
12903774
12912647
12921522
12930395
12939271
12948147
12957023
12965902
12974778
12983660
12992551
13001446
13010342
13019243
13028149
13037058
13045967
13054882
13063795
13072710
13081625
13090540
13099455
13108372
13117290
13126209
13135126
13144044
13152963
13161883
13170805
13179733
13188662
13197596
13206532
13215474
13224413
13233355
13242297
13251239
13260183
13269128
13278076
13287031
13295979
13304935
13313898
13322869
13331842
13340833
13349812
13358798
13367785
13376768
13385759
13394741
13403732
13412715
13421706
13430692
13439683
13448675
13457666
13466668
13475672
13484677
13493682
13502690
13511701
13520718
13529736
13538753
13547777
13556794
13565818
13574855
13583888
13592925
13601968
13611013
13620059
13629105
13638154
13647200
13656250
13665300
13674351
13683401
13692453
13701505
13710557
13719612
13728664
13737716
13746775
13755841
13764894
13773946
13783005
13792071
13801141
13810207
13819277
13828348
13837436
13846525
13855614
13864707
13873798
13882891
13891986
13901079
13910175
13919272
13928375
13937480
13946587
13955697
13964806
13973913
13983023
13992138
14001253
14010368
14019484
14028602
14037722
14046845
14055977
14065111
14074245
14083385
14092529
14101669
14110811
14119955
14129095
14138240
14147394
14156553
14165709
14174868
14184029
14193188
14202349
14211511
14220674
14229840
14239003
14248173
14257338
14266508
14275681
14284848
14294018
14303191
14312361
14321538
14330708
14339900
14349073
14358265
14367440
14376632
14385815
14395007
14404204
14413418
14422615
14431830
14441038
14450253
14459471
14468694
14477915
14487138
14496368
14505599
14514829
14524062
14533300
14542535
14551773
14561011
14570251
14579492
14588735
14597979
14607227
14616476
14625725
14634976
14644234
14653485
14662748
14671999
14681262
14690527
14699790
14709064
14718339
14727618
14736893
14746168
14755447
14764728
14774017
14783307
14792598
14801901
14811207
14820498
14829801
14839120
14848429
14857748
14867062
14876381
14885697
14895016
14904337
14913661
14922996
14932320
14941656
14950994
14960332
14969670
14979011
14988349
14997700
15007052
15016405
15025757
15035116
15044476
15053835
15063195
15072562
15081924
15091291
15100661
15110037
15119419
15128807
15138205
15147597
15156995
15166402
15175811
15185221
15194631
15204041
15213458
15222876
15232294
15241715
15251139
15260571
15270001
15279425
15288857
15298293
15307730
15317171
15326626
15336075
15345530
15354980
15364435
15373894
15383356
15392826
15402303
15411773
15421255
15430740
15440226
15449717
15459222
15468730
15478251
15487773
15497302
15506830
15516359
15525890
15535425
15544965
15554506
15564051
15573595
15583140
15592691
15602243
15611795
15621348
15630905
15640463
15650026
15659603
15669186
15678763
15688352
15697948
15707547
15717151
15726750
15736354
15745962
15755577
15765192
15774823
15784467
15794112
15803766
15813420
15823078
15832746
15842420
15852105
15861794
15871488
15881187
15890892
15900603
15910316
15920027
15929745
15939463
15949183
15958903
15968626
15978369
15988116
15997866
16007619
16017388
16027173
16036959
16046781
16056616
16066459
16076315
16086182
16096058
16106012
