99978
190951
223926
283831
350205
408950
468855
535099
594139
654044
720288
780323
842427
907124
968706
1034364
1095179
1161423
1222419
1288663
1354935
1419151
1485395
1551667
1616791
1683035
1749307
1815573
1881845
1949763
2016035
2082301
2148573
2217083
2283355
2350679
2418285
2485461
2552892
2620391
2687674
2755808
2822604
2890142
2957748
3024924
3092355
3159854
3227137
3295271
3362067
3430053
3498711
3564983
3633541
3702199
3768471
3838561
3906025
3974099
4042155
4111653
4179709
4247783
4317618
4385337
4455172
4523228
4591302
4661219
4728856
4798946
4867008
4936509
5006060
5074661
5144751
5213713
5283803
5353058
5422523
5492110
5561575
5631665
5700920
5771010
5839972
5910062
5980281
6050371
6120560
6190650
6260869
6330959
6401192
6471282
6541518
6611608
6682247
6752483
6822573
6893473
6963563
7035177
7105267
7177001
7247594
7318803
7389298
7460507
7532085
7602834
7674448
7744538
7816272
7887325
7959059
8030131
8101865
8173606
8245132
8316866
8388607
8460341
8532562
8604303
8676037
8748455
8820364
8892417
8964151
9036744
9108478
9180792
9252526
9325052
9396853
9469379
9541185
9613427
9685708
9757754
9830299
9902086
9974756
10046609
10119157
10191200
10263647
10335723
10407979
10480293
10552502
10625050
10697364
10769573
10842243
10914521
10987030
11059641
11131978
11204575
11276784
11349454
11421732
11494402
11566852
11639522
11711800
11784470
11857107
11929777
12002362
12075032
12147669
12220339
12293140
12365777
12438447
12511536
12584173
12656843
12729933
12802734
12875371
12948041
13022035
13094672
13167342
13241308
13314028
13387112
13460609
13533798
13606584
13680379
13753270
13826354
13899851
13973040
14046537
14119621
14193093
14266307
14339779
14413008
14486360
14559977
14633046
14707024
14779747
14853975
14926794
15001022
15074157
15148217
15221276
15295504
15368639
15442699
15515775
15590003
15663138
15737198
15810806
15884561
15958789
16032229
16106457
16180272
16254382
16327940
16402050
16475805
16550033
16623473
16697701
16771516
16845744
16919184
16993412
17067356
17141584
17215382
17289610
17363086
17437314
17511258
17585486
17659284
17733512
17807456
17881684
17955790
18030018
18104312
18178418
18252646
18326970
18401198
18475404
18549632
18623956
18698184
18772631
18846859
18921370
18995598
19070171
19144441
19218855
19293366
19367594
19442167
19516437
19591010
19665589
19740018
19814591
19889181
19963760
20038189
20112762
20187677
20262106
20336679
20411442
20486015
20560645
20635359
20709932
20784562
20859325
20933898
21008747
21083242
21157815
21232887
21307427
21382000
21457072
21531645
21606716
21681289
21756361
21830934
21906041
21980614
22055881
22130454
22205755
22280436
22355595
22430531
22505577
22580660
22655672
22730939
22805801
22881188
22956080
23031467
23106832
23182039
23257426
23332791
23408178
23483623
23558988
23634195
23709582
23784947
23860334
23935839
24011376
24086820
24162325
24237862
24313367
24388961
24464528
24540107
24615612
24691206
24766773
24842367
24917943
24993537
25069193
25144897
25220553
25296295
25372009
25447751
25523528
25599270
25675162
25750975
25826717
25902609
25978431
26054323
26130334
26206185
26282077
26358088
26434004
26509896
26585907
26661951
26737962
26814060
26890131
26966210
27042308
27118379
27194477
27270678
27346758
27422847
27498927
27575025
27651335
27727433
27803835
27879994
27956304
28032402
28108804
28185083
28261298
28337700
28413979
28490206
28566608
28642887
28719289
28795555
28871957
28948236
29024638
29101253
29177655
29254247
29330649
29407264
29483666
29560329
29636731
29713543
29790038
29866608
29943144
30019915
30096451
30173021
30249909
30326328
30403025
30479913
30556332
30633097
30709985
30786404
30863292
30940130
31016663
31093428
31170316
31246735
31323623
31400461
31477213
31554101
31630939
31707827
31784692
31861580
31938513
32015401
32092362
32169250
32246410
32323298
32400231
32477119
32554080
32630968
32708301
32785369
32862262
32939595
33016663
33093996
33171057
33248390
33325458
33402791
33479905
33557238
33634306
33711639
33788787
33866120
33943290
34020623
34097771
34175104
34252534
34329867
34407182
34484515
34561810
34639143
34716573
34793906
34871221
34948554
35025984
35103317
35180652
35257985
35335415
35412748
35490218
35567689
35645254
35722725
35800335
35877806
35955449
36032920
36110697
36188438
36266215
36344089
36421560
36499337
36577039
36654816
36732557
36810334
36888215
36966151
37043928
37121809
37199772
37277593
37355474
37433437
37511318
37589288
37667169
37745205
37823086
37901123
37979277
38057158
38135194
38213075
38291112
38369286
38447507
38525672
38603830
38682004
38760225
38838390
38916564
38994785
39072965
39151139
39229360
39307653
39385945
39464238
39542554
39620846
39699139
39777475
39855768
39934121
40012414
40090771
40169198
40247551
40325844
40404201
40482654
40561173
40639640
40718159
40796693
40875123
40953576
41032095
41110562
41189081
41267615
41346175
41424709
41503375
41581909
41660580
41739391
41818067
41896627
41975267
42053938
42132749
42211530
42290341
42369148
42447959
42526779
42605603
42684414
42763234
42842108
42920936
42999810
43078660
43157534
43236403
43315277
43394192
43473066
43551954
43630855
43709743
43788658
43867532
43946630
44025504
44104690
44183924
44263235
44342533
44421728
44500962
44580273
44659571
44738882
44818205
44897524
44976835
45056158
45135580
45214903
45294354
45373714
45453106
45532557
45611917
45691368
45770761
45850212
45929668
46009119
46088512
46167963
46247515
46326974
46406522
46485997
46565533
46645085
46724556
46804108
46883664
46963224
47042811
47122298
47201850
47281406
47360966
47440553
47520109
47599669
47679518
47759097
47838661
47918221
47998083
48077649
48157505
48237153
48316713
48396575
48476141
48555997
48635816
48715425
48795287
48875100
48954962
49034604
49114466
49194279
49274141
49353994
49433856
49513727
49593646
49673573
49753526
49833521
49913484
49993479
50073477
50153463
50233458
50313456
50393451
50473491
50553486
50633526
50713566
50793561
50873610
50953650
51033645
51113685
51193725
51273720
51353847
51433913
51513908
51594035
51674130
51754125
51834252
51914388
51994482
52074609
52154745
52234872
52315041
52395233
52475400
52555569
52635761
52715930
52796141
52876491
52956718
53036929
53117146
53197496
53277723
53357934
53438284
53518528
53598878
53679278
53759489
53839839
53920083
54000433
54080889
54161239
54241483
54321833
54402419
54482830
54563415
54643765
54724351
54804762
54885348
54965861
55046289
55126875
55207286
55287872
55368385
55448971
55529485
55610071
55690628
55771214
55851807
55932466
56013096
56093730
56174389
56255019
56335678
56416316
56496975
56577636
56658295
56738933
56819592
56900287
56981015
57061710
57142525
57223380
57304192
57385007
57465862
57546714
57627548
57708403
57789255
57870110
57951042
58032045
58112977
58193963
58274916
58355898
58436905
58517837
58598971
58680041
58761175
58842313
58923483
59004622
59085792
59166956
59248126
59329313
59410483
59491739
59572909
59654171
59735467
59816729
59898040
59979372
60060542
60141804
60223100
60304362
60385673
60467036
60548298
60629594
60710856
60792167
60873708
60955080
61036621
61117932
61199473
61280845
61362386
61443903
61525444
61606987
61688528
61770134
61851746
61933382
62015032
62096668
62178338
62259988
62341624
62423329
62505017
62586667
62668303
62750008
62831780
62913490
62995262
63077060
63158832
63240648
63322420
63404236
63486052
63567824
63649719
63731627
63813495
63895390
63977298
64059203
64141085
64222980
64304888
64386793
64468701
64550610
64632518
64714491
64796519
64878492
64960527
65042562
65124635
65206671
65288679
65370714
65452749
65534822
65616858
65698931
65781057
65863135
65945261
66027417
66109559
66191715
66273887
66356029
66438185
66520375
66602587
66684729
66766885
66849075
66931309
67013545
67095795
67178042
67260278
67342528
67424788
67507038
67589298
67671558
67753808
67836181
67918589
68000962
68083424
68165864
68248279
68330741
68413181
68495604
68578066
68660506
68742968
68825449
68907955
68990436
69073009
69155546
69238119
69320734
69403307
69485935
69568590
69651218
69733916
69816559
69899257
69981986
70064721
70147503
70230375
70313104
70395839
70478621
70561496
70644278
70727085
70809960
70892742
70975638
71058495
71141391
71224283
71307179
71390152
71473048
71555940
71638836
71721815
71804881
71887897
71970876
72053942
72136963
72220029
72303087
72386153
72469226
72552335
72635430
72718539
72801645
72884748
72967857
73050963
73134072
73217205
73300344
73383477
73466643
73549799
73632932
73716098
73799276
73882442
73965660
74048859
74132077
74215309
74298527
74381785
74465127
74548358
74631616
74714958
74798216
74881598
74964856
75048267
75131547
75214958
75298254
75381665
75465005
75548416
75631804
75715215
75798555
75881966
75965387
76048844
76132395
76215919
76299470
76383028
76466579
76550182
76633733
76717339
76800890
76884514
76968131
77051682
77135306
77218953
77302577
77386279
77469982
77553684
77637417
77721193
77805036
77888877
77972617
78056393
78140236
78224077
78307920
78391795
78475676
78559551
78643464
78727352
78811265
78895180
78979093
79062995
79146908
79230796
79314709
79398624
79482537
79566519
79650514
79734542
79818548
79902543
79986571
80070604
80154655
80238703
80322736
80406787
80490840
80574891
80658943
80742996
80827047
80911171
80995222
81079416
81163467
81247607
81331762
81415852
81500009
81584147
81668254
81752459
81836549
81920754
82005042
82089592
82173880
82258437
82342725
82427326
82511624
82596171
82680552
82765070
82849530
82933998
83018589
83102976
83187747
83272035
83356826
83441200
83525804
83610470
83694863
83779635
83864028
83948719
84033344
84117884
84202661
84287200
84371877
84456517
84541193
84625893
84710510
84795209
84880048
84964526
85049365
85134123
85218704
85303543
85388301
85473010
85557849
85642607
85727446
85812273
85897112
85981964
86066803
86151682
86236521
86321376
86406255
86491094
86575990
86660829
86745788
86830739
86915578
87000537
87085497
87170424
87255383
87340343
87425375
87510364
87595396
87680439
87765440
87850399
87935359
88020391
88105380
88190412
88275455
88360492
88445524
88530513
88615545
88700588
88785662
88870712
88955786
89040861
89126075
89211159
89296373
89381585
89466799
89552048
89637272
89722521
89807789
89893013
89978262
90063570
90148819
90234165
90319414
90404722
90489971
90575355
90660604
90745954
90831311
90916587
91001977
91087294
91172684
91258094
91343501
91428911
91514377
91599802
91685268
91770734
91856200
91941691
92027157
92112667
92198236
92283832
92369401
92455007
92540576
92626179
92711785
92797354
92882960
92968641
93054210
93139816
93225505
93311111
93396816
93482485
93568190
93653872
93739577
93825246
93910951
93996667
94082387
94168103
94253884
94339638
94425419
94511204
94597000
94682793
94768589
94854408
94940204
95026026
95111870
95197705
95283549
95369405
95455277
95541184
95627179
95713086
95799099
95885035
95971048
96057081
96143145
96229250
96315314
96401426
96487611
96573723
96659924
96746133
96832334
96918547
97004764
97090977
97177207
97263436
97349650
97435880
97522109
97608339
97694583
97780835
97867079
97953340
98039584
98125847
98212132
98298464
98384749
98471101
98557399
98643734
98730071
98816384
98902736
98989056
99075408
99161755
99248107
99334464
99420784
99507136
99593483
99679835
99766216
99852568
99938966
100025363
100111761
100198175
100284611
100371048
100457482
100543918
100630355
100716800
100803332
100889777
100976309
101062754
101149388
101235920
101322365
101409030
101495560
101582030
101668695
101755225
101841816
101928468
102015011
102101676
102188254
102274919
102361594
102448288
102534985
102621679
102708467
102795284
102882072
102968939
103055756
103142544
103229425
103316240
103403121
103489976
103576857
103663777
103750658
103837591
103924617
104011573
104098599
104185630
104272653
104359679
104446710
104533736
104620783
104707809
104794867
104881919
104968977
105056049
105143117
105230175
105317247
105404366
105491438
105578577
105665744
105752849
105839988
105927130
106014297
106101402
106188541
106275708
106362917
106450126
106537357
106624511
106711678
106798887
106886096
106973327
107060525
107147734
107234943
107322174
107409429
107496684
107583966
107671176
107758407
107845662
107932917
108020199
108107482
108194773
108282177
108369619
108457023
108544465
108631924
108719397
108806856
108894342
108981801
109069289
109156804
109244378
109331896
109419411
109506985
109594607
109682256
109769926
109857575
109945259
110032951
110120630
110208314
110296006
110383690
110471375
110559067
110646751
110734497
110822182
110909874
110997558
111085305
111173054
111260801
111348561
111436329
111524099
111611867
111699638
111787433
111875387
111963189
112051143
112138999
112226953
112314867
112402821
112490873
112578926
112666998
112755051
112843140
112931214
113019303
113107381
113195470
113283561
113371656
113459747
113547844
113635943
113724040
113812139
113900241
113988338
114076437
114164569
114252668
114340848
114428989
114517169
114605332
114693512
114781724
114869945
114958158
115046370
115134591
115222843
115311064
115399353
115487581
115575870
115664106
115752395
115840706
115929019
116017332
116105645
116194012
116282325
116370710
116459079
116547461
116635846
116724215
116812600
116901053
116989509
117077985
117166510
117254986
117343519
117432075
117520616
117609172
117697741
117786332
117874901
117963530
118052099
118140733
118229302
118317942
118406524
118495164
118583777
118672417
118760999
118849639
118938272
119026912
119115546
119204186
119292829
119381522
119470165
119558864
119647548
119736200
119824918
119913583
120002301
120090967
120179685
120268434
120357184
120445955
120534705
120623490
120712300
120801132
120889889
120978674
121067484
121156316
121245229
121334171
121423119
121512081
121601077
121690069
121779065
121868081
121957103
122046131
122135163
122224192
122313224
122402272
122491304
122580354
122669386
122758453
122847485
122936559
123025621
123114695
123203765
123292839
123381960
123471161
123560282
123649556
123738761
123827969
123917243
124006448
124095665
124184939
124274144
124363418
124452637
124541911
124631153
124720427
124809768
124899119
124988546
125077887
125167238
125256673
125346080
125435458
125524893
125614300
125703735
125793197
125882632
125972122
126061652
126151231
126240761
126330341
126419888
126509468
126599091
126688688
126778311
126867973
126957610
127047272
127136945
127226633
127316349
127406108
127495824
127585598
127675314
127765089
127854898
127944673
128034495
128124270
128214150
128304056
128394019
128483925
128573914
128663904
128753914
128843933
128933999
129024018
129114093
129204196
129294327
129384453
129474584
129564750
129654876
129745007
129835262
129925393
130015537
130105792
130195923
130286233
130376364
130466725
130556917
130647278
130737690
130828023
130918384
131008796
131099230
131189695
131280134
131370599
131461059
131551524
131642035
131732500
131823016
131913528
132004044
132094588
132185100
132275616
132366167
132456683
132547269
132637806
132728392
132818982
132909568
133000199
133090874
133181520
133272195
133362919
133453663
133544423
133635216
133726026
133816819
133907635
133998428
134089249
134180114
134270954
134361819
134452697
134543577
134634477
134725436
134816354
134907313
134998286
135089265
135180267
135271246
135362234
135453213
135544215
135635194
135726212
135817275
135908293
135999414
136090529
136181650
136272783
136363932
136455114
136546392
136637685
136728911
136820189
136911482
137002787
137094080
137185388
137276710
137368018
137459437
137550880
137642326
137733784
137825248
137916713
138008177
138099649
138191137
138282627
138374182
138465744
138557343
138648960
138740634
138832260
138923934
139015629
139107333
139199048
139290773
139382558
139474283
139566068
139657861
139749707
139841607
139933453
140025392
140117358
140209204
140301143
140393100
140484980
140576919
140668876
140760848
140852830
140944819
141036863
141128914
141220958
141313039
141405127
141497228
141589317
141681418
141773521
141865622
141957795
142049933
142142034
142234207
142326416
142418634
142510843
142603118
142695404
142787713
142880025
142972467
143064837
143157196
143249638
143342008
143434450
143526945
143619387
143711885
143804391
143896900
143989406
144081944
144174475
144267013
144359661
144452206
144544832
144637370
144730018
144822563
144915211
145007813
145100461
145193134
145285782
145378479
145471131
145563828
145656484
145749181
145841872
145934569
146027286
146119983
146212699
146305416
146398113
146490963
146583670
146676520
146769269
146862119
146954975
147047842
147140751
147233702
147326662
147419613
147512636
147605681
147698740
147791843
147884943
147978046
148071189
148164320
148257463
148350607
148443766
148536944
148630158
148723366
148816580
148909798
149003026
149096260
149189488
149282728
149376016
149469315
149562649
149655954
149749194
149842482
149935781
150029115
150122500
150215848
150309233
150402677
150496169
150589613
150683115
150776627
150870206
150963742
151057321
151150908
151244487
151338103
151431747
151525367
151619011
151712673
151806494
151900357
151994264
152088178
152182120
152276094
152370166
152464157
152558131
152652203
152746245
152840317
152934419
153028530
153122649
153216760
153310902
153405018
153499160
153593317
153687555
153781839
153876129
153970496
154064881
154159279
154253694
154348164
154442647
154537117
154631611
154726159
154820714
154915262
155009923
155104638
155199300
155294015
155388737
155483482
155578239
155672964
155767709
155862466
155957244
156052050
156146929
156241735
156336629
156431435
156526340
156621164
156716069
156811005
156905956
157000908
157095975
157191088
157286183
157381135
157476202
157571315
157666464
157761577
157856753
157951935
158047143
158142433
158237695
158332903
158428193
158523522
158618872
158714206
158809556
158904942
159000358
159095708
159191094
159286556
159381944
159477406
159572821
159668283
159763709
159859244
159954927
160050646
160146370
160242141
160337958
160433797
160529626
160625465
160721374
160817295
160913270
161009191
161105285
161201331
161297425
161393529
161489696
161585870
161682073
161778331
161874585
161970843
162067113
162163411
162259681
162356113
162452383
162548930
162645494
162742092
162838694
162935395
163032118
163128836
163225559
163322337
163419135
163516053
163612893
163709811
163806750
163903753
164000800
164098006
164195253
164292510
164389814
164487251
164584718
164682291
164780030
164877923
164975847
165073791
165171818
165269889
165367973
165466184
165564477
165663017
165761637
165860193
165958853
166057603
166156432
166255522
166354351
166454036
