986
1273
1497
1668
1881
2168
2392
2563
2777
3064
3502
3736
3999
4212
4487
4687
4894
5108
5383
5670
5959
6316
6605
6855
7114
7333
7607
7826
8107
8368
8635
8910
9159
9434
9664
9938
10157
10432
10699
10974
11255
11542
11830
12119
12398
12639
12914
13181
13441
13684
13959
14208
14483
14745
15020
15287
15562
15843
16130
16417
16690
16965
17227
17502
17769
18044
18309
18584
18846
19121
19388
19663
19944
20230
20517
20804
21092
21381
21669
21957
22242
22517
22784
23059
23340
23626
23913
24200
24488
24777
25065
25353
25642
25925
26211
26498
26785
27073
27362
27650
27938
28227
28516
28805
29094
29382
29670
29959
30248
30545
30834
31123
31411
31699
31988
32277
32571
32860
33149
33438
33726
34014
34303
34592
34881
35170
35459
35748
36036
36324
36613
36902
37199
37488
37777
38065
38353
38642
38931
39226
39515
39804
40099
40388
40677
40967
41255
41544
41833
42136
42425
42713
43001
43290
43579
43882
44170
44459
44748
45051
45340
45628
45916
46205
46494
46800
47091
47392
47686
47975
48267
48566
48855
49144
49447
49736
50024
50312
50601
50890
51196
51487
51788
52083
52374
52663
52961
53250
53556
53847
54148
54443
54734
55023
55329
55620
55921
56216
56513
56811
57100
57406
57697
57998
58293
58584
58873
59179
59470
59771
60066
60368
60663
60964
61266
61561
61863
62164
62470
62761
63067
63368
63674
63969
64271
64566
64867
65169
65464
65766
66067
66373
66664
66970
67271
67578
67879
68189
68504
68803
69109
69410
69717
70018
70328
70630
70931
71237
71528
71834
72135
72442
72743
73052
73357
73666
73973
74274
74581
74882
75191
75496
75805
76115
76424
76733
77038
77347
77657
77972
78281
78590
78897
79206
79516
79826
80132
80441
80751
81066
81375
81684
81991
82300
82610
82920
83230
83543
83853
84163
84470
84779
85089
85404
85713
86022
86332
86646
86956
87267
87577
87889
88201
88513
88824
89134
89448
89758
90073
90391
90703
91015
91326
91636
91950
92260
92575
92891
93203
93514
93824
94136
94448
94760
95071
95381
95695
96005
96320
96638
96953
97271
97589
97904
98229
98547
98864
99179
99494
99812
100123
100438
100756
101071
101389
101707
102022
102347
102665
102982
103297
103612
103930
104245
104563
104881
105196
105521
105839
106156
106473
106790
107107
107424
107749
108067
108385
108701
109018
109337
109655
109970
110295
110613
110930
111247
111564
111881
112198
112523
112841
113159
113475
113792
114117
114434
114754
115077
115395
115711
116028
116348
116669
116989
117312
117630
117946
118263
118583
118908
119226
119546
119867
120187
120508
120828
121144
121461
121781
122106
122426
122746
123066
123386
123706
124031
124351
124671
124991
125316
125636
125958
126278
126598
126918
127243
127563
127883
128203
128528
128848
129173
129494
129819
130140
130465
130785
131110
131430
131755
132076
132401
132722
133047
133372
133697
134021
134346
134671
134996
135321
135648
135973
136298
136627
136956
137281
137606
137935
138264
138589
138918
139246
139575
139903
140229
140554
140883
141212
141537
141862
142191
142520
142845
143174
143502
143831
144159
144485
144814
145144
145474
145799
146128
146458
146786
147115
147443
147769
148098
148428
148758
149083
149412
149742
150073
150408
150736
151063
151392
151722
152050
152379
152709
153040
153375
153705
154030
154359
154689
155020
155356
155687
156014
156343
156673
157004
157340
157671
158002
158338
158674
159008
159338
159669
160005
160336
160667
161003
161339
161673
162004
162340
162674
163010
163342
163678
164011
164347
164682
165018
165349
165685
166021
166358
166689
167024
167360
167691
168022
168358
168690
169025
169359
169693
170027
170361
170692
171028
171359
171690
172026
172358
172694
173027
173363
173695
174031
174365
174701
175033
175369
175702
176038
176372
176708
177040
177376
177712
178048
178380
178716
179052
179388
179724
180060
180396
180732
181068
181404
181740
182077
182414
182750
183086
183423
183760
184097
184433
184769
185105
185441
185777
186113
186449
186785
187122
187459
187795
188131
188468
188805
189142
189481
189821
190157
190494
190831
191168
191507
191848
192189
192527
192864
193203
193544
193885
194224
194563
194904
195244
195584
195925
196265
196604
196942
197281
197622
197963
198301
198640
198981
199322
199660
199997
200336
200677
201018
201357
201696
202037
202377
202717
203058
203398
203737
204078
204419
204758
205099
205441
205783
206125
206467
206809
207150
207487
207826
208167
208508
208847
209186
209527
209867
210207
210548
210888
211227
211568
211909
212248
212589
212931
213273
213615
213957
214299
214641
214984
215325
215666
216008
216350
216692
217034
217376
217718
218061
218403
218745
219087
219431
219773
220115
220460
220804
221147
221489
221832
222177
222522
222864
223206
223551
223897
224242
224587
224929
225271
225615
225959
226304
226647
226989
227333
227678
228024
228369
228712
229054
229398
229743
230090
230435
230783
231128
231477
231822
232172
232517
232865
233210
233559
233904
234254
234602
234951
235299
235647
235992
236341
236686
237036
237384
237733
238083
238429
238779
239127
239476
239826
240174
240524
240874
241224
241574
241922
242272
242622
242972
243322
243672
244024
244374
244724
245074
245424
245774
246126
246476
246826
247178
247529
247879
248231
248583
248934
249286
249638
249990
250342
250692
251044
251396
251747
252099
252451
252803
253156
253510
253862
254215
254569
254923
255275
255627
255979
256332
256686
257038
257391
257745
258100
258454
258808
259163
259517
259872
260226
260581
260935
261290
261645
261999
262354
262708
263064
263420
263774
264130
264487
264844
265201
265558
265916
266273
266630
266988
267345
267702
268059
268416
268774
269131
269487
269843
270199
270556
270913
271270
271627
271985
272342
272699
273057
273414
273771
274128
274485
274843
275200
275557
275915
276273
276630
276987
277346
277704
278061
278418
278776
279134
279491
279848
280208
280565
280924
281282
281639
281996
282354
282712
283069
283426
283786
284144
284502
284860
285220
285578
285936
286296
286654
287014
287371
287728
288088
288446
288804
289162
289522
289880
290238
290598
290956
291316
291676
292036
292397
292757
293116
293474
293834
294192
294552
294912
295272
295633
295993
296354
296715
297077
297438
297800
298162
298524
298887
299248
299610
299972
300334
300694
301052
301412
301772
302132
302493
302853
303214
303575
303937
304298
304660
305022
305384
305747
306108
306470
306832
307194
307557
307920
308283
308646
309009
309371
309734
310097
310460
310823
311186
311548
311911
312274
312637
313000
313364
313727
314090
314454
314817
315181
315544
315907
316271
316634
316999
317366
317730
318093
318457
318820
319183
319547
319910
320275
320639
321004
321371
321738
322106
322470
322835
323202
323569
323937
324303
324668
325035
325402
325770
326135
326502
326869
327237
327603
327968
328335
328702
329070
329438
329806
330175
330544
330912
331280
331649
332019
332389
332760
333130
333501
333872
334243
334614
334985
335356
335728
336099
336471
336843
337214
337586
337957
338329
338703
339075
339449
339823
340197
340569
340943
341315
341689
342063
342437
342809
343183
343558
343933
344308
344684
345059
345434
345809
346183
346557
346932
347307
347682
348058
348433
348808
349183
349559
349934
350310
350685
351061
351436
351813
352188
352565
352940
353317
353695
354071
354448
354826
355204
355582
355961
356339
356716
357093
357471
357849
358227
358606
358984
359363
359741
360120
360499
360879
361259
361640
362022
362402
362782
363163
363545
363926
364307
364689
365071
365453
365836
366218
366601
366983
367366
367749
368132
368516
368900
369283
369667
370052
370435
370819
371204
371591
371976
372361
372744
373127
373511
373895
374278
374662
375047
375430
375814
376199
376586
376971
377358
377745
378132
378519
378906
379293
379680
380067
380454
380841
381229
381614
382001
382388
382775
383162
383549
383936
384323
384710
385097
385484
385872
386260
386647
387034
387421
387808
388195
388583
388971
389359
389746
390133
390520
390908
391296
391684
392072
392460
392848
393236
393624
394013
394403
394792
395180
395569
395959
396349
396738
397128
397518
397908
398298
398688
399079
399469
399859
400249
400639
401030
401420
401811
402202
402592
402982
403373
403763
404154
404546
404937
405328
405720
406111
406503
406894
407286
407677
408069
408460
408852
409243
409635
410027
410418
410810
411201
411594
411989
412382
412777
413170
413561
413954
414349
414742
415137
415531
415926
416320
416715
417110
417505
417900
418295
418690
419086
419481
419877
420273
420669
421066
421462
421859
422256
422654
423051
423450
423847
424246
424645
425044
425444
425843
426242
426642
427044
427443
427842
428242
428644
429044
429446
429847
430249
430652
431054
431457
431859
432267
432670
433072
433472
433874
434275
434677
435080
435482
435885
436287
436695
437098
437504
437907
438309
438717
439120
439526
439930
440337
440741
441147
441553
441958
442366
442770
443178
443585
443991
444399
444803
445211
445618
446026
446436
446847
447255
447662
448068
448476
448880
449288
449695
450103
450513
450924
451334
451744
452155
452566
452977
453388
453800
454214
454626
455037
455449
455863
456277
456689
457103
457517
457931
458345
458759
459174
459588
460004
460418
460834
461252
461668
462086
462504
462922
463341
463759
464179
464598
465018
465438
465858
466279
466700
467121
467542
467967
468391
468815
469236
469661
470085
470510
470933
471358
471782
472207
472632
473057
473484
473910
474337
474763
475188
475615
476041
476468
476894
477321
477749
478176
478604
479033
479462
479891
480321
480750
481179
481609
482039
482469
482900
483330
483761
484194
484626
485057
485487
485918
486351
486784
487217
487650
488080
488511
488944
489377
489810
490243
490676
491109
491542
491975
492408
492843
493276
493709
494142
494575
495008
495441
495877
496311
496747
497183
497618
498054
498488
498924
499360
499797
500233
500670
501107
501544
501982
502420
502859
503297
503736
504174
504613
505052
505490
505929
506367
506806
507246
507685
508124
508562
509001
509441
509880
510320
510759
511199
511639
512079
512519
512960
513400
513843
514283
514724
515167
515607
516050
516490
516932
517373
517813
518256
518696
519137
519580
520020
520463
520906
521346
521790
522233
522673
523117
523561
524005
524450
524894
525338
525782
526226
526670
527115
527559
528004
528449
528893
529338
529783
530228
530674
531119
531567
532013
532460
532908
533354
533802
534249
534697
535145
535593
536041
536490
536939
537389
537838
538288
538741
539191
539644
540095
540548
540997
541446
541896
542345
542795
543248
543698
544151
544602
545055
545507
545960
546411
546864
547316
547769
548222
548675
549128
549582
550035
550489
550944
551398
551853
552309
552766
553224
553681
554138
554596
555054
555513
555972
556431
556891
557350
557809
558269
558728
559188
559647
560107
560567
561028
561489
561949
562410
562871
563333
563793
564254
564715
565177
565639
566101
566563
567025
567489
567951
568413
568877
569339
569802
570266
570728
571192
571656
572120
572584
573048
573513
573978
574443
574909
575376
575843
576309
576776
577244
577713
578181
578649
579118
579586
580055
580527
580999
581471
581945
582417
582895
583368
583841
584316
584792
585268
585740
586219
586696
587174
587651
588127
588599
589078
589555
590033
590511
590989
591467
591945
592424
592901
593380
593859
594338
594817
595296
595775
596258
596739
597218
597701
598185
598667
599150
599634
600117
600601
601086
601569
602053
602538
603022
603507
603992
604476
604961
605447
605934
606420
606907
607394
607881
608367
608854
609341
609829
610320
610810
611301
611791
612282
612776
613272
613766
614256
614747
615241
615737
616234
616731
617229
617728
618229
618732
619234
619737
620240
620743
621247
621750
622254
622758
623264
623769
624275
624780
625286
625794
626300
626810
627318
627828
628338
628848
629358
629868
630379
630890
631401
631911
632422
632933
633444
633955
634467
634979
635492
636005
636517
637030
637547
638060
638573
639090
639603
640120
640637
641154
641671
642190
642708
643225
643742
644261
644779
645298
645817
646336
646855
647374
647894
648414
648933
649453
649976
650498
651021
651543
652066
652589
653112
653635
654158
654681
655204
655729
656252
656777
657302
657827
658353
658879
659405
659933
660467
660996
661530
662061
662595
663128
663661
664195
664728
665262
665801
666340
666875
667408
667942
668481
669020
669559
670099
670639
671179
671720
672261
672802
673343
673886
674429
674972
675515
676059
676602
677148
677692
678238
678785
679332
679880
680427
680975
681524
682073
682622
683172
683722
684271
684821
685372
685923
686474
687026
687579
688132
688687
689240
689795
690350
690905
691462
692020
692578
693135
693693
694254
694816
695380
695944
696508
697072
697637
698203
698771
699339
699908
700477
701046
701616
702187
702758
703330
703903
704475
705049
705624
706198
706775
707351
707928
708504
709081
709659
710238
710817
711395
711974
712553
713132
713712
714292
714871
715451
716032
716612
717191
717771
718352
718932
719513
720096
720680
721264
721848
722433
723017
723604
724188
724776
725364
725951
726539
727127
727715
728304
728894
729485
730075
730666
731258
731853
732448
733044
733642
734238
734836
735434
736032
736631
737229
737827
738426
739026
739628
740233
740835
741441
742046
742648
743254
743860
744468
745077
745687
746298
746911
747525
748139
748757
749375
749993
750616
751240
751863
752488
753114
753741
754374
755009
755644
756283
756925
757568
758217
758868
759519
760171
760826
761478
762133
762790
763447
764104
764763
765427
766091
766755
767419
768086
768760
769436
770117
770799
771482
772166
772857
773549
774246
774944
775642
776343
777053
777773
778494
779221
779943
780670
781399
782135
782878
783625
784373
785127
785883
786653
787423
788203
789009
789816
790623
791430
792239
793057
793882
794709
795543
