9611
12368
13841
16112
18331
20342
23330
25341
28730
30996
32960
35231
37450
39461
41909
43697
45968
48187
50198
52721
54868
56951
59480
61467
63738
65957
67968
70322
72740
75011
77230
79241
81595
84234
86555
88566
90920
93226
95373
97456
99727
101874
103957
106311
108729
111000
113147
115230
117584
120220
122397
124555
126909
129420
131587
133670
135921
138275
140856
142995
145086
147440
149919
152253
154411
156765
159244
161443
163526
165777
168131
170610
172851
175102
177456
179935
182289
184837
187191
189442
191796
194275
196629
199138
201492
203973
206327
208867
211229
213480
215834
218313
220667
223176
225530
228048
230520
232905
235286
237640
240058
242412
244889
247245
249722
252108
254585
257098
259489
261874
264292
266646
269123
271479
273956
276342
278819
281332
283723
286200
288713
291190
293706
296143
298528
300946
303300
305777
308133
310610
312996
315473
317986
320377
322854
325367
327795
330272
332785
335262
337778
340255
342777
345254
347826
350303
352825
355302
357862
360339
362858
365338
367851
370373
372850
375324
377801
380314
382791
385307
387784
390306
392783
395337
397814
400288
402765
405278
407755
410271
412748
415270
417747
420319
422796
425318
427795
430355
432832
435354
437831
440403
442880
445402
447879
450545
453052
455642
458148
460712
463321
465885
468475
470981
473647
476154
478744
481368
483917
486583
489197
491777
494254
496776
499253
501919
504426
507016
509522
512086
514695
517259
519849
522355
525021
527528
530118
532742
535291
537957
540571
543214
545788
548311
550875
553484
556048
558580
561144
563708
566317
568881
571413
573977
576586
579150
581740
584349
586913
589498
592164
594671
597261
599885
602434
605100
607659
610325
612931
615454
618018
620627
623191
625723
628287
630851
633460
636024
638556
641120
643729
646293
648883
651492
654056
656717
659281
661947
664560
667152
669741
672350
674914
677504
680113
682677
685338
687902
690568
693181
695773
698434
700998
703664
706277
708916
711480
714141
716705
719371
721984
724576
727237
729801
732467
735080
737746
740360
743026
745628
748294
750907
753573
756187
758853
761524
764138
766804
769499
772121
774702
777346
779927
782593
785206
787798
790442
793023
795689
798302
800968
803582
806248
808850
811516
814129
816795
819409
822075
824746
827360
830026
832723
835389
838032
840674
843340
846026
848661
851327
854012
856690
859333
861975
864641
867327
869993
872647
875313
878005
880641
883307
885993
888677
891349
893999
896641
899307
901993
904659
907313
909979
912671
915307
917973
920677
923322
925988
928671
931337
933994
936660
939352
941988
944654
947340
950024
952696
955346
957988
960654
963340
966006
968660
971326
974018
976654
979320
982024
984690
987362
990018
992684
995356
998067
1000739
1003422
1006078
1008744
1011416
1014127
1016799
1019529
1022201
1024912
1027584
1030339
1033034
1035722
1038417
1041149
1043860
1046532
1049252
1051934
1054645
1057317
1060037
1062767
1065455
1068150
1070870
1073598
1076288
1079008
1081733
1084442
1087151
1089846
1092565
1095237
1097957
1100681
1103375
1106070
1108790
1111518
1114208
1116928
1119673
1122368
1125088
1127816
1130506
1133226
1135993
1138743
1141437
1144132
1146852
1149580
1152270
1154990
1157735
1160430
1163150
1165878
1168568
1171288
1174055
1176822
1179534
1182254
1185021
1187778
1190470
1193190
1195957
1198724
1201436
1204156
1206923
1209680
1212400
1215144
1217911
1220646
1223366
1226113
1228880
1231620
1234354
1237079
1239846
1242603
1245323
1248067
1250834
1253569
1256289
1259056
1261823
1264543
1267277
1270044
1272811
1275531
1278298
1281082
1283854
1286574
1289341
1292115
1294897
1297629
1300396
1303170
1305952
1308693
1311460
1314234
1317016
1319748
1322515
1325289
1328071
1330838
1333612
1336378
1339145
1341913
1344680
1347454
1350236
1353003
1355777
1358543
1361310
1364084
1366866
1369633
1372407
1375189
1377956
1380730
1383514
1386305
1389079
1391863
1394663
1397443
1400227
1403019
1405819
1408594
1411378
1414169
1416943
1419727
1422527
1425307
1428091
1430883
1433683
1436461
1439245
1442042
1444825
1447609
1450397
1453197
1455976
1458760
1461547
1464325
1467109
1469909
1472689
1475473
1478261
1481061
1483841
1486625
1489417
1492217
1494995
1497779
1500576
1503359
1506143
1508935
1511732
1514510
1517294
1520081
1522859
1525643
1528443
1531223
1534007
1536799
1539599
1542379
1545163
1547958
1550758
1553538
1556322
1559114
1561914
1564694
1567478
1570278
1573083
1575879
1578679
1581484
1584284
1587118
1589918
1592731
1595565
1598365
1601200
1604005
1606805
1609621
1612421
1615252
1618055
1620868
1623702
1626502
1629332
1632143
1634948
1637779
1640582
1643395
1646229
1649029
1651867
1654670
1657483
1660314
1663117
1665948
1668776
1671589
1674402
1677236
1680036
1682875
1685695
1688529
1691329
1694168
1697013
1699838
1702675
1705514
1708352
1711175
1714009
1716809
1719648
1722493
1725318
1728155
1730994
1733832
1736664
1739503
1742341
1745178
1748017
1750850
1753689
1756534
1759364
1762203
1765048
1767901
1770754
1773607
1776461
1779311
1782141
1784980
1787825
1790678
1793531
1796384
1799238
1802094
1804947
1807801
1810659
1813515
1816368
1819222
1822083
1824947
1827824
1830685
1833549
1836417
1839294
1842155
1845019
1847907
1850778
1853647
1856529
1859406
1862288
1865157
1868041
1870916
1873800
1876669
1879557
1882428
1885316
1888200
1891086
1893974
1896858
1899746
1902648
1905532
1908418
1911306
1914190
1917078
1919967
1922853
1925741
1928625
1931513
1934415
1937299
1940185
1943073
1945957
1948845
1951760
1954661
1957576
1960470
1963358
1966257
1969144
1972030
1974918
1977802
1980690
1983605
1986506
1989421
1992326
1995218
1998102
2000990
2003905
2006806
2009721
2012626
2015541
2018458
2021342
2024230
2027145
2030046
2032961
2035866
2038781
2041699
2044609
2047524
2050442
2053366
2056301
2059225
2062164
2065088
2068028
2070952
2073891
2076815
2079756
2082684
2085608
2088542
2091457
2094375
2097299
2100234
2103158
2106097
2109021
2111961
2114885
2117824
2120748
2123689
2126617
2129541
2132476
2135400
2138339
2141263
2144203
2147127
2150066
2152990
2155931
2158872
2161810
2164751
2167692
2170633
2173581
2176522
2179479
2182420
2185364
2188305
2191246
2194187
2197135
2200076
2203033
2205974
2208932
2211877
2214831
2217772
2220729
2223670
2226628
2229573
2232531
2235487
2238445
2241398
2244352
2247293
2250250
2253191
2256149
2259094
2262052
2265008
2267966
2270931
2273877
2276835
2279791
2282749
2285714
2288670
2291628
2294602
2297559
2300517
2303491
2306452
2309410
2312366
2315324
2318289
2321245
2324203
2327175
2330133
2333089
2336047
2339012
2341968
2344926
2347895
2350853
2353815
2356784
2359742
2362708
2365664
2368622
2371587
2374543
2377501
2380470
2383428
2386390
2389359
2392317
2395286
2398251
2401207
2404165
2407134
2410092
2413054
2416023
2418981
2421955
2424918
2427892
2430855
2433829
2436816
2439790
2442765
2445741
2448704
2451678
2454665
2457639
2460614
2463601
2466575
2469569
2472556
2475532
2478495
2481469
2484456
2487430
2490405
2493392
2496366
2499360
2502358
2505339
2508326
2511300
2514294
2517292
2520285
2523279
2526273
2529267
2532265
2535259
2538285
2541281
2544304
2547302
2550296
2553322
2556318
2559344
2562341
2565367
2568366
2571392
2574419
2577448
2580485
2583511
2586538
2589556
2592582
2595581
2598607
2601634
2604663
2607671
2610697
2613724
2616753
2619790
2622816
2625843
2628872
2631912
2634941
2637976
2641005
2644045
2647074
2650114
2653153
2656193
2659241
2662283
2665331
2668389
2671418
2674458
2677487
2680527
2683566
2686606
2689654
2692696
2695744
2698807
2701855
2704914
2707956
2711004
2714067
2717115
2720179
2723233
2726297
2729371
2732447
2735503
2738567
2741641
2744698
2747762
2750816
2753880
2756954
2760030
2763086
2766150
2769224
2772300
2775357
2778421
2781495
2784571
2787648
2790724
2793804
2796880
2799958
2803034
2806111
2809187
2812267
2815343
2818424
2821500
2824581
2827657
2830737
2833813
2836894
2839970
2843051
2846127
2849216
2852300
2855389
2858474
2861563
2864653
2867743
2870833
2873940
2877041
2880131
2883221
2886328
2889427
2892517
2895607
2898695
2901784
2904874
2907964
2911054
2914161
2917262
2920352
2923442
2926549
2929648
2932738
2935828
2938918
2942025
2945126
2948216
2951306
2954413
2957522
2960614
2963704
2966811
2969920
2973029
2976133
2979223
2982330
2985439
2988548
2991649
2994739
2997829
3000936
3004045
3007137
3010227
3013334
3016443
3019552
3022656
3025746
3028853
3031962
3035071
3038180
3041293
3044402
3047511
3050625
3053734
3056854
3059963
3063086
3066206
3069315
3072436
3075545
3078665
3081774
3084897
3088017
3091126
3094252
3097392
3100524
3103634
3106760
3109900
3113032
3116158
3119298
3122436
3125562
3128702
3131840
3134980
3138106
3141244
3144384
3147524
3150662
3153788
3156928
3160079
3163217
3166357
3169497
3172635
3175761
3178901
3182060
3185210
3188336
3191476
3194635
3197789
3200931
3204071
3207230
3210384
3213543
3216704
3219863
3223027
3226186
3229362
3232526
3235685
3238864
3242025
3245187
3248368
3251527
3254713
3257895
3261076
3264235
3267421
3270607
3273794
3276981
3280170
3283361
3286552
3289743
3292948
3296146
3299337
3302528
3305733
3308938
3312145
3315355
3318546
3321737
3324928
3328119
3331324
3334522
3337713
3340904
3344109
3347314
3350521
3353731
3356945
3360155
3363369
3366579
3369797
3373007
3376221
3379431
3382649
3385859
3389083
3392313
3395523
3398747
3401978
3405212
3408453
3411671
3414895
3418126
3421360
3424601
3427825
3431053
3434284
3437518
3440759
3443983
3447214
3450448
3453693
3456917
3460148
3463382
3466627
3469880
3473119
3476350
3479584
3482829
3486082
3489341
3492582
3495813
3499047
3502292
3505545
3508804
3512057
3515317
3518587
3521857
3525116
3528369
3531629
3534899
3538172
3541433
3544703
3547976
3551241
3554511
3557784
3561056
3564329
3567601
3570874
3574150
3577427
3580703
3583985
3587261
3590545
3593822
3597106
3600393
3603677
3606966
3610253
3613534
3616818
3620105
3623389
3626678
3629965
3633254
3636546
3639843
3643140
3646437
3649719
3653003
3656290
3659574
3662863
3666150
3669431
3672715
3676002
3679286
3682575
3685862
3689151
3692443
3695740
3699037
3702334
3705640
3708926
3712213
3715497
3718786
3722073
3725362
3728654
3731951
3735248
3738545
3741851
3745157
3748463
3751775
3755081
3758387
3761700
3765019
3768333
3771652
3774976
3778295
3781618
3784932
3788251
3791575
3794894
3798224
3801551
3804874
3808188
3811507
3814831
3818150
3821480
3824814
3828149
3831493
3834840
3838196
3841551
3844906
3848253
3851609
3854964
3858320
3861677
3865035
3868393
3871750
3875108
3878466
3881834
3885192
3888550
3891922
3895280
3898638
3902012
3905385
3908743
3912101
3915473
3918831
3922189
3925563
3928945
3932307
3935681
3939057
3942439
3945801
3949175
3952557
3955945
3959315
3962689
3966071
3969459
3972836
3976210
3979592
3982980
3986365
3989739
3993121
3996509
3999902
4003298
4006681
4010069
4013462
4016858
4020251
4023648
4027050
4030447
4033857
4037294
4040714
4044131
4047553
4050963
4054366
4057776
4061213
4064633
4068050
4071487
4074904
4078335
4081738
4085148
4088585
4092005
4095422
4098859
4102276
4105713
4109133
4112550
4115987
4119407
4122844
4126272
4129711
4133150
4136588
4140025
4143453
4146892
4150331
4153771
4157210
4160658
4164099
4167547
4170990
4174438
4177879
4181327
4184778
4188221
4191668
4195116
4198567
4202010
4205458
4208909
4212357
4215808
4219259
4222710
4226171
4229638
4233089
4236550
4240019
4243489
4246962
4250432
4253905
4257391
4260864
4264337
4267823
4271297
4274770
4278256
4281743
4285224
4288697
4292183
4295670
4299156
4302643
4306134
4309627
4313125
4316629
4320131
4323631
4327135
4330637
4334141
4337649
4341164
4344672
4348192
4351700
4355215
4358723
4362244
4365767
4369275
4372796
4376323
4379858
4383366
4386887
4390414
4393952
4397476
4401003
4404533
4408060
4411598
4415122
4418649
4422187
4425721
4429259
4432808
4436352
4439893
4443431
4446980
4450524
4454073
4457618
4461167
4464736
4468285
4471833
4475382
4478951
4482500
4486072
4489646
4493215
4496787
4500361
4503933
4507510
4511086
4514663
4518249
4521834
4525411
4528997
4532594
4536171
4539757
4543365
4546954
4550540
4554148
4557737
4561345
4564937
4568545
4572149
4575757
4579366
4582998
4586612
4590244
4593859
4597491
4601124
4604758
4608391
4612044
4615675
4619307
4622940
4626574
4630207
4633860
4637493
4641129
4644782
4648415
4652057
4655710
4659343
4662982
4666635
4670268
4673910
4677563
4681196
4684862
4688513
4692158
4695820
4699475
4703137
4706782
4710448
4714099
4717765
4721418
4725084
4728761
4732429
4736095
4739771
4743437
4747114
4750782
4754448
4758125
4761805
4765479
4769156
4772836
4776513
4780194
4783878
4787570
4791254
4794947
4798646
4802343
4806042
4809749
4813452
4817159
4820867
4824574
4828277
4831984
4835705
4839413
4843119
4846826
4850547
4854255
4857976
4861691
4865412
4869148
4872871
4876607
4880352
4884095
4887840
4891593
4895350
4899106
4902859
4906616
4910374
4914141
4917899
4921671
4925435
4929207
4932998
4936762
4940534
4944328
4948109
4951881
4955675
4959451
4963223
4967017
4970798
4974570
4978364
4982145
4985928
4989721
4993503
4997297
5001079
5004873
5008668
5012462
5016258
5020065
5023873
5027694
5031512
5035333
5039165
5042996
5046828
5050671
5054516
5058371
5062229
5066076
5069921
5073776
5077634
5081497
5085355
5089228
5093089
5096962
5100824
5104697
5108576
5112449
5116322
5120201
5124080
5127961
5131846
5135731
5139625
5143538
5147460
5151373
5155304
5159225
5163156
5167098
5171036
5174967
5178909
5182854
5186796
5190750
5194721
5198694
5202669
5206647
5210624
5214602
5218583
5222570
5226552
5230539
5234531
5238523
5242515
5246508
5250514
5254507
5258520
5262537
5266554
5270575
5274592
5278616
5282650
5286674
5290714
5294756
5298796
5302843
5306885
5310925
5314983
5319038
5323078
5327136
5331213
5335290
5339330
5343388
5347465
5351542
5355588
5359646
5363723
5367800
5371868
5375926
5380003
5384080
5388158
5392235
5396318
5400402
5404491
5408574
5412658
5416753
5420853
5424956
5429061
5433164
5437271
5441379
5445486
5449598
5453729
5457841
5461973
5466085
5470228
5474360
5478492
5482604
5486747
5490897
5495049
5499199
5503330
5507473
5511623
5515775
5519925
5524096
5528249
5532420
5536598
5540794
5544972
5549168
5553390
5557572
5561768
5565990
5570198
5574420
5578645
5582886
5587127
5591393
5595634
5599898
5604143
5608405
5612673
5616914
5621185
5625465
5629739
5634019
5638302
5642599
5646908
5651207
5655516
5659845
5664177
5668514
5672851
5677221
5681571
5685908
5690278
5694634
5699004
5703375
5707752
5712123
5716514
5720910
5725313
5729722
5734140
5738560
5742981
5747431
5751894
5756382
5760872
5765364
5769862
5774396
5778886
5783378
5787876
5792416
5796908
5801406
5805962
5810472
5814998
5819538
5824064
5828620
5833130
5837686
5842248
5846813
5851380
5855954
5860541
5865137
5869764
5874370
5878997
5883633
5888278
5892946
5897591
5902250
5906918
5911563
5916233
5920915
5925642
5930337
5935019
5939720
5944447
5949167
5953894
5958627
5963367
5968101
5972841
5977584
5982333
5987073
5991816
5996573
6001324
6006067
6010824
6015587
6020377
6025134
6029897
6034698
6039521
6044352
6049177
6054008
6058843
6063684
6068536
6073410
6078262
6083170
6088100
6093047
6098001
6103025
6108007
6113031
6118028
6123052
6128212
6133338
6138362
6143522
6148779
6154037
6159311
6164587
6169879
6175165
6180457
6185791
6191141
6196511
6201890
6207268
6212647
6218045
6223462
6228860
6234332
6239730
6245207
6250686
6256170
6261665
6267163
6272666
6278238
6283853
6289470
6295105
6300780
6306456
6312173
6317913
6323601
6329318
6335058
6340775
6346531
6352304
6358085
6363951
6369921
6375902
6381916
6387897
6393923
6399996
6406072
6412277
6418626
6425061
6431539
6438044
6444555
6451379
6458284
6465561
6472915
6480755
