85856
103647
144743
160476
178267
201256
219950
243762
266323
285724
304444
323420
340133
357924
375145
392936
413340
441554
459884
480833
503960
524909
549012
570298
591567
609897
628987
649009
669958
691298
711413
729320
747650
768054
789003
812130
833079
857182
878468
897663
916753
936775
957179
978128
999468
1022160
1043544
1066236
1088453
1108700
1129104
1149910
1169932
1190336
1211285
1232625
1255361
1276701
1297825
1318229
1339178
1360518
1383254
1404594
1428643
1449983
1471990
1494726
1516066
1538940
1560280
1583124
1605391
1628156
1650780
1672232
1695523
1716863
1739628
1761077
1783704
1806466
1827918
1850762
1873029
1896151
1918418
1940425
1963161
1984501
2007375
2028715
2051559
2074104
2096948
2119816
2141315
2164030
2186704
2209141
2231190
2253817
2276537
2298031
2320613
2342531
2364827
2387373
2410154
2432304
2453644
2476380
2497720
2520248
2542984
2564324
2587852
2609192
2631720
2653406
2675796
2698453
2720010
2742529
2764769
2787297
2809133
2831373
2853708
2876236
2898215
2920312
2942845
2964819
2987059
3009394
3031784
3054054
3075998
3098517
3120658
3143177
3165121
3187361
3209781
3232021
3254203
3276443
3298833
3320807
3343047
3365467
3387707
3410335
3432755
3454995
3477240
3499630
3521604
3543844
3566264
3588445
3610685
3633105
3655345
3677973
3700393
3722633
3744878
3767268
3789242
3811482
3833902
3856142
3878770
3901190
3923430
3946274
3968546
3991370
4013790
4036030
4058694
4080990
4103058
4125298
4147594
4169958
4192254
4214800
4237246
4259542
4282088
4304333
4326723
4348697
4370937
4393357
4415538
4437778
4460198
4482438
4505066
4527486
4549726
4571971
4594361
4616335
4638575
4660995
4683235
4705863
4728283
4750523
4773367
4795639
4818463
4840883
4863123
4885787
4908083
4930151
4952391
4974687
4997051
5019347
5041975
5064339
5086635
5109455
5131751
5154575
5176939
5199235
5222055
5244351
5267195
5289740
5312584
5335360
5357656
5380476
5402772
5425616
5447972
5470816
5493361
5516205
5538981
5561277
5584097
5606393
5629237
5651782
5674626
5697597
5720212
5743032
5765328
5788172
5810717
5833561
5856532
5879346
5902190
5924735
5947579
5970265
5993109
6015654
6038498
6061469
6084283
6107127
6129672
6152516
6175487
6198665
6221509
6244480
6267881
6291428
6314570
6337541
6360783
6384184
6407731
6430873
6453844
6477201
6500045
6522731
6545575
6568120
6590964
6613935
6636749
6659593
6682138
6704982
6727953
6750949
6773975
6796946
6819942
6843137
6866538
6890007
6913003
6936198
6959440
6982841
7006310
7029306
7052501
7075902
7099449
7122803
7145998
7169399
7192823
7215883
7238879
7262074
7285475
7308944
7331940
7355135
7378377
7401778
7425247
7448243
7471438
7494839
7518386
7541654
7564935
7588279
7611474
7634875
7658422
7681776
7704971
7728032
7751227
7774628
7797852
7821047
7844288
7867530
7890913
7914108
7937350
7960591
7983992
8007216
8030411
8053812
8077359
8100713
8123908
8147309
8170733
8194134
8217589
8240990
8264230
8287631
8311178
8334716
8357911
8381312
8404859
8428284
8451479
8474880
8498427
8521781
8544976
8568377
8591801
8615202
8638657
8662058
8685298
8708699
8732246
8755784
8778979
8802380
8825927
8849509
8873056
8896721
8920643
8944218
8967765
8991347
9014894
9038559
9062427
9085828
9109283
9132684
9155924
9179325
9202872
9226410
9249605
9273006
9296553
9320135
9343682
9367347
9391269
9414844
9438391
9461973
9485520
9509185
9533107
9556689
9580236
9603847
9627512
9651434
9675016
9698563
9722228
9746257
9769954
9793587
9817252
9841174
9864756
9888303
9911968
9935669
9959591
9983173
10006720
10030331
10053996
10077918
10101500
10125047
10148712
10172741
10196438
10220071
10243736
10267658
10291240
10314787
10338452
10362481
10386178
10409785
10433450
10457479
10481176
10504809
10528474
10552396
10575978
10599525
10623190
10647219
10670916
10694581
10718610
10742436
10766234
10789960
10813507
10837172
10861201
10884898
10908563
10932309
10955974
10980003
11003700
11027365
11051394
11075220
11099162
11122744
11146291
11169956
11193985
11217682
11241347
11265376
11289202
11313231
11337259
11361288
11384985
11408650
11432679
11456427
11480456
11504282
11528311
11552339
11576368
11600065
11623730
11647759
11671543
11695208
11719237
11743063
11767092
11791120
11815149
11838846
11862511
11886540
11910288
11934317
11958143
11982172
12006200
12030229
12053926
12077591
12101620
12125446
12149475
12173545
12197614
12221440
12245469
12269539
12293814
12317843
12341913
12365842
12389871
12413941
12438216
12462245
12486315
12510659
12534729
12559330
12583623
12607967
12632037
12656620
12680690
12705291
12729414
12753928
12777998
12802531
12826722
12851305
12875375
12899753
12924097
12948167
12972683
12997061
13021405
13045475
13070058
13094128
13118729
13142852
13167366
13191436
13215969
13240160
13264743
13288813
13313277
13337707
13361930
13386121
13410654
13435020
13459238
13483839
13507962
13532545
13556615
13581216
13605509
13629853
13653923
13678524
13702822
13727403
13752004
13776302
13800800
13825220
13849453
13873900
13898347
13922691
13946761
13971362
13995660
14020241
14044842
14069140
14093741
14118058
14142659
14166738
14191339
14215637
14240218
14264814
14289117
14313718
14338103
14362680
14387002
14411397
14435892
14460296
14484791
14509372
14533776
14558271
14582762
14607257
14631661
14656156
14680737
14705141
14729636
14754237
14778704
14803199
14827800
14852322
14876817
14901418
14925941
14950436
14974884
14999379
15023783
15048278
15072859
15097263
15121758
15146249
15170744
15195148
15219643
15244224
15268628
15293123
15317724
15342191
15366686
15391287
15415809
15440304
15464905
15489428
15513923
15538524
15563111
15587712
15612385
15636986
15662000
15686648
15711274
15735922
15760936
15785609
15810210
15834941
15859916
15884647
15909645
15934376
15959351
15983987
16008718
16033482
16058389
16083120
16107770
16132501
16157476
16182207
16207205
16231936
16256897
16281547
16306278
16331253
16355984
16380982
16405713
16430688
16455419
16480423
16505204
16530208
16555739
16580509
16605484
16630215
16655213
16679944
16704919
16729650
16754654
16779435
16804439
16829970
16854883
16879887
16904754
16929752
16954483
16979458
17004189
17029193
17053974
17078978
17104493
17129422
17154278
17179282
17204813
17229726
17254730
17279990
17305521
17330434
17355438
17380969
17406487
17431919
17456923
17482356
17507887
17533213
17558217
17583732
17608661
17633517
17658521
17684052
17708965
17733969
17759229
17784760
17809673
17834677
17860208
17885726
17911158
17936162
17961595
17987126
18012644
18037683
18063080
18088558
18114086
18139002
18164006
18189537
18215055
18240487
18265491
18290924
18316455
18341973
18367012
18392409
18417940
18443415
18468926
18493930
18519461
18544900
18570431
18595949
18621417
18646421
18671944
18697470
18722950
18748461
18773465
18798996
18824435
18849966
18875484
18900952
18925956
18951487
18977005
19002536
19028077
19053643
19079220
19104786
19130502
19156104
19181681
19207247
19232880
19258596
19284198
19309775
19335341
19361057
19386788
19412555
19438132
19463698
19489331
19515047
19540649
19566226
19591792
19617508
19643239
19669106
19694837
19720763
19746924
19772855
19798781
19824612
19850178
19875894
19901625
19927492
19953223
19979149
20005310
20031241
20057167
20083328
20109375
20135301
20161196
20186762
20212478
20238209
20264076
20289807
20315733
20341894
20367825
20393751
20419912
20445959
20471885
20498046
20523977
20549903
20576064
20602187
20628113
20654208
20680205
20706131
20732292
20758578
20784510
20810436
20836597
20862629
20888790
20914806
20940967
20966934
20993095
21019437
21045378
21071304
21097465
21123807
21149999
21176341
21202484
21228645
21254987
21281179
21307521
21333717
21360012
21386233
21412546
21438746
21465084
21491280
21517600
21543818
21570113
21596334
21622647
21648868
21675185
21701406
21727701
21754043
21780235
21806577
21832773
21859115
21885462
21911760
21938004
21964346
21990693
22016991
22043333
22069680
22096048
22122479
22148847
22175396
22201738
22228085
22254379
22280627
22306969
22333316
22359614
22385956
22412303
22438671
22465102
22491470
22518023
22544606
22570974
22597405
22623773
22650106
22676448
22702795
22729163
22755594
22781962
22808515
22835098
22861466
22887897
22914265
22940818
22967420
22994104
23020706
23047154
23073585
23099953
23126506
23153108
23179792
23206394
23233028
23259630
23286314
23312916
23339532
23366216
23392796
23419164
23445697
23472065
23498618
23525220
23551904
23578506
23605140
23631742
23658426
23685028
23711737
23738339
23765023
23791625
23818337
23845041
23871648
23898332
23924934
23951748
23978350
24005167
24031953
24058770
24085595
24112449
24139238
24165950
24192654
24219261
24245945
24272547
24299361
24325963
24352780
24379566
24406383
24433208
24460062
24486881
24513698
24540523
24567377
24594245
24621128
24647982
24674850
24701844
24728873
24755804
24782658
24809526
24836520
24863549
24890482
24917350
24944344
24971373
24998403
25025432
25052365
25079233
25106227
25133256
25160360
25187327
25214321
25241350
25268454
25295561
25322494
25349362
25376356
25403385
25430489
25457456
25484450
25511479
25538583
25565741
25592770
25619860
25646841
25673835
25700864
25727968
25755177
25782216
25809245
25836242
25863271
25890375
25917629
25944658
25971762
25998925
26026179
26053208
26080312
26107568
26134833
26162096
26189263
26216292
26243396
26270650
26297679
26324783
26351946
26379200
26406229
26433333
26460589
26487854
26515117
26542373
26569638
26596961
26624226
26651558
26678836
26706168
26733492
26760824
26788153
26815485
26842896
26870225
26897557
26924992
26952321
26979653
27007092
27034421
27061753
27089246
27116619
27143960
27171453
27198826
27226295
27253699
27281161
27308654
27336034
27363527
27391015
27418508
27446093
27473581
27501074
27528544
27556037
27583410
27610751
27638244
27665617
27693086
27720490
27747952
27775445
27802825
27830318
27857806
27885299
27912884
27940372
27967865
27995453
28022985
28050573
28078127
28105633
28133221
28160753
28188341
28215895
28243483
28271015
28298603
28326211
28353799
28381463
28409241
28436917
28464537
28492201
28519886
28547550
28575319
28603004
28630624
28658288
28686066
28713742
28741406
28769184
28796909
28824687
28852363
28880027
28907805
28935586
28963364
28991180
29018958
29046739
29074455
29102119
29129897
29157622
29185400
29213076
29240740
29268518
29296299
29324077
29351893
29379671
29407452
29435230
29463052
29490832
29518653
29546475
29574255
29602077
29629921
29657813
29685654
29713498
29741390
29769251
29797143
29825052
29852944
29880839
29908731
29936640
29964532
29992463
30020355
30048344
30076478
30104512
30132404
30160335
30188227
30216216
30244350
30272392
30300526
30328572
30356586
30384478
30412467
30440601
30468643
30496777
30524823
30552957
30581081
30609150
30637284
30665408
30693542
30721684
30749942
30778085
30806233
30834357
30862491
30890633
30918807
30946949
30975207
31003350
31031498
31059622
31087756
31115898
31144156
31172299
31200557
31228854
31257069
31285306
31313564
31341838
31370076
31398334
31426587
31454845
31483142
31511357
31539615
31567891
31596188
31624403
31652661
31680958
31709257
31737564
31765863
31794250
31822655
31850954
31879261
31907560
31935947
31964378
31992814
32021149
32049536
32077967
32106403
32134862
32163415
32191851
32220310
32248866
32277387
32305846
32334399
32362835
32391294
32419850
32448545
32477056
32505517
32534073
32562768
32591279
32619835
32648530
32677113
32705669
32734364
32763071
32791627
32820322
32849060
32877832
32906626
32935381
32964153
32992947
33021754
33050509
33079281
33108075
33136918
33165712
33194611
33223454
33252248
33281198
33309992
33338998
33367979
33396773
33425779
33454769
33483775
33512672
33541678
33570668
33599674
33628725
33657794
33686818
33715869
33744938
33774057
33803126
33832283
33861431
33890571
33919622
33948691
33977810
34006879
34036036
34065184
34094341
34123519
34152735
34181955
34211112
34240260
34269417
34298595
34327811
34357129
34386397
34415715
34445078
34474396
34503794
34533137
34562499
34591897
34621240
34650638
34680014
34709412
34738755
34768153
34797546
34826944
34856367
34885785
34915161
34944559
34973902
35003300
35032693
35062091
35091514
35120952
35150437
35179949
35209347
35238770
35268208
35297693
35327274
35356798
35386236
35415721
35445302
35474899
35504453
35533965
35563363
35592786
35622224
35651709
35681290
35710814
35740252
35769737
35799318
35828915
35858530
35888157
35917754
35947369
35976929
36006510
36036107
36065722
36095349
36124946
36154561
36184204
36213801
36243416
36273142
36302742
36332357
36362083
36391805
36421531
36451131
36480746
36510472
36540220
36570000
36599781
36629561
36659395
36689263
36719160
36749028
36778909
36808743
36838611
36868508
36898376
36928294
36958282
36988191
37018109
37048097
37078093
37108098
37138086
37168082
37198144
37228140
37258178
37288219
37318236
37348301
37378315
37408380
37438447
37468435
37498431
37528436
37558424
37588420
37618482
37648478
37678516
37708557
37738574
37768639
37798653
37828718
37858830
37888994
37919059
37949171
37979338
38009530
38039694
38069858
38099923
38130035
38160202
38190394
38220622
38250914
38281142
38311464
38341692
38372082
38402404
38432632
38463164
38493441
38523786
38554153
38584381
38614913
38645196
38675535
38706067
38736350
38766882
38797355
38827887
38858364
38888896
38919381
38949913
38980447
39010952
39041484
39072018
39102563
39133139
39163775
39194363
39224999
39255648
39286365
39317096
39347684
39378320
39408969
39439686
39470423
39501140
39531949
39562697
39593466
39624275
39655023
39685832
39716642
39747441
39778250
39809060
39839964
39870815
39901719
39932664
39963568
39994537
40025409
40056313
40087258
40118162
40149131
40180196
40211411
40242580
40273795
40304867
40335836
40366901
40398116
40429285
40460500
40491805
40523031
40554336
40585672
40616977
40648203
40679508
40710907
40742212
40773651
40804957
40836396
40867864
40899244
40930683
40961989
40993428
41024896
41056335
41087854
41119325
41150793
41182232
41213751
41245336
41276855
41308447
41340102
41371621
41403213
41434878
41466616
41498281
41530051
41561775
41593454
41625178
41656948
41688686
41720351
41752150
41783958
41815847
41847872
41879802
41911827
41943887
41975912
42007987
42040029
42071828
42103636
42135525
42167550
42199480
42231505
42263565
42295590
42327665
42359725
42391750
42423842
42455958
42488121
42520186
42552278
42584394
42616557
42648801
42680964
42713250
42745468
42777754
42810044
42842330
42874665
42907006
42939341
42971704
43004039
43036380
43068715
43101138
43133594
43166078
43198413
43230836
43263292
43295838
43328435
43361221
43393867
43426653
43459336
43492122
43524834
43557620
43590316
43623102
43655814
43688600
43721404
43754219
43786974
43819760
43852564
43885379
43918229
43951044
43983956
44016916
44049759
44082671
44115631
44148559
44181471
44214431
44247495
44280560
44313624
44346847
44380086
44413405
44446819
44480152
44513566
44546934
44580348
44613773
44647222
44680590
44714004
44747429
44780885
44814433
44847995
44881576
44915197
44948845
44982531
45016152
45049800
45083543
45117259
45151002
45184771
45218624
45252394
45286163
45320016
45353789
45387642
45421531
45455384
45489341
45523362
45557451
45591472
45625614
45659635
45693920
45728063
45762348
45796675
45830818
45865103
45899602
45933819
45968104
46002603
46036888
46071312
46105725
46140096
46174648
46208933
46243533
46278116
46312716
46347377
46382047
46416517
46451117
46485700
46520300
46554961
46589631
46624331
46659001
46693731
46728401
46763132
46797876
46832607
46867377
46902108
46936885
46971628
47006405
47041210
47075987
47110797
47145685
47180658
47215498
47250386
47285359
47320450
47355599
47390690
47425847
47460938
47496309
47531543
47566634
47602005
47637312
47672683
47707990
47743361
47778758
47814197
47849660
47885176
47920779
47956414
47992058
48027732
48063493
48099289
48134964
48170725
48206521
48242454
48278335
48314268
48350351
48386354
48422437
48458468
48494551
48530658
48566845
48603157
48639515
48675856
48712214
48748629
48784998
48821413
48857813
48894228
48930689
48967111
49003572
49040072
49076601
49113165
49149694
49186277
49222990
49259573
49296465
49333048
49370013
49406938
49443903
49481052
49518249
49555214
49592363
49629580
49667017
49704381
49741818
49779402
49817097
49854840
49892413
49929997
49967692
50005435
50043307
50081156
50118899
50156771
50194687
50232609
50270690
50308612
50346801
50384908
50422830
50460911
50498833
50537022
50575185
50613107
50651296
50689687
50728078
50766469
50804890
50843377
50881939
50920676
50959511
50998353
51037319
51076292
51115318
51154291
51193554
51232621
51271884
51310980
51350243
51389310
51428573
51468071
51507573
51547113
51586802
51626611
51666481
51706293
51746102
51785972
51825969
51865866
51905863
51945867
51986135
52026411
52066679
52107134
52147641
52188308
52229038
52269793
52310523
52351369
52392315
52433384
52474505
52515707
52556938
52598170
52639645
52681283
52722515
52763990
52805628
52847103
52888872
52930369
52972138
53014010
53055779
53097726
53139675
53181770
53223990
53266529
53309150
53351773
53394515
53437349
53480187
53523021
53565866
53609272
53653041
53697093
53741244
53785870
53830677
53875525
53920412
53965634
54010935
54056372
54101901
54147672
54194036
54240684
54287558
54334206
54381146
54428146
54475430
54522498
54569782
54617089
54664777
54712975
54761302
54809500
54857969
54906501
54954970
55003606
55052313
55101431
55151036
55201466
55252131
55302900
55353716
55404710
55457549
55508831
55561670
55614879
55668521
55722477
55777173
55832030
55886930
55942042
55999280
56057001
56114964
56176369
56239624
56304636
