10
18
20
22
23
24
26
29
32
34
39
41
43
45
48
50
53
56
60
63
65
67
69
72
75
80
82
84
87
90
93
96
99
102
105
108
111
114
117
120
123
126
129
132
135
138
141
144
147
150
153
156
159
162
165
168
171
174
177
180
183
186
189
193
196
199
202
205
208
211
214
217
220
223
227
230
233
236
239
242
245
248
251
255
258
261
264
267
270
273
277
280
283
286
289
292
296
299
302
305
308
311
315
318
321
324
327
331
334
337
340
343
347
350
353
356
360
363
366
369
372
376
379
382
385
389
392
395
398
402
405
408
411
415
418
421
424
428
431
434
437
441
444
447
451
454
457
460
464
467
470
474
477
480
483
487
490
494
497
500
503
507
510
513
517
520
523
527
530
533
537
540
543
547
550
553
557
560
563
567
570
574
577
580
584
587
590
594
597
601
604
607
611
614
617
621
624
628
631
634
638
641
645
648
651
655
658
662
665
668
672
675
679
682
685
689
692
696
699
702
706
709
713
716
719
723
726
730
733
736
740
743
747
750
753
757
760
764
767
770
774
777
781
784
788
791
794
798
801
805
808
812
815
818
822
825
829
832
836
839
842
846
849
853
856
860
863
866
870
873
877
880
884
887
891
894
897
901
904
908
911
915
918
922
925
929
932
935
939
942
946
949
953
956
960
963
967
970
974
977
981
984
988
991
995
998
1002
1005
1009
1012
1016
1019
1023
1026
1030
1033
1037
1040
1044
1047
1051
1054
1058
1061
1065
1068
1072
1075
1079
1082
1086
1089
1093
1096
1100
1103
1107
1110
1114
1117
1121
1124
1128
1131
1135
1138
1142
1145
1149
1152
1156
1159
1163
1166
1170
1173
1177
1180
1184
1187
1191
1194
1198
1201
1205
1208
1212
1215
1219
1222
1226
1229
1233
1236
1240
1243
1247
1250
1254
1258
1261
1265
1268
1272
1275
1279
1283
1286
1290
1293
1297
1301
1304
1308
1311
1315
1319
1322
1326
1329
1333
1337
1340
1344
1347
1351
1355
1358
1362
1366
1369
1373
1376
1380
1384
1387
1391
1395
1398
1402
1406
1409
1413
1417
1420
1424
1428
1431
1435
1439
1442
1446
1450
1453
1457
1461
1464
1468
1472
1475
1479
1483
1486
1490
1494
1497
1501
1505
1508
1512
1516
1519
1523
1527
1530
1534
1538
1541
1545
1549
1553
1556
1560
1564
1567
1571
1575
1578
1582
1586
1589
1593
1597
1600
1604
1608
1612
1615
1619
1623
1626
1630
1634
1637
1641
1645
1649
1652
1656
1660
1663
1667
1671
1675
1678
1682
1686
1690
1693
1697
1701
1704
1708
1712
1716
1719
1723
1727
1731
1734
1738
1742
1746
1749
1753
1757
1761
1764
1768
1772
1776
1779
1783
1787
1791
1794
1798
1802
1806
1809
1813
1817
1821
1824
1828
1832
1836
1839
1843
1847
1851
1854
1858
1862
1866
1869
1873
1877
1881
1884
1888
1892
1896
1899
1903
1907
1911
1914
1918
1922
1926
1929
1933
1937
1941
1944
1948
1952
1956
1959
1963
1967
1971
1974
1978
1982
1986
1989
1993
1997
2001
2004
2008
2012
2016
2019
2023
2027
2031
2035
2038
2042
2046
2050
2053
2057
2061
2065
2069
2072
2076
2080
2084
2088
2091
2095
2099
2103
2107
2110
2114
2118
2122
2126
2129
2133
2137
2141
2145
2148
2152
2156
2160
2164
2167
2171
2175
2179
2183
2186
2190
2194
2198
2202
2205
2209
2213
2217
2221
2224
2228
2232
2236
2240
2243
2247
2251
2255
2259
2262
2266
2270
2274
2278
2281
2285
2289
2293
2297
2301
2304
2308
2312
2316
2320
2324
2327
2331
2335
2339
2343
2347
2350
2354
2358
2362
2366
2370
2373
2377
2381
2385
2389
2393
2396
2400
2404
2408
2412
2416
2419
2423
2427
2431
2435
2439
2442
2446
2450
2454
2458
2462
2465
2469
2473
2477
2481
2485
2488
2492
2496
2500
2504
2508
2511
2515
2519
2523
2527
2531
2535
2538
2542
2546
2550
2554
2558
2562
2565
2569
2573
2577
2581
2585
2589
2592
2596
2600
2604
2608
2612
2616
2619
2623
2627
2631
2635
2639
2643
2647
2650
2654
2658
2662
2666
2670
2674
2678
2681
2685
2689
2693
2697
2701
2705
2709
2712
2716
2720
2724
2728
2732
2736
2740
2744
2747
2751
2755
2759
2763
2767
2771
2775
2779
2783
2786
2790
2794
2798
2802
2806
2810
2814
2818
2822
2825
2829
2833
2837
2841
2845
2849
2853
2857
2861
2865
2869
2872
2876
2880
2884
2888
2892
2896
2900
2904
2908
2912
2916
2919
2923
2927
2931
2935
2939
2943
2947
2951
2955
2959
2963
2966
2970
2974
2978
2982
2986
2990
2994
2998
3002
3006
3010
3014
3018
3022
3026
3030
3034
3038
3042
3046
3050
3054
3058
3062
3066
3070
3074
3078
3082
3086
3090
3094
3098
3102
3106
3110
3114
3118
3122
3126
3130
3134
3138
3142
3146
3150
3154
3158
3162
3166
3170
3174
3178
3182
3186
3190
3194
3198
3202
3206
3210
3214
3218
3222
3226
3230
3234
3238
3242
3246
3250
3254
3258
3262
3266
3270
3274
3278
3282
3286
3290
3294
3298
3302
3306
3310
3314
3318
3322
3326
3330
3334
3338
3342
3346
3350
3354
3358
3362
3366
3370
3374
3378
3382
3386
3390
3394
3398
3402
3406
3410
3414
3418
3422
3426
3430
3434
3438
3442
3446
3450
3454
3458
3462
3466
3470
3474
3478
3482
3486
3490
3494
3498
3502
3506
3510
3514
3518
3522
3526
3530
3534
3538
3542
3546
3550
3554
3558
3562
3566
3570
3574
3578
3582
3586
3590
3594
3598
3602
3606
3610
3614
3618
3622
3626
3630
3634
3638
3642
3646
3650
3654
3658
3662
3666
3670
3674
3678
3682
3686
3690
3694
3698
3702
3706
3710
3714
3718
3722
3726
3730
3734
3738
3742
3746
3750
3754
3758
3762
3766
3770
3774
3778
3782
3786
3790
3794
3798
3802
3806
3810
3814
3818
3822
3826
3830
3834
3838
3842
3846
3850
3854
3858
3862
3866
3870
3874
3878
3882
3886
3890
3894
3898
3902
3906
3910
3914
3918
3922
3926
3930
3934
3938
3942
3946
3950
3954
3958
3962
3966
3970
3974
3978
3982
3986
3990
3994
3998
4002
4006
4010
4014
4018
4022
4026
4030
4034
4038
4042
4046
4050
4054
4058
4062
4066
4070
4074
4078
4082
4086
4090
4094
4098
4102
4106
4110
4114
4118
4122
4126
4130
4134
4138
4142
4146
4150
4154
4158
4162
4166
4170
4174
4178
4182
4186
4190
4194
4198
4202
4206
4210
4214
4218
4222
4226
4230
4234
4238
4242
4246
4250
4254
4258
4262
4266
4270
4274
4278
4282
4286
4290
4294
4298
4302
4306
4310
4314
4318
4322
4326
4330
4334
4338
4342
4346
4350
4354
4358
4362
4366
4370
4374
4378
4382
4386
4390
4394
4398
4402
4406
4410
4414
4418
4422
4426
4430
4434
4438
4442
4446
4450
4454
4458
4462
4466
4470
4474
4478
4482
4486
4490
4494
4498
4502
4506
4510
4514
4518
4522
4526
4530
4534
4538
4542
4546
4550
4554
4558
4562
4566
4570
4574
4578
4582
4586
4590
4594
4598
4602
4606
4610
4614
4618
4622
4626
4630
4634
4638
4642
4646
4650
4654
4658
4662
4666
4670
4674
4678
4682
4686
4690
4694
4698
4702
4706
4710
4714
4718
4722
4726
4730
4734
4738
4742
4746
4750
4754
4758
4762
4766
4770
4774
4778
4782
4786
4790
4794
4798
4802
4806
4810
4814
4818
4822
4826
4830
4834
4838
4842
4846
4850
4854
4858
4862
4866
4870
4875
4879
4883
4887
4891
4895
4899
4903
4907
4912
4916
4920
4924
4928
4932
4936
4940
4944
4948
4953
4957
4961
4965
4969
4973
4977
4981
4985
4990
4994
4998
5002
5006
5010
5014
5018
5023
5027
5031
5035
5039
5043
5047
5051
5056
5060
5064
5068
5072
5076
5080
5084
5089
5093
5097
5101
5105
5109
5113
5118
5122
5126
5130
5134
5138
5142
5147
5151
5155
5159
5163
5167
5171
5176
5180
5184
5188
5192
5196
5200
5205
5209
5213
5217
5221
5225
5229
5234
5238
5242
5246
5250
5254
5258
5263
5267
5271
5275
5279
5283
5287
5292
5296
5300
5304
5308
5312
5316
5321
5325
5329
5333
5337
5341
5346
5350
5354
5358
5362
5366
5371
5375
5379
5383
5387
5391
5396
5400
5404
5408
5412
5416
5421
5425
5429
5433
5437
5441
5446
5450
5454
5458
5462
5466
5471
5475
5479
5483
5487
5491
5496
5500
5504
5508
5512
5516
5521
5525
5529
5533
5537
5541
5546
5550
5554
5558
5562
5566
5571
5575
5579
5583
5587
5591
5596
5600
5604
5608
5612
5616
5621
5625
5629
5633
5637
5641
5646
5650
5654
5658
5662
5666
5671
5675
5679
5683
5687
5691
5696
5700
5704
5708
5712
5717
5721
5725
5729
5733
5737
5742
5746
5750
5754
5758
5762
5767
5771
5775
5779
5783
5788
5792
5796
5800
5804
5808
5813
5817
5821
5825
5829
5834
5838
5842
5846
5850
5855
5859
5863
5867
5871
5876
5880
5884
5888
5892
5897
5901
5905
5909
5913
5918
5922
5926
5930
5934
5939
5943
5947
5951
5955
5960
5964
5968
5972
5976
5981
5985
5989
5993
5997
6002
6006
6010
6014
6018
6023
6027
6031
6035
6039
6044
6048
6052
6056
6060
6065
6069
6073
6077
6081
6086
6090
6094
6098
6103
6107
6111
6115
6119
6124
6128
6132
6136
6140
6145
6149
6153
6157
6162
6166
6170
6174
6178
6183
6187
6191
6195
6200
6204
6208
6212
6217
6221
6225
6229
6234
6238
6242
6246
6251
6255
6259
6263
6268
6272
6276
6280
6285
6289
6293
6297
6302
6306
6310
6314
6319
6323
6327
6331
6336
6340
6344
6348
6353
6357
6361
6365
6370
6374
6378
6382
6387
6391
6395
6399
6404
6408
6412
6416
6421
6425
6429
6433
6438
6442
6446
6450
6455
6459
6463
6467
6472
6476
6480
6484
6489
6493
6497
6501
6506
6510
6514
6518
6523
6527
6531
6535
6540
6544
6548
6552
6557
6561
6565
6569
6574
6578
6582
6587
6591
6595
6599
6604
6608
6612
6617
6621
6625
6630
6634
6638
6643
6647
6651
6656
6660
6664
6669
6673
6677
6682
6686
6690
6695
6699
6703
6708
6712
6716
6721
6725
6729
6734
6738
6742
6747
6751
6755
6760
6764
6768
6773
6777
6781
6786
6790
6794
6799
6803
6807
6812
6816
6820
6825
6829
6833
6838
6842
6846
6851
6855
6859
6864
6868
6872
6877
6881
6885
6890
6894
6898
6903
6907
6911
6916
6920
6924
6929
6933
6937
6942
6946
6950
6955
6959
6963
6968
6972
6976
6981
6985
6989
6994
6998
7002
7007
7011
7015
7020
7024
7028
7033
7037
7041
7046
7050
7054
7059
7063
7067
7072
7076
7080
7085
7089
7093
7098
7102
7106
7111
7115
7119
7124
7128
7132
7137
7141
7145
7150
7154
7158
7163
7167
7171
7176
7180
7184
7189
7193
7197
7202
7206
7210
7215
7219
7223
7228
7232
7236
7241
7245
7249
7254
7258
7262
7267
7271
7275
7280
7284
7288
7293
7297
7301
7306
7310
7314
7319
7323
7327
7332
7336
7340
7345
7349
7353
7358
7362
7366
7371
7375
7379
7384
7388
7392
7397
7401
7405
7410
7414
7418
7423
7427
7431
7436
7440
7444
7449
7453
7457
7462
7466
7470
7475
7479
7483
7488
7492
7496
7501
7505
7509
7514
7518
7522
7527
7531
7535
7540
7544
7548
7553
7557
7561
7566
7570
7574
7579
7583
7587
7592
7596
7600
7605
7609
7613
7618
7622
7626
7631
7635
7639
7644
7648
7652
7657
7661
7665
7670
7674
7678
7683
7687
7691
7696
7700
7704
7709
7713
7717
7722
7726
7730
7735
7739
7743
7748
7752
7757
7761
7765
7770
7774
7778
7783
7787
7791
7796
7800
7804
7809
7813
7818
7822
7826
7831
7835
7839
7844
7848
7853
7857
7861
7866
7870
7875
7879
7883
7888
7892
7897
7901
7905
7910
7914
7919
7923
7927
7932
7936
7941
7945
7949
7954
7958
7963
7967
7971
7976
7980
7985
7989
7993
7998
8002
8007
8011
8015
8020
8024
8029
8033
8037
8042
8046
8051
8055
8059
8064
8068
8073
8077
8081
8086
8090
8095
8099
8103
8108
8112
8117
8121
8125
8130
8134
8139
8143
8147
8152
8156
8161
8165
8169
8174
8178
8183
8187
8191
8196
8200
8205
8209
8214
8218
8222
8227
8231
8236
8240
8245
8249
8253
8258
8262
8267
8271
8276
8280
8284
8289
8293
8298
8302
8307
8311
8315
8320
8324
8329
8333
8338
8342
8347
8351
8355
8360
8364
8369
8373
8378
8382
8387
8391
8396
8400
8405
8409
8413
8418
8422
8427
8431
8436
8440
8445
8449
8454
8458
8463
8467
8472
8476
8481
8485
8490
8494
8499
8503
8508
8512
8517
8521
8526
8530
8535
8539
8544
8548
8553
8557
8562
8566
8571
8575
8580
8584
8589
8593
8598
8602
8607
8611
8616
8620
8625
8629
8634
8638
8643
8647
8652
8656
8661
8665
8670
8674
8679
8683
8688
8692
8697
8701
8706
8710
8715
8719
8724
8728
8733
8737
8742
8746
8751
8755
8760
8764
8769
8773
8778
8782
8787
8791
8796
8800
8805
8809
8814
8818
8823
8827
8832
8836
8841
8845
8850
8854
8859
8863
8868
8872
8877
8881
8886
8890
8895
8899
8904
8908
8913
8917
8922
8926
8931
8935
8940
8944
8949
8953
8958
8962
8967
8971
8976
8980
8985
8989
8994
8998
9003
9007
9012
9016
9021
9025
9030
9034
9039
9043
9048
9052
9057
9061
9066
9070
9075
9079
9084
9088
9093
9097
9102
9106
9111
9115
9120
9124
9129
9133
9138
9142
9147
9151
9156
9160
9165
9169
9174
9178
9183
9187
9192
9196
9201
9205
9210
9214
9219
9223
9228
9232
9237
9241
9246
9250
9255
9259
9264
9268
9273
9277
9282
9286
9291
9295
9300
9304
9309
9313
9318
9322
9327
9331
9336
9340
9345
9349
9354
9358
9363
9367
9372
9376
9381
9385
9390
9394
9399
9403
9408
9412
9417
9421
9426
9430
9435
9439
9444
9448
9453
9457
9462
9466
9471
9475
9480
9484
9489
9493
9498
9502
9507
9511
9516
9520
9525
9529
9534
9538
9543
9547
9552
9556
9561
9565
9570
9574
9579
9583
9588
9592
9597
9601
9606
9610
9615
9619
9624
9628
9633
9637
9642
9646
9651
9655
9660
9664
9669
9673
9678
9682
9687
9691
9696
9700
9705
9709
9714
9718
9723
9727
9732
9736
9741
9745
9750
9754
9759
9763
9768
9773
9777
9782
9786
9791
9795
9800
9804
9809
9814
9818
9823
9827
9832
9836
9841
9845
9850
9855
9859
9864
9868
9873
9877
9882
9887
9891
9896
9900
9905
9909
9914
9919
9923
9928
9932
9937
9941
9946
9951
9955
9960
9964
9969
9973
9978
9983
9987
9992
9996
10001
10005
10010
10015
10019
10024
10028
10033
10037
10042
10047
10051
10056
10060
10065
10070
10074
10079
10083
10088
10092
10097
10102
10106
10111
10115
10120
10125
10129
10134
10138
10143
10148
10152
10157
10161
10166
10171
10175
10180
10184
10189
10194
10198
10203
10207
10212
10217
10221
10226
10230
10235
10240
10244
10249
10253
10258
10263
10267
10272
10276
10281
10286
10290
10295
10299
10304
10309
10313
10318
10322
10327
10332
10336
10341
10345
10350
10355
10359
10364
10368
10373
10378
10382
10387
10391
10396
10401
10405
10410
10415
10419
10424
10428
10433
10438
10442
10447
10452
10456
10461
10465
10470
10475
10479
10484
10489
10493
10498
10502
10507
10512
10516
10521
10526
10530
10535
10540
10544
10549
10554
10558
10563
10567
10572
10577
10581
10586
10591
10595
10600
10605
10609
10614
10619
10623
10628
10633
10637
10642
10647
10651
10656
10661
10665
10670
10675
10679
10684
10689
10693
10698
10703
10707
10712
10717
10721
10726
10731
10735
10740
10745
10749
10754
10759
10763
10768
10773
10777
10782
10787
10791
10796
10801
10805
10810
10815
10819
10824
10829
10833
10838
10843
10847
10852
10857
10861
10866
10871
10875
10880
10885
10889
10894
10899
10903
10908
10913
10917
10922
10927
10931
10936
10941
10945
10950
10955
10959
10964
10969
10973
10978
10983
10987
10992
10997
11001
11006
11011
11015
11020
11025
11029
11034
11039
11043
11048
11053
11057
11062
11067
11071
11076
11081
11085
11090
11095
11099
11104
11109
11113
11118
11123
11127
11132
11137
11141
11146
11151
11155
11160
11165
11169
11174
11179
11183
11188
11193
11197
11202
11207
11211
11216
11221
11225
11230
11235
11239
11244
11249
11253
11258
11263
11267
11272
11277
11281
11286
11291
11295
11300
11305
11309
11314
11319
11323
11328
11333
11337
11342
11347
11351
11356
11361
11365
11370
11375
11379
11384
11389
11393
11398
11403
11407
11412
11417
11421
11426
11431
11435
11440
11445
11449
11454
11459
11463
11468
11473
11477
11482
11487
11491
11496
11501
11505
11510
11515
11519
11524
11529
11533
11538
11543
11548
11552
11557
11562
11566
11571
11576
11580
11585
11590
11595
11599
11604
11609
11613
11618
11623
11627
11632
11637
11642
11646
11651
11656
11660
11665
11670
11675
11679
11684
11689
11693
11698
11703
11708
11712
11717
11722
11726
11731
11736
11741
11745
11750
11755
11759
11764
11769
11774
11778
11783
11788
11793
11797
11802
11807
11812
11816
11821
11826
11831
11835
11840
11845
11850
11854
11859
11864
11869
11873
11878
11883
11888
11892
11897
11902
11907
11911
11916
11921
11926
11930
11935
11940
11945
11949
11954
11959
11964
11968
11973
11978
11983
11987
11992
11997
12002
12006
12011
12016
12021
12025
12030
12035
12040
12044
12049
12054
12059
12063
12068
12073
12078
12082
12087
12092
12097
12101
12106
12111
12116
12120
12125
12130
12135
12139
12144
12149
12154
12158
12163
12168
12173
12177
12182
12187
12192
12196
12201
12206
12211
12215
12220
12225
12230
12234
12239
12244
12249
12253
12258
12263
12268
12272
12277
12282
12287
12291
12296
12301
12306
12311
12315
12320
12325
12330
12335
12339
12344
12349
12354
12359
12363
12368
12373
12378
12383
12387
12392
12397
12402
12407
12411
12416
12421
12426
12431
12435
12440
12445
12450
12455
12459
12464
12469
12474
12479
12483
12488
12493
12498
12503
12507
12512
12517
12522
12527
12531
12536
12541
12546
12551
12555
12560
12565
12570
12575
12579
12584
12589
12594
12599
12603
12608
12613
12618
12623
12628
12632
12637
12642
12647
12652
12657
12661
12666
12671
12676
12681
12686
12691
12695
12700
12705
12710
12715
12720
12725
12729
12734
12739
12744
12749
12754
12759
12763
12768
12773
12778
12783
12788
12793
12798
12803
12808
12812
12817
12822
12827
12832
12837
12842
12847
12852
12857
12862
12867
12872
12877
12882
12887
12892
12897
12902
12907
12912
12917
12922
12927
12932
12937
12942
12947
12952
12957
12962
12967
12972
12977
12982
12987
12992
12997
13002
13007
13012
13017
13022
13027
13032
13037
13042
13047
13052
13057
13062
13067
13072
13077
13082
13087
13092
13097
13102
13107
13112
13117
13122
13127
13132
13137
13142
13147
13152
13157
13162
13167
13172
13177
13182
13187
13192
13197
13202
13207
13212
13217
13222
13227
13232
13237
13242
13247
13252
13257
13262
13267
13272
13277
13282
13287
13292
13297
13302
13307
13312
13317
13322
13327
13332
13337
13342
13347
13352
13357
13362
13367
13372
13377
13382
13387
13392
13397
13402
13407
13412
13417
13422
13427
13432
13437
13442
13447
13452
13457
13462
13467
13472
13477
13482
13487
13492
13497
13502
13507
13512
13517
13522
13527
13532
13537
13542
13547
13552
13557
13562
13567
13572
13577
13582
13587
13592
13597
13602
13607
13612
13617
13622
13627
13632
13637
13642
13647
13652
13657
13662
13667
13672
13677
13682
13687
13692
13697
13702
13707
13712
13717
13722
13727
13732
13737
13742
13747
13752
13757
13762
13767
13772
13777
13782
13787
13792
13797
13802
13807
13812
13817
13822
13827
13832
13837
13842
13847
13852
13857
13862
13867
13872
13877
13882
13887
13892
13897
13902
13907
13912
13917
13922
13927
13932
13937
13942
13947
13952
13957
13962
13967
13972
13977
13982
13987
13992
13997
14002
14007
14012
14017
14022
14027
14032
14037
14042
14047
14052
14057
14062
14067
14072
14077
14082
14087
14092
14097
14102
14107
14112
14117
14122
14127
14132
14137
14142
14147
14152
14157
14162
14167
14172
14177
14182
14187
14192
14197
14202
14207
14212
14217
14222
14227
14232
14237
14242
14247
14252
14257
14262
14267
14272
14277
14282
14287
14292
14297
14302
14307
14312
14317
14322
14327
14332
14337
14342
14347
14352
14357
14362
14367
14372
14377
14382
14387
14392
14397
14402
14407
14412
14417
14422
14427
14432
14437
14442
14447
14452
14457
14462
14467
14472
14477
14482
14487
14492
14497
14502
14507
14512
14517
14522
14527
14532
14537
14542
14547
14552
14557
14562
14567
14572
14577
14582
14587
14592
14597
14602
14607
14612
14617
14622
14627
14632
14637
14642
14647
14652
14657
14662
14667
14672
14677
14682
14687
14692
14697
14702
14707
14712
14717
14722
14727
14732
14737
14742
14747
14752
14757
14762
14767
14772
14777
14782
14787
14792
14797
14802
14807
14812
14817
14822
14827
14832
14837
14842
14847
14852
14857
14862
14867
14872
14877
14882
14887
14892
14897
14902
14907
14912
14917
14922
14927
14932
14937
14942
14947
14952
14957
14962
14967
14972
14977
14982
14987
14992
14997
15002
15007
15012
15017
15022
15027
15032
15037
15042
15047
15052
15057
15062
15067
15072
15077
15082
15087
15092
15097
15102
15107
15112
15117
15122
15127
15132
15137
15142
15147
15152
15157
15162
15167
15172
15177
15182
15187
15192
15197
15202
15207
15212
15217
15222
15227
15232
15237
15242
15247
15252
15257
15262
15267
15272
15277
15282
15287
15292
15297
15302
15307
15312
15317
15322
15327
15332
15337
15342
15347
15352
15357
15362
15367
15372
15377
15382
15387
15392
15397
15402
15407
15412
15417
15422
15427
15432
15437
15442
15447
15452
15457
15462
15467
15472
15477
15482
15487
15492
15497
15502
15507
15512
15517
15522
15527
15532
15537
15542
15547
15552
15557
15562
15567
15572
15577
15582
15587
15592
15597
15602
15607
15612
15617
15622
15627
15632
15637
15642
15647
15652
15657
15662
15667
15672
15677
15682
15687
15692
15697
15702
15707
15712
15717
15722
15727
15732
15737
15742
15747
15752
15757
15762
15767
15772
15777
15782
15787
15792
15797
15802
15807
15812
15817
15822
15827
15832
15837
15842
15847
15852
15857
15862
15867
15872
15877
15882
15887
15892
15897
15902
15907
15912
15917
15922
15927
15932
15937
15942
15947
15952
15957
15962
15967
15972
15977
15982
15987
15992
15997
16002
16007
16012
16017
16022
16027
16032
16037
16042
16047
16052
16057
16062
16067
16072
16077
16082
16087
16092
16097
16102
16107
16112
16117
16122
16127
16132
16137
16142
16147
16152
16157
16162
16167
16172
16177
16182
16187
16192
16197
16202
16207
16212
16217
16222
16227
16232
16237
16242
16247
16252
16257
16262
16267
16272
16277
16282
16287
16292
16297
16302
16307
16312
16317
16322
16327
16332
16337
16342
16347
16352
16357
16362
16367
16372
16377
16382
16387
16392
16397
16402
16407
16412
16417
16422
16427
16432
16437
16442
16447
16452
16457
16462
16467
16472
16477
16482
16487
16492
16497
16502
16507
16512
16517
16522
16527
16532
16537
16542
16547
16552
16557
16562
16567
16572
16577
16582
16587
16592
16597
16602
16607
16612
16617
16622
16627
16632
16637
16642
16647
16652
16657
16662
16667
16672
16677
16682
16687
16692
16697
16702
16707
16712
16717
16722
16727
16732
16737
16742
16747
16752
16757
16762
16767
16772
16777
16782
16787
16792
16797
16802
16807
16812
16817
16822
16827
16832
16837
16842
16847
16852
16857
16862
16867
16872
16877
16882
16887
16892
16897
16902
16907
16912
16917
16922
16927
16932
16937
16942
16947
16952
16957
16962
16967
16972
16978
16983
16988
16993
16998
17003
17008
17013
17019
17024
17029
17034
17039
17044
17049
17055
17060
17065
17070
17075
17080
17086
17091
17096
17101
17106
17111
17117
17122
17127
17132
17137
17142
17148
17153
17158
17163
17168
17173
17179
17184
17189
17194
17199
17205
17210
17215
17220
17225
17231
17236
17241
17246
17251
17257
17262
17267
17272
17277
17283
17288
17293
17298
17303
17309
17314
17319
17324
17329
17335
17340
17345
17350
17355
17361
17366
17371
17376
17381
17387
17392
17397
17402
17407
17413
17418
17423
17428
17433
17439
17444
17449
17454
17459
17465
17470
17475
17480
17485
17491
17496
17501
17506
17511
17517
17522
17527
17532
17537
17543
17548
17553
17558
17563
17569
17574
17579
17584
17589
17595
17600
17605
17610
17615
17621
17626
17631
17636
17641
17647
17652
17657
17662
17667
17673
17678
17683
17688
17694
17699
17704
17709
17714
17720
17725
17730
17735
17740
17746
17751
17756
17761
17767
17772
17777
17782
17787
17793
17798
17803
17808
17814
17819
17824
17829
17835
17840
17845
17850
17856
17861
17866
17871
17877
17882
17887
17892
17898
17903
17908
17913
17919
17924
17929
17934
17940
17945
17950
17955
17961
17966
17971
17976
17982
17987
17992
17997
18003
18008
18013
18018
18024
18029
18034
18039
18045
18050
18055
18060
18066
18071
18076
18081
18087
18092
18097
18102
18108
18113
18118
18123
18129
18134
18139
18144
18150
18155
18160
18165
18171
18176
18181
18186
18192
18197
18202
18207
18213
18218
18223
18228
18234
18239
18244
18249
18255
18260
18265
18270
18276
18281
18286
18292
18297
18302
18307
18313
18318
18323
18328
18334
18339
18344
18350
18355
18360
18365
18371
18376
18381
18387
18392
18397
18403
18408
18413
18419
18424
18429
18435
18440
18445
18451
18456
18461
18467
18472
18477
18483
18488
18493
18499
18504
18509
18515
18520
18525
18531
18536
18541
18547
18552
18557
18563
18568
18573
18579
18584
18589
18595
18600
18605
18611
18616
18621
18627
18632
18637
18643
18648
18653
18659
18664
18669
18675
18680
18685
18691
18696
18701
18707
18712
18717
18723
18728
18733
18739
18744
18749
18755
18760
18765
18771
18776
18781
18787
18792
18797
18803
18808
18813
18819
18824
18829
18835
18840
18845
18851
18856
18861
18867
18872
18877
18883
18888
18893
18899
18904
18909
18915
18920
18925
18931
18936
18941
18947
18952
18957
18963
18968
18973
18979
18984
18989
18995
19000
19005
19011
19016
19021
19027
19032
19037
19043
19048
19053
19059
19064
19069
19075
19080
19085
19091
19096
19101
19107
19112
19117
19123
19128
19133
19139
19144
19149
19155
19160
19165
19171
19176
19181
19187
19192
19197
19203
19208
19213
19219
19224
19229
19235
19240
19245
19251
19256
19261
19267
19272
19277
19283
19288
19293
19299
19304
19309
19315
19320
19325
19331
19336
19341
19347
19352
19357
19363
19368
19373
19379
19384
19389
19395
19400
19405
19411
19416
19421
19427
19432
19437
19443
19448
19453
19459
19464
19469
19475
19480
19485
19491
19496
19501
19507
19512
19518
19523
19528
19534
19539
19545
19550
19555
19561
19566
19572
19577
19582
19588
19593
19599
19604
19609
19615
19620
19626
19631
19636
19642
19647
19653
19658
19664
19669
19674
19680
19685
19691
19696
19702
19707
19713
19718
19724
19729
19735
19740
19746
19751
19757
19762
19768
19773
19779
19784
19790
19795
19801
19806
19812
19817
19823
19828
19834
19839
19845
19850
19856
19861
19867
19872
19878
19883
19889
19894
19900
19905
19911
19916
19922
19927
19933
19938
19944
19949
19955
19960
19966
19971
19977
19982
19988
19993
19999
20004
20010
20015
20021
20026
20032
20037
20043
20048
20054
20059
20065
20070
20076
20081
20087
20092
20098
20103
20109
20114
20120
20125
20131
20136
20142
20147
20153
20158
20164
20169
20175
20180
20186
20191
20197
20202
20208
20213
20219
20224
20230
20235
20241
20246
20252
20257
20263
20268
20274
20279
20285
20290
20296
20301
20307
20312
20318
20323
20329
20334
20340
20345
20351
20356
20362
20367
20373
20378
20384
20389
20395
20400
20406
20411
20417
20422
20428
20433
20439
20444
20450
20455
20461
20466
20472
20477
20483
20488
20494
20499
20505
20510
20516
20521
20527
20532
20538
20543
20549
20554
20560
20565
20571
20576
20582
20587
20593
20598
20604
20609
20615
20620
20626
20631
20637
20642
20648
20653
20659
20664
20670
20675
20681
20686
20692
20697
20703
20708
20714
20719
20725
20730
20736
20741
20747
20752
20758
20763
20769
20774
20780
20785
20791
20796
20802
20807
20813
20818
20824
20829
20835
20840
20846
20851
20857
20862
20868
20873
20879
20884
20890
20895
20901
20906
20912
20917
20923
20928
20934
20939
20945
20950
20956
20961
20967
20972
20978
20983
20989
20994
21000
21005
21011
21016
21022
21027
21033
21038
21044
21049
21055
21060
21066
21071
21077
21082
21088
21093
21099
21104
21110
21115
21121
21126
21132
21137
21143
21148
21154
21159
21165
21170
21176
21181
21187
21192
21198
21203
21209
21214
21220
21225
21231
21236
21242
21247
21253
21258
21264
21269
21275
21280
21286
21291
21297
21302
21308
21313
21319
21324
21330
21335
21341
21346
21352
21357
21363
21368
21374
21379
21385
21390
21396
21401
21407
21412
21418
21423
21429
21434
21440
21445
21451
21456
21462
21467
21473
21478
21484
21489
21495
21500
21506
21511
21517
21522
21528
21533
21539
21544
21550
21555
21561
21566
21572
21577
21583
21588
21594
21599
21605
21610
21616
21621
21627
21632
21638
21643
21649
21654
21660
21665
21671
21676
21682
21687
21693
21698
21704
21709
21715
21720
21726
21731
21737
21742
21748
21753
21759
21764
21770
21775
21781
21786
21792
21797
21803
21808
21814
21819
21825
21830
21836
21841
21847
21852
21858
21863
21869
21874
21880
21885
21891
21896
21902
21907
21913
21918
21924
21929
21935
21940
21946
21951
21957
21962
21968
21973
21979
21985
21990
21996
22001
22007
22012
22018
22024
22029
22035
22040
22046
22051
22057
22063
22068
22074
22079
22085
22091
22096
22102
22107
22113
22119
22124
22130
22135
22141
22147
22152
22158
22163
22169
22175
22180
22186
22191
22197
22203
22208
22214
22219
22225
22231
22236
22242
22247
22253
22259
22264
22270
22275
22281
22287
22292
22298
22304
22309
22315
22321
22326
22332
22338
22343
22349
22355
22360
22366
22372
22377
22383
22389
22394
22400
22406
22411
22417
22423
22428
22434
22440
22445
22451
22457
22462
22468
22474
22479
22485
22491
22496
22502
22508
22513
22519
22525
22530
22536
22542
22547
22553
22559
22564
22570
22576
22581
22587
22593
22598
22604
22610
22615
22621
22627
22632
22638
22644
22649
22655
22661
22666
22672
22678
22683
22689
22695
22700
22706
22712
22717
22723
22729
22734
22740
22746
22751
22757
22763
22768
22774
22780
22785
22791
22797
22802
22808
22814
22819
22825
22831
22836
22842
22848
22853
22859
22865
22870
22876
22882
22887
22893
22899
22904
22910
22916
22921
22927
22933
22939
22944
22950
22956
22962
22967
22973
22979
22985
22990
22996
23002
23008
23013
23019
23025
23031
23036
23042
23048
23054
23059
23065
23071
23077
23082
23088
23094
23100
23105
23111
23117
23123
23128
23134
23140
23146
23151
23157
23163
23169
23174
23180
23186
23192
23198
23203
23209
23215
23221
23227
23232
23238
23244
23250
23256
23261
23267
23273
23279
23285
23290
23296
23302
23308
23314
23319
23325
23331
23337
23343
23349
23354
23360
23366
23372
23378
23384
23389
23395
23401
23407
23413
23419
23425
23431
23437
23443
23449
23455
23461
23467
23473
23479
23485
23491
23497
23503
23509
23515
23521
23527
23533
23539
23545
23551
23557
23563
23569
23575
23581
23587
23593
23599
23605
23611
23617
23623
23629
23635
23641
23647
23653
23659
23665
23671
23677
23683
23689
23695
23701
23707
23713
23719
23725
23731
23737
23743
23749
23755
23761
23767
23773
23779
23785
23791
23797
23803
23809
23815
23821
23827
23833
23839
23845
23851
23857
23863
23869
23875
23881
23887
23893
23899
23905
23911
23917
23923
23929
23935
23941
23947
23953
23959
23965
23971
23977
23983
23989
23995
24001
24007
24013
24019
24025
24031
24037
24043
24049
24055
24061
24067
24073
24079
24085
24091
24097
24103
24109
24115
24121
24127
24133
24139
24145
24151
24157
24163
24169
24175
24181
24187
24193
24199
24205
24211
24217
24223
24229
24235
24241
24247
24253
24259
24265
24271
24277
24283
24289
24295
24301
24307
24313
24319
24325
24331
24337
24343
24349
24355
24361
24367
24373
24379
24385
24391
24397
24403
24409
24415
24421
24427
24433
24439
24445
24451
24457
24463
24469
24475
24481
24487
24493
24499
24505
24511
24517
24523
24529
24535
24541
24547
24553
24559
24565
24571
24577
24583
24589
24595
24601
24607
24613
24619
24625
24631
24637
24643
24649
24655
24661
24667
24673
24679
24685
24691
24697
24703
24709
24715
24721
24727
24733
24739
24745
24751
24757
24763
24769
24775
24781
24787
24793
24799
24805
24811
24817
24823
24829
24835
24841
24847
24853
24859
24865
24871
24877
24883
24889
24895
24901
24907
24913
24919
24925
24931
24937
24943
24949
24955
24961
24967
24973
24979
24985
24991
24997
25003
25009
25015
25021
25027
25033
25039
25045
25051
25057
25063
25069
25075
25081
25087
25093
25099
25105
25111
25117
25123
25129
25135
25141
25147
25153
25159
25165
25171
25177
25183
25189
25195
25201
25207
25213
25219
25225
25231
25237
25243
25249
25255
25261
25267
25273
25279
25285
25291
25297
25303
25309
25315
25321
25327
25333
25339
25345
25351
25357
25363
25369
25375
25381
25387
25393
25399
25405
25411
25417
25423
25429
25435
25441
25447
25453
25459
25465
25471
25477
25483
25489
25495
25501
25507
25513
25519
25525
25531
25537
25543
25549
25555
25561
25567
25573
25579
25585
25591
25597
25603
25609
25615
25621
25627
25633
25639
25645
25651
25657
25663
25669
25675
25681
25687
25693
25699
25705
25711
25717
25723
25729
25735
25741
25747
25753
25759
25765
25771
25777
25783
25789
25795
25801
25807
25813
25819
25825
25831
25837
25843
25849
25855
25861
25867
25873
25879
25885
25891
25897
25903
25909
25915
25921
25927
25933
25939
25945
25951
25957
25963
25969
25975
25981
25987
25993
25999
26005
26011
26017
26023
26029
26035
26041
26047
26053
26059
26065
26071
26077
26083
26089
26095
26101
26107
26113
26119
26125
26131
26137
26143
26149
26155
26161
26167
26173
26179
26185
26191
26197
26203
26209
26215
26221
26227
26233
26239
26245
26251
26257
26263
26269
26275
26281
26287
26293
26299
26305
26311
26317
26323
26329
26335
26341
26347
26353
26359
26365
26371
26377
26383
26389
26395
26401
26407
26413
26419
26425
26431
26437
26443
26449
26455
26461
26467
26473
26479
26485
26491
26497
26503
26509
26515
26521
26527
26533
26539
26545
26551
26557
26563
26569
26575
26581
26587
26593
26599
26605
26611
26617
26623
26629
26635
26641
26647
26653
26659
26665
26671
26677
26683
26689
26695
26701
26707
26713
26719
26725
26731
26737
26743
26749
26755
26761
26767
26773
26779
26785
26791
26797
26803
26809
26815
26821
26827
26833
26839
26845
26851
26857
26863
26869
26875
26881
26887
26893
26899
26905
26911
26917
26923
26929
26935
26941
26947
26953
26959
26965
26971
26977
26983
26989
26995
27001
27007
27013
27019
27025
27031
27037
27043
27049
27055
27061
27067
27073
27079
27085
27091
27097
27103
27109
27115
27121
27127
27133
27139
27145
27151
27157
27163
27169
27175
27181
27187
27193
27199
27205
27211
27217
27223
27229
27235
27241
27247
27253
27259
27265
27271
27277
27283
27289
27295
27301
27307
27313
27319
27325
27331
27337
27343
27349
27355
27361
27367
27373
27379
27385
27391
27397
27403
27409
27415
27421
27427
27433
27439
27445
27451
27457
27463
27469
27475
27481
27487
27493
27499
27505
27511
27517
27523
27529
27535
27541
27547
27553
27559
27565
27571
27577
27583
27589
27595
27601
27607
27613
27619
27625
27631
27637
27643
27649
27655
27661
27667
27673
27679
27685
27691
27697
27703
27709
27715
27721
27727
27733
27739
27745
27751
27757
27763
27769
27775
27781
27787
27793
27799
27805
27811
27817
27823
27829
27835
27841
27847
27853
27859
27865
27871
27877
27883
27889
27895
27901
27907
27913
27919
27925
27931
27937
27943
27949
27955
27961
27967
27973
27979
27985
27991
27997
28003
28009
28015
28021
28027
28033
28039
28045
28052
28058
28064
28070
28076
28082
28088
28095
28101
28107
28113
28119
28125
28132
28138
28144
28150
28156
28162
28169
28175
28181
28187
28193
28200
28206
28212
28218
28225
28231
28237
28243
28250
28256
28262
28268
28275
28281
28287
28293
28300
28306
28312
28318
28325
28331
28337
28343
28350
28356
28362
28368
28375
28381
28387
28393
28400
28406
28412
28418
28425
28431
28437
28443
28450
28456
28462
28469
28475
28481
28488
28494
28500
28507
28513
28519
28526
28532
28538
28545
28551
28557
28564
28570
28576
28583
28589
28595
28602
28608
28614
28621
28627
28633
28640
28646
28652
28659
28665
28671
28678
28684
28690
28697
28703
28709
28716
28722
28728
28735
28741
28747
28754
28760
28766
28773
28779
28785
28792
28798
28804
28811
28817
28823
28830
28836
28842
28849
28855
28861
28868
28874
28880
28887
28893
28899
28906
28912
28918
28925
28931
28937
28944
28950
28956
28963
28969
28975
28982
28988
28995
29001
29007
29014
29020
29027
29033
29040
29046
29053
29059
29066
29072
29079
29085
29092
29098
29105
29111
29118
29124
29131
29137
29144
29150
29157
29163
29170
29176
29183
29189
29196
29202
29209
29215
29222
29228
29235
29241
29248
29254
29261
29267
29274
29280
29287
29293
29300
29306
29313
29319
29326
29332
29339
29345
29352
29358
29365
29371
29378
29384
29391
29397
29404
29410
29417
29423
29430
29436
29443
29449
29456
29462
29469
29475
29482
29488
29495
29501
29508
29514
29521
29527
29534
29540
29547
29553
29560
29566
29573
29579
29586
29592
29599
29605
29612
29618
29625
29631
29638
29644
29651
29657
29664
29670
29677
29683
29690
29696
29703
29709
29716
29722
29729
29735
29742
29748
29755
29761
29768
29774
29781
29787
29794
29800
29807
29813
29820
29826
29833
29839
29846
29852
29859
29865
29872
29878
29885
29891
29898
29904
29911
29917
29924
29930
29937
29943
29950
29956
29963
29969
29976
29982
29989
29995
30002
30008
30015
30021
30028
30034
30041
30047
30054
30060
30067
30073
30080
30086
30093
30099
30106
30112
30119
30125
30132
30138
30145
30151
30158
30164
30171
30177
30184
30190
30197
30203
30210
30216
30223
30229
30236
30242
30249
30255
30262
30268
30275
30281
30288
30294
30301
30307
30314
30320
30327
30333
30340
30346
30353
30359
30366
30372
30379
30385
30392
30398
30405
30411
30418
30424
30431
30437
30444
30450
30457
30463
30470
30476
30483
30489
30496
30502
30509
30515
30522
30528
30535
30541
30548
30554
30561
30567
30574
30580
30587
30593
30600
30606
30613
30619
30626
30632
30639
30645
30652
30658
30665
30671
30678
30684
30691
30697
30704
30710
30717
30724
30730
30737
30744
30750
30757
30764
30770
30777
30784
30790
30797
30804
30810
30817
30824
30830
30837
30844
30850
30857
30864
30870
30877
30884
30890
30897
30904
30910
30917
30924
30930
30937
30944
30950
30957
30964
30970
30977
30984
30990
30997
31004
31010
31017
31024
31031
31037
31044
31051
31058
31064
31071
31078
31085
31091
31098
31105
31112
31118
31125
31132
31139
31145
31152
31159
31166
31172
31179
31186
31193
31200
31207
31214
31221
31228
31235
31242
31249
31256
31263
31270
31277
31284
31291
31298
31305
31312
31319
31326
31333
31340
31347
31354
31361
31368
31375
31382
31389
31396
31403
31410
31417
31424
31431
31438
31445
31452
31459
31466
31473
31480
31487
31494
31501
31508
31515
31522
31529
31536
31543
31550
31557
31564
31571
31578
31585
31592
31599
31606
31613
31620
31627
31634
31641
31648
31655
31662
31669
31676
31683
31690
31697
31704
31711
31718
31725
31732
31739
31746
31753
31760
31767
31774
31781
31788
31795
31802
31809
31816
31823
31830
31837
31844
31851
31858
31865
31872
31879
31886
31893
31900
31907
31914
31921
31928
31935
31942
31949
31956
31963
31970
31977
31984
31991
31998
32005
32012
32019
32026
32033
32040
32047
32054
32061
32068
32075
32082
32089
32096
32103
32110
32117
32124
32131
32138
32145
32152
32159
32166
32173
32180
32187
32194
32201
32208
32215
32222
32229
32236
32243
32250
32257
32264
32271
32278
32285
32292
32299
32306
32313
32320
32327
32334
32341
32348
32355
32362
32369
32376
32383
32390
32397
32404
32411
32418
32425
32432
32439
32446
32453
32460
32467
32474
32481
32488
32495
32502
32509
32516
32523
32530
32537
32544
32551
32558
32565
32572
32579
32586
32593
32600
32607
32614
32621
32628
32635
32642
32649
32656
32663
32670
32677
32684
32691
32698
32705
32712
32719
32726
32733
32740
32747
32754
32761
32768
32775
32782
32789
32796
32803
32810
32817
32824
32831
32838
32845
32852
32859
32866
32873
32880
32887
32894
32901
32908
32915
32922
32929
32936
32943
32950
32957
32964
32971
32978
32985
32992
32999
33006
33013
33020
33027
33034
33041
33048
33055
33062
33069
33076
33083
33090
33097
33104
33111
33118
33125
33132
33139
33146
33153
33160
33167
33174
33181
33188
33195
33202
33209
33216
33223
33230
33237
33244
33251
33258
33265
33272
33279
33286
33293
33300
33307
33314
33321
33328
33335
33342
33349
33356
33363
33370
33377
33384
33391
33398
33405
33412
33419
33426
33433
33440
33447
33454
33461
33468
33475
33482
33489
33496
33503
33510
33517
33524
33531
33538
33545
33552
33559
33566
33573
33580
33587
33594
33601
33608
33615
33622
33629
33636
33643
33650
33657
33664
33671
33678
33685
33692
33699
33706
33713
33720
33727
33734
33741
33748
33755
33762
33769
33776
33783
33790
33797
33804
33811
33818
33825
33832
33839
33846
33853
33860
33867
33874
33881
33888
33895
33902
33909
33916
33923
33930
33937
33944
33951
33958
33965
33972
33979
33986
33993
34000
34007
34014
34021
34028
34035
34042
34049
34056
34063
34070
34077
34084
34091
34098
34105
34112
34119
34126
34133
34140
34147
34154
34161
34168
34175
34182
34189
34196
34203
34210
34217
34224
34231
34238
34245
34252
34259
34266
34273
34280
34287
34294
34301
34308
34315
34322
34329
34336
34343
34350
34357
34364
34371
34378
34385
34392
34399
34406
34413
34420
34427
34434
34441
34448
34455
34462
34469
34476
34483
34490
34497
34504
34511
34518
34525
34532
34539
34546
34553
34560
34567
34574
34581
34588
34595
34602
34609
34616
34623
34630
34637
34644
34651
34658
34665
34672
34679
34686
34693
34700
34707
34714
34721
34728
34735
34742
34749
34756
34763
34770
34777
34784
34791
34798
34805
34812
34819
34826
34833
34840
34847
34854
34861
34868
34875
34882
34889
34896
34903
34910
34917
34924
34931
34938
34945
34952
34959
34966
34973
34980
34987
34994
35001
35008
35015
35022
35029
35036
35043
35050
35057
35064
35071
35078
35085
35092
35099
35106
35113
35120
35127
35134
35141
35148
35155
35162
35169
35176
35183
35190
35197
35204
35211
35218
35225
35232
35239
35246
35253
35260
35268
35275
35282
35289
35296
35304
35311
35318
35325
35332
35340
35347
35354
35361
35368
35376
35383
35390
35397
35405
35412
35419
35426
35434
35441
35448
35456
35463
35470
35478
35485
35492
35500
35507
35514
35522
35529
35536
35544
35551
35558
35566
35573
35580
35588
35595
35602
35610
35617
35625
35632
35640
35647
35655
35662
35670
35677
35685
35692
35700
35707
35715
35722
35730
35737
35745
35752
35760
35767
35775
35782
35790
35797
35805
35812
35820
35827
35835
35842
35850
35857
35865
35872
35880
35887
35895
35902
35910
35917
35925
35932
35940
35947
35955
35962
35970
35977
35985
35992
36000
36007
36015
36022
36030
36037
36045
36052
36060
36067
36075
36082
36090
36097
36105
36112
36120
36127
36135
36142
36150
36157
36165
36172
36180
36187
36195
36202
36210
36217
36225
36232
36240
36247
36255
36262
36270
36277
36285
36292
36300
36307
36315
36322
36330
36337
36345
36352
36360
36367
36375
36382
36390
36397
36405
36412
36420
36427
36435
36442
36450
36457
36465
36472
36480
36487
36495
36502
36510
36517
36525
36532
36540
36547
36555
36562
36570
36577
36585
36592
36600
36607
36615
36622
36630
36638
36645
36653
36661
36668
36676
36684
36691
36699
36707
36714
36722
36730
36737
36745
36753
36760
36768
36776
36783
36791
36799
36807
36814
36822
36830
36838
36846
36854
36862
36870
36878
36886
36894
36902
36910
36918
36926
36934
36942
36950
36958
36966
36974
36982
36990
36998
37006
37014
37022
37030
37038
37046
37054
37062
37070
37078
37086
37094
37102
37110
37118
37126
37134
37142
37150
37158
37166
37174
37182
37190
37198
37206
37214
37222
37230
37238
37246
37254
37262
37270
37278
37286
37294
37302
37310
37318
37326
37334
37342
37350
37358
37366
37374
37382
37390
37398
37406
37414
37422
37430
37438
37446
37454
37462
37470
37478
37486
37494
37502
37510
37518
37526
37534
37542
37550
37558
37566
37574
37582
37590
37598
37606
37614
37622
37630
37638
37646
37654
37662
37670
37678
37686
37694
37702
37710
37718
37726
37734
37742
37750
37758
37766
37774
37782
37790
37798
37806
37814
37822
37830
37838
37846
37854
37862
37870
37878
37886
37894
37902
37910
37918
37926
37934
37942
37950
37958
37966
37974
37982
37990
37998
38006
38014
38022
38030
38038
38046
38054
38062
38070
38078
38086
38094
38102
38110
38118
38126
38134
38142
38150
38158
38166
38174
38182
38190
38198
38206
38214
38222
38230
38238
38246
38254
38262
38270
38278
38286
38294
38302
38310
38318
38326
38334
38342
38350
38358
38366
38374
38382
38390
38398
38406
38414
38422
38430
38438
38446
38454
38462
38470
38478
38486
38494
38502
38510
38518
38526
38534
38542
38550
38558
38566
38574
38582
38590
38598
38606
38614
38622
38630
38638
38646
38654
38662
38670
38678
38686
38694
38702
38710
38718
38726
38734
38742
38750
38758
38766
38774
38782
38790
38798
38806
38814
38822
38830
38838
38846
38854
38862
38870
38878
38886
38894
38902
38910
38918
38926
38934
38942
38950
38958
38966
38974
38982
38990
38998
39006
39014
39022
39030
39038
39046
39054
39062
39070
39078
39086
39094
39102
39110
39118
39126
39134
39142
39150
39158
39166
39174
39182
39190
39198
39206
39214
39222
39230
39238
39246
39254
39262
39270
39278
39286
39294
39302
39310
39318
39326
39334
39342
39350
39358
39366
39374
39382
39390
39398
39406
39414
39422
39430
39438
39446
39454
39462
39470
39478
39486
39494
39502
39510
39518
39526
39534
39542
39550
39558
39566
39574
39582
39590
39598
39606
39614
39622
39630
39638
39646
39654
39662
39670
39678
39686
39694
39702
39710
39718
39726
39734
39742
39750
39758
39766
39774
39782
39790
39798
39806
39814
39822
39830
39838
39846
39854
39862
39870
39878
39886
39894
39902
39910
39918
39926
39934
39942
39950
39958
39966
39974
39982
39990
39998
40007
40015
40023
40031
40040
40048
40056
40064
40073
40081
40089
40098
40106
40114
40123
40131
40139
40148
40156
40164
40173
40181
40189
40198
40206
40214
40223
40231
40239
40248
40256
40264
40273
40281
40290
40298
40307
40315
40324
40332
40341
40349
40358
40366
40375
40383
40392
40400
40409
40417
40426
40434
40443
40451
40460
40468
40477
40485
40494
40502
40511
40519
40528
40536
40545
40553
40562
40570
40579
40587
40596
40604
40613
40621
40630
40638
40647
40655
40664
40672
40681
40689
40698
40706
40715
40723
40732
40740
40749
40757
40766
40774
40783
40791
40800
40808
40817
40825
40834
40843
40852
40861
40870
40879
40888
40897
40906
40915
40924
40933
40942
40951
40960
40969
40978
40987
40996
41005
41014
41023
41032
41041
41050
41059
41068
41077
41086
41095
41104
41113
41122
41131
41140
41149
41158
41167
41176
41185
41194
41203
41212
41221
41230
41239
41248
41257
41266
41275
41284
41293
41302
41311
41320
41329
41338
41347
41356
41365
41374
41383
41392
41401
41410
41419
41428
41437
41446
41455
41464
41473
41482
41491
41500
41509
41518
41527
41536
41545
41554
41563
41572
41581
41590
41599
41608
41617
41626
41635
41644
41653
41662
41671
41680
41689
41698
41707
41716
41725
41734
41743
41752
41761
41770
41779
41788
41797
41806
41815
41824
41833
41842
41851
41860
41869
41878
41887
41896
41905
41914
41923
41932
41941
41950
41959
41968
41977
41986
41995
42004
42013
42022
42031
42040
42049
42058
42067
42076
42085
42094
42103
42112
42121
42130
42139
42148
42157
42166
42175
42184
42193
42202
42211
42220
42229
42238
42247
42256
42265
42274
42283
42292
42301
42310
42319
42328
42337
42346
42355
42364
42373
42382
42391
42400
42409
42418
42427
42436
42445
42454
42463
42472
42481
42490
42499
42508
42517
42526
42535
42544
42553
42562
42571
42580
42589
42598
42607
42616
42625
42634
42643
42652
42661
42670
42679
42688
42697
42706
42715
42724
42733
42742
42751
42760
42769
42778
42787
42796
42805
42814
42823
42832
42841
42850
42859
42868
42877
42886
42895
42904
42913
42922
42931
42940
42949
42958
42967
42976
42985
42994
43003
43012
43021
43030
43039
43048
43057
43066
43075
43084
43094
43103
43112
43122
43131
43141
43150
43160
43169
43179
43188
43198
43207
43217
43226
43236
43245
43255
43264
43274
43283
43293
43303
43313
43323
43333
43343
43353
43363
43373
43383
43393
43403
43413
43423
43433
43443
43453
43463
43473
43483
43493
43503
43513
43523
43533
43543
43553
43563
43573
43583
43593
43603
43613
43623
43633
43643
43653
43663
43673
43683
43693
43703
43713
43723
43733
43743
43753
43763
43773
43783
43793
43803
43813
43823
43833
43843
43853
43863
43873
43883
43893
43903
43913
43923
43933
43943
43953
43963
43973
43983
43993
44003
44013
44023
44033
44043
44053
44063
44073
44083
44093
44103
