100
124
152
182
212
220
233
257
283
311
330
351
366
389
413
441
463
484
499
522
546
572
600
619
642
666
692
720
748
773
796
820
844
868
894
922
952
975
998
1022
1048
1075
1103
1130
1154
1178
1203
1229
1257
1285
1311
1335
1359
1385
1413
1441
1467
1495
1521
1547
1574
1602
1629
1656
1684
1710
1736
1764
1792
1818
1846
1875
1901
1929
1957
1983
2011
2040
2067
2095
2123
2150
2177
2205
2232
2260
2289
2317
2344
2371
2399
2426
2454
2483
2511
2538
2566
2593
2620
2648
2677
2705
2733
2760
2788
2817
2845
2873
2901
2930
2958
2987
3015
3043
3072
3100
3128
3156
3185
3213
3242
3271
3299
3328
3356
3385
3414
3443
3472
3500
3529
3557
3586
3615
3644
3673
3701
3730
3759
3789
3818
3846
3875
3904
3933
3963
3992
4020
4049
4078
4108
4137
4166
4195
4224
4253
4283
4312
4341
4370
4400
4429
4458
4487
4516
4546
4575
4604
4633
4663
4693
4722
4751
4781
4810
4839
4868
4898
4929
4958
4987
5017
5047
5078
5107
5136
5166
5197
5226
5256
5286
5317
5346
5375
5405
5436
5465
5495
5525
5556
5585
5614
5644
5675
5705
5734
5764
5795
5826
5856
5885
5915
5946
5977
6007
6036
6066
6097
6128
6158
6188
6218
6249
6279
6309
6340
6371
6401
6431
6461
6492
6522
6553
6584
6614
6644
6674
6705
6736
6767
6797
6827
6857
6888
6920
6950
6980
7011
7041
7072
7103
7134
7164
7195
7226
7257
7287
7318
7349
7380
7411
7441
7472
7503
7534
7564
7595
7626
7657
7688
7718
7749
7780
7811
7842
7873
7903
7934
7966
7996
8027
8058
8089
8120
8151
8181
8212
8244
8275
8305
8336
8367
8398
8430
8460
8491
8522
8553
8585
8615
8646
8677
8708
8740
8770
8801
8832
8863
8895
8926
8956
8987
9019
9050
9081
9112
9143
9174
9205
9237
9267
9298
9329
9361
9392
9423
9454
9486
9517
9548
9580
9611
9642
9674
9705
9736
9768
9799
9830
9862
9893
9925
9956
9987
10019
10050
10081
10113
10145
10176
10207
10239
10271
10303
10334
10365
10397
10429
10461
10492
10523
10555
10587
10619
10650
10681
10713
10745
10777
10808
10840
10872
10903
10935
10967
10999
11030
11062
11094
11126
11158
11189
11220
11252
11284
11316
11347
11379
11411
11442
11474
11506
11538
11569
11601
11633
11665
11697
11728
11760
11792
11824
11856
11888
11920
11952
11984
12015
12047
12079
12111
12143
12175
12207
12239
12271
12303
12335
12367
12399
12431
12463
12495
12527
12559
12591
12623
12655
12687
12719
12752
12784
12816
12848
12880
12912
12945
12977
13009
13041
13073
13105
13138
13170
13202
13234
13267
13299
13331
13363
13396
13428
13460
13492
13525
13557
13589
13622
13654
13686
13718
13751
13783
13816
13848
13881
13913
13946
13978
14010
14043
14075
14107
14139
14172
14204
14236
14269
14301
14333
14365
14398
14430
14463
14495
14528
14560
14593
14625
14657
14690
14722
14755
14787
14820
14852
14885
14917
14950
14982
15015
15047
15080
15112
15145
15177
15210
15242
15275
15307
15340
15372
15405
15437
15470
15502
15535
15567
15600
15632
15665
15697
15730
15763
15795
15828
15861
15893
15926
15958
15991
16024
16056
16089
16122
16154
16187
16220
16252
16285
16318
16350
16383
16416
16448
16481
16514
16546
16579
16612
16644
16677
16710
16743
16775
16808
16841
16874
16906
16939
16972
17005
17037
17070
17103
17136
17168
17201
17234
17267
17300
17332
17365
17398
17431
17464
17497
17529
17562
17595
17628
17661
17694
17727
17759
17792
17825
17858
17891
17924
17957
17990
18022
18055
18088
18121
18154
18187
18220
18253
18286
18319
18352
18385
18417
18450
18483
18516
18549
18582
18615
18648
18681
18714
18747
18780
18813
18846
18879
18912
18945
18978
19011
19044
19077
19110
19143
19176
19209
19242
19275
19308
19341
19375
19408
19441
19474
19507
19540
19573
19607
19641
19674
19708
19741
19774
19807
19841
19874
19907
19940
19973
20007
20040
20073
20106
20140
20174
20207
20241
20274
20307
20340
20374
20408
20441
20475
20509
20542
20575
20609
20643
20676
20710
20744
20777
20811
20844
20878
20912
20945
20979
21013
21046
21080
21114
21148
21181
21215
21249
21283
21317
21350
21384
21418
21452
21485
21519
21553
21587
21621
21655
21688
21722
21756
21790
21824
21858
21892
21925
21959
21993
22027
22061
22095
22129
22163
22197
22231
22265
22299
22333
22367
22401
22435
22469
22503
22538
22572
22606
22640
22674
22708
22742
22777
22811
22845
22879
22913
22947
22982
23016
23050
23084
23119
23153
23187
23221
23256
23290
23324
23359
23393
23427
23462
23496
23530
23565
23599
23633
23668
23702
23736
23771
23805
23839
23874
23908
23942
23977
24011
24045
24080
24114
24149
24183
24217
24252
24286
24320
24355
24389
24423
24458
24492
24527
24561
24595
24630
24664
24698
24733
24767
24802
24836
24870
24905
24939
24973
25008
25042
25077
25111
25145
25180
25214
25248
25283
25317
25352
25386
25420
25455
25489
25524
25558
25593
25627
25662
25696
25731
25765
25800
25834
25869
25903
25938
25972
26007
26041
26076
26110
26145
26180
26214
26249
26283
26318
26352
26387
26422
26456
26491
26525
26560
26595
26629
26664
26698
26733
26768
26802
26837
26871
26906
26941
26975
27010
27044
27079
27114
27148
27183
27218
27252
27287
27321
27356
27391
27425
27460
27495
27529
27564
27599
27633
27668
27703
27738
27772
27807
27842
27877
27911
27946
27981
28016
28050
28085
28120
28155
28190
28224
28259
28294
28329
28363
28398
28433
28468
28503
28538
28572
28607
28642
28677
28712
28747
28782
28817
28852
28887
28922
28957
28992
29027
29062
29097
29132
29167
29202
29237
29272
29307
29342
29377
29412
29447
29482
29517
29552
29587
29622
29658
29693
29728
29763
29798
29833
29869
29904
29939
29974
30010
30045
30080
30115
30150
30185
30221
30256
30291
30326
30362
30397
30432
30467
30502
30538
30573
30608
30643
30679
30714
30749
30784
30820
30855
30890
30925
30961
30996
31031
31066
31102
31137
31172
31207
31243
31278
31313
31349
31384
31419
31455
31490
31525
31561
31596
31631
31667
31702
31737
31773
31808
31843
31879
31914
31949
31985
32020
32056
32091
32126
32162
32197
32233
32268
32303
32339
32374
32410
32445
32480
32516
32551
32587
32622
32658
32693
32728
32764
32799
32835
32870
32906
32941
32977
33012
33047
33083
33118
33154
33189
33225
33260
33296
33332
33367
33402
33438
33473
33509
33544
33580
33615
33651
33687
33722
33758
33793
33829
33865
33900
33936
33972
34007
34043
34079
34114
34150
34186
34221
34257
34293
34329
34364
34400
34436
34471
34507
34543
34579
34614
34650
34686
34722
34757
34793
34829
34865
34901
34936
34972
35008
35044
35080
35116
35151
35187
35223
35259
35295
35331
35366
35402
35438
35474
35510
35546
35582
35617
35653
35689
35725
35761
35797
35833
35869
35905
35941
35977
36013
36049
36085
36121
36157
36193
36229
36265
36301
36337
36373
36409
36445
36481
36517
36553
36589
36625
36661
36697
36733
36769
36805
36841
36877
36913
36949
36985
37022
37058
37094
37130
37166
37202
37238
37275
37311
37347
37383
37419
37455
37491
37527
37564
37600
37636
37672
37708
37744
37781
37817
37853
37889
37925
37962
37998
38034
38070
38106
38143
38179
38215
38251
38287
38324
38360
38396
38432
38469
38505
38541
38577
38614
38650
38686
38723
38759
38795
38832
38868
38904
38941
38977
39013
39050
39086
39123
39159
39195
39232
39268
39304
39341
39377
39414
39450
39486
39523
39559
39596
39632
39669
39705
39741
39778
39814
39851
39887
39924
39960
39997
40033
40070
40106
40143
40179
40216
40252
40289
40325
40362
40398
40435
40471
40508
40544
40581
40617
40654
40691
40727
40764
40801
40837
40874
40910
40947
40984
41020
41057
41094
41130
41167
41204
41241
41277
41314
41351
41387
41424
41461
41498
41534
41571
41608
41644
41681
41718
41755
41791
41828
41865
41901
41938
41975
42012
42049
42085
42122
42159
42196
42232
42269
42306
42343
42380
42416
42453
42490
42527
42564
42600
42637
42674
42711
42748
42785
42822
42858
42895
42932
42969
43006
43042
43079
43116
43153
43190
43227
43264
43301
43338
43375
43412
43449
43486
43523
43560
43597
43634
43671
43708
43745
43782
43819
43856
43893
43930
43967
44004
44041
44078
44115
44152
44189
44226
44263
44300
44337
44374
44411
44448
44485
44522
44559
44596
44633
44670
44707
44744
44781
44818
44855
44892
44929
44966
45003
45040
45077
45114
45151
45188
45225
45262
45299
45336
45373
45410
45448
45485
45522
45559
45596
45633
45670
45707
45744
45781
45819
45856
45893
45930
45967
46004
46041
46078
46116
46153
46190
46227
46264
46301
46338
46376
46413
46450
46487
46524
46562
46599
46636
46673
46710
46748
46785
46822
46859
46896
46934
46971
47008
47045
47082
47120
47157
47194
47232
47269
47306
47344
47381
47418
47456
47493
47530
47568
47605
47642
47680
47717
47754
47792
47829
47867
47904
47942
47979
48017
48054
48092
48129
48167
48204
48242
48279
48317
48354
48392
48429
48467
48504
48542
48580
48617
48655
48692
48730
48767
48805
48843
48880
48918
48955
48993
49031
49068
49106
49143
49181
49219
49256
49294
49332
49369
49407
49445
49482
49520
49558
49595
49633
49671
49708
49746
49784
49821
49859
49897
49934
49972
50010
50047
50085
50123
50160
50198
50236
50274
50311
50349
50387
50424
50462
50500
50537
50575
50613
50651
50688
50726
50764
50801
50839
50877
50915
50952
50990
51028
51066
51103
51141
51179
51217
51254
51292
51330
51368
51406
51443
51481
51519
51557
51595
51632
51670
51708
51746
51783
51821
51859
51897
51935
51972
52010
52048
52086
52124
52162
52199
52237
52275
52313
52351
52389
52427
52465
52502
52540
52578
52616
52654
52692
52730
52768
52806
52844
52882
52920
52958
52996
53034
53072
53110
53148
53186
53224
53262
53300
53338
53376
53414
53452
53490
53528
53566
53604
53642
53680
53718
53756
53794
53832
53870
53908
53946
53984
54022
54060
54098
54136
54174
54212
54250
54288
54326
54364
54402
54440
54478
54516
54554
54592
54630
54668
54706
54744
54782
54820
54858
54896
54934
54972
55010
55048
55086
55124
55162
55200
55238
55276
55314
55352
55390
55428
55466
55504
55542
55581
55619
55657
55695
55733
55771
55809
55847
55885
55924
55962
56000
56038
56076
56114
56153
56191
56229
56267
56305
56344
56382
56420
56458
56496
56535
56573
56611
56649
56687
56726
56764
56802
56840
56879
56917
56955
56993
57032
57070
57108
57146
57185
57223
57261
57299
57338
57376
57414
57453
57491
57529
57568
57606
57644
57683
57721
57759
57798
57836
57875
57913
57951
57990
58028
58067
58105
58143
58182
58220
58259
58297
58336
58374
58413
58451
58490
58528
58567
58605
58644
58682
58721
58759
58798
58836
58875
58913
58952
58990
59029
59068
59106
59145
59183
59222
59260
59299
59338
59376
59415
59453
59492
59531
59569
59608
59646
59685
59724
59762
59801
59840
59878
59917
59956
59994
60033
60072
60111
60149
60188
60227
60266
60304
60343
60382
60421
60459
60498
60537
60576
60615
60653
60692
60731
60770
60809
60847
60886
60925
60964
61003
61041
61080
61119
61158
61197
61236
61274
61313
61352
61391
61430
61469
61508
61546
61585
61624
61663
61702
61741
61780
61819
61857
61896
61935
61974
62013
62052
62091
62130
62169
62208
62247
62286
62325
62364
62403
62442
62481
62520
62559
62598
62637
62676
62715
62754
62793
62832
62871
62910
62949
62988
63027
63066
63105
63144
63183
63222
63261
63300
63339
63378
63417
63456
63495
63534
63573
63612
63651
63690
63729
63768
63807
63846
63885
63924
63963
64002
64041
64080
64119
64158
64197
64236
64276
64315
64354
64393
64433
64472
64511
64550
64590
64629
64668
64707
64747
64786
64825
64864
64904
64943
64982
65021
65061
65100
65139
65179
65218
65257
65297
65336
65375
65415
65454
65493
65533
65572
65611
65651
65690
65729
65769
65808
65847
65887
65926
65965
66005
66044
66084
66123
66162
66202
66241
66280
66320
66359
66399
66438
66477
66517
66556
66596
66635
66674
66714
66753
66793
66832
66872
66911
66951
66990
67029
67069
67108
67148
67187
67227
67266
67306
67345
67385
67424
67464
67503
67543
67582
67622
67661
67701
67740
67780
67819
67859
67898
67938
67977
68017
68056
68096
68135
68175
68214
68254
68293
68333
68373
68412
68452
68491
68531
68571
68610
68650
68689
68729
68769
68808
68848
68887
68927
68967
69006
69046
69085
69125
69165
69204
69244
69283
69323
69363
69403
69442
69482
69522
69562
69601
69641
69681
69721
69761
69800
69840
69880
69920
69960
69999
70039
70079
70119
70159
70199
70238
70278
70318
70358
70398
70438
70477
70517
70557
70597
70637
70677
70716
70756
70796
70836
70876
70916
70956
70996
71036
71076
71116
71156
71196
71236
71276
71316
71356
71396
71436
71476
71516
71556
71596
71636
71676
71716
71756
71796
71836
71876
71916
71956
71996
72036
72076
72116
72156
72196
72236
72276
72316
72356
72396
72436
72476
72516
72556
72596
72636
72676
72716
72756
72796
72836
72876
72916
72956
72996
73036
73076
73116
73156
73196
73236
73276
73316
73356
73396
73436
73476
73516
73556
73596
73636
73676
73716
73756
73796
73836
73876
73916
73956
73996
74036
74076
74116
74156
74196
74236
74276
74316
74356
74396
74436
74476
74516
74557
74597
74637
74677
74717
74757
74797
74837
74878
74918
74958
74998
75038
75078
75118
75159
75199
75239
75279
75319
75359
75400
75440
75480
75520
75561
75601
75641
75682
75722
75762
75802
75843
75883
75923
75964
76004
76045
76085
76126
76166
76207
76247
76288
76328
76369
76409
76450
76490
76531
76571
76612
76652
76693
76733
76774
76815
76855
76896
76936
76977
77018
77058
77099
77140
77180
77221
77262
77302
77343
77384
77424
77465
77506
77546
77587
77628
77668
77709
77750
77790
77831
77872
77913
77953
77994
78035
78076
78116
78157
78198
78239
78279
78320
78361
78402
78442
78483
78524
78565
78606
78647
78688
78729
78769
78810
78851
78892
78933
78974
79015
79056
79097
79138
79179
79220
79261
79302
79343
79384
79425
79466
79507
79548
79589
79630
79671
79712
79753
79794
79835
79876
79917
79958
79999
80040
80081
80122
80163
80204
80245
80286
80327
80368
80409
80450
80491
80532
80573
80614
80655
80696
80737
80778
80819
80860
80901
80942
80983
81024
81065
81106
81147
81188
81229
81270
81311
81352
81393
81434
81475
81516
81557
81598
81639
81680
81721
81762
81803
81844
81885
81926
81967
82008
82049
82090
82131
82172
82213
82254
82295
82337
82378
82419
82460
82501
82542
82583
82625
82666
82707
82748
82789
82831
82872
82913
82954
82996
83037
83078
83119
83161
83202
83243
83284
83326
83367
83408
83449
83491
83532
83573
83614
83656
83697
83738
83780
83821
83862
83903
83945
83986
84027
84069
84110
84151
84193
84234
84275
84317
84358
84399
84441
84482
84523
84565
84606
84647
84689
84730
84771
84813
84854
84895
84937
84978
85019
85061
85102
85143
85185
85226
85268
85309
85350
85392
85433
85475
85516
85558
85599
85641
85682
85724
85765
85807
85848
85890
85931
85973
86014
86056
86097
86139
86180
86222
86263
86305
86346
86388
86429
86471
86512
86554
86595
86637
86679
86720
86762
86803
86845
86887
86928
86970
87012
87053
87095
87137
87179
87220
87262
87304
87345
87387
87429
87471
87512
87554
87596
87637
87679
87721
87763
87804
87846
87888
87930
87971
88013
88055
88097
88138
88180
88222
88264
88306
88347
88389
88431
88473
88514
88556
88598
88640
88682
88724
88765
88807
88849
88891
88933
88975
89016
89058
89100
89142
89184
89226
89267
89309
89351
89393
89435
89477
89519
89561
89603
89645
89687
89729
89771
89813
89855
89897
89939
89981
90023
90065
90107
90149
90191
90233
90275
90317
90359
90401
90443
90485
90527
90569
90611
90653
90695
90737
90779
90821
90863
90905
90947
90989
91031
91073
91115
91157
91199
91241
91283
91325
91367
91409
91451
91493
91535
91577
91619
91661
91703
91745
91787
91829
91871
91913
91955
91997
92039
92081
92123
92165
92207
92249
92291
92333
92375
92417
92459
92501
92543
92585
92627
92669
92711
92753
92795
92837
92879
92921
92963
93005
93047
93089
93131
93173
93215
93257
93299
93341
93383
93425
93467
93509
93551
93593
93635
93677
93719
93761
93803
93845
93888
93930
93972
94014
94056
94098
94141
94183
94225
94267
94310
94352
94394
94436
94479
94521
94563
94605
94648
94690
94732
94775
94817
94859
94901
94944
94986
95028
95071
95113
95155
95198
95240
95282
95324
95367
95409
95451
95494
95536
95578
95621
95663
95705
95748
95790
95832
95875
95917
95959
96002
96044
96086
96129
96171
96214
96256
96299
96341
96383
96426
96468
96511
96553
96596
96638
96681
96723
96766
96808
96851
96893
96936
96978
97021
97063
97106
97148
97191
97233
97276
97318
97361
97403
97446
97488
97531
97573
97616
97658
97701
97743
97786
97828
97871
97913
97956
97998
98041
98083
98126
98168
98211
98254
98296
98339
98381
98424
98466
98509
98552
98594
98637
98679
98722
98765
98807
98850
98893
98935
98978
99021
99063
99106
99149
99191
99234
99277
99319
99362
99405
99447
99490
99533
99575
99618
99661
99703
99746
99789
99831
99874
99917
99959
100002
100045
100088
100130
100173
100216
100259
100301
100344
100387
100430
100472
100515
100558
100601
100643
100686
100729
100772
100815
100857
100900
100943
100986
101029
101071
101114
101157
101200
101243
101285
101328
101371
101414
101457
101500
101542
101585
101628
101671
101714
101757
101799
101842
101885
101928
101971
102014
102057
102099
102142
102185
102228
102271
102314
102357
102400
102443
102486
102529
102572
102615
102658
102701
102744
102787
102830
102873
102916
102959
103002
103045
103088
103131
103174
103217
103260
103303
103346
103389
103432
103475
103518
103561
103604
103647
103690
103733
103776
103819
103862
103905
103948
103991
104034
104077
104120
104163
104206
104249
104292
104335
104378
104421
104464
104507
104550
104593
104636
104679
104722
104765
104808
104851
104894
104937
104980
105023
105066
105109
105152
105195
105238
105281
105324
105367
105410
105453
105496
105539
105582
105625
105668
105711
105754
105797
105840
105883
105927
105970
106013
106056
106099
106142
106185
106229
106272
106315
106358
106401
106445
106488
106531
106574
106618
106661
106704
106747
106791
106834
106877
106920
106964
107007
107050
107093
107137
107180
107223
107267
107310
107353
107397
107440
107483
107527
107570
107613
107657
107700
107743
107787
107830
107874
107917
107960
108004
108047
108091
108134
108177
108221
108264
108308
108351
108394
108438
108481
108525
108568
108612
108655
108699
108742
108785
108829
108872
108916
108959
109003
109046
109090
109133
109177
109220
109264
109307
109351
109394
109438
109481
109525
109568
109612
109655
109699
109742
109786
109829
109873
109917
109960
110004
110047
110091
110135
110178
110222
110265
110309
110353
110396
110440
110483
110527
110571
110614
110658
110702
110745
110789
110832
110876
110920
110963
111007
111051
111094
111138
111182
111225
111269
111313
111356
111400
111444
111487
111531
111575
111618
111662
111706
111749
111793
111837
111880
111924
111968
112012
112055
112099
112143
112186
112230
112274
112317
112361
112405
112449
112492
112536
112580
112624
112667
112711
112755
112799
112843
112886
112930
112974
113018
113062
113105
113149
113193
113237
113281
113325
113369
113413
113457
113501
113545
113589
113633
113677
113721
113765
113809
113853
113897
113941
113985
114029
114073
114117
114161
114205
114249
114293
114337
114381
114425
114469
114513
114557
114601
114645
114689
114733
114777
114821
114865
114909
114953
114997
115041
115085
115129
115173
115217
115261
115305
115349
115393
115437
115481
115525
115569
115613
115657
115701
115745
115789
115833
115877
115921
115965
116009
116053
116097
116141
116185
116229
116273
116317
116361
116405
116449
116493
116537
116581
116625
116669
116713
116758
116802
116846
116890
116934
116978
117022
117066
117110
117154
117199
117243
117287
117331
117375
117419
117464
117508
117552
117596
117640
117684
117728
117772
117816
117861
117905
117949
117993
118037
118081
118126
118170
118214
118258
118302
118346
118391
118435
118479
118523
118568
118612
118656
118700
118745
118789
118833
118878
118922
118966
119011
119055
119099
119144
119188
119232
119277
119321
119365
119410
119454
119499
119543
119587
119632
119676
119721
119765
119810
119854
119899
119943
119988
120032
120077
120121
120166
120210
120255
120299
120344
120388
120433
120477
120522
120566
120611
120655
120700
120744
120789
120834
120878
120923
120967
121012
121056
121101
121146
121190
121235
121279
121324
121369
121413
121458
121502
121547
121592
121636
121681
121725
121770
121815
121859
121904
121948
121993
122038
122082
122127
122171
122216
122261
122305
122350
122395
122439
122484
122529
122573
122618
122663
122707
122752
122797
122841
122886
122931
122975
123020
123065
123109
123154
123199
123243
123288
123333
123377
123422
123467
123512
123556
123601
123646
123691
123735
123780
123825
123870
123915
123959
124004
124049
124094
124139
124183
124228
124273
124318
124363
124408
124453
124498
124543
124588
124633
124678
124723
124768
124813
124858
124903
124948
124993
125038
125083
125128
125173
125218
125263
125308
125353
125398
125443
125488
125533
125578
125623
125668
125713
125758
125803
125848
125893
125938
125983
126028
126073
126118
126163
126208
126253
126298
126343
126388
126433
126478
126523
126568
126613
126658
126703
126748
126793
126838
126883
126928
126973
127018
127063
127108
127153
127198
127243
127288
127333
127378
127423
127469
127514
127559
127604
127649
127694
127740
127785
127830
127876
127921
127966
128012
128057
128102
128148
128193
128239
128284
128329
128375
128420
128465
128511
128556
128602
128647
128692
128738
128783
128829
128874
128919
128965
129010
129056
129101
129147
129192
129238
129283
129329
129374
129420
129465
129511
129556
129602
129647
129693
129738
129784
129829
129875
129920
129966
130011
130057
130102
130148
130193
130239
130284
130330
130375
130421
130466
130512
130557
130603
130648
130694
130739
130785
130830
130876
130921
130967
131012
131058
131103
131149
131195
131240
131286
131332
131377
131423
131469
131514
131560
131606
131651
131697
131743
131788
131834
131880
131925
131971
132017
132063
132108
132154
132200
132246
132291
132337
132383
132429
132475
132521
132567
132613
132659
132705
132751
132797
132843
132889
132935
132981
133027
133073
133119
133165
133211
133257
133303
133349
133395
133441
133487
133533
133579
133625
133671
133717
133763
133809
133855
133901
133947
133993
134039
134085
134131
134177
134223
134269
134315
134361
134407
134453
134499
134545
134591
134637
134683
134729
134775
134821
134867
134913
134959
135005
135051
135097
135143
135189
135235
135281
135327
135373
135419
135465
135511
135557
135603
135649
135695
135741
135787
135833
135879
135926
135972
136018
136064
136110
136156
136202
136248
136295
136341
136387
136433
136479
136526
136572
136618
136664
136711
136757
136803
136849
136896
136942
136988
137034
137081
137127
137173
137219
137266
137312
137358
137405
137451
137497
137544
137590
137636
137683
137729
137775
137822
137868
137914
137961
138007
138053
138100
138146
138192
138239
138285
138332
138378
138424
138471
138517
138564
138610
138657
138703
138750
138796
138843
138889
138936
138982
139029
139075
139122
139168
139215
139261
139308
139354
139401
139447
139494
139540
139587
139633
139680
139726
139773
139819
139866
139912
139959
140005
140052
140098
140145
140191
140238
140284
140331
140377
140424
140470
140517
140563
140610
140657
140703
140750
140796
140843
140890
140936
140983
141030
141076
141123
141170
141216
141263
141310
141356
141403
141450
141496
141543
141590
141636
141683
141730
141777
141824
141871
141917
141964
142011
142058
142105
142152
142199
142246
142293
142340
142387
142434
142481
142528
142575
142622
142669
142716
142763
142810
142857
142904
142951
142998
143045
143092
143139
143186
143233
143280
143327
143374
143421
143468
143515
143562
143609
143656
143703
143750
143797
143844
143891
143938
143985
144032
144079
144126
144173
144220
144267
144314
144361
144408
144455
144502
144549
144596
144643
144690
144737
144784
144831
144878
144925
144972
145019
145066
145113
145160
145207
145254
145301
145348
145395
145442
145489
145536
145583
145630
145677
145724
145771
145818
145865
145912
145959
146006
146053
146100
146147
146194
146241
146288
146336
146383
146430
146477
146524
146572
146619
146666
146713
146760
146808
146855
146902
146949
146997
147044
147091
147138
147186
147233
147280
147328
147375
147422
147470
147517
147564
147612
147659
147706
147754
147801
147849
147896
147943
147991
148038
148086
148133
148181
148228
148275
148323
148370
148418
148465
148513
148560
148607
148655
148702
148750
148797
148845
148892
148940
148987
149035
149082
149130
149177
149225
149272
149320
149367
149415
149462
149510
149557
149605
149652
149700
149747
149795
149842
149890
149937
149985
150032
150080
150127
150175
150222
150270
150317
150365
150412
150460
150508
150555
150603
150651
150698
150746
150794
150841
150889
150937
150984
151032
151080
151127
151175
151223
151271
151319
151366
151414
151462
151510
151558
151606
151654
151702
151750
151798
151846
151894
151942
151990
152038
152086
152134
152182
152230
152278
152326
152374
152422
152470
152518
152566
152614
152662
152710
152758
152806
152854
152902
152950
152998
153046
153094
153142
153190
153238
153286
153334
153382
153430
153478
153526
153574
153622
153670
153718
153766
153814
153862
153910
153958
154006
154054
154102
154150
154198
154246
154294
154342
154391
154439
154487
154535
154584
154632
154680
154728
154777
154825
154873
154921
154970
155018
155066
155115
155163
155211
155260
155308
155356
155405
155453
155501
155550
155598
155646
155695
155743
155791
155840
155888
155937
155985
156033
156082
156130
156179
156227
156276
156324
156373
156421
156470
156518
156567
156615
156664
156712
156761
156809
156858
156906
156955
157003
157052
157100
157149
157197
157246
157294
157343
157391
157440
157488
157537
157585
157634
157682
157731
157779
157828
157877
157925
157974
158022
158071
158120
158168
158217
158265
158314
158363
158411
158460
158509
158557
158606
158655
158703
158752
158801
158849
158898
158947
158995
159044
159093
159141
159190
159239
159287
159336
159385
159433
159482
159531
159579
159628
159677
159725
159774
159823
159872
159920
159969
160018
160066
160115
160164
160213
160261
160310
160359
160408
160457
160505
160554
160603
160651
160700
160749
160798
160846
160895
160944
160993
161042
161091
161140
161188
161237
161286
161335
161384
161433
161482
161531
161580
161629
161678
161727
161776
161825
161874
161923
161972
162021
162070
162119
162168
162217
162266
162315
162364
162413
162462
162511
162560
162609
162658
162707
162756
162805
162854
162903
162952
163001
163050
163099
163148
163197
163246
163295
163344
163393
163442
163491
163540
163589
163638
163687
163736
163785
163834
163883
163932
163981
164030
164079
164128
164177
164226
164275
164324
164373
164422
164471
164520
164569
164618
164667
164716
164765
164814
164863
164912
164961
165010
165059
165108
165157
165206
165255
165304
165353
165402
165451
165500
165549
165598
165647
165696
165745
165794
165843
165892
165941
165990
166039
166088
166137
166186
166235
166284
166333
166382
166431
166480
166529
166578
166627
166676
166725
166775
166824
166873
166922
166971
167020
167070
167119
167168
167217
167266
167316
167365
167414
167464
167513
167562
167611
167660
167710
167759
167808
167858
167907
167956
168006
168055
168104
168154
168203
168252
168302
168351
168400
168450
168499
168548
168598
168647
168696
168746
168795
168845
168894
168943
168993
169042
169092
169141
169190
169240
169289
169339
169388
169438
169487
169537
169586
169636
169685
169735
169784
169834
169883
169933
169982
170032
170081
170131
170180
170230
170279
170329
170378
170428
170477
170527
170576
170626
170675
170725
170774
170824
170873
170923
170972
171022
171071
171121
171171
171220
171270
171319
171369
171419
171468
171518
171567
171617
171667
171716
171766
171816
171865
171915
171965
172014
172064
172114
172163
172213
172263
172312
172362
172412
172462
172511
172561
172611
172661
172710
172760
172810
172860
172909
172959
173009
173059
173109
173159
173209
173259
173309
173359
173409
173459
173509
173559
173609
173659
173709
173759
173809
173859
173909
173959
174009
174059
174109
174159
174209
174259
174309
174359
174409
174459
174509
174559
174609
174659
174709
174759
174809
174859
174909
174959
175009
175059
175109
175159
175209
175259
175309
175359
175409
175459
175509
175559
175609
175659
175709
175759
175809
175859
175909
175959
176009
176059
176109
176159
176209
176259
176309
176360
176410
176460
176510
176561
176611
176661
176711
176761
176812
176862
176912
176962
177013
177063
177113
177164
177214
177264
177315
177365
177415
177466
177516
177566
177617
177667
177718
177768
177819
177869
177920
177970
178021
178071
178122
178172
178223
178273
178324
178374
178425
178475
178526
178576
178627
178677
178728
178778
178829
178879
178930
178980
179031
179081
179132
179182
179233
179283
179334
179384
179435
179485
179536
179586
179637
179687
179738
179788
179839
179889
179940
179990
180041
180091
180142
180192
180243
180294
180344
180395
180445
180496
180547
180597
180648
180699
180749
180800
180851
180901
180952
181003
181053
181104
181155
181205
181256
181307
181357
181408
181459
181510
181560
181611
181662
181713
181763
181814
181865
181916
181967
182017
182068
182119
182170
182221
182271
182322
182373
182424
182475
182526
182577
182628
182679
182730
182781
182832
182883
182934
182985
183036
183087
183138
183189
183240
183291
183342
183393
183444
183495
183546
183597
183648
183699
183750
183801
183852
183903
183954
184005
184056
184107
184158
184209
184260
184311
184362
184413
184464
184515
184566
184617
184668
184719
184770
184821
184872
184923
184974
185025
185076
185127
185178
185229
185280
185331
185382
185433
185484
185535
185586
185637
185688
185739
185790
185841
185892
185943
185994
186045
186096
186147
186198
186249
186300
186351
186402
186453
186504
186555
186606
186657
186708
186759
186810
186861
186912
186963
187014
187065
187116
187168
187219
187270
187321
187372
187424
187475
187526
187577
187629
187680
187731
187782
187834
187885
187936
187987
188039
188090
188141
188193
188244
188295
188347
188398
188449
188501
188552
188603
188655
188706
188757
188809
188860
188911
188963
189014
189065
189117
189168
189220
189271
189323
189374
189426
189477
189529
189580
189632
189683
189735
189786
189838
189889
189941
189992
190044
190095
190147
190198
190250
190301
190353
190404
190456
190508
190559
190611
190663
190714
190766
190818
190869
190921
190973
191024
191076
191128
191179
191231
191283
191334
191386
191438
191490
191542
191594
191645
191697
191749
191801
191853
191905
191957
192009
192061
192113
192165
192217
192269
192321
192373
192425
192477
192529
192581
192633
192685
192737
192789
192841
192893
192945
192997
193049
193101
193153
193205
193257
193309
193361
193413
193465
193517
193569
193621
193673
193725
193777
193829
193881
193933
193985
194037
194089
194141
194193
194245
194297
194349
194401
194453
194505
194557
194609
194661
194713
194765
194817
194869
194921
194973
195025
195077
195129
195181
195233
195285
195337
195389
195441
195493
195545
195597
195649
195701
195753
195805
195857
195909
195961
196013
196065
196117
196170
196222
196274
196326
196379
196431
196483
196535
196588
196640
196692
196745
196797
196849
196902
196954
197007
197059
197112
197164
197217
197269
197322
197374
197427
197479
197532
197584
197637
197689
197742
197794
197847
197899
197952
198004
198057
198110
198162
198215
198267
198320
198373
198425
198478
198531
198583
198636
198689
198741
198794
198847
198900
198952
199005
199058
199110
199163
199216
199269
199321
199374
199427
199480
199532
199585
199638
199691
199744
199797
199850
199903
199956
200009
200062
200115
200168
200221
200274
200327
200380
200433
200486
200539
200592
200645
200698
200751
200804
200857
200910
200963
201016
201069
201122
201175
201228
201281
201334
201387
201440
201493
201546
201599
201652
201705
201758
201811
201864
201917
201970
202023
202076
202129
202182
202235
202288
202341
202394
202447
202500
202553
202606
202659
202712
202765
202818
202871
202924
202977
203030
203083
203136
203189
203242
203295
203348
203401
203454
203507
203560
203613
203666
203719
203772
203826
203879
203932
203985
204039
204092
204145
204198
204252
204305
204358
204412
204465
204518
204572
204625
204678
204732
204785
204838
204892
204945
204998
205052
205105
205159
205212
205265
205319
205372
205426
205479
205532
205586
205639
205693
205746
205800
205853
205907
205960
206014
206067
206121
206174
206228
206281
206335
206388
206442
206495
206549
206602
206656
206709
206763
206816
206870
206923
206977
207030
207084
207137
207191
207244
207298
207351
207405
207458
207512
207565
207619
207672
207726
207779
207833
207887
207940
207994
208047
208101
208155
208208
208262
208316
208369
208423
208477
208531
208585
208638
208692
208746
208800
208854
208908
208962
209016
209070
209124
209178
209232
209286
209340
209394
209448
209502
209556
209610
209664
209718
209772
209826
209880
209934
209988
210042
210096
210150
210204
210258
210312
210366
210420
210474
210528
210582
210636
210690
210744
210798
210852
210906
210960
211014
211068
211122
211176
211230
211284
211338
211392
211446
211500
211554
211608
211662
211716
211770
211824
211878
211932
211986
212040
212094
212148
212202
212256
212310
212364
212418
212472
212526
212580
212634
212688
212742
212796
212850
212905
212959
213013
213067
213121
213175
213229
213284
213338
213392
213446
213501
213555
213609
213664
213718
213772
213827
213881
213935
213990
214044
214098
214153
214207
214262
214316
214370
214425
214479
214534
214588
214643
214697
214752
214806
214861
214915
214970
215024
215079
215133
215188
215242
215297
215351
215406
215460
215515
215569
215624
215678
215733
215787
215842
215896
215951
216005
216060
216114
216169
216223
216278
216332
216387
216441
216496
216550
216605
216660
216714
216769
216824
216878
216933
216988
217042
217097
217152
217206
217261
217316
217371
217425
217480
217535
217590
217644
217699
217754
217809
217864
217919
217974
218029
218084
218139
218194
218249
218304
218359
218414
218469
218524
218579
218634
218689
218744
218799
218854
218909
218964
219019
219074
219129
219184
219239
219294
219349
219404
219459
219514
219569
219624
219679
219734
219789
219844
219899
219954
220009
220064
220119
220174
220229
220284
220339
220394
220449
220504
220559
220614
220669
220724
220779
220834
220889
220944
220999
221054
221109
221164
221219
221274
221329
221384
221439
221494
221549
221604
221659
221714
221769
221824
221879
221934
221989
222044
222099
222154
222209
222264
222319
222374
222429
222484
222539
222594
222649
222704
222759
222814
222869
222924
222979
223035
223090
223145
223200
223255
223311
223366
223421
223476
223532
223587
223642
223697
223753
223808
223863
223918
223974
224029
224084
224140
224195
224250
224306
224361
224416
224472
224527
224582
224638
224693
224749
224804
224860
224915
224971
225026
225082
225137
225193
225248
225304
225359
225415
225470
225526
225581
225637
225692
225748
225803
225859
225914
225970
226025
226081
226136
226192
226247
226303
226358
226414
226469
226525
226580
226636
226691
226747
226802
226858
226913
226969
227025
227080
227136
227192
227247
227303
227359
227414
227470
227526
227581
227637
227693
227748
227804
227860
227916
227972
228028
228084
228140
228196
228252
228308
228364
228420
228476
228532
228588
228644
228700
228756
228812
228868
228924
228980
229036
229092
229148
229204
229260
229316
229372
229428
229484
229540
229596
229652
229708
229764
229820
229876
229932
229988
230044
230100
230156
230212
230268
230324
230380
230436
230492
230548
230604
230660
230716
230772
230828
230884
230940
230996
231052
231108
231164
231220
231276
231332
231388
231444
231500
231556
231612
231668
231724
231780
231836
231892
231948
232004
232060
232116
232172
232228
232285
232341
232397
232453
232509
232566
232622
232678
232734
232791
232847
232903
232960
233016
233072
233129
233185
233241
233298
233354
233411
233467
233524
233580
233636
233693
233749
233806
233862
233919
233975
234032
234088
234145
234201
234258
234314
234371
234427
234484
234540
234597
234653
234710
234766
234823
234879
234936
234992
235049
235105
235162
235218
235275
235331
235388
235444
235501
235557
235614
235670
235727
235783
235840
235897
235953
236010
236066
236123
236180
236236
236293
236350
236406
236463
236520
236576
236633
236690
236746
236803
236860
236916
236973
237030
237086
237143
237200
237256
237313
237370
237427
237484
237541
237598
237655
237712
237769
237826
237883
237940
237997
238054
238111
238168
238225
238282
238339
238396
238453
238510
238567
238624
238681
238738
238795
238852
238909
238966
239023
239080
239137
239194
239251
239308
239365
239422
239479
239536
239593
239650
239707
239764
239821
239878
239935
239992
240049
240106
240163
240220
240277
240334
240391
240448
240505
240562
240619
240676
240733
240790
240847
240904
240961
241018
241075
241132
241189
241246
241303
241360
241417
241474
241531
241589
241646
241703
241760
241817
241875
241932
241989
242046
242104
242161
242218
242275
242333
242390
242447
242505
242562
242619
242677
242734
242791
242849
242906
242963
243021
243078
243135
243193
243250
243307
243365
243422
243479
243537
243594
243652
243709
243767
243824
243882
243939
243997
244054
244112
244169
244227
244284
244342
244399
244457
244514
244572
244629
244687
244744
244802
244859
244917
244974
245032
245089
245147
245204
245262
245319
245377
245434
245492
245549
245607
245664
245722
245779
245837
245894
245952
246010
246067
246125
246183
246240
246298
246356
246414
246471
246529
246587
246645
246703
246761
246819
246877
246935
246993
247051
247109
247167
247225
247283
247341
247399
247457
247515
247573
247631
247689
247747
247805
247863
247921
247979
248037
248095
248153
248211
248269
248327
248385
248443
248501
248559
248617
248675
248733
248791
248849
248907
248965
249023
249081
249139
249197
249255
249313
249371
249429
249487
249545
249603
249661
249719
249777
249835
249893
249951
250009
250067
250125
250183
250241
250299
250357
250415
250473
250531
250589
250647
250705
250763
250821
250879
250937
250995
251053
251112
251170
251228
251286
251344
251403
251461
251519
251578
251636
251694
251753
251811
251869
251928
251986
252044
252103
252161
252220
252278
252337
252395
252454
252512
252571
252629
252688
252746
252805
252863
252922
252980
253039
253097
253156
253214
253273
253331
253390
253448
253507
253566
253624
253683
253742
253800
253859
253918
253976
254035
254094
254152
254211
254270
254328
254387
254446
254505
254564
254623
254682
254741
254800
254859
254918
254977
255036
255095
255154
255213
255272
255331
255390
255449
255508
255567
255626
255685
255744
255803
255862
255921
255980
256039
256098
256157
256216
256275
256334
256393
256452
256511
256570
256629
256688
256747
256806
256865
256924
256983
257042
257101
257160
257219
257278
257337
257396
257455
257514
257573
257632
257691
257750
257809
257868
257927
257986
258045
258104
258163
258222
258281
258340
258399
258458
258517
258576
258635
258694
258753
258812
258871
258930
258989
259048
259107
259166
259225
259284
259343
259403
259462
259521
259580
259639
259699
259758
259817
259877
259936
259995
260055
260114
260173
260233
260292
260351
260411
260470
260530
260589
260649
260708
260768
260827
260887
260946
261006
261065
261125
261184
261244
261303
261363
261422
261482
261541
261601
261661
261720
261780
261840
261899
261959
262019
262079
262139
262199
262259
262319
262379
262439
262499
262559
262619
262679
262739
262799
262859
262919
262979
263039
263099
263159
263219
263279
263339
263399
263459
263519
263579
263639
263699
263759
263819
263879
263939
263999
264059
264119
264179
264239
264299
264359
264419
264479
264539
264599
264659
264719
264780
264840
264900
264960
265021
265081
265141
265201
265262
265322
265382
265443
265503
265563
265624
265684
265744
265805
265865
265926
265986
266047
266107
266168
266228
266289
266349
266410
266470
266531
266591
266652
266712
266773
266833
266894
266954
267015
267075
267136
267196
267257
267317
267378
267438
267499
267560
267620
267681
267741
267802
267863
267923
267984
268045
268105
268166
268227
268288
268348
268409
268470
268531
268592
268653
268714
268775
268836
268897
268958
269019
269080
269141
269202
269263
269324
269385
269446
269507
269568
269629
269690
269751
269812
269873
269934
269995
270056
270117
270178
270239
270300
270361
270422
270483
270544
270605
270666
270727
270788
270849
270910
270971
271032
271093
271154
271215
271276
271337
271398
271459
271520
271581
271642
271703
271764
271825
271886
271947
272008
272069
272130
272191
272252
272313
272374
272435
272496
272557
272618
272679
272740
272801
272862
272923
272984
273045
273106
273167
273229
273290
273351
273413
273474
273535
273597
273658
273719
273781
273842
273904
273965
274027
274088
274150
274211
274273
274334
274396
274457
274519
274580
274642
274703
274765
274826
274888
274949
275011
275072
275134
275195
275257
275318
275380
275442
275503
275565
275627
275688
275750
275812
275873
275935
275997
276058
276120
276182
276243
276305
276367
276429
276491
276553
276615
276677
276739
276801
276863
276925
276987
277049
277111
277173
277235
277297
277359
277421
277483
277545
277607
277669
277731
277793
277855
277917
277979
278041
278103
278165
278227
278289
278351
278413
278475
278537
278599
278661
278723
278785
278847
278909
278971
279033
279095
279157
279219
279281
279343
279405
279467
279529
279591
279653
279715
279777
279839
279902
279964
280026
280088
280150
280213
280275
280337
280399
280462
280524
280586
280648
280711
280773
280836
280898
280961
281023
281086
281148
281211
281273
281336
281398
281461
281523
281586
281648
281711
281773
281836
281898
281961
282023
282086
282148
282211
282273
282336
282398
282461
282524
282586
282649
282712
282775
282838
282901
282964
283027
283090
283153
283216
283279
283342
283405
283468
283531
283594
283657
283720
283783
283846
283909
283972
284035
284098
284161
284224
284287
284350
284413
284476
284539
284602
284665
284728
284791
284854
284917
284980
285043
285106
285169
285232
285295
285358
285421
285484
285547
285610
285673
285736
285799
285862
285925
285988
286051
286114
286177
286240
286303
286366
286430
286493
286556
286620
286683
286746
286810
286873
286936
287000
287063
287126
287190
287253
287317
287380
287444
287507
287571
287634
287698
287761
287825
287888
287952
288015
288079
288143
288206
288270
288334
288397
288461
288525
288588
288652
288716
288779
288843
288907
288970
289034
289098
289161
289225
289289
289353
289416
289480
289544
289608
289672
289735
289799
289863
289927
289991
290055
290119
290183
290247
290311
290375
290439
290503
290567
290631
290695
290759
290823
290887
290951
291015
291079
291143
291207
291271
291335
291399
291463
291527
291591
291655
291719
291783
291847
291911
291975
292039
292103
292167
292231
292295
292359
292423
292487
292551
292615
292679
292743
292807
292871
292935
292999
293063
293127
293191
293255
293319
293383
293447
293511
293575
293639
293703
293768
293832
293896
293961
294025
294089
294154
294218
294282
294347
294411
294475
294540
294604
294668
294733
294797
294861
294926
294990
295055
295119
295184
295248
295313
295377
295442
295506
295571
295635
295700
295764
295829
295893
295958
296022
296087
296151
296216
296281
296346
296411
296476
296541
296606
296671
296736
296801
296866
296931
296996
297061
297126
297191
297256
297321
297386
297451
297516
297581
297646
297711
297776
297841
297906
297971
298036
298101
298166
298231
298296
298361
298426
298491
298556
298621
298686
298751
298816
298881
298946
299011
299076
299141
299206
299271
299336
299401
299466
299531
299596
299661
299726
299791
299856
299921
299986
300051
300116
300181
300246
300311
300376
300441
300506
300571
300636
300701
300766
300831
300896
300961
301026
301091
301157
301222
301287
301352
301418
301483
301548
301614
301679
301744
301810
301875
301940
302006
302071
302137
302202
302268
302333
302399
302464
302530
302595
302661
302726
302792
302857
302923
302988
303054
303119
303185
303250
303316
303381
303447
303512
303578
303643
303709
303774
303840
303905
303971
304036
304102
304167
304233
304298
304364
304429
304495
304560
304626
304692
304758
304824
304890
304956
305022
305088
305154
305220
305286
305352
305418
305484
305550
305616
305682
305748
305814
305880
305946
306012
306078
306144
306210
306276
306342
306408
306474
306540
306606
306672
306738
306804
306870
306936
307002
307068
307134
307200
307266
307332
307398
307464
307530
307596
307662
307728
307794
307860
307926
307992
308058
308124
308190
308256
308322
308388
308454
308520
308586
308652
308719
308785
308851
308917
308984
309050
309116
309183
309249
309315
309382
309448
309515
309581
309648
309714
309781
309847
309914
309980
310047
310113
310180
310246
310313
310379
310446
310512
310579
310646
310712
310779
310846
310913
310979
311046
311113
311180
311247
311314
311381
311448
311515
311582
311649
311716
311783
311850
311917
311984
312051
312118
312185
312252
312319
312386
312453
312520
312587
312654
312721
312788
312855
312922
312989
313056
313123
313190
313257
313324
313391
313458
313525
313592
313659
313726
313793
313860
313928
313995
314062
314129
314196
314264
314331
314399
314466
314534
314601
314669
314736
314804
314871
314939
315006
315074
315141
315209
315276
315344
315411
315479
315547
315614
315682
315750
315818
315885
315953
316021
316089
316157
316225
316293
316361
316429
316497
316565
316633
316701
316769
316837
316905
316973
317041
317109
317177
317245
317313
317381
317449
317517
317585
317653
317721
317789
317857
317925
317993
318061
318129
318197
318265
318333
318401
318469
318537
318605
318673
318741
318809
318877
318945
319013
319081
319149
319217
319285
319353
319421
319490
319558
319626
319694
319763
319831
319899
319968
320036
320104
320173
320241
320309
320378
320446
320515
320583
320652
320720
320789
320857
320926
320994
321063
321131
321200
321268
321337
321405
321474
321542
321611
321680
321748
321817
321886
321954
322023
322092
322161
322230
322299
322368
322437
322506
322575
322644
322713
322782
322851
322920
322989
323058
323127
323196
323265
323334
323403
323472
323541
323610
323679
323748
323817
323886
323955
324024
324093
324162
324231
324300
324369
324438
324507
324576
324645
324714
324783
324852
324921
324990
325059
325128
325197
325266
325335
325404
325473
325542
325611
325681
325750
325820
325889
325959
326028
326098
326167
326237
326306
326376
326445
326515
326584
326654
326723
326793
326862
326932
327001
327071
327141
327211
327281
327351
327421
327491
327561
327631
327701
327771
327841
327911
327981
328051
328121
328191
328261
328331
328401
328471
328541
328611
328681
328751
328821
328891
328961
329031
329101
329171
329241
329311
329381
329451
329521
329591
329661
329731
329801
329871
329942
330012
330082
330153
330223
330294
330364
330435
330505
330576
330646
330717
330787
330858
330929
330999
331070
331141
331211
331282
331353
331424
331494
331565
331636
331707
331778
331849
331920
331991
332062
332133
332204
332275
332346
332417
332488
332559
332630
332701
332772
332843
332914
332985
333056
333127
333198
333269
333340
333411
333482
333553
333624
333695
333766
333837
333908
333979
334050
334121
334192
334263
334334
334405
334476
334547
334619
334690
334761
334832
334904
334975
335046
335118
335189
335261
335332
335404
335475
335547
335618
335690
335761
335833
335904
335976
336047
336119
336190
336262
336333
336405
336477
336549
336621
336693
336765
336837
336909
336981
337053
337125
337197
337269
337341
337413
337485
337557
337629
337701
337773
337845
337917
337989
338061
338133
338205
338277
338349
338421
338493
338565
338637
338709
338781
338853
338925
338997
339069
339141
339213
339285
339357
339429
339501
339574
339646
339718
339790
339863
339935
340007
340080
340152
340224
340297
340369
340442
340514
340587
340659
340732
340804
340877
340949
341022
341094
341167
341239
341312
341384
341457
341530
341603
341676
341749
341822
341895
341968
342041
342114
342187
342260
342333
342406
342479
342552
342625
342698
342771
342844
342917
342990
343063
343136
343209
343282
343355
343428
343501
343574
343647
343720
343793
343866
343939
344012
344085
344158
344231
344304
344378
344451
344524
344598
344671
344745
344818
344892
344966
345039
345113
345187
345261
345335
345409
345483
345557
345631
345705
345779
345853
345927
346001
346075
346149
346223
346297
346371
346445
346519
346593
346667
346741
346815
346889
346963
347037
347111
347185
347259
347333
347407
347482
347556
347630
347704
347779
347853
347927
348002
348076
348150
348225
348299
348373
348448
348522
348596
348671
348745
348820
348894
348969
349043
349118
349192
349267
349341
349416
349490
349565
349639
349714
349788
349863
349938
350013
350088
350163
350238
350313
350388
350463
350538
350613
350688
350763
350838
350913
350988
351063
351138
351213
351288
351363
351438
351513
351588
351663
351738
351813
351888
351963
352038
352113
352188
352263
352338
352413
352488
352563
352638
352713
352788
352863
352938
353013
353088
353163
353238
353313
353388
353463
353538
353613
353688
353764
353839
353914
353990
354065
354140
354216
354291
354367
354442
354518
354593
354669
354744
354820
354895
354971
355047
355123
355199
355275
355351
355427
355503
355579
355655
355731
355807
355883
355959
356035
356111
356187
356263
356339
356415
356491
356567
356644
356720
356796
356873
356949
357026
357102
357179
357255
357332
357408
357485
357561
357638
357714
357791
357868
357945
358022
358099
358176
358253
358330
358407
358484
358561
358638
358715
358792
358869
358946
359023
359100
359177
359254
359331
359408
359485
359562
359639
359716
359793
359870
359947
360024
360101
360178
360255
360332
360409
360486
360563
360640
360717
360794
360871
360948
361025
361102
361180
361257
361335
361412
361490
361567
361645
361723
361801
361879
361957
362035
362113
362191
362269
362347
362425
362503
362581
362659
362737
362815
362893
362971
363049
363127
363205
363283
363361
363439
363517
363595
363673
363751
363829
363907
363985
364063
364141
364219
364297
364375
364453
364531
364609
364687
364765
364843
364921
364999
365077
365155
365233
365311
365389
365468
365546
365625
365703
365782
365860
365939
366018
366097
366176
366255
366334
366413
366492
366571
366650
366729
366808
366887
366966
367045
367124
367203
367282
367361
367440
367519
367598
367677
367756
367835
367914
367993
368072
368151
368230
368309
368388
368467
368546
368625
368704
368783
368862
368941
369020
369100
369179
369258
369337
369416
369496
369575
369655
369734
369814
369893
369973
370053
370133
370213
370293
370373
370453
370533
370613
370693
370773
370853
370933
371013
371093
371173
371253
371333
371413
371493
371573
371653
371733
371813
371893
371973
372053
372133
372213
372293
372373
372453
372533
372614
372694
372774
372855
372935
373016
373096
373177
373257
373338
373418
373499
373579
373660
373740
373821
373901
373982
374063
374144
374225
374306
374387
374468
374549
374630
374711
374792
374873
374954
375035
375116
375197
375278
375359
375440
375521
375602
375683
375764
375845
375926
376007
376088
376169
376250
376331
376412
376493
376574
376655
376736
376817
376898
376979
377061
377142
377224
377305
377387
377468
377550
377632
377714
377796
377878
377960
378042
378124
378206
378288
378370
378452
378534
378616
378698
378780
378862
378944
379026
379109
379191
379274
379356
379439
379521
379604
379686
379769
379852
379935
380018
380101
380184
380267
380350
380433
380516
380599
380682
380765
380848
380931
381014
381097
381180
381263
381346
381429
381512
381595
381678
381761
381844
381927
382010
382093
382176
382259
382343
382426
382509
382593
382676
382760
382843
382927
383010
383094
383177
383261
383344
383428
383511
383595
383679
383763
383847
383931
384015
384099
384183
384267
384351
384435
384519
384603
384687
384771
384855
384939
385023
385107
385191
385275
385359
385443
385527
385611
385695
385779
385864
385948
386033
386118
386202
386287
386372
386457
386542
386627
386712
386797
386882
386967
387052
387137
387222
387307
387392
387477
387562
387647
387732
387817
387902
387987
388072
388157
388243
388328
388414
388500
388585
388671
388757
388843
388929
389015
389101
389187
389273
389359
389445
389531
389617
389703
389789
389875
389961
390047
390133
390219
390305
390391
390477
390564
390650
390736
390823
390909
390996
391082
391169
391255
391342
391428
391515
391601
391688
391775
391862
391949
392036
392123
392210
392297
392384
392471
392558
392645
392732
392819
392906
392993
393080
393167
393254
393342
393429
393517
393604
393692
393779
393867
393955
394043
394131
394219
394307
394395
394483
394571
394659
394747
394835
394923
395011
395099
395187
395275
395363
395451
395540
395628
395717
395806
395895
395984
396073
396162
396251
396340
396429
396518
396607
396696
396785
396874
396963
397052
397141
397230
397319
397408
397497
397586
397675
397764
397853
397942
398032
398121
398211
398301
398391
398481
398571
398661
398751
398841
398931
399021
399111
399201
399291
399381
399471
399561
399651
399741
399831
399922
400012
400103
400194
400285
400376
400467
400558
400649
400740
400831
400922
401013
401104
401195
401286
401377
401468
401559
401650
401741
401832
401924
402015
402107
402199
402291
402383
402475
402567
402659
402751
402843
402935
403027
403119
403211
403303
403395
403487
403579
403671
403763
403856
403949
404042
404135
404228
404321
404414
404507
404600
404694
404787
404881
404975
405069
405163
405257
405351
405445
405539
405633
405727
405821
405915
406009
406104
406199
406294
406389
406484
406579
406674
406769
406865
406960
407056
407151
407247
407343
407439
407535
407631
407727
407823
407920
408017
408114
408211
408308
408405
408502
408599
408696
408794
408892
408990
409088
409186
409285
409384
409483
409582
409682
409782
