10000
17339
21046
26549
31771
37592
42806
48317
54075
59352
65341
70621
76376
81910
87556
93234
98825
104522
110168
115849
121437
127149
132795
138461
144064
149819
155521
161088
166879
172640
178148
183948
189731
195267
201067
206850
212650
218259
224059
229842
235642
241347
247147
252928
258728
264511
270311
276016
281816
287706
293506
299397
305197
311083
316883
322773
328573
334464
340264
346200
352000
357891
363691
369635
375435
381326
387256
393070
399017
404891
410761
416724
422582
428468
434448
440289
446269
452155
458106
463976
469927
475868
481793
487741
493614
499624
505506
511516
517411
523421
529326
535336
541356
547346
553318
559328
565348
571338
577348
583368
589378
595388
601401
607418
613431
619441
625461
631471
637534
643545
649564
655574
661594
667604
673668
679678
685742
691753
697816
703827
709891
715908
721965
727984
734046
740065
746122
752155
758203
764260
770293
776341
782421
788431
794545
800572
806645
812683
818786
824824
830897
836943
843038
849084
855157
861275
867298
873403
879489
885544
891681
897705
903810
909896
915951
922088
928142
934229
940338
946420
952532
958616
964723
970820
976919
983016
989123
995254
1001319
1007450
1013557
1019671
1025753
1031909
1038023
1044105
1050295
1056375
1062486
1068657
1074756
1080927
1087038
1093197
1099309
1105420
1111591
1117690
1123862
1129972
1136132
1142260
1148414
1154542
1160702
1166843
1172984
1179150
1185285
1191440
1197592
1203741
1209909
1216048
1222216
1228365
1234564
1240672
1246881
1253020
1259188
1265337
1271540
1277644
1283857
1290005
1296164
1302338
1308525
1314645
1320858
1327006
1333165
1339373
1345526
1351740
1357893
1364101
1370271
1376468
1382662
1388846
1395061
1401237
1407456
1413636
1419855
1426031
1432270
1438430
1444665
1450867
1457064
1463266
1469501
1475732
1481900
1488197
1494366
1500620
1506860
1513033
1519335
1525499
1531753
1537993
1544219
1550501
1556713
1563010
1569221
1575523
1581730
1588032
1594291
1600558
1606806
1613108
1619367
1625634
1631930
1638195
1644497
1650758
1657060
1663327
1669629
1675935
1682248
1688562
1694864
1701170
1707483
1713802
1720115
1726450
1732763
1739082
1745417
1751730
1758065
1764384
1770719
1777032
1783380
1789699
1796034
1802347
1808682
1815001
1821336
1827649
1834012
1840331
1846666
1852979
1859369
1865682
1872025
1878338
1884728
1891041
1897397
1903772
1910100
1916457
1922831
1929160
1935523
1941890
1948226
1954594
1960950
1967298
1973660
1980016
1986372
1992732
1999088
2005450
2011806
2018162
2024522
2030893
2037270
2043596
2049998
2056345
2062704
2069097
2075453
2081854
2088205
2094596
2100962
2107345
2113746
2120097
2126499
2132854
2139256
2145677
2152041
2158435
2164837
2171258
2177622
2184024
2190445
2196850
2203235
2209637
2216042
2222444
2228846
2235253
2241655
2248057
2254459
2260864
2267285
2273687
2280075
2286477
2292898
2299303
2305705
2312126
2318545
2324949
2331370
2337789
2344210
2350619
2357040
2363459
2369880
2376302
2382723
2389167
2395589
2402010
2408437
2414873
2421303
2427724
2434154
2440590
2447020
2453441
2459877
2466310
2472746
2479180
2485615
2492051
2498485
2504921
2511358
2517794
2524231
2530667
2537104
2543540
2549990
2556426
2562871
2569308
2575744
2582181
2588617
2595067
2601503
2607961
2614397
2620859
2627317
2633753
2640220
2646678
2653114
2659584
2666045
2672482
2678952
2685413
2691880
2698350
2704811
2711281
2717788
2724258
2730731
2737209
2743708
2750186
2756659
2763166
2769636
2776154
2782624
2789135
2795605
2802123
2808593
2815110
2821597
2828098
2834618
2841102
2847622
2854123
2860643
2867135
2873655
2880156
2886676
2893179
2899699
2906191
2912711
2919212
2925732
2932236
2938756
2945256
2951776
2958277
2964797
2971301
2977821
2984350
2990870
2997390
3003919
3010439
3016962
3023491
3029998
3036518
3043047
3049567
3056087
3062616
3069136
3075659
3082188
3088708
3095244
3101765
3108293
3114821
3121350
3127878
3134406
3140940
3147463
3153996
3160525
3167053
3173581
3180118
3186638
3193180
3199721
3206254
3212796
3219333
3225875
3232416
3238949
3245491
3252032
3258574
3265125
3271666
3278199
3284741
3291282
3297824
3304388
3310930
3317463
3324005
3330546
3337088
3343652
3350208
3356756
3363297
3369839
3376403
3382959
3389516
3396080
3402636
3409197
3415761
3422317
3428881
3435454
3442010
3448574
3455138
3461702
3468275
3474831
3481395
3487972
3494536
3501105
3507682
3514246
3520831
3527402
3533985
3540549
3547134
3553705
3560290
3566854
3573439
3580010
3586595
3593166
3599751
3606322
3612907
3619479
3626064
3632653
3639257
3645842
3652431
3659021
3665606
3672195
3678799
3685384
3691973
3698579
3705168
3711785
3718391
3724980
3731600
3738205
3744823
3751412
3758035
3764637
3771260
3777869
3784492
3791094
3797717
3804334
3810957
3817559
3824182
3830806
3837426
3844049
3850673
3857304
3863928
3870559
3877182
3883806
3890437
3897061
3903711
3910346
3916973
3923603
3930239
3936888
3943515
3950151
3956781
3963431
3970066
3976693
3983343
3989978
3996614
4003264
4009896
4016546
4023181
4029817
4036467
4043102
4049752
4056403
4063053
4069707
4076364
4083018
4089676
4096330
4102988
4109647
4116305
4122966
4129625
4136286
4142950
4149611
4156270
4162931
4169599
4176260
4182924
4189592
4196253
4202917
4209585
4216246
4222910
4229578
4236239
4242912
4249573
4256251
4262921
4269586
4276260
4282934
4289603
4296273
4302951
4309621
4316290
4322968
4329638
4336316
4342990
4349668
4356348
4363023
4369700
4376378
4383057
4389733
4396411
4403091
4409767
4416445
4423125
4429803
4436494
4443174
4449852
4456543
4463232
4469911
4476594
4483285
4489974
4496653
4503339
4510030
4516719
4523398
4530089
4536778
4543467
4550158
4556847
4563538
4570235
4576926
4583622
4590319
4597010
4603708
4610399
4617095
4623792
4630483
4637184
4643880
4650573
4657269
4663967
4670666
4677359
4684057
4690753
4697454
4704150
4710843
4717544
4724240
4730941
4737653
4744354
4751064
4757762
4764463
4771175
4777876
4784586
4791293
4797999
4804715
4811416
4818142
4824859
4831575
4838276
4845002
4851719
4858437
4865139
4871865
4878582
4885300
4892026
4898743
4905469
4912188
4918913
4925637
4932358
4939084
4945807
4952533
4959263
4966000
4972730
4979475
4986206
4992951
4999685
5006419
5013161
5019895
5026640
5033384
5040127
5046861
5053603
5060337
5067082
5073826
5080571
5087316
5094068
5100813
5107565
5114310
5121062
5127807
5134567
5141313
5148073
5154825
5161581
5168326
5175086
5181832
5188592
5195344
5202104
5208863
5215623
5222394
5229153
5235913
5242684
5249444
5256206
5262977
5269737
5276513
5283276
5290044
5296806
5303566
5310337
5317097
5323859
5330630
5337390
5344166
5350937
5357697
5364477
5371243
5378014
5384774
5391550
5398321
5405081
5411861
5418632
5425401
5432168
5438949
5445719
5452488
5459269
5466039
5472820
5479590
5486371
5493144
5499925
5506703
5513484
5520267
5527055
5533836
5540619
5547410
5554191
5560974
5567769
5574564
5581359
5588153
5594936
5601719
5608514
5615309
5622104
5628898
5635693
5642488
5649283
5656085
5662880
5669686
5676485
5683291
5690092
5696898
5703705
5710507
5717313
5724120
5730930
5737740
5744550
5751358
5758160
5764966
5771773
5778583
5785393
5792203
5799014
5805824
5812634
5819449
5826259
5833074
5839884
5846714
5853524
5860347
5867157
5873987
5880797
5887623
5894443
5901263
5908091
5914901
5921731
5928541
5935367
5942187
5949007
5955835
5962653
5969475
5976303
5983121
5989953
5996771
6003598
6010424
6017244
6024076
6030894
6037726
6044547
6051379
6058201
6065033
6071866
6078688
6085520
6092361
6099195
6106036
6112874
6119715
6126569
6133410
6140250
6147091
6153945
6160786
6167641
6174483
6181338
6188179
6195033
6201874
6208729
6215571
6222426
6229270
6236125
6242984
6249838
6256693
6263541
6270396
6277255
6284109
6290964
6297823
6304678
6311537
6318395
6325251
6332113
6338968
6345832
6352689
6359553
6366424
6373288
6380153
6387024
6393888
6400760
6407631
6414503
6421383
6428257
6435129
6442000
6448872
6455752
6462632
6469512
6476396
6483276
6490163
6497043
6503927
6510814
6517694
6524586
6531472
6538364
6545252
6552144
6559033
6565925
6572823
6579715
6586604
6593496
6600394
6607286
6614187
6621082
6627977
6634881
6641773
6648682
6655574
6662478
6669380
6676279
6683188
6690085
6696989
6703895
6710795
6717701
6724605
6731507
6738420
6745317
6752233
6759132
6766039
6772948
6779849
6786766
6793664
6800578
6807480
6814388
6821299
6828203
6835120
6842019
6848936
6855838
6862754
6869671
6876573
6883490
6890407
6897323
6904239
6911156
6918073
6924989
6931906
6938823
6945745
6952663
6959584
6966503
6973424
6980346
6987264
6994186
7001109
7008031
7014957
7021880
7028806
7035731
7042654
7049576
7056502
7063425
7070351
7077284
7084210
7091150
7098094
7105029
7111969
7118913
7125853
7132797
7139739
7146683
7153618
7160558
7167502
7174442
7181386
7188333
7195277
7202224
7209170
7216115
7223062
7230008
7236955
7243905
7250851
7257798
7264748
7271695
7278643
7285593
7292539
7299486
7306436
7313383
7320340
7327287
7334239
7341196
7348143
7355107
7362058
7369021
7375977
7382925
7389889
7396840
7403804
7410759
7417722
7424684
7431641
7438603
7445566
7452526
7459485
7466449
7473414
7480370
7487334
7494299
7501259
7508220
7515184
7522149
7529109
7536073
7543038
7550002
7556971
7563931
7570895
7577860
7584824
7591796
7598765
7605737
7612708
7619680
7626657
7633632
7640609
7647582
7654559
7661534
7668511
7675488
7682465
7689457
7696434
7703411
7710401
7717378
7724355
7731347
7738324
7745301
7752295
7759272
7766254
7773244
7780225
7787220
7794197
7801200
7808180
7815174
7822156
7829146
7836127
7843122
7850099
7857102
7864082
7871081
7878058
7885061
7892041
7899040
7906025
7913023
7920008
7927007
7933994
7940990
7947978
7954976
7961964
7968960
7975954
7982946
7989944
7996936
8003930
8010926
8017920
8024917
8031910
8038907
8045903
8052897
8059894
8066887
8073884
8080881
8087874
8094871
8101872
8108861
8115864
8122859
8129860
8136858
8143858
8150861
8157857
8164860
8171863
8178861
8185864
8192867
8199870
8206875
8213878
8220881
8227884
8234889
8241896
8248903
8255913
8262920
8269930
8276937
8283956
8290967
8297980
8304987
8312006
8319017
8326031
8333048
8340061
8347080
8354092
8361111
8368128
8375147
8382164
8389183
8396202
8403229
8410248
8417274
8424293
8431316
8438335
8445362
8452381
8459407
8466426
8473453
8480472
8487501
8494530
8501559
8508578
8515607
8522636
8529673
8536695
8543724
8550753
8557782
8564811
8571848
8578870
8585899
8592928
8599965
8606994
8614030
8621067
8628096
8635135
8642172
8649201
8656237
8663274
8670303
8677342
8684391
8691420
8698459
8705501
8712530
8719569
8726603
8733642
8740686
8747720
8754759
8761799
8768830
8775869
8782916
8789947
8796986
8804038
8811077
8818117
8825156
8832202
8839247
8846291
8853330
8860372
8867421
8874463
8881507
8888546
8895598
8902637
8909688
8916734
8923779
8930827
8937876
8944924
8951969
8959025
8966066
8973118
8980169
8987215
8994263
9001318
9008360
9015412
9022463
9029509
9036569
9043612
9050669
9057718
9064766
9071826
9078869
9085932
9092975
9100035
9107084
9114141
9121197
9128250
9135306
9142363
9149417
9156472
9163530
9170600
9177639
9184716
9191778
9198834
9205889
9212947
9220017
9227056
9234133
9241195
9248272
9255338
9262412
9269477
9276554
9283632
9290694
9297771
9304850
9311919
9318992
9326069
9333144
9340217
9347294
9354373
9361442
9368519
9375598
9382675
9389755
9396832
9403911
9410988
9418068
9425145
9432224
9439301
9446384
9453466
9460549
9467636
9474719
9481806
9488896
9495979
9503066
9510158
9517241
9524328
9531425
9538509
9545596
9552693
9559780
9566867
9573964
9581050
9588137
9595234
9602321
9609408
9616505
9623592
9630690
9637777
9644875
9651962
9659060
9666147
9673247
9680345
9687445
9694544
9701644
9708742
9715842
9722946
9730044
9737144
9744249
9751347
9758447
9765551
9772649
9779749
9786856
9793960
9801066
9808167
9815268
9822368
9829475
9836579
9843686
9850786
9857893
9864997
9872104
9879214
9886318
9893425
9900536
9907648
9914759
9921872
9928983
9936094
9943201
9950312
9957424
9964535
9971648
9978759
9985875
9992991
10000102
10007217
10014333
10021449
10028560
10035676
10042792
10049908
10057025
10064141
10071257
10078377
10085493
10092604
10099720
10106836
10113952
10121069
10128185
10135301
10142423
10149539
10156655
10163782
10170898
10178021
10185141
10192264
10199384
10206507
10213631
10220750
10227881
10234997
10242124
10249250
10256371
10263504
10270624
10277758
10284878
10292011
10299133
10306265
10313389
10320520
10327649
10334776
10341911
10349036
10356174
10363298
10370434
10377565
10384696
10391833
10398963
10406099
10413230
10420361
10427498
10434628
10441766
10448896
10456031
10463168
10470298
10477436
10484566
10491704
10498846
10505984
10513127
10520265
10527407
10534550
10541688
10548833
10555975
10563120
10570261
10577406
10584548
10591693
10598836
10605981
10613125
10620270
10627418
10634569
10641713
10648858
10656006
10663161
10670310
10677456
10684601
10691749
10698905
10706053
10713201
10720357
10727506
10734655
10741811
10748960
10756116
10763267
10770423
10777572
10784728
10791885
10799041
10806200
10813356
10820506
10827662
10834819
10841975
10849134
10856290
10863449
10870605
10877764
10884922
10892081
10899247
10906406
10913565
10920731
10927890
10935051
10942217
10949376
10956543
10963708
10970874
10978040
10985206
10992373
10999538
11006705
11013873
11021038
11028205
11035378
11042545
11049714
11056887
11064054
11071230
11078398
11085574
11092747
11099923
11107101
11114283
11121461
11128644
11135823
11143006
11150188
11157371
11164555
11171739
11178927
11186115
11193300
11200488
11207676
11214862
11222050
11229238
11236426
11243614
11250806
11257994
11265186
11272380
11279574
11286766
11293958
11301152
11308346
11315539
11322733
11329927
11337121
11344317
11351515
11358711
11365911
11373107
11380307
11387513
11394709
11401909
11409115
11416315
11423516
11430722
11437922
11445123
11452329
11459529
11466740
11473943
11481147
11488353
11495553
11502764
11509967
11517178
11524384
11531593
11538803
11546010
11553221
11560429
11567640
11574851
11582061
11589272
11596483
11603694
11610906
11618117
11625331
11632542
11639757
11646970
11654185
11661401
11668618
11675836
11683052
11690269
11697489
11704708
11711925
11719145
11726366
11733587
11740804
11748024
11755245
11762466
11769687
11776908
11784129
11791351
11798572
11805793
11813014
11820241
11827462
11834689
11841910
11849137
11856361
11863588
11870813
11878040
11885267
11892494
11899721
11906948
11914178
11921405
11928637
11935866
11943098
11950326
11957558
11964787
11972019
11979251
11986485
11993717
12000946
12008178
12015410
12022644
12029880
12037112
12044345
12051577
12058809
12066043
12073279
12080511
12087745
12094981
12102216
12109450
12116686
12123924
12131160
12138400
12145636
12152874
12160113
12167350
12174591
12181827
12189069
12196307
12203549
12210795
12218037
12225279
12232525
12239767
12247013
12254255
12261501
12268747
12275990
12283236
12290478
12297724
12304970
12312215
12319461
12326707
12333953
12341201
12348447
12355693
12362939
12370187
12377437
12384684
12391930
12399176
12406424
12413674
12420922
12428171
12435421
12442669
12449919
12457170
12464420
12471673
12478927
12486182
12493441
12500696
12507959
12515215
12522476
12529735
12536990
12544253
12551509
12558772
12566033
12573296
12580557
12587820
12595082
12602345
12609606
12616869
12624130
12631393
12638654
12645917
12653179
12660442
12667706
12674968
12682231
12689495
12696758
12704021
12711285
12718548
12725818
12733081
12740353
12747622
12754888
12762160
12769429
12776701
12783973
12791242
12798514
12805787
12813061
12820334
12827607
12834880
12842154
12849427
12856701
12863974
12871249
12878522
12885797
12893073
12900347
12907620
12914895
12922168
12929443
12936726
12944002
12951277
12958553
12965836
12973112
12980387
12987664
12994947
13002223
13009498
13016781
13024065
13031348
13038632
13045918
13053193
13060476
13067760
13075043
13082327
13089616
13096904
13104193
13111479
13118763
13126052
13133340
13140629
13147919
13155208
13162500
13169789
13177079
13184368
13191660
13198950
13206239
13213532
13220822
13228111
13235406
13242699
13249992
13257287
13264580
13271875
13279171
13286472
13293768
13301069
13308365
13315669
13322968
13330268
13337572
13344871
13352175
13359475
13366779
13374079
13381383
13388683
13395987
13403287
13410591
13417891
13425195
13432500
13439804
13447108
13454413
13461717
13469024
13476330
13483637
13490944
13498251
13505562
13512869
13520180
13527490
13534801
13542114
13549425
13556739
13564051
13571363
13578675
13585989
13593302
13600613
13607929
13615240
13622558
13629869
13637188
13644499
13651826
13659137
13666466
13673777
13681106
13688417
13695746
13703058
13710387
13717700
13725029
13732343
13739672
13746986
13754315
13761633
13768958
13776281
13783605
13790932
13798253
13805582
13812904
13820230
13827559
13834881
13842210
13849533
13856859
13864188
13871510
13878839
13886170
13893494
13900821
13908150
13915483
13922805
13930134
13937473
13944802
13952141
13959472
13966811
13974143
13981482
13988817
13996156
14003495
14010837
14018175
14025514
14032853
14040195
14047534
14054882
14062221
14069565
14076913
14084252
14091602
14098944
14106294
14113641
14120988
14128338
14135685
14143035
14150386
14157730
14165080
14172427
14179774
14187124
14194471
14201821
14209172
14216519
14223869
14231216
14238566
14245918
14253272
14260628
14267982
14275333
14282680
14290030
14297382
14304736
14312092
14319446
14326805
14334164
14341523
14348883
14356242
14363603
14370962
14378321
14385681
14393040
14400408
14407767
14415138
14422504
14429865
14437231
14444602
14451966
14459329
14466700
14474066
14481430
14488801
14496164
14503532
14510902
14518265
14525636
14533003
14540367
14547738
14555105
14562476
14569844
14577215
14584586
14591957
14599329
14606700
14614071
14621444
14628815
14636188
14643561
14650934
14658308
14665681
14673057
14680434
14687810
14695187
14702564
14709941
14717317
14724694
14732079
14739456
14746838
14754223
14761600
14768986
14776368
14783748
14791131
14798508
14805893
14813270
14820652
14828037
14835414
14842800
14850182
14857562
14864951
14872330
14879720
14887099
14894489
14901869
14909259
14916641
14924031
14931414
14938804
14946188
14953578
14960963
14968353
14975737
14983127
14990517
14997903
15005293
15012683
15020073
15027463
15034853
15042243
15049634
15057025
15064415
15071805
15079196
15086588
15093979
15101372
15108763
15116158
15123549
15130946
15138337
15145734
15153125
15160523
15167914
15175310
15182701
15190098
15197489
15204886
15212277
15219675
15227066
15234464
15241862
15249253
15256655
15264049
15271451
15278851
15286253
15293659
15301061
15308464
15315870
15323272
15330677
15338080
15345483
15352889
15360291
15367696
15375102
15382504
15389923
15397326
15404743
15412145
15419564
15426967
15434384
15441789
15449206
15456625
15464028
15471447
15478867
15486270
15493689
15501109
15508528
15515949
15523371
15530790
15538211
15545635
15553056
15560481
15567903
15575328
15582754
15590179
15597604
15605029
15612451
15619876
15627302
15634727
15642154
15649579
15657007
15664433
15671859
15679286
15686713
15694140
15701566
15708995
15716420
15723852
15731277
15738709
15746136
15753568
15760996
15768428
15775857
15783289
15790721
15798153
15805589
15813021
15820462
15827894
15835334
15842770
15850202
15857643
15865075
15872516
15879953
15887394
15894838
15902279
15909724
15917168
15924613
15932059
15939505
15946951
15954399
15961846
15969294
15976742
15984190
15991637
15999085
16006534
16013982
16021430
16028879
16036329
16043780
16051230
16058684
16066134
16073585
16081036
16088486
16095937
16103387
16110841
16118291
16125742
16133196
16140646
16148101
16155551
16163007
16170458
16177914
16185366
16192822
16200275
16207731
16215185
16222641
16230100
16237556
16245013
16252467
16259923
16267382
16274838
16282295
16289751
16297210
16304666
16312122
16319578
16327037
16334493
16341950
16349406
16356865
16364321
16371782
16379238
16386697
16394156
16401614
16409075
16416532
16423992
16431453
16438910
16446370
16453832
16461288
16468750
16476212
16483674
16491137
16498601
16506064
16513526
16520989
16528453
16535918
16543380
16550843
16558307
16565773
16573242
16580707
16588173
16595636
16603100
16610566
16618035
16625500
16632966
16640435
16647901
16655373
16662842
16670308
16677786
16685252
16692733
16700199
16707678
16715148
16722625
16730101
16737574
16745057
16752527
16760013
16767483
16774969
16782440
16789926
16797398
16804884
16812358
16819841
16827320
16834799
16842280
16849759
16857243
16864721
16872207
16879681
16887167
16894644
16902130
16909611
16917097
16924585
16932071
16939560
16947046
16954536
16962022
16969512
16977004
16984492
16991980
16999470
17006964
17014450
17021940
17029439
17036929
17044422
17051917
17059411
17066906
17074399
17081895
17089388
17096883
17104377
17111872
17119366
17126861
17134355
17141850
17149344
17156839
17164333
17171828
17179323
17186817
17194312
17201811
17209301
17216803
17224302
17231792
17239295
17246799
17254301
17261800
17269290
17276793
17284300
17291803
17299314
17306804
17314307
17321814
17329317
17336828
17344333
17351843
17359352
17366859
17374370
17381878
17389388
17396899
17404407
17411918
17419426
17426936
17434447
17441955
17449466
17456977
17464489
17472003
17479518
17487035
17494549
17502064
17509584
17517105
17524622
17532142
17539663
17547183
17554703
17562224
17569745
17577266
17584790
17592311
17599832
17607353
17614877
17622399
17629920
17637441
17644965
17652489
17660010
17667534
17675060
17682586
17690112
17697634
17705158
17712684
17720210
17727736
17735265
17742792
17750321
17757849
17765378
17772905
17780434
17787965
17795497
17803028
17810560
17818092
17825624
17833157
17840689
17848221
17855754
17863286
17870818
17878351
17885883
17893415
17900948
17908482
17916017
17923552
17931088
17938623
17946161
17953696
17961232
17968767
17976307
17983843
17991378
17998919
18006455
18013990
18021532
18029067
18036605
18044147
18051682
18059224
18066762
18074304
18081839
18089385
18096922
18104462
18112010
18119545
18127088
18134633
18142171
18149714
18157256
18164797
18172340
18179882
18187423
18194968
18202510
18210051
18217599
18225140
18232687
18240228
18247776
18255317
18262869
18270410
18277964
18285505
18293057
18300598
18308157
18315699
18323251
18330792
18338351
18345905
18353451
18361010
18368561
18376118
18383674
18391220
18398779
18406333
18413887
18421446
18429000
18436559
18444115
18451674
18459232
18466790
18474349
18481907
18489466
18497030
18504588
18512147
18519705
18527264
18534831
18542391
18549958
18557518
18565085
18572655
18580217
18587784
18595354
18602921
18610492
18618059
18625630
18633198
18640769
18648339
18655910
18663480
18671051
18678621
18686192
18693764
18701334
18708905
18716480
18724051
18731628
18739199
18746776
18754349
18761926
18769501
18777078
18784657
18792234
18799819
18807397
18814980
18822563
18830143
18837728
18845309
18852891
18860476
18868057
18875642
18883224
18890809
18898394
18905979
18913565
18921150
18928737
18936324
18943911
18951498
18959085
18966673
18974260
18981852
18989441
18997033
19004622
19012214
19019807
19027396
19034988
19042583
19050175
19057771
19065364
19072960
19080554
19088150
19095744
19103340
19110937
19118533
19126129
19133726
19141322
19148924
19156527
19164129
19171732
19179337
19186940
19194545
19202148
19209754
19217358
19224963
19232566
19240172
19247779
19255384
19262990
19270597
19278204
19285812
19293419
19301027
19308633
19316240
19323847
19331455
19339062
19346670
19354279
19361888
19369497
19377108
19384718
19392329
19399941
19407555
19415167
19422781
19430393
19438007
19445623
19453238
19460854
19468472
19476088
19483708
19491325
19498945
19506561
19514181
19521798
19529418
19537036
19544656
19552284
19559908
19567528
19575156
19582781
19590401
19598029
19605656
19613281
19620909
19628536
19636164
19643791
19651419
19659047
19666675
19674304
19681934
19689563
19697192
19704820
19712448
19720077
19727707
19735336
19742965
19750595
19758224
19765858
19773494
19781123
19788757
19796395
19804030
19811664
19819302
19826937
19834575
19842212
19849850
19857485
19865123
19872760
19880398
19888040
19895680
19903319
19910961
19918601
19926243
19933887
19941527
19949169
19956815
19964458
19972104
19979746
19987392
19995035
20002681
20010325
20017971
20025617
20033261
20040907
20048553
20056197
20063843
20071490
20079136
20086783
20094429
20102076
20109723
20117369
20125016
20132664
20140310
20147957
20155604
20163250
20170897
20178545
20186191
20193838
20201486
20209135
20216785
20224433
20232082
20239733
20247382
20255034
20262683
20270336
20277989
20285642
20293295
20300949
20308606
20316259
20323913
20331570
20339224
20346879
20354534
20362188
20369846
20377500
20385154
20392812
20400466
20408124
20415782
20423436
20431094
20438753
20446411
20454070
20461732
20469395
20477057
20484720
20492386
20500049
20507716
20515379
20523046
20530713
20538380
20546047
20553714
20561381
20569050
20576717
20584388
20592058
20599729
20607397
20615068
20622738
20630409
20638080
20645751
20653423
20661097
20668774
20676448
20684126
20691800
20699480
20707157
20714837
20722516
20730196
20737877
20745559
20753240
20760923
20768604
20776288
20783969
20791654
20799335
20807020
20814704
20822386
20830071
20837755
20845440
20853127
20860812
20868500
20876185
20883877
20891563
20899255
20906941
20914633
20922320
20930012
20937700
20945392
20953085
20960777
20968470
20976162
20983855
20991547
20999244
21006942
21014640
21022336
21030033
21037731
21045429
21053127
21060826
21068524
21076225
21083923
21091622
21099320
21107021
21114723
21122423
21130121
21137822
21145524
21153225
21160929
21168632
21176336
21184042
21191748
21199453
21207154
21214858
21222561
21230265
21237971
21245677
21253383
21261091
21268797
21276503
21284207
21291913
21299619
21307325
21315033
21322739
21330448
21338154
21345862
21353571
21361277
21368990
21376696
21384409
21392116
21399829
21407542
21415250
21422963
21430676
21438389
21446103
21453816
21461530
21469244
21476961
21484676
21492390
21500107
21507826
21515543
21523258
21530972
21538689
21546408
21554125
21561844
21569563
21577282
21584999
21592718
21600437
21608156
21615877
21623596
21631318
21639037
21646759
21654481
21662203
21669925
21677647
21685374
21693100
21700827
21708553
21716280
21724008
21731735
21739464
21747192
21754919
21762647
21770374
21778103
21785832
21793559
21801288
21809019
21816746
21824475
21832206
21839935
21847668
21855397
21863129
21870860
21878589
21886322
21894051
21901785
21909516
21917245
21924978
21932707
21940441
21948175
21955907
21963637
21971371
21979107
21986837
21994571
22002307
22010041
22017774
22025507
22033241
22040977
22048711
22056444
22064178
22071914
22079648
22087384
22095118
22102855
22110591
22118328
22126066
22133803
22141543
22149281
22157021
22164760
22172500
22180240
22187978
22195718
22203457
22211197
22218941
22226681
22234423
22242167
22249907
22257651
22265397
22273141
22280889
22288635
22296380
22304124
22311868
22319614
22327358
22335106
22342852
22350597
22358342
22366090
22373837
22381581
22389329
22397077
22404821
22412569
22420319
22428067
22435817
22443565
22451316
22459064
22466816
22474570
22482322
22490071
22497823
22505577
22513329
22521085
22528838
22536594
22544352
22552106
22559862
22567620
22575379
22583139
22590898
22598659
22606418
22614184
22621949
22629715
22637481
22645248
22653014
22660781
22668549
22676317
22684086
22691855
22699624
22707392
22715161
22722930
22730699
22738468
22746237
22754007
22761776
22769546
22777316
22785085
22792857
22800627
22808396
22816168
22823938
22831707
22839481
22847251
22855020
22862797
22870566
22878344
22886118
22893890
22901670
22909442
22917221
22924994
22932773
22940546
22948325
22956099
22963877
22971658
22979430
22987211
22994993
23002775
23010557
23018341
23026123
23033905
23041689
23049471
23057255
23065039
23072823
23080608
23088392
23096177
23103962
23111747
23119532
23127317
23135102
23142888
23150673
23158458
23166244
23174030
23181817
23189604
23197390
23205177
23212966
23220752
23228539
23236328
23244117
23251906
23259696
23267487
23275276
23283066
23290857
23298648
23306439
23314231
23322023
23329814
23337606
23345399
23353190
23360982
23368776
23376569
23384363
23392156
23399950
23407747
23415541
23423334
23431128
23438925
23446719
23454516
23462310
23470108
23477902
23485702
23493499
23501299
23509096
23516896
23524696
23532496
23540295
23548095
23555895
23563695
23571496
23579298
23587099
23594901
23602701
23610501
23618302
23626104
23633905
23641707
23649510
23657312
23665115
23672917
23680720
23688522
23696326
23704128
23711933
23719735
23727539
23735344
23743146
23750953
23758755
23766561
23774368
23782170
23789981
23797784
23805595
23813398
23821209
23829013
23836824
23844630
23852441
23860246
23868057
23875863
23883674
23891486
23899298
23907111
23914926
23922741
23930556
23938372
23946187
23954005
23961821
23969639
23977458
23985276
23993097
24000915
24008736
24016558
24024381
24032203
24040026
24047848
24055671
24063494
24071317
24079141
24086964
24094787
24102613
24110438
24118261
24126087
24133912
24141738
24149566
24157394
24165220
24173048
24180876
24188704
24196535
24204366
24212196
24220027
24227858
24235689
24243520
24251351
24259183
24267016
24274848
24282682
24290514
24298350
24306185
24314017
24321848
24329680
24337513
24345345
24353179
24361011
24368847
24376682
24384518
24392353
24400189
24408027
24415866
24423706
24431546
24439386
24447226
24455066
24462907
24470747
24478591
24486432
24494276
24502120
24509964
24517809
24525653
24533497
24541343
24549187
24557033
24564880
24572726
24580573
24588421
24596271
24604119
24611969
24619817
24627668
24635516
24643368
24651219
24659068
24666918
24674770
24682622
24690470
24698322
24706176
24714024
24721876
24729730
24737578
24745430
24753284
24761136
24768989
24776843
24784695
24792551
24800405
24808259
24816115
24823969
24831825
24839682
24847538
24855394
24863251
24871107
24878964
24886821
24894679
24902537
24910396
24918255
24926115
24933974
24941833
24949694
24957554
24965413
24973272
24981133
24988995
24996855
25004716
25012578
25020441
25028303
25036166
25044028
25051891
25059754
25067618
25075481
25083344
25091209
25099072
25106935
25114801
25122665
25130531
25138398
25146262
25154128
25161995
25169861
25177727
25185594
25193460
25201327
25209194
25217061
25224927
25232794
25240661
25248531
25256398
25264278
25272145
25280019
25287894
25295766
25303646
25311515
25319394
25327267
25335143
25343021
25350895
25358775
25366649
25374529
25382409
25390290
25398172
25406053
25413934
25421816
25429699
25437583
25445465
25453347
25461228
25469109
25476991
25484874
25492758
25500641
25508524
25516408
25524297
25532183
25540069
25547958
25555844
25563731
25571619
25579506
25587395
25595281
25603170
25611061
25618947
25626836
25634727
25642616
25650507
25658398
25666290
25674182
25682074
25689967
25697859
25705751
25713644
25721536
25729429
25737322
25745216
25753110
25761006
25768901
25776795
25784689
25792585
25800482
25808377
25816271
25824167
25832064
25839960
25847859
25855755
25863655
25871551
25879453
25887351
25895253
25903149
25911051
25918948
25926850
25934748
25942650
25950550
25958452
25966353
25974255
25982155
25990057
25997959
26005861
26013763
26021665
26029569
26037475
26045379
26053284
26061186
26069090
26076996
26084900
26092806
26100711
26108613
26116517
26124423
26132327
26140234
26148138
26156045
26163952
26171859
26179763
26187670
26195579
26203487
26211396
26219306
26227215
26235125
26243037
26250948
26258860
26266773
26274684
26282596
26290509
26298421
26306334
26314247
26322159
26330073
26337986
26345899
26353811
26361725
26369641
26377556
26385470
26393386
26401302
26409217
26417131
26425047
26432963
26440881
26448799
26456717
26464637
26472557
26480477
26488396
26496316
26504236
26512156
26520077
26528001
26535922
26543846
26551771
26559695
26567617
26575541
26583466
26591390
26599316
26607241
26615167
26623093
26631019
26638950
26646885
26654812
26662743
26670669
26678595
26686526
26694461
26702388
26710319
26718251
26726185
26734113
26742044
26749979
26757910
26765844
26773776
26781710
26789645
26797576
26805511
26813447
26821386
26829322
26837261
26845200
26853136
26861077
26869015
26876956
26884895
26892834
26900770
26908711
26916649
26924590
26932532
26940474
26948416
26956358
26964300
26972246
26980188
26988135
26996083
27004030
27011978
27019926
27027873
27035821
27043769
27051717
27059665
27067613
27075561
27083509
27091458
27099408
27107357
27115307
27123259
27131211
27139165
27147118
27155072
27163029
27170984
27178940
27186893
27194847
27202804
27210759
27218716
27226671
27234628
27242585
27250542
27258500
27266460
27274420
27282381
27290340
27298300
27306260
27314221
27322184
27330144
27338105
27346069
27354030
27361994
27369959
27377925
27385890
27393857
27401822
27409789
27417756
27425723
27433690
27441657
27449625
27457592
27465560
27473527
27481495
27489468
27497438
27505411
27513384
27521352
27529325
27537295
27545268
27553241
27561214
27569187
27577160
27585133
27593107
27601080
27609054
27617028
27625001
27632977
27640950
27648925
27656900
27664874
27672850
27680824
27688801
27696774
27704751
27712725
27720702
27728675
27736654
27744627
27752606
27760583
27768559
27776538
27784515
27792491
27800470
27808447
27816426
27824405
27832385
27840365
27848344
27856324
27864307
27872292
27880275
27888255
27896238
27904223
27912207
27920192
27928177
27936163
27944147
27952132
27960116
27968101
27976086
27984072
27992057
28000044
28008031
28016020
28024005
28031992
28039979
28047968
28055959
28063948
28071937
28079926
28087915
28095906
28103895
28111886
28119875
28127866
28135857
28143846
28151838
28159829
28167818
28175811
28183802
28191792
28199785
28207776
28215769
28223762
28231756
28239749
28247742
28255738
28263734
28271727
28279723
28287718
28295714
28303710
28311703
28319699
28327695
28335691
28343687
28351683
28359682
28367680
28375679
28383678
28391678
28399677
28407679
28415681
28423681
28431683
28439685
28447688
28455690
28463693
28471696
28479700
28487706
28495709
28503712
28511716
28519723
28527726
28535730
28543737
28551740
28559744
28567752
28575758
28583762
28591770
28599778
28607782
28615790
28623798
28631804
28639812
28647820
28655828
28663839
28671847
28679855
28687864
28695872
28703883
28711891
28719899
28727911
28735923
28743935
28751947
28759959
28767972
28775986
28783999
28792014
28800028
28808043
28816058
28824074
28832089
28840104
28848120
28856135
28864152
28872167
28880184
28888202
28896219
28904237
28912254
28920272
28928289
28936309
28944326
28952345
28960365
28968382
28976405
28984425
28992448
29000471
29008494
29016514
29024537
29032561
29040584
29048608
29056632
29064655
29072681
29080704
29088730
29096755
29104781
29112806
29120832
29128858
29136884
29144910
29152936
29160963
29168989
29177016
29185043
29193069
29201097
29209126
29217155
29225184
29233214
29241243
29249275
29257304
29265336
29273369
29281400
29289432
29297465
29305498
29313531
29321565
29329598
29337633
29345668
29353702
29361737
29369772
29377807
29385844
29393879
29401916
29409951
29417989
29426027
29434065
29442102
29450140
29458178
29466216
29474255
29482293
29490332
29498372
29506415
29514456
29522499
29530543
29538583
29546626
29554667
29562710
29570754
29578801
29586846
29594893
29602938
29610985
29619030
29627077
29635124
29643169
29651216
29659264
29667312
29675360
29683409
29691457
29699505
29707553
29715601
29723650
29731698
29739748
29747797
29755845
29763895
29771947
29779995
29788045
29796098
29804149
29812202
29820255
29828308
29836359
29844412
29852466
29860519
29868572
29876626
29884679
29892736
29900789
29908846
29916899
29924956
29933011
29941068
29949129
29957190
29965251
29973314
29981375
29989438
29997495
30005552
30013613
30021674
30029735
30037798
30045859
30053922
30061985
30070048
30078110
30086173
30094236
30102299
30110363
30118425
30126488
30134551
30142614
30150679
30158743
30166806
30174871
30182936
30191000
30199065
30207130
30215197
30223262
30231330
30239395
30247463
30255528
30263596
30271661
30279729
30287797
30295862
30303930
30311998
30320066
30328136
30336204
30344275
30352345
30360416
30368488
30376559
30384631
30392703
30400775
30408847
30416919
30424991
30433063
30441136
30449208
30457280
30465353
30473425
30481503
30489580
30497658
30505739
30513818
30521895
30529973
30538054
30546134
30554212
30562293
30570375
30578453
30586534
30594616
30602698
30610780
30618863
30626946
30635029
30643113
30651196
30659281
30667368
30675455
30683541
30691628
30699715
30707803
30715891
30723979
30732067
30740155
30748243
30756331
30764419
30772507
30780595
30788683
30796772
30804860
30812949
30821039
30829127
30837216
30845304
30853393
30861483
30869573
30877663
30885754
30893843
30901932
30910020
30918109
30926199
30934289
30942379
30950470
30958562
30966653
30974746
30982838
30990931
30999024
31007120
31015213
31023307
31031403
31039496
31047592
31055688
31063781
31071877
31079974
31088071
31096168
31104267
31112368
31120467
31128566
31136667
31144766
31152867
31160967
31169068
31177168
31185269
31193369
31201470
31209573
31217679
31225781
31233884
31241990
31250096
31258202
31266308
31274414
31282521
31290629
31298739
31306847
31314954
31323062
31331172
31339282
31347390
31355500
31363611
31371721
31379830
31387940
31396051
31404161
31412273
31420384
31428496
31436610
31444724
31452836
31460950
31469064
31477178
31485293
31493408
31501523
31509639
31517755
31525871
31533990
31542106
31550222
31558338
31566459
31574580
31582701
31590823
31598944
31607066
31615188
31623309
31631432
31639554
31647676
31655797
31663920
31672043
31680166
31688291
31696414
31704540
31712663
31720791
31728914
31737042
31745166
31753294
31761419
31769547
31777674
31785802
31793930
31802058
31810188
31818316
31826444
31834574
31842705
31850837
31858969
31867100
31875232
31883364
31891496
31899630
31907764
31915899
31924035
31932171
31940307
31948445
31956583
31964721
31972860
31981000
31989139
31997279
32005420
32013559
32021699
32029842
32037983
32046126
32054267
32062409
32070552
32078693
32086836
32094977
32103120
32111262
32119405
32127549
32135693
32143837
32151982
32160128
32168273
32176421
32184567
32192715
32200864
32209012
32217160
32225309
32233457
32241606
32249754
32257905
32266055
32274204
32282355
32290505
32298654
32306805
32314955
32323106
32331260
32339413
32347564
32355718
32363872
32372027
32380181
32388336
32396490
32404645
32412799
32420955
32429109
32437266
32445425
32453583
32461742
32469900
32478057
32486216
32494374
32502533
32510694
32518852
32527011
32535172
32543331
32551492
32559651
32567813
32575972
32584132
32592293
32600452
32608613
32616772
32624934
32633093
32641257
32649422
32657581
32665745
32673911
32682075
32690239
32698405
32706569
32714735
32722899
32731067
32739231
32747400
32755569
32763733
32771902
32780071
32788241
32796410
32804579
32812750
32820920
32829091
32837263
32845436
32853610
32861783
32869957
32878133
32886308
32894481
32902655
32910831
32919007
32927183
32935364
32943540
32951721
32959902
32968081
32976262
32984443
32992624
33000805
33008986
33017167
33025348
33033529
33041710
33049892
33058073
33066254
33074435
33082616
33090797
33098979
33107160
33115341
33123523
33131706
33139888
33148071
33156254
33164438
33172622
33180806
33188991
33197175
33205361
33213545
33221733
33229918
33238106
33246291
33254479
33262664
33270852
33279041
33287229
33295419
33303607
33311796
33319986
33328174
33336365
33344553
33352745
33360935
33369127
33377319
33385511
33393703
33401893
33410085
33418277
33426469
33434661
33442853
33451044
33459236
33467428
33475620
33483812
33492004
33500197
33508390
33516586
33524778
33532970
33541163
33549356
33557553
33565747
33573943
33582139
33590334
33598531
33606726
33614923
33623120
33631318
33639518
33647716
33655916
33664114
33672314
33680512
33688712
33696914
33705114
33713316
33721516
33729718
33737920
33746124
33754326
33762528
33770735
33778939
33787146
33795354
33803558
33811765
33819973
33828181
33836390
33844599
33852810
33861019
33869233
33877442
33885656
33893866
33902080
33910293
33918507
33926721
33934935
33943152
33951366
33959583
33967798
33976015
33984232
33992451
34000670
34008890
34017109
34025329
34033550
34041771
34049992
34058214
34066436
34074657
34082879
34091101
34099323
34107545
34115767
34123989
34132213
34140435
34148661
34156883
34165110
34173338
34181560
34189787
34198015
34206242
34214470
34222692
34230919
34239147
34247374
34255603
34263826
34272053
34280281
34288508
34296737
34304965
34313192
34321421
34329650
34337880
34346109
34354339
34362569
34370799
34379030
34387260
34395492
34403722
34411955
34420185
34428419
34436649
34444882
34453116
34461346
34469580
34477814
34486049
34494284
34502514
34510747
34518981
34527211
34535445
34543679
34551914
34560151
34568386
34576624
34584859
34593096
34601331
34609570
34617805
34626042
34634277
34642516
34650752
34658988
34667224
34675463
34683701
34691937
34700176
34708416
34716656
34724894
34733133
34741371
34749607
34757846
34766085
34774325
34782565
34790805
34799047
34807289
34815530
34823772
34832014
34840256
34848499
34856742
34864986
34873229
34881472
34889715
34897959
34906202
34914449
34922693
34930940
34939188
34947433
34955680
34963928
34972175
34980423
34988671
34996919
35005167
35013415
35021664
35029914
35038163
35046413
35054663
35062913
35071163
35079413
35087663
35095913
35104163
35112413
35120663
35128913
35137163
35145413
35153664
35161917
35170170
35178425
35186680
35194935
35203191
35211446
35219702
35227959
35236217
35244476
35252735
35260994
35269254
35277513
35285774
35294033
35302294
35310555
35318816
35327079
35335340
35343603
35351865
35360127
35368390
35376652
35384915
35393178
35401441
35409704
35417967
35426232
35434497
35442760
35451025
35459291
35467556
35475822
35484087
35492354
35500619
35508888
35517153
35525422
35533693
35541961
35550230
35558501
35566770
35575041
35583311
35591582
35599853
35608124
35616397
35624667
35632938
35641209
35649480
35657753
35666025
35674296
35682569
35690841
35699112
35707385
35715659
35723934
35732207
35740481
35748756
35757030
35765305
35773580
35781855
35790130
35798405
35806680
35814956
35823231
35831510
35839787
35848066
35856345
35864621
35872900
35881177
35889456
35897735
35906014
35914293
35922572
35930851
35939132
35947412
35955693
35963973
35972254
35980536
35988817
35997098
36005380
36013661
36021943
36030224
36038507
36046791
36055077
36063361
36071647
36079932
36088218
36096505
36104790
36113076
36121364
36129650
36137938
36146226
36154515
36162803
36171093
36179382
36187670
36195961
36204249
36212540
36220831
36229122
36237410
36245701
36253992
36262283
36270576
36278867
36287160
36295451
36303747
36312039
36320335
36328628
36336924
36345220
36353515
36361811
36370107
36378403
36386699
36394996
36403294
36411591
36419890
36428188
36436485
36444785
36453083
36461383
36469684
36477985
36486287
36494589
36502892
36511195
36519498
36527801
36536105
36544409
36552713
36561018
36569323
36577629
36585936
36594244
36602552
36610860
36619169
36627478
36635790
36644099
36652411
36660721
36669033
36677345
36685657
36693970
36702282
36710596
36718909
36727222
36735534
36743848
36752163
36760478
36768793
36777110
36785427
36793743
36802060
36810377
36818694
36827011
36835328
36843645
36851962
36860280
36868597
36876915
36885232
36893552
36901873
36910194
36918516
36926836
36935157
36943478
36951802
36960123
36968447
36976771
36985095
36993419
37001744
37010068
37018393
37026719
37035043
37043368
37051698
37060025
37068355
37076685
37085015
37093342
37101672
37110003
37118337
37126670
37135001
37143335
37151669
37160004
37168338
37176673
37185008
37193342
37201677
37210013
37218348
37226682
37235017
37243353
37251688
37260022
37268357
37276693
37285030
37293366
37301705
37310043
37318382
37326719
37335055
37343392
37351728
37360067
37368405
37376744
37385083
37393423
37401766
37410106
37418447
37426790
37435130
37443474
37451817
37460161
37468507
37476853
37485198
37493542
37501888
37510234
37518580
37526926
37535272
37543619
37551969
37560315
37568662
37577012
37585359
37593709
37602057
37610407
37618757
37627106
37635456
37643806
37652156
37660506
37668856
37677207
37685559
37693910
37702262
37710614
37718967
37727319
37735673
37744025
37752378
37760730
37769084
37777436
37785790
37794143
37802497
37810852
37819207
37827562
37835918
37844275
37852630
37860986
37869343
37877700
37886057
37894415
37902773
37911131
37919490
37927848
37936206
37944564
37952923
37961281
37969641
37977999
37986358
37994716
38003076
38011435
38019793
38028155
38036513
38044876
38053234
38061597
38069962
38078327
38086691
38095056
38103421
38111786
38120152
38128519
38136884
38145250
38153617
38161983
38170350
38178716
38187085
38195451
38203822
38212191
38220562
38228934
38237309
38245681
38254053
38262428
38270801
38279176
38287551
38295926
38304301
38312676
38321051
38329426
38337803
38346179
38354556
38362934
38371312
38379690
38388069
38396451
38404830
38413212
38421594
38429977
38438360
38446743
38455126
38463509
38471893
38480277
38488660
38497044
38505428
38513812
38522197
38530582
38538967
38547353
38555738
38564124
38572510
38580896
38589283
38597669
38606057
38614443
38622831
38631220
38639608
38647997
38656385
38664774
38673166
38681555
38689945
38698337
38706726
38715118
38723510
38731903
38740296
38748688
38757080
38765472
38773865
38782258
38790651
38799044
38807438
38815833
38824227
38832621
38841016
38849410
38857805
38866200
38874594
38882989
38891384
38899779
38908174
38916570
38924969
38933370
38941766
38950165
38958565
38966966
38975362
38983761
38992166
39000565
39008968
39017367
39025772
39034171
39042576
39050975
39059380
39067781
39076184
39084589
39092988
39101393
39109794
39118197
39126602
39135003
39143407
39151811
39160213
39168620
39177021
39185428
39193832
39202239
39210646
39219054
39227461
39235870
39244277
39252687
39261094
39269505
39277912
39286325
39294734
39303147
39311556
39319969
39328381
39336792
39345205
39353617
39362030
39370444
39378858
39387272
39395686
39404100
39412514
39420930
39429345
39437761
39446180
39454595
39463011
39471430
39479846
39488266
39496682
39505101
39513519
39521937
39530357
39538774
39547194
39555612
39564032
39572450
39580870
39589290
39597710
39606131
39614553
39622973
39631394
39639816
39648238
39656660
39665085
39673508
39681930
39690355
39698782
39707208
39715635
39724063
39732493
39740919
39749346
39757774
39766204
39774636
39783064
39791494
39799929
39808359
39816795
39825226
39833662
39842095
39850531
39858963
39867399
39875832
39884268
39892704
39901142
39909580
39918018
39926457
39934896
39943336
39951774
39960213
39968652
39977092
39985531
39993971
40002413
40010854
40019296
40027739
40036182
40044624
40053067
40061510
40069953
40078396
40086839
40095283
40103726
40112170
40120613
40129057
40137502
40145947
40154393
40162838
40171285
40179730
40188177
40196623
40205070
40213515
40221962
40230410
40238858
40247306
40255754
40264204
40272653
40281103
40289555
40298008
40306460
40314912
40323365
40331818
40340270
40348722
40357175
40365628
40374082
40382535
40390989
40399442
40407896
40416351
40424807
40433262
40441719
40450174
40458630
40467086
40475541
40483998
40492453
40500910
40509367
40517822
40526280
40534740
40543200
40551660
40560122
40568584
40577046
40585512
40593974
40602440
40610902
40619368
40627834
40636300
40644766
40653232
40661699
40670165
40678632
40687101
40695568
40704034
40712501
40720970
40729437
40737903
40746370
40754839
40763308
40771777
40780246
40788716
40797189
40805659
40814133
40822604
40831076
40839551
40848021
40856496
40864971
40873446
40881921
40890397
40898876
40907354
40915831
40924310
40932788
40941267
40949746
40958225
40966705
40975184
40983664
40992144
41000625
41009105
41017587
41026067
41034550
41043032
41051515
41059999
41068483
41076967
41085451
41093935
41102421
41110906
41119392
41127879
41136365
41144852
41153338
41161826
41170316
41178805
41187295
41195785
41204275
41212765
41221255
41229746
41238236
41246727
41255221
41263712
41272207
41280698
41289193
41297688
41306179
41314674
41323169
41331661
41340156
41348651
41357150
41365647
41374146
41382643
41391142
41399642
41408141
41416641
41425141
41433641
41442142
41450642
41459144
41467646
41476149
41484653
41493156
41501660
41510163
41518669
41527175
41535681
41544188
41552694
41561202
41569709
41578217
41586726
41595233
41603741
41612250
41620760
41629269
41637779
41646290
41654799
41663309
41671821
41680333
41688846
41697360
41705875
41714389
41722904
41731419
41739934
41748451
41756969
41765489
41774011
41782531
41791053
41799574
41808095
41816617
41825137
41833659
41842180
41850702
41859223
41867745
41876268
41884791
41893314
41901837
41910360
41918884
41927408
41935932
41944458
41952983
41961509
41970034
41978560
41987087
41995614
42004141
42012668
42021197
42029727
42038254
42046781
42055310
42063840
42072370
42080900
42089430
42097961
42106492
42115024
42123555
42132087
42140620
42149152
42157686
42166218
42174752
42183287
42191823
42200359
42208895
42217431
42225967
42234504
42243040
42251576
42260113
42268649
42277186
42285724
42294264
42302803
42311339
42319876
42328414
42336954
42345493
42354033
42362573
42371113
42379655
42388195
42396737
42405279
42413821
42422364
42430908
42439451
42447997
42456540
42465087
42473637
42482180
42490727
42499277
42507824
42516374
42524926
42533480
42542032
42550584
42559138
42567690
42576244
42584798
42593350
42601904
42610458
42619012
42627567
42636125
42644681
42653239
42661796
42670354
42678911
42687469
42696027
42704584
42713142
42721699
42730257
42738816
42747376
42755934
42764493
42773053
42781613
42790175
42798740
42807305
42815872
42824440
42833010
42841579
42850149
42858723
42867293
42875869
42884441
42893017
42901593
42910166
42918742
42927318
42935894
42944472
42953049
42961627
42970205
42978783
42987361
42995939
43004518
43013096
43021677
43030258
43038839
43047422
43056003
43064586
43073168
43081751
43090335
43098920
43107505
43116090
43124675
43133260
43141845
43150431
43159017
43167603
43176190
43184777
43193364
43201952
43210539
43219132
43227719
43236308
43244901
43253488
43262077
43270670
43279257
43287847
43296440
43305027
43313620
43322215
43330805
43339398
43347985
43356578
43365173
43373764
43382357
43390952
43399545
43408141
43416739
43425338
43433938
43442538
43451138
43459741
43468343
43476946
43485550
43494155
43502760
43511366
43519975
43528581
43537190
43545797
43554406
43563016
43571625
43580235
43588845
43597455
43606066
43614676
43623287
43631901
43640512
43649125
43657736
43666350
43674961
43683576
43692187
43700802
43709413
43718028
43726640
43735255
43743868
43752483
43761099
43769714
43778330
43786946
43795562
43804178
43812794
43821411
43830028
43838646
43847264
43855883
43864503
43873124
43881743
43890363
43898987
43907607
43916231
43924851
43933475
43942101
43950725
43959351
43967977
43976604
43985231
43993858
44002486
44011116
44019748
44028380
44037012
44045645
44054279
44062913
44071548
44080186
44088821
44097455
44106090
44114728
44123366
44132004
44140643
44149282
44157921
44166560
44175201
44183841
44192480
44201121
44209761
44218402
44227045
44235686
44244330
44252973
44261617
44270262
44278908
44287553
44296200
44304848
44313495
44322143
44330791
44339438
44348088
44356735
44365385
44374035
44382685
44391336
44399986
44408636
44417287
44425937
44434587
44443238
44451888
44460539
44469189
44477840
44486492
44495143
44503795
44512447
44521099
44529753
44538408
44547065
44555720
44564379
44573035
44581694
44590350
44599009
44607667
44616326
44624984
44633643
44642304
44650962
44659621
44668284
44676948
44685612
44694274
44702937
44711601
44720265
44728929
44737593
44746257
44754921
44763585
44772249
44780914
44789579
44798245
44806910
44815576
44824243
44832911
44841580
44850250
44858918
44867587
44876258
44884929
44893600
44902270
44910939
44919610
44928281
44936952
44945624
44954296
44962968
44971641
44980314
44988987
44997663
45006337
45015013
45023689
45032363
45041039
45049716
45058394
45067074
45075754
45084433
45093113
45101793
45110473
45119156
45127836
45136519
45145199
45153884
45162567
45171247
45179932
45188616
45197301
45205987
45214672
45223357
45232043
45240730
45249417
45258104
45266793
45275482
45284171
45292860
45301550
45310241
45318932
45327623
45336315
45345006
45353697
45362391
45371084
45379778
45388473
45397166
45405860
45414555
45423251
45431947
45440644
45449342
45458040
45466738
45475437
45484135
45492834
45501533
45510231
45518932
45527640
45536340
45545041
45553749
45562450
45571158
45579860
45588568
45597272
45605980
45614685
45623393
45632101
45640809
45649517
45658225
45666934
45675643
45684351
45693060
45701771
45710483
45719194
45727905
45736617
45745328
45754040
45762753
45771465
45780179
45788891
45797605
45806319
45815031
45823746
45832463
45841178
45849897
45858617
45867338
45876059
45884779
45893500
45902223
45910946
45919666
45928387
45937110
45945834
45954557
45963281
45972005
45980732
45989458
45998182
46006906
46015633
46024361
46033090
46041819
46050548
46059277
46068006
46076736
46085465
46094194
46102925
46111654
46120384
46129114
46137844
46146575
46155304
46164035
46172766
46181497
46190229
46198962
46207694
46216427
46225159
46233892
46242624
46251358
46260091
46268825
46277559
46286293
46295027
46303765
46312501
46321237
46329975
46338711
46347449
46356185
46364923
46373659
46382397
46391133
46399871
46408609
46417347
46426085
46434823
46443563
46452301
46461041
46469779
46478520
46487259
46496000
46504742
46513483
46522223
46530964
46539706
46548447
46557190
46565932
46574675
46583418
46592161
46600904
46609649
46618393
46627137
46635882
46644626
46653371
46662116
46670862
46679607
46688353
46697100
46705848
46714596
46723344
46732092
46740841
46749591
46758342
46767093
46775845
46784598
46793352
46802106
46810860
46819617
46828372
46837129
46845885
46854642
46863399
46872156
46880913
46889670
46898427
46907185
46915942
46924700
46933457
46942215
46950972
46959730
46968489
46977248
46986007
46994766
47003525
47012285
47021044
47029805
47038564
47047326
47056085
47064847
47073609
47082371
47091134
47099896
47108659
47117421
47126184
47134948
47143712
47152476
47161242
47170008
47178774
47187540
47196306
47205074
47213842
47222611
47231381
47240151
47248919
47257688
47266458
47275231
47284001
47292774
47301547
47310321
47319094
47327870
47336643
47345420
47354195
47362972
47371749
47380526
47389303
47398082
47406861
47415640
47424420
47433200
47441980
47450761
47459541
47468322
47477104
47485886
47494668
47503450
47512233
47521015
47529799
47538583
47547367
47556151
47564935
47573719
47582506
47591290
47600078
47608862
47617651
47626441
47635230
47644021
47652813
47661604
47670395
47679187
47687982
47696779
47705577
47714375
47723173
47731971
47740769
47749568
47758366
47767165
47775963
47784764
47793566
47802364
47811165
47819967
47828768
47837571
47846374
47855177
47863981
47872785
47881589
47890395
47899199
47908005
47916811
47925619
47934428
47943236
47952045
47960853
47969661
47978470
47987278
47996087
48004896
48013705
48022514
48031324
48040135
48048945
48057756
48066567
48075379
48084192
48093005
48101817
48110630
48119443
48128256
48137069
48145884
48154698
48163513
48172328
48181143
48189961
48198777
48207595
48216412
48225230
48234049
48242868
48251688
48260508
48269327
48278147
48286967
48295787
48304607
48313428
48322248
48331070
48339890
48348712
48357533
48366355
48375177
48384000
48392822
48401645
48410468
48419290
48428113
48436937
48445761
48454585
48463410
48472234
48481059
48489883
48498709
48507536
48516363
48525193
48534021
48542851
48551681
48560512
48569344
48578175
48587006
48595838
48604670
48613503
48622336
48631168
48640001
48648835
48657668
48666502
48675335
48684169
48693002
48701836
48710670
48719504
48728338
48737173
48746007
48754841
48763676
48772511
48781346
48790184
48799019
48807857
48816695
48825533
48834371
48843210
48852050
48860890
48869732
48878572
48887414
48896255
48905097
48913939
48922781
48931623
48940465
48949308
48958151
48966994
48975839
48984683
48993528
49002373
49011218
49020063
49028908
49037754
49046599
49055445
49064292
49073140
49081987
49090835
49099683
49108532
49117382
49126231
49135082
49143933
49152782
49161633
49170484
49179335
49188186
49197038
49205891
49214743
49223596
49232449
49241302
49250156
49259009
49267863
49276717
49285571
49294425
49303279
49312134
49320990
49329846
49338704
49347560
49356420
49365277
49374136
49382994
49391853
49400713
49409570
49418430
49427292
49436152
49445014
49453875
49462737
49471599
49480461
49489323
49498186
49507050
49515914
49524780
49533644
49542511
49551377
49560241
49569109
49577976
49586843
49595711
49604578
49613446
49622313
49631181
49640049
49648918
49657786
49666656
49675526
49684397
49693268
49702139
49711010
49719881
49728752
49737624
49746495
49755367
49764238
49773110
49781982
49790854
49799727
49808599
49817472
49826345
49835217
49844090
49852964
49861837
49870712
49879588
49888464
49897339
49906215
49915093
49923969
49932847
49941723
49950601
49959477
49968355
49977231
49986109
49994987
50003866
50012744
50021624
50030504
50039384
50048267
50057147
50066028
50074911
50083791
50092674
50101556
50110438
50119321
50128203
50137086
50145969
50154851
50163734
50172620
50181503
50190389
50199275
50208159
50217045
50225931
50234818
50243704
50252590
50261477
50270364
50279251
50288139
50297029
50305919
50314810
50323700
50332590
50341481
50350371
50359262
50368153
50377044
50385936
50394828
50403719
50412611
50421504
50430397
50439290
50448183
50457077
50465970
50474865
50483759
50492654
50501550
50510445
50519342
50528238
50537135
50546032
50554929
50563828
50572725
50581624
50590521
50599420
50608318
50617217
50626117
50635018
50643920
50652821
50661723
50670625
50679527
50688429
50697331
50706234
50715137
50724041
50732946
50741852
50750759
50759667
50768575
50777484
50786389
50795295
50804202
50813110
50822018
50830927
50839838
50848746
50857655
50866567
50875479
50884392
50893304
50902218
50911130
50920045
50928959
50937874
50946788
50955703
50964618
50973533
50982449
50991364
51000280
51009197
51018116
51027036
51035956
51044876
51053796
51062716
51071636
51080556
51089476
51098398
51107318
51116240
51125161
51134083
51143005
51151927
51160849
51169772
51178695
51187618
51196542
51205467
51214395
51223320
51232244
51241169
51250097
51259022
51267950
51276875
51285803
51294729
51303657
51312583
51321511
51330439
51339368
51348297
51357227
51366156
51375085
51384015
51392945
51401875
51410806
51419737
51428670
51437604
51446538
51455473
51464408
51473343
51482278
51491213
51500149
51509084
51518020
51526957
51535892
51544828
51553765
51562702
51571639
51580576
51589514
51598451
51607389
51616328
51625266
51634205
51643147
51652090
51661034
51669978
51678922
51687868
51696815
51705762
51714711
51723661
51732610
51741560
51750511
51759464
51768417
51777370
51786323
51795278
51804233
51813188
51822143
51831098
51840053
51849009
51857965
51866923
51875880
51884838
51893795
51902753
51911711
51920669
51929628
51938587
51947546
51956506
51965465
51974425
51983385
51992344
52001304
52010264
52019226
52028189
52037153
52046116
52055080
52064044
52073008
52081974
52090938
52099904
52108868
52117834
52126801
52135766
52144732
52153699
52162665
52171631
52180598
52189565
52198531
52207498
52216466
52225432
52234399
52243367
52252333
52261300
52270268
52279235
52288204
52297174
52306144
52315114
52324084
52333054
52342024
52350995
52359966
52368937
52377909
52386880
52395852
52404824
52413796
52422768
52431740
52440712
52449685
52458658
52467631
52476605
52485578
52494552
52503526
52512500
52521474
52530448
52539422
52548397
52557371
52566346
52575321
52584295
52593271
52602248
52611226
52620204
52629184
52638165
52647145
52656129
52665112
52674096
52683081
52692065
52701050
52710034
52719019
52728005
52736991
52745980
52754967
52763955
52772944
52781931
52790920
52799909
52808902
52817896
52826889
52835883
52844877
52853873
52862867
52871861
52880857
52889853
52898849
52907847
52916849
52925847
52934850
52943848
52952852
52961850
52970856
52979857
52988863
52997866
53006872
53015878
53024884
53033890
53042897
53051903
53060910
53069918
53078926
53087935
53096946
53105955
53114966
53123977
53132988
53142000
53151013
53160026
53169040
53178053
53187068
53196083
53205098
53214114
53223130
53232146
53241164
53250180
53259198
53268216
53277235
53286254
53295273
53304292
53313312
53322331
53331353
53340372
53349393
53358414
53367434
53376456
53385476
53394498
53403521
53412541
53421563
53430586
53439609
53448633
53457657
53466684
53475708
53484735
53493765
53502792
53511822
53520850
53529880
53538910
53547940
53556971
53566002
53575033
53584064
53593095
53602126
53611158
53620190
53629222
53638254
53647287
53656319
53665352
53674385
53683420
53692453
53701485
53710518
53719551
53728586
53737622
53746658
53755695
53764733
53773770
53782807
53791845
53800883
53809920
53818958
53827999
53837037
53846075
53855116
53864154
53873195
53882233
53891274
53900315
53909356
53918397
53927438
53936480
53945521
53954565
53963609
53972653
53981698
53990744
53999790
54008836
54017884
54026930
54035977
54045025
54054071
54063119
54072166
54081214
54090263
54099313
54108363
54117413
54126464
54135514
54144565
54153616
54162667
54171718
54180770
54189821
54198873
54207926
54216978
54226031
54235085
54244139
54253193
54262249
54271303
54280361
54289416
54298474
54307530
54316588
54325648
54334706
54343769
54352833
54361897
54370962
54380029
54389095
54398162
54407229
54416296
54425364
54434432
54443502
54452570
54461641
54470711
54479782
54488854
54497926
54506999
54516074
54525148
54534223
54543299
54552375
54561453
54570531
54579609
54588688
54597768
54606849
54615933
54625016
54634100
54643186
54652270
54661356
54670448
54679535
54688627
54697715
54706807
54715899
54724991
54734083
54743177
54752272
54761367
54770462
54779560
54788656
54797754
54806852
54815951
54825050
54834149
54843248
54852349
54861450
54870551
54879653
54888754
54897856
54906959
54916062
54925165
54934270
54943376
54952481
54961587
54970693
54979799
54988906
54998014
55007122
55016231
55025339
55034448
55043558
55052669
55061780
55070892
55080004
55089117
55098229
55107342
55116458
55125572
55134688
55143802
55152918
55162034
55171150
55180267
55189385
55198504
55207623
55216742
55225861
55234980
55244099
55253219
55262339
55271459
55280580
55289702
55298825
55307948
55317071
55326195
55335319
55344443
55353568
55362693
55371818
55380943
55390070
55399196
55408323
55417451
55426580
55435710
55444841
55453973
55463104
55472236
55481368
55490500
55499634
55508769
55517904
55527041
55536176
55545311
55554449
55563588
55572726
55581865
55591003
55600142
55609281
55618421
55627562
55636702
55645843
55654985
55664127
55673269
55682411
55691554
55700697
55709840
55718986
55728129
55737275
55746421
55755568
55764714
55773861
55783007
55792154
55801300
55810447
55819593
55828740
55837888
55847035
55856183
55865331
55874481
55883630
55892780
55901931
55911081
55920232
55929384
55938535
55947687
55956839
55965991
55975143
55984295
55993451
56002610
56011770
56020930
56030090
56039252
56048417
56057579
56066744
56075909
56085071
56094239
56103407
56112575
56121743
56130915
56140090
56149258
56158430
56167605
56176776
56185948
56195123
56204297
56213472
56222647
56231822
56240999
56250177
56259355
56268532
56277710
56286888
56296066
56305247
56314429
56323610
56332791
56341973
56351156
56360338
56369522
56378706
56387888
56397072
56406260
56415444
56424632
56433818
56443006
56452194
56461385
56470577
56479769
56488963
56498158
56507350
56516542
56525736
56534933
56544129
56553326
56562524
56571723
56580923
56590125
56599325
56608527
56617729
56626931
56636134
56645338
56654543
56663748
56672950
56682152
56691355
56700559
56709764
56718970
56728177
56737384
56746591
56755801
56765010
56774220
56783430
56792640
56801851
56811061
56820272
56829485
56838699
56847912
56857126
56866340
56875554
56884768
56893983
56903200
56912415
56921635
56930851
56940071
56949292
56958512
56967733
56976954
56986174
56995397
57004618
57013841
57023063
57032285
57041508
57050730
57059953
57069177
57078400
57087624
57096849
57106075
57115301
57124527
57133755
57142981
57152209
57161437
57170667
57179897
57189127
57198358
57207588
57216820
57226054
57235287
57244521
57253755
57262989
57272224
57281459
57290693
57299928
57309165
57318400
57327637
57336874
57346116
57355358
57364600
57373844
57383089
57392334
57401579
57410824
57420070
57429317
57438563
57447810
57457058
57466306
57475554
57484804
57494055
57503307
57512558
57521810
57531062
57540314
57549567
57558820
57568073
57577328
57586582
57595837
57605092
57614348
57623606
57632864
57642124
57651383
57660643
57669903
57679163
57688425
57697685
57706945
57716205
57725467
57734729
57743991
57753255
57762519
57771783
57781047
57790313
57799579
57808846
57818114
57827381
57836649
57845919
57855189
57864459
57873731
57883003
57892275
57901551
57910823
57920099
57929375
57938651
57947928
57957206
57966485
57975764
57985043
57994324
58003605
58012886
58022168
58031450
58040732
58050017
58059301
58068586
58077871
58087156
58096443
58105729
58115016
58124303
58133591
58142881
58152170
58161459
58170749
58180038
58189328
58198618
58207908
58217198
58226491
58235783
58245073
58254366
58263660
58272955
58282249
58291544
58300839
58310135
58319430
58328726
58338023
58347320
58356617
58365914
58375212
58384510
58393808
58403107
58412409
58421712
58431015
58440318
58449622
58458926
58468231
58477537
58486841
58496145
58505450
58514756
58524064
58533373
58542683
58551995
58561307
58570619
58579932
58589246
58598560
58607874
58617189
58626505
58635821
58645138
58654455
58663772
58673090
58682408
58691726
58701045
58710363
58719682
58729002
58738323
58747644
58756966
58766287
58775612
58784938
58794266
58803595
58812926
58822258
58831589
58840924
58850260
58859597
58868936
58878276
58887616
58896957
58906301
58915645
58924989
58934335
58943679
58953026
58962372
58971719
58981067
58990418
58999768
59009119
59018471
59027824
59037177
59046532
59055887
59065243
59074599
59083956
59093318
59102681
59112044
59121407
59130770
59140133
59149496
59158860
59168225
59177591
59186959
59196329
59205700
59215071
59224442
59233815
59243189
59252563
59261937
59271312
59280687
59290062
59299437
59308813
59318191
59327569
59336947
59346326
59355705
59365084
59374467
59383850
59393229
59402612
59411997
59421381
59430766
59440152
59449540
59458928
59468317
59477707
59487097
59496487
59505877
59515268
59524658
59534048
59543439
59552829
59562220
59571613
59581006
59590400
59599793
59609187
59618581
59627975
59637370
59646765
59656162
59665561
59674962
59684364
59693767
59703171
59712577
59721981
59731389
59740800
59750213
59759626
59769039
59778454
59787869
59797284
59806700
59816116
59825536
59834956
59844377
59853798
59863219
59872642
59882066
59891489
59900913
59910339
59919764
59929190
59938616
59948043
59957470
59966897
59976328
59985759
59995190
60004624
60014056
60023490
60032923
60042357
60051791
60061225
60070659
60080093
60089527
60098961
60108396
60117834
60127269
60136707
60146145
60155584
60165023
60174463
60183905
60193348
60202793
60212236
60221679
60231124
60240568
60250013
60259460
60268906
60278353
60287802
60297252
60306702
60316154
60325606
60335058
60344510
60353962
60363414
60372867
60382321
60391774
60401228
60410682
60420137
60429593
60439050
60448508
60457967
60467427
60476886
60486346
60495806
60505268
60514730
60524192
60533655
60543120
60552586
60562053
60571520
60580987
60590455
60599923
60609391
60618859
60628327
60637797
60647270
60656740
60666213
60675686
60685159
60694632
60704105
60713578
60723051
60732527
60742003
60751480
60760957
60770434
60779912
60789390
60798872
60808352
60817834
60827319
60836804
60846290
60855778
60865266
60874754
60884242
60893731
60903223
60912717
60922209
60931704
60941198
60950693
60960188
60969684
60979180
60988676
60998174
61007672
61017171
61026670
61036170
61045670
61055171
61064671
61074173
61083675
61093180
61102684
61112189
61121696
61131203
61140710
61150218
61159727
61169237
61178747
61188256
61197766
61207278
61216790
61226302
61235815
61245328
61254841
61264356
61273871
61283389
61292907
61302426
61311951
61321471
61330996
61340520
61350045
61359570
61369097
61378625
61388153
61397683
61407214
61416746
61426278
61435810
61445343
61454877
61464415
61473958
61483501
61493044
61502587
61512131
61521674
61531219
61540764
61550309
61559854
61569402
61578949
61588497
61598046
61607597
61617150
61626702
61636255
61645807
61655360
61664913
61674466
61684020
61693575
61703131
61712687
61722244
61731800
61741360
61750920
61760480
61770041
61779602
61789164
61798726
61808288
61817850
61827413
61836977
61846541
61856105
61865670
61875236
61884806
61894378
61903949
61913521
61923095
61932670
61942244
61951819
61961393
61970968
61980545
61990122
61999700
62009279
62018858
62028437
62038018
62047599
62057182
62066766
62076350
62085934
62095518
62105103
62114688
62124274
62133860
62143448
62153037
62162628
62172219
62181811
62191402
62200995
62210589
62220184
62229780
62239377
62248975
62258572
62268172
62277774
62287377
62296982
62306589
62316196
62325804
62335411
62345020
62354629
62364238
62373847
62383458
62393070
62402683
62412296
62421909
62431524
62441140
62450757
62460375
62469994
62479612
62489230
62498849
62508467
62518086
62527706
62537326
62546947
62556568
62566189
62575810
62585435
62595061
62604688
62614316
62623947
62633585
62643222
62652860
62662497
62672135
62681777
62691417
62701059
62710701
62720343
62729989
62739636
62749283
62758931
62768582
62778233
62787885
62797537
62807189
62816844
62826500
62836157
62845815
62855474
62865135
62874798
62884461
62894126
62903791
62913459
62923127
62932797
62942469
62952142
62961816
62971493
62981171
62990855
63000540
63010226
63019916
63029607
63039309
63049013
63058718
63068426
63078136
63087849
63097566
63107286
63117004
63126724
63136447
63146172
63155902
63165633
63175371
63185109
63194851
63204594
63214340
63224089
63233839
63243592
63253345
63263099
63272856
63282613
63292371
63302129
63311888
63321650
63331413
63341177
63350943
63360711
63370479
63380252
63390027
63399804
63409581
63419359
63429138
63438919
63448700
63458488
63468276
63478064
63487853
63497642
63507435
63517234
63527036
63536840
63546648
63556459
63566272
63576088
63585909
63595731
63605557
63615386
63625218
63635056
63644896
63654739
63664585
63674438
63684292
63694147
63704002
63713861
63723739
63733601
63743479
63753358
63763239
63773127
63783015
63792910
63802807
63812751
63822699
63832650
63842619
63852588
63862583
63872560
