99994
121352
161691
195292
236098
257456
275378
296736
337075
370676
411035
432393
462648
484006
516437
550032
590371
619663
652094
676038
703698
737293
774949
811233
839355
870416
898076
928615
962210
999825
1033733
1064272
1092805
1123344
1156939
1191147
1224742
1259001
1291720
1322259
1355854
1390062
1423657
1457265
1491473
1524100
1556690
1590285
1622585
1656076
1689671
1723879
1757474
1790333
1823928
1854991
1888586
1922794
1956389
1989997
2024205
2056832
2089422
2123017
2155317
2188912
2223120
2256715
2290736
2324138
2357158
2390033
2422909
2456504
2490712
2524307
2557467
2591062
2624750
2657340
2690935
2723235
2756830
2791038
2824633
2858892
2892056
2925076
2957951
2991546
3025272
3059349
3093075
3127203
3159792
3193387
3226393
3259988
3294196
3327791
3362050
3395645
3428234
3461829
3496037
3529632
3563891
3597486
3630593
3664188
3698396
3731991
3766250
3799845
3834053
3867648
3902242
3937050
3970506
4004101
4038309
4071904
4106163
4139758
4173966
4207561
4242155
4276963
4310558
4344817
4378412
4412620
4446215
4480809
4515146
4548741
4583335
4618143
4651738
4685997
4719592
4753800
4787395
4821989
4856854
4891740
4925948
4959543
4994137
5029002
5063739
5098333
5132179
5166773
5201638
5235887
5270481
5305346
5340720
5374928
5408523
5443117
5477982
5514212
5548909
5583774
5618657
5653522
5687981
5722575
5757440
5793670
5828367
5863232
5898115
5932980
5969210
6003907
6038772
6075002
6110937
6146381
6181530
6216729
6251612
6286477
6322707
6357404
6392269
6428499
6464675
6499878
6535027
6570467
6605670
6641900
6677808
6712673
6748428
6783868
6819538
6855431
6891209
6926074
6962264
6997736
7033926
7068832
7105022
7139942
7176132
7211636
7247505
7282700
7318890
7354394
7390584
7426508
7461373
7497563
7533067
7569257
7605487
7640870
7677060
7712564
7748728
7784542
7820422
7856612
7892345
7927401
7963591
7999095
8035285
8071515
8106898
8143088
8178592
8214782
8250570
8286760
8322642
8358373
8394336
8430067
8466257
8502487
8538900
8575130
8610879
8646842
8682573
8718763
8754993
8791406
8827636
8865218
8901181
8936912
8973102
9009332
9045745
9081975
9119685
9155915
9193138
9229551
9265376
9301566
9337796
9374209
9410439
9448149
9484379
9521602
9558015
9594245
9631299
9667529
9705239
9741469
9778692
9815105
9851335
9889045
9925275
9963090
9999359
10036699
10073112
10109342
10147052
10183282
10221097
10257366
10294748
10331161
10367391
10405101
10441331
10479146
10515415
10552898
10589355
10626838
10663313
10700922
10737397
10774862
10811337
10848820
10886250
10922904
10960614
10996844
11034659
11071757
11108959
11146189
11183043
11220342
11256983
11294466
11331896
11368550
11405849
11442490
11480305
11517403
11555194
11591835
11629650
11666748
11704201
11740842
11778657
11815755
11853546
11890187
11928002
11965100
12002915
12040057
12077872
12114970
12152785
12189975
12227790
12264888
12302703
12339974
12377734
12414887
12452702
12490236
12527733
12565149
12602842
12640365
12677755
12715570
12753104
12790578
12828017
12865737
12903233
12940650
12978465
13015999
13053446
13090912
13128727
13166128
13203708
13241428
13278974
13316341
13354156
13391690
13429187
13466603
13504418
13542351
13579449
13617264
13655201
13692899
13730714
13768047
13805745
13843560
13881497
13919312
13957182
13994343
14032158
14070028
14107843
14145753
14183595
14220875
14258626
14296441
14334351
14372221
14410036
14447973
14485158
14522973
14560819
14598634
14636568
14674466
14712281
14749766
14787351
14825166
14863272
14900998
14938813
14976867
15014973
15052699
15090514
15128620
15166564
15204379
15242433
15280539
15318265
15356080
15394186
15432448
15470400
15508215
15546321
15584468
15622283
15660389
15698651
15736603
15774418
15812524
15850786
15889135
15927241
15965503
16003455
16041270
16079376
16117638
16156294
16194204
16232310
16270572
16308524
16346339
16384445
16422707
16461056
16499162
16537424
16575376
16613191
16651297
16689559
16728215
16766321
16804583
16842949
16881211
16919167
16956982
16995088
17033350
17072006
17110112
17148374
17186740
17225002
17263594
17302250
17340356
17378618
17416984
17455246
17494271
17532582
17570844
17609210
17647472
17686497
17725101
17763467
17801729
17840621
17879455
17917717
17956616
17994878
18033712
18071974
18110866
18149754
18188095
18226861
18265123
18304090
18342352
18381244
18420132
18458619
18497239
18535501
18574526
18613281
18652139
18690595
18728997
18768022
18806777
18845635
18884091
18922608
18961633
19000388
19039246
19077907
19116932
19155687
19194545
19233005
19271522
19310547
19349302
19388160
19426821
19465846
19504601
19543459
19582260
19620969
19659486
19698511
19737266
19776124
19814785
19853810
19892565
19931423
19970224
20008977
20047494
20086519
20125274
20164132
20202793
20241818
20280573
20319431
20358232
20397211
20436012
20474870
20513895
20552650
20591550
20630575
20669330
20708188
20746989
20785968
20824769
20863627
20902652
20941407
20980432
21019404
21058262
21097287
21136042
21175067
21214115
21252966
21291991
21331039
21370106
21409289
21448337
21487394
21526366
21565224
21604249
21643004
21682029
21721077
21759928
21798953
21838001
21877068
21916251
21955299
21994366
22033585
22072652
22112038
22151118
22190340
22229407
22268705
22307873
22347171
22386393
22425460
22464846
22503926
22543312
22582750
22621888
22661274
22700354
22739740
22779178
22818564
22857859
22897245
22936325
22975711
23015149
23054535
23094013
23133399
23172852
23212290
23251676
23291154
23330540
23370287
23409876
23449262
23488810
23528557
23568146
23607532
23647166
23686913
23726502
23765888
23805635
23845312
23885059
23924788
23964535
24004212
24043773
24083520
24123197
24162944
24202729
24242476
24282153
24321900
24361980
24401819
24441573
24481250
24520997
24561005
24600752
24640827
24680504
24720251
24760102
24799849
24839886
24879768
24919638
24959356
24999103
25038983
25079022
25118902
25158783
25198490
25238237
25278317
25318156
25358236
25397917
25437664
25477744
25517583
25557663
25597459
25637539
25677378
25717458
25757555
25797379
25837459
25877298
25917378
25957475
25997355
26037435
26077532
26117612
26157693
26197532
26237612
26277709
26317589
26357669
26397766
26437846
26477960
26517958
26558038
26598135
26638215
26678329
26718570
26758667
26798747
26838861
26879119
26919233
26959525
26999698
27039872
27080070
27120210
27160290
27200404
27240662
27280776
27321068
27361241
27401499
27441613
27481835
27521949
27562207
27602321
27642613
27682786
27723044
27763158
27803450
27843997
27884255
27924369
27964636
28004928
28045475
28085727
28125847
28166139
28206450
28246564
28286856
28327050
28367342
28407775
28448042
28488261
28528528
28568820
28609253
28649545
28689739
28730031
28770498
28810915
28851109
28891401
28931709
28972206
29012593
29052787
29093079
29133417
29174009
29214301
29254495
29294787
29335528
29375820
29416241
29456982
29497274
29537777
29578518
29618810
29659191
29699529
29740121
29780413
29820607
29860899
29901640
29941932
29982353
30023094
30063386
30103889
30144630
30184922
30225343
30266084
30306376
30346978
30387697
30428011
30468432
30509173
30549465
30590270
30630786
30671303
30711724
30752465
30792757
30833657
30874078
30914819
30955111
30996301
31036818
31077239
31117959
31158272
31199172
31239593
31280218
31320626
31361251
31402151
31442572
31483313
31523605
31564676
31605312
31645733
31686474
31726766
31767666
31808087
31848828
31889120
31930191
31970816
32011595
32052137
32092878
32133170
32174295
32214877
32255298
32296039
32336331
32377231
32417652
32458393
32498685
32539964
32580717
32621160
32661936
32702556
32743835
32784411
32825031
32865807
32906504
32947245
32987537
33028816
33069569
33110012
33150788
33191408
33232687
33273263
33313883
33354659
33395915
33436677
33477134
33518413
33559166
33599928
33640898
33681960
33722930
33763692
33804897
33845724
33886591
33927691
33968623
34009385
34050355
34091417
34132387
34173149
34214354
34255181
34296386
34337148
34378197
34419180
34460229
34501241
34542196
34583208
34624228
34665240
34706289
34747494
34788256
34829535
34870288
34911567
34952666
34993701
35034698
35075733
35116900
35158111
35198960
35240143
35280992
35322210
35363370
35404405
35445402
35486437
35527604
35568815
35609982
35650847
35692014
35732914
35774193
35815292
35856327
35897324
35938359
35979526
36020737
36061904
36102769
36143936
36184971
36226250
36267349
36308415
36349381
36390617
36431896
36472954
36514041
36555027
36596306
36637614
36678600
36719687
36760966
36802421
36843260
36884539
36925802
36967081
37008282
37049375
37090654
37132103
37173577
37214397
37255676
37297242
37338614
37379707
37420986
37462431
37503710
37544729
37586008
37627453
37668732
37710298
37751632
37792763
37834042
37875491
37916703
37957785
37999064
38040630
38082115
38123409
38164688
38206001
38247465
38288939
38329759
38371038
38412604
38454089
38495383
38536662
38577975
38619541
38661019
38702298
38743599
38785165
38826650
38867956
38909235
38950801
38992286
39033756
39075057
39116623
39158108
39199414
39240693
39282259
39323744
39365173
39406739
39448224
39489694
39530995
39572561
39614046
39655352
39696631
39738197
39779682
39821248
39862831
39904316
39945882
39987503
40029235
40070998
40112886
40154452
40196073
40237681
40279247
40320830
40362315
40403881
40445502
40487234
40528997
40570885
40612451
40654072
40695804
40737567
40779459
40821222
40862976
40904676
40946297
40988029
41029792
41071701
41113433
41155196
41196964
41238828
41280605
41322305
41363926
41405658
41447421
41489346
41531078
41572830
41614593
41656457
41698250
41740013
41781866
41823629
41865554
41907286
41949049
41991129
42032903
42074699
42116560
42158323
42200403
42242210
42283973
42325934
42367966
42409821
42451584
42493664
42535477
42577240
42619201
42661281
42703088
42744851
42786931
42828955
42870810
42912732
42954812
42996836
43038691
43080620
43122700
43164724
43206579
43248659
43290683
43332755
43374684
43416740
43458788
43500643
43542699
43584747
43626803
43668826
43710804
43752884
43794869
43836763
43878843
43920867
43962947
44004946
44047026
44089050
44130989
44173069
44215093
44257173
44299172
44341252
44383276
44425356
44467456
44509531
44551611
44593635
44635715
44677815
44719931
44761991
44804071
44846171
44888287
44930516
44972576
45014656
45056756
45098872
45140991
45183071
45225171
45267287
45309400
45351500
45393616
45435756
45477872
45519985
45562085
45604201
45646320
45688400
45730500
45772616
45814820
45856905
45898985
45941085
45983201
46025335
46067451
46109680
46151740
46193820
46235920
46278036
46320308
46362424
46404653
46446713
46488793
46530893
46573009
46615288
46657404
46699757
46741873
46784417
46826533
46868864
46910980
46953333
46995449
47037993
47080109
47122462
47164578
47206947
47249063
47291607
47333723
47376076
47418192
47460641
47502949
47545301
47587654
47629770
47672411
47714527
47756975
47799288
47841732
47884084
47926437
47968553
48010966
48053310
48095723
48138071
48180484
48222928
48265341
48307527
48349940
48392284
48434697
48477045
48519458
48561902
48604315
48646813
48689226
48731716
48774206
48816619
48859064
48901477
48943825
48986238
49028682
49071095
49113593
49156006
49198496
49240986
49283399
49325897
49368310
49410800
49453298
49495711
49538307
49580805
49623218
49665811
49708301
49750737
49793212
49835808
49878306
49920719
49963327
50005825
50048238
50090955
50133406
50175940
50218474
50260925
50303400
50345996
50388494
50430907
50473515
50516013
50558426
50601143
50643715
50686128
50728662
50771234
50813647
50856364
50898861
50941470
50983883
51026563
51069097
51111669
51154082
51196799
51239407
51281905
51324318
51367001
51409718
51452230
51494824
51537237
51580117
51622736
51665149
51707899
51750779
51793398
51835811
51878574
51921322
51963807
52006486
52049234
52091984
52134469
52177232
52219896
52262659
52305144
52347892
52390571
52433385
52476064
52518554
52561317
52604047
52646810
52689229
52732109
52774722
52817470
52860149
52903029
52945523
52988132
53030895
53073764
53116394
53158807
53201687
53244426
53287189
53329886
53372688
53415101
53457949
53500790
53543568
53586180
53629028
53671751
53714243
53757123
53799932
53842771
53885322
53928202
53970981
54013850
54056670
54099490
54142060
54184940
54227749
54270588
54313468
54356228
54399108
54441794
54484674
54527483
54570363
54613284
54655962
54698842
54741651
54784531
54827501
54870138
54913018
54955827
54998707
55041695
55084548
55127427
55170267
55213116
55255956
55298836
55341806
55384443
55427323
55470132
55513012
55556000
55598853
55641732
55684612
55727421
55770301
55813289
55856142
55899022
55942010
55984879
56027759
56070722
56113531
56156411
56199399
56242252
56285132
56328120
56370989
56413869
56456857
56499785
56542665
56585653
56628642
56671713
56714702
56757710
56800781
56843770
56886896
56929885
56973028
57016178
57059189
57102197
57145268
57188257
57231383
57274372
57317515
57360665
57403770
57446913
57490056
57533195
57576321
57619310
57662453
57705603
57748708
57791851
57834994
57878137
57921287
57964392
58007535
58050685
58093861
58137004
58180147
58223297
58266402
58309545
58352695
58395890
58439033
58482183
58525441
58568591
58611749
58654929
58698079
58741352
58784495
58827645
58870843
58913993
58957266
59000409
59043559
59086837
59130085
59173271
59216471
59259738
59302887
59346037
59389315
59432563
59475749
59519021
59562216
59605494
59648733
59691928
59735200
59778454
59821726
59864912
59908190
59951438
59994716
60038076
60081301
60124579
60167827
60211105
60254465
60297822
60341070
60384348
60427708
60471071
60514319
60557597
60600957
60644314
60687562
60730840
60774200
60817570
60860886
60904200
60947560
60990863
61034223
61077580
61120828
61164106
61207466
61250836
61294152
61337466
61380826
61424196
61467512
61510872
61554242
61597699
61641069
61684564
61727934
61771391
61814761
61858183
61901543
61944913
61988370
62031740
62075235
62118605
62162062
62205432
62248957
62292487
62335945
62379402
62422772
62466297
62509827
62553426
62596884
62640341
62683711
62727236
62770766
62814394
62857919
62901449
62945096
62988626
63032233
63075823
63119353
63163000
63206530
63250137
63293771
63337314
63380948
63424555
63468162
63511732
63555403
63599050
63642580
63686321
63729946
63773519
63817260
63860885
63904626
63948283
63991856
64035597
64079222
64122963
64166716
64210289
64254030
64297655
64341396
64385158
64428858
64472563
64516224
64559965
64603570
64647311
64690936
64734677
64778430
64822003
64865744
64909369
64953110
64996872
65040572
65084277
65127938
65171679
65215441
65259182
65302846
65346587
65390349
65434090
65477973
65521665
65565406
65609168
65652909
65696792
65740568
65784329
65828071
65871954
65915750
65959491
66003374
66047267
66091071
66134812
66178695
66222588
66266655
66310486
66354331
66398152
66442035
66485928
66529995
66573826
66617600
66661483
66705376
66749443
66793274
66837119
66880940
66924823
66968716
67012783
67056614
67100459
67144342
67188235
67232302
67276133
67320016
67363909
67407976
67451845
67495728
67539621
67583688
67627632
67671521
67715414
67759481
67803425
67847337
67891281
67935348
67979292
68023204
68067271
68111215
68155139
68199083
68243150
68287094
68331006
68375073
68419017
68463084
68507037
68551104
68595081
68639148
68683092
68727159
68771112
68815179
68859234
68903301
68947371
68991438
69035493
69079560
69123651
69167718
69211773
69255840
69299913
69343980
69388071
69432138
69476193
69520260
69564460
69608515
69652582
69696683
69740844
69784911
69828966
69873033
69917233
69961288
70005355
70049456
70093656
70137711
70181778
70226003
70270088
70314313
70358480
70402646
70446871
70491038
70535263
70579468
70623693
70668000
70712210
70756392
70800617
70844822
70889047
70933359
70977564
71021789
71066153
71110487
71154794
71199140
71243492
71287838
71332145
71376509
71420843
71465207
71509629
71554004
71598350
71642657
71687021
71731355
71775719
71820141
71864550
71908972
71953382
71997804
72042213
72086635
72131050
72175472
72219881
72264303
72308798
72353239
72397661
72442070
72486492
72530971
72575466
72619907
72664329
72708738
72753160
72797655
72842130
72886539
72930961
72975440
73019935
73064376
73108798
73153207
73197629
73242124
73286654
73331144
73375621
73420043
73464538
73509013
73553508
73598038
73642528
73687005
73731427
73775922
73820452
73864942
73909437
73953967
73998462
74042961
74087491
74131986
74176544
74221039
74265552
74310082
74354577
74399135
74443630
74488189
74532684
74577255
74621813
74666308
74710867
74755362
74800004
74844611
74889170
74933665
74978307
75022960
75067602
75112262
75157035
75201677
75246337
75291188
75335848
75380708
75425559
75470219
75515107
75560011
75604899
75649782
75694633
75739293
75784181
75829085
75873973
75918879
75963767
76008655
76053559
76098447
76143353
76188241
76233166
76278054
76322942
76367846
76412734
76457640
76502528
76547499
76592387
76637293
76682181
76727095
76772054
76816954
76861860
76906748
76951707
76996621
77041592
77086480
77131386
77176274
77221267
77266163
77311149
77356038
77400992
77445914
77490802
77535795
77580691
77625678
77670566
77715520
77760455
77805409
77850396
77895284
77940243
77985173
78030132
78075116
78120007
78164991
78209896
78254880
78299839
78344756
78389714
78434645
78479603
78524588
78569548
78614463
78659437
78704352
78749345
78794302
78839255
78884191
78929144
78974137
79019094
79064087
79108983
79153976
79198951
79243904
79288897
79333854
79378847
79423743
79468736
79513805
79558801
79603740
79648733
79693802
79738798
79783791
79828860
79873988
79919013
79964006
80009046
80054115
80099265
80144268
80189261
80234330
80279480
80324575
80369644
80414752
80459821
80504896
80550046
80595135
80640210
80685318
80730387
80775537
80820632
80865701
80910851
80956017
81001086
81046236
81091312
81136462
81181557
81226626
81271776
81316942
81362011
81407161
81452461
81497530
81542680
81587903
81633053
81678219
81723288
81768438
81813738
81858807
81903957
81949237
81994436
82039586
82084756
82130071
82175235
82220385
82265700
82310870
82356199
82401349
82446499
82491834
82536998
82582148
82627463
82672633
82717996
82763112
82808262
82853645
82898795
82944154
82989331
83034687
83079864
83125223
83170541
83215756
83261074
83306433
83351674
83396966
83442351
83487566
83532884
83578243
83623564
83668776
83714199
83759456
83804833
83850192
83895479
83940725
83986137
84031405
84076811
84122159
84167428
84212840
84258086
84303509
84348766
84394172
84439520
84484789
84530212
84575469
84620875
84666223
84711555
84756938
84802266
84847672
84893020
84938352
84983735
85029106
85074489
85119821
85165244
85210575
85255998
85301340
85346763
85392094
85437517
85482911
85528320
85573665
85619088
85664560
85709891
85755314
85800786
85846160
85891583
85937055
85982386
86027809
86073281
86118704
86164212
86209697
86255126
86300634
86346119
86391584
86437092
86482567
86528075
86573560
86619025
86664533
86710018
86755526
86801044
86846509
86892017
86937502
86983010
87028537
87074045
87119558
87165028
87210536
87256021
87301529
87347084
87392569
87438077
87483562
87529070
87574625
87620123
87665631
87711186
87756786
87802406
87847891
87893399
87938884
87984392
88029947
88075445
88120953
88166508
88212108
88257733
88303310
88348910
88394535
88440118
88485718
88531343
88577016
88622641
88668356
88713981
88759654
88805279
88851018
88896699
88942329
88988068
89033749
89079438
89125177
89170858
89216488
89262227
89307908
89353647
89399454
89445242
89491035
89536777
89582584
89628372
89674165
89719972
89765760
89811567
89857406
89903194
89949001
89994911
90040729
90086536
90132446
90178281
90224088
90269998
90315816
90361623
90407533
90453377
90499184
90545094
90590976
90636886
90682878
90728707
90774514
90820424
90866268
90912075
90957985
91003867
91049777
91095769
91141651
91187561
91233573
91279518
91325444
91371326
91417236
91463228
91509110
91555020
91601032
91646977
91692906
91738816
91784761
91830773
91876765
91922647
91968557
92014575
92060632
92106546
92152564
92198621
92244535
92290553
92336610
92382524
92428542
92474599
92520663
92566720
92612675
92658693
92704731
92750664
92796682
92842739
92888803
92934860
92980898
93026955
93072871
93118889
93164946
93211010
93257067
93303105
93349162
93395226
93441263
93487320
93533384
93579441
93625479
93671536
93717600
93763657
93809818
93855924
93902085
93948208
93994369
94040529
94086690
94132871
94179109
94225319
94271557
94317804
94364042
94410237
94456418
94502656
94548866
94595104
94641351
94687589
94733799
94780037
94826391
94872601
94918839
94965121
95011375
95057585
95103823
95150177
95196387
95242625
95288907
95335213
95381454
95427709
95474015
95520297
95566538
95612844
95659099
95705418
95751690
95797928
95844287
95890525
95936808
95983117
96029405
96075714
96121997
96168313
96214594
96260955
96307193
96353584
96399945
96446183
96492585
96538946
96585184
96631615
96677952
96724214
96770653
96816982
96863252
96909695
96956020
97002428
97048851
97095196
97141593
97188027
97234361
97280769
97327192
97373537
97419960
97466368
97512811
97559136
97605579
97652052
97698547
97745068
97791511
97837984
97884431
97930904
97977343
98023688
98070111
98116519
98162962
98209287
98255730
98302203
98348698
98395219
98441662
98488135
98534582
98581055
98627550
98674047
98720514
98766987
98813482
98859979
98906452
98952899
98999372
99045867
99092388
99138831
99185304
99231799
99278353
99324881
99371410
99417902
99464397
99510951
99557479
99604008
99650562
99697090
99743644
99790179
99836727
99883281
99929816
99976370
100022930
100069518
100116073
100162633
100209221
100255781
100302353
100348901
100395455
100441990
100488544
100535104
100581692
100628247
100674807
100721395
100767955
100814590
100861201
100907786
100954349
101000929
101047489
101094077
101140637
101187272
101233836
101280471
101327031
101373666
101420230
101466810
101513370
101559958
101606518
101653153
101699764
101746352
101792912
101839547
101886193
101932773
101979333
102025921
102072481
102119116
102165727
102212315
102258875
102305510
102352252
102398825
102445460
102492112
102538672
102585307
102632049
102678622
102725257
102771999
102818634
102865280
102912022
102958595
103005230
103051972
103098607
103145302
103192029
103238617
103285252
103331994
103378629
103425401
103472051
103518813
103565561
103612196
103658968
103705618
103752380
103799152
103845802
103892574
103939346
103985996
104032768
104079542
104126222
104172994
104219768
104266479
104313251
104360025
104406758
104453530
104500304
104547039
104593811
104640585
104687337
104734109
104780883
104827648
104874420
104921194
104967966
105014750
105061524
105108296
105155113
105201885
105248669
105295443
105342215
105389021
105435793
105482610
105529382
105576166
105622940
105669712
105716521
105763338
105810110
105856894
105903668
105950440
105997278
106044095
106090867
106137651
106184425
106231197
106278068
106324932
106371706
106418478
106465349
106512224
106559105
106605991
106652872
106699753
106746624
106793499
106840380
106887266
106934147
106981049
107027935
107074816
107121745
107168702
107215711
107262700
107309623
107356552
107403509
107450518
107497507
107544464
107591438
107638447
107685436
107732393
107779402
107826469
107873476
107920434
107967443
108014471
108061517
108108526
108155503
108202512
108249579
108296586
108343595
108390662
108437745
108484840
108531909
108578925
108625934
108673001
108720084
108767179
108814248
108861331
108908426
108955560
109002655
109049796
109096985
109144126
109191264
109238347
109285442
109332576
109379671
109426812
109474001
109521142
109568311
109615473
109662607
109709702
109756843
109804032
109851173
109898342
109945531
109992672
110039884
110087101
110134313
110181478
110228690
110275907
110323119
110370341
110417558
110464770
110512009
110559221
110606447
110653686
110700898
110748156
110795368
110842670
110889882
110937140
110984352
111031657
111078876
111126134
111173346
111220651
111267893
111315198
111362463
111409768
111457010
111504315
111551629
111598935
111646220
111693525
111740767
111788072
111835386
111882692
111930006
111977332
112024647
112071961
112119287
112166625
112213939
112261265
112308630
112355954
112403280
112450629
112497971
112545318
112592644
112640003
112687335
112734692
112782018
112829383
112876709
112924100
112971426
113018791
113066117
113113563
113160889
113208364
113255784
113303136
113350501
113397866
113445192
113492638
113539964
113587439
113634885
113682211
113729670
113777081
113824527
113871853
113919328
113966774
114014100
114061559
114109034
114156480
114203806
114251413
114298846
114346305
114393773
114441226
114488552
114536159
114583692
114631140
114678466
114726072
114773398
114820965
114868433
114915886
114963212
115010819
115058407
115105853
115153179
115200786
115248508
115296034
115343480
115391087
115438806
115486252
115533578
115581185
115628907
115676433
115723879
115771486
115819208
115866734
115914279
115961886
116009608
116057057
116104664
116152386
116199912
116247457
116295064
116342786
116390312
116437919
116485592
116533215
116580822
116628447
116676070
116723677
116771350
116818975
116866582
116914205
116961911
117009503
117057110
117104778
117152439
117200076
117247683
117295405
117343012
117390829
117438436
117486173
117533872
117581597
117629307
117677033
117724731
117772468
117820167
117867892
117915701
117963328
118011150
118058862
118106586
118154420
118202120
118249954
118297670
118345394
118393228
118440928
118488762
118536493
118584327
118632142
118679976
118727676
118775510
118823241
118871075
118918915
118966749
119014613
119062479
119110387
119158263
119206111
119253975
119301841
119349749
119397625
119445491
119493382
119541290
119589166
119637032
119684940
119732892
119780819
119828714
119876580
119924488
119972440
120020367
120068319
120116247
120164199
120212077
120259985
120307937
120355864
120403816
120451744
120499696
120547674
120595602
120643545
120691453
120739405
120787332
120835284
120883212
120931164
120979142
121027070
121075022
121123056
121171025
121219059
121267099
121315068
121363102
121411194
121459163
121507197
121555304
121603358
121651392
121699499
121747554
121795661
121843738
121891844
121939951
121988028
122036135
122084252
122132387
122180504
122228652
122276779
122324910
122373031
122421179
122469307
122517437
122565559
122613707
122661844
122709965
122758113
122806255
122854372
122902520
122950737
122998885
123047031
123095148
123143296
123191513
123239661
123287842
123336067
123384248
123432466
123480636
123528853
123577001
123625182
123673407
123721588
123769806
123817987
123866212
123914393
123962627
124010917
124059145
124107370
124155551
124203785
124252075
124300309
124348640
124396930
124445164
124493524
124541840
124590200
124638585
124686819
124735179
124783495
124831855
124880242
124928610
124976991
125025293
125073653
125121969
125170329
125218716
125267084
125315465
125363852
125412220
125460607
125509009
125557377
125605758
125654145
125702513
125750900
125799331
125847737
125896124
125944555
125993030
126041417
126089848
126138370
126186768
126235199
126283680
126332167
126380598
126429031
126477547
126525978
126574430
126622946
126671377
126719810
126768332
126816778
126865209
126913731
126962283
127010757
127059279
127107725
127156156
127204678
127253230
127301759
127350293
127398845
127447374
127495913
127544465
127592994
127641546
127690162
127738691
127787243
127835856
127884408
127933023
127981553
128030105
128078729
128127281
128175885
128224462
128273061
128321638
128370242
128418823
128467418
128516051
128564603
128613227
128661838
128710412
128759053
128807618
128856238
128904875
128953427
129002068
129050691
129099253
129147915
129196517
129245170
129293811
129342434
129390996
129439658
129488260
129536922
129585555
129634217
129682897
129731559
129780261
129828997
129877675
129926353
129974955
130023617
130072250
130120912
130169592
130218254
130266956
130315692
130364370
130413050
130461712
130510414
130559150
130607851
130656553
130705223
130753925
130802661
130851362
130900064
130948800
130997535
131046254
131094990
131143725
131192461
131241214
131289949
131338685
131387483
131436305
131485040
131533776
131582574
131631319
131680117
131728939
131777674
131826410
131875208
131924031
131972805
132021603
132070426
132119224
132168085
132216883
132265706
132314504
132363416
132412239
132461037
132509860
132558772
132607595
132656393
132705335
132754158
132802956
132851779
132900691
132949514
132998312
133047286
133096139
133144937
133193911
133242771
133291580
133340554
133389414
133438224
133487198
133536058
133585018
133633901
133682852
133731735
133780695
133829580
133878529
133927481
133976374
134025326
134074275
134123227
134172120
134221094
134270021
134318990
134367964
134416891
134465865
134514846
134563826
134612807
134661860
134710829
134759803
134808730
134857704
134906685
134955665
135004646
135053747
135102749
135151850
135200911
135249891
135298872
135347973
135396975
135446076
135495161
135544262
135593388
135642519
135691652
135740753
135789879
135839010
135888146
135937300
135986436
136035591
136084745
136133881
136183043
136232207
136281411
136330575
136379784
136428948
136478157
136527325
136576534
136625698
136674907
136724123
136773332
136822544
136871760
136920969
136970210
137019419
137068670
137117911
137167120
137216370
137265621
137314862
137364071
137413340
137462603
137511856
137561125
137610388
137659657
137708968
137758226
137807435
137856704
137905967
137955220
138004489
138053752
138103021
138152332
138201609
138250920
138300206
138349514
138398825
138448111
138497422
138546757
138596069
138645404
138694715
138744050
138793362
138842697
138892049
138941574
138990898
139040233
139089585
139139110
139188457
139237809
139287334
139336748
139386100
139435625
139485104
139534456
139583944
139633469
139682854
139732300
139781825
139831346
139880698
139930223
139979766
140029323
140078688
140128213
140177756
140227313
140276904
140326425
140375950
140425493
140475050
140524641
140574239
140623830
140673423
140722980
140772571
140822169
140871760
140921384
140970975
141020640
141070242
141119855
141169526
141219122
141268815
141318406
141368123
141417798
141467468
141517082
141566799
141616501
141666144
141715861
141765494
141815211
141864913
141914556
141964273
142013954
142063670
142113373
142163016
142212733
142262366
142312083
142361785
142411428
142461145
142510847
142560542
142610259
142659961
142709678
142759402
142809104
142858821
142908549
142958251
143007968
143057701
143107418
143157171
143206918
143256671
143306426
143356190
143405951
143455668
143505421
143555168
143604921
143654676
143704440
143754229
143804033
143853815
143903579
143953368
144003172
144052974
144102778
144152614
144202420
144252222
144302026
144351862
144401720
144451484
144501273
144551077
144600879
144650683
144700519
144750325
144800127
144849931
144899767
144949719
144999617
145049477
145099429
145149327
145199204
145249156
145299054
145349006
145398982
145448939
145498915
145548843
145598795
145648771
145698728
145748704
145798674
145848626
145898602
145948559
145998535
146048515
146098507
146148507
146198528
146248526
146298526
146348533
146398547
146448552
146498552
146548573
146598573
146648610
146698610
146748632
146798669
146848669
146898710
146948751
146998781
147048794
147098816
147148853
147198853
147248894
147298935
147348965
147399006
147449047
147499088
147549123
147599164
147649205
147699246
147749320
147799361
147849402
147899443
147949560
147999611
148049705
148099819
148149873
148199990
148250081
148300198
148350265
148400382
148450473
148500590
148550681
148600798
148650889
148701006
148751127
148801265
148851429
148901567
148951734
149001912
149052130
149102336
149152503
149202681
149252887
149303105
149353311
149403478
149453656
149503874
149554121
149604409
149654667
149704955
149755325
149805602
149855890
149906260
149956616
150006937
150057307
150107584
150157872
150208242
150258598
150308968
150359338
150409694
150460064
150510439
150560809
150611165
150661535
150711913
150762302
150812680
150863079
150913495
150963918
151014334
151064723
151115101
151165500
151215916
151266339
151316755
151367150
151417549
151467965
151518388
151568804
151619218
151669617
151720033
151770456
151820872
151871305
151921721
151972144
152022560
152073015
152123443
152173859
152224314
152274742
152325197
152375622
152426077
152476505
152526960
152577415
152627870
152678335
152728801
152779256
152829711
152880176
152930663
152981179
153031644
153082131
153132635
153183107
153233562
153284027
153334514
153385030
153435495
153485982
153536486
153587002
153637467
153687954
153738510
153788975
153839462
153890053
153940567
153991151
154041728
154092256
154142847
154193417
154243960
154294547
154345121
154395652
154446243
154496813
154547356
154597947
154648517
154699108
154749684
154800275
154850874
154901450
154952041
155002660
155053238
155103829
155154426
155205047
155255623
155306214
155356842
155407473
155458072
155508663
155559291
155609922
155660550
155711230
155761858
155812516
155863144
155913824
155964452
156015139
156065767
156116495
156167258
156217986
156268800
156319578
156370306
156421120
156472003
156522780
156573564
156624378
156675261
156726038
156776852
156827735
156878549
156929375
156980255
157031072
157081914
157132778
157183611
157234491
157285317
157336188
157387074
157437894
157488775
157539613
157590481
157641319
157692190
157743080
157793896
157844777
157895669
157946483
157997387
158048301
158099311
158150251
158201261
158252217
158303033
158353914
158404806
158455620
158506524
158557438
158608448
158659388
158710398
158761360
158812335
158863249
158914211
158965199
159016161
159067171
159118133
159169108
159220022
159271032
159321972
159372982
159423944
159474954
159525935
159576945
159627922
159678932
159729894
159780904
159831885
159882895
159933880
159984890
160035881
160086891
160137895
160188905
160239896
160290906
160341936
160392930
160443940
160494970
160545980
160597041
160648051
160699081
160750091
160801152
160852162
160903229
160954243
161005310
161056420
161107434
161158501
161209634
161260681
161311748
161362858
161413872
161464939
161516072
161567210
161618319
161669452
161720590
161771709
161822842
161873980
161925113
161976252
162027410
162078549
162129701
162180857
162231998
162283167
162334306
162385496
162436635
162487831
162538978
162590174
162641347
162692525
162743720
162794894
162846090
162897267
162948463
162999660
163050856
163102054
163153280
163204478
163255678
163306904
163358102
163409328
163460529
163511755
163562983
163614225
163665453
163716703
163767941
163819191
163870468
163921718
163973015
164024265
164075566
164126863
164178113
164229422
164280763
164332021
164383330
164434671
164485980
164537322
164588663
164639921
164691230
164742571
164793880
164845227
164896588
164947913
164999254
165050563
165101910
165153271
165204618
165256002
165307362
165358723
165410070
165461454
165512857
165564204
165615588
165666998
165718382
165769793
165821142
165872526
165923936
165975320
166026731
166078115
166129555
166180956
166232350
166283807
166335191
166386663
166438047
166489539
166540932
166592395
166643834
166695280
166746778
166798182
166849680
166901131
166952629
167004153
167055647
167107102
167158600
167210128
167261585
167313083
167364607
167416101
167467556
167519054
167570582
167622072
167673570
167725098
167776597
167828125
167879615
167931113
167982641
168034151
168085679
168137218
168188784
168240323
168291877
168343418
168394982
168446523
168498077
168549632
168601182
168652752
168704291
168755870
168807458
168859043
168910593
168962163
169013702
169065281
169116869
169168475
169220045
169271584
169323163
169374751
169426395
169477983
169529576
169581198
169632808
169684417
169736023
169787649
169839243
169890864
169942475
169994084
170045690
170097316
170148922
170200531
170252169
170303763
170355407
170407010
170458646
170510248
170561893
170613495
170665131
170716779
170768378
170820074
170871662
170923391
170974979
171026725
171078313
171130094
171181708
171233456
171285115
171336851
171388632
171440258
171492018
171543677
171595413
171647141
171698820
171750601
171802284
171854044
171905703
171957439
172009220
172060846
172112627
172164368
172216104
172267885
172319511
172371292
172423101
172474911
172526692
172578476
172630257
172682066
172733876
172785657
172837466
172889309
172941118
172992967
173044776
173096626
173148440
173200290
173252167
173304017
173355895
173407771
173459649
173511530
173563408
173615284
173667162
173719044
173770931
173822825
173874707
173926594
173978475
174030357
174082244
174134138
174186020
174237907
174289796
174341688
174393572
174445459
174497353
174549240
174601128
174653022
174704909
174756805
174808693
174860587
174912474
174964372
175016266
175068153
175120060
175171948
175223855
175275809
175327769
175379661
175431568
175483456
175535363
175587317
175639277
175691231
175743216
175795145
175847099
175899059
175951013
176002998
176054952
176106975
176158952
176210975
176263038
176315041
176367064
176419127
176471162
176523197
176575260
176627295
176679358
176731456
176783491
176835554
176887636
176939699
176991796
177043832
177095895
177148005
177200068
177252137
177304247
177356287
177408350
177460460
177512523
177564592
177616702
177668765
177720902
177773025
177825162
177877345
177929468
177981605
178033826
178085949
178138086
178190311
178242448
178294702
178346839
178399118
178451255
178503559
178555696
178607987
178660291
178712428
178764742
178817024
178869315
178921619
178973756
179026070
179078357
179130671
179182991
179235337
179287651
179339971
179392318
179444638
179497003
179549377
179601711
179654044
179706409
179758784
179811117
179863457
179915822
179968195
180020530
180072895
180125268
180177643
180230018
180282390
180334763
180387138
180439513
180491888
180544297
180596700
180649075
180701450
180753859
180806271
180858716
180911156
180963531
181015906
181068315
181120727
181173172
181225638
181278083
181330546
181382991
181435457
181487902
181540381
181592846
181645325
181697803
181750282
181802757
181855236
181907714
181960193
182012708
182065187
182117665
182170144
182222700
182275179
182327692
182380248
182432727
182485433
182537920
182590626
182643277
182695983
182748470
182801176
182853837
182906536
182959194
183011900
183064561
183117260
183169929
183222627
183275333
183327995
183380701
183433425
183486131
183538856
183591526
183644232
183696956
183749662
183802387
183855118
183907843
183960593
184013377
184066141
184118925
184171725
184224553
184277405
184330233
184383098
184435951
184488779
184541644
184594470
184647254
184700054
184752864
184805595
184858320
184911070
184963854
185016618
185069402
185122202
185175030
185227882
185280710
185333575
185386428
185439256
185492121
185545001
185597866
185650737
185703602
185756482
185809347
185862234
185915099
185967989
186020892
186073770
186126660
186179563
186232518
186285408
186338311
186391285
186444188
186497163
186550147
186603122
186656142
186709172
186762192
186815178
186868198
186921228
186974248
187027308
187080328
187133409
187186429
187239508
187292557
187345609
187398697
187451737
187504832
187557877
187610972
187664080
187717175
187770275
187823383
187876478
187929590
187982709
188035821
188088960
188142086
188195225
188248372
188301523
188354721
188407872
188461083
188514234
188567448
188620665
188673971
188727327
188780593
188833810
188887116
188940472
188993748
189047054
189100410
189153750
189207056
189260412
189313789
189367217
189420544
189473900
189527277
189580705
189634082
189687511
189740888
189794306
189847693
189901067
189954444
190007872
190061249
190114690
190168096
190221473
190274901
190328278
190381719
190435137
190488578
190542108
190595551
190649071
190702556
190756044
190809574
190863049
190916561
190970071
191023566
191077054
191130584
191184059
191237589
191291081
191344611
191398161
191451691
191505256
191558786
191612375
191665943
191719473
191773038
191826568
191880157
191933749
191987281
192040870
192094462
192148036
192201625
192255217
192308749
192362338
192415930
192469551
192523132
192576721
192630313
192683845
192737434
192791026
192844647
192898251
192951872
193005539
193059169
193112836
193166474
193220141
193273816
193327483
193381158
193434833
193488500
193542197
193595872
193649567
193703234
193756931
193810606
193864303
193918001
193971723
194025439
194079161
194132886
194186608
194240341
194294057
194347779
194401504
194455226
194508976
194562705
194616427
194670172
194723922
194777651
194831373
194885123
194938875
194992625
195046395
195100147
195153897
195207676
195261453
195315203
195368973
195422725
195476475
195530254
195584040
195637819
195691622
195745430
195799237
195853045
195906860
195960672
196014487
196068304
196122119
196175951
196229766
196283607
196337435
196391276
196445149
196498999
196552840
196606713
196660572
196714445
196768312
196822185
196876074
196929947
196983837
197037710
197091599
197145472
197199447
197253352
197307225
197361200
197415108
197469028
197522917
197576790
197630765
197684670
197738543
197792518
197846426
197900401
197954317
198008292
198062200
198116175
198170137
198224112
198278133
198332077
198386052
198440014
198493989
198548010
198601994
198656015
198709959
198763934
198817896
198871871
198925892
198979936
199033969
199088010
199142054
199196040
199250061
199304105
199358138
199412179
199466223
199520256
199574300
199628351
199682441
199736494
199790527
199844571
199898622
199952712
200006784
200060874
200114987
200169077
200223215
200277307
200331445
200385565
200439703
200493826
200547964
200602110
200656248
200710401
200764560
200818713
200872884
200927069
200981240
201035419
201089578
201143731
201197902
201252087
201306258
201360450
201414621
201468873
201523060
201577312
201631515
201685686
201739938
201794125
201848377
201902632
201956844
202011071
202065323
202119584
202173790
202228042
202282303
202336572
202390833
202445144
202499414
202553725
202608041
202662374
202716669
202770980
202825296
202879629
202933940
202988256
203042608
203096924
203151315
203205639
203259983
203314365
203368698
203423098
203477424
203531818
203586157
203640544
203694931
203749277
203803690
203858051
203912464
203966841
204021238
204075643
204130028
204184441
204238830
204293243
204347659
204402088
204456521
204510956
204565372
204619801
204674234
204728723
204783156
204837656
204892089
204946648
205001084
205055643
205110116
205164675
205219212
205273771
205328341
205382893
205437452
205492022
205546595
205601178
205655778
205710396
205764976
205819546
205874119
205928702
205983302
206037920
206092520
206147179
206201781
206256364
206310964
206365582
206420182
206474841
206529454
206584106
206638706
206693365
206747978
206802637
206857274
206911933
206966604
207021241
207075900
207130572
207185236
207239895
207294567
207349246
207403950
207458629
207513337
207568016
207622736
207677453
207732125
207786804
207841508
207896187
207950895
208005574
208060294
208115040
208169747
208224467
208279213
208333933
208388660
208443406
208498126
208552858
208607604
208662324
208717104
208771884
208826644
208881424
208936204
208990970
209045750
209100530
209155310
209210147
209264935
209319772
209374641
209429433
209484270
209539139
209593989
209648802
209703639
209758508
209813358
209868195
209923064
209977953
210032813
210087682
210142571
210197454
210252343
210307210
210362079
210416968
210471851
210526740
210581637
210636565
210691469
210746358
210801255
210856183
210911106
210966003
211020931
211075867
211130829
211185771
211240733
211295665
211350601
211405563
211460505
211515467
211570441
211625452
211680426
211735482
211790456
211845539
211900572
211955593
212010600
212065562
212120504
212175466
212230440
212285451
212340425
212395481
212450455
212505538
212560538
212615592
212670648
212725622
212780705
212835705
212890788
212945821
213000904
213056008
213111124
213166238
213221354
213276484
213331628
213386758
213441909
213497025
213552139
213607255
213662385
213717529
213772659
213827821
213882969
213938131
213993291
214048453
214103694
214158930
214214171
214269414
214324599
214379761
214435002
214490238
214545479
214600722
214655986
214711229
214766533
214821776
214877101
214932349
214987674
215042981
215098306
215153653
215208972
215264297
215319644
215374995
215430344
215485695
215541165
215596517
215651912
215707261
215762612
215818082
215873434
215928904
215984374
216039844
216095199
216150669
216206139
216261609
216317090
216372564
216428045
216483548
216539046
216594549
216650058
216705561
216761121
216816628
216872158
216927661
216983205
217038728
217094272
217149820
217205364
217260924
217316486
217372030
217427590
217483152
217538715
217594282
217649845
217705408
217760975
217816562
217872129
217927721
217983296
218038888
218094467
218150059
218205643
218261235
218316839
218372448
218428074
218483742
218539355
218594981
218650649
218706275
218761959
218817589
218873253
218928920
218984567
219040238
219095898
219151552
219207257
219262883
219318591
219374272
219429976
219485616
219541324
219597005
219652709
219708417
219764098
219819806
219875525
219931245
219986966
220042686
220098415
220154137
220209866
220265606
220321342
220377071
220432811
220488572
220544355
220600121
220655888
220711671
220767437
220823220
220878989
220934772
220990580
221046349
221102132
221157942
221213757
221269567
221325402
221381223
221437058
221492896
221548735
221604581
221660432
221716312
221772163
221828046
221883897
221939807
221995666
222051576
222107464
222163374
222219285
222275208
222331118
222387029
222442957
222498868
222554822
222610733
222666661
222722572
222778565
222834476
222890445
222946373
223002284
223058277
223114188
223170178
223226117
223282082
223338093
223394011
223450022
223505988
223561996
223618007
223673925
223729936
223785902
223841913
223897932
223953898
224009909
224065938
224121944
224177955
224233984
224290005
224346016
224402045
224458082
224514117
224570154
224626195
224682250
224738330
224794409
224850489
224906571
224962651
225018738
225074830
225130917
225187050
225243171
225299301
225355393
225411480
225467613
225523734
225579867
225636000
225692122
225748254
225804376
225860476
225916563
225972696
226028817
226084950
226141116
226197205
226253338
226309459
226365592
226421758
226477917
226534083
226590287
226646498
226702702
226758922
226815144
226871362
226927582
226983804
227040036
227096269
227152488
227208708
227264930
227321162
227377395
227433615
227489837
227546069
227602344
227658576
227714847
227771069
227827301
227883576
227939808
227996116
228052348
228108623
228164855
228221179
228277473
228333791
228390111
228446409
228502733
228559047
228615371
228671714
228728037
228784361
228840704
228897028
228953374
229009698
229066059
229122402
229178763
229235107
229291468
229347811
229404172
229460519
229516880
229573241
229629588
229685949
229742323
229798684
229855063
229911424
229967795
230024169
230080530
230136909
230193270
230249667
230306078
230362439
230418836
230475247
230531662
230588135
230644532
230700943
230757358
230813874
230870289
230926746
230983253
231039677
231096226
231152641
231209215
231265630
231322214
231378652
231435236
231491673
231548257
231604695
231661279
231717725
231774309
231830805
231887351
231943935
232000431
232056992
232113569
232170072
232226656
232283210
232339756
232396340
232452894
232509478
232566095
232622709
232679312
232735929
232792543
232849160
232905795
232962449
233019066
233075701
233132376
233189124
233245820
233302568
233359294
233416042
233472873
233529614
233586362
233643133
233699881
233756712
233813453
233870201
233927026
233983780
234040598
234097346
234154177
234210925
234267771
234324534
234381365
234438113
234494959
234551745
234608591
234665393
234722239
234779117
234835963
234892846
234949690
235006536
235063414
235120260
235177143
235234035
235290918
235347814
235404697
235461589
235518472
235575426
235632354
235689237
235746129
235803083
235860011
235916894
235973848
236030793
236087747
236144721
236201682
236258643
236315617
236372578
236429548
236486522
236543483
236600457
236657435
236714409
236771426
236828400
236885424
236942429
236999429
237056453
237113458
237170482
237227501
237284512
237341512
237398536
237455541
237512565
237569584
237626608
237683646
237740670
237797713
237854737
237911775
237968799
238025852
238082896
238139949
238197003
238254047
238311100
238368156
238425205
238482258
238539314
238596367
238653429
238710509
238767584
238824664
238881744
238938842
238995922
239053009
239110107
239167187
239224287
239281395
239338475
239395575
239452691
239509791
239566891
239624007
239681107
239738228
239795328
239852452
239909553
239966674
240023774
240080898
240138019
240195143
240252279
240309403
240366596
240423789
240480982
240538192
240595418
240652651
240709862
240767088
240824321
240881551
240938784
240996069
241053343
241110576
241167861
241225161
241282446
241339718
241397003
241454303
241511588
241568903
241626188
241683509
241740800
241798121
241855435
241912756
241970085
242027436
242084793
242142144
242199525
242256882
242314233
242371639
242428990
242486362
242543768
242601119
242658593
242716080
242773566
242831053
242888575
242946066
243003552
243061039
243118561
243176095
243233617
243291173
243348707
243406263
243463820
243521389
243578972
243636541
243694134
243751723
243809316
243866905
243924498
243982093
244039713
244097302
244154895
244212490
244270111
244327745
244385340
244442961
244500682
244558317
244615912
244673533
244731254
244788969
244846690
244904465
244962186
245019907
245077682
245135433
245193194
245250969
245308720
245366495
245424269
245482044
245539826
245597649
245655424
245713206
245771031
245828818
245886643
245944469
246002308
246060090
246117915
246175702
246233527
246291353
246349203
246407065
246464935
246522761
246580611
246638473
246696351
246754213
246812104
246869978
246927869
246985745
247043636
247101535
247159444
247217343
247275272
247333171
247391120
247449027
247506928
247564857
247622756
247680712
247738612
247796568
247854509
247912465
247970413
248028369
248086349
248144322
248202302
248260284
248318264
248376254
248434234
248492245
248550268
248608279
248666314
248724325
248782356
248840367
248898402
248956413
249014470
249072545
249130598
249188655
249246730
249304787
249362883
249420979
249479081
249537177
249595286
249653382
249711496
249769592
249827736
249885834
249943948
250002044
250060188
250118293
250176437
250234569
250292713
250350846
250408990
250467183
250525376
250583569
250641775
250700022
250758228
250816489
250874695
250932959
250991173
251049435
251107680
251165913
251224177
251282420
251340684
251398944
251457208
251515473
251573752
251632017
251690283
251748638
251806952
251865218
251923573
251981891
252040240
252098565
252156913
252215264
252273587
252331937
252390292
252448611
252506966
252565358
252623713
252682132
252740487
252798913
252857268
252915710
252974065
253032524
253090879
253149382
253207746
253266228
253324583
253383086
253441450
253499953
253558342
253616845
253675360
253733863
253792386
253850917
253909449
253967985
254026537
254085068
254143600
254202136
254260753
254319394
254378011
254436639
254495274
254553897
254612541
254671160
254729804
254788457
254847076
254905720
254964374
255023059
255081713
255140372
255199016
255257670
255316355
255375009
255433721
255492383
255551095
255609798
255668510
255727247
255785970
255844707
255903466
255962203
256020969
256079714
256138480
256197237
256256003
256314801
256373582
256432380
256491187
256550001
256608816
256667630
256726493
256785307
256844175
256902991
256961859
257020760
257079642
257138543
257197459
257256382
257315298
257374242
257433188
257492132
257551089
257610044
257668996
257727940
257786897
257845852
257904809
257963796
258022773
258081760
258140801
258199843
258258941
258317997
258377095
258436208
258495306
258554362
258613460
258672573
258731671
258790774
258849887
258908985
258968107
259027210
259086323
259145421
259204544
259263646
259322769
259381872
259440995
259500178
259559387
259618526
259677709
259736918
259796066
259855249
259914458
259973641
260032855
260092038
260151270
260210473
260269683
260328915
260388118
260447350
260506582
260565814
260625166
260684398
260743761
260803014
260862377
260921639
260980987
261040319
261099571
261158934
261218187
261277550
261336812
261396167
261455492
261514792
261574155
261633472
261692835
261752204
261811607
261870976
261930396
261989767
262049187
262108600
262167969
262227389
262286760
262346180
262405608
262465055
262524510
262583977
262643351
262702771
262762199
262821646
262881101
262940568
263000032
263059499
263118967
263178445
263237928
263297406
263356891
263416396
263475881
263535389
263594900
263654429
263713968
263773527
263833066
263892666
263952205
264011811
264071386
264130925
264190525
264250064
264309670
264369270
264428809
264488417
264548027
264607620
264667228
264726838
264786485
264846093
264905703
264965355
265024965
265084635
265144314
265203984
265263594
265323264
265382943
265442616
265502295
265561976
265621665
265681359
265741052
265800746
265860490
265920259
265980030
266039771
266099464
266159158
266218902
266278671
266338442
266398232
266458027
266517817
266577623
266637428
266697234
266757051
266816873
266876679
266936496
266996331
267056166
267116001
267175852
267235687
267295548
267355447
267415308
267475208
267535043
267594904
267654803
267714664
267774589
267834450
267894376
267954304
268014255
268074261
268134189
268194140
268254173
268314129
268374162
268434154
268494187
268554204
268614237
268674266
268734299
268794361
268854411
268914444
268974473
269034506
269094568
269154642
269214717
269274804
269334879
269394960
269455047
269515122
269575218
269635359
269695472
269755613
269815763
269875953
269936120
269996233
270056374
270116524
270176714
270236912
270297129
270357327
270417562
270477752
270537950
270598167
270658365
270718611
270778809
270839083
270899360
270959606
271019804
271080078
271140410
271200644
271260918
271321250
271381562
271441894
271502250
271562617
271622973
271683341
271743703
271804071
271864476
271924844
271985249
272045662
272106030
272166435
272226854
272287222
272347627
272408050
272468418
272528823
272589269
272649783
272710248
272770663
272831068
272891514
272952028
273012493
273072948
273133394
273193908
273254395
273314850
273375296
273435810
273496303
273556817
273617336
273677861
273738388
273798913
273859449
273919995
273980542
274041193
274101740
274162392
274222941
274283593
274344266
274404947
274465653
274526368
274587049
274647755
274708468
274769183
274829864
274890570
274951301
275012023
275072734
275133440
275194171
275254893
275315624
275376454
275437201
275498031
275558857
275619658
275680488
275741314
275802144
275863001
275923831
275984657
276045487
276106387
276167219
276228068
276288968
276349800
276410700
276471556
276532456
276593355
276654232
276715132
276776031
276836931
276897842
276958746
277019657
277080626
277141530
277202441
277263413
277324324
277385241
277446213
277507124
277568094
277629044
277689977
277750953
277811897
277872862
277933838
277994782
278055758
278116760
278177749
278238751
278299753
278360755
278421744
278482746
278543759
278604788
278665852
278726926
278787939
278848968
278910032
278971117
279032217
279093315
279154415
279215525
279276646
279337790
279398941
279460115
279521266
279582441
279643592
279704775
279765926
279827175
279888401
279949650
280010889
280072040
280133289
280194515
280255764
280317050
280378305
280439531
280500780
280562066
280623335
280684621
280745913
280807226
280868543
280929856
280991178
281052508
281113867
281175220
281236579
281297919
281359278
281420631
281481990
281543353
281604706
281666065
281727469
281788828
281850246
281911642
281973046
282034464
282095860
282157278
282218683
282280097
282341509
282402920
282464338
282525746
282587164
282648588
282710037
282771477
282832926
282894451
282955979
283017458
283078949
283140474
283201994
283263481
283325006
283386534
283448017
283509542
283571070
283632576
283694101
283755629
283817166
283878717
283940298
284001884
284063477
284125118
284186764
284248364
284310005
284371651
284433259
284494900
284556546
284618187
284679845
284741486
284803145
284864830
284926517
284988194
285049835
285111493
285173134
285234793
285296478
285358165
285419906
285481596
285543337
285605036
285666777
285728525
285790277
285852028
285913780
285975571
286037363
286099155
286160946
286222738
286284581
286346423
286408266
286470136
286532015
286593928
286655807
286717731
286779690
286841651
286903578
286965491
287027370
287089294
287151253
287213214
287275180
287337139
287399100
287461076
287523046
287585022
287646998
287709001
287771005
287833029
287895086
287957090
288019114
288081178
288143229
288205286
288267310
288329374
288391425
288453489
288515562
288577626
288639677
288701741
288763832
288825900
288887964
288950055
289012151
289074254
289136350
289198454
289260550
289322677
289384773
289446960
289509056
289571183
289633279
289695489
289757650
289819860
289882035
289944245
290006406
290068616
290130835
290193060
290255278
290317497
290379722
290441956
290504175
290566400
290628648
290690873
290753127
290815352
290877611
290939836
291002090
291064315
291126592
291188825
291251102
291313361
291375638
291437930
291500207
291562517
291624868
291687179
291749530
291811933
291874296
291936647
291999050
292061462
292123849
292186252
292248664
292311089
292373501
292435938
292498353
292560790
292623218
292685655
292748104
292810577
292873031
292935480
292997953
293060478
293122974
293185477
293248002
293310498
293373023
293435531
293498056
293560591
293623139
293685664
293748199
293810771
293873373
293935961
293998533
294061135
294123741
294186352
294248994
294311607
294374249
294436978
294499636
294562333
294625062
294687720
294750449
294813162
294875891
294938628
295001366
295064181
295126946
295189761
295252541
295315356
295378186
295441004
295503834
295566694
295629524
295692396
295755226
295818132
295880962
295943868
296006760
296069666
296132591
296195551
296258476
296321445
296384378
296447347
296510337
296573273
296636242
296699232
296762224
296825230
296888269
296951275
297014331
297077355
297140411
297203443
297266499
297329540
297392596
297455639
297518695
297581751
297644815
297707872
297770936
297834006
297897070
297960160
298023224
298086389
298149557
298212732
298275936
298339142
298402364
298465570
298528802
298592008
298655241
298718479
298781721
298844963
298908205
298971467
299034733
299097978
299161220
299224482
299287748
299351062
299414328
299477603
299540917
299604183
299667498
299730796
299794078
299857413
299920691
299984026
300047342
300110677
300174017
300237343
300300678
300364018
300427375
300490755
300554153
300617578
300680984
300744409
300807833
300871258
300934690
300998145
301061570
301125002
301188460
301251895
301315353
301378821
301442391
301505875
301569445
301632963
301696533
301760118
301823707
301887292
301950902
302014487
302078115
302141727
302205355
302269038
302332679
302396362
302460050
302523767
302587455
302651202
302714890
302778640
302842338
302906088
302969793
303033543
303097296
303161046
303224810
303288585
303352345
303416095
303479859
303543634
303607398
303671206
303734999
303798763
303862571
303926385
303990179
304053943
304117751
304181565
304245386
304309221
304373042
304436886
304500763
304564616
304628493
304692379
304756269
304820203
304884104
304948038
305011940
305075874
305139827
305203761
305267705
305331658
305395592
305459589
305523542
305587476
305651546
305715561
305779631
305843661
305907731
305971769
306035839
306099854
306163924
306227954
306292024
306356076
306420146
306484265
306548352
306612471
306676598
306740750
306804877
306869042
306933208
306997373
307061558
307125723
307189935
307254159
307318344
307382509
307446721
307510955
307575147
307639359
307703529
307767741
307831990
307896202
307960470
308024682
308088966
308153192
308217476
308281774
308346083
308410381
308474746
308539044
308603417
308667796
308732169
308796571
308860976
308925382
308989787
309054267
309118724
309183178
309247658
309312115
309376595
309441080
309505541
309570021
309634506
309699048
309763593
309828173
309892773
309957318
310021898
310086529
310151189
310215824
310280484
310345146
310409806
310474468
310539130
310603790
310668454
310733139
310797824
310862511
310927200
310991921
311056643
311121388
311186115
311250860
311315609
311380354
311445104
311509849
311574612
311639357
311704123
311768868
311833663
311898496
311963311
312028144
312092963
312157796
312222618
312287451
312352291
312417138
312482012
312546959
312611875
312676751
312741698
312806614
312871561
312936512
313001459
313066428
313131401
313196370
313261355
313326335
313391320
313456326
313521311
313586320
313651333
313716344
313781357
313846428
313911516
313976624
314041726
314106834
314171964
314237066
314302174
314367309
314432411
314497519
314562657
314627778
314692916
314758180
314823318
314888605
314953833
315019120
315084423
315149722
315215025
315280355
315345658
315410989
315476335
315541682
315607021
315672367
315737714
315803073
315868420
315933788
315999156
316064503
316129871
316195243
316260652
316326038
316391447
316456879
316522321
316587821
316653308
316718808
316784357
316849913
316915539
316981095
317046723
317112311
317177939
317243540
317309157
317374785
317440386
317506014
317571680
317637335
317702959
317768587
317834253
317899908
317965574
318031257
318096947
318162630
318228362
318294073
318359805
318425565
318491344
318557130
318622937
318688791
318754665
318820519
318886407
318952297
319018219
319084133
319150055
319216002
319281959
319347911
319413858
319479815
319545835
319611859
319677806
319743763
319809783
319875826
319941850
320007797
320073754
320139774
320205831
320271894
320337951
320404008
320470071
320536168
320602231
320668341
320734405
320800515
320866678
320932803
320998966
321065177
321131437
321197600
321263811
321330100
321396311
321462607
321528908
321595253
321661593
321727938
321794295
321860640
321927004
321993349
322059716
322126061
322192457
322258891
322325236
322391632
322458068
322524507
322590943
322657394
322723851
322790306
322856763
322923247
322989753
323056237
323122805
323189343
323255827
323322395
323388942
323455510
323522081
323588662
323655246
323721846
323788464
323855108
323921726
323988356
324055000
324121618
324188285
324254903
324321548
324388215
324454833
324521483
324588150
324654768
324721438
324788116
324854845
324921583
324988360
325055121
325121887
325188625
325255402
325322163
325388940
325455730
325522507
325589325
325656102
325722921
325789698
325856556
325923414
325990233
326057010
326123868
326190730
326257595
326324486
326391357
326458248
326525166
326592138
326659067
326726039
326793008
326859980
326926979
326993956
327060955
327127934
327194933
327261928
327328927
327395960
327463006
327530039
327597092
327664161
327731228
327798297
327865420
327932489
327999655
328066778
328133847
328201013
328268269
328335435
328402536
328469702
328536958
328604124
328671425
328738669
328805970
328873257
328940558
329007865
329075182
329142511
329209847
329277150
329344451
329411758
329479075
329546404
329613740
329681069
329748408
329815745
329883084
329950422
330017761
330085131
330152516
330219855
330287225
330354622
330422029
330489399
330556796
330624204
330691629
330759056
330826481
330893948
330961393
331028860
331096323
331163790
331231342
331298809
331366272
331433739
331501306
331568773
331636354
331703826
331771407
331838967
331906548
331974143
332041725
332109306
332176901
332244492
332312087
332379689
332447284
332514920
332582565
332650162
332717798
332785443
332853091
332920756
332988404
333056069
333123737
333191413
333259095
333326784
333394460
333462142
333529864
333597601
333665323
333733088
333800810
333868583
333936359
334004109
334071882
334139658
334207485
334275339
334343166
334411020
334478877
334546778
334614715
334682636
334750573
334818522
334886459
334954423
335022407
335090373
335158357
335226359
335294398
335362402
335430441
335498489
335566531
335634579
335702636
335770715
335838797
335906934
335975084
336043359
336111596
336179871
336248111
336316386
336384670
336452963
336521260
336589594
336657917
336726217
336794551
336862874
336931208
336999516
337067850
337136173
337204507
337272871
337341207
337409571
337477949
337546313
337614693
337683079
337751464
337819844
337888230
337956628
338025015
338093401
338161799
338230207
338298605
338367018
338435416
338503857
338572334
338640812
338709292
338777775
338846304
338914784
338983267
339051840
339120339
339188912
339257552
339326082
339394655
339463295
339531868
339600540
339669195
339737768
339806440
339875112
339943796
340012516
340081238
340149970
340218759
340287587
340356408
340425140
340493929
340562757
340631588
340700423
340769324
340838173
340907074
340975983
341044924
341113869
341182879
341251881
341320826
341389836
341458848
341527858
341596876
341665900
341734969
341804051
341873120
341942204
342011286
342080355
342149441
342218528
342287597
342356683
342425789
342494875
342564025
342633162
342702312
342771509
342840744
342910006
342979250
343048512
343117787
343187031
343256293
343325576
343394838
343464121
343533404
343602687
343671949
343741232
343810520
343879815
343949141
344018424
344087712
344157007
344226336
344295732
344365074
344434470
344503812
344573208
344642563
344711959
344781372
344850768
344920222
344989695
345059149
345128633
345198087
345267590
345337044
345406575
345476057
345545532
345615091
345684545
345754117
345823669
345893216
345962788
346032340
346101912
346171512
346241135
346310735
346380361
346450074
346519779
346589405
346659118
346728833
346798559
346868276
346938002
347007733
347077459
347147199
347216925
347286693
347356419
347426249
347495978
347565808
347635549
347705379
347775209
347845039
347914875
347984733
348054604
348124544
348194402
348264273
348334241
348404150
348474118
348544046
348614014
348683974
348753942
348823870
348893838
348963821
349033789
349103806
349173903
349243965
349314062
349384155
349454252
349524367
349594488
349664595
349734710
349804831
349874953
349945087
350015209
350085352
350155511
350225688
350295903
350366068
350436245
350506460
350576660
350646875
350717090
350787305
350857539
350927792
350998050
351068315
351138593
351208858
351279137
351349415
351419680
351489963
351560271
351630543
351700826
351771134
351841452
351911795
351982113
352052487
352122894
352193268
352263765
352334143
352404550
352474924
352545421
352615869
352686259
352756650
352827147
352897611
352967985
353038482
353108948
353179399
353249896
353320362
353390835
353461332
353531798
353602295
353672800
353743331
353813868
353884407
353954944
354025488
354096033
354166612
354237157
354307764
354378359
354448904
354519511
354590140
354660799
354731479
354802138
354872782
354943411
355014070
355084750
355155409
355226157
355296835
355367583
355438333
355509085
355579920
355650780
355721644
355792535
355863399
355934296
356005160
356076089
356147024
356217988
356288951
356359915
356430884
356501880
356572885
356643939
356714944
356786015
356857033
356928104
356999179
357070273
357141344
357212419
357283578
357354781
357425940
357497185
357568360
357639605
357710936
357782273
357853657
357925049
357996470
358067872
358139264
358210685
358282111
358353560
358424986
358496470
358567905
358639389
358710885
358782376
358853872
358925401
358996930
359068459
359139992
359211521
359283055
359354632
359426242
359497833
359569443
359641089
359712749
359784429
359856155
359927851
359999577
360071334
360143131
360214952
360286793
360358678
360430555
360502440
360574354
360646277
360718221
360790156
360862100
360934133
361006082
361078115
361150240
361222316
361294349
361366474
361438612
361510826
361583068
361655282
361727576
361799878
361872215
361944590
362016948
362089285
362161660
362234057
362306456
362378879
362451316
362523739
362596184
362668621
362741044
362813507
362885997
362958491
363030992
363103546
363176110
363248615
363321169
363393733
363466328
363538903
363611498
363684115
363756752
363829369
363902022
363974680
364047345
364120025
364192815
364265495
364338343
364411049
364483897
364556607
364629455
364702261
364775109
364848008
364920856
364993770
365066718
365139632
365212600
365285514
365358491
365431468
365504445
365577429
365650415
365723401
365796420
365869446
365942511
366015645
366088748
366161882
366235009
366308143
366381359
366454506
366527722
366600941
366674208
366747424
366820643
366893914
366967186
367040458
367113763
367187185
367260492
367333914
367407314
367480736
367554179
367627643
367701065
367774508
367847976
367921423
367994891
368068380
368141864
368215353
368288851
368362367
368435892
368509450
368583014
368656592
368730150
368803714
368877296
368950881
369024521
369098106
369171756
369245417
369319106
369392767
369466466
369540148
369613847
369687551
369761259
369834974
369908681
369982389
370056104
370129812
370203550
370277297
370351117
370424864
370498708
370572455
370646368
370720169
370794082
370867999
370941969
371015955
371089981
371164038
371238098
371312263
371386373
371460538
371534718
371608911
371683133
371757313
371831506
371905742
371979963
372054199
372128438
372202693
372276992
372351300
372425616
372499962
372574326
372648754
372723158
372797586
372872059
372946487
373020971
373095399
373169896
373244324
373318830
373393360
373467823
373542329
373616859
373691365
373765905
373840430
373914970
373989512
374064054
374138594
374213136
374287683
374362225
374436800
374511386
374585983
374660611
374735244
374809884
374884534
374959227
375033953
375108685
375183459
375258238
375333025
375407851
375482638
375557468
375632308
375707158
375782019
375856938
375931859
376006778
376081730
376156689
376231672
376306757
376381858
376457012
376532170
376607340
376682557
376757815
376833158
376908447
376983790
377059079
377134422
377209790
377285177
377360545
377435946
377511327
377586728
377662146
377737581
377812999
377888450
377963939
378039433
378114947
378190465
378265989
378341514
378417074
378492677
378568300
378643923
378719548
378795197
378870855
378946526
379022184
379097877
379173535
379249238
379324896
379400616
379476349
379552094
379627856
379703596
379779341
379855103
379930877
380006658
380082492
380158320
380234154
380309990
380385909
380461847
380537791
380613739
380689701
380765684
380841671
380917654
380993690
381069752
381145788
381221869
381298012
381374214
381450386
381526588
381602808
381679045
381755301
381831561
381907836
381984092
382060352
382136668
382212928
382289261
382365541
382441874
382518217
382594517
382670850
382747193
382823540
382899923
382976392
383052866
383129390
383205864
383282411
383358974
383435546
383512132
383588721
383665413
383742117
383818892
383895680
383972486
384049346
384126189
384203049
384279912
384356817
384433761
384510735
384587710
384664707
384741692
384818667
384895664
384972661
385049671
385126722
385203801
385280888
385357967
385435093
385512244
385589397
385666573
385743699
385820850
385898003
385975179
386052332
386129543
386206706
386283917
386361113
386438324
386515542
386592753
386669986
386747247
386824563
386901892
386979260
387056642
387134067
387211513
387288994
387366544
387444099
387521649
387599209
387676759
387754320
387831895
387909456
387987042
388064636
388142251
388219921
388297515
388375130
388452882
388530644
388608413
388686230
388764100
388841960
388919830
388997746
389075662
389153678
389231602
389309618
389387633
389465649
389543667
389621690
389699789
389777812
389856009
389934047
390012244
390090504
390168778
390247057
390325345
390403687
390482037
390560407
390638800
390717207
390795615
390874031
390952512
391031014
391109518
391188090
391266678
391345288
391423901
391502511
391581126
391659794
391738427
391817095
391895783
391974498
392053219
392131986
392210766
392289535
392368302
392447082
392525887
392604764
392683648
392762540
392841424
392920324
392999260
393078160
393157097
393236120
393315154
393394392
393473619
393552857
393632111
393711355
393790609
393869881
393949161
394028465
394107768
394187072
394266461
394345792
394425181
394504596
394584066
394663479
394742894
394822364
394901839
394981343
395060912
395140424
395219993
395299576
395379160
395458766
395538391
395618054
395697772
395777498
395857264
395937001
396016767
396096536
396176310
396256096
396335924
396415761
396495615
396575472
396655326
396735248
396815173
396895257
396975268
397055352
397135473
397215586
397295707
397375899
397456101
397536214
397616335
397696527
397776734
397856965
397937217
398017454
398097706
398177996
398258414
398338727
398419145
398499563
398579992
398660445
398740928
398821390
398901873
398982359
399062855
399143373
399223869
399304421
399385015
399465599
399546193
399626807
399707475
399788134
399868802
399949482
400030176
400110899
400191593
400272318
400353085
400433890
400514721
400595629
400676554
400757478
400838403
400919370
401000361
401081379
401162424
401243545
401324605
401405726
401486927
401568061
401649262
401730521
401811811
401893148
401974603
402056101
402137650
402219255
402300993
402382756
402464525
402546353
402628156
402709925
402791753
402873587
402955427
403037270
403119148
403201048
403282961
403364970
403446990
403529045
403611102
403693211
403775290
403857399
403939541
404021725
404103990
404186174
404268460
404350711
404432997
404515290
404597588
404679973
404762390
404844775
404927222
405009708
405092191
405174677
405257193
405339715
405422298
405504939
405587525
405670166
405752817
405835485
405918154
406000822
406083534
406166203
406248871
406331583
406414444
406497267
406580128
406662953
406745814
406828678
406911535
406994396
407077260
407160136
407243052
407325928
407408855
407491807
407574778
407657752
407740785
407823841
407906906
407990166
408073424
408156684
408239949
408323243
408406574
408489907
408573240
408656573
408739939
408823307
408906673
408990074
409073475
409156929
409240358
409323812
409407284
409490757
409574233
409657713
409741259
409824819
409908331
409991877
410075437
410159007
410242599
410326191
410409783
410493493
410577109
410660701
410744411
410828052
410911762
410995479
411079191
411162908
411246635
411330373
411414193
411498047
411581873
411665727
411749638
411833564
411917571
412001511
412085518
412169526
412253542
412337550
412421587
412505682
412589793
412673937
412758109
412842329
412926501
413010754
413095011
413179409
413263821
413348239
413432696
413517183
413601680
413686208
413770779
413855443
413940014
414024715
414109286
414193999
414278719
414363391
414448104
414532824
414617537
414702260
414787012
414871767
414956634
415041511
415126296
415211163
415296040
415381033
415466006
415550999
415636039
415721148
415806261
415891375
415976598
416061775
416146998
416232229
416317504
416402887
416488270
416573730
416659221
416744797
416830426
416916002
417001701
417087371
417173070
417258786
417344535
417430284
417516051
417601807
417687574
417773349
417859138
417944928
418030717
418116509
418202342
418288192
418374048
418459951
418545882
418631824
418717798
418803795
418889872
418975962
419062039
419148162
419234294
419320432
419406582
419492779
419578980
419665224
419751502
419837809
419924121
420010546
420096990
420183460
420269945
420356453
420442938
420529450
420615977
420702514
420789064
420875670
420962281
421048888
421135499
421222125
421308784
421395456
421482133
421568849
421655572
421742356
421829197
421916039
422002971
422089968
422176966
422263972
422350998
422438072
422525152
422612286
422699366
422786508
422873663
422960864
423048050
423135251
423222474
423309818
423397163
423484515
423571874
423659237
423746652
423834088
423921584
424009085
424096632
424184185
424271746
424359386
424447062
424534819
424622617
424710484
424798282
424886180
424974124
425062100
425150147
425238218
425326301
425414459
425502640
425590832
425679056
425767282
425855522
425943961
426032424
426120921
426209563
426298207
426386886
426475528
426564172
426652901
426741668
426830487
426919352
427008292
427097255
427186195
427275196
427364258
427453338
427542407
427631487
427720569
427809684
427898857
427988033
428077244
428166479
428255745
428345020
428434324
428523656
428613149
428702821
428792530
428882309
428972018
429061797
429151624
429241542
429331446
429421364
429511363
429601281
429691325
429781243
429871327
429961418
430051502
430141599
430231731
430321882
430412041
430502408
430592963
430683336
430773935
430864452
430955051
431045620
431136219
431226885
431317669
431408469
431499369
431590292
431681263
431772434
431863509
431954680
432045822
432136993
432228231
432319576
432410983
432502401
432593877
432685362
432776909
432868458
432960053
433051773
433143562
433235365
433327177
433419029
433511139
433603266
433695393
433787603
433879822
433972039
434064258
434156578
434248972
434341400
434434016
434526745
434619628
434712785
434806094
434899411
434992738
435086075
435179471
435273114
435366775
435460491
435554437
435648153
435742138
435835854
435929846
436023985
436118140
436212326
436306518
436400786
436495047
436589315
436683637
436778045
436872453
436966877
437061340
437155834
437250378
437345088
437439811
437534712
437629435
437724460
437819686
437915093
438010570
438106081
438201678
438297380
438393167
438489100
438585168
438681264
438777467
438873727
438970306
439066962
439163639
439260367
439357285
439454414
439552011
439649750
439747588
439845433
439943448
440041785
440141082
