9598
10964
13548
16165
20296
22637
24605
26760
28202
29825
32219
34276
36146
38107
40691
43177
45007
46968
49552
52164
54650
56480
58441
61025
63093
65090
67674
69965
71954
73951
76535
79152
81753
83895
86274
88402
90790
92812
95206
97263
99651
101723
104307
106669
108745
110817
113196
115776
117773
119845
122290
124637
126634
128706
131290
133669
135728
137800
140221
142763
145037
147306
149378
151799
153898
156187
158495
160902
162992
165281
167589
170010
172480
174570
176859
179167
181588
184061
186304
188593
190901
193321
195639
197882
200171
202479
204899
207249
209419
211708
214016
216343
218513
220802
223110
225531
227895
230091
232380
234688
237109
239473
241781
244132
246385
248674
250982
253403
255710
257963
260252
262560
264981
267345
269653
272056
274364
276678
278986
281340
283634
285942
288363
290727
293035
295376
297684
300060
302368
304722
307143
309461
311759
314051
316359
318735
321066
323452
325828
328159
330477
332785
335139
337449
339846
342232
344542
346883
349175
351483
353859
356245
358576
360952
363269
365558
367866
370242
372573
374959
377335
379666
381984
384292
386662
389038
391378
393755
396105
398393
400682
402990
405366
407775
410083
412459
414803
417179
419487
421795
424171
426580
428888
431233
433603
435979
438298
440606
442982
445334
447623
449931
452307
454716
457024
459400
461744
464120
466428
468736
471112
473521
475829
478205
480549
482925
485239
487547
489923
492332
494640
496978
499307
501683
504071
506400
508776
511120
513481
515789
518118
520494
522882
525211
527587
529931
532307
534686
537024
539400
541779
544123
546499
548887
551216
553592
555948
558324
560703
563041
565417
567796
570140
572516
574904
577233
579609
582024
584400
586788
589117
591493
593897
596273
598688
601064
603452
605781
608157
610567
612943
615322
617660
620036
622415
624759
627135
629523
631852
634228
636584
638960
641339
643677
646053
648432
650776
653152
655540
657869
660245
662634
665036
667424
669753
672129
674518
676909
679298
681700
684088
686417
688793
691182
693587
695993
698390
700792
703188
705593
707999
710396
712798
715203
717609
720006
722409
724798
727189
729578
731980
734368
736697
739073
741462
743867
746273
748670
751072
753468
755873
758279
760676
763078
765483
767889
770286
772691
775097
777502
779923
782338
784743
787149
789546
791948
794344
796749
799155
801552
803954
806359
808765
811162
813567
815973
818378
820799
823261
825658
828063
830469
832874
835295
837783
840189
842594
845015
847477
849874
852279
854685
857090
859511
862016
864422
866827
869248
871657
874054
876459
878865
881270
883691
886153
888550
890955
893361
895766
898187
900675
903081
905486
907907
910369
912766
915171
917577
919982
922403
924908
927314
929719
932140
934616
937022
939427
941848
944353
946759
949164
951584
953989
956410
958915
961321
963726
966147
968570
971029
973434
975855
978307
980766
983171
985592
988015
990520
992926
995331
997752
1000277
1002691
1005112
1007535
1010040
1012446
1014851
1017272
1019797
1022228
1024733
1027139
1029544
1031965
1034490
1036904
1039325
1041748
1044253
1046659
1049064
1051485
1054010
1056448
1058973
1061420
1063825
1066246
1068718
1071185
1073606
1076029
1078508
1080940
1083345
1085766
1088245
1090722
1093201
1095633
1098038
1100459
1102938
1105398
1107819
1110242
1112721
1115153
1117558
1119979
1122458
1124942
1127421
1129871
1132379
1134791
1137212
1139691
1142175
1144632
1147097
1149518
1151992
1154415
1156884
1159326
1161731
1164152
1166631
1169108
1171571
1173994
1176424
1178845
1181310
1183731
1186205
1188628
1191107
1193539
1195944
1198365
1200844
1203328
1205807
1208315
1210772
1213177
1215598
1218077
1220561
1223040
1225483
1227962
1230446
1232925
1235433
1237892
1240371
1242855
1245334
1247842
1250331
1252810
1255286
1257765
1260249
1262728
1265236
1267695
1270174
1272658
1275137
1277642
1280121
1282605
1285084
1287576
1290022
1292501
1294985
1297464
1299972
1302415
1304834
1307255
1309734
1312218
1314697
1317140
1319619
1322103
1324582
1327090
1329549
1332028
1334512
1336991
1339499
1341987
1344467
1346943
1349422
1351906
1354385
1356893
1359352
1361831
1364315
1366794
1369299
1371778
1374262
1376741
1379233
1381708
1384187
1386671
1389150
1391643
1394122
1396626
1399089
1401568
1404052
1406531
1409039
1411511
1413990
1416474
1418953
1421446
1423925
1426429
1428892
1431371
1433855
1436334
1438839
1441318
1443802
1446281
1448773
1451248
1453727
1456211
1458690
1461198
1463686
1466166
1468642
1471121
1473605
1476084
1478592
1481051
1483530
1486014
1488493
1491001
1493489
1495969
1498453
1500932
1503419
1505898
1508406
1510895
1513374
1515858
1518337
1520831
1523311
1525794
1528302
1530787
1533270
1535750
1538233
1540720
1543199
1545707
1548196
1550675
1553159
1555638
1558133
1560612
1563120
1565609
1568088
1570572
1573051
1575559
1578084
1580565
1583059
1585538
1588030
1590535
1593029
1595515
1598016
1600495
1602990
1605469
1607977
1610466
1612945
1615429
1617908
1620416
1622941
1625422
1627916
1630395
1632887
1635392
1637886
1640372
1642880
1645374
1647879
1650371
1652853
1655351
1657856
1660350
1662858
1665340
1667832
1670337
1672831
1675317
1677825
1680319
1682824
1685316
1687804
1690296
1692801
1695295
1697803
1700297
1702783
1705288
1707780
1710274
1712779
1715287
1717781
1720267
1722761
1725266
1727758
1730266
1732780
1735272
1737766
1740245
1742753
1745277
1747759
1750267
1752777
1755256
1757764
1760289
1762770
1765278
1767792
1770271
1772779
1775301
1777785
1780293
1782815
1785303
1787811
1790312
1792800
1795308
1797826
1800314
1802822
1805327
1807815
1810323
1812841
1815329
1817837
1820362
1822872
1825368
1827876
1830381
1832869
1835377
1837895
1840383
1842891
1845416
1847926
1850447
1852935
1855443
1857968
1860478
1863003
1865525
1868050
1870580
1873120
1875645
1878155
1880680
1883202
1885727
1888257
1890808
1893323
1895848
1898370
1900895
1903408
1905933
1908455
1910980
1913510
1916047
1918572
1921085
1923610
1926132
1928657
1931187
1933738
1936253
1938778
1941300
1943825
1946355
1948895
1951418
1953930
1956455
1958977
1961502
1964032
1966583
1969108
1971630
1974155
1976685
1979241
1981766
1984296
1986854
1989389
1991934
1994459
1996989
1999545
2002070
2004600
2007152
2009677
2012207
2014763
2017288
2019818
2022376
2024911
2027469
2030007
2032532
2035062
2037618
2040143
2042673
2045220
2047750
2050296
2052826
2055361
2057907
2060437
2062977
2065524
2068054
2070584
2073130
2075665
2078195
2080741
2083272
2085818
2088348
2090883
2093429
2095959
2098517
2101052
2103597
2106127
2108673
2111203
2113738
2116284
2118814
2121372
2123901
2126431
2128977
2131507
2134042
2136588
2139118
2141649
2144195
2146725
2149260
2151806
2154336
2156894
2159429
2161987
2164537
2167095
2169630
2172188
2174750
2177280
2179838
2182373
2184931
2187481
2190039
2192574
2195132
2197683
2200241
2202776
2205334
2207884
2210442
2212977
2215535
2218097
2220627
2223185
2225720
2228278
2230828
2233386
2235921
2238479
2241031
2243589
2246124
2248682
2251232
2253790
2256325
2258883
2261445
2263975
2266533
2269068
2271626
2274176
2276734
2279269
2281827
2284391
2286959
2289508
2292066
2294612
2297170
2299709
2302267
2304813
2307371
2309912
2312470
2315020
2317578
2320113
2322671
2325233
2327763
2330321
2332856
2335414
2337964
2340522
2343057
2345615
2348179
2350747
2353307
2355865
2358400
2360958
2363508
2366066
2368601
2371159
2373723
2376291
2378851
2381409
2383959
2386517
2389052
2391610
2394162
2396720
2399255
2401813
2404377
2406945
2409505
2412063
2414598
2417156
2419706
2422264
2424799
2427357
2429921
2432489
2435049
2437607
2440157
2442715
2445250
2447808
2450372
2452940
2455502
2458060
2460624
2463192
2465743
2468301
2470865
2473433
2475995
2478553
2481117
2483685
2486248
2488812
2491349
2493907
2496457
2499015
2501550
2504108
2506672
2509240
2511800
2514358
2516908
2519466
2522001
2524559
2527123
2529691
2532253
2534811
2537375
2539943
2542494
2545052
2547616
2550184
2552746
2555304
2557868
2560436
2562999
2565563
2568131
2570687
2573245
2575809
2578377
2580939
2583497
2586061
2588629
2591192
2593756
2596324
2598890
2601458
2604030
2606594
2609162
2611721
2614285
2616853
2619416
2621980
2624548
2627114
2629682
2632254
2634818
2637386
2639949
2642513
2645081
2647647
2650215
2652787
2655355
2657931
2660500
2663068
2665634
2668202
2670771
2673342
2675907
2678475
2681038
2683602
2686170
2688736
2691304
2693876
2696444
2699020
2701589
2704157
2706723
2709291
2711863
2714431
2717007
2719579
2722147
2724729
2727297
2729871
2732446
2735020
2737591
2740159
2742725
2745293
2747865
2750433
2753009
2755581
2758149
2760731
2763299
2765873
2768454
2771022
2773598
2776170
2778738
2781314
2783886
2786454
2789036
2791604
2794178
2796759
2799327
2801903
2804475
2807043
2809624
2812193
2814767
2817348
2819917
2822493
2825073
2827643
2830213
2832795
2835363
2837937
2840519
2843087
2845663
2848245
2850813
2853387
2855969
2858537
2861120
2863695
2866275
2868855
2871425
2874005
2876581
2879163
2881731
2884305
2886887
2889455
2892031
2894613
2897181
2899764
2902339
2904919
2907499
2910069
2912649
2915225
2917807
2920375
2922949
2925531
2928099
2930682
2933257
2935837
2938419
2940987
2943570
2946145
2948728
2951308
2953890
2956458
2959041
2961615
2964198
2966773
2969353
2971935
2974503
2977086
2979661
2982244
2984824
2987406
2989974
2992557
2995132
2997715
3000299
3002885
3005464
3008047
3010621
3013204
3015779
3018359
3020938
3023509
3026092
3028667
3031250
3033830
3036412
3038980
3041563
3044138
3046721
3049305
3051891
3054473
3057056
3059631
3062214
3064794
3067376
3069944
3072527
3075102
3077685
3080269
3082855
3085445
3088018
3090601
3093176
3095759
3098343
3100929
3103511
3106094
3108669
3111252
3113832
3116414
3118982
3121565
3124140
3126723
3129307
3131893
3134483
3137075
3139661
3142251
3144846
3147432
3150022
3152615
3155199
3157785
3160375
3162967
3165550
3168134
3170720
3173303
3175886
3178470
3181056
3183646
3186238
3188824
3191414
3194002
3196592
3199184
3201770
3204360
3206948
3209538
3212130
3214713
3217297
3219883
3222473
3225065
3227651
3230241
3232829
3235412
3237995
3240579
3243165
3245755
3248347
3250933
3253523
3256118
3258704
3261294
3263887
3266471
3269057
3271647
3274239
3276822
3279406
3281992
3284582
3287174
3289760
3292350
3294945
3297531
3300121
3302714
3305298
3307884
3310474
3313066
3315652
3318242
3320837
3323423
3326013
3328609
3331201
3333791
3336383
3338969
3341559
3344154
3346740
3349330
3351926
3354518
3357114
3359715
3362314
3364910
3367511
3370112
3372713
3375305
3377891
3380481
3383076
3385662
3388252
3390848
3393440
3396036
3398622
3401212
3403807
3406393
3408983
3411579
3414171
3416767
3419368
3421967
3424563
3427164
3429765
3432366
3434958
3437544
3440134
3442729
3445315
3447905
3450501
3453093
3455689
3458289
3460889
3463485
3466085
3468685
3471281
3473882
3476483
3479084
3481676
3484262
3486852
3489447
3492033
3494623
3497219
3499811
3502407
3505007
3507607
3510203
3512803
3515404
3518005
3520614
3523214
3525808
3528404
3530996
3533592
3536192
3538792
3541388
3543988
3546589
3549190
3551799
3554399
3556995
3559595
3562196
3564797
3567412
3570017
3572618
3575218
3577819
3580420
3583025
3585621
3588221
3590822
3593423
3596027
3598632
3601228
3603828
3606429
3609030
3611645
3614250
3616851
3619451
3622052
3624653
3627262
3629859
3632458
3635058
3637659
3640260
3642875
3645480
3648081
3650683
3653284
3655893
3658493
3661089
3663689
3666290
3668891
3671506
3674109
3676710
3679325
3681930
3684531
3687133
3689734
3692343
3694943
3697539
3700139
3702740
3705341
3707956
3710561
3713162
3715777
3718394
3720996
3723597
3726198
3728813
3731418
3734019
3736634
3739251
3741857
3744458
3747073
3749678
3752279
3754894
3757511
3760121
3762736
3765341
3767942
3770557
3773174
3775794
3778403
3781004
3783619
3786236
3788850
3791465
3794074
3796689
3799306
3801908
3804513
3807128
3809745
3812355
3814970
3817571
3820176
3822791
3825408
3828028
3830633
3833238
3835853
3838470
3841084
3843699
3846308
3848923
3851540
3854146
3856761
3859378
3861998
3864611
3867216
3869831
3872448
3875068
3877690
3880307
3882927
3885557
3888184
3890801
3893421
3896051
3898670
3901290
3903920
3906547
3909164
3911784
3914414
3917039
3919659
3922289
3924916
3927533
3930153
3932783
3935411
3938035
3940665
3943285
3945905
3948535
3951164
3953784
3956414
3959041
3961658
3964278
3966908
3969536
3972160
3974790
3977410
3980030
3982660
3985292
3987912
3990542
3993173
3995805
3998425
4001055
4003687
4006320
4008942
4011569
4014189
4016819
4019447
4022071
4024701
4027321
4029941
4032571
4035203
4037823
4040453
4043081
4045711
4048336
4050963
4053593
4056224
4058853
4061476
4064106
4066738
4069371
4071993
4074620
4077240
4079870
4082498
4085122
4087752
4090372
4092992
4095622
4098254
4100874
4103504
4106135
4108767
4111387
4114017
4116649
4119282
4121904
4124534
4127164
4129796
4132430
4135051
4137681
4140313
4142954
4145577
4148207
4150839
4153476
4156106
4158738
4161379
4164002
4166632
4169264
4171905
4174537
4177173
4179808
4182437
4185067
4187699
4190334
4192972
4195607
4198243
4200881
4203507
4206137
4208769
4211410
4214042
4216683
4219321
4221951
4224581
4227213
4229854
4232486
4235127
4237760
4240392
4243033
4245665
4248306
4250944
4253574
4256204
4258836
4261477
4264109
4266750
4269388
4272023
4274661
4277301
4279942
4282575
4285215
4287853
4290494
4293135
4295767
4298411
4301051
4303695
4306336
4308976
4311609
4314253
4316893
4319537
4322181
4324818
4327462
4330102
4332745
4335389
4338029
4340673
4343314
4345954
4348587
4351231
4353871
4356515
4359159
4361796
4364440
4367080
4369724
4372368
4375012
4377656
4380300
4382947
4385600
4388246
4390890
4393534
4396178
4398822
4401469
4404122
4406770
4409419
4412072
4414720
4417373
4420025
4422678
4425332
4427986
4430633
4433286
4435934
4438583
4441232
4443876
4446520
4449164
4451811
4454464
4457112
4459761
4462414
4465062
4467715
4470367
4473020
4475674
4478328
4480975
4483628
4486276
4488925
4491578
4494226
4496879
4499531
4502184
4504838
4507493
4510147
4512804
4515458
4518115
4520779
4523436
4526095
4528752
4531406
4534063
4536727
4539384
4542055
4544711
4547368
4550031
4552689
4555352
4558023
4560681
4563339
4566003
4568660
4571331
4573987
4576644
4579307
4581965
4584628
4587299
4589957
4592620
4595291
4597956
4600619
4603286
4605949
4608607
4611270
4613941
4616599
4619262
4621933
4624598
4627261
4629927
4632591
4635254
4637925
4640590
4643253
4645914
4648577
4651248
4653906
4656569
4659240
4661905
4664568
4667239
4669898
4672561
4675232
4677897
4680560
4683231
4685899
4688567
4691238
4693902
4696573
4699241
4701909
4704580
4707248
4709919
4712596
4715264
4717932
4720603
4723271
4725939
4728610
4731278
4733949
4736626
4739294
4741965
4744642
4747323
4749998
4752668
4755337
4758008
4760685
4763353
4766024
4768701
4771382
4774058
4776727
4779398
4782074
4784745
4787422
4790103
4792780
4795448
4798119
4800796
4803484
4806161
4808842
4811519
4814207
4816884
4819561
4822249
4824926
4827607
4830284
4832970
4835649
4838328
4840996
4843667
4846344
4849032
4851709
4854390
4857067
4859755
4862432
4865109
4867797
4870474
4873155
4875832
4878520
4881197
4883887
4886564
4889255
4891944
4894621
4897298
4899986
4902663
4905344
4908021
4910709
4913386
4916076
4918753
4921444
4924134
4926824
4929501
4932192
4934882
4937570
4940256
4942947
4945637
4948318
4951004
4953695
4956385
4959073
4961764
4964454
4967144
4969821
4972512
4975202
4977893
4980587
4983278
4985974
4988671
4991361
4994052
4996746
4999437
5002133
5004835
5007531
5010238
5012936
5015635
5018326
5021022
5023724
5026420
5029127
5031825
5034532
5037238
5039945
5042651
5045356
5048047
5050743
5053445
5056141
5058848
5061546
5064253
5066959
5069666
5072372
5075079
5077777
5080484
5083190
5085897
5088596
5091303
5094001
5096708
5099414
5102121
5104827
5107534
5110232
5112939
5115645
5118352
5121061
5123767
5126474
5129172
5131879
5134585
5137292
5140003
5142710
5145422
5148129
5150834
5153541
5156247
5158954
5161663
5164369
5167076
5169774
5172481
5175187
5177894
5180605
5183312
5186024
5188731
5191441
5194151
5196859
5199567
5202274
5204982
5207688
5210395
5213106
5215813
5218523
5221229
5223936
5226644
5229350
5232057
5234756
5237463
5240169
5242876
5245584
5248290
5250997
5253708
5256415
5259127
5261834
5264544
5267254
5269962
5272674
5275381
5278094
5280801
5283515
5286225
5288938
5291645
5294359
5297073
5299786
5302493
5305207
5307922
5310636
5313351
5316066
5318780
5321493
5324200
5326914
5329629
5332343
5335058
5337778
5340493
5343213
5345928
5348649
5351363
5354078
5356798
5359513
5362233
5364948
5367672
5370387
5373095
5375807
5378514
5381227
5383934
5386648
5389358
5392071
5394778
5397492
5400206
5402919
5405626
5408340
5411055
5413769
5416484
5419199
5421913
5424626
5427333
5430047
5432762
5435476
5438191
5440911
5443626
5446346
5449061
5451782
5454496
5457211
5459931
5462646
5465366
5468081
5470805
5473520
5476242
5478962
5481677
5484401
5487116
5489840
5492562
5495282
5497997
5500721
5503436
5506165
5508885
5511607
5514322
5517046
5519761
5522491
5525210
5527934
5530649
5533379
5536116
5538842
5541557
5544287
5547018
5549735
5552465
5555196
5557926
5560659
5563374
5566104
5568841
5571572
5574305
5577020
5579750
5582487
5585217
5587954
5590673
5593395
5596125
5598856
5601573
5604303
5607034
5609764
5612497
5615212
5617937
5620667
5623404
5626124
5628845
5631575
5634302
5637023
5639753
5642484
5645214
5647941
5650662
5653392
5656129
5658860
5661587
5664308
5667038
5669775
5672505
5675240
5677961
5680683
5683413
5686140
5688861
5691591
5694322
5697052
5699779
5702500
5705230
5707967
5710698
5713425
5716146
5718876
5721613
5724351
5727078
5729799
5732529
5735266
5738004
5740732
5743453
5746183
5748920
5751658
5754392
5757117
5759847
5762584
5765322
5768056
5770788
5773524
5776261
5778997
5781722
5784452
5787189
5789927
5792661
5795398
5798129
5800866
5803598
5806328
5809065
5811803
5814537
5817269
5820005
5822742
5825478
5828203
5830933
5833670
5836408
5839142
5841879
5844610
5847347
5850085
5852819
5855556
5858294
5861035
5863769
5866506
5869244
5871986
5874724
5877462
5880200
5882942
5885680
5888423
5891164
5893902
5896641
5899382
5902120
5904858
5907597
5910338
5913077
5915820
5918566
5921311
5924049
5926791
5929533
5932271
5935010
5937751
5940489
5943227
5945966
5948707
5951446
5954189
5956935
5959680
5962421
5965160
5967903
5970649
5973394
5976140
5978890
5981633
5984379
5987124
5989870
5992620
5995365
5998111
6000857
6003603
6006348
6009094
6011841
6014587
6017333
6020078
6022824
6025574
6028319
6031065
6033815
6036558
6039304
6042049
6044795
6047548
6050309
6053060
6055806
6058558
6061308
6064051
6066797
6069542
6072288
6075041
6077802
6080553
6083299
6086052
6088809
6091555
6094308
6097069
6099820
6102566
6105319
6108080
6110836
6113591
6116352
6119108
6121864
6124625
6127381
6130142
6132899
6135660
6138419
6141179
6143940
6146699
6149460
6152224
6154985
6157744
6160505
6163272
6166031
6168792
6171556
6174317
6177076
6179837
6182609
6185372
6188139
6190898
6193659
6196428
6199188
6201949
6204721
6207484
6210250
6213010
6215771
6218540
6221306
6224075
6226840
6229601
6232362
6235132
6237897
6240667
6243431
6246201
6248962
6251723
6254495
6257258
6260030
6262792
6265564
6268327
6271093
6273854
6276624
6279389
6282159
6284923
6287693
6290454
6293215
6295987
6298750
6301522
6304284
6307056
6309819
6312591
6315364
6318131
6320903
6323666
6326438
6329200
6331972
6334735
6337507
6340280
6343046
6345818
6348581
6351353
6354126
6356893
6359665
6362428
6365200
6367962
6370734
6373497
6376269
6379042
6381816
6384589
6387362
6390136
6392902
6395674
6398447
6401221
6403994
6406767
6409541
6412315
6415088
6417862
6420635
6423408
6426182
6428960
6431742
6434516
6437290
6440068
6442850
6445624
6448401
6451179
6453961
6456735
6459513
6462298
6465076
6467855
6470637
6473418
6476200
6478979
6481763
6484542
6487326
6490105
6492889
6495668
6498453
6501231
6504021
6506801
6509591
6512378
6515163
6517953
6520731
6523521
6526301
6529091
6531878
6534663
6537453
6540233
6543023
6545810
6548600
6551393
6554182
6556967
6559757
6562544
6565334
6568124
6570911
6573696
6576486
6579266
6582056
6584843
6587633
6590426
6593215
6596000
6598790
6601577
6604367
6607158
6609945
6612730
6615520
6618300
6621090
6623877
6626667
6629460
6632249
6635034
6637824
6640611
6643401
6646194
6648983
6651773
6654566
6657355
6660145
6662938
6665729
6668519
6671312
6674103
6676896
6679687
6682474
6685264
6688051
6690841
6693634
6696423
6699213
6702006
6704795
6707585
6710378
6713169
6715959
6718752
6721543
6724336
6727127
6729917
6732710
6735499
6738289
6741082
6743873
6746663
6749456
6752247
6755040
6757832
6760625
6763419
6766210
6769003
6771795
6774588
6777381
6780174
6782966
6785757
6788550
6791341
6794131
6796924
6799715
6802508
6805300
6808093
6810887
6813678
6816471
6819263
6822056
6824849
6827642
6830434
6833227
6836021
6838812
6841605
6844397
6847190
6849984
6852778
6855570
6858363
6861157
6863953
6866746
6869540
6872331
6875124
6877916
6880709
6883502
6886295
6889087
6891880
6894674
6897465
6900258
6903050
6905843
6908637
6911431
6914223
6917016
6919810
6922606
6925400
6928194
6930988
6933784
6936578
6939374
6942172
6944969
6947763
6950559
6953357
6956161
6958959
6961762
6964558
6967354
6970152
6972951
6975747
6978545
6981342
6984136
6986932
6989730
6992534
6995332
6998135
7000931
7003727
7006525
7009329
7012127
7014930
7017730
7020532
7023337
7026135
7028940
7031742
7034543
7037345
7040150
7042953
7045753
7048558
7051358
7054160
7056965
7059763
7062568
7065370
7068171
7070973
7073778
7076581
7079381
7082186
7084991
7087791
7090594
7093399
7096202
7099002
7101807
7104612
7107412
7110217
7113022
7115827
7118635
7121438
7124243
7127048
7129853
7132661
7135466
7138271
7141079
7143885
7146690
7149498
7152305
7155113
7157919
7160724
7163532
7166342
7169155
7171962
7174767
7177575
7180381
7183186
7185994
7188801
7191609
7194415
7197220
7200028
7202838
7205651
7208459
7211269
7214083
7216888
7219695
7222503
7225310
7228118
7230924
7233729
7236537
7239347
7242160
7244968
7247778
7250592
7253397
7256205
7259015
7261828
7264636
7267446
7270260
7273072
7275883
7278697
7281509
7284323
7287139
7289955
7292773
7295592
7298408
7301219
7304033
7306845
7309659
7312475
7315291
7318109
7320928
7323749
7326567
7329385
7332204
7335025
7337849
7340668
7343484
7346300
7349118
7351937
7354758
7357576
7360394
7363213
7366034
7368858
7371681
7374502
7377320
7380138
7382957
7385778
7388602
7391428
7394250
7397068
7399886
7402705
7405526
7408350
7411176
7414000
7416819
7419638
7422459
7425283
7428108
7430927
7433748
7436572
7439397
7442222
7445041
7447862
7450686
7453512
7456338
7459163
7461987
7464808
7467632
7470458
7473284
7476109
7478934
7481760
7484585
7487411
7490237
7493062
7495887
7498713
7501539
7504364
7507190
7510016
7512848
7515675
7518507
7521336
7524168
7526999
7529831
7532657
7535483
7538309
7541139
7543968
7546798
7549629
7552459
7555291
7558122
7560954
7563787
7566618
7569448
7572279
7575109
7577941
7580772
7583604
7586437
7589268
7592100
7594933
7597764
7600594
7603425
7606255
7609087
7611918
7614750
7617583
7620415
7623248
7626082
7628914
7631747
7634582
7637416
7640249
7643081
7645914
7648748
7651580
7654413
7657248
7660083
7662921
7665759
7668592
7671427
7674262
7677100
7679935
7682770
7685605
7688443
7691281
7694114
7696949
7699784
7702622
7705460
7708295
7711130
7713968
7716810
7719645
7722480
7725318
7728161
7730999
7733837
7736682
7739520
7742366
7745205
7748051
7750886
7753724
7756567
7759402
7762237
7765075
7767918
7770756
7773594
7776439
7779277
7782123
7784962
7787808
7790643
7793481
7796324
7799162
7802000
7804845
7807683
7810529
7813368
7816214
7819061
7821907
7824746
7827591
7830429
7833275
7836114
7838960
7841807
7844653
7847500
7850349
7853196
7856050
7858904
7861751
7864605
7867461
7870307
7873153
7875998
7878843
7881689
7884536
7887382
7890229
7893078
7895925
7898779
7901633
7904480
7907334
7910190
7913037
7915891
7918740
7921587
7924436
7927283
7930137
7932991
7935838
7938692
7941548
7944395
7947249
7950105
7952958
7955810
7958664
7961520
7964373
7967227
7970081
7972937
7975790
7978642
7981496
7984352
7987205
7990056
7992910
7995762
7998613
8001465
8004312
8007161
8010008
8012859
8015713
8018563
8021414
8024268
8027120
8029971
8032825
8035681
8038534
8041386
8044240
8047096
8049949
8052803
8055657
8058513
8061366
8064218
8067072
8069928
8072781
8075635
8078491
8081348
8084204
8087057
8089911
8092767
8095625
8098482
8101338
8104192
8107048
8109904
8112761
8115617
8118470
8121324
8124180
8127038
8129895
8132751
8135605
8138461
8141319
8144176
8147032
8149890
8152751
8155616
8158476
8161332
8164186
8167042
8169898
8172755
8175611
8178464
8181318
8184174
8187032
8189889
8192745
8195599
8198455
8201313
8204170
8207026
8209884
8212745
8215610
8218476
8221344
8224211
8227065
8229921
8232779
8235636
8238492
8241350
8244211
8247076
8249942
8252810
8255677
8258534
8261390
8264248
8267109
8269974
8272840
8275708
8278580
8281445
8284311
8287179
8290048
8292919
8295785
8298651
8301519
8304393
8307259
8310126
8312994
8315868
8318734
8321602
8324476
8327343
8330211
8333085
8335951
8338819
8341693
8344566
8347440
8350310
8353184
8356057
8358931
8361805
8364678
8367552
8370422
8373296
8376169
8379043
8381920
8384795
8387669
8390542
8393416
8396293
8399171
8402049
8404927
8407808
8410686
8413564
8416444
8419324
8422203
8425081
8427961
8430843
8433723
8436603
8439485
8442363
8445243
8448125
8451007
8453889
8456773
8459658
8462541
8465419
8468299
8471181
8474063
8476945
8479829
8482714
8485600
8488482
8491364
8494246
8497130
8500015
8502903
8505785
8508667
8511551
8514436
8517326
8520213
8523097
8525982
8528872
8531758
8534642
8537527
8540417
8543304
8546188
8549073
8551963
8554853
8557740
8560624
8563509
8566399
8569286
8572171
8575061
8577951
8580838
8583722
8586607
8589497
8592387
8595287
8598179
8601069
8603969
8606862
8609762
8612651
8615535
8618420
8621310
8624200
8627100
8629992
8632882
8635782
8638675
8641575
8644470
8647370
8650263
8653162
8656062
8658950
8661835
8664725
8667615
8670515
8673407
8676297
8679197
8682090
8684990
8687885
8690785
8693678
8696577
8699477
8702370
8705270
8708165
8711065
8713958
8716858
8719758
8722659
8725560
8728461
8731362
8734262
8737163
8740064
8742965
8745867
8748767
8751668
8754569
8757470
8760372
8763275
8766176
8769077
8771978
8774880
8777780
8780681
8783582
8786483
8789385
8792288
8795190
8798091
8800992
8803894
8806797
8809701
8812604
8815510
8818415
8821318
8824224
8827130
8830034
8832938
8835841
8838747
8841652
8844555
8847461
8850367
8853273
8856186
8859092
8862002
8864905
8867811
8870717
8873623
8876536
8879442
8882355
8885262
8888175
8891086
8893992
8896898
8899804
8902710
8905623
8908529
8911442
8914349
8917262
8920176
8923086
8925999
8928913
8931827
8934741
8937656
8940569
8943483
8946397
8949311
8952226
8955141
8958054
8960968
8963882
8966796
8969712
8972627
8975542
8978455
8981369
8984283
8987197
8990115
8993029
8995943
8998857
9001772
9004686
9007600
9010518
9013432
9016346
9019260
9022179
9025093
9028012
9030929
9033844
9036758
9039672
9042591
9045505
9048424
9051341
9054258
9057175
9060094
9063011
9065928
9068847
9071764
9074683
9077601
9080518
9083437
9086354
9089271
9092190
9095107
9098026
9100944
9103863
9106782
9109704
9112623
9115547
9118469
9121388
9124314
9127237
9130156
9133082
9136008
9138933
9141855
9144774
9147698
9150620
9153539
9156465
9159388
9162307
9165233
9168159
9171086
9174012
9176939
9179868
9182797
9185724
9188653
9191580
9194509
9197437
9200365
9203294
9206222
9209151
9212078
9215007
9217936
9220863
9223792
9226721
9229650
9232580
9235510
9238441
9241370
9244299
9247228
9250158
9253088
9256019
9258949
9261879
9264813
9267748
9270680
9273614
9276549
9279484
9282419
9285354
9288289
9291226
9294163
9297098
9300035
9302974
9305913
9308849
9311784
9314719
9317654
9320591
9323528
9326463
9329400
9332339
9335278
9338217
9341158
9344101
9347042
9349985
9352927
9355866
9358805
9361746
9364689
9367630
9370573
9373519
9376460
9379403
9382350
9385296
9388239
9391186
9394133
9397080
9400027
9402976
9405923
9408874
9411825
9414769
9417716
9420663
9423610
9426557
9429506
9432453
9435404
9438355
9441302
9444253
9447204
9450151
9453098
9456045
9458992
9461941
9464888
9467839
9470790
9473737
9476688
9479641
9482592
9485539
9488490
9491447
9494394
9497345
9500296
9503243
9506194
9509147
9512098
9515045
9517996
9520953
9523900
9526851
9529804
9532755
9535702
9538653
9541610
9544557
9547508
9550467
9553419
9556370
9559322
9562282
9565233
9568184
9571137
9574097
9577048
9579999
9582956
9585911
9588864
9591818
9594775
9597726
9600683
9603639
9606594
9609545
9612506
9615458
9618415
9621371
9624326
9627277
9630238
9633190
9636151
9639103
9642063
9645019
9647974
9650925
9653886
9656838
9659799
9662751
9665712
9668668
9671627
9674588
9677540
9680501
9683457
9686416
9689377
9692329
9695290
9698246
9701207
9704168
9707129
9710092
9713053
9716014
9718977
9721940
9724903
9727868
9730838
9733802
9736767
9739737
9742706
9745676
9748640
9751605
9754575
9757545
9760516
9763485
9766453
9769423
9772393
9775364
9778333
9781303
9784273
9787243
9790213
9793183
9796154
9799123
9802093
9805063
9808034
9811005
9813975
9816946
9819917
9822887
9825858
9828830
9831801
9834773
9837745
9840718
9843691
9846665
9849638
9852613
9855586
9858561
9861536
9864509
9867485
9870461
9873437
9876412
9879385
9882361
9885337
9888313
9891291
9894267
9897246
9900224
9903200
9906179
9909155
9912134
9915112
9918088
9921071
9924049
9927025
9930004
9932980
9935959
9938937
9941913
9944897
9947884
9950869
9953851
9956830
9959814
9962801
9965786
9968768
9971752
9974739
9977723
9980707
9983694
9986679
9989661
9992645
9995632
9998617
10001604
10004591
10007580
10010569
10013556
10016543
10019530
10022515
10025502
10028489
10031478
10034467
10037454
10040443
10043430
10046419
10049408
10052395
10055384
10058373
10061361
10064350
10067339
10070333
10073328
10076319
10079313
10082308
10085303
10088298
10091288
10094282
10097277
10100268
10103262
10106257
10109252
10112247
10115238
10118232
10121227
10124223
10127217
10130212
10133209
10136206
10139204
10142203
10145201
10148202
10151201
10154200
10157198
10160199
10163203
10166201
10169200
10172201
10175202
10178203
10181202
10184203
10187204
10190205
10193205
10196199
10199194
10202191
10205188
10208186
10211185
10214183
10217184
10220183
10223182
10226180
10229181
10232185
10235183
10238182
10241183
10244184
10247185
10250184
10253185
10256186
10259187
10262188
10265187
10268188
10271189
10274190
10277191
10280192
10283194
10286195
10289196
10292197
10295198
10298200
10301201
10304202
10307203
10310207
10313208
10316209
10319213
10322218
10325223
10328225
10331229
10334234
10337239
10340244
10343250
10346256
10349262
10352272
10355277
10358282
10361287
10364292
10367298
10370304
10373310
10376320
10379326
10382333
10385339
10388349
10391355
10394367
10397379
10400393
10403408
10406421
10409431
10412437
10415449
10418461
10421475
10424490
10427503
10430515
10433527
10436541
10439556
10442570
10445584
10448599
10451613
10454627
10457642
10460657
10463676
10466695
10469718
10472737
10475761
10478780
10481805
10484826
10487844
10490863
10493882
10496905
10499924
10502948
10505967
10508992
10512013
10515037
10518056
10521081
10524102
10527127
10530152
10533179
10536200
10539225
10542250
10545277
10548302
10551327
10554354
10557379
10560406
10563431
10566456
10569484
10572510
10575538
10578564
10581589
10584617
10587643
10590671
10593698
10596723
10599750
10602775
10605800
10608828
10611854
10614882
10617908
10620933
10623961
10626987
10630015
10633042
10636067
10639095
10642121
10645149
10648177
10651205
10654230
10657258
10660284
10663312
10666340
10669368
10672402
10675435
10678466
10681494
10684528
10687561
10690593
10693627
10696660
10699691
10702719
10705753
10708786
10711820
10714853
10717887
10720920
10723954
10726988
10730021
10733055
10736088
10739122
10742157
10745190
10748224
10751259
10754294
10757333
10760367
10763401
10766436
10769471
10772510
10775545
10778585
10781621
10784661
10787701
10790740
10793775
10796815
10799851
10802891
10805934
10808974
10812018
10815061
10818101
10821145
10824190
10827230
10830274
10833313
10836353
10839396
10842436
10845480
10848523
10851563
10854607
10857652
10860692
10863736
10866780
10869825
10872865
10875909
10878957
10882002
10885042
10888086
10891135
10894183
10897227
10900276
10903323
10906372
10909420
10912464
10915513
10918563
10921609
10924658
10927707
10930757
10933803
10936852
10939902
10942952
10946003
10949054
10952105
10955155
10958204
10961254
10964300
10967349
10970399
10973449
10976500
10979551
10982602
10985654
10988705
10991756
10994807
10997859
11000911
11003963
11007015
11010067
11013120
11016172
11019229
11022284
11025337
11028389
11031441
11034494
11037546
11040603
11043658
11046715
11049769
11052821
11055878
11058933
11061990
11065048
11068100
11071157
11074212
11077269
11080327
11083386
11086444
11089501
11092556
11095613
11098671
11101730
11104790
11107852
11110915
11113974
11117034
11120096
11123159
11126218
11129277
11132337
11135399
11138462
11141521
11144581
11147643
11150706
11153769
11156832
11159893
11162953
11166015
11169078
11172141
11175204
11178268
11181332
11184395
11187459
11190524
11193593
11196662
11199731
11202800
11205869
11208932
11211995
11215056
11218116
11221178
11224241
11227304
11230367
11233431
11236495
11239558
11242622
11245687
11248756
11251825
11254894
11257963
11261032
11264102
11267171
11270240
11273309
11276379
11279451
11282520
11285590
11288661
11291731
11294802
11297872
11300942
11304013
11307085
11310154
11313224
11316296
11319366
11322437
11325509
11328578
11331648
11334720
11337792
11340865
11343934
11347004
11350076
11353148
11356223
11359296
11362368
11365440
11368514
11371584
11374656
11377728
11380801
11383870
11386940
11390012
11393084
11396159
11399232
11402304
11405376
11408451
11411524
11414598
11417670
11420745
11423818
11426890
11429962
11433037
11436110
11439185
11442259
11445334
11448409
11451484
11454558
11457633
11460709
11463784
11466859
11469935
11473010
11476086
11479167
11482244
11485324
11488400
11491480
11494556
11497637
11500714
11503794
11506870
11509951
11513028
11516109
11519190
11522267
11525347
11528423
11531504
11534581
11537662
11540744
11543821
11546902
11549984
11553063
11556144
11559225
11562306
11565388
11568467
11571548
11574630
11577713
11580796
11583879
11586960
11590041
11593122
11596204
11599283
11602364
11605446
11608529
11611612
11614695
11617779
11620863
11623947
11627032
11630117
11633202
11636287
11639374
11642459
11645548
11648637
11651720
11654803
11657887
11660971
11664055
11667140
11670225
11673310
11676395
11679482
11682567
11685656
11688745
11691834
11694923
11698013
11701102
11704191
11707280
11710369
11713458
11716548
11719638
11722727
11725816
11728905
11731994
11735081
11738166
11741251
11744336
11747423
11750508
11753597
11756686
11759775
11762864
11765954
11769043
11772132
11775221
11778310
11781399
11784489
11787579
11790669
11793758
11796848
11799938
11803029
11806119
11809211
11812303
11815393
11818483
11821574
11824664
11827756
11830849
11833943
11837036
11840131
11843229
11846328
11849424
11852519
11855611
11858704
11861798
11864891
11867986
11871084
11874183
11877279
11880374
11883472
11886571
11889667
11892765
11895864
11898965
11902067
11905164
11908262
11911361
11914462
11917564
11920666
11923768
11926871
11929975
11933082
11936186
11939294
11942395
11945493
11948592
11951693
11954795
11957897
11960999
11964102
11967206
11970313
11973417
11976525
11979630
11982737
11985845
11988950
11992058
11995169
11998278
12001383
12004491
12007602
12010713
12013819
12016927
12020038
12023149
12026256
12029364
12032475
12035586
12038700
12041807
12044915
12048026
12051137
12054251
12057369
12060484
12063595
12066709
12069820
12072934
12076052
12079167
12082278
12085392
12088510
12091625
12094736
12097850
12100968
12104086
12107205
12110319
12113433
12116551
12119668
12122782
12125900
12129018
12132137
12135251
12138365
12141483
12144601
12147720
12150836
12153954
12157072
12160190
12163308
12166427
12169543
12172661
12175779
12178898
12182014
12185132
12188250
12191368
12194486
12197605
12200721
12203839
12206957
12210076
12213194
12216312
12219431
12222549
12225669
12228788
12231908
12235028
12238147
12241267
12244387
12247507
12250627
12253747
12256866
12259986
12263106
12266228
12269347
12272467
12275587
12278709
12281829
12284949
12288071
12291192
12294314
12297434
12300554
12303676
12306798
12309920
12313040
12316162
12319284
12322408
12325534
12328660
12331782
12334906
12338032
12341157
12344279
12347403
12350529
12353655
12356777
12359901
12363027
12366160
12369294
12372423
12375547
12378673
12381806
12384940
12388069
12391202
12394336
12397469
12400606
12403737
12406870
12410004
12413137
12416271
12419404
12422541
12425672
12428805
12431939
12435072
12438209
12441344
12444481
12447620
12450757
12453894
12457031
12460170
12463307
12466444
12469583
12472722
12475861
12479002
12482143
12485282
12488421
12491562
12494704
12497847
12500992
12504137
12507282
12510427
12513574
12516716
12519858
12523001
12526146
12529291
12532436
12535581
12538726
12541871
12545016
12548161
12551308
12554450
12557592
12560735
12563880
12567025
12570170
12573315
12576462
12579607
12582752
12585897
12589042
12592187
12595334
12598479
12601624
12604772
12607920
12611065
12614210
12617358
12620506
12623656
12626805
12629953
12633103
12636254
12639406
12642557
12645707
12648857
12652008
12655160
12658311
12661464
12664617
12667770
12670924
12674076
12677227
12680379
12683530
12686683
12689836
12692989
12696143
12699298
12702453
12705607
12708762
12711917
12715072
12718226
12721381
12724537
12727692
12730846
12734001
12737158
12740314
12743471
12746631
12749788
12752948
12756105
12759265
12762422
12765582
12768739
12771899
12775056
12778217
12781376
12784536
12787693
12790853
12794010
12797170
12800331
12803490
12806650
12809807
12812967
12816124
12819285
12822446
12825607
12828769
12831930
12835091
12838255
12841418
12844582
12847748
12850911
12854075
12857239
12860405
12863568
12866732
12869898
12873064
12876230
12879398
12882564
12885731
12888897
12892065
12895231
12898402
12901573
12904744
12907910
12911077
12914245
12917411
12920582
12923753
12926924
12930090
12933261
12936432
12939603
12942772
12945938
12949109
12952280
12955451
12958617
12961788
12964959
12968130
12971304
12974473
12977644
12980815
12983986
12987160
12990331
12993505
12996677
12999848
13003022
13006193
13009367
13012541
13015715
13018889
13022063
13025237
13028411
13031585
13034759
13037933
13041107
13044282
13047459
13050633
13053808
13056984
13060158
13063333
13066510
13069684
13072859
13076036
13079211
13082390
13085565
13088740
13091915
13095092
13098266
13101441
13104618
13107793
13110972
13114147
13117326
13120501
13123678
13126853
13130032
13133207
13136386
13139565
13142740
13145922
13149098
13152280
13155465
13158641
13161823
13165008
13168186
13171368
13174553
13177738
13180924
13184104
13187286
13190471
13193656
13196842
13200025
13203210
13206395
13209581
13212767
13215955
13219146
13222335
13225526
13228712
13231900
13235091
13238280
13241471
13244662
13247854
13251042
13254233
13257422
13260613
13263804
13266996
13270187
13273376
13276567
13279758
13282950
13286141
13289334
13292526
13295717
13298911
13302103
13305294
13308488
13311684
13314875
13318069
13321261
13324452
13327646
13330842
13334036
13337232
13340427
13343623
13346819
13350017
13353213
13356409
13359607
13362803
13366002
13369198
13372397
13375594
13378792
13381988
13385184
13388382
13391578
13394777
13397973
13401172
13404371
13407570
13410770
13413972
13417174
13420376
13423579
13426782
13429984
13433187
13436390
13439595
13442797
13446000
13449203
13452410
13455613
13458821
13462028
13465231
13468440
13471649
13474853
13478061
13481268
13484471
13487680
13490889
13494098
13497308
13500521
13503735
13506946
13510154
13513361
13516564
13519773
13522982
13526191
13529401
13532614
13535828
13539039
13542248
13545457
13548666
13551876
13555089
13558303
13561517
13564731
13567942
13571151
13574361
13577574
13580788
13584002
13587216
13590433
13593647
13596866
13600080
13603300
13606514
13609734
13612949
13616168
13619385
13622603
13625822
13629039
13632258
13635476
13638694
13641917
13645131
13648355
13651573
13654797
13658019
13661240
13664459
13667677
13670895
13674118
13677332
13680556
13683774
13686998
13690220
13693441
13696662
13699886
13703108
13706329
13709553
13712775
13715999
13719225
13722448
13725672
13728898
13732122
13735346
13738572
13741800
13745024
13748250
13751478
13754705
13757933
13761161
13764389
13767621
13770849
13774077
13777310
13780538
13783771
13787000
13790232
13793464
13796692
13799924
13803152
13806380
13809613
13812841
13816074
13819303
13822535
13825768
13828997
13832230
13835463
13838696
13841931
13845164
13848397
13851634
13854868
13858101
13861332
13864565
13867793
13871026
13874255
13877487
13880720
13883949
13887182
13890415
13893648
13896883
13900116
13903349
13906586
13909820
13913053
13916290
13919529
13922763
13925996
13929233
13932473
13935709
13938946
13942186
13945423
13948664
13951901
13955141
13958377
13961614
13964854
13968091
13971332
13974575
13977813
13981054
13984297
13987536
13990777
13994020
13997258
14000499
14003742
14006983
14010225
14013468
14016709
14019952
14023198
14026443
14029688
14032934
14036179
14039425
14042671
14045920
14049166
14052412
14055661
14058907
14062156
14065405
14068651
14071900
14075150
14078399
14081650
14084899
14088149
14091398
14094649
14097899
14101150
14104402
14107654
14110905
14114157
14117409
14120661
14123915
14127167
14130422
14133675
14136930
14140184
14143439
14146693
14149948
14153202
14156457
14159712
14162968
14166224
14169480
14172738
14175996
14179254
14182510
14185768
14189026
14192282
14195538
14198794
14202052
14205310
14208568
14211824
14215082
14218340
14221600
14224860
14228120
14231380
14234641
14237901
14241164
14244424
14247688
14250948
14254211
14257471
14260731
14263991
14267252
14270512
14273775
14277035
14280299
14283559
14286823
14290084
14293348
14296612
14299876
14303146
14306410
14309674
14312938
14316208
14319472
14322742
14326010
14329278
14332544
14335812
14339078
14342348
14345615
14348884
14352153
14355418
14358687
14361955
14365221
14368491
14371759
14375027
14378297
14381561
14384831
14388099
14391369
14394639
14397913
14401186
14404460
14407734
14411009
14414279
14417549
14420823
14424096
14427370
14430644
14433919
14437190
14440464
14443737
14447011
14450285
14453560
14456838
14460114
14463392
14466672
14469948
14473226
14476507
14479785
14483063
14486344
14489624
14492902
14496181
14499462
14502742
14506020
14509301
14512583
14515862
14519143
14522423
14525704
14528986
14532265
14535546
14538828
14542110
14545392
14548675
14551957
14555240
14558523
14561807
14565090
14568373
14571658
14574943
14578230
14581517
14584806
14588093
14591382
14594669
14597960
14601247
14604538
14607825
14611120
14614415
14617704
14620991
14624280
14627567
14630858
14634145
14637436
14640723
14644018
14647313
14650609
14653901
14657192
14660479
14663770
14667057
14670352
14673647
14676943
14680238
14683534
14686829
14690124
14693420
14696715
14700012
14703307
14706604
14709901
14713198
14716497
14719794
14723091
14726394
14729693
14732996
14736299
14739602
14742905
14746208
14749512
14752819
14756128
14759436
14762739
14766042
14769345
14772649
14775956
14779265
14782575
14785884
14789194
14792503
14795811
14799115
14802422
14805731
14809041
14812350
14815660
14818969
14822282
14825592
14828901
14832215
14835525
14838838
14842152
14845462
14848776
14852091
14855406
14858720
14862035
14865350
14868668
14871988
14875307
14878621
14881936
14885251
14888569
14891889
14895208
14898528
14901849
14905169
14908489
14911810
14915129
14918449
14921770
14925090
14928410
14931731
14935051
14938372
14941693
14945014
14948337
14951659
14954982
14958305
14961629
14964952
14968278
14971601
14974932
14978264
14981594
14984917
14988248
14991580
14994914
14998239
15001570
15004902
15008236
15011567
15014899
15018233
15021569
15024903
15028241
15031579
15034917
15038252
15041588
15044922
15048260
15051598
15054936
15058275
15061615
15064955
15068295
15071636
15074977
15078318
15081659
15085000
15088341
15091683
15095026
15098372
15101715
15105056
15108398
15111741
15115087
15118431
15121774
15125120
15128465
15131811
15135156
15138502
15141847
15145191
15148537
15151882
15155228
15158573
15161919
15165264
15168610
15171956
15175302
15178649
15181997
15185345
15188693
15192043
15195391
15198739
15202091
15205445
15208793
15212141
15215493
15218847
15222201
15225555
15228911
15232266
15235620
15238976
15242332
15245689
15249045
15252401
15255758
15259114
15262473
15265831
15269190
15272549
15275911
15279270
15282635
15285997
15289357
15292718
15296083
15299446
15302805
15306170
15309535
15312899
15316264
15319629
15322994
15326360
15329725
15333094
15336459
15339831
15343196
15346570
15349937
15353311
15356679
15360049
15363423
15366790
15370164
15373532
15376906
15380280
15383647
15387021
15390389
15393763
15397137
15400517
15403890
15407264
15410638
15414018
15417392
15420766
15424146
15427520
15430894
15434274
15437653
15441029
15444403
15447783
15451162
15454542
15457923
15461303
15464685
15468065
15471447
15474827
15478209
15481589
15484971
15488351
15491733
15495113
15498497
15501881
15505268
15508649
15512033
15515413
15518797
15522181
15525568
15528949
15532333
15535717
15539104
15542488
15545879
15549261
15552645
15556029
15559416
15562800
15566191
15569576
15572967
15576354
15579744
15583132
15586520
15589911
15593298
15596689
15600076
15603467
15606856
15610247
15613634
15617025
15620414
15623805
15627199
15630590
15633984
15637377
15640769
15644163
15647556
15650950
15654343
15657737
15661131
15664525
15667921
15671320
15674716
15678115
15681512
15684911
15688311
15691711
15695111
15698510
15701909
15705309
15708709
15712109
15715509
15718910
15722312
15725714
15729116
15732518
15735921
15739327
15742730
15746135
15749539
15752944
15756350
15759753
15763161
15766564
15769972
15773375
15776786
15780189
15783600
15787009
15790420
15793831
15797243
15800654
15804067
15807478
15810890
15814301
15817715
15821131
15824548
15827962
15831378
15834795
15838211
15841627
15845044
15848458
15851874
15855291
15858707
15862126
15865543
15868959
15872378
15875798
15879214
15882633
15886053
15889471
15892890
15896310
15899726
15903145
15906565
15909984
15913403
15916823
15920247
15923670
15927094
15930518
15933941
15937365
15940790
15944217
15947642
15951069
15954498
15957925
15961350
15964777
15968206
15971636
15975066
15978498
15981928
15985358
15988788
15992218
15995648
15999080
16002510
16005940
16009373
16012803
16016237
16019672
16023109
16026545
16029982
16033421
16036858
16040295
16043734
16047171
16050612
16054055
16057495
16060936
16064378
16067819
16071262
16074702
16078143
16081586
16085027
16088470
16091915
16095362
16098807
16102251
16105696
16109142
16112582
16116023
16119466
16122907
16126350
16129795
16133242
16136687
16140131
16143576
16147023
16150468
16153913
16157360
16160807
16164252
16167699
16171146
16174595
16178042
16181494
16184944
16188391
16191843
16195296
16198750
16202205
16205658
16209112
16212568
16216024
16219480
16222938
16226395
16229851
16233307
16236765
16240223
16243679
16247137
16250595
16254055
16257513
16260971
16264431
16267887
16271345
16274803
16278263
16281721
16285179
16288639
16292097
16295558
16299017
16302476
16305938
16309396
16312856
16316314
16319775
16323234
16326693
16330155
16333613
16337077
16340535
16343999
16347457
16350921
16354381
16357845
16361305
16364765
16368227
16371685
16375149
16378607
16382071
16385529
16388993
16392453
16395917
16399377
16402841
16406299
16409763
16413223
16416687
16420148
16423612
16427070
16430534
16433994
16437458
16440923
16444387
16447851
16451315
16454780
16458244
16461713
16465179
16468648
16472117
16475586
16479056
16482525
16485999
16489468
16492942
16496418
16499897
16503373
16506852
16510331
16513807
16517287
16520771
16524247
16527727
16531211
16534691
16538175
16541651
16545131
16548615
16552097
16555581
16559061
16562541
16566025
16569507
16572991
16576475
16579962
16583444
16586928
16590412
16593899
16597381
16600865
16604349
16607837
16611323
16614811
16618299
16621785
16625273
16628762
16632250
16635739
16639228
16642717
16646208
16649697
16653188
16656677
16660171
16663664
16667154
16670648
16674141
16677635
16681130
16684625
16688120
16691617
16695113
16698610
16702108
16705607
16709106
16712606
16716106
16719607
16723107
16726609
16730113
16733613
16737115
16740621
16744124
16747630
16751132
16754638
16758141
16761647
16765156
16768662
16772165
16775671
16779180
16782686
16786196
16789706
16793212
16796722
16800234
16803746
16807256
16810768
16814280
16817792
16821305
16824820
16828333
16831848
16835360
16838872
16842385
16845900
16849413
16852929
16856442
16859957
16863473
16866986
16870501
16874017
16877530
16881045
16884561
16888074
16891591
16895105
16898621
16902138
16905652
16909169
16912687
16916206
16919725
16923243
16926761
16930278
16933795
16937309
16940826
16944344
16947863
16951382
16954900
16958418
16961937
16965456
16968974
16972493
16976014
16979534
16983055
16986576
16990097
16993616
16997137
17000657
17004178
17007699
17011221
17014744
17018266
17021791
17025313
17028839
17032362
17035888
17039412
17042938
17046466
17049990
17053516
17057046
17060572
17064101
17067628
17071157
17074684
17078213
17081743
17085269
17088805
17092331
17095861
17099394
17102923
17106456
17109986
17113519
17117048
17120584
17124111
17127647
17131178
17134714
17138246
17141782
17145309
17148845
17152376
17155912
17159451
17162986
17166522
17170053
17173589
17177128
17180667
17184206
17187746
17191283
17194819
17198358
17201897
17205436
17208976
17212516
17216057
17219596
17223135
17226674
17230214
17233754
17237295
17240836
17244377
17247920
17251462
17255005
17258549
17262093
17265637
17269183
17272727
17276271
17279815
17283359
17286905
17290449
17293993
17297539
17301086
17304630
17308174
17311720
17315271
17318815
17322359
17325905
17329456
17333009
17336562
17340108
17343652
17347198
17350749
17354302
17357855
17361410
17364963
17368516
17372070
17375625
17379178
17382731
17386289
17389847
17393403
17396961
17400519
17404075
17407633
17411191
17414749
17418307
17421865
17425424
17428982
17432541
17436100
17439662
17443221
17446782
17450341
17453903
17457462
17461026
17464587
17468151
17471714
17475278
17478842
17482410
17485975
17489543
17493109
17496677
17500245
17503813
17507384
17510957
17514526
17518092
17521660
17525228
17528796
17532367
17535940
17539513
17543086
17546656
17550227
17553800
17557373
17560946
17564520
17568093
17571667
17575241
17578818
17582398
17585976
17589556
17593135
17596715
17600294
17603874
17607455
17611034
17614614
17618197
17621781
17625361
17628941
17632522
17636101
17639681
17643264
17646848
17650429
17654012
17657596
17661182
17664768
17668354
17671941
17675527
17679114
17682702
17686291
17689878
17693466
17697056
17700644
17704232
17707822
17711410
17715001
17718590
17722180
17725771
17729360
17732951
17736542
17740135
17743729
17747324
17750918
17754514
17758110
17761706
17765304
17768901
17772499
17776096
17779694
17783295
17786893
17790494
17794095
17797697
17801298
17804899
17808500
17812102
17815703
17819309
17822910
17826513
17830114
17833720
17837321
17840928
17844530
17848137
17851741
17855348
17858957
17862565
17866174
17869785
17873396
17877010
17880622
17884234
17887845
17891456
17895070
17898682
17902296
17905914
17909528
17913146
17916766
17920386
17924002
17927620
17931240
17934860
17938480
17942100
17945720
17949342
17952965
17956587
17960210
17963833
17967455
17971079
17974701
17978327
17981949
17985577
17989199
17992825
17996447
18000075
18003698
18007324
18010946
18014574
18018199
18021827
18025453
18029081
18032708
18036336
18039964
18043595
18047223
18050856
18054487
18058116
18061749
18065380
18069013
18072647
18076279
18079912
18083546
18087179
18090814
18094447
18098083
18101716
18105352
18108989
18112629
18116266
18119906
18123548
18127188
18130830
18134473
18138116
18141759
18145401
18149041
18152683
18156326
18159969
18163612
18167258
18170904
18174550
18178198
18181846
18185492
18189138
18192784
18196432
18200080
18203729
18207375
18211021
18214669
18218317
18221967
18225615
18229266
18232919
18236568
18240219
18243872
18247527
18251180
18254837
18258492
18262149
18265808
18269467
18273124
18276783
18280442
18284101
18287760
18291423
18295084
18298743
18302402
18306061
18309720
18313383
18317047
18320706
18324365
18328028
18331693
18335359
18339030
18342689
18346352
18350017
18353683
18357355
18361021
18364694
18368360
18372025
18375691
18379362
18383021
18386684
18390349
18394015
18397687
18401353
18405026
18408692
18412364
18416037
18419703
18423375
18427048
18430714
18434388
18438060
18441732
18445405
18449071
18452745
18456419
18460093
18463769
18467447
18471121
18474797
18478477
18482158
18485836
18489512
18493192
18496873
18500553
18504234
18507920
18511606
18515292
18518980
18522671
18526359
18530051
18533741
18537430
18541124
18544812
18548511
18552200
18555895
18559587
18563281
18566969
18570668
18574357
18578052
18581748
18585440
18589139
18592831
18596530
18600222
18603921
18607621
18611321
18615021
18618722
18622422
18626123
18629827
18633532
18637240
18640947
18644652
18648360
18652070
18655777
18659482
18663190
18666900
18670611
18674322
18678033
18681745
18685456
18689168
18692879
18696591
18700304
18704018
18707733
18711450
18715164
18718879
18722596
18726311
18730028
18733746
18737463
18741184
18744901
18748622
18752340
18756061
18759779
18763500
18767222
18770941
18774662
18778380
18782101
18785823
18789547
18793268
18796989
18800711
18804435
18808160
18811886
18815613
18819342
18823072
18826801
18830530
18834257
18837986
18841716
18845445
18849174
18852904
18856636
18860370
18864102
18867840
18871577
18875314
18879052
18882789
18886527
18890264
18894002
18897741
18901480
18905219
18908958
18912697
18916437
18920176
18923916
18927656
18931398
18935138
18938882
18942624
18946364
18950108
18953852
18957596
18961342
18965088
18968838
18972584
18976334
18980080
18983826
18987576
18991322
18995073
18998824
19002575
19006328
19010079
19013830
19017584
19021335
19025089
19028844
19032595
19036349
19040105
19043858
19047611
19051365
19055122
19058874
19062628
19066385
19070142
19073901
19077663
19081423
19085180
19088937
19092696
19096458
19100222
19103984
19107751
19111514
19115281
19119044
19122811
19126578
19130342
19134109
19137876
19141643
19145410
19149178
19152947
19156718
19160488
19164259
19168029
19171800
19175571
19179348
19183118
19186889
19190660
19194437
19198209
19201980
19205757
19209534
19213308
19217085
19220862
19224636
19228413
19232190
19235968
19239747
19243526
19247305
19251085
19254868
19258648
19262431
19266211
19269994
19273780
19277566
19281353
19285139
19288925
19292711
19296498
19300286
19304075
19307862
19311650
19315439
19319226
19323014
19326803
19330595
19334383
19338172
19341968
19345766
19349560
19353350
19357146
19360942
19364738
19368534
19372324
19376120
19379918
19383712
19387508
19391306
19395101
19398897
19402695
19406489
19410285
19414083
19417882
19421681
19425480
19429279
19433080
19436880
19440679
19444478
19448279
19452083
19455884
19459688
19463492
19467297
19471102
19474908
19478715
19482521
19486331
19490141
19493945
19497750
19501555
19505361
19509168
19512974
19516784
19520601
19524414
19528224
19532041
19535858
19539675
19543495
19547313
19551131
19554944
19558754
19562571
19566388
19570205
19574025
19577843
19581663
19585482
19589302
19593122
19596942
19600763
19604583
19608403
19612230
19616051
19619875
19623700
19627523
19631348
19635172
19638999
19642820
19646647
19650475
19654297
19658124
19661952
19665780
19669609
19673437
19677268
19681098
19684927
19688755
19692586
19696417
19700248
19704082
19707914
19711745
19715579
19719415
19723251
19727087
19730926
19734759
19738593
19742429
19746265
19750101
19753940
19757777
19761616
19765456
19769297
19773136
19776976
19780818
19784663
19788505
19792345
19796186
19800025
19803865
19807707
19811552
19815394
19819238
19823078
19826920
19830765
19834607
19838454
19842297
19846141
19849989
19853831
19857679
19861530
19865379
19869230
19873081
19876930
19880781
19884627
19888475
19892326
19896175
19900026
19903877
19907726
19911577
19915428
19919279
19923131
19926983
19930836
19934691
19938543
19942396
19946251
19950104
19953960
19957815
19961668
19965524
19969380
19973236
19977089
19980945
19984801
19988657
19992514
19996370
20000229
20004088
20007951
20011810
20015674
20019535
20023399
20027264
20031130
20034996
20038862
20042730
20046596
20050462
20054331
20058197
20062067
20065935
20069801
20073667
20077536
20081402
20085272
20089143
20093014
20096885
20100756
20104627
20108498
20112370
20116248
20120126
20124004
20127886
20131764
20135648
20139526
20143408
20147286
20151174
20155056
20158944
20162829
20166717
20170603
20174491
20178379
20182267
20186155
20190043
20193932
20197825
20201714
20205603
20209496
20213388
20217281
20221178
20225074
20228967
20232864
20236760
20240653
20244550
20248449
20252346
20256245
20260142
20264042
20267939
20271838
20275735
20279636
20283535
20287436
20291339
20295245
20299146
20303049
20306956
20310862
20314763
20318666
20322573
20326481
20330388
20334294
20338201
20342109
20346016
20349924
20353832
20357740
20361649
20365558
20369469
20373382
20377296
20381213
20385131
20389049
20392966
20396884
20400803
20404726
20408645
20412565
20416484
20420407
20424326
20428249
20432169
20436088
20440011
20443930
20447854
20451778
20455702
20459627
20463552
20467477
20471404
20475329
20479254
20483182
20487113
20491045
20494973
20498904
20502836
20506767
20510700
20514631
20518564
20522499
20526434
20530370
20534306
20538242
20542180
20546120
20550060
20554000
20557936
20561874
20565814
20569754
20573695
20577639
20581582
20585526
20589470
20593414
20597362
20601306
20605254
20609207
20613160
20617119
20621072
20625034
20628987
20632949
20636907
20640869
20644832
20648797
20652763
20656732
20660698
20664667
20668636
20672604
20676573
20680542
20684513
20688485
20692458
20696432
20700407
20704381
20708356
20712331
20716305
20720284
20724265
20728242
20732221
20736202
20740181
20744163
20748147
20752127
20756109
20760093
20764076
20768060
20772044
20776027
20780011
20783996
20787985
20791970
20795959
20799949
20803938
20807932
20811927
20815923
20819920
20823909
20827903
20831898
20835894
20839895
20843897
20847893
20851894
20855896
20859897
20863901
20867903
20871904
20875910
20879911
20883913
20887919
20891920
20895928
20899932
20903940
20907949
20911953
20915961
20919966
20923974
20927983
20931987
20935995
20940005
20944014
20948023
20952031
20956041
20960050
20964060
20968073
20972086
20976102
20980115
20984131
20988145
20992161
20996177
21000193
21004210
21008228
21012245
21016263
21020281
21024298
21028316
21032336
21036354
21040374
21044396
21048424
21052451
21056479
21060506
21064534
21068564
21072595
21076627
21080658
21084690
21088723
21092756
21096788
21100821
21104856
21108893
21112932
21116972
21121015
21125060
21129107
21133154
21137199
21141246
21145293
21149343
21153393
21157446
21161501
21165555
21169610
21173665
21177721
21181779
21185837
21189896
21193960
21198019
21202077
21206136
21210200
21214259
21218319
21222378
21226442
21230501
21234562
21238621
21242685
21246744
21250811
21254880
21258951
21263022
21267089
21271158
21275229
21279301
21283374
21287446
21291522
21295594
21299672
21303753
21307839
21311911
21315989
21320070
21324158
21328244
21332325
21336413
21340499
21344582
21348670
21352756
21356844
21360935
21365021
21369109
21373201
21377293
21381385
21385479
21389571
21393666
21397763
21401861
21405960
21410062
21414160
21418259
21422362
21426461
21430577
21434682
21438781
21442897
21447008
21451124
21455244
21459368
21463485
21467605
21471729
21475854
21479978
21484104
21488233
21492357
21496483
21500613
21504739
21508870
21513000
21517126
21521258
21525388
21529520
21533654
21537788
21541925
21546063
21550201
21554339
21558479
21562617
21566763
21570909
21575055
21579205
21583355
21587505
21591655
21595805
21599955
21604107
21608260
21612413
21616569
21620726
21624882
21629045
21633211
21637375
21641541
21645711
21649884
21654061
21658235
21662412
21666588
21670765
21674943
21679122
21683306
21687491
21691676
21695862
21700055
21704248
21708441
21712635
21716830
21721026
21725223
21729419
21733616
21737813
21742012
21746209
21750406
21754607
21758811
21763013
21767217
21771426
21775636
21779847
21784055
21788259
21792468
21796678
21800889
21805101
21809313
21813527
21817745
21821958
21826170
21830384
21834602
21838816
21843034
21847253
21851473
21855692
21859912
21864134
21868354
21872576
21876797
21881019
21885242
21889465
21893688
21897914
21902137
21906363
21910588
21914814
21919041
21923267
21927494
21931723
21935952
21940183
21944412
21948643
21952875
21957106
21961343
21965582
21969823
21974062
21978303
21982544
21986785
21991028
21995272
21999517
22003764
22008009
22012262
22016507
22020762
22025007
22029265
22033514
22037772
22042032
22046292
22050556
22054816
22059082
22063343
22067609
22071873
22076139
22080409
22084675
22088946
22093217
22097491
22101765
22106040
22110319
22114598
22118877
22123161
22127448
22131735
22136023
22140315
22144609
22148901
22153197
22157497
22161797
22166097
22170398
22174702
22179006
22183312
22187618
22191924
22196233
22200544
22204854
22209165
22213477
22217788
22222102
22226413
22230727
22235039
22239353
22243668
22247987
22252307
22256628
22260953
22265276
22269601
22273931
22278261
22282592
22286924
22291255
22295597
22299928
22304267
22308609
22312940
22317282
22321626
22325970
22330316
22334660
22339006
22343355
22347701
22352051
22356407
22360763
22365123
22369483
22373843
22378204
22382565
22386937
22391303
22395675
22400044
22404416
22408787
22413159
22417532
22421907
22426285
22430660
22435038
22439416
22443794
22448176
22452558
22456933
22461311
22465689
22470067
22474449
22478835
22483224
22487613
22492007
22496403
22500797
22505193
22509591
22513987
22518385
22522788
22527186
22531594
22535994
22540395
22544804
22549203
22553612
22558015
22562424
22566831
22571240
22575652
22580061
22584473
22588882
22593297
22597715
22602134
22606557
22610977
22615400
22619824
22624247
22628673
22633096
22637523
22641949
22646374
22650801
22655227
22659654
22664083
22668514
22672945
22677376
22681808
22686241
22690675
22695110
22699548
22703980
22708413
22712847
22717282
22721722
22726160
22730600
22735045
22739491
22743940
22748387
22752836
22757286
22761740
22766195
22770649
22775105
22779563
22784032
22788497
22792964
22797433
22801898
22806367
22810836
22815305
22819776
22824246
22828716
22833187
22837657
22842128
22846603
22851074
22855551
22860024
22864501
22868979
22873456
22877934
22882412
22886890
22891370
22895848
22900328
22904809
22909292
22913775
22918258
22922743
22927229
22931714
22936203
22940688
22945177
22949662
22954151
22958636
22963125
22967614
22972105
22976598
22981094
22985587
22990084
22994582
22999083
23003590
23008103
23012623
23017137
23021650
23026170
23030687
23035207
23039727
23044247
23048769
23053292
23057817
23062344
23066869
23071400
23075925
23080456
23084990
23089526
23094065
23098608
23103153
23107698
23112243
23116791
23121340
23125888
23130437
23134986
23139536
23144085
23148641
23153193
23157749
23162307
23166859
23171415
23175973
23180532
23185090
23189649
23194208
23198770
23203333
23207898
23212464
23217031
23221599
23226166
23230735
23235305
23239877
23244447
23249020
23253590
23258164
23262737
23267311
23271886
23276462
23281035
23285609
23290184
23294760
23299339
23303927
23308515
23313106
23317701
23322296
23326895
23331494
23336095
23340697
23345300
23349904
23354507
23359111
23363715
23368323
23372938
23377546
23382164
23386784
23391404
23396024
23400645
23405268
23409893
23414516
23419142
23423769
23428398
23433025
23437651
23442278
23446907
23451538
23456167
23460803
23465443
23470085
23474730
23479376
23484030
23488687
23493341
23498000
23502656
23507315
23511977
23516637
23521299
23525962
23530633
23535304
23539977
23544656
23549329
23554009
23558693
23563386
23568087
23572799
23577517
23582237
23586958
23591679
23596401
23601123
23605847
23610576
23615307
23620043
23624772
23629503
23634244
23638992
23643745
23648506
23653275
23658046
23662822
23667593
23672370
23677142
23681919
23686696
23691473
23696251
23701033
23705815
23710597
23715386
23720171
23724960
23729754
23734551
23739345
23744147
23748951
23753757
23758566
23763375
23768187
23772996
23777812
23782631
23787455
23792281
23797112
23801939
23806770
23811602
23816437
23821272
23826108
23830956
23835801
23840649
23845508
23850361
23855220
23860074
23864933
23869793
23874655
23879521
23884388
23889258
23894129
23899001
23903873
23908747
23913622
23918500
23923390
23928268
23933158
23938049
23942943
23947834
23952734
23957640
23962550
23967473
23972389
23977312
23982232
23987155
23992076
23996999
24001927
24006857
24011788
24016729
24021660
24026606
24031537
24036484
24041430
24046377
24051330
24056277
24061230
24066183
24071140
24076099
24081056
24086018
24090979
24095941
24100904
24105870
24110837
24115808
24120789
24125775
24130762
24135751
24140748
24145775
24150805
24155832
24160864
24165891
24170933
24175962
24181004
24186037
24191079
24196122
24201167
24206224
24211269
24216328
24221388
24226457
24231518
24236587
24241663
24246733
24251809
24256888
24261964
24267044
24272126
24277208
24282290
24287372
24292455
24297539
24302624
24307711
24312805
24317892
24322987
24328084
24333181
24338280
24343379
24348476
24353575
24358676
24363789
24368912
24374025
24379151
24384264
24389400
24394514
24399650
24404787
24409929
24415072
24420219
24425364
24430511
24435662
24440809
24445963
24451117
24456271
24461426
24466588
24471743
24476908
24482073
24487234
24492399
24497564
24502729
24507898
24513071
24518246
24523437
24528612
24533804
24538999
24544198
24549400
24554592
24559787
24564986
24570195
24575394
24580619
24585818
24591052
24596251
24601487
24606687
24611923
24617140
24622376
24627612
24632848
24638091
24643341
24648591
24653860
24659134
24664408
24669702
24675003
24680340
24685645
24690946
24696283
24701597
24706934
24712272
24717622
24722975
24728332
24733702
24739073
24744450
24749828
24755206
24760584
24765969
24771360
24776763
24782169
24787585
24792996
24798412
24803826
24809242
24814661
24820081
24825503
24830925
24836348
24841771
24847206
24852642
24858079
24863524
24868970
24874421
24879877
24885335
24890803
24896261
24901729
24907192
24912660
24918128
24923608
24929093
24934580
24940074
24945568
24951062
24956557
24962052
24967547
24973049
24978571
24984100
24989633
24995174
25000707
25006250
25011797
25017347
25022904
25028467
25034033
25039601
25045188
25050777
25056364
25061955
25067553
25073162
25078779
25084406
25090027
25095654
25101277
25106904
25112535
25118168
25123799
25129440
25135081
25140726
25146373
25152032
25157702
25163372
25169057
25174727
25180427
25186134
25191843
25197554
25203271
25208989
25214731
25220473
25226219
25231961
25237708
25243457
25249204
25255008
25260817
25266637
25272460
25278288
25284123
25289969
25295853
25301741
25307632
25313528
25319432
25325339
25331264
25337192
25343125
25349060
25354993
25360934
25366880
25372872
25378897
25384923
25390957
25396992
25403026
25409064
25415107
25421162
25427216
25433271
25439336
25445411
25451511
25457586
25463690
25469803
25475907
25482027
25488183
25494358
25500549
25506745
25512957
25519181
25525431
25531702
25538000
25544301
25550616
25556917
25563246
25569585
25575947
25582311
25588688
25595095
25601472
25607904
25614340
25620807
25627290
25633757
25640276
25646827
25653477
25660141
25666844
25673569
25680296
25687025
25693768
25700525
25707293
25714098
25720919
25727741
25734686
25741665
25748669
25755764
25762863
25770010
25777190
25784378
25791630
25798904
25806197
25813505
25820948
25828448
25836099
25843961
25852326
