158
168
177
186
189
190
191
192
193
195
197
198
199
200
201
202
204
206
208
210
211
212
214
216
217
219
220
221
223
224
226
228
229
231
232
234
236
237
239
240
242
243
245
247
248
250
251
253
255
256
258
259
261
263
265
267
269
271
273
275
277
279
281
283
285
287
289
291
293
295
297
299
301
303
305
307
309
311
313
315
317
320
322
324
326
329
331
333
335
338
340
342
345
347
349
352
354
357
359
362
364
367
369
372
374
377
379
382
385
388
391
394
397
400
403
406
409
412
415
418
421
424
427
430
433
436
439
442
445
448
451
454
457
460
463
466
469
473
476
479
483
486
490
493
497
500
504
507
511
514
518
521
525
529
533
537
541
545
549
553
557
562
566
571
575
580
585
590
595
600
606
612
618
625
631
638
645
651
657
663
669
675
682
688
694
701
707
714
721
728
735
742
749
756
763
771
779
787
795
803
811
819
826
833
841
849
857
865
873
881
889
897
904
912
920
928
936
943
951
958
966
974
982
990
998
1006
1014
1022
1030
1037
1045
1053
1061
1069
1077
1085
1093
1101
1109
1117
1125
1133
1141
1149
1157
1165
1173
1181
1189
1197
1205
1213
1221
1229
1237
1245
1253
1261
1269
1277
1285
1293
1301
1310
1318
1326
1334
1343
1351
1359
1367
1375
1384
1393
1401
1410
1419
1428
1437
1445
1454
1463
1472
1481
1490
1498
1507
1516
1525
1534
1543
1552
1561
1570
1579
1588
1597
1606
1615
1624
1633
1642
1651
1660
1669
1678
1687
1696
1705
1714
1723
1732
1741
1750
1759
1768
1777
1786
1795
1804
1813
1822
1831
1840
1849
1858
1867
1876
1885
1894
1903
1913
1922
1931
1940
1949
1958
1967
1976
1985
1994
2003
2012
2021
2030
2039
2048
2057
2066
2076
2085
2094
2103
2112
2122
2131
2140
2149
2159
2168
2177
2187
2196
2205
2215
2224
2234
2243
2253
2262
2272
2281
2291
2300
2310
2319
2329
2339
2348
2358
2368
2378
2387
2397
2407
2417
2427
2437
2447
2457
2467
2477
2487
2497
2507
2517
2527
2537
2547
2557
2567
2577
2587
2597
2607
2617
2627
2637
2647
2657
2667
2677
2687
2697
2707
2717
2727
2737
2747
2757
2767
2777
2787
2797
2807
2817
2827
2837
2847
2857
2867
2877
2887
2897
2907
2917
2927
2937
2947
2957
2967
2977
2988
2998
3008
3018
3028
3039
3049
3059
3070
3080
3090
3101
3111
3121
3132
3142
3153
3163
3174
3184
3195
3206
3217
3227
3238
3248
3259
3270
3281
3291
3302
3313
3324
3335
3346
3357
3368
3379
3390
3401
3412
3423
3434
3445
3456
3467
3478
3489
3500
3511
3522
3533
3544
3555
3566
3577
3588
3599
3610
3621
3632
3643
3654
3665
3676
3687
3698
3709
3720
3731
3742
3753
3764
3775
3786
3797
3808
3819
3830
3841
3852
3863
3874
3885
3896
3908
3919
3930
3941
3952
3963
3975
3986
3997
4008
4019
4031
4042
4053
4065
4076
4087
4099
4110
4121
4133
4144
4155
4167
4178
4190
4201
4213
4224
4236
4247
4259
4270
4282
4294
4305
4317
4328
4340
4351
4363
4374
4386
4398
4409
4421
4433
4445
4457
4468
4480
4492
4503
4515
4527
4539
4551
4563
4575
4587
4599
4611
4623
4635
4647
4659
4671
4683
4695
4707
4719
4731
4743
4755
4767
4779
4791
4803
4815
4827
4839
4851
4863
4875
4887
4899
4911
4923
4935
4947
4959
4971
4983
4995
5007
5019
5031
5043
5055
5067
5079
5091
5103
5115
5127
5139
5151
5163
5175
5187
5199
5211
5223
5235
5247
5259
5271
5284
5296
5309
5321
5333
5346
5358
5371
5383
5395
5407
5419
5431
5443
5455
5468
5480
5493
5505
5517
5530
5542
5554
5566
5578
5590
5602
5614
5626
5638
5650
5662
5674
5686
5698
5711
5723
5735
5747
5759
5771
5783
5795
5807
5819
5831
5843
5855
5868
5880
5893
5905
5917
5930
5942
5955
5967
5980
5992
6005
6017
6030
6042
6055
6067
6080
6092
6105
6117
6130
6142
6155
6167
6180
6192
6205
6217
6230
6243
6255
6268
6281
6293
6306
6319
6332
6345
6358
6371
6384
6397
6410
6423
6436
6449
6462
6475
6488
6501
6514
6527
6540
6553
6566
6579
6592
6605
6618
6631
6644
6657
6670
6683
6696
6709
6722
6735
6748
6761
6774
6787
6800
6813
6826
6839
6852
6865
6878
6891
6904
6917
6930
6943
6956
6969
6982
6995
7008
7021
7034
7047
7060
7073
7086
7099
7112
7125
7138
7151
7164
7177
7191
7204
7217
7230
7243
7256
7270
7283
7296
7309
7322
7336
7349
7362
7375
7388
7402
7415
7428
7441
7455
7468
7481
7495
7508
7522
7535
7548
7562
7575
7588
7602
7615
7628
7642
7655
7669
7682
7696
7709
7723
7736
7750
7763
7777
7790
7804
7817
7831
7844
7858
7871
7885
7898
7912
7926
7939
7953
7966
7980
7994
8007
8021
8034
8048
8062
8076
8090
8104
8118
8132
8146
8160
8174
8188
8202
8216
8230
8244
8258
8272
8286
8300
8314
8328
8342
8356
8370
8384
8398
8412
8426
8440
8454
8468
8482
8496
8510
8524
8538
8552
8566
8580
8594
8608
8622
8636
8650
8664
8678
8692
8706
8720
8734
8748
8762
8776
8790
8804
8818
8832
8846
8860
8874
8888
8902
8916
8930
8945
8959
8973
8988
9002
9017
9031
9046
9060
9075
9089
9104
9118
9133
9147
9162
9176
9191
9206
9221
9236
9251
9266
9281
9296
9310
9325
9339
9354
9368
9383
9397
9412
9426
9441
9455
9470
9485
9500
9514
9529
9544
9558
9573
9588
9603
9618
9633
9648
9663
9678
9693
9708
9723
9738
9753
9768
9783
9798
9813
9828
9843
9858
9873
9888
9903
9918
9933
9948
9963
9978
9993
10008
10023
10038
10053
10068
10083
10098
10113
10128
10143
10158
10173
10188
10203
10218
10233
10248
10263
10278
10293
10308
10323
10338
10353
10368
10383
10398
10413
10428
10443
10458
10473
10488
10504
10519
10534
10549
10565
10580
10596
10611
10627
10642
10658
10673
10689
10704
10719
10735
10750
10766
10781
10797
10812
10828
10843
10859
10874
10890
10906
10922
10938
10954
10970
10986
11002
11017
11033
11049
11065
11081
11097
11113
11129
11145
11161
11177
11193
11209
11225
11241
11257
11273
11289
11305
11321
11337
11353
11369
11385
11401
11417
11433
11449
11465
11481
11497
11513
11529
11545
11561
11577
11593
11609
11625
11641
11657
11673
11689
11705
11721
11737
11753
11769
11785
11801
11817
11833
11849
11865
11881
11897
11913
11929
11945
11961
11977
11994
12010
12026
12042
12059
12075
12091
12108
12124
12140
12157
12173
12189
12206
12222
12239
12255
12272
12288
12305
12321
12338
12354
12371
12387
12404
12420
12437
12454
12471
12488
12505
12522
12538
12555
12571
12588
12604
12621
12637
12654
12671
12688
12705
12722
12739
12756
12773
12790
12807
12824
12841
12858
12875
12892
12909
12926
12943
12960
12977
12994
13011
13028
13045
13062
13079
13096
13113
13130
13147
13164
13181
13198
13215
13232
13249
13266
13283
13300
13317
13334
13351
13368
13385
13402
13419
13436
13453
13471
13488
13505
13522
13539
13556
13573
13591
13608
13625
13642
13660
13677
13694
13712
13729
13746
13764
13781
13799
13816
13833
13851
13868
13886
13903
13921
13938
13956
13973
13990
14008
14025
14043
14060
14078
14095
14113
14130
14148
14165
14183
14200
14218
14235
14253
14271
14288
14306
14323
14341
14359
14376
14394
14412
14430
14447
14465
14483
14501
14519
14537
14555
14573
14591
14609
14627
14645
14663
14681
14699
14717
14735
14753
14771
14789
14807
14825
14843
14861
14879
14897
14915
14933
14951
14969
14987
15005
15023
15041
15059
15077
15095
15113
15131
15149
15167
15185
15203
15221
15239
15257
15275
15293
15311
15329
15347
15365
15383
15401
15419
15437
15455
15473
15491
15509
15527
15545
15564
15582
15600
15618
15637
15655
15673
15692
15710
15728
15747
15765
15783
15802
15820
15839
15857
15875
15894
15912
15931
15949
15968
15986
16005
16023
16042
16060
16079
16097
16116
16134
16153
16171
16190
16208
16227
16245
16264
16282
16301
16319
16338
16356
16375
16393
16412
16430
16449
16467
16486
16504
16523
16541
16560
16579
16597
16616
16634
16653
16671
16690
16708
16727
16746
16764
16783
16801
16820
16839
16857
16876
16895
16914
16933
16952
16971
16990
17009
17028
17047
17066
17085
17104
17123
17142
17161
17180
17199
17218
17237
17256
17275
17294
17313
17332
17351
17370
17389
17408
17427
17446
17465
17484
17503
17522
17541
17560
17579
17598
17617
17636
17655
17674
17693
17712
17731
17750
17769
17788
17807
17826
17845
17864
17883
17902
17921
17940
17959
17978
17997
18016
18035
18054
18073
18092
18111
18130
18149
18168
18187
18206
18225
18244
18263
18282
18301
18320
18339
18358
18377
18397
18416
18435
18454
18473
18492
18511
18531
18550
18569
18588
18607
18627
18646
18665
18684
18704
18723
18742
18761
18781
18800
18819
18838
18857
18876
18895
18915
18934
18953
18972
18991
19011
19030
19049
19068
19088
19107
19127
19146
19165
19185
19204
19224
19243
19263
19282
19302
19321
19341
19360
19380
19400
19420
19440
19460
19480
19500
19520
19540
19560
19580
19600
19620
19640
19660
19680
19700
19720
19740
19760
19780
19800
19820
19840
19860
19880
19900
19920
19940
19960
19980
20000
20020
20040
20060
20080
20100
20120
20140
20160
20180
20200
20220
20240
20260
20280
20300
20320
20340
20360
20380
20400
20420
20440
20460
20480
20500
20520
20540
20560
20580
20600
20620
20640
20660
20680
20700
20720
20741
20761
20781
20801
20822
20842
20862
20883
20903
20923
20944
20964
20984
21005
21025
21046
21066
21086
21107
21127
21148
21168
21189
21209
21230
21250
21271
21291
21312
21332
21353
21373
21394
21414
21435
21456
21476
21497
21517
21538
21558
21579
21600
21620
21641
21662
21683
21704
21725
21746
21767
21788
21809
21830
21851
21872
21893
21914
21935
21956
21977
21998
22019
22040
22061
22082
22103
22124
22145
22166
22187
22208
22229
22250
22271
22292
22313
22334
22355
22376
22397
22418
22439
22460
22481
22502
22523
22544
22565
22586
22607
22628
22649
22670
22691
22712
22733
22754
22775
22796
22817
22838
22859
22880
22901
22922
22943
22964
22985
23006
23027
23048
23069
23090
23111
23132
23153
23174
23195
23216
23237
23258
23279
23300
23321
23342
23363
23384
23405
23426
23448
23469
23490
23511
23533
23554
23575
23597
23618
23639
23661
23682
23703
23724
23745
23766
23787
23808
23829
23850
23871
23893
23914
23935
23956
23978
23999
24020
24042
24063
24084
24106
24127
24149
24170
24191
24213
24234
24255
24277
24298
24319
24341
24362
24384
24405
24427
24448
24470
24491
24513
24534
24556
24577
24599
24620
24642
24663
24685
24706
24728
24749
24771
24792
24814
24835
24857
24878
24900
24921
24943
24964
24986
25008
25030
25052
25074
25096
25118
25140
25162
25184
25206
25228
25250
25272
25294
25316
25338
25360
25382
25404
25426
25448
25470
25492
25514
25536
25558
25580
25602
25624
25646
25668
25690
25712
25734
25756
25778
25800
25822
25844
25866
25888
25910
25932
25954
25976
25998
26020
26042
26064
26086
26108
26130
26152
26174
26196
26218
26240
26262
26284
26306
26328
26350
26372
26394
26416
26438
26460
26482
26504
26526
26548
26570
26592
26614
26636
26658
26680
26703
26725
26747
26769
26791
26813
26835
26858
26880
26902
26924
26947
26969
26992
27014
27037
27059
27082
27104
27127
27149
27172
27194
27217
27239
27262
27284
27307
27329
27352
27375
27398
27421
27444
27467
27490
27513
27536
27559
27582
27605
27628
27651
27674
27697
27720
27743
27766
27789
27812
27835
27858
27881
27904
27927
27950
27973
27996
28019
28042
28065
28088
28111
28134
28157
28180
28203
28226
28249
28272
28295
28318
28341
28364
28387
28410
28433
28456
28480
28503
28526
28549
28573
28596
28620
28643
28667
28690
28714
28737
28761
28784
28808
28831
28855
28878
28902
28925
28949
28972
28995
29019
29042
29065
29088
29112
29135
29158
29182
29205
29229
29252
29276
29299
29323
29346
29370
29393
29417
29440
29464
29487
29511
29534
29558
29581
29605
29628
29652
29676
29700
29723
29747
29771
29794
29818
29842
29866
29889
29913
29937
29961
29985
30009
30033
30057
30081
30105
30129
30153
30177
30201
30225
30249
30273
30297
30321
30345
30369
30393
30417
30441
30465
30489
30513
30537
30561
30585
30609
30633
30657
30681
30705
30729
30753
30777
30801
30825
30849
30873
30897
30921
30945
30969
30993
31017
31041
31065
31089
31113
31137
31161
31185
31209
31233
31257
31281
31305
31329
31353
31377
31401
31425
31449
31473
31497
31521
31545
31569
31593
31617
31641
31665
31689
31713
31737
31761
31785
31810
31834
31858
31882
31906
31931
31955
31979
32003
32028
32052
32076
32101
32125
32149
32174
32198
32222
32247
32271
32296
32320
32345
32369
32394
32418
32443
32467
32492
32516
32541
32565
32590
32615
32640
32664
32689
32713
32738
32763
32788
32813
32837
32862
32887
32911
32936
32961
32986
33011
33036
33061
33086
33111
33136
33161
33186
33211
33236
33261
33286
33311
33336
33361
33386
33411
33436
33461
33486
33511
33536
33561
33586
33611
33636
33661
33686
33711
33736
33761
33786
33811
33836
33861
33886
33911
33936
33961
33986
34011
34036
34061
34086
34111
34136
34161
34186
34211
34237
34262
34287
34312
34337
34362
34388
34413
34438
34464
34489
34515
34540
34566
34591
34617
34642
34668
34693
34719
34744
34770
34795
34821
34847
34873
34899
34925
34950
34976
35002
35027
35053
35079
35105
35131
35157
35183
35209
35235
35261
35287
35313
35339
35365
35391
35417
35443
35469
35495
35521
35547
35573
35599
35625
35651
35677
35703
35729
35755
35781
35807
35833
35859
35885
35911
35937
35963
35989
36015
36041
36067
36093
36119
36145
36171
36197
36223
36249
36275
36301
36327
36353
36379
36405
36431
36457
36483
36509
36535
36561
36588
36614
36640
36666
36692
36719
36745
36771
36797
36823
36849
36875
36902
36928
36954
36980
37006
37033
37059
37085
37111
37138
37164
37190
37217
37243
37269
37296
37322
37348
37375
37401
37428
37454
37481
37507
37534
37560
37587
37613
37640
37666
37693
37719
37746
37772
37799
37825
37852
37879
37906
37933
37959
37986
38012
38039
38066
38093
38120
38147
38174
38201
38228
38255
38282
38309
38336
38363
38390
38417
38444
38471
38498
38525
38552
38579
38606
38633
38660
38687
38714
38741
38768
38795
38822
38849
38876
38903
38930
38957
38984
39011
39038
39065
39092
39119
39146
39173
39200
39227
39254
39281
39308
39335
39362
39389
39416
39443
39470
39497
39524
39551
39578
39605
39632
39659
39686
39713
39740
39767
39794
39821
39848
39875
39902
39929
39956
39983
40011
40038
40065
40092
40119
40147
40174
40201
40228
40256
40283
40310
40337
40365
40392
40419
40447
40474
40501
40529
40556
40583
40611
40638
40665
40693
40720
40748
40775
40803
40830
40858
40885
40913
40940
40968
40996
41024
41052
41080
41108
41136
41164
41192
41220
41248
41276
41304
41332
41360
41388
41416
41444
41472
41500
41528
41556
41584
41612
41640
41668
41696
41724
41752
41780
41808
41836
41864
41892
41920
41948
41976
42004
42032
42060
42088
42116
42144
42172
42200
42228
42256
42284
42312
42340
42368
42396
42424
42452
42481
42509
42537
42565
42594
42622
42651
42679
42708
42736
42765
42793
42822
42851
42880
42909
42938
42967
42996
43025
43054
43083
43112
43141
43170
43199
43228
43257
43286
43315
43344
43373
43402
43431
43460
43490
43519
43548
43577
43607
43636
43665
43695
43724
43753
43783
43812
43841
43871
43900
43929
43959
43988
44018
44047
44076
44106
44135
44164
44194
44223
44253
44282
44312
44342
44372
44401
44431
44461
44491
44521
44551
44581
44611
44641
44671
44701
44731
44761
44791
44821
44851
44881
44911
44941
44971
45001
45031
45061
45091
45121
45151
45181
45211
45241
45271
45301
45331
45361
45391
45421
45451
45481
45511
45541
45571
45601
45631
45661
45692
45722
45752
45782
45813
45843
45873
45903
45933
45963
45994
46024
46054
46084
46115
46145
46175
46206
46236
46267
46297
46328
46358
46389
46419
46450
46480
46511
46541
46572
46603
46634
46665
46696
46727
46757
46788
46818
46849
46879
46910
46940
46971
47002
47032
47063
47093
47124
47154
47185
47216
47247
47278
47309
47340
47371
47402
47433
47464
47495
47526
47557
47588
47619
47650
47681
47712
47743
47774
47805
47836
47867
47898
47929
47960
47991
48022
48053
48084
48115
48146
48177
48208
48239
48270
48301
48332
48363
48394
48425
48456
48487
48518
48549
48580
48611
48642
48673
48704
48735
48766
48797
48828
48859
48890
48921
48952
48984
49015
49046
49078
49109
49140
49172
49203
49235
49266
49298
49329
49361
49392
49424
49455
49487
49518
49550
49582
49614
49645
49677
49709
49740
49772
49804
49836
49867
49899
49931
49963
49995
50027
50059
50091
50123
50155
50187
50219
50251
50283
50315
50347
50379
50411
50443
50475
50507
50539
50571
50603
50635
50667
50699
50731
50763
50795
50827
50859
50891
50923
50955
50987
51019
51051
51083
51115
51147
51179
51211
51243
51275
51307
51339
51371
51403
51435
51467
51499
51531
51563
51595
51627
51659
51691
51723
51755
51787
51819
51851
51883
51915
51947
51979
52011
52043
52075
52107
52139
52171
52203
52236
52268
52300
52332
52364
52396
52428
52461
52493
52525
52557
52589
52621
52653
52686
52718
52750
52783
52815
52847
52880
52912
52944
52977
53009
53042
53074
53107
53139
53172
53204
53237
53269
53302
53334
53367
53399
53432
53464
53497
53529
53562
53594
53627
53659
53692
53725
53757
53790
53823
53856
53889
53922
53955
53988
54021
54054
54087
54120
54153
54186
54219
54252
54285
54318
54351
54384
54417
54450
54483
54516
54549
54582
54615
54648
54681
54714
54747
54780
54813
54846
54879
54912
54945
54978
55011
55044
55077
55110
55143
55176
55210
55243
55277
55310
55344
55377
55411
55445
55479
55513
55547
55581
55615
55649
55683
55717
55751
55785
55819
55853
55887
55921
55955
55989
56023
56057
56091
56125
56159
56193
56227
56261
56295
56329
56363
56397
56431
56465
56499
56533
56568
56602
56636
56670
56704
56738
56772
56807
56841
56875
56909
56943
56978
57012
57047
57082
57117
57151
57185
57219
57253
57287
57322
57356
57390
57424
57458
57492
57526
57561
57595
57629
57663
57697
57732
57766
57801
57836
57871
57906
57941
57976
58011
58046
58081
58116
58151
58186
58221
58256
58291
58326
58361
58396
58431
58466
58501
58536
58571
58606
58641
58676
58711
58746
58781
58816
58851
58886
58921
58956
58991
59026
59061
59096
59131
59166
59202
59237
59272
59307
59343
59378
59413
59448
59484
59519
59554
59590
59625
59661
59696
59732
59767
59803
59839
59874
59910
59945
59981
60016
60052
60087
60123
60159
60195
60231
60267
60303
60339
60375
60411
60447
60483
60519
60555
60591
60627
60663
60699
60735
60771
60807
60843
60879
60915
60951
60988
61024
61060
61096
61133
61169
61205
61242
61278
61315
61351
61387
61424
61460
61497
61534
61571
61608
61645
61682
61719
61756
61793
61830
61867
61904
61941
61978
62015
62052
62089
62126
62163
62200
62237
62274
62311
62348
62385
62422
62459
62497
62534
62571
62608
62645
62682
62719
62757
62794
62831
62868
62906
62943
62980
63018
63055
63092
63130
63167
63205
63242
63280
63317
63355
63393
63431
63469
63507
63545
63583
63621
63659
63697
63735
63773
63811
63849
63887
63925
63963
64001
64039
64077
64115
64153
64191
64229
64267
64305
64343
64381
64420
64458
64496
64534
64572
64611
64649
64687
64726
64764
64803
64841
64880
64918
64957
64996
65034
65073
65111
65150
65188
65227
65265
65304
65343
65382
65420
65459
65497
65536
65575
65614
65653
65692
65731
65770
65809
65848
65887
65926
65965
66004
66043
66082
66121
66160
66199
66238
66277
66316
66355
66394
66433
66472
66511
66550
66589
66628
66667
66707
66746
66785
66824
66864
66903
66942
66982
67021
67060
67100
67139
67179
67219
67258
67298
67338
67377
67417
67457
67497
67537
67577
67617
67656
67696
67736
67775
67815
67855
67895
67935
67975
68015
68055
68095
68135
68175
68215
68255
68295
68335
68375
68415
68455
68495
68535
68575
68615
68655
68695
68735
68775
68815
68855
68895
68935
68975
69015
69055
69095
69135
69176
69216
69256
69296
69337
69377
69417
69458
69498
69539
69579
69620
69661
69702
69743
69784
69825
69866
69907
69948
69989
70030
70072
70114
70155
70197
70238
70280
70322
70363
70405
70447
70489
70531
70573
70615
70657
70699
70741
70783
70825
70868
70910
70952
70994
71036
71078
71120
71163
71205
71247
71289
71331
71374
71416
71458
71500
71543
71585
71628
71670
71713
71756
71799
71842
71885
71928
71971
72014
72057
72101
72144
72188
72231
72275
72319
72363
72407
72451
72495
72539
72583
72627
72671
72715
72759
72804
72848
72892
72937
72981
73025
73070
73114
73159
73204
73249
73294
73339
73384
73430
73475
73520
73566
73611
73657
73702
73748
73793
73839
73884
73930
73976
74022
74068
74114
74160
74206
74252
74298
74344
74390
74436
74482
74528
74574
74620
74666
74712
74758
74804
74850
74896
74943
74989
75035
75081
75128
75175
75222
75270
75317
75364
75411
75458
75506
75553
75601
75648
75696
75744
75792
75840
75888
75936
75984
76032
76080
76128
76177
76225
76274
76322
76370
76418
76467
76515
76564
76612
76661
76710
76759
76808
76856
76905
76954
77003
77052
77101
77150
77199
77248
77297
77346
77395
77444
77493
77542
77591
77640
77689
77738
77787
77836
77885
77935
77984
78033
78083
78132
78182
78232
78282
78332
78382
78432
78482
78532
78583
78633
78684
78735
78786
78838
78891
78943
78993
79043
79093
79144
79194
79245
79295
79346
79396
79447
79498
79549
79600
79651
79702
79753
79804
79855
79906
79957
80009
80061
80112
80163
80215
80266
80317
80368
80420
80471
80523
80574
80625
80676
80728
80779
80830
80881
80932
80984
81035
81086
81138
81189
81241
81292
81343
81395
81446
81497
81549
81600
81652
81703
81755
81806
81858
81909
81961
82012
82063
82115
82166
82218
82269
82321
82372
82424
82476
82528
82580
82632
82684
82736
82788
82840
82892
82944
82996
83048
83100
83152
83204
83256
83308
83360
83412
83464
83516
83568
83620
83672
83724
83776
83828
83880
83932
83985
84037
84089
84141
84193
84246
84298
84350
84403
84455
84507
84560
84612
84664
84717
84769
84821
84874
84926
84979
85031
85084
85136
85189
85241
85294
85347
85400
85453
85506
85559
85612
85665
85718
85771
85824
85877
85930
85983
86036
86089
86142
86195
86248
86301
86354
86407
86460
86513
86566
86619
86672
86725
86778
86831
86884
86937
86990
87043
87096
87150
87203
87257
87311
87365
87419
87473
87527
87580
87634
87688
87742
87796
87850
87904
87958
88012
88066
88120
88174
88228
88282
88336
88390
88444
88498
88552
88606
88660
88714
88768
88822
88876
88931
88985
89039
89093
89147
89201
89255
89309
89364
89418
89472
89527
89581
89635
89690
89744
89798
89853
89907
89961
90016
90070
90125
90180
90235
90290
90345
90400
90455
90510
90565
90620
90675
90730
90785
90840
90895
90950
91005
91060
91115
91170
91225
91280
91335
91390
91446
91501
91557
91612
91668
91723
91778
91833
91889
91944
92000
92055
92111
92166
92222
92277
92333
92388
92444
92499
92555
92611
92667
92723
92779
92835
92891
92947
93003
93059
93115
93171
93227
93283
93339
93395
93451
93507
93563
93619
93675
93731
93787
93843
93899
93955
94011
94067
94123
94179
94235
94291
94347
94403
94460
94516
94572
94628
94684
94741
94797
94853
94910
94966
95023
95079
95136
95192
95249
95305
95362
95418
95475
95532
95589
95645
95702
95759
95816
95873
95930
95987
96044
96101
96158
96215
96272
96329
96386
96443
96500
96557
96614
96671
96728
96785
96842
96899
96956
97013
97070
97127
97184
97241
97298
97355
97412
97469
97526
97583
97640
97698
97755
97812
97869
97926
97983
98040
98097
98155
98212
98269
98327
98384
98441
98499
98556
98613
98671
98728
98786
98843
98901
98958
99016
99074
99131
99189
99247
99305
99363
99421
99479
99537
99595
99653
99711
99769
99827
99885
99943
100001
100059
100117
100175
100233
100291
100349
100407
100465
100523
100581
100639
100697
100755
100813
100871
100929
100987
101045
101103
101162
101220
101278
101336
101395
101453
101511
101570
101628
101687
101746
101805
101864
101923
101982
102041
102100
102159
102218
102277
102336
102395
102454
102513
102572
102631
102690
102749
102808
102868
102927
102986
103045
103105
103164
103224
103283
103343
103403
103463
103524
103585
103646
103707
103768
103829
103890
103951
104012
104073
104134
104195
104257
104318
104379
104441
104502
104563
104624
104685
104747
104808
104869
104931
104993
105054
105116
105177
105238
105300
105361
105422
105484
105546
105607
105669
105731
105793
105855
105917
105979
106041
106103
106165
106227
106289
106351
106413
106475
106537
106599
106662
106724
106786
106848
106911
106973
107035
107098
107160
107223
107285
107348
107410
107473
107535
107598
107661
107724
107787
107850
107913
107976
108039
108102
108165
108228
108291
108354
108417
108480
108543
108607
108670
108733
108797
108860
108924
108987
109051
109114
109178
109241
109305
109369
109433
109497
109561
109625
109689
109754
109818
109882
109947
110010
110074
110137
110201
110264
110328
110392
110456
110520
110584
110648
110712
110776
110840
110904
110968
111033
111097
111161
111226
111290
111354
111419
111483
111547
111612
111676
111741
111805
111870
111935
112000
112065
112130
112195
112260
112325
112390
112455
112520
112586
112651
112716
112781
112847
112912
112977
113043
113108
113173
113239
113304
113370
113436
113502
113568
113634
113700
113766
113832
113898
113964
114030
114097
114163
114229
114295
114362
114428
114494
114561
114627
114693
114760
114826
114893
114960
115027
115094
115161
115228
115295
115362
115429
115496
115563
115630
115697
115764
115831
115898
115965
116032
116099
116166
116233
116301
116368
116435
116502
116569
116636
116703
116770
116837
116904
116971
117038
117105
117172
117240
117307
117374
117441
117508
117576
117643
117711
117778
117846
117914
117982
118050
118118
118186
118254
118322
118390
118458
118526
118594
118662
118730
118799
118867
118935
119004
119072
119141
119209
119278
119347
119416
119485
119554
119623
119692
119761
119830
119899
119968
120037
120106
120175
120245
120315
120385
120455
120525
120595
120665
120735
120805
120875
120945
121015
121085
121155
121226
121296
121366
121436
121507
121578
121648
121719
121790
121861
121932
122003
122074
122145
122216
122287
122358
122429
122500
122571
122642
122713
122784
122855
122927
122998
123070
123142
123214
123286
123358
123430
123502
123574
123646
123719
123792
123865
123938
124011
124084
124157
124230
124303
124376
124449
124522
124595
124668
124741
124814
124888
124961
125034
125107
125180
125254
125327
125400
125473
125547
125620
125693
125766
125840
125913
125986
126060
126133
126206
126280
126353
126426
126500
126573
126647
126721
126795
126868
126942
127016
127090
127164
127238
127312
127386
127460
127534
127608
127682
127756
127830
127904
127978
128052
128126
128200
128274
128348
128422
128496
128570
128644
128718
128792
128866
128940
129015
129089
129163
129238
129312
129386
129461
129535
129609
129684
129758
129833
129908
129983
130058
130133
130208
130283
130358
130433
130508
130584
130660
130736
130812
130888
130964
131041
131117
131194
131271
131348
131426
131503
131580
131658
131736
131814
131891
131967
132043
132120
132196
132273
132350
132426
132503
132579
132656
132733
132810
132887
132964
133041
133118
133195
133272
133349
133426
133504
133581
133658
133736
133814
133892
133970
134047
134125
134202
134279
134357
134435
134513
134591
134669
134747
134825
134903
134981
135059
135137
135215
135294
135372
135450
135529
135607
135685
135764
135842
135921
135999
136078
136156
136235
136313
136392
136470
136548
136627
136705
136784
136862
136941
137019
137098
137176
137255
137334
137413
137492
137571
137650
137729
137808
137887
137966
138045
138124
138203
138282
138361
138440
138519
138598
138677
138756
138835
138914
138993
139072
139152
139231
139311
139390
139470
139550
139630
139710
139790
139870
139950
140030
140110
140190
140270
140350
140430
140510
140590
140670
140750
140830
140910
140990
141070
141150
141230
141310
141390
141470
141550
141630
141710
141790
141870
141950
142030
142110
142190
142271
142351
142431
142511
142591
142672
142752
142832
142912
142992
143072
143152
143232
143312
143392
143473
143553
143633
143713
143793
143874
143954
144034
144115
144195
144276
144356
144437
144517
144598
144679
144760
144841
144922
145003
145083
145164
145244
145325
145405
145486
145567
145648
145729
145810
145891
145972
146053
146134
146215
146296
146377
146458
146539
146620
146701
146782
146863
146944
147025
147106
147187
147268
147349
147430
147511
147592
147673
147754
147835
147916
147997
148078
148159
148240
148321
148402
148484
148565
148646
148727
148808
148890
148971
149052
149133
149214
149296
149377
149458
149540
149621
149702
149784
149865
149947
150028
150110
150192
150274
150355
150437
150519
150601
150683
150765
150847
150929
151011
151093
151175
151257
151339
151421
151503
151585
151667
151749
151831
151913
151995
152077
152159
152241
152323
152405
152487
152569
152651
152733
152815
152897
152980
153062
153144
153226
153309
153391
153473
153556
153638
153720
153803
153885
153968
154050
154133
154215
154298
154380
154463
154545
154628
154710
154793
154876
154959
155042
155125
155208
155291
155374
155457
155540
155623
155706
155789
155872
155955
156038
156121
156204
156287
156371
156454
156537
156620
156703
156786
156870
156953
157036
157119
157202
157285
157368
157452
157535
157618
157701
157784
157867
157951
158034
158117
158200
158283
158366
158450
158533
158616
158699
158783
158866
158950
159033
159116
159200
159283
159367
159450
159534
159617
159701
159784
159868
159951
160035
160119
160202
160286
160370
160454
160538
160622
160706
160790
160874
160958
161042
161126
161210
161294
161378
161462
161546
161630
161714
161798
161882
161966
162050
162134
162218
162302
162386
162470
162554
162638
162722
162806
162890
162974
163058
163142
163226
163310
163394
163478
163562
163646
163730
163814
163898
163982
164066
164150
164234
164318
164402
164486
164570
164654
164739
164823
164907
164992
165076
165161
165245
165330
165414
165499
165583
165668
165752
165837
165921
166006
166090
166175
166259
166344
166428
166513
166598
166682
166767
166851
166936
167021
167106
167191
167276
167361
167446
167531
167616
167701
167786
167871
167956
168041
168126
168211
168296
168381
168466
168551
168636
168721
168806
168891
168976
169061
169146
169231
169316
169401
169486
169571
169656
169741
169826
169911
169996
170081
170166
170251
170336
170421
170506
170591
170676
170761
170846
170931
171016
171102
171187
171272
171357
171442
171528
171613
171699
171784
171870
171955
172041
172126
172212
172297
172383
172468
172554
172640
172726
172812
172898
172984
173070
173156
173242
173328
173414
173500
173586
173672
173758
173844
173930
174016
174102
174188
174274
174360
174446
174532
174618
174704
174790
174876
174962
175048
175135
175221
175308
175395
175482
175568
175655
175742
175829
175916
176002
176089
176176
176263
176350
176437
176523
176610
176697
176784
176871
176958
177044
177131
177218
177305
177392
177479
177566
177653
177740
177827
177914
178001
178088
178175
178262
178349
178436
178523
178610
178697
178784
178871
178958
179045
179132
179219
179306
179393
179480
179567
179654
179741
179828
179915
180002
180089
180176
180263
180350
180437
180524
180612
180699
180786
180873
180961
181048
181135
181222
181310
181397
181484
181572
181659
181746
181834
181921
182008
182096
182183
182270
182358
182445
182533
182620
182708
182795
182883
182970
183058
183145
183233
183320
183408
183496
183584
183672
183760
183848
183936
184024
184111
184199
184286
184374
184461
184549
184637
184725
184813
184901
184989
185077
185165
185253
185341
185429
185517
185605
185693
185781
185869
185957
186045
186133
186221
186309
186397
186485
186573
186661
186749
186837
186925
187013
187101
187189
187277
187365
187453
187541
187629
187718
187806
187894
187982
188070
188159
188247
188335
188424
188512
188600
188689
188777
188865
188954
189042
189131
189219
189307
189396
189484
189573
189661
189750
189838
189926
190015
190103
190192
190280
190369
190458
190546
190635
190723
190812
190901
190990
191079
191168
191257
191346
191435
191524
191613
191702
191791
191880
191969
192058
192147
192236
192325
192414
192503
192592
192681
192770
192859
192948
193037
193126
193215
193304
193393
193482
193571
193660
193749
193838
193927
194016
194105
194194
194283
194372
194461
194550
194639
194728
194817
194906
194996
195085
195175
195264
195353
195442
195532
195621
195711
195800
195890
195980
196069
196159
196249
196339
196429
196519
196609
196699
196789
196879
196969
197059
197149
197239
197329
197419
197509
197599
197689
197779
197869
197959
198049
198139
198229
198319
198409
198499
198589
198679
198769
198859
198949
199039
199129
199219
199309
199399
199489
199579
199669
199759
199850
199940
200030
200120
200211
200301
200391
200482
200572
200663
200753
200843
200933
201024
201114
201204
201294
201385
201475
201565
201656
201746
201837
201927
202018
202108
202199
202289
202380
202470
202561
202652
202742
202833
202924
203014
203105
203196
203287
203378
203469
203560
203651
203742
203833
203924
204015
204106
204197
204288
204379
204470
204561
204652
204743
204834
204925
205016
205107
205198
205289
205380
205471
205562
205653
205744
205835
205926
206017
206108
206199
206290
206382
206473
206564
206655
206747
206838
206929
207020
207112
207203
207294
207386
207477
207569
207660
207751
207843
207934
208026
208117
208208
208300
208391
208483
208575
208667
208759
208851
208943
209035
209127
209219
209311
209403
209495
209587
209679
209771
209863
209955
210047
210139
210231
210323
210415
210507
210599
210691
210783
210875
210967
211060
211152
211244
211337
211429
211522
211614
211707
211799
211892
211985
212078
212171
212264
212357
212450
212543
212636
212729
212822
212915
213008
213101
213194
213287
213380
213474
213567
213660
213753
213846
213939
214032
214126
214219
214313
214406
214500
214593
214687
214780
214874
214968
215062
215157
215250
215344
215438
215532
215626
215720
215815
215909
216004
216099
216194
216289
216384
216479
216574
216669
216764
216859
216955
217051
217147
217244
217340
217436
217532
217629
217725
217822
217918
218014
218110
218207
218304
218400
218496
218592
218689
218786
218883
218980
219077
219174
219271
219368
219465
219562
219659
219756
219853
219950
220047
220144
220241
220338
220436
220533
220630
220728
220826
220924
221022
221120
221218
221316
221414
221512
221610
221708
221806
221904
222003
222102
222202
222302
222403
222505
222608
222712
222816
222921
223022
223123
223224
223325
223425
223526
223627
223728
223829
223930
224031
224132
224234
224335
224437
224539
224641
224743
224845
224947
225049
225151
225253
225355
225456
225558
225659
225761
225862
225964
226066
226168
226270
226372
226474
226576
226678
226780
226882
226984
227086
227188
227290
227392
227494
227596
227698
227800
227902
228004
228107
228209
228311
228414
228516
228619
228721
228824
228926
229029
229132
229235
229338
229441
229544
229647
229750
229853
229956
230060
230163
230266
230370
230474
230578
230682
230786
230890
230994
231098
231202
231306
231410
231514
231618
231722
231826
231930
232034
232138
232242
232346
232450
232554
232658
232762
232867
232971
233075
233180
233284
233388
233493
233597
233702
233807
233912
234017
234122
234227
234332
234437
234542
234647
234752
234857
234962
235067
235172
235277
235383
235489
235595
235700
235806
235911
236016
236122
236227
236333
236438
236544
236650
236756
236862
236968
237074
237180
237286
237392
237498
237604
237710
237816
237922
238028
238135
238241
238347
238453
238560
238666
238772
238879
238985
239092
239198
239305
239412
239519
239626
239733
239840
239947
240054
240161
240268
240375
240482
240589
240696
240803
240910
241017
241124
241231
241338
241445
241552
241659
241766
241873
241981
242088
242195
242302
242410
242517
242624
242732
242839
242947
243054
243162
243269
243377
243485
243592
243700
243807
243915
244022
244130
244237
244345
244452
244560
244667
244775
244882
244990
245098
245205
245313
245420
245528
245636
245744
245852
245960
246068
246176
246284
246392
246500
246608
246716
246824
246932
247040
247148
247256
247364
247472
247580
247688
247796
247904
248012
248120
248228
248336
248444
248552
248661
248769
248877
248986
249094
249202
249311
249419
249528
249636
249745
249853
249962
250071
250180
250288
250396
250505
250613
250722
250830
250939
251047
251156
251264
251373
251481
251590
251699
251808
251917
252026
252135
252244
252353
252462
252571
252680
252789
252898
253007
253116
253225
253334
253443
253552
253661
253770
253879
253988
254097
254206
254315
254424
254533
254642
254752
254861
254970
255079
255189
255299
255408
255517
255626
255735
255844
255953
256063
256172
256281
256390
256500
256609
256719
256828
256937
257047
257156
257266
257375
257485
257594
257704
257814
257924
258033
258143
258253
258363
258473
258583
258693
258803
258913
259023
259133
259243
259353
259463
259573
259683
259793
259903
260013
260123
260233
260343
260453
260563
260673
260783
260893
261003
261113
261223
261333
261443
261553
261663
261773
261883
261993
262103
262213
262323
262433
262543
262653
262764
262874
262984
263094
263204
263314
263424
263535
263645
263755
263865
263975
264086
264196
264306
264417
264527
264637
264748
264858
264968
265079
265189
265300
265410
265521
265631
265742
265852
265963
266073
266184
266294
266405
266515
266626
266736
266847
266957
267068
267178
267289
267399
267510
267620
267731
267842
267953
268064
268175
268286
268397
268508
268619
268730
268841
268952
269063
269174
269285
269396
269507
269618
269729
269840
269951
270062
270173
270284
270395
270506
270617
270728
270839
270950
271061
271172
271283
271394
271505
271616
271727
271838
271949
272060
272171
272282
272393
272504
272615
272726
272837
272948
273059
273170
273281
273392
273503
273614
273725
273836
273947
274058
274169
274280
274391
274502
274613
274724
274835
274947
275058
275169
275280
275391
275502
275614
275725
275836
275948
276059
276170
276281
276392
276503
276614
276726
276837
276948
277059
277170
277281
277393
277504
277615
277727
277838
277950
278061
278172
278284
278395
278506
278618
278729
278841
278952
279064
279176
279287
279399
279510
279622
279734
279846
279957
280069
280181
280293
280405
280517
280629
280741
280853
280965
281077
281189
281301
281413
281525
281637
281749
281861
281973
282085
282197
282309
282421
282533
282645
282757
282869
282981
283093
283205
283317
283429
283541
283653
283766
283878
283990
284102
284214
284326
284438
284550
284662
284774
284886
284999
285111
285223
285336
285448
285560
285673
285785
285897
286010
286122
286235
286347
286460
286572
286685
286797
286910
287022
287135
287248
287361
287474
287587
287700
287813
287926
288039
288152
288265
288378
288491
288604
288717
288830
288943
289056
289169
289282
289395
289508
289621
289734
289847
289960
290073
290186
290299
290412
290525
290639
290752
290865
290978
291091
291204
291317
291430
291544
291657
291771
291885
291999
292112
292226
292339
292452
292566
292679
292792
292906
293019
293133
293246
293360
293474
293588
293701
293815
293928
294042
294156
294270
294383
294497
294611
294725
294839
294953
295067
295180
295294
295408
295522
295636
295750
295864
295978
296092
296206
296320
296434
296548
296662
296776
296890
297004
297118
297232
297346
297460
297574
297688
297802
297916
298030
298144
298258
298372
298486
298600
298714
298828
298942
299056
299170
299284
299398
299512
299626
299740
299854
299968
300082
300196
300310
300424
300538
300652
300766
300880
300994
301108
301222
301336
301451
301565
301679
301793
301908
302022
302136
302250
302364
302478
302592
302706
302821
302935
303049
303163
303278
303392
303506
303620
303735
303849
303963
304078
304192
304306
304421
304535
304649
304764
304878
304993
305107
305222
305336
305451
305565
305680
305794
305909
306023
306138
306252
306367
306481
306596
306710
306825
306939
307054
307168
307283
307397
307512
307627
307742
307857
307972
308087
308202
308317
308432
308547
308662
308777
308892
309007
309122
309237
309352
309467
309582
309697
309812
309927
310042
310157
310272
310387
310502
310617
310732
310847
310962
311077
311192
311307
311422
311537
311652
311767
311882
311997
312112
312227
312342
312457
312572
312687
312802
312917
313032
313147
313262
313377
313492
313607
313722
313837
313952
314067
314182
314297
314413
314528
314644
314759
314875
314990
315106
315222
315337
315453
315569
315685
315801
315917
316033
316149
316265
316381
316497
316613
316729
316845
316961
317077
317193
317309
317425
317541
317657
317773
317889
318005
318121
318237
318353
318469
318585
318701
318817
318933
319049
319165
319281
319397
319513
319629
319745
319861
319977
320093
320209
320325
320441
320557
320673
320789
320905
321021
321137
321254
321370
321486
321603
321719
321836
321953
322070
322187
322304
322421
322538
322655
322772
322889
323006
323123
323240
323357
323474
323591
323708
323825
323942
324059
324176
324293
324410
324527
324644
324761
324878
324995
325112
325230
325347
325465
325582
325700
325818
325936
326054
326172
326290
326408
326527
326645
326763
326881
326999
327117
327235
327354
327472
327591
327709
327827
327945
328064
328182
328300
328418
328536
328654
328772
328890
329008
329127
329245
329363
329481
329599
329717
329835
329954
330072
330191
330309
330427
330545
330664
330782
330901
331019
331137
331256
331374
331493
331612
331731
331850
331968
332087
332206
332325
332444
332563
332682
332801
332920
333039
333158
333277
333396
333515
333634
333753
333872
333991
334110
334229
334348
334467
334586
334705
334824
334943
335062
335181
335300
335419
335538
335657
335776
335895
336014
336133
336252
336371
336491
336610
336729
336848
336968
337087
337207
337326
337446
337566
337685
337805
337925
338045
338164
338284
338404
338524
338644
338764
338884
339004
339124
339244
339364
339484
339604
339724
339844
339964
340084
340204
340324
340444
340564
340684
340804
340924
341044
341164
341284
341404
341524
341644
341764
341884
342004
342124
342245
342366
342487
342607
342728
342848
342969
343089
343210
343331
343452
343573
343694
343815
343936
344057
344178
344299
344420
344541
344662
344783
344904
345025
345146
345267
345388
345509
345630
345752
345873
345995
346117
346238
346360
346482
346604
346726
346848
346970
347092
347214
347336
347458
347580
347702
347824
347946
348068
348190
348312
348434
348556
348678
348801
348923
349046
349168
349291
349413
349536
349658
349781
349904
350027
350149
350272
350395
350518
350641
350764
350887
351010
351133
351256
351379
351502
351625
351748
351871
351994
352117
352240
352363
352486
352609
352732
352855
352979
353102
353225
353348
353471
353594
353718
353841
353964
354087
354210
354334
354457
354581
354704
354828
354951
355074
355198
355321
355445
355568
355692
355815
355939
356062
356186
356309
356433
356556
356680
356803
356927
357051
357175
357299
357423
357547
357671
357795
357919
358043
358167
358291
358415
358539
358663
358787
358911
359035
359159
359283
359407
359531
359655
359779
359903
360027
360152
360276
360400
360525
360649
360773
360898
361022
361146
361270
361394
361518
361642
361766
361891
362015
362139
362264
362388
362512
362637
362761
362886
363010
363135
363259
363384
363509
363634
363759
363884
364009
364134
364259
364384
364509
364634
364759
364884
365009
365134
365260
365385
365510
365636
365761
365887
366012
366138
366264
366390
366516
366642
366768
366894
367020
367146
367273
367399
367526
367652
367779
367906
368032
368159
368285
368412
368539
368666
368793
368920
369047
369174
369301
369428
369555
369682
369809
369936
370064
370191
370318
370446
370573
370701
370828
370956
371083
371211
371338
371466
371593
371721
371849
371976
372104
372232
372360
372488
372616
372744
372872
373000
373128
373256
373383
373511
373639
373766
373894
374022
374150
374277
374405
374533
374660
374788
374916
375044
375172
375300
375428
375556
375684
375812
375940
376068
376196
376324
376452
376580
376708
376836
376964
377092
377221
377349
377477
377605
377734
377862
377990
378119
378247
378376
378504
378633
378762
378890
379019
379147
379276
379405
379534
379663
379792
379921
380050
380179
380308
380437
380566
380695
380824
380953
381082
381211
381340
381469
381598
381727
381856
381986
382115
382245
382374
382504
382634
382764
382894
383024
383154
383284
383414
383544
383674
383804
383934
384065
384195
384326
384456
384586
384716
384847
384977
385108
385238
385369
385499
385630
385760
385891
386021
386152
386283
386414
386545
386676
386807
386938
387069
387200
387331
387462
387593
387724
387855
387986
388117
388248
388379
388510
388641
388772
388903
389034
389165
389296
389427
389559
389690
389821
389952
390083
390214
390346
390477
390609
390740
390872
391003
391135
391267
391398
391530
391662
391793
391925
392057
392188
392320
392452
392584
392716
392848
392980
393112
393244
393376
393508
393640
393772
393904
394036
394168
394300
394432
394564
394696
394828
394960
395092
395224
395356
395488
395620
395752
395884
396016
396148
396280
396412
396544
396676
396808
396940
397072
397204
397336
397468
397600
397732
397864
397997
398129
398261
398393
398525
398657
398789
398921
399053
399185
399317
399449
399581
399714
399846
399978
400110
400243
400375
400507
400640
400772
400904
401037
401169
401301
401434
401566
401699
401831
401964
402096
402229
402361
402494
402626
402759
402891
403024
403157
403290
403423
403556
403689
403822
403955
404088
404221
404354
404487
404620
404753
404886
405019
405152
405285
405418
405551
405684
405817
405950
406083
406216
406349
406482
406615
406748
406881
407014
407148
407281
407414
407547
407681
407814
407947
408081
408214
408348
408481
408615
408748
408882
409015
409149
409282
409416
409549
409683
409817
409951
410085
410219
410353
410487
410621
410755
410889
411023
411157
411291
411425
411559
411693
411827
411961
412095
412229
412363
412497
412631
412765
412899
413033
413167
413301
413435
413569
413703
413837
413971
414105
414239
414373
414507
414641
414776
414910
415044
415178
415312
415446
415580
415714
415848
415983
416117
416251
416386
416520
416655
416789
416924
417059
417194
417329
417464
417599
417734
417869
418004
418139
418274
418409
418544
418679
418814
418949
419084
419219
419354
419489
419624
419760
419895
420030
420165
420301
420436
420572
420707
420843
420979
421115
421251
421387
421523
421659
421795
421931
422067
422203
422339
422475
422611
422747
422884
423020
423156
423292
423428
423563
423699
423834
423970
424105
424241
424376
424512
424647
424783
424918
425054
425189
425325
425461
425597
425733
425869
426005
426141
426277
426413
426549
426685
426821
426957
427093
427229
427365
427501
427637
427773
427909
428045
428181
428317
428453
428589
428725
428861
428997
429134
429270
429406
429543
429679
429815
429952
430088
430225
430361
430498
430635
430771
430908
431045
431182
431319
431456
431593
431730
431867
432004
432141
432278
432415
432552
432689
432826
432963
433100
433237
433374
433511
433648
433785
433922
434059
434196
434333
434470
434607
434744
434881
435019
435156
435294
435431
435569
435706
435844
435982
436120
436258
436396
436534
436672
436810
436948
437086
437224
437362
437500
437638
437776
437914
438052
438190
438328
438466
438604
438742
438880
439018
439156
439294
439432
439570
439709
439847
439985
440123
440261
440400
440538
440676
440815
440953
441092
441231
441370
441509
441648
441787
441926
442065
442204
442343
442482
442622
442761
442901
443040
443180
443319
443459
443598
443738
443877
444017
444156
444296
444435
444575
444714
444854
444994
445134
445274
445414
445554
445694
445834
445974
446114
446254
446393
446533
446673
446813
446953
447093
447233
447373
447513
447653
447793
447933
448073
448213
448353
448493
448633
448773
448913
449053
449193
449333
449473
449613
449753
449893
450033
450173
450313
450453
450593
450734
450874
451014
451154
451294
451434
451574
451714
451855
451995
452135
452275
452415
452555
452695
452836
452976
453116
453257
453398
453538
453679
453820
453960
454101
454241
454381
454522
454662
454803
454944
455084
455225
455366
455506
455647
455788
455929
456070
456211
456352
456493
456634
456775
456916
457057
457198
457339
457480
457621
457762
457903
458044
458185
458326
458467
458608
458749
458890
459031
459172
459313
459454
459595
459736
459877
460018
460159
460300
460441
460582
460723
460864
461005
461146
461287
461428
461569
461710
461851
461992
462133
462274
462415
462556
462697
462839
462980
463121
463262
463403
463544
463685
463826
463967
464108
464249
464390
464531
464673
464814
464955
465097
465238
465379
465521
465662
465804
465945
466087
466228
466370
466511
466653
466794
466936
467077
467219
467360
467502
467643
467785
467927
468069
468211
468353
468495
468637
468779
468921
469063
469205
469347
469489
469631
469773
469915
470057
470199
470341
470483
470625
470767
470909
471051
471193
471335
471477
471619
471761
471903
472045
472187
472329
472471
472613
472755
472897
473039
473181
473323
473465
473607
473749
473891
474033
474175
474317
474460
474602
474744
474886
475029
475171
475313
475456
475598
475741
475883
476026
476168
476311
476454
476596
476739
476882
477025
477168
477311
477454
477597
477740
477883
478026
478169
478312
478455
478598
478741
478884
479027
479170
479313
479456
479599
479742
479885
480028
480171
480314
480457
480600
480743
480886
481029
481172
481315
481458
481601
481744
481887
482030
482173
482316
482459
482602
482745
482889
483032
483175
483318
483462
483605
483748
483891
484035
484178
484322
484465
484609
484752
484895
485039
485182
485326
485469
485613
485756
485900
486043
486187
486330
486474
486617
486761
486904
487048
487191
487335
487478
487622
487766
487909
488053
488197
488341
488484
488628
488772
488916
489059
489203
489347
489491
489635
489778
489922
490066
490210
490354
490498
490642
490786
490930
491074
491218
491362
491506
491650
491794
491938
492082
492226
492370
492514
492658
492802
492946
493090
493234
493378
493522
493666
493810
493954
494098
494242
494386
494530
494674
494818
494962
495106
495250
495394
495538
495682
495826
495970
496114
496258
496402
496546
496690
496834
496978
497122
497266
497410
497554
497698
497842
497987
498131
498275
498419
498563
498708
498852
498996
499140
499284
499429
499573
499717
499862
500006
500150
500295
500439
500584
500728
500872
501017
501161
501306
501450
501595
501739
501884
502028
502173
502317
502462
502606
502751
502895
503040
503184
503329
503473
503618
503763
503907
504052
504197
504342
504487
504632
504777
504922
505067
505212
505357
505502
505647
505792
505937
506082
506227
506372
506517
506662
506807
506952
507097
507242
507387
507532
507677
507822
507967
508112
508257
508402
508547
508692
508837
508982
509127
509272
509417
509562
509707
509852
509997
510142
510287
510432
510577
510722
510867
511012
511157
511302
511447
511592
511737
511882
512027
512173
512318
512463
512608
512754
512899
513044
513189
513335
513480
513625
513771
513916
514062
514207
514353
514498
514644
514789
514935
515080
515226
515372
515518
515664
515810
515956
516102
516248
516394
516540
516686
516832
516978
517125
517271
517417
517563
517709
517855
518002
518148
518295
518441
518588
518734
518881
519027
519173
519320
519466
519612
519758
519904
520050
520197
520343
520490
520636
520783
520929
521076
521222
521369
521516
521663
521810
521957
522104
522251
522398
522545
522692
522839
522986
523133
523280
523427
523574
523721
523868
524015
524162
524309
524456
524603
524750
524897
525044
525191
525338
525485
525633
525780
525928
526075
526223
526370
526518
526665
526813
526960
527108
527256
527404
527552
527700
527848
527996
528144
528292
528440
528588
528736
528884
529032
529180
529328
529477
529625
529773
529921
530070
530218
530366
530515
530663
530812
530961
531110
531258
531407
531556
531705
531854
532003
532152
532301
532450
532599
532748
532897
533046
533195
533344
533493
533642
533791
533940
534089
534238
534387
534536
534685
534834
534983
535133
535282
535432
535581
535731
535881
536031
536181
536331
536481
536631
536781
536931
537081
537231
537381
537531
537681
537831
537981
538131
538281
538431
538582
538732
538882
539033
539183
539333
539484
539634
539785
539935
540086
540236
540387
540538
540689
540840
540991
541142
541293
541444
541595
541746
541897
542048
542199
542350
542501
542652
542804
542955
543107
543259
543411
543563
543715
543867
544020
544173
544327
544480
544634
544787
544941
545095
545250
545404
545558
545713
545868
546024
546179
546334
546490
546645
546801
546957
547113
547269
547425
547581
547737
547894
548051
548208
548365
548522
548679
548836
548993
549150
549307
