1049
2035
2991
3930
4869
5809
6749
7689
8629
9569
10509
11449
12390
13330
14270
15211
16151
17092
18032
18973
19914
20855
21797
22738
23678
24619
25560
26501
27442
28383
29324
30265
31206
32148
33089
34031
34972
35913
36855
37796
38737
39678
40620
41561
42503
43444
44385
45327
46268
47210
48151
49092
50034
50975
51916
52857
53798
54739
55680
56621
57563
58504
59446
60387
61328
62270
63211
64152
65093
66035
66976
67918
68859
69800
70742
71683
72625
73566
74508
75449
76391
77332
78274
79215
80157
81098
82040
82981
83923
84865
85807
86749
87691
88633
89575
90517
91459
92401
93343
94285
95227
96169
97111
98053
98995
99937
100879
101821
102763
103705
104647
105589
106531
107473
108415
109357
110299
111241
112183
113126
114068
115010
115952
116894
117836
118778
119721
120663
121605
122547
123490
124432
125374
126317
127259
128201
129144
130086
131028
131971
132913
133856
134798
135741
136683
137626
138568
139511
140453
141396
142339
143282
144224
145167
146109
147052
147994
148937
149880
150823
151766
152709
153652
154595
155538
156481
157424
158367
159310
160253
161196
162139
163082
164025
164968
165911
166854
167797
168740
169683
170626
171569
172512
173455
174398
175341
176284
177227
178170
179113
180056
180999
181942
182885
183828
184771
185714
186657
187600
188543
189486
190429
191372
192315
193258
194201
195144
196087
197031
197974
198917
199860
200804
201747
202690
203634
204577
205521
206464
207408
208351
209295
210238
211182
212125
213069
214012
214956
215899
216843
217786
218730
219674
220618
221562
222505
223449
224393
225337
226281
227225
228169
229113
230057
231001
231945
232889
233833
234777
235721
236665
237609
238553
239497
240441
241385
242329
243273
244217
245161
246105
247049
247993
248937
249882
250826
251770
252714
253658
254602
255547
256491
257436
258380
259325
260269
261213
262157
263101
264045
264990
265934
266879
267823
268768
269712
270657
271601
272546
273491
274435
275380
276325
277270
278214
279159
280104
281049
281994
282939
283884
284829
285774
286719
287664
288609
289554
290499
291444
292389
293334
294279
295224
296169
297114
298059
299004
299949
300895
301840
302786
303731
304677
305623
306569
307515
308461
309407
310353
311299
312245
313191
314137
315083
316029
316975
317921
318867
319813
320759
321705
322651
323597
324543
325489
326435
327381
328327
329274
330220
331166
332112
333058
334004
334951
335897
336843
337789
338736
339682
340628
341574
342521
343467
344414
345360
346307
347254
348201
349147
350094
351041
351988
352935
353882
354829
355776
356723
357670
358616
359563
360510
361457
362404
363351
364298
365245
366192
367139
368086
369033
369980
370927
371874
372821
373768
374715
375662
376609
377556
378503
379450
380397
381344
382291
383238
384185
385132
386080
387027
387974
388921
389869
390816
391763
392710
393658
394605
395552
396500
397447
398395
399342
400290
401237
402185
403132
404080
405027
405975
406923
407870
408818
409766
410713
411661
412609
413557
414505
415453
416401
417349
418297
419245
420193
421141
422089
423037
423985
424933
425881
426829
427777
428725
429673
430621
431569
432517
433465
434413
435361
436309
437257
438205
439153
440101
441049
441997
442945
443893
444841
445789
446737
447685
448633
449581
450529
451477
452425
453373
454321
455270
456218
457166
458114
459063
460011
460959
461907
462856
463804
464752
465700
466649
467597
468545
469494
470442
471390
472339
473287
474235
475184
476132
477081
478029
478977
479926
480874
481823
482771
483719
484667
485616
486564
487512
488461
489409
490357
491306
492254
493202
494151
495099
496047
496996
497944
498893
499841
500789
501738
502686
503635
504583
505532
506480
507429
508377
509326
510274
511223
512171
513120
514068
515017
515966
516915
517864
518813
519762
520711
521660
522609
523558
524507
525456
526405
527354
528303
529252
530201
531150
532099
533048
533997
534946
535895
536844
537793
538742
539691
540640
541589
542538
543487
544436
545385
546334
547283
548232
549181
550130
551079
552028
552977
553926
554875
555824
556773
557722
558671
559620
560569
561518
562467
563417
564366
565316
566265
567214
568164
569113
570063
571012
571962
572911
573860
574810
575759
576709
577658
578608
579557
580507
581456
582406
583356
584305
585255
586205
587154
588104
589054
590004
590953
591903
592853
593803
594753
595703
596653
597603
598553
599503
600453
601403
602353
603303
604253
605203
606153
607103
608053
609003
609953
610903
611853
612803
613753
614703
615653
616603
617553
618503
619453
620403
621353
622303
623253
624203
625153
626103
627053
628003
628953
629903
630853
631803
632753
633703
634653
635603
636553
637503
638453
639403
640353
641303
642253
643203
644153
645103
646054
647004
647954
648904
649854
650805
651755
652705
653655
654605
655556
656506
657456
658406
659357
660307
661257
662208
663158
664108
665059
666009
666960
667910
668861
669811
670762
671713
672663
673614
674565
675516
676467
677418
678369
679320
680271
681222
682173
683124
684075
685026
685977
686928
687879
688830
689781
690732
691683
692634
693585
694536
695487
696438
697389
698340
699291
700242
701193
702144
703095
704047
704998
705949
706900
707851
708802
709753
710704
711655
712606
713557
714508
715460
716412
717364
718315
719267
720218
721169
722121
723072
724023
724974
725925
726876
727827
728778
729730
730681
731633
732584
733535
734486
735437
736388
737339
738290
739241
740193
741144
742096
743047
743999
744951
745902
746854
747805
748756
749708
750659
751611
752562
753514
754465
755416
756368
757319
758271
759222
760174
761125
762077
763029
763980
764932
765883
766835
767786
768738
769689
770641
771593
772545
773497
774449
775401
776353
777305
778257
779209
780161
781113
782065
783017
783969
784921
785873
786825
787777
788729
789681
790633
791585
792537
793489
794441
795393
796345
797297
798249
799201
800153
801105
802057
803009
803961
804913
805865
806817
807769
808721
809673
810625
811577
812529
813481
814433
815385
816337
817289
818241
819193
820146
821098
822050
823002
823954
824907
825859
826811
827764
828716
829668
830621
831573
832526
833478
834431
835383
836336
837288
838241
839193
840146
841098
842051
843003
843956
844909
845862
846814
847767
848720
849673
850626
851579
852532
853485
854438
855390
856343
857296
858249
859201
860154
861107
862060
863013
863966
864919
865872
866825
867778
868731
869684
870637
871590
872543
873496
874449
875402
876355
877308
878261
879214
880167
881120
882073
883026
883979
884932
885885
886838
887791
888744
889697
890650
891603
892556
893509
894462
895415
896368
897321
898274
899227
900180
901133
902086
903039
903992
904945
905898
906851
907804
908757
909710
910663
911616
912569
913523
914476
915429
916382
917336
918289
919242
920196
921149
922102
923055
924008
924961
925914
926868
927821
928774
929727
930681
931634
932587
933541
934494
935447
936401
937354
938307
939261
940214
941167
942121
943074
944027
944981
945934
946887
947841
948794
949747
950701
951654
952608
953561
954515
955468
956421
957375
958328
959281
960235
961188
962141
963095
964048
965001
965955
966908
967861
968815
969768
970722
971675
972629
973582
974536
975489
976443
977396
978350
979303
980257
981210
982164
983117
984071
985024
985978
986931
987885
988838
989792
990745
991699
992653
993607
994560
995514
996468
997421
998375
999329
1000283
1001236
1002190
1003144
1004098
1005051
1006005
1006959
1007913
1008867
1009821
1010775
1011729
1012683
1013637
1014591
1015545
1016499
1017453
1018407
1019361
1020315
1021269
1022223
1023177
1024131
1025085
1026039
1026993
1027947
1028901
1029855
1030809
1031763
1032717
1033671
1034625
1035579
1036533
1037487
1038441
1039395
1040349
1041303
1042257
1043211
1044165
1045119
1046073
1047027
1047981
1048935
1049889
1050843
1051797
1052751
1053705
1054659
1055613
1056567
1057521
1058475
1059429
1060383
1061337
1062291
1063245
1064199
1065153
1066107
1067061
1068015
1068969
1069924
1070878
1071832
1072786
1073740
1074695
1075649
1076603
1077557
1078511
1079466
1080420
1081374
1082329
1083283
1084237
1085191
1086146
1087100
1088054
1089009
1089963
1090918
1091872
1092827
1093781
1094736
1095690
1096645
1097599
1098554
1099508
1100463
1101418
1102373
1103327
1104282
1105237
1106192
1107146
1108101
1109056
1110011
1110966
1111921
1112876
1113831
1114786
1115741
1116696
1117651
1118606
1119561
1120516
1121471
1122426
1123381
1124336
1125291
1126246
1127201
1128156
1129111
1130066
1131021
1131976
1132931
1133886
1134841
1135796
1136751
1137706
1138661
1139616
1140571
1141526
1142481
1143436
1144391
1145346
1146301
1147256
1148211
1149166
1150121
1151076
1152031
1152986
1153941
1154896
1155851
1156806
1157761
1158716
1159671
1160626
1161581
1162536
1163491
1164446
1165401
1166356
1167311
1168266
1169221
1170176
1171131
1172086
1173041
1173996
1174951
1175906
1176862
1177817
1178772
1179727
1180683
1181638
1182593
1183549
1184504
1185459
1186415
1187370
1188325
1189281
1190236
1191191
1192147
1193102
1194058
1195013
1195969
1196924
1197880
1198835
1199791
1200746
1201702
1202657
1203613
1204568
1205524
1206479
1207435
1208390
1209346
1210301
1211257
1212212
1213168
1214124
1215080
1216035
1216991
1217946
1218902
1219857
1220813
1221768
1222724
1223679
1224635
1225590
1226546
1227502
1228458
1229413
1230369
1231325
1232281
1233237
1234193
1235149
1236105
1237061
1238017
1238973
1239929
1240885
1241841
1242797
1243753
1244709
1245665
1246621
1247577
1248533
1249489
1250445
1251401
1252357
1253313
1254269
1255225
1256181
1257137
1258093
1259049
1260005
1260961
1261917
1262873
1263829
1264785
1265741
1266697
1267653
1268609
1269565
1270521
1271477
1272433
1273389
1274345
1275301
1276257
1277213
1278169
1279125
1280081
1281037
1281993
1282949
1283906
1284862
1285818
1286774
1287730
1288687
1289643
1290599
1291555
1292511
1293467
1294423
1295379
1296335
1297291
1298247
1299203
1300159
1301115
1302071
1303027
1303983
1304940
1305896
1306852
1307808
1308764
1309721
1310677
1311633
1312589
1313545
1314502
1315458
1316414
1317370
1318327
1319283
1320239
1321196
1322152
1323108
1324065
1325021
1325977
1326934
1327890
1328846
1329803
1330759
1331715
1332672
1333628
1334584
1335541
1336497
1337454
1338410
1339367
1340323
1341280
1342237
1343194
1344150
1345107
1346063
1347020
1347977
1348934
1349890
1350847
1351804
1352761
1353717
1354674
1355631
1356588
1357545
1358502
1359458
1360415
1361372
1362329
1363286
1364243
1365200
1366157
1367114
1368071
1369028
1369985
1370942
1371899
1372856
1373813
1374770
1375727
1376684
1377641
1378598
1379555
1380512
1381469
1382426
1383383
1384340
1385297
1386254
1387211
1388168
1389125
1390082
1391039
1391996
1392953
1393910
1394867
1395824
1396781
1397738
1398695
1399652
1400609
1401566
1402523
1403480
1404437
1405394
1406351
1407308
1408265
1409222
1410179
1411136
1412093
1413050
1414007
1414964
1415921
1416878
1417835
1418792
1419749
1420706
1421663
1422620
1423577
1424534
1425491
1426449
1427406
1428363
1429320
1430278
1431235
1432192
1433149
1434107
1435064
1436021
1436979
1437936
1438894
1439851
1440809
1441766
1442723
1443681
1444638
1445596
1446553
1447511
1448468
1449426
1450383
1451341
1452298
1453256
1454213
1455171
1456128
1457086
1458044
1459001
1459959
1460917
1461875
1462832
1463790
1464748
1465706
1466663
1467621
1468579
1469537
1470495
1471453
1472411
1473368
1474326
1475284
1476242
1477200
1478158
1479116
1480074
1481032
1481990
1482948
1483906
1484864
1485822
1486780
1487738
1488696
1489654
1490612
1491570
1492528
1493486
1494444
1495402
1496360
1497318
1498276
1499234
1500192
1501150
1502108
1503066
1504024
1504982
1505940
1506898
1507856
1508814
1509772
1510730
1511688
1512646
1513604
1514562
1515520
1516478
1517436
1518394
1519352
1520310
1521268
1522226
1523184
1524142
1525100
1526058
1527016
1527974
1528932
1529890
1530848
1531806
1532764
1533722
1534680
1535638
1536596
1537554
1538512
1539470
1540428
1541387
1542345
1543303
1544261
1545219
1546177
1547136
1548094
1549052
1550010
1550968
1551927
1552885
1553843
1554801
1555760
1556718
1557676
1558634
1559593
1560551
1561509
1562468
1563426
1564385
1565343
1566302
1567260
1568219
1569177
1570136
1571094
1572053
1573011
1573970
1574928
1575887
1576845
1577804
1578762
1579721
1580679
1581638
1582596
1583555
1584514
1585473
1586431
1587390
1588349
1589308
1590267
1591226
1592185
1593144
1594103
1595062
1596021
1596980
1597939
1598898
1599857
1600816
1601775
1602734
1603693
1604652
1605611
1606570
1607529
1608488
1609447
1610406
1611365
1612324
1613283
1614242
1615201
1616160
1617119
1618078
1619037
1619996
1620955
1621914
1622873
1623832
1624791
1625750
1626709
1627668
1628627
1629586
1630545
1631504
1632463
1633422
1634381
1635340
1636299
1637258
1638217
1639176
1640135
1641094
1642053
1643012
1643971
1644930
1645889
1646848
1647807
1648766
1649725
1650684
1651644
1652603
1653562
1654522
1655481
1656440
1657400
1658359
1659318
1660278
1661237
1662196
1663156
1664115
1665074
1666034
1666993
1667952
1668912
1669871
1670830
1671790
1672749
1673709
1674668
1675628
1676587
1677547
1678506
1679466
1680425
1681385
1682344
1683304
1684263
1685223
1686182
1687142
1688101
1689061
1690020
1690980
1691939
1692899
1693859
1694819
1695779
1696739
1697699
1698659
1699619
1700579
1701539
1702499
1703459
1704419
1705379
1706339
1707298
1708257
1709217
1710176
1711136
1712095
1713055
1714014
1714974
1715933
1716893
1717852
1718812
1719771
1720731
1721690
1722650
1723609
1724569
1725528
1726488
1727447
1728407
1729366
1730326
1731285
1732245
1733204
1734164
1735123
1736083
1737042
1738002
1738961
1739921
1740880
1741840
1742799
1743759
1744719
1745679
1746639
1747599
1748559
1749519
1750479
1751439
1752399
1753359
1754319
1755279
1756239
1757199
1758159
1759119
1760079
1761039
1761999
1762959
1763919
1764879
1765839
1766799
1767759
1768719
1769679
1770639
1771599
1772559
1773519
1774479
1775439
1776399
1777359
1778319
1779279
1780239
1781199
1782159
1783119
1784079
1785039
1785999
1786959
1787919
1788879
1789839
1790799
1791759
1792719
1793679
1794639
1795599
1796559
1797519
1798479
1799439
1800399
1801359
1802319
1803279
1804239
1805199
1806159
1807119
1808079
1809039
1809999
1810959
1811919
1812879
1813839
1814799
1815759
1816720
1817680
1818640
1819600
1820560
1821520
1822480
1823440
1824400
1825360
1826321
1827281
1828241
1829201
1830161
1831121
1832081
1833042
1834002
1834962
1835922
1836882
1837843
1838803
1839763
1840723
1841684
1842644
1843604
1844565
1845525
1846485
1847446
1848406
1849367
1850327
1851288
1852249
1853209
1854170
1855131
1856091
1857052
1858013
1858974
1859935
1860896
1861857
1862818
1863779
1864740
1865701
1866662
1867623
1868584
1869545
1870506
1871467
1872428
1873389
1874350
1875311
1876272
1877233
1878194
1879155
1880116
1881077
1882038
1882999
1883960
1884921
1885882
1886843
1887804
1888765
1889726
1890687
1891648
1892609
1893570
1894531
1895492
1896453
1897414
1898375
1899336
1900297
1901258
1902219
1903180
1904141
1905103
1906064
1907025
1907987
1908948
1909909
1910871
1911832
1912793
1913755
1914716
1915678
1916639
1917601
1918562
1919524
1920485
1921446
1922407
1923368
1924329
1925290
1926251
1927212
1928173
1929135
1930096
1931057
1932019
1932980
1933941
1934903
1935864
1936825
1937787
1938748
1939710
1940671
1941633
1942594
1943556
1944517
1945479
1946440
1947402
1948363
1949325
1950286
1951248
1952209
1953171
1954132
1955094
1956055
1957017
1957978
1958940
1959901
1960863
1961824
1962786
1963748
1964709
1965671
1966632
1967594
1968556
1969517
1970479
1971441
1972403
1973365
1974326
1975288
1976250
1977212
1978174
1979136
1980098
1981060
1982022
1982984
1983946
1984908
1985870
1986832
1987794
1988756
1989718
1990680
1991642
1992604
1993566
1994528
1995490
1996452
1997414
1998376
1999338
2000300
2001262
2002224
2003186
2004148
2005110
2006072
2007034
2007996
2008958
2009920
2010882
2011844
2012806
2013768
2014730
2015692
2016654
2017616
2018578
2019540
2020502
2021464
2022426
2023388
2024350
2025312
2026274
2027236
2028198
2029160
2030122
2031084
2032046
2033008
2033970
2034932
2035894
2036856
2037819
2038781
2039743
2040705
2041668
2042630
2043592
2044555
2045517
2046480
2047442
2048405
2049367
2050329
2051292
2052254
2053216
2054179
2055141
2056104
2057066
2058029
2058991
2059954
2060916
2061879
2062841
2063804
2064766
2065729
2066691
2067654
2068616
2069579
2070541
2071504
2072466
2073429
2074391
2075354
2076316
2077279
2078242
2079205
2080167
2081130
2082093
2083056
2084018
2084981
2085944
2086907
2087870
2088833
2089796
2090759
2091722
2092685
2093648
2094611
2095574
2096537
2097500
2098463
2099426
2100389
2101352
2102315
2103278
2104241
2105204
2106167
2107130
2108093
2109056
2110019
2110982
2111945
2112908
2113871
2114834
2115797
2116760
2117723
2118686
2119649
2120612
2121575
2122538
2123501
2124464
2125427
2126390
2127353
2128316
2129279
2130242
2131205
2132168
2133131
2134094
2135057
2136020
2136983
2137946
2138909
2139872
2140835
2141798
2142761
2143724
2144687
2145650
2146613
2147576
2148539
2149502
2150465
2151428
2152391
2153354
2154317
2155280
2156243
2157206
2158169
2159132
2160095
2161058
2162021
2162984
2163947
2164910
2165873
2166836
2167799
2168762
2169725
2170688
2171651
2172615
2173578
2174541
2175504
2176467
2177430
2178393
2179356
2180319
2181282
2182245
2183208
2184171
2185134
2186097
2187060
2188023
2188986
2189949
2190912
2191875
2192838
2193801
2194764
2195727
2196690
2197653
2198616
2199579
2200542
2201505
2202468
2203431
2204394
2205357
2206321
2207284
2208247
2209210
2210174
2211137
2212100
2213063
2214027
2214990
2215953
2216916
2217880
2218843
2219806
2220769
2221733
2222696
2223659
2224622
2225586
2226549
2227512
2228475
2229439
2230402
2231365
2232328
2233292
2234255
2235218
2236182
2237145
2238108
2239071
2240035
2240998
2241961
2242925
2243888
2244852
2245815
2246779
2247742
2248706
2249669
2250633
2251596
2252560
2253523
2254487
2255450
2256414
2257377
2258341
2259304
2260268
2261231
2262195
2263158
2264122
2265085
2266049
2267013
2267976
2268940
2269904
2270868
2271831
2272795
2273759
2274723
2275687
2276651
2277615
2278579
2279543
2280507
2281471
2282435
2283399
2284363
2285327
2286291
2287255
2288219
2289183
2290147
2291111
2292075
2293039
2294003
2294967
2295931
2296895
2297859
2298823
2299787
2300751
2301715
2302679
2303643
2304607
2305571
2306535
2307499
2308463
2309427
2310391
2311355
2312319
2313283
2314247
2315211
2316175
2317139
2318103
2319067
2320031
2320995
2321959
2322923
2323887
2324851
2325815
2326779
2327743
2328707
2329671
2330635
2331599
2332563
2333527
2334491
2335455
2336419
2337383
2338347
2339311
2340275
2341239
2342203
2343167
2344131
2345095
2346059
2347023
2347987
2348951
2349915
2350879
2351843
2352807
2353771
2354735
2355699
2356664
2357628
2358592
2359556
2360520
2361485
2362449
2363413
2364377
2365342
2366306
2367270
2368235
2369199
2370163
2371128
2372092
2373056
2374021
2374985
2375950
2376914
2377879
2378843
2379808
2380772
2381737
2382701
2383666
2384630
2385595
2386559
2387524
2388488
2389453
2390417
2391382
2392346
2393311
2394275
2395240
2396204
2397169
2398133
2399098
2400062
2401027
2401991
2402956
2403921
2404886
2405850
2406815
2407780
2408745
2409710
2410675
2411639
2412604
2413569
2414534
2415499
2416464
2417428
2418393
2419358
2420323
2421288
2422253
2423218
2424183
2425148
2426113
2427078
2428043
2429008
2429973
2430938
2431903
2432868
2433833
2434798
2435763
2436728
2437693
2438658
2439623
2440588
2441553
2442518
2443483
2444448
2445413
2446378
2447343
2448308
2449273
2450238
2451203
2452168
2453133
2454098
2455063
2456028
2456993
2457958
2458923
2459888
2460853
2461818
2462783
2463748
2464713
2465678
2466643
2467608
2468573
2469538
2470503
2471468
2472433
2473398
2474363
2475328
2476293
2477258
2478223
2479188
2480153
2481118
2482083
2483048
2484013
2484978
2485943
2486908
2487873
2488838
2489803
2490768
2491733
2492698
2493663
2494628
2495594
2496559
2497524
2498489
2499454
2500419
2501385
2502350
2503315
2504281
2505246
2506211
2507177
2508142
2509108
2510073
2511038
2512004
2512969
2513935
2514900
2515866
2516831
2517796
2518762
2519727
2520693
2521658
2522624
2523589
2524555
2525520
2526486
2527451
2528417
2529382
2530348
2531313
2532279
2533244
2534210
2535176
2536141
2537107
2538073
2539039
2540005
2540971
2541937
2542903
2543869
2544835
2545801
2546767
2547733
2548699
2549665
2550631
2551597
2552563
2553529
2554495
2555461
2556427
2557393
2558359
2559325
2560291
2561257
2562223
2563189
2564155
2565121
2566087
2567053
2568019
2568985
2569951
2570917
2571883
2572849
2573815
2574781
2575747
2576713
2577679
2578645
2579611
2580577
2581543
2582509
2583475
2584441
2585407
2586373
2587339
2588305
2589271
2590237
2591203
2592169
2593135
2594101
2595067
2596033
2596999
2597965
2598931
2599897
2600863
2601829
2602795
2603761
2604727
2605693
2606659
2607625
2608591
2609557
2610523
2611489
2612455
2613421
2614387
2615353
2616319
2617285
2618251
2619217
2620183
2621149
2622115
2623081
2624047
2625013
2625979
2626945
2627911
2628878
2629844
2630810
2631776
2632742
2633708
2634674
2635640
2636606
2637573
2638539
2639505
2640471
2641437
2642403
2643370
2644336
2645302
2646269
2647235
2648201
2649168
2650134
2651100
2652067
2653033
2653999
2654966
2655932
2656898
2657865
2658831
2659797
2660764
2661730
2662697
2663663
2664630
2665596
2666563
2667529
2668496
2669462
2670428
2671395
2672361
2673328
2674294
2675261
2676227
2677194
2678160
2679127
2680093
2681060
2682026
2682993
2683959
2684926
2685892
2686859
2687825
2688792
2689758
2690725
2691691
2692658
2693624
2694591
2695557
2696524
2697490
2698457
2699423
2700390
2701356
2702323
2703289
2704256
2705222
2706189
2707155
2708122
2709088
2710055
2711021
2711988
2712954
2713921
2714888
2715854
2716821
2717787
2718754
2719720
2720687
2721654
2722621
2723587
2724554
2725521
2726487
2727454
2728420
2729387
2730354
2731321
2732287
2733254
2734221
2735188
2736155
2737122
2738089
2739056
2740023
2740990
2741957
2742924
2743891
2744858
2745825
2746792
2747759
2748726
2749693
2750660
2751627
2752594
2753561
2754528
2755495
2756462
2757429
2758396
2759363
2760330
2761297
2762264
2763231
2764198
2765165
2766132
2767099
2768066
2769033
2770000
2770967
2771934
2772901
2773868
2774835
2775802
2776769
2777736
2778703
2779670
2780637
2781604
2782571
2783538
2784505
2785472
2786439
2787406
2788373
2789340
2790307
2791274
2792241
2793208
2794175
2795142
2796109
2797076
2798043
2799010
2799977
2800944
2801911
2802878
2803845
2804812
2805779
2806746
2807713
2808680
2809647
2810614
2811581
2812548
2813515
2814482
2815450
2816417
2817384
2818351
2819318
2820285
2821252
2822219
2823186
2824154
2825121
2826088
2827055
2828022
2828989
2829957
2830924
2831891
2832858
2833826
2834793
2835760
2836728
2837695
2838662
2839630
2840597
2841564
2842532
2843499
2844466
2845434
2846401
2847368
2848336
2849303
2850271
2851238
2852205
2853173
2854140
2855107
2856075
2857042
2858010
2858977
2859945
2860912
2861880
2862847
2863814
2864782
2865749
2866717
2867684
2868652
2869619
2870587
2871554
2872522
2873489
2874457
2875424
2876392
2877359
2878327
2879294
2880262
2881229
2882197
2883164
2884132
2885099
2886067
2887034
2888002
2888970
2889938
2890906
2891873
2892841
2893809
2894777
2895745
2896712
2897680
2898648
2899616
2900584
2901552
2902520
2903487
2904455
2905423
2906391
2907359
2908327
2909295
2910263
2911231
2912199
2913167
2914135
2915103
2916071
2917039
2918007
2918975
2919943
2920911
2921879
2922847
2923815
2924783
2925751
2926719
2927687
2928655
2929623
2930591
2931559
2932527
2933495
2934463
2935431
2936399
2937367
2938335
2939303
2940271
2941239
2942207
2943175
2944143
2945111
2946079
2947047
2948015
2948983
2949951
2950919
2951887
2952855
2953823
2954791
2955759
2956727
2957695
2958663
2959631
2960599
2961567
2962535
2963503
2964471
2965439
2966407
2967375
2968343
2969311
2970279
2971247
2972215
2973183
2974151
2975119
2976087
2977055
2978023
2978991
2979959
2980927
2981895
2982863
2983831
2984799
2985767
2986735
2987703
2988671
2989639
2990607
2991575
2992543
2993511
2994479
2995447
2996415
2997383
2998351
2999319
3000287
3001255
3002223
3003192
3004160
3005128
3006096
3007064
3008032
3009001
3009969
3010937
3011906
3012874
3013843
3014811
3015779
3016748
3017716
3018685
3019653
3020622
3021590
3022559
3023527
3024496
3025464
3026433
3027401
3028370
3029338
3030307
3031275
3032244
3033212
3034181
3035149
3036118
3037086
3038055
3039023
3039992
3040960
3041929
3042898
3043867
3044836
3045805
3046774
3047743
3048712
3049681
3050650
3051619
3052587
3053556
3054525
3055494
3056463
3057431
3058400
3059368
3060337
3061305
3062274
3063243
3064212
3065181
3066150
3067119
3068088
3069057
3070026
3070995
3071964
3072933
3073902
3074871
3075840
3076809
3077778
3078747
3079716
3080685
3081654
3082623
3083592
3084561
3085530
3086499
3087468
3088437
3089406
3090375
3091344
3092313
3093282
3094251
3095220
3096189
3097158
3098127
3099096
3100065
3101034
3102003
3102972
3103941
3104910
3105879
3106848
3107817
3108786
3109755
3110724
3111693
3112662
3113631
3114600
3115569
3116538
3117507
3118476
3119445
3120414
3121383
3122352
3123321
3124290
3125259
3126228
3127197
3128166
3129135
3130104
3131073
3132042
3133011
3133980
3134949
3135918
3136887
3137856
3138826
3139795
3140764
3141733
3142702
3143671
3144640
3145610
3146579
3147548
3148518
3149487
3150456
3151425
3152395
3153364
3154333
3155303
3156272
3157241
3158211
3159180
3160149
3161119
3162088
3163057
3164027
3164996
3165966
3166935
3167905
3168874
3169844
3170813
3171783
3172752
3173722
3174691
3175661
3176630
3177600
3178570
3179539
3180509
3181478
3182448
3183418
3184387
3185357
3186327
3187297
3188267
3189237
3190207
3191177
3192147
3193117
3194087
3195057
3196027
3196997
3197967
3198937
3199907
3200877
3201847
3202817
3203787
3204757
3205727
3206697
3207667
3208637
3209607
3210577
3211547
3212517
3213487
3214457
3215427
3216397
3217367
3218337
3219307
3220277
3221247
3222217
3223187
3224157
3225127
3226097
3227067
3228037
3229007
3229977
3230947
3231917
3232887
3233857
3234827
3235797
3236767
3237737
3238707
3239677
3240647
3241617
3242587
3243557
3244527
3245497
3246467
3247437
3248407
3249377
3250347
3251318
3252288
3253258
3254229
3255199
3256169
3257140
3258110
3259080
3260051
3261021
3261992
3262962
3263933
3264903
3265874
3266844
3267815
3268785
3269756
3270726
3271697
3272667
3273638
3274609
3275580
3276551
3277521
3278492
3279462
3280433
3281403
3282374
3283344
3284315
3285286
3286257
3287228
3288199
3289170
3290141
3291112
3292083
3293054
3294025
3294996
3295967
3296938
3297909
3298880
3299851
3300822
3301793
3302764
3303735
3304706
3305677
3306648
3307619
3308590
3309561
3310532
3311503
3312474
3313445
3314416
3315387
3316358
3317329
3318300
3319271
3320242
3321213
3322184
3323155
3324126
3325097
3326068
3327039
3328010
3328981
3329952
3330923
3331894
3332866
3333837
3334808
3335780
3336751
3337722
3338694
3339665
3340636
3341608
3342579
3343551
3344522
3345494
3346465
3347437
3348408
3349380
3350351
3351323
3352294
3353266
3354237
3355209
3356180
3357152
3358124
3359095
3360067
3361039
3362011
3362983
3363955
3364927
3365899
3366871
3367843
3368815
3369787
3370758
3371730
3372702
3373674
3374646
3375618
3376590
3377562
3378534
3379506
3380478
3381450
3382422
3383394
3384366
3385338
3386310
3387282
3388254
3389226
3390198
3391170
3392142
3393114
3394086
3395058
3396030
3397002
3397974
3398946
3399918
3400890
3401862
3402834
3403806
3404778
3405750
3406722
3407694
3408666
3409638
3410611
3411583
3412555
3413528
3414500
3415472
3416444
3417416
3418388
3419360
3420332
3421304
3422276
3423248
3424221
3425193
3426165
3427138
3428110
3429082
3430055
3431027
3432000
3432972
3433945
3434917
3435890
3436862
3437835
3438808
3439780
3440753
3441726
3442699
3443672
3444645
3445618
3446591
3447564
3448537
3449510
3450483
3451456
3452429
3453402
3454375
3455348
3456321
3457294
3458267
3459240
3460213
3461186
3462159
3463132
3464105
3465078
3466051
3467024
3467997
3468970
3469943
3470916
3471889
3472862
3473835
3474808
3475781
3476754
3477727
3478700
3479673
3480646
3481619
3482592
3483565
3484538
3485511
3486484
3487457
3488430
3489403
3490377
3491350
3492323
3493296
3494269
3495242
3496215
3497188
3498161
3499135
3500108
3501081
3502054
3503028
3504001
3504975
3505948
3506922
3507895
3508869
3509842
3510815
3511788
3512762
3513735
3514709
3515682
3516656
3517629
3518603
3519576
3520550
3521523
3522497
3523470
3524444
3525418
3526392
3527366
3528340
3529313
3530287
3531261
3532235
3533209
3534183
3535157
3536131
3537105
3538079
3539053
3540027
3541001
3541975
3542949
3543923
3544897
3545871
3546845
3547819
3548793
3549767
3550741
3551715
3552689
3553663
3554637
3555611
3556585
3557559
3558533
3559507
3560481
3561455
3562429
3563403
3564377
3565351
3566325
3567299
3568273
3569247
3570221
3571195
3572169
3573143
3574117
3575091
3576065
3577039
3578014
3578988
3579962
3580936
3581910
3582884
3583859
3584833
3585807
3586781
3587755
3588730
3589704
3590678
3591652
3592626
3593601
3594575
3595549
3596523
3597498
3598472
3599446
3600420
3601395
3602369
3603343
3604318
3605292
3606266
3607241
3608215
3609189
3610164
3611138
3612113
3613087
3614062
3615036
3616011
3616986
3617960
3618935
3619910
3620885
3621860
3622835
3623810
3624785
3625760
3626735
3627710
3628685
3629660
3630635
3631610
3632585
3633560
3634535
3635510
3636485
3637460
3638435
3639410
3640385
3641360
3642335
3643310
3644285
3645260
3646235
3647210
3648185
3649160
3650135
3651110
3652085
3653060
3654035
3655010
3655985
3656960
3657935
3658910
3659885
3660860
3661835
3662810
3663785
3664760
3665735
3666710
3667685
3668660
3669635
3670610
3671585
3672560
3673535
3674510
3675485
3676460
3677435
3678411
3679386
3680361
3681337
3682312
3683288
3684263
3685239
3686214
3687190
3688165
3689141
3690116
3691092
3692068
3693043
3694019
3694994
3695970
3696945
3697921
3698897
3699873
3700849
3701824
3702800
3703776
3704752
3705728
3706704
3707680
3708656
3709632
3710608
3711584
3712560
3713536
3714512
3715488
3716464
3717440
3718416
3719392
3720368
3721344
3722320
3723296
3724272
3725248
3726224
3727200
3728176
3729152
3730128
3731104
3732080
3733056
3734032
3735008
3735984
3736960
3737936
3738912
3739888
3740864
3741840
3742816
3743792
3744768
3745744
3746720
3747696
3748672
3749648
3750624
3751600
3752576
3753552
3754528
3755504
3756480
3757456
3758432
3759408
3760384
3761360
3762336
3763312
3764288
3765265
3766241
3767217
3768193
3769169
3770145
3771121
3772097
3773074
3774050
3775026
3776003
3776979
3777955
3778932
3779908
3780884
3781861
3782837
3783813
3784790
3785766
3786743
3787719
3788696
3789672
3790649
3791625
3792601
3793578
3794554
3795530
3796507
3797483
3798460
3799436
3800413
3801389
3802366
3803342
3804319
3805295
3806272
3807248
3808225
3809201
3810178
3811154
3812131
3813107
3814084
3815061
3816038
3817015
3817992
3818969
3819946
3820923
3821900
3822877
3823854
3824831
3825808
3826785
3827762
3828739
3829716
3830693
3831670
3832647
3833624
3834601
3835578
3836555
3837532
3838509
3839486
3840463
3841440
3842417
3843394
3844371
3845348
3846325
3847302
3848279
3849256
3850233
3851210
3852187
3853164
3854141
3855118
3856095
3857072
3858049
3859027
3860004
3860981
3861959
3862936
3863913
3864891
3865868
3866845
3867823
3868800
3869778
3870755
3871733
3872710
3873688
3874665
3875643
3876620
3877598
3878575
3879553
3880530
3881508
3882486
3883463
3884441
3885418
3886396
3887373
3888351
3889329
3890306
3891284
3892262
3893240
3894218
3895196
3896173
3897151
3898129
3899107
3900085
3901063
3902041
3903019
3903997
3904975
3905953
3906931
3907909
3908887
3909865
3910843
3911821
3912799
3913777
3914755
3915733
3916711
3917689
3918667
3919645
3920623
3921601
3922579
3923557
3924535
3925513
3926491
3927469
3928447
3929425
3930403
3931381
3932359
3933337
3934315
3935293
3936271
3937249
3938227
3939205
3940183
3941161
3942139
3943117
3944095
3945073
3946051
3947029
3948007
3948985
3949963
3950941
3951919
3952897
3953875
3954853
3955831
3956809
3957787
3958765
3959744
3960722
3961700
3962678
3963656
3964635
3965613
3966591
3967569
3968548
3969526
3970504
3971483
3972461
3973439
3974418
3975396
3976374
3977353
3978331
3979310
3980288
3981267
3982245
3983224
3984202
3985181
3986159
3987138
3988116
3989095
3990073
3991052
3992030
3993009
3993987
3994966
3995944
3996923
3997901
3998880
3999859
4000837
4001816
4002795
4003774
4004753
4005732
4006711
4007690
4008669
4009648
4010627
4011606
4012585
4013564
4014543
4015522
4016501
4017480
4018459
4019438
4020417
4021396
4022375
4023354
4024333
4025312
4026291
4027270
4028249
4029228
4030207
4031186
4032165
4033144
4034123
4035102
4036081
4037060
4038039
4039018
4039997
4040976
4041955
4042934
4043913
4044892
4045871
4046850
4047829
4048808
4049787
4050766
4051745
4052724
4053703
4054682
4055662
4056641
4057620
4058599
4059578
4060558
4061537
4062516
4063495
4064474
4065454
4066433
4067412
4068391
4069371
4070350
4071330
4072309
4073289
4074269
4075249
4076229
4077209
4078189
4079169
4080149
4081129
4082109
4083089
4084069
4085049
4086029
4087009
4087989
4088969
4089949
4090929
4091909
4092889
4093869
4094849
4095829
4096809
4097789
4098769
4099749
4100729
4101710
4102690
4103670
4104650
4105630
4106610
4107590
4108570
4109550
4110530
4111511
4112491
4113471
4114451
4115431
4116412
4117392
4118372
4119352
4120332
4121313
4122293
4123273
4124253
4125234
4126214
4127194
4128175
4129155
4130135
4131116
4132096
4133077
4134057
4135038
4136018
4136999
4137979
4138960
4139940
4140921
4141901
4142882
4143862
4144843
4145824
4146805
4147786
4148767
4149748
4150729
4151710
4152691
4153672
4154653
4155634
4156615
4157596
4158577
4159558
4160539
4161520
4162502
4163483
4164465
4165446
4166428
4167409
4168391
4169373
4170354
4171336
4172317
4173298
4174279
4175261
4176242
4177224
4178205
4179187
4180168
4181150
4182132
4183113
4184095
4185077
4186059
4187041
4188023
4189005
4189987
4190969
4191951
4192933
4193915
4194897
4195879
4196861
4197843
4198825
4199807
4200789
4201771
4202753
4203735
4204717
4205699
4206681
4207663
4208645
4209627
4210609
4211591
4212573
4213555
4214537
4215519
4216501
4217483
4218465
4219447
4220429
4221411
4222393
4223375
4224357
4225339
4226322
4227304
4228286
4229268
4230251
4231233
4232215
4233198
4234180
4235162
4236145
4237127
4238110
4239092
4240075
4241057
4242040
4243022
4244005
4244987
4245970
4246952
4247935
4248917
4249900
4250882
4251865
4252847
4253830
4254812
4255795
4256777
4257760
4258742
4259725
4260707
4261690
4262672
4263655
4264637
4265620
4266602
4267585
4268568
4269551
4270533
4271516
4272499
4273482
4274465
4275448
4276431
4277413
4278396
4279379
4280362
4281345
4282328
4283311
4284294
4285277
4286260
4287243
4288226
4289209
4290192
4291175
4292158
4293141
4294124
4295107
4296090
4297073
4298056
4299039
4300022
4301005
4301988
4302971
4303954
4304937
4305920
4306903
4307886
4308869
4309852
4310835
4311818
4312801
4313784
4314767
4315750
4316733
4317716
4318700
4319683
4320666
4321650
4322633
4323616
4324600
4325583
4326566
4327549
4328532
4329515
4330499
4331482
4332465
4333448
4334431
4335415
4336398
4337381
4338365
4339348
4340331
4341315
4342298
4343281
4344265
4345248
4346231
4347215
4348198
4349182
4350165
4351149
4352132
4353116
4354099
4355083
4356066
4357050
4358034
4359017
4360001
4360984
4361968
4362952
4363936
4364919
4365903
4366887
4367871
4368855
4369839
4370823
4371807
4372791
4373775
4374759
4375743
4376727
4377711
4378695
4379679
4380663
4381647
4382631
4383615
4384599
4385583
4386567
4387551
4388535
4389519
4390503
4391487
4392471
4393455
4394439
4395423
4396407
4397391
4398375
4399359
4400343
4401327
4402311
4403295
4404279
4405263
4406247
4407231
4408215
4409199
4410184
4411168
4412152
4413137
4414121
4415105
4416090
4417074
4418058
4419043
4420027
4421012
4421996
4422981
4423965
4424950
4425934
4426919
4427903
4428888
4429873
4430858
4431843
4432827
4433812
4434797
4435782
4436767
4437752
4438737
4439722
4440707
4441692
4442677
4443662
4444647
4445632
4446617
4447602
4448587
4449572
4450557
4451542
4452527
4453512
4454497
4455482
4456467
4457452
4458437
4459422
4460407
4461393
4462378
4463363
4464349
4465334
4466319
4467305
4468290
4469276
4470261
4471247
4472232
4473218
4474203
4475189
4476174
4477160
4478146
4479131
4480117
4481103
4482089
4483075
4484061
4485047
4486033
4487019
4488005
4488991
4489977
4490963
4491949
4492935
4493921
4494907
4495893
4496879
4497865
4498851
4499837
4500823
4501809
4502795
4503781
4504767
4505753
4506739
4507725
4508711
4509697
4510683
4511669
4512655
4513641
4514627
4515613
4516599
4517585
4518571
4519557
4520544
4521530
4522516
4523503
4524489
4525475
4526462
4527448
4528435
4529422
4530408
4531395
4532381
4533368
4534355
4535341
4536328
4537315
4538302
4539289
4540276
4541263
4542250
4543237
4544224
4545211
4546198
4547185
4548172
4549159
4550146
4551133
4552120
4553107
4554094
4555081
4556068
4557055
4558042
4559029
4560016
4561003
4561990
4562977
4563964
4564951
4565938
4566925
4567912
4568899
4569887
4570874
4571861
4572848
4573835
4574822
4575809
4576796
4577784
4578771
4579758
4580745
4581732
4582720
4583707
4584694
4585681
4586668
4587656
4588643
4589630
4590617
4591605
4592592
4593579
4594567
4595554
4596541
4597529
4598516
4599503
4600491
4601478
4602466
4603453
4604440
4605427
4606415
4607402
4608389
4609376
4610364
4611351
4612338
4613325
4614313
4615300
4616287
4617275
4618262
4619249
4620237
4621224
4622211
4623199
4624186
4625174
4626161
4627149
4628136
4629124
4630111
4631099
4632086
4633074
4634061
4635049
4636036
4637024
4638011
4638999
4639986
4640974
4641961
4642949
4643936
4644924
4645911
4646899
4647886
4648874
4649861
4650849
4651836
4652824
4653811
4654799
4655787
4656774
4657762
4658749
4659737
4660724
4661712
4662699
4663687
4664675
4665663
4666651
4667639
4668627
4669615
4670603
4671591
4672579
4673567
4674555
4675543
4676531
4677519
4678507
4679495
4680483
4681471
4682459
4683447
4684435
4685423
4686411
4687399
4688387
4689375
4690363
4691351
4692339
4693327
4694315
4695303
4696291
4697279
4698267
4699255
4700243
4701231
4702219
4703207
4704195
4705183
4706171
4707159
4708147
4709135
4710123
4711111
4712099
4713087
4714075
4715063
4716051
4717040
4718028
4719016
4720005
4720993
4721982
4722970
4723959
4724947
4725936
4726924
4727913
4728901
4729890
4730878
4731867
4732855
4733844
4734832
4735821
4736809
4737798
4738787
4739775
4740764
4741752
4742741
4743730
4744718
4745707
4746696
4747684
4748673
4749662
4750650
4751639
4752628
4753617
4754606
4755595
4756584
4757573
4758562
4759551
4760540
4761529
4762518
4763507
4764496
4765485
4766474
4767463
4768452
4769441
4770430
4771419
4772408
4773397
4774386
4775375
4776364
4777353
4778342
4779331
4780320
4781309
4782298
4783287
4784276
4785265
4786254
4787243
4788232
4789221
4790210
4791199
4792188
4793177
4794166
4795155
4796144
4797133
4798122
4799111
4800100
4801089
4802078
4803067
4804056
4805045
4806034
4807023
4808013
4809002
4809991
4810980
4811969
4812959
4813948
4814937
4815926
4816916
4817905
4818894
4819883
4820873
4821862
4822851
4823841
4824830
4825819
4826809
4827798
4828787
4829777
4830766
4831755
4832745
4833734
4834723
4835713
4836702
4837692
4838681
4839671
4840660
4841650
4842639
4843629
4844618
4845608
4846597
4847587
4848576
4849566
4850555
4851545
4852534
4853524
4854513
4855503
4856493
4857482
4858472
4859461
4860451
4861441
4862430
4863420
4864410
4865399
4866389
4867378
4868368
4869358
4870347
4871337
4872327
4873317
4874307
4875297
4876287
4877277
4878267
4879257
4880247
4881237
4882227
4883217
4884207
4885197
4886187
4887177
4888167
4889157
4890147
4891137
4892127
4893117
4894107
4895097
4896087
4897077
4898067
4899057
4900047
4901037
4902027
4903017
4904007
4904997
4905987
4906977
4907967
4908957
4909947
4910937
4911927
4912917
4913907
4914897
4915887
4916877
4917867
4918857
4919847
4920837
4921827
4922817
4923807
4924797
4925787
4926777
4927767
4928757
4929747
4930737
4931727
4932717
4933707
4934697
4935687
4936677
4937667
4938657
4939647
4940637
4941627
4942617
4943607
4944597
4945587
4946578
4947568
4948558
4949548
4950538
4951528
4952518
4953508
4954498
4955488
4956478
4957468
4958459
4959449
4960439
4961429
4962419
4963410
4964400
4965390
4966380
4967370
4968361
4969351
4970341
4971332
4972322
4973312
4974303
4975293
4976284
4977274
4978265
4979256
4980247
4981237
4982228
4983219
4984210
4985201
4986192
4987183
4988174
4989165
4990156
4991147
4992138
4993129
4994120
4995111
4996102
4997093
4998084
4999075
5000066
5001057
5002048
5003039
5004030
5005021
5006012
5007003
5007994
5008985
5009976
5010967
5011958
5012949
5013940
5014931
5015922
5016913
5017904
5018895
5019886
5020877
5021868
5022859
5023850
5024841
5025832
5026824
5027815
5028806
5029797
5030789
5031780
5032771
5033762
5034754
5035745
5036736
5037728
5038719
5039710
5040701
5041693
5042684
5043676
5044667
5045659
5046650
5047642
5048633
5049625
5050617
5051609
5052601
5053593
5054585
5055577
5056569
5057561
5058553
5059545
5060537
5061529
5062521
5063513
5064505
5065497
5066489
5067481
5068473
5069465
5070457
5071449
5072441
5073433
5074425
5075417
5076409
5077401
5078393
5079385
5080377
5081369
5082361
5083353
5084345
5085337
5086329
5087321
5088313
5089305
5090297
5091289
5092281
5093273
5094266
5095258
5096250
5097242
5098235
5099227
5100219
5101211
5102204
5103196
5104189
5105181
5106174
5107166
5108159
5109151
5110144
5111136
5112129
5113121
5114114
5115106
5116099
5117091
5118084
5119076
5120069
5121061
5122054
5123047
5124040
5125032
5126025
5127017
5128010
5129003
5129996
5130988
5131981
5132974
5133967
5134959
5135952
5136945
5137938
5138931
5139924
5140916
5141909
5142902
5143895
5144888
5145881
5146874
5147867
5148860
5149853
5150846
5151839
5152832
5153825
5154818
5155811
5156804
5157797
5158790
5159783
5160776
5161769
5162762
5163755
5164748
5165741
5166734
5167727
5168720
5169713
5170706
5171699
5172692
5173685
5174678
5175671
5176664
5177657
5178650
5179643
5180636
5181629
5182622
5183615
5184608
5185601
5186594
5187587
5188580
5189573
5190566
5191559
5192552
5193546
5194539
5195532
5196525
5197518
5198511
5199505
5200498
5201491
5202484
5203477
5204471
5205464
5206457
5207451
5208444
5209438
5210431
5211425
5212418
5213412
5214405
5215399
5216392
5217386
5218379
5219373
5220367
5221361
5222355
5223348
5224342
5225335
5226329
5227323
5228317
5229311
5230305
5231299
5232293
5233287
5234281
5235275
5236269
5237263
5238257
5239251
5240245
5241239
5242233
5243227
5244221
5245215
5246209
5247203
5248197
5249191
5250185
5251179
5252173
5253167
5254161
5255155
5256149
5257143
5258137
5259131
5260125
5261119
5262113
5263107
5264101
5265095
5266089
5267083
5268077
5269072
5270066
5271060
5272054
5273048
5274043
5275037
5276031
5277025
5278020
5279014
5280008
5281002
5281997
5282991
5283986
5284980
5285975
5286969
5287964
5288958
5289953
5290947
5291942
5292936
5293931
5294925
5295920
5296914
5297909
5298903
5299898
5300893
5301888
5302883
5303878
5304873
5305867
5306862
5307856
5308851
5309845
5310840
5311835
5312830
5313825
5314820
5315815
5316810
5317805
5318800
5319795
5320790
5321785
5322780
5323775
5324770
5325765
5326760
5327755
5328750
5329745
5330740
5331735
5332730
5333725
5334720
5335715
5336710
5337705
5338700
5339695
5340690
5341685
5342680
5343675
5344670
5345665
5346660
5347655
5348650
5349645
5350640
5351635
5352630
5353625
5354620
5355615
5356611
5357606
5358601
5359596
5360592
5361587
5362583
5363578
5364574
5365569
5366565
5367560
5368556
5369551
5370547
5371542
5372538
5373533
5374529
5375525
5376520
5377516
5378511
5379507
5380503
5381498
5382494
5383490
5384486
5385482
5386478
5387474
5388470
5389466
5390462
5391458
5392454
5393450
5394446
5395442
5396438
5397434
5398430
5399426
5400422
5401418
5402414
5403410
5404406
5405402
5406398
5407394
5408390
5409386
5410382
5411378
5412374
5413370
5414366
5415362
5416358
5417354
5418350
5419346
5420342
5421338
5422334
5423330
5424326
5425322
5426318
5427314
5428310
5429306
5430302
5431299
5432295
5433291
5434287
5435283
5436279
5437276
5438272
5439268
5440264
5441261
5442257
5443253
5444250
5445246
5446242
5447239
5448235
5449231
5450228
5451224
5452220
5453217
5454213
5455210
5456206
5457203
5458199
5459196
5460192
5461189
5462185
5463182
5464178
5465175
5466172
5467169
5468166
5469163
5470160
5471157
5472154
5473151
5474148
5475145
5476142
5477139
5478136
5479133
5480130
5481127
5482124
5483121
5484118
5485115
5486112
5487109
5488106
5489103
5490100
5491097
5492094
5493091
5494088
5495085
5496082
5497079
5498076
5499073
5500070
5501067
5502064
5503061
5504058
5505055
5506052
5507050
5508047
5509044
5510042
5511039
5512037
5513034
5514031
5515029
5516026
5517024
5518021
5519019
5520016
5521014
5522011
5523009
5524006
5525004
5526001
5526999
5527997
5528995
5529992
5530990
5531988
5532986
5533984
5534982
5535980
5536977
5537975
5538973
5539971
5540969
5541967
5542965
5543963
5544961
5545959
5546957
5547955
5548953
5549951
5550949
5551947
5552945
5553943
5554941
5555939
5556937
5557935
5558933
5559931
5560929
5561927
5562925
5563923
5564921
5565919
5566917
5567915
5568913
5569911
5570909
5571907
5572905
5573903
5574901
5575899
5576898
5577896
5578894
5579892
5580890
5581888
5582886
5583885
5584883
5585881
5586880
5587878
5588876
5589875
5590873
5591872
5592870
5593869
5594867
5595866
5596865
5597864
5598862
5599861
5600860
5601859
5602858
5603857
5604856
5605855
5606854
5607853
5608852
5609851
5610850
5611849
5612848
5613847
5614846
5615845
5616844
5617843
5618842
5619841
5620840
5621839
5622838
5623837
5624836
5625835
5626834
5627833
5628832
5629831
5630830
5631829
5632828
5633827
5634826
5635825
5636824
5637823
5638822
5639821
5640820
5641819
5642818
5643817
5644816
5645816
5646815
5647814
5648813
5649813
5650812
5651812
5652811
5653811
5654810
5655810
5656809
5657809
5658809
5659809
5660809
5661809
5662809
5663809
5664809
5665809
5666808
5667808
5668807
5669807
5670806
5671806
5672805
5673805
5674804
5675804
5676804
5677804
5678804
5679804
5680804
5681804
5682804
5683804
5684804
5685804
5686804
5687804
5688804
5689804
5690804
5691804
5692804
5693804
5694804
5695804
5696804
5697804
5698804
5699804
5700804
5701804
5702804
5703804
5704804
5705804
5706804
5707804
5708804
5709804
5710804
5711804
5712804
5713804
5714804
5715804
5716804
5717804
5718804
5719804
5720804
5721804
5722804
5723804
5724804
5725804
5726804
5727804
5728804
5729804
5730804
5731804
5732804
5733804
5734804
5735805
5736805
5737805
5738805
5739806
5740806
5741806
5742807
5743807
5744807
5745808
5746808
5747809
5748809
5749810
5750811
5751812
5752813
5753814
5754815
5755816
5756817
5757818
5758819
5759820
5760821
5761822
5762823
5763824
5764825
5765826
5766827
5767828
5768829
5769830
5770831
5771832
5772833
5773834
5774835
5775836
5776837
5777839
5778840
5779841
5780843
5781845
5782847
5783849
5784851
5785853
5786854
5787855
5788857
5789858
5790859
5791861
5792863
5793865
5794867
5795869
5796871
5797873
5798874
5799876
5800877
5801879
5802881
5803883
5804885
5805887
5806889
5807891
5808893
5809895
5810897
5811899
5812901
5813903
5814905
5815907
5816909
5817911
5818913
5819915
5820918
5821921
5822923
5823925
5824927
5825929
5826931
5827933
5828935
5829937
5830940
5831942
5832945
5833948
5834950
5835952
5836954
5837956
5838958
5839960
5840962
5841964
5842967
5843970
5844973
5845976
5846979
5847981
5848984
5849986
5850989
5851992
5852994
5853997
5855000
5856002
5857005
5858008
5859011
5860014
5861017
5862019
5863022
5864025
5865028
5866031
5867034
5868037
5869040
5870043
5871046
5872049
5873052
5874055
5875058
5876061
5877064
5878067
5879070
5880073
5881076
5882079
5883082
5884085
5885088
5886091
5887094
5888097
5889100
5890103
5891106
5892109
5893112
5894115
5895118
5896121
5897124
5898127
5899130
5900133
5901136
5902139
5903143
5904146
5905149
5906152
5907156
5908159
5909162
5910166
5911169
5912172
5913176
5914179
5915182
5916186
5917189
5918192
5919196
5920199
5921203
5922206
5923209
5924213
5925216
5926220
5927223
5928227
5929230
5930234
5931237
5932241
5933245
5934248
5935252
5936255
5937258
5938262
5939265
5940269
5941272
5942276
5943279
5944283
5945286
5946290
5947294
5948297
5949301
5950304
5951308
5952311
5953315
5954319
5955322
5956326
5957329
5958333
5959337
5960340
5961344
5962347
5963351
5964355
5965359
5966362
5967366
5968370
5969374
5970378
5971382
5972386
5973390
5974394
5975398
5976402
5977406
5978410
5979414
5980418
5981422
5982426
5983430
5984434
5985438
5986442
5987446
5988450
5989454
5990458
5991462
5992466
5993470
5994474
5995478
5996482
5997486
5998490
5999494
6000498
6001502
6002506
6003510
6004514
6005518
6006522
6007526
6008530
6009534
6010538
6011542
6012546
6013550
6014554
6015558
6016562
6017566
6018570
6019574
6020578
6021582
6022586
6023590
6024594
6025598
6026602
6027606
6028610
6029614
6030618
6031622
6032626
6033630
6034634
6035639
6036643
6037647
6038651
6039655
6040660
6041664
6042668
6043672
6044676
6045681
6046685
6047689
6048693
6049698
6050702
6051706
6052711
6053715
6054719
6055724
6056728
6057733
6058737
6059742
6060746
6061751
6062755
6063760
6064764
6065769
6066773
6067778
6068782
6069787
6070791
6071796
6072801
6073806
6074810
6075815
6076819
6077824
6078829
6079834
6080839
6081844
6082849
6083854
6084859
6085864
6086869
6087874
6088879
6089884
6090889
6091894
6092899
6093904
6094909
6095914
6096919
6097924
6098929
6099934
6100939
6101944
6102949
6103954
6104959
6105964
6106969
6107974
6108979
6109984
6110989
6111994
6112999
6114004
6115009
6116014
6117019
6118024
6119029
6120034
6121039
6122044
6123049
6124054
6125059
6126064
6127069
6128074
6129079
6130084
6131089
6132094
6133099
6134104
6135109
6136114
6137119
6138124
6139129
6140134
6141139
6142144
6143149
6144154
6145159
6146165
6147170
6148175
6149180
6150186
6151191
6152196
6153202
6154207
6155212
6156218
6157223
6158229
6159234
6160240
6161245
6162251
6163256
6164262
6165267
6166273
6167278
6168284
6169289
6170295
6171300
6172306
6173311
6174317
6175322
6176328
6177333
6178339
6179345
6180350
6181356
6182362
6183368
6184373
6185379
6186385
6187391
6188397
6189403
6190409
6191415
6192421
6193427
6194433
6195439
6196445
6197451
6198457
6199463
6200469
6201475
6202481
6203487
6204493
6205499
6206505
6207511
6208517
6209523
6210529
6211535
6212541
6213547
6214553
6215559
6216565
6217571
6218577
6219583
6220589
6221595
6222601
6223607
6224613
6225619
6226625
6227631
6228637
6229643
6230649
6231655
6232661
6233667
6234673
6235679
6236685
6237691
6238697
6239703
6240710
6241716
6242722
6243728
6244735
6245741
6246747
6247753
6248760
6249766
6250772
6251779
6252785
6253791
6254798
6255804
6256810
6257817
6258823
6259829
6260836
6261842
6262849
6263855
6264862
6265868
6266875
6267881
6268888
6269894
6270901
6271907
6272914
6273920
6274927
6275933
6276940
6277946
6278953
6279959
6280966
6281972
6282979
6283985
6284992
6285998
6287005
6288012
6289019
6290025
6291032
6292038
6293045
6294052
6295059
6296065
6297072
6298079
6299086
6300093
6301100
6302107
6303114
6304121
6305128
6306135
6307142
6308149
6309156
6310163
6311170
6312177
6313184
6314191
6315198
6316205
6317212
6318219
6319226
6320233
6321240
6322247
6323254
6324261
6325268
6326275
6327282
6328289
6329296
6330303
6331310
6332317
6333324
6334331
6335338
6336345
6337352
6338359
6339366
6340373
6341380
6342387
6343394
6344401
6345408
6346415
6347422
6348429
6349436
6350443
6351450
6352457
6353464
6354471
6355478
6356485
6357492
6358499
6359506
6360513
6361520
6362527
6363534
6364541
6365548
6366555
6367563
6368570
6369577
6370584
6371592
6372599
6373607
6374614
6375622
6376629
6377636
6378644
6379651
6380659
6381666
6382674
6383681
6384689
6385696
6386704
6387711
6388719
6389727
6390735
6391743
6392751
6393759
6394767
6395775
6396783
6397791
6398799
6399807
6400815
6401823
6402831
6403839
6404847
6405855
6406863
6407871
6408879
6409887
6410895
6411903
6412911
6413919
6414927
6415935
6416943
6417951
6418959
6419967
6420975
6421983
6422991
6424000
6425008
6426016
6427024
6428033
6429041
6430049
6431058
6432066
6433074
6434083
6435091
6436100
6437108
6438116
6439125
6440133
6441142
6442150
6443159
6444168
6445177
6446186
6447195
6448204
6449213
6450222
6451231
6452240
6453249
6454258
6455267
6456276
6457285
6458294
6459303
6460312
6461321
6462330
6463339
6464348
6465357
6466366
6467375
6468384
6469393
6470402
6471412
6472421
6473431
6474440
6475450
6476460
6477470
6478480
6479490
6480500
6481510
6482520
6483530
6484540
6485550
6486561
6487571
6488581
6489591
6490601
6491611
6492621
6493632
6494642
6495653
6496663
6497673
6498684
6499694
6500705
6501715
6502726
6503736
6504747
6505758
6506769
6507780
6508791
6509802
6510813
6511824
6512835
6513846
6514857
6515868
6516879
6517890
6518901
6519912
6520923
6521934
6522945
6523956
6524967
6525979
6526990
6528001
6529013
6530024
6531035
6532047
6533058
6534070
6535081
6536093
6537104
6538116
6539127
6540139
6541150
6542162
6543174
6544186
6545197
6546209
6547220
6548232
6549244
6550256
6551268
6552280
6553292
6554304
6555316
6556328
6557340
6558352
6559364
6560376
6561388
6562400
6563412
6564424
6565436
6566448
6567460
6568472
6569484
6570496
6571508
6572520
6573532
6574544
6575556
6576568
6577581
6578593
6579605
6580618
6581630
6582643
6583655
6584668
6585681
6586694
6587707
6588720
6589732
6590745
6591758
6592771
6593784
6594797
6595810
6596823
6597836
6598849
6599862
6600875
6601888
6602901
6603914
6604927
6605940
6606953
6607966
6608979
6609992
6611006
6612019
6613032
6614046
6615059
6616072
6617086
6618100
6619114
6620128
6621141
6622155
6623168
6624182
6625196
6626209
6627223
6628236
6629250
6630263
6631277
6632290
6633304
6634318
6635332
6636346
6637360
6638374
6639388
6640402
6641416
6642430
6643444
6644458
6645472
6646486
6647500
6648514
6649528
6650542
6651556
6652570
6653584
6654598
6655612
6656626
6657640
6658654
6659669
6660683
6661697
6662711
6663725
6664739
6665754
6666768
6667783
6668797
6669812
6670826
6671841
6672855
6673870
6674885
6675900
6676914
6677929
6678944
6679959
6680974
6681989
6683004
6684019
6685034
6686049
6687064
6688079
6689094
6690109
6691124
6692139
6693154
6694169
6695184
6696199
6697214
6698229
6699244
6700259
6701274
6702289
6703304
6704319
6705334
6706349
6707364
6708379
6709394
6710409
6711424
6712439
6713454
6714469
6715485
6716500
6717515
6718530
6719546
6720561
6721576
6722591
6723607
6724622
6725638
6726654
6727670
6728686
6729702
6730718
6731734
6732750
6733766
6734782
6735798
6736814
6737830
6738846
6739862
6740878
6741894
6742910
6743926
6744943
6745959
6746975
6747992
6749008
6750025
6751041
6752057
6753073
6754089
6755105
6756121
6757137
6758153
6759169
6760185
6761201
6762217
6763233
6764250
6765266
6766282
6767299
6768315
6769332
6770348
6771364
6772381
6773397
6774413
6775430
6776446
6777463
6778479
6779496
6780512
6781529
6782545
6783562
6784579
6785595
6786612
6787628
6788645
6789662
6790679
6791696
6792713
6793730
6794747
6795764
6796781
6797798
6798815
6799832
6800849
6801866
6802883
6803900
6804917
6805934
6806951
6807968
6808985
6810003
6811020
6812037
6813054
6814072
6815089
6816106
6817124
6818141
6819159
6820176
6821194
6822211
6823228
6824245
6825262
6826279
6827296
6828313
6829330
6830347
6831364
6832381
6833398
6834415
6835433
6836450
6837467
6838484
6839502
6840519
6841536
6842554
6843571
6844588
6845606
6846623
6847641
6848658
6849676
6850693
6851711
6852729
6853747
6854765
6855783
6856801
6857819
6858837
6859854
6860872
6861889
6862907
6863924
6864942
6865959
6866977
6867995
6869012
6870030
6871047
6872065
6873083
6874101
6875119
6876137
6877155
6878173
6879191
6880209
6881227
6882245
6883263
6884281
6885299
6886317
6887335
6888353
6889371
6890389
6891407
6892425
6893443
6894461
6895479
6896497
6897515
6898533
6899551
6900569
6901587
6902605
6903623
6904641
6905659
6906678
6907696
6908714
6909733
6910751
6911769
6912787
6913806
6914824
6915842
6916861
6917879
6918898
6919916
6920935
6921953
6922972
6923991
6925009
6926028
6927046
6928065
6929083
6930102
6931121
6932140
6933159
6934178
6935196
6936215
6937234
6938253
6939272
6940291
6941310
6942329
6943348
6944367
6945386
6946405
6947424
6948443
6949462
6950481
6951500
6952519
6953538
6954557
6955576
6956595
6957614
6958633
6959652
6960671
6961690
6962709
6963728
6964747
6965766
6966785
6967804
6968823
6969842
6970861
6971880
6972899
6973918
6974937
6975956
6976975
6977994
6979013
6980032
6981051
6982070
6983089
6984108
6985127
6986146
6987165
6988184
6989203
6990222
6991241
6992260
6993279
6994298
6995317
6996336
6997355
6998374
6999393
7000412
7001431
7002451
7003470
7004490
7005509
7006528
7007547
7008566
7009585
7010604
7011624
7012643
7013663
7014682
7015702
7016721
7017740
7018759
7019779
7020798
7021818
7022837
7023857
7024876
7025896
7026915
7027935
7028954
7029974
7030993
7032013
7033033
7034053
7035073
7036093
7037113
7038133
7039153
7040173
7041193
7042213
7043233
7044253
7045273
7046293
7047313
7048333
7049353
7050373
7051393
7052413
7053433
7054453
7055473
7056493
7057513
7058533
7059553
7060573
7061593
7062613
7063633
7064653
7065673
7066693
7067713
7068733
7069753
7070773
7071793
7072813
7073833
7074853
7075873
7076893
7077913
7078933
7079953
7080973
7081993
7083013
7084034
7085054
7086074
7087094
7088114
7089134
7090155
7091175
7092195
7093215
7094235
7095255
7096275
7097296
7098316
7099336
7100356
7101377
7102397
7103417
7104438
7105458
7106478
7107499
7108519
7109539
7110560
7111580
7112601
7113621
7114642
7115662
7116683
7117703
7118724
7119744
7120765
7121785
7122806
7123826
7124847
7125867
7126888
7127908
7128929
7129949
7130970
7131991
7133012
7134033
7135054
7136075
7137096
7138117
7139138
7140159
7141180
7142201
7143222
7144243
7145264
7146285
7147306
7148327
7149348
7150369
7151390
7152411
7153432
7154453
7155474
7156495
7157516
7158537
7159558
7160579
7161600
7162621
7163642
7164663
7165684
7166705
7167726
7168747
7169768
7170789
7171810
7172831
7173853
7174874
7175895
7176916
7177938
7178959
7179980
7181002
7182023
7183044
7184065
7185087
7186108
7187129
7188151
7189172
7190193
7191215
7192236
7193257
7194279
7195300
7196322
7197343
7198365
7199386
7200408
7201429
7202451
7203472
7204494
7205515
7206537
7207558
7208580
7209602
7210623
7211645
7212667
7213689
7214711
7215733
7216755
7217777
7218799
7219821
7220843
7221865
7222887
7223909
7224931
7225953
7226975
7227997
7229019
7230041
7231063
7232085
7233107
7234129
7235151
7236173
7237195
7238217
7239239
7240261
7241283
7242305
7243327
7244349
7245371
7246393
7247415
7248437
7249459
7250481
7251503
7252525
7253548
7254570
7255593
7256615
7257638
7258660
7259683
7260705
7261728
7262750
7263773
7264796
7265819
7266842
7267865
7268888
7269911
7270934
7271957
7272980
7274003
7275026
7276049
7277072
7278095
7279118
7280141
7281164
7282187
7283210
7284233
7285256
7286279
7287302
7288325
7289348
7290371
7291394
7292417
7293441
7294464
7295488
7296511
7297535
7298558
7299582
7300605
7301629
7302653
7303677
7304701
7305725
7306749
7307773
7308797
7309821
7310845
7311869
7312893
7313917
7314941
7315965
7316989
7318013
7319037
7320061
7321085
7322109
7323133
7324157
7325181
7326205
7327229
7328254
7329278
7330302
7331327
7332351
7333376
7334400
7335425
7336449
7337474
7338498
7339523
7340547
7341572
7342597
7343622
7344647
7345672
7346696
7347721
7348746
7349771
7350795
7351820
7352844
7353869
7354893
7355918
7356943
7357968
7358993
7360018
7361043
7362068
7363093
7364118
7365143
7366168
7367193
7368218
7369243
7370268
7371293
7372318
7373343
7374368
7375393
7376418
7377443
7378468
7379493
7380518
7381544
7382569
7383594
7384620
7385645
7386670
7387696
7388721
7389746
7390772
7391797
7392823
7393848
7394874
7395899
7396925
7397950
7398976
7400001
7401027
7402053
7403078
7404104
7405130
7406156
7407182
7408208
7409234
7410260
7411286
7412312
7413338
7414364
7415390
7416416
7417442
7418468
7419494
7420520
7421546
7422572
7423598
7424624
7425651
7426677
7427703
7428729
7429755
7430782
7431808
7432834
7433861
7434887
7435914
7436940
7437967
7438993
7440020
7441046
7442073
7443099
7444126
7445153
7446180
7447206
7448233
7449260
7450287
7451314
7452341
7453368
7454395
7455422
7456449
7457476
7458503
7459530
7460557
7461584
7462611
7463638
7464665
7465692
7466719
7467746
7468773
7469800
7470827
7471854
7472881
7473908
7474935
7475962
7476989
7478016
7479043
7480070
7481097
7482124
7483151
7484178
7485205
7486233
7487260
7488287
7489314
7490342
7491369
7492397
7493424
7494452
7495479
7496507
7497534
7498562
7499589
7500617
7501645
7502673
7503701
7504729
7505756
7506784
7507812
7508840
7509868
7510896
7511924
7512952
7513980
7515008
7516036
7517064
7518092
7519120
7520148
7521176
7522204
7523232
7524260
7525288
7526317
7527345
7528373
7529402
7530430
7531459
7532487
7533516
7534544
7535573
7536601
7537630
7538658
7539687
7540716
7541744
7542773
7543802
7544831
7545860
7546889
7547918
7548947
7549976
7551005
7552034
7553063
7554092
7555121
7556150
7557179
7558208
7559238
7560267
7561296
7562326
7563355
7564385
7565414
7566444
7567474
7568504
7569534
7570564
7571594
7572624
7573654
7574684
7575714
7576744
7577774
7578804
7579834
7580864
7581894
7582924
7583954
7584985
7586016
7587047
7588078
7589109
7590140
7591171
7592202
7593233
7594264
7595295
7596326
7597357
7598388
7599419
7600451
7601482
7602514
7603546
7604578
7605610
7606642
7607674
7608706
7609738
7610770
7611803
7612836
7613869
7614902
7615935
7616969
7618003
7619037
7620072
7621106
7622140
7623175
7624210
7625245
7626280
7627315
7628350
7629385
7630419
7631454
7632489
7633524
7634559
7635594
7636629
7637664
7638699
7639734
7640769
7641804
7642839
7643875
7644910
7645945
7646981
7648016
7649051
7650087
7651123
7652159
7653195
7654231
7655267
7656303
7657339
7658376
7659412
7660449
7661486
7662522
7663559
7664596
7665633
7666670
7667707
7668744
7669781
7670818
7671855
7672892
7673929
7674966
7676003
7677040
7678077
7679114
7680151
7681188
7682225
7683262
7684299
7685337
7686375
7687413
7688451
7689489
7690527
7691566
7692605
7693644
7694684
7695723
7696763
7697803
7698843
7699884
7700925
7701966
7703006
7704047
7705087
7706127
7707168
7708208
7709249
7710290
7711331
7712372
7713414
7714455
7715496
7716537
7717579
7718621
7719663
7720705
7721747
7722789
7723831
7724873
7725915
7726957
7727999
7729041
7730084
7731126
7732169
7733212
7734255
7735298
7736341
7737384
7738427
7739470
7740513
7741556
7742599
7743642
7744685
7745728
7746772
7747815
7748858
7749901
7750944
7751987
7753030
7754073
7755116
7756160
7757203
7758246
7759289
7760332
7761376
7762419
7763462
7764506
7765549
7766593
7767637
7768681
7769725
7770769
7771813
7772857
7773901
7774945
7775989
7777033
7778077
7779121
7780165
7781209
7782253
7783298
7784342
7785386
7786430
7787475
7788519
7789564
7790609
7791654
7792699
7793744
7794789
7795834
7796879
7797924
7798969
7800014
7801060
7802105
7803150
7804196
7805241
7806286
7807331
7808377
7809422
7810467
7811513
7812559
7813605
7814651
7815697
7816743
7817789
7818835
7819881
7820927
7821973
7823019
7824065
7825111
7826157
7827203
7828249
7829296
7830342
7831389
7832435
7833482
7834528
7835575
7836621
7837668
7838714
7839761
7840808
7841855
7842902
7843949
7844997
7846045
7847092
7848139
7849186
7850233
7851281
7852329
7853377
7854425
7855473
