100000
199920
299806
399674
499542
599411
699279
799147
899016
998884
1098753
1198621
1298490
1398358
1498227
1598096
1697965
1797834
1897704
1997573
2097442
2197311
2297180
2397050
2496919
2596788
2696657
2796527
2896396
2996265
3096135
3196005
3295875
3395744
3495614
3595484
3695354
3795224
3895094
3994964
4094834
4194704
4294574
4394445
4494315
4594185
4694055
4793925
4893795
4993666
5093537
5193408
5293279
5393150
5493021
5592893
5692765
5792637
5892508
5992379
6092251
6192122
6291993
6391865
6491736
6591607
6691479
6791350
6891221
6991093
7090964
7190836
7290707
7390579
7490451
7590323
7690195
7790067
7889939
7989811
8089683
8189555
8289427
8389299
8489171
8589043
8688915
8788787
8888659
8988531
9088403
9188275
9288147
9388020
9487892
9587765
9687638
9787511
9887384
9987257
10087130
10187003
10286876
10386750
10486623
10586496
10686370
10786243
10886117
10985991
11085865
11185739
11285613
11385488
11485362
11585236
11685110
11784985
11884860
11984734
12084609
12184484
12284359
12384234
12484109
12583984
12683859
12783735
12883610
12983485
13083360
13183235
13283111
13382987
13482863
13582739
13682614
13782489
13882365
13982240
14082116
14181992
14281868
14381744
14481620
14581496
14681372
14781248
14881124
14981000
15080876
15180752
15280628
15380504
15480380
15580256
15680132
15780008
15879884
15979760
16079636
16179512
16279388
16379265
16479142
16579019
16678896
16778773
16878650
16978527
17078404
17178281
17278158
17378035
17477912
17577789
17677666
17777543
17877421
17977298
18077175
18177053
18276930
18376807
18476685
18576562
18676440
18776317
18876195
18976073
19075951
19175829
19275707
19375585
19475463
19575341
19675219
19775097
19874975
19974853
20074731
20174609
20274487
20374365
20474243
20574121
20673999
20773877
20873755
20973633
21073511
21173389
21273267
21373145
21473023
21572901
21672779
21772657
21872535
21972413
22072291
22172170
22272048
22371926
22471804
22571682
22671561
22771439
22871317
22971196
23071074
23170952
23270831
23370709
23470587
23570466
23670344
23770223
23870101
23969980
24069858
24169737
24269615
24369494
24469372
24569251
24669130
24769009
24868888
24968767
25068646
25168525
25268404
25368283
25468162
25568041
25667920
25767799
25867678
25967557
26067436
26167316
26267195
26367075
26466954
26566834
26666713
26766593
26866472
26966352
27066232
27166112
27265992
27365872
27465752
27565632
27665512
27765392
27865272
27965152
28065032
28164912
28264792
28364672
28464552
28564432
28664312
28764192
28864072
28963952
29063832
29163712
29263592
29363473
29463353
29563233
29663114
29762994
29862875
29962755
30062636
30162516
30262397
30362277
30462158
30562038
30661919
30761800
30861681
30961562
31061443
31161324
31261205
31361086
31460967
31560848
31660729
31760610
31860491
31960372
32060253
32160134
32260015
32359896
32459777
32559658
32659539
32759420
32859302
32959184
33059066
33158949
33258831
33358714
33458597
33558481
33658364
33758248
33858132
33958015
34057899
34157783
34257667
34357551
34457435
34557319
34657203
34757087
34856971
34956856
35056740
35156624
35256509
35356393
35456278
35556163
35656049
35755935
35855821
35955707
36055593
36155479
36255365
36355251
36455137
36555023
36654909
36754795
36854681
36954568
37054455
37154342
37254229
37354116
37454004
37553892
37653779
37753667
37853554
37953442
38053329
38153217
38253105
38352993
38452881
38552769
38652657
38752545
38852433
38952321
39052209
39152098
39251986
39351874
39451762
39551650
39651538
39751426
39851315
39951203
40051091
40150980
40250869
40350758
40450647
40550536
40650425
40750314
40850203
40950092
41049981
41149870
41249760
41349649
41449539
41549428
41649318
41749208
41849098
41948988
42048879
42148770
42248660
42348550
42448440
42548330
42648220
42748111
42848002
42947893
43047784
43147675
43247567
43347458
43447349
43547241
43647132
43747024
43846916
43946808
44046700
44146592
44246484
44346377
44446269
44546161
44646054
44745946
44845838
44945731
45045624
45145517
45245410
45345302
45445195
45545088
45644981
45744874
45844767
45944660
46044553
46144445
46244337
46344230
46444122
46544014
46643907
46743800
46843693
46943586
47043478
47143371
47243264
47343157
47443050
47542943
47642836
47742729
47842622
47942515
48042408
48142301
48242194
48342087
48441980
48541873
48641766
48741659
48841552
48941445
49041338
49141231
49241124
49341017
49440910
49540804
49640697
49740590
49840483
49940376
50040270
50140163
50240056
50339949
50439842
50539735
50639628
50739521
50839414
50939307
51039201
51139094
51238987
51338880
51438773
51538667
51638560
51738454
51838348
51938242
52038135
52138029
52237922
52337815
52437709
52537602
52637496
52737389
52837283
52937177
53037071
53136965
53236859
53336753
53436647
53536541
53636435
53736329
53836223
53936117
54036011
54135905
54235799
54335693
54435587
54535481
54635375
54735269
54835163
54935057
55034951
55134845
55234739
55334633
55434527
55534421
55634316
55734210
55834104
55933998
56033893
56133788
56233683
56333578
56433473
56533368
56633263
56733158
56833053
56932948
57032843
57132738
57232633
57332528
57432423
57532318
57632213
57732108
57832003
57931898
58031793
58131688
58231583
58331478
58431373
58531268
58631164
58731059
58830954
58930850
59030745
59130640
59230536
59330431
59430327
59530222
59630118
59730013
59829909
59929804
60029700
60129596
60229492
60329388
60429284
60529180
60629076
60728972
60828868
60928764
61028659
61128555
61228450
61328346
61428242
61528138
61628034
61727930
61827826
61927722
62027618
62127514
62227410
62327306
62427202
62527098
62626994
62726890
62826786
62926682
63026578
63126474
63226370
63326266
63426162
63526058
63625954
63725850
63825746
63925642
64025538
64125434
64225331
64325227
64425123
64525019
64624915
64724812
64824708
64924604
65024500
65124397
65224293
65324189
65424085
65523981
65623877
65723773
65823669
65923565
66023461
66123357
66223253
66323149
66423045
66522941
66622837
66722733
66822629
66922526
67022422
67122318
67222214
67322110
67422007
67521903
67621799
67721695
67821592
67921488
68021384
68121281
68221177
68321074
68420970
68520867
68620763
68720660
68820556
68920453
69020350
69120247
69220144
69320040
69419937
69519834
69619730
69719627
69819524
69919421
70019318
70119215
70219112
70319009
70418906
70518803
70618700
70718597
70818494
70918391
71018288
71118185
71218082
71317979
71417876
71517773
71617670
71717567
71817464
71917361
72017258
72117155
72217052
72316949
72416846
72516743
72616640
72716537
72816434
72916331
73016228
73116125
73216022
73315919
73415816
73515713
73615611
73715508
73815405
73915303
74015200
74115098
74214995
74314893
74414790
74514688
74614585
74714483
74814380
74914278
75014175
75114073
75213970
75313868
75413766
75513663
75613561
75713458
75813356
75913254
76013152
76113050
76212947
76312845
76412743
76512641
76612539
76712437
76812334
76912232
77012130
77112028
77211926
77311823
77411721
77511619
77611517
77711415
77811313
77911211
78011109
78111007
78210905
78310803
78410701
78510599
78610497
78710395
78810293
78910191
79010089
79109987
79209885
79309783
79409681
79509579
79609477
79709375
79809273
79909171
80009069
80108967
80208865
80308763
80408661
80508559
80608457
80708355
80808253
80908151
81008049
81107947
81207845
81307743
81407642
81507540
81607438
81707337
81807235
81907133
82007032
82106930
82206828
82306726
82406624
82506522
82606420
82706318
82806216
82906114
83006012
83105911
83205809
83305707
83405606
83505504
83605402
83705301
83805199
83905097
84004996
84104894
84204792
84304691
84404589
84504487
84604386
84704284
84804182
84904081
85003979
85103877
85203776
85303674
85403573
85503471
85603370
85703268
85803167
85903065
86002964
86102863
86202762
86302661
86402560
86502458
86602357
86702256
86802155
86902054
87001953
87101852
87201751
87301650
87401549
87501448
87601347
87701246
87801145
87901044
88000943
88100842
88200741
88300640
88400539
88500438
88600337
88700236
88800135
88900034
88999933
89099832
89199731
89299630
89399529
89499428
89599327
89699226
89799125
89899024
89998923
90098822
90198721
90298620
90398519
90498418
90598317
90698216
90798115
90898014
90997913
91097812
91197711
91297610
91397509
91497408
91597307
91697206
91797105
91897004
91996903
92096802
92196701
92296600
92396499
92496398
92596297
92696196
92796095
92895994
92995893
93095793
93195692
93295591
93395490
93495389
93595289
93695188
93795087
93894986
93994885
94094785
94194684
94294583
94394483
94494382
94594282
94694181
94794081
94893980
94993879
95093779
95193678
95293578
95393477
95493377
95593276
95693176
95793075
95892975
95992874
96092774
96192674
96292573
96392473
96492372
96592272
96692172
96792071
96891971
96991870
97091770
97191670
97291569
97391469
97491369
97591268
97691168
97791068
97890967
97990867
98090767
98190667
98290567
98390467
98490367
98590267
98690167
98790067
98889967
98989867
99089767
99189667
99289567
99389467
99489367
99589267
99689167
99789067
99888967
99988867
100088767
100188667
100288567
100388467
100488367
100588267
100688167
100788067
100887967
100987867
101087767
101187667
101287567
101387467
101487367
101587267
101687167
101787067
101886967
101986867
102086767
102186667
102286567
102386467
102486367
102586267
102686167
102786067
102885967
102985867
103085767
103185667
103285567
103385467
103485367
103585267
103685167
103785067
103884967
103984867
104084767
104184667
104284567
104384467
104484367
104584268
104684168
104784068
104883968
104983868
105083768
105183669
105283569
105383469
105483369
105583270
105683170
105783070
105882971
105982871
106082771
106182672
106282572
106382472
106482373
106582273
106682174
106782074
106881975
106981875
107081776
107181676
107281576
107381477
107481377
107581278
107681178
107781079
107880979
107980880
108080780
108180681
108280582
108380482
108480383
108580284
108680185
108780086
108879987
108979888
109079789
109179690
109279591
109379492
109479393
109579294
109679195
109779096
109878997
109978898
110078799
110178700
110278601
110378502
110478403
110578304
110678205
110778106
110878007
110977908
111077809
111177710
111277611
111377512
111477413
111577314
111677215
111777116
111877017
111976918
112076819
112176720
112276621
112376522
112476423
112576324
112676225
112776126
112876027
112975928
113075829
113175730
113275631
113375532
113475433
113575334
113675235
113775136
113875037
113974938
114074839
114174740
114274641
114374542
114474443
114574344
114674245
114774146
114874047
114973948
115073849
115173750
115273651
115373552
115473453
115573354
115673255
115773156
115873057
115972958
116072859
116172760
116272661
116372562
116472463
116572364
116672266
116772167
116872068
116971969
117071870
117171772
117271673
117371574
117471475
117571376
117671278
117771179
117871080
117970981
118070883
118170784
118270685
118370586
118470488
118570389
118670290
118770192
118870093
118969994
119069896
119169797
119269699
119369600
119469502
119569403
119669305
119769206
119869108
119969009
120068911
120168812
120268714
120368616
120468518
120568419
120668321
120768223
120868125
120968026
121067928
121167830
121267732
121367634
121467536
121567438
121667340
121767242
121867144
121967046
122066948
122166850
122266752
122366654
122466556
122566458
122666360
122766262
122866164
122966066
123065968
123165870
123265772
123365674
123465576
123565478
123665380
123765282
123865184
123965086
124064988
124164890
124264792
124364694
124464596
124564498
124664400
124764302
124864204
124964106
125064008
125163910
125263812
125363714
125463616
125563518
125663420
125763322
125863224
125963126
126063028
126162930
126262832
126362734
126462636
126562538
126662440
126762342
126862244
126962146
127062048
127161950
127261852
127361754
127461656
127561558
127661460
127761362
127861264
127961166
128061068
128160970
128260872
128360774
128460677
128560579
128660481
128760383
128860285
128960188
129060090
129159992
129259895
129359797
129459699
129559601
129659503
129759405
129859307
129959210
130059112
130159014
130258916
130358818
130458721
130558623
130658525
130758427
130858329
130958232
131058134
131158036
131257938
131357841
131457743
131557645
131657547
131757449
131857352
131957254
132057156
132157058
132256960
132356863
132456765
132556667
132656570
132756472
132856374
132956277
133056179
133156081
133255984
133355886
133455788
133555691
133655593
133755496
133855398
133955300
134055203
134155105
134255008
134354910
134454813
134554715
134654618
134754520
134854423
134954325
135054228
135154130
135254033
135353935
135453838
135553740
135653643
135753545
135853448
135953350
136053253
136153155
136253058
136352960
136452863
136552766
136652668
136752571
136852474
136952377
137052280
137152183
137252086
137351989
137451892
137551795
137651698
137751601
137851504
137951407
138051310
138151213
138251116
138351019
138450922
138550825
138650728
138750631
138850534
138950437
139050340
139150243
139250146
139350049
139449952
139549855
139649758
139749661
139849564
139949467
140049370
140149273
140249176
140349079
140448982
140548885
140648788
140748691
140848594
140948497
141048400
141148303
141248206
141348109
141448012
141547915
141647818
141747721
141847624
141947527
142047430
142147333
142247236
142347139
142447042
142546945
142646848
142746751
142846654
142946557
143046460
143146363
143246266
143346169
143446072
143545975
143645878
143745781
143845684
143945587
144045490
144145393
144245296
144345199
144445102
144545005
144644908
144744811
144844714
144944617
145044520
145144423
145244326
145344229
145444132
145544035
145643938
145743841
145843744
145943648
146043551
146143454
146243357
146343260
146443164
146543067
146642970
146742873
146842777
146942680
147042583
147142486
147242390
147342293
147442196
147542100
147642003
147741906
147841809
147941712
148041615
148141518
148241421
148341324
148441227
148541130
148641033
148740936
148840839
148940742
149040645
149140548
149240451
149340354
149440257
149540160
149640063
149739966
149839869
149939772
150039675
150139579
150239482
150339385
150439288
150539191
150639095
150738998
150838901
150938804
151038708
151138611
151238514
151338417
151438321
151538224
151638127
151738031
151837934
151937837
152037741
152137644
152237548
152337451
152437355
152537258
152637162
152737065
152836969
152936872
153036776
153136679
153236583
153336486
153436390
153536293
153636197
153736100
153836004
153935907
154035811
154135714
154235618
154335522
154435425
154535329
154635233
154735136
154835040
154934944
155034848
155134752
155234656
155334560
155434464
155534368
155634272
155734176
155834080
155933984
156033888
156133792
156233696
156333600
156433504
156533408
156633312
156733216
156833120
156933024
157032928
157132832
157232736
157332640
157432544
157532448
157632352
157732256
157832160
157932064
158031968
158131872
158231776
158331680
158431584
158531488
158631392
158731296
158831200
158931104
159031008
159130912
159230816
159330720
159430624
159530528
159630432
159730336
159830240
159930144
160030048
160129952
160229856
160329760
160429664
160529568
160629472
160729376
160829280
160929184
161029088
161128992
161228896
161328800
161428704
161528608
161628512
161728416
161828320
161928224
162028128
162128032
162227936
162327840
162427744
162527648
162627553
162727457
162827361
162927265
163027169
163127074
163226978
163326882
163426787
163526691
163626595
163726499
163826404
163926308
164026212
164126117
164226021
164325925
164425830
164525734
164625639
164725543
164825448
164925353
165025258
165125163
165225068
165324973
165424878
165524783
165624688
165724593
165824498
165924402
166024306
166124211
166224115
166324019
166423924
166523828
166623732
166723637
166823541
166923446
167023350
167123255
167223159
167323064
167422969
167522874
167622779
167722684
167822589
167922494
168022399
168122304
168222209
168322114
168422019
168521924
168621829
168721734
168821639
168921544
169021449
169121354
169221259
169321164
169421069
169520974
169620879
169720784
169820689
169920594
170020499
170120404
170220309
170320214
170420119
170520024
170619929
170719834
170819739
170919644
171019549
171119454
171219359
171319264
171419169
171519075
171618980
171718885
171818790
171918695
172018600
172118505
172218411
172318316
172418221
172518126
172618031
172717937
172817842
172917747
173017652
173117557
173217463
173317368
173417273
173517178
173617083
173716989
173816894
173916799
174016704
174116610
174216515
174316420
174416326
174516231
174616137
174716042
174815948
174915853
175015759
175115664
175215570
175315475
175415381
175515286
175615192
175715097
175815003
175914908
176014814
176114720
176214625
176314531
176414436
176514342
176614248
176714154
176814060
176913966
177013872
177113778
177213684
177313590
177413496
177513402
177613308
177713214
177813120
177913026
178012932
178112838
178212744
178312650
178412556
178512462
178612368
178712274
178812180
178912086
179011992
179111898
179211804
179311710
179411616
179511522
179611428
179711334
179811240
179911146
180011052
180110958
180210864
180310770
180410676
180510583
180610489
180710395
180810301
180910207
181010113
181110019
181209925
181309832
181409738
181509644
181609550
181709456
181809362
181909268
182009175
182109081
182208987
182308894
182408800
182508707
182608613
182708520
182808426
182908333
183008239
183108146
183208052
183307959
183407865
183507772
183607678
183707585
183807491
183907398
184007304
184107211
184207117
184307024
184406930
184506837
184606744
184706651
184806558
184906465
185006372
185106279
185206186
185306093
185406000
185505907
185605814
185705721
185805628
185905535
186005442
186105349
186205256
186305163
186405070
186504977
186604884
186704791
186804698
186904605
187004512
187104419
187204326
187304233
187404140
187504047
187603954
187703861
187803768
187903675
188003582
188103489
188203396
188303303
188403210
188503117
188603024
188702931
188802838
188902745
189002652
189102560
189202467
189302374
189402281
189502189
189602096
189702003
189801911
189901818
190001725
190101633
190201540
190301448
190401355
190501263
190601170
190701078
190800985
190900893
191000801
191100709
191200616
191300524
191400432
191500340
191600248
191700156
191800064
191899972
191999880
192099788
192199696
192299604
192399512
192499420
192599328
192699236
192799144
192899052
192998960
193098868
193198776
193298684
193398592
193498500
193598408
193698316
193798224
193898132
193998040
194097948
194197856
194297764
194397672
194497580
194597488
194697396
194797304
194897212
194997120
195097028
195196936
195296844
195396752
195496660
195596568
195696476
195796384
195896292
195996201
196096109
196196017
196295925
196395833
196495741
196595649
196695557
196795465
196895373
196995281
197095189
197195097
197295005
197394913
197494821
197594729
197694638
197794546
197894454
197994362
198094270
198194178
198294087
198393995
198493903
198593811
198693719
198793628
198893536
198993444
199093352
199193261
199293169
199393077
199492985
199592894
199692802
199792710
199892618
199992527
200092435
200192343
200292251
200392160
200492068
200591976
200691884
200791793
200891701
200991609
201091517
201191426
201291334
201391243
201491151
201591060
201690968
201790877
201890785
201990694
202090602
202190511
202290419
202390328
202490236
202590145
202690053
202789962
202889870
202989779
203089687
203189596
203289505
203389413
203489322
203589231
203689140
203789049
203888958
203988866
204088775
204188684
204288593
204388502
204488411
204588320
204688229
204788138
204888047
204987956
205087865
205187774
205287683
205387592
205487501
205587410
205687319
205787228
205887137
205987046
206086955
206186864
206286773
206386682
206486591
206586500
206686409
206786318
206886227
206986136
207086045
207185954
207285863
207385772
207485681
207585590
207685499
207785408
207885317
207985226
208085135
208185044
208284953
208384862
208484771
208584680
208684589
208784498
208884407
208984316
209084225
209184134
209284043
209383952
209483861
209583770
209683679
209783588
209883497
209983407
210083316
210183225
210283134
210383044
210482953
210582862
210682771
210782680
210882590
210982499
211082408
211182317
211282227
211382136
211482045
211581955
211681864
211781774
211881683
211981593
212081502
212181412
212281321
212381231
212481140
212581050
212680959
212780869
212880778
212980688
213080597
213180507
213280416
213380325
213480234
213580144
213680053
213779962
213879872
213979781
214079691
214179600
214279510
214379419
214479329
214579238
214679148
214779057
214878967
214978876
215078786
215178695
215278605
215378514
215478424
215578333
215678243
215778153
215878063
215977972
216077882
216177791
216277701
216377610
216477520
216577429
216677339
216777249
216877159
216977069
217076979
217176889
217276799
217376709
217476619
217576529
217676439
217776349
217876259
217976169
218076079
218175989
218275899
218375809
218475719
218575629
218675539
218775449
218875359
218975269
219075179
219175089
219274999
219374909
219474819
219574729
219674639
219774549
219874459
219974369
220074279
220174189
220274099
220374009
220473919
220573829
220673739
220773649
220873559
220973469
221073379
221173289
221273199
221373109
221473019
221572929
221672839
221772749
221872659
221972569
222072479
222172389
222272299
222372209
222472119
222572029
222671939
222771850
222871760
222971670
223071580
223171491
223271401
223371311
223471221
223571132
223671042
223770952
223870863
223970773
224070683
224170594
224270504
224370415
224470325
224570236
224670146
224770057
224869967
224969878
225069788
225169699
225269609
225369520
225469430
225569341
225669251
225769162
225869073
225968984
226068895
226168806
226268717
226368628
226468539
226568450
226668361
226768272
226868183
226968094
227068005
227167916
227267827
227367738
227467649
227567560
227667471
227767382
227867293
227967204
228067115
228167026
228266937
228366848
228466759
228566670
228666581
228766492
228866403
228966314
229066225
229166136
229266047
229365958
229465869
229565780
229665691
229765602
229865513
229965424
230065335
230165246
230265157
230365068
230464979
230564890
230664801
230764712
230864623
230964534
231064445
231164356
231264267
231364178
231464089
231564000
231663911
231763822
231863734
231963645
232063556
232163467
232263378
232363289
232463201
232563112
232663023
232762935
232862846
232962757
233062668
233162580
233262491
233362402
233462314
233562225
233662137
233762048
233861960
233961871
234061783
234161694
234261606
234361517
234461429
234561340
234661252
234761163
234861075
234960987
235060899
235160811
235260723
235360635
235460547
235560459
235660371
235760283
235860195
235960107
236060019
236159931
236259843
236359755
236459667
236559579
236659491
236759403
236859315
236959227
237059139
237159051
237258963
237358875
237458787
237558699
237658611
237758523
237858435
237958347
238058259
238158171
238258083
238357995
238457907
238557819
238657731
238757643
238857555
238957467
239057379
239157291
239257203
239357115
239457027
239556939
239656851
239756763
239856675
239956587
240056499
240156411
240256323
240356235
240456147
240556059
240655971
240755883
240855795
240955707
241055619
241155531
241255443
241355355
241455267
241555179
241655092
241755004
241854916
241954829
242054741
242154653
242254566
242354478
242454391
242554303
242654215
242754128
242854040
242953953
243053865
243153778
243253690
243353603
243453515
243553427
243653340
243753252
243853165
243953077
244052990
244152902
244252815
244352727
244452640
244552552
244652465
244752378
244852291
244952204
245052117
245152030
245251943
245351856
245451769
245551682
245651595
245751508
245851421
245951334
246051247
246151160
246251073
246350986
246450899
246550812
246650725
246750638
246850551
246950464
247050377
247150290
247250203
247350116
247450029
247549942
247649855
247749768
247849681
247949594
248049507
248149420
248249333
248349246
248449159
248549072
248648985
248748898
248848811
248948724
249048637
249148550
249248463
249348376
249448289
249548202
249648115
249748028
249847941
249947854
250047767
250147680
250247593
250347506
250447420
250547333
250647246
250747159
250847072
250946985
251046898
251146811
251246724
251346637
251446550
251546463
251646376
251746289
251846202
251946115
252046028
252145941
252245855
252345768
252445681
252545594
252645507
252745420
252845334
252945247
253045160
253145073
253244987
253344900
253444813
253544726
253644640
253744553
253844466
253944379
254044293
254144206
254244119
254344033
254443946
254543859
254643773
254743686
254843600
254943513
255043427
255143340
255243254
255343167
255443081
255542994
255642908
255742821
255842735
255942648
256042562
256142476
256242390
256342304
256442218
256542132
256642046
256741960
256841874
256941788
257041702
257141616
257241530
257341444
257441358
257541272
257641186
257741100
257841014
257940928
258040842
258140756
258240670
258340584
258440498
258540412
258640326
258740240
258840154
258940068
259039982
259139896
259239810
259339724
259439638
259539552
259639466
259739380
259839294
259939208
260039122
260139036
260238950
260338864
260438778
260538692
260638606
260738520
260838434
260938348
261038262
261138176
261238091
261338005
261437919
261537833
261637747
261737661
261837576
261937490
262037404
262137318
262237233
262337147
262437061
262536975
262636890
262736804
262836718
262936632
263036547
263136461
263236375
263336289
263436204
263536118
263636032
263735946
263835861
263935775
264035689
264135604
264235518
264335433
264435347
264535262
264635176
264735091
264835005
264934920
265034834
265134749
265234663
265334578
265434493
265534408
265634323
265734238
265834153
265934068
266033983
266133898
266233813
266333728
266433642
266533557
266633471
266733386
266833300
266933215
267033130
267133045
267232960
267332875
267432790
267532705
267632620
267732535
267832450
267932365
268032280
268132195
268232110
268332025
268431940
268531855
268631770
268731685
268831600
268931515
269031430
269131345
269231260
269331175
269431090
269531005
269630920
269730835
269830750
269930665
270030580
270130495
270230410
270330325
270430240
270530155
270630070
270729985
270829900
270929815
271029730
271129645
271229560
271329475
271429390
271529306
271629221
271729136
271829051
271928966
272028882
272128797
272228712
272328627
272428542
272528457
272628372
272728287
272828202
272928117
273028032
273127947
273227863
273327778
273427693
273527608
273627523
273727438
273827354
273927269
274027184
274127099
274227014
274326930
274426845
274526760
274626675
274726591
274826506
274926421
275026337
275126252
275226167
275326083
275425998
275525913
275625829
275725744
275825660
275925575
276025491
276125406
276225322
276325237
276425153
276525068
276624984
276724899
276824815
276924730
277024646
277124562
277224478
277324394
277424310
277524226
277624142
277724058
277823974
277923890
278023806
278123722
278223638
278323554
278423470
278523386
278623302
278723218
278823134
278923050
279022966
279122882
279222798
279322714
279422630
279522546
279622462
279722378
279822294
279922210
280022126
280122042
280221958
280321874
280421790
280521706
280621623
280721539
280821455
280921372
281021288
281121204
281221121
281321037
281420954
281520871
281620787
281720704
281820621
281920538
282020455
282120371
282220288
282320205
282420122
282520039
282619956
282719873
282819790
282919707
283019624
283119541
283219458
283319375
283419292
283519209
283619126
283719043
283818960
283918877
284018794
284118711
284218628
284318545
284418462
284518379
284618296
284718213
284818130
284918047
285017964
285117881
285217798
285317715
285417632
285517549
285617466
285717383
285817300
285917217
286017135
286117052
286216969
286316887
286416804
286516721
286616639
286716556
286816474
286916391
287016309
287116226
287216144
287316061
287415979
287515897
287615815
287715733
287815651
287915569
288015487
288115405
288215323
288315241
288415159
288515077
288614995
288714913
288814831
288914749
289014667
289114585
289214503
289314421
289414339
289514257
289614175
289714093
289814011
289913929
290013847
290113765
290213683
290313601
290413519
290513437
290613355
290713273
290813192
290913110
291013028
291112946
291212865
291312783
291412702
291512620
291612539
291712457
291812376
291912294
292012212
292112131
292212049
292311968
292411886
292511805
292611723
292711642
292811560
292911479
293011397
293111316
293211234
293311153
293411071
293510990
293610909
293710828
293810747
293910665
294010584
294110503
294210422
294310341
294410259
294510178
294610097
294710016
294809935
294909853
295009772
295109691
295209610
295309529
295409448
295509367
295609286
295709205
295809124
295909043
296008962
296108881
296208800
296308719
296408638
296508557
296608476
296708395
296808314
296908233
297008152
297108071
297207990
297307909
297407828
297507747
297607666
297707585
297807504
297907423
298007342
298107261
298207180
298307099
298407018
298506937
298606856
298706775
298806694
298906613
299006532
299106451
299206370
299306289
299406208
299506127
299606047
299705966
299805885
299905804
300005724
300105643
300205562
300305481
300405401
300505320
300605239
300705158
300805078
300904997
301004916
301104835
301204755
301304674
301404593
301504513
301604432
301704351
301804271
301904190
302004109
302104029
302203948
302303867
302403787
302503706
302603626
302703545
302803465
302903384
303003304
303103223
303203143
303303062
303402982
303502901
303602821
303702740
303802660
303902580
304002499
304102419
304202338
304302258
304402178
304502097
304602017
304701937
304801857
304901776
305001696
305101616
305201536
305301456
305401376
305501295
305601215
305701135
305801055
305900975
306000895
306100815
306200735
306300655
306400575
306500495
306600415
306700335
306800255
306900175
307000095
307100015
307199935
307299855
307399775
307499695
307599615
307699535
307799455
307899375
307999295
308099215
308199135
308299055
308398975
308498895
308598815
308698735
308798655
308898575
308998495
309098415
309198335
309298255
309398175
309498095
309598015
309697935
309797855
309897775
309997695
310097615
310197535
310297455
310397375
310497295
310597215
310697135
310797055
310896975
310996895
311096815
311196735
311296655
311396576
311496496
311596416
311696336
311796256
311896177
311996097
312096017
312195938
312295858
312395778
312495698
312595618
312695538
312795459
312895379
312995299
313095219
313195139
313295060
313394980
313494900
313594821
313694741
313794661
313894582
313994502
314094422
314194343
314294263
314394184
314494104
314594024
314693945
314793865
314893786
314993706
315093627
315193547
315293468
315393389
315493309
315593230
315693150
315793071
315892992
315992913
316092834
316192754
316292675
316392595
316492516
316592437
316692358
316792279
316892200
316992121
317092042
317191963
317291884
317391805
317491726
317591647
317691568
317791489
317891410
317991331
318091252
318191173
318291094
318391015
318490936
318590857
318690778
318790699
318890620
318990541
319090462
319190383
319290304
319390225
319490146
319590067
319689988
319789909
319889830
319989751
320089672
320189593
320289514
320389435
320489356
320589277
320689198
320789119
320889040
320988961
321088882
321188803
321288724
321388645
321488566
321588487
321688408
321788329
321888250
321988171
322088092
322188013
322287934
322387855
322487776
322587697
322687618
322787539
322887460
322987381
323087303
323187224
323287145
323387066
323486987
323586909
323686830
323786751
323886672
323986593
324086515
324186436
324286357
324386278
324486200
324586121
324686042
324785963
324885885
324985806
325085727
325185648
325285570
325385491
325485412
325585333
325685255
325785176
325885097
325985018
326084940
326184861
326284782
326384704
326484625
326584546
326684468
326784389
326884310
326984232
327084153
327184074
327283996
327383917
327483839
327583760
327683682
327783603
327883524
327983446
328083367
328183289
328283210
328383132
328483053
328582975
328682896
328782818
328882739
328982661
329082582
329182504
329282425
329382347
329482268
329582190
329682111
329782033
329881954
329981876
330081798
330181719
330281641
330381562
330481484
330581406
330681328
330781250
330881172
330981094
331081016
331180938
331280860
331380782
331480704
331580626
331680548
331780470
331880392
331980314
332080236
332180158
332280080
332380002
332479924
332579846
332679768
332779690
332879612
332979534
333079456
333179378
333279300
333379222
333479144
333579066
333678988
333778910
333878832
333978754
334078676
334178598
334278520
334378442
334478364
334578286
334678208
334778130
334878052
334977974
335077896
335177818
335277740
335377662
335477584
335577506
335677428
335777350
335877272
335977194
336077116
336177038
336276960
336376882
336476804
336576727
336676649
336776571
336876493
336976415
337076337
337176259
337276182
337376104
337476026
337575948
337675871
337775793
337875715
337975637
338075560
338175482
338275404
338375326
338475249
338575171
338675093
338775015
338874938
338974860
339074782
339174705
339274627
339374549
339474472
339574394
339674317
339774239
339874162
339974084
340074006
340173929
340273851
340373773
340473695
340573618
340673540
340773462
340873384
340973307
341073229
341173151
341273073
341372996
341472918
341572840
341672763
341772685
341872607
341972530
342072452
342172375
342272297
342372220
342472142
342572065
342671987
342771909
342871832
342971754
343071676
343171599
343271521
343371444
343471366
343571289
343671211
343771134
343871056
343970979
344070901
344170824
344270746
344370669
344470591
344570514
344670436
344770359
344870281
344970204
345070126
345170049
345269971
345369894
345469816
345569739
345669661
345769584
345869506
345969429
346069351
346169274
346269197
346369120
346469043
346568966
346668889
346768812
346868735
346968658
347068581
347168504
347268427
347368350
347468273
347568196
347668119
347768042
347867965
347967888
348067811
348167734
348267657
348367580
348467503
348567426
348667349
348767272
348867195
348967118
349067041
349166964
349266887
349366810
349466733
349566656
349666579
349766502
349866425
349966348
350066271
350166194
350266117
350366040
350465963
350565886
350665809
350765732
350865655
350965578
351065501
351165424
351265347
351365270
351465193
351565116
351665039
351764962
351864885
351964808
352064731
352164654
352264577
352364500
352464423
352564346
352664269
352764192
352864115
352964038
353063961
353163884
353263807
353363730
353463653
353563576
353663499
353763422
353863345
353963268
354063191
354163114
354263037
354362960
354462884
354562807
354662730
354762653
354862576
354962499
355062422
355162345
355262268
355362191
355462114
355562037
355661960
355761883
355861806
355961730
356061653
356161576
356261499
356361422
356461345
356561268
356661191
356761114
356861038
356960961
357060884
357160807
357260730
357360653
357460577
357560500
357660423
357760346
357860269
357960193
358060116
358160039
358259963
358359886
358459810
358559733
358659657
358759580
358859503
358959427
359059350
359159274
359259197
359359121
359459044
359558968
359658891
359758815
359858738
359958662
360058585
360158509
360258432
360358356
360458279
360558203
360658127
360758050
360857974
360957898
361057821
361157745
361257669
361357593
361457516
361557440
361657364
361757287
361857211
361957134
362057058
362156981
362256905
362356829
362456752
362556676
362656600
362756523
362856447
362956371
363056295
363156218
363256142
363356066
363455990
363555914
363655838
363755762
363855686
363955610
364055534
364155458
364255382
364355306
364455230
364555154
364655078
364755002
364854926
364954850
365054774
365154698
365254622
365354546
365454470
365554394
365654318
365754242
365854166
365954090
366054014
366153938
366253862
366353786
366453710
366553634
366653558
366753482
366853406
366953330
367053254
367153178
367253102
367353026
367452950
367552874
367652798
367752722
367852646
367952570
368052494
368152418
368252342
368352266
368452190
368552114
368652038
368751962
368851886
368951810
369051734
369151658
369251582
369351506
369451430
369551354
369651278
369751202
369851126
369951050
370050974
370150898
370250822
370350746
370450670
370550594
370650518
370750442
370850367
370950291
371050215
371150139
371250063
371349987
371449912
371549836
371649760
371749684
371849609
371949533
372049457
372149382
372249306
372349231
372449155
372549080
372649004
372748928
372848853
372948777
373048702
373148626
373248551
373348475
373448400
373548324
373648249
373748173
373848098
373948022
374047947
374147871
374247796
374347720
374447645
374547569
374647494
374747418
374847343
374947268
375047193
375147118
375247043
375346968
375446893
375546818
375646743
375746668
375846593
375946518
376046443
376146368
376246293
376346218
376446143
376546068
376645993
376745918
376845843
376945768
377045693
377145618
377245543
377345468
377445393
377545318
377645243
377745168
377845093
377945018
378044943
378144868
378244793
378344718
378444643
378544568
378644493
378744418
378844343
378944268
379044193
379144118
379244043
379343968
379443893
379543818
379643743
379743668
379843593
379943518
380043443
380143368
380243293
380343218
380443143
380543068
380642993
380742918
380842843
380942768
381042693
381142618
381242543
381342468
381442393
381542318
381642243
381742168
381842093
381942018
382041943
382141868
382241793
382341718
382441643
382541568
382641493
382741418
382841343
382941268
383041193
383141118
383241044
383340969
383440894
383540819
383640744
383740669
383840594
383940519
384040444
384140369
384240294
384340219
384440144
384540070
384639995
384739920
384839845
384939771
385039696
385139621
385239546
385339472
385439397
385539322
385639248
385739173
385839098
385939024
386038949
386138874
386238800
386338725
386438651
386538576
386638501
386738427
386838352
386938278
387038203
387138128
387238054
387337979
387437905
387537830
387637756
387737681
387837607
387937532
388037458
388137383
388237309
388337235
388437161
388537087
388637013
388736939
388836865
388936791
389036717
389136643
389236569
389336495
389436421
389536347
389636273
389736199
389836125
389936051
390035977
390135903
390235829
390335755
390435681
390535607
390635533
390735459
390835385
390935311
391035237
391135163
391235089
391335015
391434941
391534867
391634793
391734719
391834645
391934571
392034497
392134423
392234349
392334275
392434201
392534127
392634053
392733979
392833905
392933831
393033757
393133683
393233609
393333535
393433461
393533387
393633313
393733239
393833165
393933091
394033017
394132943
394232869
394332795
394432721
394532647
394632573
394732499
394832425
394932351
395032277
395132203
395232129
395332055
395431981
395531907
395631833
395731759
395831685
395931611
396031537
396131463
396231389
396331315
396431241
396531167
396631093
396731020
396830946
396930872
397030798
397130724
397230650
397330577
397430503
397530429
397630355
397730282
397830208
397930134
398030061
398129987
398229913
398329840
398429766
398529692
398629619
398729545
398829472
398929398
399029325
399129251
399229178
399329104
399429030
399528957
399628883
399728810
399828736
399928663
400028589
400128516
400228442
400328369
400428295
400528222
400628148
400728075
400828001
400927928
401027854
401127781
401227707
401327634
401427560
401527487
401627413
401727340
401827266
401927193
402027119
402127046
402226972
402326899
402426825
402526752
402626679
402726605
402826532
402926458
403026385
403126312
403226239
403326166
403426093
403526020
403625947
403725874
403825801
403925728
404025655
404125582
404225509
404325436
404425363
404525290
404625217
404725144
404825071
404924998
405024925
405124852
405224779
405324706
405424633
405524560
405624487
405724414
405824341
405924268
406024195
406124122
406224049
406323976
406423903
406523830
406623757
406723684
406823611
406923538
407023465
407123392
407223319
407323246
407423173
407523100
407623027
407722954
407822881
407922808
408022735
408122662
408222589
408322516
408422443
408522370
408622297
408722224
408822151
408922078
409022005
409121932
409221859
409321786
409421713
409521640
409621567
409721494
409821421
409921348
410021275
410121202
410221129
410321056
410420983
410520910
410620837
410720764
410820691
410920618
411020545
411120472
411220399
411320326
411420253
411520180
411620107
411720034
411819961
411919888
412019815
412119742
412219669
412319596
412419523
412519450
412619377
412719304
412819231
412919158
413019085
413119012
413218939
413318866
413418793
413518721
413618648
413718575
413818502
413918430
414018357
414118284
414218212
414318139
414418066
414517994
414617921
414717848
414817776
414917703
415017630
415117558
415217485
415317412
415417340
415517267
415617195
415717122
415817050
415916977
416016905
416116832
416216760
416316687
416416615
416516542
416616470
416716397
416816325
416916252
417016180
417116107
417216035
417315962
417415890
417515818
417615746
417715673
417815601
417915528
418015456
418115384
418215312
418315240
418415167
418515095
418615023
418714951
418814879
418914807
419014735
419114663
419214591
419314519
419414447
419514375
419614303
419714231
419814159
419914087
420014015
420113943
420213871
420313799
420413727
420513655
420613583
420713511
420813439
420913367
421013295
421113223
421213151
421313079
421413007
421512935
421612863
421712791
421812719
421912647
422012575
422112503
422212431
422312359
422412287
422512215
422612143
422712071
422811999
422911927
423011855
423111783
423211711
423311639
423411567
423511495
423611423
423711351
423811279
423911207
424011135
424111063
424210991
424310919
424410847
424510775
424610703
424710631
424810559
424910487
425010415
425110343
425210271
425310199
425410127
425510055
425609983
425709912
425809840
425909768
426009696
426109625
426209553
426309481
426409410
426509338
426609266
426709195
426809123
426909052
427008980
427108909
427208837
427308766
427408694
427508623
427608551
427708480
427808409
427908338
428008266
428108195
428208124
428308053
428407982
428507911
428607839
428707768
428807697
428907626
429007554
429107483
429207412
429307341
429407270
429507199
429607128
429707057
429806986
429906915
430006844
430106773
430206702
430306631
430406560
430506489
430606418
430706347
430806276
430906205
431006134
431106063
431205992
431305921
431405850
431505779
431605708
431705637
431805566
431905495
432005424
432105353
432205282
432305211
432405140
432505069
432604998
432704927
432804856
432904785
433004714
433104643
433204572
433304501
433404430
433504359
433604288
433704217
433804146
433904075
434004004
434103933
434203862
434303791
434403720
434503649
434603578
434703507
434803436
434903365
435003294
435103223
435203152
435303081
435403010
435502939
435602868
435702797
435802726
435902655
436002584
436102513
436202442
436302371
436402300
436502229
436602158
436702087
436802016
436901945
437001874
437101803
437201733
437301662
437401591
437501520
437601449
437701378
437801307
437901236
438001165
438101094
438201023
438300953
438400882
438500811
438600740
438700669
438800598
438900527
439000456
439100385
439200315
439300244
439400173
439500102
439600031
439699960
439799889
439899819
439999748
440099677
440199606
440299535
440399464
440499393
440599322
440699252
440799181
440899110
440999039
441098969
441198898
441298827
441398757
441498686
441598615
441698545
441798474
441898403
441998333
442098262
442198192
442298121
442398050
442497980
442597909
442697839
442797768
442897697
442997627
443097556
443197486
443297415
443397345
443497274
443597204
443697133
443797063
443896992
443996922
444096852
444196781
444296711
444396640
444496570
444596499
444696428
444796358
444896287
444996217
445096146
445196076
445296005
445395935
445495864
445595794
445695723
445795653
445895582
445995512
446095441
446195371
446295301
446395231
446495160
446595090
446695019
446794949
446894879
446994809
447094739
447194669
447294598
447394528
447494457
447594387
447694317
447794247
447894177
447994107
448094037
448193967
448293897
448393827
448493757
448593687
448693617
448793547
448893477
448993407
449093337
449193267
449293197
449393127
449493057
449592987
449692917
449792847
449892777
449992707
450092637
450192567
450292497
450392427
450492357
450592287
450692217
450792147
450892077
450992007
451091937
451191867
451291797
451391727
451491657
451591587
451691517
451791447
451891377
451991307
452091237
452191167
452291097
452391027
452490957
452590887
452690817
452790747
452890677
452990607
453090537
453190467
453290397
453390327
453490257
453590187
453690117
453790047
453889977
453989907
454089837
454189767
454289697
454389627
454489557
454589487
454689417
454789347
454889277
454989207
455089137
455189067
455288997
455388927
455488857
455588787
455688717
455788647
455888577
455988508
456088438
456188368
456288298
456388228
456488158
456588089
456688019
456787949
456887879
456987809
457087740
457187670
457287600
457387530
457487461
457587391
457687321
457787252
457887182
457987112
458087042
458186973
458286903
458386833
458486764
458586694
458686624
458786555
458886485
458986416
459086346
459186277
459286207
459386138
459486068
459585999
459685929
459785860
459885790
459985721
460085652
460185582
460285513
460385444
460485375
460585305
460685236
460785166
460885097
460985027
461084958
461184889
461284819
461384750
461484681
461584612
461684542
461784473
461884404
461984335
462084265
462184196
462284127
462384058
462483989
462583919
462683850
462783781
462883712
462983643
463083574
463183505
463283436
463383367
463483298
463583229
463683160
463783091
463883022
463982953
464082884
464182815
464282746
464382677
464482608
464582539
464682470
464782401
464882332
464982263
465082194
465182125
465282056
465381987
465481918
465581849
465681780
465781711
465881642
465981573
466081504
466181435
466281366
466381297
466481228
466581159
466681090
466781021
466880952
466980883
467080814
467180745
467280676
467380607
467480538
467580469
467680400
467780331
467880262
467980193
468080124
468180055
468279986
468379917
468479848
468579779
468679710
468779641
468879572
468979503
469079434
469179365
469279296
469379227
469479158
469579089
469679020
469778951
469878882
469978813
470078744
470178675
470278606
470378537
470478468
470578399
470678330
470778261
470878192
470978123
471078054
471177985
471277916
471377847
471477778
471577709
471677640
471777571
471877502
471977433
472077364
472177295
472277226
472377157
472477088
472577019
472676950
472776882
472876813
472976744
473076675
473176606
473276537
473376468
473476399
473576330
473676261
473776192
473876124
473976055
474075986
474175917
474275849
474375780
474475711
474575642
474675574
474775505
474875436
474975368
475075299
475175230
475275162
475375093
475475024
475574956
475674887
475774819
475874750
475974682
476074613
476174545
476274476
476374408
476474339
476574271
476674202
476774134
476874065
476973997
477073928
477173860
477273791
477373723
477473654
477573586
477673517
477773449
477873380
477973312
478073243
478173175
478273107
478373038
478472970
478572902
478672834
478772766
478872697
478972629
479072561
479172493
479272425
479372357
479472289
479572221
479672153
479772085
479872017
479971949
480071881
480171813
480271745
480371677
480471609
480571541
480671473
480771405
480871337
480971269
481071201
481171133
481271065
481370997
481470929
481570861
481670793
481770725
481870657
481970589
482070521
482170453
482270385
482370317
482470249
482570181
482670113
482770045
482869977
482969909
483069841
483169773
483269705
483369637
483469569
483569501
483669433
483769365
483869297
483969229
484069161
484169093
484269025
484368957
484468889
484568821
484668753
484768685
484868617
484968549
485068481
485168413
485268345
485368277
485468209
485568141
485668073
485768005
485867937
485967869
486067801
486167733
486267665
486367597
486467529
486567461
486667393
486767326
486867258
486967190
487067122
487167054
487266987
487366919
487466851
487566783
487666716
487766648
487866580
487966512
488066445
488166377
488266309
488366241
488466174
488566106
488666038
488765971
488865903
488965835
489065768
489165700
489265633
489365565
489465498
489565430
489665363
489765295
489865228
489965160
490065093
490165025
490264958
490364890
490464823
490564755
490664688
490764620
490864553
490964486
491064418
491164351
491264283
491364216
491464148
491564081
491664014
491763947
491863880
491963813
492063746
492163679
492263612
492363545
492463478
492563411
492663344
492763277
492863210
492963143
493063076
493163009
493262942
493362875
493462808
493562741
493662674
493762607
493862540
493962473
494062406
494162339
494262272
494362205
494462138
494562071
494662004
494761937
494861870
494961803
495061736
495161669
495261602
495361535
495461468
495561401
495661334
495761267
495861200
495961133
496061066
496160999
496260932
496360865
496460798
496560731
496660664
496760597
496860530
496960463
497060396
497160330
497260263
497360196
497460129
497560062
497659995
497759928
497859862
497959795
498059728
498159661
498259594
498359528
498459461
498559394
498659328
498759261
498859194
498959128
499059061
499158994
499258928
499358861
499458794
499558728
499658661
499758595
499858528
499958462
500058395
500158329
500258262
500358196
500458129
500558063
500657997
500757931
500857864
500957798
501057732
501157665
501257599
501357532
501457466
501557400
501657333
501757267
501857201
501957135
502057069
502157003
502256936
502356870
502456804
502556737
502656671
502756605
502856538
502956472
503056406
503156339
503256273
503356207
503456140
503556074
503656008
503755941
503855875
503955809
504055742
504155676
504255610
504355543
504455477
504555411
504655345
504755278
504855212
504955146
505055080
505155014
505254948
505354882
505454816
505554750
505654684
505754618
505854552
505954486
506054420
506154354
506254288
506354222
506454156
506554090
506654024
506753958
506853892
506953826
507053760
507153694
507253628
507353562
507453496
507553430
507653364
507753298
507853232
507953166
508053100
508153034
508252968
508352902
508452836
508552770
508652704
508752638
508852572
508952506
509052440
509152374
509252308
509352242
509452176
509552110
509652044
509751978
509851912
509951846
510051780
510151714
510251648
510351582
510451516
510551450
510651384
510751318
510851252
510951186
511051120
511151054
511250988
511350922
511450856
511550790
511650724
511750658
511850592
511950526
512050460
512150394
512250328
512350262
512450196
512550130
512650064
512749998
512849932
512949866
513049800
513149734
513249668
513349602
513449536
513549470
513649404
513749338
513849272
513949206
514049140
514149074
514249009
514348943
514448877
514548812
514648746
514748680
514848615
514948549
515048484
515148418
515248353
515348287
515448222
515548156
515648091
515748025
515847960
515947894
516047829
516147764
516247699
516347634
516447569
516547504
516647439
516747374
516847309
516947244
517047179
517147114
517247049
517346984
517446919
517546854
517646789
517746724
517846659
517946594
518046529
518146464
518246399
518346334
518446269
518546204
518646139
518746074
518846009
518945944
519045879
519145814
519245749
519345684
519445619
519545554
519645489
519745424
519845359
519945294
520045229
520145164
520245099
520345035
520444970
520544905
520644841
520744776
520844711
520944646
521044581
521144517
521244452
521344387
521444323
521544258
521644193
521744129
521844064
521943999
522043935
522143870
522243805
522343741
522443676
522543611
522643547
522743482
522843418
522943353
523043288
523143224
523243159
523343095
523443030
523542966
523642901
523742837
523842772
523942708
524042643
524142579
524242515
524342451
524442387
524542323
524642259
524742195
524842131
524942067
525042003
525141939
525241875
525341811
525441747
525541683
525641619
525741555
525841491
525941427
526041363
526141299
526241235
526341171
526441107
526541043
526640979
526740915
526840851
526940787
527040723
527140659
527240595
527340531
527440467
527540403
527640339
527740275
527840211
527940147
528040083
528140019
528239955
528339891
528439827
528539763
528639699
528739635
528839571
528939507
529039443
529139379
529239315
529339251
529439187
529539123
529639059
529738995
529838931
529938867
530038803
530138740
530238676
530338612
530438548
530538485
530638421
530738357
530838294
530938230
531038167
531138103
531238040
531337976
531437913
531537849
531637786
531737722
531837659
531937595
532037532
532137469
532237405
532337342
532437279
532537216
532637153
532737090
532837027
532936964
533036901
533136838
533236775
533336712
533436649
533536586
533636523
533736460
533836397
533936334
534036271
534136208
534236145
534336082
534436019
534535956
534635893
534735830
534835767
534935704
535035641
535135578
535235515
535335452
535435389
535535326
535635263
535735201
535835138
535935075
536035012
536134949
536234886
536334823
536434760
536534697
536634634
536734572
536834509
536934446
537034383
537134320
537234257
537334195
537434132
537534070
537634007
537733945
537833883
537933821
538033759
538133697
538233635
538333572
538433510
538533448
538633386
538733324
538833262
538933200
539033137
539133075
539233013
539332951
539432889
539532827
539632765
539732703
539832641
539932579
540032517
540132455
540232393
540332331
540432269
540532207
540632145
540732083
540832021
540931959
541031897
541131835
541231773
541331711
541431649
541531587
541631525
541731463
541831401
541931339
542031277
542131215
542231153
542331091
542431029
542530967
542630905
542730843
542830781
542930719
543030657
543130595
543230533
543330471
543430409
543530347
543630285
543730224
543830162
543930100
544030038
544129976
544229915
544329853
544429791
544529729
544629668
544729606
544829544
544929482
545029421
545129359
545229298
545329236
545429175
545529113
545629052
545728990
545828929
545928867
546028806
546128744
546228683
546328621
546428560
546528498
546628437
546728375
546828314
546928253
547028191
547128130
547228069
547328008
547427947
547527886
547627825
547727764
547827703
547927642
548027581
548127520
548227459
548327398
548427337
548527276
548627215
548727154
548827093
548927032
549026971
549126910
549226849
549326788
549426727
549526666
549626605
549726544
549826483
549926422
550026361
550126300
550226240
550326179
550426118
550526058
550625997
550725936
550825876
550925815
551025755
551125694
551225634
551325573
551425513
551525452
551625392
551725331
551825271
551925210
552025150
552125090
552225030
552324970
552424910
552524850
552624790
552724730
552824670
552924610
553024550
553124490
553224430
553324370
553424310
553524250
553624190
553724130
553824070
553924010
554023950
554123890
554223830
554323770
554423710
554523650
554623590
554723530
554823470
554923410
555023350
555123290
555223230
555323170
555423110
555523050
555622990
555722930
555822870
555922811
556022751
556122692
556222632
556322572
556422512
556522453
556622393
556722334
556822274
556922215
557022155
557122095
557222036
557321976
557421917
557521857
557621797
557721737
557821678
557921618
558021559
558121499
558221440
558321380
558421321
558521261
558621202
558721142
558821083
558921023
559020964
559120905
559220846
559320787
559420728
559520669
559620610
559720551
559820492
559920433
560020374
560120315
560220256
560320197
560420138
560520079
560620020
560719961
560819902
560919843
561019784
561119725
561219666
561319607
561419548
561519489
561619430
561719371
561819312
561919253
562019194
562119135
562219076
562319017
562418958
562518899
562618840
562718781
562818722
562918663
563018604
563118545
563218486
563318427
563418369
563518310
563618251
563718192
563818133
563918074
564018016
564117957
564217899
564317840
564417781
564517723
564617664
564717606
564817547
564917489
565017430
565117372
565217313
565317255
565417196
565517138
565617079
565717021
565816962
565916904
566016845
566116787
566216728
566316670
566416611
566516553
566616495
566716437
566816378
566916320
567016261
567116203
567216145
567316087
567416028
567515970
567615912
567715854
567815796
567915738
568015680
568115622
568215564
568315506
568415448
568515390
568615332
568715274
568815216
568915158
569015100
569115042
569214984
569314926
569414868
569514810
569614752
569714694
569814636
569914578
570014520
570114462
570214404
570314346
570414288
570514230
570614172
570714114
570814056
570913998
571013940
571113882
571213824
571313766
571413708
571513650
571613592
571713534
571813476
571913418
572013360
572113302
572213244
572313186
572413128
572513070
572613012
572712954
572812896
572912838
573012780
573112722
573212664
573312606
573412548
573512490
573612433
573712375
573812317
573912260
574012202
574112145
574212087
574312029
574411971
574511913
574611855
574711797
574811739
574911681
575011623
575111565
575211507
575311450
575411392
575511334
575611277
575711219
575811162
575911104
576011047
576110989
576210932
576310874
576410817
576510759
576610702
576710644
576810587
576910529
577010472
577110414
577210357
577310300
577410243
577510186
577610129
577710072
577810015
577909958
578009901
578109844
578209787
578309730
578409673
578509616
578609559
578709502
578809445
578909388
579009331
579109274
579209217
579309160
579409103
579509046
579608989
579708932
579808875
579908818
580008761
580108704
580208647
580308590
580408533
580508476
580608419
580708363
580808306
580908249
581008192
581108135
581208078
581308021
581407965
581507908
581607851
581707794
581807738
581907681
582007624
582107568
582207511
582307455
582407398
582507342
582607285
582707228
582807172
582907115
583007059
583107002
583206946
583306889
583406833
583506776
583606720
583706664
583806608
583906551
584006495
584106438
584206382
584306326
584406270
584506214
584606158
584706102
584806046
584905990
585005934
585105878
585205822
585305766
585405710
585505654
585605598
585705542
585805486
585905430
586005374
586105318
586205262
586305206
586405150
586505094
586605038
586704982
586804926
586904870
587004814
587104758
587204702
587304646
587404590
587504534
587604478
587704422
587804366
587904310
588004254
588104198
588204142
588304086
588404030
588503974
588603918
588703862
588803806
588903750
589003694
589103639
589203583
589303527
589403471
589503415
589603359
589703303
589803247
589903191
590003135
590103079
590203023
590302967
590402911
590502855
590602800
590702744
590802688
590902633
591002577
591102522
591202466
591302411
591402355
591502299
591602244
591702188
591802133
591902077
592002022
592101966
592201911
592301855
592401800
592501744
592601689
592701633
592801578
592901522
593001467
593101411
593201356
593301300
593401245
593501189
593601134
593701079
593801023
593900968
594000912
594100857
594200802
594300747
594400692
594500637
594600582
594700527
594800472
594900417
595000362
595100307
595200252
595300197
595400142
595500087
595600032
595699977
595799922
595899867
595999812
596099757
596199702
596299647
596399592
596499537
596599482
596699427
596799372
596899317
596999262
597099207
597199152
597299097
597399042
597498987
597598932
597698877
597798822
597898767
597998712
598098657
598198602
598298547
598398492
598498437
598598382
598698327
598798272
598898217
598998162
599098107
599198052
599297997
599397942
599497887
599597832
599697777
599797722
599897668
599997613
600097558
600197504
600297449
600397394
600497339
600597284
600697230
600797175
600897120
600997066
601097011
601196956
601296901
601396846
601496792
601596737
601696682
601796628
601896573
601996518
602096464
602196409
602296354
602396299
602496244
602596190
602696135
602796080
602896026
602995971
603095916
603195862
603295807
603395752
603495698
603595643
603695588
603795534
603895479
603995425
604095370
604195316
604295261
604395206
604495152
604595097
604695043
604794988
604894934
604994879
605094825
605194770
605294716
605394661
605494607
605594552
605694498
605794443
605894389
605994334
606094280
606194225
606294171
606394116
606494062
606594008
606693954
606793900
606893846
606993792
607093738
607193684
607293630
607393576
607493522
607593468
607693414
607793360
607893306
607993252
608093198
608193144
608293090
608393036
608492982
608592928
608692874
608792820
608892766
608992712
609092658
609192604
609292550
609392496
609492442
609592388
609692334
609792280
609892226
609992172
610092118
610192064
610292010
610391956
610491902
610591848
610691794
610791740
610891686
610991633
611091579
611191525
611291471
611391417
611491364
611591310
611691256
611791202
611891148
611991095
612091041
612190988
612290934
612390881
612490827
612590773
612690720
612790666
612890613
612990559
613090506
613190452
613290399
613390346
613490293
613590240
613690187
613790134
613890081
613990028
614089975
614189922
614289869
614389816
614489763
614589710
614689657
614789604
614889551
614989498
615089445
615189392
615289339
615389286
615489233
615589180
615689127
615789074
615889021
615988968
616088915
616188862
616288809
616388756
616488703
616588651
616688599
616788546
616888494
616988442
617088390
617188338
617288286
617388234
617488182
617588130
617688078
617788026
617887974
617987922
618087870
618187818
618287766
618387714
618487662
618587610
618687558
618787506
618887454
618987402
619087350
619187298
619287246
619387194
619487142
619587090
619687039
619786987
619886935
619986883
620086831
620186779
620286727
620386675
620486624
620586572
620686521
620786469
620886417
620986366
621086314
621186263
621286211
621386160
621486108
621586057
621686005
621785954
621885902
621985851
622085799
622185748
622285696
622385645
622485594
622585543
622685492
622785441
622885390
622985339
623085288
623185237
623285186
623385135
623485084
623585033
623684982
623784931
623884880
623984829
624084778
624184727
624284676
624384625
624484574
624584523
624684472
624784421
624884370
624984320
625084269
625184218
625284167
625384117
625484066
625584015
625683964
625783914
625883863
625983813
626083762
626183712
626283661
626383610
626483560
626583509
626683459
626783409
626883359
626983309
627083259
627183209
627283159
627383109
627483059
627583009
627682959
627782909
627882859
627982809
628082759
628182709
628282659
628382610
628482560
628582510
628682460
628782410
628882361
628982311
629082262
629182212
629282163
629382113
629482064
629582015
629681966
629781917
629881868
629981819
630081770
630181721
630281672
630381623
630481575
630581526
630681477
630781429
630881380
630981332
631081284
631181236
631281188
631381140
631481092
631581045
631680997
631780949
631880901
631980853
632080806
632180759
632280712
632380666
632480619
632580572
632680525
632780479
632880433
632980387
633080341
633180294
633280248
633380202
633480156
633580110
633680064
633780018
633879972
633979926
634079880
634179834
634279789
634379744
634479699
634579654
634679609
634779564
634879519
634979475
635079430
635179385
635279341
635379296
635479252
635579207
635679163
635779119
635879075
635979031
636078987
636178943
636278899
636378855
636478811
636578767
636678723
636778680
636878636
636978593
637078549
637178506
637278463
637378420
637478377
637578334
637678291
637778248
637878206
637978164
638078122
638178080
638278038
638377997
638477955
638577913
638677872
638777831
638877791
638977751
639077712
639177672
639277633
639377593
639477553
639577513
639677473
639777433
639877393
639977353
640077314
640177274
640277235
640377196
640477157
640577118
640677079
640777041
640877002
640976964
641076926
641176888
641276850
641376812
641476774
641576737
641676699
641776661
641876623
641976586
642076548
642176511
642276474
642376436
642476398
642576360
642676322
642776284
642876246
642976208
643076170
643176133
643276095
643376057
643476019
643575982
643675944
643775907
643875870
643975833
644075796
644175759
644275721
644375684
644475646
644575608
644675570
644775533
644875495
644975458
645075421
645175384
645275347
645375310
645475272
645575235
645675198
645775161
645875124
645975087
646075050
646175013
646274976
646374939
646474902
646574865
646674827
646774790
646874753
646974715
647074678
647174640
647274603
647374566
647474529
647574492
647674455
647774417
647874380
647974342
648074305
648174268
648274231
648374194
648474157
648574119
648674082
648774045
648874008
648973971
649073934
649173897
649273860
649373823
649473786
649573749
649673712
649773675
649873638
649973601
650073564
650173527
650273490
650373453
650473416
650573379
650673342
650773305
650873268
650973231
651073194
651173157
651273120
651373083
651473046
651573009
651672972
651772935
651872898
651972861
652072824
652172788
652272751
652372714
652472677
652572641
652672604
652772567
652872531
652972494
653072457
653172421
653272384
653372348
653472312
653572275
653672239
653772203
653872167
653972131
654072095
654172058
654272022
654371986
654471950
654571914
654671878
654771842
654871806
654971770
655071734
655171698
655271662
655371626
655471590
655571554
655671518
655771482
655871446
655971410
656071374
656171338
656271302
656371266
656471230
656571194
656671158
656771122
656871086
656971050
657071014
657170978
657270942
657370906
657470870
657570834
657670798
657770762
657870726
657970690
658070654
658170618
658270582
658370546
658470511
658570475
658670439
658770403
658870367
658970331
659070295
659170259
659270223
659370187
659470151
659570115
659670079
659770043
659870007
659969971
660069936
660169900
660269864
660369829
660469793
660569757
660669722
660769686
660869651
660969615
661069580
661169545
661269510
661369475
661469440
661569405
661669370
661769335
661869300
661969265
662069230
662169195
662269160
662369125
662469090
662569055
662669020
662768985
662868950
662968915
663068880
663168845
663268810
663368775
663468740
663568706
663668671
663768636
663868601
663968567
664068532
664168497
664268463
664368428
664468394
664568359
664668325
664768290
664868256
664968221
665068187
665168153
665268119
665368085
665468051
665568016
665667982
665767947
665867913
665967878
666067844
666167809
666267775
666367740
666467706
666567671
666667637
666767603
666867569
666967535
667067501
667167467
667267433
667367399
667467365
667567331
667667297
667767263
667867229
667967195
668067161
668167127
668267093
668367059
668467025
668566991
668666957
668766923
668866889
668966855
669066821
669166787
669266753
669366719
669466685
669566651
669666617
669766583
669866549
669966515
670066481
670166447
670266414
670366380
670466346
670566312
670666278
670766245
670866211
670966177
671066143
671166110
671266076
671366042
671466009
671565975
671665942
671765908
671865875
671965841
672065808
672165774
672265741
672365707
672465674
672565640
672665607
672765573
672865540
672965507
673065474
673165441
673265408
673365375
673465342
673565309
673665276
673765243
673865210
673965177
674065144
674165111
674265078
674365045
674465012
674564979
674664946
674764913
674864880
674964847
675064814
675164781
675264748
675364715
675464682
675564649
675664616
675764583
675864550
675964518
676064485
676164452
676264419
676364386
676464353
676564320
676664287
676764254
676864221
676964188
677064155
677164122
677264089
677364056
677464023
677563990
677663957
677763924
677863891
677963858
678063826
678163793
678263760
678363728
678463695
678563663
678663630
678763598
678863566
678963533
679063501
679163468
679263436
679363404
679463372
679563340
679663308
679763276
679863244
679963212
680063180
680163148
680263116
680363084
680463052
680563020
680662988
680762956
680862924
680962892
681062860
681162828
681262796
681362764
681462732
681562700
681662668
681762636
681862604
681962572
682062540
682162508
682262476
682362444
682462412
682562380
682662349
682762317
682862285
682962253
683062222
683162190
683262158
683362127
683462095
683562064
683662032
683762001
683861969
683961938
684061906
684161875
684261844
684361813
684461782
684561751
684661720
684761689
684861658
684961627
685061596
685161565
685261534
685361503
685461472
685561441
685661410
685761379
685861348
685961317
686061286
686161255
686261224
686361193
686461162
686561131
686661100
686761069
686861038
686961007
687060976
687160945
687260914
687360883
687460852
687560821
687660790
687760760
687860729
687960698
688060668
688160637
688260606
688360575
688460544
688560513
688660483
688760452
688860421
688960391
689060360
689160329
689260299
689360268
689460237
689560206
689660175
689760144
689860114
689960083
690060052
690160022
690259991
690359960
690459930
690559899
690659869
690759838
690859808
690959777
691059747
691159717
691259687
691359657
691459627
691559597
691659567
691759537
691859507
691959477
692059447
692159417
692259387
692359357
692459327
692559297
692659267
692759237
692859207
692959177
693059147
693159117
693259087
693359057
693459027
693558997
693658967
693758937
693858907
693958877
694058847
694158817
694258787
694358757
694458727
694558697
694658667
694758637
694858607
694958578
695058548
695158518
695258488
695358458
695458428
695558398
695658368
695758338
695858308
695958279
696058249
696158219
696258190
696358160
696458130
696558101
696658071
696758042
696858012
696957983
697057953
697157924
697257894
697357865
697457835
697557806
697657776
697757747
697857717
697957688
698057659
698157630
698257601
698357571
698457542
698557513
698657484
698757455
698857426
698957397
699057368
699157339
699257310
699357281
699457252
699557223
699657194
699757165
699857136
699957107
700057078
700157049
700257020
700356991
700456962
700556933
700656904
700756875
700856846
700956817
701056788
701156759
701256730
701356701
701456672
701556643
701656614
701756586
701856557
701956528
702056499
702156471
702256442
702356413
702456385
702556356
702656328
702756299
702856271
702956242
703056214
703156185
703256157
703356128
703456100
703556071
703656043
703756014
703855986
703955957
704055929
704155900
704255872
704355844
704455816
704555788
704655760
704755732
704855704
704955676
705055648
705155620
705255592
705355564
705455536
705555508
705655480
705755452
705855424
705955396
706055368
706155340
706255312
706355284
706455256
706555228
706655200
706755172
706855144
706955116
707055088
707155060
707255032
707355004
707454976
707554948
707654920
707754892
707854864
707954836
708054808
708154780
708254752
708354724
708454697
708554669
708654641
708754613
708854585
708954557
709054530
709154502
709254474
709354446
709454418
709554391
709654363
709754335
709854307
709954280
710054252
710154225
710254197
710354169
710454142
710554114
710654086
710754059
710854031
710954003
711053975
711153948
711253920
711353893
711453865
711553837
711653809
711753782
711853754
711953727
712053699
712153671
712253644
712353616
712453589
712553561
712653533
712753506
712853478
712953451
713053423
713153396
713253368
713353341
713453313
713553286
713653258
713753231
713853203
713953176
714053149
714153121
714253094
714353067
714453039
714553012
714652985
714752958
714852931
714952904
715052877
715152850
715252823
715352796
715452769
715552742
715652715
715752688
715852661
715952634
716052607
716152580
716252553
716352526
716452499
716552472
716652445
716752418
716852391
716952364
717052337
717152310
717252283
717352256
717452229
717552202
717652175
717752148
717852121
717952094
718052067
718152040
718252013
718351986
718451959
718551932
718651905
718751878
718851851
718951824
719051797
719151770
719251743
719351716
719451689
719551662
719651635
719751608
719851581
719951554
720051527
720151500
720251473
720351446
720451419
720551392
720651365
720751339
720851312
720951285
721051258
721151231
721251205
721351178
721451151
721551124
721651097
721751071
721851044
721951017
722050991
722150964
722250938
722350911
722450885
722550858
722650832
722750805
722850779
722950752
723050726
723150699
723250673
723350647
723450621
723550595
723650569
723750543
723850516
723950490
724050463
724150437
724250410
724350384
724450357
724550331
724650305
724750279
724850253
724950227
725050201
725150175
725250149
725350123
725450097
725550071
725650045
725750019
725849993
725949967
726049941
726149915
726249889
726349863
726449837
726549811
726649785
726749759
726849733
726949707
727049681
727149655
727249629
727349603
727449577
727549551
727649525
727749499
727849473
727949447
728049421
728149395
728249369
728349343
728449317
728549291
728649265
728749239
728849213
728949187
729049161
729149135
729249109
729349083
729449057
729549031
729649005
729748979
729848953
729948927
730048901
730148875
730248849
730348823
730448797
730548771
730648745
730748719
730848693
730948667
731048641
731148615
731248589
731348563
731448537
731548511
731648485
731748459
731848433
731948407
732048381
732148355
732248329
732348303
732448278
732548252
732648227
732748201
732848176
732948150
733048125
733148099
733248074
733348048
733448022
733547997
733647971
733747945
733847920
733947894
734047869
734147843
734247818
734347792
734447767
734547741
734647716
734747690
734847665
734947639
735047614
735147589
735247563
735347538
735447513
735547488
735647462
735747437
735847412
735947387
736047362
736147337
736247312
736347287
736447262
736547237
736647212
736747187
736847162
736947137
737047112
737147087
737247062
737347037
737447012
737546987
737646962
737746937
737846912
737946887
738046862
738146837
738246812
738346787
738446762
738546737
738646712
738746687
738846662
738946637
739046612
739146587
739246562
739346537
739446512
739546487
739646462
739746437
739846412
739946387
740046362
740146337
740246312
740346287
740446262
740546237
740646212
740746187
740846162
740946137
741046112
741146087
741246062
741346037
741446012
741545987
741645962
741745937
741845912
741945887
742045862
742145838
742245813
742345788
742445763
742545738
742645714
742745689
742845664
742945640
743045615
743145590
743245566
743345541
743445516
743545492
743645467
743745442
743845418
743945393
744045369
744145344
744245320
744345295
744445271
744545246
744645222
744745197
744845173
744945148
745045124
745145099
745245075
745345051
745445027
745545003
745644979
745744955
745844931
745944907
746044883
746144859
746244835
746344811
746444787
746544763
746644739
746744715
746844691
746944667
747044643
747144619
747244595
747344571
747444547
747544523
747644499
747744475
747844451
747944427
748044403
748144379
748244355
748344331
748444307
748544283
748644259
748744235
748844211
748944187
749044163
749144139
749244115
749344091
749444067
749544043
749644019
749743995
749843971
749943947
750043923
750143899
750243875
750343851
750443827
750543803
750643779
750743755
750843731
750943707
751043683
751143659
751243635
751343611
751443588
751543564
751643540
751743516
751843493
751943469
752043445
752143421
752243398
752343374
752443350
752543327
752643303
752743279
752843256
752943232
753043208
753143185
753243161
753343138
753443114
753543091
753643067
753743044
753843020
753942997
754042973
754142950
754242926
754342903
754442880
754542856
754642833
754742810
754842787
754942764
755042740
755142717
755242694
755342671
755442648
755542625
755642602
755742579
755842556
755942533
756042510
756142487
756242464
756342441
756442418
756542395
756642372
756742349
756842326
756942303
757042280
757142257
757242234
757342211
757442188
757542165
757642142
757742119
757842096
757942073
758042050
758142027
758242004
758341981
758441958
758541935
758641912
758741889
758841866
758941843
759041820
759141797
759241774
759341751
759441728
759541705
759641682
759741659
759841636
759941613
760041590
760141567
760241544
760341521
760441498
760541475
760641452
760741429
760841406
760941384
761041361
761141338
761241316
761341293
761441270
761541248
761641225
761741202
761841179
761941157
762041134
762141111
762241089
762341066
762441043
762541021
762640998
762740975
762840953
762940930
763040907
763140885
763240862
763340839
763440817
763540794
763640771
763740749
763840726
763940704
764040681
764140659
764240636
764340614
764440591
764540569
764640546
764740524
764840501
764940479
765040456
765140434
765240412
765340390
765440368
765540346
765640324
765740302
765840280
765940258
766040236
766140214
766240192
766340170
766440148
766540126
766640104
766740082
766840060
766940038
767040016
767139994
767239972
767339950
767439928
767539906
767639884
767739862
767839840
767939818
768039796
768139774
768239752
768339730
768439708
768539686
768639664
768739642
768839620
768939598
769039576
769139554
769239532
769339510
769439488
769539466
769639444
769739422
769839401
769939379
770039357
770139335
770239313
770339291
770439270
770539248
770639226
770739204
770839183
770939161
771039139
771139117
771239096
771339074
771439052
771539030
771639009
771738987
771838965
771938944
772038922
772138901
772238879
772338858
772438837
772538816
772638794
772738773
772838751
772938730
773038709
773138688
773238666
773338645
773438624
773538603
773638582
773738561
773838540
773938519
774038498
774138477
774238456
774338435
774438414
774538393
774638372
774738351
774838330
774938309
775038288
775138267
775238246
775338225
775438204
775538183
775638162
775738141
775838120
775938099
776038078
776138057
776238036
776338015
776437994
776537973
776637952
776737931
776837910
776937889
777037868
777137847
777237826
777337805
777437784
777537763
777637743
777737722
777837701
777937681
778037660
778137639
778237619
778337598
778437578
778537557
778637537
778737516
778837496
778937475
779037455
779137434
779237414
779337393
779437373
779537353
779637332
779737312
779837292
779937272
780037252
780137232
780237212
780337192
780437172
780537152
780637132
780737112
780837092
780937072
781037052
781137032
781237012
781336992
781436972
781536952
781636932
781736912
781836892
781936872
782036852
782136832
782236812
782336792
782436772
782536752
782636732
782736712
782836693
782936673
783036653
783136634
783236614
783336595
783436576
783536557
783636539
783736520
783836501
783936483
784036464
784136446
784236428
784336409
784436391
784536373
784636355
784736337
784836319
784936301
785036283
785136266
785236248
785336230
785436212
785536194
785636176
785736158
785836141
785936123
786036105
786136088
786236070
786336052
786436035
786536017
786635999
786735982
786835964
786935946
787035929
787135911
787235894
787335877
787435859
787535842
787635825
787735808
787835791
787935774
788035757
788135740
788235723
788335706
788435689
788535672
788635655
788735639
788835622
788935606
789035589
789135573
789235556
789335540
789435524
789535508
789635492
789735476
789835460
789935444
790035428
790135412
790235396
790335380
790435364
790535348
790635333
790735318
790835303
790935289
791035274
791135260
791235245
791335231
791435217
791535203
791635189
791735176
791835162
791935149
792035137
792135126
792235116
792335107
792435099
792535092
792635085
792735078
792835071
792935064
793035058
793135051
793235045
793335039
793435033
793535027
793635022
793735017
793835012
793935007
794035002
794134998
794234995
794334991
794434987
794534983
794634979
794734976
794834972
794934969
795034966
795134963
795234960
795334957
795434954
795534951
795634948
795734945
795834942
795934940
796034937
796134935
796234933
796334930
796434928
796534926
796634924
796734922
796834920
796934918
797034916
797134914
797234912
797334910
797434908
797534907
797634905
797734903
797834901
797934900
798034898
798134896
798234895
798334894
798434893
798534892
798634891
798734891
798834890
798934890
799034890
799134890
799234890
799334890
799434890
