52254
98904
145531
192171
237764
283206
328653
374159
419670
465174
510646
556141
601641
647143
692638
738138
783644
829151
874662
920180
965711
1011229
1056768
1102309
1147848
1193444
1239040
1284647
1330243
1375839
1421464
1467075
1512700
1558314
1603941
1649580
1695240
1740936
1786658
1832312
1877922
1923541
1969155
2014774
2060391
2106010
2151630
2197249
2242875
2288502
2334141
2379782
2425423
2471070
2516711
2562362
2608022
2653683
2699358
2745054
2790776
2836474
2882134
2927795
2973459
3019128
3064803
3110493
3156164
3201839
3247535
3293228
3338924
3384636
3430334
3476035
3521757
3567473
3613195
3658919
3704656
3750408
3796172
3841909
3887654
3933406
3979181
4024948
4070723
4116479
4162254
4208021
4253757
4299479
4345203
4390940
4436681
4482425
4528169
4573910
4619654
4665406
4711151
4756903
4802652
4848404
4894149
4939901
4985670
5031426
5077178
5122927
5168679
5214424
5260176
5305929
5351684
5397437
5443200
5488965
5534730
5580495
5626264
5672034
5717799
5763568
5809337
5855107
5900872
5946641
5992414
6038183
6083958
6129739
6175511
6221286
6267067
6312842
6358617
6404397
6450173
6495953
6541732
6587507
6633288
6679063
6724838
6770618
6816394
6862174
6907960
6953748
6999534
7045322
7091111
7136902
7182693
7228486
7274275
7320066
7365857
7411655
7457446
7503237
7549035
7594837
7640636
7686438
7732241
7778043
7823848
7869650
7915455
7961263
8007068
8052877
8098688
8144503
8190320
8236143
8281959
8327776
8373597
8419420
8465246
8511073
8556901
8602729
8648563
8694391
8740226
8786065
8831909
8877755
8923610
8969460
9015306
9061161
9107023
9152886
9198746
9244608
9290471
9336333
9382196
9428059
9473925
9519793
9565660
9611486
9657303
9703126
9748942
9794759
9840580
9886403
9932229
9978056
10023883
10069711
10115539
10161368
10207201
10253030
10298865
10344703
10390542
10436386
10482232
10528082
10573937
10619783
10665633
10711488
10757350
10803213
10849073
10894935
10940798
10986660
11032523
11078386
11124252
11170120
11215987
11261855
11307724
11353592
11399463
11445334
11491202
11537073
11582945
11628817
11674690
11720565
11766446
11812321
11858203
11904087
11949969
11995855
12041735
12087616
12133498
12179382
12225264
12271150
12317033
12362919
12408806
12454696
12500586
12546479
12592376
12638273
12684166
12730063
12775962
12821859
12867758
12913658
12959559
13005463
13051367
13097271
13143177
13189078
13234979
13280883
13326787
13372691
13418596
13464502
13510408
13556315
13602226
13648137
13694048
13739960
13785872
13831785
13877698
13923612
13969532
14015455
14061379
14107302
14153235
14199167
14245091
14291014
14336942
14382875
14428812
14474750
14520695
14566641
14612579
14658524
14704471
14750416
14796365
14842321
14888279
14934235
14980192
15026150
15072107
15118071
15164042
15210019
15255998
15301975
15347949
15393920
15439897
15485876
15531853
15577835
15623814
15669791
15715774
15761757
15807740
15853724
15899707
15945692
15991678
16037668
16083654
16129642
16175632
16221623
16267611
16313601
16359593
16405581
16451571
16497566
16543558
16589553
16635550
16681550
16727549
16773549
16819554
16865557
16911562
16957564
17003564
17049569
17095572
17141577
17187582
17233588
17279597
17325607
17371618
17417628
17463646
17509656
17555677
17601687
17647708
17693735
17739756
17785772
17831793
17877820
17923841
17969862
18015891
18061928
18107965
18154004
18200044
18246094
18292134
18338174
18384224
18430264
18476310
18522361
18568407
18614458
18660507
18706558
18752612
18798663
18844715
18890766
18936820
18982871
19028926
19074979
19121034
19167090
19213146
19259202
19305262
19351322
19397384
19443446
19489509
19535571
19581631
19627685
19673736
19719791
19765844
19811899
19857955
19904011
19950067
19996125
20042185
20088245
20134304
20180364
20226424
20272486
20318548
20364611
20410673
20456741
20502807
20548869
20594937
20640993
20687049
20733105
20779163
20825223
20871283
20917342
20963402
21009462
21055524
21101586
21147649
21193711
21239779
21285845
21331907
21377975
21424044
21470112
21516183
21562257
21608329
21654403
21700476
21746550
21792624
21838703
21884787
21930868
21976952
22023035
22069119
22115203
22161288
22207374
22253461
22299551
22345646
22391744
22437840
22483938
22530037
22576135
22622234
22668341
22714451
22760550
22806649
22852747
22898846
22944953
22991063
23037175
23083287
23129403
23175522
23221634
23267734
23313841
23359951
23406063
23452175
23498284
23544394
23590506
23636618
23682734
23728853
23774974
23821089
23867205
23913324
23959445
24005574
24051695
24097822
24143948
24190072
24236202
24282325
24328455
24374580
24420710
24466841
24512971
24559106
24605245
24651375
24697510
24743645
24789780
24835915
24882050
24928193
24974328
25020472
25066608
25112752
25158895
25205039
25251184
25297330
25343479
25389626
25435775
25481926
25528075
25574229
25620374
25666517
25712661
25758806
25804952
25851101
25897248
25943397
25989548
26035697
26081851
26128008
26174163
26220312
26266466
26312620
26358777
26404935
26451094
26497246
26543400
26589554
26635711
26681869
26728028
26774185
26820342
26866500
26912659
26958820
27004985
27051150
27097315
27143485
27189654
27235824
27281995
27328168
27374335
27420498
27466663
27512828
27558993
27605161
27651326
27697496
27743665
27789835
27836006
27882179
27928349
27974520
28020693
28066864
28113037
28159210
28205383
28251558
28297734
28343911
28390088
28436265
28482443
28528618
28574793
28620969
28667146
28713323
28759500
28805678
28851855
28898030
28944206
28990383
29036560
29082737
29128915
29175094
29221276
29267455
29313637
29359819
29406002
29452189
29498377
29544565
29590748
29636935
29683123
29729311
29775499
29821688
29867877
29914066
29960255
30006446
30052644
30098839
30145029
30191220
30237411
30283609
30329804
30376002
30422202
30468400
30514601
30560805
30607006
30653213
30699418
30745625
30791830
30838037
30884244
30930451
30976656
31022863
31069071
31115281
31161491
31207701
31253912
31300123
31346334
31392550
31438769
31484987
31531206
31577425
31623644
31669864
31716085
31762306
31808529
31854753
31900977
31947201
31993428
32039655
32085883
32132110
32178338
32224566
32270794
32317021
32363249
32409480
32455708
32501940
32548169
32594401
32640634
32686870
32733106
32779342
32825580
32871819
32918055
32964293
33010532
33056771
33103011
33149252
33195495
33241740
33287986
33334232
33380481
33426731
33472981
33519227
33565476
33611726
33657976
33704228
33750481
33796735
33842987
33889240
33935494
33981747
34028005
34074265
34120523
34166783
34213043
34259306
34305570
34351834
34398099
34444364
34490630
34536897
34583164
34629431
34675700
34721971
34768243
34814518
34860785
34907052
34953321
34999592
35045864
35092139
35138412
35184687
35230962
35277239
35323517
35369794
35416071
35462350
35508632
35554908
35601183
35647458
35693735
35740013
35786290
35832567
35878846
35925128
35971417
36017703
36063992
36110278
36156567
36202856
36249145
36295437
36341731
36388021
36434313
36480607
36526906
36573208
36619512
36665817
36712122
36758426
36804730
36851035
36897340
36943645
36989951
37036261
37082572
37128883
37175188
37221494
37267804
37314115
37360427
37406739
37453053
37499368
37545683
37591999
37638316
37684635
37730957
37777275
37823592
37869911
37916233
37962557
38008880
38055204
38101531
38147854
38194178
38240504
38286831
38333165
38379495
38425829
38472160
38518494
38564827
38611161
38657492
38703826
38750160
38796495
38842832
38889169
38935506
38981843
39028180
39074518
39120860
39167202
39213545
39259890
39306235
39352580
39398927
39445277
39491628
39537973
39584318
39630663
39677010
39723360
39769717
39816067
39862421
39908779
39955138
40001498
40047861
40094221
40140584
40186947
40233307
40279672
40326037
40372406
40418771
40465135
40511495
40557860
40604225
40650594
40696959
40743329
40789698
40836063
40882432
40928797
40975166
41021535
41067902
41114265
41160630
41206995
41253364
41299729
41346098
41392468
41438833
41485202
41531567
41577936
41624305
41670675
41717046
41763417
41809789
41856160
41902533
41948906
41995279
42041656
42088035
42134413
42180792
42227171
42273552
42319931
42366312
42412693
42459077
42505459
42551840
42598221
42644602
42690983
42737367
42783749
42830130
42876514
42922899
42969286
43015671
43062059
43108446
43154831
43201221
43247606
43293996
43340384
43386774
43433163
43479553
43525944
43572337
43618730
43665124
43711517
43757911
43804307
43850703
43897100
43943498
43989898
44036294
44082690
44129086
44175483
44221881
44268281
44314681
44361082
44407484
44453886
44500284
44546684
44593084
44639485
44685887
44732290
44778690
44825091
44871493
44917896
44964298
45010701
45057101
45103502
45149904
45196307
45242710
45289115
45335521
45381929
45428334
45474739
45521145
45567553
45613961
45660370
45706780
45753191
45799602
45846013
45892424
45938835
45985247
46031661
46078074
46124488
46170902
46217316
46263731
46310146
46356561
46402977
46449393
46495811
46542230
46588652
46635076
46681498
46727922
46774347
46820772
46867200
46913625
46960050
47006479
47052905
47099334
47145762
47192191
47238619
47285048
47331477
47377906
47424341
47470778
47517214
47563651
47610090
47656530
47702969
47749409
47795850
47842294
47888738
47935183
47981627
48028072
48074519
48120968
48167415
48213864
48260313
48306760
48353211
48399665
48446116
48492567
48539021
48585478
48631933
48678390
48724853
48771318
48817786
48864254
48910719
48957184
49003652
49050120
49096588
49143057
49189525
49235994
49282462
49328931
49375402
49421875
49468348
49514820
49561289
49607760
49654233
49700706
49747182
49793658
49840134
49886610
49933087
49979564
50026041
50072519
50118997
50165478
50211961
50258444
50304922
50351401
50397882
50444365
50490848
50537331
50583815
50630299
50676783
50723267
50769751
50816238
50862723
50909210
50955697
51002184
51048674
51095164
51141655
51188147
51234640
51281134
51327628
51374118
51420608
51467099
51513591
51560084
51606578
51653072
51699570
51746067
51792561
51839055
51885553
51932053
51978553
52025055
52071555
52118057
52164557
52211059
52257559
52304061
52350563
52397066
52443570
52490073
52536577
52583081
52629586
52676091
52722596
52769103
52815610
52862118
52908627
52955142
53001651
53048160
53094670
53141185
53187702
53234220
53280740
53327259
53373779
53420299
53466820
53513340
53559861
53606381
53652902
53699421
53745941
53792461
53838982
53885502
53932023
53978543
54025069
54071597
54118123
54164651
54211179
54257707
54304236
54350766
54397296
54443830
54490362
54536892
54583422
54629956
54676490
54723023
54769557
54816091
54862628
54909164
54955701
55002239
55048778
55095328
55141867
55188417
55234960
55281510
55328058
55374608
55421158
55467709
55514259
55560811
55607362
55653912
55700462
55747013
55793563
55840115
55886667
55933219
55979771
56026324
56072878
56119434
56165991
56212549
56259108
56305668
56352227
56398786
56445346
56491906
56538470
56585036
56631603
56678168
56724728
56771288
56817852
56864418
56910985
56957552
57004119
57050687
57097255
57143824
57190394
57236963
57283528
57330092
57376658
57423225
57469792
57516359
57562927
57609495
57656064
57702634
57749203
57795771
57842340
57888910
57935481
57982050
58028620
58075189
58121757
58168326
58214896
58261467
58308039
58354611
58401186
58447759
58494331
58540906
58587485
58634062
58680637
58727216
58773793
58820372
58866951
58913533
58960115
59006698
59053280
59099863
59146446
59193029
59239612
59286194
59332777
59379360
59425944
59472527
59519111
59565696
59612283
59658871
59705460
59752050
59798640
59845235
59891826
59938411
59984998
60031586
60078175
60124765
60171355
60217950
60264542
60311135
60357730
60404322
60450917
60497514
60544111
60590706
60637303
60683900
60730498
60777095
60823692
60870291
60916891
60963491
61010092
61056694
61103298
61149904
61196510
61243113
61289717
61336323
61382929
61429535
61476142
61522748
61569355
61615965
61662576
61709188
61755800
61802413
61849027
61895639
61942252
61988866
62035480
62082097
62128714
62175333
62221950
62268569
62315190
62361813
62408437
62455058
62501681
62548303
62594926
62641550
62688174
62734798
62781422
62828047
62874673
62921298
62967923
63014549
63061178
63107804
63154433
63201061
63247690
63294319
63340952
63387587
63434222
63480851
63527484
63574119
63620754
63667387
63714022
63760659
63807297
63853934
63900572
63947211
63993849
64040487
64087126
64133764
64180404
64227044
64273685
64320327
64366971
64413618
64460262
64506911
64553563
64600214
64646859
64693508
64740160
64786811
64833460
64880112
64926764
64973417
65020071
65066724
65113368
65160017
65206665
65253314
65299963
65346613
65393262
65439911
65486560
65533210
65579862
65626512
65673162
65719814
65766466
65813118
65859771
65906425
65953081
65999745
66046397
66093050
66139704
66186360
66233025
66279682
66326347
66373012
66419677
66466346
66513012
66559679
66606344
66653009
66699678
66746344
66793013
66839683
66886354
66933024
66979698
67026373
67073049
67119727
67166405
67213085
67259765
67306445
67353127
67399810
67446493
67493176
67539860
67586546
67633217
67679887
67726557
67773228
67819898
67866572
67913247
67959923
68006601
68053279
68099959
68146639
68193319
68240001
68286684
68333367
68380050
68426734
68473420
68520104
68566791
68613477
68660161
68706849
68753536
68800224
68846913
68893601
68940291
68986982
69033673
69080365
69127057
69173748
69220440
69267132
69313828
69360525
69407223
69453920
69500618
69547317
69594017
69640719
69687422
69734125
69780828
69827531
69874238
69920945
69967652
70014361
70061070
70107779
70154489
70201199
70247909
70294619
70341330
70388043
70434754
70481467
70528180
70574897
70621610
70668327
70715040
70761757
70808475
70855194
70901911
70948629
70995354
71042079
71088799
71135517
71182236
71228954
71275679
71322404
71369129
71415855
71462580
71509306
71556035
71602761
71649490
71696224
71742951
71789677
71836406
71883132
71929861
71976594
72023323
72070057
72116789
72163522
72210251
72256985
72303719
72350454
72397189
72443924
72490661
72537396
72584134
72630873
72677611
72724350
72771092
72817828
72864564
72911302
72958041
73004779
73051518
73098260
73144996
73191734
73238473
73285211
73331950
73378694
73425439
73472184
73518930
73565674
73612419
73659164
73705910
73752655
73799400
73846146
73892892
73939639
73986386
74033133
74079881
74126630
74173379
74220128
74266876
74313623
74360370
74407117
74453865
74500614
74547363
74594112
74640861
74687610
74734360
74781109
74827859
74874609
74921360
74968110
75014861
75061612
75108365
75155118
75201872
75248626
75295380
75342135
75388891
75435647
75482405
75529163
75575921
75622681
75669439
75716198
75762956
75809714
75856474
75903232
75949992
75996750
76043513
76090276
76137041
76183802
76230565
76277328
76324093
76370862
76417631
76464402
76511175
76557947
76604713
76651482
76698251
76745022
76791795
76838570
76885345
76932120
76978897
77025674
77072451
77119229
77166007
77212782
77259559
77306336
77353113
77399891
77446676
77493454
77540232
77587011
77633796
77680574
77727352
77774137
77820924
77867711
77914498
77961286
78008075
78054864
78101653
78148444
78195232
78242021
78288810
78335599
78382389
78429180
78475972
78522765
78569558
78616351
78663145
78709942
78756741
78803540
78850341
78897140
78943942
78990746
79037547
79084349
79131152
79177956
79224757
79271559
79318363
79365168
79411973
79458778
79505583
79552388
79599194
79646001
79692809
79739618
79786425
79833231
79880036
79926842
79973649
80020457
80067266
80114073
80160881
80207690
80254499
80301309
80348118
80394928
80441738
80488547
80535357
80582170
80628981
80675794
80722608
80769424
80816240
80863058
80909876
80956696
81003519
81050340
81097163
81143987
81190810
81237634
81284458
81331285
81378112
81424934
81471757
81518581
81565404
81612228
81659052
81705879
81752706
81799534
81846364
81893192
81940025
81986854
82033681
82080509
82127339
82174167
82221000
82267829
82314662
82361495
82408329
82455164
82501999
82548834
82595669
82642505
82689341
82736177
82783013
82829849
82876686
82923523
82970360
83017198
83064037
83110878
83157719
83204561
83251406
83298252
83345100
83391949
83438799
83485649
83532499
83579349
83626199
83673050
83719902
83766755
83813608
83860462
83907317
83954172
84001030
84047892
84094750
84141615
84188473
84235335
84282193
84329058
84375921
84422785
84469644
84516509
84563372
84610236
84657101
84703964
84750829
84797694
84844559
84891425
84938292
84985159
85032026
85078893
85125760
85172628
85219496
85266365
85313233
85360103
85406972
85453842
85500713
85547587
85594461
85641335
85688210
85735085
85781963
85828840
85875715
85922593
85969472
86016352
86063231
86110112
86156993
86203876
86250760
86297644
86344523
86391404
86438285
86485168
86532052
86578936
86625820
86672705
86719589
86766475
86813363
86860250
86907138
86954028
87000921
87047811
87094706
87141601
87188496
87235391
87282286
87329182
87376079
87422974
87469870
87516767
87563663
87610560
87657458
87704358
87751255
87798151
87845048
87891946
87938846
87985743
88032641
88079542
88126443
88173345
88220248
88267150
88314054
88360958
88407864
88454768
88501672
88548576
88595480
88642386
88689290
88736198
88783102
88830008
88876912
88923821
88970731
89017639
89064543
89111452
89158363
89205276
89252189
89299104
89346015
89392926
89439839
89486752
89533667
89580580
89627493
89674411
89721329
89768251
89815169
89862092
89909011
89955934
90002859
90049782
90096707
90143633
90190560
90237490
90284418
90331345
90378275
90425208
90472138
90519072
90566007
90612942
90659877
90706812
90753747
90800685
90847625
90894563
90941503
90988443
91035384
91082326
91129268
91176211
91223154
91270099
91317044
91363990
91410936
91457882
91504828
91551777
91598726
91645675
91692625
91739575
91786527
91833479
91880431
91927383
91974337
92021291
92068245
92115199
92162153
92209107
92256061
92303016
92349970
92396924
92443878
92490835
92537791
92584745
92631702
92678659
92725616
92772574
92819531
92866490
92913447
92960407
93007369
93054329
93101291
93148254
93195219
93242182
93289147
93336110
93383075
93430040
93477006
93523974
93570940
93617908
93664876
93711844
93758814
93805789
93852762
93899737
93946715
93993692
94040670
94087655
94134634
94181612
94228597
94275580
94322565
94369552
94416537
94463529
94510514
94557507
94604498
94651491
94698484
94745478
94792472
94839469
94886466
94933465
94980462
95027461
95074462
95121463
95168465
95215468
95262472
95309477
95356481
95403485
95450490
95497494
95544501
95591507
95638514
95685522
95732533
95779544
95826555
95873567
95920580
95967594
96014602
96061613
96108624
96155635
96202647
96249660
96296674
96343690
96390706
96437722
96484738
96531754
96578770
96625786
96672802
96719818
96766834
96813851
96860869
96907887
96954906
97001924
97048942
97095961
97142981
97190002
97237025
97284046
97331067
97378090
97425111
97472134
97519159
97566182
97613207
97660233
97707262
97754289
97801318
97848348
97895380
97942410
97989442
98036475
98083509
98130544
98177581
98224619
98271658
98318699
98365740
98412781
98459822
98506863
98553905
98600950
98647995
98695043
98742093
98789146
98836194
98883244
98930298
98977348
99024402
99071472
99118526
99165596
99212667
99259745
99306814
99353884
99400938
99448008
99495068
99542138
99589209
99636287
99683370
99730448
99777518
99824589
99871667
99918750
99965822
100012895
100059965
100107036
100154114
100201192
100248270
100295345
100342416
100389494
100436572
100483649
100530727
100577805
100624883
100671966
100719044
100766122
100813205
100860289
100907374
100954459
101001537
101048620
101095704
101142789
101189875
101236961
101284046
101331132
101378218
101425304
101472390
101519477
101566563
101613651
101660743
101707831
101754924
101802017
101849114
101896210
101943307
101990405
102037501
102084598
102131694
102178791
102225889
102272988
102320084
102367181
102414279
102461379
102508479
102555580
102602682
102649790
102696899
102744014
102791127
102838242
102885360
102932479
102979598
103026716
103073835
103120956
103168080
103215203
103262326
103309444
103356563
103403682
103450800
103497919
103545038
103592157
103639276
103686394
103733513
103780634
103827758
103874881
103922005
103969129
104016256
104063384
104110512
104157640
104204769
104251897
104299021
104346148
104393276
104440404
104487532
104534661
104581792
104628921
104676052
104723185
104770325
104817461
104864595
104911724
104958855
105005988
105053128
105100262
105147402
105194538
105241678
105288819
105335963
105383108
105430249
105477393
105524539
105571686
105618832
105665979
105713130
105760280
105807431
105854582
105901733
105948886
105996042
106043200
106090356
106137514
106184673
106231832
106278994
106326155
106373317
106420480
106467644
106514807
106561974
106609141
106656304
106703466
106750627
106797789
106844952
106892116
106939279
106986446
107033613
107080781
107127948
107175116
107222286
107269459
107316632
107363807
107410983
107458158
107505334
107552510
107599686
107646862
107694039
107741217
107788398
107835577
107882755
107929936
107977117
108024301
108071489
108118677
108165865
108213054
108260243
108307431
108354620
108401811
108449006
108496197
108543391
108590585
108637779
108684975
108732170
108779364
108826560
108873757
108920955
108968160
109015358
109062556
109109761
109156959
109204165
109251363
109298569
109345776
109392983
109440191
109487398
109534606
109581814
109629023
109676236
109723456
109770677
109817893
109865102
109912315
109959535
110006756
110053977
110101198
110148420
110195645
110242875
110290106
110337331
110384561
110431792
110479027
110526259
110573491
110620696
110667898
110715104
110762307
110809513
110856720
110903927
110951134
110998342
111045549
111092757
111139965
111187174
111234387
111281607
111328828
111376044
111423253
111470466
111517686
111564907
111612128
111659349
111706571
111753796
111801026
111848257
111895482
111942712
111989943
112037178
112084410
112131645
112178880
112226116
112273351
112320588
112367829
112415070
112462311
112509555
112556804
112604053
112651302
112698551
112745802
112793058
112840316
112887574
112934832
112982090
113029348
113076608
113123870
113171134
113218400
113265666
113312933
113360199
113407469
113454738
113502005
113549271
113596541
113643812
113691083
113738354
113785626
113832899
113880172
113927444
113974717
114021992
114069264
114116537
114163812
114211085
114258361
114305638
114352915
114400193
114447470
114494750
114542032
114589315
114636599
114683881
114731164
114778449
114825732
114873019
114920306
114967593
115014883
115062173
115109464
115156755
115204048
115251344
115298639
115345932
115393228
115440525
115487822
115535119
115582417
115629716
115677018
115724325
115771627
115818924
115866221
115913519
115960818
116008120
116055427
116102727
116150024
116197321
116244619
116291918
116339219
116386521
116433828
116481130
116528437
116575745
116623053
116670361
116717671
116764984
116812298
116859613
116906933
116954253
117001573
117048894
117096218
117143538
117190859
117238184
117285511
117332836
117380164
117427494
117474823
117522152
117569482
117616813
117664145
117711470
117758798
117806128
117853457
117900786
117948116
117995447
118042785
118090126
118137464
118184794
118232125
118279463
118326804
118374142
118421484
118468822
118516164
118563503
118610844
118658189
118705530
118752875
118800225
118847576
118894928
118942276
118989626
119036977
119084329
119131680
119179033
119226384
119273737
119321093
119368444
119415797
119463150
119510506
119557857
119605210
119652566
119699924
119747280
119794638
119842000
119889363
119936722
119984080
120031442
120078804
120126167
120173530
120220892
120268255
120315619
120362982
120410346
120457710
120505075
120552439
120599804
120647168
120694533
120741897
120789264
120836632
120884001
120931371
120978741
121026111
121073481
121120851
121168221
121215591
121262963
121310338
121357712
121405087
121452463
121499839
121547216
121594593
121641971
121689349
121736729
121784107
121831487
121878865
121926250
121973634
122021019
122068404
122115789
122163173
122210558
122257945
122305332
122352719
122400108
122447496
122494885
122542275
122589666
122637059
122684452
122731849
122779242
122826639
122874037
122921436
122968834
123016233
123063633
123111032
123158434
123205834
123253236
123300640
123348045
123395451
123442858
123490265
123537670
123585076
123632483
123679891
123727301
123774712
123822124
123869536
123916951
123964365
124011777
124059192
124106607
124154019
124201434
124248850
124296268
124343687
124391109
124438530
124485952
124533377
124580802
124628228
124675656
124723089
124770517
124817954
124865384
124912821
124960256
125007693
125055132
125102550
125149969
125197391
125244812
125292234
125339659
125387084
125434510
125481938
125529369
125576799
125624230
125671666
125719097
125766534
125813969
125861406
125908848
125956288
126003725
126051167
126098610
126146052
126193482
126240913
126288349
126335780
126383217
126430652
126478089
126525531
126572971
126620408
126667847
126715289
126762729
126810166
126857608
126905051
126952501
126999950
127047399
127094849
127142300
127189751
127237204
127284657
127332110
127379563
127427016
127474471
127521924
127569380
127616833
127664286
127711739
127759192
127806645
127854100
127901553
127949009
127996465
128043922
128091379
128138836
128186292
128233745
128281198
128328653
128376106
128423562
128471018
128518475
128565932
128613389
128660847
128708306
128755766
128803229
128850692
128898157
128945623
128993088
129040555
129088023
129135492
129182965
129230438
129277904
129325370
129372836
129420303
129467771
129515240
129562713
129610186
129657660
129705135
129752611
129800088
129847564
129895040
129942517
129989997
130037476
130084956
130132437
130179917
130227398
130274879
130322363
130369847
130417334
130464824
130512314
130559806
130607300
130654793
130702283
130749775
130797269
130844765
130892260
130939756
130987253
131034752
131082252
131129753
131177252
131224752
131272253
131319756
131367260
131414766
131462270
131509776
131557280
131604786
131652292
131699798
131747305
131794813
131842320
131889828
131937339
131984851
132032364
132079878
132127396
132174922
132222449
132269969
132317491
132365013
132412539
132460064
132507583
132555105
132602631
132650156
132697678
132745200
132792722
132840248
132887775
132935305
132982836
133030368
133077902
133125434
133172967
133220501
133268033
133315568
133363103
133410638
133458173
133505708
133553244
133600779
133648317
133695855
133743393
133790932
133838470
133886009
133933549
133981089
134028630
134076170
134123712
134171255
134218799
134266343
134313887
134361431
134408976
134456522
134504070
134551616
134599164
134646712
134694260
134741811
134789359
134836912
134884461
134932015
134979565
135027119
135074670
135122224
135169774
135217325
135264873
135312426
135359975
135407529
135455079
135502633
135550184
135597738
135645291
135692844
135740398
135787952
135835506
135883063
135930620
135978177
136025734
136073292
136120851
136168414
136215978
136263541
136311104
136358659
136406212
136453765
136501319
136548873
136596427
136643984
136691539
136739096
136786653
136834210
136881767
136929325
136976884
137024447
137072011
137119574
137167137
137214701
137262264
137309829
137357394
137404957
137452522
137500088
137547658
137595225
137642794
137690363
137737931
137785500
137833070
137880640
137928212
137975789
138023361
138070939
138118517
138166095
138213674
138261253
138308833
138356413
138403993
138451577
138499157
138546741
138594326
138641911
138689496
138737082
138784669
138832256
138879845
138927434
138975023
139022612
139070202
139117793
139165385
139212979
139260571
139308161
139355752
139403344
139450938
139498533
139546129
139593727
139641328
139688932
139736538
139784145
139831753
139879342
139926932
139974523
140022115
140069709
140117301
140164891
140212482
140260074
140307668
140355263
140402859
140450456
140498050
140545645
140593241
140640838
140688436
140736035
140783636
140831238
140878842
140926448
140974055
141021663
141069274
141116882
141164488
141212095
141259703
141307314
141354927
141402542
141450155
141497771
141545388
141593001
141640612
141688225
141735840
141783453
141831069
141878686
141926302
141973919
142021537
142069155
142116771
142164388
142212006
142259624
142307242
142354860
142402478
142450099
142497720
142545341
142592960
142640581
142688202
142735823
142783444
142831067
142878692
142926313
142973934
143021555
143069178
143116801
143164427
143212054
143259682
143307308
143354935
143402563
143450191
143497820
143545449
143593079
143640708
143688338
143735968
143783598
143831230
143878861
143926491
143974123
144021755
144069387
144117022
144164658
144212296
144259934
144307569
144355204
144402840
144450478
144498116
144545754
144593392
144641031
144688669
144736309
144783947
144831591
144879236
144926877
144974515
145022159
145069804
145117448
145165093
145212739
145260387
145308033
145355685
145403331
145450983
145498639
145546297
145593956
145641613
145689271
145736930
145784588
145832247
145879906
145927566
145975228
146022892
146070556
146118220
146165888
146213557
146261225
146308894
146356563
146404228
146451896
146499565
146547233
146594902
146642571
146690242
146737914
146785583
146833254
146880926
146928597
146976272
147023947
147071623
147119298
147166969
147214644
147262319
147309995
147357671
147405354
147453033
147500710
147548392
147596072
147643754
147691435
147739117
147786799
147834481
147882164
147929847
147977530
148025214
148072897
148120580
148168264
148215948
148263632
148311317
148359001
148406685
148454372
148502058
148549742
148597426
148645110
148692795
148740479
148788163
148835850
148883537
148931225
148978913
149026601
149074290
149121978
149169667
149217355
149265044
149312733
149360422
149408112
149455806
149503500
149551193
149598887
149646581
149694275
149741971
149789666
149837362
149885058
149932757
149980459
150028160
150075862
150123567
150171269
150218974
150266678
150314383
150362086
150409788
150457493
150505195
150552900
150600604
150648309
150696014
150743718
150791423
150839129
150886836
150934542
150982250
151029961
151077669
151125378
151173086
151220797
151268505
151316217
151363925
151411637
151459347
151507059
151554770
151602482
151650196
151697911
151745627
151793344
151841064
151888785
151936507
151984229
152031952
152079676
152127399
152175123
152222849
152270577
152318303
152366031
152413760
152461489
152509218
152556949
152604684
152652420
152700157
152747896
152795635
152843374
152891113
152938857
152986601
153034345
153082089
153129835
153177583
153225333
153273088
153320836
153368584
153416334
153464089
153511840
153559596
153607347
153655101
153702851
153750606
153798357
153846113
153893864
153941621
153989373
154037130
154084883
154132640
154180393
154228150
154275904
154323661
154371419
154419183
154466948
154514705
154562459
154610216
154657974
154705738
154753503
154801268
154849032
154896797
154944561
154992325
155040090
155087855
155135619
155183384
155231149
155278914
155326679
155374445
155422214
155469979
155517745
155565513
155613279
155661048
155708814
155756581
155804346
155852112
155899879
155947644
155995410
156043177
156090943
156138709
156186477
156234243
156282009
156329777
156377543
156425312
156473078
156520847
156568620
156616394
156664169
156711944
156759719
156807494
156855267
156903041
156950816
156998591
157046366
157094143
157141918
157189693
157237468
157285244
157333022
157380800
157428579
157476358
157524138
157571920
157619704
157667491
157715278
157763066
157810853
157858642
157906430
157954219
158002009
158049798
158097589
158145378
158193171
158240961
158288754
158336547
158384340
158432133
158479928
158527721
158575514
158623311
158671108
158718901
158766698
158814496
158862296
158910093
158957891
159005691
159053490
159101287
159149080
159196877
159244675
159292475
159340272
159388070
159435870
159483673
159531476
159579276
159627079
159674877
159722677
159770480
159818283
159866083
159913886
159961689
160009492
160057296
160105101
160152905
160200711
160248515
160296323
160344131
160391935
160439743
160487551
160535361
160583171
160630982
160678793
160726603
160774414
160822226
160870038
160917850
160965661
161013473
161061285
161109098
161156913
161204729
161252544
161300356
161348169
161395983
161443796
161491611
161539427
161587245
161635065
161682888
161730712
161778535
161826356
161874174
161921994
161969817
162017641
162065464
162113288
162161114
162208940
162256764
162304590
162352416
162400243
162448070
162495897
162543724
162591551
162639380
162687207
162735036
162782865
162830694
162878523
162926352
162974182
163022012
163069841
163117670
163165500
163213331
163261164
163308998
163356835
163404669
163452506
163500343
163548180
163596017
163643854
163691691
163739530
163787368
163835207
163883046
163930885
163978726
164026567
164074410
164122253
164170099
164217945
164265791
164313639
164361487
164409333
164457181
164505029
164552877
164600726
164648575
164696424
164744273
164792122
164839971
164887821
164935672
164983524
165031379
165079233
165127085
165174940
165222794
165270649
165318503
165366358
165414214
165462071
165509929
165557786
165605644
165653502
165701360
165749219
165797078
165844936
165892791
165940647
165988504
166036362
166084219
166132077
166179935
166227793
166275652
166323511
166371371
166419230
166467089
166514949
166562809
166610672
166658535
166706400
166754265
166802130
166849994
166897854
166945714
166993577
167041440
167089300
167137160
167185023
167232886
167280750
167328615
167376480
167424345
167472210
167520075
167567940
167615806
167663673
167711540
167759409
167807278
167855147
167903017
167950887
167998758
168046629
168094499
168142370
168190241
168238111
168285981
168333852
168381723
168429593
168477464
168525337
168573212
168621089
168668969
168716845
168764722
168812602
168860482
168908362
168956238
169004115
169051995
169099875
169147755
169195635
169243517
169291402
169339287
169387174
169435061
169482951
169530842
169578730
169626620
169674511
169722403
169770299
169818195
169866092
169913990
169961888
170009787
170057685
170105583
170153479
170201375
170249272
170297170
170345068
170392967
170440865
170488765
170536666
170584567
170632468
170680369
170728270
170776172
170824075
170871980
170919886
170967792
171015699
171063609
171111515
171159421
171207328
171255238
171303147
171351054
171398964
171446875
171494783
171542693
171590604
171638515
171686427
171734338
171782251
171830164
171878076
171925987
171973900
172021813
172069726
172117639
172165553
172213469
172261384
172309300
172357216
172405132
172453049
172500968
172548887
172596807
172644724
172692640
172740555
172788471
172836387
172884303
172932220
172980139
173028058
173075978
173123899
173171819
173219739
173267660
173315582
173363504
173411427
173459349
173507271
173555196
173603118
173651043
173698968
173746894
173794819
173842746
173890673
173938600
173986529
174034462
174082391
174130324
174178255
174226188
174274122
174322054
174369987
174417921
174465855
174513789
174561723
174609658
174657592
174705526
174753461
174801396
174849333
174897271
174945209
174993149
175041089
175089027
175136965
175184905
175232845
175280783
175328723
175376663
175424603
175472544
175520487
175568431
175616376
175664321
175712269
175760215
175808163
175856111
175904060
175952007
175999954
176047901
176095849
176143797
176191746
176239695
176287646
176335600
176383552
176431506
176479461
176527415
176575370
176623325
176671278
176719229
176767183
176815135
176863089
176911042
176958996
177006948
177054902
177102856
177150811
177198765
177246720
177294674
177342625
177390579
177438531
177486485
177534439
177582394
177630348
177678303
177726258
177774213
177822170
177870126
177918082
177966039
178013995
178061952
178109910
178157867
178205825
178253782
178301740
178349699
178397657
178445616
178493576
178541536
178589496
178637457
178685420
178733383
178781348
178829313
178877276
178925241
178973207
179021174
179069140
179117109
179165079
179213048
179261018
179308989
179356959
179404932
179452905
179500879
179548855
179596829
179644806
179692783
179740761
179788740
179836720
179884699
179932677
179980656
180028636
180076617
180124599
180172582
180220564
180268550
180316532
180364517
180412499
180460485
180508467
180556453
180604439
180652426
180700413
180748403
180796392
180844383
180892376
180940367
180988360
181036354
181084349
181132344
181180338
181228333
181276328
181324324
181372320
181420316
181468312
181516308
181564304
181612300
181660297
181708294
181756291
181804288
181852285
181900283
181948282
181996282
182044285
182092284
182140284
182188287
182236287
182284287
182332290
182380292
182428295
182476302
182524306
182572313
182620319
182668326
182716333
182764342
182812349
182860359
182908366
182956376
183004383
183052394
183100407
183148418
183196429
183244442
183292455
183340469
183388482
183436498
183484512
183532525
183580538
183628552
183676565
183724581
183772596
183820612
183868629
183916646
183964663
184012681
184060699
184108716
184156734
184204754
184252772
184300792
184348810
184396830
184444848
184492869
184540890
184588912
184636934
184684956
184732978
184781000
184829022
184877044
184925067
184973089
185021112
185069137
185117162
185165187
185213213
185261239
185309266
185357293
185405325
185453358
185501391
185549424
185597457
185645491
185693525
185741560
185789596
185837633
185885670
185933707
185981745
186029782
186077821
186125858
186173895
186221932
186269970
186318007
186366046
186414087
186462126
186510165
186558206
186606249
186654290
186702333
186750378
186798420
186846463
186894508
186942554
186990596
187038639
187086684
187134730
187182777
187230822
187278867
187326913
187374960
187423006
187471053
187519099
187567146
187615194
187663242
187711291
187759340
187807390
187855442
187903494
187951546
187999598
188047653
188095706
188143761
188191816
188239871
188287926
188335984
188384044
188432103
188480161
188528216
188576271
188624326
188672384
188720444
188768503
188816563
188864623
188912680
188960738
189008798
189056857
189104917
189152977
189201038
189249098
189297157
189345217
189393277
189441338
189489399
189537460
189585522
189633584
189681646
189729710
189777776
189825845
189873910
189921974
189970040
190018109
190066178
190114244
190162313
190210382
190258451
190306520
190354591
190402660
190450732
190498803
190546872
190594944
190643015
190691084
190739156
190787228
190835297
190883369
190931441
190979513
191027585
191075658
191123732
191171807
191219883
191267958
191316034
191364111
191412188
191460265
191508346
191556428
191604508
191652589
191700671
191748754
191796838
191844923
191893010
191941094
191989178
192037260
192085343
192133427
192181512
192229599
192277683
192325768
192373855
192421943
192470031
192518120
192566211
192614300
192662389
192710480
192758569
192806660
192854752
192902845
192950938
192999033
193047126
193095219
193143314
193191411
193239510
193287609
193335708
193383807
193431907
193480006
193528108
193576209
193624311
193672413
193720516
193768621
193816727
193864833
193912939
193961047
194009155
194057264
194105371
194153479
194201587
194249696
194297806
194345916
194394029
194442140
194490250
194538363
194586476
194634591
194682705
194730820
194778935
194827050
194875166
194923282
194971398
195019514
195067634
195115754
195163875
195211995
195260116
195308238
195356359
195404482
195452605
195500730
195548855
195596980
195645105
195693233
195741365
195789499
195837629
195885757
195933889
195982023
196030154
196078286
196126420
196174553
196222687
196270823
196318959
196367100
196415241
196463383
196511525
196559668
196607811
196655954
196704097
196752240
196800385
196848531
196896676
196944819
196992962
197041105
197089250
197137396
197185544
197233687
197281832
197329978
197378126
197426275
197474425
197522574
197570726
197618875
197667027
197715179
197763328
197811481
197859636
197907794
197955952
198004111
198052269
198100427
198148586
198196744
198244903
198293065
198341229
198389391
198437555
198485719
198533884
198582048
198630212
198678377
198726541
198774706
198822870
198871034
198919201
198967367
199015531
199063698
199111864
199160030
199208196
199256363
199304529
199352695
199400862
199449029
199497198
199545365
199593534
199641704
199689874
199738043
199786213
199834383
199882554
199930725
199978901
200027075
200075251
200123426
200171602
200219778
200267955
200316132
200364311
200412490
200460667
200508844
200557023
200605203
200653384
200701562
200749741
200797921
200846102
200894283
200942463
200990644
201038825
201087006
201135188
201183369
201231550
201279732
201327914
201376095
201424277
201472459
201520643
201568830
201617018
201665208
201713396
201761587
201809778
201857970
201906165
201954360
202002556
202050751
202098948
202147145
202195344
202243544
202291744
202339948
202388152
202436357
202484561
202532767
202580971
202629177
202677382
202725588
202773794
202822000
202870208
202918414
202966623
203014832
203063041
203111248
203159456
203207662
203255871
203304080
203352289
203400498
203448707
203496917
203545127
203593337
203641547
203689757
203737967
203786178
203834392
203882606
203930821
203979035
204027252
204075467
204123681
204171899
204220118
204268333
204316551
204364770
204412990
204461213
204509437
204557660
204605884
204654104
204702324
204750547
204798771
204846994
204895218
204943446
204991669
205039893
205088118
205136346
205184569
205232793
205281021
205329248
205377475
205425703
205473931
205522160
205570391
205618622
205666856
205715092
205763326
205811562
205859798
205908034
205956271
206004510
206052753
206100999
206149246
206197495
206245747
206293996
206342249
206390502
206438755
206487011
206535268
206583526
206631783
206680041
206728299
206776556
206824816
206873077
206921338
206969599
207017866
207066127
207114394
207162655
207210923
207259193
207307464
207355737
207404008
207452285
207500556
207548829
207597100
207645378
207693656
207741929
207790200
207838453
207886702
207934955
207983208
208031461
208079717
208127974
208176232
208224489
208272747
208321005
208369262
208417522
208465782
208514042
208562303
208610564
208658825
208707092
208755353
208803620
208851881
208900149
208948419
208996690
209044963
209093234
209141511
209189782
209238055
209286326
209334604
209382882
209431155
209479426
209527704
209575982
209624261
209672543
209720822
209769101
209817383
209865662
209913946
209962225
210010507
210058786
210107071
210155361
210203645
210251927
210300206
210348491
210396781
210445074
210493367
210541667
210589960
210638260
210686556
210734856
210783156
210831448
210879738
210928031
210976324
211024618
211072917
211121211
211169511
211217807
211266107
211314407
211362704
211410998
211459297
211507591
211555891
211604187
211652487
211700787
211749089
211797389
211845689
211893991
211942296
211990596
212038898
212087203
212135510
212183818
212232127
212280437
212328747
212377058
212425368
212473678
212521989
212570299
212618610
212666920
212715233
212763547
212811862
212860176
212908491
212956807
213005123
213053441
213101757
213150073
213198391
213246709
213295029
213343347
213391667
213439986
213488306
213536628
213584951
213633274
213681597
213729920
213778243
213826566
213874890
213923217
213971542
214019862
214068182
214116500
214164820
214213139
214261459
214309781
214358104
214406427
214454750
214503073
214551396
214599719
214648043
214696370
214744695
214793018
214841342
214889669
214937999
214986331
215034655
215082982
215131312
215179644
215227973
215276303
215324635
215372965
215421297
215469629
215517962
215566296
215614629
215662962
215711296
215759630
215807965
215856301
215904638
215952976
216001312
216049649
216097987
216146326
216194665
216243005
216291343
216339682
216388021
216436361
216484702
216533042
216581384
216629725
216678067
216726412
216774754
216823099
216871446
216919792
216968137
217016484
217064832
217113183
217161531
217209882
217258236
217306584
217354932
217403283
217451631
217499982
217548337
217596692
217645047
217693403
217741759
217790115
217838471
217886827
217935184
217983542
218031901
218080259
218128618
218176977
218225337
218273698
218322060
218370425
218418789
218467154
218515521
218563889
218612257
218660622
218708986
218757351
218805718
218854086
218902456
218950827
218999198
219047569
219095941
219144315
219192691
219241066
219289442
219337819
219386195
219434573
219482956
219531338
219579714
219628092
219676475
219724860
219773247
219821635
219870024
219918415
219966807
220015199
220063592
220111981
220160372
220208764
220257156
220305548
220353943
220402338
220450735
220499135
220547529
220595921
220644313
220692708
220741103
220789500
220837900
220886297
220934692
220983089
221031487
221079886
221128284
221176684
221225084
221273487
221321889
221370292
221418697
221467102
221515510
221563915
221612320
221660729
221709135
221757544
221805953
221854362
221902771
221951180
221999591
222048003
222096412
222144821
222193232
222241644
222290058
222338477
222386894
222435313
222483732
222532151
222580571
222628990
222677409
222725829
222774251
222822671
222871094
222919520
222967947
223016373
223064793
223113215
223161635
223210058
223258484
223306911
223355337
223403764
223452192
223500621
223549054
223597484
223645917
223694350
223742779
223791208
223839637
223888070
223936500
223984933
224033367
224081801
224130237
224178675
224227112
224275551
224323991
224372431
224420871
224469311
224517752
224566194
224614641
224663089
224711538
224759987
224808439
224856889
224905341
224953794
225002246
225050700
225099152
225147606
225196060
225244517
225292976
225341435
225389897
225438356
225486820
225535287
225583755
225632224
225680694
225729163
225777635
225826099
225874553
225923007
225971464
226019923
226068382
226116844
226165303
226213767
226262231
226310696
226359163
226407631
226456100
226504570
226553039
226601511
226649981
226698453
226746927
226795399
226843873
226892347
226940819
226989293
227037772
227086252
227134731
227183211
227231691
227280171
227328653
227377134
227425616
227474098
227522580
227571062
227619544
227668027
227716510
227764993
227813479
227861969
227910457
227958943
228007433
228055926
228104419
228152914
228201410
228249908
228298394
228346884
228395377
228443870
228492365
228540861
228589360
228637857
228686356
228734856
228783356
228831857
228880357
228928858
228977361
229025865
229074372
229122876
229171383
229219888
229268395
229316901
229365408
229413915
229462422
229510929
229559436
229607943
229656453
229704960
229753470
229801983
229850496
229899009
229947522
229996036
230044551
230093065
230141578
230190092
230238607
230287124
230335645
230384163
230432684
230481202
230529723
230578242
230626763
230675281
230723802
230772322
230820843
230869365
230917888
230966413
231014936
231063463
231111986
231160513
231209040
231257569
231306101
231354633
231403170
231451707
231500239
231548771
231597303
231645840
231694377
231742909
231791446
231839983
231888521
231937060
231985599
232034139
232082679
232131219
232179758
232228297
232276837
232325377
232373918
232422458
232470998
232519538
232568079
232616620
232665161
232713702
232762245
232810786
232859334
232907884
232956433
233004983
233053534
233102088
233150643
233199198
233247753
233296311
233344870
233393430
233441991
233490551
233539114
233587679
233636247
233684822
233733398
233781974
233830542
233879117
233927693
233976273
234024854
234073435
234122018
234170602
234219183
234267764
234316345
234364928
234413512
234462097
234510683
234559271
234607861
234656451
234705041
234753640
234802232
234850822
234899421
234948021
234996619
235045218
235093810
235142400
235190999
235239596
235288195
235336795
235385394
235433993
235482593
235531195
235579798
235628402
235677011
235725623
235774232
235822844
235871456
235920068
235968681
236017296
236065911
236114530
236163149
236211769
236260389
236309009
236357630
236406250
236454872
236503494
236552116
236600739
236649364
236697990
236746618
236795244
236843874
236892504
236941134
236989764
237038394
237087024
237135654
237184285
237232919
237281554
237330190
237378824
237427458
237476093
237524729
237573369
237622010
237670654
237719297
237767938
237816582
237865229
237913877
237962529
238011177
238059828
238108476
238157128
238205776
238254428
238303077
238351729
238400381
238449033
238497681
238546333
238594982
238643634
238692286
238740938
238789587
238838239
238886891
238935550
238984208
239032860
239081519
239130180
239178840
239227495
239276154
239324815
239373475
239422136
239470798
239519459
239568121
239616783
239665446
239714110
239762773
239811437
239860101
239908766
239957433
240006098
240054765
240103432
240152099
240200770
240249442
240298118
240346794
240395472
240444151
240492825
240541495
240590165
240638836
240687508
240736184
240784860
240833538
240882216
240930894
240979573
241028252
241076930
241125609
241174290
241222972
241271653
241320336
241369018
241417701
241466383
241515066
241563748
241612431
241661115
241709799
241758483
241807167
241855851
241904536
241953224
242001909
242050593
242099278
242147964
242196652
242245341
242294026
242342712
242391400
242440089
242488780
242537468
242586157
242634848
242683542
242732236
242780928
242829622
242878316
242927010
242975704
243024398
243073092
243121787
243170484
243219183
243267880
243316579
243365278
243413979
243462681
243511382
243560085
243608792
243657501
243706210
243754919
243803624
243852331
243901040
243949749
243998458
244047170
244095883
244144595
244193308
244242020
244290733
244339445
244388159
244436871
244485586
244534302
244583019
244631736
244680455
244729175
244777896
244826616
244875337
244924059
244972781
245021504
245070231
245118954
245167683
245216410
245265139
245313870
245362601
245411332
245460064
245508799
245557535
245606272
245655009
245703749
245752487
245801224
245849964
245898703
245947441
245996179
246044919
246093656
246142396
246191135
246239875
246288616
246337356
246386099
246434840
246483583
246532327
246581073
246629819
246678565
246727311
246776056
246824800
246873546
246922292
246971038
247019784
247068530
247117277
247166023
247214769
247263520
247312274
247361029
247409785
247458540
247507297
247556053
247604810
247653566
247702323
247751079
247799836
247848593
247897349
247946106
247994863
248043621
248092378
248141137
248189896
248238653
248287412
248336176
248384936
248433695
248482459
248531224
248579989
248628754
248677521
248726286
248775054
248823824
248872589
248921356
248970121
249018889
249067660
249116428
249165199
249213970
249262743
249311515
249360283
249409054
249457825
249506598
249555372
249604146
249652921
249701694
249750468
249799242
249848017
249896793
249945571
249994352
250043130
250091908
250140689
250189470
250238253
250287036
250335817
250384600
250433383
250482167
250530950
250579735
250628521
250677309
250726092
250774877
250823663
250872452
250921244
250970035
251018827
251067623
251116421
251165219
251214017
251262818
251311633
251360435
251409250
251458060
251506875
251555692
251604509
251653324
251702141
251750959
251799779
251848599
251897419
251946245
251995066
252043886
252092712
252141538
252190364
252239194
252288023
252336849
252385679
252434512
252483340
252532170
252581003
252629836
252678671
252727506
252776342
252825179
252874019
252922861
252971703
253020545
253069394
253118243
253167087
253215936
253264785
253313634
253362485
253411336
253460187
253509043
253557897
253606753
253655611
253704468
253753324
253802182
253851046
253899916
253948795
253997665
254046544
254095424
254144307
254193191
254242075
254290959
254339844
254388738
254437637
254486536
254535439
254584340
254633243
254682147
254731053
254779954
254828857
254877752
254926651
254975550
255024453
255073354
255122257
255171161
255220067
255268968
255317871
255366775
255415689
255464593
255513510
255562427
255611344
255660261
255709178
255758095
255807013
255855933
255904854
255953777
256002701
256051625
256100552
256149473
256198394
256247315
256296238
256345162
256394086
256443012
256491943
256540873
256589799
256638730
256687661
256736592
256785519
256834443
256883367
256932293
256981224
257030150
257079076
257128007
257176937
257225863
257274794
257323725
257372656
257421589
257470522
257519455
257568390
257617330
257666271
257715212
257764145
257813080
257862020
257910961
257959906
258008851
258057797
258106744
258155695
258204645
258253596
258302548
258351501
258400455
258449410
258498365
258547321
258596282
258645244
258694205
258743169
258792134
258841103
258890076
258939047
258988020
259036995
259085972
259134950
259183931
259232910
259281891
259330874
259379858
259428842
259477830
259526818
259575809
259624797
259673781
259722769
259771757
259820748
259869745
259918742
259967741
260016738
260065740
260114737
260163728
260212719
260261707
260310691
260359679
260408667
260457658
260506655
260555652
260604651
260653648
260702650
260751647
260800652
260849669
260898677
260947690
260996707
261045715
261094732
261143745
261192762
261241779
261290798
261339817
261388836
261437858
261486883
261535908
261584936
261633965
261682996
261732029
261781051
261830076
261879101
261928129
261977158
262026189
262075222
262124257
262173290
262222323
262271354
262320387
262369422
262418455
262467492
262516529
262565573
262614611
262663654
262712698
262761736
262810780
262859825
262908873
262957921
263006970
263056019
263105067
263154112
263203160
263252208
263301257
263350306
263399355
263448404
263497455
263546508
263595559
263644610
263693659
263742708
263791757
263840806
263889857
263938910
263987961
264037012
264086061
264135112
264184165
264233216
264282267
264331320
264380371
264429425
264478480
264527535
264576590
264625649
264674703
264723758
264772817
264821872
264870932
264919992
264969048
265018108
265067168
265116231
265165295
265214364
265263437
265312504
265361568
265410633
265459696
265508760
265557829
265606902
265655969
265705033
265754102
265803169
265852238
265901311
265950378
265999442
266048511
266097584
266146656
266195729
266244803
266293877
266342952
266392028
266441100
266490173
266539245
266588318
266637392
266686466
266735541
266784617
266833695
266882774
266931854
266980933
267030013
267079092
267128172
267177252
267226333
267275414
267324501
267373589
267422678
267471768
267520858
267569948
267619038
267668128
267717220
267766313
267815407
267864503
267913600
267962697
268011796
268060892
268109986
268159082
268208179
268257276
268306375
268355474
268404573
268453672
268502771
268551874
268600980
268650083
268699189
268748294
268797400
268846506
268895612
268944718
268993824
269042932
269092038
269141148
269190259
269239369
269288480
269337591
269386701
269435813
269484927
269534042
269583156
269632272
269681397
269730511
269779627
269828752
269877866
269926982
269976107
270025228
270074353
270123479
270172602
270221727
270270853
270319981
270369110
270418239
270467369
270516498
270565636
270614770
270663899
270713037
270762173
270811311
270860451
270909589
270958732
271007871
271057014
271106160
271155306
271204452
271253599
271302747
271351894
271401043
271450191
271499338
271548488
271597638
271646789
271695941
271745092
271794244
271843399
271892552
271941707
271990862
272040017
272089172
272138331
272187490
272236652
272285815
272334979
272384143
272433298
272482457
272531616
272580778
272629941
272679105
272728269
272777434
272826598
272875762
272924927
272974092
273023259
273072428
273121598
273170769
273219944
273269124
273318308
273367483
273416663
273465847
273515026
273564206
273613391
273662572
273711757
273760944
273810132
273859319
273908507
273957696
274006889
274056080
274105273
274154467
274203663
274252857
274302057
274351259
274400463
274449668
274498874
274548080
274597286
274646492
274695699
274744907
274794116
274843334
274892544
274941753
274990966
275040178
275089396
275138606
275187815
275237028
275286246
275335462
275384680
275433900
275483114
275532327
275581545
275630761
275679979
275729199
275778420
275827645
275876870
275926095
275975322
276024547
276073774
276123001
276172229
276221456
276270685
276319914
276369153
276418386
276467625
276516865
276566102
276615341
276664581
276713828
276763068
276812323
276861563
276910815
276960067
277009319
277058565
277107817
277157069
277206321
277255572
277304824
277354076
277403328
277452581
277501833
277551085
277600338
277649597
277698850
277748109
277797368
277846628
277895887
277945150
277994416
278043679
278092938
278142197
278191457
278240716
278289979
278339245
278388512
278437780
278487050
278536321
278585594
278634868
278684142
278733418
278782697
278831971
278881245
278930521
278979802
279029078
279078362
279127643
279176927
279226213
279275497
279324785
279374081
279423365
279472653
279521938
279571226
279620522
279669819
279719117
279768419
279817721
279867024
279916326
279965628
280014932
280064234
280113539
280162848
280212160
280261472
280310785
280360097
280409408
280458720
280508032
280557345
280606657
280655970
280705288
280754603
280803921
280853243
280902569
280951891
281001218
281050550
281099881
281149213
281198550
281247884
281297221
281346561
281395914
281445251
281494591
281543944
281593293
281642634
281691974
281741332
281790676
281840031
281889389
281938746
281988094
282037452
282086796
282136151
282185502
282234842
282284200
282333544
282382899
282432257
282481614
282530962
282580320
282629664
282679019
282728377
282777734
282827092
282876451
282925813
282975179
283024547
283073916
283123290
283172659
283222035
283271389
283320744
283370102
283419455
283468807
283518157
283567509
283616864
283666222
283715579
283764937
283814296
283863658
283913024
283962392
284011761
284061131
284110488
284159846
284209205
284258567
284307933
284357297
284406663
284456031
284505400
284554764
284604121
284653479
284702838
284752197
284801557
284850916
284900276
284949635
284998997
285048359
285097725
285147092
285196459
285245825
285295185
285344544
285393906
285443268
285492634
285541998
285591364
285640731
285690098
285739466
285788835
285838205
285887577
285936948
285986320
286035693
286085068
286134441
286183816
286233192
286282569
286331947
286381324
286430703
286480085
286529464
286578843
286628225
286677605
286726987
286776370
286825754
286875140
286924524
286973912
287023300
287072689
287122082
287171471
287220866
287270244
287319623
287369002
287418384
287467763
287517142
287566524
287615904
287665286
287714669
287764053
287813439
287862823
287912211
287961599
288010988
288060378
288109770
288159160
288208555
288257951
288307346
288356741
288406136
288455531
288504927
288554322
288603717
288653113
288702509
288751905
288801301
288850698
288900097
288949499
288998902
289048306
289097708
289147111
289196516
289245923
289295331
289344741
289394157
289443567
289492987
289542408
289591819
289641229
289690640
289740048
289789458
289838874
289888284
289937704
289987125
290036549
290085974
290135398
290184819
290234243
290283668
290333092
290382518
290431944
290481370
290530800
290580232
290629665
290679101
290728539
290777975
290827413
290876850
290926287
290975725
291025169
291074610
291124054
291173498
291222942
291272386
291321831
291371276
291420723
291470174
291519627
291569082
291618537
291667993
291717448
291766904
291816362
291865818
291915276
291964733
292014191
292063649
292113106
292162564
292212024
292261485
292310948
292360412
292409878
292459344
292508809
292558267
292607725
292657182
292706640
292756100
292805561
292855024
292904488
292953954
293003420
293052886
293102354
293151826
293201298
293250768
293300240
293349712
293399184
293448657
293498132
293547607
293597084
293646561
293696038
293745513
293794990
293844467
293893950
293943439
293992916
294042393
294091868
294141345
294190822
294240300
294289783
294339268
294388760
294438252
294487745
294537227
294586709
294636192
294685677
294735169
294784652
294834135
294883620
294933112
294982595
295032080
295081572
295131064
295180557
295230053
295279548
295329044
295378544
295428044
295477545
295527052
295576559
295626068
295675580
295725094
295774608
295824115
295873624
295923136
295972650
296022165
296071681
296121195
296170710
296220227
296269744
296319264
296368785
296418306
296467830
296517365
296566892
296616427
296665956
296715477
296764998
296814522
296864046
296913572
296963102
297012634
297062164
297111699
297161235
297210771
297260302
297309837
297359373
297408909
297458449
297507990
297557533
297607074
297656624
297706174
297755719
297805260
297854810
297904360
297953910
298003460
298053011
298102564
298152119
298201672
298251226
298300780
298350334
298399891
298449449
298499009
298548566
298598124
298647684
298697245
298746806
298796368
298845934
298895501
298945068
298994635
299044202
299093771
299143339
299192908
299242475
299292044
299341612
299391181
299440750
299490325
299539903
299589482
299639062
299688642
299738226
299787815
299837395
299886979
299936570
299986157
300035741
300085332
300134924
300184517
300234109
300283705
300333299
300382891
300432487
300482079
300531675
300581269
300630861
300680457
300730053
300779649
300829246
300878844
300928444
300978047
301027652
301077261
301126871
301176481
301226091
301275701
301325313
301374927
301424546
301474166
301523788
301573408
301623031
301672656
301722283
301771915
301821550
301871183
301920818
301970461
302020101
302069744
302119386
302169029
302218677
302268325
302317972
302367615
302417257
302466900
302516548
302566196
302615845
302665494
302715146
302764795
302814444
302864096
302913745
302963394
303013046
303062695
303112344
303161997
303211649
303261302
303310962
303360618
303410278
303459939
303509605
303559268
303608934
303658597
303708263
303757935
303807607
303857284
303906965
303956642
304006326
304056011
304105697
304155387
304205077
304254774
304304462
304354148
304403838
304453528
304503225
304552923
304602622
304652324
304702026
304751725
304801427
304851130
304900834
304950536
305000239
305049949
305099660
305149371
305199083
305248785
305298488
305348198
305397909
305447620
305497332
305547049
305596768
305646492
305696211
305745930
305795651
305845363
305895075
305944787
305994500
306044214
306093931
306143650
306193374
306243093
306292812
306342536
306392261
306441986
306491711
306541438
306591169
306640903
306690642
306740375
306790106
306839840
306889578
306939317
306989057
307038799
307088542
307138283
307188025
307237768
307287511
307337254
307386997
307436740
307486483
307536230
307585976
307635718
307685461
307735204
307784947
307834690
307884433
307934176
307983923
308033671
308083420
308133170
308182926
308232684
308282440
308332204
308381969
308431740
308481505
308531277
308581045
308630817
308680590
308730366
308780142
308829920
308879699
308929478
308979257
309029037
309078819
309128593
309178369
309228145
309277923
309327702
309377481
309427260
309477040
309526825
309576610
309626396
309676182
309725970
309775759
309825547
309875339
309925132
309974920
310024712
310074508
310124303
310174099
310223907
310273705
310323486
310373267
310423047
310472830
310522615
310572400
310622186
310671972
310721758
310771546
310821335
310871123
310920915
310970707
311020496
311070288
311120080
311169872
311219664
311269459
311319255
311369050
311418846
311468645
311518445
311568244
311618043
311667843
311717642
311767444
311817247
311867050
311916853
311966657
312016460
312066264
312116072
312165880
312215688
312265497
312315306
312365115
312414924
312464733
312514549
312564370
312614180
312663987
312713795
312763603
312813411
312863220
312913029
312962838
313012647
313062456
313112272
313162083
313211899
313261708
313311524
313361345
313411166
313460990
313510811
313560638
313610467
313660297
313710128
313759960
313809793
313859625
313909459
313959294
314009128
314058965
314108803
314158639
314208476
314258314
314308153
314357994
314407833
314457671
314507510
314557351
314607193
314657036
314706879
314756722
314806567
314856414
314906261
314956107
315005954
315055805
315105652
315155503
315205357
315255212
315305071
315354928
315404782
315454637
315504496
315554355
315604219
315654078
315703942
315753810
315803679
315853546
315903414
315953283
316003153
316053023
316102892
316152761
316202628
316252496
316302365
316352235
316402105
316451977
316501849
316551721
316601596
316651468
316701340
316751212
316801084
316850959
316900834
316950709
317000584
317050463
317100339
317150218
317200100
317249986
317299865
317349744
317399626
317449513
317499404
317549292
317599183
317649074
317698963
317748854
317798745
317848637
317898529
317948423
317998318
318048212
318098104
318147998
318197893
318247788
318297683
318347577
318397469
318447363
318497258
318547155
318597051
318646945
318696840
318746737
318796633
318846530
318896428
318946328
318996229
319046132
319096035
319145931
319195826
319245723
319295619
319345516
319395414
319445314
319495215
319545118
319595021
319644927
319694833
319744740
319794649
319844555
319894461
319944368
319994280
320044193
320094108
320144021
320193937
320243854
320293770
320343687
320393604
320443522
320493440
320543358
320593277
320643200
320693119
320743042
320792966
320842890
320892815
320942744
320992672
321042601
321092530
321142460
321192391
321242322
321292253
321342185
321392118
321442051
321491990
321541923
321591862
321641798
321691737
321741676
321791615
321841556
321891495
321941434
321991375
322041317
322091258
322141200
322191143
322241088
322291030
322340973
322390918
322440865
322490814
322540758
322590703
322640646
322690591
322740538
322790487
322840438
322890387
322940338
322990289
323040238
323090190
323140143
323190101
323240053
323290006
323339964
323389917
323439875
323489835
323539797
323589757
323639721
323689686
323739652
323789618
323839584
323889551
323939518
323989485
324039458
324089431
324139400
324189367
324239333
324289300
324339267
324389234
324439207
324489180
324539154
324589127
324639103
324689078
324739054
324789029
324839005
324888982
324938957
324988933
325038912
325088889
325138868
325188847
325238830
325288813
325338796
325388780
325438763
325488746
325538732
325588719
325638704
325688690
325738677
325788664
325838652
325888640
325938629
325988624
326038621
326088618
326138615
326188614
326238611
326288608
326338608
326388608
326438608
326488610
326538616
326588619
326638625
326688633
326738643
326788653
326838663
326888678
326938689
326988704
327038724
327088741
327138761
327188783
327238806
327288829
327338851
327388874
327438901
327488925
327538952
327588980
327639011
327689048
327739082
327789119
327839158
327889194
327939231
327989270
328039307
328089346
328139386
328189427
328239470
328289518
328339561
328389609
328439668
328489716
328539764
328589823
328639884
328689940
328739999
328790061
328840126
328890200
328940265
328990341
329040410
329090480
329140555
329190625
329240702
329290786
329340863
329390948
329441036
329491124
329541218
329591308
329641402
329691499
329741591
329791685
329841775
329891869
329941966
329992060
330042157
330092251
330142351
330192452
330242546
330292643
330342737
330392837
330442940
330493043
330543146
330593249
330643358
330693467
330743577
330793697
330843817
330893942
330944069
330994190
331044315
331094442
331144575
331194713
331244864
331295017
331345173
331395334
331445495
331495651
331545812
331595973
331646135
331696297
331746459
331796621
331846784
331896949
331947115
331997283
332047456
332097628
332147796
332197969
332248143
332298318
332348500
332398685
332448873
332499062
332549250
332599439
332649634
332699843
332750050
332800267
332850476
332900678
332950887
333001094
333051311
333101520
333151727
333201961
333252168
333302402
333352614
333402848
333453085
333503326
333553575
333603816
333654068
333704325
333754579
333804827
333855077
333905329
333955586
334005840
334056097
334106359
334156629
334206891
334257153
334307423
334357707
334407990
334458278
334508562
334558845
334609123
334659407
334709690
334759978
334810262
334860545
334910837
334961129
335011415
335061705
335111997
335162291
335212575
335262867
335313163
335363464
335413766
335464068
335514374
335564687
335615001
335665319
335715646
335765978
335816312
335866647
335917006
335967362
336017721
336068081
336118451
336168811
336219185
336269562
336319947
336370328
336420713
336471092
336521477
336571858
336622243
336672630
336723042
336773435
336823822
336874232
336924644
336975059
337025471
337075888
337126312
337176740
337227173
337277611
337328035
337378463
337428896
337479334
337529779
337580217
337630665
337681114
337731566
337782014
337832462
337882911
337933363
337983821
338034273
338084731
338135193
338185664
338236139
338286610
338337085
338387562
338438041
338488540
338539050
338589574
338640100
338690636
338741195
338791802
338842388
338892980
338943587
338994198
339044865
339095568
339146306
339197009
339247741
339298472
339349151
339399822
339450494
339501195
339551890
339602593
339653313
339704034
339754754
339805486
339856222
339906974
339957736
340008469
340059201
340109937
340160679
340211424
340262176
340312917
340363653
340414394
340465139
340515891
340566653
340617401
340668153
340718915
340769673
340820435
340871199
340921965
340972731
341023497
341074266
341125048
341175814
341226583
341277366
341328141
341378924
341429718
341480503
341531297
341582082
341632848
341683617
341734400
341785175
341835958
341886752
341937537
341988331
342039133
342089927
342140729
342191536
342242339
342293147
342343950
342394744
342445546
342496353
342547156
342597964
342648769
342699577
342750382
342801190
342852006
342902812
342953620
343004436
343055262
343106086
343156902
343207720
343258546
343309369
343360195
343411015
343461841
343512673
343563503
343614335
343665162
343715990
343766822
343817652
343868484
343919324
343970165
344021015
344071845
344122677
344173517
344224354
344275194
344326035
344376886
344427738
344478584
344529425
344580276
344631128
344681982
344732838
344783699
344834553
344885395
344936243
344987094
345037946
345088800
345139656
345190517
345241380
345292245
345343110
345393978
345444843
345495711
345546576
345597444
345648312
345699181
345750050
345800919
345851792
345902662
345953535
346004416
346055296
346106171
346157052
346207932
346258813
346309695
346360579
346411461
346462351
346513242
346564137
346615034
346665934
346716827
346767718
346818613
346869510
346920410
346971311
347022210
347073107
347124007
347174907
347225808
347276717
347327628
347378544
347429460
347480379
347531299
347582218
347633137
347684057
347734980
347785905
347836839
347887774
347938710
347989648
348040585
348091523
348142462
348193406
348244354
348295305
348346258
348397211
348448162
348499115
348550072
348601036
348652005
348702979
348753959
348804941
348855924
348906908
348957898
349008888
349059878
349110885
349161892
349212918
349263956
349314986
349366012
349417046
349468062
349519088
349570119
349621156
349672182
349723213
349774242
349825273
349876308
349927346
349978400
350029447
350080485
350131524
350182578
350233628
350284666
350335705
350386759
350437816
350488870
350539927
350590989
350642043
350693100
350744166
350795228
350846294
350897369
350948449
350999524
351050608
351101693
351152785
351203880
351254972
351306085
351357194
351408307
351459403
351510495
351561588
351612682
351663775
351714887
351765992
351817104
351868214
351919326
351970439
352021557
352072677
352123800
352174913
352226029
352277147
352328267
352379390
352430514
352481638
352532758
352583881
352635002
352686122
352737245
352788369
352839493
352890619
352941743
352992869
353043996
353095125
353146256
353197389
353248524
353299680
353350850
353402012
353453182
353504352
353555530
353606700
353657870
353709057
353760248
353811442
353862650
353913844
353965075
354016288
354067519
354118697
354169884
354221075
354272246
354323433
354374624
354425818
354477015
354528209
354579409
354630611
354681808
354733006
354784202
354835400
354886600
354937802
354989002
355040204
355091406
355142606
355193813
355245022
355296231
355347457
355398670
355449896
355501114
355552340
355603558
355654789
355706034
355757290
355808547
355859815
355911093
355962368
356013636
356064914
356116198
356167486
356218777
356270077
356321372
356372672
356423993
356475329
356526630
356577946
356629266
356680587
356731905
356783216
356834532
356885853
356937178
356988499
357039813
357091128
357142444
357193765
357245101
357296433
357347769
357399105
357450445
357501793
357553148
357604504
357655871
357707246
357758624
357809999
357861379
357912757
357964132
358015520
358066935
358118356
358169771
358221193
358272635
358324069
358375457
358426872
358478293
358529708
358581129
358632544
358683966
358735389
358786831
358838277
358889708
358941131
358992558
359043990
359095432
359146878
359198331
359249769
359301211
359352657
359404110
359455552
359506998
359558457
359609917
359661384
359712855
359764321
359815781
359867248
359918719
359970186
360021660
360073136
360124612
360176083
360227550
360279020
360330489
360381958
360433432
360484908
360536385
360587873
360639363
360690854
360742346
360793839
360845331
360896821
360948312
360999804
361051297
361102793
361154293
361205789
361257289
361308789
361360285
361411793
361463303
361514814
361566325
361617836
361669348
361720864
361772381
361823891
361875402
361926913
361978424
362029936
362081449
362132965
362184484
362236005
362287527
362339049
362390570
362442092
362493614
362545136
362596667
362648189
362699723
362751245
362802781
362854312
362905848
362957385
363008922
363060458
363111994
363163523
363215052
363266579
363318108
363369642
363421175
363472706
363524240
363575773
363627307
363678841
363730377
363781914
363833451
363884987
363936523
363988060
364039600
364091137
364142679
364194216
364245753
364297289
364348825
364400362
364451902
364503439
364554982
364606527
364658070
364709607
364761150
364812695
364864241
364915786
364967332
365018877
365070423
365121970
365173517
365225070
365276623
365328177
365379732
365431286
365482841
365534402
365585965
365637526
365689099
365740672
365792229
365843783
365895338
365946899
365998462
366050023
366101596
366153169
366204743
366256318
366307892
366359469
366411043
366462623
366514206
366565792
366617375
366668962
366720547
366772131
366823716
366875303
366926895
366978486
367030073
367081665
367133257
367184852
367236449
367288047
367339649
367391253
367442854
367494456
367546060
367597667
367649269
367700867
367752464
367804061
367855659
367907261
367958865
368010466
368062068
368113672
368165278
368216883
368268488
368320094
368371702
368423310
368474920
368526528
368578136
368629746
368681360
368732979
368784602
368836227
368887850
368939477
368991104
369042734
369094366
369145993
369197623
369249255
369300889
369352526
369404167
369455802
369507434
369559066
369610700
369662337
369713976
369765617
369817257
369868899
369920539
369972182
370023824
370075467
370127111
370178755
370230399
370282044
370333691
370385337
370436984
370488631
370540278
370591927
370643576
370695228
370746877
370798526
370850180
370901834
370953488
371005143
371056799
371108457
371160117
371211773
371263428
371315084
371366741
371418397
371470055
371521715
371573371
371625026
371676682
371728340
371780000
371831662
371883325
371934989
371986653
372038319
372089988
372141659
372193334
372245009
372296680
372348355
372400035
372451715
372503397
372555081
372606758
372658438
372710118
372761800
372813483
372865165
372916847
372968530
373020213
373071896
373123582
373175269
373226957
373278660
373330351
373382054
373433757
373485462
373537153
373588856
373640559
373692264
373743977
373795681
373847386
373899099
373950819
374002523
374054228
374105941
374157645
374209350
374261063
374312781
374364502
374416220
374467944
374519668
374571390
374623114
374674841
374726573
374778300
374830027
374881759
374933491
374985223
375036959
375088697
375140429
375192161
375243897
375295640
375347383
375399126
375450864
375502607
375554350
375606093
375657837
375709582
375761327
375813072
375864818
375916564
375968313
376020059
376071808
376123557
376175306
376227057
376278810
376330564
376382318
376434072
376485827
376537589
376589345
376641107
376692870
376744634
376796398
376848170
376899956
376951730
377003499
377055271
377107042
377158814
377210586
377262372
377314175
377365983
377417756
377469542
377521333
377573126
377624929
377676737
377728537
377780340
377832148
377883957
377935766
377987575
378039384
378091205
378143028
378194851
378246663
378298482
378350292
378402102
378453911
378505730
378557540
378609359
378661168
378712987
378764797
378816616
378868437
378920260
378972083
379023899
379075718
379127539
379179362
379231185
379283012
379334835
379386660
379438488
379490317
379542152
379593990
379645821
379697653
379749482
379801317
379853155
379904994
379956836
380008677
380060515
380112354
380164196
380216036
380267878
380319722
380371564
380423408
380475253
380527096
380578939
380630782
380682626
380734471
380786316
380838163
380890009
380941854
380993699
381045546
381097393
381149240
381201085
381252930
381304777
381356624
381408472
381460321
381512169
381564018
381615871
381667719
381719568
381771421
381823275
381875129
381926983
381978838
382030695
382082550
382134408
382186266
382238124
382289984
382341846
382393709
382445579
382497442
382549308
382601178
382653041
382704914
382756781
382808664
382860549
382912434
382964322
383016212
383068106
383119996
383171892
383223789
383275689
383327591
383379493
383431395
383483298
383535202
383587109
383639015
383690922
383742829
383794736
383846645
383898558
383950479
384002412
384054333
384106269
384158208
384210150
384262096
384314047
384366006
384417983
384469975
384521952
384573951
384625953
384677960
384729962
384781969
384833981
384885993
384938012
384990055
385042076
385094119
385146161
385198204
385250257
385302327
385354415
385406477
385458547
385510635
385562724
385614812
385666902
385718992
385771100
385823220
385875343
385927463
385979597
386031755
386083936
386136187
386188402
386240643
386292896
