7294
7295
7297
7300
7304
7309
7315
7321
7328
7336
7345
7355
7366
7378
7391
7405
7420
7436
7453
7471
7490
7510
7531
7553
7576
7600
7625
7651
7677
7704
7732
7761
7791
7821
7852
7882
7913
7945
7978
8012
8047
8083
8120
8158
8197
8237
8278
8320
8363
8407
8451
8496
8542
8589
8637
8686
8736
8787
8838
8889
8941
8994
9048
9103
9159
9216
9274
9333
9393
9454
9515
9577
9640
9704
9769
9835
9902
9970
10039
10109
10180
10252
10325
10398
10472
10547
10623
10700
10778
10857
10937
11018
11100
11183
11267
11352
11438
11525
11613
11702
11792
11883
11975
12068
12162
12257
12353
12450
12548
12647
12747
12848
12950
13052
13155
13259
13364
13470
13576
13683
13791
13900
14009
14119
14230
14342
14455
14569
14684
14800
14917
15035
15154
15274
15395
15517
15640
15764
15889
16015
16142
16270
16399
16529
16660
16792
16925
17058
17192
17327
17463
17600
17738
17877
18017
18158
18300
18443
18587
18732
18878
19025
19172
19320
19469
19619
19769
19920
20071
20223
20376
20530
20685
20841
20998
21155
21313
21472
21632
21793
21955
22118
22281
22445
22610
22776
22943
23111
23280
23450
23621
23792
23964
24137
24311
24486
24662
24839
25017
25196
25376
25557
25739
25922
26106
26291
26477
26664
26852
27041
27231
27422
27614
27807
28001
28196
28391
28587
28784
28982
29181
29381
29582
29783
29985
30188
30392
30597
30803
31010
31218
31427
31637
31848
32060
32273
32487
32702
32918
33135
33353
33572
33792
34013
34235
34458
34682
34907
35133
35359
35586
35814
36043
36273
36504
36736
36969
37203
37438
37674
37911
38149
38388
38628
38869
39111
39354
39597
39841
40086
40332
40579
40827
41076
41326
41577
41829
42082
42336
42591
42847
43104
43361
43619
43878
44138
44399
44661
44924
45188
45453
45719
45986
46254
46523
46793
47064
47336
47609
47883
48157
48432
48708
48985
49263
49542
49822
50103
50385
50668
50952
51237
51523
51810
52098
52387
52677
52967
53258
53550
53843
54137
54432
54728
55025
55323
55622
55922
56223
56525
56828
57132
57437
57743
58050
58358
58667
58977
59288
59600
59913
60227
60542
60858
61175
61493
61812
62132
62453
62775
63098
63422
63746
64071
64397
64724
65052
65380
65709
66039
66370
66702
67035
67369
67704
68040
68377
68715
69054
69394
69734
70075
70417
70759
71102
71446
71791
72137
72484
72832
73181
73531
73882
74234
74587
74941
75296
75651
76007
76364
76722
77081
77441
77802
78164
78527
78891
79256
79622
79989
80357
80726
81096
81467
81839
82212
82586
82961
83337
83714
84092
84471
84851
85232
85614
85997
86381
86766
87152
87539
87927
88316
88706
89097
89489
89882
90275
90669
91064
91460
91857
92255
92654
93054
93455
93857
94260
94664
95068
95473
95878
96284
96690
97097
97505
97914
98324
98735
99147
99559
99972
100386
100801
101217
101634
102052
102471
102891
103312
103734
104157
104581
105006
105432
105859
106287
106716
107146
107577
108009
108442
108876
109311
109747
110183
110619
111056
111493
111931
112370
112810
113251
113693
114136
114579
115023
115468
115914
116361
116809
117258
117708
118159
118611
119064
119518
119972
120426
120881
121337
121794
122252
122710
123168
123627
124087
124548
125010
125473
125937
126402
126868
127335
127802
128270
128739
129209
129680
130152
130625
131099
131574
132050
132527
133005
133484
133964
134445
134927
135410
135893
136377
136862
137347
137833
138320
138807
139295
139783
140272
140761
141251
141742
142234
142727
143221
143716
144212
144709
145207
145706
146206
146706
147207
147709
148212
148716
149221
149727
150234
150741
151249
151758
152268
152779
153291
153804
154318
154833
155348
155864
156381
156898
157416
157935
158455
158976
159498
160021
160545
161070
161596
162123
162651
163180
163710
164241
164773
165306
165840
166375
166911
167448
167986
168525
169065
169606
170148
170690
171233
171777
172321
172866
173412
173959
174507
175056
175606
176157
176709
177262
177816
178371
178927
179484
180042
180601
181161
181722
182284
182847
183411
183976
184542
185109
185677
186246
186816
187387
187959
188532
189106
189681
190257
190834
191412
191991
192571
193152
193734
194316
194899
195482
196066
196651
197237
197824
198412
199001
199591
200182
200774
201367
201961
202556
203152
203749
204347
204946
205546
206147
206749
207352
207956
208561
209166
209771
210377
210984
211592
212201
212811
213422
214034
214647
215261
215875
216490
217106
217723
218341
218959
219578
220198
220819
221441
222064
222688
223312
223937
224563
225190
225818
226446
227075
227705
228336
228968
229601
230235
230870
231506
232143
232781
233420
234060
234701
235343
235986
236630
237275
237921
238568
239216
239865
240515
241166
241818
242471
243125
243780
244436
245093
245751
246410
247070
247731
248393
249056
249719
250382
251046
251711
252377
253044
253712
254381
255051
255722
256394
257067
257741
258416
259092
259769
260447
261126
261806
262487
263169
263852
264536
265221
265907
266594
267282
267971
268661
269352
270044
270737
271431
272126
272822
273519
274217
274916
275616
276317
277019
277721
278424
279128
279833
280539
281245
281952
282660
283369
284079
284790
285502
286215
286929
287644
288360
289076
289793
290511
291230
291950
292671
293392
294114
294836
295559
296283
297008
297733
298458
299184
299911
300639
301368
302098
302829
303561
304294
305028
305763
306499
307236
307974
308713
309453
310194
310936
311679
312423
313168
313913
314658
315404
316151
316899
317648
318398
319149
319901
320654
321408
322163
322919
323676
324434
325193
325953
326714
327476
328239
329002
329766
330531
331297
332064
332832
333600
334369
335139
335910
336682
337455
338229
339004
339780
340557
341335
342114
342894
343675
344457
345240
346024
346809
347595
348382
349170
349959
350749
351540
352332
353125
353919
354714
355510
356307
357104
357902
358701
359501
360302
361104
361907
362711
363516
364322
365129
365937
366746
367556
368367
369179
369992
370806
371621
372436
373252
374069
374887
375706
376526
377347
378169
378992
379816
380641
381467
382294
383122
383951
384781
385612
386444
387277
388111
388946
389782
390619
391457
392296
393136
393977
394819
395662
396506
397351
398197
399043
399890
400738
401587
402437
403288
404140
404993
405847
406702
407558
408415
409273
410132
410992
411853
412715
413578
414442
415307
416173
417040
417908
418777
419647
420518
421390
422262
423135
424009
424884
425760
426637
427515
428394
429274
430155
431037
431919
432802
433686
434571
435457
436344
437232
438121
439011
439902
440794
441687
442581
443476
444372
445269
446167
447065
447964
448864
449765
450667
451570
452474
453379
454285
455192
456100
457009
457919
458830
459741
460653
461566
462480
463394
464309
465225
466141
467058
467976
468895
469815
470736
471658
472581
473505
474430
475356
476283
477210
478138
479067
479997
480928
481860
482793
483727
484662
485598
486534
487471
488409
489348
490288
491228
492169
493111
494054
494998
495943
496889
497836
498784
499733
500683
501634
502586
503539
504493
505448
506404
507361
508319
509278
510237
511197
512158
513120
514083
515047
516012
516978
517945
518913
519882
520852
521823
522795
523768
524742
525717
526693
527670
528648
529627
530607
531588
532570
533553
534537
535522
536508
537495
538483
539472
540462
541453
542445
543438
544432
545427
546423
547420
548418
549417
550417
551418
552420
553423
554427
555432
556438
557445
558452
559460
560469
561479
562490
563502
564515
565529
566544
567560
568577
569595
570614
571634
572655
573677
574700
575724
576749
577774
578800
579827
580854
581882
582911
583941
584972
586004
587037
588071
589106
590142
591179
592217
593256
594296
595337
596379
597422
598466
599511
600557
601604
602652
603701
604751
605802
606853
607905
608957
610010
611064
612119
613175
614232
615290
616349
617409
618470
619532
620595
621659
622724
623790
624857
625925
626994
628064
629135
630206
631278
632350
633423
634497
635570
636644
637719
638795
639872
640950
642029
643109
644189
645270
646352
647435
648518
649602
650687
651773
652860
653948
655037
656127
657218
658310
659402
660495
661589
662684
663780
664877
665975
667074
668174
669275
670377
671479
672582
673686
674790
675895
677001
678108
679216
680324
681433
682543
683654
684766
685879
686993
688108
689224
690341
691459
692578
693698
694819
695941
697064
698188
699313
700439
701566
702694
703823
704953
706084
707216
708349
709483
710618
711753
712889
714026
715164
716303
717443
718584
719726
720869
722013
723158
724303
725449
726596
727744
728893
730043
731194
732346
733499
734652
735805
736959
738113
739268
740424
741581
742739
743898
745058
746219
747381
748544
749708
750873
752039
753206
754374
755543
756713
757884
759056
760229
761403
762578
763754
764931
766109
767288
768467
769647
770828
772010
773193
774377
775562
776748
777935
779123
780312
781502
782693
783885
785078
786272
787467
788663
789860
791058
792257
793457
794658
795860
797062
798265
799469
800674
801879
803085
804292
805500
806709
807919
809130
810342
811555
812769
813984
815200
816417
817635
818854
820074
821295
822517
823740
824964
826189
827415
828642
829870
831099
832329
833560
834792
836024
837257
838491
839726
840962
842199
843437
844676
845916
847157
848399
849642
850886
852131
853377
854624
855872
857121
858371
859621
860872
862124
863377
864631
865886
867142
868399
869657
870916
872176
873437
874699
875962
877226
878491
879757
881024
882292
883561
884831
886102
887374
888647
889921
891196
892472
893749
895027
896306
897586
898867
900149
901432
902716
904001
905287
906574
907862
909151
910441
911732
913024
914317
915610
916903
918197
919491
920786
922081
923377
924674
925972
927271
928571
929871
931171
932472
933774
935077
936381
937686
938992
940299
941607
942916
944226
945537
946849
948162
949476
950791
952107
953424
954742
956061
957381
958702
960023
961345
962668
963992
965316
966641
967967
969294
970621
971949
973277
974606
975935
977265
978596
979928
981260
982593
983927
985262
986598
987935
989273
990612
991952
993293
994634
995976
997319
998663
1000008
1001354
1002701
1004049
1005398
1006748
1008099
1009451
1010804
1012158
1013513
1014869
1016226
1017584
1018943
1020303
1021664
1023026
1024388
1025751
1027115
1028480
1029846
1031213
1032581
1033950
1035319
1036689
1038060
1039432
1040805
1042179
1043554
1044930
1046307
1047685
1049064
1050444
1051825
1053207
1054590
1055974
1057359
1058745
1060132
1061520
1062909
1064299
1065690
1067082
1068475
1069869
1071264
1072660
1074057
1075455
1076854
1078254
1079655
1081057
1082459
1083862
1085266
1086671
1088077
1089484
1090892
1092301
1093711
1095122
1096534
1097947
1099361
1100776
1102192
1103609
1105027
1106446
1107866
1109287
1110709
1112132
1113556
1114981
1116407
1117834
1119262
1120691
1122121
1123552
1124983
1126415
1127848
1129282
1130717
1132153
1133590
1135028
1136467
1137907
1139348
1140790
1142232
1143675
1145119
1146564
1148010
1149457
1150905
1152353
1153802
1155252
1156703
1158155
1159607
1161060
1162514
1163969
1165425
1166882
1168340
1169799
1171259
1172720
1174181
1175643
1177106
1178570
1180035
1181501
1182968
1184436
1185905
1187375
1188846
1190318
1191791
1193265
1194740
1196216
1197692
1199169
1200647
1202126
1203606
1205086
1206567
1208049
1209532
1211016
1212501
1213987
1215473
1216960
1218448
1219937
1221427
1222918
1224410
1225903
1227397
1228892
1230388
1231885
1233383
1234882
1236382
1237883
1239385
1240887
1242390
1243894
1245399
1246905
1248412
1249920
1251429
1252939
1254450
1255962
1257475
1258989
1260504
1262020
1263537
1265055
1266574
1268094
1269615
1271137
1272660
1274183
1275707
1277232
1278758
1280285
1281813
1283342
1284872
1286403
1287934
1289466
1290999
1292533
1294068
1295604
1297141
1298679
1300218
1301758
1303299
1304841
1306384
1307928
1309473
1311019
1312566
1314114
1315662
1317211
1318760
1320310
1321861
1323412
1324964
1326517
1328071
1329626
1331182
1332739
1334297
1335856
1337416
1338977
1340539
1342101
1343664
1345228
1346793
1348358
1349924
1351491
1353059
1354627
1356196
1357766
1359337
1360909
1362482
1364056
1365631
1367207
1368784
1370362
1371941
1373521
1375102
1376684
1378267
1379851
1381436
1383022
1384609
1386197
1387785
1389374
1390964
1392554
1394145
1395737
1397330
1398924
1400519
1402115
1403712
1405310
1406909
1408509
1410110
1411712
1413315
1414919
1416524
1418130
1419737
1421345
1422954
1424564
1426175
1427786
1429398
1431011
1432624
1434238
1435853
1437469
1439086
1440704
1442323
1443943
1445563
1447184
1448806
1450428
1452051
1453675
1455300
1456926
1458552
1460179
1461807
1463436
1465066
1466697
1468328
1469960
1471593
1473227
1474862
1476498
1478135
1479773
1481411
1483050
1484690
1486331
1487973
1489616
1491260
1492905
1494551
1496198
1497846
1499494
1501143
1502793
1504444
1506096
1507749
1509403
1511058
1512714
1514371
1516029
1517688
1519348
1521009
1522671
1524333
1525996
1527660
1529325
1530991
1532657
1534324
1535992
1537661
1539331
1541002
1542673
1544345
1546018
1547692
1549367
1551043
1552720
1554398
1556077
1557757
1559438
1561120
1562803
1564487
1566172
1567858
1569545
1571233
1572922
1574612
1576303
1577995
1579688
1581382
1583077
1584772
1586468
1588165
1589863
1591562
1593262
1594962
1596663
1598365
1600068
1601772
1603477
1605182
1606887
1608592
1610298
1612005
1613713
1615422
1617132
1618843
1620555
1622268
1623981
1625695
1627410
1629125
1630841
1632558
1634276
1635995
1637715
1639436
1641157
1642879
1644602
1646326
1648051
1649777
1651504
1653232
1654961
1656691
1658422
1660154
1661887
1663621
1665356
1667092
1668829
1670567
1672306
1674045
1675785
1677526
1679268
1681011
1682755
1684500
1686245
1687991
1689738
1691486
1693235
1694985
1696736
1698488
1700241
1701995
1703750
1705506
1707263
1709021
1710780
1712539
1714299
1716060
1717822
1719585
1721349
1723114
1724880
1726647
1728415
1730184
1731954
1733725
1735497
1737270
1739044
1740819
1742594
1744370
1746147
1747924
1749702
1751481
1753261
1755042
1756824
1758607
1760391
1762176
1763962
1765749
1767537
1769325
1771114
1772904
1774695
1776487
1778280
1780074
1781869
1783665
1785462
1787260
1789059
1790859
1792660
1794462
1796265
1798069
1799874
1801680
1803486
1805293
1807100
1808908
1810717
1812527
1814338
1816150
1817963
1819777
1821592
1823408
1825225
1827043
1828862
1830682
1832503
1834325
1836148
1837972
1839797
1841622
1843448
1845275
1847103
1848932
1850762
1852593
1854425
1856258
1858092
1859927
1861763
1863600
1865438
1867277
1869117
1870958
1872800
1874643
1876487
1878332
1880178
1882025
1883873
1885722
1887572
1889423
1891275
1893128
1894982
1896837
1898693
1900550
1902408
1904266
1906125
1907985
1909846
1911708
1913571
1915435
1917300
1919166
1921033
1922901
1924770
1926640
1928511
1930383
1932256
1934129
1936003
1937878
1939754
1941631
1943509
1945388
1947268
1949149
1951031
1952914
1954798
1956683
1958568
1960454
1962341
1964229
1966118
1968008
1969899
1971791
1973684
1975577
1977471
1979366
1981262
1983159
1985057
1986956
1988856
1990757
1992659
1994562
1996466
1998371
2000277
2002184
2004092
2006001
2007911
2009822
2011734
2013647
2015561
2017476
2019391
2021307
2023224
2025142
2027061
2028981
2030902
2032824
2034747
2036671
2038596
2040522
2042449
2044377
2046306
2048236
2050167
2052099
2054032
2055966
2057901
2059837
2061774
2063711
2065649
2067588
2069528
2071469
2073411
2075354
2077297
2079241
2081186
2083132
2085079
2087027
2088976
2090925
2092874
2094824
2096775
2098727
2100680
2102634
2104589
2106545
2108502
2110460
2112419
2114379
2116340
2118302
2120265
2122229
2124194
2126160
2128127
2130095
2132064
2134034
2136005
2137977
2139950
2141924
2143899
2145875
2147852
2149830
2151809
2153789
2155770
2157752
2159735
2161719
2163704
2165690
2167677
2169665
2171654
2173644
2175635
2177626
2179618
2181611
2183605
2185600
2187596
2189593
2191591
2193590
2195590
2197591
2199593
2201596
2203600
2205605
2207611
2209618
2211625
2213633
2215642
2217652
2219663
2221675
2223688
2225702
2227717
2229733
2231750
2233767
2235785
2237804
2239824
2241845
2243866
2245888
2247911
2249935
2251960
2253986
2256013
2258041
2260070
2262100
2264131
2266163
2268195
2270228
2272262
2274297
2276333
2278370
2280407
2282445
2284484
2286524
2288565
2290607
2292650
2294694
2296739
2298785
2300832
2302880
2304928
2306977
2309027
2311078
2313130
2315183
2317237
2319292
2321348
2323405
2325463
2327522
2329582
2331643
2333705
2335768
2337832
2339897
2341963
2344030
2346098
2348167
2350237
2352308
2354380
2356453
2358527
2360602
2362678
2364755
2366833
2368912
2370992
2373073
2375155
2377238
2379322
2381407
2383493
2385580
2387668
2389757
2391847
2393938
2396030
2398123
2400217
2402311
2404406
2406502
2408599
2410697
2412796
2414896
2416997
2419099
2421202
2423306
2425411
2427517
2429623
2431730
2433838
2435947
2438057
2440168
2442280
2444393
2446507
2448621
2450735
2452850
2454966
2457083
2459201
2461320
2463440
2465561
2467683
2469806
2471930
2474055
2476181
2478308
2480436
2482564
2484692
2486821
2488951
2491082
2493214
2495347
2497480
2499614
2501748
2503883
2506018
2508154
2510291
2512428
2514566
2516705
2518845
2520986
2523127
2525269
2527412
2529556
2531701
2533847
2535994
2538142
2540290
2542439
2544589
2546740
2548892
2551045
2553198
2555352
2557507
2559663
2561820
2563978
2566137
2568297
2570458
2572620
2574783
2576947
2579112
2581277
2583442
2585608
2587775
2589943
2592112
2594282
2596453
2598625
2600798
2602972
2605147
2607323
2609499
2611676
2613854
2616033
2618213
2620394
2622576
2624759
2626942
2629126
2631310
2633495
2635681
2637868
2640055
2642243
2644432
2646622
2648813
2651004
2653196
2655388
2657581
2659775
2661970
2664165
2666361
2668558
2670756
2672955
2675155
2677356
2679558
2681761
2683965
2686170
2688376
2690583
2692791
2695000
2697210
2699420
2701631
2703843
2706056
2708270
2710485
2712701
2714918
2717136
2719355
2721575
2723796
2726018
2728241
2730465
2732690
2734916
2737143
2739371
2741600
2743830
2746060
2748291
2750523
2752756
2754990
2757225
2759461
2761698
2763936
2766175
2768415
2770656
2772898
2775141
2777385
2779630
2781876
2784123
2786371
2788620
2790870
2793121
2795373
2797626
2799880
2802135
2804391
2806648
2808906
2811165
2813425
2815686
2817948
2820210
2822473
2824737
2827002
2829268
2831535
2833803
2836072
2838342
2840613
2842885
2845157
2847430
2849704
2851979
2854255
2856532
2858809
2861087
2863366
2865646
2867927
2870209
2872492
2874776
2877061
2879347
2881633
2883920
2886208
2888497
2890787
2893078
2895370
2897663
2899957
2902252
2904548
2906845
2909143
2911442
2913742
2916042
2918343
2920645
2922948
2925252
2927557
2929863
2932170
2934478
2936787
2939097
2941408
2943720
2946033
2948346
2950660
2952975
2955291
2957608
2959926
2962245
2964565
2966886
2969208
2971531
2973855
2976180
2978506
2980833
2983160
2985488
2987817
2990147
2992478
2994810
2997143
2999477
3001811
3004146
3006482
3008819
3011156
3013494
3015832
3018171
3020511
3022852
3025194
3027537
3029881
3032226
3034572
3036919
3039267
3041616
3043966
3046317
3048669
3051022
3053375
3055729
3058083
3060437
3062792
3065148
3067505
3069863
3072222
3074582
3076943
3079305
3081668
3084032
3086397
3088763
3091130
3093498
3095867
3098237
3100608
3102980
3105353
3107727
3110102
3112478
3114854
3117231
3119609
3121988
3124368
3126749
3129131
3131514
3133898
3136283
3138669
3141056
3143444
3145833
3148223
3150613
3153004
3155396
3157789
3160183
3162578
3164974
3167371
3169769
3172168
3174567
3176967
3179368
3181770
3184173
3186577
3188982
3191388
3193795
3196203
3198612
3201022
3203433
3205845
3208258
3210672
3213087
3215503
3217920
3220338
3222757
3225177
3227598
3230020
3232443
3234867
3237292
3239718
3242145
3244573
3247002
3249432
3251863
3254295
3256728
3259162
3261597
3264033
3266470
3268908
3271347
3273786
3276226
3278667
3281108
3283550
3285993
3288437
3290882
3293328
3295775
3298223
3300672
3303122
3305573
3308025
3310477
3312930
3315384
3317839
3320295
3322752
3325210
3327668
3330127
3332587
3335048
3337510
3339973
3342436
3344900
3347365
3349831
3352297
3354764
3357232
3359701
3362171
3364642
3367114
3369587
3372061
3374536
3377012
3379488
3381965
3384443
3386922
3389402
3391883
3394365
3396848
3399331
3401815
3404300
3406785
3409271
3411758
3414246
3416735
3419225
3421716
3424208
3426701
3429195
3431690
3434186
3436683
3439181
3441680
3444180
3446681
3449183
3451686
3454190
3456695
3459201
3461708
3464216
3466725
3469235
3471746
3474258
3476771
3479285
3481800
3484316
3486832
3489349
3491867
3494386
3496906
3499427
3501949
3504472
3506996
3509521
3512047
3514574
3517102
3519630
3522159
3524689
3527220
3529752
3532284
3534817
3537351
3539886
3542422
3544958
3547495
3550033
3552572
3555112
3557653
3560195
3562738
3565282
3567827
3570373
3572920
3575468
3578016
3580565
3583115
3585666
3588218
3590771
3593325
3595880
3598436
3600992
3603549
3606107
3608665
3611224
3613784
3616345
3618907
3621469
3624032
3626596
3629161
3631727
3634294
3636862
3639431
3642001
3644572
3647144
3649717
3652291
3654866
3657442
3660019
3662596
3665174
3667753
3670333
3672914
3675496
3678079
3680663
3683248
3685834
3688421
3691009
3693598
3696188
3698779
3701370
3703962
3706555
3709149
3711744
3714340
3716937
3719534
3722132
3724731
3727331
3729932
3732534
3735136
3737739
3740343
3742948
3745554
3748161
3750769
3753378
3755988
3758599
3761211
3763824
3766438
3769053
3771669
3774286
3776904
3779523
3782143
3784764
3787385
3790007
3792630
3795254
3797879
3800505
3803132
3805760
3808389
3811019
3813650
3816282
3818915
3821549
3824184
3826819
3829455
3832091
3834728
3837366
3840005
3842644
3845283
3847923
3850564
3853206
3855848
3858491
3861135
3863780
3866426
3869073
3871721
3874370
3877020
3879671
3882323
3884976
3887630
3890285
3892941
3895598
3898256
3900915
3903575
3906236
3908898
3911561
3914225
3916890
3919556
3922223
3924891
3927560
3930230
3932900
3935570
3938241
3940913
3943586
3946260
3948935
3951611
3954288
3956966
3959645
3962324
3965004
3967685
3970367
3973050
3975734
3978419
3981105
3983792
3986480
3989169
3991859
3994550
3997242
3999934
4002627
4005321
4008016
4010712
4013409
4016107
4018806
4021506
4024207
4026909
4029612
4032316
4035021
4037727
4040434
4043142
4045851
4048561
4051272
4053984
4056697
4059411
4062126
4064842
4067558
4070274
4072990
4075707
4078425
4081144
4083864
4086585
4089307
4092030
4094754
4097479
4100205
4102932
4105660
4108389
4111119
4113850
4116582
4119315
4122049
4124784
4127520
4130257
4132995
4135734
4138474
4141215
4143957
4146700
4149444
4152189
4154935
4157682
4160430
4163179
4165929
4168680
4171432
4174185
4176939
4179694
4182450
4185207
4187965
4190724
4193484
4196245
4199007
4201769
4204532
4207296
4210061
4212827
4215594
4218361
4221129
4223898
4226668
4229439
4232211
4234984
4237758
4240533
4243309
4246086
4248864
4251643
4254423
4257204
4259986
4262769
4265553
4268338
4271124
4273911
4276699
4279487
4282276
4285066
4287857
4290649
4293442
4296236
4299031
4301827
4304624
4307422
4310221
4313021
4315822
4318624
4321426
4324229
4327033
4329838
4332644
4335451
4338259
4341068
4343878
4346689
4349500
4352312
4355125
4357939
4360754
4363570
4366387
4369205
4372024
4374842
4377661
4380481
4383302
4386124
4388947
4391771
4394596
4397422
4400249
4403077
4405905
4408734
4411564
4414395
4417227
4420060
4422894
4425729
4428565
4431402
4434240
4437079
4439919
4442760
4445602
4448445
4451289
4454134
4456980
4459827
4462675
4465523
4468372
4471222
4474073
4476925
4479778
4482632
4485487
4488342
4491198
4494055
4496913
4499772
4502631
4505491
4508352
4511214
4514077
4516941
4519806
4522672
4525539
4528407
4531276
4534146
4537017
4539889
4542762
4545636
4548511
4551387
4554264
4557142
4560021
4562901
4565781
4568662
4571544
4574427
4577311
4580196
4583082
4585969
4588857
4591746
4594636
4597526
4600417
4603309
4606202
4609096
4611991
4614886
4617782
4620679
4623577
4626476
4629376
4632277
4635179
4638082
4640986
4643891
4646797
4649704
4652612
4655521
4658431
4661342
4664254
4667166
4670079
4672992
4675906
4678821
4681737
4684654
4687572
4690491
4693411
4696332
4699254
4702177
4705101
4708026
4710952
4713879
4716807
4719736
4722666
4725597
4728529
4731462
4734396
4737331
4740267
4743204
4746142
4749081
4752021
4754962
4757904
4760847
4763791
4766736
4769682
4772629
4775577
4778526
4781476
4784426
4787377
4790329
4793282
4796236
4799191
4802147
4805104
4808062
4811021
4813981
4816942
4819904
4822867
4825831
4828796
4831762
4834729
4837696
4840664
4843633
4846603
4849574
4852546
4855519
4858492
4861466
4864441
4867417
4870394
4873372
4876350
4879329
4882309
4885290
4888272
4891255
4894239
4897224
4900210
4903197
4906185
4909173
4912162
4915152
4918143
4921135
4924127
4927120
4930114
4933108
4936103
4939099
4942096
4945094
4948092
4951091
4954091
4957092
4960094
4963096
4966099
4969103
4972108
4975114
4978121
4981129
4984138
4987148
4990159
4993171
4996184
4999198
5002213
5005229
5008246
5011264
5014283
5017303
5020324
5023346
5026369
5029393
5032418
5035444
5038471
5041499
5044528
5047558
5050589
5053621
5056654
5059688
5062723
5065759
5068795
5071832
5074870
5077909
5080948
5083988
5087029
5090070
5093112
5096155
5099199
5102244
5105290
5108337
5111385
5114434
5117483
5120533
5123584
5126636
5129689
5132743
5135798
5138854
5141911
5144969
5148028
5151088
5154149
5157211
5160274
5163338
5166401
5169465
5172530
5175596
5178663
5181731
5184800
5187870
5190941
5194013
5197085
5200158
5203232
5206307
5209383
5212460
5215538
5218617
5221697
5224778
5227860
5230943
5234027
5237112
5240198
5243285
5246373
5249462
5252552
5255643
5258735
5261828
5264922
5268016
5271111
5274207
5277304
5280402
5283501
5286601
5289702
5292804
5295907
5299011
5302116
5305222
5308329
5311437
5314546
5317656
5320767
5323878
5326990
5330103
5333217
5336331
5339446
5342562
5345679
5348797
5351915
5355034
5358154
5361275
5364397
5367520
5370644
5373769
5376895
5380022
5383150
5386279
5389409
5392540
5395672
5398804
5401936
5405069
5408202
5411336
5414471
5417606
5420742
5423879
5427016
5430154
5433293
5436433
5439574
5442716
5445858
5449001
5452145
5455290
5458436
5461583
5464731
5467880
5471030
5474181
5477333
5480486
5483639
5486793
5489948
5493104
5496260
5499417
5502575
5505734
5508893
5512053
5515214
5518376
5521539
5524703
5527868
5531034
5534201
5537369
5540538
5543708
5546879
5550051
5553224
5556398
5559573
5562749
5565926
5569104
5572283
5575463
5578644
5581826
5585008
5588190
5591373
5594557
5597742
5600928
5604114
5607301
5610489
5613678
5616868
5620059
5623251
5626443
5629636
5632830
5636025
5639221
5642418
5645616
5648815
5652015
5655216
5658418
5661621
5664825
5668030
5671236
5674443
5677651
5680860
5684069
5687279
5690490
5693702
5696915
5700129
5703344
5706560
5709777
5712995
5716214
5719434
5722655
5725877
5729100
5732324
5735549
5738775
5742002
5745229
5748457
5751686
5754916
5758147
5761379
5764612
5767846
5771081
5774317
5777554
5780792
5784031
5787271
5790512
5793754
5796997
5800241
5803486
5806732
5809979
5813227
5816475
5819724
5822974
5826225
5829477
5832730
5835984
5839239
5842495
5845752
5849010
5852269
5855529
5858790
5862052
5865314
5868577
5871841
5875106
5878372
5881638
5884905
5888173
5891442
5894712
5897983
5901254
5904525
5907797
5911070
5914344
5917619
5920895
5924172
5927450
5930729
5934009
5937290
5940572
5943855
5947139
5950424
5953710
5956997
5960285
5963574
5966863
5970153
5973444
5976736
5980028
5983320
5986613
5989907
5993202
5996497
5999793
6003090
6006388
6009687
6012987
6016288
6019590
6022892
6026195
6029499
6032804
6036109
6039415
6042722
6046030
6049339
6052649
6055960
6059271
6062583
6065896
6069210
6072525
6075841
6079157
6082474
6085792
6089111
6092431
6095752
6099074
6102397
6105721
6109046
6112372
6115699
6119027
6122356
6125686
6129017
6132349
6135682
6139016
6142351
6145687
6149024
6152362
6155701
6159041
6162382
6165724
6169067
6172410
6175754
6179099
6182445
6185792
6189140
6192489
6195838
6199188
6202539
6205891
6209244
6212598
6215953
6219309
6222666
6226023
6229381
6232740
6236100
6239460
6242821
6246183
6249546
6252910
6256275
6259641
6263008
6266376
6269745
6273115
6276486
6279858
6283231
6286605
6289980
6293356
6296733
6300111
6303489
6306868
6310248
6313629
6317011
6320394
6323778
6327163
6330549
6333936
6337324
6340713
6344103
6347494
6350886
6354279
6357672
6361066
6364461
6367857
6371254
6374652
6378051
6381451
6384852
6388254
6391657
6395061
6398466
6401872
6405279
6408687
6412096
6415506
6418917
6422329
6425742
6429156
6432571
6435987
6439404
6442822
6446241
6449661
6453082
6456504
6459927
6463351
6466776
6470202
6473629
6477057
6480486
6483916
6487347
6490779
6494212
6497646
6501081
6504517
6507954
6511392
6514831
6518270
6521710
6525151
6528593
6532036
6535480
6538925
6542371
6545818
6549266
6552715
6556164
6559614
6563065
6566517
6569970
6573424
6576878
6580333
6583789
6587246
6590704
6594163
6597623
6601084
6604546
6608008
6611471
6614935
6618400
6621866
6625333
6628801
6632270
6635740
6639210
6642681
6646153
6649625
6653098
6656572
6660047
6663523
6667000
6670478
6673957
6677437
6680918
6684400
6687883
6691367
6694852
6698338
6701825
6705313
6708802
6712292
6715783
6719275
6722768
6726262
6729757
6733253
6736750
6740248
6743747
6747247
6750748
6754250
6757752
6761255
6764759
6768264
6771770
6775277
6778785
6782294
6785803
6789313
6792824
6796336
6799849
6803363
6806877
6810392
6813908
6817425
6820943
6824462
6827982
6831503
6835025
6838548
6842072
6845597
6849123
6852650
6856178
6859707
6863237
6866768
6870300
6873833
6877367
6880901
6884436
6887972
6891508
6895045
6898583
6902122
6905662
6909202
6912743
6916285
6919828
6923372
6926915
6930459
6934004
6937550
6941097
6944644
6948192
6951741
6955291
6958842
6962394
6965946
6969499
6973053
6976608
6980164
6983721
6987279
6990838
6994398
6997959
7001521
7005084
7008647
7012211
7015776
7019342
7022909
7026476
7030044
7033613
7037183
7040754
7044326
7047899
7051473
7055048
7058624
7062200
7065777
7069355
7072934
7076514
7080095
7083677
7087260
7090844
7094429
7098015
7101602
7105189
7108777
7112366
7115956
7119547
7123138
7126729
7130321
7133914
7137508
7141103
7144698
7148294
7151891
7155489
7159088
7162688
7166289
7169891
7173494
7177098
7180703
7184309
7187916
7191524
7195133
7198743
7202354
7205966
7209579
7213193
7216808
7220424
7224041
7227659
7231278
7234898
7238518
7242139
7245761
7249384
7253008
7256632
7260257
7263883
7267510
7271138
7274767
7278396
7282026
7285657
7289289
7292922
7296556
7300190
7303825
7307461
7311098
7314736
7318375
7322015
7325656
7329298
7332941
7336585
7340230
7343876
7347523
7351171
7354820
7358470
7362121
7365773
7369426
7373079
7376733
7380388
7384044
7387701
7391358
7395016
7398675
7402335
7405996
7409658
7413321
7416985
7420650
7424316
7427983
7431651
7435320
7438990
7442661
7446333
7450006
7453680
7457355
7461031
7464708
7468386
7472065
7475745
7479426
7483108
7486791
7490475
7494160
7497846
7501533
7505221
7508910
7512600
7516291
7519983
7523676
7527370
7531065
7534761
7538458
7542156
7545855
7549555
7553256
7556957
7560659
7564362
7568066
7571771
7575477
7579184
7582892
7586601
7590310
7594020
7597731
7601442
7605154
7608867
7612581
7616296
7620012
7623729
7627447
7631166
7634886
7638607
7642329
7646052
7649776
7653501
7657226
7660952
7664679
7668407
7672136
7675866
7679597
7683328
7687060
7690793
7694527
7698262
7701998
7705735
7709473
7713212
7716952
7720693
7724435
7728178
7731921
7735665
7739410
7743156
7746902
7750649
7754397
7758146
7761896
7765646
7769397
7773149
7776902
7780656
7784411
7788167
7791924
7795682
7799441
7803201
7806962
7810724
7814487
7818251
7822016
7825782
7829549
7833317
7837086
7840856
7844626
7848397
7852169
7855942
7859716
7863491
7867267
7871044
7874822
7878601
7882381
7886161
7889942
7893724
7897507
7901291
7905076
7908861
7912647
7916434
7920222
7924011
7927801
7931592
7935384
7939177
7942971
7946766
7950562
7954359
7958156
7961954
7965753
7969553
7973354
7977156
7980959
7984763
7988568
7992374
7996181
7999988
8003796
8007605
8011415
8015225
8019036
8022848
8026661
8030475
8034290
8038106
8041922
8045739
8049557
8053376
8057196
8061017
8064839
8068662
8072486
8076311
8080137
8083964
8087792
8091621
8095451
8099282
8103114
8106947
8110781
8114616
8118452
8122289
8126127
8129966
8133806
8137647
8141488
8145330
8149173
8153017
8156862
8160708
8164555
8168403
8172252
8176102
8179953
8183805
8187658
8191512
8195367
8199223
8203080
8206938
8210797
8214657
8218518
8222380
8226243
8230107
8233972
8237838
8241705
8245573
8249442
8253312
8257183
8261055
8264928
8268802
8272676
8276551
8280427
8284304
8288182
8292060
8295939
8299819
8303700
8307582
8311465
8315349
8319234
8323120
8327007
8330895
8334784
8338674
8342565
8346457
8350350
8354244
8358139
8362035
8365932
8369830
8373729
8377629
8381530
8385432
8389335
8393239
8397144
8401050
8404957
8408865
8412774
8416684
8420595
8424507
8428420
8432334
8436249
8440164
8444080
8447997
8451915
8455834
8459754
8463675
8467597
8471519
8475441
8479364
8483287
8487211
8491136
8495062
8498989
8502917
8506846
8510776
8514707
8518639
8522572
8526506
8530441
8534377
8538314
8542252
8546191
8550130
8554070
8558011
8561953
8565896
8569840
8573785
8577731
8581678
8585626
8589575
8593525
8597476
8601428
8605381
8609335
8613290
8617246
8621202
8625159
8629117
8633076
8637036
8640997
8644959
8648922
8652886
8656851
8660817
8664784
8668752
8672721
8676691
8680661
8684632
8688604
8692576
8696549
8700523
8704498
8708474
8712451
8716429
8720408
8724388
8728369
8732351
8736334
8740317
8744301
8748286
8752272
8756259
8760247
8764236
8768226
8772217
8776209
8780201
8784193
8788186
8792180
8796175
8800171
8804168
8808166
8812165
8816165
8820166
8824168
8828171
8832175
8836180
8840186
8844192
8848199
8852207
8856216
8860226
8864237
8868248
8872260
8876273
8880287
8884302
8888318
8892335
8896353
8900370
8904388
8908407
8912427
8916448
8920470
8924493
8928517
8932542
8936568
8940595
8944623
8948652
8952682
8956713
8960745
8964778
8968812
8972847
8976883
8980918
8984954
8988991
8993029
8997068
9001108
9005149
9009191
9013234
9017278
9021323
9025369
9029416
9033464
9037513
9041563
9045614
9049666
9053719
9057772
9061826
9065881
9069937
9073994
9078052
9082111
9086171
9090232
9094294
9098357
9102421
9106485
9110550
9114616
9118683
9122751
9126820
9130890
9134961
9139033
9143106
9147180
9151255
9155331
9159408
9163486
9167565
9171645
9175726
9179808
9183891
9187975
9192059
9196144
9200230
9204317
9208405
9212494
9216584
9220675
9224767
9228860
9232953
9237047
9241142
9245238
9249335
9253433
9257532
9261632
9265733
9269834
9273936
9278039
9282143
9286248
9290353
9294459
9298566
9302673
9306781
9310890
9315000
9319111
9323223
9327336
9331449
9335563
9339678
9343793
9347909
9352026
9356144
9360263
9364383
9368504
9372626
9376748
9380871
9384995
9389120
9393246
9397373
9401501
9405630
9409760
9413891
9418023
9422156
9426290
9430425
9434561
9438697
9442834
9446972
9451111
9455251
9459392
9463534
9467677
9471821
9475966
9480112
9484259
9488407
9492556
9496706
9500857
9505009
9509162
9513316
9517471
9521627
9525783
9529940
9534098
9538257
9542417
9546578
9550740
9554903
9559067
9563232
9567398
9571564
9575731
9579899
9584067
9588236
9592406
9596577
9600749
9604922
9609096
9613271
9617447
9621624
9625802
9629981
9634161
9638342
9642523
9646705
9650888
9655072
9659257
9663443
9667629
9671816
9676004
9680193
9684383
9688574
9692766
9696959
9701152
9705346
9709541
9713737
9717934
9722132
9726331
9730531
9734732
9738934
9743136
9747339
9751543
9755748
9759954
9764161
9768369
9772578
9776788
9780999
9785211
9789423
9793636
9797850
9802065
9806281
9810498
9814715
9818933
9823152
9827372
9831593
9835815
9840038
9844262
9848487
9852713
9856940
9861168
9865397
9869627
9873858
9878090
9882323
9886556
9890790
9895025
9899261
9903498
9907736
9911975
9916215
9920456
9924698
9928941
9933185
9937430
9941676
9945923
9950171
9954420
9958670
9962921
9967173
9971426
9975680
9979935
9984191
9988448
9992706
9996965
10001225
10005486
10009748
10014011
10018275
10022540
10026806
10031073
10035341
10039609
10043878
10048148
10052419
10056691
10060964
10065238
10069513
10073789
10078066
10082344
10086623
10090903
10095184
10099466
10103749
10108033
10112318
10116604
10120891
10125179
10129468
10133757
10138047
10142338
10146630
10150923
10155217
10159512
10163808
10168105
10172403
10176702
10181002
10185303
10189605
10193908
10198212
10202517
10206823
10211130
10215438
10219747
10224057
10228368
10232680
10236993
10241307
10245622
10249938
10254255
10258573
10262892
10267212
10271533
10275855
10280178
10284502
10288827
10293153
10297480
10301808
10306137
10310467
10314798
10319130
10323463
10327797
10332132
10336467
10340803
10345140
10349478
10353817
10358157
10362498
10366840
10371183
10375527
10379872
10384218
10388565
10392913
10397262
10401612
10405963
10410315
10414668
10419022
10423377
10427733
10432090
10436447
10440805
10445164
10449523
10453883
10458244
10462606
10466969
10471333
10475698
10480064
10484431
10488799
10493168
10497538
10501909
10506281
10510654
10515028
10519403
10523779
10528156
10532534
10536913
10541293
10545674
10550056
10554439
10558823
10563208
10567594
10571981
10576369
10580758
10585148
10589539
10593931
10598324
10602718
10607112
10611507
10615903
10620300
10624698
10629097
10633497
10637898
10642300
10646703
10651107
10655512
10659918
10664324
10668730
10673137
10677545
10681954
10686364
10690775
10695187
10699600
10704014
10708429
10712845
10717262
10721680
10726099
10730519
10734939
10739360
10743782
10748205
10752629
10757053
10761478
10765904
10770330
10774757
10779185
10783614
10788044
10792475
10796907
10801340
10805774
10810209
10814645
10819082
10823520
10827959
10832399
10836840
10841282
10845725
10850169
10854614
10859060
10863507
10867955
10872404
10876854
10881305
10885757
10890210
10894664
10899118
10903573
10908029
10912486
10916943
10921401
10925860
10930320
10934781
10939243
10943706
10948170
10952635
10957101
10961567
10966034
10970502
10974971
10979441
10983912
10988384
10992857
10997331
11001806
11006282
11010759
11015237
11019715
11024194
11028674
11033155
11037637
11042120
11046604
11051088
11055573
11060059
11064546
11069034
11073523
11078012
11082502
11086993
11091485
11095978
11100472
11104967
11109462
11113958
11118455
11122953
11127452
11131952
11136453
11140955
11145458
11149962
11154467
11158973
11163480
11167988
11172497
11177007
11181518
11186030
11190543
11195057
11199572
11204087
11208603
11213120
11217638
11222156
11226675
11231195
11235716
11240238
11244761
11249285
11253810
11258336
11262863
11267391
11271920
11276450
11280981
11285513
11290046
11294580
11299115
11303651
11308188
11312726
11317265
11321805
11326346
11330888
11335431
11339975
11344520
11349065
11353611
11358158
11362706
11367255
11371804
11376354
11380905
11385457
11390010
11394564
11399119
11403675
11408232
11412790
11417349
11421909
11426470
11431031
11435593
11440156
11444720
11449285
11453851
11458418
11462986
11467554
11472123
11476693
11481264
11485835
11490407
11494980
11499554
11504129
11508705
11513282
11517860
11522439
11527019
11531600
11536182
11540765
11545349
11549934
11554520
11559107
11563695
11568284
11572874
11577465
11582057
11586650
11591244
11595839
11600435
11605032
11609629
11614227
11618826
11623426
11628027
11632628
11637230
11641833
11646437
11651042
11655648
11660255
11664863
11669472
11674082
11678693
11683305
11687918
11692531
11697145
11701760
11706376
11710992
11715608
11720225
11724843
11729462
11734082
11738703
11743325
11747948
11752572
11757197
11761823
11766450
11771078
11775707
11780337
11784968
11789600
11794233
11798866
11803500
11808135
11812771
11817408
11822046
11826685
11831325
11835966
11840608
11845251
11849895
11854540
11859186
11863833
11868481
11873130
11877780
11882431
11887083
11891736
11896390
11901045
11905701
11910358
11915016
11919675
11924335
11928996
11933658
11938321
11942985
11947649
11952314
11956980
11961647
11966315
11970983
11975651
11980320
11984990
11989661
11994333
11999006
12003680
12008355
12013031
12017708
12022386
12027065
12031744
12036424
12041104
12045785
12050466
12055148
12059831
12064514
12069198
12073882
12078566
12083251
12087937
12092624
12097312
12102001
12106691
12111382
12116074
12120767
12125461
12130154
12134848
12139543
12144239
12148936
12153634
12158333
12163033
12167734
12172436
12177139
12181843
12186548
12191253
12195959
12200666
12205374
12210083
12214793
12219504
12224216
12228929
12233643
12238358
12243074
12247791
12252509
12257226
12261944
12266663
12271383
12276104
12280826
12285549
12290273
12294998
12299724
12304451
12309179
12313907
12318636
12323365
12328095
12332826
12337558
12342290
12347023
12351757
12356492
12361228
12365965
12370702
12375439
12380177
12384916
12389656
12394397
12399139
12403882
12408626
12413371
12418117
12422864
12427612
12432360
12437109
12441859
12446610
12451362
12456115
12460869
12465624
12470380
12475137
12479895
12484654
12489414
12494175
12498937
12503700
12508464
12513229
12517995
12522762
12527530
12532299
12537069
12541840
12546612
12551385
12556159
12560934
12565710
12570487
12575265
12580044
12584824
12589605
12594387
12599170
12603953
12608736
12613520
12618305
12623091
12627878
12632666
12637455
12642245
12647036
12651828
12656621
12661414
12666208
12671003
12675799
12680596
12685393
12690191
12694990
12699790
12704591
12709392
12714193
12718994
12723796
12728598
12733401
12738205
12743009
12747814
12752620
12757427
12762235
12767043
12771852
12776662
12781473
12786285
12791098
12795912
12800727
12805543
12810360
12815178
12819997
12824817
12829638
12834460
12839283
12844107
12848932
12853758
12858585
12863413
12868242
12873072
12877903
12882735
12887568
12892402
12897237
12902073
12906910
12911748
12916587
12921427
12926268
12931110
12935953
12940797
12945642
12950488
12955335
12960183
12965032
12969882
12974733
12979585
12984438
12989292
12994147
12999003
13003860
13008718
13013577
13018437
13023298
13028160
13033023
13037887
13042751
13047616
13052482
13057348
13062215
13067083
13071952
13076821
13081691
13086562
13091434
13096306
13101179
13106052
13110926
13115801
13120677
13125554
13130432
13135311
13140191
13145072
13149954
13154837
13159721
13164606
13169492
13174379
13179267
13184156
13189046
13193937
13198829
13203722
13208616
13213511
13218407
13223304
13228202
13233101
13238001
13242902
13247804
13252707
13257611
13262516
13267422
13272329
13277237
13282146
13287056
13291967
13296879
13301792
13306706
13311621
13316537
13321454
13326372
13331291
13336210
13341130
13346051
13350973
13355896
13360820
13365745
13370671
13375598
13380526
13385455
13390385
13395316
13400248
13405181
13410115
13415050
13419986
13424923
13429861
13434800
13439740
13444681
13449622
13454563
13459505
13464448
13469392
13474337
13479283
13484230
13489177
13494125
13499074
13504024
13508975
13513927
13518880
13523834
13528789
13533745
13538702
13543660
13548619
13553579
13558540
13563502
13568465
13573429
13578394
13583360
13588327
13593295
13598264
13603234
13608205
13613177
13618150
13623124
13628099
13633075
13638052
13643030
13648009
13652988
13657967
13662947
13667928
13672910
13677893
13682877
13687862
13692848
13697835
13702823
13707812
13712802
13717793
13722785
13727778
13732772
13737767
13742763
13747760
13752758
13757757
13762757
13767758
13772759
13777760
13782762
13787765
13792769
13797774
13802780
13807787
13812795
13817804
13822814
13827824
13832835
13837847
13842860
13847874
13852888
13857903
13862919
13867936
13872954
13877973
13882993
13888014
13893036
13898059
13903083
13908108
13913134
13918161
13923189
13928218
13933248
13938279
13943311
13948344
13953378
13958413
13963449
13968486
13973524
13978563
13983603
13988644
13993686
13998729
14003773
14008818
14013864
14018910
14023957
14029005
14034054
14039104
14044155
14049207
14054260
14059314
14064369
14069425
14074482
14079540
14084599
14089659
14094720
14099782
14104845
14109909
14114974
14120040
14125107
14130175
14135244
14140314
14145385
14150457
14155530
14160604
14165679
14170755
14175832
14180910
14185989
14191069
14196149
14201230
14206311
14211393
14216476
14221560
14226645
14231731
14236818
14241906
14246995
14252084
14257174
14262265
14267356
14272448
14277541
14282635
14287730
14292826
14297923
14303021
14308120
14313220
14318321
14323423
14328526
14333630
14338735
14343841
14348948
14354056
14359165
14364275
14369386
14374498
14379611
14384725
14389840
14394956
14400073
14405191
14410309
14415428
14420548
14425669
14430791
14435914
14441038
14446163
14451289
14456416
14461544
14466673
14471803
14476934
14482066
14487199
14492333
14497468
14502604
14507741
14512879
14518018
14523157
14528297
14533438
14538580
14543723
14548867
14554012
14559158
14564305
14569453
14574602
14579752
14584903
14590055
14595208
14600362
14605517
14610673
14615830
14620988
14626147
14631307
14636468
14641630
14646793
14651957
14657122
14662288
14667455
14672623
14677792
14682962
14688133
14693304
14698476
14703649
14708823
14713997
14719172
14724348
14729525
14734703
14739882
14745062
14750243
14755425
14760608
14765791
14770975
14776160
14781346
14786533
14791721
14796909
14802098
14807288
14812479
14817671
14822864
14828058
14833253
14838449
14843646
14848844
14854043
14859243
14864444
14869645
14874847
14880050
14885254
14890459
14895665
14900872
14906080
14911289
14916499
14921710
14926921
14932133
14937346
14942560
14947775
14952991
14958208
14963425
14968643
14973862
14979082
14984303
14989525
14994748
14999972
15005197
15010423
15015650
15020878
15026107
15031337
15036568
15041800
15047033
15052267
15057502
15062738
15067974
15073211
15078449
15083688
15088928
15094169
15099411
15104654
15109898
15115143
15120389
15125636
15130884
15136133
15141383
15146634
15151886
15157139
15162393
15167648
15172904
15178161
15183419
15188678
15193938
15199199
15204461
15209724
15214988
15220253
15225519
15230786
15236054
15241323
15246593
15251864
15257135
15262407
15267680
15272954
15278229
15283505
15288782
15294060
15299339
15304619
15309900
15315181
15320462
15325744
15331027
15336311
15341596
15346882
15352169
15357457
15362746
15368036
15373327
15378619
15383912
15389205
15394499
15399794
15405089
15410385
15415681
15420978
15426276
15431575
15436875
15442176
15447478
15452781
15458085
15463390
15468696
15474003
15479311
15484620
15489930
15495241
15500553
15505865
15511178
15516492
15521807
15527123
15532440
15537758
15543077
15548397
15553717
15559038
15564360
15569683
15575007
15580332
15585657
15590983
15596310
15601638
15606967
15612297
15617627
15622958
15628290
15633623
15638957
15644292
15649628
15654965
15660303
15665642
15670982
15676323
15681665
15687008
15692352
15697697
15703043
15708390
15713738
15719087
15724437
15729788
15735140
15740493
15745847
15751202
15756558
15761915
15767273
15772632
15777992
15783353
15788715
15794078
15799442
15804807
15810173
15815540
15820908
15826277
15831647
15837018
15842390
15847763
15853137
15858512
15863887
15869263
15874640
15880018
15885397
15890777
15896158
15901540
15906923
15912307
15917691
15923076
15928462
15933849
15939237
15944626
15950016
15955407
15960799
15966192
15971586
15976981
15982377
15987774
15993172
15998570
16003969
16009369
16014770
16020171
16025573
16030976
16036380
16041785
16047191
16052598
16058006
16063415
16068825
16074236
16079648
16085061
16090475
16095890
16101306
16106722
16112139
16117557
16122976
16128396
16133817
16139238
16144660
16150083
16155507
16160932
16166358
16171785
16177213
16182642
16188072
16193503
16198935
16204367
16209800
16215234
16220669
16226105
16231542
16236980
16242419
16247859
16253300
16258742
16264185
16269629
16275074
16280520
16285967
16291415
16296864
16302314
16307765
16313217
16318670
16324124
16329579
16335035
16340492
16345950
16351409
16356869
16362329
16367790
16373252
16378715
16384179
16389644
16395110
16400577
16406045
16411514
16416984
16422455
16427927
16433400
16438874
16444349
16449824
16455299
16460775
16466252
16471730
16477209
16482689
16488170
16493652
16499135
16504619
16510104
16515590
16521077
16526565
16532054
16537544
16543035
16548527
16554020
16559514
16565009
16570505
16576002
16581500
16586999
16592498
16597998
16603499
16609001
16614504
16620008
16625513
16631019
16636526
16642033
16647541
16653050
16658560
16664071
16669583
16675096
16680610
16686124
16691639
16697155
16702671
16708188
16713706
16719225
16724745
16730266
16735788
16741311
16746835
16752360
16757886
16763413
16768941
16774470
16780000
16785531
16791062
16796594
16802127
16807661
16813196
16818732
16824269
16829807
16835346
16840886
16846427
16851969
16857512
16863056
16868601
16874147
16879694
16885242
16890791
16896341
16901892
16907444
16912997
16918551
16924106
16929662
16935219
16940777
16946336
16951896
16957457
16963019
16968582
16974146
16979711
16985277
16990844
16996412
17001981
17007551
17013122
17018694
17024267
17029841
17035416
17040992
17046569
17052147
17057726
17063306
17068886
17074467
17080049
17085631
17091214
17096797
17102381
17107966
17113552
17119139
17124727
17130316
17135906
17141497
17147089
17152681
17158274
17163868
17169463
17175059
17180656
17186254
17191853
17197453
17203054
17208656
17214259
17219863
17225468
17231074
17236681
17242289
17247898
17253508
17259119
17264731
17270344
17275958
17281573
17287189
17292806
17298424
17304043
17309663
17315284
17320906
17326529
17332153
17337778
17343404
17349031
17354659
17360288
17365917
17371547
17377178
17382810
17388443
17394077
17399712
17405348
17410985
17416622
17422260
17427899
17433539
17439180
17444822
17450464
17456107
17461751
17467396
17473042
17478689
17484337
17489986
17495636
17501287
17506938
17512590
17518243
17523897
17529552
17535208
17540865
17546523
17552182
17557842
17563502
17569163
17574825
17580488
17586152
17591817
17597483
17603150
17608818
17614486
17620155
17625825
17631496
17637168
17642841
17648515
17654190
17659866
17665543
17671221
17676900
17682580
17688261
17693943
17699626
17705310
17710995
17716681
17722368
17728056
17733745
17739435
17745126
17750818
17756510
17762203
17767897
17773592
17779288
17784984
17790681
17796379
17802078
17807778
17813479
17819181
17824884
17830588
17836293
17841999
17847706
17853414
17859123
17864833
17870544
17876256
17881969
17887683
17893398
17899114
17904831
17910549
17916268
17921988
17927709
17933431
17939154
17944878
17950602
17956326
17962051
17967776
17973502
17979228
17984955
17990683
17996412
18002142
18007873
18013605
18019338
18025072
18030807
18036543
18042280
18048018
18053757
18059497
18065238
18070980
18076723
18082467
18088212
18093958
18099705
18105453
18111202
18116952
18122703
18128455
18134208
18139962
18145717
18151473
18157230
18162988
18168747
18174507
18180268
18186029
18191791
18197554
18203318
18209083
18214849
18220616
18226384
18232153
18237923
18243694
18249466
18255239
18261012
18266786
18272561
18278337
18284114
18289892
18295671
18301451
18307232
18313014
18318797
18324581
18330366
18336152
18341939
18347727
18353516
18359306
18365096
18370887
18376678
18382470
18388263
18394057
18399852
18405647
18411443
18417240
18423038
18428837
18434637
18440438
18446240
18452043
18457847
18463652
18469458
18475265
18481073
18486882
18492692
18498503
18504315
18510127
18515940
18521754
18527569
18533385
18539202
18545020
18550839
18556659
18562480
18568302
18574125
18579949
18585774
18591599
18597425
18603252
18609080
18614909
18620739
18626570
18632402
18638235
18644069
18649904
18655740
18661576
18667413
18673251
18679089
18684928
18690768
18696609
18702451
18708293
18714136
18719979
18725823
18731668
18737514
18743361
18749209
18755058
18760908
18766759
18772611
18778464
18784318
18790173
18796029
18801886
18807744
18813603
18819463
18825324
18831186
18837048
18842911
18848775
18854640
18860506
18866373
18872241
18878110
18883980
18889851
18895723
18901596
18907470
18913345
18919221
18925098
18930976
18936855
18942735
18948616
18954498
18960380
18966263
18972147
18978031
18983916
18989802
18995689
19001577
19007465
19013354
19019244
19025135
19031027
19036920
19042814
19048709
19054605
19060502
19066400
19072299
19078198
19084098
19089999
19095901
19101804
19107708
19113613
19119518
19125424
19131331
19137239
19143148
19149058
19154969
19160881
19166794
19172708
19178623
19184539
19190456
19196374
19202292
19208211
19214130
19220049
19225969
19231890
19237812
19243735
19249659
19255584
19261510
19267437
19273365
19279294
19285224
19291154
19297085
19303017
19308950
19314884
19320819
19326755
19332692
19338630
19344569
19350509
19356450
19362392
19368335
19374279
19380224
19386170
19392117
19398065
19404014
19409964
19415915
19421867
19427820
19433774
19439728
19445683
19451639
19457596
19463554
19469513
19475473
19481434
19487396
19493359
19499323
19505288
19511254
19517221
19523189
19529158
19535128
19541099
19547071
19553044
19559018
19564993
19570968
19576944
19582921
19588899
19594878
19600858
19606839
19612821
19618804
19624787
19630770
19636754
19642739
19648725
19654712
19660700
19666689
19672679
19678670
19684662
19690655
19696649
19702644
19708640
19714637
19720635
19726634
19732634
19738635
19744637
19750640
19756644
19762649
19768655
19774662
19780670
19786679
19792689
19798700
19804712
19810725
19816739
19822754
19828770
19834787
19840805
19846824
19852844
19858865
19864887
19870910
19876934
19882959
19888985
19895012
19901040
19907069
19913099
19919130
19925162
19931195
19937229
19943263
19949297
19955332
19961367
19967403
19973440
19979478
19985517
19991557
19997598
20003640
20009683
20015727
20021772
20027818
20033865
20039913
20045962
20052012
20058063
20064115
20070168
20076222
20082277
20088332
20094388
20100445
20106503
20112561
20118620
20124680
20130741
20136803
20142866
20148930
20154995
20161061
20167128
20173196
20179265
20185335
20191405
20197476
20203548
20209621
20215695
20221770
20227846
20233923
20240001
20246079
20252158
20258238
20264319
20270401
20276484
20282568
20288653
20294739
20300826
20306914
20313003
20319093
20325184
20331276
20337369
20343463
20349558
20355654
20361751
20367849
20373948
20380048
20386149
20392251
20398354
20404458
20410563
20416669
20422775
20428882
20434990
20441098
20447207
20453317
20459428
20465540
20471653
20477767
20483882
20489998
20496115
20502233
20508352
20514470
20520589
20526709
20532830
20538952
20545075
20551199
20557324
20563450
20569577
20575705
20581834
20587964
20594095
20600227
20606360
20612494
20618629
20624765
20630902
20637040
20643178
20649317
20655457
20661598
20667740
20673883
20680027
20686172
20692318
20698465
20704613
20710762
20716912
20723063
20729215
20735368
20741522
20747677
20753833
20759990
20766148
20772306
20778465
20784624
20790783
20796943
20803104
20809266
20815429
20821593
20827758
20833924
20840091
20846259
20852428
20858598
20864769
20870941
20877114
20883288
20889463
20895639
20901816
20907994
20914173
20920353
20926534
20932716
20938898
20945081
20951265
20957450
20963636
20969823
20976011
20982200
20988390
20994581
21000773
21006966
21013160
21019355
21025551
21031748
21037946
21044145
21050345
21056546
21062747
21068949
21075152
21081355
21087559
21093764
21099970
21106177
21112385
21118594
21124804
21131014
21137225
21143437
21149650
21155864
21162079
21168295
21174512
21180730
21186949
21193169
21199390
21205612
21211834
21218057
21224281
21230505
21236730
21242956
21249183
21255411
21261640
21267870
21274101
21280333
21286566
21292800
21299035
21305271
21311508
21317746
21323985
21330225
21336466
21342708
21348951
21355195
21361440
21367686
21373933
21380181
21386430
21392680
21398931
21405183
21411436
21417690
21423945
21430201
21436458
21442716
21448975
21455235
21461496
21467758
21474021
21480285
21486550
21492816
21499083
21505351
21511619
21517888
21524158
21530429
21536701
21542974
21549248
21555523
21561799
21568076
21574354
21580633
21586913
21593193
21599474
21605756
21612039
21618323
21624608
21630894
21637181
21643469
21649758
21656048
21662339
21668631
21674924
21681218
21687513
21693809
21700106
21706404
21712702
21719000
21725299
21731599
21737900
21744202
21750505
21756809
21763114
21769420
21775727
21782035
21788344
21794654
21800965
21807277
21813590
21819904
21826219
21832535
21838852
21845170
21851489
21857809
21864130
21870452
21876775
21883099
21889424
21895750
21902077
21908405
21914734
21921064
21927395
21933727
21940059
21946392
21952726
21959061
21965397
21971734
21978072
21984411
21990751
21997092
22003434
22009777
22016121
22022465
22028810
22035156
22041503
22047851
22054200
22060550
22066901
22073252
22079604
22085957
22092311
22098666
22105021
22111376
22117732
22124089
22130447
22136806
22143165
22149525
22155886
22162248
22168611
22174975
22181340
22187706
22194073
22200441
22206810
22213180
22219551
22225923
22232296
22238670
22245045
22251421
22257798
22264176
22270555
22276935
22283316
22289698
22296081
22302465
22308850
22315236
22321623
22328011
22334400
22340790
22347181
22353573
22359966
22366360
22372755
22379151
22385548
22391946
22398345
22404745
22411146
22417548
22423951
22430355
22436760
22443166
22449573
22455981
22462388
22468796
22475205
22481615
22488026
22494438
22500850
22507263
22513677
22520092
22526508
22532925
22539343
22545762
22552182
22558603
22565025
22571448
22577872
22584297
22590723
22597150
22603578
22610007
22616437
22622868
22629300
22635733
22642167
22648602
22655038
22661475
22667912
22674349
22680787
22687226
22693665
22700105
22706546
22712988
22719431
22725875
22732320
22738766
22745213
22751661
22758110
22764560
22771011
22777463
22783916
22790370
22796825
22803281
22809738
22816196
22822655
22829115
22835576
22842037
22848499
22854962
22861426
22867891
22874357
22880824
22887292
22893760
22900229
22906699
22913170
22919642
22926115
22932589
22939064
22945540
22952017
22958495
22964973
22971452
22977932
22984413
22990895
22997378
23003862
23010347
23016833
23023320
23029808
23036297
23042787
23049278
23055770
23062263
23068757
23075252
23081748
23088245
23094742
23101240
23107738
23114237
23120737
23127238
23133740
23140243
23146747
23153251
23159756
23166262
23172769
23179277
23185786
23192296
23198807
23205319
23211832
23218346
23224860
23231374
23237889
23244404
23250920
23257437
23263955
23270474
23276994
23283515
23290037
23296560
23303084
23309609
23316135
23322662
23329190
23335719
23342249
23348780
23355312
23361845
23368379
23374914
23381450
23387987
23394525
23401064
23407604
23414145
23420687
23427230
23433774
23440319
23446864
23453409
23459955
23466502
23473049
23479597
23486146
23492696
23499247
23505799
23512352
23518906
23525461
23532017
23538574
23545132
23551691
23558251
23564812
23571374
23577937
23584501
23591066
23597632
23604199
23610767
23617336
23623906
23630477
23637049
23643622
23650196
23656771
23663347
23669924
23676502
23683081
23689661
23696242
23702824
23709407
23715991
23722576
23729162
23735749
23742337
23748926
23755516
23762107
23768699
23775291
23781884
23788478
23795073
23801668
23808264
23814861
23821457
23828054
23834652
23841251
23847851
23854452
23861054
23867657
23874261
23880866
23887472
23894079
23900687
23907296
23913906
23920517
23927129
23933742
23940356
23946971
23953587
23960204
23966822
23973441
23980061
23986682
23993303
23999925
24006548
24013172
24019797
24026423
24033050
24039678
24046307
24052937
24059568
24066199
24072831
24079464
24086098
24092733
24099369
24106006
24112644
24119283
24125922
24132562
24139203
24145844
24152486
24159129
24165773
24172418
24179064
24185711
24192359
24199008
24205658
24212309
24218961
24225614
24232268
24238923
24245579
24252236
24258894
24265553
24272213
24278874
24285536
24292199
24298863
24305528
24312194
24318861
24325529
24332198
24338868
24345539
24352211
24358884
24365558
24372233
24378909
24385586
24392264
24398943
24405623
24412304
24418986
24425669
24432353
24439038
24445724
24452411
24459099
24465788
24472478
24479169
24485861
24492554
24499248
24505943
24512639
24519335
24526032
24532730
24539429
24546129
24552830
24559532
24566235
24572939
24579644
24586350
24593057
24599765
24606474
24613184
24619894
24626605
24633317
24640030
24646744
24653459
24660175
24666892
24673610
24680329
24687049
24693770
24700492
24707215
24713939
24720664
24727390
24734117
24740845
24747574
24754304
24761034
24767765
24774497
24781230
24787964
24794699
24801435
24808171
24814908
24821646
24828385
24835125
24841866
24848608
24855351
24862095
24868840
24875586
24882333
24889081
24895830
24902580
24909331
24916083
24922836
24929590
24936345
24943101
24949857
24956614
24963372
24970131
24976891
24983652
24990414
24997177
25003941
25010706
25017471
25024236
25031002
25037769
25044537
25051306
25058076
25064847
25071619
25078392
25085166
25091941
25098717
25105494
25112272
25119050
25125829
25132609
25139389
25146170
25152951
25159733
25166516
25173300
25180085
25186871
25193658
25200446
25207235
25214025
25220816
25227608
25234401
25241195
25247990
25254786
25261583
25268381
25275180
25281980
25288781
25295582
25302384
25309187
25315991
25322796
25329602
25336409
25343217
25350026
25356836
25363647
25370459
25377272
25384086
25390901
25397716
25404532
25411349
25418167
25424986
25431806
25438627
25445449
25452272
25459096
25465921
25472747
25479574
25486402
25493231
25500061
25506892
25513724
25520557
25527391
25534226
25541062
25547899
25554737
25561576
25568416
25575257
25582099
25588942
25595786
25602631
25609477
25616324
25623172
25630021
25636871
25643722
25650574
25657427
25664281
25671136
25677992
25684849
25691707
25698566
25705425
25712285
25719145
25726006
25732868
25739731
25746594
25753458
25760323
25767189
25774056
25780924
25787793
25794663
25801534
25808406
25815279
25822153
25829028
25835904
25842781
25849659
25856538
25863418
25870299
25877181
25884064
25890948
25897833
25904719
25911606
25918494
25925383
25932273
25939164
25946056
25952949
25959842
25966736
25973631
25980526
25987422
25994319
26001217
26008116
26015016
26021917
26028818
26035720
26042623
26049527
26056432
26063338
26070244
26077151
26084059
26090968
26097878
26104789
26111700
26118612
26125524
26132437
26139351
26146266
26153182
26160099
26167017
26173936
26180856
26187777
26194699
26201622
26208546
26215471
26222397
26229324
26236252
26243181
26250110
26257040
26263971
26270903
26277836
26284770
26291703
26298637
26305572
26312508
26319445
26326383
26333322
26340262
26347203
26354145
26361088
26368032
26374977
26381923
26388869
26395816
26402764
26409713
26416663
26423614
26430566
26437519
26444473
26451428
26458384
26465341
26472299
26479258
26486218
26493179
26500141
26507104
26514067
26521031
26527995
26534960
26541926
26548893
26555861
26562830
26569800
26576771
26583743
26590716
26597690
26604665
26611641
26618618
26625596
26632575
26639555
26646535
26653516
26660498
26667481
26674465
26681450
26688436
26695423
26702411
26709400
26716390
26723381
26730373
26737366
26744360
26751355
26758351
26765347
26772344
26779342
26786341
26793340
26800340
26807341
26814343
26821346
26828350
26835355
26842361
26849368
26856375
26863383
26870392
26877401
26884410
26891420
26898431
26905443
26912456
26919470
26926485
26933501
26940518
26947536
26954555
26961575
26968596
26975618
26982641
26989665
26996690
27003716
27010743
27017771
27024800
27031830
27038861
27045893
27052926
27059960
27066995
27074031
27081068
27088106
27095145
27102184
27109223
27116263
27123303
27130344
27137386
27144428
27151470
27158513
27165557
27172602
27179648
27186695
27193743
27200792
27207842
27214893
27221945
27228998
27236052
27243107
27250163
27257220
27264278
27271337
27278396
27285456
27292517
27299578
27306640
27313703
27320766
27327830
27334895
27341961
27349027
27356094
27363162
27370231
27377301
27384372
27391444
27398517
27405591
27412666
27419742
27426819
27433897
27440976
27448056
27455137
27462219
27469301
27476384
27483468
27490553
27497639
27504726
27511814
27518902
27525991
27533081
27540172
27547264
27554356
27561449
27568543
27575637
27582732
27589828
27596925
27604023
27611122
27618222
27625323
27632424
27639526
27646629
27653733
27660838
27667944
27675051
27682159
27689268
27696378
27703489
27710601
27717714
27724828
27731943
27739059
27746176
27753294
27760413
27767533
27774654
27781776
27788899
27796023
27803148
27810274
27817401
27824529
27831658
27838788
27845919
27853051
27860184
27867318
27874453
27881589
27888726
27895864
27903003
27910143
27917284
27924426
27931569
27938713
27945858
27953004
27960151
27967299
27974448
27981598
27988749
27995901
28003054
28010208
28017363
28024519
28031676
28038834
28045993
28053153
28060314
28067476
28074639
28081803
28088967
28096132
28103298
28110465
28117633
28124801
28131970
28139140
28146311
28153483
28160656
28167830
28175005
28182180
28189356
28196533
28203711
28210890
28218070
28225251
28232433
28239616
28246800
28253985
28261171
28268358
28275546
28282735
28289925
28297116
28304308
28311501
28318695
28325890
28333086
28340283
28347481
28354680
28361880
28369080
28376280
28383481
28390683
28397886
28405090
28412294
28419499
28426705
28433912
28441120
28448328
28455537
28462747
28469958
28477170
28484383
28491596
28498810
28506025
28513241
28520458
28527676
28534895
28542115
28549336
28556558
28563781
28571005
28578230
28585456
28592683
28599910
28607138
28614367
28621596
28628826
28636056
28643286
28650517
28657749
28664982
28672216
28679451
28686687
28693924
28701162
28708401
28715641
28722882
28730124
28737366
28744609
28751853
28759097
28766342
28773587
28780833
28788080
28795328
28802577
28809827
28817078
28824330
28831583
28838837
28846091
28853346
28860602
28867859
28875117
28882376
28889636
28896897
28904159
28911422
28918686
28925950
28933215
28940481
28947748
28955016
28962285
28969555
28976826
28984098
28991371
28998645
29005920
29013196
29020472
29027749
29035027
29042306
29049586
29056867
29064149
29071432
29078716
29086001
29093286
29100571
29107857
29115144
29122432
29129720
29137009
29144299
29151590
29158882
29166175
