6426
6526
6627
6729
6832
6936
7041
7147
7254
7362
7470
7579
7689
7800
7912
8025
8139
8254
8370
8487
8605
8724
8844
8965
9087
9210
9334
9459
9584
9710
9837
9965
10092
10220
10348
10477
10606
10736
10867
10999
11132
11266
11401
11537
11674
11812
11950
12089
12229
12370
12512
12655
12798
12942
13086
13231
13377
13524
13672
13821
13971
14122
14274
14427
14581
14735
14890
15046
15202
15359
15517
15676
15836
15997
16159
16322
16486
16651
16816
16981
17147
17314
17482
17651
17821
17992
18163
18335
18508
18682
18857
19033
19210
19388
19566
19745
19925
20106
20288
20470
20653
20837
21022
21207
21393
21580
21767
21955
22144
22334
22525
22717
22910
23103
23297
23492
23687
23883
24078
24273
24469
24666
24864
25063
25263
25463
25664
25866
26069
26273
26478
26684
26891
27099
27308
27518
27729
27941
28154
28368
28583
28798
29014
29230
29447
29665
29884
30103
30323
30544
30766
30989
31213
31437
31661
31886
32112
32339
32567
32795
33024
33253
33482
33712
33943
34175
34408
34642
34877
35113
35350
35588
35827
36067
36308
36549
36791
37034
37277
37521
37765
38010
38256
38503
38751
39000
39250
39501
39753
40006
40260
40515
40770
41026
41282
41539
41797
42056
42315
42575
42836
43098
43361
43625
43890
44155
44421
44688
44956
45225
45495
45766
46037
46309
46582
46856
47130
47404
47679
47955
48232
48510
48789
49069
49349
49630
49911
50193
50476
50760
51045
51330
51616
51902
52189
52477
52766
53055
53344
53634
53925
54215
54505
54795
55085
55375
55665
55955
56246
56538
56831
57124
57418
57713
58009
58306
58603
58901
59200
59499
59799
60100
60402
60705
61009
61314
61619
61924
62230
62537
62845
63154
63463
63773
64083
64394
64706
65019
65333
65648
65964
66281
66598
66916
67235
67554
67874
68195
68517
68839
69162
69486
69811
70137
70463
70789
71116
71444
71772
72100
72429
72759
73089
73420
73751
74083
74416
74750
75085
75421
75757
76093
76430
76768
77107
77447
77788
78130
78472
78815
79158
79502
79847
80193
80540
80888
81237
81587
81937
82288
82640
82993
83347
83702
84058
84415
84772
85130
85489
85849
86210
86572
86935
87298
87662
88027
88393
88760
89128
89497
89867
90238
90609
90981
91354
91728
92103
92479
92856
93234
93613
93992
94372
94753
95135
95518
95902
96286
96671
97056
97442
97828
98215
98603
98991
99379
99767
100156
100545
100935
101325
101716
102108
102501
102895
103290
103686
104083
104481
104879
105277
105676
106076
106477
106879
107281
107683
108086
108490
108895
109301
109708
110115
110523
110932
111342
111753
112165
112578
112992
113407
113823
114240
114658
115077
115497
115918
116340
116763
117185
117608
118032
118457
118883
119310
119738
120167
120597
121028
121459
121891
122323
122756
123189
123622
124056
124491
124927
125364
125802
126241
126681
127122
127564
128007
128451
128896
129341
129787
130234
130682
131131
131581
132032
132484
132937
133391
133846
134302
134758
135215
135673
136132
136592
137053
137515
137978
138442
138907
139372
139838
140305
140773
141242
141712
142183
142655
143128
143602
144076
144550
145025
145501
145978
146456
146935
147415
147896
148378
148860
149343
149827
150312
150798
151285
151773
152262
152752
153243
153735
154228
154722
155217
155712
156208
156705
157202
157700
158199
158699
159200
159701
160203
160706
161210
161715
162221
162728
163236
163744
164253
164762
165272
165783
166295
166808
167322
167836
168351
168867
169384
169902
170421
170941
171462
171984
172507
173031
173556
174082
174609
175137
175666
176196
176727
177259
177792
178326
178861
179397
179934
180472
181011
181551
182091
182631
183172
183713
184254
184796
185337
185879
186420
186962
187504
188047
188591
189136
189682
190229
190777
191326
191876
192426
192977
193529
194082
194635
195189
195744
196300
196857
197414
197972
198531
199091
199652
200214
200777
201341
201906
202472
203039
203606
204173
204741
205310
205880
206451
207023
207596
208170
208745
209321
209897
210474
211052
211631
212211
212791
213371
213952
214534
215117
215701
216286
216872
217458
218045
218633
219222
219810
220399
220988
221578
222169
222761
223354
223948
224543
225139
225736
226334
226933
227533
228134
228736
229339
229943
230548
231154
231760
232367
232975
233584
234194
234805
235417
236030
236644
237259
237873
238488
239104
239721
240338
240955
241572
242189
242807
243426
244046
244667
245289
245912
246536
247161
247787
248414
249042
249669
250297
250925
251554
252184
252815
253447
254080
254714
255349
255985
256621
257258
257896
258535
259175
259815
260456
261098
261741
262384
263028
263673
264319
264966
265614
266262
266911
267561
268212
268864
269517
270171
270826
271482
272139
272797
273456
274115
274775
275436
276098
276761
277425
278090
278756
279422
280089
280757
281425
282094
282764
283435
284107
284779
285452
286126
286801
287477
288154
288832
289511
290191
290872
291554
292237
292921
293605
294290
294976
295663
296350
297038
297727
298417
299108
299800
300493
301187
301882
302578
303275
303973
304672
305372
306073
306775
307478
308182
308887
309593
310300
311008
311717
312427
313138
313850
314562
315275
315989
316704
317420
318137
318855
319574
320294
321015
321736
322458
323181
323905
324630
325356
326083
326811
327540
328270
329001
329733
330466
331200
331935
332671
333408
334146
334885
335625
336366
337108
337851
338595
339340
340086
340833
341581
342330
343079
343829
344580
345332
346085
346839
347594
348350
349106
349863
350621
351379
352138
352897
353657
354417
355178
355940
356703
357467
358232
358998
359765
360533
361302
362071
362841
363612
364384
365156
365928
366701
367474
368248
369022
369797
370573
371350
372128
372906
373685
374464
375244
376024
376805
377587
378370
379154
379939
380724
381510
382297
383084
383872
384660
385448
386237
387027
387818
388610
389403
390197
390992
391788
392585
393383
394182
394981
395781
396581
397382
398184
398987
399790
400594
401398
402203
403009
403816
404624
405433
406243
407054
407866
408679
409493
410308
411124
411941
412759
413578
414398
415219
416040
416862
417685
418509
419334
420160
420987
421815
422644
423474
424304
425135
425967
426800
427634
428469
429305
430142
430980
431819
432659
433500
434342
435185
436029
436874
437719
438564
439409
440255
441102
441950
442799
443649
444500
445352
446205
447059
447914
448769
449625
450482
451339
452196
453053
453911
454769
455628
456488
457349
458211
459074
459938
460803
461669
462535
463402
464270
465139
466008
466878
467748
468619
469490
470362
471235
472109
472984
473859
474735
475612
476490
477369
478249
479130
480012
480895
481779
482664
483550
484437
485325
486214
487103
487993
488884
489776
490669
491563
492457
493352
494248
495144
496040
496937
497834
498732
499631
500531
501432
502334
503236
504139
505043
505948
506854
507761
508669
509577
510486
511396
512307
513219
514131
515043
515955
516868
517781
518695
519610
520526
521443
522360
523278
524196
525114
526033
526951
527869
528788
529706
530624
531543
532463
533383
534304
535226
536149
537073
537998
538923
539849
540776
541704
542632
543561
544491
545422
546354
547287
548221
549156
550092
551028
551964
552901
553839
554777
555716
556656
557596
558536
559477
560417
561358
562300
563242
564185
565129
566074
567020
567966
568913
569860
570808
571757
572707
573658
574610
575561
576513
577466
578420
579374
580328
581283
582238
583194
584151
585108
586066
587025
587985
588946
589907
590869
591832
592796
593761
594727
595694
596662
597631
598601
599572
600544
601517
602490
603464
604439
605414
606390
607367
608345
609323
610302
611282
612263
613245
614228
615212
616197
617183
618170
619158
620146
621135
622125
623116
624108
625101
626095
627090
628086
629083
630081
631080
632080
633081
634083
635085
636088
637092
638097
639103
640108
641113
642119
643125
644132
645140
646149
647159
648169
649180
650192
651205
652219
653234
654249
655265
656282
657300
658319
659339
660360
661382
662405
663429
664454
665480
666507
667535
668564
669594
670625
671657
672690
673724
674759
675795
676832
677870
678909
679949
680990
682031
683073
684116
685160
686205
687251
688298
689346
690395
691444
692494
693545
694597
695650
696703
697757
698812
699868
700925
701983
703042
704102
705163
706224
707286
708349
709413
710478
711544
712610
713677
714745
715814
716883
717953
719024
720096
721169
722243
723318
724394
725470
726547
727625
728704
729784
730865
731947
733030
734114
735199
736285
737370
738456
739542
740629
741717
742806
743896
744987
746079
747171
748264
749358
750453
751549
752645
753742
754840
755938
757037
758137
759237
760338
761440
762543
763647
764752
765858
766965
768073
769181
770290
771400
772511
773623
774736
775850
776965
778081
779197
780313
781430
782548
783667
784787
785908
787030
788153
789277
790402
791528
792655
793783
794912
796042
797173
798305
799438
800572
801707
802843
803980
805117
806255
807394
808534
809675
810816
811958
813100
814243
815387
816532
817677
818822
819968
821115
822263
823412
824561
825710
826860
828011
829163
830315
831467
832620
833773
834927
836082
837238
838395
839553
840711
841870
843030
844191
845353
846515
847678
848842
850007
851173
852338
853504
854671
855839
857008
858178
859349
860521
861694
862867
864041
865216
866391
867566
868742
869919
871097
872276
873456
874636
875817
876999
878182
879366
880551
881737
882923
884110
885298
886487
887677
888868
890060
891253
892447
893641
894835
896030
897226
898423
899621
900820
902020
903221
904423
905626
906830
908034
909238
910443
911649
912855
914062
915270
916479
917688
918898
920109
921321
922534
923748
924963
926179
927396
928614
929833
931053
932274
933496
934719
935943
937168
938394
939620
940846
942073
943301
944530
945760
946991
948223
949455
950688
951922
953157
954392
955628
956865
958102
959340
960579
961819
963060
964301
965543
966786
968030
969275
970520
971766
973013
974261
975510
976760
978011
979263
980516
981770
983025
984280
985536
986793
988051
989310
990570
991831
993093
994356
995620
996885
998151
999418
1000686
1001955
1003225
1004496
1005768
1007041
1008315
1009590
1010866
1012143
1013420
1014698
1015977
1017257
1018538
1019819
1021101
1022384
1023667
1024951
1026235
1027520
1028806
1030093
1031381
1032670
1033960
1035251
1036543
1037836
1039129
1040422
1041716
1043011
1044307
1045603
1046900
1048197
1049495
1050794
1052094
1053395
1054697
1056000
1057304
1058608
1059912
1061217
1062523
1063830
1065138
1066447
1067757
1069068
1070379
1071690
1073002
1074315
1075629
1076944
1078260
1079577
1080894
1082212
1083531
1084850
1086170
1087491
1088813
1090136
1091460
1092785
1094111
1095438
1096766
1098095
1099425
1100756
1102088
1103421
1104755
1106089
1107424
1108760
1110097
1111435
1112774
1114114
1115454
1116795
1118137
1119480
1120824
1122169
1123515
1124862
1126210
1127559
1128909
1130260
1131612
1132965
1134319
1135674
1137030
1138387
1139745
1141104
1142464
1143824
1145185
1146546
1147908
1149270
1150633
1151996
1153360
1154723
1156087
1157452
1158818
1160184
1161551
1162918
1164286
1165655
1167025
1168396
1169766
1171137
1172509
1173882
1175256
1176631
1178007
1179384
1180762
1182141
1183521
1184901
1186282
1187663
1189045
1190428
1191812
1193196
1194581
1195966
1197352
1198739
1200126
1201514
1202902
1204290
1205679
1207069
1208460
1209852
1211245
1212639
1214034
1215430
1216827
1218225
1219624
1221023
1222422
1223822
1225221
1226621
1228022
1229424
1230827
1232231
1233636
1235042
1236449
1237856
1239263
1240671
1242080
1243490
1244901
1246313
1247726
1249140
1250555
1251971
1253387
1254804
1256222
1257641
1259061
1260482
1261903
1263325
1264748
1266172
1267597
1269023
1270450
1271877
1273305
1274734
1276164
1277594
1279025
1280457
1281890
1283324
1284759
1286194
1287630
1289067
1290505
1291944
1293384
1294824
1296265
1297706
1299148
1300591
1302035
1303480
1304926
1306373
1307821
1309270
1310720
1312171
1313623
1315075
1316528
1317982
1319437
1320893
1322350
1323808
1325267
1326727
1328188
1329650
1331113
1332577
1334042
1335506
1336971
1338436
1339902
1341369
1342837
1344306
1345775
1347245
1348716
1350188
1351661
1353135
1354610
1356085
1357561
1359038
1360515
1361993
1363472
1364952
1366433
1367914
1369396
1370879
1372363
1373848
1375334
1376820
1378306
1379793
1381281
1382770
1384260
1385751
1387243
1388736
1390229
1391722
1393216
1394710
1396205
1397701
1399198
1400696
1402195
1403695
1405196
1406698
1408201
1409705
1411210
1412716
1414222
1415729
1417237
1418746
1420255
1421764
1423274
1424785
1426297
1427810
1429324
1430838
1432353
1433868
1435384
1436901
1438419
1439938
1441458
1442978
1444499
1446020
1447542
1449065
1450589
1452114
1453640
1455167
1456695
1458223
1459752
1461282
1462813
1464345
1465878
1467412
1468947
1470483
1472020
1473558
1475097
1476637
1478178
1479720
1481263
1482807
1484352
1485898
1487445
1488993
1490541
1492090
1493640
1495191
1496743
1498296
1499850
1501405
1502961
1504518
1506076
1507635
1509194
1510754
1512314
1513875
1515437
1517000
1518564
1520129
1521695
1523262
1524829
1526396
1527963
1529531
1531099
1532668
1534237
1535806
1537376
1538947
1540519
1542092
1543664
1545237
1546811
1548386
1549962
1551538
1553115
1554693
1556272
1557851
1559430
1561010
1562591
1564173
1565756
1567340
1568925
1570511
1572098
1573686
1575274
1576863
1578453
1580044
1581636
1583229
1584822
1586416
1588011
1589607
1591203
1592800
1594398
1595997
1597596
1599196
1600797
1602398
1603999
1605601
1607203
1608805
1610408
1612012
1613617
1615223
1616830
1618438
1620047
1621657
1623267
1624877
1626487
1628098
1629709
1631321
1632934
1634547
1636161
1637776
1639392
1641009
1642627
1644246
1645866
1647487
1649108
1650730
1652352
1653975
1655598
1657221
1658845
1660470
1662096
1663723
1665351
1666980
1668610
1670240
1671870
1673501
1675133
1676766
1678399
1680032
1681666
1683301
1684937
1686573
1688210
1689848
1691486
1693125
1694765
1696406
1698048
1699691
1701335
1702980
1704625
1706271
1707918
1709566
1711215
1712865
1714516
1716168
1717821
1719475
1721130
1722786
1724443
1726101
1727759
1729418
1731078
1732739
1734401
1736063
1737725
1739388
1741052
1742717
1744382
1746047
1747713
1749379
1751046
1752714
1754382
1756051
1757720
1759389
1761059
1762730
1764402
1766075
1767748
1769422
1771097
1772773
1774449
1776126
1777804
1779483
1781162
1782842
1784523
1786205
1787888
1789572
1791257
1792943
1794630
1796318
1798007
1799697
1801388
1803080
1804773
1806467
1808162
1809858
1811555
1813253
1814952
1816652
1818353
1820055
1821758
1823462
1825167
1826873
1828579
1830285
1831992
1833700
1835408
1837117
1838827
1840538
1842250
1843963
1845677
1847392
1849107
1850823
1852539
1854256
1855973
1857691
1859410
1861130
1862850
1864571
1866293
1868016
1869740
1871465
1873191
1874918
1876646
1878375
1880104
1881834
1883565
1885297
1887030
1888764
1890499
1892235
1893972
1895709
1897447
1899186
1900926
1902667
1904408
1906150
1907893
1909637
1911382
1913128
1914875
1916623
1918371
1920120
1921870
1923621
1925373
1927126
1928880
1930634
1932389
1934144
1935900
1937656
1939413
1941171
1942930
1944690
1946451
1948213
1949976
1951740
1953505
1955271
1957038
1958805
1960573
1962342
1964112
1965883
1967655
1969428
1971202
1972977
1974753
1976530
1978308
1980087
1981867
1983648
1985430
1987213
1988997
1990782
1992568
1994355
1996143
1997932
1999721
2001511
2003302
2005093
2006885
2008678
2010472
2012266
2014061
2015857
2017654
2019452
2021251
2023051
2024852
2026654
2028457
2030261
2032066
2033872
2035679
2037487
2039296
2041106
2042917
2044728
2046540
2048353
2050167
2051982
2053797
2055613
2057430
2059248
2061067
2062887
2064707
2066527
2068348
2070169
2071991
2073814
2075638
2077463
2079288
2081114
2082941
2084769
2086598
2088428
2090259
2092091
2093924
2095757
2097591
2099424
2101258
2103093
2104929
2106766
2108604
2110443
2112283
2114123
2115963
2117804
2119646
2121489
2123332
2125176
2127021
2128867
2130714
2132562
2134410
2136259
2138109
2139960
2141812
2143665
2145519
2147374
2149230
2151087
2152945
2154804
2156664
2158525
2160387
2162250
2164114
2165979
2167844
2169710
2171577
2173445
2175314
2177183
2179053
2180924
2182796
2184669
2186543
2188418
2190294
2192171
2194049
2195928
2197808
2199689
2201571
2203454
2205338
2207222
2209107
2210992
2212878
2214765
2216653
2218541
2220430
2222320
2224210
2226100
2227990
2229880
2231771
2233663
2235555
2237448
2239342
2241236
2243131
2245027
2246924
2248821
2250719
2252618
2254518
2256419
2258321
2260224
2262128
2264033
2265939
2267846
2269754
2271663
2273573
2275484
2277396
2279309
2281223
2283138
2285053
2286969
2288886
2290803
2292721
2294640
2296560
2298481
2300402
2302323
2304245
2306168
2308092
2310016
2311941
2313866
2315792
2317719
2319647
2321576
2323506
2325437
2327369
2329301
2331233
2333166
2335100
2337035
2338971
2340908
2342846
2344785
2346725
2348664
2350603
2352543
2354484
2356426
2358369
2360313
2362258
2364204
2366151
2368099
2370048
2371997
2373947
2375898
2377848
2379799
2381751
2383704
2385658
2387613
2389568
2391524
2393481
2395439
2397398
2399358
2401319
2403280
2405242
2407205
2409169
2411134
2413100
2415067
2417035
2419004
2420974
2422944
2424915
2426887
2428860
2430834
2432809
2434785
2436762
2438740
2440719
2442699
2444680
2446662
2448645
2450629
2452614
2454600
2456587
2458575
2460563
2462551
2464540
2466530
2468521
2470513
2472506
2474499
2476492
2478486
2480480
2482474
2484469
2486464
2488460
2490457
2492455
2494454
2496454
2498455
2500457
2502460
2504464
2506469
2508475
2510482
2512490
2514498
2516507
2518517
2520527
2522538
2524550
2526563
2528576
2530589
2532603
2534617
2536631
2538645
2540660
2542676
2544693
2546711
2548730
2550750
2552771
2554793
2556816
2558840
2560864
2562889
2564915
2566942
2568970
2570998
2573027
2575057
2577088
2579120
2581153
2583187
2585222
2587258
2589293
2591329
2593365
2595402
2597440
2599479
2601519
2603560
2605602
2607645
2609689
2611734
2613779
2615825
2617872
2619919
2621967
2624016
2626066
2628117
2630169
2632222
2634276
2636331
2638386
2640442
2642499
2644557
2646616
2648676
2650737
2652799
2654862
2656926
2658990
2661054
2663119
2665185
2667252
2669320
2671389
2673459
2675530
2677602
2679675
2681749
2683824
2685899
2687975
2690052
2692130
2694209
2696289
2698369
2700449
2702529
2704609
2706690
2708772
2710855
2712939
2715024
2717110
2719197
2721284
2723372
2725461
2727550
2729639
2731729
2733819
2735909
2738000
2740092
2742185
2744279
2746373
2748468
2750564
2752661
2754759
2756858
2758958
2761059
2763161
2765264
2767368
2769473
2771577
2773682
2775788
2777895
2780003
2782112
2784222
2786332
2788443
2790555
2792668
2794782
2796897
2799013
2801130
2803248
2805367
2807487
2809608
2811730
2813853
2815977
2818102
2820228
2822355
2824483
2826612
2828742
2830873
2833004
2835136
2837269
2839402
2841535
2843669
2845804
2847939
2850075
2852212
2854350
2856488
2858627
2860765
2862903
2865042
2867181
2869321
2871462
2873602
2875743
2877884
2880025
2882167
2884310
2886454
2888599
2890745
2892892
2895040
2897189
2899339
2901490
2903642
2905795
2907949
2910104
2912260
2914417
2916575
2918734
2920894
2923055
2925217
2927380
2929544
2931709
2933875
2936041
2938208
2940376
2942545
2944715
2946886
2949057
2951229
2953402
2955575
2957748
2959921
2962095
2964270
2966446
2968623
2970801
2972980
2975159
2977339
2979520
2981702
2983885
2986069
2988254
2990439
2992625
2994812
2997000
2999189
3001379
3003570
3005762
3007955
3010149
3012344
3014540
3016736
3018933
3021130
3023328
3025527
3027727
3029928
3032130
3034332
3036535
3038739
3040944
3043150
3045357
3047565
3049774
3051984
3054195
3056407
3058620
3060834
3063049
3065265
3067482
3069700
3071918
3074137
3076357
3078576
3080796
3083017
3085239
3087462
3089686
3091910
3094135
3096361
3098588
3100816
3103044
3105273
3107503
3109734
3111964
3114195
3116426
3118658
3120890
3123123
3125357
3127592
3129828
3132065
3134303
3136541
3138780
3141020
3143261
3145502
3147744
3149987
3152231
3154476
3156722
3158969
3161217
3163466
3165716
3167967
3170219
3172472
3174726
3176981
3179237
3181494
3183752
3186011
3188271
3190531
3192792
3195054
3197317
3199581
3201846
3204112
3206379
3208647
3210916
3213186
3215457
3217729
3220002
3222276
3224551
3226827
3229104
3231382
3233661
3235940
3238220
3240501
3242783
3245066
3247350
3249635
3251921
3254208
3256496
3258784
3261073
3263362
3265652
3267943
3270235
3272528
3274822
3277117
3279413
3281710
3284008
3286307
3288607
3290907
3293207
3295508
3297810
3300112
3302414
3304717
3307021
3309326
3311632
3313938
3316245
3318553
3320862
3323172
3325483
3327795
3330108
3332421
3334735
3337050
3339366
3341683
3344001
3346319
3348638
3350958
3353279
3355601
3357923
3360246
3362570
3364895
3367221
3369547
3371874
3374202
3376530
3378859
3381189
3383520
3385852
3388185
3390519
3392854
3395190
3397527
3399864
3402202
3404540
3406878
3409217
3411557
3413897
3416238
3418580
3420922
3423265
3425608
3427952
3430297
3432643
3434990
3437338
3439686
3442034
3444383
3446732
3449082
3451433
3453785
3456137
3458490
3460843
3463197
3465551
3467906
3470262
3472619
3474977
3477335
3479694
3482053
3484413
3486774
3489136
3491499
3493863
3496228
3498594
3500960
3503326
3505693
3508060
3510428
3512796
3515165
3517535
3519906
3522278
3524651
3527025
3529400
3531776
3534153
3536531
3538910
3541290
3543670
3546051
3548433
3550816
3553200
3555585
3557971
3560358
3562746
3565134
3567522
3569911
3572301
3574692
3577084
3579477
3581871
3584266
3586662
3589059
3591456
3593854
3596253
3598653
3601054
3603456
3605858
3608261
3610665
3613070
3615476
3617881
3620287
3622693
3625100
3627508
3629917
3632327
3634738
3637149
3639561
3641974
3644388
3646803
3649219
3651636
3654054
3656473
3658893
3661314
3663736
3666158
3668581
3671005
3673430
3675856
3678283
3680711
3683139
3685568
3687997
3690427
3692858
3695290
3697723
3700156
3702589
3705023
3707457
3709892
3712328
3714765
3717203
3719642
3722082
3724521
3726961
3729401
3731842
3734284
3736727
3739171
3741616
3744062
3746509
3748957
3751406
3753856
3756307
3758759
3761212
3763666
3766119
3768573
3771028
3773484
3775941
3778399
3780858
3783318
3785779
3788241
3790704
3793168
3795632
3798097
3800563
3803030
3805498
3807967
3810437
3812908
3815380
3817853
3820327
3822802
3825278
3827755
3830233
3832712
3835192
3837673
3840155
3842638
3845122
3847607
3850093
3852580
3855068
3857557
3860047
3862538
3865030
3867523
3870016
3872509
3875003
3877498
3879993
3882489
3884986
3887484
3889983
3892483
3894984
3897486
3899989
3902492
3904996
3907500
3910005
3912511
3915018
3917526
3920035
3922545
3925056
3927567
3930079
3932592
3935106
3937620
3940135
3942650
3945165
3947681
3950198
3952716
3955235
3957754
3960274
3962795
3965317
3967840
3970364
3972889
3975414
3977940
3980467
3982993
3985520
3988047
3990575
3993104
3995634
3998164
4000695
4003227
4005760
4008294
4010829
4013365
4015901
4018438
4020975
4023513
4026050
4028588
4031127
4033666
4036206
4038747
4041288
4043830
4046372
4048914
4051457
4054001
4056545
4059090
4061636
4064183
4066731
4069280
4071829
4074379
4076929
4079480
4082032
4084585
4087139
4089694
4092250
4094807
4097365
4099924
4102484
4105044
4107605
4110167
4112730
4115294
4117859
4120425
4122992
4125560
4128129
4130699
4133269
4135840
4138412
4140985
4143559
4146133
4148708
4151284
4153860
4156437
4159015
4161593
4164172
4166752
4169333
4171915
4174497
4177080
4179664
4182249
4184835
4187422
4190010
4192599
4195189
4197780
4200372
4202964
4205556
4208149
4210743
4213338
4215934
4218531
4221128
4223726
4226325
4228925
4231526
4234128
4236731
4239335
4241940
4244546
4247153
4249760
4252367
4254975
4257584
4260193
4262803
4265413
4268024
4270636
4273248
4275861
4278475
4281090
4283706
4286323
4288941
4291560
4294179
4296799
4299420
4302042
4304665
4307289
4309914
4312540
4315167
4317795
4320424
4323054
4325684
4328315
4330946
4333578
4336211
4338845
4341480
4344115
4346751
4349388
4352025
4354663
4357302
4359942
4362583
4365225
4367868
4370512
4373156
4375801
4378446
4381092
4383739
4386386
4389034
4391683
4394333
4396984
4399636
4402289
4404943
4407598
4410253
4412909
4415565
4418222
4420880
4423539
4426199
4428860
4431522
4434185
4436849
4439514
4442180
4444847
4447515
4450184
4452854
4455525
4458196
4460868
4463540
4466213
4468887
4471562
4474238
4476915
4479593
4482272
4484952
4487633
4490315
4492998
4495682
4498367
4501053
4503740
4506428
4509117
4511807
4514498
4517190
4519883
4522577
4525272
4527968
4530665
4533363
4536062
4538762
4541463
4544165
4546868
4549572
4552277
4554983
4557690
4560398
4563106
4565815
4568525
4571236
4573948
4576661
4579375
4582090
4584806
4587522
4590239
4592957
4595676
4598396
4601117
4603839
4606562
4609286
4612011
4614737
4617464
4620192
4622921
4625650
4628380
4631110
4633841
4636573
4639306
4642039
4644773
4647508
4650242
4652977
4655713
4658450
4661187
4663925
4666664
4669404
4672145
4674887
4677629
4680371
4683113
4685855
4688598
4691342
4694087
4696833
4699580
4702328
4705076
4707825
4710575
4713326
4716078
4718831
4721585
4724340
4727096
4729853
4732611
4735370
4738130
4740891
4743653
4746416
4749180
4751945
4754711
4757478
4760246
4763015
4765785
4768555
4771325
4774095
4776865
4779635
4782406
4785178
4787951
4790725
4793500
4796275
4799050
4801826
4804602
4807379
4810157
4812936
4815715
4818495
4821276
4824058
4826841
4829625
4832410
4835196
4837983
4840771
4843560
4846350
4849141
4851933
4854726
4857520
4860315
4863111
4865908
4868706
4871505
4874304
4877103
4879902
4882702
4885503
4888304
4891105
4893906
4896708
4899510
4902313
4905117
4907922
4910728
4913535
4916342
4919150
4921959
4924769
4927580
4930392
4933205
4936019
4938832
4941645
4944459
4947274
4950089
4952905
4955722
4958540
4961359
4964178
4966998
4969818
4972638
4975459
4978281
4981104
4983928
4986753
4989579
4992406
4995234
4998063
5000892
5003722
5006553
5009385
5012218
5015052
5017886
5020721
5023557
5026394
5029232
5032071
5034911
5037752
5040594
5043436
5046278
5049121
5051965
5054809
5057653
5060498
5063343
5066189
5069036
5071884
5074733
5077583
5080434
5083286
5086139
5088993
5091848
5094704
5097561
5100419
5103278
5106138
5108999
5111861
5114723
5117585
5120448
5123312
5126177
5129043
5131910
5134777
5137645
5140514
5143384
5146255
5149126
5151998
5154871
5157745
5160619
5163494
5166370
5169247
5172125
5175004
5177884
5180765
5183647
5186530
5189413
5192297
5195182
5198068
5200955
5203842
5206730
5209618
5212507
5215397
5218288
5221180
5224073
5226967
5229862
5232758
5235654
5238551
5241449
5244348
5247248
5250149
5253050
5255951
5258853
5261756
5264660
5267565
5270471
5273378
5276286
5279194
5282103
5285011
5287920
5290830
5293740
5296651
5299563
5302475
5305387
5308300
5311213
5314127
5317042
5319958
5322874
5325791
5328709
5331626
5334544
5337462
5340381
5343300
5346220
5349141
5352063
5354986
5357910
5360835
5363761
5366687
5369614
5372541
5375469
5378398
5381327
5384257
5387188
5390119
5393050
5395982
5398915
5401848
5404782
5407717
5410653
5413590
5416528
5419467
5422407
5425348
5428290
5431233
5434177
5437122
5440068
5443014
5445961
5448909
5451858
5454806
5457755
5460705
5463656
5466607
5469559
5472512
5475466
5478420
5481375
5484331
5487287
5490244
5493202
5496161
5499119
5502078
5505037
5507997
5510958
5513919
5516881
5519843
5522806
5525769
5528733
5531698
5534664
5537631
5540599
5543568
5546537
5549506
5552476
5555446
5558417
5561388
5564360
5567333
5570307
5573282
5576258
5579234
5582211
5585188
5588165
5591143
5594122
5597101
5600081
5603062
5606044
5609027
5612010
5614994
5617979
5620965
5623952
5626940
5629929
5632919
5635909
5638900
5641892
5644884
5647877
5650871
5653865
5656860
5659856
5662853
5665850
5668848
5671847
5674847
5677847
5680848
5683849
5686851
5689853
5692855
5695858
5698862
5701866
5704870
5707875
5710881
5713888
5716895
5719903
5722912
5725922
5728933
5731945
5734958
5737972
5740986
5744001
5747016
5750032
5753049
5756067
5759086
5762106
5765127
5768149
5771172
5774196
5777221
5780246
5783271
5786296
5789321
5792347
5795374
5798402
5801430
5804459
5807489
5810520
5813551
5816582
5819614
5822647
5825681
5828716
5831752
5834789
5837827
5840866
5843905
5846944
5849983
5853023
5856064
5859106
5862149
5865193
5868238
5871284
5874331
5877379
5880428
5883477
5886526
5889576
5892627
5895679
5898732
5901785
5904839
5907894
5910948
5914002
5917056
5920111
5923167
5926224
5929282
5932341
5935401
5938462
5941523
5944585
5947648
5950711
5953775
5956840
5959906
5962973
5966041
5969110
5972180
5975251
5978323
5981396
5984470
5987545
5990621
5993698
5996776
5999853
6002930
6006007
6009084
6012162
6015240
6018318
6021397
6024477
6027558
6030640
6033723
6036807
6039891
6042976
6046062
6049149
6052237
6055326
6058416
6061507
6064599
6067692
6070786
6073881
6076977
6080073
6083170
6086268
6089367
6092466
6095566
6098667
6101769
6104872
6107976
6111081
6114185
6117290
6120396
6123501
6126607
6129713
6132819
6135926
6139034
6142143
6145253
6148364
6151475
6154587
6157700
6160813
6163927
6167042
6170158
6173275
6176393
6179512
6182631
6185750
6188870
6191991
6195113
6198236
6201360
6204485
6207611
6210738
6213865
6216993
6220122
6223251
6226381
6229512
6232644
6235776
6238909
6242043
6245178
6248314
6251451
6254589
6257728
6260868
6264009
6267151
6270294
6273437
6276581
6279726
6282871
6286017
6289164
6292311
6295459
6298607
6301756
6304906
6308056
6311207
6314358
6317510
6320662
6323815
6326969
6330124
6333280
6336436
6339593
6342751
6345909
6349068
6352228
6355389
6358551
6361714
6364878
6368043
6371209
6374376
6377544
6380711
6383879
6387047
6390216
6393386
6396557
6399729
6402902
6406075
6409249
6412424
6415600
6418777
6421955
6425134
6428314
6431495
6434676
6437858
6441040
6444223
6447407
6450591
6453775
6456959
6460144
6463330
6466517
6469705
6472894
6476084
6479275
6482466
6485658
6488851
6492045
6495240
6498436
6501632
6504829
6508025
6511222
6514419
6517617
6520816
6524016
6527217
6530419
6533622
6536826
6540030
6543235
6546441
6549648
6552856
6556065
6559274
6562484
6565695
6568907
6572120
6575334
6578548
6581763
6584979
6588196
6591414
6594633
6597853
6601074
6604296
6607519
6610743
6613968
6617194
6620420
6623647
6626875
6630103
6633332
6636562
6639792
6643023
6646255
6649488
6652722
6655957
6659193
6662430
6665668
6668907
6672147
6675388
6678630
6681873
6685117
6688361
6691606
6694852
6698098
6701344
6704590
6707837
6711085
6714334
6717584
6720835
6724087
6727340
6730594
6733849
6737104
6740360
6743617
6746874
6750132
6753391
6756651
6759912
6763174
6766437
6769701
6772966
6776231
6779497
6782763
6786030
6789298
6792565
6795833
6799102
6802372
6805643
6808915
6812186
6815458
6818731
6822005
6825280
6828556
6831832
6835109
6838387
6841666
6844946
6848227
6851508
6854790
6858073
6861356
6864640
6867925
6871211
6874498
6877786
6881075
6884365
6887655
6890946
6894238
6897531
6900825
6904120
6907416
6910713
6914011
6917310
6920609
6923909
6927210
6930512
6933815
6937118
6940422
6943727
6947033
6950340
6953647
6956955
6960263
6963572
6966882
6970193
6973505
6976818
6980132
6983447
6986763
6990080
6993398
6996717
7000036
7003356
7006677
7009999
7013322
7016646
7019970
7023295
7026621
7029948
7033275
7036603
7039932
7043262
7046593
7049925
7053256
7056587
7059919
7063251
7066584
7069917
7073251
7076586
7079922
7083259
7086597
7089936
7093276
7096617
7099958
7103300
7106642
7109985
7113329
7116674
7120020
7123367
7126715
7130063
7133412
7136762
7140112
7143463
7146815
7150168
7153521
7156875
7160230
7163586
7166943
7170301
7173659
7177018
7180378
7183739
7187101
7190464
7193828
7197193
7200559
7203926
7207294
7210663
7214033
7217403
7220773
7224144
7227516
7230889
7234263
7237638
7241014
7244391
7247769
7251148
7254528
7257909
7261290
7264671
7268053
7271436
7274820
7278205
7281590
7284976
7288363
7291751
7295140
7298530
7301921
7305313
7308706
7312099
7315493
7318888
7322284
7325681
7329079
7332478
7335878
7339279
7342681
7346084
7349487
7352891
7356296
7359702
7363109
7366517
7369925
7373334
7376744
7380155
7383567
7386980
7390394
7393809
7397225
7400642
7404060
7407478
7410897
7414317
7417738
7421160
7424583
7428007
7431431
7434855
7438280
7441706
7445132
7448559
7451987
7455414
7458842
7462270
7465699
7469129
7472560
7475992
7479424
7482857
7486291
7489726
7493162
7496599
7500037
7503476
7506916
7510357
7513797
7517237
7520678
7524120
7527562
7531005
7534449
7537894
7541340
7544787
7548234
7551682
7555131
7558581
7562032
7565484
7568935
7572387
7575840
7579294
7582749
7586205
7589662
7593119
7596577
7600036
7603494
7606953
7610413
7613874
7617336
7620799
7624263
7627728
7631194
7634661
7638129
7641598
7645068
7648539
7652011
7655484
7658957
7662431
7665906
7669381
7672857
7676333
7679810
7683288
7686767
7690246
7693726
7697207
7700689
7704172
7707656
7711141
7714627
7718114
7721602
7725090
7728579
7732068
7735558
7739048
7742538
7746029
7749521
7753014
7756508
7760003
7763498
7766994
7770491
7773989
7777488
7780988
7784489
7787991
7791494
7794998
7798503
7802007
7805512
7809017
7812522
7816028
7819535
7823043
7826552
7830062
7833573
7837085
7840598
7844111
7847624
7851138
7854653
7858169
7861686
7865203
7868721
7872239
7875758
7879278
7882799
7886321
7889843
7893366
7896890
7900415
7903941
7907468
7910996
7914525
7918055
7921586
7925118
7928651
7932185
7935720
7939256
7942792
7946329
7949867
7953406
7956945
7960484
7964023
7967563
7971104
7974645
7978187
7981730
7985273
7988817
7992362
7995908
7999455
8003002
8006550
8010099
8013648
8017198
8020749
8024301
8027854
8031408
8034963
8038518
8042074
8045630
8049186
8052742
8056298
8059854
8063411
8066969
8070528
8074087
8077647
8081208
8084770
8088332
8091894
8095457
8099021
8102586
8106152
8109719
8113287
8116856
8120426
8123997
8127569
8131142
8134716
8138291
8141867
8145444
8149022
8152601
8156181
8159761
8163342
8166924
8170507
8174091
8177676
8181262
8184849
8188437
8192026
8195616
8199207
8202799
8206392
8209986
8213581
8217177
8220774
8224371
8227969
8231568
8235168
8238769
8242371
8245974
8249578
8253183
8256789
8260395
8264002
8267609
8271216
8274824
8278433
8282043
8285654
8289266
8292879
8296493
8300108
8303724
8307341
8310958
8314576
8318195
8321815
8325436
8329058
8332680
8336303
8339926
8343550
8347175
8350801
8354428
8358056
8361685
8365315
8368946
8372578
8376210
8379842
8383475
8387109
8390743
8394378
8398014
8401651
8405289
8408928
8412568
8416209
8419851
8423494
8427138
8430783
8434429
8438076
8441724
8445373
8449023
8452674
8456326
8459979
8463632
8467285
8470939
8474594
8478250
8481907
8485565
8489224
8492884
8496545
8500207
8503870
8507533
8511196
8514860
8518525
8522191
8525858
8529526
8533195
8536865
8540536
8544207
8547879
8551552
8555226
8558901
8562577
8566254
8569932
8573611
8577290
8580970
8584651
8588333
8592016
8595700
8599385
8603070
8606755
8610440
8614126
8617813
8621501
8625190
8628880
8632570
8636261
8639953
8643646
8647339
8651033
8654728
8658424
8662121
8665819
8669517
8673216
8676916
8680617
8684319
8688022
8691726
8695431
8699136
8702841
8706547
8710253
8713960
8717667
8721375
8725084
8728793
8732503
8736214
8739926
8743639
8747352
8751066
8754781
8758497
8762214
8765932
8769651
8773371
8777092
8780814
8784537
8788260
8791984
8795709
8799435
8803162
8806889
8810617
8814346
8818076
8821807
8825539
8829272
8833006
8836741
8840476
8844212
8847949
8851687
8855426
8859164
8862902
8866641
8870381
8874122
8877864
8881607
8885349
8889091
8892834
8896578
8900323
8904069
8907816
8911564
8915312
8919060
8922809
8926559
8930310
8934062
8937815
8941569
8945324
8949079
8952834
8956590
8960347
8964105
8967864
8971623
8975383
8979143
8982904
8986666
8990429
8994193
8997957
9001721
9005486
9009252
9013019
9016786
9020554
9024323
9028093
9031864
9035636
9039409
9043183
9046958
9050734
9054511
9058289
9062068
9065848
9069629
9073411
9077194
9080978
9084763
9088549
9092336
9096124
9099912
9103701
9107491
9111281
9115072
9118864
9122657
9126450
9130244
9134039
9137835
9141632
9145430
9149229
9153029
9156829
9160630
9164432
9168234
9172037
9175841
9179646
9183452
9187259
9191066
9194874
9198683
9202493
9206304
9210115
9213927
9217740
9221554
9225369
9229184
9233000
9236817
9240635
9244453
9248271
9252090
9255910
9259731
9263553
9267375
9271197
9275020
9278844
9282669
9286495
9290322
9294150
9297979
9301809
9305640
9309472
9313305
9317139
9320973
9324808
9328643
9332479
9336315
9340152
9343990
9347829
9351669
9355510
9359350
9363191
9367033
9370876
9374720
9378565
9382411
9386256
9390102
9393948
9397795
9401643
9405492
9409342
9413192
9417043
9420894
9424746
9428598
9432451
9436305
9440160
9444016
9447873
9451731
9455590
9459450
9463311
9467173
9471036
9474900
9478765
9482631
9486498
9490366
9494235
9498105
9501976
9505848
9509721
9513595
9517469
9521343
9525218
9529094
9532971
9536849
9540728
9544608
9548489
9552371
9556254
9560137
9564021
9567906
9571792
9575679
9579567
9583456
9587346
9591237
9595129
9599022
9602915
9606809
9610703
9614598
9618493
9622389
9626286
9630184
9634083
9637983
9641884
9645786
9649688
9653590
9657493
9661397
9665302
9669208
9673115
9677022
9680930
9684838
9688747
9692656
9696566
9700477
9704389
9708302
9712215
9716129
9720043
9723958
9727874
9731790
9735707
9739625
9743544
9747463
9751383
9755303
9759224
9763146
9767069
9770992
9774915
9778839
9782764
9786690
9790617
9794545
9798474
9802404
9806334
9810265
9814197
9818130
9822064
9825999
9829935
9833871
9837808
9841746
9845684
9849623
9853563
9857504
9861444
9865385
9869326
9873267
9877209
9881152
9885094
9889037
9892981
9896926
9900872
9904818
9908765
9912713
9916662
9920612
9924562
9928512
9932462
9936413
9940365
9944318
9948272
9952227
9956183
9960139
9964096
9968054
9972013
9975973
9979934
9983896
9987859
9991823
9995788
9999754
10003721
10007689
10011658
10015628
10019599
10023571
10027544
10031518
10035493
10039469
10043445
10047422
10051400
10055379
10059359
10063340
10067322
10071305
10075289
10079274
10083260
10087247
10091235
10095224
10099214
10103205
10107197
10111190
10115183
10119177
10123171
10127166
10131161
10135157
10139154
10143151
10147149
10151147
10155145
10159144
10163144
10167144
10171144
10175145
10179147
10183150
10187154
10191158
10195163
10199169
10203176
10207184
10211193
10215203
10219214
10223225
10227237
10231250
10235264
10239279
10243295
10247311
10251327
10255344
10259362
10263381
10267401
10271422
10275444
10279467
10283491
10287516
10291542
10295569
10299596
10303623
10307651
10311680
10315709
10319739
10323770
10327801
10331833
10335866
10339900
10343935
10347971
10352008
10356046
10360085
10364124
10368164
10372205
10376246
10380288
10384330
10388373
10392417
10396461
10400506
10404552
10408599
10412647
10416696
10420746
10424797
10428848
10432900
10436953
10441007
10445062
10449118
10453175
10457232
10461290
10465349
10469409
10473470
10477532
10481595
10485658
10489722
10493787
10497853
10501919
10505985
10510051
10514118
10518186
10522255
10526325
10530396
10534468
10538541
10542614
10546688
10550763
10554838
10558914
10562991
10567069
10571148
10575228
10579308
10583388
10587469
10591550
10595632
10599715
10603799
10607884
10611970
10616057
10620145
10624234
10628323
10632413
10636504
10640596
10644689
10648783
10652878
10656974
10661071
10665169
10669267
10673366
10677465
10681564
10685664
10689764
10693865
10697967
10702069
10706172
10710276
10714381
10718487
10722594
10726701
10730809
10734917
10739026
10743136
10747245
10751355
10755466
10759578
10763691
10767805
10771920
10776035
10780150
10784266
10788383
10792501
10796620
10800739
10804858
10808977
10813097
10817218
10821340
10825463
10829587
10833711
10837835
10841960
10846086
10850212
10854339
10858467
10862596
10866726
10870856
10874986
10879117
10883249
10887382
10891516
10895651
10899786
10903922
10908059
10912197
10916336
10920475
10924615
10928756
10932898
10937041
10941185
10945330
10949476
10953623
10957769
10961916
10966064
10970213
10974363
10978514
10982666
10986819
10990972
10995126
10999281
11003437
11007594
11011752
11015911
11020071
11024232
11028394
11032556
11036719
11040883
11045048
11049214
11053381
11057549
11061718
11065888
11070059
11074231
11078404
11082578
11086753
11090929
11095106
11099284
11103463
11107643
11111823
11116004
11120186
11124369
11128553
11132738
11136924
11141111
11145298
11149486
11153674
11157863
11162053
11166244
11170436
11174629
11178823
11183018
11187214
11191411
11195608
11199806
11204005
11208205
11212406
11216608
11220811
11225015
11229220
11233426
11237633
11241841
11246050
11250260
11254471
11258683
11262896
11267110
11271325
11275540
11279756
11283972
11288188
11292405
11296623
11300842
11305062
11309283
11313505
11317727
11321950
11326174
11330398
11334623
11338848
11343074
11347301
11351527
11355754
11359982
11364210
11368439
11372669
11376900
11381131
11385363
11389596
11393829
11398063
11402297
11406532
11410768
11415004
11419241
11423479
11427716
11431954
11436193
11440433
11444674
11448915
11453157
11457400
11461644
11465889
11470135
11474382
11478630
11482879
11487128
11491378
11495629
11499880
11504132
11508385
11512639
11516894
11521150
11525407
11529665
11533923
11538182
11542442
11546701
11550961
11555222
11559484
11563747
11568010
11572273
11576537
11580802
11585068
11589334
11593601
11597869
11602138
11606407
11610677
11614948
11619220
11623493
11627767
11632042
11636317
11640592
11644868
11649144
11653420
11657697
11661975
11666254
11670534
11674815
11679097
11683380
11687663
11691946
11696230
11700514
11704799
11709084
11713370
11717657
11721945
11726234
11730524
11734814
11739105
11743397
11747690
11751983
11756277
11760572
11764868
11769165
11773462
11777760
11782058
11786356
11790655
11794955
11799256
11803558
11807861
11812165
11816470
11820775
11825081
11829388
11833696
11838004
11842313
11846623
11850934
11855245
11859556
11863868
11868180
11872492
11876805
11881118
11885432
11889747
11894063
11898380
11902698
11907017
11911337
11915658
11919980
11924303
11928627
11932952
11937277
11941603
11945928
11950254
11954581
11958909
11963238
11967567
11971897
11976228
11980560
11984893
11989227
11993561
11997896
12002232
12006569
12010906
12015244
12019583
12023923
12028264
12032606
12036949
12041293
12045637
12049982
12054328
12058675
12063023
12067372
12071722
12076073
12080424
12084776
12089129
12093481
12097834
12102188
12106543
12110898
12115254
12119611
12123969
12128328
12132688
12137049
12141411
12145774
12150138
12154503
12158869
12163236
12167603
12171970
12176338
12180707
12185077
12189448
12193820
12198192
12202565
12206939
12211314
12215690
12220067
12224445
12228824
12233204
12237585
12241967
12246350
12250734
12255119
12259505
12263892
12268280
12272669
12277059
12281450
12285842
12290235
12294629
12299024
12303420
12307816
12312213
12316610
12321008
12325407
12329806
12334206
12338607
12343009
12347412
12351816
12356221
12360626
12365031
12369437
12373844
12378252
12382661
12387069
12391477
12395886
12400296
12404707
12409119
12413531
12417944
12422358
12426773
12431189
12435606
12440024
12444443
12448863
12453284
12457706
12462129
12466553
12470978
12475404
12479831
12484259
12488688
12493118
12497549
12501981
12506414
12510848
12515282
12519717
12524153
12528590
12533028
12537467
12541907
12546348
12550790
12555233
12559677
12564122
12568568
12573015
12577463
12581912
12586361
12590811
12595262
12599713
12604164
12608616
12613068
12617521
12621975
12626430
12630886
12635342
12639799
12644257
12648715
12653174
12657634
12662095
12666557
12671019
12675481
12679944
12684407
12688871
12693336
12697802
12702269
12706737
12711206
12715676
12720147
12724618
12729090
12733563
12738036
12742510
12746984
12751459
12755935
12760412
12764890
12769369
12773849
12778330
12782812
12787294
12791777
12796261
12800746
12805232
12809719
12814207
12818696
12823186
12827677
12832169
12836661
12841154
12845648
12850143
12854639
12859136
12863633
12868131
12872630
12877130
12881631
12886133
12890634
12895136
12899639
12904142
12908646
12913151
12917657
12922164
12926672
12931181
12935690
12940200
12944711
12949222
12953733
12958245
12962758
12967271
12971784
12976298
12980813
12985329
12989846
12994364
12998883
13003403
13007924
13012446
13016969
13021492
13026016
13030541
13035067
13039594
13044122
13048651
13053180
13057710
13062241
13066773
13071306
13075839
13080373
13084908
13089444
13093981
13098519
13103058
13107597
13112136
13116676
13121216
13125757
13130299
13134842
13139385
13143929
13148474
13153019
13157565
13162112
13166660
13171208
13175757
13180306
13184856
13189407
13193959
13198512
13203066
13207621
13212177
13216734
13221292
13225850
13230409
13234969
13239530
13244091
13248653
13253216
13257779
13262342
13266906
13271471
13276037
13280603
13285170
13289738
13294307
13298877
13303448
13308020
13312593
13317167
13321742
13326318
13330895
13335473
13340052
13344632
13349213
13353795
13358377
13362960
13367544
13372128
13376713
13381299
13385886
13390474
13395062
13399651
13404241
13408832
13413424
13418017
13422610
13427204
13431799
13436395
13440992
13445590
13450189
13454789
13459390
13463992
13468595
13473199
13477804
13482409
13487015
13491621
13496228
13500836
13505445
13510055
13514666
13519278
13523890
13528503
13533117
13537732
13542347
13546963
13551579
13556196
13560813
13565430
13570047
13574665
13579284
13583904
13588525
13593147
13597769
13602392
13607016
13611641
13616267
13620894
13625522
13630151
13634781
13639412
13644043
13648674
13653306
13657939
13662572
13667206
13671841
13676477
13681114
13685752
13690390
13695029
13699668
13704308
13708949
13713591
13718234
13722878
13727522
13732167
13736813
13741460
13746108
13750756
13755405
13760054
13764704
13769355
13774007
13778659
13783311
13787964
13792618
13797273
13801929
13806586
13811243
13815901
13820560
13825218
13829877
13834536
13839195
13843855
13848516
13853178
13857840
13862503
13867167
13871832
13876498
13881165
13885833
13890502
13895172
13899843
13904515
13909188
13913862
13918537
13923213
13927889
13932566
13937244
13941923
13946603
13951284
13955966
13960648
13965331
13970015
13974700
13979386
13984073
13988761
13993449
13998138
14002828
14007519
14012211
14016904
14021598
14026293
14030988
14035684
14040381
14045079
14049778
14054478
14059179
14063881
14068584
14073287
14077991
14082696
14087402
14092108
14096815
14101522
14106230
14110939
14115649
14120360
14125072
14129785
14134499
14139214
14143930
14148647
14153364
14158081
14162799
14167518
14172238
14176959
14181680
14186402
14191125
14195849
14200573
14205298
14210023
14214749
14219476
14224203
14228931
14233659
14238388
14243118
14247849
14252580
14257312
14262045
14266779
14271514
14276249
14280985
14285722
14290460
14295198
14299937
14304677
14309418
14314160
14318903
14323647
14328392
14333138
14337885
14342633
14347382
14352132
14356882
14361632
14366383
14371134
14375886
14380638
14385391
14390144
14394897
14399651
14404406
14409161
14413917
14418674
14423432
14428191
14432950
14437710
14442471
14447233
14451996
14456760
14461525
14466291
14471057
14475824
14480592
14485361
14490131
14494902
14499674
14504446
14509219
14513993
14518768
14523544
14528321
14533098
14537875
14542652
14547430
14552208
14556987
14561767
14566548
14571330
14576112
14580895
14585679
14590464
14595250
14600037
14604825
14609614
14614404
14619195
14623987
14628780
14633574
14638368
14643162
14647957
14652753
14657549
14662346
14667143
14671941
14676740
14681539
14686339
14691140
14695942
14700745
14705549
14710354
14715159
14719965
14724772
14729580
14734389
14739199
14744010
14748822
14753635
14758447
14763260
14768074
14772889
14777705
14782521
14787338
14792156
14796975
14801795
14806615
14811436
14816258
14821080
14825903
14830726
14835550
14840375
14845201
14850028
14854856
14859685
14864513
14869342
14874172
14879003
14883834
14888666
14893498
14898331
14903165
14908000
14912836
14917673
14922511
14927350
14932190
14937031
14941872
14946714
14951557
14956401
14961246
14966092
14970938
14975785
14980633
14985482
14990332
14995183
15000035
15004887
15009740
15014594
15019449
15024305
15029162
15034020
15038879
15043739
15048600
15053462
15058325
15063189
15068053
15072917
15077782
15082648
15087514
15092380
15097247
15102115
15106984
15111854
15116725
15121597
15126469
15131342
15136216
15141091
15145967
15150844
15155722
15160600
15165479
15170358
15175238
15180118
15184999
15189881
15194764
15199648
15204533
15209419
15214305
15219192
15224080
15228968
15233857
15238747
15243638
15248530
15253423
15258317
15263212
15268107
15273003
15277900
15282798
15287697
15292596
15297496
15302397
15307298
15312200
15317103
15322007
15326912
15331818
15336725
15341633
15346542
15351452
15356363
15361275
15366188
15371102
15376015
15380929
15385844
15390759
15395675
15400592
15405510
15410429
15415349
15420269
15425190
15430112
15435035
15439959
15444884
15449810
15454737
15459665
15464594
15469524
15474454
15479385
15484317
15489250
15494184
15499119
15504055
15508992
15513929
15518867
15523806
15528746
15533687
15538629
15543572
15548516
15553461
15558406
15563352
15568299
15573247
15578195
15583144
15588094
15593045
15597997
15602949
15607902
15612856
15617811
15622766
15627722
15632678
15637635
15642593
15647552
15652512
15657472
15662433
15667395
15672358
15677322
15682287
15687253
15692220
15697188
15702157
15707127
15712097
15717068
15722040
15727012
15731984
15736956
15741928
15746900
15751873
15756847
15761822
15766798
15771775
15776753
15781732
15786712
15791693
15796675
15801657
15806640
15811624
15816609
15821595
15826581
15831568
15836556
15841545
15846534
15851524
15856515
15861507
15866500
15871494
15876489
15881485
15886481
15891478
15896475
15901473
15906472
15911472
15916473
15921475
15926477
15931480
15936484
15941489
15946495
15951502
15956509
15961517
15966526
15971536
15976546
15981557
15986569
15991582
15996596
16001611
16006627
16011644
16016662
16021681
16026701
16031722
16036744
16041767
16046789
16051812
16056836
16061861
16066887
16071914
16076942
16081971
16087001
16092031
16097062
16102094
16107127
16112161
16117195
16122230
16127266
16132303
16137341
16142380
16147420
16152461
16157503
16162546
16167590
16172635
16177680
16182726
16187773
16192821
16197870
16202920
16207970
16213021
16218073
16223126
16228180
16233235
16238291
16243348
16248406
16253465
16258525
16263585
16268646
16273708
16278771
16283835
16288900
16293966
16299033
16304100
16309168
16314237
16319307
16324378
16329450
16334523
16339597
16344672
16349748
16354825
16359903
16364982
16370062
16375142
16380223
16385304
16390386
16395469
16400553
16405638
16410724
16415810
16420897
16425985
16431074
16436164
16441255
16446347
16451439
16456532
16461626
16466720
16471815
16476911
16482008
16487106
16492204
16497303
16502403
16507504
16512606
16517709
16522812
16527915
16533019
16538124
16543230
16548337
16553445
16558554
16563664
16568775
16573887
16579000
16584114
16589229
16594345
16599462
16604580
16609698
16614817
16619937
16625058
16630180
16635303
16640426
16645550
16650675
16655801
16660927
16666054
16671182
16676311
16681441
16686572
16691704
16696836
16701969
16707103
16712238
16717374
16722511
16727648
16732786
16737924
16743063
16748203
16753344
16758486
16763629
16768773
16773918
16779064
16784211
16789358
16794506
16799655
16804805
16809954
16815104
16820255
16825407
16830560
16835714
16840869
16846025
16851182
16856340
16861498
16866656
16871815
16876975
16882136
16887298
16892461
16897625
16902790
16907956
16913123
16918291
16923459
16928628
16933797
16938967
16944138
16949310
16954483
16959657
16964832
16970008
16975185
16980363
16985542
16990722
16995903
17001085
17006268
17011452
17016637
17021822
17027008
17032195
17037383
17042572
17047762
17052953
17058144
17063336
17068528
17073721
17078915
17084110
17089306
17094503
17099700
17104898
17110097
17115297
17120498
17125699
17130901
17136104
17141308
17146513
17151719
17156926
17162134
17167341
17172549
17177758
17182968
17188177
17193387
17198598
17203810
17209023
17214237
17219452
17224668
17229885
17235102
17240320
17245539
17250759
17255980
17261202
17266424
17271647
17276871
17282095
17287320
17292546
17297773
17303001
17308230
17313460
17318691
17323923
17329156
17334390
17339625
17344861
17350097
17355334
17360572
17365811
17371051
17376292
17381534
17386777
17392021
17397266
17402511
17407757
17413004
17418252
17423501
17428751
17434002
17439254
17444507
17449760
17455014
17460268
17465523
17470779
17476036
17481294
17486553
17491813
17497074
17502336
17507598
17512861
17518125
17523390
17528655
17533920
17539185
17544450
17549716
17554983
17560251
17565520
17570790
17576061
17581333
17586606
17591879
17597153
17602428
17607704
17612981
17618259
17623537
17628816
17634096
17639377
17644659
17649942
17655226
17660510
17665795
17671079
17676364
17681650
17686937
17692225
17697514
17702804
17708095
17713387
17718680
17723974
17729267
17734561
17739855
17745150
17750446
17755743
17761041
17766340
17771639
17776938
17782238
17787539
17792840
17798142
17803445
17808749
17814054
17819359
17824665
17829972
17835279
17840587
17845896
17851206
17856517
17861829
17867142
17872456
17877771
17883087
17888404
17893722
17899041
17904361
17909682
17915004
17920327
17925650
17930974
17936299
17941625
17946952
17952280
17957609
17962939
17968270
17973602
17978934
17984267
17989601
17994936
18000272
18005608
18010945
18016283
18021622
18026962
18032302
18037643
18042985
18048328
18053672
18059017
18064363
18069710
18075058
18080407
18085757
18091107
18096458
18101810
18107162
18112514
18117866
18123219
18128573
18133928
18139283
18144639
18149996
18155354
18160713
18166073
18171434
18176795
18182157
18187520
18192884
18198248
18203613
18208978
18214343
18219709
18225076
18230443
18235810
18241178
18246547
18251917
18257288
18262659
18268030
18273402
18278774
18284146
18289519
18294893
18300268
18305644
18311021
18316399
18321777
18327156
18332536
18337917
18343299
18348682
18354066
18359451
18364837
18370224
18375612
18381001
18386391
18391782
18397174
18402567
18407961
18413356
18418751
18424147
18429544
18434942
18440340
18445738
18451137
18456537
18461937
18467337
18472737
18478138
18483540
18488943
18494347
18499751
18505155
18510560
18515966
18521372
18526779
18532187
18537595
18543004
18548414
18553824
18559235
18564647
18570060
18575474
18580889
18586305
18591722
18597139
18602557
18607976
18613396
18618816
18624236
18629657
18635079
18640502
18645924
18651347
18656770
18662194
18667619
18673045
18678471
18683898
18689326
18694755
18700185
18705616
18711047
18716479
18721912
18727346
18732781
18738216
18743652
18749089
18754527
18759966
18765406
18770847
18776289
18781732
18787176
18792621
18798067
18803514
18808962
18814411
18819861
18825312
18830763
18836215
18841667
18847120
18852573
18858026
18863479
18868933
18874388
18879844
18885301
18890759
18896218
18901678
18907139
18912600
18918061
18923523
18928986
18934450
18939915
18945380
18950846
18956313
18961781
18967249
18972718
18978187
18983657
18989127
18994598
19000070
19005543
19011017
19016491
19021966
19027442
19032919
19038397
19043876
19049356
19054836
19060316
19065797
19071279
19076762
19082246
19087731
19093216
19098702
19104189
19109676
19115164
19120652
19126141
19131631
19137122
19142614
19148107
19153601
19159096
19164592
19170089
19175587
19181086
19186586
19192086
19197587
19203089
19208592
19214096
19219601
19225106
19230612
19236118
19241625
19247133
19252642
19258152
19263663
19269174
19274685
19280197
19285710
19291224
19296739
19302255
19307772
19313290
19318809
19324328
19329848
19335369
19340891
19346414
19351938
19357463
19362989
19368515
19374042
19379570
19385099
19390629
19396160
19401692
19407225
19412759
19418294
19423829
19429364
19434900
19440435
19445971
19451508
19457046
19462585
19468125
19473666
19479208
19484751
19490295
19495839
19501384
19506928
19512473
19518019
19523566
19529114
19534663
19540213
19545764
19551316
19556869
19562423
19567977
19573532
19579088
19584644
19590201
19595759
19601317
19606876
19612436
19617997
19623559
19629122
19634686
19640250
19645815
19651381
19656948
19662516
19668084
19673652
19679221
19684791
19690361
19695932
19701504
19707077
19712651
19718225
19723800
19729376
19734953
19740529
19746106
19751684
19757262
19762841
19768421
19774002
19779584
19785166
19790748
19796331
19801915
19807500
19813086
19818673
19824261
19829850
19835440
19841031
19846622
19852214
19857807
19863401
19868996
19874592
19880189
19885787
19891386
19896986
19902587
19908189
19913792
19919395
19924998
19930602
19936207
19941811
19947416
19953021
19958627
19964234
19969842
19975451
19981061
19986671
19992282
19997894
20003507
20009120
20014734
20020347
20025961
20031575
20037189
20042804
20048420
20054037
20059655
20065274
20070894
20076514
20082134
20087754
20093374
20098995
20104617
20110240
20115864
20121489
20127115
20132742
20138370
20143999
20149629
20155260
20160892
20166525
20172159
20177794
20183429
20189065
20194702
20200339
20205977
20211616
20217256
20222897
20228539
20234181
20239823
20245465
20251108
20256752
20262397
20268043
20273689
20279336
20284984
20290633
20296283
20301934
20307586
20313239
20318893
20324548
20330204
20335861
20341519
20347178
20352838
20358499
20364161
20369824
20375487
20381151
20386816
20392482
20398149
20403817
20409486
20415156
20420827
20426499
20432172
20437846
20443521
20449197
20454874
20460552
20466230
20471909
20477589
20483269
20488950
20494632
20500315
20505999
20511684
20517369
20523054
20528740
20534427
20540115
20545804
20551494
20557185
20562877
20568570
20574264
20579959
20585655
20591352
20597050
20602749
20608449
20614150
20619852
20625555
20631259
20636963
20642668
20648373
20654079
20659786
20665493
20671201
20676910
20682620
20688331
20694042
20699754
20705467
20711181
20716896
20722612
20728328
20734045
20739763
20745482
20751202
20756923
20762645
20768367
20774089
20779812
20785536
20791261
20796986
20802712
20808437
20814163
20819890
20825618
20831347
20837077
20842808
20848539
20854270
20860001
20865733
20871466
20877200
20882935
20888671
20894408
20900146
20905885
20911624
20917364
20923104
20928845
20934587
20940330
20946074
20951818
20957563
20963309
20969055
20974802
20980550
20986299
20992049
20997800
21003552
21009304
21015057
21020811
21026566
21032321
21038076
21043831
21049587
21055344
21061101
21066859
21072618
21078378
21084139
21089901
21095664
21101427
21107190
21112954
21118719
21124485
21130251
21136017
21141784
21147552
21153321
21159091
21164862
21170634
21176407
21182181
21187956
21193732
21199509
21205286
21211063
21216841
21222620
21228400
21234181
21239962
21245744
21251527
21257311
21263096
21268882
21274669
21280457
21286246
21292036
21297827
21303619
21309411
21315204
21320998
21326793
21332589
21338386
21344183
21349981
21355780
21361580
21367381
21373181
21378982
21384783
21390585
21396388
21402192
21407997
21413803
21419610
21425418
21431227
21437037
21442847
21448658
21454468
21460279
21466091
21471904
21477718
21483533
21489349
21495166
21500984
21506803
21512623
21518444
21524265
21530087
21535909
21541732
21547556
21553380
21559205
21565031
21570858
21576686
21582515
21588345
21594175
21600006
21605838
21611671
21617505
21623339
21629174
21635010
21640846
21646682
21652519
21658357
21664196
21670036
21675876
21681717
21687559
21693401
21699244
21705088
21710932
21716777
21722623
21728470
21734318
21740166
21746015
21751865
21757716
21763568
21769421
21775275
21781130
21786986
21792843
21798700
21804558
21810417
21816277
21822138
21827999
21833861
21839724
21845588
21851453
21857318
21863184
21869051
21874919
21880787
21886656
21892526
21898397
21904269
21910140
21916012
21921884
21927757
21933631
21939506
21945382
21951258
21957135
21963013
21968892
21974772
21980652
21986533
21992415
21998298
22004182
22010067
22015953
22021840
22027728
22033616
22039505
22045395
22051286
22057178
22063071
22068965
22074860
22080756
22086653
22092551
22098450
22104350
22110251
22116153
22122056
22127960
22133865
22139771
22145678
22151586
22157495
22163405
22169316
22175228
22181141
22187055
22192970
22198886
22204803
22210721
22216640
22222560
22228481
22234403
22240326
22246250
22252175
22258101
22264028
22269955
22275883
22281812
22287742
22293672
22299602
22305533
22311465
22317398
22323332
22329267
22335203
22341140
22347078
22353017
22358957
22364898
22370840
22376783
22382727
22388672
22394618
22400565
22406513
22412462
22418412
22424363
22430315
22436268
22442222
22448177
22454133
22460089
22466046
22472003
22477961
22483920
22489880
22495841
22501803
22507766
22513730
22519694
22525659
22531624
22537590
22543557
22549525
22555494
22561464
22567435
22573407
22579380
22585354
22591329
22597305
22603282
22609260
22615239
22621219
22627199
22633180
22639162
22645145
22651128
22657112
22663097
22669083
22675070
22681057
22687044
22693031
22699019
22705008
22710998
22716988
22722979
22728971
22734964
22740957
22746951
22752946
22758942
22764939
22770937
22776936
22782936
22788937
22794939
22800942
22806945
22812949
22818954
22824960
22830967
22836975
22842984
22848994
22855005
22861017
22867030
22873044
22879059
22885075
22891091
22897108
22903126
22909145
22915165
22921186
22927207
22933229
22939252
22945276
22951301
22957327
22963354
22969381
22975408
22981436
22987463
22993491
22999520
23005550
23011580
23017611
23023643
23029675
23035708
23041742
23047777
23053813
23059850
23065888
23071927
23077965
23084003
23090041
23096080
23102119
23108159
23114199
23120240
23126282
23132325
23138369
23144414
23150460
23156506
23162553
23168600
23174648
23180697
23186747
23192797
23198848
23204899
23210951
23217004
23223058
23229113
23235169
23241226
23247284
23253342
23259401
23265461
23271521
23277581
23283642
23289704
23295767
23301831
23307896
23313961
23320026
23326092
23332159
23338227
23344296
23350366
23356437
23362509
23368581
23374653
23380726
23386800
23392874
23398949
23405025
23411101
23417178
23423256
23429334
23435413
23441493
23447574
23453656
23459739
23465823
23471908
23477994
23484081
23490169
23496258
23502348
23508439
23514530
23520622
23526715
23532807
23538900
23544994
23551089
23557185
23563282
23569380
23575479
23581578
23587677
23593777
23599878
23605980
23612083
23618186
23624289
23630393
23636498
23642604
23648710
23654817
23660925
23667033
23673142
23679252
23685362
23691473
23697585
23703698
23709812
23715927
23722043
23728160
23734278
23740397
23746516
23752636
23758757
23764879
23771001
23777124
23783248
23789373
23795499
23801626
23807754
23813882
23820011
23826139
23832267
23838396
23844526
23850657
23856788
23862920
23869053
23875187
23881322
23887458
23893595
23899733
23905872
23912012
23918153
23924295
23930438
23936582
23942727
23948873
23955019
23961166
23967313
23973461
23979610
23985759
23991908
23998057
24004206
24010356
24016507
24022659
24028812
24034965
24041119
24047274
24053430
24059587
24065745
24071904
24078063
24084223
24090384
24096546
24102709
24108873
24115038
24121204
24127371
24133539
24139708
24145878
24152049
24158221
24164394
24170568
24176743
24182919
24189096
24195274
24201453
24207633
24213814
24219996
24226178
24232360
24238543
24244727
24250912
24257097
24263283
24269470
24275657
24281845
24288034
24294224
24300415
24306607
24312800
24318994
24325189
24331384
24337580
24343777
24349975
24356173
24362372
24368572
24374773
24380975
24387178
24393382
24399587
24405793
24412000
24418208
24424417
24430627
24436838
24443050
24449263
24455477
24461692
24467907
24474123
24480339
24486556
24492774
24498992
24505211
24511431
24517652
24523874
24530096
24536319
24542543
24548768
24554994
24561221
24567449
24573676
24579904
24586132
24592361
24598591
24604822
24611054
24617287
24623521
24629756
24635992
24642229
24648467
24654706
24660946
24667187
24673429
24679671
24685914
24692157
24698401
24704646
24710891
24717137
24723384
24729631
24735878
24742125
24748373
24754622
24760872
24767123
24773374
24779626
24785879
24792133
24798387
24804642
24810898
24817155
24823412
24829670
24835928
24842187
24848447
24854708
24860970
24867233
24873497
24879762
24886028
24892295
24898563
24904832
24911101
24917371
24923641
24929912
24936184
24942457
24948731
24955006
24961282
24967559
24973837
24980116
24986396
24992677
24998959
25005241
25011524
25017808
25024093
25030379
25036666
25042954
25049243
25055533
25061824
25068116
25074408
25080701
25086995
25093290
25099586
25105883
25112180
25118478
25124777
25131076
25137376
25143677
25149979
25156282
25162586
25168891
25175197
25181504
25187811
25194119
25200428
25206737
25213047
25219358
25225670
25231983
25238297
25244612
25250928
25257245
25263563
25269882
25276202
25282523
25288845
25295168
25301491
25307815
25314140
25320466
25326792
25333119
25339447
25345775
25352104
25358433
25364763
25371094
25377426
25383759
25390093
25396428
25402764
25409101
25415439
25421778
25428118
25434459
25440800
25447141
25453483
25459826
25466170
25472515
25478861
25485208
25491556
25497904
25504253
25510603
25516954
25523306
25529659
25536011
25542363
25548715
25555068
25561422
25567777
25574133
25580489
25586846
25593204
25599563
25605923
25612284
25618646
25625009
25631373
25637738
25644104
25650471
25656839
25663208
25669578
25675949
25682320
25688692
25695065
25701439
25707814
25714190
25720567
25726944
25733322
25739701
25746081
25752461
25758842
25765224
25771606
25777989
25784373
25790758
25797144
25803531
25809919
25816308
25822698
25829089
25835480
25841872
25848265
25854659
25861053
25867448
25873844
25880241
25886639
25893037
25899435
25905834
25912234
25918634
25925035
25931436
25937837
25944239
25950642
25957046
25963450
25969854
25976259
25982664
25989070
25995477
26001885
26008294
26014703
26021112
26027522
26033933
26040344
26046756
26053169
26059583
26065998
26072414
26078831
26085248
26091666
26098085
26104505
26110926
26117348
26123771
26130194
26136617
26143041
26149466
26155892
