6217
7217
8218
9220
10223
11227
12232
13236
14241
15246
16251
17257
18263
19269
20276
21283
22291
23298
24306
25315
26325
27336
28348
29361
30375
31390
32405
33421
34438
35455
36473
37492
38512
39533
40555
41577
42599
43622
44646
45671
46697
47724
48752
49781
50811
51842
52874
53907
54941
55976
57012
58049
59087
60126
61166
62207
63249
64291
65334
66376
67419
68463
69508
70554
71601
72649
73698
74747
75797
76848
77900
78953
80006
81060
82114
83169
84224
85280
86336
87393
88449
89506
90563
91621
92680
93740
94800
95860
96921
97983
99046
100110
101173
102236
103300
104365
105431
106497
107564
108632
109700
110769
111839
112908
113978
115048
116119
117191
118264
119338
120413
121489
122566
123644
124723
125802
126882
127963
129045
130128
131212
132296
133381
134467
135554
136642
137731
138821
139912
141004
142097
143190
144284
145379
146473
147568
148664
149760
150857
151955
153052
154150
155248
156347
157447
158547
159647
160748
161849
162951
164054
165157
166260
167364
168469
169575
170682
171789
172897
174004
175112
176220
177328
178437
179547
180657
181768
182880
183993
185107
186222
187338
188455
189573
190691
191810
192930
194051
195171
196292
197414
198536
199659
200783
201908
203032
204157
205283
206409
207536
208664
209793
210922
212052
213183
214315
215447
216580
217713
218847
219982
221117
222253
223390
224527
225665
226804
227943
229083
230224
231366
232509
233653
234797
235942
237088
238233
239379
240526
241674
242822
243971
245121
246272
247424
248577
249729
250882
252034
253187
254340
255494
256648
257803
258959
260115
261272
262430
263589
264749
265910
267072
268234
269397
270561
271726
272892
274059
275227
276396
277566
278737
279909
281082
282256
283431
284606
285782
286959
288137
289315
290493
291672
292851
294031
295212
296393
297573
298754
299935
301116
302298
303481
304665
305848
307032
308216
309401
310587
311774
312962
314151
315339
316528
317718
318909
320101
321294
322488
323683
324879
326076
327272
328468
329664
330861
332059
333258
334458
335659
336861
338063
339266
340469
341673
342878
344084
345291
346498
347706
348913
350121
351329
352538
353748
354959
356171
357384
358598
359811
361024
362238
363452
364666
365881
367097
368314
369532
370751
371970
373190
374411
375632
376854
378077
379301
380525
381749
382974
384200
385427
386654
387882
389111
390340
391570
392799
394029
395260
396492
397724
398957
400191
401426
402662
403899
405137
406376
407616
408857
410099
411342
412586
413831
415077
416324
417572
418819
420066
421314
422563
423813
425064
426316
427568
428821
430075
431329
432584
433840
435096
436353
437611
438869
440128
441388
442649
443911
445174
446438
447702
448967
450233
451499
452766
454034
455302
456570
457839
459109
460380
461652
462925
464198
465471
466745
468020
469295
470571
471848
473125
474403
475682
476962
478243
479524
480805
482087
483370
484654
485939
487224
488510
489797
491085
492373
493662
494952
496242
497533
498825
500117
501409
502701
503994
505288
506583
507878
509174
510471
511768
513065
514363
515660
516957
518254
519551
520848
522146
523445
524745
526046
527346
528646
529947
531249
532551
533854
535158
536463
537769
539076
540384
541692
543001
544311
545622
546933
548244
549555
550867
552180
553494
554809
556125
557440
558756
560072
561388
562705
564023
565342
566662
567982
569302
570623
571945
573268
574592
575916
577241
578567
579893
581219
582545
583872
585200
586529
587859
589190
590521
591853
593186
594520
595855
597191
598528
599866
601203
602540
603878
605217
606557
607897
609237
610578
611920
613263
614607
615952
617298
618644
619991
621339
622688
624037
625387
626738
628089
629441
630794
632147
633501
634856
636211
637567
638924
640282
641640
642999
644359
645720
647082
648444
649807
651171
652536
653902
655269
656636
658004
659372
660741
662111
663482
664852
666222
667593
668965
670338
671712
673087
674463
675839
677216
678593
679971
681350
682730
684111
685493
686875
688258
689642
691027
692413
693800
695188
696575
697963
699350
700738
702126
703514
704903
706293
707684
709075
710467
711859
713252
714645
716039
717433
718828
720224
721621
723018
724416
725814
727213
728611
730010
731410
732811
734213
735616
737018
738421
739824
741228
742633
744039
745445
746852
748260
749669
751078
752488
753898
755309
756721
758134
759548
760963
762378
763794
765210
766626
768042
769458
770875
772293
773711
775129
776547
777966
779385
780805
782226
783648
785070
786492
787915
789338
790762
792187
793613
795040
796468
797897
799327
800758
802190
803622
805054
806487
807921
809356
810792
812229
813667
815105
816544
817983
819423
820863
822304
823746
825189
826633
828078
829524
830971
832417
833864
835312
836760
838209
839659
841110
842560
844011
845463
846916
848369
849823
851277
852732
854188
855644
857101
858559
860018
861476
862934
864392
865850
867308
868767
870227
871688
873150
874612
876075
877539
879004
880469
881934
883400
884866
886333
887799
889266
890733
892201
893670
895140
896611
898083
899556
901030
902505
903981
905458
906936
908415
909895
911374
912854
914334
915815
917296
918777
920258
921740
923223
924706
926190
927675
929161
930648
932136
933624
935113
936601
938090
939580
941071
942563
944055
945548
947042
948536
950031
951526
953022
954519
956017
957515
959013
960512
962012
963512
965012
966513
968013
969514
971016
972518
974021
975525
977030
978536
980043
981551
983059
984567
986075
987583
989092
990602
992113
993624
995136
996649
998161
999674
1001187
1002701
1004216
1005732
1007249
1008767
1010286
1011805
1013324
1014844
1016365
1017886
1019407
1020929
1022452
1023975
1025498
1027022
1028547
1030072
1031598
1033125
1034653
1036180
1037707
1039235
1040764
1042294
1043825
1045356
1046888
1048421
1049955
1051490
1053026
1054562
1056099
1057637
1059176
1060716
1062257
1063799
1065342
1066886
1068430
1069974
1071519
1073065
1074610
1076156
1077702
1079249
1080796
1082344
1083892
1085440
1086989
1088538
1090088
1091639
1093191
1094744
1096298
1097852
1099407
1100963
1102518
1104074
1105631
1107189
1108746
1110303
1111861
1113420
1114980
1116539
1118099
1119660
1121221
1122782
1124344
1125907
1127471
1129035
1130600
1132166
1133733
1135301
1136870
1138440
1140011
1141583
1143154
1144725
1146297
1147870
1149444
1151018
1152593
1154169
1155745
1157322
1158900
1160479
1162059
1163639
1165220
1166801
1168383
1169966
1171548
1173131
1174715
1176300
1177886
1179473
1181061
1182650
1184240
1185831
1187423
1189016
1190610
1192205
1193800
1195396
1196993
1198590
1200188
1201786
1203385
1204985
1206585
1208186
1209787
1211389
1212992
1214595
1216199
1217804
1219410
1221015
1222621
1224227
1225834
1227442
1229051
1230661
1232272
1233883
1235495
1237108
1238722
1240337
1241953
1243570
1245188
1246806
1248424
1250043
1251662
1253282
1254903
1256525
1258148
1259771
1261394
1263018
1264643
1266268
1267893
1269519
1271145
1272772
1274400
1276029
1277659
1279289
1280920
1282550
1284181
1285812
1287443
1289074
1290706
1292338
1293970
1295603
1297237
1298872
1300508
1302145
1303783
1305422
1307062
1308702
1310342
1311983
1313625
1315268
1316911
1318555
1320200
1321845
1323491
1325138
1326785
1328433
1330082
1331732
1333383
1335035
1336688
1338341
1339995
1341650
1343304
1344959
1346615
1348270
1349926
1351583
1353240
1354898
1356556
1358215
1359875
1361534
1363194
1364854
1366515
1368175
1369836
1371498
1373161
1374825
1376490
1378155
1379821
1381488
1383156
1384825
1386495
1388166
1389837
1391509
1393182
1394854
1396527
1398201
1399876
1401552
1403229
1404907
1406585
1408264
1409944
1411625
1413307
1414990
1416674
1418359
1420045
1421732
1423420
1425109
1426799
1428490
1430182
1431875
1433569
1435263
1436958
1438653
1440349
1442046
1443742
1445439
1447137
1448835
1450534
1452233
1453933
1455634
1457336
1459039
1460743
1462447
1464151
1465856
1467560
1469265
1470971
1472678
1474386
1476094
1477802
1479511
1481221
1482932
1484643
1486355
1488068
1489781
1491495
1493209
1494924
1496639
1498355
1500072
1501790
1503509
1505229
1506949
1508670
1510392
1512114
1513837
1515560
1517284
1519008
1520733
1522459
1524186
1525913
1527641
1529369
1531098
1532826
1534554
1536283
1538013
1539743
1541473
1543204
1544936
1546669
1548402
1550136
1551871
1553607
1555344
1557081
1558819
1560558
1562298
1564038
1565779
1567521
1569264
1571008
1572753
1574498
1576244
1577991
1579739
1581488
1583237
1584987
1586738
1588490
1590243
1591997
1593752
1595508
1597265
1599023
1600781
1602539
1604298
1606058
1607819
1609581
1611344
1613108
1614873
1616639
1618406
1620174
1621943
1623713
1625483
1627254
1629026
1630798
1632571
1634345
1636119
1637894
1639670
1641447
1643224
1645001
1646779
1648556
1650334
1652112
1653890
1655668
1657447
1659227
1661008
1662789
1664571
1666354
1668138
1669923
1671709
1673496
1675284
1677073
1678862
1680652
1682443
1684235
1686028
1687821
1689614
1691408
1693203
1694999
1696796
1698594
1700393
1702191
1703990
1705789
1707589
1709389
1711190
1712992
1714794
1716597
1718400
1720203
1722007
1723812
1725618
1727425
1729233
1731042
1732852
1734663
1736475
1738287
1740099
1741912
1743725
1745539
1747353
1749167
1750981
1752795
1754609
1756424
1758239
1760055
1761872
1763689
1765506
1767323
1769141
1770960
1772779
1774598
1776418
1778239
1780060
1781882
1783705
1785529
1787353
1789178
1791003
1792829
1794656
1796482
1798308
1800135
1801963
1803792
1805622
1807453
1809284
1811116
1812948
1814780
1816613
1818447
1820282
1822118
1823955
1825793
1827631
1829470
1831310
1833151
1834993
1836836
1838679
1840522
1842365
1844209
1846054
1847899
1849745
1851592
1853440
1855289
1857138
1858988
1860839
1862691
1864543
1866395
1868248
1870102
1871957
1873813
1875670
1877528
1879387
1881247
1883108
1884970
1886833
1888697
1890561
1892426
1894292
1896158
1898024
1899891
1901759
1903628
1905496
1907365
1909235
1911106
1912978
1914851
1916725
1918599
1920473
1922348
1924224
1926101
1927977
1929854
1931732
1933610
1935489
1937368
1939248
1941129
1943011
1944894
1946778
1948662
1950547
1952433
1954320
1956208
1958097
1959986
1961875
1963765
1965656
1967548
1969441
1971335
1973230
1975125
1977021
1978918
1980815
1982712
1984610
1986509
1988409
1990310
1992211
1994113
1996015
1997918
1999822
2001727
2003633
2005539
2007446
2009354
2011261
2013169
2015077
2016985
2018893
2020802
2022712
2024622
2026533
2028445
2030358
2032272
2034187
2036101
2038015
2039930
2041846
2043763
2045680
2047598
2049517
2051437
2053358
2055280
2057202
2059125
2061049
2062974
2064900
2066826
2068753
2070680
2072608
2074537
2076467
2078398
2080330
2082263
2084197
2086132
2088068
2090004
2091941
2093879
2095818
2097757
2099696
2101636
2103576
2105517
2107459
2109402
2111346
2113291
2115236
2117181
2119127
2121074
2123020
2124966
2126913
2128860
2130807
2132754
2134701
2136648
2138596
2140545
2142494
2144444
2146395
2148346
2150297
2152249
2154202
2156156
2158111
2160067
2162024
2163982
2165939
2167897
2169856
2171815
2173775
2175736
2177697
2179659
2181622
2183586
2185551
2187517
2189483
2191450
2193418
2195386
2197355
2199325
2201296
2203267
2205239
2207212
2209186
2211161
2213137
2215114
2217092
2219071
2221051
2223032
2225014
2226997
2228980
2230964
2232949
2234935
2236922
2238909
2240897
2242886
2244876
2246866
2248855
2250845
2252835
2254825
2256815
2258806
2260798
2262791
2264785
2266780
2268775
2270770
2272766
2274762
2276759
2278757
2280756
2282756
2284756
2286757
2288759
2290762
2292766
2294771
2296777
2298784
2300792
2302801
2304811
2306822
2308833
2310845
2312858
2314870
2316883
2318896
2320910
2322925
2324941
2326958
2328976
2330995
2333015
2335035
2337056
2339078
2341100
2343122
2345145
2347169
2349194
2351220
2353247
2355275
2357304
2359334
2361365
2363397
2365430
2367464
2369499
2371534
2373570
2375606
2377643
2379681
2381720
2383760
2385801
2387843
2389884
2391926
2393968
2396011
2398055
2400100
2402146
2404192
2406239
2408287
2410336
2412386
2414436
2416486
2418537
2420589
2422642
2424696
2426751
2428807
2430864
2432922
2434981
2437040
2439100
2441160
2443221
2445282
2447344
2449406
2451468
2453531
2455594
2457657
2459721
2461786
2463852
2465919
2467987
2470056
2472125
2474195
2476265
2478335
2480406
2482478
2484550
2486623
2488697
2490772
2492847
2494923
2497000
2499078
2501156
2503235
2505315
2507396
2509477
2511559
2513642
2515726
2517811
2519896
2521982
2524069
2526157
2528245
2530334
2532424
2534514
2536604
2538694
2540785
2542877
2544970
2547063
2549157
2551251
2553346
2555442
2557539
2559636
2561734
2563833
2565932
2568032
2570133
2572235
2574338
2576441
2578545
2580650
2582754
2584859
2586965
2589072
2591180
2593288
2595397
2597507
2599617
2601728
2603840
2605952
2608065
2610179
2612293
2614408
2616523
2618639
2620756
2622873
2624991
2627109
2629228
2631348
2633469
2635591
2637714
2639838
2641962
2644087
2646213
2648340
2650468
2652597
2654726
2656855
2658985
2661116
2663248
2665380
2667513
2669647
2671782
2673918
2676055
2678193
2680332
2682472
2684612
2686753
2688894
2691035
2693176
2695317
2697458
2699600
2701741
2703883
2706026
2708170
2710315
2712461
2714608
2716756
2718904
2721053
2723203
2725354
2727504
2729655
2731806
2733958
2736111
2738265
2740420
2742576
2744732
2746888
2749044
2751201
2753359
2755518
2757678
2759839
2762001
2764163
2766326
2768489
2770653
2772817
2774982
2777146
2779310
2781475
2783641
2785808
2787975
2790142
2792310
2794478
2796647
2798817
2800987
2803158
2805330
2807502
2809674
2811847
2814020
2816193
2818366
2820540
2822715
2824891
2827067
2829243
2831420
2833598
2835777
2837957
2840137
2842317
2844498
2846680
2848862
2851045
2853228
2855411
2857595
2859779
2861964
2864150
2866337
2868525
2870714
2872903
2875093
2877283
2879474
2881666
2883858
2886050
2888243
2890437
2892631
2894825
2897019
2899214
2901410
2903607
2905805
2908004
2910203
2912403
2914603
2916803
2919003
2921204
2923406
2925609
2927812
2930016
2932221
2934426
2936631
2938837
2941043
2943250
2945457
2947665
2949874
2952084
2954295
2956507
2958720
2960934
2963149
2965365
2967582
2969798
2972014
2974231
2976449
2978668
2980888
2983109
2985330
2987552
2989775
2991998
2994222
2996446
2998671
3000897
3003124
3005352
3007581
3009811
3012042
3014274
3016507
3018739
3020972
3023205
3025438
3027672
3029907
3032143
3034380
3036618
3038857
3041097
3043338
3045580
3047823
3050067
3052312
3054558
3056804
3059051
3061299
3063548
3065798
3068049
3070300
3072551
3074802
3077053
3079305
3081558
3083812
3086067
3088323
3090580
3092838
3095097
3097357
3099617
3101878
3104140
3106403
3108667
3110932
3113198
3115465
3117733
3120002
3122272
3124543
3126815
3129087
3131360
3133634
3135909
3138185
3140462
3142739
3145016
3147293
3149570
3151847
3154124
3156401
3158678
3160955
3163233
3165512
3167792
3170073
3172353
3174634
3176916
3179199
3181482
3183766
3186049
3188333
3190617
3192902
3195188
3197474
3199761
3202049
3204337
3206626
3208916
3211207
3213499
3215792
3218086
3220381
3222677
3224973
3227269
3229566
3231864
3234163
3236461
3238760
3241060
3243360
3245661
3247963
3250266
3252570
3254875
3257181
3259488
3261796
3264104
3266412
3268721
3271031
3273342
3275654
3277967
3280281
3282596
3284912
3287228
3289545
3291863
3294181
3296500
3298820
3301141
3303462
3305784
3308107
3310431
3312756
3315080
3317405
3319730
3322056
3324383
3326711
3329040
3331369
3333699
3336029
3338360
3340692
3343025
3345358
3347692
3350026
3352361
3354697
3357034
3359372
3361711
3364051
3366392
3368734
3371077
3373421
3375766
3378112
3380458
3382805
3385153
3387502
3389852
3392203
3394555
3396908
3399262
3401617
3403972
3406328
3408684
3411040
3413397
3415755
3418113
3420471
3422829
3425188
3427547
3429907
3432268
3434630
3436993
3439357
3441722
3444088
3446454
3448820
3451187
3453555
3455924
3458294
3460664
3463035
3465407
3467778
3470150
3472523
3474897
3477272
3479648
3482024
3484401
3486779
3489158
3491538
3493919
3496301
3498684
3501068
3503453
3505838
3508224
3510611
3512998
3515385
3517773
3520162
3522552
3524943
3527333
3529724
3532116
3534509
3536903
3539298
3541692
3544087
3546482
3548878
3551275
3553673
3556071
3558470
3560870
3563270
3565671
3568073
3570476
3572880
3575285
3577690
3580096
3582503
3584911
3587320
3589729
3592139
3594550
3596961
3599373
3601786
3604200
3606615
3609029
3611443
3613858
3616273
3618688
3621104
3623520
3625936
3628353
3630770
3633188
3635607
3638027
3640448
3642870
3645292
3647715
3650139
3652564
3654990
3657417
3659844
3662272
3664701
3667130
3669560
3671991
3674422
3676854
3679285
3681717
3684150
3686584
3689019
3691455
3693892
3696329
3698767
3701206
3703645
3706084
3708524
3710965
3713406
3715847
3718289
3720731
3723173
3725616
3728059
3730503
3732948
3735394
3737840
3740287
3742735
3745184
3747634
3750085
3752537
3754990
3757444
3759899
3762355
3764812
3767270
3769729
3772188
3774647
3777107
3779568
3782028
3784489
3786951
3789412
3791874
3794337
3796801
3799266
3801732
3804198
3806665
3809132
3811599
3814067
3816536
3819005
3821474
3823944
3826415
3828886
3831358
3833831
3836305
3838780
3841256
3843732
3846209
3848686
3851163
3853641
3856120
3858600
3861080
3863561
3866043
3868525
3871007
3873490
3875974
3878458
3880942
3883427
3885912
3888398
3890884
3893370
3895857
3898344
3900831
3903318
3905805
3908292
3910780
3913269
3915758
3918247
3920737
3923228
3925720
3928211
3930703
3933196
3935689
3938182
3940676
3943171
3945667
3948164
3950660
3953157
3955655
3958153
3960652
3963150
3965649
3968148
3970648
3973149
3975651
3978154
3980658
3983163
3985669
3988176
3990684
3993193
3995701
3998210
4000720
4003230
4005741
4008252
4010764
4013276
4015789
4018303
4020818
4023334
4025851
4028367
4030883
4033400
4035918
4038437
4040956
4043476
4045997
4048519
4051042
4053566
4056091
4058616
4061141
4063667
4066193
4068720
4071247
4073774
4076301
4078829
4081358
4083888
4086419
4088950
4091482
4094014
4096546
4099079
4101612
4104146
4106680
4109214
4111749
4114285
4116822
4119360
4121899
4124439
4126980
4129522
4132064
4134607
4137150
4139694
4142239
4144785
4147332
4149878
4152425
4154972
4157520
4160069
4162619
4165169
4167720
4170271
4172823
4175375
4177927
4180480
4183034
4185589
4188143
4190697
4193252
4195808
4198364
4200921
4203477
4206034
4208592
4211151
4213710
4216270
4218831
4221393
4223955
4226518
4229081
4231645
4234209
4236773
4239338
4241904
4244470
4247036
4249603
4252170
4254738
4257307
4259877
4262446
4265016
4267587
4270159
4272731
4275303
4277875
4280448
4283021
4285594
4288168
4290743
4293319
4295896
4298474
4301053
4303632
4306212
4308792
4311372
4313953
4316535
4319117
4321700
4324282
4326865
4329449
4332032
4334616
4337200
4339785
4342370
4344955
4347541
4350128
4352715
4355303
4357892
4360481
4363071
4365660
4368250
4370841
4373433
4376026
4378620
4381214
4383808
4386402
4388997
4391592
4394188
4396784
4399380
4401977
4404574
4407172
4409771
4412369
4414968
4417568
4420167
4422767
4425368
4427970
4430573
4433177
4435781
4438385
4440989
4443594
4446198
4448803
4451409
4454016
4456624
4459233
4461843
4464454
4467066
4469679
4472293
4474908
4477524
4480140
4482757
4485375
4487994
4490614
4493235
4495856
4498477
4501099
4503722
4506345
4508968
4511592
4514216
4516840
4519464
4522088
4524713
4527339
4529966
4532594
4535223
4537853
4540484
4543116
4545749
4548383
4551017
4553651
4556285
4558920
4561556
4564192
4566829
4569467
4572105
4574744
4577384
4580025
4582667
4585310
4587954
4590599
4593243
4595888
4598532
4601177
4603822
4606468
4609115
4611762
4614409
4617057
4619705
4622354
4625004
4627655
4630307
4632960
4635613
4638266
4640920
4643575
4646231
4648888
4651546
4654205
4656864
4659524
4662185
4664845
4667506
4670168
4672831
4675493
4678156
4680820
4683485
4686151
4688817
4691484
4694152
4696820
4699488
4702157
4704827
4707498
4710170
4712843
4715515
4718188
4720861
4723535
4726210
4728886
4731563
4734240
4736918
4739596
4742275
4744955
4747636
4750318
4753000
4755683
4758367
4761052
4763738
4766423
4769109
4771796
4774484
4777173
4779862
4782551
4785241
4787931
4790622
4793314
4796007
4798701
4801396
4804092
4806788
4809485
4812183
4814882
4817582
4820282
4822983
4825685
4828388
4831092
4833796
4836501
4839207
4841914
4844621
4847329
4850038
4852748
4855459
4858171
4860884
4863597
4866310
4869024
4871739
4874455
4877171
4879887
4882604
4885322
4888040
4890759
4893479
4896200
4898921
4901643
4904366
4907089
4909813
4912538
4915264
4917989
4920715
4923441
4926168
4928895
4931623
4934351
4937079
4939808
4942538
4945269
4948000
4950732
4953465
4956199
4958934
4961670
4964407
4967145
4969883
4972622
4975361
4978100
4980840
4983581
4986323
4989065
4991808
4994552
4997297
5000043
5002790
5005538
5008285
5011033
5013781
5016530
5019280
5022031
5024782
5027534
5030286
5033039
5035793
5038548
5041304
5044061
5046818
5049576
5052335
5055095
5057855
5060615
5063376
5066138
5068900
5071663
5074427
5077192
5079957
5082723
5085489
5088256
5091023
5093791
5096560
5099330
5102101
5104873
5107646
5110419
5113193
5115968
5118744
5121521
5124299
5127078
5129858
5132639
5135420
5138202
5140985
5143768
5146552
5149336
5152121
5154907
5157694
5160482
5163271
5166061
5168852
5171644
5174437
5177230
5180023
5182816
5185610
5188405
5191201
5193998
5196796
5199595
5202395
5205196
5207998
5210801
5213605
5216409
5219213
5222018
5224824
5227631
5230439
5233248
5236058
5238869
5241681
5244494
5247308
5250123
5252939
5255756
5258574
5261393
5264212
5267031
5269851
5272672
5275494
5278317
5281141
5283966
5286792
5289618
5292445
5295273
5298102
5300930
5303758
5306587
5309417
5312247
5315077
5317908
5320740
5323573
5326406
5329239
5332073
5334907
5337742
5340576
5343410
5346245
5349081
5351918
5354756
5357594
5360433
5363272
5366112
5368953
5371793
5374633
5377474
5380316
5383159
5386003
5388848
5391694
5394541
5397389
5400237
5403086
5405936
5408786
5411637
5414489
5417341
5420194
5423047
5425901
5428756
5431612
5434468
5437325
5440183
5443042
5445902
5448763
5451624
5454486
5457349
5460213
5463078
5465944
5468809
5471675
5474541
5477408
5480276
5483144
5486012
5488881
5491751
5494622
5497494
5500366
5503239
5506113
5508988
5511864
5514741
5517619
5520498
5523378
5526258
5529139
5532019
5534899
5537780
5540662
5543545
5546428
5549312
5552197
5555082
5557968
5560855
5563743
5566632
5569522
5572413
5575304
5578196
5581089
5583982
5586876
5589770
5592665
5595560
5598456
5601352
5604249
5607147
5610046
5612946
5615847
5618748
5621650
5624553
5627457
5630361
5633266
5636172
5639079
5641987
5644895
5647804
5650713
5653623
5656533
5659444
5662354
5665264
5668175
5671087
5674000
5676913
5679827
5682742
5685658
5688575
5691493
5694412
5697332
5700252
5703172
5706092
5709013
5711935
5714858
5717782
5720707
5723633
5726560
5729488
5732417
5735347
5738278
5741209
5744140
5747072
5750004
5752937
5755870
5758804
5761738
5764673
5767609
5770546
5773483
5776421
5779360
5782300
5785239
5788179
5791119
5794059
5797000
5799942
5802885
5805829
5808773
5811717
5814662
5817608
5820553
5823498
5826443
5829389
5832334
5835279
5838225
5841171
5844118
5847064
5850010
5852957
5855904
5858852
5861801
5864751
5867702
5870652
5873602
5876552
5879502
5882453
5885405
5888358
5891312
5894267
5897223
5900179
5903135
5906092
5909050
5912009
5914969
5917930
5920892
5923854
5926816
5929779
5932743
5935708
5938674
5941640
5944606
5947573
5950541
5953510
5956480
5959451
5962423
5965395
5968367
5971340
5974314
5977289
5980265
5983241
5986217
5989194
5992172
5995151
5998129
6001107
6004086
6007065
6010044
6013024
6016003
6018983
6021963
6024944
6027926
6030909
6033893
6036878
6039864
6042851
6045839
6048828
6051817
6054807
6057797
6060788
6063780
6066773
6069767
6072762
6075758
6078755
6081753
6084751
6087749
6090748
6093747
6096746
6099746
6102746
6105746
6108746
6111747
6114749
6117751
6120754
6123757
6126761
6129765
6132769
6135774
6138779
6141785
6144792
6147798
6150804
6153811
6156818
6159826
6162833
6165841
6168849
6171857
6174865
6177874
6180884
6183895
6186907
6189918
6192930
6195943
6198957
6201972
6204987
6208003
6211019
6214036
6217054
6220073
6223093
6226114
6229136
6232159
6235183
6238207
6241231
6244255
6247280
6250305
6253330
6256356
6259382
6262409
6265437
6268466
6271496
6274527
6277557
6280588
6283620
6286651
6289683
6292715
6295747
6298780
6301814
6304848
6307883
6310918
6313953
6316988
6320024
6323060
6326097
6329135
6332173
6335212
6338252
6341292
6344333
6347374
6350416
6353458
6356500
6359543
6362587
6365631
6368676
6371722
6374769
6377817
6380864
6383911
6386959
6390007
6393055
6396104
6399154
6402205
6405257
6408310
6411364
6414419
6417475
6420530
6423586
6426643
6429701
6432760
6435819
6438879
6441940
6445001
6448062
6451123
6454185
6457247
6460310
6463374
6466439
6469505
6472571
6475638
6478705
6481773
6484842
6487912
6490983
6494055
6497128
6500202
6503277
6506353
6509430
6512507
6515584
6518662
6521741
6524820
6527899
6530978
6534058
6537139
6540220
6543301
6546383
6549466
6552550
6555633
6558717
6561800
6564884
6567968
6571052
6574137
6577222
6580308
6583395
6586482
6589569
6592657
6595746
6598836
6601927
6605019
6608111
6611204
6614298
6617392
6620487
6623583
6626680
6629777
6632875
6635974
6639073
6642173
6645274
6648376
6651479
6654583
6657687
6660792
6663898
6667004
6670111
6673219
6676328
6679438
6682547
6685657
6688768
6691880
6694992
6698105
6701219
6704334
6707450
6710567
6713685
6716804
6719924
6723045
6726167
6729290
6732414
6735538
6738662
6741786
6744911
6748037
6751162
6754288
6757414
6760541
6763669
6766798
6769927
6773057
6776188
6779320
6782453
6785586
6788719
6791853
6794987
6798121
6801256
6804392
6807529
6810667
6813805
6816943
6820082
6823222
6826362
6829503
6832645
6835786
6838927
6842069
6845210
6848352
6851494
6854636
6857779
6860923
6864068
6867213
6870359
6873506
6876652
6879799
6882946
6886093
6889241
6892390
6895540
6898691
6901843
6904996
6908150
6911304
6914458
6917613
6920768
6923923
6927079
6930235
6933392
6936550
6939709
6942867
6946026
6949186
6952347
6955509
6958671
6961833
6964995
6968157
6971319
6974481
6977644
6980807
6983971
6987136
6990302
6993469
6996637
6999805
7002974
7006144
7009313
7012483
7015653
7018824
7021995
7025167
7028340
7031514
7034688
7037863
7041039
7044216
7047393
7050570
7053747
7056924
7060102
7063281
7066461
7069642
7072823
7076005
7079188
7082372
7085555
7088739
7091922
7095106
7098290
7101474
7104658
7107842
7111027
7114213
7117400
7120588
7123777
7126966
7130156
7133347
7136539
7139732
7142924
7146116
7149308
7152501
7155695
7158889
7162083
7165277
7168472
7171668
7174865
7178062
7181260
7184459
7187659
7190859
7194060
7197262
7200465
7203669
7206874
7210080
7213287
7216495
7219704
7222914
7226125
7229336
7232548
7235760
7238972
7242185
7245399
7248614
7251830
7255047
7258265
7261484
7264704
7267924
7271145
7274365
7277586
7280807
7284029
7287251
7290473
7293695
7296917
7300140
7303363
7306587
7309812
7313038
7316265
7319492
7322720
7325949
7329179
7332410
7335642
7338875
7342109
7345344
7348578
7351813
7355049
7358285
7361521
7364758
7367996
7371235
7374475
7377715
7380956
7384198
7387440
7390682
7393925
7397169
7400414
7403660
7406906
7410153
7413401
7416650
7419898
7423147
7426396
7429645
7432895
7436145
7439395
7442646
7445898
7449151
7452405
7455660
7458916
7462172
7465429
7468687
7471945
7475204
7478464
7481725
7484987
7488249
7491511
7494774
7498037
7501300
7504564
7507827
7511091
7514356
7517621
7520886
7524152
7527418
7530685
7533953
7537222
7540492
7543763
7547035
7550307
7553579
7556852
7560126
7563401
7566677
7569954
7573232
7576511
7579791
7583072
7586354
7589637
7592920
7596204
7599489
7602775
7606062
7609349
7612637
7615926
7619215
7622505
7625796
7629086
7632377
7635669
7638961
7642254
7645546
7648839
7652133
7655427
7658721
7662016
7665311
7668607
7671903
7675200
7678498
7681797
7685096
7688395
7691695
7694996
7698298
7701600
7704903
7708205
7711508
7714812
7718117
7721423
7724729
7728035
7731341
7734648
7737956
7741263
7744571
7747879
7751188
7754498
7757809
7761121
7764434
7767748
7771063
7774377
7777692
7781008
7784324
7787640
7790957
7794274
7797592
7800909
7804227
7807546
7810866
7814187
7817509
7820831
7824154
7827478
7830802
7834127
7837453
7840779
7844106
7847434
7850762
7854091
7857420
7860749
7864079
7867410
7870742
7874075
7877409
7880743
7884078
7887414
7890749
7894084
7897420
7900757
7904095
7907434
7910774
7914115
7917457
7920800
7924144
7927489
7930835
7934182
7937530
7940879
7944229
7947580
7950932
7954284
7957637
7960991
7964344
7967698
7971053
7974409
7977766
7981123
7984481
7987840
7991200
7994561
7997922
8001284
8004647
8008011
8011374
8014737
8018101
8021464
8024828
8028192
8031556
8034921
8038287
8041653
8045020
8048388
8051757
8055127
8058498
8061870
8065243
8068617
8071992
8075367
8078743
8082119
8085495
8088872
8092249
8095626
8099003
8102381
8105759
8109137
8112516
8115896
8119275
8122654
8126033
8129413
8132793
8136174
8139556
8142938
8146321
8149703
8153086
8156469
8159852
8163236
8166620
8170005
8173391
8176778
8180165
8183553
8186942
8190332
8193723
8197115
8200508
8203902
8207295
8210689
8214083
8217478
8220874
8224270
8227666
8231063
8234460
8237858
8241257
8244657
8248058
8251458
8254859
8258261
8261663
8265065
8268467
8271870
8275274
8278679
8282084
8285489
8288894
8292299
8295705
8299111
8302517
8305923
8309330
8312736
8316143
8319551
8322960
8326370
8329781
8333193
8336605
8340018
8343431
8346844
8350258
8353673
8357089
8360505
8363922
8367340
8370758
8374176
8377595
8381015
8384436
8387856
8391277
8394698
8398120
8401543
8404967
8408392
8411816
8415241
8418667
8422094
8425521
8428949
8432378
8435807
8439237
8442668
8446100
8449533
8452967
8456402
8459837
8463272
8466708
8470145
8473582
8477019
8480457
8483896
8487336
8490777
8494219
8497661
8501104
8504547
8507991
8511434
8514877
8518321
8521765
8525209
8528653
8532098
8535544
8538991
8542439
8545888
8549338
8552789
8556241
8559694
8563148
8566603
8570059
8573516
8576973
8580431
8583890
8587350
8590810
8594271
8597733
8601196
8604660
8608125
8611591
8615057
8618523
8621990
8625458
8628926
8632395
8635865
8639336
8642808
8646281
8649755
8653230
8656705
8660181
8663657
8667134
8670612
8674090
8677569
8681049
8684530
8688011
8691492
8694973
8698455
8701938
8705422
8708905
8712389
8715873
8719357
8722841
8726326
8729810
8733295
8736780
8740266
8743753
8747241
8750730
8754219
8757708
8761198
8764689
8768181
8771673
8775165
8778658
8782152
8785647
8789143
8792640
8796138
8799637
8803135
8806634
8810134
8813633
8817132
8820632
8824131
8827631
8831131
8834631
8838131
8841632
8845134
8848637
8852139
8855642
8859145
8862649
8866154
8869660
8873166
8876672
8880179
8883687
8887196
8890706
8894216
8897727
8901238
8904750
8908263
8911777
8915292
8918808
8922325
8925843
8929362
8932882
8936402
8939922
8943443
8946964
8950486
8954008
8957530
8961052
8964575
8968098
8971622
8975146
8978671
8982197
8985724
8989252
8992781
8996311
8999842
9003373
9006905
9010438
9013972
9017507
9021043
9024580
9028118
9031656
9035195
9038735
9042276
9045818
9049361
9052905
9056449
9059994
9063540
9067087
9070635
9074183
9077732
9081282
9084833
9088385
9091937
9095490
9099044
9102599
9106154
9109710
9113266
9116822
9120379
9123936
9127494
9131053
9134613
9138174
9141736
9145299
9148863
9152428
9155993
9159559
9163125
9166692
9170260
9173829
9177399
9180970
9184542
9188115
9191689
9195263
9198838
9202413
9205989
9209565
9213142
9216718
9220295
9223873
9227452
9231030
9234609
9238187
9241766
9245345
9248925
9252506
9256088
9259671
9263255
9266840
9270425
9274011
9277597
9281183
9284770
9288358
9291946
9295535
9299125
9302715
9306306
9309898
9313491
9317085
9320680
9324276
9327873
9331471
9335070
9338670
9342270
9345871
9349473
9353076
9356680
9360285
9363891
9367498
9371104
9374711
9378318
9381925
9385532
9389140
9392748
9396357
9399966
9403575
9407185
9410796
9414408
9418020
9421633
9425247
9428862
9432478
9436095
9439713
9443332
9446952
9450573
9454195
9457817
9461440
9465064
9468688
9472313
9475938
9479564
9483191
9486819
9490447
9494076
9497706
9501337
9504968
9508600
9512233
9515867
9519502
9523138
9526774
9530411
9534049
9537687
9541325
9544963
9548602
9552242
9555883
9559525
9563168
9566812
9570457
9574103
9577750
9581398
9585047
9588697
9592347
9595998
9599650
9603303
9606957
9610611
9614266
9617922
9621579
9625237
9628896
9632556
9636217
9639879
9643542
9647206
9650870
9654535
9658201
9661868
9665536
9669205
9672875
9676546
9680218
9683891
9687563
9691235
9694908
9698582
9702257
9705932
9709608
9713284
9716961
9720639
9724318
9727998
9731679
9735360
9739041
9742723
9746405
9750088
9753770
9757453
9761136
9764820
9768505
9772191
9775877
9779564
9783252
9786941
9790631
9794321
9798012
9801703
9805395
9809088
9812782
9816477
9820173
9823870
9827568
9831267
9834967
9838668
9842369
9846071
9849774
9853478
9857183
9860889
9864596
9868304
9872013
9875721
9879430
9883140
9886850
9890560
9894271
9897983
9901696
9905410
9909125
9912840
9916556
9920273
9923991
9927709
9931428
9935148
9938868
9942588
9946309
9950031
9953754
9957478
9961203
9964929
9968656
9972383
9976110
9979838
9983566
9987295
9991025
9994756
9998486
10002217
10005949
10009682
10013416
10017151
10020887
10024624
10028361
10032099
10035838
10039576
10043314
10047052
10050791
10054530
10058270
10062011
10065753
10069496
10073240
10076985
10080731
10084478
10088225
10091973
10095721
10099470
10103220
10106971
10110722
10114474
10118227
10121979
10125732
10129485
10133239
10136993
10140748
10144503
10148258
10152014
10155770
10159526
10163282
10167039
10170797
10174556
10178315
10182074
10185834
10189593
10193352
10197112
10200873
10204634
10208396
10212158
10215921
10219685
10223449
10227214
10230980
10234747
10238515
10242283
10246051
10249820
10253589
10257359
10261130
10264902
10268675
10272448
10276222
10279997
10283773
10287549
10291326
10295104
10298883
10302662
10306442
10310223
10314005
10317786
10321567
10325349
10329132
10332916
10336700
10340485
10344270
10348056
10351843
10355631
10359419
10363207
10366996
10370785
10374575
10378366
10382158
10385951
10389745
10393540
10397336
10401132
10404929
10408727
10412526
10416326
10420126
10423926
10427727
10431529
10435332
10439136
10442940
10446745
10450551
10454358
10458166
10461975
10465784
10469594
10473404
10477215
10481026
10484837
10488648
10492459
10496271
10500083
10503896
10507710
10511525
10515341
10519156
10522972
10526788
10530604
10534421
10538239
10542057
10545876
10549696
10553517
10557338
10561159
10564981
10568804
10572628
10576452
10580277
10584102
10587927
10591753
10595580
10599406
10603233
10607060
10610887
10614715
10618543
10622372
10626202
10630031
10633860
10637689
10641519
10645350
10649182
10653014
10656847
10660681
10664516
10668351
10672187
10676023
10679859
10683695
10687532
10691370
10695209
10699049
10702890
10706732
10710574
10714417
10718260
10722104
10725949
10729795
10733642
10737490
10741338
10745187
10749037
10752888
10756740
10760591
10764442
10768293
10772144
10775996
10779849
10783702
10787556
10791411
10795266
10799122
10802979
10806837
10810696
10814556
10818417
10822279
10826140
10830002
10833865
10837728
10841592
10845457
10849322
10853188
10857055
10860922
10864790
10868659
10872529
10876399
10880269
10884140
10888012
10891885
10895758
10899632
10903506
10907380
10911254
10915129
10919005
10922882
10926760
10930639
10934519
10938400
10942280
10946160
10950041
10953923
10957805
10961687
10965570
10969454
10973337
10977221
10981106
10984991
10988876
10992762
10996649
11000537
11004425
11008314
11012204
11016094
11019985
11023877
11027770
11031664
11035558
11039452
11043347
11047243
11051139
11055036
11058934
11062833
11066733
11070633
11074534
11078436
11082338
11086241
11090144
11094048
11097953
11101858
11105763
11109668
11113574
11117481
11121389
11125297
11129206
11133116
11137027
11140939
11144852
11148766
11152681
11156597
11160514
11164432
11168351
11172271
11176192
11180114
11184037
11187961
11191886
11195812
11199738
11203665
11207591
11211518
11215446
11219375
11223304
11227234
11231165
11235096
11239028
11242961
11246895
11250830
11254765
11258701
11262638
11266576
11270515
11274455
11278396
11282338
11286280
11290223
11294167
11298112
11302058
11306004
11309951
11313899
11317847
11321795
11325743
11329692
11333642
11337593
11341545
11345498
11349452
11353407
11357363
11361320
11365278
11369236
11373194
11377152
11381111
11385071
11389031
11392991
11396952
11400914
11404877
11408841
11412806
11416772
11420739
11424706
11428674
11432643
11436613
11440583
11444554
11448526
11452499
11456473
11460448
11464422
11468397
11472372
11476347
11480322
11484298
11488275
11492252
11496230
11500209
11504189
11508170
11512151
11516133
11520116
11524100
11528085
11532071
11536056
11540042
11544029
11548017
11552006
11555995
11559985
11563976
11567967
11571959
11575952
11579944
11583936
11587929
11591922
11595915
11599909
11603903
11607898
11611894
11615890
11619887
11623885
11627883
11631882
11635882
11639883
11643885
11647888
11651892
11655896
11659900
11663904
11667908
11671912
11675916
11679920
11683925
11687931
11691938
11695945
11699953
11703962
11707971
11711981
11715992
11720003
11724015
11728028
11732042
11736056
11740070
11744085
11748101
11752118
11756136
11760155
11764175
11768196
11772218
11776241
11780265
11784289
11788314
11792340
11796367
11800394
11804421
11808449
11812477
11816506
11820536
11824566
11828597
11832627
11836658
11840689
11844721
11848754
11852788
11856823
11860859
11864895
11868932
11872970
11877009
11881048
11885088
11889129
11893171
11897214
11901258
11905303
11909348
11913394
11917441
11921489
11925537
11929586
11933635
11937685
11941735
11945786
11949837
11953889
11957942
11961996
11966050
11970105
11974161
11978218
11982276
11986335
11990395
11994456
11998516
12002577
12006639
12010702
12014766
12018831
12022896
12026962
12031029
12035097
12039166
12043235
12047305
12051374
12055444
12059515
12063587
12067660
12071734
12075809
12079884
12083959
12088035
12092112
12096190
12100269
12104349
12108430
12112512
12116594
12120677
12124761
12128845
12132930
12137014
12141098
12145183
12149267
12153352
12157438
12161525
12165613
12169702
12173792
12177883
12181974
12186065
12190157
12194249
12198342
12202436
12206529
12210623
12214717
12218812
12222908
12227005
12231102
12235199
12239296
12243393
12247491
12251590
12255690
12259790
12263891
12267992
12272093
12276194
12280296
12284399
12288503
12292607
12296711
12300816
12304922
12309029
12313136
12317244
12321353
12325463
12329573
12333683
12337794
12341906
12346019
12350133
12354247
12358361
12362476
12366591
12370707
12374824
12378942
12383061
12387181
12391302
12395424
12399547
12403670
12407794
12411918
12416042
12420167
12424293
12428419
12432546
12436674
12440803
12444933
12449064
12453196
12457329
12461463
12465598
12469733
12473869
12478004
12482140
12486276
12490413
12494550
12498688
12502827
12506967
12511107
12515247
12519388
12523530
12527672
12531815
12535958
12540102
12544247
12548393
12552538
12556684
12560831
12564979
12569128
12573277
12577427
12581578
12585730
12589883
12594037
12598190
12602344
12606498
12610653
12614809
12618965
12623121
12627278
12631436
12635595
12639754
12643914
12648075
12652236
12656398
12660560
12664723
12668887
12673052
12677217
12681383
12685550
12689718
12693887
12698056
12702225
12706395
12710566
12714738
12718911
12723084
12727258
12731433
12735609
12739785
12743962
12748140
12752319
12756498
12760678
12764859
12769041
12773223
12777405
12781587
12785770
12789953
12794137
12798322
12802508
12806695
12810883
12815072
12819262
12823453
12827645
12831838
12836032
12840225
12844418
12848612
12852807
12857002
12861197
12865393
12869590
12873788
12877986
12882185
12886384
12890584
12894785
12898987
12903190
12907393
12911597
12915802
12920008
12924213
12928419
12932625
12936831
12941038
12945244
12949450
12953657
12957865
12962074
12966284
12970495
12974707
12978920
12983133
12987347
12991562
12995778
12999994
13004211
13008429
13012648
13016868
13021089
13025311
13029533
13033756
13037980
13042205
13046431
13050658
13054886
13059115
13063345
13067576
13071808
13076040
13080272
13084505
13088739
13092974
13097210
13101447
13105684
13109922
13114161
13118400
13122640
13126881
13131122
13135364
13139607
13143851
13148096
13152342
13156589
13160837
13165086
13169336
13173587
13177838
13182090
13186343
13190597
13194851
13199105
13203360
13207615
13211871
13216128
13220385
13224642
13228900
13233159
13237418
13241677
13245937
13250198
13254460
13258721
13262983
13267245
13271508
13275772
13280037
13284303
13288570
13292837
13297104
13301372
13305641
13309910
13314179
13318448
13322718
13326988
13331259
13335531
13339804
13344077
13348350
13352624
13356898
13361173
13365448
13369724
13374001
13378279
13382558
13386838
13391119
13395401
13399684
13403968
13408252
13412537
13416822
13421108
13425395
13429683
13433971
13438260
13442549
13446838
13451128
13455418
13459709
13464001
13468294
13472588
13476883
13481179
13485476
13489774
13494073
13498372
13502672
13506973
13511275
13515577
13519880
13524184
13528489
13532795
13537100
13541406
13545712
13550018
13554324
13558631
13562939
13567248
13571558
13575868
13580179
13584491
13588804
13593118
13597433
13601749
13606065
13610382
13614700
13619017
13623335
13627653
13631972
13636292
13640612
13644933
13649255
13653576
13657897
13662218
13666540
13670862
13675184
13679507
13683829
13688152
13692475
13696798
13701122
13705446
13709771
13714097
13718423
13722749
13727076
13731404
13735732
13740060
13744389
13748718
13753048
13757379
13761711
13766044
13770378
13774713
13779049
13783385
13787722
13792060
13796398
13800736
13805075
13809415
13813756
13818098
13822440
13826783
13831125
13835468
13839811
13844154
13848498
13852843
13857189
13861535
13865882
13870229
13874576
13878924
13883273
13887623
13891974
13896326
13900679
13905033
13909387
13913742
13918098
13922455
13926812
13931170
13935529
13939888
13944247
13948606
13952966
13957327
13961688
13966049
13970411
13974774
13979138
13983502
13987867
13992233
13996599
14000965
14005332
14009700
14014067
14018434
14022802
14027169
14031537
14035906
14040276
14044647
14049019
14053392
14057766
14062141
14066517
14070893
14075270
14079648
14084027
14088407
14092788
14097169
14101550
14105932
14110315
14114698
14119081
14123465
14127850
14132236
14136622
14141008
14145394
14149781
14154168
14158556
14162945
14167334
14171724
14176114
14180504
14184895
14189287
14193680
14198074
14202467
14206860
14211254
14215647
14220041
14224435
14228830
14233226
14237623
14242021
14246419
14250818
14255218
14259619
14264021
14268424
14272828
14277232
14281637
14286042
14290448
14294855
14299263
14303670
14308078
14312486
14316895
14321304
14325714
14330125
14334536
14338947
14343359
14347772
14352186
14356601
14361017
14365434
14369850
14374267
14378685
14383104
14387524
14391944
14396365
14400785
14405206
14409627
14414049
14418472
14422896
14427321
14431746
14436172
14440598
14445024
14449451
14453879
14458308
14462737
14467166
14471596
14476027
14480459
14484890
14489321
14493753
14498186
14502620
14507055
14511491
14515927
14520364
14524801
14529239
14533678
14538117
14542557
14546997
14551438
14555880
14560323
14564766
14569210
14573655
14578101
14582547
14586994
14591442
14595890
14600339
14604787
14609236
14613686
14618137
14622589
14627042
14631496
14635951
14640407
14644864
14649322
14653781
14658240
14662699
14667159
14671619
14676080
14680542
14685005
14689469
14693934
14698400
14702867
14707335
14711803
14716272
14720742
14725213
14729685
14734158
14738632
14743107
14747582
14752058
14756534
14761010
14765487
14769964
14774441
14778919
14783397
14787876
14792355
14796835
14801316
14805798
14810281
14814765
14819250
14823736
14828222
14832709
14837197
14841686
14846175
14850665
14855155
14859645
14864136
14868628
14873120
14877613
14882107
14886600
14891094
14895589
14900083
14904577
14909072
14913567
14918063
14922560
14927057
14931555
14936054
14940553
14945052
14949551
14954050
14958550
14963051
14967553
14972056
14976560
14981065
14985569
14990074
14994580
14999086
15003593
15008101
15012609
15017117
15021626
15026136
15030647
15035159
15039672
15044184
15048697
15053210
15057724
15062237
15066751
15071265
15075779
15080293
15084808
15089324
15093840
15098356
15102872
15107389
15111907
15116425
15120944
15125464
15129985
15134507
15139030
15143554
15148079
15152605
15157132
15161659
15166186
15170713
15175240
15179768
15184297
15188827
15193358
15197889
15202421
15206954
15211488
15216023
15220559
15225096
15229634
15234172
15238711
15243249
15247788
15252328
15256867
15261407
15265946
15270486
15275026
15279567
15284108
15288650
15293192
15297735
15302279
15306824
15311370
15315916
15320463
15325011
15329560
15334110
15338660
15343211
15347762
15352314
15356867
15361421
15365976
15370532
15375089
15379647
15384206
15388766
15393326
15397886
15402446
15407007
15411569
15416132
15420696
15425260
15429824
15434389
15438955
15443522
15448090
15452659
15457229
15461799
15466370
15470942
15475514
15480087
15484660
15489234
15493808
15498383
15502958
15507534
15512111
15516689
15521268
15525848
15530429
15535010
15539592
15544175
15548759
15553344
15557930
15562516
15567103
15571691
15576279
15580868
15585457
15590047
15594638
15599229
15603821
15608414
15613007
15617601
15622196
15626791
15631387
15635984
15640582
15645181
15649781
15654382
15658983
15663584
15668185
15672786
15677388
15681991
15686593
15691196
15695800
15700405
15705011
15709617
15714224
15718832
15723440
15728048
15732657
15737267
15741878
15746490
15751103
15755717
15760330
15764944
15769559
15774174
15778790
15783406
15788023
15792641
15797260
15801880
15806501
15811123
15815746
15820369
15824993
15829618
15834244
15838871
15843499
15848127
15852756
15857386
15862016
15866646
15871277
15875908
15880540
15885173
15889807
15894441
15899076
15903711
15908347
15912984
15917622
15922260
15926899
15931537
15936176
15940816
15945456
15950097
15954739
15959382
15964025
15968669
15973313
15977958
15982603
15987249
15991895
15996541
16001187
16005834
16010482
16015130
16019779
16024428
16029078
16033729
16038381
16043033
16047686
16052340
16056995
16061651
16066308
16070966
16075625
16080285
16084946
16089608
16094271
16098935
16103599
16108264
16112930
16117597
16122265
16126934
16131604
16136275
16140947
16145619
16150291
16154964
16159637
16164311
16168985
16173660
16178336
16183013
16187689
16192366
16197043
16201720
16206398
16211077
16215757
16220438
16225119
16229801
16234484
16239168
16243853
16248539
16253226
16257914
16262603
16267292
16271982
16276673
16281365
16286057
16290750
16295444
16300139
16304835
16309531
16314228
16318926
16323625
16328325
16333026
16337728
16342431
16347135
16351840
16356545
16361251
16365958
16370666
16375374
16380083
16384793
16389503
16394213
16398924
16403636
16408349
16413062
16417776
16422490
16427205
16431921
16436637
16441353
16446070
16450787
16455505
16460224
16464944
16469665
16474386
16479108
16483830
16488553
16493277
16498002
16502728
16507455
16512183
16516911
16521639
16526367
16531095
16535823
16540552
16545282
16550013
16554745
16559478
16564212
16568947
16573683
16578420
16583158
16587896
16592634
16597373
16602113
16606854
16611596
16616339
16621083
16625828
16630573
16635319
16640066
16644814
16649563
16654313
16659063
16663814
16668566
16673319
16678072
16682825
16687578
16692331
16697085
16701839
16706594
16711350
16716107
16720864
16725622
16730380
16735138
16739896
16744654
16749413
16754172
16758932
16763693
16768454
16773216
16777979
16782743
16787508
16792273
16797039
16801806
16806574
16811343
16816112
16820882
16825653
16830425
16835197
16839970
16844743
16849517
16854291
16859066
16863841
16868616
16873392
16878168
16882945
16887723
16892502
16897282
16902063
16906844
16911626
16916409
16921192
16925976
16930760
16935544
16940329
16945115
16949902
16954689
16959477
16964266
16969055
16973844
16978633
16983423
16988213
16993004
16997796
17002589
17007382
17012176
17016971
17021766
17026562
17031359
17036155
17040952
17045750
17050549
17055349
17060150
17064952
17069753
17074555
17079358
17084162
17088967
17093773
17098580
17103388
17108196
17113005
17117815
17122625
17127436
17132247
17137059
17141872
17146686
17151501
17156317
17161133
17165950
17170768
17175587
17180406
17185226
17190047
17194869
17199692
17204516
17209341
17214166
17218991
17223817
17228644
17233472
17238301
17243131
17247961
17252792
17257624
17262457
17267291
17272125
17276960
17281795
17286631
17291468
17296306
17301144
17305982
17310821
17315661
17320501
17325341
17330182
17335023
17339865
17344708
17349552
17354397
17359243
17364090
17368938
17373786
17378635
17383485
17388336
17393188
17398041
17402894
17407748
17412602
17417457
17422313
17427170
17432028
17436887
17441746
17446606
17451467
17456329
17461192
17466055
17470918
17475782
17480647
17485512
17490378
17495245
17500113
17504981
17509849
17514718
17519587
17524457
17529328
17534200
17539073
17543947
17548822
17553698
17558575
17563453
17568331
17573210
17578090
17582971
17587852
17592734
17597617
17602501
17607386
17612272
17617159
17622046
17626933
17631821
17636710
17641599
17646489
17651380
17656272
17661165
17666059
17670954
17675850
17680747
17685645
17690543
17695442
17700342
17705243
17710145
17715047
17719950
17724854
17729759
17734663
17739568
17744474
17749380
17754287
17759195
17764104
17769014
17773925
17778837
17783750
17788664
17793579
17798494
17803409
17808324
17813239
17818154
17823069
17827985
17832902
17837820
17842739
17847657
17852576
17857495
17862415
17867336
17872258
17877180
17882102
17887025
17891948
17896871
17901795
17906720
17911645
17916570
17921496
17926423
17931351
17936278
17941206
17946135
17951065
17955995
17960926
17965858
17970791
17975724
17980658
17985593
17990529
17995466
18000403
18005340
18010278
18015217
18020157
18025098
18030039
18034981
18039924
18044866
18049809
18054753
18059697
18064642
18069588
18074535
18079483
18084431
18089380
18094329
18099279
18104230
18109182
18114134
18119087
18124041
18128996
18133950
18138904
18143859
18148814
18153770
18158727
18163685
18168644
18173603
18178563
18183524
18188485
18193447
18198409
18203371
18208334
18213298
18218263
18223229
18228196
18233164
18238132
18243100
18248069
18253039
18258010
18262981
18267953
18272926
18277900
18282875
18287851
18292827
18297804
18302781
18307759
18312738
18317718
18322699
18327681
18332664
18337646
18342629
18347613
18352598
18357584
18362571
18367559
18372548
18377537
18382527
18387518
18392510
18397503
18402497
18407492
18412488
18417485
18422483
18427482
18432482
18437482
18442483
18447485
18452488
18457492
18462496
18467500
18472505
18477511
18482518
18487525
18492533
18497542
18502552
18507563
18512575
18517588
18522602
18527617
18532631
18537645
18542660
18547676
18552693
18557711
18562729
18567748
18572768
18577789
18582811
18587833
18592856
18597879
18602902
18607926
18612951
18617976
18623002
18628028
18633055
18638083
18643112
18648141
18653171
18658202
18663234
18668266
18673299
18678333
18683368
18688403
18693438
18698473
18703509
18708546
18713584
18718623
18723662
18728702
18733742
18738782
18743823
18748865
18753907
18758949
18763992
18769035
18774079
18779124
18784170
18789217
18794265
18799314
18804364
18809415
18814465
18819516
18824568
18829620
18834673
18839727
18844780
18849834
18854888
18859942
18864997
18870053
18875110
18880168
18885227
18890287
18895348
18900410
18905472
18910535
18915599
18920663
18925728
18930794
18935861
18940929
18945998
18951067
18956136
18961206
18966277
18971349
18976422
18981495
18986569
18991643
18996718
19001793
19006869
19011946
19017023
19022101
19027179
19032258
19037338
19042418
19047499
19052581
19057664
19062748
19067833
19072918
19078004
19083091
19088179
19093267
19098356
19103446
19108537
19113629
19118722
19123814
19128907
19134000
19139094
19144188
19149283
19154378
19159474
19164571
19169669
19174767
19179864
19184961
19190059
19195156
19200254
19205352
19210450
19215548
19220646
19225744
19230842
19235940
19241039
19246137
19251236
19256335
19261435
19266536
19271638
19276740
19281843
19286947
19292052
19297158
19302265
19307372
19312480
19317589
19322699
19327810
19332922
19338035
19343149
19348264
19353380
19358496
19363613
19368731
19373848
19378966
19384084
19389202
19394321
19399441
19404562
19409684
19414807
19419930
19425053
19430177
19435302
19440427
19445553
19450680
19455808
19460937
19466067
19471198
19476329
19481461
19486593
19491726
19496860
19501995
19507130
19512266
19517403
19522541
19527680
19532820
19537960
19543101
19548243
19553386
19558530
19563675
19568821
19573968
19579116
19584265
19589415
19594566
19599718
19604871
19610023
19615176
19620330
19625484
19630639
19635793
19640948
19646103
19651259
19656416
19661573
19666731
19671890
19677050
19682210
19687371
19692533
19697695
19702857
19708020
19713184
19718349
19723515
19728680
19733846
19739013
19744180
19749348
19754517
19759687
19764857
19770027
19775197
19780367
19785537
19790707
19795878
19801050
19806223
19811396
19816570
19821745
19826921
19832098
19837276
19842454
19847632
19852811
19857991
19863171
19868352
19873534
19878717
19883901
19889084
19894268
19899453
19904639
19909826
19915014
19920203
19925392
19930582
19935773
19940964
19946156
19951349
19956543
19961738
19966934
19972131
19977329
19982528
19987728
19992927
19998126
20003326
20008525
20013725
20018925
20024126
20029328
20034531
20039735
20044940
20050146
20055353
20060560
20065768
20070977
20076187
20081398
20086610
20091822
20097035
20102249
20107463
20112678
20117892
20123107
20128323
20133540
20138758
20143977
20149197
20154417
20159638
20164860
20170083
20175307
20180532
20185758
20190984
20196211
20201439
20206668
20211898
20217129
20222361
20227594
20232827
20238060
20243294
20248528
20253763
20258998
20264233
20269469
20274705
20279942
20285180
20290419
20295657
20300896
20306135
20311374
20316614
20321855
20327097
20332340
20337584
20342829
20348075
20353322
20358570
20363819
20369068
20374317
20379566
20384816
20390066
20395316
20400567
20405819
20411071
20416323
20421576
20426830
20432084
20437339
20442594
20447850
20453107
20458365
20463624
20468884
20474145
20479407
20484670
20489934
20495199
20500465
20505732
20511000
20516269
20521539
20526810
20532082
20537354
20542627
20547901
20553175
20558449
20563723
20568998
20574274
20579551
20584828
20590106
20595384
20600663
20605943
20611224
20616504
20621784
20627064
20632344
20637625
20642906
20648187
20653468
20658750
20664033
20669317
20674602
20679888
20685175
20690463
20695752
20701042
20706333
20711624
20716916
20722209
20727503
20732798
20738094
20743390
20748686
20753983
20759280
20764578
20769877
20775177
20780478
20785780
20791083
20796387
20801692
20806998
20812304
20817610
20822917
20828225
20833534
20838844
20844155
20849467
20854780
20860094
20865409
20870725
20876042
20881359
20886677
20891996
20897315
20902635
20907956
20913278
20918601
20923925
20929250
20934576
20939903
20945231
20950560
20955890
20961221
20966552
20971884
20977217
20982551
20987885
20993220
20998554
21003888
21009222
21014557
21019893
21025230
21030568
21035907
21041246
21046585
21051925
21057266
21062608
21067951
21073294
21078638
21083983
21089329
21094676
21100024
21105373
21110722
21116072
21121423
21126774
21132126
21137479
21142833
21148188
21153544
21158900
21164256
21169613
21174971
21180329
21185688
21191047
21196407
21201768
21207129
21212490
21217852
21223215
21228578
21233941
21239305
21244670
21250036
21255403
21260771
21266140
21271508
21276877
21282247
21287618
21292990
21298363
21303737
21309112
21314486
21319861
21325237
21330614
21335992
21341370
21346749
21352129
21357509
21362890
21368272
21373655
21379038
21384422
21389806
21395191
21400576
21405962
21411349
21416737
21422126
21427515
21432905
21438296
21443688
21449080
21454472
21459865
21465258
21470652
21476046
21481441
21486837
21492234
21497632
21503031
21508430
21513830
21519230
21524631
21530033
21535436
21540840
21546245
21551651
21557057
21562464
21567872
21573281
21578691
21584102
21589514
21594925
21600337
21605750
21611164
21616579
21621994
21627410
21632827
21638245
21643664
21649083
21654503
21659924
21665345
21670766
21676187
21681608
21687030
21692453
21697877
21703301
21708726
21714151
21719576
21725001
21730426
21735852
21741278
21746705
21752132
21757560
21762989
21768419
21773850
21779281
21784713
21790146
21795580
21801015
21806451
21811888
21817326
21822764
21828202
21833641
21839080
21844520
21849961
21855402
21860844
21866286
21871729
21877172
21882616
21888061
21893506
21898952
21904398
21909845
21915292
21920740
21926189
21931639
21937090
21942542
21947995
21953447
21958899
21964352
21969806
21975261
21980717
21986174
21991631
21997089
22002548
22008007
22013467
22018927
22024387
22029848
22035308
22040769
22046230
22051692
22057155
22062619
22068084
22073549
22079015
22084482
22089950
22095418
22100887
22106357
22111827
22117297
22122767
22128237
22133708
22139180
22144653
22150126
22155600
22161075
22166550
22172026
22177503
22182981
22188460
22193939
22199418
22204897
22210377
22215858
22221340
22226822
22232304
22237787
22243271
22248755
22254240
22259726
22265212
22270698
22276185
22281673
22287162
22292652
22298143
22303635
22309127
22314619
22320112
22325606
22331101
22336597
22342094
22347592
22353091
22358589
22364088
22369588
22375088
22380589
22386091
22391593
22397096
22402600
22408105
22413611
22419118
22424626
22430134
22435643
22441153
22446664
22452175
22457687
22463200
22468714
22474229
22479743
22485257
22490772
22496287
22501803
22507318
22512834
22518351
22523867
22529383
22534900
22540417
22545935
22551453
22556972
22562491
22568011
22573532
22579054
22584577
22590101
22595626
22601152
22606679
22612207
22617736
22623265
22628794
22634323
22639853
22645382
22650911
22656441
22661972
22667504
22673037
22678571
22684106
22689642
22695179
22700716
22706254
22711792
22717331
22722871
22728412
22733954
22739496
22745039
22750583
22756127
22761672
22767218
22772765
22778313
22783862
22789412
22794963
22800515
22806068
22811621
22817174
22822727
22828281
22833834
22839388
22844943
22850499
22856056
22861614
22867173
22872732
22878292
22883852
22889412
22894973
22900535
22906098
22911662
22917227
22922791
22928355
22933920
22939485
22945051
22950617
22956183
22961749
22967316
22972883
22978451
22984020
22989590
22995161
23000733
23006305
23011877
23017450
23023024
23028598
23034173
23039749
23045326
23050903
23056481
23062060
23067640
23073220
23078801
23084383
23089966
23095550
23101134
23106719
23112305
23117892
23123478
23129065
23134651
23140238
23145824
23151411
23156999
23162588
23168178
23173769
23179361
23184954
23190547
23196140
23201734
23207329
23212925
23218522
23224119
23229716
23235314
23240913
23246512
23252112
23257713
23263315
23268918
23274521
23280125
23285729
23291334
23296940
23302545
23308151
23313758
23319366
23324974
23330582
23336191
23341799
23347407
23353016
23358625
23364235
23369846
23375458
23381070
23386683
23392297
23397911
23403526
23409141
23414757
23420374
23425991
23431609
23437227
23442846
23448466
23454085
23459705
23465325
23470946
23476567
23482188
23487810
23493433
23499057
23504682
23510308
23515935
23521563
23527192
23532820
23538449
23544078
23549708
23555339
23560970
23566602
23572234
23577866
23583499
23589132
23594766
23600400
23606035
23611671
23617308
23622946
23628585
23634224
23639864
23645503
23651143
23656784
23662426
23668068
23673710
23679353
23684997
23690642
23696288
23701934
23707580
23713227
23718875
23724523
23730172
23735822
23741472
23747123
23752775
23758426
23764078
23769730
23775383
23781037
23786691
23792346
23798002
23803658
23809315
23814973
23820630
23826288
23831946
23837605
23843265
23848926
23854588
23860251
23865915
23871580
23877246
23882913
23888581
23894249
23899918
23905588
23911257
23916927
23922598
23928270
23933943
23939617
23945291
23950966
23956641
23962317
23967992
23973667
23979343
23985020
23990698
23996376
24002055
24007735
24013416
24019097
24024779
24030462
24036146
24041831
24047517
24053204
24058891
24064579
24070268
24075958
24081648
24087339
24093030
24098721
24104413
24110105
24115798
24121492
24127186
24132880
24138575
24144270
24149965
24155660
24161355
24167051
24172748
24178445
24184143
24189842
24195542
24201242
24206942
24212643
24218344
24224046
24229749
24235453
24241157
24246862
24252568
24258275
24263982
24269690
24275399
24281107
24286816
24292526
24298236
24303947
24309659
24315372
24321086
24326800
24332515
24338231
24343948
24349666
24355384
24361103
24366823
24372543
24378264
24383986
24389709
24395433
24401158
24406884
24412611
24418339
24424067
24429796
24435525
24441255
24446985
24452716
24458447
24464179
24469912
24475645
24481379
24487112
24492845
24498579
24504314
24510049
24515785
24521520
24527256
24532992
24538729
24544467
24550206
24555946
24561687
24567429
24573172
24578916
24584661
24590405
24596150
24601896
24607643
24613391
24619140
24624890
24630641
24636393
24642145
24647897
24653650
24659403
24665157
24670912
24676668
24682423
24688179
24693936
24699694
24705453
24711213
24716974
24722736
24728499
24734263
24740028
24745794
24751561
24757329
24763098
24768868
24774637
24780406
24786176
24791947
24797719
24803491
24809263
24815036
24820810
24826585
24832360
24838136
24843912
24849689
24855467
24861246
24867026
24872807
24878589
24884371
24890153
24895936
24901718
24907501
24913284
24919068
24924853
24930639
24936426
24942214
24948003
24953793
24959584
24965376
24971169
24976963
24982758
24988554
24994351
25000147
25005944
25011741
25017539
25023338
25029138
25034939
25040741
25046544
25052347
25058150
25063954
25069758
25075563
25081368
25087174
25092980
25098787
25104595
25110404
25116214
25122024
25127835
25133647
25139460
25145274
25151089
25156905
25162722
25168540
25174359
25180178
25185998
25191818
25197639
25203461
25209282
25215104
25220926
25226748
25232571
25238395
25244219
25250044
25255870
25261697
25267525
25273353
25279181
25285010
25290839
25296668
25302498
25308329
25314161
25319994
25325828
25331663
25337499
25343336
25349174
25355011
25360849
25366688
25372528
25378368
25384208
25390048
25395889
25401730
25407571
25413413
25419255
25425098
25430942
25436787
25442633
25448479
25454326
25460174
25466023
25471872
25477722
25483573
25489425
25495278
25501132
25506986
25512841
25518697
25524552
25530407
25536263
25542120
25547977
25553835
25559694
25565554
25571415
25577277
25583140
25589004
25594868
25600733
25606599
25612466
25618334
25624203
25630072
25635942
25641813
25647684
25653556
25659429
25665302
25671176
25677051
25682927
25688804
25694682
25700561
25706440
25712320
25718201
25724081
25729962
25735843
25741724
25747605
25753487
25759369
25765251
25771133
25777016
25782900
25788784
25794669
25800554
25806440
25812326
25818213
25824101
25829990
25835880
25841770
25847660
25853551
25859443
25865336
25871230
25877125
25883021
25888916
25894812
25900708
25906605
25912503
25918402
25924302
25930201
25936101
25942000
25947900
25953800
25959701
25965603
25971506
25977410
25983315
25989220
25995126
26001033
26006941
26012850
26018759
26024669
26030580
26036491
26042403
26048315
26054228
26060142
26066057
26071973
26077890
26083807
26089725
26095644
26101564
26107485
26113407
26119330
26125253
26131177
26137102
26143027
26148953
26154879
26160806
26166734
26172663
26178593
26184524
26190455
26196387
26202320
26208254
26214189
26220125
26226061
26231998
26237936
26243875
26249815
26255756
26261698
26267641
26273585
26279529
26285474
26291420
26297367
26303315
26309263
26315211
26321160
26327110
26333061
26339012
26344963
26350915
26356868
26362822
26368777
26374732
26380687
26386642
26392598
26398553
26404509
26410465
26416422
26422379
26428337
26434295
26440254
26446212
26452171
26458130
26464090
26470050
26476011
26481973
26487936
26493900
26499864
26505829
26511795
26517762
26523730
26529699
26535669
26541639
26547610
26553582
26559554
26565526
26571499
26577473
26583448
26589424
26595400
26601377
26607355
26613334
26619314
26625294
26631275
26637255
26643235
26649216
26655198
26661181
26667164
26673148
26679133
26685118
26691104
26697091
26703079
26709068
26715057
26721046
26727036
26733027
26739019
26745012
26751005
26756998
26762991
26768984
26774978
26780971
26786965
26792960
26798956
26804953
26810951
26816950
26822948
26828947
26834946
26840945
26846945
26852946
26858948
26864951
26870955
26876960
26882966
26888973
26894980
26900988
26906997
26913007
26919017
26925028
26931039
26937051
26943063
26949076
26955090
26961105
26967121
26973137
26979153
26985170
26991186
26997203
27003221
27009240
27015260
27021280
27027301
27033323
27039346
27045370
27051394
27057418
27063443
27069469
27075496
27081524
27087552
27093581
27099611
27105642
27111674
27117706
27123738
27129771
27135805
27141840
27147876
27153913
27159950
27165988
27172027
27178066
27184106
27190147
27196189
27202231
27208273
27214315
27220358
27226402
27232447
27238493
27244540
27250588
27256636
27262685
27268735
27274786
27280836
27286886
27292936
27298987
27305038
27311090
27317142
27323195
27329249
27335303
27341357
27347412
27353468
27359525
27365583
27371642
27377702
27383763
27389825
27395887
27401948
27408010
27414072
27420134
27426196
27432258
27438321
27444383
27450446
27456510
27462575
27468641
27474706
27480771
27486837
27492904
27498972
27505040
27511109
27517178
27523247
27529317
27535388
27541460
27547533
27553606
27559680
27565755
27571829
27577904
27583979
27590055
27596130
27602205
27608281
27614357
27620434
27626512
27632590
27638669
27644749
27650829
27656910
27662992
27669075
27675158
27681242
27687326
27693411
27699497
27705584
27711671
27717758
27723846
27729934
27736023
27742113
27748204
27754296
27760389
27766482
27772576
27778671
27784767
27790864
27796960
27803057
27809155
27815253
27821352
27827452
27833553
27839654
27845755
27851857
27857960
27864064
27870168
27876273
27882379
27888486
27894594
27900703
27906812
27912922
27919033
27925145
27931257
27937370
27943483
27949596
27955709
27961822
27967936
27974051
27980167
27986284
27992402
27998521
28004641
28010762
28016884
28023007
28029131
28035256
28041382
28047509
28053637
28059766
28065896
28072027
28078159
28084292
28090426
28096561
28102697
28108834
28114972
28121111
28127250
28133390
28139531
28145673
28151816
28157960
28164105
28170251
28176398
28182546
28188694
28194843
28200993
28207143
28213294
28219444
28225595
28231747
28237900
28244054
28250209
28256365
28262521
28268677
28274834
28280991
28287149
28293307
28299466
28305626
28311787
28317948
28324109
28330271
28336433
28342595
28348758
28354921
28361084
28367248
28373413
28379578
28385743
28391908
28398074
28404241
28410409
28416578
28422748
28428919
28435090
28441262
28447435
28453609
28459783
28465957
28472132
28478308
28484485
28490663
28496842
28503022
28509203
28515385
28521568
28527752
28533936
28540121
28546307
28552494
28558682
28564870
28571059
28577249
28583440
28589632
28595825
28602019
28608214
28614410
28620606
28626802
28632999
28639196
28645394
28651591
28657789
28663987
28670185
28676383
28682582
28688782
28694983
28701184
28707385
28713587
28719790
28725994
28732199
28738405
28744612
28750819
28757026
28763234
28769443
28775653
28781864
28788074
28794284
28800494
28806704
28812915
28819127
28825339
28831552
28837766
28843981
28850197
