13607
23607
33608
43608
53608
63608
73608
83609
93610
103611
113612
123614
133617
143621
153626
163632
173639
183645
193652
203659
213667
223676
233686
243696
253707
263719
273732
283746
293760
303775
313790
323806
333823
343841
353860
363880
373900
383921
393941
403962
413982
424003
434024
444045
454066
464087
474109
484132
494156
504181
514206
524231
534257
544284
554310
564336
574363
584389
594416
604443
614471
624499
634527
644555
654584
664614
674644
684675
694706
704738
714769
724801
734833
744866
754898
764931
774964
784998
795033
805069
815105
825142
835180
845218
855257
865297
875338
885379
895421
905462
915504
925545
935587
945629
955672
965716
975759
985802
995846
1005891
1015937
1025984
1036030
1046076
1056122
1066169
1076216
1086263
1096311
1106360
1116409
1126458
1136508
1146559
1156611
1166662
1176713
1186765
1196818
1206872
1216925
1226979
1237034
1247090
1257147
1267205
1277263
1287322
1297381
1307441
1317502
1327562
1337623
1347683
1357744
1367805
1377866
1387928
1397991
1408054
1418117
1428181
1438245
1448310
1458376
1468443
1478511
1488578
1498645
1508713
1518781
1528849
1538918
1548986
1559055
1569125
1579194
1589263
1599333
1609404
1619476
1629548
1639621
1649695
1659770
1669846
1679922
1689998
1700074
1710150
1720227
1730305
1740384
1750462
1760540
1770618
1780696
1790775
1800853
1810931
1821010
1831089
1841168
1851247
1861327
1871406
1881486
1891566
1901647
1911728
1921809
1931891
1941974
1952058
1962143
1972228
1982314
1992400
2002486
2012573
2022661
2032750
2042840
2052931
2063022
2073113
2083205
2093298
2103392
2113486
2123581
2133677
2143774
2153872
2163970
2174068
2184167
2194267
2204366
2214465
2224565
2234666
2244767
2254869
2264971
2275074
2285178
2295283
2305388
2315493
2325598
2335704
2345809
2355915
2366021
2376128
2386234
2396341
2406448
2416555
2426663
2436772
2446882
2456993
2467105
2477218
2487330
2497443
2507555
2517668
2527781
2537894
2548008
2558122
2568237
2578353
2588468
2598584
2608700
2618816
2628933
2639051
2649170
2659290
2669411
2679531
2689652
2699774
2709897
2720021
2730145
2740268
2750392
2760516
2770640
2780764
2790888
2801013
2811139
2821266
2831393
2841520
2851648
2861776
2871905
2882033
2892162
2902291
2912420
2922550
2932680
2942810
2952941
2963073
2973205
2983338
2993472
3003606
3013740
3023874
3034008
3044142
3054276
3064410
3074545
3084679
3094813
3104948
3115083
3125219
3135356
3145493
3155630
3165768
3175906
3186044
3196183
3206323
3216464
3226605
3236747
3246890
3257034
3267179
3277325
3287472
3297620
3307768
3317917
3328067
3338217
3348366
3358516
3368666
3378816
3388967
3399119
3409271
3419424
3429578
3439732
3449886
3460040
3470194
3480349
3490504
3500660
3510815
3520971
3531128
3541284
3551440
3561597
3571753
3581910
3592068
3602227
3612386
3622546
3632707
3642868
3653030
3663193
3673355
3683518
3693682
3703847
3714012
3724177
3734342
3744508
3754675
3764843
3775012
3785182
3795352
3805523
3815694
3825866
3836037
3846209
3856382
3866554
3876727
3886899
3897072
3907245
3917418
3927591
3937765
3947940
3958115
3968290
3978466
3988643
3998820
4008998
4019177
4029356
4039536
4049717
4059898
4070080
4080261
4090443
4100625
4110808
4120992
4131177
4141362
4151548
4161735
4171922
4182110
4192298
4202487
4212676
4222865
4233055
4243245
4253436
4263628
4273821
4284014
4294208
4304403
4314597
4324791
4334986
4345182
4355379
4365575
4375772
4385970
4396169
4406368
4416568
4426768
4436969
4447171
4457374
4467576
4477778
4487980
4498183
4508386
4518589
4528792
4538996
4549200
4559405
4569611
4579816
4590021
4600227
4610433
4620640
4630848
4641057
4651265
4661473
4671681
4681889
4692098
4702308
4712519
4722730
4732942
4743155
4753369
4763584
4773800
4784016
4794233
4804449
4814665
4824881
4835098
4845315
4855533
4865751
4875970
4886189
4896409
4906629
4916848
4927068
4937287
4947507
4957727
4967947
4978167
4988388
4998608
5008828
5019048
5029269
5039489
5049710
5059930
5070151
5080372
5090593
5100815
5111038
5121262
5131487
5141713
5151940
5162167
5172394
5182622
5192851
5203081
5213312
5223544
5233775
5244007
5254240
5264473
5274707
5284942
5295176
5305410
5315645
5325881
5336118
5346356
5356594
5366832
5377070
5387308
5397546
5407785
5418025
5428264
5438504
5448745
5458987
5469230
5479474
5489719
5499965
5510211
5520458
5530705
5540953
5551202
5561452
5571702
5581952
5592203
5602454
5612705
5622956
5633207
5643458
5653709
5663961
5674212
5684464
5694716
5704969
5715223
5725477
5735732
5745987
5756243
5766499
5776756
5787013
5797270
5807527
5817784
5828041
5838298
5848555
5858813
5869072
5879332
5889593
5899855
5910117
5920380
5930642
5940905
5951169
5961433
5971698
5981964
5992229
6002494
6012759
6023024
6033290
6043556
6053823
6064090
6074357
6084624
6094892
6105161
6115431
6125700
6135970
6146240
6156510
6166781
6177053
6187324
6197595
6207866
6218138
6228411
6238685
6248958
6259232
6269507
6279783
6290059
6300336
6310613
6320889
6331165
6341442
6351718
6361994
6372271
6382547
6392824
6403101
6413378
6423656
6433934
6444213
6454493
6464774
6475056
6485338
6495620
6505903
6516186
6526470
6536755
6547041
6557327
6567613
6577900
6588188
6598476
6608764
6619052
6629341
6639631
6649921
6660211
6670502
6680794
6691087
6701380
6711674
6721969
6732265
6742562
6752860
6763158
6773456
6783755
6794053
6804352
6814651
6824951
6835252
6845554
6855857
6866161
6876466
6886772
6897077
6907382
6917688
6927995
6938302
6948610
6958919
6969229
6979540
6989852
7000165
7010479
7020794
7031109
7041425
7051742
7062060
7072379
7082699
7093020
7103340
7113660
7123981
7134303
7144626
7154948
7165270
7175592
7185915
7196238
7206561
7216885
7227210
7237536
7247863
7258191
7268520
7278850
7289181
7299513
7309846
7320180
7330513
7340847
7351181
7361516
7371852
7382188
7392525
7402862
7413199
7423536
7433873
7444211
7454548
7464886
7475224
7485562
7495900
7506238
7516576
7526914
7537252
7547590
7557928
7568266
7578604
7588942
7599280
7609618
7619956
7630294
7640632
7650971
7661311
7671651
7681992
7692334
7702677
7713019
7723361
7733703
7744046
7754388
7764731
7775074
7785417
7795760
7806104
7816447
7826791
7837135
7847479
7857824
7868169
7878515
7888862
7899209
7909556
7919904
7930253
7940602
7950951
7961300
7971649
7981998
7992348
8002697
8013047
8023396
8033745
8044095
8054444
8064794
8075144
8085494
8095844
8106194
8116545
8126896
8137248
8147601
8157953
8168305
8178658
8189011
8199364
8209718
8220073
8230429
8240786
8251143
8261500
8271858
8282217
8292577
8302937
8313298
8323659
8334020
8344382
8354743
8365105
8375468
8385832
8396197
8406563
8416930
8427298
8437667
8448036
8458406
8468777
8479149
8489522
8499895
8510269
8520643
8531017
8541391
8551766
8562141
8572516
8582891
8593266
8603642
8614018
8624394
8634771
8645149
8655528
8665907
8676286
8686666
8697047
8707427
8717807
8728188
8738570
8748951
8759333
8769715
8780098
8790481
8800865
8811248
8821632
8832017
8842403
8852790
8863177
8873565
8883952
8894339
8904727
8915115
8925503
8935891
8946279
8956668
8967056
8977444
8987832
8998220
9008609
9018997
9029386
9039775
9050165
9060554
9070944
9081333
9091723
9102113
9112503
9122893
9133284
9143675
9154067
9164460
9174854
9185249
9195644
9206040
9216437
9226835
9237234
9247634
9258035
9268437
9278840
9289242
9299645
9310049
9320454
9330858
9341263
9351669
9362076
9372483
9382891
9393300
9403708
9414117
9424526
9434936
9445347
9455759
9466172
9476586
9487000
9497415
9507831
9518248
9528665
9539083
9549501
9559920
9570339
9580759
9591178
9601598
9612019
9622440
9632862
9643285
9653707
9664129
9674552
9684976
9695401
9705827
9716254
9726682
9737111
9747540
9757970
9768400
9778830
9789261
9799692
9810124
9820555
9830986
9841418
9851850
9862283
9872717
9883150
9893583
9904017
9914451
9924886
9935322
9945759
9956197
9966634
9977072
9987510
9997948
10008386
10018824
10029262
10039701
10050141
10060582
10071024
10081465
10091906
10102347
10112789
10123230
10133672
10144115
10154558
10165002
10175447
10185891
10196336
10206781
10217226
10227672
10238119
10248567
10259014
10269462
10279911
10290361
10300811
10311261
10321711
10332162
10342614
10353067
10363520
10373974
10384428
10394883
10405338
10415793
10426249
10436705
10447162
10457619
10468077
10478535
10488994
10499454
10509915
10520377
10530840
10541304
10551768
10562233
10572698
10583163
10593629
10604095
10614560
10625026
10635492
10645958
10656424
10666890
10677356
10687823
10698290
10708758
10719227
10729696
10740166
10750636
10761107
10771579
10782052
10792524
10802997
10813470
10823944
10834419
10844895
10855371
10865847
10876324
10886802
10897281
10907761
10918242
10928724
10939206
10949688
10960171
10970655
10981139
10991624
11002110
11012597
11023084
11033572
11044060
11054549
11065039
11075529
11086019
11096509
11107000
11117492
11127984
11138477
11148969
11159462
11169955
11180448
11190942
11201436
11211931
11222427
11232924
11243422
11253921
11264421
11274921
11285422
11295923
11306424
11316925
11327427
11337930
11348433
11358937
11369441
11379945
11390450
11400956
11411462
11421969
11432476
11442984
11453492
11464001
11474510
11485019
11495529
11506040
11516552
11527065
11537579
11548093
11558607
11569122
11579637
11590153
11600670
11611187
11621705
11632224
11642744
11653265
11663787
11674309
11684831
11695354
11705878
11716403
11726927
11737452
11747978
11758505
11769031
11779558
11790085
11800613
11811142
11821672
11832201
11842730
11853260
11863790
11874321
11884852
11895383
11905915
11916448
11926982
11937517
11948053
11958590
11969128
11979667
11990207
12000748
12011288
12021829
12032371
12042914
12053458
12064003
12074548
12085093
12095638
12106183
12116729
12127276
12137824
12148371
12158919
12169468
12180018
12190568
12201119
12211669
12222220
12232772
12243324
12253877
12264431
12274984
12285538
12296092
12306647
12317203
12327760
12338318
12348875
12359433
12369991
12380550
12391110
12401671
12412232
12422793
12433355
12443918
12454482
12465045
12475608
12486172
12496737
12507303
12517870
12528438
12539007
12549577
12560147
12570718
12581289
12591860
12602431
12613002
12623574
12634147
12644721
12655295
12665869
12676444
12687020
12697595
12708171
12718748
12729326
12739905
12750485
12761064
12771644
12782225
12792807
12803388
12813970
12824552
12835134
12845716
12856298
12866880
12877463
12888047
12898631
12909215
12919799
12930384
12940968
12951553
12962139
12972726
12983314
12993903
13004492
13015082
13025673
13036265
13046858
13057451
13068045
13078638
13089232
13099827
13110423
13121019
13131616
13142212
13152809
13163406
13174004
13184602
13195200
13205798
13216397
13226997
13237597
13248197
13258798
13269398
13279999
13290600
13301202
13311805
13322409
13333014
13343620
13354226
13364833
13375440
13386048
13396655
13407263
13417872
13428482
13439092
13449703
13460315
13470928
13481542
13492157
13502772
13513388
13524005
13534621
13545237
13555853
13566469
13577086
13587704
13598322
13608939
13619557
13630175
13640793
13651412
13662032
13672652
13683273
13693895
13704518
13715141
13725764
13736387
13747010
13757634
13768259
13778885
13789512
13800140
13810768
13821397
13832026
13842656
13853286
13863915
13874545
13885175
13895805
13906435
13917065
13927696
13938328
13948961
13959593
13970225
13980858
13991490
14002122
14012755
14023387
14034020
14044654
14055289
14065925
14076562
14087199
14097837
14108474
14119112
14129750
14140389
14151027
14161666
14172305
14182944
14193584
14204224
14214865
14225507
14236150
14246792
14257435
14268078
14278722
14289365
14300009
14310653
14321298
14331943
14342589
14353235
14363882
14374530
14385179
14395829
14406479
14417130
14427782
14438433
14449085
14459738
14470392
14481047
14491702
14502358
14513015
14523673
14534332
14544992
14555653
14566314
14576974
14587634
14598295
14608956
14619617
14630278
14640939
14651600
14662261
14672923
14683584
14694246
14704908
14715571
14726234
14736898
14747563
14758229
14768896
14779564
14790232
14800900
14811568
14822237
14832907
14843578
14854250
14864922
14875594
14886267
14896939
14907612
14918285
14928958
14939631
14950305
14960978
14971651
14982325
14992999
15003673
15014348
15025024
15035699
15046374
15057050
15067727
15078403
15089079
15099756
15110433
15121111
15131790
15142470
15153151
15163832
15174514
15185195
15195876
15206558
15217241
15227925
15238609
15249294
15259980
15270666
15281352
15292038
15302724
15313411
15324099
15334785
15345472
15356159
15366846
15377534
15388221
15398909
15409597
15420285
15430973
15441661
15452349
15463038
15473728
15484419
15495109
15505800
15516491
15527183
15537874
15548566
15559258
15569951
15580645
15591340
15602035
15612731
15623428
15634125
15644823
15655522
15666222
15676923
15687625
15698327
15709029
15719732
15730435
15741139
15751844
15762549
15773254
15783960
15794667
15805375
15816083
15826792
15837502
15848213
15858923
15869634
15880346
15891059
15901772
15912486
15923201
15933917
15944633
15955350
15966068
15976787
15987507
15998228
16008949
16019671
16030394
16041118
16051843
16062568
16073294
16084021
16094748
16105475
16116202
16126930
16137659
16148389
16159120
16169852
16180584
16191317
16202051
16212786
16223522
16234259
16244997
16255734
16266472
16277210
16287948
16298687
16309427
16320167
16330907
16341648
16352388
16363128
16373868
16384609
16395350
16406092
16416834
16427575
16438317
16449059
16459801
16470543
16481285
16492027
16502769
16513512
16524256
16535000
16545745
16556489
16567234
16577980
16588727
16599475
16610222
16620970
16631719
16642469
16653219
16663970
16674721
16685472
16696224
16706977
16717731
16728486
16739242
16749999
16760757
16771516
16782276
16793035
16803794
16814554
16825315
16836077
16846839
16857601
16868364
16879128
16889893
16900659
16911425
16922192
16932960
16943729
16954499
16965270
16976041
16986813
16997584
17008356
17019128
17029901
17040674
17051447
17062220
17072994
17083769
17094545
17105322
17116099
17126877
17137656
17148436
17159217
17169999
17180781
17191563
17202345
17213127
17223910
17234692
17245474
17256257
17267040
17277824
17288607
17299390
17310173
17320957
17331742
17342528
17353315
17364102
17374889
17385676
17396463
17407251
17418040
17428830
17439621
17450412
17461204
17471996
17482788
17493580
17504372
17515165
17525959
17536754
17547550
17558346
17569143
17579940
17590738
17601536
17612335
17623134
17633934
17644735
17655537
17666338
17677140
17687942
17698744
17709546
17720349
17731152
17741955
17752759
17763564
17774369
17785174
17795979
17806784
17817590
17828396
17839203
17850011
17860820
17871628
17882437
17893247
17904057
17914868
17925680
17936492
17947303
17958114
17968926
17979738
17990549
18001361
18012172
18022984
18033796
18044608
18055420
18066232
18077045
18087858
18098671
18109484
18120297
18131111
18141925
18152739
18163554
18174368
18185183
18195999
18206816
18217634
18228452
18239271
18250090
18260910
18271731
18282551
18293372
18304194
18315016
18325839
18336662
18347486
18358311
18369137
18379962
18390788
18401615
18412442
18423270
18434098
18444926
18455755
18466584
18477414
18488245
18499077
18509910
18520741
18531573
18542405
18553237
18564069
18574902
18585735
18596568
18607401
18618234
18629068
18639903
18650738
18661574
18672411
18683249
18694087
18704926
18715766
18726607
18737449
18748292
18759136
18769981
18780825
18791669
18802514
18813359
18824205
18835051
18845898
18856745
18867592
18878440
18889288
18900137
18910986
18921836
18932686
18943537
18954389
18965242
18976095
18986948
18997802
19008656
19019511
19030367
19041223
19052080
19062938
19073796
19084655
19095513
19106372
19117232
19128093
19138954
19149816
19160677
19171539
19182401
19193264
19204128
19214991
19225854
19236718
19247582
19258446
19269311
19280177
19291044
19301912
19312780
19323649
19334519
19345390
19356262
19367135
19378008
19388881
19399755
19410630
19421506
19432383
19443261
19454140
19465020
19475899
19486779
19497659
19508540
19519420
19530301
19541182
19552064
19562947
19573829
19584712
19595596
19606480
19617364
19628248
19639132
19650016
19660900
19671785
19682671
19693558
19704446
19715335
19726225
19737114
19748004
19758895
19769785
19780675
19791565
19802455
19813346
19824236
19835126
19846017
19856908
19867799
19878690
19889581
19900473
19911366
19922260
19933155
19944051
19954947
19965844
19976741
19987639
19998538
20009438
20020339
20031241
20042144
20053046
20063949
20074851
20085754
20096657
20107560
20118464
20129368
20140273
20151177
20162082
20172987
20183892
20194797
20205703
20216609
20227515
20238422
20249329
20260236
20271144
20282052
20292961
20303870
20314779
20325689
20336599
20347509
20358420
20369332
20380244
20391156
20402068
20412981
20423895
20434810
20445725
20456640
20467555
20478471
20489388
20500306
20511225
20522145
20533065
20543986
20554908
20565831
20576754
20587678
20598603
20609528
20620454
20631380
20642307
20653235
20664162
20675090
20686018
20696947
20707876
20718806
20729737
20740668
20751600
20762533
20773467
20784402
20795336
20806270
20817205
20828140
20839075
20850010
20860946
20871881
20882816
20893751
20904686
20915622
20926559
20937497
20948435
20959374
20970313
20981252
20992191
21003130
21014069
21025009
21035950
21046892
21057834
21068777
21079721
21090666
21101612
21112558
21123504
21134451
21145399
21156346
21167294
21178242
21189191
21200141
21211092
21222043
21232995
21243948
21254902
21265857
21276812
21287768
21298724
21309681
21320638
21331596
21342554
21353512
21364471
21375431
21386392
21397354
21408317
21419281
21430246
21441211
21452177
21463144
21474112
21485080
21496049
21507019
21517990
21528962
21539933
21550905
21561876
21572848
21583820
21594793
21605765
21616738
21627712
21638686
21649660
21660635
21671610
21682585
21693561
21704537
21715514
21726491
21737468
21748445
21759423
21770402
21781382
21792363
21803344
21814326
21825308
21836290
21847272
21858254
21869237
21880220
21891203
21902186
21913169
21924152
21935135
21946118
21957101
21968084
21979068
21990051
22001034
22012018
22023002
22033987
22044971
22055955
22066940
22077925
22088910
22099896
22110883
22121871
22132859
22143848
22154838
22165829
22176819
22187810
22198801
22209793
22220785
22231778
22242771
22253765
22264760
22275754
22286749
22297744
22308740
22319736
22330733
22341730
22352727
22363724
22374721
22385718
22396716
22407715
22418715
22429715
22440715
22451716
22462718
22473721
22484725
22495730
22506734
22517739
22528744
22539748
22550753
22561757
22572762
22583766
22594771
22605776
22616781
22627786
22638791
22649796
22660802
22671808
22682814
22693820
22704826
22715833
22726839
22737845
22748851
22759857
22770864
22781871
22792878
22803886
22814894
22825902
22836911
22847920
22858928
22869937
22880946
22891955
22902964
22913973
22924982
22935991
22947000
22958010
22969020
22980031
22991042
23002053
23013064
23024075
23035087
23046098
23057109
23068121
23079132
23090143
23101155
23112168
23123182
23134196
23145211
23156227
23167244
23178262
23189281
23200300
23211319
23222338
23233357
23244377
23255397
23266418
23277440
23288463
23299487
23310512
23321538
23332565
23343593
23354620
23365647
23376675
23387703
23398732
23409762
23420793
23431823
23442854
23453885
23464917
23475948
23486979
23498011
23509043
23520075
23531108
23542142
23553177
23564213
23575250
23586288
23597327
23608365
23619403
23630441
23641480
23652520
23663561
23674602
23685644
23696687
23707731
23718775
23729818
23740861
23751905
23762949
23773993
23785037
23796082
23807127
23818173
23829219
23840266
23851314
23862361
23873408
23884455
23895503
23906551
23917599
23928647
23939696
23950746
23961797
23972849
23983902
23994956
24006011
24017067
24028123
24039179
24050235
24061292
24072350
24083409
24094469
24105530
24116592
24127655
24138719
24149783
24160848
24171914
24182981
24194049
24205118
24216187
24227256
24238325
24249395
24260466
24271538
24282611
24293684
24304757
24315830
24326903
24337976
24349050
24360124
24371199
24382275
24393352
24404429
24415506
24426583
24437661
24448738
24459816
24470893
24481970
24493048
24504125
24515203
24526280
24537358
24548436
24559514
24570592
24581671
24592749
24603828
24614907
24625986
24637066
24648145
24659225
24670305
24681386
24692468
24703551
24714635
24725718
24736802
24747886
24758970
24770054
24781138
24792223
24803309
24814396
24825484
24836572
24847660
24858749
24869837
24880926
24892015
24903105
24914196
24925288
24936379
24947471
24958563
24969656
24980750
24991844
25002939
25014035
25025132
25036229
25047327
25058426
25069526
25080625
25091724
25102824
25113924
25125025
25136127
25147230
25158334
25169438
25180543
25191649
25202756
25213864
25224972
25236081
25247191
25258301
25269411
25280521
25291632
25302744
25313856
25324968
25336080
25347192
25358305
25369419
25380534
25391650
25402767
25413885
25425004
25436124
25447244
25458365
25469486
25480608
25491730
25502852
25513974
25525096
25536219
25547342
25558465
25569588
25580712
25591837
25602962
25614088
25625215
25636341
25647468
25658594
25669721
25680849
25691976
25703103
25714231
25725359
25736488
25747618
25758749
25769880
25781012
25792144
25803277
25814411
25825544
25836678
25847812
25858946
25870080
25881214
25892349
25903484
25914620
25925755
25936891
25948028
25959166
25970303
25981441
25992580
26003720
26014859
26025998
26037137
26048276
26059416
26070557
26081699
26092842
26103986
26115131
26126277
26137424
26148572
26159720
26170869
26182018
26193168
26204319
26215470
26226621
26237772
26248923
26260075
26271227
26282379
26293531
26304683
26315836
26326989
26338142
26349295
26360448
26371601
26382755
26393908
26405061
26416215
26427369
26438523
26449678
26460834
26471991
26483147
26494303
26505459
26516616
26527773
26538931
26550090
26561248
26572407
26583567
26594728
26605888
26617049
26628210
26639372
26650535
26661699
26672863
26684027
26695192
26706358
26717525
26728693
26739862
26751032
26762202
26773373
26784545
26795718
26806892
26818066
26829241
26840417
26851594
26862770
26873947
26885124
26896302
26907480
26918659
26929839
26941018
26952197
26963377
26974557
26985738
26996919
27008100
27019281
27030463
27041645
27052828
27064012
27075197
27086382
27097566
27108750
27119935
27131120
27142305
27153490
27164675
27175860
27187046
27198232
27209418
27220604
27231790
27242976
27254163
27265350
27276537
27287724
27298912
27310101
27321291
27332482
27343674
27354865
27366057
27377248
27388440
27399632
27410824
27422017
27433211
27444404
27455598
27466793
27477987
27489181
27500376
27511572
27522768
27533964
27545161
27556358
27567556
27578755
27589954
27601154
27612355
27623556
27634756
27645957
27657158
27668359
27679561
27690763
27701965
27713167
27724370
27735574
27746779
27757984
27769190
27780396
27791602
27802809
27814016
27825222
27836428
27847634
27858840
27870046
27881252
27892459
27903665
27914872
27926079
27937286
27948493
27959701
27970909
27982117
27993325
28004533
28015741
28026949
28038158
28049368
28060579
28071790
28083002
28094215
28105428
28116641
28127855
28139070
28150286
28161503
28172720
28183938
28195156
28206375
28217595
28228816
28240038
28251261
28262485
28273710
28284935
28296160
28307385
28318611
28329837
28341063
28352290
28363517
28374745
28385974
28397204
28408434
28419665
28430896
28442127
28453358
28464589
28475820
28487051
28498282
28509513
28520744
28531975
28543206
28554437
28565668
28576899
28588130
28599362
28610593
28621825
28633056
28644288
28655520
28666752
28677984
28689216
28700448
28711680
28722912
28734145
28745378
28756612
28767847
28779082
28790317
28801553
28812790
28824028
28835265
28846503
28857742
28868980
28880218
28891457
28902695
28913934
28925173
28936412
28947651
28958891
28970132
28981373
28992614
29003856
29015098
29026341
29037584
29048828
29060073
29071318
29082564
29093811
29105058
29116306
29127554
29138803
29150052
29161302
29172553
29183804
29195055
29206306
29217557
29228808
29240059
29251311
29262564
29273818
29285073
29296329
29307586
29318843
29330101
29341360
29352620
29363881
29375143
29386405
29397668
29408932
29420197
29431462
29442727
29453993
29465259
29476526
29487794
29499061
29510329
29521597
29532866
29544136
29555407
29566678
29577950
29589223
29600496
29611770
29623044
29634318
29645593
29656869
29668145
29679422
29690700
29701979
29713259
29724540
29735822
29747105
29758389
29769674
29780960
29792247
29803534
29814821
29826109
29837398
29848686
29859974
29871263
29882553
29893844
29905136
29916429
29927723
29939018
29950312
29961606
29972901
29984196
29995491
30006787
30018083
30029379
30040676
30051973
30063271
30074569
30085868
30097167
30108467
30119768
30131069
30142371
30153673
30164976
30176280
30187584
30198888
30210192
30221496
30232800
30244104
30255408
30266713
30278017
30289322
30300627
30311933
30323238
30334544
30345851
30357159
30368468
30379778
30391089
30402399
30413709
30425020
30436331
30447642
30458954
30470267
30481581
30492896
30504211
30515527
30526842
30538158
30549474
30560791
30572109
30583428
30594747
30606067
30617388
30628709
30640031
30651352
30662673
30673994
30685316
30696638
30707961
30719284
30730608
30741931
30753255
30764579
30775903
30787227
30798551
30809876
30821202
30832528
30843853
30855179
30866505
30877831
30889158
30900486
30911815
30923145
30934476
30945807
30957139
30968472
30979806
30991141
31002477
31013813
31025149
31036486
31047823
31059161
31070499
31081837
31093175
31104513
31115852
31127192
31138533
31149874
31161215
31172556
31183897
31195238
31206579
31217920
31229262
31240604
31251946
31263288
31274630
31285972
31297315
31308657
31320000
31331344
31342688
31354032
31365377
31376721
31388065
31399410
31410755
31422101
31433447
31444794
31456141
31467489
31478838
31490188
31501539
31512891
31524244
31535598
31546951
31558305
31569660
31581016
31592371
31603727
31615083
31626440
31637796
31649153
31660510
31671867
31683224
31694581
31705939
31717296
31728653
31740010
31751368
31762726
31774084
31785443
31796803
31808164
31819524
31830884
31842244
31853604
31864965
31876326
31887688
31899049
31910411
31921773
31933135
31944497
31955860
31967224
31978589
31989955
32001322
32012689
32024056
32035424
32046791
32058159
32069527
32080896
32092265
32103634
32115004
32126373
32137743
32149114
32160484
32171855
32183226
32194598
32205971
32217344
32228718
32240092
32251467
32262843
32274218
32285593
32296968
32308344
32319720
32331096
32342473
32353849
32365226
32376604
32387983
32399363
32410744
32422125
32433507
32444889
32456271
32467654
32479038
32490421
32501805
32513189
32524574
32535960
32547347
32558734
32570122
32581509
32592897
32604284
32615672
32627060
32638448
32649836
32661225
32672615
32684006
32695398
32706791
32718184
32729578
32740971
32752365
32763759
32775154
32786550
32797946
32809343
32820740
32832138
32843537
32854935
32866334
32877734
32889135
32900537
32911940
32923344
32934748
32946153
32957559
32968965
32980372
32991780
33003189
33014599
33026010
33037421
33048832
33060244
33071657
33083070
33094484
33105898
33117313
33128727
33140142
33151558
33162975
33174393
33185811
33197230
33208650
33220069
33231488
33242907
33254326
33265745
33277165
33288585
33300005
33311425
33322846
33334266
33345686
33357106
33368526
33379947
33391369
33402792
33414216
33425640
33437065
33448490
33459915
33471340
33482765
33494190
33505615
33517041
33528468
33539895
33551323
33562751
33574179
33585608
33597038
33608467
33619897
33631327
33642757
33654187
33665618
33677050
33688483
33699917
33711352
33722788
33734225
33745662
33757099
33768536
33779973
33791411
33802850
33814290
33825730
33837170
33848611
33860052
33871494
33882937
33894380
33905824
33917268
33928713
33940159
33951605
33963051
33974497
33985943
33997390
34008837
34020284
34031730
34043177
34054624
34066071
34077519
34088966
34100413
34111861
34123309
34134758
34146208
34157659
34169110
34180562
34192015
34203469
34214924
34226379
34237835
34249291
34260747
34272204
34283662
34295120
34306579
34318039
34329499
34340960
34352422
34363883
34375345
34386807
34398270
34409733
34421195
34432657
34444119
34455581
34467044
34478506
34489969
34501432
34512894
34524357
34535820
34547283
34558746
34570209
34581672
34593135
34604598
34616062
34627525
34638989
34650453
34661917
34673381
34684846
34696311
34707777
34719242
34730708
34742174
34753640
34765106
34776573
34788040
34799508
34810977
34822447
34833916
34845386
34856857
34868329
34879802
34891276
34902751
34914226
34925701
34937176
34948651
34960127
34971603
34983080
34994558
35006035
35017513
35028992
35040471
35051951
35063432
35074914
35086395
35097877
35109360
35120844
35132329
35143814
35155299
35166784
35178269
35189755
35201240
35212726
35224212
35235699
35247187
35258675
35270164
35281654
35293145
35304637
35316129
35327621
35339114
35350607
35362100
35373594
35385088
35396583
35408078
35419574
35431071
35442567
35454064
35465562
35477060
35488557
35500055
35511553
35523051
35534549
35546048
35557547
35569046
35580546
35592046
35603547
35615049
35626552
35638056
35649561
35661065
35672570
35684076
35695583
35707091
35718599
35730108
35741618
35753127
35764637
35776147
35787658
35799170
35810683
35822197
35833711
35845224
35856738
35868252
35879766
35891280
35902795
35914310
35925826
35937343
35948861
35960380
35971900
35983421
35994942
36006463
36017985
36029508
36041031
36052554
36064078
36075601
36087125
36098650
36110175
36121700
36133226
36144753
36156280
36167806
36179332
36190859
36202386
36213913
36225440
36236967
36248495
36260023
36271552
36283081
36294611
36306140
36317669
36329199
36340728
36352258
36363788
36375318
36386849
36398381
36409914
36421448
36432982
36444516
36456051
36467585
36479119
36490653
36502188
36513724
36525260
36536797
36548334
36559870
36571407
36582944
36594481
36606018
36617556
36629094
36640633
36652172
36663712
36675253
36686795
36698337
36709879
36721421
36732964
36744508
36756052
36767597
36779142
36790687
36802232
36813778
36825324
36836871
36848418
36859966
36871513
36883060
36894607
36906155
36917702
36929250
36940799
36952349
36963900
36975451
36987003
36998556
37010109
37021662
37033216
37044770
37056325
37067881
37079438
37090995
37102553
37114111
37125670
37137230
37148790
37160350
37171910
37183471
37195033
37206594
37218156
37229718
37241281
37252845
37264410
37275974
37287539
37299104
37310670
37322237
37333805
37345373
37356941
37368510
37380080
37391651
37403223
37414794
37426365
37437936
37449508
37461080
37472652
37484225
37495798
37507372
37518947
37530523
37542099
37553675
37565251
37576827
37588403
37599979
37611555
37623131
37634707
37646283
37657859
37669436
37681014
37692593
37704173
37715754
37727334
37738914
37750494
37762075
37773656
37785237
37796819
37808402
37819984
37831566
37843149
37854733
37866318
37877904
37889489
37901075
37912662
37924250
37935837
37947425
37959013
37970602
37982192
37993783
38005375
38016967
38028559
38040151
38051743
38063335
38074928
38086521
38098114
38109707
38121301
38132896
38144492
38156087
38167683
38179279
38190876
38202474
38214072
38225671
38237271
38248870
38260469
38272069
38283670
38295270
38306871
38318473
38330075
38341677
38353280
38364884
38376489
38388095
38399702
38411310
38422918
38434526
38446134
38457743
38469352
38480961
38492571
38504182
38515793
38527404
38539016
38550629
38562242
38573855
38585469
38597084
38608698
38620313
38631928
38643544
38655161
38666779
38678396
38690013
38701631
38713250
38724870
38736491
38748113
38759736
38771360
38782985
38794611
38806238
38817866
38829494
38841122
38852751
38864381
38876012
38887644
38899277
38910909
38922542
38934176
38945809
38957443
38969078
38980713
38992349
39003986
39015624
39027262
39038900
39050539
39062178
39073818
39085459
39097100
39108740
39120380
39132021
39143662
39155303
39166944
39178586
39190229
39201872
39213515
39225159
39236804
39248450
39260097
39271745
39283392
39295040
39306689
39318339
39329990
39341641
39353293
39364946
39376599
39388253
39399907
39411562
39423217
39434872
39446527
39458182
39469838
39481493
39493149
39504805
39516461
39528118
39539776
39551435
39563094
39574753
39586413
39598072
39609731
39621391
39633050
39644710
39656371
39668031
39679691
39691352
39703012
39714673
39726334
39737996
39749659
39761323
39772988
39784653
39796319
39807986
39819654
39831323
39842993
39854663
39866334
39878006
39889679
39901352
39913026
39924701
39936377
39948053
39959730
39971407
39983085
39994763
40006442
40018121
40029800
40041480
40053161
40064842
40076524
40088205
40099887
40111570
40123254
40134938
40146623
40158309
40169996
40181684
40193372
40205061
40216751
40228442
40240133
40251825
40263517
40275209
40286901
40298593
40310286
40321980
40333673
40345367
40357061
40368756
40380452
40392149
40403845
40415542
40427239
40438937
40450635
40462333
40474031
40485729
40497427
40509125
40520824
40532524
40544224
40555924
40567625
40579327
40591030
40602734
40614439
40626143
40637848
40649554
40661261
40672969
40684678
40696386
40708095
40719805
40731514
40743224
40754935
40766647
40778360
40790074
40801789
40813505
40825221
40836937
40848653
40860369
40872086
40883804
40895522
40907241
40918961
40930682
40942404
40954127
40965851
40977575
40989300
41001024
41012749
41024474
41036198
41047923
41059648
41071373
41083099
41094826
41106554
41118283
41130013
41141744
41153476
41165209
41176941
41188673
41200406
41212138
41223871
41235605
41247340
41259076
41270811
41282546
41294281
41306017
41317753
41329489
41341225
41352961
41364697
41376433
41388169
41399905
41411642
41423379
41435117
41446856
41458596
41470337
41482078
41493820
41505563
41517307
41529050
41540794
41552538
41564282
41576027
41587771
41599516
41611262
41623009
41634757
41646504
41658251
41669998
41681745
41693493
41705241
41716989
41728738
41740488
41752238
41763989
41775740
41787491
41799243
41810996
41822750
41834505
41846260
41858015
41869771
41881528
41893285
41905042
41916800
41928559
41940319
41952079
41963840
41975602
41987364
41999126
42010889
42022652
42034415
42046178
42057942
42069706
42081471
42093236
42105002
42116767
42128532
42140297
42152063
42163828
42175594
42187360
42199127
42210895
42222664
42234433
42246202
42257971
42269741
42281512
42293284
42305057
42316830
42328604
42340379
42352154
42363930
42375707
42387485
42399263
42411041
42422819
42434597
42446375
42458153
42469931
42481710
42493489
42505268
42517048
42528829
42540611
42552393
42564176
42575959
42587742
42599526
42611310
42623094
42634879
42646664
42658450
42670237
42682025
42693814
42705602
42717391
42729179
42740968
42752757
42764546
42776336
42788127
42799919
42811711
42823503
42835296
42847089
42858883
42870678
42882473
42894269
42906065
42917861
42929658
42941456
42953254
42965052
42976851
42988649
43000447
43012245
43024043
43035841
43047640
43059439
43071238
43083038
43094839
43106640
43118442
43130245
43142049
43153854
43165660
43177467
43189273
43201080
43212887
43224695
43236503
43248312
43260122
43271932
43283743
43295555
43307368
43319181
43330994
43342808
43354623
43366437
43378251
43390065
43401880
43413696
43425513
43437331
43449150
43460968
43472787
43484607
43496428
43508250
43520073
43531897
43543722
43555548
43567375
43579202
43591029
43602857
43614686
43626515
43638345
43650176
43662008
43673841
43685675
43697510
43709346
43721183
43733021
43744859
43756697
43768535
43780373
43792212
43804050
43815888
43827726
43839565
43851405
43863245
43875086
43886927
43898769
43910611
43922453
43934295
43946137
43957980
43969824
43981669
43993513
44005357
44017202
44029048
44040894
44052741
44064587
44076434
44088282
44100131
44111981
44123832
44135684
44147536
44159389
44171242
44183094
44194946
44206798
44218651
44230504
44242357
44254210
44266064
44277917
44289770
44301623
44313477
44325330
44337184
44349037
44360891
44372745
44384599
44396453
44408307
44420161
44432016
44443872
44455729
44467586
44479444
44491301
44503158
44515015
44526872
44538730
44550588
44562446
44574304
44586162
44598020
44609878
44621737
44633596
44645456
44657317
44669178
44681040
44692903
44704766
44716629
44728492
44740355
44752218
44764082
44775947
44787812
44799678
44811545
44823413
44835280
44847147
44859014
44870882
44882751
44894621
44906492
44918364
44930236
44942109
44953981
44965854
44977726
44989599
45001472
45013346
45025219
45037093
45048967
45060841
45072715
45084589
45096464
45108338
45120213
45132087
45143962
45155838
45167715
45179592
45191470
45203348
45215226
45227105
45238985
45250866
45262748
45274631
45286515
45298399
45310283
45322167
45334052
45345938
45357824
45369711
45381599
45393486
45405373
45417260
45429148
45441036
45452925
45464814
45476704
45488595
45500487
45512379
45524272
45536166
45548060
45559954
45571849
45583743
45595637
45607531
45619425
45631320
45643215
45655110
45667006
45678902
45690799
45702697
45714596
45726494
45738392
45750291
45762191
45774090
45785988
45797887
45809786
45821685
45833585
45845485
45857385
45869286
45881187
45893088
45904990
45916891
45928793
45940695
45952597
45964500
45976404
45988309
46000215
46012121
46024027
46035933
46047840
46059748
46071657
46083566
46095475
46107384
46119294
46131205
46143116
46155027
46166939
46178852
46190765
46202679
46214592
46226505
46238418
46250332
46262247
46274163
46286080
46297996
46309912
46321828
46333745
46345661
46357578
46369496
46381415
46393334
46405253
46417173
46429094
46441016
46452938
46464861
46476783
46488706
46500629
46512552
46524476
46536401
46548327
46560254
46572182
46584108
46596035
46607961
46619888
46631815
46643742
46655669
46667597
46679525
46691453
46703381
46715309
46727237
46739166
46751095
46763025
46774955
46786886
46798818
46810751
46822685
46834619
46846554
46858490
46870426
46882362
46894299
46906236
46918174
46930112
46942050
46953989
46965928
46977868
46989808
47001749
47013691
47025632
47037573
47049515
47061458
47073402
47085345
47097288
47109231
47121175
47133119
47145063
47157008
47168953
47180899
47192845
47204792
47216738
47228684
47240631
47252578
47264526
47276473
47288421
47300368
47312316
47324263
47336211
47348159
47360107
47372056
47384006
47395957
47407908
47419860
47431813
47443767
47455722
47467676
47479630
47491584
47503539
47515494
47527450
47539407
47551365
47563323
47575281
47587240
47599200
47611161
47623123
47635085
47647048
47659010
47670972
47682935
47694899
47706864
47718830
47730796
47742763
47754729
47766696
47778664
47790632
47802600
47814569
47826539
47838510
47850482
47862453
47874425
47886398
47898372
47910346
47922319
47934293
47946267
47958241
47970215
47982189
47994164
48006140
48018117
48030095
48042074
48054053
48066033
48078014
48089996
48101978
48113961
48125944
48137928
48149913
48161898
48173883
48185869
48197855
48209841
48221827
48233813
48245799
48257786
48269773
48281760
48293747
48305735
48317722
48329710
48341699
48353687
48365676
48377664
48389653
48401642
48413632
48425623
48437615
48449607
48461598
48473590
48485582
48497574
48509566
48521559
48533552
48545545
48557539
48569534
48581530
48593526
48605522
48617519
48629517
48641516
48653516
48665517
48677518
48689520
48701523
48713525
48725527
48737530
48749532
48761535
48773538
48785542
48797547
48809552
48821558
48833565
48845573
48857582
48869590
48881598
48893606
48905614
48917622
48929630
48941638
48953646
48965655
48977665
48989676
49001688
49013700
49025713
49037726
49049740
49061755
49073770
49085786
49097803
49109820
49121838
49133856
49145874
49157893
49169912
49181930
49193948
49205967
49217985
49230003
49242022
49254040
49266058
49278077
49290096
49302115
49314134
49326154
49338174
49350194
49362215
49374236
49386258
49398280
49410302
49422325
49434348
49446371
49458394
49470417
49482440
49494463
49506487
49518511
49530536
49542561
49554586
49566611
49578636
49590661
49602687
49614714
49626742
49638770
49650799
49662828
49674858
49686889
49698920
49710952
49722985
49735018
49747052
49759087
49771123
49783160
49795198
49807237
49819277
49831318
49843358
49855399
49867441
49879483
49891526
49903570
49915614
49927659
49939704
49951749
49963795
49975842
49987889
49999937
50011986
50024036
50036087
50048137
50060187
50072238
50084290
50096342
50108395
50120448
50132502
50144557
50156611
50168666
50180721
50192776
50204831
50216886
50228942
50240999
50253056
50265114
50277171
50289229
50301287
50313346
50325405
50337465
50349526
50361588
50373651
50385715
50397779
50409843
50421908
50433973
50446039
50458105
50470172
50482238
50494304
50506371
50518439
50530508
50542578
50554648
50566719
50578791
50590862
50602933
50615004
50627076
50639148
50651221
50663295
50675370
50687445
50699521
50711596
50723671
50735746
50747822
50759899
50771977
50784055
50796134
50808212
50820290
50832368
50844446
50856525
50868604
50880683
50892762
50904842
50916921
50929000
50941080
50953159
50965239
50977319
50989399
51001480
51013561
51025643
51037726
51049809
51061893
51073978
51086064
51098150
51110236
51122323
51134411
51146499
51158587
51170676
51182766
51194857
51206949
51219041
51231134
51243228
51255323
51267419
51279516
51291613
51303711
51315809
51327908
51340008
51352109
51364211
51376313
51388415
51400518
51412622
51424727
51436832
51448938
51461045
51473153
51485262
51497372
51509482
51521593
51533705
51545818
51557932
51570046
51582161
51594277
51606394
51618510
51630626
51642742
51654858
51666975
51679092
51691210
51703327
51715445
51727564
51739684
51751805
51763926
51776048
51788171
51800295
51812419
51824544
51836670
51848797
51860925
51873054
51885184
51897313
51909442
51921572
51933702
51945833
51957965
51970098
51982232
51994367
52006501
52018635
52030769
52042904
52055039
52067174
52079309
52091445
52103582
52115720
52127859
52139998
52152136
52164275
52176414
52188553
52200692
52212831
52224971
52237111
52249252
52261393
52273535
52285678
52297822
52309967
52322113
52334258
52346403
52358548
52370694
52382841
52394989
52407138
52419288
52431439
52443589
52455740
52467892
52480045
52492199
52504353
52516508
52528664
52540819
52552975
52565132
52577290
52589449
52601607
52613766
52625924
52638083
52650243
52662404
52674566
52686728
52698891
52711055
52723220
52735386
52747551
52759717
52771882
52784048
52796214
52808381
52820549
52832717
52844885
52857054
52869223
52881393
52893564
52905735
52917906
52930078
52942250
52954423
52966597
52978772
52990946
53003121
53015297
53027473
53039650
53051827
53064005
53076184
53088364
53100545
53112725
53124906
53137088
53149270
53161453
53173637
53185820
53198003
53210187
53222372
53234557
53246742
53258928
53271115
53283302
53295490
53307679
53319869
53332058
53344248
53356439
53368631
53380824
53393017
53405211
53417405
53429600
53441796
53453993
53466191
53478388
53490586
53502785
53514985
53527186
53539388
53551589
53563791
53575994
53588197
53600401
53612604
53624808
53637013
53649217
53661422
53673627
53685832
53698037
53710243
53722450
53734658
53746865
53759072
53771280
53783488
53795697
53807907
53820118
53832329
53844540
53856752
53868965
53881178
53893392
53905606
53917820
53930035
53942251
53954468
53966685
53978902
53991120
54003339
54015558
54027778
54039998
54052219
54064441
54076664
54088888
54101110
54113332
54125555
54137778
54150001
54162224
54174448
54186672
54198896
54211120
54223344
54235568
54247793
54260018
54272243
54284469
54296696
54308923
54321151
54333380
54345609
54357839
54370070
54382302
54394535
54406769
54419003
54431238
54443473
54455709
54467945
54480181
54492418
54504655
54516893
54529131
54541369
54553607
54565845
54578084
54590324
54602565
54614807
54627049
54639290
54651532
54663774
54676016
54688259
54700503
54712747
54724992
54737238
54749484
54761731
54773978
54786226
54798474
54810723
54822972
54835222
54847473
54859724
54871976
54884229
54896483
54908738
54920992
54933247
54945503
54957760
54970017
54982275
54994532
55006790
55019048
55031307
55043566
55055826
55068086
55080345
55092605
55104864
55117124
55129384
55141644
55153905
55166167
55178428
55190690
55202952
55215215
55227477
55239740
55252003
55264266
55276530
55288795
55301061
55313328
55325594
55337861
55350128
55362396
55374665
55386934
55399204
55411475
55423747
55436018
55448289
55460561
55472832
55485104
55497376
55509649
55521923
55534198
55546474
55558750
55571027
55583305
55595583
55607862
55620141
55632421
55644702
55656984
55669265
55681547
55693828
55706110
55718392
55730674
55742956
55755239
55767523
55779807
55792091
55804376
55816662
55828947
55841233
55853520
55865808
55878097
55890387
55902676
55914965
55927255
55939545
55951835
55964126
55976416
55988707
56000998
56013290
56025581
56037873
56050165
56062458
56074751
56087044
56099337
56111630
56123923
56136216
56148509
56160802
56173096
56185390
56197685
56209981
56222278
56234576
56246875
56259173
56271472
56283772
56296073
56308374
56320676
56332979
56345281
56357584
56369888
56382192
56394496
56406801
56419107
56431414
56443722
56456031
56468341
56480652
56492964
56505277
56517590
56529904
56542219
56554535
56566852
56579169
56591487
56603806
56616126
56628447
56640769
56653092
56665414
56677736
56690058
56702381
56714703
56727025
56739348
56751671
56763994
56776317
56788640
56800964
56813288
56825612
56837937
56850263
56862590
56874916
56887243
56899571
56911900
56924230
56936560
56948891
56961223
56973555
56985887
56998218
57010550
57022882
57035214
57047546
57059878
57072210
57084542
57096875
57109209
57121543
57133877
57146211
57158546
57170882
57183219
57195556
57207894
57220232
57232571
57244910
57257249
57269588
57281927
57294266
57306605
57318944
57331284
57343625
57355967
57368310
57380653
57392996
57405340
57417685
57430030
57442374
57454719
57467064
57479409
57491754
57504099
57516444
57528789
57541134
57553479
57565825
57578172
57590520
57602867
57615214
57627561
57639908
57652256
57664603
57676951
57689300
57701649
57713997
57726346
57738695
57751044
57763393
57775743
57788093
57800443
57812794
57825144
57837494
57849845
57862196
57874548
57886901
57899254
57911608
57923962
57936317
57948673
57961029
57973385
57985742
57998100
58010459
58022818
58035178
58047539
58059900
58072262
58084625
58096989
58109352
58121715
58134079
58146443
58158807
58171172
58183538
58195903
58208269
58220635
58233002
58245368
58257734
58270100
58282467
58294834
58307201
58319569
58331938
58344307
58356676
58369045
58381414
58393784
58406155
58418527
58430898
58443269
58455641
58468013
58480385
58492758
58505132
58517507
58529881
58542256
58554632
58567009
58579387
58591764
58604142
58616521
58628900
58641279
58653659
58666039
58678420
58690800
58703180
58715560
58727941
58740323
58752705
58765087
58777470
58789854
58802237
58814621
58827006
58839392
58851779
58864166
58876554
58888942
58901331
58913721
58926110
58938500
58950889
58963279
58975670
58988061
59000453
59012846
59025239
59037633
59050028
59062422
59074817
59087212
59099607
59112003
59124400
59136797
59149195
59161594
59173994
59186394
59198794
59211195
59223597
59236000
59248403
59260807
59273211
59285616
59298022
59310428
59322833
59335239
59347645
59360051
59372457
59384863
59397269
59409676
59422084
59434493
59446903
59459314
59471724
59484135
59496546
59508958
59521369
59533781
59546194
59558608
59571023
59583439
59595856
59608274
59620693
59633112
59645531
59657951
59670371
59682792
59695214
59707636
59720059
59732482
59744906
59757329
59769753
59782178
59794603
59807029
59819456
59831884
59844312
59856740
59869169
59881598
59894027
59906457
59918888
59931319
59943750
59956182
59968615
59981049
59993484
60005919
60018355
60030792
60043228
60055665
60068102
60080539
60092976
60105414
60117853
60130291
60142729
60155168
60167607
60180046
60192486
60204926
60217366
60229806
60242246
60254686
60267126
60279566
60292006
60304447
60316888
60329329
60341770
60354211
60366652
60379093
60391535
60403977
60416420
60428863
60441307
60453751
60466196
60478642
60491089
60503536
60515983
60528431
60540879
60553328
60565776
60578225
60590675
60603126
60615578
60628031
60640485
60652940
60665395
60677851
60690308
60702766
60715225
60727684
60740144
60752604
60765065
60777526
60789988
60802451
60814915
60827379
60839844
60852308
60864773
60877239
60889706
60902174
60914643
60927112
60939582
60952053
60964525
60976996
60989467
61001939
61014411
61026884
61039356
61051829
61064303
61076778
61089252
61101727
61114203
61126679
61139156
61151634
61164113
61176592
61189072
61201553
61214033
61226514
61238996
61251479
61263961
61276443
61288925
61301408
61313892
61326375
61338859
61351344
61363830
61376316
61388802
61401289
61413777
61426264
61438752
61451240
61463729
61476218
61488708
61501199
61513691
61526183
61538676
61551169
61563662
61576156
61588650
61601144
61613638
61626132
61638626
61651120
61663615
61676110
61688605
61701100
61713595
61726091
61738588
61751085
61763583
61776082
61788582
61801083
61813583
61826083
61838584
61851084
61863585
61876086
61888588
61901090
61913592
61926095
61938598
61951102
61963607
61976113
61988619
62001125
62013632
62026140
62038649
62051159
62063668
62076178
62088688
62101199
62113709
62126220
62138732
62151244
62163756
62176268
62188781
62201293
62213805
62226318
62238832
62251346
62263861
62276375
62288890
62301406
62313921
62326437
62338952
62351467
62363982
62376497
62389013
62401528
62414044
62426560
62439076
62451592
62464108
62476625
62489142
62501660
62514178
62526697
62539216
62551735
62564255
62576775
62589296
62601817
62614339
62626862
62639385
62651908
62664432
62676957
62689482
62702008
62714535
62727061
62739588
62752116
62764645
62777175
62789705
62802236
62814767
62827299
62839832
62852365
62864898
62877431
62889964
62902497
62915030
62927563
62940096
62952630
62965165
62977700
62990236
63002773
63015309
63027846
63040384
63052923
63065461
63078000
63090539
63103078
63115618
63128159
63140701
63153242
63165783
63178325
63190866
63203407
63215949
63228490
63241031
63253573
63266115
63278657
63291199
63303741
63316284
63328827
63341370
63353914
63366458
63379002
63391547
63404093
63416639
63429186
63441734
63454283
63466832
63479382
63491932
63504483
63517033
63529583
63542134
63554685
63567237
63579789
63592342
63604896
63617451
63630007
63642564
63655121
63667678
63680235
63692793
63705352
63717911
63730471
63743031
63755592
63768154
63780716
63793279
63805841
63818404
63830968
63843532
63856097
63868663
63881230
63893798
63906366
63918935
63931504
63944073
63956642
63969212
63981783
63994353
64006923
64019493
64032064
64044636
64057208
64069780
64082353
64094926
64107500
64120075
64132651
64145227
64157803
64170379
64182955
64195531
64208108
64220685
64233262
64245840
64258419
64270997
64283575
64296154
64308733
64321313
64333893
64346474
64359056
64371639
64384221
64396803
64409386
64421969
64434552
64447136
64459720
64472304
64484889
64497475
64510060
64522645
64535230
64547815
64560400
64572985
64585571
64598156
64610741
64623326
64635912
64648497
64661083
64673668
64686254
64698841
64711429
64724018
64736608
64749199
64761790
64774380
64786971
64799562
64812153
64824745
64837337
64849930
64862524
64875119
64887714
64900310
64912907
64925505
64938104
64950703
64963303
64975904
64988506
65001108
65013711
65026315
65038919
65051524
65064130
65076737
65089343
65101950
65114556
65127163
65139770
65152378
65164986
65177595
65190205
65202814
65215424
65228033
65240643
65253253
65265863
65278474
65291085
65303697
65316310
65328923
65341537
65354152
65366766
65379381
65391996
65404611
65417226
65429842
65442459
65455076
65467694
65480313
65492932
65505552
65518173
65530795
65543417
65556039
65568662
65581285
65593909
65606533
65619158
65631784
65644409
65657035
65669662
65682290
65694919
65707549
65720180
65732812
65745443
65758075
65770708
65783341
65795975
65808609
65821244
65833880
65846516
65859153
65871790
65884427
65897065
65909704
65922343
65934983
65947624
65960266
65972908
65985550
65998193
66010837
66023481
66036126
66048771
66061417
66074063
66086709
66099356
66112004
66124652
66137301
66149951
66162602
66175252
66187903
66200554
66213206
66225859
66238512
66251166
66263821
66276477
66289134
66301792
66314451
66327110
66339770
66352431
66365092
66377752
66390412
66403072
66415732
66428392
66441052
66453712
66466372
66479033
66491693
66504353
66517014
66529674
66542335
66554995
66567656
66580317
66592978
66605639
66618300
66630961
66643622
66656284
66668946
66681608
66694270
66706932
66719595
66732257
66744919
66757582
66770246
66782909
66795573
66808237
66820902
66833566
66846230
66858895
66871561
66884226
66896892
66909559
66922227
66934896
66947566
66960235
66972905
66985575
66998245
67010916
67023586
67036257
67048928
67061599
67074270
67086942
67099615
67112289
67124963
67137637
67150312
67162987
67175663
67188339
67201016
67213694
67226372
67239050
67251728
67264406
67277084
67289763
67302442
67315122
67327803
67340484
67353166
67365848
67378530
67391213
67403895
67416578
67429262
67441947
67454633
67467320
67480008
67492697
67505387
67518077
67530768
67543460
67556152
67568844
67581537
67594231
67606925
67619620
67632314
67645009
67657704
67670399
67683095
67695792
67708490
67721189
67733889
67746590
67759291
67771993
67784695
67797397
67810100
67822802
67835505
67848208
67860912
67873615
67886318
67899022
67911726
67924429
67937133
67949837
67962541
67975245
67987949
68000654
68013358
68026063
68038767
68051472
68064176
68076881
68089586
68102292
68114999
68127705
68140411
68153118
68165826
68178535
68191245
68203956
68216668
68229381
68242094
68254807
68267520
68280234
68292949
68305663
68318377
68331091
68343806
68356521
68369237
68381954
68394670
68407387
68420104
68432821
68445538
68458255
68470972
68483689
68496406
68509123
68521840
68534558
68547275
68559993
68572711
68585429
68598147
68610866
68623585
68636305
68649024
68661744
68674465
68687187
68699909
68712632
68725356
68738081
68750807
68763532
68776257
68788983
68801710
68814438
68827166
68839895
68852625
68865356
68878088
68890820
68903553
68916286
68929019
68941753
68954488
68967223
68979958
68992694
69005431
69018169
69030907
69043646
69056385
69069125
69081866
69094607
69107349
69120090
69132832
69145575
69158319
69171064
69183809
69196555
69209302
69222048
69234794
69247541
69260287
69273034
69285781
69298529
69311278
69324027
69336777
69349528
69362280
69375033
69387786
69400539
69413293
69426048
69438804
69451561
69464319
69477077
69489836
69502594
69515353
69528112
69540871
69553630
69566389
69579148
69591907
69604667
69617428
69630190
69642953
69655717
69668482
69681248
69694014
69706781
69719549
69732316
69745083
69757850
69770618
69783387
69796156
69808926
69821696
69834467
69847239
69860012
69872785
69885559
69898333
69911108
69923884
69936661
69949439
69962217
69974995
69987773
70000551
70013329
70026107
70038885
70051663
70064442
70077222
70090003
70102785
70115568
70128352
70141136
70153921
70166707
70179493
70192280
70205068
70217856
70230645
70243435
70256226
70269018
70281811
70294604
70307397
70320190
70332984
70345779
70358575
70371372
70384169
70396966
70409764
70422562
70435361
70448159
70460957
70473755
70486553
70499351
70512150
70524948
70537747
70550547
70563348
70576150
70588953
70601757
70614561
70627366
70640171
70652977
70665784
70678592
70691400
70704209
70717019
70729830
70742640
70755451
70768263
70781076
70793889
70806702
70819516
70832331
70845147
70857964
70870782
70883601
70896420
70909240
70922061
70934883
70947704
70960526
70973349
70986173
70998998
71011823
71024648
71037474
71050300
71063126
71075953
71088780
71101607
71114435
71127264
71140092
71152920
71165749
71178577
71191406
71204235
71217064
71229894
71242725
71255557
71268389
71281221
71294053
71306886
71319718
71332550
71345383
71358215
71371048
71383881
71396715
71409550
71422386
71435223
71448060
71460898
71473735
71486572
71499409
71512247
71525084
71537922
71550761
71563601
71576441
71589282
71602123
71614965
71627808
71640651
71653495
71666340
71679186
71692032
71704879
71717726
71730574
71743422
71756271
71769121
71781972
71794824
71807675
71820527
71833378
71846230
71859082
71871935
71884789
71897644
71910500
71923356
71936213
71949070
71961928
71974787
71987647
72000508
72013370
72026232
72039093
72051955
72064817
72077679
72090542
72103405
72116268
72129131
72141995
72154860
72167725
72180590
72193455
72206320
72219186
72232052
72244919
72257785
72270652
72283518
72296385
72309251
72322118
72334985
72347851
72360718
72373585
72386452
72399319
72412186
72425053
72437921
72450788
72463656
72476524
72489393
72502263
72515133
72528003
72540873
72553743
72566614
72579485
72592357
72605228
72618099
72630971
72643843
72656715
72669588
72682462
72695336
72708211
72721087
72733964
72746840
72759717
72772594
72785471
72798349
72811228
72824108
72836988
72849869
72862751
72875634
72888518
72901403
72914289
72927176
72940063
72952951
72965839
72978728
72991618
73004509
73017400
73030292
73043185
73056077
73068970
73081863
73094757
73107650
73120544
73133438
73146332
73159226
73172121
73185017
73197913
73210810
73223708
73236605
73249502
73262400
73275299
73288199
73301098
73313997
73326896
73339796
73352695
73365594
73378494
73391393
73404293
73417193
73430093
73442993
73455893
73468793
73481693
73494594
73507495
73520396
73533297
73546198
73559099
73572001
73584902
73597804
73610706
73623609
73636513
73649418
73662324
73675230
73688136
73701043
73713951
73726858
73739766
73752674
73765582
73778491
73791401
73804312
73817224
73830137
73843050
73855964
73868879
73881794
73894709
73907625
73920541
73933458
73946376
73959295
73972215
73985134
73998054
74010973
74023893
74036813
74049733
74062653
74075574
74088496
74101419
74114342
74127266
74140191
74153115
74166040
74178966
74191892
74204818
74217744
74230671
74243598
74256526
74269454
74282382
74295310
74308239
74321169
74334098
74347027
74359956
74372885
74385815
74398746
74411678
74424609
74437541
74450474
74463407
74476340
74489273
74502206
74515140
74528074
74541009
74553945
74566882
74579820
74592757
74605695
74618634
74631574
74644514
74657455
74670397
74683340
74696284
74709228
74722172
74735116
74748060
74761004
74773949
74786895
74799842
74812790
74825739
74838689
74851640
74864591
74877542
74890494
74903447
74916400
74929354
74942307
74955260
74968213
74981166
74994120
75007073
75020026
75032979
75045933
75058887
75071841
75084795
75097749
75110703
75123657
75136612
75149566
75162520
75175474
75188429
75201383
75214338
75227293
75240249
75253204
75266160
75279116
75292072
75305029
75317987
75330944
75343902
75356860
75369818
75382777
75395736
75408696
75421657
75434619
75447581
75460543
75473506
75486470
75499435
75512400
75525366
75538333
75551300
75564268
75577237
75590207
75603177
75616148
75629119
75642091
75655064
75668037
75681011
75693985
75706959
75719933
75732908
75745882
75758857
75771833
75784809
75797785
75810761
75823737
75836714
75849690
75862667
75875645
75888624
75901604
75914585
75927567
75940549
75953531
75966514
75979498
75992481
76005465
76018449
76031433
76044418
76057404
76070390
76083377
76096365
76109354
76122344
76135335
76148325
76161315
76174306
76187297
76200288
76213279
76226271
76239263
76252255
76265247
76278240
76291234
76304229
76317224
76330220
76343216
76356212
76369209
76382206
76395204
76408203
76421203
76434202
76447202
76460203
76473205
76486208
76499210
76512213
76525217
76538222
76551226
76564230
76577234
76590238
76603243
76616248
76629254
76642261
76655269
76668276
76681283
76694291
76707299
76720308
76733316
76746325
76759335
76772346
76785358
76798371
76811383
76824395
76837407
76850419
76863432
76876446
76889461
76902477
76915492
76928508
76941524
76954541
76967558
76980576
76993593
77006610
77019627
77032645
77045663
77058681
77071700
77084720
77097740
77110761
77123783
77136806
77149830
77162854
77175877
77188900
77201924
77214947
77227971
77240995
77254019
77267043
77280067
77293091
77306116
77319141
77332166
77345191
77358216
77371242
77384268
77397294
77410320
77423347
77436374
77449402
77462431
77475461
77488492
77501523
77514555
77527587
77540620
77553653
77566686
77579720
77592755
77605791
77618828
77631865
77644902
77657939
77670977
77684016
77697055
77710094
77723133
77736173
77749214
77762254
77775294
77788334
77801374
77814414
77827455
77840496
77853537
77866578
77879620
77892661
77905702
77918744
77931785
77944826
77957868
77970911
77983953
77996995
78010038
78023082
78036127
78049173
78062220
78075268
78088317
78101367
78114416
78127465
78140514
78153564
78166614
78179664
78192715
78205767
78218820
78231874
78244929
78257984
78271040
78284096
78297152
78310208
78323265
78336321
78349377
78362433
78375489
78388545
78401601
78414658
78427715
78440772
78453830
78466887
78479945
78493003
78506062
78519121
78532181
78545240
78558299
78571359
78584419
78597480
78610542
78623603
78636665
78649727
78662790
78675854
78688918
78701982
78715047
78728113
78741180
78754247
78767314
78780380
78793447
78806514
78819581
78832648
78845716
78858785
78871855
78884926
78897998
78911070
78924142
78937215
78950289
78963363
78976438
78989514
79002591
79015668
79028745
79041822
79054899
79067976
79081053
79094131
79107209
79120287
79133366
79146444
79159522
79172601
79185680
79198760
79211840
79224921
79238003
79251086
79264168
79277251
79290334
79303417
79316501
79329586
79342671
79355757
79368844
79381932
79395019
79408107
79421195
79434284
79447374
79460465
79473557
79486650
79499743
79512836
79525930
79539023
79552117
79565211
79578305
79591400
79604496
79617592
79630689
79643786
79656883
79669980
79683077
79696174
79709271
79722368
79735465
79748563
79761661
79774759
79787858
79800958
79814059
79827161
79840264
79853368
79866473
79879579
79892685
79905792
79918899
79932007
79945116
79958225
79971334
79984444
79997555
80010666
80023777
80036889
80050000
80063111
80076222
80089334
80102445
80115557
80128670
80141782
80154895
80168009
80181123
80194237
80207352
80220467
80233583
80246700
80259816
80272933
80286051
80299168
80312285
80325402
80338519
80351637
80364755
80377873
80390991
80404110
80417229
80430348
80443467
80456586
80469705
80482825
80495945
80509066
80522188
80535309
80548431
80561554
80574676
80587799
80600923
80614048
80627174
80640301
80653428
80666555
80679682
80692809
80705937
80719066
80732196
80745327
80758459
80771592
80784726
80797861
80810996
80824132
80837269
80850406
80863544
80876683
80889823
80902962
80916102
80929241
80942381
80955520
80968660
80981800
80994939
81008079
81021219
81034359
81047499
81060639
81073780
81086922
81100065
81113209
81126354
81139499
81152644
81165790
81178936
81192083
81205230
81218378
81231527
81244677
81257828
81270980
81284131
81297283
81310436
81323590
81336744
81349899
81363055
81376212
81389370
81402529
81415689
81428849
81442010
81455171
81468333
81481496
81494660
81507825
81520991
81534158
81547325
81560493
81573661
81586829
81599998
81613167
81626336
81639506
81652676
81665846
81679016
81692187
81705357
81718528
81731700
81744873
81758047
81771222
81784396
81797570
81810745
81823921
81837097
81850274
81863452
81876631
81889809
81902987
81916166
81929346
81942527
81955708
81968890
81982073
81995257
82008441
82021626
82034812
82047998
82061185
82074371
82087557
82100744
82113931
82127118
82140305
82153493
82166682
82179872
82193063
82206254
82219446
82232639
82245832
82259025
82272219
82285414
82298609
82311805
82325001
82338198
82351396
82364595
82377794
82390994
82404194
82417395
82430597
82443799
82457002
82470206
82483409
82496611
82509814
82523017
82536220
82549424
82562628
82575832
82589037
82602243
82615449
82628656
82641864
82655072
82668281
82681491
82694702
82707914
82721127
82734341
82747556
82760772
82773987
82787203
82800419
82813635
82826852
82840069
82853287
82866505
82879724
82892944
82906165
82919387
82932610
82945833
82959056
82972279
82985503
82998728
83011953
83025179
83038406
83051634
83064862
83078090
83091319
83104548
83117778
83131009
83144240
83157472
83170705
83183939
83197174
83210410
83223645
83236881
83250118
83263354
83276591
83289828
83303065
83316302
83329540
83342778
83356017
83369255
83382493
83395732
83408971
83422210
83435449
83448688
83461928
83475168
83488408
83501648
83514889
83528131
83541373
83554616
83567859
83581103
83594347
83607591
83620836
83634082
83647327
83660572
83673818
83687063
83700309
83713556
83726804
83740051
83753298
83766545
83779792
83793040
83806287
83819534
83832782
83846029
83859277
83872525
83885773
83899021
83912269
83925517
83938766
83952015
83965265
83978516
83991768
84005019
84018271
84031523
84044775
84058028
84071281
84084534
84097787
84111040
84124294
84137548
84150802
84164056
84177310
84190565
84203819
84217073
84230327
84243582
84256837
84270092
84283347
84296603
84309860
84323118
84336376
84349634
84362893
84376153
84389413
84402673
84415934
84429196
84442458
84455721
84468985
84482249
84495514
84508779
84522045
84535312
84548579
84561847
84575116
84588386
84601657
84614929
84628201
84641474
84654748
84668023
84681299
84694576
84707853
84721131
84734410
84747690
84760969
84774249
84787529
84800810
84814092
84827375
84840659
84853942
84867226
84880510
84893795
84907081
84920368
84933655
84946942
84960229
84973516
84986804
85000093
85013383
85026673
85039963
85053254
85066544
85079834
85093124
85106414
85119705
85132996
85146288
85159581
85172874
85186167
85199460
85212754
85226049
85239345
85252642
85265940
85279238
85292536
85305835
85319133
85332432
85345731
85359031
85372332
85385633
85398935
85412237
85425539
85438842
85452144
85465446
85478748
85492050
85505353
85518657
85531960
85545264
85558568
85571871
85585175
85598479
85611783
85625087
85638391
85651695
85665000
85678306
85691611
85704917
85718223
85731529
85744835
85758142
85771450
85784759
85798067
85811375
85824683
85837991
85851299
85864607
85877916
85891224
85904533
85917842
85931152
85944462
85957773
85971085
85984398
85997711
86011025
86024339
86037653
86050967
86064281
86077595
86090909
86104224
86117539
86130855
86144170
86157486
86170803
86184121
86197440
86210760
86224081
86237403
86250725
86264047
86277368
86290690
86304012
86317334
86330657
86343980
86357304
86370629
86383954
86397280
86410607
86423935
86437264
86450593
86463923
86477254
86490586
86503917
86517249
86530582
86543914
86557247
86570581
86583915
86597250
86610585
86623921
86637256
86650592
86663928
86677265
86690603
86703942
86717282
86730623
86743964
86757306
86770649
86783993
86797337
86810682
86824027
86837373
86850719
86864066
86877412
86890758
86904105
86917451
86930798
86944145
86957493
86970842
86984192
86997542
87010892
87024243
87037595
87050948
87064301
87077655
87091009
87104364
87117720
87131075
87144430
87157786
87171143
87184501
87197860
87211220
87224581
87237943
87251306
87264669
87278033
87291398
87304762
87318127
87331492
87344857
87358223
87371589
87384955
87398322
87411690
87425059
87438428
87451797
87465166
87478536
87491905
87505274
87518644
87532014
87545385
87558756
87572127
87585498
87598869
87612241
87625614
87638988
87652362
87665735
87679109
87692482
87705856
87719229
87732603
87745977
87759351
87772725
87786099
87799474
87812849
87826224
87839599
87852974
87866349
87879724
87893100
87906477
87919853
87933230
87946607
87959984
87973361
87986738
88000116
88013495
88026874
88040254
88053635
88067014
88080393
88093773
88107153
88120533
88133914
88147294
88160674
88174054
88187434
88200815
88214195
88227576
88240957
88254338
88267719
88281100
88294481
88307863
88321244
88334626
88348008
88361390
88374772
88388154
88401536
88414918
88428300
88441683
88455067
88468452
88481837
88495223
88508610
88521997
88535385
88548774
88562163
88575553
88588944
88602336
88615729
88629123
88642517
88655912
88669306
88682700
88696095
88709489
88722884
88736280
88749675
88763070
88776464
88789859
88803254
88816649
88830045
88843440
88856835
88870230
88883625
88897021
88910417
88923813
88937210
88950607
88964004
88977402
88990800
89004198
89017596
89030995
89044395
89057796
89071198
89084601
89098003
89111405
89124808
89138210
89151613
89165015
89178418
89191821
89205224
89218628
89232032
89245436
89258840
89272244
89285648
89299052
89312456
89325861
89339266
89352671
89366077
89379484
89392892
89406301
89419711
89433122
89446534
89459947
89473361
89486776
89500192
89513609
89527026
89540444
89553863
89567283
89580704
89594124
89607545
89620967
89634388
89647810
89661233
89674657
89688081
89701506
89714932
89728359
89741787
89755215
89768644
89782073
89795503
89808933
89822364
89835796
89849229
89862662
89876095
89889528
89902961
89916395
89929830
89943266
89956703
89970141
89983579
89997017
90010455
90023893
90037332
90050770
90064208
90077647
90091086
90104525
90117964
90131404
90144844
90158284
90171724
90185165
90198607
90212049
90225492
90238936
90252381
90265825
90279270
90292716
90306163
90319610
90333058
90346507
90359956
90373406
90386857
90400309
90413762
90427216
90440670
90454125
90467580
90481035
90494490
90507945
90521400
90534855
90548310
90561766
90575222
90588679
90602137
90615595
90629054
90642514
90655974
90669435
90682897
90696359
90709821
90723283
90736746
90750210
90763675
90777141
90790607
90804073
90817540
90831008
90844477
90857947
90871416
90884886
90898357
90911828
90925300
90938772
90952245
90965718
90979192
90992667
91006142
91019618
91033095
91046573
91060051
91073530
91087010
91100491
91113971
91127451
91140932
91154414
91167897
91181381
91194866
91208352
91221839
91235327
91248816
91262305
91275794
91289283
91302773
91316264
91329756
91343249
91356743
91370238
91383734
91397229
91410724
91424220
91437716
91451212
91464708
91478205
91491703
91505202
91518700
91532198
91545696
91559194
91572693
91586193
91599693
91613194
91626694
91640194
91653695
91667196
91680698
91694201
91707705
91721210
91734716
91748222
91761729
91775235
91788741
91802247
91815753
91829259
91842765
91856272
91869780
91883289
91896799
91910310
91923822
91937333
91950844
91964355
91977866
91991377
92004889
92018401
92031913
92045425
92058937
92072449
92085962
92099475
92112989
92126503
92140017
92153532
92167048
92180565
92194083
92207601
92221120
92234640
92248160
92261681
92275203
92288725
92302248
92315772
92329296
92342820
92356344
92369869
92383394
92396920
92410447
92423975
92437503
92451031
92464559
92478087
92491616
92505146
92518677
92532209
92545741
92559274
92572807
92586340
92599873
92613407
92626941
92640474
92654007
92667541
92681075
92694609
92708143
92721677
92735212
92748748
92762285
92775822
92789359
92802897
92816436
92829976
92843517
92857059
92870602
92884146
92897691
92911237
92924784
92938332
92951881
92965431
92978981
92992532
93006083
93019634
93033186
93046739
93060293
93073848
93087404
93100961
93114519
93128078
93141638
93155199
93168760
93182322
93195885
93209447
93223009
93236571
93250134
93263697
93277261
93290826
93304391
93317957
93331522
93345088
93358655
93372221
93385787
93399354
93412921
93426489
93440056
93453623
93467191
93480759
93494327
93507895
93521463
93535031
93548600
93562169
93575738
93589307
93602876
93616445
93630015
93643586
93657158
93670731
93684305
93697880
93711456
93725033
93738611
93752190
93765770
93779351
93792932
93806514
93820097
93833681
93847266
93860852
93874438
93888025
93901612
93915200
93928789
93942379
93955970
93969562
93983154
93996746
94010338
94023930
94037523
94051116
94064710
94078305
94091900
94105496
94119091
94132687
94146283
94159879
94173475
94187071
94200667
94214264
94227862
94241461
94255060
94268659
94282259
94295859
94309460
94323061
94336661
94350261
94363862
94377463
94391064
94404665
94418266
94431867
94445469
94459072
94472676
94486281
94499887
94513492
94527098
