50000
50001
50002
50120
50121
50122
50123
50124
50125
50126
50127
50128
50129
50130
50131
50132
50216
50217
50218
50219
50220
50485
50569
50570
50571
50572
50573
50655
50656
50657
50658
50659
50660
50661
50718
50719
50781
50782
50783
50784
50785
50786
50787
50788
50789
50790
50791
50848
50849
50877
50878
50879
50929
50930
50935
50988
50993
51017
51018
51023
51076
51081
51165
51166
51201
51202
51203
51204
51205
51206
51263
51264
51292
51293
51294
51344
51345
51350
51403
51408
51432
51433
51438
51491
51496
51581
51582
51666
51667
51668
51669
51670
51721
51722
51735
51736
51737
51756
51757
51768
51769
51770
51771
51772
51862
51863
51864
51865
51866
51867
51886
51887
51898
51899
51900
51901
51902
51986
51987
51988
51989
51990
52102
52103
52108
52109
52110
52168
52169
52196
52197
52198
52256
52257
52263
52264
52265
52294
52295
52296
52297
52298
52299
52300
52358
52359
52392
52393
52394
52395
52424
52425
52426
52427
52428
52429
52430
52488
52489
52516
52517
52518
52576
52577
52676
52685
52686
52743
52749
52750
52751
52752
52753
52810
52811
52812
52813
52814
52815
52816
52873
52901
52902
52903
52904
52961
52963
52991
52999
53000
53028
53051
53083
53086
53088
53116
53117
53118
53119
53120
53121
53151
53152
53153
53188
53189
53190
53245
53246
53248
53277
53278
53279
53280
53281
53282
53283
53318
53319
53320
53370
53371
53403
53407
53408
53489
53490
53491
53527
53528
53556
53572
53573
53586
53587
53588
53589
53624
53625
53626
53649
53677
53680
53681
53714
53717
53718
53773
53774
53776
53805
53806
53807
53808
53809
53810
53811
53846
53847
53848
53898
53899
53931
53935
53936
53994
53995
54019
54063
54064
54099
54100
54101
54114
54115
54116
54117
54152
54153
54154
54204
54205
54237
54241
54242
54300
54301
54325
54383
54384
54423
54424
54425
54440
54441
54476
54477
54478
54528
54529
54561
54565
54566
54624
54625
54649
54685
54692
54693
54694
54729
54730
54731
54781
54782
54814
54818
54819
54877
54878
54902
54960
54961
55002
55015
55016
55017
55018
55053
55054
55055
55105
55106
55138
55142
55143
55201
55202
55226
55262
55285
55315
55316
55362
55363
55386
55403
55404
55450
55451
55474
55502
55519
55538
55539
55562
55587
55599
55623
55624
55640
55675
55684
55710
55712
55728
55771
55772
55798
55822
55855
55866
55872
55888
55908
55909
55912
55948
55956
55966
55967
56000
56003
56004
56054
56055
56087
56091
56092
56149
56174
56175
56209
56210
56240
56246
56247
56270
56271
56272
56273
56308
56309
56310
56333
56361
56364
56365
56398
56401
56402
56430
56431
56432
56467
56468
56469
56492
56493
56494
56495
56530
56531
56532
56582
56583
56615
56619
56620
56677
56679
56703
56737
56738
56773
56774
56775
56798
56799
56800
56801
56836
56837
56838
56888
56889
56921
56925
56926
56983
56985
57009
57055
57056
57072
57108
57109
57124
57125
57160
57161
57162
57212
57213
57245
57249
57250
57307
57309
57333
57340
57341
57376
57377
57378
57414
57415
57455
57465
57466
57488
57503
57524
57525
57539
57549
57550
57551
57583
57587
57588
57620
57639
57660
57661
57676
57708
57735
57748
57749
57781
57807
57830
57831
57844
57855
57856
57857
57889
57893
57894
57926
57945
57966
57967
57982
58014
58041
58054
58055
58087
58113
58138
58149
58150
58181
58201
58217
58218
58238
58269
58290
58291
58306
58338
58365
58378
58379
58397
58429
58433
58434
58466
58471
58503
58507
58522
58544
58559
58591
58595
58627
58632
58664
58689
58690
58720
58727
58753
58758
58767
58782
58813
58818
58819
58851
58867
58891
58892
58904
58919
58951
58955
58956
58988
59007
59026
59029
59044
59072
59073
59088
59117
59124
59125
59152
59173
59188
59189
59210
59225
59257
59261
59262
59294
59313
59334
59335
59350
59369
59404
59405
59406
59435
59450
59458
59459
59494
59495
59496
59501
59536
59537
59538
59567
59582
59590
59591
59626
59627
59628
59657
59672
59693
59694
59716
59738
59760
59781
59782
59807
59826
59843
59844
59873
59888
59896
59897
59932
59933
59934
59963
59978
59999
60000
60022
60044
60066
60087
60088
60131
60132
60171
60191
60211
60221
60247
60248
60258
60287
60302
60314
60324
60346
60368
60390
60402
60412
60437
60456
60473
60474
60503
60511
60539
60540
60552
60557
60589
60593
60594
60623
60638
60646
60647
60679
60683
60684
60713
60728
60749
60750
60772
60794
60816
60823
60838
60863
60882
60899
60900
60929
60944
60952
60953
60985
60989
60990
61019
61034
61055
61056
61078
61100
61122
61129
61144
61173
61188
61216
61217
61246
61261
61290
61304
61312
61334
61356
61370
61380
61400
61424
61443
61453
61468
61493
61512
61529
61530
61559
61567
61595
61596
61618
61633
61655
61669
61684
61706
61721
61750
61757
61786
61794
61823
61838
61852
61863
61878
61907
61914
61915
61944
61959
61980
61981
62000
62015
62044
62051
62052
62081
62096
62117
62118
62140
62162
62169
62184
62206
62220
62221
62250
62265
62286
62287
62306
62321
62350
62357
62358
62387
62402
62423
62424
62446
62468
62490
62497
62512
62541
62556
62584
62585
62614
62629
62658
62672
62680
62702
62724
62737
62748
62768
62792
62803
62821
62836
62862
62876
62891
62904
62915
62935
62941
62952
62981
62996
63007
63018
63040
63062
63080
63091
63106
63131
63150
63157
63168
63197
63209
63210
63221
63246
63247
63258
63287
63302
63313
63324
63346
63368
63386
63397
63412
63441
63456
63474
63485
63514
63529
63544
63555
63577
63599
63617
63628
63643
63668
63687
63705
63716
63736
63755
63777
63787
63798
63824
63835
63853
63864
63886
63901
63923
63937
63952
63974
63989
64014
64025
64051
64062
64084
64095
64117
64131
64146
64168
64172
64183
64212
64227
64238
64249
64268
64283
64308
64309
64320
64349
64364
64375
64386
64408
64426
64437
64452
64474
64478
64489
64518
64533
64544
64555
64574
64589
64614
64615
64626
64655
64670
64681
64692
64714
64736
64754
64765
64780
64809
64824
64842
64853
64882
64897
64912
64923
64945
64967
64985
64996
65011
65036
65055
65071
65084
65104
65128
65144
65159
65177
65192
65203
65232
65247
65258
65269
65291
65313
65331
65342
65357
65386
65401
65419
65430
65459
65474
65489
65500
65522
65544
65562
65573
65588
65613
65632
65648
65661
65681
65705
65721
65736
65754
65778
65798
65809
65824
65844
65868
65879
65897
65912
65937
65952
65967
65985
66010
66029
66040
66060
66080
66102
66122
66133
66153
66168
66192
66203
66223
66241
66265
66276
66291
66316
66335
66353
66364
66389
66408
66433
66447
66459
66481
66503
66517
66532
66547
66576
66590
66605
66620
66649
66664
66678
66703
66722
66747
66762
66773
66795
66817
66835
66846
66861
66890
66905
66923
66934
66966
66978
67010
67037
67057
67068
67096
67112
67132
67156
67169
67184
67205
67228
67244
67257
67282
67301
67317
67340
67352
67374
67396
67410
67425
67440
67469
67483
67498
67513
67542
67557
67571
67596
67615
67631
67655
67666
67688
67710
67726
67739
67754
67783
67798
67814
67827
67858
67871
67887
67919
67931
67961
67990
68005
68021
68053
68065
68083
68098
68127
68142
68156
68181
68200
68216
68240
68251
68273
68295
68311
68324
68339
68368
68383
68399
68412
68443
68456
68472
68503
68516
68542
68567
68586
68606
68636
68650
68673
68686
68714
68730
68746
68772
68789
68808
68828
68846
68867
68883
68901
68919
68940
68955
68972
68994
69015
69028
69045
69067
69088
69105
69127
69149
69171
69200
69215
69232
69254
69273
69294
69305
69320
69345
69364
69380
69393
69413
69437
69453
69468
69486
69510
69529
69541
69556
69576
69600
69611
69629
69644
69669
69684
69699
69717
69742
69761
69772
69792
69812
69834
69854
69865
69885
69900
69924
69935
69955
69973
69997
70008
70023
70048
70067
70085
70096
70121
70140
70165
70179
70191
70213
70235
70249
70264
70279
70306
70322
70337
70352
70379
70396
70410
70435
70454
70479
70494
70505
70527
70549
70567
70578
70593
70620
70637
70655
70666
70693
70710
70737
70769
70789
70800
70827
70844
70864
70888
70901
70916
70937
70960
70976
70989
71014
71033
71049
71072
71084
71106
71128
71142
71157
71172
71199
71215
71230
71245
71272
71289
71303
71328
71347
71363
71387
71398
71420
71442
71458
71471
71486
71513
71530
71546
71559
71586
71603
71619
71646
71663
71690
71720
71737
71753
71780
71797
71815
71830
71857
71874
71888
71913
71932
71948
71972
71983
72005
72027
72043
72056
72071
72098
72115
72131
72144
72171
72188
72204
72231
72248
72274
72299
72318
72338
72365
72382
72405
72418
72445
72462
72478
72504
72521
72540
72560
72578
72599
72615
72633
72651
72672
72687
72704
72726
72747
72760
72777
72799
72820
72837
72859
72881
72903
72930
72947
72971
72991
73005
73030
73048
73065
73089
73100
73122
73144
73160
73173
73188
73215
73232
73248
73261
73288
73305
73321
73348
73362
73389
73406
73422
73449
73466
73492
73517
73532
73556
73576
73590
73615
73634
73650
73674
73685
73707
73729
73745
73758
73773
73800
73817
73833
73846
73873
73890
73906
73933
73950
73976
73998
74017
74038
74058
74077
74102
74120
74147
74164
74180
74206
74223
74242
74262
74280
74301
74317
74335
74353
74374
74389
74406
74428
74449
74462
74479
74501
74522
74539
74561
74583
74605
74632
74653
74673
74693
74713
74735
74750
74775
74794
74808
74832
74847
74868
74891
74903
74920
74947
74963
74976
74991
75018
75035
75051
75064
75091
75108
75124
75151
75168
75194
75219
75238
75258
75285
75302
75325
75338
75365
75382
75398
75424
75442
75460
75483
75498
75519
75535
75556
75571
75592
75607
75627
75646
75667
75680
75700
75719
75740
75760
75779
75804
75823
75850
75874
75894
75913
75938
75954
75974
75993
76014
76034
76053
76076
76096
76114
76134
76151
76171
76187
76207
76224
76244
76262
76281
76303
76322
76335
76355
76379
76395
76415
76439
76459
76486
76513
76529
76549
76573
76593
76609
76629
76649
76669
76689
76705
76722
76749
76765
76778
76793
76820
76837
76853
76866
76893
76910
76926
76953
76970
76996
77021
77040
77060
77087
77104
77127
77140
77167
77184
77200
77226
77244
77262
77285
77300
77321
77337
77358
77373
77394
77409
77429
77448
77469
77482
77502
77521
77542
77562
77581
77606
77625
77652
77676
77696
77715
77740
77756
77776
77795
77816
77836
77855
77878
77898
77916
77936
77953
77973
77989
78009
78026
78046
78064
78084
78106
78124
78137
78157
78181
78197
78217
78241
78261
78288
78315
78331
78351
78375
78395
78411
78431
78455
78471
78491
78515
78535
78562
78589
78605
78625
78649
78669
78690
78706
78726
78750
78766
78786
78810
78830
78855
78879
78895
78915
78939
78959
78980
79000
79024
79040
79060
79084
79104
79129
79150
79169
79189
79213
79233
79253
79273
79291
79311
79333
79351
79364
79384
79408
79424
79444
79468
79488
79512
79539
79558
79578
79602
79622
79638
79658
79682
79698
79718
79742
79762
79786
79806
79824
79844
79866
79884
79897
79917
79941
79957
79977
80001
80021
80045
80072
80091
80111
80135
80155
80171
80191
80215
80231
80251
80275
80295
80316
80340
80360
80384
80409
80429
80450
80466
80486
80510
80526
80546
80570
80590
80614
80634
80655
80675
80699
80719
80740
80760
80784
80800
80820
80844
80864
80885
80909
80929
80949
80973
80993
81014
81038
81058
81079
81099
81120
81139
81159
81183
81203
81227
81249
81268
81288
81312
81332
81356
81378
81399
81418
81438
81459
81479
81503
81523
81547
81567
81588
81608
81632
81652
81674
81698
81718
81738
81758
81781
81799
81812
81832
81856
81872
81892
81916
81936
81960
81985
82006
82026
82050
82070
82086
82106
82130
82146
82166
82190
82210
82231
82255
82275
82299
82324
82344
82365
82381
82401
82425
82441
82461
82485
82505
82529
82549
82570
82590
82614
82634
82655
82675
82699
82715
82735
82759
82779
82800
82824
82844
82864
82888
82908
82929
82953
82973
82994
83014
83035
83054
83074
83098
83118
83142
83164
83183
83203
83227
83247
83271
83293
83314
83333
83353
83374
83394
83418
83438
83462
83482
83503
83523
83547
83567
83589
83613
83633
83653
83673
83696
83716
83740
83756
83776
83800
83820
83843
83863
83887
83907
83931
83953
83970
83990
84014
84030
84050
84074
84094
84115
84139
84159
84183
84207
84227
84249
84265
84285
84309
84325
84345
84369
84389
84413
84433
84454
84474
84498
84518
84539
84559
84583
84599
84619
84643
84663
84684
84708
84728
84748
84772
84792
84813
84837
84857
84878
84898
84919
84938
84958
84982
85002
85026
85048
85067
85087
85111
85131
85155
85177
85198
85217
85237
85258
85278
85302
85322
85346
85366
85387
85407
85431
85451
85473
85497
85517
85537
85557
85581
85601
85625
85646
85666
85686
85708
85727
85747
85771
85791
85815
85837
85856
85876
85900
85920
85944
85966
85987
86006
86026
86047
86067
86091
86111
86135
86155
86176
86196
86220
86240
86264
86286
86308
86326
86346
86370
86390
86414
86437
86455
86475
86499
86519
86543
86567
86587
86609
86631
86653
86677
86696
86716
86740
86760
86784
86809
86830
86850
86874
86894
86918
86942
86963
86987
87007
87031
87052
87075
87097
87119
87141
87165
87184
87204
87228
87248
87272
87296
87316
87338
87360
87382
87406
87425
87445
87469
87489
87513
87531
87551
87575
87595
87619
87639
87660
87680
87704
87724
87745
87765
87789
87805
87825
87849
87869
87890
87914
87934
87954
87978
87998
88019
88043
88063
88084
88104
88125
88144
88164
88188
88208
88232
88254
88273
88293
88317
88337
88361
88383
88404
88423
88443
88464
88484
88508
88528
88552
88572
88593
88613
88637
88657
88679
88703
88723
88743
88763
88786
88806
88830
88846
88866
88890
88910
88933
88953
88977
88997
89021
89043
89060
89080
89104
89120
89140
89164
89184
89205
89229
89249
89273
89297
89317
89339
89355
89375
89399
89415
89435
89459
89479
89503
89523
89544
89564
89588
89608
89629
89649
89673
89689
89709
89733
89753
89774
89798
89818
89838
89862
89882
89903
89927
89947
89968
89988
90009
90028
90048
90072
90092
90116
90138
90157
90177
90201
90221
90245
90267
90288
90307
90327
90348
90368
90392
90412
90436
90456
90477
90497
90521
90541
90563
90587
90607
90627
90647
90671
90691
90715
90736
90756
90776
90798
90817
90837
90861
90881
90905
90927
90946
90966
90990
91010
91034
91056
91077
91096
91116
91137
91157
91181
91201
91225
91245
91266
91286
91310
91330
91354
91376
91398
91416
91436
91460
91480
91504
91527
91545
91565
91589
91609
91633
91657
91677
91699
91721
91743
91767
91786
91806
91830
91850
91874
91899
91920
91940
91964
91984
92008
92032
92053
92077
92097
92121
92142
92165
92187
92209
92231
92255
92274
92294
92318
92338
92362
92386
92406
92428
92450
92472
92496
92515
92535
92559
92579
92603
92628
92649
92669
92693
92713
92737
92761
92782
92806
92826
92850
92871
92895
92916
92940
92960
92984
93008
93033
93054
93074
93098
93118
93142
93167
93190
93212
93236
93256
93280
93300
93324
93344
93368
93390
93411
93433
93453
93477
93497
93521
93545
93565
93587
93609
93631
93655
93674
93694
93718
93738
93762
93787
93808
93828
93852
93872
93896
93920
93941
93965
93985
94009
94030
94054
94075
94099
94119
94143
94167
94188
94208
94229
94249
94273
94293
94317
94337
94358
94378
94402
94422
94446
94468
94490
94508
94528
94552
94572
94596
94619
94637
94657
94681
94701
94725
94749
94769
94791
94813
94835
94859
94878
94898
94922
94942
94966
94991
95012
95032
95056
95076
95100
95124
95145
95169
95189
95213
95234
95257
95279
95301
95323
95347
95366
95386
95410
95430
95454
95478
95498
95520
95542
95564
95588
95607
95627
95651
95671
95695
95720
95741
95761
95785
95805
95829
95853
95874
95898
95918
95942
95963
95987
96008
96032
96052
96076
96097
96121
96145
96166
96190
96210
96234
96255
96279
96300
96324
96344
96368
96392
96416
96436
96458
96482
96502
96525
96545
96569
96589
96613
96637
96657
96679
96701
96723
96747
96766
96786
96810
96830
96854
96879
96900
96920
96944
96964
96988
97012
97033
97057
97077
97101
97122
97146
97167
97191
97211
97235
97256
97280
97304
97325
97349
97369
97393
97414
97438
97459
97483
97503
97527
97551
97575
97595
97617
97641
97661
97685
97706
97729
97753
97776
97796
97820
97840
97864
97887
97909
97932
97953
97976
97998
98021
98043
98067
98087
98111
98132
98156
98179
98199
98219
98243
98263
98287
98312
98333
98353
98377
98397
98421
98445
98466
98490
98510
98534
98555
98579
98600
98624
98644
98668
98689
98713
98737
98758
98782
98802
98826
98847
98871
98892
98916
98936
98960
98984
99008
99028
99050
99074
99094
99118
99139
99162
99186
99209
99229
99253
99273
99297
99320
99342
99365
99386
99409
99431
99454
99476
99500
99520
99544
99565
99589
99612
99634
99657
99678
99701
99723
99747
99768
99792
99812
99836
99859
99883
99905
99926
99950
99970
99994
100018
100041
100063
100085
100108
100130
100152
100175
100199
100219
100243
100264
100288
100310
100333
100357
100377
100401
100422
100446
100467
100491
100511
100535
100559
100581
100603
100625
100649
100669
100693
100714
100737
100761
100784
100804
100828
100848
100872
100895
100917
100940
100961
100984
101006
101029
101051
101075
101095
101119
101140
101164
101187
101209
101232
101253
101276
101298
101322
101343
101367
101387
101411
101434
101458
101480
101501
101525
101545
101569
101593
101616
101638
101662
101683
101706
101727
101751
101774
101798
101820
101841
101864
101885
101909
101933
101954
101978
101998
102022
102045
102068
102091
102112
102136
102156
102180
102202
102226
102249
102271
102294
102315
102338
102360
102384
102405
102429
102449
102473
102495
102519
102539
102563
102587
102607
102630
102652
102674
102697
102717
102737
102761
102781
102805
102830
102851
102871
102895
102915
102939
102963
102984
103008
103028
103052
103073
103097
103118
103142
103162
103186
103207
103231
103255
103276
103300
103320
103344
103365
103389
103410
103434
103454
103478
103502
103526
103546
103568
103592
103612
103636
103657
103680
103704
103727
103747
103771
103791
103815
103838
103860
103883
103904
103927
103949
103972
103994
104018
104038
104062
104083
104107
104130
104152
104175
104196
104219
104241
104265
104286
104310
104330
104354
104377
104401
104423
104444
104468
104488
104512
104536
104559
104581
104603
104626
104648
104670
104693
104717
104737
104761
104782
104806
104828
104851
104875
104895
104919
104940
104964
104985
105009
105029
105053
105077
105099
105121
105143
105167
105187
105211
105232
105255
105279
105302
105322
105346
105366
105390
105413
105435
105458
105479
105502
105524
105547
105569
105593
105613
105637
105658
105682
105705
105727
105750
105771
105794
105816
105840
105861
105885
105905
105929
105952
105976
105998
106019
106043
106063
106087
106111
106134
106156
106180
106201
106224
106245
106269
106292
106316
106338
106359
106382
106403
106427
106451
106472
106496
106516
106540
106563
106587
106609
106630
106654
106674
106698
106722
106745
106767
106791
106812
106836
106856
106880
106903
106925
106949
106970
106994
107014
107038
107063
107083
107107
107131
107152
107175
107199
107221
107242
107265
107286
107310
107333
107355
107378
107399
107422
107444
107467
107489
107513
107533
107557
107578
107602
107625
107647
107670
107691
107714
107736
107760
107781
107805
107825
107849
107872
107896
107918
107939
107963
107983
108007
108031
108054
108076
108100
108121
108144
108165
108189
108212
108236
108258
108279
108302
108323
108347
108371
108392
108416
108436
108460
108483
108507
108529
108550
108574
108594
108618
108642
108665
108687
108711
108732
108756
108776
108800
108823
108845
108869
108890
108914
108934
108958
108983
109003
109027
109051
109074
109096
109120
109141
109165
109185
109209
109232
109256
109279
109299
109323
109343
109367
109392
109416
109440
109461
109485
109505
109529
109552
109574
109598
109619
109643
109663
109687
109712
109732
109756
109780
109803
109825
109849
109870
109894
109914
109938
109961
109985
110008
110028
110052
110072
110096
110121
110148
110171
110195
110216
110240
110260
110284
110309
110329
110353
110377
110400
110422
110446
110467
110491
110511
110535
110558
110582
110605
110625
110649
110669
110693
110718
110745
110772
110795
110818
110841
110862
110885
110909
110932
110956
110976
110999
111020
111043
111067
111092
111119
111142
111164
111187
111208
111231
111255
111277
111300
111324
111348
111370
111393
111415
111438
111459
111482
111506
111529
111553
111573
111596
111617
111640
111664
111689
111716
111743
111766
111789
111813
111833
111857
111880
111904
111927
111947
111971
111991
112015
112040
112067
112090
112114
112135
112159
112179
112203
112228
112248
112272
112296
112319
112341
112365
112386
112410
112430
112454
112477
112501
112524
112544
112568
112588
112612
112637
112664
112691
112714
112738
112763
112790
112815
112835
112859
112884
112910
112933
112957
112982
113009
113033
113057
113077
113101
113126
113153
113178
113202
113225
113247
113271
113292
113316
113336
113360
113383
113407
113430
113450
113474
113494
113518
113543
113570
113597
113619
113643
113663
113687
113712
113739
113765
113789
113813
113838
113863
113888
113910
113934
113959
113983
114007
114032
114057
114084
114108
114132
114152
114176
114201
114226
114246
114270
114293
114316
114340
114360
114384
114404
114428
114453
114480
114505
114525
114549
114569
114593
114618
114644
114667
114690
114711
114734
114755
114778
114802
114827
114854
114877
114899
114922
114943
114966
114990
115012
115035
115059
115083
115105
115128
115150
115173
115194
115217
115241
115264
115287
115308
115331
115352
115375
115399
115424
115451
115478
115501
115524
115548
115568
115592
115615
115638
115662
115682
115706
115726
115750
115775
115802
115825
115849
115870
115894
115914
115938
115963
115983
116007
116031
116054
116076
116100
116121
116145
116165
116189
116212
116235
116259
116279
116303
116323
116347
116372
116399
116426
116449
116473
116498
116525
116550
116570
116594
116619
116645
116668
116692
116717
116744
116764
116788
116811
116834
116858
116878
116902
116922
116946
116971
116998
117025
117048
117071
117095
117118
117141
117165
117185
117209
117229
117253
117278
117305
117332
117354
117378
117398
117422
117447
117474
117500
117524
117548
117573
117598
117623
117645
117669
117694
117717
117740
117764
117784
117808
117828
117852
117877
117904
117931
117953
117977
117997
118021
118046
118073
118099
118123
118146
118170
118193
118216
118240
118260
118284
118304
118328
118353
118380
118407
118430
118454
118479
118506
118531
118551
118575
118600
118626
118649
118673
118698
118725
118745
118769
118792
118815
118839
118859
118883
118903
118927
118952
118979
119006
119029
119053
119078
119105
119130
119150
119174
119199
119225
119248
119272
119297
119324
119348
119372
119392
119416
119441
119468
119495
119518
119542
119567
119594
119614
119638
119658
119682
119707
119734
119761
119784
119808
119833
119860
119885
119905
119929
119954
119980
120003
120027
120052
120079
120103
120127
120147
120171
120196
120223
120250
120273
120297
120322
120349
120374
120394
120418
120443
120469
120492
120516
120541
120568
120593
120618
120639
120663
120683
120707
120732
120759
120786
120808
120832
120852
120876
120901
120928
120954
120978
121002
121027
121052
121076
121096
121120
121145
121171
121194
121218
121238
121262
121282
121306
121331
121358
121383
121403
121427
121451
121475
121500
121527
121552
121572
121596
121621
121647
121670
121694
121714
121738
121758
121782
121807
121834
121861
121884
121908
121933
121958
121982
122002
122026
122051
122078
122103
122127
122151
122171
122195
122220
122246
122269
122293
122313
122337
122357
122381
122406
122433
122458
122478
122502
122527
122554
122581
122604
122628
122653
122679
122702
122725
122749
122774
122800
122823
122846
122870
122895
122919
122943
122966
122989
123013
123033
123057
123077
123101
123126
123153
123180
123203
123227
123252
123279
123304
123324
123348
123373
123399
123422
123446
123471
123498
123522
123546
123566
123590
123615
123642
123669
123692
123716
123741
123768
123788
123812
123832
123856
123881
123908
123933
123953
123977
124002
124029
124056
124079
124102
124126
124151
124177
124200
124223
124247
124272
124298
124321
124345
124370
124394
124418
124441
124464
124488
124508
124532
124552
124576
124601
124628
124655
124678
124702
124727
124754
124778
124799
124822
124846
124871
124897
124921
124946
124972
124997
125021
125041
125065
125090
125117
125144
125167
125191
125216
125243
125263
125287
125307
125331
125356
125383
125410
125433
125457
125482
125509
125533
125554
125577
125601
125626
125652
125676
125701
125727
125752
125776
125796
125820
125845
125872
125899
125922
125946
125971
125998
126022
126043
126066
126090
126115
126141
126165
126190
126216
126241
126267
126291
126313
126337
126362
126388
126411
126435
126460
126487
126512
126533
126557
126582
126609
126635
126658
126682
126707
126733
126758
126780
126803
126827
126852
126878
126902
126927
126953
126978
127004
127028
127050
127074
127099
127125
127148
127172
127197
127224
127249
127274
127298
127323
127348
127372
127395
127419
127444
127470
127495
127521
127545
127569
127594
127621
127647
127671
127693
127717
127742
127769
127792
127816
127841
127867
127892
127918
127942
127967
127993
128018
128044
128070
128090
128114
128139
128166
128193
128216
128240
128265
128292
128317
128344
128369
128394
128418
128443
128470
128496
128521
128547
128571
128596
128622
128647
128673
128699
128719
128743
128768
128795
128822
128845
128869
128894
128921
128946
128973
128998
129023
129047
129072
129099
129126
129151
129176
129202
129225
129249
129274
129301
129328
129351
129375
129400
129427
129452
129479
129504
129529
129553
129578
129605
129631
129656
129682
129706
129731
129757
129782
129808
129834
129854
129878
129903
129930
129957
129980
130004
130029
130056
130081
130108
130133
130158
130182
130207
130234
130261
130286
130311
130337
130362
130387
130414
130441
130466
130491
130517
130544
130571
130596
130621
130648
130673
130700
130725
130751
130777
130803
130830
130855
130882
130907
130934
130959
130984
131011
131037
131063
131088
131114
131141
131168
131193
131218
131245
131270
131297
131322
131348
131374
131400
131427
131452
131479
131504
131531
131558
131583
131608
131634
131661
131688
131713
131738
131765
131792
131818
131844
131870
131896
131922
131949
131974
132000
132026
132052
132079
132104
132130
132156
132183
132210
132236
132262
132288
132314
132341
132366
132392
132418
132444
132471
132496
132522
132548
132575
132602
132628
132655
132680
132707
132734
132759
132784
132810
132837
132864
132889
132914
132941
132968
132994
133020
133047
133074
133100
133127
133152
133179
133205
133231
133256
133282
133309
133336
133361
133386
133413
133440
133467
133493
133520
133545
133571
133598
133625
133650
133675
133702
133729
133755
133781
133808
133835
133861
133888
133913
133940
133967
133992
134017
134043
134070
134097
134122
134147
134174
134201
134228
134254
134281
134308
134335
134362
134388
134413
134439
134466
134493
134518
134543
134570
134597
134624
134650
134677
134704
134731
134758
134784
134811
134838
134864
134891
134918
134943
134968
134995
135022
135049
135075
135102
135129
135156
135183
135209
135236
135263
135290
135317
135343
135370
135397
135424
135450
135477
135504
135531
135558
135584
135611
135638
135665
135692
135719
135746
135773
135800
135827
135854
135880
135907
135934
135959
135984
136011
136038
136065
136091
136118
136145
136172
136199
136225
136252
136279
136306
136333
136359
136386
136413
136440
136466
136493
136520
136547
136574
136600
136627
136654
136681
136708
136735
136762
136789
136816
136843
136870
136897
136924
136951
136980
137007
137034
137062
137089
137116
137143
137170
137197
137226
137253
137280
137307
137336
137363
137390
137418
137445
137472
137499
137526
137553
137582
137609
137636
137664
137692
137719
137746
137775
137802
137829
137856
137883
137910
137939
137966
137993
138020
138049
138076
138103
138131
138158
138185
138212
138239
138266
138295
138322
138349
138378
138405
138432
138459
138488
138515
138542
138571
138598
138625
138652
138679
138706
138735
138762
138789
138818
138845
138872
138899
138928
138955
138982
139011
139039
139068
139097
139126
139153
139182
139209
139236
139265
139293
139320
139347
139374
139403
139430
139457
139486
139513
139540
139567
139596
139623
139650
139679
139707
139736
139764
139791
139820
139847
139874
139903
139930
139957
139984
140013
140040
140067
140096
140124
140153
140182
140210
140237
140266
140293
140320
140349
140377
140404
140432
140459
140488
140515
140542
140571
140598
140625
140652
140681
140708
140735
140764
140792
140821
140850
140879
140906
140935
140962
140989
141018
141046
141074
141102
141129
141158
141185
141212
141241
141268
141295
141322
141351
141378
141405
141434
141462
141491
141520
141549
141576
141605
141632
141659
141688
141716
141745
141772
141799
141828
141855
141882
141911
141939
141968
141997
142026
142053
142082
142109
142136
142165
142193
142222
142250
142279
142306
142333
142362
142390
142419
142448
142477
142504
142533
142560
142587
142616
142644
142673
142702
142731
142761
142788
142817
142845
142874
142902
142931
142960
142989
143016
143045
143072
143099
143128
143156
143185
143214
143243
143273
143300
143329
143357
143386
143415
143443
143472
143501
143530
143558
143587
143616
143644
143673
143702
143731
143759
143788
143817
143845
143874
143903
143932
143962
143989
144018
144046
144075
144104
144133
144163
144192
144222
144251
144280
144309
144338
144368
144397
144427
144457
144486
144513
144542
144569
144596
144625
144653
144682
144709
144736
144765
144792
144819
144848
144876
144905
144934
144963
144990
145019
145046
145073
145102
145130
145159
145187
145216
145243
145270
145299
145327
145356
145385
145414
145441
145470
145497
145524
145553
145581
145610
145639
145668
145698
145725
145754
145782
145811
145839
145868
145897
145926
145953
145982
146009
146036
146065
146093
146122
146151
146180
146210
146237
146266
146294
146323
146352
146380
146409
146438
146467
146495
146524
146553
146581
146610
146639
146668
146696
146725
146754
146782
146811
146840
146869
146899
146926
146955
146983
147012
147041
147070
147100
147129
147159
147188
147217
147246
147275
147305
147334
147364
147394
147424
147453
147482
147510
147539
147568
147597
147627
147656
147686
147715
147744
147773
147802
147831
147860
147890
147919
147949
147978
148007
148036
148065
148095
148124
148154
148184
148214
148243
148272
148300
148329
148358
148387
148417
148446
148476
148505
148534
148563
148592
148622
148651
148681
148711
148740
148769
148798
148828
148857
148887
148917
148947
148976
149005
149033
149062
149091
149120
149150
149179
149209
149238
149267
149296
149325
149355
149384
149414
149444
149474
149504
149534
149563
149593
149623
149653
149685
149714
149744
149774
149804
149835
149865
149895
149925
149956
149984
150013
150042
150071
150101
150130
150160
150189
150218
150247
150276
150306
150335
150365
150395
150425
150455
150485
150514
150544
150574
150604
150636
150665
150695
150725
150755
150786
150816
150846
150876
150908
150937
150967
150997
151027
151059
151091
151120
151150
151180
151210
151242
151271
151301
151331
151361
151392
151422
151452
151482
151514
151543
151573
151603
151633
151665
151695
151725
151755
151787
151816
151846
151876
151906
151938
151970
151999
152029
152059
152089
152121
152150
152180
152210
152240
152271
152301
152331
152361
152393
152422
152452
152482
152512
152544
152576
152606
152638
152667
152697
152727
152757
152789
152819
152849
152881
152913
152943
152973
153004
153034
153064
153094
153126
153158
153189
153220
153250
153280
153310
153342
153373
153403
153435
153466
153496
153526
153558
153589
153619
153651
153682
153712
153742
153774
153805
153835
153867
153899
153929
153961
153991
154021
154051
154083
154115
154145
154177
154208
154238
154270
154301
154331
154361
154393
154424
154454
154486
154518
154551
154580
154610
154640
154670
154702
154734
154767
154799
154831
154861
154891
154921
154951
154983
155015
155051
155082
155112
155142
155174
155206
155239
155271
155304
155336
155366
155396
155426
155456
155488
155520
155552
155587
155617
155647
155679
155711
155743
155776
155809
155841
155872
155903
155933
155963
155993
156025
156057
156092
156124
156154
156184
156216
156248
156282
156314
156346
156378
156409
156441
156473
156505
156539
156569
156599
156629
156661
156693
156729
156760
156790
156820
156852
156884
156918
156950
156982
157014
157045
157076
157108
157140
157175
157207
157237
157267
157299
157331
157365
157397
157429
157461
157492
157524
157556
157588
157620
157650
157680
157710
157742
157774
157806
157839
157871
157901
157931
157961
157991
158023
158055
158087
158122
158152
158182
158214
158246
158278
158311
158343
158376
158406
158436
158466
158496
158528
158560
158592
158624
158657
158687
158719
158751
158783
158815
158848
158881
158912
158943
158973
159003
159033
159065
159097
159129
159164
159194
159224
159256
159288
159320
159354
159386
159418
159449
159481
159513
159545
159577
159609
159639
159669
159701
159733
159765
159800
159830
159860
159892
159924
159956
159990
160022
160054
160085
160116
160148
160180
160212
160247
160277
160307
160339
160371
160403
160437
160469
160501
160532
160564
160596
160628
160660
160692
160722
160752
160784
160816
160848
160883
160913
160943
160975
161007
161039
161073
161105
161137
161168
161200
161232
161264
161296
161330
161362
161394
161425
161457
161489
161521
161556
161587
161619
161651
161683
161717
161749
161781
161813
161846
161878
161910
161942
161975
162008
162040
162071
162103
162135
162167
162202
162233
162265
162297
162329
162363
162395
162427
162459
162493
162525
162557
162589
162621
162655
162687
162720
162752
162785
162817
162851
162883
162915
162947
162979
163013
163046
163078
163110
163143
163175
163209
163241
163274
163306
163341
163373
163405
163437
163471
163505
163537
163570
163602
163637
163669
163701
163733
163769
163803
163835
163867
163900
163935
163967
164001
164033
164066
164098
164132
164165
164197
164229
164263
164297
164329
164362
164394
164429
164461
164493
164525
164561
164595
164627
164659
164692
164727
164759
164794
164826
164858
164890
164924
164958
164990
165023
165055
165088
165120
165152
165184
165218
165250
165282
165313
165345
165377
165409
165444
165475
165507
165539
165571
165605
165637
165669
165701
165734
165766
165798
165830
165863
165896
165928
165959
165991
166023
166055
166090
166121
166153
166185
166217
166251
166283
166315
166347
166381
166413
166445
166477
166509
166543
166575
166608
166640
166673
166705
166739
166771
166803
166835
166867
166901
166934
166966
166998
167031
167063
167097
167129
167162
167194
167229
167261
167293
167325
167359
167393
167425
167458
167490
167525
167557
167589
167621
167657
167691
167723
167755
167788
167823
167855
167889
167921
167954
167986
168020
168053
168085
168117
168151
168185
168217
168250
168282
168317
168349
168381
168413
168449
168483
168515
168547
168580
168615
168647
168682
168714
168746
168778
168812
168846
168878
168911
168943
168978
169010
169042
169074
169110
169144
169176
169208
169241
169276
169310
169342
169375
169407
169441
169475
169507
169540
169572
169607
169639
169671
169703
169738
169772
169804
169837
169869
169904
169936
169968
170000
170036
170070
170102
170134
170167
170202
170234
170269
170301
170333
170365
170399
170433
170465
170498
170530
170565
170597
170629
170661
170697
170731
170763
170795
170828
170863
170898
170930
170962
170994
171028
171062
171094
171127
171159
171194
171226
171258
171290
171326
171360
171392
171424
171457
171493
171527
171559
171591
171627
171661
171694
171726
171759
171795
171829
171861
171893
171929
171963
171996
172028
172061
172097
172131
172163
172195
172231
172265
172299
172332
172367
172399
172434
172466
172502
172534
172570
172604
172636
172668
172701
172737
172771
172803
172835
172871
172905
172938
172970
173003
173039
173073
173105
173137
173173
173207
173240
173272
173305
173341
173375
173407
173439
173475
173509
173543
173576
173611
173643
173678
173710
173746
173780
173816
173850
173882
173914
173950
173985
174017
174049
174085
174119
174153
174186
174221
174253
174288
174320
174356
174390
174426
174460
174492
174524
174560
174598
174632
174668
174703
174735
174771
174805
174841
174875
174907
174939
174975
175013
175047
175083
175121
175154
175186
175222
175260
175294
175326
175358
175394
175432
175466
175502
175540
175573
175605
175641
175679
175713
175749
175787
175820
175855
175891
175928
175963
175999
176035
176067
176103
176141
176175
176211
176248
176281
176313
176349
176387
176421
176457
176495
176528
176560
176596
176634
176668
176700
176732
176768
176806
176840
176876
176914
176947
176979
177015
177053
177087
177123
177161
177194
177229
177265
177302
177337
177373
177409
177441
177477
177515
177549
177585
177622
177658
177691
177727
177765
177799
177835
177869
177905
177943
177977
178009
178045
178083
178117
178153
178191
178224
178256
178292
178330
178364
178400
178438
178471
178506
178542
178579
178614
178650
178686
178718
178754
178792
178826
178862
178899
178935
178968
179004
179042
179076
179112
179146
179182
179220
179254
179290
179328
179361
179396
179432
179469
179504
179540
179576
179608
179644
179682
179716
179752
179790
179825
179858
179894
179932
179966
180002
180040
180075
180111
180149
180185
180222
180258
180294
180330
180366
180402
180438
180475
180511
180547
180585
180621
180658
180694
180730
180766
180802
180840
180875
180911
180949
180985
181021
181057
181094
181129
181165
181203
181238
181274
181312
181347
181383
181421
181457
181493
181529
181565
181601
181638
181674
181710
181747
181783
181819
181857
181893
181929
181965
182002
182038
182074
182112
182147
182183
182221
182257
182293
182329
182366
182401
182437
182475
182510
182546
182584
182620
182657
182693
182729
182765
182801
182837
182873
182910
182946
182982
183020
183056
183093
183129
183165
183201
183237
183275
183310
183346
183384
183420
183458
183493
183529
183567
183604
183642
183677
183713
183751
183789
183825
183862
183899
183937
183972
184008
184046
184083
184121
184156
184192
184230
184268
184305
184341
184379
184417
184456
184494
184530
184568
184606
184643
184680
184716
184754
184792
184828
184865
184902
184940
184975
185011
185049
185086
185124
185159
185195
185233
185271
185308
185344
185382
185420
185459
185497
185533
185571
185609
185646
185684
185722
185761
185799
185835
185873
185911
185950
185988
186026
186065
186101
186139
186177
186215
186253
186291
186330
186368
186404
186442
186480
186519
186557
186595
186634
186670
186708
186746
186785
186823
186861
186900
186938
186976
187014
187052
187091
187129
187167
187206
187244
187282
187321
187361
187399
187438
187476
187514
187553
187593
187632
187671
187710
187750
187788
187827
187865
187903
187942
187982
188020
188058
188097
188135
188173
188212
188250
188288
188327
188367
188405
188444
188482
188520
188559
188599
188638
188677
188716
188755
188794
188833
188871
188909
188948
188988
189027
189067
189105
189144
189184
189223
189262
189301
189341
189380
189419
189458
189497
189537
189576
189615
189655
189694
189733
189772
189811
189851
189890
189929
189969
190008
190047
190086
190125
190165
190204
190244
190283
190323
190361
190400
190440
190479
190519
190558
190598
190637
190676
190715
190754
190794
190833
190873
190913
190952
190991
191030
191070
191109
191149
191188
191227
191267
191306
191347
191386
191425
191464
191503
191543
191582
191622
191661
191701
191739
191778
191818
191857
191897
191936
191976
192015
192054
192093
192132
192172
192211
192251
192291
192330
192369
192408
192448
192487
192527
192566
192605
192645
192684
192725
192764
192804
192842
192881
192921
192960
193003
193042
193083
193122
193162
193200
193239
193279
193318
193363
193406
193445
193485
193523
193562
193602
193641
193682
193721
193766
193806
193845
193888
193926
193965
194005
194044
194088
194127
194168
194207
194247
194285
194324
194364
194403
194448
194491
194530
194570
194608
194647
194687
194726
194767
194806
194851
194891
194930
194973
195011
195050
195090
195129
195174
195213
195253
195294
195333
195376
195415
195457
195497
195536
195577
195616
195656
195700
195740
195783
195821
195860
195900
195939
195984
196024
196063
196104
196143
196186
196225
196270
196310
196348
196387
196427
196466
196510
196555
196595
196634
196673
196713
196752
196796
196839
196881
196919
196958
196998
197037
197082
197125
197167
197205
197244
197284
197323
197368
197410
197453
197492
197536
197575
197615
197657
197696
197739
197778
197823
197865
197907
197947
197988
198030
198070
198112
198151
198196
198239
198280
198320
198362
198403
198443
198488
198528
198572
198612
198656
198695
198735
198780
198820
198864
198904
198948
198987
199032
199072
199112
199156
199200
199241
199281
199325
199364
199409
199450
199494
199533
199577
199619
199663
199702
199746
199791
199832
199871
199915
199960
200001
200045
200084
200129
200170
200214
200259
200301
200341
200383
200428
200471
200514
200554
200599
200640
200684
200729
200771
200812
200853
200898
200942
200984
201029
201072
201111
201156
201203
201242
201287
201332
201373
201418
201463
201504
201545
201590
201637
201676
201721
201767
201806
201851
201898
201937
201982
202027
202068
202113
202158
202199
202240
202285
202330
202371
202416
202461
202502
202547
202592
202633
202677
202722
202764
202808
202853
202894
202939
202984
203025
203070
203115
203156
203201
203246
203287
203328
203373
203420
203459
203504
203550
203590
203635
203682
203721
203765
203810
203854
203896
203941
203985
204027
204072
204119
204158
204203
204249
204291
204336
204383
204422
204467
204513
204556
204601
204647
204689
204734
204780
204823
204868
204914
204957
205002
205047
205090
205135
205181
205221
205266
205312
205355
205400
205446
205488
205533
205579
205622
205667
205713
205758
205803
205846
205891
205937
205980
206024
206069
206113
206158
206203
206247
206291
206336
206381
206425
206470
206516
206561
206605
206649
206694
206739
206783
206828
206872
206916
206961
207006
207050
207095
207141
207186
207231
207276
207320
207365
207410
207454
207499
207545
207590
207635
207680
207724
207769
207815
207861
207906
207950
207995
208041
208085
208130
208175
208219
208263
208308
208353
208397
208442
208488
208533
208577
208621
208666
208711
208755
208800
208844
208888
208933
208978
209022
209067
209113
209158
209203
209248
209292
209337
209382
209426
209471
209517
209562
209607
209652
209696
209741
209787
209833
209878
209922
209967
210013
210059
210104
210150
210195
210240
210285
210329
210374
210420
210466
210511
210555
210600
210646
210693
210738
210784
210831
210877
210926
210971
211017
211064
211109
211155
211201
211248
211293
211338
211382
211427
211472
211516
211561
211607
211652
211697
211742
211786
211831
211877
211923
211968
212012
212057
212103
212149
212194
212240
212285
212330
212375
212419
212464
212510
212556
212601
212645
212690
212736
212783
212828
212874
212921
212967
213016
213061
213107
213154
213199
213245
213291
213338
213383
213429
213476
213522
213570
213616
213662
213709
213754
213800
213847
213893
213941
213987
214034
214079
214125
214172
214218
214267
214312
214358
214405
214450
214496
214543
214589
214640
214687
214736
214782
214829
214874
214920
214967
215013
215064
215111
215162
215213
215260
215307
215353
215402
215451
215500
215551
215601
215647
215696
215742
215793
215840
215891
215942
215990
216036
216087
216134
216185
216235
216284
216335
216383
216431
216480
216526
216577
216624
216675
216726
216774
216820
216871
216918
216969
217020
217069
217119
217167
217218
217266
217315
217361
217412
217459
217510
217561
217609
217655
217706
217753
217804
217855
217904
217955
218002
218053
218104
218153
218204
218251
218302
218353
218402
218453
218500
218551
218602
218654
218703
218754
218805
218854
218905
218956
219005
219056
219103
219154
219205
219257
219306
219357
219408
219459
219508
219559
219610
219661
219711
219762
219813
219864
219915
219965
220016
220066
220117
220168
220220
220269
220320
220371
220422
220473
220523
220574
220625
220677
220727
220778
220829
220881
220932
220983
221036
221087
221139
221189
221240
221291
221342
221393
221444
221496
221546
221597
221648
221700
221751
221802
221855
221906
221958
222008
222059
222110
222162
222213
222264
222318
222369
222421
222472
222523
222575
222627
222678
222729
222780
222831
222883
222934
222985
223039
223090
223142
223193
223244
223296
223348
223399
223450
223502
223553
223605
223656
223707
223761
223812
223864
223915
223966
224018
224070
224121
224172
224226
224277
224329
224380
224431
224485
224536
224588
224640
224691
224743
224796
224848
224900
224951
225002
225056
225107
225159
225211
225262
225315
225366
225418
225469
225520
225574
225625
225677
225728
225779
225831
225883
225934
225985
226037
226088
226140
226191
226242
226296
226347
226399
226450
226501
226553
226605
226656
226707
226761
226812
226864
226915
226966
227020
227071
227123
227175
227226
227278
227331
227383
227435
227486
227537
227591
227642
227694
227746
227797
227851
227902
227954
228006
228058
228109
228160
228214
228265
228317
228368
228419
228473
228524
228576
228628
228679
228731
228784
228836
228888
228939
228990
229044
229095
229147
229199
229250
229304
229355
229407
229460
229512
229565
229617
229669
229720
229774
229825
229877
229931
229982
230036
230088
230141
230193
230245
230296
230350
230401
230453
230506
230558
230611
230663
230715
230766
230820
230871
230923
230977
231028
231082
231134
231188
231239
231293
231347
231401
231452
231506
231561
231615
231667
231720
231772
231824
231878
231929
231981
232035
232086
232140
232192
232246
232297
232351
232405
232459
232510
232564
232619
232673
232725
232778
232830
232884
232938
232992
233043
233097
233152
233206
233258
233311
233365
233421
233475
233526
233580
233635
233689
233741
233794
233848
233904
233958
234009
234063
234120
234175
234227
234281
234334
234388
234444
234496
234549
234603
234660
234714
234767
234821
234875
234931
234985
235036
235090
235147
235201
235254
235308
235365
235419
235472
235526
235580
235636
235690
235741
235795
235852
235907
235959
236013
236070
236125
236179
236234
236291
236345
236400
236456
236509
236563
236617
236671
236727
236778
236832
236889
236944
236996
237050
237107
237162
237216
237271
237328
237383
237437
237493
237548
237605
237659
237712
237766
237823
237878
237932
237987
238044
238098
238153
238209
238262
238316
238370
238424
238480
238531
238585
238642
238697
238749
238803
238860
238915
238969
239024
239081
239136
239190
239246
239302
239358
239412
239469
239524
239581
239638
239693
239750
239807
239861
239918
239973
240030
240087
240142
240199
240256
240313
240371
240429
240486
240543
240600
240657
240713
240770
240827
240883
240940
240997
241052
241109
241166
241223
241281
241339
241396
241453
241510
241567
241623
241680
241737
241794
241852
241910
241967
242024
242081
242138
242196
242254
242311
242369
242426
242484
242542
242599
242656
242713
242770
242828
242886
242943
243001
243059
243117
243174
243231
243288
243345
243403
243461
243518
243576
243634
243692
243752
243810
243868
243926
243986
244045
244105
244163
244221
244279
244339
244399
244459
244519
244579
244639
244700
244760
244820
244880
244940
245000
245060
245122
245182
245242
245302
245362
245423
245483
245543
245605
245665
245725
245785
245845
245907
245968
246029
246090
246150
246210
246272
246333
246394
246456
246517
246579
246640
246702
246763
246825
246886
246948
247010
247071
247133
247194
247256
247318
247379
247441
247503
247565
247626
247688
247750
247812
247874
247936
247999
248061
248124
248186
248249
248313
248375
248438
248500
248563
248626
248690
248752
248815
248877
248940
249004
249067
249130
249194
249259
249322
249386
249449
249512
249576
249641
249704
249768
249833
249897
249961
250025
250090
250153
250217
250282
250346
250411
250475
250540
250604
250668
250732
250796
250860
250925
250989
251054
251118
251183
251247
251311
251376
251440
251505
251569
251634
251698
251763
251827
251892
251956
252021
252085
252150
252215
252279
252344
252409
252474
252538
252603
252667
252732
252796
252861
252925
252990
253054
253119
253183
253248
253312
253377
253441
253506
253571
253635
253700
253765
253830
253894
253959
254024
254088
254153
254218
254283
254349
254414
254480
254547
254614
254679
254743
254808
254873
254937
255002
255067
255132
255198
255263
255329
255396
255463
255530
255598
255665
255733
255800
255868
255934
255999
256065
256132
256199
256266
256334
256401
256469
256536
256604
256672
256740
256809
256877
256945
257013
257081
257150
257218
257288
257357
257427
257497
257568
257638
257708
257779
257847
257915
257984
258052
258122
258191
258261
258331
258402
258472
258542
258613
258683
258754
258824
258895
258965
259036
259106
259177
259248
259318
259389
259459
259530
259600
259671
259741
259813
259885
259956
260026
260097
260169
260241
260312
260382
260454
260526
260598
260670
260742
260815
260888
260960
261032
261105
261178
261252
261325
261397
261470
261543
261617
261691
261764
261837
261910
261982
262054
262127
262200
262274
262347
262419
262492
262565
262639
262713
262787
262860
262934
263008
263082
263155
263229
263303
263377
263451
263524
263598
263672
263746
263819
263893
263967
264041
264115
264189
264264
264338
264412
264486
264560
264634
264708
264782
264856
264930
265004
265079
265153
265227
265301
265375
265451
265526
265600
265676
265751
265827
265903
265978
266054
266130
266206
266281
266357
266433
266509
266585
266661
266737
266813
266889
266965
267041
267117
267194
267272
267349
267426
267502
267578
267654
267731
267809
267886
267964
268041
268119
268196
268274
268352
268430
268508
268586
268664
268743
268821
268899
268979
269060
269142
269222
269302
269380
269458
269538
269619
269701
269781
269862
269942
270022
270103
270185
270265
270346
270429
270511
270594
270676
270758
270838
270919
271002
271084
271167
271248
271331
271413
271496
271578
271660
271740
271821
271904
271986
272069
272151
272234
272316
272399
272482
272565
272647
272730
272814
272897
272980
273063
273146
273228
273311
273395
273479
273563
273646
273729
273813
273897
273981
274065
274149
274233
274321
274409
274497
274586
274676
274764
274848
274936
275024
275112
275201
275291
275379
275467
275555
275644
275734
275824
275918
276011
276099
276188
276278
276368
276462
276556
276646
276736
276830
276925
277020
277109
277199
277289
277383
277477
277567
277657
277751
277846
277942
278032
278126
278220
278310
278400
278494
278589
278685
278780
278875
278971
279067
279163
279259
279355
279452
279549
279644
279738
279828
279918
280012
280107
280203
280298
280393
280489
280585
280681
280777
280873
280970
281067
281167
281267
281365
281461
281557
281654
281751
281851
281951
282051
282151
282251
282352
282452
282554
282658
282760
282864
282967
283071
283175
283279
283382
283486
283590
283694
283800
283903
284007
284111
284215
284322
284426
284533
284638
284745
284852
284959
285066
285173
285280
285387
285496
285603
285710
285817
285927
286035
286142
286249
286357
286470
286579
286692
286800
286910
287017
287125
287238
287347
287460
287568
287681
287790
287903
288013
288124
288237
288346
288459
288569
288681
288794
288904
289017
289129
289241
289354
289464
289577
289691
289805
289918
290032
290146
290260
290374
290492
290611
290729
290846
290964
291083
291201
291320
291438
291561
291679
291802
291920
292041
292161
292282
292405
292523
292646
292764
292887
293010
293133
293256
293379
293502
293622
293745
293863
293986
294109
294232
294355
294478
294601
294725
294850
294975
295101
295229
295357
295487
295618
295750
295881
296016
296149
296284
296417
296552
296685
296820
296955
297088
297223
297358
297493
297629
297764
297901
298036
298173
298310
298447
298584
298721
298859
298997
299136
299274
299413
299555
299697
299839
299982
300127
300273
300418
300563
300709
300855
301000
301146
301293
301439
301586
301734
301884
302034
302184
302336
302488
302638
302790
302942
303094
303247
303401
303557
303712
303868
304024
304183
304342
304503
304664
304828
304992
305156
305319
305478
305639
305800
305964
306128
306292
306459
306624
306789
306953
307120
307285
307452
307620
307789
307961
308131
308300
308472
308645
308820
308992
309165
309340
309518
309695
309873
310050
310228
310407
310588
310768
310947
311128
311308
311489
311672
311857
312039
312219
312400
312583
312768
312954
313139
313322
313505
313690
313876
314061
314247
314433
314619
314805
314992
315180
315368
315557
315747
315939
316131
316326
316521
316716
316911
317108
317305
317506
317704
317905
318106
318308
318509
318712
318917
319122
319328
319533
319748
319958
320173
320389
320604
320820
321041
321258
321479
321701
321920
322141
322363
322585
322809
323033
323257
323486
323717
323946
324178
324411
324659
324892
325131
325379
325612
325865
326111
326364
326618
326873
327131
327391
327651
327911
328177
328445
328711
328979
329249
329519
329790
330063
330336
330607
330880
331157
331432
331709
331988
332270
332554
332839
333124
333410
333695
333981
334267
334560
334854
335154
335455
335760
336063
336368
336675
336983
337292
337602
337915
338229
338543
338858
339174
339491
339808
340128
340448
340774
341101
341429
341757
342087
342423
342754
343090
343426
343764
344105
344443
344785
345129
345480
345824
346179
346528
346883
347251
347619
347988
348366
348747
349128
349524
349923
350319
350721
351131
351543
351955
352378
352803
353230
353655
354083
354527
354976
355435
355901
356368
356835
357309
357789
358270
358769
359276
359784
360294
360810
361328
361853
362394
362939
363484
364039
364634
365189
365787
366387
366991
367591
368212
368856
369511
370169
370840
371514
372200
372898
373603
374339
375078
375835
376574
377351
378133
378922
379726
380534
381355
382199
383050
383906
384817
385744
386849
388368
390869
393736
396914
400002
403659
406911
410934
415904
421373
427360
434269
442045
450525
458817
467598
477181
487704
497626
507868
518671
530395
542923
556145
570131
584870
600412
616537
632993
649523
666836
684145
702039
720550
740048
760228
780941
802188
823959
846260
869313
892514
916253
940284
965003
990620
1017198
1044489
1072016
1100139
1129178
1158440
1188612
1219515
1251407
1283745
1316779
1350370
1384785
1419627
1454520
1490347
1526387
1563250
1601093
1638790
1677355
1716295
1755743
1795721
1836120
1876646
1917585
1959042
2001355
2044619
2088393
2133146
2178822
2225126
2271461
2318659
2365972
2414201
2463328
