100000
150000
207067
272624
347828
429933
519584
618051
712666
806730
905197
1000366
1096951
1194900
1290587
1389054
1485121
1583357
1680007
1777891
1875082
1972777
2070259
2167852
2265466
2363029
2460780
2558236
2656129
2753585
2851512
2948968
3046948
3144408
3242331
3339934
3437771
3535518
3633297
3731200
3828881
3926925
4024563
4122685
4220288
4318537
4416140
4514441
4612044
4710378
4807981
4906448
5004083
5102508
5200375
5298610
5396685
5494902
5593027
5691212
5789385
5887554
5985755
6083912
6182179
6280282
6378606
6476706
6575101
6673133
6771600
6869628
6968095
7066273
7164740
7262969
7361436
7459714
7558181
7656509
7754976
7853323
7951790
8050144
8148611
8246974
8345441
8443826
8542293
8640685
8739152
8837562
8936029
9034554
9132987
9231454
9329979
9428446
9526985
9625452
9724027
9822494
9921127
10019594
10118264
10216731
10315461
10413928
10512674
10611141
10709920
10808387
10907181
11005648
11104443
11202910
11301798
11400265
11499156
11597623
11696544
11795011
11894088
11992555
12091569
12190130
12289113
12387711
12486688
12585314
12684269
12782949
12881872
12980639
13079507
13178368
13277197
13376103
13474926
13573849
13672661
13771598
13870407
13969362
14068156
14167127
14265920
14364978
14463771
14562742
14661684
14760593
14859600
14958506
15057528
15156422
15255517
15354350
15453445
15552361
15651456
15750386
15849481
15948419
16047514
16146490
16245585
16344607
16443702
16542756
16641851
16740907
16840002
16939092
17038187
17137281
17236376
17335553
17434648
17533879
17632974
17732207
17831302
17930545
18029640
18128885
18227991
18327236
18426353
18525598
18624725
18723970
18823170
18922415
19021676
19120921
19220183
19319444
19418706
19518028
19617290
19716619
19815881
19915220
20014482
20113846
20213108
20312473
20411735
20511107
20610369
20709743
20809005
20908379
21007641
21107042
21206305
21305706
21404969
21504370
21603651
21703052
21802359
21901760
22001069
22100470
22199787
22299188
22398523
22497924
22597283
22696684
22796044
22895445
22994816
23094217
23193605
23293006
23392396
23491797
23591189
23690590
23789987
23889388
23988793
24088194
24187602
24287003
24386429
24485830
24585270
24684671
24784122
24883523
24982976
25082377
25181842
25281243
25380715
25480118
25579581
25679010
25778456
25877910
25977348
26076811
26176248
26275732
26375149
26474663
26574070
26673600
26773001
26872545
26971946
27071498
27170899
27270463
27369864
27469428
27568829
27668423
27767824
27867434
27966835
28066466
28165867
28265499
28364900
28464534
28563935
28663572
28762973
28862618
28962019
29061676
29161077
29260744
29360145
29459819
29559220
29658899
29758300
29858003
29957404
30057160
30156561
30256324
30355725
30455512
30554913
30654710
30754111
30853911
30953312
31053121
31152522
31252339
31351740
31451571
31550972
31650807
31750208
31850049
31949450
32049294
32148695
32248553
32347954
32447827
32547228
32647117
32746518
32846428
32945829
33045748
33145153
33245072
33344486
33444401
33543836
33643734
33743187
33843084
33942539
34042435
34141892
34241787
34341278
34441140
34540684
34640526
34740092
34839932
34939524
35039340
35138958
35238772
35338398
35438206
35537868
35637646
35737350
35837116
35936836
36036598
36136330
36236084
36335833
36435578
36535343
36635081
36734861
36834599
36934394
37034132
37133940
37233678
37333494
37433232
37533056
37632794
37732622
37832360
37932188
38031926
38131757
38231495
38331328
38431066
38530926
38630664
38730550
38830288
38930175
39029913
39129831
39229569
39329488
39429229
39529148
39628889
39728808
39828550
39928469
40028217
40128136
40227892
40327811
40427582
40527501
40627294
40727213
40827022
40926941
41026757
41126676
41226497
41326416
41426239
41526158
41625987
41725906
41825738
41925657
42025495
42125414
42225282
42325201
42425069
42524988
42624868
42724787
42824676
42924595
43024489
43124408
43224303
43324222
43424127
43524046
43623956
43723875
43823813
43923732
44023676
44123595
44223545
44323464
44423418
44523337
44623296
44723215
44823192
44923111
45023090
45123009
45222991
45322910
45422893
45522819
45622802
45722730
45822713
45922656
46022639
46122585
46222568
46322527
46422510
46522471
46622454
46722434
46822417
46922399
47022382
47122364
47222347
47322331
47422314
47522302
47622285
47722285
47822272
47922272
48022272
48122272
48222272
48322272
48422272
48522272
48622272
48722272
48822272
48922272
49022272
49122272
49222272
49322272
49422272
49522272
49622272
49722272
49822272
49922272
50022272
50122272
50222272
50322272
50422272
50522272
50622272
50722272
50822272
50922272
51022272
51122272
51222272
51322272
51422272
51522272
51622272
51722272
51822272
51922272
52022272
52122272
52222272
52322272
52422272
52522272
52622272
52722272
52822272
52922272
53022272
53122272
53222272
53322272
53422272
53522272
53622272
53722272
53822272
53922272
54022272
54122272
54222272
54322272
54422272
54522272
54622272
54722272
54822272
54922272
55022272
55122272
55222272
55322272
55422272
55522272
55622272
55722272
55822272
55922272
56022272
56122272
56222272
56322272
56422272
56522272
56622272
56722272
56822272
56922272
57022272
57122272
57222272
57322272
57422272
57522272
57622272
57722272
57822272
57922272
58022272
58122272
58222272
58322272
58422272
58522272
58622272
58722272
58822272
58922272
59022272
59122272
59222272
59322272
59422272
59522272
59622272
59722272
59822272
59922272
60022272
60122272
60222272
60322272
60422272
60522272
60622272
60722272
60822272
60922272
61022272
61122272
61222272
61322272
61422272
61522272
61622272
61722272
61822272
61922272
62022272
62122272
62222272
62322272
62422272
62522272
62622272
62722272
62822272
62922272
63022272
63122272
63222272
63322272
63422272
63522272
63622272
63722272
63822272
63922272
64022272
64122272
64222272
64322272
64422272
64522272
64622272
64722272
64822272
64922272
65022272
65122272
65222272
65322272
65422272
65522272
65622272
65722272
65822272
65922272
66022272
66122272
66222272
66322272
66422272
66522272
66622272
66722272
66822272
66922272
67022272
67122272
67222272
67322272
67422272
67522272
67622272
67722272
67822272
67922272
68022272
68122272
68222272
68322272
68422272
68522272
68622272
68722272
68822272
68922272
69022272
69122272
69222272
69322272
69422272
69522272
69622272
69722272
69822272
69922272
70022272
70122272
70222272
70322272
70422272
70522272
70622272
70722272
70822272
70922272
71022272
71122272
71222272
71322272
71422272
71522272
71622272
71722272
71822272
71922272
72022272
72122272
72222272
72322272
72422272
72522272
72622272
72722272
72822272
72922272
73022272
73122272
73222272
73322272
73422272
73522272
73622272
73722272
73822272
73922272
74022272
74122272
74222272
74322272
74422272
74522272
74622272
74722272
74822272
74922272
75022272
75122272
75222272
75322272
75422272
75522272
75622272
75722272
75822272
75922272
76022272
76122272
76222272
76322272
76422272
76522272
76622272
76722272
76822272
76922272
77022272
77122272
77222272
77322272
77422272
77522272
77622272
77722272
77822272
77922272
78022272
78122272
78222272
78322272
78422272
78522272
78622272
78722272
78822272
78922272
79022272
79122272
79222272
79322272
79422272
79522272
79622272
79722272
79822272
79922272
80022272
80122272
80222272
80322272
80422272
80522272
80622272
80722272
80822272
80922272
81022272
81122272
81222272
81322272
81422272
81522272
81622272
81722272
81822272
81922272
82022272
82122272
82222272
82322272
82422272
82522272
82622272
82722272
82822272
82922272
83022272
83122272
83222272
83322272
83422272
83522272
83622272
83722272
83822272
83922272
84022272
84122272
84222272
84322272
84422272
84522272
84622272
84722272
84822272
84922272
85022272
85122272
85222272
85322272
85422272
85522272
85622272
85722272
85822272
85922272
86022272
86122272
86222272
86322272
86422272
86522272
86622272
86722272
86822272
86922272
87022272
87122272
87222272
87322272
87422272
87522272
87622272
87722272
87822272
87922272
88022272
88122272
88222272
88322272
88422272
88522272
88622272
88722272
88822272
88922272
89022272
89122272
89222272
89322272
89422272
89522272
89622272
89722272
89822272
89922272
90022272
90122272
90222272
90322272
90422272
90522272
90622272
90722272
90822272
90922272
91022272
91122272
91222272
91322272
91422272
91522272
91622272
91722272
91822272
91922272
92022272
92122272
92222272
92322272
92422272
92522272
92622272
92722272
92822272
92922272
93022272
93122272
93222272
93322272
93422272
93522272
93622272
93722272
93822272
93922272
94022272
94122272
94222272
94322272
94422272
94522272
94622272
94722272
94822272
94922272
95022272
95122272
95222272
95322272
95422272
95522272
95622272
95722272
95822272
95922272
96022272
96122272
96222272
96322272
96422272
96522272
96622272
96722272
96822272
96922272
97022272
97122272
97222272
97322272
97422272
97522272
97622272
97722272
97822272
97922272
98022272
98122272
98222272
98322272
98422272
98522272
98622272
98722272
98822272
98922272
99022272
99122272
99222272
99322272
99422272
99522272
99622272
99722272
99822272
99922272
100022272
100122272
100222272
100322272
100422272
100522272
100622272
100722272
100822272
100922272
101022272
101122272
101222272
101322272
101422272
101522272
101622272
101722272
101822272
101922272
102022272
102122272
102222272
102322272
102422272
102522272
102622272
102722272
102822272
102922272
103022272
103122272
103222272
103322272
103422272
103522272
103622272
103722272
103822272
103922272
104022272
104122272
104222272
104322272
104422272
104522272
104622272
104722272
104822272
104922272
105022272
105122272
105222272
105322272
105422272
105522272
105622272
105722272
105822272
105922272
106022272
106122272
106222272
106322272
106422272
106522272
106622272
106722272
106822272
106922272
107022272
107122272
107222272
107322272
107422272
107522272
107622272
107722272
107822272
107922272
108022272
108122272
108222272
108322272
108422272
108522272
108622272
108722272
108822272
108922272
109022272
109122272
109222272
109322272
109422272
109522272
109622272
109722272
109822272
109922272
110022272
110122272
110222272
110322272
110422272
110522272
110622272
110722272
110822272
110922272
111022272
111122272
111222272
111322272
111422272
111522272
111622272
111722272
111822272
111922272
112022272
112122272
112222272
112322272
112422272
112522272
112622272
112722272
112822272
112922272
113022272
113122272
113222272
113322272
113422272
113522272
113622272
113722272
113822272
113922272
114022272
114122272
114222272
114322272
114422272
114522272
114622272
114722272
114822272
114922272
115022272
115122272
115222272
115322272
115422272
115522272
115622272
115722272
115822272
115922272
116022272
116122272
116222272
116322272
116422272
116522272
116622272
116722272
116822272
116922272
117022272
117122272
117222272
117322272
117422272
117522272
117622272
117722272
117822272
117922272
118022272
118122272
118222272
118322272
118422272
118522272
118622272
118722272
118822272
118922272
119022272
119122272
119222272
119322272
119422272
119522272
119622272
119722272
119822272
119922272
120022272
120122272
120222272
120322272
120422272
120522272
120622272
120722272
120822272
120922272
121022272
121122272
121222272
121322272
121422272
121522272
121622272
121722272
121822272
121922272
122022272
122122272
122222272
122322272
122422272
122522272
122622272
122722272
122822272
122922272
123022272
123122272
123222272
123322272
123422272
123522272
123622272
123722272
123822272
123922272
124022272
124122272
124222272
124322272
124422272
124522272
124622272
124722272
124822272
124922272
125022272
125122272
125222272
125322272
125422272
125522272
125622272
125722272
125822272
125922272
126022272
126122272
126222272
126322272
126422272
126522272
126622272
126722272
126822272
126922272
127022272
127122272
127222272
127322272
127422272
127522272
127622272
127722272
127822272
127922272
128022272
128122272
128222272
128322272
128422272
128522272
128622272
128722272
128822272
128922272
129022272
129122272
129222272
129322272
129422272
129522272
129622272
129722272
129822272
129922272
130022272
130122272
130222272
130322272
130422272
130522272
130622272
130722272
130822272
130922272
131022272
131122272
131222272
131322272
131422272
131522272
131622272
131722272
131822272
131922272
132022272
132122272
132222272
132322272
132422272
132522272
132622272
132722272
132822272
132922272
133022272
133122272
133222272
133322272
133422272
133522272
133622272
133722272
133822272
133922272
134022272
134122272
134222272
134322272
134422272
134522272
134622272
134722272
134822272
134922272
135022272
135122272
135222272
135322272
135422272
135522272
135622272
135722272
135822272
135922272
136022272
136122272
136222272
136322272
136422272
136522272
136622272
136722272
136822272
136922272
137022272
137122272
137222272
137322272
137422272
137522272
137622272
137722272
137822272
137922272
138022272
138122272
138222272
138322272
138422272
138522272
138622272
138722272
138822272
138922272
139022272
139122272
139222272
139322272
139422272
139522272
139622272
139722272
139822272
139922272
140022272
140122272
140222272
140322272
140422272
140522272
140622272
140722272
140822272
140922272
141022272
141122272
141222272
141322272
141422272
141522272
141622272
141722272
141822272
141922272
142022272
142122272
142222272
142322272
142422272
142522272
142622272
142722272
142822272
142922272
143022272
143122272
143222272
143322272
143422272
143522272
143622272
143722272
143822272
143922272
144022272
144122272
144222272
144322272
144422272
144522272
144622272
144722272
144822272
144922272
145022272
145122272
145222272
145322272
145422272
145522272
145622272
145722272
145822272
145922272
146022272
146122272
146222272
146322272
146422272
146522272
146622272
146722272
146822272
146922272
147022272
147122272
147222272
147322272
147422272
147522272
147622272
147722272
147822272
147922272
148022272
148122272
148222272
148322272
148422272
148522272
148622272
148722272
148822272
148922272
149022272
149122272
149222272
149322272
149422272
149522272
149622272
149722272
149822272
149922272
150022272
150122272
150222272
150322272
150422272
150522272
150622272
150722272
150822272
150922272
151022272
151122272
151222272
151322272
151422272
151522272
151622272
151722272
151822272
151922272
152022272
152122272
152222272
152322272
152422272
152522272
152622272
152722272
152822272
152922272
153022272
153122272
153222272
153322272
153422272
153522272
153622272
153722272
153822272
153922272
154022272
154122272
154222272
154322272
154422272
154522272
154622272
154722272
154822272
154922272
155022272
155122272
155222272
155322272
155422272
155522272
155622272
155722272
155822272
155922272
156022272
156122272
156222272
156322272
156422272
156522272
156622272
156722272
156822272
156922272
157022272
157122272
157222272
157322272
157422272
157522272
157622272
157722272
157822272
157922272
158022272
158122272
158222272
158322272
158422272
158522272
158622272
158722272
158822272
158922272
159022272
159122272
159222272
159322272
159422272
159522272
159622272
159722272
159822272
159922272
160022272
160122272
160222272
160322272
160422272
160522272
160622272
160722272
160822272
160922272
161022272
161122272
161222272
161322272
161422272
161522272
161622272
161722272
161822272
161922272
162022272
162122272
162222272
162322272
162422272
162522272
162622272
162722272
162822272
162922272
163022272
163122272
163222272
163322272
163422272
163522272
163622272
163722272
163822272
163922272
164022272
164122272
164222272
164322272
164422272
164522272
164622272
164722272
164822272
164922272
165022272
165122272
165222272
165322272
165422272
165522272
165622272
165722272
165822272
165922272
166022272
166122272
166222272
166322272
166422272
166522272
166622272
166722272
166822272
166922272
167022272
167122272
167222272
167322272
167422272
167522272
167622272
167722272
167822272
167922272
168022272
168122272
168222272
168322272
168422272
168522272
168622272
168722272
168822272
168922272
169022272
169122272
169222272
169322272
169422272
169522272
169622272
169722272
169822272
169922272
170022272
170122272
170222272
170322272
170422272
170522272
170622272
170722272
170822272
170922272
171022272
171122272
171222272
171322272
171422272
171522272
171622272
171722272
171822272
171922272
172022272
172122272
172222272
172322272
172422272
172522272
172622272
172722272
172822272
172922272
173022272
173122272
173222272
173322272
173422272
173522272
173622272
173722272
173822272
173922272
174022272
174122272
174222272
174322272
174422272
174522272
174622272
174722272
174822272
174922272
175022272
175122272
175222272
175322272
175422272
175522272
175622272
175722272
175822272
175922272
176022272
176122272
176222272
176322272
176422272
176522272
176622272
176722272
176822272
176922272
177022272
177122272
177222272
177322272
177422272
177522272
177622272
177722272
177822272
177922272
178022272
178122272
178222272
178322272
178422272
178522272
178622272
178722272
178822272
178922272
179022272
179122272
179222272
179322272
179422272
179522272
179622272
179722272
179822272
179922272
180022272
180122272
180222272
180322272
180422272
180522272
180622272
180722272
180822272
180922272
181022272
181122272
181222272
181322272
181422272
181522272
181622272
181722272
181822272
181922272
182022272
182122272
182222272
182322272
182422272
182522272
182622272
182722272
182822272
182922272
183022272
183122272
183222272
183322272
183422272
183522272
183622272
183722272
183822272
183922272
184022272
184122272
184222272
184322272
184422272
184522272
184622272
184722272
184822272
184922272
185022272
185122272
185222272
185322272
185422272
185522272
185622272
185722272
185822272
185922272
186022272
186122272
186222272
186322272
186422272
186522272
186622272
186722272
186822272
186922272
187022272
187122272
187222272
187322272
187422272
187522272
187622272
187722272
187822272
187922272
188022272
188122272
188222272
188322272
188422272
188522272
188622272
188722272
188822272
188922272
189022272
189122272
189222272
189322272
189422272
189522272
189622272
189722272
189822272
189922272
190022272
190122272
190222272
190322272
190422272
190522272
190622272
190722272
190822272
190922272
191022272
191122272
191222272
191322272
191422272
191522272
191622272
191722272
191822272
191922272
192022272
192122272
192222272
192322272
192422272
192522272
192622272
192722272
192822272
192922272
193022272
193122272
193222272
193322272
193422272
193522272
193622272
193722272
193822272
193922272
194022272
194122272
194222272
194322272
194422272
194522272
194622272
194722272
194822272
194922272
195022272
195122272
195222272
195322272
195422272
195522272
195622272
195722272
195822272
195922272
196022272
196122272
196222272
196322272
196422272
196522272
196622272
196722272
196822272
196922272
197022272
197122272
197222272
197322272
197422272
197522272
197622272
197722272
197822272
197922272
198022272
198122272
198222272
198322272
198422272
198522272
198622272
198722272
198822272
198922272
199022272
199122272
199222272
199322272
199422272
199522272
199622272
199722272
199822272
199922272
200022272
200122272
200222272
200322272
200422272
200522272
200622272
200722272
200822272
200922272
201022272
201122272
201222272
201322272
201422272
201522272
201622272
201722272
201822272
201922272
202022272
202122272
202222272
202322272
202422272
202522272
202622272
202722272
202822272
202922272
203022272
203122272
203222272
203322272
203422272
203522272
203622272
203722272
203822272
203922272
204022272
204122272
204222272
204322272
204422272
204522272
204622272
204722272
204822272
204922272
205022272
205122272
205222272
205322272
205422272
205522272
205622272
205722272
205822272
205922272
206022272
206122272
206222272
206322272
206422272
206522272
206622272
206722272
206822272
206922272
207022272
207122272
207222272
207322272
207422272
207522272
207622272
207722272
207822272
207922272
208022272
208122272
208222272
208322272
208422272
208522272
208622272
208722272
208822272
208922272
209022272
209122272
209222272
209322272
209422272
209522272
209622272
209722272
209822272
209922272
210022272
210122272
210222272
210322272
210422272
210522272
210622272
210722272
210822272
210922272
211022272
211122272
211222272
211322272
211422272
211522272
211622272
211722272
211822272
211922272
212022272
212122272
212222272
212322272
212422272
212522272
212622272
212722272
212822272
212922272
213022272
213122272
213222272
213322272
213422272
213522272
213622272
213722272
213822272
213922272
214022272
214122272
214222272
214322272
214422272
214522272
214622272
214722272
214822272
214922272
215022272
215122272
215222272
215322272
215422272
215522272
215622272
215722272
215822272
215922272
216022272
216122272
216222272
216322272
216422272
216522272
216622272
216722272
216822272
216922272
217022272
217122272
217222272
217322272
217422272
217522272
217622272
217722272
217822272
217922272
218022272
218122272
218222272
218322272
218422272
218522272
218622272
218722272
218822272
218922272
219022272
219122272
219222272
219322272
219422272
219522272
219622272
219722272
219822272
219922272
220022272
220122272
220222272
220322272
220422272
220522272
220622272
220722272
220822272
220922272
221022272
221122272
221222272
221322272
221422272
221522272
221622272
221722272
221822272
221922272
222022272
222122272
222222272
222322272
222422272
222522272
222622272
222722272
222822272
222922272
223022272
223122272
223222272
223322272
223422272
223522272
223622272
223722272
223822272
223922272
224022272
224122272
224222272
224322272
224422272
224522272
224622272
224722272
224822272
224922272
225022272
225122272
225222272
225322272
225422272
225522272
225622272
225722272
225822272
225922272
226022272
226122272
226222272
226322272
226422272
226522272
226622272
226722272
226822272
226922272
227022272
227122272
227222272
227322272
227422272
227522272
227622272
227722272
227822272
227922272
228022272
228122272
228222272
228322272
228422272
228522272
228622272
228722272
228822272
228922272
229022272
229122272
229222272
229322272
229422272
229522272
229622272
229722272
229822272
229922272
230022272
230122272
230222272
230322272
230422272
230522272
230622272
230722272
230822272
230922272
231022272
231122272
231222272
231322272
231422272
231522272
231622272
231722272
231822272
231922272
232022272
232122272
232222272
232322272
232422272
232522272
232622272
232722272
232822272
232922272
233022272
233122272
233222272
233322272
233422272
233522272
233622272
233722272
233822272
233922272
234022272
234122272
234222272
234322272
234422272
234522272
234622272
234722272
234822272
234922272
235022272
235122272
235222272
235322272
235422272
235522272
235622272
235722272
235822272
235922272
236022272
236122272
236222272
236322272
236422272
236522272
236622272
236722272
236822272
236922272
237022272
237122272
237222272
237322272
237422272
237522272
237622272
237722272
237822272
237922272
238022272
238122272
238222272
238322272
238422272
238522272
238622272
238722272
238822272
238922272
239022272
239122272
239222272
239322272
239422272
239522272
239622272
239722272
239822272
239922272
240022272
240122272
240222272
240322272
240422272
240522272
240622272
240722272
240822272
240922272
241022272
241122272
241222272
241322272
241422272
241522272
241622272
241722272
241822272
241922272
242022272
242122272
242222272
242322272
242422272
242522272
242622272
242722272
242822272
242922272
243022272
243122272
243222272
243322272
243422272
243522272
243622272
243722272
243822272
243922272
244022272
244122272
244222272
244322272
244422272
244522272
244622272
244722272
244822272
244922272
245022272
245122272
245222272
245322272
245422272
245522272
245622272
245722272
245822272
245922272
246022272
246122272
246222272
246322272
246422272
246522272
246622272
246722272
246822272
246922272
247022272
247122272
247222272
247322272
247422272
247522272
247622272
247722272
247822272
247922272
248022272
248122272
248222272
248322272
248422272
248522272
248622272
248722272
248822272
248922272
249022272
249122272
249222272
249322272
249422272
249522272
249622272
249722272
249822272
249922272
250022272
250122272
250222272
250322272
250422272
250522272
250622272
250722272
250822272
250922272
251022272
251122272
251222272
251322272
251422272
251522272
251622272
251722272
251822272
251922272
252022272
252122272
252222272
252322272
252422272
252522272
252622272
252722272
252822272
252922272
253022272
253122272
253222272
253322272
253422272
253522272
253622272
253722272
253822272
253922272
254022272
254122272
254222272
254322272
254422272
254522272
254622272
254722272
254822272
254922272
255022272
255122272
255222272
255322272
255422272
255522272
255622272
255722272
255822272
255922272
256022272
256122272
256222272
256322272
256422272
256522272
256622272
256722272
256822272
256922272
257022272
257122272
257222272
257322272
257422272
257522272
257622272
257722272
257822272
257922272
258022272
258122272
258222272
258322272
258422272
258522272
258622272
258722272
258822272
258922272
259022272
259122272
259222272
259322272
259422272
259522272
259622272
259722272
259822272
259922272
260022272
260122272
260222272
260322272
260422272
260522272
260622272
260722272
260822272
260922272
261022272
261122272
261222272
261322272
261422272
261522272
261622272
261722272
261822272
261922272
262022272
262122272
262222272
262322272
262422272
262522272
262622272
262722272
262822272
262922272
263022272
263122272
263222272
263322272
263422272
263522272
263622272
263722272
263822272
263922272
264022272
264122272
264222272
264322272
264422272
264522272
264622272
264722272
264822272
264922272
265022272
265122272
265222272
265322272
265422272
265522272
265622272
265722272
265822272
265922272
266022272
266122272
266222272
266322272
266422272
266522272
266622272
266722272
266822272
266922272
267022272
267122272
267222272
267322272
267422272
267522272
267622272
267722272
267822272
267922272
268022272
268122272
268222272
268322272
268422272
268522272
268622272
268722272
268822272
268922272
269022272
269122272
269222272
269322272
269422272
269522272
269622272
269722272
269822272
269922272
270022272
270122272
270222272
270322272
270422272
270522272
270622272
270722272
270822272
270922272
271022272
271122272
271222272
271322272
271422272
271522272
271622272
271722272
271822272
271922272
272022272
272122272
272222272
272322272
272422272
272522272
272622272
272722272
272822272
272922272
273022272
273122272
273222272
273322272
273422272
273522272
273622272
273722272
273822272
273922272
274022272
274122272
274222272
274322272
274422272
274522272
274622272
274722272
274822272
274922272
275022272
275122272
275222272
275322272
275422272
275522272
275622272
275722272
275822272
275922272
276022272
276122272
276222272
276322272
276422272
276522272
276622272
276722272
276822272
276922272
277022272
277122272
277222272
277322272
277422272
277522272
277622272
277722272
277822272
277922272
278022272
278122272
278222272
278322272
278422272
278522272
278622272
278722272
278822272
278922272
279022272
279122272
279222272
279322272
279422272
279522272
279622272
279722272
279822272
279922272
280022272
280122272
280222272
280322272
280422272
280522272
280622272
280722272
280822272
280922272
281022272
281122272
281222272
281322272
281422272
281522272
281622272
281722272
281822272
281922272
282022272
282122272
282222272
282322272
282422272
282522272
282622272
282722272
282822272
282922272
283022272
283122272
283222272
283322272
283422272
283522272
283622272
283722272
283822272
283922272
284022272
284122272
284222272
284322272
284422272
284522272
284622272
284722272
284822272
284922272
285022272
285122272
285222272
285322272
285422272
285522272
285622272
285722272
285822272
285922272
286022272
286122272
286222272
286322272
286422272
286522272
286622272
286722272
286822272
286922272
287022272
287122272
287222272
287322272
287422272
287522272
287622272
287722272
287822272
287922272
288022272
288122272
288222272
288322272
288422272
288522272
288622272
288722272
288822272
288922272
289022272
289122272
289222272
289322272
289422272
289522272
289622272
289722272
289822272
289922272
290022272
290122272
290222272
290322272
290422272
290522272
290622272
290722272
290822272
290922272
291022272
291122272
291222272
291322272
291422272
291522272
291622272
291722272
291822272
291922272
292022272
292122272
292222272
292322272
292422272
292522272
292622272
292722272
292822272
292922272
293022272
293122272
293222272
293322272
293422272
293522272
293622272
293722272
293822272
293922272
294022272
294122272
294222272
294322272
294422272
294522272
294622272
294722272
294822272
294922272
295022272
295122272
295222272
295322272
295422272
295522272
295622272
295722272
295822272
295922272
296022272
296122272
296222272
296322272
296422272
296522272
296622272
296722272
296822272
296922272
297022272
297122272
297222272
297322272
297422272
297522272
297622272
297722272
297822272
297922272
298022272
298122272
298222272
298322272
298422272
298522272
298622272
298722272
298822272
298922272
299022272
299122272
299222272
299322272
299422272
299522272
299622272
299722272
299822272
299922272
300022272
300122272
300222272
300322272
300422272
300522272
300622272
300722272
300822272
300922272
301022272
301122272
301222272
301322272
301422272
301522272
301622272
301722272
301822272
301922272
302022272
302122272
302222272
302322272
302422272
302522272
302622272
302722272
302822272
302922272
303022272
303122272
303222272
303322272
303422272
303522272
303622272
303722272
303822272
303922272
304022272
304122272
304222272
304322272
304422272
304522272
304622272
304722272
304822272
304922272
305022272
305122272
305222272
305322272
305422272
305522272
305622272
305722272
305822272
305922272
306022272
306122272
306222272
306322272
306422272
306522272
306622272
306722272
306822272
306922272
307022272
307122272
307222272
307322272
307422272
307522272
307622272
307722272
307822272
307922272
308022272
308122272
308222272
308322272
308422272
308522272
308622272
308722272
308822272
308922272
309022272
309122272
309222272
309322272
309422272
309522272
309622272
309722272
309822272
309922272
310022272
310122272
310222272
310322272
310422272
310522272
310622272
310722272
310822272
310922272
311022272
311122272
311222272
311322272
311422272
311522272
311622272
311722272
311822272
311922272
312022272
312122272
312222272
312322272
312422272
312522272
312622272
312722272
312822272
312922272
313022272
313122272
313222272
313322272
313422272
313522272
313622272
313722272
313822272
313922272
314022272
314122272
314222272
314322272
314422272
314522272
314622272
314722272
314822272
314922272
315022272
315122272
315222272
315322272
315422272
315522272
315622272
315722272
315822272
315922272
316022272
316122272
316222272
316322272
316422272
316522272
316622272
316722272
316822272
316922272
317022272
317122272
317222272
317322272
317422272
317522272
317622272
317722272
317822272
317922272
318022272
318122272
318222272
318322272
318422272
318522272
318622272
318722272
318822272
318922272
319022272
319122272
319222272
319322272
319422272
319522272
319622272
319722272
319822272
319922272
320022272
320122272
320222272
320322272
320422272
320522272
320622272
320722272
320822272
320922272
321022272
321122272
321222272
321322272
321422272
321522272
321622272
321722272
321822272
321922272
322022272
322122272
322222272
322322272
322422272
322522272
322622272
322722272
322822272
322922272
323022272
323122272
323222272
323322272
323422272
323522272
323622272
323722272
323822272
323922272
324022272
324122272
324222272
324322272
324422272
324522272
324622272
324722272
324822272
324922272
325022272
325122272
325222272
325322272
325422272
325522272
325622272
325722272
325822272
325922272
326022272
326122272
326222272
326322272
326422272
326522272
326622272
326722272
326822272
326922272
327022272
327122272
327222272
327322272
327422272
327522272
327622272
327722272
327822272
327922272
328022272
328122272
328222272
328322272
328422272
328522272
328622272
328722272
328822272
328922272
329022272
329122272
329222272
329322272
329422272
329522272
329622272
329722272
329822272
329922272
330022272
330122272
330222272
330322272
330422272
330522272
330622272
330722272
330822272
330922272
331022272
331122272
331222272
331322272
331422272
331522272
331622272
331722272
331822272
331922272
332022272
332122272
332222272
332322272
332422272
332522272
332622272
332722272
332822272
332922272
333022272
333122272
333222272
333322272
333422272
333522272
333622272
333722272
333822272
333922272
334022272
334122272
334222272
334322272
334422272
334522272
334622272
334722272
334822272
334922272
335022272
335122272
335222272
335322272
335422272
335522272
335622272
335722272
335822272
335922272
336022272
336122272
336222272
336322272
336422272
336522272
336622272
336722272
336822272
336922272
337022272
337122272
337222272
337322272
337422272
337522272
337622272
337722272
337822272
337922272
338022272
338122272
338222272
338322272
338422272
338522272
338622272
338722272
338822272
338922272
339022272
339122272
339222272
339322272
339422272
339522272
339622272
339722272
339822272
339922272
340022272
340122272
340222272
340322272
340422272
340522272
340622272
340722272
340822272
340922272
341022272
341122272
341222272
341322272
341422272
341522272
341622272
341722272
341822272
341922272
342022272
342122272
342222272
342322272
342422272
342522272
342622272
342722272
342822272
342922272
343022272
343122272
343222272
343322272
343422272
343522272
343622272
343722272
343822272
343922272
344022272
344122272
344222272
344322272
344422272
344522272
344622272
344722272
344822272
344922272
345022272
345122272
345222272
345322272
345422272
345522272
345622272
345722272
345822272
345922272
346022272
346122272
346222272
346322272
346422272
346522272
346622272
346722272
346822272
346922272
347022272
347122272
347222272
347322272
347422272
347522272
347622272
347722272
347822272
347922272
348022272
348122272
348222272
348322272
348422272
348522272
348622272
348722272
348822272
348922272
349022272
349122272
349222272
349322272
349422272
349522272
349622272
349722272
349822272
349922272
350022272
350122272
350222272
350322272
350422272
350522272
350622272
350722272
350822272
350922272
351022272
351122272
351222272
351322272
351422272
351522272
351622272
351722272
351822272
351922272
352022272
352122272
352222272
352322272
352422272
352522272
352622272
352722272
352822272
352922272
353022272
353122272
353222272
353322272
353422272
353522272
353622272
353722272
353822272
353922272
354022272
354122272
354222272
354322272
354422272
354522272
354622272
354722272
354822272
354922272
355022272
355122272
355222272
355322272
355422272
355522272
355622272
355722272
355822272
355922272
356022272
356122272
356222272
356322272
356422272
356522272
356622272
356722272
356822272
356922272
357022272
357122272
357222272
357322272
357422272
357522272
357622272
357722272
357822272
357922272
358022272
358122272
358222272
358322272
358422272
358522272
358622272
358722272
358822272
358922272
359022272
359122272
359222272
359322272
359422272
359522272
359622272
359722272
359822272
359922272
360022272
360122272
360222272
360322272
360422272
360522272
360622272
360722272
360822272
360922272
361022272
361122272
361222272
361322272
361422272
361522272
361622272
361722272
361822272
361922272
362022272
362122272
362222272
362322272
362422272
362522272
362622272
362722272
362822272
362922272
363022272
363122272
363222272
363322272
363422272
363522272
363622272
363722272
363822272
363922272
364022272
364122272
364222272
364322272
364422272
364522272
364622272
364722272
364822272
364922272
365022272
365122272
365222272
365322272
365422272
365522272
365622272
365722272
365822272
365922272
366022272
366122272
366222272
366322272
366422272
366522272
366622272
366722272
366822272
366922272
367022272
367122272
367222272
367322272
367422272
367522272
367622272
367722272
367822272
367922272
368022272
368122272
368222272
368322272
368422272
368522272
368622272
368722272
368822272
368922272
369022272
369122272
369222272
369322272
369422272
369522272
369622272
369722272
369822272
369922272
370022272
370122272
370222272
370322272
370422272
370522272
370622272
370722272
370822272
370922272
371022272
371122272
371222272
371322272
371422272
371522272
371622272
371722272
371822272
371922272
372022272
372122272
372222272
372322272
372422272
372522272
372622272
372722272
372822272
372922272
373022272
373122272
373222272
373322272
373422272
373522272
373622272
373722272
373822272
373922272
374022272
374122272
374222272
374322272
374422272
374522272
374622272
374722272
374822272
374922272
375022272
375122272
375222272
375322272
375422272
375522272
375622272
375722272
375822272
375922272
376022272
376122272
376222272
376322272
376422272
376522272
376622272
376722272
376822272
376922272
377022272
377122272
377222272
377322272
377422272
377522272
377622272
377722272
377822272
377922272
378022272
378122272
378222272
378322272
378422272
378522272
378622272
378722272
378822272
378922272
379022272
379122272
379222272
379322272
379422272
379522272
379622272
379722272
379822272
379922272
380022272
380122272
380222272
380322272
380422272
380522272
380622272
380722272
380822272
380922272
381022272
381122272
381222272
381322272
381422272
381522272
381622272
381722272
381822272
381922272
382022272
382122272
382222272
382322272
382422272
382522272
382622272
382722272
382822272
382922272
383022272
383122272
383222272
383322272
383422272
383522272
383622272
383722272
383822272
383922272
384022272
384122272
384222272
384322272
384422272
384522272
384622272
384722272
384822272
384922272
385022272
385122272
385222272
385322272
385422272
385522272
385622272
385722272
385822272
385922272
386022272
386122272
386222272
386322272
386422272
386522272
386622272
386722272
386822272
386922272
387022272
387122272
387222272
387322272
387422272
387522272
387622272
387722272
387822272
387922272
388022272
388122272
388222272
388322272
388422272
388522272
388622272
388722272
388822272
388922272
389022272
389122272
389222272
389322272
389422272
389522272
389622272
389722272
389822272
389922272
390022272
390122272
390222272
390322272
390422272
390522272
390622272
390722272
390822272
390922272
391022272
391122272
391222272
391322272
391422272
391522272
391622272
391722272
391822272
391922272
392022272
392122272
392222272
392322272
392422272
392522272
392622272
392722272
392822272
392922272
393022272
393122272
393222272
393322272
393422272
393522272
393622272
393722272
393822272
393922272
394022272
394122272
394222272
394322272
394422272
394522272
394622272
394722272
394822272
394922272
395022272
395122272
395222272
395322272
395422272
395522272
395622272
395722272
395822272
395922272
396022272
396122272
396222272
396322272
396422272
396522272
396622272
396722272
396822272
396922272
397022272
397122272
397222272
397322272
397422272
397522272
397622272
397722272
397822272
397922272
398022272
398122272
398222272
398322272
398422272
398522272
398622272
398722272
398822272
398922272
399022272
399122272
399222272
399322272
399422272
399522272
399622272
399722272
399822272
399922272
400022272
400122272
400222272
400322272
400422272
400522272
400622272
400722272
400822272
400922272
401022272
401122272
401222272
401322272
401422272
401522272
401622272
401722272
401822272
401922272
402022272
402122272
402222272
402322272
402422272
402522272
402622272
402722272
402822272
402922272
403022272
403122272
403222272
403322272
403422272
403522272
403622272
403722272
403822272
403922272
404022272
404122272
404222272
404322272
404422272
404522272
404622272
404722272
404822272
404922272
405022272
405122272
405222272
405322272
405422272
405522272
405622272
405722272
405822272
405922272
406022272
406122272
406222272
406322272
406422272
406522272
406622272
406722272
406822272
406922272
407022272
407122272
407222272
407322272
407422272
407522272
407622272
407722272
407822272
407922272
408022272
408122272
408222272
408322272
408422272
408522272
408622272
408722272
408822272
408922272
409022272
409122272
409222272
409322272
409422272
409522272
409622272
409722272
409822272
409922272
410022272
410122272
410222272
410322272
410422272
410522272
410622272
410722272
410822272
410922272
411022272
411122272
411222272
411322272
411422272
411522272
411622272
411722272
411822272
411922272
412022272
412122272
412222272
412322272
412422272
412522272
412622272
412722272
412822272
412922272
413022272
413122272
413222272
413322272
413422272
413522272
413622272
413722272
413822272
413922272
414022272
414122272
414222272
414322272
414422272
414522272
414622272
414722272
414822272
414922272
415022272
415122272
415222272
415322272
415422272
415522272
415622272
415722272
415822272
415922272
416022272
416122272
416222272
416322272
416422272
416522272
416622272
416722272
416822272
416922272
417022272
417122272
417222272
417322272
417422272
417522272
417622272
417722272
417822272
417922272
418022272
418122272
418222272
418322272
418422272
418522272
418622272
418722272
418822272
418922272
419022272
419122272
419222272
419322272
419422272
419522272
419622272
419722272
419822272
419922272
420022272
420122272
420222272
420322272
420422272
420522272
420622272
420722272
420822272
420922272
421022272
421122272
421222272
421322272
421422272
421522272
421622272
421722272
421822272
421922272
422022272
422122272
422222272
422322272
422422272
422522272
422622272
422722272
422822272
422922272
423022272
423122272
423222272
423322272
423422272
423522272
423622272
423722272
423822272
423922272
424022272
424122272
424222272
424322272
424422272
424522272
424622272
424722272
424822272
424922272
425022272
425122272
425222272
425322272
425422272
425522272
425622272
425722272
425822272
425922272
426022272
426122272
426222272
426322272
426422272
426522272
426622272
426722272
426822272
426922272
427022272
427122272
427222272
427322272
427422272
427522272
427622272
427722272
427822272
427922272
428022272
428122272
428222272
428322272
428422272
428522272
428622272
428722272
428822272
428922272
429022272
429122272
429222272
429322272
429422272
429522272
429622272
429722272
429822272
429922272
430022272
430122272
430222272
430322272
430422272
430522272
430622272
430722272
430822272
430922272
431022272
431122272
431222272
431322272
431422272
431522272
431622272
431722272
431822272
431922272
432022272
432122272
432222272
432322272
432422272
432522272
432622272
432722272
432822272
432922272
433022272
433122272
433222272
433322272
433422272
433522272
433622272
433722272
433822272
433922272
434022272
434122272
434222272
434322272
434422272
434522272
434622272
434722272
434822272
434922272
435022272
435122272
435222272
435322272
435422272
435522272
435622272
435722272
435822272
435922272
436022272
436122272
436222272
436322272
436422272
436522272
436622272
436722272
436822272
436922272
437022272
437122272
437222272
437322272
437422272
437522272
437622272
437722272
437822272
437922272
438022272
438122272
438222272
438322272
438422272
438522272
438622272
438722272
438822272
438922272
439022272
439122272
439222272
439322272
439422272
439522272
439622272
439722272
439822272
439922272
440022272
440122272
440222272
440322272
440422272
440522272
440622272
440722272
440822272
440922272
441022272
441122272
441222272
441322272
441422272
441522272
441622272
441722272
441822272
441922272
442022272
442122272
442222272
442322272
442422272
442522272
442622272
442722272
442822272
442922272
443022272
443122272
443222272
443322272
443422272
443522272
443622272
443722272
443822272
443922272
444022272
444122272
444222272
444322272
444422272
444522272
444622272
444722272
444822272
444922272
445022272
445122272
445222272
445322272
445422272
445522272
445622272
445722272
445822272
445922272
446022272
446122272
446222272
446322272
446422272
446522272
446622272
446722272
446822272
446922272
447022272
447122272
447222272
447322272
447422272
447522272
447622272
447722272
447822272
447922272
448022272
448122272
448222272
448322272
448422272
448522272
448622272
448722272
448822272
448922272
449022272
449122272
449222272
449322272
449422272
449522272
449622272
449722272
449822272
449922272
450022272
450122272
450222272
450322272
450422272
450522272
450622272
450722272
450822272
450922272
451022272
451122272
451222272
451322272
451422272
451522272
451622272
451722272
451822272
451922272
452022272
452122272
452222272
452322272
452422272
452522272
452622272
452722272
452822272
452922272
453022272
453122272
453222272
453322272
453422272
453522272
453622272
453722272
453822272
453922272
454022272
454122272
454222272
454322272
454422272
454522272
454622272
454722272
454822272
454922272
455022272
455122272
455222272
455322272
455422272
455522272
455622272
455722272
455822272
455922272
456022272
456122272
456222272
456322272
456422272
456522272
456622272
456722272
456822272
456922272
457022272
457122272
457222272
457322272
457422272
457522272
457622272
457722272
457822272
457922272
458022272
458122272
458222272
458322272
458422272
458522272
458622272
458722272
458822272
458922272
459022272
459122272
459222272
459322272
459422272
459522272
459622272
459722272
459822272
459922272
460022272
460122272
460222272
460322272
460422272
460522272
460622272
460722272
460822272
460922272
461022272
461122272
461222272
461322272
461422272
461522272
461622272
461722272
461822272
461922272
462022272
462122272
462222272
462322272
462422272
462522272
462622272
462722272
462822272
462922272
463022272
463122272
463222272
463322272
463422272
463522272
463622272
463722272
463822272
463922272
464022272
464122272
464222272
464322272
464422272
464522272
464622272
464722272
464822272
464922272
465022272
465122272
465222272
465322272
465422272
465522272
465622272
465722272
465822272
465922272
466022272
466122272
466222272
466322272
466422272
466522272
466622272
466722272
466822272
466922272
467022272
467122272
467222272
467322272
467422272
467522272
467622272
467722272
467822272
467922272
468022272
468122272
468222272
468322272
468422272
468522272
468622272
468722272
468822272
468922272
469022272
469122272
469222272
469322272
469422272
469522272
469622272
469722272
469822272
469922272
470022272
470122272
470222272
470322272
470422272
470522272
470622272
470722272
470822272
470922272
471022272
471122272
471222272
471322272
471422272
471522272
471622272
471722272
471822272
471922272
472022272
472122272
472222272
472322272
472422272
472522272
472622272
472722272
472822272
472922272
473022272
473122272
473222272
473322272
473422272
473522272
473622272
473722272
473822272
473922272
474022272
474122272
474222272
474322272
474422272
474522272
474622272
474722272
474822272
474922272
475022272
475122272
475222272
475322272
475422272
475522272
475622272
475722272
475822272
475922272
476022272
476122272
476222272
476322272
476422272
476522272
476622272
476722272
476822272
476922272
477022272
477122272
477222272
477322272
477422272
477522272
477622272
477722272
477822272
477922272
478022272
478122272
478222272
478322272
478422272
478522272
478622272
478722272
478822272
478922272
479022272
479122272
479222272
479322272
479422272
479522272
479622272
479722272
479822272
479922272
480022272
480122272
480222272
480322272
480422272
480522272
480622272
480722272
480822272
480922272
481022272
481122272
481222272
481322272
481422272
481522272
481622272
481722272
481822272
481922272
482022272
482122272
482222272
482322272
482422272
482522272
482622272
482722272
482822272
482922272
483022272
483122272
483222272
483322272
483422272
483522272
483622272
483722272
483822272
483922272
484022272
484122272
484222272
484322272
484422272
484522272
484622272
484722272
484822272
484922272
485022272
485122272
485222272
485322272
485422272
485522272
485622272
485722272
485822272
485922272
486022272
486122272
486222272
486322272
486422272
486522272
486622272
486722272
486822272
486922272
487022272
487122272
487222272
487322272
487422272
487522272
487622272
487722272
487822272
487922272
488022272
488122272
488222272
488322272
488422272
488522272
488622272
488722272
488822272
488922272
489022272
489122272
489222272
489322272
489422272
489522272
489622272
489722272
489822272
489922272
490022272
490122272
490222272
490322272
490422272
490522272
490622272
490722272
490822272
490922272
491022272
491122272
491222272
491322272
491422272
491522272
491622272
491722272
491822272
491922272
492022272
492122272
492222272
492322272
492422272
492522272
492622272
492722272
492822272
492922272
493022272
493122272
493222272
493322272
493422272
493522272
493622272
493722272
493822272
493922272
494022272
494122272
494222272
494322272
494422272
494522272
494622272
494722272
494822272
494922272
495022272
495122272
495222272
495322272
495422272
495522272
495622272
495722272
495822272
495922272
496022272
496122272
496222272
496322272
496422272
496522272
496622272
496722272
496822272
496922272
497022272
497122272
497222272
497322272
497422272
497522272
497622272
497722272
497822272
497922272
498022272
498122272
498222272
498322272
498422272
498522272
498622272
498722272
498822272
498922272
499022272
499122272
499222272
499322272
499422272
499522272
499622272
499722272
499822272
499922272
500022272
500122272
500222272
500322272
500422272
500522272
500622272
500722272
500822272
500922272
501022272
501122272
501222272
501322272
501422272
501522272
501622272
501722272
501822272
501922272
502022272
502122272
502222272
502322272
502422272
502522272
502622272
502722272
502822272
502922272
503022272
503122272
503222272
503322272
503422272
503522272
503622272
503722272
503822272
503922272
504022272
504122272
504222272
504322272
504422272
504522272
504622272
504722272
504822272
504922272
505022272
505122272
505222272
505322272
505422272
505522272
505622272
505722272
505822272
505922272
506022272
506122272
506222272
506322272
506422272
506522272
506622272
506722272
506822272
506922272
507022272
507122272
507222272
507322272
507422272
507522272
507622272
507722272
507822272
507922272
508022272
508122272
508222272
508322272
508422272
508522272
508622272
508722272
508822272
508922272
509022272
509122272
509222272
509322272
509422272
509522272
509622272
509722272
509822272
509922272
510022272
510122272
510222272
510322272
510422272
510522272
510622272
510722272
510822272
510922272
511022272
511122272
511222272
511322272
511422272
511522272
511622272
511722272
511822272
511922272
512022272
512122272
512222272
512322272
512422272
512522272
512622272
512722272
512822272
512922272
513022272
513122272
513222272
513322272
513422272
513522272
513622272
513722272
513822272
513922272
514022272
514122272
514222272
514322272
514422272
514522272
514622272
514722272
514822272
514922272
515022272
515122272
515222272
515322272
515422272
515522272
515622272
515722272
515822272
515922272
516022272
516122272
516222272
516322272
516422272
516522272
516622272
516722272
516822272
516922272
517022272
517122272
517222272
517322272
517422272
517522272
517622272
517722272
517822272
517922272
518022272
518122272
518222272
518322272
518422272
518522272
518622272
518722272
518822272
518922272
519022272
519122272
519222272
519322272
519422272
519522272
519622272
519722272
519822272
519922272
520022272
520122272
520222272
520322272
520422272
520522272
520622272
520722272
520822272
520922272
521022272
521122272
521222272
521322272
521422272
521522272
521622272
521722272
521822272
521922272
522022272
522122272
522222272
522322272
522422272
522522272
522622272
522722272
522822272
522922272
523022272
523122272
523222272
523322272
523422272
523522272
523622272
523722272
523822272
523922272
524022272
524122272
524222272
524322272
524422272
524522272
524622272
524722272
524822272
524922272
525022272
525122272
525222272
525322272
525422272
525522272
525622272
525722272
525822272
525922272
526022272
526122272
526222272
526322272
526422272
526522272
526622272
526722272
526822272
526922272
527022272
527122272
527222272
527322272
527422272
527522272
527622272
527722272
527822272
527922272
528022272
528122272
528222272
528322272
528422272
528522272
528622272
528722272
528822272
528922272
529022272
529122272
529222272
529322272
529422272
529522272
529622272
529722272
529822272
529922272
530022272
530122272
530222272
530322272
530422272
530522272
530622272
530722272
530822272
530922272
531022272
531122272
531222272
531322272
531422272
531522272
531622272
531722272
531822272
531922272
532022272
532122272
532222272
532322272
532422272
532522272
532622272
532722272
532822272
532922272
533022272
533122272
533222272
533322272
533422272
533522272
533622272
533722272
533822272
533922272
534022272
534122272
534222272
534322272
534422272
534522272
534622272
534722272
534822272
534922272
535022272
535122272
535222272
535322272
535422272
535522272
535622272
535722272
535822272
535922272
536022272
536122272
536222272
536322272
536422272
536522272
536622272
536722272
536822272
536922272
537022272
537122272
537222272
537322272
537422272
537522272
537622272
537722272
537822272
537922272
538022272
538122272
538222272
538322272
538422272
538522272
538622272
538722272
538822272
538922272
539022272
539122272
539222272
539322272
539422272
539522272
539622272
539722272
539822272
539922272
540022272
540122272
540222272
540322272
540422272
540522272
540622272
540722272
540822272
540922272
541022272
541122272
541222272
541322272
541422272
541522272
541622272
541722272
541822272
541922272
542022272
542122272
542222272
542322272
542422272
542522272
542622272
542722272
542822272
542922272
543022272
543122272
543222272
543322272
543422272
543522272
543622272
543722272
543822272
543922272
544022272
544122272
544222272
544322272
544422272
544522272
544622272
544722272
544822272
544922272
545022272
545122272
545222272
545322272
545422272
545522272
545622272
545722272
545822272
545922272
546022272
546122272
546222272
546322272
546422272
546522272
546622272
546722272
546822272
546922272
547022272
547122272
547222272
547322272
547422272
547522272
547622272
547722272
547822272
547922272
548022272
548122272
548222272
548322272
548422272
548522272
548622272
548722272
548822272
548922272
549022272
549122272
549222272
549322272
549422272
549522272
549622272
549722272
549822272
549922272
550022272
550122272
550222272
550322272
550422272
550522272
550622272
550722272
550822272
550922272
551022272
551122272
551222272
551322272
551422272
551522272
551622272
551722272
551822272
551922272
552022272
552122272
552222272
552322272
552422272
552522272
552622272
552722272
552822272
552922272
553022272
553122272
553222272
553322272
553422272
553522272
553622272
553722272
553822272
553922272
554022272
554122272
554222272
554322272
554422272
554522272
554622272
554722272
554822272
554922272
555022272
555122272
555222272
555322272
555422272
555522272
555622272
555722272
555822272
555922272
556022272
556122272
556222272
556322272
556422272
556522272
556622272
556722272
556822272
556922272
557022272
557122272
557222272
557322272
557422272
557522272
557622272
557722272
557822272
557922272
558022272
558122272
558222272
558322272
558422272
558522272
558622272
558722272
558822272
558922272
559022272
559122272
559222272
559322272
559422272
559522272
559622272
559722272
559822272
559922272
560022272
560122272
560222272
560322272
560422272
560522272
560622272
560722272
560822272
560922272
561022272
561122272
561222272
561322272
561422272
561522272
561622272
561722272
561822272
561922272
562022272
562122272
562222272
562322272
562422272
562522272
562622272
562722272
562822272
562922272
563022272
563122272
563222272
563322272
563422272
563522272
563622272
563722272
563822272
563922272
564022272
564122272
564222272
564322272
564422272
564522272
564622272
564722272
564822272
564922272
565022272
565122272
565222272
565322272
565422272
565522272
565622272
565722272
565822272
565922272
566022272
566122272
566222272
566322272
566422272
566522272
566622272
566722272
566822272
566922272
567022272
567122272
567222272
567322272
567422272
567522272
567622272
567722272
567822272
567922272
568022272
568122272
568222272
568322272
568422272
568522272
568622272
568722272
568822272
568922272
569022272
569122272
569222272
569322272
569422272
569522272
569622272
569722272
569822272
569922272
570022272
570122272
570222272
570322272
570422272
570522272
570622272
570722272
570822272
570922272
571022272
571122272
571222272
571322272
571422272
571522272
571622272
571722272
571822272
571922272
572022272
572122272
572222272
572322272
572422272
572522272
572622272
572722272
572822272
572922272
573022272
573122272
573222272
573322272
573422272
573522272
573622272
573722272
573822272
573922272
574022272
574122272
574222272
574322272
574422272
574522272
574622272
574722272
574822272
574922272
575022272
575122272
575222272
575322272
575422272
575522272
575622272
575722272
575822272
575922272
576022272
576122272
576222272
576322272
576422272
576522272
576622272
576722272
576822272
576922272
577022272
577122272
577222272
577322272
577422272
577522272
577622272
577722272
577822272
577922272
578022272
578122272
578222272
578322272
578422272
578522272
578622272
578722272
578822272
578922272
579022272
579122272
579222272
579322272
579422272
579522272
579622272
579722272
579822272
579922272
580022272
580122272
580222272
580322272
580422272
580522272
580622272
580722272
580822272
580922272
581022272
581122272
581222272
581322272
581422272
581522272
581622272
581722272
581822272
581922272
582022272
582122272
582222272
582322272
582422272
582522272
582622272
582722272
582822272
582922272
583022272
583122272
583222272
583322272
583422272
583522272
583622272
583722272
583822272
583922272
584022272
584122272
584222272
584322272
584422272
584522272
584622272
584722272
584822272
584922272
585022272
585122272
585222272
585322272
585422272
585522272
585622272
585722272
585822272
585922272
586022272
586122272
586222272
586322272
586422272
586522272
586622272
586722272
586822272
586922272
587022272
587122272
587222272
587322272
587422272
587522272
587622272
587722272
587822272
587922272
588022272
588122272
588222272
588322272
588422272
588522272
588622272
588722272
588822272
588922272
589022272
589122272
589222272
589322272
589422272
589522272
589622272
589722272
589822272
589922272
590022272
590122272
590222272
590322272
590422272
590522272
590622272
590722272
590822272
590922272
591022272
591122272
591222272
591322272
591422272
591522272
591622272
591722272
591822272
591922272
592022272
592122272
592222272
592322272
592422272
592522272
592622272
592722272
592822272
592922272
593022272
593122272
593222272
593322272
593422272
593522272
593622272
593722272
593822272
593922272
594022272
594122272
594222272
594322272
594422272
594522272
594622272
594722272
594822272
594922272
595022272
595122272
595222272
595322272
595422272
595522272
595622272
595722272
595822272
595922272
596022272
596122272
596222272
596322272
596422272
596522272
596622272
596722272
596822272
596922272
597022272
597122272
597222272
597322272
597422272
597522272
597622272
597722272
597822272
597922272
598022272
598122272
598222272
598322272
598422272
598522272
598622272
598722272
598822272
598922272
599022272
599122272
599222272
599322272
599422272
599522272
599622272
599722272
599822272
599922272
600022272
600122272
600222272
600322272
600422272
600522272
600622272
600722272
600822272
600922272
601022272
601122272
601222272
601322272
601422272
601522272
601622272
601722272
601822272
601922272
602022272
602122272
602222272
602322272
602422272
602522272
602622272
602722272
602822272
602922272
603022272
603122272
603222272
603322272
603422272
603522272
603622272
603722272
603822272
603922272
604022272
604122272
604222272
604322272
604422272
604522272
604622272
604722272
604822272
604922272
605022272
605122272
605222272
605322272
605422272
605522272
605622272
605722272
605822272
605922272
606022272
606122272
606222272
606322272
606422272
606522272
606622272
606722272
606822272
606922272
607022272
607122272
607222272
607322272
607422272
607522272
607622272
607722272
607822272
607922272
608022272
608122272
608222272
608322272
608422272
608522272
608622272
608722272
608822272
608922272
609022272
609122272
609222272
609322272
609422272
609522272
609622272
609722272
609822272
609922272
610022272
610122272
610222272
610322272
610422272
610522272
610622272
610722272
610822272
610922272
611022272
611122272
611222272
611322272
611422272
611522272
611622272
611722272
611822272
611922272
612022272
612122272
612222272
612322272
612422272
612522272
612622272
612722272
612822272
612922272
613022272
613122272
613222272
613322272
613422272
613522272
613622272
613722272
613822272
613922272
614022272
614122272
614222272
614322272
614422272
614522272
614622272
614722272
614822272
614922272
615022272
615122272
615222272
615322272
615422272
615522272
615622272
615722272
615822272
615922272
616022272
616122272
616222272
616322272
616422272
616522272
616622272
616722272
616822272
616922272
617022272
617122272
617222272
617322272
617422272
617522272
617622272
617722272
617822272
617922272
618022272
618122272
618222272
618322272
618422272
618522272
618622272
618722272
618822272
618922272
619022272
619122272
619222272
619322272
619422272
619522272
619622272
619722272
619822272
619922272
620022272
620122272
620222272
620322272
620422272
620522272
620622272
620722272
620822272
620922272
621022272
621122272
621222272
621322272
621422272
621522272
621622272
621722272
621822272
621922272
622022272
622122272
622222272
622322272
622422272
622522272
622622272
622722272
622822272
622922272
623022272
623122272
623222272
623322272
623422272
623522272
623622272
623722272
623822272
623922272
624022272
624122272
624222272
624322272
624422272
624522272
624622272
624722272
624822272
624922272
625022272
625122272
625222272
625322272
625422272
625522272
625622272
625722272
625822272
625922272
626022272
626122272
626222272
626322272
626422272
626522272
626622272
626722272
626822272
626922272
627022272
627122272
627222272
627322272
627422272
627522272
627622272
627722272
627822272
627922272
628022272
628122272
628222272
628322272
628422272
628522272
628622272
628722272
628822272
628922272
629022272
629122272
629222272
629322272
629422272
629522272
629622272
629722272
629822272
629922272
630022272
630122272
630222272
630322272
630422272
630522272
630622272
630722272
630822272
630922272
631022272
631122272
631222272
631322272
631422272
631522272
631622272
631722272
631822272
631922272
632022272
632122272
632222272
632322272
632422272
632522272
632622272
632722272
632822272
632922272
633022272
633122272
633222272
633322272
633422272
633522272
633622272
633722272
633822272
633922272
634022272
634122272
634222272
634322272
634422272
634522272
634622272
634722272
634822272
634922272
635022272
635122272
635222272
635322272
635422272
635522272
635622272
635722272
635822272
635922272
636022272
636122272
636222272
636322272
636422272
636522272
636622272
636722272
636822272
636922272
637022272
637122272
637222272
637322272
637422272
637522272
637622272
637722272
637822272
637922272
638022272
638122272
638222272
638322272
638422272
638522272
638622272
638722272
638822272
638922272
639022272
639122272
639222272
639322272
639422272
639522272
639622272
639722272
639822272
639922272
640022272
640122272
640222272
640322272
640422272
640522272
640622272
640722272
640822272
640922272
641022272
641122272
641222272
641322272
641422272
641522272
641622272
641722272
641822272
641922272
642022272
642122272
642222272
642322272
642422272
642522272
642622272
642722272
642822272
642922272
643022272
643122272
643222272
643322272
643422272
643522272
643622272
643722272
643822272
643922272
644022272
644122272
644222272
644322272
644422272
644522272
644622272
644722272
644822272
644922272
645022272
645122272
645222272
645322272
645422272
645522272
645622272
645722272
645822272
645922272
646022272
646122272
646222272
646322272
646422272
646522272
646622272
646722272
646822272
646922272
647022272
647122272
647222272
647322272
647422272
647522272
647622272
647722272
647822272
647922272
648022272
648122272
648222272
648322272
648422272
648522272
648622272
648722272
648822272
648922272
649022272
649122272
649222272
649322272
649422272
649522272
649622272
649722272
649822272
649922272
650022272
650122272
650222272
650322272
650422272
650522272
650622272
650722272
650822272
650922272
651022272
651122272
651222272
651322272
651422272
651522272
651622272
651722272
651822272
651922272
652022272
652122272
652222272
652322272
652422272
652522272
652622272
652722272
652822272
652922272
653022272
653122272
653222272
653322272
653422272
653522272
653622272
653722272
653822272
653922272
654022272
654122272
654222272
654322272
654422272
654522272
654622272
654722272
654822272
654922272
655022272
655122272
655222272
655322272
655422272
655522272
655622272
655722272
655822272
655922272
656022272
656122272
656222272
656322272
656422272
656522272
656622272
656722272
656822272
656922272
657022272
657122272
657222272
657322272
657422272
657522272
657622272
657722272
657822272
657922272
658022272
658122272
658222272
658322272
658422272
658522272
658622272
658722272
658822272
658922272
659022272
659122272
659222272
659322272
659422272
659522272
659622272
659722272
659822272
659922272
660022272
660122272
660222272
660322272
660422272
660522272
660622272
660722272
660822272
660922272
661022272
661122272
661222272
661322272
661422272
661522272
661622272
661722272
661822272
661922272
662022272
662122272
662222272
662322272
662422272
662522272
662622272
662722272
662822272
662922272
663022272
663122272
663222272
663322272
663422272
663522272
663622272
663722272
663822272
663922272
664022272
664122272
664222272
664322272
664422272
664522272
664622272
664722272
664822272
664922272
665022272
665122272
665222272
665322272
665422272
665522272
665622272
665722272
665822272
665922272
666022272
666122272
666222272
666322272
666422272
666522272
666622272
666722272
666822272
666922272
667022272
667122272
667222272
667322272
667422272
667522272
667622272
667722272
667822272
667922272
668022272
668122272
668222272
668322272
668422272
668522272
668622272
668722272
668822272
668922272
669022272
669122272
669222272
669322272
669422272
669522272
669622272
669722272
669822272
669922272
670022272
670122272
670222272
670322272
670422272
670522272
670622272
670722272
670822272
670922272
671022272
671122272
671222272
671322272
671422272
671522272
671622272
671722272
671822272
671922272
672022272
672122272
672222272
672322272
672422272
672522272
672622272
672722272
672822272
672922272
673022272
673122272
673222272
673322272
673422272
673522272
673622272
673722272
673822272
673922272
674022272
674122272
674222272
674322272
674422272
674522272
674622272
674722272
674822272
674922272
675022272
675122272
675222272
675322272
675422272
675522272
675622272
675722272
675822272
675922272
676022272
676122272
676222272
676322272
676422272
676522272
676622272
676722272
676822272
676922272
677022272
677122272
677222272
677322272
677422272
677522272
677622272
677722272
677822272
677922272
678022272
678122272
678222272
678322272
678422272
678522272
678622272
678722272
678822272
678922272
679022272
679122272
679222272
679322272
679422272
679522272
679622272
679722272
679822272
679922272
680022272
680122272
680222272
680322272
680422272
680522272
680622272
680722272
680822272
680922272
681022272
681122272
681222272
681322272
681422272
681522272
681622272
681722272
681822272
681922272
682022272
682122272
682222272
682322272
682422272
682522272
682622272
682722272
682822272
682922272
683022272
683122272
683222272
683322272
683422272
683522272
683622272
683722272
683822272
683922272
684022272
684122272
684222272
684322272
684422272
684522272
684622272
684722272
684822272
684922272
685022272
685122272
685222272
685322272
685422272
685522272
685622272
685722272
685822272
685922272
686022272
686122272
686222272
686322272
686422272
686522272
686622272
686722272
686822272
686922272
687022272
687122272
687222272
687322272
687422272
687522272
687622272
687722272
687822272
687922272
688022272
688122272
688222272
688322272
688422272
688522272
688622272
688722272
688822272
688922272
689022272
689122272
689222272
689322272
689422272
689522272
689622272
689722272
689822272
689922272
690022272
690122272
690222272
690322272
690422272
690522272
690622272
690722272
690822272
690922272
691022272
691122272
691222272
691322272
691422272
691522272
691622272
691722272
691822272
691922272
692022272
692122272
692222272
692322272
692422272
692522272
692622272
692722272
692822272
692922272
693022272
693122272
693222272
693322272
693422272
693522272
693622272
693722272
693822272
693922272
694022272
694122272
694222272
694322272
694422272
694522272
694622272
694722272
694822272
694922272
695022272
695122272
695222272
695322272
695422272
695522272
695622272
695722272
695822272
695922272
696022272
696122272
696222272
696322272
696422272
696522272
696622272
696722272
696822272
696922272
697022272
697122272
697222272
697322272
697422272
697522272
697622272
697722272
697822272
697922272
698022272
698122272
698222272
698322272
698422272
698522272
698622272
698722272
698822272
698922272
699022272
699122272
699222272
699322272
699422272
699522272
699622272
699722272
699822272
699922272
700022272
700122272
700222272
700322272
700422272
700522272
700622272
700722272
700822272
700922272
701022272
701122272
701222272
701322272
701422272
701522272
701622272
701722272
701822272
701922272
702022272
702122272
702222272
702322272
702422272
702522272
702622272
702722272
702822272
702922272
703022272
703122272
703222272
703322272
703422272
703522272
703622272
703722272
703822272
703922272
704022272
704122272
704222272
704322272
704422272
704522272
704622272
704722272
704822272
704922272
705022272
705122272
705222272
705322272
705422272
705522272
705622272
705722272
705822272
705922272
706022272
706122272
706222272
706322272
706422272
706522272
706622272
706722272
706822272
706922272
707022272
707122272
707222272
707322272
707422272
707522272
707622272
707722272
707822272
707922272
708022272
708122272
708222272
708322272
708422272
708522272
708622272
708722272
708822272
708922272
709022272
709122272
709222272
709322272
709422272
709522272
709622272
709722272
709822272
709922272
710022272
710122272
710222272
710322272
710422272
710522272
710622272
710722272
710822272
710922272
711022272
711122272
711222272
711322272
711422272
711522272
711622272
711722272
711822272
711922272
712022272
712122272
712222272
712322272
712422272
712522272
712622272
712722272
712822272
712922272
713022272
713122272
713222272
713322272
713422272
713522272
713622272
713722272
713822272
713922272
714022272
714122272
714222272
714322272
714422272
714522272
714622272
714722272
714822272
714922272
715022272
715122272
715222272
715322272
715422272
715522272
715622272
715722272
715822272
715922272
716022272
716122272
716222272
716322272
716422272
716522272
716622272
716722272
716822272
716922272
717022272
717122272
717222272
717322272
717422272
717522272
717622272
717722272
717822272
717922272
718022272
718122272
718222272
718322272
718422272
718522272
718622272
718722272
718822272
718922272
719022272
719122272
719222272
719322272
719422272
719522272
719622272
719722272
719822272
719922272
720022272
720122272
720222272
720322272
720422272
720522272
720622272
720722272
720822272
720922272
721022272
721122272
721222272
721322272
721422272
721522272
721622272
721722272
721822272
721922272
722022272
722122272
722222272
722322272
722422272
722522272
722622272
722722272
722822272
722922272
723022272
723122272
723222272
723322272
723422272
723522272
723622272
723722272
723822272
723922272
724022272
724122272
724222272
724322272
724422272
724522272
724622272
724722272
724822272
724922272
725022272
725122272
725222272
725322272
725422272
725522272
725622272
725722272
725822272
725922272
726022272
726122272
726222272
726322272
726422272
726522272
726622272
726722272
726822272
726922272
727022272
727122272
727222272
727322272
727422272
727522272
727622272
727722272
727822272
727922272
728022272
728122272
728222272
728322272
728422272
728522272
728622272
728722272
728822272
728922272
729022272
729122272
729222272
729322272
729422272
729522272
729622272
729722272
729822272
729922272
730022272
730122272
730222272
730322272
730422272
730522272
730622272
730722272
730822272
730922272
731022272
731122272
731222272
731322272
731422272
731522272
731622272
731722272
731822272
731922272
732022272
732122272
732222272
732322272
732422272
732522272
732622272
732722272
732822272
732922272
733022272
733122272
733222272
733322272
733422272
733522272
733622272
733722272
733822272
733922272
734022272
734122272
734222272
734322272
734422272
734522272
734622272
734722272
734822272
734922272
735022272
735122272
735222272
735322272
735422272
735522272
735622272
735722272
735822272
735922272
736022272
736122272
736222272
736322272
736422272
736522272
736622272
736722272
736822272
736922272
737022272
737122272
737222272
737322272
737422272
737522272
737622272
737722272
737822272
737922272
738022272
738122272
738222272
738322272
738422272
738522272
738622272
738722272
738822272
738922272
739022272
739122272
739222272
739322272
739422272
739522272
739622272
739722272
739822272
739922272
740022272
740122272
740222272
740322272
740422272
740522272
740622272
740722272
740822272
740922272
741022272
741122272
741222272
741322272
741422272
741522272
741622272
741722272
741822272
741922272
742022272
742122272
742222272
742322272
742422272
742522272
742622272
742722272
742822272
742922272
743022272
743122272
743222272
743322272
743422272
743522272
743622272
743722272
743822272
743922272
744022272
744122272
744222272
744322272
744422272
744522272
744622272
744722272
744822272
744922272
745022272
745122272
745222272
745322272
745422272
745522272
745622272
745722272
745822272
745922272
746022272
746122272
746222272
746322272
746422272
746522272
746622272
746722272
746822272
746922272
747022272
747122272
747222272
747322272
747422272
747522272
747622272
747722272
747822272
747922272
748022272
748122272
748222272
748322272
748422272
748522272
748622272
748722272
748822272
748922272
749022272
749122272
749222272
749322272
749422272
749522272
749622272
749722272
749822272
749922272
750022272
750122272
750222272
750322272
750422272
750522272
750622272
750722272
750822272
750922272
751022272
751122272
751222272
751322272
751422272
751522272
751622272
751722272
751822272
751922272
752022272
752122272
752222272
752322272
752422272
752522272
752622272
752722272
752822272
752922272
753022272
753122272
753222272
753322272
753422272
753522272
753622272
753722272
753822272
753922272
754022272
754122272
754222272
754322272
754422272
754522272
754622272
754722272
754822272
754922272
755022272
755122272
755222272
755322272
755422272
755522272
755622272
755722272
755822272
755922272
756022272
756122272
756222272
756322272
756422272
756522272
756622272
756722272
756822272
756922272
757022272
757122272
757222272
757322272
757422272
757522272
757622272
757722272
757822272
757922272
758022272
758122272
758222272
758322272
758422272
758522272
758622272
758722272
758822272
758922272
759022272
759122272
759222272
759322272
759422272
759522272
759622272
759722272
759822272
759922272
760022272
760122272
760222272
760322272
760422272
760522272
760622272
760722272
760822272
760922272
761022272
761122272
761222272
761322272
761422272
761522272
761622272
761722272
761822272
761922272
762022272
762122272
762222272
762322272
762422272
762522272
762622272
762722272
762822272
762922272
763022272
763122272
763222272
763322272
763422272
763522272
763622272
763722272
763822272
763922272
764022272
764122272
764222272
764322272
764422272
764522272
764622272
764722272
764822272
764922272
765022272
765122272
765222272
765322272
765422272
765522272
765622272
765722272
765822272
765922272
766022272
766122272
766222272
766322272
766422272
766522272
766622272
766722272
766822272
766922272
767022272
767122272
767222272
767322272
767422272
767522272
767622272
767722272
767822272
767922272
768022272
768122272
768222272
768322272
768422272
768522272
768622272
768722272
768822272
768922272
769022272
769122272
769222272
769322272
769422272
769522272
769622272
769722272
769822272
769922272
770022272
770122272
770222272
770322272
770422272
770522272
770622272
770722272
770822272
770922272
771022272
771122272
771222272
771322272
771422272
771522272
771622272
771722272
771822272
771922272
772022272
772122272
772222272
772322272
772422272
772522272
772622272
772722272
772822272
772922272
773022272
773122272
773222272
773322272
773422272
773522272
773622272
773722272
773822272
773922272
774022272
774122272
774222272
774322272
774422272
774522272
774622272
774722272
774822272
774922272
775022272
775122272
775222272
775322272
775422272
775522272
775622272
775722272
775822272
775922272
776022272
776122272
776222272
776322272
776422272
776522272
776622272
776722272
776822272
776922272
777022272
777122272
777222272
777322272
777422272
777522272
777622272
777722272
777822272
777922272
778022272
778122272
778222272
778322272
778422272
778522272
778622272
778722272
778822272
778922272
779022272
779122272
779222272
779322272
779422272
779522272
779622272
779722272
779822272
779922272
780022272
780122272
780222272
780322272
780422272
780522272
780622272
780722272
780822272
780922272
781022272
781122272
781222272
781322272
781422272
781522272
781622272
781722272
781822272
781922272
782022272
782122272
782222272
782322272
782422272
782522272
782622272
782722272
782822272
782922272
783022272
783122272
783222272
783322272
783422272
783522272
783622272
783722272
783822272
783922272
784022272
784122272
784222272
784322272
784422272
784522272
784622272
784722272
784822272
784922272
785022272
785122272
785222272
785322272
785422272
785522272
785622272
785722272
785822272
785922272
786022272
786122272
786222272
786322272
786422272
786522272
786622272
786722272
786822272
786922272
787022272
787122272
787222272
787322272
787422272
787522272
787622272
787722272
787822272
787922272
788022272
788122272
788222272
788322272
788422272
788522272
788622272
788722272
788822272
788922272
789022272
789122272
789222272
789322272
789422272
789522272
789622272
789722272
789822272
789922272
790022272
790122272
790222272
790322272
790422272
790522272
790622272
790722272
790822272
790922272
791022272
791122272
791222272
791322272
791422272
791522272
791622272
791722272
791822272
791922272
792022272
792122272
792222272
792322272
792422272
792522272
792622272
792722272
792822272
792922272
793022272
793122272
793222272
793322272
793422272
793522272
793622272
793722272
793822272
793922272
794022272
794122272
794222272
794322272
794422272
794522272
794622272
794722272
794822272
794922272
795022272
795122272
795222272
795322272
795422272
795522272
795622272
795722272
795822272
795922272
796022272
796122272
796222272
796322272
796422272
796522272
796622272
796722272
796822272
796922272
797022272
797122272
797222272
797322272
797422272
797522272
797622272
797722272
797822272
797922272
798022272
798122272
798222272
798322272
798422272
798522272
798622272
798722272
798822272
798922272
799022272
799122272
799222272
799322272
799422272
