99990
99991
99993
99996
100000
100005
100011
100018
100026
100035
100045
108045
116042
124040
132039
200096
200151
200183
200216
200250
200285
200321
200358
200396
200435
200653
200708
200764
200821
206061
206425
206790
214790
222787
230785
238784
262903
265536
268170
270805
273441
276078
278716
281355
283995
286636
289278
297278
305275
307566
315566
323563
331561
339560
347930
355929
367016
369648
372281
374915
377550
380186
382823
385461
388100
390740
393381
396023
404023
412020
420018
428017
448706
456705
467792
470424
473057
475691
478326
480962
483599
486237
488876
491516
494157
496799
504799
512796
520794
528793
537163
545162
576442
581352
583989
586627
589266
591906
594547
597189
600744
603382
606021
608661
611302
613944
621944
629941
637939
645938
664899
693226
695861
698497
701134
703772
706411
709051
711692
714334
721431
724073
728398
731039
733681
741681
749678
757676
765675
803091
808961
811601
814242
816884
821821
824463
828788
831429
834071
841168
843810
851810
859807
867805
875804
892836
900835
914831
922828
927013
931338
933979
936621
941558
944200
952200
960197
968195
976194
986659
994967
1002965
1010964
1024960
1032957
1038737
1041379
1044108
1046750
1054750
1062747
1070745
1078744
1087049
1095357
1103355
1111354
1121819
1133347
1141345
1146225
1148866
1151508
1157605
1165605
1173602
1181600
1189599
1197907
1205905
1213904
1222209
1235897
1243895
1251283
1253924
1256566
1262363
1270363
1278360
1286358
1292765
1300765
1308762
1316760
1324759
1338755
1346752
1354750
1361769
1364779
1367421
1375421
1383418
1391416
1397523
1405523
1413520
1421518
1429517
1442049
1450778
1459508
1465915
1472624
1480624
1484711
1492711
1499939
1502581
1510581
1518578
1526576
1534575
1546807
1555536
1564566
1570673
1578673
1586670
1594668
1602667
1607784
1615784
1619871
1627871
1635868
1643866
1651865
1660594
1672063
1675731
1683731
1691728
1699726
1707725
1716559
1725074
1733074
1741071
1745890
1753890
1761887
1769885
1777884
1788934
1793021
1801021
1809018
1817016
1825015
1833744
1842578
1851093
1857715
1865715
1873712
1881710
1889709
1898224
1906224
1914221
1919040
1927040
1935037
1943035
1951034
1959868
1970918
1975005
1983005
1991002
1999000
2006999
2015728
2024243
2032243
2040240
2048238
2056237
2065071
2076293
2080208
2088208
2096205
2101024
2109024
2117021
2125019
2133018
2146048
2154046
2162045
2170879
2182101
2186016
2194016
2202013
2206227
2214227
2222224
2230222
2238221
2251398
2259396
2267395
2277689
2285689
2293686
2301684
2308120
2312035
2320035
2328032
2336030
2344029
2356601
2364599
2372598
2382892
2390892
2398889
2406887
2414886
2426140
2431325
2439325
2446412
2454412
2462409
2470407
2478406
2488700
2496700
2504697
2512695
2520694
2533266
2541264
2549263
2558742
2565702
2573702
2581699
2589697
2597696
2605823
2615990
2623077
2631077
2639074
2647072
2655071
2668553
2676680
2687804
2693119
2701119
2709116
2717114
2725113
2735407
2742367
2750367
2758364
2766362
2774361
2782488
2795970
2807224
2815221
2823219
2831218
2840766
2848472
2856472
2864469
2869784
2877784
2885781
2893779
2901778
2917666
2926343
2937329
2945456
2954697
2962697
2970694
2975889
2983889
2991886
2999884
3007883
3017431
3028957
3036956
3045633
3056747
3064746
3078069
3082114
3090114
3098111
3106109
3114108
3123536
3134283
3143061
3151738
3161286
3170851
3180399
3191449
3197767
3205767
3213764
3221762
3229761
3240388
3249286
3257963
3267391
3277076
3286504
3296464
3306029
3314619
3322619
3330616
3338614
3346613
3356940
3364939
3373616
3384243
3392729
3402569
3412254
3420931
3430359
3439951
3447949
3455948
3465794
3473792
3481791
3490468
3500442
3508794
3519421
3527907
3536584
3547211
3556109
3565537
3575129
3583127
3591126
3599803
3609295
3617294
3625646
3636298
3644297
3653436
3663410
3671762
3682389
3691612
3701040
3710632
3718630
3726629
3734981
3745152
3753150
3761149
3772263
3780262
3788614
3799266
3807265
3817892
3830075
3838074
3846426
3854487
3862485
3870484
3881598
3889597
3897949
3908120
3916118
3924117
3940250
3949935
3957935
3965932
3973930
3981929
3993043
4001042
4009394
4017455
4025453
4033452
4049585
4058479
4067264
4077050
4087221
4095219
4103218
4112903
4120903
4128900
4136898
4144897
4159815
4167814
4176599
4188495
4196556
4204554
4212553
4227998
4235998
4243995
4251993
4259992
4271260
4279259
4288044
4300004
4308001
4315999
4323998
4338916
4346915
4355700
4367309
4376242
4384241
4393949
4403139
4414407
4422406
4431094
4439093
4450361
4458360
4467145
4479689
4487687
4495686
4505394
4518603
4527388
4537096
4546410
4555578
4565456
4573455
4582240
4593508
4601507
4610781
4620489
4630048
4638833
4648541
4661085
4669083
4677082
4689085
4698725
4708603
4716602
4727266
4736974
4745143
4753928
4763636
4773195
4782903
4792177
4803445
4811444
4820229
4832232
4843146
4852460
4860773
4870413
4880121
4888290
4897998
4908662
4918540
4926539
4935324
4946592
4954591
4966594
4975868
4987136
4995135
5003920
5014483
5025857
5033856
5042641
5051809
5061687
5069686
5081689
5092353
5102231
5110230
5119015
5130283
5138282
5150273
5159126
5169004
5177003
5186171
5197789
5207528
5217547
5226332
5235500
5245378
5253377
5266758
5276124
5284635
5293488
5304885
5312884
5324013
5333964
5342817
5352695
5360694
5369862
5381480
5391219
5401120
5412202
5420201
5429369
5441372
5450449
5460327
5468326
5477179
5488576
5496575
5507704
5519322
5527833
5536686
5548689
5558043
5567211
5576372
5584811
5595893
5603892
5613060
5626418
5634417
5644318
5656321
5665675
5674528
5684858
5692857
5703525
5711524
5720377
5733735
5741734
5750902
5764367
5773721
5782160
5792908
5801693
5811571
5819570
5828009
5841367
5849366
5858219
5872787
5881955
5890206
5902209
5911107
5920058
5928056
5936055
5949413
5957412
5965851
5980419
5989272
5999620
6011190
6020899
6029067
6037470
6045469
6057900
6065898
6073897
6088306
6096904
6109412
6120604
6129555
6137553
6145552
6155261
6166909
6175312
6183311
6196352
6204950
6219359
6228705
6238969
6246967
6254966
6267397
6275395
6283394
6293103
6305766
6314364
6327405
6336751
6348761
6356759
6364758
6376811
6384809
6392808
6405849
6414447
6424156
6436819
6446165
6459035
6467034
6478606
6486603
6494601
6502600
6515263
6523861
6536902
6546248
6555957
6568620
6579033
6588879
6596877
6604876
6616577
6625055
6633653
6646316
6655662
6668703
6678412
6688825
6699585
6708816
6718853
6727331
6735929
6747630
6756108
6765454
6778117
6788530
6801571
6811280
6822040
6830638
6839869
6849906
6858384
6867730
6879431
6887909
6898322
6910985
6923807
6932914
6944615
6953093
6962324
6971670
6981707
6990185
7000598
7012299
7020777
7033599
7046262
7055369
7064715
7076301
7084894
7094125
7104162
7114575
7123053
7134754
7147576
7156054
7168655
7178692
7187170
7197583
7208102
7217762
7226993
7237030
7249852
7258330
7270031
7282632
7291110
7301147
7311560
7320038
7331739
7340970
7352447
7362270
7372307
7385180
7397088
7405087
7415500
7423978
7434015
7446837
7455315
7467016
7476247
7487724
7500382
7510420
7520457
7529956
7537955
7549432
7559255
7569292
7582165
7591664
7603465
7614386
7624397
7635874
7644103
7653372
7665233
7673232
7684709
7697367
7707405
7717442
7728363
7739814
7749663
7759520
7771381
7779380
7788649
7801307
7812784
7821382
7832859
7843780
7855641
7863640
7875117
7886798
7894797
7906928
7916724
7927530
7936799
7949457
7960934
7969788
7979057
7991715
8003192
8011790
8022872
8034948
8042947
8055078
8064874
8077206
8085205
8097336
8107132
8117938
8127207
8139865
8151342
8161226
8171022
8183153
8193649
8203484
8213280
8225356
8233355
8245486
8255282
8268640
8279474
8289301
8299797
8311928
8321732
8331559
8341807
8351634
8361430
8373561
8384057
8397753
8408249
8418076
8429342
8440011
8450507
8460086
8469882
8479709
8490205
8502336
8513602
8526528
8537794
8547621
8560727
8568786
8580052
8588161
8598657
8608484
8619750
8631881
8646137
8656073
8668681
8679006
8689561
8698331
8708877
8716936
8728202
8738029
8752285
8764416
8776192
8788323
8799731
8808551
8818336
8827156
8837996
8846481
8859089
8870564
8884196
8894471
8908727
8919667
8928556
8938272
8947881
8956701
8967541
8979016
8991624
9002923
9015531
9027006
9039672
9049616
9058101
9067817
9077761
9089236
9100076
9113143
9123983
9135458
9148066
9160215
9169217
9179161
9188877
9200352
9210296
9223151
9234203
9245678
9256518
9270150
9281173
9290277
9300833
9311696
9321412
9333371
9344846
9355686
9366738
9379593
9391068
9402233
9413708
9422812
9433368
9444487
9455962
9465906
9477854
9489813
9501288
9512128
9524926
9534768
9545887
9556443
9567306
9577022
9589747
9600731
9612073
9622348
9635969
9646953
9657843
9669318
9678422
9688978
9700863
9711847
9723189
9733464
9746189
9757173
9768515
9780536
9790378
9802263
9812819
9823803
9834864
9845420
9857305
9868289
9879631
9892356
9903340
9914219
9925203
9936545
9946820
9958705
9969261
9980245
9991587
10003472
10014456
10027181
10038659
10048934
10060386
10070661
10081645
10092987
10104086
10115428
10126412
10138297
10151158
10162500
10172775
10183759
10195101
10205486
10216828
10227812
10239697
10250253
10264782
10275057
10286041
10297325
10307600
10318942
10329926
10341811
10351653
10364313
10377752
10388736
10399607
10409882
10421224
10432208
10443986
10453767
10465713
10479888
10491773
10501615
10512577
10523919
10534903
10546268
10556049
10567827
10582170
10593948
10603729
10615675
10626637
10637979
10648963
10658744
10670109
10684705
10696230
10706011
10717789
10729815
10741157
10751419
10761922
10772804
10787400
10798765
10808706
10820071
10832671
10844333
10854114
10865479
10875982
10890096
10901381
10911884
10922766
10935366
10947511
10957292
10968174
10982394
10993274
11004076
11015441
11025944
11038544
11051422
11063353
11071352
11085328
11096830
11107254
11118136
11130736
11143236
11154600
11166574
11177764
11188506
11200008
11212417
11221314
11233914
11246792
11259201
11269752
11280698
11294918
11305654
11316536
11327726
11338606
11349970
11362379
11373432
11383876
11397990
11409354
11419714
11432314
11445018
11456382
11467262
11479098
11490288
11501168
11512532
11524941
11535994
11548370
11560779
11571832
11582276
11596390
11607580
11618944
11629824
11641710
11653286
11664650
11677059
11688688
11699568
11710932
11723341
11734394
11747700
11759002
11770889
11781942
11793828
11805715
11817344
11828224
11840110
11851686
11863050
11875459
11888030
11899818
11911120
11923007
11934636
11946100
11957402
11969289
11980342
11992228
12004115
12016686
12028996
12040883
12052185
12063773
12075278
12086754
12098218
12109520
12121407
12133293
12145864
12157751
12170061
12181649
12192951
12204630
12215891
12227396
12239283
12250585
12263156
12275043
12286929
12299363
12310827
12322303
12333767
12345069
12356956
12368461
12381032
12392919
12404221
12417239
12429126
12440179
12451481
12462945
12474832
12486134
12498705
12510592
12522097
12534884
12547025
12558304
12569357
12581244
12592546
12604010
12616581
12628468
12639770
12652760
12664901
12676203
12687921
12699808
12710422
12722574
12734673
12746182
12757646
12770433
12782615
12794079
12806650
12817933
12828986
12841085
12853237
12864058
12876210
12888309
12900491
12912643
12924624
12936251
12947715
12959649
12971569
12982622
12994721
13006873
13019055
13031036
13042903
13054127
13066279
13078378
13090133
13102162
13113285
13125477
13137576
13149600
13161467
13172691
13184790
13196942
13209134
13220796
13232825
13245017
13256140
13268978
13280202
13292130
13303354
13315546
13327645
13339669
13351536
13363635
13375680
13387774
13399641
13410865
13422894
13434985
13446209
13459047
13470332
13482199
13494391
13506490
13518514
13530405
13542496
13553720
13565749
13577843
13589710
13601739
13613187
13625054
13638054
13649177
13661369
13673260
13685620
13697383
13709250
13720698
13732565
13744594
13756688
13768717
13780909
13792032
13805160
13817359
13829014
13840238
13852105
13865240
13876228
13888420
13899543
13911572
13924707
13936899
13948022
13961150
13973565
13985004
13996228
14008095
14019083
14032218
14044410
14055533
14067562
14081349
14094216
14105440
14117307
14128295
14141422
14152410
14164745
14175073
14188860
14200889
14214400
14225523
14237552
14250634
14261622
14274552
14284285
14298072
14308400
14322400
14334735
14345063
14358850
14370879
14383283
14394092
14407879
14417612
14431612
14442366
14454275
14468062
14478390
14492495
14504845
14516610
14527419
14541336
14551578
14564082
14577016
14587602
14602028
14612356
14625822
14638220
14650576
14661385
14674883
14686228
14697409
14711326
14721568
14735629
14747006
14759788
14772186
14785109
14795812
14808210
14820566
14831375
14845292
14856218
14869595
14881782
14894438
14905619
14919312
14929778
14942176
14955099
14966025
14979530
14990994
15004245
15016420
15029214
15039585
15053278
15064428
15076826
15089749
15100801
15114180
15126404
15139021
15150386
15163309
15174235
15187740
15199204
15211602
15224525
15237205
15248956
15261180
15274110
15285036
15297959
15309011
15322390
15334614
15347359
15359583
15371981
15384904
15396138
15408760
15419812
15432735
15445415
15457166
15469390
15482769
15495705
15507738
15519862
15530914
15543536
15556517
15567967
15580191
15593114
15606221
15617545
15631238
15643514
15654638
15668017
15679069
15691293
15703915
15717022
15728346
15741269
15754962
15766600
15779080
15791669
15802793
15815017
15828124
15839448
15852070
15866009
15877401
15890182
15902804
15915393
15927235
15939757
15951848
15963172
15976810
15988503
16001125
16013906
16027013
16038337
16050959
16063661
16075772
16087912
16101103
16112227
16125865
16138168
16150737
16162061
16175699
16187392
16200014
16212716
16224827
16236967
16250594
16261892
16274661
16286801
16299992
16311116
16324754
16337057
16349567
16362381
16374492
16386632
16399401
16411605
16423716
16435856
16449483
16460781
16474419
16487121
16499232
16512772
16524205
16536345
16548456
16561270
16573381
16585521
16599148
16612786
16625372
16637599
16648945
16662485
16673870
16686010
16698121
16711661
16723888
16738088
16751542
16763092
16775085
16787312
16798610
16812150
16824261
16836488
16850028
16864142
16876282
16888393
16901459
16912757
16924750
16936977
16950517
16962628
16977584
16988882
17002422
17014533
17026760
17038897
17051124
17063117
17076775
17091710
17103029
17115022
17127249
17140789
17152900
17166076
17177264
17191727
17204310
17217871
17229169
17241396
17253389
17267047
17281322
17292216
17306973
17318457
17332823
17344121
17356348
17367536
17381999
17394582
17407462
17422515
17433409
17448069
17459367
17471594
17482488
17497245
17508729
17523192
17536009
17548655
17563630
17574836
17586751
17597734
17612787
17623681
17638438
17650156
17664619
17679099
17690082
17701997
17714184
17727944
17738927
17754214
17765108
17779865
17794345
17806428
17818447
17830872
17843190
17855377
17869371
17880354
17896192
17910009
17922373
17935135
17947621
17959640
17972065
17984617
17996804
18012642
18026459
18037619
18051436
18064071
18076328
18089048
18101067
18113492
18129330
18141882
18154069
18167886
18180759
18194332
18205498
18217755
18231496
18246313
18258332
18270757
18284574
18298763
18310805
18322186
18335759
18350919
18362763
18375020
18388761
18402578
18416664
18427493
18440190
18455350
18468070
18479451
18493024
18506841
18521775
18533352
18545497
18559843
18573354
18584758
18597455
18611272
18626188
18639152
18650533
18664106
18678661
18690617
18702762
18716579
18730619
18744210
18755840
18768537
18783697
18797270
18808621
18822438
18835926
18849517
18861699
18873844
18889004
18901701
18915292
18930382
18941785
18955376
18969193
18979703
18994863
19007008
19020599
19035689
19048456
19063190
19077137
19088358
19101501
19112867
19126458
19141548
19153763
19168497
19182444
19196354
19210156
19221522
19234665
19248256
19259622
19274356
19288303
19301661
19315608
19329740
19343320
19356911
19368277
19381420
19396154
19407520
19421467
19435599
19450333
19463506
19477124
19490075
19503981
19516175
19529318
19543265
19556210
19569365
19583497
19597444
19612178
19625022
19637973
19651879
19664865
19678008
19691163
19705295
19718055
19732187
19745342
19760534
19773712
19786663
19799818
19813724
19826710
19839853
19853985
19867140
19882659
19894032
19908665
19922379
19935557
19948508
19962414
19975795
19989701
20002687
20015830
20031226
20044504
20057355
20071069
20084642
20098356
20111534
20124485
20138391
20153159
20166302
20179916
20193693
20207203
20220951
20233332
20247046
20261015
20274957
20288863
20302540
20316620
20329827
20342749
20355893
20369670
20383804
20397518
20411487
20425633
20439244
20452322
20465310
20478517
20492763
20506365
20520142
20534580
20548817
20562291
20574883
20587934
20601610
20615782
20628989
20643235
20658218
20671820
20684852
20697507
20711027
20725355
20738406
20752082
20767065
20781237
20794444
20807476
20820600
20835324
20847979
20861499
20876482
20890810
20903861
20917537
20930569
20945431
20957948
20971072
20986055
21000779
21013434
21026954
21040676
21055922
21068055
21081041
21096024
21110886
21123403
21136527
21151167
21166688
21178546
21191148
21206131
21221377
21233510
21246496
21262246
21277179
21289625
21301639
21316622
21332016
21344001
21356603
21372508
21387364
21400361
21412718
21427651
21442507
21455080
21467094
21482615
21497471
21510468
21524199
21538730
21553586
21566561
21578173
21593106
21607962
21620959
21635926
21650211
21664994
21678064
21689654
21704185
21719041
21732038
21746971
21761827
21776475
21789791
21801381
21815666
21830449
21843519
21858050
21872906
21887839
21901711
21913672
21927393
21941930
21955246
21969531
21984314
21998918
22013654
22027723
22039684
22053657
22067537
22081258
22095795
22110399
22125182
22139666
22153883
22165948
22180446
22193549
22207522
22222126
22236663
22251393
22265930
22280147
22292737
22306816
22319813
22334311
22348390
22363452
22377657
22392261
22406798
22420143
22433605
22446602
22460681
22475179
22489948
22504446
22518525
22533587
22546932
22560801
22574880
22587470
22603461
22616737
22630816
22645314
22660823
22675210
22687800
22701669
22715883
22730250
22745015
22757605
22773596
22787612
22801691
22816189
22830082
22844449
22857935
22871804
22886018
22900385
22915890
22928480
22944471
22958435
22972134
22986348
23000217
23014584
23028798
23042679
23056893
23071260
23086729
23100547
23114812
23129128
23142997
23157223
23171092
23185459
23199673
23214672
23229178
23243327
23257592
23271422
23285687
23300003
23313872
23328835
23343085
23357744
23371922
23386017
23400384
23414202
23428467
23443034
23457284
23472247
23486157
23500884
23514702
23528797
23543364
23557614
23571879
23586446
23600752
23615319
23629297
23643864
23657959
23672209
23686776
23701041
23715649
23729899
23744164
23758459
23772709
23787276
23801371
23816149
23830244
23844494
23859061
23873326
23887880
23901871
23916542
23930744
23944994
23959561
23973656
23988497
24002701
24017042
24031565
24045824
24060165
24074156
24088827
24103350
24117872
24132363
24146719
24160995
24174986
24189327
24203850
24218521
24232863
24247534
24261890
24275881
24290157
24304680
24319021
24333693
24348034
24362557
24377228
24391052
24405575
24419851
24434588
24448864
24463387
24477728
24492790
24507168
24520746
24535808
24549759
24564282
24578558
24593620
24607961
24622679
24637020
24650979
24666270
24679453
24694515
24708791
24723574
24737850
24752912
24767253
24781488
24796503
24809686
24824977
24838745
24853807
24868083
24883374
24898042
24911721
24927012
24940780
24955210
24968978
24984269
24998937
25013607
25028275
25043295
25057245
25071013
25086304
25100653
25114502
25129170
25144461
25159523
25173528
25188819
25202688
25216537
25231205
25246177
25260845
25274694
25291198
25305203
25319052
25333720
25348212
25362880
25376729
25393233
25406369
25422212
25436880
25450727
25465395
25479244
25495325
25508404
25524309
25538814
25553887
25568555
25582404
25597840
25610919
25626824
25640849
25655984
25671875
25685724
25701000
25714079
25729984
25743364
25758499
25775360
25788429
25804320
25817399
25833304
25846524
25861659
25878494
25890944
25907805
25920884
25936789
25949844
25964979
25981654
25994104
26010939
26024794
26040144
26053329
26068464
26084974
26097424
26114099
26128329
26143464
26157239
26172374
26188459
26200909
26217419
26231814
26246949
26261569
26275909
26292369
26304819
26320904
26335724
26350529
26366894
26379394
26395904
26409149
26424814
26440054
26454439
26470524
26483304
26499389
26514474
26529014
26544996
26558769
26574434
26587634
26603299
26619151
26632924
26649009
26664094
26678764
26692959
26707629
26723481
26737254
26752919
26768771
26783312
26798609
26812954
26828806
26842579
26857249
26873101
26887642
26903307
26918604
26933876
26948229
26962574
26978426
26992967
27007637
27023489
27038206
27053871
27068224
27083883
27098421
27112962
27128814
27143484
27158201
27174053
27189533
27204071
27218612
27234271
27248809
27263526
27279378
27294048
27310031
27324572
27339921
27354459
27369176
27384835
27399373
27415357
27430677
27445881
27460419
27475136
27490485
27505023
27520682
27536298
27551337
27566524
27581241
27596445
27610983
27626332
27641948
27656987
27672646
27687833
27702550
27717088
27732292
27747908
27762947
27778296
27793912
27809435
27823973
27838397
27854013
27869052
27884256
27899872
27915221
27930970
27945282
27960898
27975322
27990361
28005977
28021181
28036930
28052279
28068025
28082207
28097246
28112380
28127286
28143035
28158239
28174971
28189497
28204536
28219265
28234171
28249920
28264344
28280982
28296280
28311871
28326555
28341461
28356914
28371229
28387087
28403165
28418180
28433338
28448796
28464204
28478519
28493972
28510072
28525065
28540223
28556081
28571539
28585854
28601262
28617362
28632355
28647513
28662966
28678969
28693284
28708597
28724697
28739690
28754848
28770256
28786356
28801174
28816027
28832127
28847120
28862278
28877591
28893691
28908684
28923917
28939724
28954870
28969863
28985021
29001121
29016114
29031427
29047527
29062760
29077753
29092911
29108706
29123864
29138857
29154957
29170270
29185663
29201416
29216596
29231754
29246747
29262554
29277700
29293093
29309193
29324506
29340259
29355252
29370444
29385590
29400983
29416790
29431936
29448203
29463956
29478949
29494095
29509287
29524680
29539826
29555633
29572050
29587803
29602796
29617792
29633134
29648331
29663523
29679480
29695758
29711565
29726881
29741639
29757032
29772028
29787370
29804263
29819455
29835412
29851539
29866932
29881928
29895875
29912964
29927960
29943302
29960419
29976376
29991863
30005775
30022386
30036839
30051807
30068924
30084266
30101656
30115710
30132286
30146739
30161707
30178076
30192771
30210161
30225503
30242221
30256674
30271642
30287976
30302671
30319282
30334008
30352014
30366684
30381652
30397911
30412606
30429182
30443908
30460519
30476022
30491997
30507921
30522616
30539117
30553843
30570419
30585922
30602487
30618266
30632961
30649127
30663853
30680354
30695857
30712433
30728216
30743451
30759472
30774198
30790364
30805867
30822368
30838151
30854186
30869962
30884688
30900709
30916212
30932378
30948161
30964662
30980697
30995423
31011199
31026702
31042723
31058506
31074672
31091967
31106738
31121934
31137437
31153213
31168996
31185017
31202047
31218118
31233249
31248752
31263948
31279731
31295507
31312392
31328823
31344629
31360132
31375263
31391046
31406242
31422882
31439313
31455431
31472004
31486643
31502426
31517557
31533617
31550048
31566166
31582806
31598613
31614018
31628937
31644932
31661363
31677423
31693541
31709972
31725988
31740907
31756312
31772743
31788738
31804856
31821287
31837347
31852962
31868282
31884611
31900118
31916236
31932667
31948662
31965296
31980337
31996581
32012088
32028206
32044127
32060042
32076676
32092671
32108636
32124143
32140261
32156097
32172012
32188341
32204051
32220970
32236498
32252442
32268152
32284067
32300311
32316021
32332350
32349078
32364797
32380507
32396422
32412366
32428076
32444320
32460895
32477377
32493087
32508806
32524721
32540431
32556375
32572865
32590137
32605847
32621386
32637301
32653011
32668730
32684920
32703037
32718682
32734146
32749931
32765771
32781310
32797275
32815295
32831582
32847046
32862691
32878606
32894070
32909855
32927650
32944538
32960503
32975591
32991506
33006970
33022615
33040230
33057298
33073083
33089396
33105311
33120775
33135515
33152990
33170198
33185843
33203458
33219771
33235305
33249320
33265890
33283449
33298743
33316218
33333793
33349503
33363850
33379695
33396349
33412548
33429118
33446677
33462403
33479185
33494225
33510154
33527078
33542923
33559577
33576208
33592778
33609560
33624684
33641243
33657453
33673382
33690666
33706583
33723237
33740019
33755773
33772634
33787912
33804471
33821113
33837042
33854326
33871108
33887969
33903247
33919001
33935862
33951572
33968131
33984992
34002276
34018777
34034336
34051197
34066907
34082661
34099522
34116081
34133040
34149866
34166727
34182286
34197996
34214857
34230611
34247570
34264129
34281515
34297816
34313526
34330334
34345946
34362905
34378659
34396045
34412604
34430351
34445864
34461476
34478435
34493994
34511380
34527134
34544891
34561450
34578301
34594275
34609524
34626793
34642469
34659933
34675980
34694249
34710078
34726349
34742323
34757999
34775268
34791315
34808779
34825918
34842877
34858553
34874824
34890798
34906845
34924114
34941253
34958717
34975378
34991352
35007399
35023670
35039644
35056783
35074052
35091632
35108177
35124224
35140198
35156469
35172641
35189582
35207049
35224431
35241100
35257023
35273195
35289466
35306232
35322579
35339961
35357428
35374097
35390020
35406786
35423057
35439404
35456170
35472958
35490922
35507570
35523611
35539958
35556724
35572995
35589783
35606549
35624436
35640860
35657508
35673549
35690337
35707103
35723374
35741261
35758027
35774451
35791099
35807887
35823928
35840924
35858581
35874852
35892001
35908749
35924830
35941478
35958574
35975406
35992402
36009651
36025840
36042380
36059128
36076308
36092956
36110052
36127334
36143390
36160030
36177023
36193858
36210606
36227947
36244884
36261040
36277925
36294868
36311508
36328501
36345897
36362534
36378935
36395875
36412518
36429403
36446451
36464042
36480429
36496885
36514012
36530413
36547353
36564666
36581992
36598379
36615100
36631907
36648363
36665568
36682894
36700207
36716594
36733725
36749857
36766578
36783904
36801109
36818656
36835219
36851919
36868072
36885203
36902119
36919715
36937041
36954019
36970134
36986697
37003613
37020744
37038340
37055256
37072284
37088759
37105497
37122238
37139544
37156750
37173881
37190909
37207559
37224300
37241038
37258549
37275375
37292681
37309709
37326450
37343100
37360043
37377437
37394175
37411686
37428656
37445250
37462105
37479098
37496237
37513180
37530741
37547456
37564255
37581160
37598387
37615242
37632235
37649975
37666461
37683310
37700593
37717392
37734297
37752055
37769059
37785516
37803112
37819598
37836447
37854117
37871741
37888114
37905336
37922196
37938653
37956267
37973960
37990796
38007934
38024878
38041251
38058473
38076558
38093015
38110616
38127640
38143933
38161071
38179053
38195613
38212835
38230454
38246695
38263753
38281651
38298295
38315433
38333415
38349509
38366515
38384333
38401057
38418115
38436013
38452523
38469329
38487095
38503871
38520877
38538695
38555874
38572343
38589909
38606885
38623691
38641457
38658688
38675694
38692923
38710323
38726705
38744271
38761702
38778508
38796274
38813941
38830143
38847285
38864952
38881522
38899088
38916755
38934410
38950723
38968390
38984960
39002102
39019769
39037335
39054990
39072278
39088970
39105540
39123207
39140349
39158004
39175671
39193237
39209962
39227095
39243787
39261442
39278878
39296251
39314200
39331517
39348209
39365342
39382316
39399689
39417638
39434780
39453231
39469764
39486738
39503871
39521244
39538218
39556335
39574677
39591754
39608293
39625666
39642640
39659773
39678115
39696232
39713315
39730283
39747656
39764195
39781763
39799670
39818060
39835305
39852588
39869217
39886185
39904068
39921660
39939615
39957610
39974419
39991207
40008490
40026082
40043965
40061605
40079800
40096409
40113512
40131104
40148387
40166027
40183910
40201790
40218714
40236306
40253409
40271049
40288332
40306212
40324095
40341684
40358611
40376251
40393354
40411234
40428517
40446493
40463997
40481581
40498556
40516324
40533539
40551487
40568798
40586967
40603942
40621526
40638741
40656509
40673820
40691768
40709367
40726912
40744127
40761711
40779022
40796790
40814389
40832337
40849861
40867097
40884408
40901992
40919591
40937359
40955012
40972831
40990142
41007378
41024977
41042561
41060214
41077982
41095916
41113112
41130463
41147947
41165600
41183184
41201067
41218910
41236197
41253681
41271032
41288570
41306269
41324412
41341995
41359479
41376766
41394304
41411655
41429614
41447564
41465340
41482564
41500102
41517389
41535000
41552950
41570909
41589165
41605909
41623187
41640734
41658684
41676295
41694734
41712679
41729734
41746532
41764482
41782029
41800120
41818112
41836504
41853302
41870357
41887827
41905854
41923846
41941937
41960200
41977127
41994532
42011652
42029644
42047671
42065987
42084025
42101302
42118422
42135827
42153469
42171785
42189812
42208176
42225320
42242597
42260239
42277644
42295610
42313974
42332001
42349495
42367137
42384414
42402380
42419785
42437799
42456176
42474083
42491312
42509278
42526555
42544569
42561974
42580504
42598258
42616224
42633453
42651467
42668744
42687239
42704679
42723286
42740399
42758413
42775642
42794009
42811449
42829944
42847461
42865475
42882588
42900907
42918347
42936714
42954619
42972633
42989650
43007853
43025293
43043612
43061838
43079884
43096808
43114915
43132355
43150558
43168784
43187103
43204314
43222073
43239513
43257620
43275846
43294049
43311916
43329579
43347019
43364778
43383004
43401111
43419542
43437181
43454621
43472284
43490510
43508269
43526735
43544807
43562247
43579886
43598059
43615775
43634044
43652000
43670121
43687512
43705661
43723377
43741550
43759506
43777775
43795386
43813287
43831003
43849152
43867108
43885281
43903612
43921161
43938877
43956778
43974734
43992883
44011491
44029387
44047103
44064652
44082608
44100509
44119093
44137766
44155597
44172878
44190834
44208383
44226719
44245368
44264286
44281620
44299088
44316609
44334593
44352994
44371888
44390526
44407830
44425351
44442819
44460868
44479514
44499053
44516736
44534105
44551561
44569094
44587388
44606759
44625573
44643011
44660467
44677836
44695614
44714633
44733447
44752253
44769531
44786742
44804356
44822859
44841673
44860692
44878773
44895984
44913262
44931601
44950415
44968918
44987900
45005654
45022504
45040507
45059321
45077660
45096642
45115145
45132174
45149749
45168362
45186566
45205515
45223887
45242136
45259419
45277604
45295808
45314421
45332793
45351742
45369381
45387274
45405478
45423663
45442035
45460648
45479158
45497236
45515404
45533333
45551705
45569890
45588400
45607013
45625366
45643295
45661463
45679560
45698020
45716255
45735071
45753684
45771425
45789522
45807690
45825925
45844385
45862926
45881814
45900256
45917652
45935887
45954055
45972596
45991056
46009777
46028386
46046557
46064017
46082558
46100726
46119447
46137907
46157291
46174751
46192922
46210688
46229409
46247577
46266812
46285733
46303656
46321422
46339593
46357539
46376482
46395752
46414638
46432404
46450327
46468273
46486444
46505422
46524772
46543578
46561309
46579255
46597178
46615384
46634442
46654137
46672598
46690249
46708160
46726118
46744404
46763807
46783972
46801623
46819269
46837100
46855138
46873769
46893777
46913309
46930643
46948474
46966120
46984503
47003739
47023847
47042329
47060008
47077494
47095485
47114473
47133809
47154103
47171694
47189180
47206859
47225455
47244543
47264324
47283468
47300954
47318545
47336829
47355525
47375058
47395294
47412956
47430319
47448515
47466899
47486040
47506028
47525440
47542321
47560289
47578585
47597414
47617010
47637263
47655011
47672291
47690359
47709100
47728384
47748245
47767797
47784981
47802361
47820874
47840070
47859619
47880160
47897767
47915051
47932876
47951844
47971305
47991534
48011265
48027837
48045566
48063846
48083079
48103220
48124843
48141335
48158352
48176536
48195081
48214994
48236575
48254913
48271850
48289322
48307771
48326996
48348349
48368643
48385428
48402820
48420557
48439686
48460351
48482109
48499158
48516398
48534055
48552472
48573041
48594111
48613148
48630128
48647633
48665970
48685827
48706801
48727214
48744118
48761363
48779548
48799325
48819587
48841384
48858184
48875353
48893278
48912903
48933085
48954172
48972354
48989419
49007268
49026633
49046663
49067670
49086768
49103589
49121334
49140623
49160393
49181248
49201290
49218003
49235504
49254689
49274383
49294978
49316040
49332525
49349918
49368859
49388449
49408968
49429998
49447275
49464440
49483273
49502619
49523034
49543988
49562205
49579190
49597795
49617033
49637204
49658054
49677335
49694120
49712545
49731555
49751618
49772224
49793429
49809250
49827475
49846305
49866140
49886638
49907599
49925560
49942605
49961235
49980890
50001160
50022013
50041894
50058915
50076365
50095820
50115910
50136535
50157788
50175249
50192675
50210950
50230840
50251285
50272310
50292131
50309009
50327260
50345970
50366215
50387060
50408180
50425891
50443594
50462280
50481345
50501990
50522930
50543197
50560476
50578614
50597655
50617120
50637860
50659320
50677782
50695496
50713989
50733430
50752990
50774250
50795112
50812802
50830871
50849764
50869300
50889380
50910745
50930132
50948177
50966646
50985634
51005690
51025875
51047475
51065507
51083952
51102516
51122024
51142185
51162605
51182865
51201282
51219822
51238906
51258519
51278915
51299435
51318640
51337152
51356212
51375401
51395249
51415745
51436110
51454510
51473542
51492707
51512131
51532079
51552610
51571980
51590900
51610037
51629437
51648961
51668944
51689510
51708370
51727395
51746767
51766267
51785826
51805844
51826084
51844865
51864125
51883597
51903132
51922726
51943029
51962579
51981595
52000955
52020462
52040032
52059911
52080599
52099309
52118425
52137820
52157362
52177217
52197481
52217379
52236139
52255290
52274720
52294547
52314787
52335641
52354209
52373004
52392190
52411905
52432117
52452947
52472911
52491074
52509904
52529375
52549475
52570277
52591125
52609776
52627974
52647089
52666945
52687635
52708472
52728025
52746676
52765159
52784659
52805105
52825830
52846712
52865210
52883861
52902729
52922819
52943300
52964070
52983912
53002780
53021431
53040889
53061014
53081540
53102535
53121482
53140633
53159591
53179084
53199254
53220005
53240684
53259642
53278793
53297786
53317324
53337719
53358680
53378844
53397837
53416988
53436026
53455789
53476394
53497610
53517039
53536077
53555228
53574491
53594464
53615324
53636265
53655279
53674454
53693693
53713166
53733394
53754289
53774505
53793744
53812919
53832368
53852096
53872359
53893649
53912970
53932345
53951594
53971298
53991061
54011719
54032396
54051645
54071020
54090524
54110263
54130421
54151149
54171071
54190575
54209950
54229489
54249623
54269851
54290633
54310001
54329512
54348915
54368849
54389053
54410268
54429563
54448966
54468477
54488275
54508279
54529830
54549233
54568528
54588326
54607837
54627705
54649515
54668795
54688498
54707888
54727756
54747267
54769077
54788765
54808155
54827858
54847318
54867237
54889047
54908437
54928125
54947585
54967288
54987367
55008824
55028407
55047867
55067555
55087418
55107925
55128794
55148254
55167837
55187685
55207976
55228519
55248686
55268224
55287967
55308243
55328570
55349356
55368656
55388354
55408525
55428837
55449616
55469379
55488786
55508912
55529119
55549883
55570168
55589509
55609344
55629506
55650165
55670953
55690298
55710067
55729938
55750552
55771235
55791225
55810856
55830661
55850984
55871622
55892167
55911783
55931450
55951707
55972054
55993124
56012725
56032377
56052496
56072777
56093728
56113682
56133319
56153423
56173566
56194451
56214786
56234276
56254365
56274493
56295240
56316082
56335380
56355322
56375435
56396167
56416978
56436676
56456426
56476392
56497109
56517905
56537999
56557722
56577496
56598066
56618847
56639718
56659045
56678792
56699170
56719804
56740889
56760764
56780115
56800466
56820908
56841846
56863135
56881834
56901789
56922204
56942950
56964092
56984225
57003508
57023527
57044246
57065196
57086640
57105899
57125246
57145569
57166492
57188150
57208314
57227637
57247288
57267815
57289446
57311089
57330052
57349679
57369534
57390769
57412980
57432827
57452094
57471925
57492488
57514303
57535869
57554869
57574340
57594879
57616022
57638037
57657911
57677115
57697294
57718413
57739756
57761151
57780157
57800069
57820828
57842147
57863626
57883397
57903111
57923603
57944562
57966017
57986685
58006351
58026645
58047337
58068432
58090057
58109639
58129885
58150379
58171207
58192562
58213011
58233173
58253619
58274249
58295337
58316542
58336545
58356907
58377489
58398379
58419643
58440076
58460279
58480777
58501619
58522685
58543763
58563810
58584149
58604907
58625925
58647015
58667497
58687680
58708279
58729213
58750255
58771205
58791367
58811810
58832585
58853543
58874621
58895075
58915497
58936116
58956915
58977909
58998819
59019205
59039803
59060446
59081281
59102375
59122949
59143511
59164133
59184812
59205747
59226732
59247255
59267841
59288499
59309278
59330593
59351038
59371585
59392207
59412965
59434384
59454899
59475368
59495951
59516673
59538071
59558775
59579229
59599734
59620417
59641779
59662831
59683105
59703595
59724200
59745523
59766902
59787161
59807471
59828061
59849306
59870853
59891232
59911527
59931937
59953167
59974636
59995456
60015598
60035993
60057043
60078497
60100334
60119822
60140064
60161099
60182373
60204439
60224700
60244288
60265170
60286429
60308315
60329593
60349166
60369394
60390500
60412371
60434373
60454059
60474272
60494724
60516442
60538429
60559498
60579165
60599602
60620666
60642500
60664973
60684604
60704495
60725544
60746724
60769210
60790079
60809934
60830437
60851602
60873434
60895692
60915409
60935876
60956495
60978312
61000608
61021022
61041351
61061934
61083205
61105486
61126668
61146964
61167409
61188644
61210379
61232350
61252610
61273022
61294119
61315818
61337669
61358292
61378668
61399732
61421293
61443108
61464067
61484350
61505378
61526906
61548583
61569875
61590125
61611060
61632552
61654196
61675797
61695933
61716835
61738234
61759842
61781562
61801855
61822643
61844009
61865524
61887208
61907843
61928565
61949817
61971299
61992890
62013969
62034553
62055739
62077107
62098665
62120155
62140679
62161727
62183029
62204473
62226231
62246865
62267853
62289017
62310395
62332039
62353222
62374039
62395143
62416383
62437961
62459629
62480396
62501329
62522509
62543949
62565551
62587056
62607686
62628695
62650075
62671539
62693377
62714346
62735052
62756261
62777665
62799365
62821227
62841712
62862618
62883851
62905491
62927215
62948612
62969278
62990208
63011677
63033341
63055409
63076178
63096868
63118034
63139527
63161535
63183309
63203768
63224694
63245884
63267721
63289957
63310899
63331594
63352544
63374078
63396143
63418099
63438725
63459444
63480738
63502500
63524649
63545925
63566575
63587638
63609160
63631006
63653387
63673775
63694769
63716060
63737666
63759744
63781305
63801969
63823191
63844566
63866404
63888774
63909499
63930391
63951697
63973304
63995434
64017116
64037921
64058897
64080435
64102334
64124488
64145538
64166427
64187635
64209465
64231388
64253332
64274044
64295165
64316665
64338519
64360630
64381838
64402782
64424195
64445719
64467761
64489914
64510576
64531812
64553249
64574961
64597063
64618652
64639606
64660866
64682491
64704263
64726389
64747682
64768660
64790108
64811793
64833589
64855842
64876736
64897902
64919410
64941119
64963135
64984896
65005978
65027204
65048736
65070665
65092833
65114138
65135280
65156530
65178282
65200363
65222403
65243440
65264606
65286076
65307980
65330165
65351705
65372766
65394152
65415774
65437782
65460039
65481031
65502312
65523850
65545576
65568092
65589365
65610577
65632010
65653652
65675886
65697735
65718911
65740275
65761812
65783962
65806231
65827281
65848609
65870077
65892122
65914424
65935777
65956979
65978411
66000387
66022584
66044513
66065475
66086781
66108721
66130849
66153441
66174211
66195277
66217091
66239183
66261715
66283139
66304013
66325587
66347553
66370049
66392202
66412941
66434323
66456049
66478419
66501047
66522004
66543251
66564785
66586915
66609417
66631151
66652314
66673713
66695651
66717913
66740328
66761461
66782776
66804579
66826649
66849375
66870638
66891923
66913642
66935577
66958111
66980139
67001100
67022789
67044640
67067039
67089757
67110601
67131966
67153787
67176102
67198685
67220450
67241467
67262964
67285249
67307748
67330314
67351316
67372465
67394426
67416895
67439622
67461180
67482314
67503927
67526072
67548769
67571212
67592178
67613776
67635573
67657946
67680683
67702210
67723640
67745422
67767447
67789860
67812455
67833672
67855286
67877296
67899361
67922856
67943917
67965318
67987160
68009210
68033272
68054318
68075563
68097192
68119074
68143883
68164734
68185964
68207437
68229106
68254584
68275345
68296380
68317838
68339351
68365597
68386046
68406991
68428254
68449752
68476676
68497059
68517692
68538865
68560168
68588298
68608138
68628705
68649566
68670779
68699944
68719760
68739784
68760579
68781480
68811611
68831406
68851406
68871658
68892493
68923365
68943073
68963052
68983280
69003572
69035323
69054827
69074719
69094926
69115194
69147296
69166785
69186473
69206593
69226840
69259362
69278758
69298431
69318347
69338507
69371560
69390824
69410404
69430305
69450261
69483845
69503022
69522470
69542278
69562219
69596244
69615307
69634668
69654344
69674192
69708658
69727706
69746953
69766542
69786258
69821345
69840120
69859352
69878827
69898456
69934161
69952807
69971766
69991226
70010741
70047043
70065623
70084453
70103640
70123140
70159943
70178505
70197269
70216327
70235554
70272858
70291405
70310151
70329143
70348241
70385977
70404320
70423051
70442025
70461057
70499213
70517439
70535966
70554925
70573939
70612527
70630675
70649085
70667840
70686839
70726033
70743989
70762321
70780959
70799754
70839563
70857495
70875635
70894195
70912873
70953327
70971025
70989141
71007509
71026109
71067196
71084789
71102671
71121015
71139423
71181374
71198658
71216435
71234545
71252929
71295696
71312836
71330304
71348309
71366459
71410168
71427158
71444482
71462178
71480223
71524703
71541630
71558804
71576356
71594092
71639661
71656165
71673276
71690678
71708270
71754694
71771123
71787811
71805150
71822592
71869745
71886156
71902769
71919685
71937064
71984955
72001207
72017802
72034643
72051599
72100345
72116417
72132853
72149676
72166557
72216026
72231807
72248063
72264727
72281590
72331926
72347488
72363453
72379937
72396641
72447607
72463499
72479134
72495327
72511851
72563618
72579253
72595145
72611008
72627241
72679486
72695264
72711127
72727019
72742922
72795497
72811329
72827138
72843041
72858933
72911562
72927371
72943203
72959052
72974998
73027638
73043436
73059285
73075117
73091123
73143703
73159552
73175350
73191242
73207290
73259828
73275617
73291475
73307409
73323496
73375962
73391742
73407642
73423615
73440059
73492087
73507909
73523848
73540178
73556646
73608254
73624115
73640411
73656765
73673314
73724460
73740678
73756998
73773433
73790696
73841023
73857265
73873666
73890815
73908159
73957610
73973933
73991048
74008278
74025694
74074278
74091315
74108511
74125813
74143271
74191660
74208778
74226046
74243390
74260872
74309123
74326313
74343623
74360991
74378620
74426658
74443890
74461224
74478739
74496497
74544235
74561491
74578972
74596616
74614428
74661836
74679239
74696849
74714547
74732860
74779584
74797116
74814780
74832979
74851307
74897461
74915047
74933212
74951426
74969781
75015392
75033479
75051659
75069900
75088276
75133824
75151926
75170133
75188395
75207071
75252271
75270400
75288628
75307190
75326112
75370745
75388895
75407423
75426231
75445279
75489240
75507690
75526464
75545398
75564506
75608035
75626731
75645631
75664625
75683919
75727076
75745898
75764858
75784038
75803632
75846243
75865125
75884271
75903751
75923360
75965470
75984538
76003984
76023479
76043151
76084883
76104251
76123712
76143270
76162978
76204596
76223979
76243503
76263097
76282853
76324324
76343770
76363330
76382972
76402746
76444115
76463597
76483205
76502865
76522864
76563942
76583472
76603098
76622983
76643096
76683817
76703365
76723216
76743215
76764384
76803710
76823483
76843448
76864503
76885717
76923828
76943715
76964736
76985836
77007677
77044060
77065003
77086069
77107796
77129697
77165348
77186336
77208029
77229816
77252032
77286681
77308296
77330049
77352151
77374421
77408641
77430316
77452384
77474540
77496846
77530661
77552651
77574773
77596965
77619349
77652996
77675040
77697198
77719468
77741873
77775385
77797465
77819701
77841992
77864535
77897810
77919968
77942225
77964654
77987404
78020313
78042492
78064887
78087523
78110465
78142837
78165154
78187756
78210584
78233598
78265499
78288023
78310817
78333717
78356995
78388368
78411084
78433950
78457114
78480509
78511429
78534217
78557347
78580628
78604089
78634562
78657614
78680861
78704208
78727729
78757959
78781128
78804441
78827848
78851411
78881473
78904708
78928081
78951530
78981844
79005053
79028348
79051763
79082225
79105424
79128693
79152030
79182686
79205805
79229064
79252375
79283159
79306266
79329445
79352746
79383654
79406739
79429906
79453127
79484199
79507234
79530379
79553588
79584782
79607779
79630874
79654061
79685373
79708362
79731419
79754556
79786048
79808953
79832002
79855101
79886921
79909628
79932593
79955684
79988014
80010501
80033268
80056275
80089141
80111594
80134141
80156950
80190276
80212721
80235234
80257823
80291439
80313856
80336361
80358916
80392612
80415019
80437496
80460043
80493793
80516192
80538659
80561178
80594988
80617373
80639832
80662341
80696345
80718568
80741013
80763514
80797862
80819925
80842208
80864695
80899445
80921442
80943565
80965890
81001086
81023025
81045082
81067247
81102843
81124666
81146665
81168764
81204776
81226423
81248306
81270347
81306717
81328356
81350063
81371988
81408728
81430297
81451996
81473745
81510767
81532308
81553937
81575678
81612824
81634347
81655948
81677619
81714889
81736404
81757987
81779630
81817090
81838469
81860044
81881669
81919323
81940670
81962109
81983726
82021596
82042903
82064310
82085791
82123991
82145176
82166543
82187992
82226416
82247571
82268816
82290225
82328955
82349996
82371211
82392498
82431566
82452535
82473636
82494893
82534289
82555146
82576175
82597318
82637054
82657869
82678786
82699857
82740057
82760634
82781509
82802468
82843092
82863637
82884274
82905191
82946335
82966672
82987277
83007956
83049610
83069915
83090312
83110959
83152961
83173190
83193555
83213994
83256424
83276541
83296830
83317237
83359965
83380004
83400181
83420512
83463534
83483545
83503644
83523863
83567147
83587114
83607185
83627326
83670784
83690727
83710754
83730867
83774563
83794364
83814367
83834436
83878426
83898143
83918004
83938049
83982353
84002006
84021783
84041686
84086372
84105933
84125646
84145465
84190523
84209952
84229573
84249328
84294692
84314103
84333592
84353255
84398877
84418272
84437743
84457274
84503308
84522457
84541912
84561425
84607815
84626888
84646097
84665594
84712400
84731395
84750528
84769779
84817011
84835980
84855035
84874210
84921670
84940591
84959620
84978717
85026391
85045250
85064231
85083302
85131346
85149971
85168890
85187913
85236311
85254926
85273611
85292572
85341304
85359891
85378566
85397293
85446307
85464884
85483531
85502248
85551318
85569887
85588524
85607213
85656361
85674898
85693527
85712206
85761488
85779941
85798538
85817209
85866661
85885068
85903581
85922220
85971866
85990241
86008708
86027263
86077181
86095446
86113881
86132390
86182514
86200761
86219086
86237563
86287907
86306094
86324401
86342768
86393408
86411487
86429734
86448083
86498955
86516988
86535127
86553416
86604544
86622535
86640628
86658809
86710399
86728124
86746175
86764310
86816426
86833979
86851764
86869857
86922487
86940006
86957619
86975446
87028556
87046067
87063646
87081301
87134637
87152136
87169707
87187328
87240788
87258217
87275776
87293389
87346959
87364368
87381857
87399458
87453544
87470539
87488008
87505539
87560159
87577124
87594179
87611690
87666838
87683739
87700764
87717861
87773535
87790418
87807379
87824446
87880302
87897115
87914058
87931061
87987077
88003882
88020755
88037740
88093876
88110657
88127522
88144437
88200715
88217456
88234297
88251204
88307562
88324295
88341096
88357979
88414611
88431142
88447935
88464778
88521780
88538191
88554782
88571617
88628997
88645360
88661831
88678464
88736224
88752577
88769000
88785513
88843473
88859804
88876217
88892682
88950832
88967053
88983444
88999899
89058315
89074412
89090693
89107126
89165806
89181895
89198052
89214375
89273445
89289386
89305535
89321734
89381114
89397025
89413026
89429217
89488963
89504694
89520665
89536708
89596954
89612543
89628334
89644347
89704961
89720534
89736183
89752016
89813062
89828541
89844174
89859865
89921207
89936642
89952181
89967856
90029518
90044787
90060282
90075863
90137931
90153098
90168427
90183964
90246620
90261511
90276738
90292109
90355317
90370200
90385151
90400420
90464022
90478897
90493840
90508833
90572747
90587602
90602537
90617522
90681518
90696327
90711242
90726219
90790297
90805098
90819967
90834924
90899188
90913877
90928738
90943649
91008095
91022768
91037517
91052420
91117034
91131675
91146408
91161199
91226141
91240614
91255315
91270090
91335522
91349721
91364254
91378997
91445015
91459102
91473361
91487936
91554744
91568595
91582742
91597043
91664637
91678324
91692235
91706424
91774642
91788217
91801964
91815917
91884737
91898222
91911857
91925646
91995006
92008317
92021862
92035539
92105327
92118586
92131957
92145544
92215656
92228907
92242226
92255639
92325993
92339236
92352547
92365908
92436338
92449573
92462876
92476229
92546747
92559918
92573213
92586558
92657192
92670327
92683558
92696895
92767661
92780772
92793967
92807240
92878236
92891241
92904412
92917649
92988857
93001816
93014881
93028094
93099486
93112437
93125456
93138563
93210151
93223066
93236077
93249138
93320910
93333731
93346706
93359759
93431679
93444490
93457371
93470388
93542596
93555259
93568130
93581053
93653627
93666176
93678899
93691812
93764696
93777207
93789816
93802581
93875773
93888276
93900847
93913498
93987046
93999353
94011916
94024529
94098377
94110626
94122993
94135598
94209726
94221957
94234266
94246675
94321223
94333306
94345597
94357948
94432774
94444803
94456946
94469279
94544371
94556354
94568443
94580628
94656128
94667951
94679994
94692125
94767923
94779708
94791591
94803676
94879731
94891503
94903348
94915273
94991526
95003316
95015143
95027030
95103339
95115166
95126956
95138825
95215216
95226979
95238833
95250638
95327086
95338856
95350661
95362515
95438963
95450768
95462538
95474554
95550881
95562645
95574577
95586771
95662758
95674684
95686794
95699020
95774797
95786901
95799043
95811277
95887014
95899150
95911300
95923556
95999263
96011407
96023579
96035863
96111520
96123686
96135886
96148202
96223799
96235993
96248225
96260745
96336106
96348332
96360768
96373372
96448445
96460875
96473395
96486165
96560988
96573502
96586188
96598966
96673615
96686295
96698989
96711869
96786408
96799096
96811892
96824826
96899209
96911999
96924849
96937899
97012112
97024956
97037922
97051126
97125069
97138029
97151149
97164399
97238142
97251256
97264422
97277680
97351369
97364529
97377703
97391007
97464642
97477810
97491030
97504446
97577923
97591137
97604469
97618023
97691250
97704576
97718046
97731892
97804689
97818153
97831915
97845977
97918266
97932022
97946000
97960084
98032135
98046107
98060107
98074285
98146220
98160214
98174308
98188576
98260327
98274415
98288599
98302875
98374528
98388706
98402898
98417282
98488819
98503005
98517305
98531893
98603118
98617412
98631916
98646524
98717525
98732023
98746547
98761245
98832136
98846654
98861268
98876028
98946767
98961375
98976051
98991127
99061488
99076158
99091150
99106292
99176271
99191257
99206315
99221495
99291370
99306422
99321518
99336716
99406535
99421625
99436739
99452023
99521738
99536846
99552046
99567340
99636959
99652153
99667363
99682705
99752266
99767470
99782728
99798224
99867583
99882835
99898247
99913861
99982948
99998354
100013884
100029714
100098467
100113991
100129737
100145581
100214104
100229844
100245604
100261468
100329957
100345711
100361491
100377415
100445824
100461598
100477438
100545944
100561711
100577545
100646069
100661831
100677658
100746217
100761956
100777778
100846370
100862104
100877903
100946526
100962257
100978051
101046720
101062413
101078204
101146979
101162607
101178360
101247246
101262866
101278554
101347522
101363133
101378813
101447856
101463409
101479080
101548269
101563743
101579356
101648715
101664156
101679690
101749177
101764602
101780103
101849642
101865064
101880549
101950124
101965529
101981011
102050632
102066011
102081476
102151143
102166519
102181958
102251663
102267030
102282466
102352206
102367550
102382977
102452764
102468093
102483497
102553358
102568651
102584040
102653961
102669245
102684598
102754598
102769848
102785192
102855238
102870485
102885795
102955895
102971125
102986432
103056581
103071782
103087072
103157314
103172468
103187729
103258058
103273201
103288415
103358805
103373945
103389148
103459580
103474692
103489892
103560368
103575467
103590639
103661169
103676255
103691414
103761993
103777056
103792202
103862848
103877880
103893003
103963721
103978735
103993827
104064624
104079608
104094682
104165565
104180511
104195555
104266552
104281452
104296458
104367544
104382439
104397399
104468539
104483431
104498386
104569537
104584426
104599378
104670573
104685424
104700373
104771612
104786460
104801371
104872732
104887499
104902407
104973913
104988619
105003446
105075097
105089800
105104566
105176300
105190984
105205747
105277507
105292187
105306931
105378723
105393394
105408134
105479963
105494610
105509341
105581207
105595850
105610557
105682473
105697094
105711797
105783783
105798360
105813041
105885122
105899670
105914307
105986489
106001009
106015617
106087904
106102376
106116956
106189385
106203791
106218323
106290906
106305272
106319738
106392469
106406793
106421219
106494087
106508356
106522740
106595743
106609974
106624303
106697410
106711630
106725921
106799082
106813297
106827577
106900761
106914969
106929244
107002467
107016648
107030916
107104241
107118354
107132595
107206022
107220128
107234301
107307851
107321909
107336075
107409685
107423738
107437856
107511522
107525572
107539685
107613363
107627409
107641519
107715249
107729250
107743356
107817170
107831136
107845197
107919110
107933057
107947083
108021055
108034997
108049004
108123015
108136942
108150944
108225007
108238902
108252889
108327022
108340894
108354849
108429060
108442909
108456841
108531139
108544947
108558856
108633227
108647026
108660894
108735350
108749114
108762973
108837502
108851237
108865061
108939657
108953389
108967184
109041825
109055544
109069336
109143996
109157712
109171491
109246206
109259883
109273659
109348488
109362093
109375830
109450784
109464375
109478040
109553117
109566671
109580322
109655473
109669004
109682618
109757898
109771360
109784951
109860443
109873785
109887307
109963000
109976330
109989732
110065661
110078887
110092277
110168331
110181548
110194834
110271097
110284218
110297495
110373897
110386984
110400165
110476734
110489784
110502931
110579586
110592621
110605731
110682441
110695473
110708568
110785342
110798328
110811420
110888273
110901229
110914275
110991207
111004160
111017176
111094179
111107094
111120107
111197184
111210066
111223041
111300201
111313071
111326013
111403228
111416088
111429018
111506281
111519115
111532035
111609360
111622168
111635062
111712442
111725247
111738115
111815586
111828329
111841194
111918763
111931473
111944276
112021954
112034650
112047420
112125215
112137841
112150597
112228491
112241102
112253788
112331770
112344378
112357049
112435130
112447657
112460325
112538571
112551017
112563604
112642016
112654458
112666964
112745474
112757903
112770405
112848935
112861361
112873850
112952425
112964822
112977308
113055929
113068312
113080769
113159450
113171816
113184259
113263047
113275337
113287763
113366664
113378934
113391284
113470299
113482551
113494881
113573975
113586186
113598498
113677713
113689862
113702133
113781519
113793600
113805809
113885362
113897406
113909547
113989240
114001249
114013353
114093199
114105127
114117196
114197168
114209086
114221074
114301148
114313055
114325033
114405195
114417035
114429002
114509324
114521082
114532982
114613476
114625211
114637029
114717635
114729363
114741158
114821809
114833522
114845310
114925995
114937696
114949469
115030211
115041882
115053643
115134444
115146098
115157829
115238692
115250331
115262045
115342943
115354579
115366278
115447199
115458830
115470526
115551477
115563086
115574777
115655833
115667364
115679033
115760214
115771720
115783311
115864607
115876101
115887667
115969031
115980494
115992048
116073473
116084918
116096441
116177971
116189360
116200865
116282503
116293858
116305307
116387087
116398390
116409805
116491729
116502974
116514337
116596393
116607616
116618921
116701087
116712280
116723563
116805817
116816974
116828227
116910568
116921704
116932921
117015396
117026455
117037651
117120247
117131283
117142402
117225115
117236134
117247230
117329999
117341002
117352081
117434894
117445886
117456949
117539792
117550781
117561833
117644729
117655679
117666728
117749671
117760616
117771626
117854630
117865558
117876563
117959604
117970517
117981505
118064581
118075491
118086464
118169562
118180468
118191438
118274559
118285449
118296415
118379566
118390446
118401396
118484588
118495453
118506393
118589616
118600475
118611400
118694698
118705503
118716422
118799813
118810585
118821450
118904957
118915700
118926532
119010188
119020844
119031647
119115470
119126075
119136791
119220799
119231357
119242022
119326140
119336686
119347304
119431502
119442027
119452633
119536867
119547389
119557974
119642238
119652754
119663336
119747631
119758125
119768701
119853029
119863518
119874072
119958468
119968916
119979465
120063945
120074355
120084863
120169470
120179832
120190302
120275036
120285357
120295779
120380626
120390923
120401304
120486219
120496513
120506870
120591834
120602106
120612460
120697455
120707721
120718053
120803124
120813342
120823668
120908804
120919011
120929289
121014488
121024691
121034958
121120222
121130375
121140638
121226031
121236109
121246322
121331845
121341918
121352056
121437748
121447732
121457865
121543658
121553635
121563679
121649666
121659545
121669582
121755718
121765553
121775492
121861774
121871605
121881500
121967872
121977661
121987552
122073993
122083759
122093608
122180129
122189880
122199706
122286302
122296016
122305827
122392478
122402189
122411963
122498690
122508365
122518136
122604930
122614577
122624312
122711182
122720817
122730524
122817492
122827069
122836764
122923820
122933379
122943016
123030157
123039707
123049326
123136497
123146044
123155654
123242865
123252384
123261991
123349258
123358752
123368331
123455663
123465145
123474699
123562077
123571550
123581092
123668522
123677964
123687497
123774970
123784409
123793911
123881445
123890857
123900356
123987947
123997332
124006804
124094452
124103834
124113279
124200982
124210339
124219781
124307515
124316869
124326286
124414096
124423402
124432816
124520713
124529983
124539349
124627334
124636600
124645930
124734070
124743221
124752547
124840809
124849957
124859168
124947607
124956696
124965904
125054412
125063494
125072643
125161220
125170299
125179441
125268034
125277107
125286246
125374864
125383921
125393054
125481701
125490751
125499868
125588557
125597588
125606698
125695428
125704444
125713535
125802302
125811315
125820391
125909179
125918189
125927262
126016110
126025066
126034136
126123148
126131997
126141013
126230228
126239035
126247944
126337370
126346115
126354982
126444530
126453257
126462062
126551694
126560417
126569204
126658862
126667581
126676364
126766053
126774749
126783528
126873291
126881940
126890696
126980534
126989178
126997887
127087802
127096421
127105125
127195075
127203689
127212368
127302358
127310962
127319636
127409652
127418245
127426909
127517107
127525539
127534192
127624574
127632994
127641486
127732045
127740461
127748941
127839529
127847932
127856408
127947048
127955416
127963879
128054592
128062935
128071363
128162150
128170479
128178882
128269717
128278037
128286426
128377287
128385604
128393984
128484860
128493174
128501551
128592487
128600747
128609121
128700227
128708374
128716694
128807971
128816114
128824321
128915725
128923858
128932061
129023528
129031612
129039805
129131342
129139415
129147559
129239230
129247229
129255362
129347150
129355149
129363176
129455098
129463097
129471096
129563047
129571045
129579044
129670998
129678996
129686995
129778990
129786988
129794987
129886988
129894987
129986988
129994987
130086988
130094987
130186988
130194987
130286988
130294987
130386988
130394987
130486988
130494987
130586988
130594987
130686988
130694987
130786988
130794987
130886988
130894987
130986988
130994987
131086988
131094987
131186988
131194987
131286988
131294987
131386988
131394987
131486988
131494987
131586988
131594987
131686988
131694987
131786988
131794987
131886988
131894987
131986988
131994987
132086988
132094987
132186988
132194987
132286988
132294987
132386988
132394987
132486988
132494987
132586988
132594987
132686988
132694987
132786988
132794987
132886988
132894987
132986988
132994987
133086988
133094987
133186988
133194987
133286988
133294987
133386988
133394987
133486988
133494987
133586988
133594987
133686988
133694987
133786988
133794987
133886988
133894987
133986988
133994987
134086988
134094987
134186988
134194987
134286988
134294987
134386988
134394987
134486988
134494987
134586988
134594987
134686988
134694987
134786988
134794987
134886988
134894987
134986988
134994987
135086988
135094987
135186988
135194987
135286988
135294987
135386988
135394987
135486988
135494987
135586988
135594987
135686988
135694987
135786988
135794987
135886988
135894987
135986988
135994987
136086988
136094987
136186988
136194987
136286988
136294987
136386988
136394987
136486988
136494987
136586988
136594987
136686988
136694987
136786988
136794987
136886988
136894987
136986988
136994987
137086988
137094987
137186988
137194987
137286988
137294987
137386988
137394987
137486988
137494987
137586988
137594987
137686988
137694987
137786988
137794987
137886988
137894987
137986988
137994987
138086988
138094987
138186988
138194987
138286988
138294987
138386988
138394987
138486988
138494987
138586988
138594987
138686988
138694987
138786988
138794987
138886988
138894987
138986988
138994987
139086988
139094987
139186988
139194987
139286988
139294987
139386988
139394987
139486988
139494987
139586988
139594987
139686988
139694987
139786988
139794987
139886988
139894987
139986988
139994987
140086988
140094987
140186988
140194987
140286988
140294987
140386988
140394987
140486988
140494987
140586988
140594987
140686988
140694987
140786988
140794987
140886988
140894987
140986988
140994987
141086988
141094987
141186988
141194987
141286988
141294987
141386988
141394987
141486988
141494987
141586988
141594987
141686988
141694987
141786988
141794987
141886988
141894987
141986988
141994987
142086988
142094987
142186988
142194987
142286988
142294987
142386988
142394987
142486988
142494987
142586988
142594987
142686988
142694987
142786988
142794987
142886988
142894987
142986988
142994987
143086988
143094987
143186988
143194987
143286988
143294987
143386988
143394987
143486988
143494987
143586988
143594987
143686988
143694987
143786988
143794987
143886988
143894987
143986988
143994987
144086988
144094987
144186988
144194987
144286988
144294987
144386988
144394987
144486988
144494987
144586988
144594987
144686988
144694987
144786988
144794987
144886988
144894987
144986988
144994987
145086988
145094987
145186988
145194987
145286988
145294987
145386988
145394987
145486988
145494987
145586988
145594987
145686988
145694987
145786988
145794987
145886988
145894987
145986988
145994987
146086988
146094987
146186988
146194987
146286988
146294987
146386988
146394987
146486988
146494987
146586988
146594987
146686988
146694987
146786988
146794987
146886988
146894987
146986988
146994987
147086988
147094987
147186988
147194987
147286988
147294987
147386988
147394987
147486988
147494987
147586988
147594987
147686988
147694987
147786988
147794987
147886988
147894987
147986988
147994987
148086988
148094987
148186988
148194987
148286988
148294987
148386988
148394987
148486988
148494987
148586988
148594987
148686988
148694987
148786988
148794987
148886988
148894987
148986988
148994987
149086988
149094987
149186988
149194987
149286988
149294987
149386988
149394987
149486988
149494987
149586988
149594987
149686988
149694987
149786988
149794987
149886988
149894987
149986988
149994987
150086988
150094987
150186988
150194987
150286988
150294987
150386988
150394987
150486988
150494987
150586988
150594987
150686988
150694987
150786988
150794987
150886988
150894987
150986988
150994987
151086988
151094987
151186988
151194987
151286988
151294987
151386988
151394987
151486988
151494987
151586988
151594987
151686988
151694987
151786988
151794987
151886988
151894987
151986988
151994987
152086988
152094987
152186988
152194987
152286988
152294987
152386988
152394987
152486988
152494987
152586988
152594987
152686988
152694987
152786988
152794987
152886988
152894987
152986988
152994987
153086988
153094987
153186988
153194987
153286988
153294987
153386988
153394987
153486988
153494987
153586988
153594987
153686988
153694987
153786988
153794987
153886988
153894987
153986988
153994987
154086988
154094987
154186988
154194987
154286988
154294987
154386988
154394987
154486988
154494987
154586988
154594987
154686988
154694987
154786988
154794987
154886988
154894987
154986988
154994987
155086988
155094987
155186988
155194987
155286988
155294987
155386988
155394987
155486988
155494987
155586988
155594987
155686988
155694987
155786988
155794987
155886988
155894987
155986988
155994987
156086988
156094987
156186988
156194987
156286988
156294987
156386988
156394987
156486988
156494987
156586988
156594987
156686988
156694987
156786988
156794987
156886988
156894987
156986988
156994987
157086988
157094987
157186988
157194987
157286988
157294987
157386988
157394987
157486988
157494987
157586988
157594987
157686988
157694987
157786988
157794987
157886988
157894987
157986988
157994987
158086988
158094987
158186988
158194987
158286988
158294987
158386988
158394987
158486988
158494987
158586988
158594987
158686988
158694987
158786988
158794987
158886988
158894987
158986988
158994987
159086988
159094987
159186988
159194987
159286988
159294987
159386988
159394987
159486988
159494987
159586988
159594987
159686988
159694987
159786988
159794987
159886988
159894987
159986988
159994987
160086988
160094987
160186988
160194987
160286988
160294987
160386988
160394987
160486988
160494987
160586988
160594987
160686988
160694987
160786988
160794987
160886988
160894987
160986988
160994987
161086988
161094987
161186988
161194987
161286988
161294987
161386988
161394987
161486988
161494987
161586988
161594987
161686988
161694987
161786988
161794987
161886988
161894987
161986988
161994987
162086988
162094987
162186988
162194987
162286988
162294987
162386988
162394987
162486988
162494987
162586988
162594987
162686988
162694987
162786988
162794987
162886988
162894987
162986988
162994987
163086988
163094987
163186988
163194987
163286988
163294987
163386988
163394987
163486988
163494987
163586988
163594987
163686988
163694987
163786988
163794987
163886988
163894987
163986988
163994987
164086988
164094987
164186988
164194987
164286988
164294987
164386988
164394987
164486988
164494987
164586988
164594987
164686988
164694987
164786988
164794987
164886988
164894987
164986988
164994987
165086988
165094987
165186988
165194987
165286988
165294987
165386988
165394987
165486988
165494987
165586988
165594987
165686988
165694987
165786988
165794987
165886988
165894987
165986988
165994987
166086988
166094987
166186988
166194987
166286988
166294987
166386988
166394987
166486988
166494987
166586988
166594987
166686988
166694987
166786988
166794987
166886988
166894987
166987022
167079076
167171147
167263223
167355305
167447388
167539472
167631557
167723659
167815762
167907907
168000065
168092224
168184408
168276636
168368865
168461108
168553352
168645606
168737864
168830141
168922421
169014749
169107093
169199485
169291878
169384272
169476667
169569063
169661464
169753868
169846305
169938743
170031238
170123734
170216236
170308754
170401285
170493825
170586368
170678939
170771511
170864117
170956782
171049479
171142238
171234998
171327819
171420641
171513471
171606305
171699143
171792098
171885058
171978022
172071022
172164025
172257156
172350311
172443483
172536673
172629872
172723072
172816306
172909549
173002793
173096052
173189330
173282621
173375978
173469344
173562716
173656097
173749491
173842890
173936290
174029696
174123117
174216578
174310067
174403655
174497252
174590873
174684503
174778161
174871835
174965527
175059245
175153035
175246857
175340725
175434594
175528481
175622395
175716322
175810268
175904218
175998169
176092132
176186096
176280067
176374041
176468016
176561994
176655984
176750010
176844039
176938077
177032121
177126166
177220236
177314317
177408453
177502611
177596770
177690930
177785112
177879366
177973684
178068006
178162329
178256688
178351054
178445435
178539817
178634200
178728668
178823150
178917643
179012139
179106664
179201190
179295717
179390245
179484774
179579320
179673867
179768422
179862980
179957539
180052157
180146790
180241430
180336122
180430842
180525640
180620439
180715250
180810062
180904887
180999788
181094721
181189678
181284636
181379599
181474563
181569537
181664517
181759503
181854498
181949509
182044526
182139547
182234590
182329634
182424685
182519741
182614806
182709893
182804981
182900119
182995266
183090426
183185587
183280809
183376032
183471261
183566508
183661759
183757036
183852314
183947593
184042897
184138213
184233532
184328852
184424173
184519533
184614903
184710290
184805678
184901067
184996496
185091928
185187361
185282805
185378254
185473719
185569185
185664655
185760150
185855654
185951161
186046669
186142204
186237747
186333291
186428856
186524422
186620017
186715613
186811230
186906851
187002473
187098113
187193754
187289396
187385060
187480763
187576494
187672259
187768033
187863819
187959606
188055402
188151212
188247028
188342845
188438663
188534491
188630320
188726159
188822034
188917912
189013791
189109671
189205571
189301483
189397396
189493326
189589257
189685203
189781150
189877149
189973151
190069206
190165284
190261363
190357471
190453613
190549774
190645936
190742099
190838267
190934445
191030628
191126833
191223047
191319279
191415543
191511814
191608093
191704382
191800685
191896989
191993307
192089633
192185994
192282367
192378747
192475128
192571517
192667953
192764419
192860913
192957419
193053926
193150434
193246970
193343507
193440053
193536600
193633148
193729697
193826254
193922815
194019379
194115950
194212524
194309143
194405763
194502392
194599034
194695679
194792342
194889037
194985733
195082459
195179186
195275968
195372751
195469537
195566337
195663144
195759998
195856856
195953715
196050591
196147468
196244348
196341229
196438131
196535060
196632004
196728949
196825905
196922862
197019824
197116787
197213762
197310738
197407727
197504730
197601749
197698809
197795872
197892936
197990011
198087112
198184214
198281330
198378459
198475609
198572760
198669912
198767065
198864230
198961416
199058629
199155843
199253058
199350287
199447519
199544796
199642109
199739429
199836750
199934074
200031410
200128747
200226092
200323449
200420860
200518276
200615717
200713169
200810622
200908086
201005553
201103029
201200530
201298036
201395549
201493069
201590594
201688157
201785729
201883302
201980879
202078472
202176114
202273811
202371521
202469232
202566946
202664661
202762377
202860097
202957827
203055560
203153301
203251045
203348822
203446649
203544506
203642375
203740247
203838122
203936032
204033959
204131894
204229841
204327944
204426076
204524209
204622370
204720554
204818759
204916965
205015172
205113430
205211711
205310022
205408382
205506766
205605151
205703551
205801960
205900386
205998821
206097262
206195739
206294260
206392797
206491335
206589905
206688492
206787080
206885669
206984273
207082878
207181505
207280133
207378764
207477423
207576115
207674818
207773534
207872251
207970979
208069715
208168473
208267268
208366067
208464867
208563679
208662505
208761332
208860160
208958989
209057838
209156704
209255592
209354483
209453459
209552442
209651431
209750421
209849412
209948404
210047421
210146439
210245458
210344494
210443531
210542624
210641753
210740883
210840089
210939303
211038542
211137827
211237143
211336462
211435788
211535135
211634491
211733907
211833337
211932796
212032311
212131827
212231347
212330898
212430450
212530006
212629577
212729166
212828786
212928407
213028063
213127722
213227382
213327050
213426719
213526485
213626252
213726030
213825825
213925637
214025454
214125279
214225109
214324951
214424840
214524754
214624677
214724601
214824530
214924460
215024398
215124373
215224359
215324346
