99996
99997
99999
100002
100006
108006
116002
123999
131997
139996
200034
200045
200057
200125
200217
200249
200785
200870
200956
201043
201131
201220
201310
202261
202404
202548
202693
202839
202986
203134
207052
207360
207669
207979
208290
208602
208915
209229
209544
209860
210177
210495
210814
211134
211455
211777
212100
212424
212749
213075
213402
213730
214059
222059
230055
238052
246050
254049
311107
311418
311730
312043
312357
312672
312988
313305
313623
313942
314262
314583
314905
315228
315552
315877
316203
316530
316858
317187
325187
327109
332635
333364
341364
349360
352054
360054
361747
363255
364764
366274
367785
369297
370810
372324
373839
381839
389835
397832
405830
413829
428103
428635
429168
429702
430237
435763
436492
444492
446414
454414
458906
464875
466383
467892
469402
470913
472425
473938
475452
476967
484967
486889
491629
493144
501144
509140
511834
519834
527830
535827
543825
548085
548813
549542
557542
562034
568232
571956
574487
579433
580942
582452
583963
585475
586988
588502
590017
594757
596272
604272
606194
614194
618686
624884
629624
631139
639139
647135
655132
663130
671129
672695
675084
683084
686255
687537
694202
697230
698738
700247
701757
703268
704780
706293
707807
709322
717322
721814
728012
731736
734267
742267
744189
752189
756681
764681
772677
780674
788672
796671
798237
806053
808965
810478
811992
813507
820273
821784
823296
824809
826323
827838
830960
832475
834864
842864
845802
847317
855317
859809
867342
869731
877731
885727
893724
901722
909721
919824
925688
928247
930508
932023
935145
936660
939049
944937
946449
947962
949476
950991
953380
956502
958017
965833
968955
970470
972859
980859
988855
992884
1000884
1008880
1016877
1024875
1032874
1038738
1041297
1049297
1053661
1055176
1057565
1060687
1062202
1068968
1070479
1071991
1073504
1075018
1076533
1084533
1087471
1088986
1091375
1094497
1096012
1104012
1112008
1120005
1128003
1136002
1144440
1151997
1156465
1161722
1164280
1166839
1174839
1179203
1180718
1188718
1191656
1193171
1195560
1198682
1200197
1206963
1208474
1209986
1211499
1213013
1214528
1222528
1230524
1238521
1246519
1254518
1257526
1259593
1267593
1275589
1282318
1284875
1287433
1289992
1297992
1305988
1312659
1314171
1315684
1317198
1318713
1326713
1332654
1334166
1335679
1337193
1338708
1346708
1354704
1362701
1370699
1373976
1376042
1378109
1386109
1394105
1400834
1403391
1405949
1408508
1416508
1424504
1432501
1438351
1439864
1441378
1442893
1450893
1458889
1466886
1473629
1475229
1476830
1478432
1480035
1488035
1496031
1498156
1500222
1502289
1510289
1518285
1525014
1527571
1530129
1532688
1540688
1548684
1556681
1564415
1566972
1569530
1572089
1580089
1584220
1592220
1600216
1602341
1604407
1606474
1614474
1622470
1626120
1631756
1634314
1636873
1641549
1643616
1651616
1659612
1666341
1668898
1671456
1674015
1682015
1688595
1691152
1693710
1696269
1704269
1712265
1720262
1728260
1736259
1741603
1743668
1745734
1747801
1755801
1763797
1770526
1773083
1775641
1778200
1786200
1789701
1795337
1797895
1800454
1808454
1816450
1820100
1827366
1829922
1832479
1835037
1837596
1845596
1853592
1861589
1869587
1877586
1886117
1888675
1891234
1893886
1901758
1908371
1910929
1913488
1921488
1924285
1931551
1934107
1936664
1939222
1941781
1949781
1957777
1965774
1973451
1976007
1978564
1981122
1983681
1991681
1999677
2007674
2015672
2023671
2032202
2034760
2037319
2040526
2043085
2049698
2052256
2054815
2062815
2070811
2077636
2080192
2082749
2085307
2087866
2095866
2103862
2111859
2119857
2127856
2132761
2135319
2137878
2145878
2153560
2156119
2164119
2172115
2176766
2179325
2184053
2186611
2189170
2195783
2198341
2200900
2208900
2216896
2224893
2232891
2236946
2239504
2242063
2250063
2258059
2266056
2270591
2278591
2286587
2291974
2294530
2297087
2299645
2302204
2310204
2318200
2322851
2325410
2333410
2340808
2343367
2349980
2352538
2355097
2363097
2371093
2379090
2383625
2391625
2399621
2406590
2409148
2411707
2419707
2424155
2426714
2434714
2442710
2448727
2451284
2453842
2456401
2464401
2472397
2477048
2479607
2487607
2495603
2503600
2508135
2516135
2523319
2526092
2532277
2535049
2537822
2545822
2553818
2560787
2563345
2565904
2573904
2578352
2580911
2588911
2596907
2604904
2609439
2617439
2625435
2630810
2633581
2636353
2639126
2647126
2655122
2659559
2662332
2670332
2678328
2685297
2687855
2690414
2698414
2706410
2714407
2718942
2726942
2734938
2739952
2742511
2745856
2748629
2756629
2760863
2763636
2771636
2779632
2787629
2795484
2798086
2806086
2811987
2818300
2823932
2830125
2838125
2846121
2849455
2852014
2856301
2864301
2867594
2870366
2873139
2881139
2889135
2897132
2903347
2910229
2918229
2922463
2925236
2933236
2941232
2949229
2953854
2956981
2964981
2971871
2974644
2978038
2980811
2988811
2994712
3001025
3009025
3012850
3020850
3028846
3031966
3034739
3042739
3050735
3058732
3063357
3066484
3074484
3082316
3085881
3093690
3099611
3102384
3106893
3110528
3118528
3126524
3134423
3139638
3142411
3150411
3156312
3162625
3170625
3174156
3182156
3188057
3194370
3202370
3206195
3210931
3214565
3218200
3226200
3232101
3240101
3246604
3250239
3258239
3263984
3268493
3272128
3280128
3288124
3295729
3300238
3303873
3311873
3319635
3323270
3331270
3335756
3339773
3347773
3354276
3357911
3365911
3371812
3376165
3379800
3387800
3393701
3401701
3407910
3411545
3419545
3425446
3433446
3439949
3443584
3451584
3457329
3461838
3465473
3473473
3479484
3484870
3492870
3497738
3501373
3509373
3515876
3519511
3527511
3533118
3541118
3547621
3551256
3559256
3565157
3569510
3573145
3581145
3587046
3595046
3601549
3605184
3613184
3620946
3624581
3632581
3637449
3641084
3649084
3656326
3664326
3668734
3672829
3678215
3686215
3691083
3694718
3702718
3709221
3712856
3720856
3726757
3734757
3742519
3746154
3754154
3761235
3768418
3772771
3776406
3784406
3790307
3796153
3799788
3807788
3814291
3817926
3825926
3830794
3834429
3842429
3850425
3858422
3865272
3868907
3876090
3881476
3889476
3894344
3897979
3905979
3912482
3916117
3924117
3930018
3935864
3939499
3947499
3955495
3963492
3970342
3973977
3981160
3986845
3990480
3998480
4003049
4011049
4017552
4021187
4029187
4034055
4037690
4045690
4052755
4060755
4068533
4072168
4080168
4086069
4091915
4095550
4103550
4109409
4116305
4122692
4127547
4134443
4139125
4142760
4150760
4158756
4166753
4173603
4177238
4185238
4190106
4193741
4201741
4208806
4216806
4222665
4229052
4235948
4240630
4244265
4249120
4256016
4264016
4272012
4278743
4283598
4290494
4295176
4298811
4306811
4314807
4322804
4330802
4338673
4342308
4346990
4350625
4357521
4362376
4370376
4378372
4385103
4391999
4396681
4400316
4405171
4412067
4420067
4428063
4436060
4444058
4452057
4456612
4460246
4463881
4471881
4479776
4487776
4494713
4498359
4503041
4506676
4513572
4518427
4526427
4534423
4542420
4550418
4558417
4568397
4574012
4577646
4581281
4589281
4596218
4604218
4609030
4612663
4616297
4619932
4627932
4635827
4643827
4650764
4658764
4666760
4674757
4682755
4690754
4699172
4706349
4709983
4713618
4721618
4726430
4730063
4733697
4737332
4745332
4752269
4760269
4768164
4776164
4783442
4791442
4799438
4807435
4815433
4823432
4831509
4837573
4841586
4846296
4850975
4858767
4862400
4866034
4869669
4877669
4884947
4892947
4900842
4908842
4915779
4923779
4931775
4939772
4947770
4955769
4961667
4969667
4973923
4978633
4983312
4989264
4993624
4997985
5002347
5010347
5017284
5025284
5033179
5041179
5049175
5056534
5064534
5072530
5080527
5088525
5094004
5102004
5106601
5111628
5115990
5121601
5125961
5130322
5134684
5142684
5150680
5158039
5166039
5173934
5181934
5189930
5197688
5205688
5213684
5221681
5226682
5234576
5238938
5243965
5248327
5256122
5260484
5266716
5271077
5275439
5283439
5291435
5299193
5307193
5315088
5323088
5331084
5339081
5347079
5354657
5359019
5367019
5374127
5379693
5384720
5389082
5396877
5401239
5407870
5412231
5416593
5424593
5432589
5440586
5448584
5456583
5470664
5475786
5483786
5491051
5495412
5499774
5507774
5514882
5520847
5525874
5530236
5538031
5542393
5550393
5558389
5564169
5572169
5580165
5588162
5596160
5604159
5612578
5616940
5624940
5632205
5636566
5640928
5648928
5656036
5664036
5672032
5677812
5685607
5689969
5697969
5705965
5713962
5721099
5729099
5737095
5742740
5750209
5754571
5762366
5766728
5774728
5782724
5788504
5796504
5803612
5811612
5819608
5827605
5834742
5841275
5846899
5854899
5862895
5870892
5876009
5880371
5888371
5896367
5902147
5909942
5914304
5922304
5930300
5938297
5945434
5953434
5960542
5967075
5975075
5983071
5988851
5996851
6003959
6011563
6018558
6023585
6027947
6035947
6043943
6051940
6059077
6066872
6071234
6079234
6087230
6095227
6102494
6110289
6114651
6122651
6130647
6138644
6145781
6153781
6159139
6167139
6175135
6180515
6184877
6192877
6200873
6208870
6216868
6223932
6228294
6236294
6244290
6252287
6259424
6267219
6271581
6279581
6287577
6295574
6303350
6311350
6316069
6324069
6332065
6340062
6346767
6354767
6359486
6366803
6374803
6380862
6385224
6393224
6401220
6409217
6417215
6425214
6434213
6441350
6449145
6453507
6461507
6469503
6477500
6485116
6489478
6497478
6503697
6511697
6516416
6524416
6532412
6540409
6548407
6555868
6562788
6567150
6575150
6583146
6591143
6599141
6607140
6615951
6620670
6628670
6634889
6642889
6650885
6658882
6666880
6671404
6679404
6685623
6693623
6698342
6706342
6714338
6722335
6730333
6737794
6745794
6753790
6761787
6767550
6775550
6783546
6789877
6797877
6802596
6810596
6816815
6824815
6832811
6840808
6848806
6854563
6862563
6868986
6876986
6884982
6892979
6898742
6906742
6914738
6921069
6929069
6936758
6944758
6952663
6958817
6966817
6973036
6981036
6987459
6995459
7002996
7010996
7017215
7025207
7033207
7041012
7049012
7054963
7062963
7069386
7077290
7085290
7091713
7099713
7107402
7115402
7121469
7129461
7137158
7143680
7151680
7159217
7167217
7173436
7181436
7187859
7195859
7203855
7211656
7219656
7225607
7233607
7241412
7247934
7255934
7263623
7271623
7277690
7285690
7292113
7300113
7307802
7315802
7323707
7329861
7337861
7344080
7352080
7360076
7367877
7375877
7383782
7391483
7397633
7405633
7412056
7420056
7427961
7435961
7443650
7448334
7456334
7464023
7472023
7479928
7487928
7495924
7503725
7511426
7519426
7525849
7533481
7541481
7547904
7555904
7562127
7568277
7576277
7584182
7592182
7599871
7607871
7615867
7623864
7631862
7639861
7647274
7655274
7661697
7669456
7677456
7682070
7690070
7697975
7704125
7712125
7720121
7728118
7736116
7744115
7753654
7761678
7769026
7775352
7783249
7789399
7797399
7805304
7812310
7817918
7825918
7833914
7841911
7849909
7857908
7865932
7873932
7881928
7889145
7897145
7903192
7911192
7919097
7925247
7933247
7941243
7948158
7956158
7964154
7972151
7979725
7987725
7995721
8003718
8011716
8018778
8024993
8032993
8039040
8047040
8055036
8063033
8071031
8079030
8087054
8095054
8103050
8109965
8117965
8125961
8132322
8140322
8148318
8155233
8163233
8169280
8177280
8185276
8193273
8200847
8208847
8216843
8224840
8232838
8239900
8246115
8254115
8262111
8270108
8278106
8286105
8294129
8302129
8310125
8317040
8325040
8331087
8339087
8347083
8355080
8363078
8370140
8376355
8384355
8392351
8400348
8407922
8415922
8423918
8431915
8439913
8446975
8454975
8462971
8470968
8478966
8486965
8493692
8501692
8509688
8517685
8525683
8531947
8538162
8546162
8554158
8562155
8570153
8577215
8585215
8593211
8601208
8608782
8616782
8624360
8632360
8640356
8648353
8655927
8663927
8671923
8679920
8687870
8694552
8700767
8708767
8716763
8724760
8732758
8739022
8747022
8755018
8763015
8771013
8779012
8786167
8794167
8802163
8810160
8818158
8825220
8833220
8841216
8849213
8856787
8864787
8872783
8880780
8888730
8896730
8901627
8909627
8917623
8925620
8933618
8941617
8948772
8956772
8964768
8972765
8980763
8987027
8995027
9003023
9011020
9019018
9027017
9035388
9043385
9051335
9059335
9066556
9074556
9082552
9090549
9098121
9104811
9112811
9120807
9128804
9136735
9144683
9149632
9157632
9165628
9173625
9181623
9189622
9198455
9206451
9214448
9222446
9230445
9238816
9246813
9254519
9260726
9267416
9275416
9283412
9291409
9299340
9307340
9315336
9323333
9331331
9339330
9348111
9353060
9361060
9369056
9377053
9385051
9393050
9402503
9410368
9417124
9425124
9433120
9441117
9449115
9457114
9464154
9470844
9478844
9486840
9494837
9502768
9510768
9518764
9526761
9534759
9542758
9552211
9560076
9568076
9576072
9581938
9589938
9597934
9605931
9613796
9620552
9628552
9636548
9644545
9652543
9660542
9669713
9677711
9685710
9695163
9703161
9711160
9717338
9724890
9731646
9739646
9747642
9755639
9763504
9771504
9779500
9787497
9795495
9803494
9813111
9821110
9829177
9837173
9845170
9853168
9860290
9867046
9874598
9882598
9890594
9898591
9906589
9914588
9922897
9930895
9938894
9947534
9955531
9963529
9971528
9980125
9988122
9996120
10004119
10009998
10017998
10025994
10033991
10041989
10049322
10057322
10065318
10073315
10081313
10089312
10098483
10106481
10114480
10123522
10131520
10139519
10146108
10153660
10160416
10168416
10176412
10184409
10192274
10200274
10208270
10216267
10224265
10232264
10241881
10249880
10257947
10265943
10273940
10281938
10289060
10295816
10303368
10311368
10319364
10327361
10335359
10343358
10351667
10359665
10367664
10377037
10385034
10392899
10400899
10408895
10416892
10424890
10432419
10438768
10446768
10454764
10462761
10470759
10478758
10489685
10496441
10503993
10511993
10519989
10527986
10535984
10543983
10552292
10560290
10568289
10576795
10584793
10592792
10601440
10609436
10617433
10625431
10633044
10639393
10647393
10655389
10663386
10671384
10679383
10690656
10698655
10706964
10714962
10722961
10731467
10739465
10747078
10753427
10761427
10769423
10777420
10785418
10793417
10801761
10810061
10818058
10826056
10834055
10842992
10850989
10858987
10866986
10875295
10883293
10891292
10899798
10907796
10915795
10924095
10932092
10940090
10948089
10956047
10962396
10970396
10978392
10986389
10994387
11002386
11013659
11021658
11029967
11037965
11045964
11054470
11062468
11070081
11076430
11084430
11092426
11100423
11108421
11116420
11125068
11133064
11141061
11149059
11157058
11169102
11177100
11185099
11193605
11201603
11209211
11215565
11223565
11231102
11239102
11247098
11255095
11263093
11271092
11280196
11288194
11296193
11305594
11315883
11323881
11331880
11340957
11348346
11355045
11363045
11370237
11378237
11386233
11394230
11402228
11410227
11419628
11427674
11435673
11444729
11455018
11463016
11471015
11480092
11487826
11495826
11503018
11509717
11517717
11525713
11533710
11541708
11549707
11558763
11568212
11576210
11584209
11594450
11602496
11610495
11619551
11627568
11635565
11642498
11650498
11658253
11666253
11674249
11682246
11690244
11698243
11708532
11716530
11724529
11733585
11743034
11751032
11759031
11768108
11776104
11784101
11791034
11799034
11807030
11815027
11823025
11831024
11839973
11849071
11857068
11865066
11873065
11883813
11891812
11900761
11908885
11916882
11924880
11932764
11940764
11948760
11956757
11964755
11972754
11981852
11989849
11997847
12005846
12014795
12025425
12033542
12041802
12049800
12057799
12066497
12074609
12083707
12091704
12099702
12107586
12115586
12123582
12131579
12139577
12147576
12158206
12167155
12175535
12183532
12191530
12199529
12208227
12216624
12224622
12232621
12241319
12249431
12259119
12267118
12275872
12283871
12291937
12299936
12310082
12318479
12326477
12334361
12342361
12350357
12358354
12366352
12374351
12383049
12393679
12401791
12410942
12418941
12427003
12435002
12444034
12452033
12460095
12468094
12476206
12484904
12493893
12502591
12510646
12518712
12526711
12535409
12545889
12553773
12561773
12569769
12577766
12585764
12593763
12601825
12609824
12620454
12628566
12637264
12646253
12654414
12663006
12671509
12679507
12687506
12695618
12703680
12711679
12721367
12729366
12738120
12746119
12754185
12762184
12773200
12781362
12789246
12797246
12805242
12813239
12821237
12829236
12839866
12847974
12856040
12864039
12873727
12881726
12890480
12898479
12907097
12915094
12923092
12931091
12940779
12948778
12957532
12965531
12973597
12981596
12992335
13000334
13009262
13017259
13025257
13033256
13042634
13050633
13059387
13067386
13075452
13083451
13093139
13101138
13109892
13117891
13128804
13136801
13144799
13152798
13161552
13169551
13177617
13185616
13194994
13202993
13211747
13219746
13229434
13237433
13246827
13256515
13264514
13273096
13281094
13289093
13297159
13305158
13313912
13321911
13331289
13339288
13348992
13357959
13366369
13375123
13383122
13392778
13400777
13409463
13417459
13425456
13433454
13441453
13451351
13459814
13468534
13477288
13485287
13494665
13502664
13512320
13520319
13529073
13537072
13545982
13553980
13561979
13570893
13579647
13587646
13596830
13604829
13614727
13623190
13632104
13640617
13648615
13656614
13666512
13674695
13683194
13691191
13699189
13707188
13717356
13725355
13734269
13743023
13751022
13760400
13768399
13777140
13786054
13794808
13802807
13811717
13819715
13827714
13838071
13846570
13854567
13862565
13870564
13880926
13888925
13898206
13906352
13914350
13922349
13932259
13940430
13949430
13958184
13966183
13975093
13983091
13991090
14001641
14010507
14018504
14026502
14034501
14042875
14052862
14061731
14069728
14077726
14085725
14095635
14103806
14113367
14122121
14130120
14139030
14147028
14155027
14165578
14174261
14182257
14190254
14198252
14206251
14216802
14225668
14233665
14241663
14249662
14259572
14267743
14277815
14285895
14294799
14302797
14310796
14318967
14330198
14338198
14346194
14354191
14362189
14370188
14380739
14390342
14398341
14406421
14415513
14423512
14433753
14441752
14449832
14458736
14466734
14474733
14482904
14494887
14502886
14510966
14519137
14530157
14538284
14546281
14554279
14562278
14570358
14579450
14587449
14597976
14607603
14615602
14623682
14633923
14641922
14650826
14658824
14666823
14674903
14683074
14694094
14702521
14710692
14721898
14730327
14738454
14746451
14754449
14762448
14771540
14779539
14787619
14798146
14807238
14815237
14826202
14834614
14842999
14850996
14858994
14866993
14875164
14886184
14894264
14902691
14910862
14921882
14930747
14939015
14947719
14955715
14963712
14971710
14979709
14990236
14999328
15007327
15015407
15026372
15035561
15043560
15054231
15062360
15070357
15078355
15086354
15094781
15102952
15113972
15122052
15130917
15141776
15150205
15158867
15166947
15175507
15183503
15191500
15199498
15207497
15218462
15229430
15237562
15246321
15254492
15265512
15273592
15282152
15290148
15298145
15306143
15314142
15323007
15333975
15343040
15351038
15359037
15370002
15380970
15389102
15397662
15405658
15413655
15421653
15429652
15440620
15449485
15457683
15465682
15474547
15485515
15496375
15505187
15513183
15521180
15529178
15537177
15548131
15556130
15565195
15573193
15581192
15592160
15601025
15611885
15621423
15629421
15637420
15647062
15655393
15663655
15672720
15680718
15688717
15699671
15707670
15719410
15729867
15738363
15746921
15754919
15762918
15772693
15780961
15788960
15798602
15806933
15815195
15826766
15836512
15845888
15854918
15862951
15870950
15881397
15889396
15898461
15906459
15914458
15924233
15933411
15943186
15954444
15962443
15971193
15980835
15989166
15997428
16006702
16014701
16024343
16032937
16040936
16050711
16062253
16071629
16080659
16088692
16096691
16106466
16115644
16124586
16133180
16141179
16149974
16160596
16168927
16179553
16188184
16196934
16206576
16215170
16223169
16232944
16242218
16250217
16259859
16268453
16276452
16288427
16297769
16306663
16314662
16323412
16332207
16342829
16351160
16360102
16368696
16376695
16386337
16397295
16405294
16414905
16423700
16432450
16442092
16450686
16458685
16469955
16477954
16486580
16496812
16505537
16515179
16523943
16533585
16542179
16550178
16558928
16568570
16578885
16586992
16596634
16605228
16613227
16624886
16633828
16642422
16650421
16660063
16668813
16679020
16687770
16696877
16705471
16713470
16723112
16732411
16742069
16751680
16760306
16769225
16778867
16787461
16795460
16806893
16814892
16823355
16832654
16842296
16851954
16860718
16870360
16878954
16886953
16895703
16905345
16915660
16924302
16933830
16942539
16952197
16961496
16970603
16979197
16987196
16996838
17005588
17015795
17024545
17034187
17042951
17052593
17061187
17069186
17080619
17088618
17097081
17107010
17116038
17125680
17134430
17144373
17152836
17161430
17169429
17179071
17189386
17198028
17207556
17217460
17225923
17235852
17244905
17254258
17262852
17270851
17279314
17289546
17298271
17307913
17318228
17327345
17336398
17346327
17355026
17363620
17371619
17380736
17389789
17399693
17408156
17418388
17428113
17437820
17447095
17456448
17465042
17473041
17481504
17491211
17500461
17509578
17518631
17529535
17538588
17548517
17557709
17566490
17574489
17582926
17591979
17601883
17610346
17620053
17630456
17640010
17649965
17658718
17667912
17675911
17684374
17693401
17703331
17711768
17720821
17731878
17741458
17751387
17759899
17769193
17777756
17785796
17794849
17804753
17813216
17822243
17832646
17842645
17852884
17861321
17870374
17879642
17887641
17896271
17906598
17914638
17923691
17934068
17944067
17954306
17962769
17971796
17981967
17990008
17998116
18008096
18016483
18025113
18035516
18045515
18055892
18064191
18073244
18083621
18091852
18100483
18109941
18118850
18126958
18136938
18146937
18157340
18166036
18174666
18185069
18193697
18202327
18212308
18221326
18229325
18238783
18248782
18258762
18268403
18276511
18286491
18296064
18304172
18314152
18324151
18333151
18341150
18351149
18360607
18370879
18378878
18388336
18398335
18406539
18415997
18425996
18435976
18445617
18453725
18462974
18473704
18482704
18490703
18500702
18510160
18518364
18528363
18537821
18548093
18556092
18565550
18575549
18585529
18595842
18603950
18612527
18623912
18632189
18640188
18650927
18659918
18667917
18677916
18687374
18698318
18706317
18715775
18725774
18735737
18745893
18754753
18762752
18773556
18781742
18789741
18801126
18810143
18818142
18828141
18837599
18848260
18857718
18868662
18876661
18885381
18896118
18904952
18912951
18923781
18931967
18939966
18950770
18960085
18971172
18979171
18988486
18998485
19007943
19018747
19027607
19035606
19046598
19054596
19062595
19073980
19082997
19090996
19100995
19110310
19121114
19130572
19141516
19149515
19158816
19168972
19177806
19185805
19196823
19204821
19212820
19224205
19232939
19244324
19253341
19261340
19271339
19280797
19292182
19301020
19311259
19320033
19328031
19336030
19348150
19356149
19367167
19375165
19383164
19394549
19404007
19415318
19424311
19434317
19443246
19451245
19461484
19471364
19480009
19490377
19498375
19506374
19518871
19527143
19538528
19547986
19556141
19566005
19574536
19586656
19594655
19604661
19613590
19621589
19631828
19642354
19650353
19662850
19671352
19679351
19689215
19699470
19709870
19718486
19726485
19736881
19744880
19757377
19765568
19775807
19786492
19794566
19804430
19814669
19823330
19833194
19841696
19849695
19860095
19870334
19880860
19888859
19901327
19909326
19917857
19927721
19937976
19948409
19956911
19964910
19975149
19985549
19993674
20004074
20014313
20024537
20032536
20042936
20053175
20061836
20071700
20080202
20088201
20100345
20108889
20119128
20129528
20139752
20147751
20157990
20168390
20176515
20186915
20195417
20203416
20213655
20224181
20232180
20244324
20255045
20263043
20271042
20283186
20291730
20301969
20311091
20319090
20328870
20339396
20347395
20357634
20369086
20378258
20386257
20396496
20407022
20415021
20426306
20434305
20443666
20455050
20463069
20472849
20483814
20493932
20501931
20511711
20522237
20530236
20540475
20550000
20558881
20569120
20578284
20587645
20599029
20609147
20617146
20626507
20637891
20645910
20655690
20666556
20674555
20684335
20693979
20702860
20713099
20724551
20732841
20741722
20751961
20761125
20770486
20781771
20789770
20800009
20810515
20818534
20828314
20839279
20849397
20857396
20867176
20876820
20885701
20895940
20905465
20915224
20925750
20933749
20943988
20954494
20964612
20972611
20982850
20993356
21001375
21011155
21022120
21030919
21041404
21049444
21059203
21070168
21080307
21088306
21098065
21108591
21116590
21126829
21137335
21148061
21157099
21166749
21174898
21185383
21196082
21205611
21213760
21224245
21232285
21242044
21253009
21263735
21274241
21282674
21292203
21301078
21311804
21321536
21331065
21339940
21349590
21357739
21368224
21378950
21389494
21399979
21408854
21418383
21429109
21437984
21447716
21457245
21465515
21475044
21483919
21494645
21505130
21515674
21525599
21536084
21545760
21555289
21565021
21574803
21582820
21591695
21601224
21611950
21620825
21631369
21642095
21651779
21662505
21672990
21682748
21692108
21700983
21709000
21719649
21728601
21738130
21748674
21758979
21768275
21779810
21788685
21799229
21809476
21818288
21827425
21837889
21845906
21856450
21866755
21876051
21885580
21896461
21905990
21916534
21926839
21936135
21946150
21955194
21964331
21974875
21984060
21993356
22004005
22013766
22023734
22034615
22043911
22053440
22064807
22073619
22083056
22093348
22102485
22111781
22122730
22131510
22142159
22151920
22161216
22171865
22182065
22191594
22202834
22211773
22221069
22230506
22240798
22249935
22260884
22270345
22279641
22290590
22299370
22310019
22321265
22330339
22339794
22350411
22359223
22368660
22379633
22388929
22398366
22408658
22417795
22428744
22439627
22448764
22459419
22468730
22477948
22488625
22498199
22507654
22518060
22527083
22536520
22547649
22558052
22567195
22578018
22587155
22597195
22607487
22616624
22627348
22636996
22645808
22656485
22666374
22676483
22685920
22696443
22705880
22716889
22725912
22735349
22746284
22755987
22765773
22775662
22785984
22795208
22805885
22815168
22825845
22835734
22844637
22855280
22865203
22875231
22884749
22895272
22904709
22915173
22925062
22935133
22945022
22954816
22964568
22974491
22985134
22994037
23004714
23013997
23024631
23034563
23044591
23054109
23064987
23074060
23084533
23094422
23104216
23114002
23123891
23133962
23143851
23154485
23163397
23174074
23183963
23193991
23203914
23214387
23223460
23234070
23243420
23254030
23263816
23273576
23283362
23293251
23303928
23313928
23323845
23333639
23343425
23353314
23363385
23373274
23383838
23392820
23403430
23413216
23424107
23433893
23443782
23453604
23463493
23473279
23483453
23493239
23502999
23512785
23522674
23533351
23543351
23553961
23563747
23573755
23583458
23593715
23603418
23613261
23622964
23632853
23642639
23653530
23663316
23673205
23683882
23694794
23703894
23714500
23723440
23733329
23743115
23752818
23763792
23773495
23783384
23793170
23804973
23814759
23825303
23834465
23844978
23853294
23865176
23873971
23883860
23893646
23903349
23915231
23924938
23935668
23945454
23955157
23965290
23975355
23985244
23995030
24003825
24015707
24025410
24035299
24045085
24055633
24065766
24075469
24085835
24095724
24105209
24115213
24125886
24135775
24145561
24155264
24167150
24175945
24187583
24196860
24206164
24215689
24227571
24236366
24246255
24255740
24265744
24277329
24287333
24298006
24307548
24317552
24327384
24337750
24347639
24357425
24366220
24378102
24387805
24397694
24407480
24418028
24427860
24437864
24448594
24458079
24467604
24479668
24488281
24498170
24507956
24517659
24529545
24538340
24549978
24559764
24568559
24579600
24590144
24600033
24609819
24618135
24630199
24639724
24651114
24660401
24669943
24680076
24689779
24700509
24710295
24719998
24731884
24740679
24752114
24762264
24772131
24781939
24790255
24802697
24812475
24820474
24834064
24842063
24853977
24862740
24872629
24882415
24892118
24905884
24914663
24922662
24936125
24944251
24954453
24964928
24974817
24984595
24992594
25006608
25016394
25026097
25037639
25047342
25056641
25068532
25077886
25086783
25094782
25108796
25118574
25126573
25138464
25147818
25157799
25171618
25181321
25190507
25198506
25211865
25220762
25228761
25240652
25250006
25259987
25272443
25281797
25291778
25302478
25313023
25324486
25332485
25344376
25353730
25363711
25374631
25383985
25393966
25405857
25415211
25427667
25436457
25447002
25457702
25467683
25478355
25487709
25497690
25509581
25518935
25529855
25539836
25549190
25561081
25571653
25581634
25591681
25601662
25613425
25622907
25633579
25643560
25652914
25664805
25675377
25685358
25695060
25705632
25715613
25727263
25736858
25747532
25756886
25768649
25779349
25789330
25798784
25809356
25819337
25831228
25840582
25851502
25861242
25870837
25882728
25893686
25902756
25913328
25923309
25935200
25944554
25955226
25965207
25974561
25986452
25998102
26007112
26016707
26027665
26039556
26048910
26059198
26069179
26078533
26090424
26101826
26111900
26120431
26132281
26143972
26153626
26163525
26173535
26182889
26194780
26205798
26215997
26224403
26236253
26247696
26257598
26267249
26278151
26287677
26299496
26310154
26320353
26328759
26340609
26351668
26361954
26371221
26382123
26394272
26403468
26414942
26424771
26433547
26445397
26456024
26466742
26475577
26486479
26498486
26507824
26519674
26528941
26540142
26550286
26560812
26571589
26580365
26591267
26602842
26612612
26624462
26633297
26644498
26654642
26665544
26675945
26686847
26698854
26707630
26718524
26729309
26738085
26749286
26759430
26770332
26780733
26791316
26803210
26812362
26823563
26833665
26844866
26855010
26865350
26876244
26886695
26896104
26907998
26917150
26928351
26938453
26949654
26959798
26970381
26982275
26991684
27003509
27012730
27023369
27034263
27044415
27055309
27065718
27075169
27087063
27096472
27108540
27117518
27128719
27139995
27150889
27161528
27170749
27182574
27193497
27202434
27213328
27223737
27234631
27244783
27255677
27266878
27275537
27288074
27298014
27308908
27319331
27330423
27340593
27352032
27361896
27372562
27382942
27394143
27402802
27413696
27425550
27436173
27446596
27457490
27468582
27477350
27488442
27499827
27510721
27521813
27531097
27540961
27553498
27563709
27574692
27584755
27595847
27604615
27615509
27626601
27637986
27649078
27659501
27669256
27680540
27690255
27701857
27712732
27723626
27732910
27742774
27753866
27765468
27776505
27787597
27797660
27807805
27817520
27828414
27840016
27850891
27862493
27871069
27882161
27893445
27903770
27914762
27925955
27936100
27945815
27955679
27967281
27978373
27989410
28000850
28011554
28020710
28031604
28042027
28052921
28065534
28074259
28083974
28095576
28106668
28116675
28128277
28139369
28149005
28158869
28170322
28180186
28192600
28203023
28213849
28224459
28234323
28244970
28256111
28267664
28278452
28287164
28298766
28308481
28319865
28331318
28341182
28352903
28362618
28373512
28383376
28395319
28406213
28417039
28427649
28437513
28448160
28458830
28469477
28481667
28491357
28502959
28511671
28523614
28534508
28544372
28557096
28565808
28577410
28587125
28598509
28609962
28619826
28631842
28641546
28652156
28662020
28672667
28684857
28695683
28707285
28715864
28726804
28738406
28748121
28761425
28770001
28781603
28790315
28802542
28813152
28823016
28836159
28845739
28856349
28866213
28876860
28889050
28899876
28910610
28920190
28930997
28942599
28951311
28964667
28975754
28986224
28994508
29006735
29017345
29027209
29040121
29050205
29060872
29071606
29081186
29094542
29104563
29114803
29124383
29136750
29147220
29155504
29168860
29180591
29189661
29201481
29211201
29222997
29232858
29243311
29254398
29265559
29275799
29285379
29298735
29309345
29319209
29331181
29342205
29352872
29362733
29373186
29385498
29393854
29405674
29415394
29428750
29439220
29447504
29461056
29472591
29481661
29492748
29503201
29514149
29523729
29535689
29546398
29557559
29567799
29577379
29591071
29601956
29611536
29623181
29634806
29644024
29653744
29666693
29677498
29685854
29697674
29707394
29721237
29731831
29741551
29753056
29766040
29774039
29784748
29797793
29806149
29815729
29827689
29838999
29851205
29861531
29872745
29883071
29896914
29905043
29915848
29927808
29936024
29945744
29959294
29971500
29981080
29991406
30003366
30014676
30026882
30036143
30045863
30058040
30066039
30077349
30090602
30101375
30111095
30121421
30134971
30146164
30156757
30166158
30176768
30189645
30197644
30210897
30221540
30231390
30241716
30253026
30266279
30276887
30286772
30297063
30308373
30319948
30331258
30341835
30352445
30362995
30373321
30386574
30397182
30407067
30418377
30428668
30441921
30451553
30462414
30472740
30484050
30495625
30506935
30517796
30528787
30538672
30550972
30562282
30572859
30584169
30594019
30604345
30616904
30627230
30638091
30649401
30660976
30672286
30682577
30694138
30704464
30716323
30726649
30737959
30749203
30761095
30769696
30782696
30792581
30804765
30816442
30826768
30838078
30847928
30858254
30869815
30882817
30892000
30903310
30914554
30927069
30937439
30948047
30958373
30970116
30982936
30992119
31003112
31014673
31023605
31036858
31048168
31058674
31071761
31082645
31092420
31103231
31114974
31123724
31136977
31148287
31158620
31168463
31181487
31193206
31203532
31214250
31224025
31237112
31248588
31258739
31268582
31281525
31293469
31303478
31314369
31325754
31337413
31349265
31359040
31368883
31381644
31393770
31403597
31414632
31426383
31438327
31449384
31459227
31470612
31481945
31494123
31503898
31514933
31526502
31538628
31549647
31559490
31572289
31583674
31594242
31605277
31616662
31626803
31639416
31649948
31659791
31672552
31684384
31694505
31705578
31717147
31728532
31740191
31750135
31761520
31772853
31784685
31794806
31807307
31817410
31829536
31840593
31850436
31863197
31874582
31885150
31896535
31907868
31917711
31930324
31942322
31952165
31963498
31975292
31985451
31998212
32008055
32019440
32031099
32042951
32052726
32065227
32075593
32087180
32098513
32108356
32120969
32132828
32143070
32154455
32165937
32177322
32188244
32200242
32210085
32221744
32234031
32243371
32255984
32266238
32278101
32289973
32300952
32312337
32323259
32335682
32345100
32356759
32367967
32378889
32391489
32401253
32413116
32424988
32435983
32447855
32458488
32470697
32480618
32492277
32502982
32513904
32526504
32536771
32548634
32561243
32570998
32582870
32594006
32606014
32615633
32627292
32638500
32650159
32662022
32671786
32683649
32696258
32706516
32718665
32729021
32741029
32751888
32763751
32773515
32785174
32797037
32808245
32819904
32832053
32841531
32853680
32866003
32876547
32886903
32898766
32910970
32921633
32933782
32943260
32954919
32967068
32978276
32989935
33002629
33011562
33024358
33036034
33048001
33056648
33068797
33080715
33091664
33104358
33113291
33124950
33138013
33149017
33162104
33172660
33183099
33194103
33206252
33217746
33226679
33239742
33250746
33262405
33274389
33286048
33299111
33310115
33320554
33332703
33342915
33353130
33364134
33377197
33387777
33400840
33411844
33423503
33436566
33447725
33459726
33469366
33480301
33490585
33503789
33514228
33525232
33538295
33549954
33561499
33574562
33585142
33596537
33606821
33617756
33630240
33641399
33651683
33664887
33676646
33687950
33699982
33711593
33722597
33733992
33746476
33757411
33767919
33778854
33791338
33803097
33815121
33826433
33838764
33849048
33862252
33873647
33884730
33895090
33907574
33918509
33930268
33942669
33953604
33965284
33976219
33988703
34000462
34011901
34023798
34034745
34046504
34058988
34069840
34082095
34092455
34104939
34115874
34127633
34140034
34150969
34163315
34175212
34186159
34198331
34209266
34221254
34232110
34243869
34256353
34267205
34279531
34290624
34302383
34314867
34325502
34337986
34348921
34360680
34373081
34383524
34395767
34406860
34418619
34431103
34442038
34454281
34465157
34476916
34489400
34500252
34512578
34523671
34535422
34547914
34558274
34570517
34582905
34593936
34606199
34616571
34628814
34639907
34651666
34664150
34675085
34687328
34699812
34710172
34723947
34734319
34745854
34757655
34768469
34781898
34791321
34803564
34816048
34826983
34841490
34853561
34863602
34876176
34886217
34899028
34909069
34921312
34933796
34943219
34959238
34971098
34983322
34993924
35006853
35016776
35029019
35041503
35050926
35060967
35077911
35087334
35100760
35113149
35124623
35135220
35147559
35158773
35168674
35181603
35195041
35205082
35218508
35230897
35242927
35252968
35265307
35276521
35289310
35302888
35312789
35325718
35338604
35350774
35360675
35373014
35384536
35397083
35409422
35420636
35433425
35446451
35457308
35468522
35480861
35493650
35504790
35517129
35528651
35541272
35554466
35565015
35576537
35588876
35601423
35612637
35624976
35637765
35649287
35662331
35672862
35685651
35697173
35709130
35720652
35732991
35745612
35758772
35770178
35780877
35793498
35806658
35816977
35829766
35841288
35853627
35866671
35878193
35890362
35901513
35915542
35924992
35937613
35950773
35963112
35974518
35986907
35998829
36010998
36023557
36034477
36045628
36059054
36071443
36082533
36094922
36107543
36120254
36133042
36144440
36155113
36167992
36180926
36192018
36203169
36215558
36228269
36241317
36252463
36265076
36277477
36290184
36301981
36312654
36325043
36337754
36350633
36361948
36373099
36385810
36398199
36411247
36422617
36435006
36447407
36460118
36471438
36482584
36495295
36507684
36520563
36531883
36544491
36555740
36569712
36581396
36592547
36604948
36617647
36630048
36641368
36654079
36665225
36678104
36690886
36702032
36714524
36727132
36739642
36751331
36763732
36775188
36787589
36800523
36812315
36824009
36836888
36849127
36860816
36873527
36884673
36897552
36910137
36922821
36933972
36946373
36959090
36971099
36983180
36994956
37007037
37019971
37032549
37043457
37056336
37068575
37081454
37093213
37105728
37117320
37129585
37142335
37153740
37165821
37178755
37190939
37203496
37215577
37227359
37239868
37251997
37264876
37276104
37288369
37301119
37313487
37325860
37337642
37349723
37362280
37374361
37387295
37398652
37411402
37423667
37435899
37448408
37460006
37472271
37484644
37496909
37509659
37522027
37533950
37546182
37558263
37571197
37582554
37595304
37607192
37619942
37632207
37644818
37657083
37668546
37680811
37693561
37706624
37717852
37730994
37742490
37755767
37767366
37780116
37791094
37803844
37816109
37829386
37841764
37853358
37865623
37878373
37891065
37902664
37915467
37926392
37939669
37952419
37964312
37975906
37988656
38000921
38013724
38026443
38038271
38050852
38063238
38074967
38087785
38099610
38111204
38124007
38137231
38149124
38161874
38173521
38186271
38198536
38211255
38223083
38235664
38248185
38259779
38272582
38284422
38297225
38308819
38322096
38334846
38346739
38359489
38371658
38384239
38396301
38408870
38420698
38432997
38445800
38457394
38471199
38482037
38495314
38508064
38520329
38533048
38544876
38557445
38569273
38581854
38593916
38606497
38619774
38630612
38644481
38656759
38669124
38681402
38693733
38706548
38718376
38730663
38742491
38755072
38768638
38781003
38793281
38805862
38817699
38829977
38842542
38855123
38866951
38880684
38893098
38905463
38917741
38929578
38941856
38954437
38967002
38979733
38992563
39005514
39017064
39029629
39041907
39054038
39066316
39079784
39092614
39104828
39117115
39128943
39141524
39154089
39166367
39179098
39191928
39204879
39217526
39228994
39241575
39253403
39266778
39279149
39291979
39304710
39317661
39329405
39341776
39353454
39366185
39379015
39392390
39404761
39418072
39430754
39442187
39453865
39466236
39479066
39491797
39505059
39517790
39530620
39542790
39555161
39566647
39579477
39591848
39605327
39617841
39630671
39643402
39655572
39667250
39679621
39692259
39705182
39718109
39731082
39743453
39756932
39769102
39780032
39792862
39805233
39818160
39831226
39843864
39856787
39869714
39881884
39893562
39905644
39918571
39931494
39944467
39956838
39969765
39983280
39995875
40006344
40019174
40031545
40045167
40057249
40070176
40083099
40096474
40108657
40121191
40131956
40146392
40157949
40170779
40183150
40196665
40210287
40222369
40234269
40246803
40259552
40272510
40283561
40297076
40310746
40323069
40335899
40348270
40361865
40374399
40385874
40398408
40411157
40424115
40437630
40448681
40463117
40474886
40488247
40500721
40513470
40526004
40538962
40550994
40563528
40576277
40589235
40602482
40615440
40628317
40640006
40653367
40665841
40678590
40691124
40704082
40716831
40730287
40742319
40754853
40767602
40780560
40793437
40806395
40819144
40831678
40844692
40857166
40869915
40882449
40895407
40908156
40921517
40933991
40947137
40959539
40972288
40984762
40997720
41010469
41023003
41036364
41049804
41061984
41074733
41087135
41100093
41112842
41125316
41138809
41152265
41164651
41177400
41189580
41202538
41215287
41227689
41241476
41254638
41267112
41280437
41292247
41305205
41317954
41330134
41344334
41357083
41369485
41382864
41395284
41409071
41421699
41432801
41447001
41459586
41471930
41485309
41497729
41511929
41524660
41537080
41550459
41562253
41574597
41587976
41600396
41614518
41627105
41639525
41652904
41666532
41679400
41692255
41704049
41717185
41729772
41742192
41755571
41768977
41782113
41794700
41808852
41821527
41834575
41846637
41859224
41871644
41884780
41897367
41911565
41924152
41937288
41950979
41964027
41976447
41989583
42001812
42014232
42026819
42039955
42053646
42066740
42079369
42093567
42106154
42119035
42131622
42144758
42158449
42169407
42183814
42196234
42208821
42221957
42236562
42248742
42263385
42274210
42288034
42301037
42313624
42326760
42340584
42351409
42366570
42379661
42392837
42406488
42418823
42432211
42445387
42456212
42470036
42484885
42496022
42509534
42524274
42537450
42550838
42561663
42574839
42589195
42600825
42614337
42628161
42641472
42654147
42667959
42680290
42693998
42706276
42719452
42732964
42746275
42758950
42772762
42786586
42799449
42812572
42824903
42838415
42851726
42864401
42877577
42891389
42904400
42917375
42931199
42944062
42957574
42970353
42983028
42996736
43009851
43022826
43036002
43050358
43062825
43076649
43089512
43102187
43115999
43128478
43141453
43155161
43168276
43181452
43195808
43209373
43222284
43235951
43247637
43260612
43275026
43286903
43300611
43314824
43328000
43342356
43355434
43367734
43380709
43394185
43406062
43420667
43433451
43447159
43461471
43474647
43487985
43500960
43513859
43526159
43539826
43552610
43567215
43580098
43593806
43607254
43621704
43633956
43646410
43659923
43672707
43686374
43699257
43713862
43727351
43741018
43753802
43767720
43780174
43792958
43806471
43819354
43833021
43847602
43861115
43873899
43887566
43900449
43914268
43926722
43939605
43953118
43967918
43981366
43994150
44007663
44020546
44034213
44047402
44060915
44073369
44089159
44101742
44114625
44127914
44140797
44154310
44168760
44181166
44195566
44209233
44222422
44235711
44248389
44262107
44274561
44289011
44302934
44315817
44329330
44343556
44356186
44369952
44382358
44397000
44410731
44423614
44437127
44449581
44464031
44477941
44490203
44505024
44518576
44531459
44544972
44557378
44572020
44586033
44598192
44612869
44626565
44639448
44652961
44665223
44680044
44693878
44706932
44720858
44734499
44747746
44761053
44773212
44787889
44801867
44814777
44829598
44842344
44856509
44868898
44881975
44895878
44909912
44922766
44937443
44950333
44964655
44976887
44991242
45004641
45018452
45031529
45045432
45059096
45072644
45085650
45099553
45113587
45126441
45140796
45154008
45168229
45181407
45194917
45208316
45222350
45235204
45249107
45262771
45276319
45290674
45303562
45317583
45331316
45344471
45357870
45371904
45385082
45398985
45412325
45426228
45440262
45453440
45467137
45481171
45494349
45507748
45521592
45534991
45549025
45562203
45576106
45590140
45603837
45617015
45631049
45644258
45658292
45671470
45684869
45698903
45712806
45726882
45740871
45753715
45768159
45780958
45794136
45808170
45821569
45836235
45849634
45863582
45877571
45890825
45904003
45918037
45930836
45945530
45958901
45972935
45986334
46000659
46014134
46027964
46040703
46054797
46068768
46082802
46095601
46109926
46124620
46137991
46150834
46164664
46178899
46192729
46205468
46219562
46233887
46247858
46261892
46274691
46289385
46302860
46315599
46329429
46343754
46357989
46371819
46384558
46398652
46413672
46426744
46439560
46453885
46468772
46481950
46494689
46508519
46523539
46537864
46550705
46565030
46578668
46592762
46605834
46618650
46633670
46647995
46662144
46676060
46688799
46702629
46717273
46729795
46744578
46758966
46772686
46787205
46799944
46812760
46828557
46841234
46855723
46870111
46883831
46898614
46911383
46923905
46938688
46952811
46966796
46981550
46995270
47009759
47022960
47035344
47049833
47064221
47077941
47092724
47106847
47121198
47135586
47146921
47161272
47175660
47189380
47203869
47218257
47232775
47247163
47260286
47272849
47287237
47300957
47315308
47329696
47344185
47359245
47373091
47386214
47400602
47413165
47426885
47441273
47455624
47470822
47485173
47499561
47514050
47526530
47540250
47554638
47567201
47582532
47596750
47611138
47625489
47640117
47653837
47668225
47680566
47695670
47709581
47722848
47737066
47752397
47766735
47781123
47794153
47809035
47822946
47836213
47850431
47865228
47879446
47892713
47907051
47922382
47936533
47949800
47964018
47978593
47992811
48006078
48020416
48035093
48049431
48062698
48077719
48092180
48106398
48119665
48134003
48148458
48162796
48176063
48191167
48205078
48220099
48233366
48247704
48262045
48276383
48289650
48304532
48318443
48333547
48348255
48361835
48375746
48390084
48403351
48418119
48432030
48446912
48462695
48476724
48490635
48504215
48518240
48531820
48545731
48560499
48576282
48590863
48605745
48619104
48633442
48646709
48660620
48674200
48689983
48704564
48719332
48735115
48748574
48762485
48776065
48789089
48804020
48818452
48833033
48848816
48863584
48878394
48890954
48905885
48918909
48933341
48947922
48962853
48977285
48992640
49008058
49020774
49035206
49049787
49063161
49077742
49092174
49107105
49122460
49136892
49152310
49165026
49179607
49194039
49208970
49221994
49237349
49251781
49266712
49282130
49296564
49311346
49323859
49339214
49353646
49368577
49381601
49397019
49412225
49426384
49441166
49456171
49470953
49483466
49498884
49514090
49528671
49542045
49556626
49572818
49585991
49600773
49616191
49631196
49643910
49658491
49673933
49689115
49703298
49717070
49732781
49746435
49761016
49775798
49791640
49805686
49818935
49834377
49849710
49863742
49878323
49893225
49908211
49921460
49936242
49951953
49967017
49980711
49995090
50010532
50024735
50038767
50054478
50069436
50083236
50097615
50112397
50128284
50142042
50156866
50171961
50186511
50200543
50214922
50230809
50245591
50259391
50274173
50290060
50303818
50318197
50333737
50348116
50362666
50376698
50392585
50407367
50421887
50437012
50451391
50466356
50479973
50495535
50509892
50525927
50540702
50555081
50570228
50583663
50598810
50613167
50628729
50644742
50659078
50673918
50687703
50702500
50716857
50732004
50748814
50762768
50777915
50791908
50806540
50820897
50835694
50852461
50866808
50881605
50895962
50910745
50925102
50939734
50956151
50970901
50985645
51000002
51014799
51030647
51043939
51060191
51075106
51089738
51104207
51118839
51135256
51149484
51164396
51180651
51193943
51209752
51223044
51239296
51254211
51268843
51285260
51299488
51314400
51328589
51343501
51359756
51373048
51389300
51404535
51419167
51434804
51449046
51464666
51478593
51493505
51510080
51523372
51539624
51555261
51570211
51584808
51599050
51614670
51628917
51643829
51660521
51676426
51691434
51705265
51720215
51735132
51749374
51764994
51780978
51796897
51812000
51826430
51841867
51855589
51870539
51886523
51902143
51918062
51933165
51948603
51962324
51976754
51992712
52007688
52023607
52039591
52055211
52069259
52083489
52098927
52113903
52129822
52145780
52160756
52177099
52190424
52205662
52220638
52236076
52251995
52266971
52282929
52298871
52312597
52327573
52342811
52358730
52373706
52389144
52405086
52420463
52435328
52449746
52465542
52480641
52495879
52511821
52527198
52542636
52558197
52572477
52587861
52602814
52618610
52633994
52649371
52665313
52680751
52695346
52710592
52725545
52740929
52756306
52772102
52787486
52803231
52818821
52833461
52848414
52863660
52879037
52894421
52910166
52925962
52941346
52956936
52971889
52986529
53001906
53017152
53032897
53048281
53064077
53080211
53095134
53110004
53125381
53140021
53155766
53171012
53186946
53203046
53218609
53233857
53248626
53263496
53278990
53293881
53309981
53325915
53341851
53357346
53372101
53387349
53402465
53417356
53432850
53449013
53464720
53480820
53495954
53511070
53525961
53541209
53556325
53571882
53588143
53603689
53619790
53634681
53649814
53664930
53680178
53695357
53711012
53727164
53742721
53758534
53773650
53788783
53803962
53819210
53834487
53851017
53866196
53881851
53897503
53912682
53927815
53943092
53958340
53974801
53990049
54005326
54021704
54036535
54051812
54066945
54082541
54098654
54113931
54129179
54146006
54160736
54175665
54191146
54206880
54222651
54237784
54253380
54270345
54285075
54299866
54315485
54331453
54346504
54361985
54377719
54394918
54409648
54424205
54440058
54455914
54470705
54486324
54502292
54520941
54535700
54548778
54565757
54580487
54595044
54610897
54629661
54645280
54660273
54677252
54691982
54706539
54719617
54738654
54754000
54769853
54788890
54803883
54819229
54831112
54848672
54863227
54878573
54897610
54913463
54930449
54945162
54960167
54974722
54990068
55007628
55022183
55039169
55058206
55074059
55088772
55103777
55119123
55133678
55150664
55167277
55182779
55201733
55217827
55233173
55247728
55262733
55278772
55294274
55311834
55327873
55345343
55362233
55376783
55392822
55407827
55423329
55439368
55456838
55473135
55490437
55507327
55521877
55537379
55553089
55568423
55584630
55601932
55619251
55635699
55651884
55667139
55682473
55698680
55713685
55730746
55747194
55764576
55781644
55796978
55813185
55827735
55844796
55859801
55876249
55893310
55909838
55927398
55942240
55958890
55973851
55990299
56007360
56022365
56038893
56055954
56073395
56088356
56104804
56121454
56136415
56152943
56170004
56185009
56203925
56219511
56235959
56250920
56267448
56284098
56299059
56316164
56332980
56351062
56366675
56382075
56398603
56413564
56430214
56447030
56464135
56482217
56497830
56513706
56529319
56544719
56561535
56578185
56595866
56613625
56629461
56644861
56660474
56676450
56692690
56709916
56727675
56745067
56760616
56776592
56792205
56808445
56824421
56842180
56859406
56876798
56892347
56908587
56924563
56940176
56956986
56973911
56991740
57008793
57024769
57040318
57057128
57072741
57089599
57106476
57123471
57140524
57157303
57172883
57189726
57205354
57222231
57239089
57256036
57273089
57289868
57305496
57322339
57339131
57354844
57371791
57388649
57405702
57422481
57439273
57454986
57471829
57488621
57504404
57522044
57538902
57555192
57571971
57588763
57604546
57621389
57638181
57654657
57672177
57688969
57704752
57721531
57738323
57754799
57771642
57788434
57805226
57821737
57838529
57855005
57871784
57888576
57905419
57922211
57939003
57955479
57971990
57988782
58005561
58022557
58039400
58055988
58072464
58089256
58105767
58122763
58139542
58156437
58173130
58189922
58206241
58223237
58239748
58256643
58273571
58290418
58306907
58323796
58340222
58357117
58373777
58390624
58407668
58424447
58440888
58457777
58474251
58491098
58508142
58524653
58542002
58558443
58574917
58591764
58608653
58625127
58642208
58659060
58676124
58692472
58709319
58725793
58742682
58759534
58776598
58793635
58810531
58826879
58843348
58860200
58877089
58894109
58911005
58928086
58944814
58961454
58977755
58994775
59011664
59028560
59045580
59062661
59079221
59095950
59112330
59129226
59146246
59163135
59180395
59197416
59213796
59230525
59247145
59263801
59281061
59297950
59315502
59331991
59348611
59365267
59381996
59398616
59416145
59433428
59450296
59466806
59483462
59500082
59516811
59534363
59550983
59568512
59585111
59601767
59618277
59635116
59652449
59669178
59686817
59703671
59720327
59736582
59753676
59770644
59787483
59805013
59822273
59838908
59855142
59872417
59888949
59906043
59923318
59940578
59957468
59974327
59990977
60007509
60024784
60041878
60059138
60076413
60093303
60109835
60126694
60143344
60160604
60177879
60194973
60212185
60229020
60245670
60262529
60279789
60296439
60314158
60331370
60348020
60364855
60382115
60398765
60415624
60432940
60450446
60467205
60484465
60501115
60517950
60535266
60552125
60569631
60586891
60603541
60620300
60637616
60654451
60672040
60689341
60705991
60722726
60740042
60756801
60774366
60791815
60808465
60825176
60842492
60859227
60876716
60894313
60910963
60927650
60944966
60961677
60979142
60996855
61013505
61030148
61047464
61064151
61081592
61099377
61116096
61132690
61150006
61166649
61184066
61201827
61218828
61235956
61252605
61269191
61286564
61304301
61321326
61338743
61355871
61372457
61389106
61406799
61423868
61441241
61458978
61476106
61492372
61509341
61527134
61543783
61561476
61578846
61596219
61612607
61629886
61647049
61664018
61682021
61698761
61716454
61733152
61750726
61767284
61784563
61802027
61818996
61836999
61853992
61871378
61887829
61905403
61922262
61939541
61957279
61974917
61991923
62008669
62026112
62042807
62060381
62077824
62096122
62112763
62129594
62146901
62163647
62181090
62198664
62217047
62233688
62251046
62267741
62284572
62301930
62319589
62338534
62355793
62371971
62388666
62406024
62422855
62441694
62459474
62476817
62493512
62510771
62526949
62544960
62562740
62581579
62598922
62615617
62631795
62649054
62666834
62684845
62702727
62721407
62737585
62753900
62771680
62788939
62806821
62824832
62843452
62859690
62877470
62893785
62911667
62928926
62947546
62965557
62983465
62999575
63017457
63033772
63052392
63069651
63088367
63106217
63123350
63139562
63157547
63174497
63193213
63210472
63229608
63246204
63263337
63280287
63298272
63315318
63334247
63351713
63369979
63386929
63404062
63421108
63439093
63456559
63475488
63493002
63510704
63527750
63544883
63562349
63580334
63597848
63616777
63634684
63651525
63668863
63686124
63703638
63721623
63740613
63758547
63775505
63792766
63810104
63827413
63845603
63864388
63882527
63899788
63916746
63934055
63951393
63970083
63988368
64007007
64023768
64041077
64058035
64075873
64094158
64112848
64131010
64148248
64165057
64182515
64200800
64218638
64237487
64255490
64272299
64289537
64307822
64325280
64344129
64361967
64379633
64396779
64415064
64432302
64451151
64468609
64487287
64504113
64522398
64539544
64558393
64575631
64594810
64611767
64630052
64646878
64665727
64682873
64702052
64719290
64737802
64754532
64773381
64790207
64809386
64826532
64845676
64862282
64881131
64897861
64916977
64933866
64953302
64970156
64989005
65005611
65024631
65041520
65060636
65078803
65096926
65113485
65132381
65149270
65168290
65186457
65205573
65222219
65240255
65257144
65276040
65294207
65313227
65331305
65348989
65365878
65383914
65402081
65420977
65439480
65458075
65474964
65492648
65510794
65528851
65547354
65566250
65584282
65601734
65619528
65637585
65655731
65674124
65693130
65711052
65728614
65746671
65764465
65782858
65801004
65820729
65837932
65855989
65873551
65891944
65909738
65929084
65947609
65966012
65982869
66001262
66018824
66037818
66056343
66075689
66093119
66110949
66128142
66146904
66165429
66184423
66203601
66221199
66238392
66256222
66274747
66293509
66313318
66331681
66348874
66366472
66384997
66402827
66422404
66442275
66459468
66476954
66495367
66513077
66531722
66552054
66570286
66587548
66605849
66623559
66641972
66661372
66681988
66698366
66716443
66734153
66752454
66771622
66793472
66810256
66827261
66844971
66863048
66882104
66903722
66922170
66939151
66956861
66973866
66992698
67014204
67034692
67051065
67068775
67085756
67103516
67124798
67146374
67163587
67180715
67197670
67215406
67235616
67256968
67276265
67293237
67310192
67327320
67347506
67367786
67390103
67405915
67422870
67439842
67459420
67479676
67501061
67519753
67536708
67552520
67571942
67591590
67612951
67633723
67650678
67666358
67684620
67704112
67724865
67748181
67765823
67780328
67798458
67816790
67837387
67860095
67880850
67895834
67912428
67930628
67950065
67972617
67995695
68012244
68027934
68044598
68063903
68085295
68108217
68128456
68144344
68160104
68177873
68199133
68220895
68243892
68260626
68276514
68293379
68313103
68334733
68356570
68377036
68392996
68409789
68428609
68448703
68470408
68492620
68510311
68526271
68545019
68564209
68584378
68606458
68626793
68643981
68661501
68680619
68699884
68720428
68743593
68761791
68779211
68797101
68816294
68835934
68857563
68879733
68897021
68914811
68932776
68952344
68973069
68995878
69015333
69032621
69050486
69068826
69089479
69111384
69133143
69151008
69168296
69186536
69205961
69227794
69250694
69268818
69286838
69304346
69323671
69344276
69367104
69387360
69404868
69422888
69441481
69461986
69483586
69505450
69523410
69542003
69560023
69579796
69601296
69623992
69642568
69660545
69679181
69698338
69719106
69743150
69761127
69779703
69798827
69817496
69837648
69862264
69880285
69899349
69918018
69937142
69956806
69981422
69999931
70018600
70037664
70057328
70076452
70101068
70119737
70138246
70157910
70176974
70197490
70221627
70239383
70259047
70277556
70298012
70319156
70341273
70360421
70378693
70398594
70419678
70441358
70462311
70480583
70499731
70520260
70541880
70563752
70582530
70601621
70621397
70642462
70664274
70684549
70703568
70723287
70743599
70764856
70786692
70805587
70825234
70845489
70865993
70887274
70907783
70927253
70947436
70967883
70988411
71009764
71029449
71049455
71069830
71090301
71110901
71131816
71151651
71171849
71192248
71212791
71233991
71254018
71274045
71294267
71314738
71335881
71356400
71376412
71396463
71416757
71437828
71458959
71478794
71498830
71518953
71539847
71561704
71581353
71601212
71621320
71642043
71664069
71684098
71703771
71723702
71744410
71766265
71787311
71806516
71826261
71846792
71868632
71890539
71909729
71929006
71949351
71971014
71993078
72012957
72032219
72052096
72073573
72095460
72116815
72135447
72155309
72176318
72198019
72220350
72239305
72258537
72279531
72300764
72322909
72343484
72362395
72382759
72403977
72425654
72447801
72466574
72486617
72507205
72528867
72551668
72570891
72590796
72611063
72632095
72654881
72675250
72695113
72715242
72735953
72758109
72779864
72799472
72819559
72840132
72861967
72884541
72904086
72923918
72944449
72966146
72988665
73008763
73028532
73048808
73070463
73092844
73113677
73133209
73153422
73174822
73197161
73218675
73238123
73258099
73279436
73301520
73323718
73343121
73363013
73384113
73406134
73428482
73448164
73468011
73489027
73510811
73533096
73553414
73573054
73594025
73615725
73637773
73658871
73678304
73699068
73720723
73742687
73764424
73783761
73804318
73825766
73847685
73870069
73889314
73909775
73931016
73952728
73975067
73995236
74015328
74036473
74057978
74080110
74101251
74121250
74142026
74163435
74185360
74207554
74227265
74247948
74268988
74290817
74313098
74333568
74353963
74374910
74396370
74418555
74440153
74460266
74480925
74502292
74524108
74546984
74566851
74587228
74608307
74630030
74653482
74673682
74693813
74714610
74736045
74759404
74780597
74800644
74821195
74842348
74865419
74887710
74907559
74928026
74948933
74971722
74994877
75014672
75034941
75055764
75078307
75101380
75121839
75142054
75162679
75185138
75207965
75229021
75249221
75269792
75292053
75314796
75336287
75356403
75376959
75399166
75421711
75443751
75463669
75484141
75506333
75528824
75551680
75571133
75591407
75613515
75635991
75659642
75679062
75698871
75720781
75743173
75767169
75787024
75806800
75828245
75850439
75874351
75895433
75914762
75936174
75957903
75981617
76004025
76023171
76044136
76065832
76089081
76113175
76131763
76152545
76173794
76197010
76220759
76240913
76261137
76282203
76304972
76328688
76350480
76370287
76390795
76413381
76436650
76460416
76479854
76499945
76521973
76545059
76570466
76589790
76609512
76631123
76653651
76680675
76699840
76719448
76740690
76762801
76791136
76810049
76829498
76850626
76872368
76901690
76920510
76939707
76960676
76982304
77012421
77031064
77050168
77070885
77092354
77123488
77141795
77160722
77181346
77202563
77235017
77252862
77271453
77291900
77313024
77346888
77364391
77382520
77402631
77423578
77458873
77476262
77494049
77513698
77534309
77570873
77588247
77605920
77625227
77645376
77683218
77700247
77717905
77737098
77756905
77795752
77812592
77829905
77849083
77868776
77908436
77925126
77942250
77961083
77980761
78021237
78037810
78054784
78073428
78092761
78135484
78150611
78167468
78185962
78205106
78249836
78264858
78280269
78298646
78317640
78364383
78379210
78394516
78411447
78430324
78479053
78493757
78508868
78525694
78543125
78593759
78608427
78623415
78640046
78657372
78708622
78723133
78738085
78754593
78771724
78823328
78838109
78852791
78869263
78886271
78938304
78952986
78967767
78983969
79000941
79053287
79067962
79083157
79098945
79115647
79168263
79183352
79198877
79214335
79230623
79283653
79299072
79314530
79330055
79346013
79399373
79414807
79430250
79445790
79461733
79515108
79530551
79545985
79561636
79577468
79630954
79646286
79661831
79677663
79693314
79746793
79762132
79777964
79793509
79809994
79862639
79878471
79893810
79910189
79926743
79979274
79994317
80010490
80026938
80043573
80095120
80110997
80127239
80143768
80160928
80211800
80227746
80244069
80261123
80279639
80328549
80344576
80361424
80379834
80398413
80445379
80461931
80480135
80498608
80517514
80562734
80580642
80598909
80617709
80636636
80681445
80699416
80718010
80736831
80755920
80800219
80818517
80837132
80856115
80876095
80919320
80937639
80956416
80976290
80996930
81038442
81056923
81076591
81097125
81118035
81157726
81177098
81197426
81218230
81239296
81277901
81297933
81318531
81339491
81360626
81398736
81419038
81439792
81460821
81482706
81519841
81540299
81561122
81582901
81604918
81641102
81661629
81683202
81705113
81727529
81762432
81783709
81805414
81827724
81850311
81884512
81905921
81928025
81950506
81973720
82006724
82028532
82050807
82073915
82097522
82129335
82151314
82174216
82197717
82221339
82252117
82274723
82298018
82321534
82345294
82375526
82398525
82421835
82445489
82476353
82499328
82522342
82545790
82577230
82600155
82623145
82646297
82678383
82701032
82723972
82747100
82779664
82802185
82824849
82847927
82880953
82903466
82926002
82948804
82982646
83004755
83027283
83049957
83084395
83106448
83128572
83151238
83186320
83208197
83230265
83252527
83288399
83310122
83332014
83354220
83390628
83412201
83433939
83455969
83493125
83514430
83536018
83557894
83595712
83616927
83638247
83659973
83698395
83719514
83740744
83762202
83801190
83822197
83843331
83864699
83903993
83924992
83946014
83967286
84006862
84027795
84048809
84069969
84109921
84130664
84151612
84172764
84212988
84233723
84254481
84275567
84316293
84336790
84357540
84378436
84419770
84440095
84460607
84481495
84523499
84543572
84563912
84584562
84627426
84647301
84667389
84687867
84731783
84751228
84771118
84791344
84836364
84855585
84875045
84895073
84941013
84960166
84979402
84999000
85045838
85064815
85083983
85103357
85150673
85169640
85188632
85207938
85255706
85274475
85293457
85312587
85360841
85379508
85398292
85417412
85465986
85484643
85503325
85522247
85571321
85589788
85608460
85627280
85676712
85695123
85713605
85732415
85782431
85800514
85818940
85837560
85888254
85906233
85924331
85942895
85994147
86012056
86030050
86048286
86100170
86117949
86135873
86154005
86206301
86223972
86241766
86259828
86312688
86330103
86347789
86365721
86419145
86436490
86453920
86471744
86525760
86542947
86560307
86577875
86632715
86649562
86666764
86684262
86740048
86756517
86773379
86790719
86847389
86863850
86880334
86897334
86954738
86971191
86987667
87004289
87062283
87078540
87095008
87111622
87169836
87186085
87202357
87218963
87277401
87293638
87309902
87326312
87385726
87401203
87417455
87433857
87494073
87509528
87525020
87541410
87602550
87617875
87633345
87648975
87711657
87726352
87741692
87757300
87820818
87835459
87850169
87865647
87930183
87944620
87959276
87974124
88039586
88053985
88068437
88083231
88148997
88163388
88177802
88192392
88258416
88272799
88287205
88301757
88368087
88382218
88396616
88411160
88477856
88491889
88506035
88520571
88588355
88601658
88615706
88629990
88699198
88712157
88725475
88739661
88810101
88823000
88835974
88849430
88921212
88933903
88946817
88959929
89032607
89045014
89057720
89070772
89144088
89156409
89168831
89181675
89255669
89267890
89280226
89292786
89367600
89379471
89391707
89404181
89479563
89491402
89503288
89515662
89591494
89603380
89615219
89627243
89703558
89715311
89727335
89739174
89815489
89827513
89839266
89852203
89927711
89939444
89952295
89965484
90039642
90052473
90065576
90078843
90152671
90165754
90178935
90192260
90265952
90279113
90292352
90305847
90379311
90392530
90405939
90419442
90492728
90506117
90519534
90533323
90606315
90619712
90633415
90647426
90719910
90733593
90747518
90761547
90833791
90847696
90861639
90875978
90947894
90961817
90976070
90990479
91062015
91076248
91090571
91105002
91176446
91190749
91205094
91220209
91290947
91305272
91320301
91335456
91405470
91420479
91435548
91450847
91520677
91535726
91550939
91566606
91635924
91651117
91666698
91682373
91751315
91766876
91782465
91798222
91867074
91882643
91898314
91914079
91982841
91998492
92014171
92083275
92098690
92114349
92183765
92199124
92214547
92284302
92299614
92314981
92384872
92400151
92415471
92485571
92500721
92516008
92586316
92601420
92616578
92687173
92702165
92717277
92788411
92803022
92818022
92889749
92904260
92918879
92991128
93005598
93020117
93092510
93106977
93121455
93194062
93208359
93222834
93295617
93309911
93324216
93397273
93411466
93425768
93499191
93513122
93527323
93601112
93615040
93628979
93703072
93716961
93730897
93805141
93818921
93832818
93907268
93920990
93934778
94009398
94023117
94036847
94111531
94125247
94138974
94213719
94227380
94241104
94316013
94329568
94343237
94418505
94431862
94445425
94521176
94534354
94547719
94623850
94637025
94650211
94726729
94739699
94752882
94829635
94842578
94855556
94932679
94945484
94958435
95035911
95048528
95061341
95139303
95151760
95164385
95242720
95255152
95267617
95346201
95358569
95371009
95449723
95462050
95474426
95553440
95565572
95577907
95657272
95669289
95681429
95761260
95773121
95785146
95865251
95877109
95888978
95969290
95981100
95992966
96073332
96085139
96096957
96177567
96189181
96200996
96282124
96293416
96305038
96386956
96397973
96409273
96491872
96502805
96513830
96596995
96607721
96618662
96702121
96712844
96723578
96807376
96817970
96828701
96912901
96923225
96933827
97018669
97028750
97039082
97124463
97134518
97144607
97230260
97240312
97250375
97336151
97346109
97356169
97442087
97452000
97461966
97548176
97557936
97567857
97654269
97664025
97673793
97760387
97770118
97779882
97866628
97876236
97885975
97973014
97982477
97992093
98079522
98088863
98098334
98186033
98195371
98204720
98292615
98301882
98311228
98399285
98408464
98417739
98506094
98515134
98524321
98612906
98621943
98630991
98719836
98728755
98737800
98826875
98835685
98844612
98933932
98942724
98951542
99040996
99049781
99058581
99148110
99156845
99165638
99255308
99263959
99272702
99362510
99371157
99379816
99469715
99478359
99487014
99576961
99585564
99594216
99684215
99692810
99701421
99791472
99800064
99808667
99898880
99907321
99915921
100006299
100014729
100023178
100113794
100122148
100130586
100221327
100229643
100238005
100328927
100337176
100345500
100436535
100444776
100453033
100544273
100552384
100560633
100652024
100660122
100668241
100759799
100767897
100775979
100867757
100875755
100883754
100975747
100983745
100991744
101083740
101091738
101099737
101191738
101199737
101291738
101299737
101391738
101399737
101491738
101499737
101591738
101599737
101691738
101699737
101791738
101799737
101891738
101899737
101991738
101999737
102091738
102099737
102191738
102199737
102291738
102299737
102391738
102399737
102491738
102499737
102591738
102599737
102691738
102699737
102791738
102799737
102891738
102899737
102991738
102999737
103091738
103099737
103191738
103199737
103291738
103299737
103391738
103399737
103491738
103499737
103591738
103599737
103691738
103699737
103791738
103799737
103891738
103899737
103991738
103999737
104091738
104099737
104191738
104199737
104291738
104299737
104391738
104399737
104491738
104499737
104591738
104599737
104691738
104699737
104791738
104799737
104891738
104899737
104991738
104999737
105091738
105099737
105191738
105199737
105291738
105299737
105391738
105399737
105491738
105499737
105591738
105599737
105691738
105699737
105791738
105799737
105891738
105899737
105991738
105999737
106091738
106099737
106191738
106199737
106291738
106299737
106391738
106399737
106491738
106499737
106591738
106599737
106691738
106699737
106791738
106799737
106891738
106899737
106991738
106999737
107091738
107099737
107191738
107199737
107291738
107299737
107391738
107399737
107491738
107499737
107591738
107599737
107691738
107699737
107791738
107799737
107891738
107899737
107991738
107999737
108091738
108099737
108191738
108199737
108291738
108299737
108391738
108399737
108491738
108499737
108591738
108599737
108691738
108699737
108791738
108799737
108891738
108899737
108991738
108999737
109091738
109099737
109191738
109199737
109291738
109299737
109391738
109399737
109491738
109499737
109591738
109599737
109691738
109699737
109791738
109799737
109891738
109899737
109991738
109999737
110091738
110099737
110191738
110199737
110291738
110299737
110391749
110483818
110575914
110668037
110760231
110852431
110944695
111037036
111129430
111221850
111314300
111406877
111499498
111592122
111684747
111777383
111870020
111962761
112055513
112148313
112241197
112334122
112427184
112520326
112613580
112706858
112800215
112893635
112987135
113080850
113174605
113268416
113362239
113456148
113550096
113644117
113738149
113832215
113926326
114020490
114114655
114208867
114303109
114397514
114492034
114586580
114681140
114775745
114870624
114965635
115060684
115155734
115250847
115346009
115441342
115536676
115632083
115727612
115823163
115918715
116014283
116109852
116205621
116301432
116397251
116493123
116589036
116685084
116781133
116877183
116973234
117069404
117165889
117262607
117359381
117456185
117553038
117649894
117746826
117843763
117940716
118037670
118134756
118231950
118329249
118426549
118523979
118621529
118719114
118816781
118914493
119012303
119110326
119208392
119306467
119404588
119502726
119600910
119699095
119797281
119895474
119993790
120092334
120190890
120289513
120388137
120486777
120585441
120684150
120782860
120881571
120980288
121079418
121178721
121278128
121377556
121477017
121576581
121676234
121775953
121875905
