99677
99678
99680
99683
99687
99692
99698
99705
99713
99722
99732
99743
99755
99768
99782
99797
99813
99830
99848
99867
99887
99908
99930
99953
99977
100002
100028
100055
100083
100112
100142
100173
100205
100238
100272
100307
100343
100380
100418
100457
100497
100538
100580
100623
100667
100712
100758
100805
100853
100902
100952
101003
101055
101108
101162
101217
101273
101330
101388
101447
101507
101568
101630
101693
101757
101822
101888
101955
102023
102092
102162
102233
102305
102378
102452
102527
102603
102680
102758
102837
102917
102998
103080
103163
103247
103332
103418
103505
103593
103682
103772
103863
103955
104048
104142
104237
104333
104430
104528
104627
104727
104828
104930
105033
105137
105242
105348
105455
105563
105672
105782
105893
106005
106118
106232
106347
106463
106580
106698
106817
106937
107058
107180
107303
107427
107552
107678
107805
107933
108062
108192
108323
108455
108588
108722
108857
108993
109130
109268
109407
109547
109688
109830
109973
110117
110262
110408
110555
110703
110852
111002
111153
111305
111458
111612
111767
111923
112080
112238
112397
112557
112718
112880
113043
113207
113372
113538
113705
113873
114042
114212
114383
114555
114728
114902
115077
115253
115430
115608
115787
115967
116148
116330
116513
116697
116882
117068
117255
117443
117632
117822
118013
118205
118398
118592
118787
118983
119180
119378
119577
119777
119978
120180
120383
120587
120792
120998
121205
121413
121622
121832
122043
122255
122468
122682
122897
123113
123330
123548
123767
123987
124208
124430
124653
124877
125102
125328
125555
125783
126012
126242
126473
126705
126938
127172
127407
127643
127880
128118
128357
128597
128838
129080
129323
129567
129812
130058
130305
130553
130802
131052
131303
131555
131808
132062
132317
132573
132830
133088
133347
133607
133868
134130
134393
134657
134922
135188
135455
135723
135992
136262
136533
136805
137078
137352
137627
137903
138180
138458
138737
139017
139298
139580
139863
140147
140432
140718
141005
141293
141582
141872
142163
142455
142748
143042
143337
143633
143930
144228
144527
144827
145128
145430
145733
146037
146342
146648
146955
147263
147572
147882
148193
148505
148818
149132
149447
149763
150080
150398
150717
151037
151358
151680
152003
160003
167589
175176
182764
190353
197943
205534
213126
220719
228313
235908
243504
251101
255333
255671
256010
256350
256691
257033
257376
257720
258065
258411
258758
259106
259455
259805
260156
260508
260861
261215
261570
261926
262283
262641
263000
263360
263721
264083
264446
264810
265175
265541
265908
266276
266645
267015
267386
267758
268131
268505
268880
269256
269633
270011
270390
270770
271151
271533
271916
272300
272685
273071
273458
273846
274235
274625
275016
275408
275801
276195
276590
276986
277383
277781
278180
278580
278981
279383
279786
280190
280595
281001
281408
281816
282225
282635
283046
283458
283871
284285
284700
285116
285533
285951
286370
286790
287211
287633
288056
288480
288905
289331
289758
290186
290615
291045
291476
291908
292341
292775
293210
293646
294083
294521
294960
295400
295841
296283
296726
297170
297615
298061
298508
298956
299405
299855
300306
300758
301211
301665
302120
302576
303033
303491
303950
304410
304871
305333
305796
306260
306725
307191
307658
308126
308595
309065
309536
310008
310481
310955
311430
311906
312383
312861
313340
313820
314301
314783
315266
315750
316235
316721
317208
317696
318185
318675
319166
319658
320151
320645
321140
321636
322133
322631
323130
323630
324131
324633
325136
325640
326145
326651
327158
327666
328175
328685
329196
329708
330221
330735
331250
331766
332283
332801
333320
333840
334361
334883
335406
335930
336455
336981
337508
338036
338565
339095
339626
340158
340691
341225
341760
342296
342833
343371
343910
344450
344991
345533
346076
346620
347165
347711
348258
348806
349355
349905
350456
351008
351561
352115
352670
353226
353783
354341
354900
355460
356021
356583
357146
357710
358275
358841
359408
359976
360545
361115
361686
362258
362831
363405
363980
364556
365133
365711
366290
366870
367451
368033
368616
369200
369785
370371
370958
371546
372135
372725
373316
373908
374501
375095
375690
376286
376883
377481
378080
378680
379281
379883
380486
381090
381695
382301
382908
383516
384125
384735
385346
385958
386571
387185
387800
388416
389033
389651
390270
390890
391511
392133
392756
393380
394005
394631
395258
395886
396515
397145
397776
398408
399041
399675
400310
400946
401583
402221
402860
403500
404141
404783
405426
406070
406715
407361
408008
408656
409305
409955
410606
411258
411911
412565
413220
413876
414533
415191
415850
416510
417171
417833
418496
419160
419825
420491
421158
421826
422495
423165
423836
424508
425181
425855
426530
427206
427883
428561
429240
429920
430601
431283
431966
432650
433335
434021
434708
435396
436085
436775
437466
438158
438851
439545
440240
440936
441633
442331
443030
443730
444431
445133
445836
446540
447245
447951
448658
449366
450075
450785
451496
452208
452921
453635
454350
455066
455783
456501
457220
457940
458661
459383
460106
460830
461555
462281
463008
463736
464465
465195
465926
466658
467391
468125
468860
469596
470333
471071
471810
472550
473291
474033
474776
475520
476265
477011
477758
478506
479255
480005
480756
481508
482261
483015
483770
484526
485283
486041
486800
487560
488321
489083
489846
490610
491375
492141
492908
493676
494445
495215
495986
496758
497531
498305
499080
499856
500633
501411
502190
502970
503751
504533
505316
506100
506885
507671
508458
509246
510035
510825
511616
512408
513201
513995
514790
515586
516383
517181
517980
518780
519581
520383
521186
521990
522795
523601
524408
525216
526025
526835
527646
528458
529271
530085
530900
531716
532533
533351
534170
534990
535811
536633
537456
538280
539105
539931
540758
541586
542415
543245
544076
544908
545741
546575
547410
548246
549083
549921
550760
551600
552441
553283
554126
554970
555815
556661
557508
558356
559205
560055
560906
561758
562611
563465
564320
565176
566033
566891
567750
568610
569471
570333
571196
572060
572925
573791
574658
575526
576395
577265
578136
579008
579881
580755
581630
582506
583383
584261
585140
586020
586901
587783
588666
589550
590435
591321
592208
593096
593985
594875
595766
596658
597551
598445
599340
600236
601133
602031
602930
603830
604731
605633
606536
607440
608345
609251
610158
611066
611975
612885
613796
614708
615621
616535
617450
618366
619283
620201
621120
622040
622961
623883
624806
625730
626655
627581
628508
629436
630365
631295
632226
633158
634091
635025
635960
636896
637833
638771
639710
640650
641591
642533
643476
644420
645365
646311
647258
648206
649155
650105
651056
652008
652961
653915
654870
655826
656783
657741
658700
659660
660621
661583
662546
663510
664475
665441
666408
667376
668345
669315
670286
671258
672231
680231
687817
695404
702992
710581
718171
725762
733354
740947
748541
756136
763732
771329
778927
783022
784011
785001
785992
786984
787977
788971
789966
790962
791959
792957
793956
794956
795957
796959
797962
798966
799971
800977
801984
802992
804001
805011
806022
807034
808047
809061
810076
811092
812109
813127
814146
815166
816187
817209
818232
819256
820281
821307
822334
823362
824391
825421
826452
827484
828517
829551
830586
831622
832659
833697
834736
835776
836817
837859
838902
839946
840991
842037
843084
844132
845181
846231
847282
848334
849387
850441
851496
852552
853609
854667
855726
856786
857847
858909
859972
861036
862101
863167
864234
865302
866371
867441
868512
869584
870657
871731
872806
873882
874959
876037
877116
878196
879277
880359
881442
882526
883611
884697
885784
886872
887961
889051
890142
891234
892327
893421
894516
895612
896709
897807
898906
900006
901107
902209
903312
904416
905521
906627
907734
908842
909951
911061
912172
913284
914397
915511
916626
917742
918859
919977
921096
922216
923337
924459
925582
926706
927831
928957
930084
931212
932341
933471
934602
935734
936867
938001
939136
940272
941409
942547
943686
944826
945967
947109
948252
949396
950541
951687
952834
953982
955131
956281
957432
958584
959737
960891
962046
963202
964359
965517
966676
967836
968997
970159
971322
972486
973651
974817
975984
977152
978321
979491
980662
981834
983007
984181
985356
986532
987709
988887
990066
991246
992427
993609
994792
995976
997161
998347
999534
1000722
1001911
1003101
1004292
1005484
1006677
1007871
1009066
1010262
1011459
1012657
1013856
1015056
1016257
1017459
1018662
1019866
1021071
1022277
1023484
1024692
1025901
1027111
1028322
1029534
1030747
1031961
1033176
1034392
1035609
1036827
1038046
1039266
1040487
1041709
1042932
1044156
1045381
1046607
1047834
1049062
1050291
1051521
1052752
1053984
1055217
1056451
1057686
1058922
1060159
1061397
1062636
1063876
1065117
1066359
1067602
1068846
1070091
1071337
1072584
1073832
1075081
1076331
1077582
1078834
1080087
1081341
1082596
1083852
1085109
1086367
1087626
1088886
1090147
1091409
1092672
1093936
1095201
1096467
1097734
1099002
1100271
1101541
1102812
1104084
1105357
1106631
1107906
1109182
1110459
1111737
1113016
1114296
1115577
1116859
1118142
1119426
1120711
1121997
1123284
1124572
1125861
1127151
1128442
1129734
1131027
1132321
1133616
1134912
1136209
1137507
1138806
1140106
1141407
1142709
1144012
1145316
1146621
1147927
1149234
1150542
1151851
1153161
1154472
1155784
1157097
1158411
1159726
1161042
1162359
1163677
1164996
1166316
1167637
1168959
1170282
1171606
1172931
1174257
1175584
1176912
1178241
1179571
1180902
1182234
1183567
1184901
1186236
1187572
1188909
1190247
1191586
1192926
1194267
1195609
1196952
1198296
1199641
1200987
1202334
1203682
1205031
1206381
1207732
1209084
1210437
1211791
1213146
1214502
1215859
1217217
1218576
1219936
1221297
1222659
1224022
1225386
1226751
1228117
1229484
1230852
1232221
1233591
1234962
1236334
1237707
1239081
1240456
1241832
1243209
1244587
1245966
1247346
1248727
1250109
1251492
1252876
1254261
1255647
1257034
1258422
1259811
1261201
1262592
1263984
1265377
1266771
1268166
1269562
1270959
1272357
1273756
1275156
1276557
1277959
1279362
1280766
1282171
1283577
1284984
1286392
1287801
1289211
1290622
1292034
1293447
1294861
1296276
1297692
1299109
1300527
1301946
1303366
1304787
1306209
1307632
1309056
1310481
1311907
1313334
1314762
1316191
1317621
1319052
1320484
1321917
1323351
1324786
1326222
1327659
1329097
1330536
1331976
1333417
1334859
1336302
1337746
1339191
1340637
1342084
1343532
1344981
1346431
1347882
1349334
1350787
1352241
1353696
1355152
1356609
1358067
1359526
1360986
1362447
1363909
1365372
1366836
1368301
1369767
1371234
1372702
1374171
1375641
1377112
1378584
1380057
1381531
1383006
1384482
1385959
1387437
1388916
1390396
1391877
1393359
1394842
1396326
1397811
1399297
1400784
1402272
1403761
1405251
1406742
1408234
1409727
1411221
1412716
1414212
1415709
1417207
1418706
1420206
1421707
1423209
1424712
1426216
1427721
1429227
1430734
1432242
1433751
1435261
1436772
1438284
1439797
1441311
1442826
1444342
1445859
1447377
1448896
1450416
1451937
1453459
1454982
1456506
1458031
1459557
1461084
1462612
1464141
1465671
1467202
1468734
1470267
1471801
1473336
1474872
1476409
1477947
1479486
1481026
1482567
1484109
1485652
1487196
1488741
1490287
1491834
1493382
1494931
1496481
1498032
1499584
1501137
1502691
1504246
1505802
1507359
1508917
1510476
1512036
1513597
1515159
1516722
1518286
1519851
1521417
1522984
1524552
1526121
1527691
1529262
1530834
1532407
1533981
1535556
1537132
1538709
1540287
1541866
1543446
1545027
1546609
1548192
1549776
1551361
1552947
1554534
1556122
1557711
1559301
1560892
1562484
1564077
1565671
1567266
1568862
1570459
1572057
1573656
1575256
1576857
1578459
1580062
1581666
1583271
1584877
1586484
1588092
1589701
1591311
1592922
1594534
1596147
1597761
1599376
1600992
1602609
1604227
1605846
1607466
1609087
1610709
1612332
1613956
1615581
1617207
1618834
1620462
1622091
1623721
1625352
1626984
1628617
1630251
1631886
1633522
1635159
1636797
1638436
1640076
1641717
1643359
1645002
1646646
1648291
1649937
1651584
1653232
1654881
1656531
1658182
1659834
1661487
1663141
1664796
1666452
1668109
1669767
1671426
1673086
1674747
1676409
1678072
1679736
1681401
1683067
1684734
1686402
1688071
1689741
1691412
1693084
1694757
1696431
1698106
1699782
1701459
1703137
1704816
1706496
1708177
1709859
1711542
1713226
1714911
1716597
1718284
1719972
1721661
1723351
1725042
1726734
1728427
1730121
1731816
1733512
1735209
1736907
1738606
1740306
1742007
1743709
1745412
1747116
1748821
1750527
1752234
1753942
1755651
1757361
1759072
1760784
1762497
1764211
1765926
1767642
1769359
1771077
1772796
1774516
1776237
1777959
1779682
1781406
1783131
1784857
1786584
1788312
1790041
1791771
1793502
1795234
1796967
1798701
1800436
1802172
1803909
1805647
1807386
1809126
1810867
1812609
1814352
1816096
1817841
1819587
1821334
1823082
1824831
1826581
1828332
1830084
1831837
1833591
1835346
1837102
1838859
1840617
1842376
1844136
1845897
1847659
1849422
1851186
1852951
1854717
1856484
1858252
1860021
1861791
1863562
1865334
1867107
1868881
1870656
1872432
1874209
1875987
1877766
1879546
1881327
1883109
1884892
1886676
1888461
1890247
1892034
1893822
1895611
1897401
1899192
1900984
1902777
1904571
1906366
1908162
1909959
1911757
1913556
1915356
1917157
1918959
1920762
1922566
1924371
1926177
1927984
1929792
1931601
1933411
1935222
1937034
1938847
1940661
1942476
1944292
1946109
1947927
1949746
1951566
1953387
1955209
1957032
1958856
1960681
1962507
1964334
1966162
1967991
1969821
1971652
1973484
1975317
1977151
1978986
1980822
1982659
1984497
1986336
1988176
1990017
1991859
1993702
1995546
1997391
1999237
2001084
2002932
2004781
2006631
2008482
2010334
2012187
2014041
2015896
2017752
2019609
2021467
2023326
2025186
2027047
2028909
2030772
2032636
2034501
2036367
2038234
2040102
2041971
2043841
2045712
2047584
2049457
2051331
2053206
2055082
2056959
2058837
2060716
2062596
2064477
2066359
2068242
2070126
2072011
2073897
2075784
2077672
2079561
2081451
2083342
2085234
2087127
2089021
2090916
2092812
2094709
2096607
2098506
2100406
2102307
2104209
2106112
2108016
2109921
2111827
2113734
2115642
2117551
2119461
2121372
2123284
2125197
2127111
2129026
2130942
2132859
2134777
2136696
2138616
2140537
2142459
2144382
2146306
2148231
2150157
2152084
2154012
2155941
2157871
2159802
2161734
2163667
2165601
2167536
2169472
2171409
2173347
2175286
2177226
2179167
2181109
2183052
2184996
2186941
2188887
2190834
2192782
2194731
2196681
2198632
2200584
2202537
2204491
2206446
2208402
2210359
2212317
2214276
2216236
2218197
2220159
2222122
2224086
2226051
2228017
2229984
2231952
2233921
2235891
2237862
2239834
2241807
2243781
2245756
2247732
2249709
2251687
2253666
2255646
2257627
2259609
2261592
2263576
2265561
2267547
2269534
2271522
2273511
2275501
2277492
2279484
2281477
2283471
2285466
2287462
2289459
2291457
2293456
2295456
2297457
2299459
2301462
2303466
2305471
2307477
2309484
2311492
2313501
2315511
2317522
2319534
2321547
2323561
2325576
2327592
2329609
2331627
2333646
2335666
2337687
2339709
2341732
2343756
2345781
2347807
2349834
2351862
2353891
2355921
2357952
2359984
2362017
2364051
2366086
2368122
2370159
2372197
2374236
2376276
2378317
2380359
2382402
2384446
2386491
2388537
2390584
2392632
2394681
2396731
2398782
2400834
2402887
2404941
2406996
2409052
2411109
2413167
2415226
2417286
2419347
2421409
2423472
2425536
2427601
2429667
2431734
2433802
2435871
2437941
2440012
2442084
2444157
2446231
2448306
2450382
2452459
2454537
2456616
2458696
2460777
2462859
2464942
2467026
2469111
2471197
2473284
2475372
2477461
2479551
2481642
2483734
2485827
2487921
2490016
2492112
2494209
2496307
2498406
2500506
2502607
2504709
2506812
2508916
2511021
2513127
2515234
2517342
2519451
2521561
2523672
2525784
2527897
2530011
2532126
2534242
2536359
2538477
2540596
2542716
2544837
2546959
2549082
2551206
2553331
2555457
2557584
2559712
2561841
2563971
2566102
2568234
2570367
2572501
2574636
2576772
2578909
2581047
2583186
2585326
2587467
2589609
2591752
2593896
2596041
2598187
2600334
2602482
2604631
2606781
2608932
2611084
2613237
2615391
2617546
2619702
2621859
2624017
2626176
2628336
2630497
2632659
2634822
2636986
2639151
2641317
2643484
2645652
2647821
2649991
2652162
2654334
2656507
2658681
2660856
2663032
2665209
2667387
2669566
2671746
2673927
2676109
2678292
2680476
2682661
2684847
2687034
2689222
2691411
2693601
2695792
2697984
2700177
2702371
2704566
2706762
2708959
2711157
2713356
2715556
2717757
2719959
2722162
2724366
2726571
2728777
2730984
2733192
2735401
2737611
2739822
2742034
2744247
2746461
2748676
2750892
2753109
2755327
2757546
2759766
2761987
2764209
2766432
2768656
2770881
2773107
2775334
2777562
2779791
2782021
2784252
2786484
2788717
2790951
2793186
2795422
2797659
2799897
2802136
2804376
2806617
2808859
2811102
2813346
2815591
2817837
2820084
2822332
2824581
2826831
2829082
2831334
2833587
2835841
2838096
2840352
2842609
2844867
2847126
2849386
2851647
2853909
2856172
2858436
2860701
2862967
2865234
2867502
2869771
2872041
2874312
2876584
2878857
2881131
2883406
2885682
2887959
2890237
2892516
2894796
2897077
2899359
2901642
2903926
2906211
2908497
2910784
2913072
2915361
2917651
2919942
2922234
2924527
2926821
2929116
2931412
2933709
2936007
2938306
2940606
2942907
2945209
2947512
2949816
2952121
2954427
2956734
2959042
2961351
2963661
2965972
2968284
2970597
2972911
2975226
2977542
2979859
2982177
2984496
2986816
2989137
2991459
2993782
2996106
2998431
3000757
3003084
3005412
3007741
3010071
3012402
3014734
3017067
3019401
3021736
3024072
3026409
3028747
3031086
3033426
3035767
3038109
3040452
3042796
3045141
3047487
3049834
3052182
3054531
3056881
3059232
3061584
3063937
3066291
3068646
3071002
3073359
3075717
3078076
3080436
3082797
3085159
3087522
3089886
3092251
3094617
3096984
3099352
3101721
3104091
3106462
3108834
3111207
3113581
3115956
3118332
3120709
3123087
3125466
3127846
3130227
3132609
3134992
3137376
3139761
3142147
3144534
3146922
3149311
3151701
3154092
3156484
3158877
3161271
3163666
3166062
3168459
3170857
3173256
3175656
3178057
3180459
3182862
3185266
3187671
3190077
3192484
3194892
3197301
3199711
3202122
3204534
3206947
3209361
3211776
3214192
3216609
3219027
3221446
3223866
3226287
3228709
3231132
3233556
3235981
3238407
3240834
3243262
3245691
3248121
3250552
3252984
3255417
3257851
3260286
3262722
3265159
3267597
3270036
3272476
3274917
3277359
3279802
3282246
3284691
3287137
3289584
3292032
3294481
3296931
3299382
3301834
3304287
3306741
3309196
3311652
3314109
3316567
3319026
3321486
3323947
3326409
3328872
3331336
3333801
3336267
3338734
3341202
3343671
3346141
3348612
3351084
3353557
3356031
3358506
3360982
3363459
3365937
3368416
3370896
3373377
3375859
3378342
3380826
3383311
3385797
3388284
3390772
3393261
3395751
3398242
3400734
3403227
3405721
3408216
3410712
3413209
3415707
3418206
3420706
3423207
3425709
3428212
3430716
3433221
3435727
3438234
3440742
3443251
3445761
3448272
3450784
3453297
3455811
3458326
3460842
3463359
3465877
3468396
3470916
3473437
3475959
3478482
3481006
3483531
3486057
3488584
3491112
3493641
3496171
3498702
3501234
3503767
3506301
3508836
3511372
3513909
3516447
3518986
3521526
3524067
3526609
3529152
3531696
3534241
3536787
3539334
3541882
3544431
3546981
3549532
3552084
3554637
3557191
3559746
3562302
3564859
3567417
3569976
3572536
3575097
3577659
3580222
3582786
3585351
3587917
3590484
3593052
3595621
3598191
3600762
3603334
3605907
3608481
3611056
3613632
3616209
3618787
3621366
3623946
3626527
3629109
3631692
3634276
3636861
3639447
3642034
3644622
3647211
3649801
3652392
3654984
3657577
3660171
3662766
3665362
3667959
3670557
3673156
3675756
3678357
3680959
3683562
3686166
3688771
3691377
3693984
3696592
3699201
3701811
3704422
3707034
3709647
3712261
3714876
3717492
3720109
3722727
3725346
3727966
3730587
3733209
3735832
3738456
3741081
3743707
3746334
3748962
3751591
3754221
3756852
3759484
3762117
3764751
3767386
3770022
3772659
3775297
3777936
3780576
3783217
3785859
3788502
3791146
3793791
3796437
3799084
3801732
3804381
3807031
3809682
3812334
3814987
3817641
3820296
3822952
3825609
3828267
3830926
3833586
3836247
3838909
3841572
3844236
3846901
3849567
3852234
3854902
3857571
3860241
3862912
3865584
3868257
3870931
3873606
3876282
3878959
3881637
3884316
3886996
3889677
3892359
3895042
3897726
3900411
3903097
3905784
3908472
3911161
3913851
3916542
3919234
3921927
3924621
3927316
3930012
3932709
3935407
3938106
3940806
3943507
3946209
3948912
3951616
3954321
3957027
3959734
3962442
3965151
3967861
3970572
3973284
3975997
3978711
3981426
3984142
3986859
3989577
3992296
3995016
3997737
4000459
4003182
4005906
4008631
4011357
4014084
4016812
4019541
4022271
4025002
4027734
4030467
4033201
4035936
4038672
4041409
4044147
4046886
4049626
4052367
4055109
4057852
4060596
4063341
4066087
4068834
4071582
4074331
4077081
4079832
4082584
4085337
4088091
4090846
4093602
4096359
4099117
4101876
4104636
4107397
4110159
4112922
4115686
4118451
4121217
4123984
4126752
4129521
4132291
4135062
4137834
4140607
4143381
4146156
4148932
4151709
4154487
4157266
4160046
4162827
4165609
4168392
4171176
4173961
4176747
4179534
4182322
4185111
4187901
4190692
4193484
4196277
4199071
4201866
4204662
4207459
4210257
4213056
4215856
4218657
4221459
4224262
4227066
4229871
4232677
4235484
4238292
4241101
4243911
4246722
4249534
4252347
4255161
4257976
4260792
4263609
4266427
4269246
4272066
4274887
4277709
4280532
4283356
4286181
4289007
4291834
4294662
4297491
4300321
4303152
4305984
4308817
4311651
4314486
4317322
4320159
4322997
4325836
4328676
4331517
4334359
4337202
4340046
4342891
4345737
4348584
4351432
4354281
4357131
4359982
4362834
4365687
4368541
4371396
4374252
4377109
4379967
4382826
4385686
4388547
4391409
4394272
4397136
4400001
4402867
4405734
4408602
4411471
4414341
4417212
4420084
4422957
4425831
4428706
4431582
4434459
4437337
4440216
4443096
4445977
4448859
4451742
4454626
4457511
4460397
4463284
4466172
4469061
4471951
4474842
4477734
4480627
4483521
4486416
4489312
4492209
4495107
4498006
4500906
4503807
4506709
4509612
4512516
4515421
4518327
4521234
4524142
4527051
4529961
4532872
4535784
4538697
4541611
4544526
4547442
4550359
4553277
4556196
4559116
4562037
4564959
4567882
4570806
4573731
4576657
4579584
4582512
4585441
4588371
4591302
4594234
4597167
4600101
4603036
4605972
4608909
4611847
4614786
4617726
4620667
4623609
4626552
4629496
4632441
4635387
4638334
4641282
4644231
4647181
4655181
4662767
4670354
4677942
4685531
4693121
4700712
4708304
4715897
4723491
4731086
4738682
4746279
4753877
4761476
4769076
4776677
4784279
4791882
4797178
4800149
4803121
4806094
4809068
4812043
4815019
4817996
4820974
4823953
4826933
4829914
4832896
4835879
4838863
4841848
4844834
4847821
4850809
4853798
4856788
4859779
4862771
4865764
4868758
4871753
4874749
4877746
4880744
4883743
4886743
4889744
4892746
4895749
4898753
4901758
4904764
4907771
4910779
4913788
4916798
4919809
4922821
4925834
4928848
4931863
4934879
4937896
4940914
4943933
4946953
4949974
4952996
4956019
4959043
4962068
4965094
4968121
4971149
4974178
4977208
4980239
4983271
4986304
4989338
4992373
4995409
4998446
5001484
5004523
5007563
5010604
5013646
5016689
5019733
5022778
5025824
5028871
5031919
5034968
5038018
5041069
5044121
5047174
5050228
5053283
5056339
5059396
5062454
5065513
5068573
5071634
5074696
5077759
5080823
5083888
5086954
5090021
5093089
5096158
5099228
5102299
5105371
5108444
5111518
5114593
5117669
5120746
5123824
5126903
5129983
5133064
5136146
5139229
5142313
5145398
5148484
5151571
5154659
5157748
5160838
5163929
5167021
5170114
5173208
5176303
5179399
5182496
5185594
5188693
5191793
5194894
5197996
5201099
5204203
5207308
5210414
5213521
5216629
5219738
5222848
5225959
5229071
5232184
5235298
5238413
5241529
5244646
5247764
5250883
5254003
5257124
5260246
5263369
5266493
5269618
5272744
5275871
5278999
5282128
5285258
5288389
5291521
5294654
5297788
5300923
5304059
5307196
5310334
5313473
5316613
5319754
5322896
5326039
5329183
5332328
5335474
5338621
5341769
5344918
5348068
5351219
5354371
5357524
5360678
5363833
5366989
5370146
5373304
5376463
5379623
5382784
5385946
5389109
5392273
5395438
5398604
5401771
5404939
5408108
5411278
5414449
5417621
5420794
5423968
5427143
5430319
5433496
5436674
5439853
5443033
5446214
5449396
5452579
5455763
5458948
5462134
5465321
5468509
5471698
5474888
5478079
5481271
5484464
5487658
5490853
5494049
5497246
5500444
5503643
5506843
5510044
5513246
5516449
5519653
5522858
5526064
5529271
5532479
5535688
5538898
5542109
5545321
5548534
5551748
5554963
5558179
5561396
5564614
5567833
5571053
5574274
5577496
5580719
5583943
5587168
5590394
5593621
5596849
5600078
5603308
5606539
5609771
5613004
5616238
5619473
5622709
5625946
5629184
5632423
5635663
5638904
5642146
5645389
5648633
5651878
5655124
5658371
5661619
5664868
5668118
5671369
5674621
5677874
5681128
5684383
5687639
5690896
5694154
5697413
5700673
5703934
5707196
5710459
5713723
5716988
5720254
5723521
5726789
5730058
5733328
5736599
5739871
5743144
5746418
5749693
5752969
5756246
5759524
5762803
5766083
5769364
5772646
5775929
5779213
5782498
5785784
5789071
5792359
5795648
5798938
5802229
5805521
5808814
5812108
5815403
5818699
5821996
5825294
5828593
5831893
5835194
5838496
5841799
5845103
5848408
5851714
5855021
5858329
5861638
5864948
5868259
5871571
5874884
5878198
5881513
5884829
5888146
5891464
5894783
5898103
5901424
5904746
5908069
5911393
5914718
5918044
5921371
5924699
5928028
5931358
5934689
5938021
5941354
5944688
5948023
5951359
5954696
5958034
5961373
5964713
5968054
5971396
5974739
5978083
5981428
5984774
5988121
5991469
5994818
5998168
6001519
6004871
6008224
6011578
6014933
6018289
6021646
6025004
6028363
6031723
6035084
6038446
6041809
6045173
6048538
6051904
6055271
6058639
6062008
6065378
6068749
6072121
6075494
6078868
6082243
6085619
6088996
6092374
6095753
6099133
6102514
6105896
6109279
6112663
6116048
6119434
6122821
6126209
6129598
6132988
6136379
6139771
6143164
6146558
6149953
6153349
6156746
6160144
6163543
6166943
6170344
6173746
6177149
6180553
6183958
6187364
6190771
6194179
6197588
6200998
6204409
6207821
6211234
6214648
6218063
6221479
6224896
6228314
6231733
6235153
6238574
6241996
6245419
6248843
6252268
6255694
6259121
6262549
6265978
6269408
6272839
6276271
6279704
6283138
6286573
6290009
6293446
6296884
6300323
6303763
6307204
6310646
6314089
6317533
6320978
6324424
6327871
6331319
6334768
6338218
6341669
6345121
6348574
6352028
6355483
6358939
6362396
6365854
6369313
6372773
6376234
6379696
6383159
6386623
6390088
6393554
6397021
6400489
6403958
6407428
6410899
6414371
6417844
6421318
6424793
6428269
6431746
6435224
6438703
6442183
6445664
6449146
6452629
6456113
6459598
6463084
6466571
6470059
6473548
6477038
6480529
6484021
6487514
6491008
6494503
6497999
6501496
6504994
6508493
6511993
6515494
6518996
6522499
6526003
6529508
6533014
6536521
6540029
6543538
6547048
6550559
6554071
6557584
6561098
6564613
6568129
6571646
6575164
6578683
6582203
6585724
6589246
6592769
6596293
6599818
6603344
6606871
6610399
6613928
6617458
6620989
6624521
6628054
6631588
6635123
6638659
6642196
6645734
6649273
6652813
6656354
6659896
6663439
6666983
6670528
6674074
6677621
6681169
6684718
6688268
6691819
6695371
6698924
6702478
6706033
6709589
6713146
6716704
6720263
6723823
6727384
6730946
6734509
6738073
6741638
6745204
6748771
6752339
6755908
6759478
6763049
6766621
6770194
6773768
6777343
6780919
6784496
6788074
6791653
6795233
6798814
6802396
6805979
6809563
6813148
6816734
6820321
6823909
6827498
6831088
6834679
6838271
6841864
6845458
6849053
6852649
6856246
6859844
6863443
6867043
6870644
6874246
6877849
6881453
6885058
6888664
6892271
6895879
6899488
6903098
6906709
6910321
6913934
6917548
6921163
6924779
6928396
6932014
6935633
6939253
6942874
6946496
6950119
6953743
6957368
6960994
6964621
6968249
6971878
6975508
6979139
6982771
6986404
6990038
6993673
6997309
7000946
7004584
7008223
7011863
7015504
7019146
7022789
7026433
7030078
7033724
7037371
7041019
7044668
7048318
7051969
7055621
7059274
7062928
7066583
7070239
7073896
7077554
7081213
7084873
7088534
7092196
7095859
7099523
7103188
7106854
7110521
7114189
7117858
7121528
7125199
7128871
7132544
7136218
7139893
7143569
7147246
7150924
7154603
7158283
7161964
7165646
7169329
7173013
7176698
7180384
7184071
7187759
7191448
7195138
7198829
7202521
7206214
7209908
7213603
7217299
7220996
7224694
7228393
7232093
7235794
7239496
7243199
7246903
7250608
7254314
7258021
7261729
7265438
7269148
7272859
7276571
7280284
7283998
7287713
7291429
7295146
7298864
7302583
7306303
7310024
7313746
7317469
7321193
7324918
7328644
7332371
7336099
7339828
7343558
7347289
7351021
7354754
7358488
7362223
7365959
7369696
7373434
7377173
7380913
7384654
7388396
7392139
7395883
7399628
7403374
7407121
7410869
7414618
7418368
7422119
7425871
7429624
7433378
7437133
7440889
7444646
7448404
7452163
7455923
7459684
7463446
7467209
7470973
7474738
7478504
7482271
7486039
7489808
7493578
7497349
7501121
7504894
7508668
7512443
7516219
7519996
7523774
7527553
7531333
7535114
7538896
7542679
7546463
7550248
7554034
7557821
7561609
7565398
7569188
7572979
7576771
7580564
7584358
7588153
7591949
7595746
7599544
7603343
7607143
7610944
7614746
7618549
7622353
7626158
7629964
7633771
7637579
7641388
7645198
7649009
7652821
7656634
7660448
7664263
7668079
7671896
7675714
7679533
7683353
7687174
7690996
7694819
7698643
7702468
7706294
7710121
7713949
7717778
7721608
7725439
7729271
7733104
7736938
7740773
7744609
7748446
7752284
7756123
7759963
7763804
7767646
7771489
7775333
7779178
7783024
7786871
7790719
7794568
7798418
7802269
7806121
7809974
7813828
7817683
7821539
7825396
7829254
7833113
7836973
7840834
7844696
7848559
7852423
7856288
7860154
7864021
7867889
7871758
7875628
7879499
7883371
7887244
7891118
7894993
7898869
7902746
7906624
7910503
7914383
7918264
7922146
7926029
7929913
7933798
7937684
7941571
7945459
7949348
7953238
7957129
7961021
7964914
7968808
7972703
7976599
7980496
7984394
7988293
7992193
7996094
7999996
8003899
8007803
8011708
8015614
8019521
8023429
8027338
8031248
8035159
8039071
8042984
8046898
8050813
8054729
8058646
8062564
8066483
8070403
8074324
8078246
8082169
8086093
8090018
8093944
8097871
8101799
8105728
8109658
8113589
8117521
8121454
8125388
8129323
8133259
8137196
8141134
8145073
8149013
8152954
8156896
8160839
8164783
8168728
8172674
8176621
8180569
8184518
8188468
8192419
8196371
8200324
8204278
8208233
8212189
8216146
8220104
8224063
8228023
8231984
8235946
8239909
8243873
8247838
8251804
8255771
8259739
8263708
8267678
8271649
8275621
8279594
8283568
8287543
8291519
8295496
8299474
8303453
8307433
8311414
8315396
8319379
8323363
8327348
8331334
8335321
8339309
8343298
8347288
8351279
8355271
8359264
8363258
8367253
8371249
8375246
8379244
8383243
8387243
8391244
8395246
8399249
8403253
8407258
8411264
8415271
8419279
8423288
8427298
8431309
8435321
8439334
8443348
8447363
8451379
8455396
8459414
8463433
8467453
8471474
8475496
8479519
8483543
8487568
8491594
8495621
8499649
8503678
8507708
8511739
8515771
8519804
8523838
8527873
8531909
8535946
8539984
8544023
8548063
8552104
8556146
8560189
8564233
8568278
8572324
8576371
8580419
8584468
8588518
8592569
8596621
8600674
8604728
8608783
8612839
8616896
8620954
8625013
8629073
8633134
8637196
8641259
8645323
8649388
8653454
8657521
8661589
8665658
8669728
8673799
8677871
8681944
8686018
8690093
8694169
8698246
8702324
8706403
8710483
8714564
8718646
8722729
8726813
8730898
8734984
8739071
8743159
8747248
8751338
8755429
8759521
8763614
8767708
8771803
8775899
8779996
8784094
8788193
8792293
8796394
8800496
8804599
8808703
8812808
8816914
8821021
8825129
8829238
8833348
8837459
8841571
8845684
8849798
8853913
8858029
8862146
8866264
8870383
8874503
8878624
8882746
8886869
8890993
8895118
8899244
8903371
8907499
8911628
8915758
8919889
8924021
8928154
8932288
8936423
8940559
8944696
8948834
8952973
8957113
8961254
8965396
8969539
8973683
8977828
8981974
8986121
8990269
8994418
8998568
9002719
9006871
9011024
9015178
9019333
9023489
9027646
9031804
9035963
9040123
9044284
9048446
9052609
9056773
9060938
9065104
9069271
9073439
9077608
9081778
9085949
9090121
9094294
9098468
9102643
9106819
9110996
9115174
9119353
9123533
9127714
9131896
9136079
9140263
9144448
9148634
9152821
9157009
9161198
9165388
9169579
9173771
9177964
9182158
9186353
9190549
9194746
9198944
9203143
9207343
9211544
9215746
9219949
9224153
9228358
9232564
9236771
9240979
9245188
9249398
9253609
9257821
9262034
9266248
9270463
9274679
9278896
9283114
9287333
9291553
9295774
9299996
9304219
9308443
9312668
9316894
9321121
9325349
9329578
9333808
9338039
9342271
9346504
9350738
9354973
9359209
9363446
9367684
9371923
9376163
9380404
9384646
9388889
9393133
9397378
9401624
9405871
9410119
9414368
9418618
9422869
9427121
9431374
9435628
9439883
9444139
9448396
9452654
9456913
9461173
9465434
9469696
9473959
9478223
9482488
9486754
9491021
9495289
9499558
9503828
9508099
9512371
9516644
9520918
9525193
9529469
9533746
9538024
9542303
9546583
9550864
9555146
9559429
9563713
9567998
9572284
9576571
9580859
9585148
9589438
9593729
9598021
9602314
9606608
9610903
9615199
9619496
9623794
9628093
9632393
9636694
9640996
9645299
9649603
9653908
9658214
9662521
9666829
9671138
9675448
9679759
9684071
9688384
9692698
9697013
9701329
9705646
9709964
9714283
9718603
9722924
9727246
9731569
9735893
9740218
9744544
9748871
9753199
9757528
9761858
9766189
9770521
9774854
9779188
9783523
9787859
9792196
9796534
9800873
9805213
9809554
9813896
9818239
9822583
9826928
9831274
9835621
9839969
9844318
9848668
9853019
9857371
9861724
9866078
9870433
9874789
9879146
9883504
9887863
9892223
9896584
9900946
9905309
9909673
9914038
9918404
9922771
9927139
9931508
9935878
9940249
9944621
9948994
9953368
9957743
9962119
9966496
9970874
9975253
9979633
9984014
9988396
9992779
9997163
10001548
10005934
10010321
10014709
10019098
10023488
10027879
10032271
10036664
10041058
10045453
10049849
10054246
10058644
10063043
10067443
10071844
10076246
10080649
10085053
10089458
10093864
10098271
10102679
10107088
10111498
10115909
10120321
10124734
10129148
10133563
10137979
10142396
10146814
10151233
10155653
10160074
10164496
10168919
10173343
10177768
10182194
10186621
10191049
10195478
10199908
10204339
10208771
10213204
10217638
10222073
10226509
10230946
10235384
10239823
10244263
10248704
10253146
10257589
10262033
10266478
10270924
10275371
10279819
10284268
10288718
10293169
10297621
10302074
10306528
10310983
10315439
10319896
10324354
10328813
10333273
10337734
10342196
10346659
10351123
10355588
10360054
10364521
10368989
10373458
10377928
10382399
10386871
10391344
10395818
10400293
10404769
10409246
10413724
10418203
10422683
10427164
10431646
10436129
10440613
10445098
10449584
10454071
10458559
10463048
10467538
10472029
10476521
10481014
10485508
10490003
10494499
10498996
10503494
10507993
10512493
10516994
10521496
10525999
10530503
10535008
10539514
10544021
10548529
10553038
10557548
10562059
10566571
10571084
10575598
10580113
10584629
10589146
10593664
10598183
10602703
10607224
10611746
10616269
10620793
10625318
10629844
10634371
10638899
10643428
10647958
10652489
10657021
10661554
10666088
10670623
10675159
10679696
10684234
10688773
10693313
10697854
10702396
10706939
10711483
10716028
10720574
10725121
10729669
10734218
10738768
10743319
10747871
10752424
10756978
10761533
10766089
10770646
10775204
10779763
10784323
10788884
10793446
10798009
10802573
10807138
10811704
10816271
10820839
10825408
10829978
10834549
10839121
10843694
10848268
10852843
10857419
10861996
10866574
10871153
10875733
10880314
10884896
10889479
10894063
10898648
10903234
10907821
10912409
10916998
10921588
10926179
10930771
10935364
10939958
10944553
10949149
10953746
10958344
10962943
10967543
10972144
10976746
10981349
10985953
10990558
10995164
10999771
11004379
11008988
11013598
11018209
11022821
11027434
11032048
11036663
11041279
11045896
11050514
11055133
11059753
11064374
11068996
11073619
11078243
11082868
11087494
11092121
11096749
11101378
11106008
11110639
11115271
11119904
11124538
11129173
11133809
11138446
11143084
11147723
11152363
11157004
11161646
11166289
11170933
11175578
11180224
11184871
11189519
11194168
11198818
11203469
11208121
11212774
11217428
11222083
11226739
11231396
11236054
11240713
11245373
11250034
11254696
11259359
11264023
11268688
11273354
11278021
11282689
11287358
11292028
11296699
11301371
11306044
11310718
11315393
11320069
11324746
11329424
11334103
11338783
11343464
11348146
11352829
11357513
11362198
11366884
11371571
11376259
11380948
11385638
11390329
11395021
11399714
11404408
11409103
11413799
11418496
11423194
11427893
11432593
11437294
11441996
11446699
11451403
11456108
11460814
11465521
11470229
11474938
11479648
11484359
11489071
11493784
11498498
11503213
11507929
11512646
11517364
11522083
11526803
11531524
11536246
11540969
11545693
11550418
11555144
11559871
11564599
11569328
11574058
11578789
11583521
11588254
11592988
11597723
11602459
11607196
11611934
11616673
11621413
11626154
11630896
11635639
11640383
11645128
11649874
11654621
11659369
11664118
11668868
11673619
11678371
11683124
11687878
11692633
11697389
11702146
11706904
11711663
11716423
11721184
11725946
11730709
11735473
11740238
11745004
11749771
11754539
11759308
11764078
11768849
11773621
11778394
11783168
11787943
11792719
11797496
11802274
11807053
11811833
11816614
11821396
11826179
11830963
11835748
11840534
11845321
11850109
11854898
11859688
11864479
11869271
11874064
11878858
11883653
11888449
11893246
11898044
11902843
11907643
11912444
11917246
11922049
11926853
11931658
11936464
11941271
11946079
11950888
11955698
11960509
11965321
11970134
11974948
11979763
11984579
11989396
11994214
11999033
12003853
12008674
12013496
12018319
12023143
12027968
12032794
12037621
12042449
12047278
12052108
12056939
12061771
12066604
12071438
12076273
12081109
12085946
12090784
12095623
12100463
12105304
12110146
12114989
12119833
12124678
12129524
12134371
12139219
12144068
12148918
12153769
12158621
12163474
12168328
12173183
12178039
12182896
12187754
12192613
12197473
12202334
12207196
12212059
12216923
12221788
12226654
12231521
12236389
12241258
12246128
12250999
12255871
12260744
12265618
12270493
12275369
12280246
12285124
12290003
12294883
12299764
12304646
12309529
12314413
12319298
12324184
12329071
12333959
12338848
12343738
12348629
12353521
12358414
12363308
12368203
12373099
12377996
12382894
12387793
12392693
12397594
12402496
12407399
12412303
12417208
12422114
12427021
12431929
12436838
12441748
12446659
12451571
12456484
12461398
12466313
12471229
12476146
12481064
12485983
12490903
12495824
12500746
12505669
12510593
12515518
12520444
12525371
12530299
12535228
12540158
12545089
12550021
12554954
12559888
12564823
12569759
12574696
12579634
12584573
12589513
12594454
12599396
12604339
12609283
12614228
12619174
12624121
12629069
12634018
12638968
12643919
12648871
12653824
12658778
12663733
12668689
12673646
12678604
12683563
12688523
12693484
12698446
12703409
12708373
12713338
12718304
12723271
12728239
12733208
12738178
12743149
12748121
12753094
12758068
12763043
12768019
12772996
12777974
12782953
12787933
12792914
12797896
12802879
12807863
12812848
12817834
12822821
12827809
12832798
12837788
12842779
12847771
12852764
12857758
12862753
12867749
12872746
12877744
12882743
12887743
12892744
12897746
12902749
12907753
12912758
12917764
12922771
12927779
12932788
12937798
12942809
12947821
12952834
12957848
12962863
12967879
12972896
12977914
12982933
12987953
12992974
12997996
13003019
13008043
13013068
13018094
13023121
13028149
13033178
13038208
13043239
13048271
13053304
13058338
13063373
13068409
13073446
13078484
13083523
13088563
13093604
13098646
13103689
13108733
13113778
13118824
13123871
13128919
13133968
13139018
13144069
13149121
13154174
13159228
13164283
13169339
13174396
13179454
13184513
13189573
13194634
13199696
13204759
13209823
13214888
13219954
13225021
13230089
13235158
13240228
13245299
13250371
13255444
13260518
13265593
13270669
13275746
13280824
13285903
13290983
13296064
13301146
13306229
13311313
13316398
13321484
13326571
13331659
13336748
13341838
13346929
13352021
13357114
13362208
13367303
13372399
13377496
13382594
13387693
13392793
13397894
13402996
13408099
13413203
13418308
13423414
13428521
13433629
13438738
13443848
13448959
13454071
13459184
13464298
13469413
13474529
13479646
13484764
13489883
13495003
13500124
13505246
13510369
13515493
13520618
13525744
13530871
13535999
13541128
13546258
13551389
13556521
13561654
13566788
13571923
13577059
13582196
13587334
13592473
13597613
13602754
13607896
13613039
13618183
13623328
13628474
13633621
13638769
13643918
13649068
13654219
13659371
13664524
13669678
13674833
13679989
13685146
13690304
13695463
13700623
13705784
13710946
13716109
13721273
13726438
13731604
13736771
13741939
13747108
13752278
13757449
13762621
13767794
13772968
13778143
13783319
13788496
13793674
13798853
13804033
13809214
13814396
13819579
13824763
13829948
13835134
13840321
13845509
13850698
13855888
13861079
13866271
13871464
13876658
13881853
13887049
13892246
13897444
13902643
13907843
13913044
13918246
13923449
13928653
13933858
13939064
13944271
13949479
13954688
13959898
13965109
13970321
13975534
13980748
13985963
13991179
13996396
14001614
14006833
14012053
14017274
14022496
14027719
14032943
14038168
14043394
14048621
14053849
14059078
14064308
14069539
14074771
14080004
14085238
14090473
14095709
14100946
14106184
14111423
14116663
14121904
14127146
14132389
14137633
14142878
14148124
14153371
14158619
14163868
14169118
14174369
14179621
14184874
14190128
14195383
14200639
14205896
14211154
14216413
14221673
14226934
14232196
14237459
14242723
14247988
14253254
14258521
14263789
14269058
14274328
14279599
14284871
14290144
14295418
14300693
14305969
14311246
14316524
14321803
14327083
14332364
14337646
14342929
14348213
14353498
14358784
14364071
14369359
14374648
14379938
14385229
14390521
14395814
14401108
14406403
14411699
14416996
14422294
14427593
14432893
14438194
14443496
14448799
14454103
14459408
14464714
14470021
14475329
14480638
14485948
14491259
14496571
14501884
14507198
14512513
14517829
14523146
14528464
14533783
14539103
14544424
14549746
14555069
14560393
14565718
14571044
14576371
14581699
14587028
14592358
14597689
14603021
14608354
14613688
14619023
14624359
14629696
14635034
14640373
14645713
14651054
14656396
14661739
14667083
14672428
14677774
14683121
14688469
14693818
14699168
14704519
14709871
14715224
14720578
14725933
14731289
14736646
14742004
14747363
14752723
14758084
14763446
14768809
14774173
14779538
14784904
14790271
14795639
14801008
14806378
14811749
14817121
14822494
14827868
14833243
14838619
14843996
14849374
14854753
14860133
14865514
14870896
14876279
14881663
14887048
14892434
14897821
14903209
14908598
14913988
14919379
14924771
14930164
14935558
14940953
14946349
14951746
14957144
14962543
14967943
14973344
14978746
14984149
14989553
14994958
15000364
15005771
15011179
15016588
15021998
15027409
15032821
15038234
15043648
15049063
15054479
15059896
15065314
15070733
15076153
15081574
15086996
15092419
15097843
15103268
15108694
15114121
15119549
15124978
15130408
15135839
15141271
15146704
15152138
15157573
15163009
15168446
15173884
15179323
15184763
15190204
15195646
15201089
15206533
15211978
15217424
15222871
15228319
15233768
15239218
15244669
15250121
15255574
15261028
15266483
15271939
15277396
15282854
15288313
15293773
15299234
15304696
15310159
15315623
15321088
15326554
15332021
15337489
15342958
15348428
15353899
15359371
15364844
15370318
15375793
15381269
15386746
15392224
15397703
15403183
15408664
15414146
15419629
15425113
15430598
15436084
15441571
15447059
15452548
15458038
15463529
15469021
15474514
15480008
15485503
15490999
15496496
15501994
15507493
15512993
15518494
15523996
15529499
15535003
15540508
15546014
15551521
15557029
15562538
15568048
15573559
15579071
15584584
15590098
15595613
15601129
15606646
15612164
15617683
15623203
15628724
15634246
15639769
15645293
15650818
15656344
15661871
15667399
15672928
15678458
15683989
15689521
15695054
15700588
15706123
15711659
15717196
15722734
15728273
15733813
15739354
15744896
15750439
15755983
15761528
15767074
15772621
15778169
15783718
15789268
15794819
15800371
15805924
15811478
15817033
15822589
15828146
15833704
15839263
15844823
15850384
15855946
15861509
15867073
15872638
15878204
15883771
15889339
15894908
15900478
15906049
15911621
15917194
15922768
15928343
15933919
15939496
15945074
15950653
15956233
15961814
15967396
15972979
15978563
15984148
15989734
15995321
16000909
16006498
16012088
16017679
16023271
16028864
16034458
16040053
16045649
16051246
16056844
16062443
16068043
16073644
16079246
16084849
16090453
16096058
16101664
16107271
16112879
16118488
16124098
16129709
16135321
16140934
16146548
16152163
16157779
16163396
16169014
16174633
16180253
16185874
16191496
16197119
16202743
16208368
16213994
16219621
16225249
16230878
16236508
16242139
16247771
16253404
16259038
16264673
16270309
16275946
16281584
16287223
16292863
16298504
16304146
16309789
16315433
16321078
16326724
16332371
16338019
16343668
16349318
16354969
16360621
16366274
16371928
16377583
16383239
16388896
16394554
16400213
16405873
16411534
16417196
16422859
16428523
16434188
16439854
16445521
16451189
16456858
16462528
16468199
16473871
16479544
16485218
16490893
16496569
16502246
16507924
16513603
16519283
16524964
16530646
16536329
16542013
16547698
16553384
16559071
16564759
16570448
16576138
16581829
16587521
16593214
16598908
16604603
16610299
16615996
16621694
16627393
16633093
16638794
16644496
16650199
16655903
16661608
16667314
16673021
16678729
16684438
16690148
16695859
16701571
16707284
16712998
16718713
16724429
16730146
16735864
16741583
16747303
16753024
16758746
16764469
16770193
16775918
16781644
16787371
16793099
16798828
16804558
16810289
16816021
16821754
16827488
16833223
16838959
16844696
16850434
16856173
16861913
16867654
16873396
16879139
16884883
16890628
16896374
16902121
16907869
16913618
16919368
16925119
16930871
16936624
16942378
16948133
16953889
16959646
16965404
16971163
16976923
16982684
16988446
16994209
16999973
17005738
17011504
17017271
17023039
17028808
17034578
17040349
17046121
17051894
17057668
17063443
17069219
17074996
17080774
17086553
17092333
17098114
17103896
17109679
17115463
17121248
17127034
17132821
17138609
17144398
17150188
17155979
17161771
17167564
17173358
17179153
17184949
17190746
17196544
17202343
17208143
17213944
17219746
17225549
17231353
17237158
17242964
17248771
17254579
17260388
17266198
17272009
17277821
17283634
17289448
17295263
17301079
17306896
17312714
17318533
17324353
17330174
17335996
17341819
17347643
17353468
17359294
17365121
17370949
17376778
17382608
17388439
17394271
17400104
17405938
17411773
17417609
17423446
17429284
17435123
17440963
17446804
17452646
17458489
17464333
17470178
17476024
17481871
17487719
17493568
17499418
17505269
17511121
17516974
17522828
17528683
17534539
17540396
17546254
17552113
17557973
17563834
17569696
17575559
17581423
17587288
17593154
17599021
17604889
17610758
17616628
17622499
17628371
17634244
17640118
17645993
17651869
17657746
17663624
17669503
17675383
17681264
17687146
17693029
17698913
17704798
17710684
17716571
17722459
17728348
17734238
17740129
17746021
17751914
17757808
17763703
17769599
17775496
17781394
17787293
17793193
17799094
17804996
17810899
17816803
17822708
17828614
17834521
17840429
17846338
17852248
17858159
17864071
17869984
17875898
17881813
17887729
17893646
17899564
17905483
17911403
17917324
17923246
17929169
17935093
17941018
17946944
17952871
17958799
17964728
17970658
17976589
17982521
17988454
17994388
18000323
18006259
18012196
18018134
18024073
18030013
18035954
18041896
18047839
18053783
18059728
18065674
18071621
18077569
18083518
18089468
18095419
18101371
18107324
18113278
18119233
18125189
18131146
18137104
18143063
18149023
18154984
18160946
18166909
18172873
18178838
18184804
18190771
18196739
18202708
18208678
18214649
18220621
18226594
18232568
18238543
18244519
18250496
18256474
18262453
18268433
18274414
18280396
18286379
18292363
18298348
18304334
18310321
18316309
18322298
18328288
18334279
18340271
18346264
18352258
18358253
18364249
18370246
18376244
18382243
18388243
18394244
18400246
18406249
18412253
18418258
18424264
18430271
18436279
18442288
18448298
18454309
18460321
18466334
18472348
18478363
18484379
18490396
18496414
18502433
18508453
18514474
18520496
18526519
18532543
18538568
18544594
18550621
18556649
18562678
18568708
18574739
18580771
18586804
18592838
18598873
18604909
18610946
18616984
18623023
18629063
18635104
18641146
18647189
18653233
18659278
18665324
18671371
18677419
18683468
18689518
18695569
18701621
18707674
18713728
18719783
18725839
18731896
18737954
18744013
18750073
18756134
18762196
18768259
18774323
18780388
18786454
18792521
18798589
18804658
18810728
18816799
18822871
18828944
18835018
18841093
18847169
18853246
18859324
18865403
18871483
18877564
18883646
18889729
18895813
18901898
18907984
18914071
18920159
18926248
18932338
18938429
18944521
18950614
18956708
18962803
18968899
18974996
18981094
18987193
18993293
18999394
19005496
19011599
19017703
19023808
19029914
19036021
19042129
19048238
19054348
19060459
19066571
19072684
19078798
19084913
19091029
19097146
19103264
19109383
19115503
19121624
19127746
19133869
19139993
19146118
19152244
19158371
19164499
19170628
19176758
19182889
19189021
19195154
19201288
19207423
19213559
19219696
19225834
19231973
19238113
19244254
19250396
19256539
19262683
19268828
19274974
19281121
19287269
19293418
19299568
19305719
19311871
19318024
19324178
19330333
19336489
19342646
19348804
19354963
19361123
19367284
19373446
19379609
19385773
19391938
19398104
19404271
19410439
19416608
19422778
19428949
19435121
19441294
19447468
19453643
19459819
19465996
19472174
19478353
19484533
19490714
19496896
19503079
19509263
19515448
19521634
19527821
19534009
19540198
19546388
19552579
19558771
19564964
19571158
19577353
19583549
19589746
19595944
19602143
19608343
19614544
19620746
19626949
19633153
19639358
19645564
19651771
19657979
19664188
19670398
19676609
19682821
19689034
19695248
19701463
19707679
19713896
19720114
19726333
19732553
19738774
19744996
19751219
19757443
19763668
19769894
19776121
19782349
19788578
19794808
19801039
19807271
19813504
19819738
19825973
19832209
19838446
19844684
19850923
19857163
19863404
19869646
19875889
19882133
19888378
19894624
19900871
19907119
19913368
19919618
19925869
19932121
19938374
19944628
19950883
19957139
19963396
19969654
19975913
19982173
19988434
19994696
20002696
20010282
20017869
20025457
20033046
20040636
20048227
20055819
20063412
20071006
20078601
20086197
20093794
20101392
20108991
20116591
20124192
20131794
20139397
20147001
20154606
20162212
20169819
20177427
20185036
20192646
20200257
20207869
20215482
20223096
20230711
20238327
20245944
20253562
20261181
20268801
20276422
20284044
20291667
20299291
20306916
20314542
20322169
20329797
20337426
20345056
20352687
20360319
20367952
20375586
20383221
20390857
20398494
20406132
20413771
20421411
20429052
20436694
20444337
20451981
20459626
20467272
20474919
20482567
20490024
20496352
20502681
20509011
20515342
20521674
20528007
20534341
20540676
20547012
20553349
20559687
20566026
20572366
20578707
20585049
20591392
20597736
20604081
20610427
20616774
20623122
20629471
20635821
20642172
20648524
20654877
20661231
20667586
20673942
20680299
20686657
20693016
20699376
20705737
20712099
20718462
20724826
20731191
20737557
20743924
20750292
20756661
20763031
20769402
20775774
20782147
20788521
20794896
20801272
20807649
20814027
20820406
20826786
20833167
20839549
20845932
20852316
20858701
20865087
20871474
20877862
20884251
20890641
20897032
20903424
20909817
20916211
20922606
20929002
20935399
20941797
20948196
20954596
20960997
20967399
20973802
20980206
20986611
20993017
20999424
21005832
21012241
21018651
21025062
21031474
21037887
21044301
21050716
21057132
21063549
21069967
21076386
21082806
21089227
21095649
21102072
21108496
21114921
21121347
21127774
21134202
21140631
21147061
21153492
21159924
21166357
21172791
21179226
21185662
21192099
21198537
21204976
21211416
21217857
21224299
21230742
21237186
21243631
21250077
21256524
21262972
21269421
21275871
21282322
21288774
21295227
21301681
21308136
21314592
21321049
21327507
21333966
21340426
21346887
21353349
21359812
21366276
21372741
21379207
21385674
21392142
21398611
21405081
21411552
21418024
21424497
21430971
21437446
21443922
21450399
21456877
21463356
21469836
21476317
21482799
21489282
21495766
21502251
21508737
21515224
21521712
21528201
21534691
21541182
21547674
21554167
21560661
21567156
21573652
21580149
21586647
21593146
21599646
21606147
21612649
21619152
21625656
21632161
21638667
21645174
21651682
21658191
21664701
21671212
21677724
21684237
21690751
21697266
21703782
21710299
21716817
21723336
21729856
21736377
21742899
21749422
21755946
21762471
21768997
21775524
21782052
21788581
21795111
21801642
21808174
21814707
21821241
21827776
21834312
21840849
21847387
21853926
21860466
21867007
21873549
21880092
21886636
21893181
21899727
21906274
21912822
21919371
21925921
21932472
21939024
21945577
21952131
21958686
21965242
21971799
21978357
21984916
21991476
21998037
22004599
22011162
22017726
22024291
22030857
22037424
22043992
22050561
22057131
22063702
22070274
22076847
22083421
22089996
22096572
22103149
22109727
22116306
22122886
22129467
22136049
22142632
22149216
22155801
22162387
22168974
22175562
22182151
22188741
22195332
22201924
22208517
22215111
22221706
22228302
22234899
22241497
22248096
22254696
22261297
22267899
22274502
22281106
22287711
22294317
22300924
22307532
22314141
22320751
22327362
22333974
22340587
22347201
22353816
22360432
22367049
22373667
22380286
22386906
22393527
22400149
22406772
22413396
22420021
22426647
22433274
22439902
22446531
22453161
22459792
22466424
22473057
22479691
22486326
22492962
22499599
22506237
22512876
22519516
22526157
22532799
22539442
22546086
22552731
22559377
22566024
22572672
22579321
22585971
22592622
22599274
22605927
22612581
22619236
22625892
22632549
22639207
22645866
22652526
22659187
22665849
22672512
22679176
22685841
22692507
22699174
22705842
22712511
22719181
22725852
22732524
22739197
22745871
22752546
22759222
22765899
22772577
22779256
22785936
22792617
22799299
22805982
22812666
22819351
22826037
22832724
22839412
22846101
22852791
22859482
22866174
22872867
22879561
22886256
22892952
22899649
22906347
22913046
22919746
22926447
22933149
22939852
22946556
22953261
22959967
22966674
22973382
22980091
22986801
22993512
23000224
23006937
23013651
23020366
23027082
23033799
23040517
23047236
23053956
23060677
23067399
23074122
23080846
23087571
23094297
23101024
23107752
23114481
23121211
23127942
23134674
23141407
23148141
23154876
23161612
23168349
23175087
23181826
23188566
23195307
23202049
23208792
23215536
23222281
23229027
23235774
23242522
23249271
23256021
23262772
23269524
23276277
23283031
23289786
23296542
23303299
23310057
23316816
23323576
23330337
23337099
23343862
23350626
23357391
23364157
23370924
23377692
23384461
23391231
23398002
23404774
23411547
23418321
23425096
23431872
23438649
23445427
23452206
23458986
23465767
23472549
23479332
23486116
23492901
23499687
23506474
23513262
23520051
23526841
23533632
23540424
23547217
23554011
23560806
23567602
23574399
23581197
23587996
23594796
23601597
23608399
23615202
23622006
23628811
23635617
23642424
23649232
23656041
23662851
23669662
23676474
23683287
23690101
23696916
23703732
23710549
23717367
23724186
23731006
23737827
23744649
23751472
23758296
23765121
23771947
23778774
23785602
23792431
23799261
23806092
23812924
23819757
23826591
23833426
23840262
23847099
23853937
23860776
23867616
23874457
23881299
23888142
23894986
23901831
23908677
23915524
23922372
23929221
23936071
23942922
23949774
23956627
23963481
23970336
23977192
23984049
23990907
23997766
24004626
24011487
24018349
24025212
24032076
24038941
24045807
24052674
24059542
24066411
24073281
24080152
24087024
24093897
24100771
24107646
24114522
24121399
24128277
24135156
24142036
24148917
24155799
24162682
24169566
24176451
24183337
24190224
24197112
24204001
24210891
24217782
24224674
24231567
24238461
24245356
24252252
24259149
24266047
24272946
24279846
24286747
24293649
24300552
24307456
24314361
24321267
24328174
24335082
24341991
24348901
24355812
24362724
24369637
24376551
24383466
24390382
24397299
24404217
24411136
24418056
24424977
24431899
24438822
24445746
24452671
24459597
24466524
24473452
24480381
24487311
24494242
24501174
24508107
24515041
24521976
24528912
24535849
24542787
24549726
24556666
24563607
24570549
24577492
24584436
24591381
24598327
24605274
24612222
24619171
24626121
24633072
24640024
24646977
24653931
24660886
24667842
24674799
24681757
24688716
24695676
24702637
24709599
24716562
24723526
24730491
24737457
24744424
24751392
24758361
24765331
24772302
24779274
24786247
24793221
24800196
24807172
24814149
24821127
24828106
24835086
24842067
24849049
24856032
24863016
24870001
24876987
24883974
24890962
24897951
24904941
24911932
24918924
24925917
24932911
24939906
24946902
24953899
24960897
24967896
24974896
24981897
24988899
24995902
25002906
25009911
25016917
25023924
25030932
25037941
25044951
25051962
25058974
25065987
25073001
25080016
25087032
25094049
25101067
25108086
25115106
25122127
25129149
25136172
25143196
25150221
25157247
25164274
25171302
25178331
25185361
25192392
25199424
25206457
25213491
25220526
25227562
25234599
25241637
25248676
25255716
25262757
25269799
25276842
25283886
25290931
25297977
25305024
25312072
25319121
25326171
25333222
25340274
25347327
25354381
25361436
25368492
25375549
25382607
25389666
25396726
25403787
25410849
25417912
25424976
25432041
25439107
25446174
25453242
25460311
25467381
25474452
25481524
25488597
25495671
25502746
25509822
25516899
25523977
25531056
25538136
25545217
25552299
25559382
25566466
25573551
25580637
25587724
25594812
25601901
25608991
25616082
25623174
25630267
25637361
25644456
25651552
25658649
25665747
25672846
25679946
25687047
25694149
25701252
25708356
25715461
25722567
25729674
25736782
25743891
25751001
25758112
25765224
25772337
25779451
25786566
25793682
25800799
25807917
25815036
25822156
25829277
25836399
25843522
25850646
25857771
25864897
25872024
25879152
25886281
25893411
25900542
25907674
25914807
25921941
25929076
25936212
25943349
25950487
25957626
25964766
25971907
25979049
25986192
25993336
26000481
26007627
26014774
26021922
26029071
26036221
26043372
26050524
26057677
26064831
26071986
26079142
26086299
26093457
26100616
26107776
26114937
26122099
26129262
26136426
26143591
26150757
26157924
26165092
26172261
26179431
26186602
26193774
26200947
26208121
26215296
26222472
26229649
26236827
26244006
26251186
26258367
26265549
26272732
26279916
26287101
26294287
26301474
26308662
26315851
26323041
26330232
26337424
26344617
26351811
26359006
26366202
26373399
26380597
26387796
26394996
26402197
26409399
26416602
26423806
26431011
26438217
26445424
26452632
26459841
26467051
26474262
26481474
26488687
26495901
26503116
26510332
26517549
26524767
26531986
26539206
26546427
26553649
26560872
26568096
26575321
26582547
26589774
26597002
26604231
26611461
26618692
26625924
26633157
26640391
26647626
26654862
26662099
26669337
26676576
26683816
26691057
26698299
26705542
26712786
26720031
26727277
26734524
26741772
26749021
26756271
26763522
26770774
26778027
26785281
26792536
26799792
26807049
26814307
26821566
26828826
26836087
26843349
26850612
26857876
26865141
26872407
26879674
26886942
26894211
26901481
26908752
26916024
26923297
26930571
26937846
26945122
26952399
26959677
26966956
26974236
26981517
26988799
26996082
27003366
27010651
27017937
27025224
27032512
27039801
27047091
27054382
27061674
27068967
27076261
27083556
27090852
27098149
27105447
27112746
27120046
27127347
27134649
27141952
27149256
27156561
27163867
27171174
27178482
27185791
27193101
27200412
27207724
27215037
27222351
27229666
27236982
27244299
27251617
27258936
27266256
27273577
27280899
27288222
27295546
27302871
27310197
27317524
27324852
27332181
27339511
27346842
27354174
27361507
27368841
27376176
27383512
27390849
27398187
27405526
27412866
27420207
27427549
27434892
27442236
27449581
27456927
27464274
27471622
27478971
27486321
27493672
27501024
27508377
27515731
27523086
27530442
27537799
27545157
27552516
27559876
27567237
27574599
27581962
27589326
27596691
27604057
27611424
27618792
27626161
27633531
27640902
27648274
27655647
27663021
27670396
27677772
27685149
27692527
27699906
27707286
27714667
27722049
27729432
27736816
27744201
27751587
27758974
27766362
27773751
27781141
27788532
27795924
27803317
27810711
27818106
27825502
27832899
27840297
27847696
27855096
27862497
27869899
27877302
27884706
27892111
27899517
27906924
27914332
27921741
27929151
27936562
27943974
27951387
27958801
27966216
27973632
27981049
27988467
27995886
28003306
28010727
28018149
28025572
28032996
28040421
28047847
28055274
28062702
28070131
28077561
28084992
28092424
28099857
28107291
28114726
28122162
28129599
28137037
28144476
28151916
28159357
28166799
28174242
28181686
28189131
28196577
28204024
28211472
28218921
28226371
28233822
28241274
28248727
28256181
28263636
28271092
28278549
28286007
28293466
28300926
28308387
28315849
28323312
28330776
28338241
28345707
28353174
28360642
28368111
28375581
28383052
28390524
28397997
28405471
28412946
28420422
28427899
28435377
28442856
28450336
28457817
28465299
28472782
28480266
28487751
28495237
28502724
28510212
28517701
28525191
28532682
28540174
28547667
28555161
28562656
28570152
28577649
28585147
28592646
28600146
28607647
28615149
28622652
28630156
28637661
28645167
28652674
28660182
28667691
28675201
28682712
28690224
28697737
28705251
28712766
28720282
28727799
28735317
28742836
28750356
28757877
28765399
28772922
28780446
28787971
28795497
28803024
28810552
28818081
28825611
28833142
28840674
28848207
28855741
28863276
28870812
28878349
28885887
28893426
28900966
28908507
28916049
28923592
28931136
28938681
28946227
28953774
28961322
28968871
28976421
28983972
28991524
28999077
29006631
29014186
29021742
29029299
29036857
29044416
29051976
29059537
29067099
29074662
29082226
29089791
29097357
29104924
29112492
29120061
29127631
29135202
29142774
29150347
29157921
29165496
29173072
29180649
29188227
29195806
29203386
29210967
29218549
29226132
29233716
29241716
29249302
29256889
29264477
29272066
29279656
29287247
29294839
29302432
29310026
29317621
29325217
29332814
29340412
29348011
29355611
29363212
29370814
29378417
29386021
29393626
29401232
29408839
29416447
29424056
29431666
29439277
29446889
29454502
29462116
29469731
29477347
29484964
29492582
29500201
29507821
29515442
29523064
29530687
29538311
29545936
29553562
29561189
29568817
29576446
29584076
29591707
29599339
29606972
29614606
29622241
29629877
29637514
29645152
29652791
29660431
29668072
29675714
29683357
29691001
29698646
29706292
29713939
29721587
29729236
29736886
29744537
29752189
29759842
29767496
29775151
29782807
29790464
29798122
29805781
29813441
29821102
29828764
29836427
29844091
29851756
29859422
29867089
29874757
29882426
29890096
29897767
29905439
29913112
29920786
29928461
29936137
29943814
29951492
29959171
29966851
29974532
29982214
29989897
29997581
30005266
30012952
30020639
30028327
30036016
30043706
30051397
30059089
30066782
30074476
30082171
30089867
30097564
30105262
30112961
30120661
30128362
30136064
30143767
30151471
30159176
30166882
30174589
30182297
30190006
30197716
30205427
30213139
30220852
30228566
30236281
30243997
30251714
30259432
30267151
30274871
30282592
30290314
30298037
30305761
30313486
30321212
30328939
30336667
30344396
30352126
30359857
30367589
30375322
30383056
30390791
30398527
30406264
30414002
30421741
30429481
30437222
30444964
30452707
30460451
30468196
30475942
30483689
30491437
30499186
30506936
30514687
30522439
30530192
30537946
30545701
30553457
30561214
30568972
30576731
30584491
30592252
30600014
30607777
30615541
30623306
30631072
30638839
30646607
30654376
30662146
30669917
30677689
30685462
30693236
30701011
30708787
30716564
30724342
30732121
30739901
30747682
30755464
30763247
30771031
30778816
30786602
30794389
30802177
30809966
30817756
30825547
30833339
30841132
30848926
30856721
30864517
30872314
30880112
30887911
30895711
30903512
30911314
30919117
30926921
30934726
30942532
30950339
30958147
30965956
30973766
30981577
30989389
30997202
31005016
31012831
31020647
31028464
31036282
31044101
31051921
31059742
31067564
31075387
31083211
31091036
31098862
31106689
31114517
31122346
31130176
31138007
31145839
31153672
31161506
31169341
31177177
31185014
31192852
31200691
31208531
31216372
31224214
31232057
31239901
31247746
31255592
31263439
31271287
31279136
31286986
31294837
31302689
31310542
31318396
31326251
31334107
31341964
31349822
31357681
31365541
31373402
31381264
31389127
31396991
31404856
31412722
31420589
31428457
31436326
31444196
31452067
31459939
31467812
31475686
31483561
31491437
31499314
31507192
31515071
31522951
31530832
31538714
31546597
31554481
31562366
31570252
31578139
31586027
31593916
31601806
31609697
31617589
31625482
31633376
31641271
31649167
31657064
31664962
31672861
31680761
31688662
31696564
31704467
31712371
31720276
31728182
31736089
31743997
31751906
31759816
31767727
31775639
31783552
31791466
31799381
31807297
31815214
31823132
31831051
31838971
31846892
31854814
31862737
31870661
31878586
31886512
31894439
31902367
31910296
31918226
31926157
31934089
31942022
31949956
31957891
31965827
31973764
31981702
31989641
31997581
32005522
32013464
32021407
32029351
32037296
32045242
32053189
32061137
32069086
32077036
32084987
32092939
32100892
32108846
32116801
32124757
32132714
32140672
32148631
32156591
32164552
32172514
32180477
32188441
32196406
32204372
32212339
32220307
32228276
32236246
32244217
32252189
32260162
32268136
32276111
32284087
32292064
32300042
32308021
32316001
32323982
32331964
32339947
32347931
32355916
32363902
32371889
32379877
32387866
32395856
32403847
32411839
32419832
32427826
32435821
32443817
32451814
32459812
32467811
