100000
192002
200000
292002
300000
392002
400000
492002
500000
592002
600000
692002
700000
792002
800000
892002
900000
992002
1000000
1092002
1100000
1192002
1200000
1292002
1300000
1392002
1400000
1492002
1500000
1592002
1600000
1692002
1700000
1792002
1800000
1892002
1900000
1992002
2000000
2092002
2100000
2192002
2200000
2292002
2300000
2392002
2400000
2492002
2500000
2592002
2600000
2692002
2700000
2792002
2800000
2892002
2900000
2992002
3000000
3092002
3100000
3192002
3200000
3292002
3300000
3392002
3400000
3492002
3500000
3592002
3600000
3692002
3700000
3792002
3800000
3892002
3900000
3992002
4000000
4092002
4100000
4192002
4200000
4292002
4300000
4392002
4400000
4492002
4500000
4592002
4600000
4692002
4700000
4792002
4800000
4892002
4900000
4992002
5000000
5092002
5100000
5192002
5200000
5292002
5300000
5392002
5400000
5492002
5500000
5592002
5600000
5692002
5700000
5792002
5800000
5892002
5900000
5992002
6000000
6092002
6100000
6192002
6200000
6292002
6300000
6392002
6400000
6492002
6500000
6592002
6600000
6692002
6700000
6792002
6800000
6892002
6900000
6992002
7000000
7092002
7100000
7192002
7200000
7292002
7300000
7392002
7400000
7492002
7500000
7592002
7600000
7692002
7700000
7792002
7800000
7892002
7900000
7992002
8000000
8092002
8100000
8192002
8200000
8292002
8300000
8392002
8400000
8492002
8500000
8592002
8600000
8692002
8700000
8792002
8800000
8892002
8900000
8992002
9000000
9092002
9100000
9192002
9200000
9292002
9300000
9392002
9400000
9492002
9500000
9592002
9600000
9692002
9700000
9792002
9800000
9892002
9900000
9992002
10000000
10092002
10100000
10192002
10200000
10292002
10300000
10392002
10400000
10492002
10500000
10592002
10600000
10692002
10700000
10792002
10800000
10892002
10900000
10992002
11000000
11092002
11100000
11192002
11200000
11292002
11300000
11392002
11400000
11492002
11500000
11592002
11600000
11692002
11700000
11792002
11800000
11892002
11900000
11992002
12000000
12092002
12100000
12192002
12200000
12292002
12300000
12392002
12400000
12492002
12500000
12592002
12600000
12692002
12700000
12792002
12800000
12892002
12900000
12992002
13000000
13092002
13100000
13192002
13200000
13292002
13300000
13392002
13400000
13492002
13500000
13592002
13600000
13692002
13700000
13792002
13800000
13892002
13900000
13992002
14000000
14092002
14100000
14192002
14200000
14292002
14300000
14392002
14400000
14492002
14500000
14592002
14600000
14692002
14700000
14792002
14800000
14892002
14900000
14992002
15000000
15092002
15100000
15192002
15200000
15292002
15300000
15392002
15400000
15492002
15500000
15592002
15600000
15692002
15700000
15792002
15800000
15892002
15900000
15992002
16000000
16092002
16100000
16192002
16200000
16292002
16300000
16392002
16400000
16492002
16500000
16592002
16600000
16692002
16700000
16792002
16800000
16892002
16900000
16992002
17000000
17092002
17100000
17192002
17200000
17292002
17300000
17392002
17400000
17492002
17500000
17592002
17600000
17692002
17700000
17792002
17800000
17892002
17900000
17992002
18000000
18092002
18100000
18192002
18200000
18292002
18300000
18392002
18400000
18492002
18500000
18592002
18600000
18692002
18700000
18792002
18800000
18892002
18900000
18992002
19000000
19092002
19100000
19192002
19200000
19292002
19300000
19392002
19400000
19492002
19500000
19592002
19600000
19692002
19700000
19792002
19800000
19892002
19900000
19992002
20000000
20092002
20100000
20192002
20200000
20292002
20300000
20392002
20400000
20492002
20500000
20592002
20600000
20692002
20700000
20792002
20800000
20892002
20900000
20992002
21000000
21092002
21100000
21192002
21200000
21292002
21300000
21392002
21400000
21492002
21500000
21592002
21600000
21692002
21700000
21792002
21800000
21892002
21900000
21992002
22000000
22092002
22100000
22192002
22200000
22292002
22300000
22392002
22400000
22492002
22500000
22592002
22600000
22692002
22700000
22792002
22800000
22892002
22900000
22992002
23000000
23092002
23100000
23192002
23200000
23292002
23300000
23392002
23400000
23492002
23500000
23592002
23600000
23692002
23700000
23792002
23800000
23892002
23900000
23992002
24000000
24092002
24100000
24192002
24200000
24292002
24300000
24392002
24400000
24492002
24500000
24592002
24600000
24692002
24700000
24792002
24800000
24892002
24900000
24992002
25000000
25092002
25100000
25192002
25200000
25292002
25300000
25392002
25400000
25492002
25500000
25592002
25600000
25692002
25700000
25792002
25800000
25892002
25900000
25992002
26000000
26092002
26100000
26192002
26200000
26292002
26300000
26392002
26400000
26492002
26500000
26592002
26600000
26692002
26700000
26792002
26800000
26892002
26900000
26992002
27000000
27092002
27100000
27192002
27200000
27292002
27300000
27392002
27400000
27492002
27500000
27592002
27600000
27692002
27700000
27792002
27800000
27892002
27900000
27992002
28000000
28092002
28100000
28192002
28200000
28292002
28300000
28392002
28400000
28492002
28500000
28592002
28600000
28692002
28700000
28792002
28800000
28892002
28900000
28992002
29000000
29092002
29100000
29192002
29200000
29292002
29300000
29392002
29400000
29492002
29500000
29592002
29600000
29692002
29700000
29792002
29800000
29892002
29900000
29992002
30000000
30092002
30100000
30192002
30200000
30292002
30300000
30392002
30400000
30492002
30500000
30592002
30600000
30692002
30700000
30792002
30800000
30892002
30900000
30992002
31000000
31092002
31100000
31192002
31200000
31292002
31300000
31392002
31400000
31492002
31500000
31592002
31600000
31692002
31700000
31792002
31800000
31892002
31900000
31992002
32000000
32092002
32100000
32192002
32200000
32292002
32300000
32392002
32400000
32492002
32500000
32592002
32600000
32692002
32700000
32792002
32800000
32892002
32900000
32992002
33000000
33092002
33100000
33192002
33200000
33292002
33300000
33392002
33400000
33492002
33500000
33592002
33600000
33692002
33700000
33792002
33800000
33892002
33900000
33992002
34000000
34092002
34100000
34192002
34200000
34292002
34300000
34392002
34400000
34492002
34500000
34592002
34600000
34692002
34700000
34792002
34800000
34892002
34900000
34992002
35000000
35092002
35100000
35192002
35200000
35292002
35300000
35392002
35400000
35492002
35500000
35592002
35600000
35692002
35700000
35792002
35800000
35892002
35900000
35992002
36000000
36092002
36100000
36192002
36200000
36292002
36300000
36392002
36400000
36492002
36500000
36592002
36600000
36692002
36700000
36792002
36800000
36892002
36900000
36992002
37000000
37092002
37100000
37192002
37200000
37292002
37300000
37392002
37400000
37492002
37500000
37592002
37600000
37692002
37700000
37792002
37800000
37892002
37900000
37992002
38000000
38092002
38100000
38192002
38200000
38292002
38300000
38392002
38400000
38492002
38500000
38592002
38600000
38692002
38700000
38792002
38800000
38892002
38900000
38992002
39000000
39092002
39100000
39192002
39200000
39292002
39300000
39392002
39400000
39492002
39500000
39592002
39600000
39692002
39700000
39792002
39800000
39892002
39900000
39992002
40000000
40092002
40100000
40192002
40200000
40292002
40300000
40392002
40400000
40492002
40500000
40592002
40600000
40692002
40700000
40792002
40800000
40892002
40900000
40992002
41000000
41092002
41100000
41192002
41200000
41292002
41300000
41392002
41400000
41492002
41500000
41592002
41600000
41692002
41700000
41792002
41800000
41892002
41900000
41992002
42000000
42092002
42100000
42192002
42200000
42292002
42300000
42392002
42400000
42492002
42500000
42592002
42600000
42692002
42700000
42792002
42800000
42892002
42900000
42992002
43000000
43092002
43100000
43192002
43200000
43292002
43300000
43392002
43400000
43492002
43500000
43592002
43600000
43692002
43700000
43792002
43800000
43892002
43900000
43992002
44000000
44092002
44100000
44192002
44200000
44292002
44300000
44392002
44400000
44492002
44500000
44592002
44600000
44692002
44700000
44792002
44800000
44892002
44900000
44992002
45000000
45092002
45100000
45192002
45200000
45292002
45300000
45392002
45400000
45492002
45500000
45592002
45600000
45692002
45700000
45792002
45800000
45892002
45900000
45992002
46000000
46092002
46100000
46192002
46200000
46292002
46300000
46392002
46400000
46492002
46500000
46592002
46600000
46692002
46700000
46792002
46800000
46892002
46900000
46992002
47000000
47092002
47100000
47192002
47200000
47292002
47300000
47392002
47400000
47492002
47500000
47592002
47600000
47692002
47700000
47792002
47800000
47892002
47900000
47992002
48000000
48092002
48100000
48192002
48200000
48292002
48300000
48392002
48400000
48492002
48500000
48592002
48600000
48692002
48700000
48792002
48800000
48892002
48900000
48992002
49000000
49092002
49100000
49192002
49200000
49292002
49300000
49392002
49400000
49492002
49500000
49592002
49600000
49692002
49700000
49792002
49800000
49892002
49900000
49992002
50000000
50092002
50100000
50192002
50200000
50292002
50300000
50392002
50400000
50492002
50500000
50592002
50600000
50692002
50700000
50792002
50800000
50892002
50900000
50992002
51000000
51092002
51100000
51192002
51200000
51292002
51300000
51392002
51400000
51492002
51500000
51592002
51600000
51692002
51700000
51792002
51800000
51892002
51900000
51992002
52000000
52092002
52100000
52192002
52200000
52292002
52300000
52392002
52400000
52492002
52500000
52592002
52600000
52692002
52700000
52792002
52800000
52892002
52900000
52992002
53000000
53092002
53100000
53192002
53200000
53292002
53300000
53392002
53400000
53492002
53500000
53592002
53600000
53692002
53700000
53792002
53800000
53892002
53900000
53992002
54000000
54092002
54100000
54192002
54200000
54292002
54300000
54392002
54400000
54492002
54500000
54592002
54600000
54692002
54700000
54792002
54800000
54892002
54900000
54992002
55000000
55092002
55100000
55192002
55200000
55292002
55300000
55392002
55400000
55492002
55500000
55592002
55600000
55692002
55700000
55792002
55800000
55892002
55900000
55992002
56000000
56092002
56100000
56192002
56200000
56292002
56300000
56392002
56400000
56492002
56500000
56592002
56600000
56692002
56700000
56792002
56800000
56892002
56900000
56992002
57000000
57092002
57100000
57192002
57200000
57292002
57300000
57392002
57400000
57492002
57500000
57592002
57600000
57692002
57700000
57792002
57800000
57892002
57900000
57992002
58000000
58092002
58100000
58192002
58200000
58292002
58300000
58392002
58400000
58492002
58500000
58592002
58600000
58692002
58700000
58792002
58800000
58892002
58900000
58992002
59000000
59092002
59100000
59192002
59200000
59292002
59300000
59392002
59400000
59492002
59500000
59592002
59600000
59692002
59700000
59792002
59800000
59892002
59900000
59992002
60000000
60092002
60100000
60192002
60200000
60292002
60300000
60392002
60400000
60492002
60500000
60592002
60600000
60692002
60700000
60792002
60800000
60892002
60900000
60992002
61000000
61092002
61100000
61192002
61200000
61292002
61300000
61392002
61400000
61492002
61500000
61592002
61600000
61692002
61700000
61792002
61800000
61892002
61900000
61992002
62000000
62092002
62100000
62192002
62200000
62292002
62300000
62392002
62400000
62492002
62500000
62592002
62600000
62692002
62700000
62792002
62800000
62892002
62900000
62992002
63000000
63092002
63100000
63192002
63200000
63292002
63300000
63392002
63400000
63492002
63500000
63592002
63600000
63692002
63700000
63792002
63800000
63892002
63900000
63992002
64000000
64092002
64100000
64192002
64200000
64292002
64300000
64392002
64400000
64492002
64500000
64592002
64600000
64692002
64700000
64792002
64800000
64892002
64900000
64992002
65000000
65092002
65100000
65192002
65200000
65292002
65300000
65392002
65400000
65492002
65500000
65592002
65600000
65692002
65700000
65792002
65800000
65892002
65900000
65992002
66000000
66092002
66100000
66192002
66200000
66292002
66300000
66392002
66400000
66492002
66500000
66592002
66600000
66692002
66700000
66792002
66800000
66892002
66900000
66992002
67000000
67092002
67100000
67192002
67200000
67292002
67300000
67392002
67400000
67492002
67500000
67592002
67600000
67692002
67700000
67792002
67800000
67892002
67900000
67992002
68000000
68092002
68100000
68192002
68200000
68292002
68300000
68392002
68400000
68492002
68500000
68592002
68600000
68692002
68700000
68792002
68800000
68892002
68900000
68992002
69000000
69092002
69100000
69192002
69200000
69292002
69300000
69392002
69400000
69492002
69500000
69592002
69600000
69692002
69700000
69792002
69800000
69892002
69900000
69992002
70000000
70092002
70100000
70192002
70200000
70292002
70300000
70392002
70400000
70492002
70500000
70592002
70600000
70692002
70700000
70792002
70800000
70892002
70900000
70992002
71000000
71092002
71100000
71192002
71200000
71292002
71300000
71392002
71400000
71492002
71500000
71592002
71600000
71692002
71700000
71792002
71800000
71892002
71900000
71992002
72000000
72092002
72100000
72192002
72200000
72292002
72300000
72392002
72400000
72492002
72500000
72592002
72600000
72692002
72700000
72792002
72800000
72892002
72900000
72992002
73000000
73092002
73100000
73192002
73200000
73292002
73300000
73392002
73400000
73492002
73500000
73592002
73600000
73692002
73700000
73792002
73800000
73892002
73900000
73992002
74000000
74092002
74100000
74192002
74200000
74292002
74300000
74392002
74400000
74492002
74500000
74592002
74600000
74692002
74700000
74792002
74800000
74892002
74900000
74992002
75000000
75092002
75100000
75192002
75200000
75292002
75300000
75392002
75400000
75492002
75500000
75592002
75600000
75692002
75700000
75792002
75800000
75892002
75900000
75992002
76000000
76092002
76100000
76192002
76200000
76292002
76300000
76392002
76400000
76492002
76500000
76592002
76600000
76692002
76700000
76792002
76800000
76892002
76900000
76992002
77000000
77092002
77100000
77192002
77200000
77292002
77300000
77392002
77400000
77492002
77500000
77592002
77600000
77692002
77700000
77792002
77800000
77892002
77900000
77992002
78000000
78092002
78100000
78192002
78200000
78292002
78300000
78392002
78400000
78492002
78500000
78592002
78600000
78692002
78700000
78792002
78800000
78892002
78900000
78992002
79000000
79092002
79100000
79192002
79200000
79292002
79300000
79392002
79400000
79492002
79500000
79592002
79600000
79692002
79700000
79792002
79800000
79892002
79900000
79992002
80000000
80092002
80100000
80192002
80200000
80292002
80300000
80392002
80400000
80492002
80500000
80592002
80600000
80692002
80700000
80792002
80800000
80892002
80900000
80992002
81000000
81092002
81100000
81192002
81200000
81292002
81300000
81392002
81400000
81492002
81500000
81592002
81600000
81692002
81700000
81792002
81800000
81892002
81900000
81992002
82000000
82092002
82100000
82192002
82200000
82292002
82300000
82392002
82400000
82492002
82500000
82592002
82600000
82692002
82700000
82792002
82800000
82892002
82900000
82992002
83000000
83092002
83100000
83192002
83200000
83292002
83300000
83392002
83400000
83492002
83500000
83592002
83600000
83692002
83700000
83792002
83800000
83892002
83900000
83992002
84000000
84092002
84100000
84192002
84200000
84292002
84300000
84392002
84400000
84492002
84500000
84592002
84600000
84692002
84700000
84792002
84800000
84892002
84900000
84992002
85000000
85092002
85100000
85192002
85200000
85292002
85300000
85392002
85400000
85492002
85500000
85592002
85600000
85692002
85700000
85792002
85800000
85892002
85900000
85992002
86000000
86092002
86100000
86192002
86200000
86292002
86300000
86392002
86400000
86492002
86500000
86592002
86600000
86692002
86700000
86792002
86800000
86892002
86900000
86992002
87000000
87092002
87100000
87192002
87200000
87292002
87300000
87392002
87400000
87492002
87500000
87592002
87600000
87692002
87700000
87792002
87800000
87892002
87900000
87992002
88000000
88092002
88100000
88192002
88200000
88292002
88300000
88392002
88400000
88492002
88500000
88592002
88600000
88692002
88700000
88792002
88800000
88892002
88900000
88992002
89000000
89092002
89100000
89192002
89200000
89292002
89300000
89392002
89400000
89492002
89500000
89592002
89600000
89692002
89700000
89792002
89800000
89892002
89900000
89992002
90000000
90092002
90100000
90192002
90200000
90292002
90300000
90392002
90400000
90492002
90500000
90592002
90600000
90692002
90700000
90792002
90800000
90892002
90900000
90992002
91000000
91092002
91100000
91192002
91200000
91292002
91300000
91392002
91400000
91492002
91500000
91592002
91600000
91692002
91700000
91792002
91800000
91892002
91900000
91992002
92000000
92092002
92100000
92192002
92200000
92292002
92300000
92392002
92400000
92492002
92500000
92592002
92600000
92692002
92700000
92792002
92800000
92892002
92900000
92992002
93000000
93092002
93100000
93192002
93200000
93292002
93300000
93392002
93400000
93492002
93500000
93592002
93600000
93692002
93700000
93792002
93800000
93892002
93900000
93992002
94000000
94092002
94100000
94192002
94200000
94292002
94300000
94392002
94400000
94492002
94500000
94592002
94600000
94692002
94700000
94792002
94800000
94892002
94900000
94992002
95000000
95092002
95100000
95192002
95200000
95292002
95300000
95392002
95400000
95492002
95500000
95592002
95600000
95692002
95700000
95792002
95800000
95892002
95900000
95992002
96000000
96092002
96100000
96192002
96200000
96292002
96300000
96392002
96400000
96492002
96500000
96592002
96600000
96692002
96700000
96792002
96800000
96892002
96900000
96992002
97000000
97092002
97100000
97192002
97200000
97292002
97300000
97392002
97400000
97492002
97500000
97592002
97600000
97692002
97700000
97792002
97800000
97892002
97900000
97992002
98000000
98092002
98100000
98192002
98200000
98292002
98300000
98392002
98400000
98492002
98500000
98592002
98600000
98692002
98700000
98792002
98800000
98892002
98900000
98992002
99000000
99092002
99100000
99192002
99200000
99292002
99300000
99392002
99400000
99492002
99500000
99592002
99600000
99692002
99700000
99792002
99800000
99892002
99900000
99992002
100000000
100092002
100100000
100192002
100200000
100292002
100300000
100392002
100400000
100492002
100500000
100592002
100600000
100692002
100700000
100792002
100800000
100892002
100900000
100992002
101000000
101092002
101100000
101192002
101200000
101292002
101300000
101392002
101400000
101492002
101500000
101592002
101600000
101692002
101700000
101792002
101800000
101892002
101900000
101992002
102000000
102092002
102100000
102192002
102200000
102292002
102300000
102392002
102400000
102492002
102500000
102592002
102600000
102692002
102700000
102792002
102800000
102892002
102900000
102992002
103000000
103092002
103100000
103192002
103200000
103292002
103300000
103392002
103400000
103492002
103500000
103592002
103600000
103692002
103700000
103792002
103800000
103892002
103900000
103992002
104000000
104092002
104100000
104192002
104200000
104292002
104300000
104392002
104400000
104492002
104500000
104592002
104600000
104692002
104700000
104792002
104800000
104892002
104900000
104992002
105000000
105092002
105100000
105192002
105200000
105292002
105300000
105392002
105400000
105492002
105500000
105592002
105600000
105692002
105700000
105792002
105800000
105892002
105900000
105992002
106000000
106092002
106100000
106192002
106200000
106292002
106300000
106392002
106400000
106492002
106500000
106592002
106600000
106692002
106700000
106792002
106800000
106892002
106900000
106992002
107000000
107092002
107100000
107192002
107200000
107292002
107300000
107392002
107400000
107492002
107500000
107592002
107600000
107692002
107700000
107792002
107800000
107892002
107900000
107992002
108000000
108092002
108100000
108192002
108200000
108292002
108300000
108392002
108400000
108492002
108500000
108592002
108600000
108692002
108700000
108792002
108800000
108892002
108900000
108992002
109000000
109092002
109100000
109192002
109200000
109292002
109300000
109392002
109400000
109492002
109500000
109592002
109600000
109692002
109700000
109792002
109800000
109892002
109900000
109992002
110000000
110092002
110100000
110192002
110200000
110292002
110300000
110392002
110400000
110492002
110500000
110592002
110600000
110692002
110700000
110792002
110800000
110892002
110900000
110992002
111000000
111092002
111100000
111192002
111200000
111292002
111300000
111392002
111400000
111492002
111500000
111592002
111600000
111692002
111700000
111792002
111800000
111892002
111900000
111992002
112000000
112092002
112100000
112192002
112200000
112292002
112300000
112392002
112400000
112492002
112500000
112592002
112600000
112692002
112700000
112792002
112800000
112892002
112900000
112992002
113000000
113092002
113100000
113192002
113200000
113292002
113300000
113392002
113400000
113492002
113500000
113592002
113600000
113692002
113700000
113792002
113800000
113892002
113900000
113992002
114000000
114092002
114100000
114192002
114200000
114292002
114300000
114392002
114400000
114492002
114500000
114592002
114600000
114692002
114700000
114792002
114800000
114892002
114900000
114992002
115000000
115092002
115100000
115192002
115200000
115292002
115300000
115392002
115400000
115492002
115500000
115592002
115600000
115692002
115700000
115792002
115800000
115892002
115900000
115992002
116000000
116092002
116100000
116192002
116200000
116292002
116300000
116392002
116400000
116492002
116500000
116592002
116600000
116692002
116700000
116792002
116800000
116892002
116900000
116992002
117000000
117092002
117100000
117192002
117200000
117292002
117300000
117392002
117400000
117492002
117500000
117592002
117600000
117692002
117700000
117792002
117800000
117892002
117900000
117992002
118000000
118092002
118100000
118192002
118200000
118292002
118300000
118392002
118400000
118492002
118500000
118592002
118600000
118692002
118700000
118792002
118800000
118892002
118900000
118992002
119000000
119092002
119100000
119192002
119200000
119292002
119300000
119392002
119400000
119492002
119500000
119592002
119600000
119692002
119700000
119792002
119800000
119892002
119900000
119992002
120000000
120092002
120100000
120192002
120200000
120292002
120300000
120392002
120400000
120492002
120500000
120592002
120600000
120692002
120700000
120792002
120800000
120892002
120900000
120992002
121000000
121092002
121100000
121192002
121200000
121292002
121300000
121392002
121400000
121492002
121500000
121592002
121600000
121692002
121700000
121792002
121800000
121892002
121900000
121992002
122000000
122092002
122100000
122192002
122200000
122292002
122300000
122392002
122400000
122492002
122500000
122592002
122600000
122692002
122700000
122792002
122800000
122892002
122900000
122992002
123000000
123092002
123100000
123192002
123200000
123292002
123300000
123392002
123400000
123492002
123500000
123592002
123600000
123692002
123700000
123792002
123800000
123892002
123900000
123992002
124000000
124092002
124100000
124192002
124200000
124292002
124300000
124392002
124400000
124492002
124500000
124592002
124600000
124692002
124700000
124792002
124800000
124892002
124900000
124992002
125000000
125092002
125100000
125192002
125200000
125292002
125300000
125392002
125400000
125492002
125500000
125592002
125600000
125692002
125700000
125792002
125800000
125892002
125900000
125992002
126000000
126092002
126100000
126192002
126200000
126292002
126300000
126392002
126400000
126492002
126500000
126592002
126600000
126692002
126700000
126792002
126800000
126892002
126900000
126992002
127000000
127092002
127100000
127192002
127200000
127292002
127300000
127392002
127400000
127492002
127500000
127592002
127600000
127692002
127700000
127792002
127800000
127892002
127900000
127992002
128000000
128092002
128100000
128192002
128200000
128292002
128300000
128392002
128400000
128492002
128500000
128592002
128600000
128692002
128700000
128792002
128800000
128892002
128900000
128992002
129000000
129092002
129100000
129192002
129200000
129292002
129300000
129392002
129400000
129492002
129500000
129592002
129600000
129692002
129700000
129792002
129800000
129892002
129900000
129992002
130000000
130092002
130100000
130192002
130200000
130292002
130300000
130392002
130400000
130492002
130500000
130592002
130600000
130692002
130700000
130792002
130800000
130892002
130900000
130992002
131000000
131092002
131100000
131192002
131200000
131292002
131300000
131392002
131400000
131492002
131500000
131592002
131600000
131692002
131700000
131792002
131800000
131892002
131900000
131992002
132000000
132092002
132100000
132192002
132200000
132292002
132300000
132392002
132400000
132492002
132500000
132592002
132600000
132692002
132700000
132792002
132800000
132892002
132900000
132992002
133000000
133092002
133100000
133192002
133200000
133292002
133300000
133392002
133400000
133492002
133500000
133592002
133600000
133692002
133700000
133792002
133800000
133892002
133900000
133992002
134000000
134092002
134100000
134192002
134200000
134292002
134300000
134392002
134400000
134492002
134500000
134592002
134600000
134692002
134700000
134792002
134800000
134892002
134900000
134992002
135000000
135092002
135100000
135192002
135200000
135292002
135300000
135392002
135400000
135492002
135500000
135592002
135600000
135692002
135700000
135792002
135800000
135892002
135900000
135992002
136000000
136092002
136100000
136192002
136200000
136292002
136300000
136392002
136400000
136492002
136500000
136592002
136600000
136692002
136700000
136792002
136800000
136892002
136900000
136992002
137000000
137092002
137100000
137192002
137200000
137292002
137300000
137392002
137400000
137492002
137500000
137592002
137600000
137692002
137700000
137792002
137800000
137892002
137900000
137992002
138000000
138092002
138100000
138192002
138200000
138292002
138300000
138392002
138400000
138492002
138500000
138592002
138600000
138692002
138700000
138792002
138800000
138892002
138900000
138992002
139000000
139092002
139100000
139192002
139200000
139292002
139300000
139392002
139400000
139492002
139500000
139592002
139600000
139692002
139700000
139792002
139800000
139892002
139900000
139992002
140000000
140092002
140100000
140192002
140200000
140292002
140300000
140392002
140400000
140492002
140500000
140592002
140600000
140692002
140700000
140792002
140800000
140892002
140900000
140992002
141000000
141092002
141100000
141192002
141200000
141292002
141300000
141392002
141400000
141492002
141500000
141592002
141600000
141692002
141700000
141792002
141800000
141892002
141900000
141992002
142000000
142092002
142100000
142192002
142200000
142292002
142300000
142392002
142400000
142492002
142500000
142592002
142600000
142692002
142700000
142792002
142800000
142892002
142900000
142992002
143000000
143092002
143100000
143192002
143200000
143292002
143300000
143392002
143400000
143492002
143500000
143592002
143600000
143692002
143700000
143792002
143800000
143892002
143900000
143992002
144000000
144092002
144100000
144192002
144200000
144292002
144300000
144392002
144400000
144492002
144500000
144592002
144600000
144692002
144700000
144792002
144800000
144892002
144900000
144992002
145000000
145092002
145100000
145192002
145200000
145292002
145300000
145392002
145400000
145492002
145500000
145592002
145600000
145692002
145700000
145792002
145800000
145892002
145900000
145992002
146000000
146092002
146100000
146192002
146200000
146292002
146300000
146392002
146400000
146492002
146500000
146592002
146600000
146692002
146700000
146792002
146800000
146892002
146900000
146992002
147000000
147092002
147100000
147192002
147200000
147292002
147300000
147392002
147400000
147492002
147500000
147592002
147600000
147692002
147700000
147792002
147800000
147892002
147900000
147992002
148000000
148092002
148100000
148192002
148200000
148292002
148300000
148392002
148400000
148492002
148500000
148592002
148600000
148692002
148700000
148792002
148800000
148892002
148900000
148992002
149000000
149092002
149100000
149192002
149200000
149292002
149300000
149392002
149400000
149492002
149500000
149592002
149600000
149692002
149700000
149792002
149800000
149892002
149900000
149992002
150000000
150092002
150100000
150192002
150200000
150292002
150300000
150392002
150400000
150492002
150500000
150592002
150600000
150692002
150700000
150792002
150800000
150892002
150900000
150992002
151000000
151092002
151100000
151192002
151200000
151292002
151300000
151392002
151400000
151492002
151500000
151592002
151600000
151692002
151700000
151792002
151800000
151892002
151900000
151992002
152000000
152092002
152100000
152192002
152200000
152292002
152300000
152392002
152400000
152492002
152500000
152592002
152600000
152692002
152700000
152792002
152800000
152892002
152900000
152992002
153000000
153092002
153100000
153192002
153200000
153292002
153300000
153392002
153400000
153492002
153500000
153592002
153600000
153692002
153700000
153792002
153800000
153892002
153900000
153992002
154000000
154092002
154100000
154192002
154200000
154292002
154300000
154392002
154400000
154492002
154500000
154592002
154600000
154692002
154700000
154792002
154800000
154892002
154900000
154992002
155000000
155092002
155100000
155192002
155200000
155292002
155300000
155392002
155400000
155492002
155500000
155592002
155600000
155692002
155700000
155792002
155800000
155892002
155900000
155992002
156000000
156092002
156100000
156192002
156200000
156292002
156300000
156392002
156400000
156492002
156500000
156592002
156600000
156692002
156700000
156792002
156800000
156892002
156900000
156992002
157000000
157092002
157100000
157192002
157200000
157292002
157300000
157392002
157400000
157492002
157500000
157592002
157600000
157692002
157700000
157792002
157800000
157892002
157900000
157992002
158000000
158092002
158100000
158192002
158200000
158292002
158300000
158392002
158400000
158492002
158500000
158592002
158600000
158692002
158700000
158792002
158800000
158892002
158900000
158992002
159000000
159092002
159100000
159192002
159200000
159292002
159300000
159392002
159400000
159492002
159500000
159592002
159600000
159692002
159700000
159792002
159800000
159892002
159900000
159992002
160000000
160092002
160100000
160192002
160200000
160292002
160300000
160392002
160400000
160492002
160500000
160592002
160600000
160692002
160700000
160792002
160800000
160892002
160900000
160992002
161000000
161092002
161100000
161192002
161200000
161292002
161300000
161392002
161400000
161492002
161500000
161592002
161600000
161692002
161700000
161792002
161800000
161892002
161900000
161992002
162000000
162092002
162100000
162192002
162200000
162292002
162300000
162392002
162400000
162492002
162500000
162592002
162600000
162692002
162700000
162792002
162800000
162892002
162900000
162992002
163000000
163092002
163100000
163192002
163200000
163292002
163300000
163392002
163400000
163492002
163500000
163592002
163600000
163692002
163700000
163792002
163800000
163892002
163900000
163992002
164000000
164092002
164100000
164192002
164200000
164292002
164300000
164392002
164400000
164492002
164500000
164592002
164600000
164692002
164700000
164792002
164800000
164892002
164900000
164992002
165000000
165092002
165100000
165192002
165200000
165292002
165300000
165392002
165400000
165492002
165500000
165592002
165600000
165692002
165700000
165792002
165800000
165892002
165900000
165992002
166000000
166092002
166100000
166192002
166200000
166292002
166300000
166392002
166400000
166492002
166500000
166592002
166600000
166692002
166700000
166792002
166800000
166892002
166900000
166992002
167000000
167092002
167100000
167192002
167200000
167292002
167300000
167392002
167400000
167492002
167500000
167592002
167600000
167692002
167700000
167792002
167800000
167892002
167900000
167992002
168000000
168092002
168100000
168192002
168200000
168292002
168300000
168392002
168400000
168492002
168500000
168592002
168600000
168692002
168700000
168792002
168800000
168892002
168900000
168992002
169000000
169092002
169100000
169192002
169200000
169292002
169300000
169392002
169400000
169492002
169500000
169592002
169600000
169692002
169700000
169792002
169800000
169892002
169900000
169992002
170000000
170092002
170100000
170192002
170200000
170292002
170300000
170392002
170400000
170492002
170500000
170592002
170600000
170692002
170700000
170792002
170800000
170892002
170900000
170992002
171000000
171092002
171100000
171192002
171200000
171292002
171300000
171392002
171400000
171492002
171500000
171592002
171600000
171692002
171700000
171792002
171800000
171892002
171900000
171992002
172000000
172092002
172100000
172192002
172200000
172292002
172300000
172392002
172400000
172492002
172500000
172592002
172600000
172692002
172700000
172792002
172800000
172892002
172900000
172992002
173000000
173092002
173100000
173192002
173200000
173292002
173300000
173392002
173400000
173492002
173500000
173592002
173600000
173692002
173700000
173792002
173800000
173892002
173900000
173992002
174000000
174092002
174100000
174192002
174200000
174292002
174300000
174392002
174400000
174492002
174500000
174592002
174600000
174692002
174700000
174792002
174800000
174892002
174900000
174992002
175000000
175092002
175100000
175192002
175200000
175292002
175300000
175392002
175400000
175492002
175500000
175592002
175600000
175692002
175700000
175792002
175800000
175892002
175900000
175992002
176000000
176092002
176100000
176192002
176200000
176292002
176300000
176392002
176400000
176492002
176500000
176592002
176600000
176692002
176700000
176792002
176800000
176892002
176900000
176992002
177000000
177092002
177100000
177192002
177200000
177292002
177300000
177392002
177400000
177492002
177500000
177592002
177600000
177692002
177700000
177792002
177800000
177892002
177900000
177992002
178000000
178092002
178100000
178192002
178200000
178292002
178300000
178392002
178400000
178492002
178500000
178592002
178600000
178692002
178700000
178792002
178800000
178892002
178900000
178992002
179000000
179092002
179100000
179192002
179200000
179292002
179300000
179392002
179400000
179492002
179500000
179592002
179600000
179692002
179700000
179792002
179800000
179892002
179900000
179992002
180000000
180092002
180100000
180192002
180200000
180292002
180300000
180392002
180400000
180492002
180500000
180592002
180600000
180692002
180700000
180792002
180800000
180892002
180900000
180992002
181000000
181092002
181100000
181192002
181200000
181292002
181300000
181392002
181400000
181492002
181500000
181592002
181600000
181692002
181700000
181792002
181800000
181892002
181900000
181992002
182000000
182092002
182100000
182192002
182200000
182292002
182300000
182392002
182400000
182492002
182500000
182592002
182600000
182692002
182700000
182792002
182800000
182892002
182900000
182992002
183000000
183092002
183100000
183192002
183200000
183292002
183300000
183392002
183400000
183492002
183500000
183592002
183600000
183692002
183700000
183792002
183800000
183892002
183900000
183992002
184000000
184092002
184100000
184192002
184200000
184292002
184300000
184392002
184400000
184492002
184500000
184592002
184600000
184692002
184700000
184792002
184800000
184892002
184900000
184992002
185000000
185092002
185100000
185192002
185200000
185292002
185300000
185392002
185400000
185492002
185500000
185592002
185600000
185692002
185700000
185792002
185800000
185892002
185900000
185992002
186000000
186092002
186100000
186192002
186200000
186292002
186300000
186392002
186400000
186492002
186500000
186592002
186600000
186692002
186700000
186792002
186800000
186892002
186900000
186992002
187000000
187092002
187100000
187192002
187200000
187292002
187300000
187392002
187400000
187492002
187500000
187592002
187600000
187692002
187700000
187792002
187800000
187892002
187900000
187992002
188000000
188092002
188100000
188192002
188200000
188292002
188300000
188392002
188400000
188492002
188500000
188592002
188600000
188692002
188700000
188792002
188800000
188892002
188900000
188992002
189000000
189092002
189100000
189192002
189200000
189292002
189300000
189392002
189400000
189492002
189500000
189592002
189600000
189692002
189700000
189792002
189800000
189892002
189900000
189992002
190000000
190092002
190100000
190192002
190200000
190292002
190300000
190392002
190400000
190492002
190500000
190592002
190600000
190692002
190700000
190792002
190800000
190892002
190900000
190992002
191000000
191092002
191100000
191192002
191200000
191292002
191300000
191392002
191400000
191492002
191500000
191592002
191600000
191692002
191700000
191792002
191800000
191892002
191900000
191992002
192000000
192092002
192100000
192192002
192200000
192292002
192300000
192392002
192400000
192492002
192500000
192592002
192600000
192692002
192700000
192792002
192800000
192892002
192900000
192992002
193000000
193092002
193100000
193192002
193200000
193292002
193300000
193392002
193400000
193492002
193500000
193592002
193600000
193692002
193700000
193792002
193800000
193892002
193900000
193992002
194000000
194092002
194100000
194192002
194200000
194292002
194300000
194392002
194400000
194492002
194500000
194592002
194600000
194692002
194700000
194792002
194800000
194892002
194900000
194992002
195000000
195092002
195100000
195192002
195200000
195292002
195300000
195392002
195400000
195492002
195500000
195592002
195600000
195692002
195700000
195792002
195800000
195892002
195900000
195992002
196000000
196092002
196100000
196192002
196200000
196292002
196300000
196392002
196400000
196492002
196500000
196592002
196600000
196692002
196700000
196792002
196800000
196892002
196900000
196992002
197000000
197092002
197100000
197192002
197200000
197292002
197300000
197392002
197400000
197492002
197500000
197592002
197600000
197692002
197700000
197792002
197800000
197892002
197900000
197992002
198000000
198092002
198100000
198192002
198200000
198292002
198300000
198392002
198400000
198492002
198500000
198592002
198600000
198692002
198700000
198792002
198800000
198892002
198900000
198992002
199000000
199092002
199100000
199192002
199200000
199292002
199300000
199392002
199400000
199492002
199500000
199592002
199600000
199692002
199700000
199792002
199800000
199892002
199900000
199992002
200000000
200092002
200100000
200192002
200200000
200292002
200300000
200392002
200400000
200492002
200500000
200592002
200600000
200692002
200700000
200792002
200800000
200892002
200900000
200992002
201000000
201092002
201100000
201192002
201200000
201292002
201300000
201392002
201400000
201492002
201500000
201592002
201600000
201692002
201700000
201792002
201800000
201892002
201900000
201992002
202000000
202092002
202100000
202192002
202200000
202292002
202300000
202392002
202400000
202492002
202500000
202592002
202600000
202692002
202700000
202792002
202800000
202892002
202900000
202992002
203000000
203092002
203100000
203192002
203200000
203292002
203300000
203392002
203400000
203492002
203500000
203592002
203600000
203692002
203700000
203792002
203800000
203892002
203900000
203992002
204000000
204092002
204100000
204192002
204200000
204292002
204300000
204392002
204400000
204492002
204500000
204592002
204600000
204692002
204700000
204792002
204800000
204892002
204900000
204992002
205000000
205092002
205100000
205192002
205200000
205292002
205300000
205392002
205400000
205492002
205500000
205592002
205600000
205692002
205700000
205792002
205800000
205892002
205900000
205992002
206000000
206092002
206100000
206192002
206200000
206292002
206300000
206392002
206400000
206492002
206500000
206592002
206600000
206692002
206700000
206792002
206800000
206892002
206900000
206992002
207000000
207092002
207100000
207192002
207200000
207292002
207300000
207392002
207400000
207492002
207500000
207592002
207600000
207692002
207700000
207792002
207800000
207892002
207900000
207992002
208000000
208092002
208100000
208192002
208200000
208292002
208300000
208392002
208400000
208492002
208500000
208592002
208600000
208692002
208700000
208792002
208800000
208892002
208900000
208992002
209000000
209092002
209100000
209192002
209200000
209292002
209300000
209392002
209400000
209492002
209500000
209592002
209600000
209692002
209700000
209792002
209800000
209892002
209900000
209992002
210000000
210092002
210100000
210192002
210200000
210292002
210300000
210392002
210400000
210492002
210500000
210592002
210600000
210692002
210700000
210792002
210800000
210892002
210900000
210992002
211000000
211092002
211100000
211192002
211200000
211292002
211300000
211392002
211400000
211492002
211500000
211592002
211600000
211692002
211700000
211792002
211800000
211892002
211900000
211992002
212000000
212092002
212100000
212192002
212200000
212292002
212300000
212392002
212400000
212492002
212500000
212592002
212600000
212692002
212700000
212792002
212800000
212892002
212900000
212992002
213000000
213092002
213100000
213192002
213200000
213292002
213300000
213392002
213400000
213492002
213500000
213592002
213600000
213692002
213700000
213792002
213800000
213892002
213900000
213992002
214000000
214092002
214100000
214192002
214200000
214292002
214300000
214392002
214400000
214492002
214500000
214592002
214600000
214692002
214700000
214792002
214800000
214892002
214900000
214992002
215000000
215092002
215100000
215192002
215200000
215292002
215300000
215392002
215400000
215492002
215500000
215592002
215600000
215692002
215700000
215792002
215800000
215892002
215900000
215992002
216000000
216092002
216100000
216192002
216200000
216292002
216300000
216392002
216400000
216492002
216500000
216592002
216600000
216692002
216700000
216792002
216800000
216892002
216900000
216992002
217000000
217092002
217100000
217192002
217200000
217292002
217300000
217392002
217400000
217492002
217500000
217592002
217600000
217692002
217700000
217792002
217800000
217892002
217900000
217992002
218000000
218092002
218100000
218192002
218200000
218292002
218300000
218392002
218400000
218492002
218500000
218592002
218600000
218692002
218700000
218792002
218800000
218892002
218900000
218992002
219000000
219092002
219100000
219192002
219200000
219292002
219300000
219392002
219400000
219492002
219500000
219592002
219600000
219692002
219700000
219792002
219800000
219892002
219900000
219992002
220000000
220092002
220100000
220192002
220200000
220292002
220300000
220392002
220400000
220492002
220500000
220592002
220600000
220692002
220700000
220792002
220800000
220892002
220900000
220992002
221000000
221092002
221100000
221192002
221200000
221292002
221300000
221392002
221400000
221492002
221500000
221592002
221600000
221692002
221700000
221792002
221800000
221892002
221900000
221992002
222000000
222092002
222100000
222192002
222200000
222292002
222300000
222392002
222400000
222492002
222500000
222592002
222600000
222692002
222700000
222792002
222800000
222892002
222900000
222992002
223000000
223092002
223100000
223192002
223200000
223292002
223300000
223392002
223400000
223492002
223500000
223592002
223600000
223692002
223700000
223792002
223800000
223892002
223900000
223992002
224000000
224092002
224100000
224192002
224200000
224292002
224300000
224392002
224400000
224492002
224500000
224592002
224600000
224692002
224700000
224792002
224800000
224892002
224900000
224992002
225000000
225092002
225100000
225192002
225200000
225292002
225300000
225392002
225400000
225492002
225500000
225592002
225600000
225692002
225700000
225792002
225800000
225892002
225900000
225992002
226000000
226092002
226100000
226192002
226200000
226292002
226300000
226392002
226400000
226492002
226500000
226592002
226600000
226692002
226700000
226792002
226800000
226892002
226900000
226992002
227000000
227092002
227100000
227192002
227200000
227292002
227300000
227392002
227400000
227492002
227500000
227592002
227600000
227692002
227700000
227792002
227800000
227892002
227900000
227992002
228000000
228092002
228100000
228192002
228200000
228292002
228300000
228392002
228400000
228492002
228500000
228592002
228600000
228692002
228700000
228792002
228800000
228892002
228900000
228992002
229000000
229092002
229100000
229192002
229200000
229292002
229300000
229392002
229400000
229492002
229500000
229592002
229600000
229692002
229700000
229792002
229800000
229892002
229900000
229992002
230000000
230092002
230100000
230192002
230200000
230292002
230300000
230392002
230400000
230492002
230500000
230592002
230600000
230692002
230700000
230792002
230800000
230892002
230900000
230992002
231000000
231092002
231100000
231192002
231200000
231292002
231300000
231392002
231400000
231492002
231500000
231592002
231600000
231692002
231700000
231792002
231800000
231892002
231900000
231992002
232000000
232092002
232100000
232192002
232200000
232292002
232300000
232392002
232400000
232492002
232500000
232592002
232600000
232692002
232700000
232792002
232800000
232892002
232900000
232992002
233000000
233092002
233100000
233192002
233200000
233292002
233300000
233392002
233400000
233492002
233500000
233592002
233600000
233692002
233700000
233792002
233800000
233892002
233900000
233992002
234000000
234092002
234100000
234192002
234200000
234292002
234300000
234392002
234400000
234492002
234500000
234592002
234600000
234692002
234700000
234792002
234800000
234892002
234900000
234992002
235000000
235092002
235100000
235192002
235200000
235292002
235300000
235392002
235400000
235492002
235500000
235592002
235600000
235692002
235700000
235792002
235800000
235892002
235900000
235992002
236000000
236092002
236100000
236192002
236200000
236292002
236300000
236392002
236400000
236492002
236500000
236592002
236600000
236692002
236700000
236792002
236800000
236892002
236900000
236992002
237000000
237092002
237100000
237192002
237200000
237292002
237300000
237392002
237400000
237492002
237500000
237592002
237600000
237692002
237700000
237792002
237800000
237892002
237900000
237992002
238000000
238092002
238100000
238192002
238200000
238292002
238300000
238392002
238400000
238492002
238500000
238592002
238600000
238692002
238700000
238792002
238800000
238892002
238900000
238992002
239000000
239092002
239100000
239192002
239200000
239292002
239300000
239392002
239400000
239492002
239500000
239592002
239600000
239692002
239700000
239792002
239800000
239892002
239900000
239992002
240000000
240092002
240100000
240192002
240200000
240292002
240300000
240392002
240400000
240492002
240500000
240592002
240600000
240692002
240700000
240792002
240800000
240892002
240900000
240992002
241000000
241092002
241100000
241192002
241200000
241292002
241300000
241392002
241400000
241492002
241500000
241592002
241600000
241692002
241700000
241792002
241800000
241892002
241900000
241992002
242000000
242092002
242100000
242192002
242200000
242292002
242300000
242392002
242400000
242492002
242500000
242592002
242600000
242692002
242700000
242792002
242800000
242892002
242900000
242992002
243000000
243092002
243100000
243192002
243200000
243292002
243300000
243392002
243400000
243492002
243500000
243592002
243600000
243692002
243700000
243792002
243800000
243892002
243900000
243992002
244000000
244092002
244100000
244192002
244200000
244292002
244300000
244392002
244400000
244492002
244500000
244592002
244600000
244692002
244700000
244792002
244800000
244892002
244900000
244992002
245000000
245092002
245100000
245192002
245200000
245292002
245300000
245392002
245400000
245492002
245500000
245592002
245600000
245692002
245700000
245792002
245800000
245892002
245900000
245992002
246000000
246092002
246100000
246192002
246200000
246292002
246300000
246392002
246400000
246492002
246500000
246592002
246600000
246692002
246700000
246792002
246800000
246892002
246900000
246992002
247000000
247092002
247100000
247192002
247200000
247292002
247300000
247392002
247400000
247492002
247500000
247592002
247600000
247692002
247700000
247792002
247800000
247892002
247900000
247992002
248000000
248092002
248100000
248192002
248200000
248292002
248300000
248392002
248400000
248492002
248500000
248592002
248600000
248692002
248700000
248792002
248800000
248892002
248900000
248992002
249000000
249092002
249100000
249192002
249200000
249292002
249300000
249392002
249400000
249492002
249500000
249592002
249600000
249692002
249700000
249792002
249800000
249892002
249900000
249992002
250000000
250092002
250100000
250192002
250200000
250292002
250300000
250392002
250400000
250492002
250500000
250592002
250600000
250692002
250700000
250792002
250800000
250892002
250900000
250992002
251000000
251092002
251100000
251192002
251200000
251292002
251300000
251392002
251400000
251492002
251500000
251592002
251600000
251692002
251700000
251792002
251800000
251892002
251900000
251992002
252000000
252092002
252100000
252192002
252200000
252292002
252300000
252392002
252400000
252492002
252500000
252592002
252600000
252692002
252700000
252792002
252800000
252892002
252900000
252992002
253000000
253092002
253100000
253192002
253200000
253292002
253300000
253392002
253400000
253492002
253500000
253592002
253600000
253692002
253700000
253792002
253800000
253892002
253900000
253992002
254000000
254092002
254100000
254192002
254200000
254292002
254300000
254392002
254400000
254492002
254500000
254592002
254600000
254692002
254700000
254792002
254800000
254892002
254900000
254992002
255000000
255092002
255100000
255192002
255200000
255292002
255300000
255392002
255400000
255492002
255500000
255592002
255600000
255692002
255700000
255792002
255800000
255892002
255900000
255992002
256000000
256092002
256100000
256192002
256200000
256292002
256300000
256392002
256400000
256492002
256500000
256592002
256600000
256692002
256700000
256792002
256800000
256892002
256900000
256992002
257000000
257092002
257100000
257192002
257200000
257292002
257300000
257392002
257400000
257492002
257500000
257592002
257600000
257692002
257700000
257792002
257800000
257892002
257900000
257992002
258000000
258092002
258100000
258192002
258200000
258292002
258300000
258392002
258400000
258492002
258500000
258592002
258600000
258692002
258700000
258792002
258800000
258892002
258900000
258992002
259000000
259092002
259100000
259192002
259200000
259292002
259300000
259392002
259400000
259492002
259500000
259592002
259600000
259692002
259700000
259792002
259800000
259892002
259900000
259992002
260000000
260092002
260100000
260192002
260200000
260292002
260300000
260392002
260400000
260492002
260500000
260592002
260600000
260692002
260700000
260792002
260800000
260892002
260900000
260992002
261000000
261092002
261100000
261192002
261200000
261292002
261300000
261392002
261400000
261492002
261500000
261592002
261600000
261692002
261700000
261792002
261800000
261892002
261900000
261992002
262000000
262092002
262100000
262192002
262200000
262292002
262300000
262392002
262400000
262492002
262500000
262592002
262600000
262692002
262700000
262792002
262800000
262892002
262900000
262992002
263000000
263092002
263100000
263192002
263200000
263292002
263300000
263392002
263400000
263492002
263500000
263592002
263600000
263692002
263700000
263792002
263800000
263892002
263900000
263992002
264000000
264092002
264100000
264192002
264200000
264292002
264300000
264392002
264400000
264492002
264500000
264592002
264600000
264692002
264700000
264792002
264800000
264892002
264900000
264992002
265000000
265092002
265100000
265192002
265200000
265292002
265300000
265392002
265400000
265492002
265500000
265592002
265600000
265692002
265700000
265792002
265800000
265892002
265900000
265992002
266000000
266092002
266100000
266192002
266200000
266292002
266300000
266392002
266400000
266492002
266500000
266592002
266600000
266692002
266700000
266792002
266800000
266892002
266900000
266992002
267000000
267092002
267100000
267192002
267200000
267292002
267300000
267392002
267400000
267492002
267500000
267592002
267600000
267692002
267700000
267792002
267800000
267892002
267900000
267992002
268000000
268092002
268100000
268192002
268200000
268292002
268300000
268392002
268400000
268492002
268500000
268592002
268600000
268692002
268700000
268792002
268800000
268892002
268900000
268992002
269000000
269092002
269100000
269192002
269200000
269292002
269300000
269392002
269400000
269492002
269500000
269592002
269600000
269692002
269700000
269792002
269800000
269892002
269900000
269992002
270000000
270092002
270100000
270192002
270200000
270292002
270300000
270392002
270400000
270492002
270500000
270592002
270600000
270692002
270700000
270792002
270800000
270892002
270900000
270992002
271000000
271092002
271100000
271192002
271200000
271292002
271300000
271392002
271400000
271492002
271500000
271592002
271600000
271692002
271700000
271792002
271800000
271892002
271900000
271992002
272000000
272092002
272100000
272192002
272200000
272292002
272300000
272392002
272400000
272492002
272500000
272592002
272600000
272692002
272700000
272792002
272800000
272892002
272900000
272992002
273000000
273092002
273100000
273192002
273200000
273292002
273300000
273392002
273400000
273492002
273500000
273592002
273600000
273692002
273700000
273792002
273800000
273892002
273900000
273992002
274000000
274092002
274100000
274192002
274200000
274292002
274300000
274392002
274400000
274492002
274500000
274592002
274600000
274692002
274700000
274792002
274800000
274892002
274900000
274992002
275000000
275092002
275100000
275192002
275200000
275292002
275300000
275392002
275400000
275492002
275500000
275592002
275600000
275692002
275700000
275792002
275800000
275892002
275900000
275992002
276000000
276092002
276100000
276192002
276200000
276292002
276300000
276392002
276400000
276492002
276500000
276592002
276600000
276692002
276700000
276792002
276800000
276892002
276900000
276992002
277000000
277092002
277100000
277192002
277200000
277292002
277300000
277392002
277400000
277492002
277500000
277592002
277600000
277692002
277700000
277792002
277800000
277892002
277900000
277992002
278000000
278092002
278100000
278192002
278200000
278292002
278300000
278392002
278400000
278492002
278500000
278592002
278600000
278692002
278700000
278792002
278800000
278892002
278900000
278992002
279000000
279092002
279100000
279192002
279200000
279292002
279300000
279392002
279400000
279492002
279500000
279592002
279600000
279692002
279700000
279792002
279800000
279892002
279900000
279992002
280000000
280092002
280100000
280192002
280200000
280292002
280300000
280392002
280400000
280492002
280500000
280592002
280600000
280692002
280700000
280792002
280800000
280892002
280900000
280992002
281000000
281092002
281100000
281192002
281200000
281292002
281300000
281392002
281400000
281492002
281500000
281592002
281600000
281692002
281700000
281792002
281800000
281892002
281900000
281992002
282000000
282092002
282100000
282192002
282200000
282292002
282300000
282392002
282400000
282492002
282500000
282592002
282600000
282692002
282700000
282792002
282800000
282892002
282900000
282992002
283000000
283092002
283100000
283192002
283200000
283292002
283300000
283392002
283400000
283492002
283500000
283592002
283600000
283692002
283700000
283792002
283800000
283892002
283900000
283992002
284000000
284092002
284100000
284192002
284200000
284292002
284300000
284392002
284400000
284492002
284500000
284592002
284600000
284692002
284700000
284792002
284800000
284892002
284900000
284992002
285000000
285092002
285100000
285192002
285200000
285292002
285300000
285392002
285400000
285492002
285500000
285592002
285600000
285692002
285700000
285792002
285800000
285892002
285900000
285992002
286000000
286092002
286100000
286192002
286200000
286292002
286300000
286392002
286400000
286492002
286500000
286592002
286600000
286692002
286700000
286792002
286800000
286892002
286900000
286992002
287000000
287092002
287100000
287192002
287200000
287292002
287300000
287392002
287400000
287492002
287500000
287592002
287600000
287692002
287700000
287792002
287800000
287892002
287900000
287992002
288000000
288092002
288100000
288192002
288200000
288292002
288300000
288392002
288400000
288492002
288500000
288592002
288600000
288692002
288700000
288792002
288800000
288892002
288900000
288992002
289000000
289092002
289100000
289192002
289200000
289292002
289300000
289392002
289400000
289492002
289500000
289592002
289600000
289692002
289700000
289792002
289800000
289892002
289900000
289992002
290000000
290092002
290100000
290192002
290200000
290292002
290300000
290392002
290400000
290492002
290500000
290592002
290600000
290692002
290700000
290792002
290800000
290892002
290900000
290992002
291000000
291092002
291100000
291192002
291200000
291292002
291300000
291392002
291400000
291492002
291500000
291592002
291600000
291692002
291700000
291792002
291800000
291892002
291900000
291992002
292000000
292092002
292100000
292192002
292200000
292292002
292300000
292392002
292400000
292492002
292500000
292592002
292600000
292692002
292700000
292792002
292800000
292892002
292900000
292992002
293000000
293092002
293100000
293192002
293200000
293292002
293300000
293392002
293400000
293492002
293500000
293592002
293600000
293692002
293700000
293792002
293800000
293892002
293900000
293992002
294000000
294092002
294100000
294192002
294200000
294292002
294300000
294392002
294400000
294492002
294500000
294592002
294600000
294692002
294700000
294792002
294800000
294892002
294900000
294992002
295000000
295092002
295100000
295192002
295200000
295292002
295300000
295392002
295400000
295492002
295500000
295592002
295600000
295692002
295700000
295792002
295800000
295892002
295900000
295992002
296000000
296092002
296100000
296192002
296200000
296292002
296300000
296392002
296400000
296492002
296500000
296592002
296600000
296692002
296700000
296792002
296800000
296892002
296900000
296992002
297000000
297092002
297100000
297192002
297200000
297292002
297300000
297392002
297400000
297492002
297500000
297592002
297600000
297692002
297700000
297792002
297800000
297892002
297900000
297992002
298000000
298092002
298100000
298192002
298200000
298292002
298300000
298392002
298400000
298492002
298500000
298592002
298600000
298692002
298700000
298792002
298800000
298892002
298900000
298992002
299000000
299092002
299100000
299192002
299200000
299292002
299300000
299392002
299400000
299492002
299500000
299592002
299600000
299692002
299700000
299792002
299800000
299892002
299900000
299992002
300000000
300092002
300100000
300192002
300200000
300292002
300300000
300392002
300400000
300492002
300500000
300592002
300600000
300692002
300700000
300792002
300800000
300892002
300900000
300992002
301000000
301092002
301100000
301192002
301200000
301292002
301300000
301392002
301400000
301492002
301500000
301592002
301600000
301692002
301700000
301792002
301800000
301892002
301900000
301992002
302000000
302092002
302100000
302192002
302200000
302292002
302300000
302392002
302400000
302492002
302500000
302592002
302600000
302692002
302700000
302792002
302800000
302892002
302900000
302992002
303000000
303092002
303100000
303192002
303200000
303292002
303300000
303392002
303400000
303492002
303500000
303592002
303600000
303692002
303700000
303792002
303800000
303892002
303900000
303992002
304000000
304092002
304100000
304192002
304200000
304292002
304300000
304392002
304400000
304492002
304500000
304592002
304600000
304692002
304700000
304792002
304800000
304892002
304900000
304992002
305000000
305092002
305100000
305192002
305200000
305292002
305300000
305392002
305400000
305492002
305500000
305592002
305600000
305692002
305700000
305792002
305800000
305892002
305900000
305992002
306000000
306092002
306100000
306192002
306200000
306292002
306300000
306392002
306400000
306492002
306500000
306592002
306600000
306692002
306700000
306792002
306800000
306892002
306900000
306992002
307000000
307092002
307100000
307192002
307200000
307292002
307300000
307392002
307400000
307492002
307500000
307592002
307600000
307692002
307700000
307792002
307800000
307892002
307900000
307992002
308000000
308092002
308100000
308192002
308200000
308292002
308300000
308392002
308400000
308492002
308500000
308592002
308600000
308692002
308700000
308792002
308800000
308892002
308900000
308992002
309000000
309092002
309100000
309192002
309200000
309292002
309300000
309392002
309400000
309492002
309500000
309592002
309600000
309692002
309700000
309792002
309800000
309892002
309900000
309992002
310000000
310092002
310100000
310192002
310200000
310292002
310300000
310392002
310400000
310492002
310500000
310592002
310600000
310692002
310700000
310792002
310800000
310892002
310900000
310992002
311000000
311092002
311100000
311192002
311200000
311292002
311300000
311392002
311400000
311492002
311500000
311592002
311600000
311692002
311700000
311792002
311800000
311892002
311900000
311992002
312000000
312092002
312100000
312192002
312200000
312292002
312300000
312392002
312400000
312492002
312500000
312592002
312600000
312692002
312700000
312792002
312800000
312892002
312900000
312992002
313000000
313092002
313100000
313192002
313200000
313292002
313300000
313392002
313400000
313492002
313500000
313592002
313600000
313692002
313700000
313792002
313800000
313892002
313900000
313992002
314000000
314092002
314100000
314192002
314200000
314292002
314300000
314392002
314400000
314492002
314500000
314592002
314600000
314692002
314700000
314792002
314800000
314892002
314900000
314992002
315000000
315092002
315100000
315192002
315200000
315292002
315300000
315392002
315400000
315492002
315500000
315592002
315600000
315692002
315700000
315792002
315800000
315892002
315900000
315992002
316000000
316092002
316100000
316192002
316200000
316292002
316300000
316392002
316400000
316492002
316500000
316592002
316600000
316692002
316700000
316792002
316800000
316892002
316900000
316992002
317000000
317092002
317100000
317192002
317200000
317292002
317300000
317392002
317400000
317492002
317500000
317592002
317600000
317692002
317700000
317792002
317800000
317892002
317900000
317992002
318000000
318092002
318100000
318192002
318200000
318292002
318300000
318392002
318400000
318492002
318500000
318592002
318600000
318692002
318700000
318792002
318800000
318892002
318900000
318992002
319000000
319092002
319100000
319192002
319200000
319292002
319300000
319392002
319400000
319492002
319500000
319592002
319600000
319692002
319700000
319792002
319800000
319892002
319900000
319992002
320000000
320092002
320100000
320192002
320200000
320292002
320300000
320392002
320400000
320492002
320500000
320592002
320600000
320692002
320700000
320792002
320800000
320892002
320900000
320992002
321000000
321092002
321100000
321192002
321200000
321292002
321300000
321392002
321400000
321492002
321500000
321592002
321600000
321692002
321700000
321792002
321800000
321892002
321900000
321992002
322000000
322092002
322100000
322192002
322200000
322292002
322300000
322392002
322400000
322492002
322500000
322592002
322600000
322692002
322700000
322792002
322800000
322892002
322900000
322992002
323000000
323092002
323100000
323192002
323200000
323292002
323300000
323392002
323400000
323492002
323500000
323592002
323600000
323692002
323700000
323792002
323800000
323892002
323900000
323992002
324000000
324092002
324100000
324192002
324200000
324292002
324300000
324392002
324400000
324492002
324500000
324592002
324600000
324692002
324700000
324792002
324800000
324892002
324900000
324992002
325000000
325092002
325100000
325192002
325200000
325292002
325300000
325392002
325400000
325492002
325500000
325592002
325600000
325692002
325700000
325792002
325800000
325892002
325900000
325992002
326000000
326092002
326100000
326192002
326200000
326292002
326300000
326392002
326400000
326492002
326500000
326592002
326600000
326692002
326700000
326792002
326800000
326892002
326900000
326992002
327000000
327092002
327100000
327192002
327200000
327292002
327300000
327392002
327400000
327492002
327500000
327592002
327600000
327692002
327700000
327792002
327800000
327892002
327900000
327992002
328000000
328092002
328100000
328192002
328200000
328292002
328300000
328392002
328400000
328492002
328500000
328592002
328600000
328692002
328700000
328792002
328800000
328892002
328900000
328992002
329000000
329092002
329100000
329192002
329200000
329292002
329300000
329392002
329400000
329492002
329500000
329592002
329600000
329692002
329700000
329792002
329800000
329892002
329900000
329992002
330000000
330092002
330100000
330192002
330200000
330292002
330300000
330392002
330400000
330492002
330500000
330592002
330600000
330692002
330700000
330792002
330800000
330892002
330900000
330992002
331000000
331092002
331100000
331192002
331200000
331292002
331300000
331392002
331400000
331492002
331500000
331592002
331600000
331692002
331700000
331792002
331800000
331892002
331900000
331992002
332000000
332092002
332100000
332192002
332200000
332292002
332300000
332392002
332400000
332492002
332500000
332592002
332600000
332692002
332700000
332792002
332800000
332892002
332900000
332992002
333000000
333092002
333100000
333192002
333200000
333292002
333300000
333392002
333400000
333492002
333500000
333592002
333600000
333692002
333700000
333792002
333800000
333892002
333900000
333992002
334000000
334092002
334100000
334192002
334200000
334292002
334300000
334392002
334400000
334492002
334500000
334592002
334600000
334692002
334700000
334792002
334800000
334892002
334900000
334992002
335000000
335092002
335100000
335192002
335200000
335292002
335300000
335392002
335400000
335492002
335500000
335592002
335600000
335692002
335700000
335792002
335800000
335892002
335900000
335992002
336000000
336092002
336100000
336192002
336200000
336292002
336300000
336392002
336400000
336492002
336500000
336592002
336600000
336692002
336700000
336792002
336800000
336892002
336900000
336992002
337000000
337092002
337100000
337192002
337200000
337292002
337300000
337392002
337400000
337492002
337500000
337592002
337600000
337692002
337700000
337792002
337800000
337892002
337900000
337992002
338000000
338092002
338100000
338192002
338200000
338292002
338300000
338392002
338400000
338492002
338500000
338592002
338600000
338692002
338700000
338792002
338800000
338892002
338900000
338992002
339000000
339092002
339100000
339192002
339200000
339292002
339300000
339392002
339400000
339492002
339500000
339592002
339600000
339692002
339700000
339792002
339800000
339892002
339900000
339992002
340000000
340092002
340100000
340192002
340200000
340292002
340300000
340392002
340400000
340492002
340500000
340592002
340600000
340692002
340700000
340792002
340800000
340892002
340900000
340992002
341000000
341092002
341100000
341192002
341200000
341292002
341300000
341392002
341400000
341492002
341500000
341592002
341600000
341692002
341700000
341792002
341800000
341892002
341900000
341992002
342000000
342092002
342100000
342192002
342200000
342292002
342300000
342392002
342400000
342492002
342500000
342592002
342600000
342692002
342700000
342792002
342800000
342892002
342900000
342992002
343000000
343092002
343100000
343192002
343200000
343292002
343300000
343392002
343400000
343492002
343500000
343592002
343600000
343692002
343700000
343792002
343800000
343892002
343900000
343992002
344000000
344092002
344100000
344192002
344200000
344292002
344300000
344392002
344400000
344492002
344500000
344592002
344600000
344692002
344700000
344792002
344800000
344892002
344900000
344992002
345000000
345092002
345100000
345192002
345200000
345292002
345300000
345392002
345400000
345492002
345500000
345592002
345600000
345692002
345700000
345792002
345800000
345892002
345900000
345992002
346000000
346092002
346100000
346192002
346200000
346292002
346300000
346392002
346400000
346492002
346500000
346592002
346600000
346692002
346700000
346792002
346800000
346892002
346900000
346992002
347000000
347092002
347100000
347192002
347200000
347292002
347300000
347392002
347400000
347492002
347500000
347592002
347600000
347692002
347700000
347792002
347800000
347892002
347900000
347992002
348000000
348092002
348100000
348192002
348200000
348292002
348300000
348392002
348400000
348492002
348500000
348592002
348600000
348692002
348700000
348792002
348800000
348892002
348900000
348992002
349000000
349092002
349100000
349192002
349200000
349292002
349300000
349392002
349400000
349492002
349500000
349592002
349600000
349692002
349700000
349792002
349800000
349892002
349900000
349992002
350000000
350092002
350100000
350192002
350200000
350292002
350300000
350392002
350400000
350492002
350500000
350592002
350600000
350692002
350700000
350792002
350800000
350892002
350900000
350992002
351000000
351092002
351100000
351192002
351200000
351292002
351300000
351392002
351400000
351492002
351500000
351592002
351600000
351692002
351700000
351792002
351800000
351892002
351900000
351992002
352000000
352092002
352100000
352192002
352200000
352292002
352300000
352392002
352400000
352492002
352500000
352592002
352600000
352692002
352700000
352792002
352800000
352892002
352900000
352992002
353000000
353092002
353100000
353192002
353200000
353292002
353300000
353392002
353400000
353492002
353500000
353592002
353600000
353692002
353700000
353792002
353800000
353892002
353900000
353992002
354000000
354092002
354100000
354192002
354200000
354292002
354300000
354392002
354400000
354492002
354500000
354592002
354600000
354692002
354700000
354792002
354800000
354892002
354900000
354992002
355000000
355092002
355100000
355192002
355200000
355292002
355300000
355392002
355400000
355492002
355500000
355592002
355600000
355692002
355700000
355792002
355800000
355892002
355900000
355992002
356000000
356092002
356100000
356192002
356200000
356292002
356300000
356392002
356400000
356492002
356500000
356592002
356600000
356692002
356700000
356792002
356800000
356892002
356900000
356992002
357000000
357092002
357100000
357192002
357200000
357292002
357300000
357392002
357400000
357492002
357500000
357592002
357600000
357692002
357700000
357792002
357800000
357892002
357900000
357992002
358000000
358092002
358100000
358192002
358200000
358292002
358300000
358392002
358400000
358492002
358500000
358592002
358600000
358692002
358700000
358792002
358800000
358892002
358900000
358992002
359000000
359092002
359100000
359192002
359200000
359292002
359300000
359392002
359400000
359492002
359500000
359592002
359600000
359692002
359700000
359792002
359800000
359892002
359900000
359992002
360000000
360092002
360100000
360192002
360200000
360292002
360300000
360392002
360400000
360492002
360500000
360592002
360600000
360692002
360700000
360792002
360800000
360892002
360900000
360992002
361000000
361092002
361100000
361192002
361200000
361292002
361300000
361392002
361400000
361492002
361500000
361592002
361600000
361692002
361700000
361792002
361800000
361892002
361900000
361992002
362000000
362092002
362100000
362192002
362200000
362292002
362300000
362392002
362400000
362492002
362500000
362592002
362600000
362692002
362700000
362792002
362800000
362892002
362900000
362992002
363000000
363092002
363100000
363192002
363200000
363292002
363300000
363392002
363400000
363492002
363500000
363592002
363600000
363692002
363700000
363792002
363800000
363892002
363900000
363992002
364000000
364092002
364100000
364192002
364200000
364292002
364300000
364392002
364400000
364492002
364500000
364592002
364600000
364692002
364700000
364792002
364800000
364892002
364900000
364992002
365000000
365092002
365100000
365192002
365200000
365292002
365300000
365392002
365400000
365492002
365500000
365592002
365600000
365692002
365700000
365792002
365800000
365892002
365900000
365992002
366000000
366092002
366100000
366192002
366200000
366292002
366300000
366392002
366400000
366492002
366500000
366592002
366600000
366692002
366700000
366792002
366800000
366892002
366900000
366992002
367000000
367092002
367100000
367192002
367200000
367292002
367300000
367392002
367400000
367492002
367500000
367592002
367600000
367692002
367700000
367792002
367800000
367892002
367900000
367992002
368000000
368092002
368100000
368192002
368200000
368292002
368300000
368392002
368400000
368492002
368500000
368592002
368600000
368692002
368700000
368792002
368800000
368892002
368900000
368992002
369000000
369092002
369100000
369192002
369200000
369292002
369300000
369392002
369400000
369492002
369500000
369592002
369600000
369692002
369700000
369792002
369800000
369892002
369900000
369992002
370000000
370092002
370100000
370192002
370200000
370292002
370300000
370392002
370400000
370492002
370500000
370592002
370600000
370692002
370700000
370792002
370800000
370892002
370900000
370992002
371000000
371092002
371100000
371192002
371200000
371292002
371300000
371392002
371400000
371492002
371500000
371592002
371600000
371692002
371700000
371792002
371800000
371892002
371900000
371992002
372000000
372092002
372100000
372192002
372200000
372292002
372300000
372392002
372400000
372492002
372500000
372592002
372600000
372692002
372700000
372792002
372800000
372892002
372900000
372992002
373000000
373092002
373100000
373192002
373200000
373292002
373300000
373392002
373400000
373492002
373500000
373592002
373600000
373692002
373700000
373792002
373800000
373892002
373900000
373992002
374000000
374092002
374100000
374192002
374200000
374292002
374300000
374392002
374400000
374492002
374500000
374592002
374600000
374692002
374700000
374792002
374800000
374892002
374900000
374992002
375000000
375092002
375100000
375192002
375200000
375292002
375300000
375392002
375400000
375492002
375500000
375592002
375600000
375692002
375700000
375792002
375800000
375892002
375900000
375992002
376000000
376092002
376100000
376192002
376200000
376292002
376300000
376392002
376400000
376492002
376500000
376592002
376600000
376692002
376700000
376792002
376800000
376892002
376900000
376992002
377000000
377092002
377100000
377192002
377200000
377292002
377300000
377392002
377400000
377492002
377500000
377592002
377600000
377692002
377700000
377792002
377800000
377892002
377900000
377992002
378000000
378092002
378100000
378192002
378200000
378292002
378300000
378392002
378400000
378492002
378500000
378592002
378600000
378692002
378700000
378792002
378800000
378892002
378900000
378992002
379000000
379092002
379100000
379192002
379200000
379292002
379300000
379392002
379400000
379492002
379500000
379592002
379600000
379692002
379700000
379792002
379800000
379892002
379900000
379992002
380000000
380092002
380100000
380192002
380200000
380292002
380300000
380392002
380400000
380492002
380500000
380592002
380600000
380692002
380700000
380792002
380800000
380892002
380900000
380992002
381000000
381092002
381100000
381192002
381200000
381292002
381300000
381392002
381400000
381492002
381500000
381592002
381600000
381692002
381700000
381792002
381800000
381892002
381900000
381992002
382000000
382092002
382100000
382192002
382200000
382292002
382300000
382392002
382400000
382492002
382500000
382592002
382600000
382692002
382700000
382792002
382800000
382892002
382900000
382992002
383000000
383092002
383100000
383192002
383200000
383292002
383300000
383392002
383400000
383492002
383500000
383592002
383600000
383692002
383700000
383792002
383800000
383892002
383900000
383992002
384000000
384092002
384100000
384192002
384200000
384292002
384300000
384392002
384400000
384492002
384500000
384592002
384600000
384692002
384700000
384792002
384800000
384892002
384900000
384992002
385000000
385092002
385100000
385192002
385200000
385292002
385300000
385392002
385400000
385492002
385500000
385592002
385600000
385692002
385700000
385792002
385800000
385892002
385900000
385992002
386000000
386092002
386100000
386192002
386200000
386292002
386300000
386392002
386400000
386492002
386500000
386592002
386600000
386692002
386700000
386792002
386800000
386892002
386900000
386992002
387000000
387092002
387100000
387192002
387200000
387292002
387300000
387392002
387400000
387492002
387500000
387592002
387600000
387692002
387700000
387792002
387800000
387892002
387900000
387992002
388000000
388092002
388100000
388192002
388200000
388292002
388300000
388392002
388400000
388492002
388500000
388592002
388600000
388692002
388700000
388792002
388800000
388892002
388900000
388992002
389000000
389092002
389100000
389192002
389200000
389292002
389300000
389392002
389400000
389492002
389500000
389592002
389600000
389692002
389700000
389792002
389800000
389892002
389900000
389992002
390000000
390092002
390100000
390192002
390200000
390292002
390300000
390392002
390400000
390492002
390500000
390592002
390600000
390692002
390700000
390792002
390800000
390892002
390900000
390992002
391000000
391092002
391100000
391192002
391200000
391292002
391300000
391392002
391400000
391492002
391500000
391592002
391600000
391692002
391700000
391792002
391800000
391892002
391900000
391992002
392000000
392092002
392100000
392192002
392200000
392292002
392300000
392392002
392400000
392492002
392500000
392592002
392600000
392692002
392700000
392792002
392800000
392892002
392900000
392992002
393000000
393092002
393100000
393192002
393200000
393292002
393300000
393392002
393400000
393492002
393500000
393592002
393600000
393692002
393700000
393792002
393800000
393892002
393900000
393992002
394000000
394092002
394100000
394192002
394200000
394292002
394300000
394392002
394400000
394492002
394500000
394592002
394600000
394692002
394700000
394792002
394800000
394892002
394900000
394992002
395000000
395092002
395100000
395192002
395200000
395292002
395300000
395392002
395400000
395492002
395500000
395592002
395600000
395692002
395700000
395792002
395800000
395892002
395900000
395992002
396000000
396092002
396100000
396192002
396200000
396292002
396300000
396392002
396400000
396492002
396500000
396592002
396600000
396692002
396700000
396792002
396800000
396892002
396900000
396992002
397000000
397092002
397100000
397192002
397200000
397292002
397300000
397392002
397400000
397492002
397500000
397592002
397600000
397692002
397700000
397792002
397800000
397892002
397900000
397992002
398000000
398092002
398100000
398192002
398200000
398292002
398300000
398392002
398400000
398492002
398500000
398592002
398600000
398692002
398700000
398792002
398800000
398892002
398900000
398992002
399000000
399092002
399100000
399192002
399200000
399292002
399300000
399392002
399400000
399492002
399500000
399592002
399600000
399692002
399700000
399792002
399800000
399892002
399900000
399992002
400000000
