99998
99999
100001
192002
199992
200007
200017
200028
200163
200515
200622
202541
202909
204600
296601
300649
300784
301321
301465
303162
303530
305221
306992
307508
399509
403272
403638
404005
404373
406064
407613
408129
419695
464160
504535
506226
507058
507941
508456
508972
520316
545063
576347
608103
608618
609134
611141
611657
621159
645684
670669
701715
711303
711819
713857
715200
723844
746527
771290
801336
814019
815362
817400
825642
827387
849212
872133
901957
917562
919865
927549
929587
939732
952755
974818
1002800
1024565
1029749
1032052
1041932
1052767
1065100
1078361
1105485
1131470
1136752
1144397
1154967
1167300
1178135
1190706
1209028
1235013
1249097
1257432
1269765
1280335
1292906
1303741
1321373
1341095
1362132
1374465
1382800
1395371
1405941
1421768
1434408
1453440
1478025
1487500
1500071
1508406
1523968
1536608
1552435
1566475
1591060
1605527
1613106
1626433
1639073
1654635
1668675
1684502
1709087
1722766
1731133
1743773
1757100
1771140
1786702
1807929
1825327
1840793
1853433
1861800
1875840
1889167
1910129
1927792
1943354
1961962
1971460
1985227
1993867
2012594
2032492
2045819
2066781
2085389
2094029
2103527
2117294
2138253
2150519
2169246
2192440
2203689
2217456
2226954
2242953
2260179
2273946
2294905
2312531
2327116
2342634
2352613
2373256
2383606
2399605
2422015
2435958
2452775
2468293
2482916
2499286
2509265
2529908
2545618
2561617
2583078
2598596
2609427
2624945
2639568
2657334
2671277
2691920
2709686
2725107
2739730
2755248
2770909
2786957
2801580
2819346
2839989
2855410
2871071
2886589
2901742
2917260
2932921
2949649
2970075
2986751
3002224
3017422
3033083
3048601
3065329
3080990
3100378
3117904
3133565
3148763
3165491
3181152
3196670
3215487
3231719
3249245
3265973
3281634
3296832
3314205
3331167
3347399
3366216
3382236
3397314
3414367
3431329
3447561
3464934
3481896
3497916
3514849
3531811
3548043
3565096
3582058
3598910
3615451
3632413
3648645
3665578
3682540
3699593
3716445
3733211
3749639
3766180
3783142
3800075
3817353
3834205
3850942
3867174
3883940
3900677
3917835
3935334
3952612
3968702
3984934
4001671
4018437
4035936
4053094
4070780
4087012
4103624
4119431
4136930
4153696
4171784
4189470
4205702
4221509
4238121
4254690
4272386
4290899
4308180
4323987
4340199
4356768
4373380
4391893
4409589
4427069
4442677
4459246
4475458
4493971
4510583
4529498
4545759
4562328
4577936
4596449
4612661
4631576
4648188
4665958
4681018
4699451
4715139
4734054
4750266
4769703
4784648
4802533
4818221
4836654
4852744
4871781
4888938
4906163
4921851
4939736
4955826
4974259
4995032
5010453
5026141
5043366
5059456
5077341
5098999
5116547
5132235
5147656
5163746
5180971
5202081
5223293
5238981
5253750
5269840
5285261
5305711
5328566
5345843
5360496
5376586
5391355
5410001
5432196
5453113
5467358
5483448
5498101
5516095
5536486
5558731
5574628
5590718
5604963
5622841
5642580
5663021
5682118
5698208
5712233
5729703
5749326
5769115
5790496
5806586
5819723
5836973
5856188
5875861
5899054
5915144
5928101
5944463
5963458
5982723
6005881
6023794
6036659
6052841
6070948
6089993
6112743
6133848
6146713
6161399
6179326
6197483
6220013
6244074
6256939
6271453
6287884
6305861
6327503
6351523
6368173
6381679
6397938
6414419
6435881
6459013
6479435
6492913
6508164
6524473
6544439
6567391
6590861
6604175
6619398
6634699
6654493
6675949
6699861
6715601
6730660
6745933
6764719
6786003
6808419
6827351
6842086
6857195
6875953
6896229
6918473
6939537
6953836
6968621
6987215
7007463
7028699
7051951
7066022
7080371
7098641
7118725
7139933
7163964
7178436
7192557
7210391
7230151
7251195
7275198
7291094
7304971
7322577
7341901
7362621
7386460
7404888
7417629
7434991
7454087
7474371
7497886
7517656
7531423
7547649
7566501
7586557
7609636
7631450
7645553
7661443
7679159
7698971
7721822
7745580
7759911
7775573
7792953
7811629
7834236
7857947
7874353
7889931
7907083
7925423
7946894
7970361
7988947
8004373
8021441
8039553
8060688
8083019
8104193
8118967
8135883
8153911
8174818
8196813
8218994
8234213
8250477
8268353
8289176
8310943
8333133
8350504
8365723
8382947
8403618
8425301
8447263
8465750
8482425
8498193
8518212
8539743
8561621
8582452
8598220
8614895
8633458
8654337
8676063
8698406
8714922
8731881
8750160
8769583
8790657
8815058
8831908
8849639
8867146
8886285
8905903
8929652
8949666
8967173
8984904
9003271
9022605
9044898
9067359
9084931
9102758
9121029
9139591
9161600
9185117
9202785
9221056
9238883
9257349
9278586
9302971
9321147
9338910
9357245
9375203
9396344
9421333
9439096
9457272
9475230
9493565
9514198
9539588
9557458
9575416
9593592
9612979
9632560
9657950
9675908
9693778
9713006
9732587
9751974
9776622
9794270
9813192
9832748
9852001
9871716
9894984
9913684
9932934
9952187
9971743
9991990
10014398
10033426
10052679
10071929
10092017
10112980
10134140
10153393
10172421
10192203
10213007
10234956
10254209
10273135
10292695
10313193
10335449
10355136
10373951
10393409
10413685
10435635
10456157
10474878
10494225
10514399
10536127
10557339
10576060
10595152
10615215
10636841
10658626
10677347
10696334
10716142
10737657
10760066
10778787
10797621
10817324
10838584
10861559
10880461
10899061
10918611
10939766
10962486
10982165
11000735
11020051
11041053
11063668
11084040
11102439
11121725
11142493
11164955
11185936
11204314
11223429
11244167
11266395
11288150
11306210
11325304
11345871
11368069
11390385
11408424
11427200
11447746
11469773
11492059
11510872
11529414
11549642
11571648
11593763
11613413
11631862
11651856
11673544
11695638
11716080
11734403
11754304
11775758
11797534
11818918
11837070
11856845
11878206
11899748
11921810
11939908
11959512
11980747
12002196
12024858
12042800
12062350
12083414
12104737
12127306
12146130
12165242
12186252
12207404
12229847
12249553
12268572
12289144
12310242
12332514
12353195
12371995
12392474
12413134
12435352
12456939
12475637
12495897
12516464
12538244
12560666
12579381
12599539
12619887
12641574
12663558
12683335
12703283
12723529
12744997
12766888
12787304
12807237
12827273
12848639
12870311
12891318
12911206
12931227
12952383
12973953
12995455
13015220
13035196
13056337
13077697
13099315
13119357
13139210
13160306
13181651
13203059
13223563
13243347
13264320
13285620
13307013
13327796
13347553
13368457
13389634
13410982
13432233
13451786
13472663
13493771
13514996
13536766
13556223
13576896
13597977
13619133
13641314
13660756
13681333
13702210
13723339
13745879
13765304
13785866
13806647
13827572
13850085
13869924
13890414
13911180
13932009
13954318
13974811
13995034
14015728
14036542
14058755
14081003
14099921
14120348
14141090
14163288
14186441
14206113
14225235
14245710
14267836
14290974
14312329
14331427
14350597
14372456
14395522
14418748
14437643
14456789
14477343
14500142
14523296
14544102
14563005
14583535
14605029
14627916
14650591
14669464
14689751
14711221
14732803
14755842
14775953
14796210
14817437
14838995
14860729
14882613
14902699
14923896
14945211
14966921
14988691
15009359
15030385
15051670
15073137
15094883
15116076
15137045
15158159
15179596
15201099
15222937
15243762
15264819
15286085
15307558
15329828
15350623
15371536
15392745
15414047
15436791
15457514
15478397
15499462
15520707
15543877
15564477
15585288
15606323
15627424
15650537
15671776
15692251
15713214
15734285
15757254
15779102
15799550
15820177
15841176
15864115
15886626
15906876
15927476
15948139
15971006
15994486
16014400
16034802
16055438
16077969
16101968
16122260
16142326
16162764
16185268
16208931
16230351
16250186
16270288
16292594
16316230
16338517
16358277
16378148
16400118
16423556
16446806
16466443
16486239
16507978
16531080
16554790
16574732
16594405
16616069
16638940
16662314
16683039
16702694
16724235
16747031
16770174
16791649
16811001
16832524
16855197
16878265
16900361
16919611
16940831
16963486
16986431
17009577
17028323
17049441
17071793
17094720
17117953
17137539
17158153
17180403
17203027
17226242
17247007
17267369
17289115
17311637
17334549
17356562
17376837
17398331
17420349
17443159
17466363
17486392
17507799
17529565
17551871
17576179
17596193
17617354
17639033
17661087
17686025
17706009
17727155
17748588
17770555
17795919
17815855
17836971
17858389
17880110
17906179
17925749
17946817
17968205
17989911
18016631
18036009
18056711
18078051
18099727
18127341
18146461
18166971
18187945
18209573
18238075
18257171
18277423
18298205
18319467
18349229
18367905
18388133
18408657
18429727
18460404
18479059
18498867
18519367
18540179
18571636
18590234
18610021
18630101
18650889
18682886
18701466
18721196
18741255
18761623
18794667
18812716
18832428
18852430
18872777
18906715
18924497
18943678
18963662
18983952
19019303
19036545
19055459
19074912
19095184
19132074
19149133
19167507
19186693
19206434
19245184
19261904
19280095
19298741
19318215
19358348
19375014
19392866
19411329
19430263
19471527
19488178
19505976
19524100
19542851
19585060
19601357
19619140
19637210
19655622
19698629
19714890
19732319
19750374
19768732
19812450
19828459
19845852
19863553
19881896
19926412
19942280
19959421
19977086
19995075
20040506
20056242
20073242
20090655
20108608
20154933
20170336
20187204
20204476
20222177
20269516
20284763
20301298
20318438
20335998
20384483
20399346
20415725
20432532
20449960
20499487
20514313
20530308
20546959
20564054
20614454
20629403
20645275
20661542
20678481
20729544
20744643
20760365
20776509
20793064
20844784
20859961
20875605
20891599
20908031
20960102
20975525
20990923
21006839
21023121
21075666
21091064
21106487
21122157
21138361
21191239
21206628
21222138
21237721
21253679
21306803
21322279
21337862
21353372
21369243
21422454
21438005
21453513
21469098
21484894
21538180
21553688
21569239
21584896
21600620
21653978
21669414
21685037
21700761
21716418
21769725
21785212
21800936
21816559
21832474
21885523
21901247
21916734
21932615
21948680
22001579
22017045
22032790
22048821
22065084
22117418
22133101
22148996
22165225
22182220
22233474
22249307
22265400
22282361
22299722
22349680
22365711
22382536
22399863
22417617
22466084
22482847
22500038
22517758
22535827
22583220
22600349
22617933
22635968
22654106
22700722
22718244
22736143
22754247
22772412
22818617
22836454
22854422
22872553
22890979
22936827
22954733
22972728
22991120
23009642
23055106
23073039
23091295
23109783
23128350
23173412
23191606
23209958
23228491
23247598
23291979
23310269
23328666
23347739
23367050
23410642
23428977
23447914
23467191
23486604
23529350
23548225
23567366
23586745
23606227
23648598
23667677
23686920
23706368
23725958
23768050
23787231
23806543
23826099
23845917
23887604
23906854
23926274
23946058
23966632
24007227
24026585
24046233
24066773
24087365
24126958
24146544
24166948
24187506
24208638
24246917
24267259
24287681
24308779
24330103
24367632
24387992
24408954
24430244
24451802
24488365
24509265
24530419
24551943
24573711
24609638
24630730
24652118
24673852
24695974
24731103
24752429
24774027
24796115
24818276
24852802
24874338
24896290
24918417
24940707
24974711
24996601
25018592
25040848
25063654
25096974
25118903
25141023
25163795
25197357
25219276
25241334
25263970
25297776
25319659
25341707
25364281
25398221
25420078
25442090
25464654
25498746
25520523
25542509
25565037
25599321
25621048
25642954
25665456
25699918
25721623
25743479
25765901
25800595
25822220
25844054
25866426
25901306
25922897
25944651
25967001
26002133
26023608
26045328
26067598
26102976
26124435
26146039
26168275
26203945
26225278
26246866
26268986
26305224
26326247
26347709
26369813
26406657
26427526
26448678
26470656
26508214
26528959
26549957
26571625
26609787
26630516
26651390
26672904
26711376
26732089
26752947
26774337
26812985
26833678
26854520
26875894
26914602
26935287
26956109
26977467
27016243
27036904
27057718
27079056
27117992
27138545
27159335
27180665
27219833
27240294
27260976
27282282
27321694
27342135
27362725
27383923
27423601
27443996
27464566
27485672
27525516
27545903
27566427
27587513
27627481
27647818
27668334
27689374
27729456
27749783
27770249
27791281
27831467
27851758
27872214
27893196
27933550
27953769
27974189
27995161
28035657
28055852
28076200
28097136
28137792
28157959
28178283
28199147
28240021
28260094
28280390
28301230
28342350
28362323
28382525
28403337
28444687
28464652
28484754
28505472
28547072
28566989
28587083
28607701
28649481
28669374
28689420
28710030
28751924
28771783
28791805
28812367
28854391
28874226
28894214
28914752
28956896
28976693
28996657
29017161
29059441
29079198
29099124
29119604
29162016
29181743
29201629
29222071
29264801
29284318
29304174
29324576
29367614
29387103
29406749
29427121
29470477
29489916
29509534
29529696
29573402
29592779
29612347
29632481
29676369
29695704
29715210
29735294
29779366
29798671
29818135
29838157
29882423
29901668
29921102
29941082
29985542
30004725
30024099
30044049
30088753
30107844
30127156
30147046
30191994
30211055
30230275
30250103
30295269
30314296
30333486
30353222
30398558
30417571
30436727
30456433
30501875
30520860
30540002
30559674
30605274
30624177
30643291
30662949
30708737
30727576
30746608
30766238
30812240
30831039
30850007
30869555
30915837
30934542
30953470
30972954
31019678
31038139
31056973
31076417
31123561
31141980
31160570
31179920
31227466
31245863
31264411
31283517
31331389
31349768
31368294
31387358
31435352
31453691
31472199
31491241
31539351
31557654
31576122
31595146
31643450
31661653
31680085
31699069
31747665
31765752
31784084
31803032
31851898
31869967
31888183
31907031
31956261
31974200
31992398
32011130
32060640
32078563
32096631
32115345
32165051
32182942
32200994
32219578
32269544
32287353
32305373
32323941
32374089
32391846
32409784
32428320
32478674
32496391
32514277
32532731
32583281
32600976
32618822
32637224
32687914
32705583
32723407
32741769
32792587
32810216
32828014
32846354
32897402
32914889
32932647
32950961
33002241
33019704
33037320
33055594
33107096
33124543
33142135
33160267
33212095
33229398
33246974
33265082
33317168
33334397
33351829
33369921
33422249
33439470
33456828
33474776
33527372
33544551
33561901
33579775
33632583
33649674
33666982
33684848
33737872
33754885
33772105
33789929
33843191
33860174
33877316
33895052
33948552
33965493
33982605
34000263
34053987
34070854
34087924
34105552
34159440
34176289
34193285
34210871
34265195
34281742
34298720
34316232
34371012
34387497
34404173
34421667
34476845
34493314
34509928
34527120
34582750
34599147
34615745
34632875
34688743
34705052
34721578
34738692
34794766
34811045
34827483
34844525
34900813
34917068
34933476
34950430
35007102
35023115
35039499
35056423
35113549
35129404
35145546
35162446
35220022
35235851
35251835
35268493
35326523
35342324
35358282
35374782
35433100
35448825
35464755
35481229
35539717
35555402
35571256
35587702
35646510
35662019
35677833
35694203
35753323
35768812
35784450
35800780
35860202
35875625
35891243
35907397
35967119
35982504
35998056
36014190
36074058
36089421
36104935
36121003
36181017
36196360
36211852
36227882
36287996
36303319
36318791
36334799
36395021
36410298
36425750
36441738
36502060
36517323
36532729
36548697
36609149
36624362
36639754
36655676
36716350
36731451
36746793
36762701
36823683
36838652
36853882
36869740
36931040
36945985
36961083
36976829
37038409
37053342
37068416
37084030
37145806
37160711
37175773
37191363
37253339
37268108
37283142
37298720
37360938
37375641
37390539
37406089
37468545
37483240
37498072
37513486
37576180
37590847
37605671
37621019
37683825
37698482
37713278
37728618
37791510
37806127
37820913
37836225
37899217
37913812
37928558
37943860
38007118
38021519
38036243
38051505
38115039
38129420
38143950
38159190
38223000
38237341
38251851
38266897
38331159
38345302
38359772
38374798
38439348
38453461
38467733
38482719
38547583
38561650
38575892
38590680
38655826
38669885
38684081
38698839
38764089
38778128
38792316
38807028
38872376
38886391
38900559
38915263
38980709
38994678
39008822
39023506
39089236
39103011
39117109
39131769
39197801
39211538
39225442
39240056
39306384
39320103
39333969
39348389
39415061
39428686
39442534
39456916
39523862
39537363
39551117
39565481
39632671
39646164
39659794
39674064
39741524
39754973
39768595
39782741
39850393
39863826
39877404
39891542
39959360
39972695
39986257
40000351
40068343
40081662
40095126
40109204
40177444
40190645
40204093
40218073
40286587
40299746
40313076
40327040
40395844
40408889
40422177
40436023
40505125
40518146
40531320
40545124
40614458
40627427
40640577
40654267
40723817
40736760
40749858
40763524
40833186
40846119
40859191
40872805
40942573
40955488
40968550
40982138
41052026
41064875
41077919
41091497
41161625
41174328
41187306
41200866
41271268
41283927
41296759
41310253
41381001
41393570
41406358
41419706
41490840
41503303
41516001
41529305
41600695
41613142
41625734
41638948
41710618
41722997
41735573
41748681
41820575
41832920
41845428
41858520
41930540
41942877
41955351
41968375
42040553
42052842
42065308
42078298
42150594
42162855
42175273
42188255
42260721
42272896
42285286
42298220
42370924
42383023
42395327
42408233
42481267
42493226
42505454
42518274
42591652
42603569
42615657
42628401
42702221
42713954
42726000
42738604
42812854
42824523
42836385
42848947
42923511
42935156
42946954
42959332
43034234
43045813
43057587
43069901
43144971
43156536
43168244
43180534
43255750
43267273
43278967
43291191
43366615
43378052
43389704
43401914
43477540
43488917
43500483
43512651
43588493
43599842
43611348
43623430
43699472
43710795
43722273
43734295
43810489
43821774
43833226
43845220
43921580
43932791
43944205
43956173
44032812
44043882
44055222
44067152
44143903
44155185
44166313
44178169
44255206
44266334
44277616
44289260
44366358
44377637
44389013
44400563
44477661
44489034
44500536
44511960
44589058
44600557
44611981
44623483
44700581
44712005
44723504
44735018
44812055
44823528
44835039
44846655
44923578
44935063
44946676
44958306
45035113
45046700
45058327
45070085
45146750
45158351
45170106
45181988
45258401
45270130
45282009
45293969
45370180
45382033
45393990
45406052
45482083
45494014
45506073
45518221
45594064
45606097
45618242
45630416
45706147
45718266
45730437
45742721
45818316
45830461
45842742
45855040
45930511
45942766
45955061
45967369
46042816
46055085
46067390
46079732
46155135
46167414
46179753
46192119
46267464
46279777
46292140
46304620
46379827
46392164
46404641
46417187
46492214
46504665
46517208
46529780
46604715
46617232
46629801
46642419
46717282
46729825
46742440
46755158
46829875
46842464
46855179
46867965
46942514
46955203
46967986
46980826
47055253
47068010
47080847
47093699
47168060
47180871
47193720
47206636
47280921
47293744
47306657
47319687
47393794
47406681
47419708
47432826
47506731
47519732
47532847
47546095
47619782
47632871
47646116
47659372
47732921
47746140
47759393
47772667
47846190
47859417
47872688
47885992
47959467
47972712
47986013
47999473
48072762
48086037
48099494
48112962
48186087
48199518
48212983
48226533
48299568
48313007
48326554
48340148
48413057
48426578
48440169
48453813
48526628
48540193
48553834
48567534
48640243
48653858
48667555
48681311
48753908
48767579
48781332
48795104
48867629
48881356
48895125
48908971
48981406
48995149
49008992
49022974
49095199
49109016
49122995
49136985
49209066
49223019
49237006
49251012
49323069
49337030
49351033
49365145
49437080
49451057
49465166
49479340
49551107
49565190
49579361
49593553
49665240
49679385
49693574
49707790
49779435
49793598
49807811
49822081
49893648
49907835
49922102
49936594
50007885
50022126
50036615
50051177
50122176
50136639
50151198
50165858
50236689
50251222
50265879
50280547
50351272
50365903
50380568
50395256
50465953
50480592
50495277
50510005
50580642
50595301
50610026
50624762
50695351
50710050
50724783
50739583
50810100
50824807
50839604
50854416
50924857
50939628
50954437
50969309
51039678
51054461
51069330
51084304
51154511
51169354
51184325
51199329
51269404
51284349
51299350
51314362
51384399
51399374
51414383
51429429
51499424
51514407
51529450
51544600
51614457
51629474
51644621
51659855
51729524
51744645
51759876
51775194
51844695
51859900
51875215
51890583
51959950
51975239
51990604
52005994
52075289
52090628
52106015
52121529
52190678
52206039
52221550
52237116
52306089
52321574
52337137
52352777
52421624
52437161
52452798
52468640
52537211
52552822
52568661
52584585
52652872
52668685
52684606
52700560
52768735
52784630
52800581
52868801
52884680
52900605
52968885
52984746
53000655
53068977
53084830
53100721
53169088
53184922
53200805
53269260
53285033
53300897
53369439
53385205
53401008
53469634
53485384
53501180
53569848
53585579
53601359
53670077
53685793
53701554
53770368
53786022
53801768
53870662
53886313
53901997
53970964
53986607
54002288
54071308
54086909
54102582
54171660
54187253
54202884
54272036
54287605
54303228
54372419
54387981
54403580
54472806
54488364
54503956
54573215
54588751
54604339
54673640
54689160
54704726
54774075
54789585
54805135
54874532
54890020
54905560
54974992
54990477
55005995
55075492
55090937
55106452
55176036
55191437
55206912
55276589
55291981
55307412
55377166
55392534
55407956
55477747
55493111
55508509
55578332
55593692
55609086
55678943
55694277
55709667
55779588
55794888
55810252
55880236
55895533
55910863
55980899
55996181
56011508
56081565
56096844
56112156
56182237
56197510
56212819
56282913
56298182
56313485
56383595
56398858
56414157
56484290
56499540
56514833
56584991
56600235
56615515
56685697
56700936
56716210
56786408
56801642
56816911
56887130
56902353
56917617
56987862
57003075
57018328
57088610
57103807
57119050
57189361
57204555
57219782
57290120
57305306
57320530
57390883
57406065
57421281
57491665
57506828
57522040
57592497
57607610
57622803
57693338
57708442
57723585
57794189
57809283
57824417
57895052
57910134
57925258
57995921
58010997
58026109
58096801
58111866
58126972
58197695
58212746
58227841
58298610
58313640
58328721
58399580
58414555
58429615
58500558
58515525
58530530
58601555
58616503
58631500
58702557
58717500
58732478
58803572
58818502
58833475
58904591
58919517
58934477
59005615
59020536
59035492
59106650
59121560
59136511
59207697
59222595
59237535
59308758
59323642
59338570
59409837
59424703
59439617
59510938
59525782
59540678
59612042
59626883
59641757
59713179
59727987
59742858
59814326
59829124
59843962
59915486
59930271
59945099
60016665
60031431
60046246
60117866
60132610
60147406
60219105
60233811
60248585
60320387
60335050
60349786
60421690
60436332
60451025
60523017
60537635
60552307
60624347
60638962
60653610
60725701
60740292
60754937
60827059
60841646
60856267
60928474
60943004
60957621
61029895
61044419
61058979
61131320
61145840
61160394
61232766
61247265
61261815
61334220
61348711
61363240
61435679
61450165
61464686
61537145
61551624
61566140
61638701
61653090
61667599
61740269
61754646
61769065
61841851
61856214
61870621
61943447
61957796
61972189
62045049
62059392
62073771
62146674
62160994
62175367
62248324
62262619
62276969
62349987
62364269
62378594
62451653
62465932
62480244
62553331
62567598
62581907
62655026
62669276
62683573
62756729
62770971
62785251
62858438
62872674
62886946
62960196
62974383
62988649
63061957
63076141
63090358
63163730
63177902
63192116
63265512
63279675
63293877
63367302
63381457
63395650
63469106
63483247
63497432
63570915
63585051
63599222
63672728
63686860
63701026
63774552
63788673
63802835
63876380
63890497
63904648
63978215
63992325
64006472
64080057
64094160
64108300
64181903
64196002
64210135
64283767
64297848
64311977
64385652
64399712
64413823
64487552
64501597
64515687
64589455
64603497
64617572
64691365
64705400
64719472
64793278
64807310
64821375
64895202
64909223
64923285
64997139
65011147
65025198
65099097
65113084
65127122
65201086
65215042
65229059
65303080
65317031
65331017
65405089
65419025
65433006
65507101
65521034
65535000
65609125
65623046
65637009
65711152
65725070
65739021
65813182
65827097
65841045
65915224
65929127
65943072
66017269
66031169
66045102
66119350
66133214
66147144
66221436
66235295
66249189
66323558
66337381
66351270
66425684
66439503
66453356
66527815
66541629
66555478
66629959
66643760
66657604
66732106
66745904
66759735
66834263
66848051
66861879
66936449
66950208
66964026
67038644
67052394
67066183
67140843
67154589
67168369
67243072
67256788
67270564
67345306
67359017
67372763
67447549
67461251
67474992
67549802
67563494
67577226
67652079
67665747
67679469
67754359
67768024
67781722
67856705
67870304
67883999
67959054
67972650
67986279
68061419
68074999
68088625
68163789
68177364
68190974
68266186
68279734
68293339
68368588
68382131
68395709
68470999
68484533
68498106
68573446
68586944
68600508
68675899
68689391
68702919
68778355
68791844
68805366
68880820
68894300
68907819
68983297
68996765
69010275
69085785
69099242
69112740
69188289
69201730
69215217
69290807
69304234
69317705
69393354
69406752
69420209
69495904
69509299
69522727
69598469
69611849
69625274
69701042
69714414
69727824
69803622
69816987
69830389
69906208
69919567
69932962
70008809
70022153
70035542
70111424
70124754
70138128
70214061
70227369
70240729
70316727
70330006
70343344
70419402
70432672
70445981
70522088
70535347
70548647
70624798
70638033
70651322
70727512
70740743
70754008
70830242
70843457
70856718
70932988
70946187
70959432
71035739
71048933
71062162
71138495
71151684
71164908
71241254
71254440
71267659
71344034
71357199
71370415
71446824
71459979
71473174
71549617
71562769
71575954
71652419
71665562
71678744
71755245
71768364
71781537
71858097
71871190
71884339
71960958
71974042
71987165
72063822
72076903
72090017
72166696
72179767
72192878
72269577
72282641
72295742
72372466
72385522
72398616
72475361
72488411
72501497
72578260
72591306
72604386
72681172
72694205
72707281
72784096
72797117
72810180
72887027
72900041
72913092
72989974
73002972
73016016
73092932
73105919
73118947
73195896
73208877
73221894
73298870
73311841
73324852
73401938
73414815
73427816
73505030
73517883
73530790
73608141
73620975
73633858
73711263
73724086
73736950
73814388
73827208
73840061
73917579
73930333
73943183
74020781
74033524
74046308
74123991
74136726
74149499
74227207
74239936
74252701
74330447
74343152
74355911
74433690
74446392
74459127
74536937
74549635
74562367
74640194
74652882
74665610
74743499
74756139
74768857
74846812
74859444
74872114
74950128
74962757
74975419
75053457
75066073
75078732
75156792
75169402
75182048
75260130
75272737
75285377
75363481
75376075
75388712
75466837
75479426
75492050
75570205
75582782
75595401
75673591
75686150
75698757
75777004
75789536
75802125
75880447
75892949
75905511
75983900
75996392
76008924
76087364
76099845
76112367
76190864
76203309
76215820
76294387
76306809
76319284
76397913
76410332
76422784
76501498
76513858
76526307
76605094
76617443
76629833
76708700
76721039
76733418
76812318
76824645
76837014
76915948
76928263
76940620
77019583
77031893
77044238
77123253
77135528
77147868
77226926
77239198
77251503
77330614
77342871
77355173
77434307
77446559
77458846
77538038
77550252
77562534
77641809
77653983
77666227
77745587
77757754
77769958
77849374
77861532
77873729
77953164
77965319
77977507
78056995
78069109
78081294
78160833
78172940
78185084
78264690
78276778
78288915
78368561
78380635
78392753
78472439
78484506
78496610
78576325
78588384
78600481
78680221
78692270
78704359
78784162
78796166
78808245
78888106
78900107
78912141
78992062
79004051
79016082
79096031
79108007
79120026
79200003
79211976
79223982
79304002
79315948
79327951
79408022
79419947
79431923
79512048
79523967
79535922
79616078
79627993
79639942
79720116
79732023
79743968
79824164
79836061
79847998
79928215
79940109
79952036
80032279
80044160
80056084
80136350
80148224
80160135
80240440
80252295
80264199
80344548
80356385
80368270
80448683
80460493
80472360
80552844
80564628
80576468
80657031
80668789
80680603
80761222
80772976
80784764
80865424
80877167
80888951
80969643
80981369
80993142
81073874
81085588
81097344
81178141
81189819
81201563
81282412
81294086
81305794
81386721
81398357
81410061
81491064
81502666
81514332
81595515
81607009
81618641
81700002
81711460
81722984
81804508
81815947
81827435
81909044
81920453
81931922
82013605
82024989
82036428
82118171
82129550
82140964
82222746
82234116
82245525
82327349
82338691
82350091
82431961
82443294
82454666
82536586
82547906
82559269
82641232
82652531
82663881
82745893
82757177
82768506
82850583
82861838
82873152
82955288
82966528
82977813
83059997
83071233
83082503
83164727
83175942
83187208
83269460
83280672
83291917
83374201
83385405
83396647
83478964
83490146
83501380
83583738
83594909
83606121
83688519
83699683
83710884
83793347
83804464
83815658
83898183
83909292
83920439
84003064
84014128
84025267
84107952
84119009
84130103
84212843
84223897
84234984
84317741
84328788
84339872
84422684
84433686
84444763
84527638
84538629
84549661
84632605
84643583
84654604
84737601
84748550
84759558
84842602
84853546
84864525
84947619
84958547
84969521
85052643
85063564
85074522
85157688
85168588
85179539
85262764
85273633
85284563
85367876
85378709
85389608
85472993
85483821
85494684
85578127
85588938
85599796
85683267
85694072
85704913
85788419
85799212
85810047
85893578
85904364
85915187
85998745
86009523
86020339
86103920
86114690
86125498
86209104
86219865
86230665
86314301
86325049
86335840
86419509
86430246
86441024
86524722
86535454
86546221
86629976
86640667
86651429
86735249
86745921
86756642
86840528
86851194
86861896
86945841
86956473
86967169
87051181
87061786
87072448
87156525
87167126
87177761
87261873
87272470
87283101
87367253
87377818
87388445
87472636
87483198
87493793
87578031
87588581
87599173
87683437
87693976
87704556
87788854
87799382
87809951
87894283
87904799
87915357
87999735
88010228
88020774
88105194
88115680
88126203
88210689
88221139
88231655
88316189
88326634
88337114
88421694
88432134
88442609
88527214
88537639
88548109
88632744
88643159
88653614
88738282
88748689
88759134
88843823
88854227
88864664
88949377
88959768
88970202
89054938
89065322
89075743
89160508
89170883
89181297
89266081
89276453
89286858
89371662
89382026
89392428
89477255
89487607
89498001
89582854
89593200
89603582
89688458
89698799
89709175
89794078
89804403
89814774
89899706
89910023
89920378
90005340
90015651
90025998
90110977
90121285
90131626
90216623
90226922
90237260
90322289
90332568
90342897
90427964
90438234
90448543
90533645
90543909
90554209
90639349
90649590
90659884
90745067
90755294
90765565
90850796
90861012
90871269
90956552
90966741
90976987
91062333
91072497
91082716
91168120
91178278
91188472
91273917
91284065
91294253
91379729
91389862
91400040
91485572
91495674
91505837
91591423
91601517
91611649
91697281
91707368
91717492
91803149
91813226
91823343
91909032
91919094
91929201
92014927
92024977
92035069
92120827
92130872
92140952
92226730
92236772
92246847
92332644
92342675
92352747
92438570
92448589
92458650
92544504
92554515
92564564
92650448
92660449
92670490
92756404
92766393
92776424
92862365
92872349
92882368
92968334
92978310
92988324
93074343
93084279
93094285
93180358
93190288
93200254
93286392
93296303
93306263
93392443
93402337
93412278
93498498
93508388
93518312
93604587
93614443
93624363
93710697
93720532
93730418
93816811
93826642
93836507
93922928
93932756
93942617
94029066
94038873
94048731
94135207
94145011
94154848
94241355
94251152
94260986
94347528
94357300
94367127
94453713
94463473
94473275
94559919
94569658
94579448
94666133
94675864
94685633
94772376
94782078
94791839
94878631
94888321
94898053
94984890
94994576
95004296
95091201
95100835
95110551
95197515
95207146
95216810
95303848
95313460
95323121
95410184
95419793
95429435
95516538
95526129
95535768
95622901
95632483
95642104
95729276
95738846
95748458
95835661
95845221
95854821
95942052
95951606
95961196
96048464
96057997
96067581
96154886
96164409
96173972
96261347
96270831
96280384
96367812
96377292
96386806
96474311
96483757
96493267
96580813
96590256
96599732
96687321
96696758
96706231
96793853
96803266
96812733
96900390
96909798
96919241
97006935
97016335
97025773
97113483
97122880
97132310
97220043
97229428
97238855
97326607
97335988
97345403
97433226
97442552
97451963
97539850
97549171
97558527
97646477
97655795
97665146
97753107
97762422
97771770
97859788
97869052
97878397
97966490
97975733
97985027
98073213
98082435
98091708
98179965
98189158
98198410
98286720
98295910
98305133
98393478
98402665
98411885
98500251
98509423
98518640
98607033
98616196
98625398
98713825
98722978
98732171
98820624
98829770
98838953
98927443
98936569
98945745
99034283
99043388
99052544
99141127
99150228
99159363
99247974
99257072
99266203
99354826
99363919
99373047
99461705
99470771
99479894
99568588
99577650
99586746
99675536
99684533
99693625
99782488
99791481
99800508
99889454
99898433
99907456
99996424
100005399
100014408
100103445
100112369
100121374
100210475
100219390
100228344
100317520
100326420
100335365
100424568
100433465
100442395
100531638
100540513
100549440
100638748
100647583
100656488
100745861
100754693
100763558
100852990
100861806
100870668
100960127
100968935
100977781
101067267
101076072
101084910
101174418
101183212
101192047
101281585
101290363
101299187
101388757
101397530
101406338
101495951
101504702
101513505
101603162
101611896
101620677
101710401
101719107
101727871
101817674
101826346
101835082
101924950
101933619
101942321
102032230
102040895
102049594
102139518
102148175
102156870
102246817
102255463
102264150
102354127
102362762
102371438
102461443
102470072
102478737
102568768
102577388
102586047
102676097
102684713
102693363
102783448
102792042
102800688
102890806
102899393
102908017
102998177
103006751
103015368
103105562
103114122
103122726
103212956
103221507
103230097
103320363
103328901
103337482
103427816
103436308
103444876
103535298
103543761
103552283
103642787
103651243
103659736
103750288
103758732
103767218
103857792
103866233
103874707
103965342
103973737
103982208
104072899
104081287
104089712
104180462
104188844
104197262
104288071
104296407
104304819
104395686
104404016
104412382
104503328
104511631
104519991
104610983
104619273
104627606
104718641
104726928
104735248
104826329
104834586
104842903
104934043
104942274
104950561
105041762
105049988
105058249
105149487
105157707
105165963
105257216
105265432
105273682
105364961
105373161
105381407
105472735
105480906
105489136
105580518
105588680
105596881
105688334
105696463
105704655
105796156
105804279
105812438
105903991
105912101
105920254
106011844
106019936
106028076
106119701
106127789
106135911
106227595
106235646
106243764
106335507
106343540
106351621
106443425
106451452
106459515
106551346
106559370
106567427
106659284
106667291
106675345
106767228
106775229
106783266
106875187
106883173
106891204
106983151
106991132
106999148
107091122
107099096
107107107
107199094
107207075
107215071
107307072
107315061
107323050
107415051
107423049
107431042
107523043
107531041
107539037
107631038
107639037
107731038
107739037
107831038
107839037
107931038
107939037
108031038
108039037
108131038
108139037
108231038
108239037
108331038
108339037
108431038
108439037
108531038
108539037
108631038
108639037
108731038
108739037
108831038
108839037
108931038
108939037
109031038
109039037
109131038
109139037
109231038
109239037
109331038
109339037
109431038
109439037
109531038
109539037
109631038
109639037
109731038
109739037
109831038
109839037
109931038
109939037
110031038
110039037
110131038
110139037
110231038
110239037
110331038
110339037
110431038
110439037
110531038
110539037
110631038
110639037
110731038
110739037
110831038
110839037
110931038
110939037
111031038
111039037
111131038
111139037
111231038
111239037
111331038
111339037
111431038
111439037
111531038
111539037
111631038
111639037
111731038
111739037
111831038
111839037
111931038
111939037
112031038
112039037
112131038
112139037
112231038
112239037
112331038
112339037
112431038
112439037
112531038
112539037
112631038
112639037
112731038
112739037
112831038
112839037
112931038
112939037
113031038
113039037
113131038
113139037
113231038
113239037
113331038
113339037
113431038
113439037
113531038
113539037
113631038
113639037
113731038
113739037
113831038
113839037
113931038
113939037
114031038
114039037
114131038
114139037
114231038
114239037
114331038
114339037
114431038
114439037
114531038
114539037
114631038
114639037
114731038
114739037
114831038
114839037
114931038
114939037
115031038
115039037
115131038
115139037
115231038
115239037
115331038
115339037
115431038
115439037
115531038
115539037
115631038
115639037
115731038
115739037
115831038
115839037
115931038
115939037
116031038
116039037
116131038
116139037
116231038
116239037
116331038
116339037
116431038
116439037
116531038
116539037
116631038
116639037
116731038
116739037
116831038
116839037
116931038
116939037
117031038
117039037
117131038
117139037
117231038
117239037
117331038
117339037
117431038
117439037
117531038
117539037
117631038
117639037
117731038
117739037
117831038
117839037
117931038
117939037
118031038
118039037
118131038
118139037
118231038
118239037
118331038
118339037
118431038
118439037
118531038
118539037
118631038
118639037
118731038
118739037
118831038
118839037
118931038
118939037
119031038
119039037
119131038
119139037
119231038
119239037
119331038
119339037
119431038
119439037
119531038
119539037
119631038
119639037
119731038
119739037
119831038
119839037
119931038
119939037
120031038
120039037
120131038
120139037
120231038
120239037
120331038
120339037
120431038
120439037
120531038
120539037
120631038
120639037
120731038
120739037
120831038
120839037
120931038
120939037
121031038
121039037
121131038
121139037
121231038
121239037
121331038
121339037
121431038
121439037
121531038
121539037
121631038
121639037
121731038
121739037
121831038
121839037
121931038
121939037
122031038
122039037
122131038
122139037
122231038
122239037
122331038
122339037
122431038
122439037
122531038
122539037
122631038
122639037
122731038
122739037
122831038
122839037
122931038
122939037
123031038
123039037
123131038
123139037
123231038
123239037
123331038
123339037
123431038
123439037
123531038
123539037
123631038
123639037
123731038
123739037
123831038
123839037
123931038
123939037
124031038
124039037
124131038
124139037
124231038
124239037
124331038
124339037
124431038
124439037
124531038
124539037
124631038
124639037
124731038
124739037
124831038
124839037
124931038
124939037
125031038
125039037
125131038
125139037
125231038
125239037
125331038
125339037
125431038
125439037
125531038
125539037
125631038
125639037
125731038
125739037
125831038
125839037
125931038
125939037
126031038
126039037
126131038
126139037
126231038
126239037
126331038
126339037
126431038
126439037
126531038
126539037
126631038
126639037
126731038
126739037
126831038
126839037
126931038
126939037
127031038
127039037
127131038
127139037
127231038
127239037
127331038
127339037
127431038
127439037
127531038
127539037
127631038
127639037
127731038
127739037
127831038
127839037
127931038
127939037
128031038
128039037
128131038
128139037
128231038
128239037
128331038
128339037
128431038
128439037
128531038
128539037
128631038
128639037
128731038
128739037
128831038
128839037
128931038
128939037
129031038
129039037
129131038
129139037
129231038
129239037
129331038
129339037
129431038
129439037
129531038
129539037
129631038
129639037
129731038
129739037
129831038
129839037
129931038
129939037
130031038
130039037
130131038
130139037
130231038
130239037
130331038
130339037
130431038
130439037
130531038
130539037
130631038
130639037
130731038
130739037
130831038
130839037
130931038
130939037
131031038
131039037
131131038
131139037
131231038
131239037
131331038
131339037
131431038
131439037
131531038
131539037
131631038
131639037
131731038
131739037
131831038
131839037
131931038
131939037
132031038
132039037
132131038
132139037
132231038
132239037
132331038
132339037
132431038
132439037
132531038
132539037
132631038
132639037
132731038
132739037
132831038
132839037
132931038
132939037
133031038
133039037
133131038
133139037
133231038
133239037
133331038
133339037
133431038
133439037
133531038
133539037
133631038
133639037
133731038
133739037
133831038
133839037
133931038
133939037
134031038
134039037
134131038
134139037
134231038
134239037
134331038
134339037
134431038
134439037
134531038
134539037
134631038
134639037
134731038
134739037
134831038
134839037
134931038
134939037
135031038
135039037
135131038
135139037
135231038
135239037
135331038
135339037
135431038
135439037
135531038
135539037
135631038
135639037
135731038
135739037
135831038
135839037
135931038
135939037
136031038
136039037
136131038
136139037
136231038
136239037
136331038
136339037
136431038
136439037
136531038
136539037
136631038
136639037
136731038
136739037
136831038
136839037
136931038
136939037
137031038
137039037
137131038
137139037
137231038
137239037
137331038
137339037
137431038
137439037
137531038
137539037
137631038
137639037
137731038
137739037
137831038
137839037
137931038
137939037
138031038
138039037
138131038
138139037
138231038
138239037
138331038
138339037
138431038
138439037
138531038
138539037
138631038
138639037
138731038
138739037
138831038
138839037
138931038
138939037
139031038
139039037
139131038
139139037
139231038
139239037
139331038
139339037
139431038
139439037
139531038
139539037
139631038
139639037
139731038
139739037
139831038
139839037
139931038
139939037
140031038
140039037
140131038
140139037
140231038
140239037
140331038
140339037
140431038
140439037
140531038
140539037
140631038
140639037
140731038
140739037
140831038
140839037
140931038
140939037
141031038
141039037
141131038
141139037
141231038
141239037
141331038
141339037
141431038
141439037
141531038
141539037
141631038
141639037
141731038
141739037
141831038
141839037
141931038
141939037
142031038
142039037
142131038
142139037
142231038
142239037
142331038
142339037
142431038
142439037
142531038
142539037
142631038
142639037
142731038
142739037
142831038
142839037
142931038
142939037
143031038
143039037
143131038
143139037
143231038
143239037
143331038
143339037
143431038
143439037
143531038
143539037
143631038
143639037
143731038
143739037
143831038
143839037
143931038
143939037
144031038
144039037
144131038
144139037
144231038
144239037
144331038
144339037
144431038
144439037
144531038
144539037
144631038
144639037
144731038
144739037
144831038
144839037
144931038
144939037
145031038
145039037
145131038
145139037
145231038
145239037
145331038
145339037
145431038
145439037
145531038
145539037
145631038
145639037
145731038
145739037
145831038
145839037
145931038
145939037
146031038
146039037
146131038
146139037
146231038
146239037
146331038
146339037
146431038
146439037
146531038
146539037
146631038
146639037
146731038
146739037
146831038
146839037
146931038
146939037
147031038
147039037
147131038
147139037
147231038
147239037
147331038
147339037
147431038
147439037
147531038
147539037
147631038
147639037
147731038
147739037
147831038
147839037
147931038
147939037
148031038
148039037
148131038
148139037
148231038
148239037
148331038
148339037
148431038
148439037
148531038
148539037
148631038
148639037
148731038
148739037
148831038
148839037
148931038
148939037
149031038
149039037
149131038
149139037
149231038
149239037
149331038
149339037
149431038
149439037
149531038
149539037
149631038
149639037
149731038
149739037
149831038
149839037
149931038
149939037
150031038
150039037
150131038
150139037
150231038
150239037
150331038
150339037
150431038
150439037
150531038
150539037
150631038
150639037
150731038
150739037
150831038
150839037
150931038
150939037
151031038
151039037
151131038
151139037
151231038
151239037
151331038
151339037
151431038
151439037
151531038
151539037
151631038
151639037
151731038
151739037
151831038
151839037
151931038
151939037
152031038
152039037
152131038
152139037
152231038
152239037
152331038
152339037
152431038
152439037
152531038
152539037
152631038
152639037
152731038
152739037
152831038
152839037
152931038
152939037
153031038
153039037
153131038
153139037
153231038
153239037
153331038
153339037
153431038
153439037
153531038
153539037
153631038
153639037
153731038
153739037
153831038
153839037
153931038
153939037
154031038
154039037
154131038
154139037
154231038
154239037
154331038
154339037
154431038
154439037
154531038
154539037
154631038
154639037
154731038
154739037
154831038
154839037
154931038
154939037
155031038
155039037
155131038
155139037
155231038
155239037
155331038
155339037
155431038
155439037
155531038
155539037
155631038
155639037
155731038
155739037
155831038
155839037
155931038
155939037
156031038
156039037
156131038
156139037
156231038
156239037
156331038
156339037
156431038
156439037
156531038
156539037
156631038
156639037
156731038
156739037
156831038
156839037
156931038
156939037
157031038
157039037
157131038
157139037
157231038
157239037
157331038
157339037
157431038
157439037
157531038
157539037
157631038
157639037
157731038
157739037
157831038
157839037
157931038
157939037
158031038
158039037
158131038
158139037
158231038
158239037
158331038
158339037
158431038
158439037
158531038
158539037
158631038
158639037
158731038
158739037
158831038
158839037
158931038
158939037
159031038
159039037
159131038
159139037
159231038
159239037
159331038
159339037
159431038
159439037
159531038
159539037
159631038
159639037
159731038
159739037
159831038
159839037
159931038
159939037
160031038
160039037
160131038
160139037
160231038
160239037
160331038
160339037
160431038
160439037
160531038
160539037
160631038
160639037
160731038
160739037
160831038
160839037
160931038
160939037
161031038
161039037
161131038
161139037
161231038
161239037
161331038
161339037
161431038
161439037
161531038
161539037
161631038
161639037
161731038
161739037
161831038
161839037
161931038
161939037
162031038
162039037
162131038
162139037
162231038
162239037
162331038
162339037
162431038
162439037
162531038
162539037
162631038
162639037
162731038
162739037
162831038
162839037
162931038
162939037
163031038
163039037
163131038
163139037
163231038
163239037
163331038
163339037
163431038
163439037
163531038
163539037
163631038
163639037
163731038
163739037
163831038
163839037
163931038
163939037
164031038
164039037
164131038
164139037
164231038
164239037
164331038
164339037
164431038
164439037
164531038
164539037
164631038
164639037
164731038
164739037
164831038
164839037
164931038
164939037
165031038
165039037
165131038
165139037
165231038
165239037
165331038
165339037
165431038
165439037
165531038
165539037
165631038
165639037
165731038
165739037
165831038
165839037
165931038
165939037
166031038
166039037
166131038
166139037
166231038
166239037
166331038
166339037
166431038
166439037
166531038
166539037
166631038
166639037
166731038
166739037
166831038
166839037
166931038
166939037
167031038
167039037
167131038
167139037
167231038
167239037
167331038
167339037
167431038
167439037
167531038
167539037
167631038
167639037
167731038
167739037
167831038
167839037
167931038
167939037
168031038
168039037
168131038
168139037
168231038
168239037
168331038
168339037
168431038
168439037
168531038
168539037
168631038
168639037
168731038
168739037
168831038
168839037
168931038
168939037
169031038
169039037
169131038
169139037
169231038
169239037
169331038
169339037
169431038
169439037
169531038
169539037
169631038
169639037
169731038
169739037
169831038
169839037
169931038
169939037
170031038
170039037
170131038
170139037
170231038
170239037
170331038
170339037
170431038
170439037
170531038
170539037
170631038
170639037
170731038
170739037
170831038
170839037
170931038
170939037
171031038
171039037
171131038
171139037
171231038
171239037
171331038
171339037
171431038
171439037
171531038
171539037
171631038
171639037
171731038
171739037
171831038
171839037
171931038
171939037
172031038
172039037
172131038
172139037
172231038
172239037
172331038
172339037
172431038
172439037
172531038
172539037
172631038
172639037
172731038
172739037
172831038
172839037
172931038
172939037
173031038
173039037
173131038
173139037
173231038
173239037
173331038
173339037
173431038
173439037
173531038
173539037
173631038
173639037
173731038
173739037
173831038
173839037
173931038
173939037
174031038
174039037
174131038
174139037
174231038
174239037
174331038
174339037
174431038
174439037
174531038
174539037
174631038
174639037
174731038
174739037
174831038
174839037
174931038
174939037
175031038
175039037
175131038
175139037
175231038
175239037
175331038
175339037
175431038
175439037
175531038
175539037
175631038
175639037
175731038
175739037
175831038
175839037
175931038
175939037
176031038
176039037
176131038
176139037
176231038
176239037
176331038
176339037
176431038
176439037
176531038
176539037
176631038
176639037
176731038
176739037
176831038
176839037
176931038
176939037
177031038
177039037
177131038
177139037
177231038
177239037
177331038
177339037
177431038
177439037
177531038
177539037
177631038
177639037
177731038
177739037
177831038
177839037
177931038
177939037
178031038
178039037
178131038
178139037
178231038
178239037
178331038
178339037
178431038
178439037
178531038
178539037
178631038
178639037
178731038
178739037
178831038
178839037
178931038
178939037
179031038
179039037
179131038
179139037
179231038
179239037
179331038
179339037
179431038
179439037
179531038
179539037
179631038
179639037
179731038
179739037
179831038
179839037
179931038
179939037
180031038
180039037
180131038
180139037
180231038
180239037
180331038
180339037
180431038
180439037
180531038
180539037
180631038
180639037
180731038
180739037
180831038
180839037
180931038
180939037
181031038
181039037
181131038
181139037
181231038
181239037
181331038
181339037
181431038
181439037
181531038
181539037
181631038
181639037
181731038
181739037
181831038
181839037
181931038
181939037
182031038
182039037
182131038
182139037
182231038
182239037
182331038
182339037
182431038
182439037
182531038
182539037
182631038
182639037
182731038
182739037
182831038
182839037
182931038
182939037
183031038
183039037
183131038
183139037
183231038
183239037
183331038
183339037
183431038
183439037
183531038
183539037
183631038
183639037
183731038
183739037
183831038
183839037
183931038
183939037
184031038
184039037
184131038
184139037
184231038
184239037
184331038
184339037
184431038
184439037
184531038
184539037
184631038
184639037
184731038
184739037
184831038
184839037
184931038
184939037
185031038
185039037
185131038
185139037
185231038
185239037
185331038
185339037
185431038
185439037
185531038
185539037
185631038
185639037
185731038
185739037
185831038
185839037
185931038
185939037
186031038
186039037
186131038
186139037
186231038
186239037
186331038
186339037
186431038
186439037
186531038
186539037
186631038
186639037
186731038
186739037
186831038
186839037
186931038
186939037
187031038
187039037
187131038
187139037
187231038
187239037
187331038
187339037
187431038
187439037
187531038
187539037
187631038
187639037
187731038
187739037
187831038
187839037
187931038
187939037
188031038
188039037
188131038
188139037
188231038
188239037
188331038
188339037
188431038
188439037
188531038
188539037
188631038
188639037
188731038
188739037
188831038
188839037
188931038
188939037
189031038
189039037
189131038
189139037
189231038
189239037
189331038
189339037
189431038
189439037
189531038
189539037
189631038
189639037
189731038
189739037
189831038
189839037
189931038
189939037
190031038
190039037
190131038
190139037
190231038
190239037
190331038
190339037
190431038
190439037
190531038
190539037
190631038
190639037
190731038
190739037
190831038
190839037
190931038
190939037
191031038
191039037
191131038
191139037
191231038
191239037
191331038
191339037
191431038
191439037
191531038
191539037
191631038
191639037
191731038
191739037
191831038
191839037
191931038
191939037
192031038
192039037
192131038
192139037
192231038
192239037
192331038
192339037
192431038
192439037
192531038
192539037
192631038
192639037
192731038
192739037
192831038
192839037
192931038
192939037
193031038
193039037
193131038
193139037
193231038
193239037
193331038
193339037
193431038
193439037
193531038
193539037
193631038
193639037
193731038
193739037
193831038
193839037
193931038
193939037
194031038
194039037
194131038
194139037
194231038
194239037
194331038
194339037
194431038
194439037
194531038
194539037
194631038
194639037
194731038
194739037
194831038
194839037
194931038
194939037
195031038
195039037
195131038
195139037
195231038
195239037
195331038
195339037
195431038
195439037
195531038
195539037
195631038
195639037
195731038
195739037
195831038
195839037
195931038
195939037
196031038
196039037
196131038
196139037
196231038
196239037
196331038
196339037
196431038
196439037
196531038
196539037
196631038
196639037
196731038
196739037
196831038
196839037
196931038
196939037
197031038
197039037
197131038
197139037
197231038
197239037
197331038
197339037
197431038
197439037
197531038
197539037
197631038
197639037
197731038
197739037
197831038
197839037
197931038
197939037
198031038
198039037
198131038
198139037
198231038
198239037
198331038
198339037
198431038
198439037
198531038
198539037
198631038
198639037
198731038
198739037
198831038
198839037
198931038
198939037
199031038
199039037
199131038
199139037
199231038
199239037
199331038
199339037
199431038
199439037
199531038
199539037
199631038
199639037
199731038
199739037
199831038
199839037
199931038
199939037
200031038
200039037
200131038
200139037
200231038
200239037
200331038
200339037
200431038
200439037
200531038
200539037
200631038
200639037
200731038
200739037
200831038
200839037
200931038
200939037
201031038
201039037
201131038
201139037
201231038
201239037
201331038
201339037
201431038
201439037
201531038
201539037
201631038
201639037
201731038
201739037
201831038
201839037
201931038
201939037
202031038
202039037
202131038
202139037
202231038
202239037
202331038
202339037
202431038
202439037
202531038
202539037
202631038
202639037
202731038
202739037
202831038
202839037
202931038
202939037
203031038
203039037
203131038
203139037
203231038
203239037
203331038
203339037
203431038
203439037
203531038
203539037
203631038
203639037
203731038
203739037
203831038
203839037
203931038
203939037
204031038
204039037
204131038
204139037
204231038
204239037
204331038
204339037
204431038
204439037
204531038
204539037
204631038
204639037
204731038
204739037
204831038
204839037
204931038
204939037
205031038
205039037
205131038
205139037
205231038
205239037
205331038
205339037
205431038
205439037
205531038
205539037
205631038
205639037
205731038
205739037
205831038
205839037
205931038
205939037
206031038
206039037
206131038
206139037
206231038
206239037
206331038
206339037
206431038
206439037
206531038
206539037
206631038
206639037
206731038
206739037
206831038
206839037
206931038
206939037
207031038
207039037
207131038
207139037
207231038
207239037
207331038
207339037
207431038
207439037
207531038
207539037
207631038
207639037
207731038
207739037
207831038
207839037
207931038
207939037
208031038
208039037
208131038
208139037
208231038
208239037
208331038
208339037
208431038
208439037
208531038
208539037
208631038
208639037
208731038
208739037
208831038
208839037
208931038
208939037
209031038
209039037
209131038
209139037
209231038
209239037
209331038
209339037
209431040
209523050
209615065
209707088
209799118
209891149
209983181
210075214
210167248
210259291
210351335
210443382
210535432
210627483
210719535
210811588
210903642
210995700
211087759
211179819
211271883
211363954
211456026
211548103
211640187
211732272
211824358
211916448
212008539
212100633
212192728
212284824
212376921
212469021
212561122
212653224
212745332
212837445
212929561
213021684
213113808
213205935
213298063
213390192
213482324
213574457
213666591
213758726
213850862
213942999
214035137
214127276
214219416
214311557
214403702
214495851
214588001
214680154
214772310
214864467
214956629
215048792
215140959
215233131
215325304
215417478
215509653
215601829
215694011
215786197
215878384
215970572
216062767
216154963
216247160
216339369
216431581
216523796
216616024
216708253
216800483
216892722
216984964
217077207
217169470
217261734
217353999
217446265
217538534
217630807
217723084
217815362
217907641
217999929
218092218
218184510
218276807
218369107
218461410
218553718
218646027
218738337
218830653
218922972
219015292
219107613
219199935
219292258
219384586
219476919
219569253
219661588
219753924
219846261
219938599
220030955
220123315
220215678
220308042
220400409
220492777
220585146
220677516
220769891
220862269
220954648
221047037
221139432
221231832
221324233
221416639
221509046
221601454
221693863
221786273
221878684
221971096
222063513
222155933
222248354
222340776
222433201
222525627
222618062
222710501
222802946
222895392
222987839
223080287
223172745
223265206
223357668
223450131
223542595
223635064
223727534
223820005
223912477
224004950
224097428
224189909
224282403
224374912
224467425
224559939
224652459
224744987
224837516
224930046
225022579
225115113
225207652
225300201
225392757
225485314
225577876
225670439
225763012
225855586
225948161
226040737
226133323
226225910
226318505
226411101
226503698
226596298
226688901
226781505
226874113
226966722
227059332
227151943
227244555
227337168
227429785
227522403
227615022
227707653
227800287
227892926
227985566
228078219
228170881
228263544
228356208
228448875
228541543
228634212
228726885
228819562
228912240
229004926
229097618
229190332
229283047
229375763
229468480
229561198
229653920
229746660
229839401
229932149
230024907
230117666
230210445
230303229
230396014
230488800
230581587
230674380
230767174
230859969
230952767
231045566
231138368
231231171
231323975
231416783
231509592
231602410
231695231
231788053
231880878
231973704
232066534
232159365
232252200
232345036
232437875
232530715
232623572
232716430
232809299
232902172
232995048
233087927
233180811
233273696
233366592
233459489
233552387
233645286
233738186
233831091
233923997
234016909
234109822
234202746
234295671
234388597
234481524
234574452
234667392
234760333
234853292
234946252
235039215
235132179
235225146
235318114
235411086
235504061
235597042
235690024
235783007
235875991
235968982
236061974
236154975
236247977
236340980
236433986
236527001
236620023
236713055
236806097
236899147
236992207
237085268
237178330
237271393
237364457
237457526
237550596
237643669
237736755
237829847
237922945
238016044
238109150
238202257
238295371
238388486
238481605
238574730
238667858
238761000
238854143
238947287
239040432
239133578
239226728
239319879
239413037
239506199
239599364
239692534
239785705
239878881
239972058
240065236
240158415
240251598
240344782
240437969
240531157
240624346
240717536
240810733
240903936
240997142
241090352
241183572
241276793
241370015
241463240
241556471
241649705
241742944
241836184
241929434
242022685
242115953
242209224
242302496
242395771
242489050
242582336
242675625
242768917
242862210
242955504
243048799
243142095
243235397
243328704
243422012
243515321
243608631
243701948
243795269
243888591
243981914
244075238
244168563
244261889
244355216
244448546
244541877
244635211
244728546
244821886
244915227
245008571
245101921
245195276
245288634
245381993
245475361
245568746
245662136
245755529
245848927
245942332
246035740
246129149
246222569
246315997
246409435
246502877
246596320
246689764
246783209
246876655
246970102
247063550
247157020
247250499
247343984
247437470
247530957
247624447
247717943
247811453
247904964
247998476
248091989
248185508
248279028
248372549
248466071
248559594
248653118
248746643
248840180
248933721
249027263
249120808
249214354
249307903
249401455
249495010
249588566
249682125
249775691
249869258
249962830
250056403
250149977
250243571
250337172
250430776
250524383
250617996
250711615
250805235
250898856
250992489
251086132
251179776
251273424
251367075
251460731
251554406
251648082
251741759
251835437
251929143
252022850
252116558
252210267
252303981
252397700
252491428
252585167
252678910
252772657
252866409
252960162
253053921
253147681
253241442
253335209
253428977
253522746
253616516
253710287
253804059
253897832
253991608
254085390
254179180
254272984
254366805
254460627
254554450
254648279
254742111
254835944
254929782
255023627
255117477
255211345
255305214
255399084
255492961
255586849
255680741
255774634
255868547
255962465
256056384
256150306
256244233
256338168
256432106
256526045
256619987
256713930
256807877
256901832
256995788
257089749
257183713
257277681
257371652
257465626
257559603
257653585
257747568
257841557
257935571
258029590
258123610
258217631
258311677
258405728
258499780
258593833
258687887
258781947
258876010
258970074
259064142
259158211
259252283
259346365
259440453
259534542
259628632
259722725
259816827
259910930
260005037
260099145
260193260
260287379
260381507
260475636
260569766
260663900
260758044
260852189
260946335
261040482
261134633
261228792
261322954
261417117
261511286
261605456
261699635
261793819
261888004
261982190
262076382
262170577
262264773
262358974
262453179
262547385
262641594
262735809
262830025
262924242
263018463
263112687
263206914
263301142
263395377
263489613
263583859
263678114
263772370
263866629
263960895
264055162
264149430
264243699
264337974
264432250
264526527
264620807
264715098
264809390
264903683
264997977
265092285
265186594
265280906
265375219
265469535
265563852
265658175
265752511
265846848
265941190
266035533
266129877
266224222
266318568
266412936
266507305
266601675
266696051
266790428
266884806
266979188
267073571
267167955
267262340
267356726
267451124
267545523
267639926
267734330
267828735
267923144
268017560
268111977
268206400
268300832
268395267
268489703
268584140
268678583
268773027
268867475
268961924
269056374
269150831
269245295
269339760
269434226
269528702
269623179
269717657
269812141
269906628
270001116
270095605
270190102
270284600
270379117
270473643
270568172
270662707
270757250
270851796
270946348
271040903
271135459
271230018
271324582
271419147
271513720
271608296
271702873
271797458
271892050
271986651
272081253
272175856
272270471
272365097
272459724
272554360
272649003
272743657
272838315
272932977
273027640
273122304
273216969
273311635
273406302
273500970
273595639
273690313
273784992
273879672
273974353
274069042
274163739
274258437
274353136
274447843
274542551
274637260
274731970
274826681
274921399
275016118
275110841
275205565
275300290
275395021
275489769
275584518
275679279
275774043
275868810
275963578
276058347
276153117
276247888
276342660
276437449
276532239
276627033
276721828
276816624
276911421
277006221
277101022
277195827
277290647
277385468
277480299
277575134
277669970
277764807
277859645
277954484
278049329
278144175
278239025
278333880
278428738
278523600
278618463
278713327
278808195
278903064
278997934
279092805
279187677
279282550
279377426
279472305
279567190
279662076
279756977
279851883
279946790
280041698
280136607
280231517
280326428
280421342
280516257
280611183
280706110
280801038
280895977
280990917
281085862
281180819
281275777
281370736
281465696
281560657
281655623
281750590
281845563
281940537
282035524
282130512
282225501
282320491
282415482
282510490
282605514
282700541
282795569
282890598
282985633
283080669
283175710
283270752
283365800
283460859
283555927
283651002
283746078
283841155
283936233
284031316
284126400
284221485
284316579
284411674
284506772
284601878
284696985
284792099
284887214
284982330
285077447
285172570
285267694
285362819
285457945
285553072
285648202
285743333
285838469
285933611
286028754
286123906
286219061
286314219
286409387
286504556
286599726
286694900
286790075
286885251
286980434
287075618
287170812
287266015
287361221
287456430
287551640
287646857
287742080
287837304
287932534
288027765
288122999
288218234
288313475
288408717
288503960
288599206
288694457
288789709
288884962
288980223
289075485
289170748
289266012
289361277
289456553
289551830
289647110
289742391
289837673
289932956
290028240
290123525
290218811
290314098
290409391
290504688
290600000
290695313
290790631
290885954
290981278
291076603
291171929
291267258
291362588
291457919
291553255
291648592
291743933
291839289
291934646
292030008
292125371
292220735
292316100
292411466
292506835
292602214
292697596
292792979
292888363
292983748
293079134
293174524
293269923
293365323
293460724
293556126
293651529
293746933
293842338
293937744
294033175
294128607
294224050
294319494
294414939
294510385
294605832
294701288
294796745
294892207
294987675
295083146
295178618
295274098
295369581
295465065
295560557
295656053
295751550
295847048
295942549
296038053
296133564
296229085
296324607
296420130
296515660
296611191
296706723
296802256
296897807
296993359
297088912
297184468
297280025
297375593
297471162
297566744
297662327
297757911
297853496
297949084
298044677
298140279
298235905
298331532
298427165
298522799
298618434
298714070
298809707
298905345
299000984
299096624
299192267
299287911
299383558
299479208
299574859
299670513
299766168
299861827
299957491
300053158
300148826
300244497
300340169
300435844
300531522
300627203
300722887
300818576
300914269
301009970
301105676
301201387
301297118
301392866
301488615
301584365
301680122
301775882
301871643
301967407
302063172
302158938
302254705
302350476
302446248
302542023
302637801
302733580
302829363
302925147
303020932
303116718
303212507
303308297
303404088
303499880
303595673
303691467
303787274
303883085
303978900
304074716
304170535
304266355
304362176
304458004
304553833
304649663
304745494
304841335
304937179
305033026
305128874
305224733
305320593
305416454
305512325
305608201
305704090
305799980
305895880
305991781
306087683
306183586
306279494
306375410
306471333
306567257
306663182
306759108
306855035
306950966
307046898
307142836
307238777
307334719
307430662
307526616
307622580
307718545
307814511
307910483
308006459
308102448
308198438
308294429
308390423
308486418
308582414
308678411
308774409
308870408
308966411
309062417
309158424
309254432
309350441
309446451
309542462
309638474
309734491
309830513
309926538
310022564
310118601
310214643
310310695
310406748
310502802
310598863
310694925
310790992
310887060
310983138
311079217
311175297
311271378
311367460
311463545
311559635
311655726
311751826
311847927
311944029
312040135
312136244
312232356
312328472
312424589
312520709
312616833
312712960
312809095
312905233
313001372
313097521
313193671
313289822
313385974
313482127
313578287
313674451
313770616
313866782
313962949
314059122
314155302
314251487
314347679
314443882
314540086
314636303
314732523
314828749
314924976
315021207
315117443
315213680
315309920
315406161
315502403
315598646
315694899
315791184
315887476
315983769
316080065
316176362
316272660
316368959
316465263
316561568
316657877
316754187
316850534
316946882
317043237
317139593
317235954
317332321
317428689
317525073
317621458
317717844
317814240
317910637
318007039
318103445
318199852
318296269
318392687
318489106
318585533
318681966
318778400
318874841
318971285
319067747
319164218
319260690
319357173
319453657
319550142
319646639
319743137
319839641
319936146
320032654
320129167
320225690
320322214
320418739
320515265
320611792
320708320
320804853
320901387
320997925
321094464
321191008
321287553
321384108
321480671
321577235
321673804
321770374
321866945
321963517
322060092
322156677
322253266
322349872
322446479
322543087
322639696
322736306
322832917
322929529
323026145
323122762
323219380
323315999
323412619
323509246
323605876
323702510
323799145
323895781
323992418
324089058
324185699
324282341
324378987
324475634
324572287
324668941
324765608
324862281
324958959
325055638
325152320
325249009
325345706
325442404
325539103
325635808
325732514
325829223
325925944
326022666
326119389
326216113
326312838
326409578
326506319
326603064
326699819
326796585
326893356
326990128
327086901
327183675
327280454
327377234
327474015
327570797
327667583
327764370
327861158
327957950
328054743
328151537
328248332
328345128
328441934
328538741
328635552
328732364
328829182
328926001
329022821
329119644
329216468
329313295
329410127
329506966
329603806
329700647
329797494
329894344
329991197
330088055
330184914
330281774
330378644
330475515
330572387
330669260
330766144
330863029
330959915
331056802
331153693
331250593
331347494
331444396
331541299
331638205
331735115
331832026
331928938
332025851
332122765
332219680
332316596
332413513
332510431
332607352
332704286
332801227
332898169
332995112
333092060
333189017
333285977
333382942
333479908
333576875
333673845
333770816
333867788
333964773
334061759
334158750
334255756
334352767
334449781
334546800
334643822
334740845
334837869
334934897
335031926
335128956
335225994
335323038
335420083
335517138
335614209
335711281
335808359
335905438
336002518
336099599
336196685
336293784
336390887
336487994
336585111
336682261
336779412
336876564
336973719
337070877
337168036
337265198
337362361
337459525
337556690
337653856
337751023
337848195
337945371
338042548
338139726
338236905
338334085
338431266
338528454
338625649
338722845
338820045
338917246
339014448
339111653
339208865
339306082
339403300
339500522
339597747
339694975
339792209
339889460
339986712
340083972
340181233
340278495
340375762
340473030
340570318
340667612
340764907
340862203
340959500
341056798
341154106
341251422
341348739
341446061
341543384
341640711
341738041
341835372
341932704
342030040
342127377
342224715
342322060
342419406
342516755
342614105
342711456
342808814
342906173
343003538
343100904
343198271
343295639
343393008
343490380
343587753
343685127
343782504
343879887
343977276
344074666
344172057
344269449
344366846
344464251
344561659
344659068
344756480
344853898
344951327
345048757
345146188
345243620
345341053
345438500
345535948
345633403
345730859
345828316
345925784
346023253
346120723
346218194
346315668
346413143
346510623
346608121
346705628
346803136
346900645
346998155
347095669
347193184
347290700
347388217
347485735
347583254
347680774
347778295
347875820
347973348
348070877
348168416
348265956
348363497
348461039
348558588
348656143
348753704
348851266
348948829
349046393
349143963
349241538
349339116
349436699
349534283
349631868
349729468
349827069
349924682
350022296
350119911
350217529
350315148
350412768
350510393
350608019
350705656
350803300
350900947
350998603
351096260
351193926
351291595
351389267
351486940
351584614
351682289
351779965
351877651
351975338
352073026
352170717
352268409
352366102
352463796
352561495
352659195
352756905
352854623
352952348
353050078
353147809
353245543
353343278
353441014
353538751
353636489
353734228
353831968
353929709
354027451
354125194
354222938
354320683
354418432
354516196
354613964
354711733
354809508
354907291
355005075
355102862
355200650
355298439
355396229
355494020
355591812
355689611
355787414
355885221
355983029
356080845
356178666
356276488
356374311
356472143
356569976
356667810
356765674
356863541
356961412
357059284
357157160
357255046
357352933
357450821
357548710
357646600
357744495
357842395
357940304
358038214
358136130
358234047
358331968
358429890
358527813
358625746
358723693
358821641
358919594
359017554
359115515
359213477
359311440
359409404
359507382
359605361
359703341
359801322
359899304
359997299
360095295
360193303
360291312
360389325
360487341
360585362
360683384
360781407
360879431
360977460
361075496
361173550
361271605
361369661
361467722
361565796
361663888
361761983
361860085
361958192
362056300
362154411
362252523
362350636
362448755
362546877
362645000
362743124
362841264
362939409
363037559
363135715
363233877
363332040
363430207
363528377
363626551
363724729
363822908
363921097
364019295
364117494
364215698
364313905
364412113
364510327
364608542
364706758
364804980
364903205
365001434
365099664
365197901
365296147
365394400
365492654
365590920
365689191
365787463
365885736
365984010
366082287
366180575
366278864
366377159
366475462
366573786
366672111
366770437
366868764
366967096
367065435
367163779
367262124
367360470
367458822
367557175
367655533
367753892
367852252
367950617
368048983
368147350
368245718
368344095
368442477
368540862
368639248
368737635
368836023
368934412
369032802
369131193
369229585
369327985
369426386
369524788
369623194
369721601
369820009
369918431
370016856
370115284
370213713
370312143
370410577
370509012
370607448
370705894
370804341
370902789
371001238
371099688
371198139
371296593
371395050
371493513
371591977
371690442
371788922
371887403
371985895
372084388
372182882
372281379
372379877
372478376
372576882
372675389
372773899
372872412
372970926
373069450
373167975
373266505
373365036
373463568
373562111
373660655
373759203
373857759
373956316
374054874
374153433
374251993
374350558
374449124
374547695
374646272
374744853
374843454
374942056
375040659
375139263
375237868
375336478
375435089
375533701
375632314
375730928
375829552
375928177
376026803
376125432
376224068
376322705
376421343
376519987
376618635
376717284
376815934
376914585
377013241
377111898
377210563
377309231
377407918
377506608
377605299
377703991
377802684
377901385
378000087
378098794
378197504
378296224
378394945
378493667
378592390
378691120
378789851
378888583
378987316
379086050
379184791
379283533
379382278
379481033
379579789
379678546
379777309
379876073
379974844
380073616
380172391
380271167
380369948
380468741
380567542
380666346
380765151
380863961
380962774
381061601
381160429
381259258
381358096
381456942
381555791
381654656
381753524
381852397
381951271
382050146
382149022
382247903
382346796
382445690
382544591
382643493
382742396
382841300
382940207
383039115
383138024
383236934
383335849
383434767
383533686
383632621
383731557
383830494
383929443
384028406
384127375
384226345
384325318
384424292
384523275
384622262
384721250
384820239
384919229
385018229
385117230
385216239
385315249
385414264
385513284
385612308
385711333
385810359
385909410
386008474
386107539
386206605
386305672
386404746
386503821
386602908
386701996
386801085
386900181
386999278
387098382
387197490
387296604
387395719
387494835
387593963
387693092
387792225
387891359
387990494
388089639
388188795
388287952
388387115
388486279
388585449
388684622
388783796
388882973
388982160
389081358
389180557
389279765
389378974
389478184
389577395
389676611
389775835
389875060
389974286
390073519
390172753
390271988
390371227
390470470
390569714
390668961
390768215
390867470
390966726
391065985
391165257
391264530
391363804
391463090
391562377
391661668
391760960
391860256
391959553
392058854
392158156
392257459
392356766
392456074
392555385
392654699
392754014
392853330
392952652
393051978
393151308
393250653
393349999
393449346
393548696
393648061
393747445
393846830
393946216
394045603
394144994
394244386
394343779
394443175
394542572
394641972
394741373
394840777
394940182
395039599
395139020
395238447
395337882
395437318
395536755
395636200
395735660
395835127
395934595
396034064
396133534
396233009
396332485
396431962
396531457
396630953
396730450
396829948
396929461
397028984
397128510
397228041
397327573
397427108
397526646
397626193
397725741
397825308
397924876
398024457
398124039
398223622
398323206
398422795
398522390
398621986
398721587
398821196
398920811
399020430
399120050
399219671
399319293
399418919
399518546
399618174
399717803
399817433
399917064
400016706
400116356
400216007
400315659
400415312
400514966
400614624
400714283
400813947
400913612
401013282
401112953
401212625
401312300
401411976
401511655
401611335
401711016
401810698
401910383
402010071
402109767
402209471
402309190
402408925
402508667
402608410
402708156
402807903
402907651
403007406
403107162
403206919
403306677
403406436
403506201
403605974
403705748
403805523
403905305
404005093
404104886
404204680
404304477
404404275
404504074
404603876
404703679
404803490
404903306
405003123
405102941
405202760
405302585
405402411
405502241
405602072
405701913
405801755
405901610
406001478
406101349
406201221
406301096
406400972
406500855
406600746
406700638
406800541
406900445
407000355
407100275
407200200
407300126
407400053
407499985
407599926
407699868
407799811
407899755
407999700
408099648
408199600
408299555
408399511
408499478
408599450
408699431
408799415
