99999
100000
108000
115997
123995
131994
200059
200082
200189
200231
200400
200465
200531
200598
200666
200735
200805
200876
200948
201021
201095
201170
201246
201323
201401
201480
201560
201641
201723
201806
201890
209890
217887
225885
233884
301872
301954
302037
302121
302630
302741
302853
303284
303430
305123
305400
308726
309223
309721
310220
318220
326217
334215
342214
354921
362921
370918
378916
386915
410266
410763
411261
411760
413231
413730
421730
422653
423491
424330
432330
440327
448325
456324
463251
471251
479248
487246
495245
523270
524193
525031
525870
527001
527840
535840
537800
544049
545291
553291
561288
569286
574939
577361
585361
593358
601356
609355
632550
639340
640404
641310
647559
648801
656801
658761
666761
674758
680871
688409
690831
695900
698322
706322
714319
722317
730316
746660
754657
761029
762271
770271
778268
786266
791919
794341
799410
801832
809370
811792
819792
827789
835787
843786
856007
859621
867621
875618
883616
891615
903372
908039
910459
912880
915302
923302
931299
939297
947296
958852
961477
969477
973091
981091
989088
997086
1005085
1016842
1024842
1029211
1031633
1039633
1047630
1055628
1062362
1064987
1072987
1076601
1084601
1092598
1100596
1108595
1119846
1122776
1130776
1138773
1146771
1154770
1164338
1172335
1178141
1181318
1189318
1192932
1200932
1208929
1216927
1223356
1226286
1234286
1242283
1250281
1258280
1271101
1279475
1290858
1294472
1302472
1306023
1314023
1317637
1325637
1333634
1339687
1342617
1350617
1358614
1366612
1374611
1382985
1395806
1407563
1415563
1419177
1427177
1435174
1441227
1444157
1452157
1460154
1464392
1467322
1475322
1483319
1491317
1499316
1526272
1534272
1542269
1548322
1551252
1559252
1563003
1565932
1568862
1576862
1584859
1592857
1600856
1619407
1627404
1635402
1643401
1661603
1666895
1669825
1673027
1675957
1683957
1691954
1699952
1707951
1720947
1728944
1736942
1744941
1764531
1769326
1776920
1780602
1786308
1794308
1802305
1810303
1818302
1828042
1836039
1844037
1852036
1871626
1876421
1884421
1890474
1896802
1904802
1912799
1920797
1928796
1938393
1946390
1954388
1962387
1978742
1986739
1994737
2000825
2008825
2016822
2024820
2032819
2040887
2048887
2056884
2064882
2072881
2089093
2097090
2105088
2111319
2119319
2127316
2135314
2143313
2152910
2160907
2168905
2176904
2186911
2199587
2207584
2215582
2223581
2231961
2239959
2247958
2255404
2263404
2271401
2279399
2287398
2297405
2311607
2319605
2327604
2335778
2343777
2351840
2359838
2367837
2376046
2384044
2392043
2401428
2414104
2422101
2430099
2438098
2448105
2455868
2463868
2471865
2479863
2487862
2495925
2503923
2511922
2526746
2534744
2542743
2552128
2560302
2568301
2576510
2584508
2592507
2600570
2608568
2616567
2630563
2638562
2646625
2654623
2662622
2672946
2680392
2688392
2696389
2704387
2712386
2722212
2735208
2743207
2751270
2759268
2767267
2778591
2785037
2793037
2801034
2809032
2817031
2831092
2839092
2847089
2855087
2863086
2872912
2885481
2890682
2898682
2906679
2914677
2922676
2935737
2943737
2951734
2959732
2967731
2983457
2991457
2999454
3007452
3015451
3023639
3033231
3041382
3049382
3057379
3065377
3073376
3088102
3096102
3104099
3112097
3120096
3134194
3142345
3150345
3158342
3166340
3174339
3183931
3193747
3201747
3209744
3217742
3225741
3240088
3248900
3256899
3268653
3276652
3284894
3294710
3302710
3310707
3318705
3326704
3336296
3346547
3354545
3362544
3376456
3384454
3392453
3405023
3413020
3421018
3429017
3437259
3447510
3455508
3463507
3473099
3485417
3493416
3503008
3513259
3521257
3529256
3539572
3549823
3557821
3565820
3574062
3587098
3595097
3603971
3614222
3622220
3630219
3639811
3652381
3660378
3668376
3676375
3689411
3697410
3705652
3716535
3724533
3732532
3740774
3753810
3761809
3771211
3779210
3791968
3799966
3807965
3819093
3827090
3835088
3843087
3856123
3864122
3872364
3884781
3894803
3902801
3910800
3921928
3929925
3937923
3945922
3958680
3966678
3974677
3989249
3997862
4008372
4016371
4027499
4035496
4043494
4051493
4061515
4069513
4077512
4091562
4100175
4114362
4122361
4132537
4141526
4149524
4157523
4167086
4175084
4183083
4194397
4203010
4217060
4225196
4238108
4247859
4256128
4264127
4273116
4281114
4289113
4299968
4308581
4319895
4330290
4342081
4350694
4361699
4369698
4380244
4388242
4396241
4405998
4414611
4425466
4435861
4447175
4456265
4467579
4475728
4486583
4495196
4505127
4513126
4521739
4531496
4541891
4552746
4562295
4573150
4582856
4592613
4601226
4612081
4622476
4630625
4638624
4649019
4658776
4669423
4679180
4689575
4699741
4708354
4718111
4728506
4739361
4748910
4757829
4765904
4777981
4786308
4796703
4806460
4817240
4825239
4835634
4845391
4856038
4865795
4876190
4885109
4897144
4905513
4913588
4925665
4936075
4944444
4952519
4964596
4972923
4983318
4993075
5006138
5015424
5024424
5032793
5045069
5054355
5063355
5071724
5083759
5092128
5100203
5112280
5125343
5133418
5143629
5154068
5164274
5172349
5182560
5192753
5202039
5211039
5219408
5233555
5244254
5252623
5264904
5274185
5283185
5291554
5303589
5311958
5320033
5330244
5340683
5354459
5363459
5372357
5385021
5393390
5402390
5412829
5421869
5430869
5439238
5451519
5464907
5472982
5483193
5493632
5504226
5514018
5523665
5532705
5541074
5550074
5560513
5574295
5583818
5592187
5604468
5615854
5625501
5635141
5643510
5651910
5661702
5671349
5685131
5694023
5703023
5713462
5727244
5737129
5746130
5754346
5763538
5773185
5782977
5796459
5804859
5814651
5824298
5838080
5848519
5856966
5865974
5875621
5884813
5898595
5907295
5916487
5926134
5935926
5949708
5959355
5968594
5978241
5987249
6001031
6009915
6018923
6028570
6037762
6051544
6061191
6070983
6081870
6089869
6103651
6113298
6121543
6131190
6140198
6153980
6163627
6172819
6187568
6197828
6207979
6216714
6224926
6234819
6242818
6256600
6266247
6275255
6290004
6299664
6310415
6322625
6333295
6343036
6351638
6361664
6369663
6377875
6392624
6402100
6413035
6425061
6435731
6445472
6458010
6469881
6478483
6486695
6496721
6504720
6519469
6527681
6538351
6548092
6560630
6572317
6584855
6595278
6605541
6613540
6625416
6633415
6646527
6654526
6665196
6674937
6687475
6697898
6708568
6721106
6730847
6742235
6755072
6763346
6774016
6783221
6793891
6803632
6815002
6824743
6835413
6847951
6857692
6870912
6880653
6891323
6902711
6912452
6923822
6933563
6943697
6953438
6964108
6975101
6985219
6997757
7007498
7018168
7031011
7041129
7052517
7062258
7072928
7083921
7094039
7103796
7113914
7126335
7135577
7146863
7157856
7167974
7181229
7191487
7202875
7212616
7222734
7235155
7244397
7255030
7264272
7276794
7286551
7296669
7309090
7318332
7331587
7341705
7354109
7363850
7373092
7385630
7395371
7405489
7415506
7427152
7437785
7447027
7460282
7469566
7482821
7492063
7504467
7515241
7524326
7536864
7546605
7555847
7567484
7578386
7589237
7598261
7611516
7620758
7634426
7643297
7655701
7665947
7676304
7687222
7697996
7707081
7720266
7729578
7741215
7750239
7763494
7771992
7786404
7795275
7806816
7817181
7829086
7838456
7849230
7859059
7871727
7880812
7893997
7903033
7915971
7923970
7938191
7948069
7958050
7969159
7980547
7990434
8001208
8011853
8022961
8032790
8045975
8055345
8068150
8076764
8089425
8100534
8110028
8121953
8131781
8142890
8154002
8164165
8174939
8185584
8198769
8208139
8220128
8232033
8241403
8253328
8262822
8274265
8283759
8295684
8306314
8316959
8327733
8342133
8351503
8363408
8372922
8384827
8393859
8405764
8415134
8427059
8436553
8449738
8459108
8472239
8485836
8494927
8504297
8515864
8525234
8537139
8546653
8558558
8567928
8581059
8594244
8603614
8617278
8626302
8638292
8647239
8659567
8668658
8678028
8689933
8703064
8712434
8725619
8739706
8748730
8761377
8769667
8780436
8791086
8800033
8812361
8822534
8834439
8848047
8861489
8871815
8883089
8892752
8902441
8914171
8922461
8935446
8944539
8956867
8971132
8983092
8994997
9005094
9015936
9024869
9037258
9045546
9058630
9066967
9079952
9094316
9105097
9117425
9127522
9139505
9147954
9160442
9168730
9181861
9190052
9203136
9217699
9227525
9240510
9250428
9262850
9271138
9283846
9292460
9305168
9313236
9328567
9340784
9350610
9363694
9373513
9386254
9395113
9407576
9415644
9428352
9442198
9451751
9463968
9473794
9488629
9496697
9510229
9518297
9530760
9544508
9554159
9566376
9576202
9588910
9599105
9611813
9621629
9633413
9646916
9656812
9669029
9678855
9691318
9701758
9714221
9725311
9736745
9749569
9759663
9771928
9782187
9793971
9805090
9816874
9828805
9840273
9852490
9862316
9874779
9885869
9897303
9908772
9920206
9932486
9943605
9955389
9965648
9977432
9989363
10000831
10012266
10023888
10035818
10047287
10058721
10069330
10080764
10093045
10104163
10115947
10127382
10139500
10150781
10162403
10172824
10184446
10196920
10207845
10219279
10231064
10242858
10254463
10265897
10276506
10287940
10300602
10311339
10322961
10335178
10346540
10357974
10369579
10381399
10391622
10404096
10415021
10426455
10438672
10450034
10461656
10473693
10485371
10496515
10507778
10519914
10530137
10542354
10553716
10565150
10577187
10589849
10600766
10612388
10624430
10635030
10646293
10658510
10668832
10680869
10693343
10704448
10715882
10728544
10740996
10751186
10763403
10773725
10784988
10797025
10809341
10819564
10832038
10844844
10857075
10869118
10880055
10889881
10901918
10913950
10924457
10935720
10948526
10961000
10973231
10985547
10995770
11007813
11018843
11030205
11040613
11053419
11064682
11077255
11090061
11100663
11111926
11124732
11135098
11147095
11158545
11169575
11180937
11193743
11206217
11216819
11229625
11240888
11253030
11264060
11276057
11285830
11298636
11309899
11323301
11334751
11345781
11357143
11369949
11381992
11392312
11403762
11414792
11427831
11440266
11452263
11462036
11474842
11486105
11499851
11509624
11521274
11532724
11546067
11558198
11568518
11579968
11590998
11604037
11616106
11627556
11638586
11650960
11664060
11676057
11685830
11697480
11708930
11722273
11734038
11745068
11756518
11769861
11781992
11792312
11803762
11814792
11827166
11841501
11852274
11863000
11874754
11888474
11900228
11910244
11921274
11932724
11946067
11959698
11971123
11981236
11994552
12006710
12018367
12028480
12039206
12050960
12065295
12077630
12088660
12100110
12113453
12125539
12136299
12147329
12157442
12171777
12183531
12195866
12206592
12218346
12232681
12243471
12254535
12265261
12277015
12290013
12302367
12314715
12324828
12339163
12350917
12361707
12374677
12383497
12397832
12409586
12421921
12432647
12444401
12457399
12469526
12481280
12493810
12506632
12516068
12528422
12542757
12550883
12565218
12576972
12587762
12601629
12613383
12626186
12636912
12648666
12660993
12674018
12683454
12695808
12710143
12719865
12732687
12745954
12755148
12769483
12781237
12793591
12805894
12816844
12828379
12843000
12852436
12864790
12879125
12887719
12900073
12914408
12924130
12938465
12950219
12961769
12975176
12985826
12997361
13011294
13021109
13032644
13047798
13056701
13069055
13083390
13093412
13107747
13119501
13130751
13143865
13155108
13166034
13180276
13190091
13201626
13216780
13225983
13238337
13252672
13264426
13277255
13290322
13300033
13312847
13325335
13335016
13349558
13359373
13370908
13386062
13397816
13411254
13424429
13435247
13446237
13459412
13470260
13482129
13494617
13504298
13519403
13533060
13544726
13558221
13570491
13581481
13594113
13604529
13615519
13628694
13639542
13652793
13668421
13678116
13691736
13705852
13715750
13727503
13739773
13750763
13763938
13774903
13788037
13802512
13813360
13826611
13840146
13850994
13862747
13875134
13886124
13899258
13911803
13923398
13937756
13948721
13961855
13975390
13986355
13998108
14010520
14023024
14034619
14047794
14059942
14073076
14085621
14097216
14110751
14122504
14134850
14146603
14159015
14171519
14184338
14196842
14208437
14221612
14234116
14246834
14259246
14270999
14283503
14295915
14308668
14320421
14332833
14345337
14358512
14371230
14383734
14395491
14407899
14420407
14433064
14444817
14457321
14469733
14483004
14495722
14507859
14520271
14532391
14545048
14557552
14569309
14581717
14594225
14607614
14620502
14632255
14644759
14657171
14669540
14681948
14694456
14706209
14719598
14732106
14744990
14756747
14769155
14781663
14795052
14806440
14819829
14832337
14844090
14856978
14869386
14881894
14893647
14907036
14919544
14932998
14944321
14957838
14970147
14982555
14993878
15007267
15019775
15031528
15045737
15057490
15070378
15082786
15095294
15107047
15120436
15131759
15145276
15157721
15171238
15183409
15196534
15207278
15220667
15233175
15244928
15259416
15271469
15284234
15296578
15308973
15321026
15334415
15345159
15358676
15373142
15385608
15396809
15410198
15422706
15434459
15446854
15458907
15473383
15485839
15497634
15510557
15523946
15534690
15548207
15560602
15573614
15586934
15599329
15611382
15625264
15636385
15648438
15662914
15675309
15687165
15700682
15713077
15726089
15738829
15750133
15763145
15777065
15788860
15800913
15815389
15827784
15840524
15852577
15864840
15878769
15890813
15902608
15915620
15929540
15941593
15954272
15967284
15980464
15992999
16005052
16017315
16031244
16043288
16056300
16068979
16082908
16094952
16106747
16119759
16132939
16145732
16157995
16171454
16184603
16197427
16209222
16221454
16235383
16247427
16260439
16273619
16287078
16300430
16312134
16323929
16337078
16349902
16362134
16376063
16389643
16402874
16415616
16427758
16439553
16453556
16464609
16477758
16492010
16504569
16518091
16530323
16543876
16556031
16568932
16580233
16594236
16607044
16620193
16632798
16645947
16660199
16672758
16684556
16696711
16710109
16722668
16736671
16748422
16762425
16775233
16788382
16801034
16814432
16826587
16839146
16852544
16864900
16878298
16890857
16904860
16918258
16930910
16943469
16956867
16969022
16982621
16994776
17007335
17020733
17034736
17048338
17061736
17073345
17087490
17099099
17111658
17125056
17137211
17152761
17165500
17178214
17192707
17203968
17216527
17229925
17241534
17257084
17269239
17283221
17295376
17309185
17321744
17335142
17346403
17361953
17373562
17388010
17399699
17415249
17427404
17441213
17451620
17467170
17478431
17492879
17504568
17520038
17531727
17546175
17557779
17573329
17583648
17598096
17609785
17624907
17636596
17651044
17663963
17678203
17689807
17704255
17715884
17730124
17741813
17756261
17768832
17783072
17796080
17810439
17822043
17836283
17847972
17862360
17874049
17888289
17901716
17915308
17928316
17942556
17954245
17968519
17980208
17994448
18006933
18020525
18035165
18048192
18061094
18074792
18086481
18100721
18113092
18126684
18140977
18153409
18168049
18181641
18193330
18207570
18219365
18232957
18247136
18259568
18274609
18287453
18300647
18314525
18326214
18339806
18353409
18365841
18380882
18393612
18407493
18421823
18433531
18447123
18460258
18472690
18487730
18499885
18513766
18528096
18541358
18554950
18567575
18580007
18594579
18606734
18620615
18634945
18647810
18662140
18675402
18687834
18701896
18714051
18727932
18742262
18754659
18768989
18782865
18795859
18809723
18821878
18835759
18849821
18861976
18876306
18890182
18903835
18916914
18929903
18943767
18957648
18969803
18983865
18998009
19011152
19024231
19038078
19051792
19065673
19077828
19091692
19106013
19118979
19132058
19145934
19159967
19173407
19186003
19199717
19213840
19227004
19240083
19253947
19267823
19281234
19294622
19307892
19321865
19335179
19348258
19361972
19375848
19389259
19403123
19416214
19430040
19443798
19456877
19470147
19484023
19497434
19511148
19524389
19538103
19552226
19565390
19578766
19592295
19606053
19619323
19633008
19646278
19660251
19673565
19687279
19700914
19714790
19727942
19741471
19754897
19768426
19782184
19795454
19809427
19823888
19837071
19850090
19863966
19877045
19891313
19904073
19917602
19932401
19946326
19959219
19973064
19986174
20000019
20013202
20026221
20040576
20055238
20068474
20082193
20095429
20109148
20122457
20135350
20149195
20163857
20178212
20191448
20205324
20218403
20232792
20244605
20258324
20272986
20286831
20301717
20315633
20328738
20342588
20354940
20367579
20382241
20395960
20410846
20424691
20439391
20452923
20465593
20477914
20491764
20505215
20520101
20533820
20548716
20562435
20577027
20588567
20602099
20615550
20629400
20643075
20658005
20671690
20686576
20700240
20712752
20726203
20739735
20753410
20767260
20781999
20795875
20809550
20824425
20837876
20850388
20864063
20877595
20892334
20906184
20919885
20933735
20948474
20962061
20975736
20988248
21002987
21016519
21030538
21044070
21058809
21072659
21087830
21099921
21114323
21127172
21142211
21154723
21169462
21182994
21198483
21212015
21225996
21238845
21253247
21266396
21280798
21293647
21309069
21322668
21337407
21350939
21364920
21378833
21392471
21405320
21419722
21433635
21448743
21461592
21477014
21490927
21504908
21519147
21531395
21545308
21559710
21573265
21587667
21601580
21617002
21631395
21645222
21659135
21671383
21685776
21699340
21713253
21727655
21742048
21757470
21771613
21785210
21799222
21811851
21827080
21839328
21853721
21868123
21885004
21899235
21912081
21925678
21939558
21953155
21967167
21979796
21995962
22011079
22025535
22039703
22053385
22067180
22080026
22093623
22107635
22122752
22138918
22153374
22166003
22180776
22193853
22207648
22221462
22236496
22250591
22266233
22279830
22293842
22307878
22321692
22335487
22350323
22364418
22379452
22393855
22407669
22422113
22435717
22449722
22464348
22478443
22493279
22507899
22521694
22536444
22549952
22564053
22578583
22592678
22607304
22621924
22635929
22650555
22664283
22678612
22692908
22707009
22721539
22736159
22750260
22764790
22778842
22793144
22807239
22821568
22835870
22850490
22864819
22879115
22893216
22907703
22921798
22936100
22950429
22965049
22979351
22993446
23007775
23022077
23036850
23050659
23065799
23080101
23093910
23108005
23122307
23136636
23151409
23166669
23180815
23194660
23208755
23223057
23236866
23252279
23266792
23281565
23295530
23309625
23323927
23337616
23353209
23367022
23382435
23396460
23410555
23424857
23438486
23454083
23467772
23483365
23497550
23511645
23525947
23539416
23555013
23568642
23584455
23598642
23613410
23627706
23640506
23656103
23669572
23685535
23699572
23715169
23728798
23742271
23757399
23770662
23786465
23800662
23816259
23829728
23844206
23859164
23872427
23887555
23901931
23917555
23930818
23946201
23960997
23974362
23989320
24003696
24018824
24032583
24047711
24062087
24076357
24091255
24105631
24120589
24134518
24149476
24163852
24178497
24193250
24207626
24222524
24236513
24251411
24265787
24280745
24295390
24309766
24324519
24338653
24353406
24367782
24382680
24397488
24412351
24426659
24441238
24455546
24469922
24484675
24499628
24514381
24528757
24543655
24558131
24572507
24586815
24602045
24616521
24630897
24645650
24660880
24675557
24689400
24704596
24718938
24733482
24747790
24763020
24777773
24792450
24807181
24821523
24836532
24850375
24865571
24879913
24895314
24910231
24924573
24939304
24953425
24968156
24982498
24997694
25013095
25027437
25042354
25056960
25071206
25085548
25100279
25115680
25130022
25145218
25160433
25174741
25189083
25203329
25218414
25233072
25247803
25263018
25278419
25292761
25306864
25321464
25336607
25350853
25365938
25381153
25395811
25410542
25424999
25440317
25454388
25468988
25484203
25499257
25513592
25528677
25543890
25558098
25572523
25587738
25602792
25617127
25631727
25647568
25661928
25676233
25691414
25706502
25720837
25735262
25750618
25765531
25780063
25795124
25810332
25824637
25838972
25854153
25869241
25883666
25898954
25914169
25928467
25942802
25957863
25973071
25987376
26002557
26018034
26032332
26046667
26061693
26076936
26091206
26106267
26121914
26136642
26150977
26165558
26181205
26195071
26210097
26225744
26240522
26255407
26269868
26285515
26299381
26313962
26329609
26344387
26359413
26374298
26389945
26403811
26418272
26433919
26448500
26463278
26478925
26493951
26508696
26522702
26538349
26552810
26567588
26583122
26597816
26613547
26627587
26643225
26657240
26672018
26687432
26702126
26717857
26732438
26748110
26762125
26776903
26791862
26806556
26822287
26836748
26852961
26867175
26881953
26896747
26911441
26927079
26941178
26957271
26972260
26987038
27001797
27016491
27031964
27046063
27061701
27077609
27092403
27106882
27121576
27137014
27151113
27166586
27182505
27197539
27212231
27226941
27242099
27256198
27271636
27287427
27302589
27317281
27332401
27347464
27361563
27376721
27392477
27407674
27422366
27437804
27452924
27467023
27482086
27497562
27513039
27527731
27542889
27558514
27572613
27587546
27602927
27618499
27633191
27648254
27663730
27678373
27693136
27708387
27723988
27738781
27753714
27769095
27784667
27798896
27813977
27829504
27844541
27859304
27874555
27890156
27905190
27919737
27935094
27950372
27965064
27980145
27995672
28010780
28026031
28040854
28056179
28071213
28085905
28101262
28116540
28131621
28147148
28162253
28177296
28192330
28207022
28222347
28237381
28252738
28268063
28283590
28298695
28313729
28328421
28343464
28358498
28373823
28389180
28404766
28420091
28435566
28450171
28464863
28479897
28494940
28510526
28525851
28541208
28556874
28572008
28586772
28601806
28616339
28631925
28646968
28662607
28677959
28693316
28708855
28723484
28738248
28753834
28768367
28784033
28799076
28814715
28830795
28845393
28860331
28875512
28890276
28905942
28920475
28936624
28951912
28967476
28982952
28997421
29012359
29027620
29042384
29058707
29073311
29089460
29104861
29119504
29135060
29149529
29164467
29180456
29195220
29211543
29226283
29242432
29256969
29271612
29287864
29302365
29317303
29333428
29348192
29364444
29379052
29395009
29409805
29424448
29440700
29455337
29470275
29486527
29502124
29517280
29531888
29547845
29562777
29577420
29593672
29609269
29624207
29639363
29655285
29670252
29684860
29700817
29716709
29731352
29746898
29762760
29777787
29792335
29808257
29824184
29838792
29854749
29870295
29885812
29899870
29915732
29931719
29946267
29962189
29978511
29993252
30008520
30023267
30040369
30053802
30069664
30085986
30100727
30116521
30131917
30148080
30162452
30177199
30193521
30208262
30224056
30239918
30256433
30270981
30285849
30302012
30316912
30331659
30347453
30364250
30378516
30394378
30410662
30425622
30440309
30456103
30472168
30487166
30501913
30519025
30534504
30549019
30564813
30580818
30595876
30610563
30626726
30642422
30657901
30673728
30689528
30704791
30719273
30735376
30751072
30766551
30782713
30798410
30813776
30828188
30844086
30859782
30875261
30891364
30907060
30922907
30937173
30953001
30968697
30984176
31000074
31015770
31031873
31046508
31061986
31077682
31093161
31108989
31124685
31140583
31156183
31171321
31187017
31202495
31217974
31233670
31249498
31265306
31280996
31296632
31311830
31327309
31343005
31358483
31374291
31390119
31406307
31421505
31436984
31452451
31467818
31483626
31499104
31515409
31531237
31546816
31562126
31577493
31593129
31608439
31624415
31640222
31656548
31671986
31687353
31702804
31718114
31733750
31749557
31765533
31782701
31797297
31812664
31827974
31843425
31859232
31874868
31891714
31907937
31923379
31938415
31953285
31969092
31984543
32001049
32017442
32033248
32049130
32064000
32079466
32094403
32110724
32127117
32142923
32159429
32174785
32190181
32205118
32220584
32236977
32252783
32269104
32285497
32300966
32315903
32331299
32346867
32363158
32378964
32395357
32411251
32426783
32442084
32457582
32473873
32489441
32505247
32521538
32537432
32552964
32568367
32584658
32600156
32615962
32632155
32647821
32663715
32679247
32695538
32710941
32726747
32742870
32758536
32774430
32790272
32806289
32821821
32837627
32853655
32869321
32885215
32901250
32917004
32932846
32948652
32964535
32980201
32996095
33012035
33027789
33044220
33059718
33075560
33091226
33107120
33122915
33138669
33155100
33170503
33187495
33203337
33219003
33233940
33249694
33266125
33281383
33298280
33314645
33330579
33346265
33361717
33377471
33392408
33409160
33425525
33441459
33458356
33474042
33489796
33504733
33520185
33536550
33552484
33569236
33585601
33602451
33617388
33632510
33648634
33664327
33680261
33696626
33713378
33730313
33745165
33760959
33776652
33792586
33808710
33824403
33841529
33857894
33873614
33889307
33905101
33921035
33936728
33952852
33969756
33985671
34002171
34017756
34033658
34049383
34065177
34081409
34097996
34114120
34130681
34146313
34162247
34177832
34193734
34210530
34226445
34242677
34259238
34275172
34290757
34306389
34323017
34339087
34355002
34371798
34388030
34404067
34419314
34435672
34451742
34467657
34484285
34500355
34517313
34532624
34548597
34564667
34580582
34596940
34613010
34629638
34646086
34661907
34677977
34693892
34709865
34725935
34742293
34758741
34775369
34791634
34807260
34823175
34839245
34855218
34871666
34888024
34904626
34920940
34936855
34952902
34968528
34984945
35000949
35017551
35033909
35050665
35066582
35082208
35098255
35114259
35130676
35146834
35163636
35180392
35196018
35211935
35227939
35243986
35260144
35276561
35294332
35309958
35325745
35341749
35357666
35373824
35389871
35407440
35424148
35439685
35455689
35471476
35487634
35503551
35520750
35537842
35553965
35569969
35585416
35601574
35617361
35634430
35651522
35668721
35684313
35699696
35715854
35731301
35748240
35765332
35782401
35799778
35815192
35830575
35845581
35862180
35879272
35896211
35913694
35930657
35945663
35961716
35976460
35993473
36010151
36027504
36045365
36061798
36076542
36092595
36107753
36124431
36141444
36159175
36176672
36192677
36207835
36223888
36239424
36255724
36273115
36290612
36308343
36323970
36339506
36355559
36371755
36387395
36404892
36422283
36440170
36455641
36471759
36487477
36503530
36519726
36536563
36554614
36571841
36587972
36603612
36619730
36635861
36652567
36668894
36686424
36704172
36719812
36735943
36752061
36768702
36785029
36801735
36818755
36836407
36852143
36868656
36884902
36901229
36917870
36934890
36951596
36968738
36984984
37001311
37017824
37034070
37051090
37067731
37084929
37101579
37117906
37134152
37150665
37167403
37183931
37201064
37218173
37234641
37250747
37267400
37283998
37300526
37317264
37334373
37351506
37367482
37384080
37400608
37417261
37433859
37450968
37467706
37484717
37500815
37517343
37533941
37550594
37567703
37584301
37601564
37618050
37634578
37650676
37667785
37684383
37701036
37718299
37734897
37751446
37767911
37785020
37801118
37818271
37834979
37851632
37868681
37885226
37901888
37918353
37935586
37951714
37968867
37985996
38002850
38019123
38035668
38052484
38068949
38086182
38103409
38120085
38136438
38153446
38169719
38186264
38204179
38220644
38237400
38254663
38270681
38287034
38304709
38321414
38337959
38355845
38372303
38387996
38405479
38422376
38438729
38456404
38474313
38489618
38506441
38523998
38539691
38557174
38575422
38591628
38608063
38625506
38641313
38658136
38676239
38693647
38710073
38727128
38743323
38759758
38777201
38794829
38812092
38829138
38846049
38861768
38878823
38896411
38913714
38931157
38948348
38964494
38980833
38998033
39015516
39032779
39050367
39067248
39083559
39100043
39117468
39134726
39151989
39169472
39186313
39202769
39219478
39236736
39253999
39271424
39288682
39305523
39322204
39339243
39356171
39373434
39390692
39408117
39424958
39441969
39458897
39475936
39493199
39510127
39527684
39544723
39561651
39578662
39595925
39612853
39629892
39647168
39664377
39681416
39698679
39715607
39732618
39749894
39766933
39784142
39801418
39818457
39835372
39852648
39869659
39886868
39904022
39921183
39938507
39955477
39972413
39989622
40006748
40023909
40041233
40058272
40075552
40092518
40109502
40126663
40143987
40160998
40178278
40195602
40212641
40229607
40246768
40263752
40281032
40298356
40315367
40332746
40350120
40367086
40383857
40401137
40418121
40435472
40452846
40469932
40487311
40504625
40521336
40538226
40555600
40572686
40590037
40607411
40624790
40642160
40658875
40675705
40692791
40710165
40727516
40744950
40762329
40779639
40796660
40813244
40830270
40847704
40865055
40882592
40900026
40917178
40934204
40951029
40967809
40985346
41002780
41020131
41037811
41054963
41071743
41089114
41105594
41122885
41140565
41157916
41175732
41193048
41209528
41226819
41243679
41260670
41278486
41296001
41313517
41330943
41347613
41364604
41382085
41398755
41416271
41434178
41451602
41469028
41486019
41502689
41520170
41537236
41554356
41571963
41589943
41607294
41624104
41641170
41658290
41675771
41692837
41710048
41728424
41745775
41762585
41779705
41796771
41813982
41831463
41848529
41867109
41884460
41901270
41918186
41935397
41952463
41969944
41987214
42005875
42023272
42040386
42056871
42073878
42091148
42108629
42126481
42145142
42161957
42178964
42196078
42212563
42230415
42247896
42267223
42284157
42301164
42317649
42334763
42351830
42370096
42388927
42406430
42422915
42439849
42456916
42474030
42492621
42511127
42528205
42545115
42562182
42579116
42596555
42615061
42633583
42650405
42667472
42684382
42701641
42719870
42737586
42755783
42772850
42789672
42806907
42824956
42842672
42860901
42878272
42895050
42912197
42930222
42947938
42965987
42983730
43000472
43017575
43035512
43053228
43071253
43089191
43106022
43122997
43140890
43158606
43176543
43194481
43211612
43228547
43246312
43264028
43281921
43299859
43317282
43334137
43351862
43369578
43387343
43405281
43423140
43439807
43457452
43475168
43492893
43510793
43528596
43545665
43563122
43580838
43598483
43616343
43634146
43651807
43668980
43686572
43704153
43721933
43739736
43757596
43775122
43792430
43810011
43827603
43845406
43863186
43881428
43898572
43916153
43933461
43951264
43968856
43987221
44004878
44022459
44039603
44057406
44074714
44092891
44111177
44128913
44145909
44163638
44180856
44198749
44217035
44235212
44253419
44269944
44287162
44304891
44323177
44341070
44359644
44377454
44394672
44411197
44429483
44447212
44465786
44483679
44502685
44518707
44536562
44553518
44572092
44589821
44608827
44626720
44644072
44661028
44678883
44696127
44715133
44732862
44752085
44769226
44786393
44803637
44821492
44839168
44858227
44876323
44894591
44911835
44929002
44946678
44964533
44982629
45001688
45020146
45037200
45054557
45072043
45090088
45107994
45127243
45145791
45162755
45180202
45197598
45215504
45233549
45252888
45271353
45288400
45305796
45323243
45341059
45359194
45378468
45396998
45414394
45431441
45449257
45466704
45485978
45504113
45523460
45540039
45557855
45574902
45593864
45611623
45631273
45649105
45666921
45683500
45702062
45719821
45738783
45758255
45776071
45792566
45810660
45828419
45846981
45866008
45885385
45901716
45919726
45937485
45955579
45974206
45993478
46011030
46028876
46046635
46064645
46082804
46101676
46120416
46138190
46155949
46173795
46191870
46210274
46229201
46247576
46265335
46283109
46301020
46319340
46337799
46357086
46374801
46392495
46410334
46428490
46446865
46465684
46484623
46502271
46519720
46537804
46556015
46574750
46594169
46612093
46629542
46647190
46665329
46683900
46703235
46722603
46739618
46757012
46774715
46793214
46812385
46831753
46850440
46867503
46884537
46902600
46921699
46941067
46960238
46978325
46995359
47012422
47031085
47050453
47069552
47089243
47106277
47123244
47140907
47160275
47178938
47199012
47217299
47234162
47251729
47270367
47288760
47308398
47328509
47345184
47362647
47381189
47399582
47418220
47438008
47456394
47473669
47492107
47510500
47529042
47547830
47567758
47584879
47603129
47621522
47639960
47658652
47677580
47696901
47714339
47732732
47750982
47769570
47788402
47807705
47826361
47843949
47862192
47880592
47899320
47918527
47938340
47955971
47973699
47991802
48010342
48029445
48049162
48068133
48085721
48103824
48121552
48140467
48160080
48180411
48197883
48215846
48233574
48251677
48271102
48291405
48310161
48328008
48345736
48363699
48382312
48402427
48422547
48440286
48458014
48475861
48494334
48513637
48533787
48552672
48570400
48588139
48606496
48625659
48644997
48665207
48683186
48700525
48718774
48737821
48757019
48776417
48796024
48813311
48831160
48850099
48869181
48888439
48908547
48926149
48943946
48962485
48981459
49000601
49020569
49039167
49056784
49075271
49093845
49112879
49132731
49152249
49169802
49188109
49206631
49225265
49245009
49265711
49282884
49301127
49319469
49338051
49357395
49377989
49396482
49414209
49432487
49450889
49470181
49490375
49510212
49527807
49545569
49563907
49583019
49603161
49623945
49641537
49659167
49676989
49696037
49715999
49736731
49755579
49772897
49790587
49809119
49829017
49849569
49869769
49886939
49904317
49922717
49942099
49962587
49983664
50001129
50018359
50036447
50055697
50075669
50096682
50115351
50132549
50150489
50169427
50189267
50209764
50229649
50246771
50264679
50283469
50302997
50323362
50343971
50361069
50378901
50397659
50417039
50437092
50458481
50475391
50493199
50511881
50531229
50551134
50572417
50589901
50607521
50626179
50645451
50665324
50686459
50704963
50722031
50740501
50759749
50779546
50800649
50820065
50837093
50855011
50874071
50893844
50914871
50935275
50952195
50970073
50988581
51008166
51029169
51050261
51067405
51085175
51103643
51122676
51143491
51164559
51183035
51200385
51218745
51237738
51258001
51278881
51298909
51316015
51333955
51352840
51373063
51393391
51414306
51431889
51449585
51468050
51488165
51508453
51528816
51548615
51565459
51583680
51603375
51623555
51643878
51664496
51682185
51699554
51719005
51738765
51758980
51779558
51799107
51816280
51834879
51854395
51874190
51894660
51915388
51933202
51951605
51970269
51989820
52009870
52030490
52050380
52068527
52086995
52105694
52125500
52145700
52167320
52185705
52203917
52222420
52241374
52261330
52282530
52302907
52321095
52339342
52358100
52377204
52398160
52420205
52438297
52456520
52475022
52493930
52514034
52535835
52556023
52573722
52592200
52610852
52630760
52651709
52673875
52691448
52709402
52728030
52747682
52768435
52789749
52809674
52827128
52845232
52864860
52885357
52906475
52927617
52945354
52962958
52982062
53002535
53023397
53044600
53063447
53081184
53099788
53119737
53140575
53161522
53181673
53199494
53218014
53237463
53257777
53278700
53299882
53318228
53336324
53355689
53375503
53395902
53417060
53436813
53455058
53473999
53493729
53513628
53534262
53555547
53574068
53592733
53612039
53631854
53651988
53672877
53693222
53711743
53730773
53750164
53770214
53790603
53812232
53830997
53849783
53868898
53888524
53908829
53930278
53950272
53969037
53987908
54007258
54027139
54048504
54069526
54088347
54107162
54126268
54145873
54166814
54188836
54207651
54226472
54245522
54264883
54285548
54308287
54326961
54346011
54364832
54384137
54404558
54427597
54446511
54465321
54484382
54503447
54523812
54547147
54565957
54584871
54603936
54622997
54643122
54666801
54685507
54704525
54723486
54742651
54762672
54786483
54805161
54824122
54843140
54862333
54882326
54906241
54924843
54943776
54962822
54982815
55002008
55025923
55044856
55063458
55083451
55102497
55122938
55146122
55164538
55184388
55203133
55223427
55244316
55265804
55285468
55304213
55324063
55344805
55366070
55386734
55405479
55425143
55445441
55466559
55488333
55507078
55526409
55546521
55567195
55589221
55608707
55628008
55647787
55668275
55689857
55710357
55729637
55749386
55769541
55790937
55812100
55831287
55851015
55871140
55892203
55913679
55933030
55952665
55972769
55993802
56014945
56034935
56054408
56074419
56095431
56116544
56136909
56156313
56176162
56197081
56218173
56239180
56258287
56278067
56298824
56319823
56341063
56360558
56380041
56400729
56421566
56442713
56462967
56482312
56502703
56523471
56544456
56565526
56584721
56604974
56625445
56646361
56667638
56687280
56707383
56727716
56748335
56769543
56790031
56809942
56830125
56850606
56871517
56892857
56912693
56932684
56953015
56973788
56994831
57015669
57035435
57055574
57076197
57097102
57118169
57138411
57158325
57178756
57199511
57220440
57241711
57261301
57281507
57302070
57322849
57343982
57364691
57384483
57404821
57425408
57446391
57468120
57487873
57507797
57528159
57548950
57570529
57591425
57611187
57631135
57651701
57673088
57694763
57714739
57734525
57754677
57775839
57797322
57818672
57838077
57858067
57878815
57900073
57922280
57942010
57961619
57982205
58003049
58025031
58046060
58065552
58085757
58106439
58128007
58150203
58169602
58189690
58209991
58231397
58253425
58273745
58293740
58313924
58334949
58356815
58377972
58397883
58417974
58438882
58460367
58482309
58502110
58522117
58542932
58564300
58585861
58606547
58626344
58647075
58668350
58689794
58711050
58730781
58751302
58772493
58793844
58815640
58835284
58855739
58876720
58897987
58919714
58939874
58960242
58981157
59002214
59023857
59044533
59064832
59085660
59106651
59128084
59149231
59169491
59190250
59211154
59232521
59253944
59274189
59294909
59315744
59337024
59358726
59378902
59399607
59420403
59441614
59463294
59483684
59504320
59525101
59546273
59567884
59588592
59609102
59629814
59650971
59672543
59693632
59714010
59734596
59755684
59777241
59798840
59819050
59839504
59860466
59881954
59903795
59924258
59944544
59965374
59986736
60008508
60029625
60049752
60070414
60091644
60113290
60135073
60155119
60175622
60196684
60218198
60239920
60260567
60280989
60301892
60323238
60344828
60366087
60386437
60407259
60428446
60449868
60471655
60491957
60512707
60533813
60555076
60576866
60597525
60618227
60639261
60660443
60682074
60703513
60723795
60744781
60765891
60787441
60809630
60829783
60850349
60871411
60892889
60915199
60935900
60956337
60976979
60998409
61020647
61042242
61062454
61082967
61103977
61126167
61148497
61168796
61189084
61209965
61231735
61254017
61275153
61295426
61316082
61337723
61359585
61381642
61401783
61422424
61443840
61465573
61487615
61508272
61528781
61550182
61571690
61593603
61614947
61635270
61656539
61678032
61699720
61721703
61741945
61763028
61784389
61806062
61827846
61848701
61869703
61890878
61912419
61934188
61955517
61976459
61997553
62018908
62040545
62062374
62083275
62104309
62125583
62147034
62168731
62190163
62211125
62232339
62253709
62275220
62297252
62318013
62339155
62360465
62381895
62404222
62425102
62446043
62467281
62488651
62510897
62532404
62553132
62574169
62595467
62617653
62639817
62660434
62681258
62702355
62724469
62746699
62767847
62788560
62809444
62831357
62853515
62875479
62895973
62916746
62938446
62960403
62982785
63003605
63024159
63045748
63067492
63089673
63111255
63131791
63153161
63174794
63196762
63219208
63239441
63260793
63282207
63304064
63326560
63347394
63368443
63389839
63411477
63433862
63455620
63476396
63497489
63519109
63541275
63563940
63584622
63605442
63626759
63648907
63671353
63693154
63713668
63734712
63756557
63778985
63801467
63822200
63842938
63864510
63886635
63909099
63930864
63951470
63972736
63994588
64016749
64039505
64060134
64081268
64102814
64124702
64147155
64168816
64189932
64211346
64232928
64255108
64277513
64298614
64320010
64341460
64363334
64386372
64407311
64428692
64450124
64471866
64494728
64516170
64537389
64558806
64580530
64603260
64625128
64646248
64667503
64689212
64711924
64734101
64755206
64776362
64797909
64820606
64843341
64864179
64885320
64906768
64929303
64952032
64973419
64994293
65015726
65038162
65060729
65082944
65103533
65124699
65147120
65169588
65192323
65213058
65233939
65256093
65278546
65301182
65322757
65343464
65365333
65387519
65410140
65432552
65453163
65474858
65496759
65519113
65542070
65562958
65584557
65606284
65628353
65651043
65672831
65694352
65715983
65737878
65760283
65782755
65804225
65825778
65847577
65869808
65892694
65914149
65935651
65957372
65979507
66002975
66024088
66045575
66067245
66089302
66113415
66134369
66155514
66177169
66199175
66223921
66244809
66265795
66287108
66309099
66334541
66355315
66376235
66397389
66419038
66445299
66465935
66486741
66507829
66529319
66556099
66576693
66597361
66618335
66639759
66667355
66687493
66708119
66728955
66750265
66778746
66798749
66818919
66839713
66860885
66890212
66910140
66930175
66950513
66971643
67001693
67021606
67041566
67061769
67082443
67113189
67133087
67153032
67173160
67193699
67225141
67244583
67264513
67284626
67305090
67337114
67356535
67376009
67396107
67416556
67449150
67468508
67487961
67507603
67528037
67561261
67580544
67599934
67619555
67639533
67673444
67692655
67711970
67731528
67751485
67786479
67804838
67824081
67843564
67863458
67899529
67917873
67936264
67955675
67975494
68012699
68030923
68049299
68067858
68087605
68125926
68144093
68162349
68180893
68199788
68239204
68257320
68275519
68293943
68312823
68352809
68370598
68388746
68407113
68425873
68466597
68484203
68502024
68520340
68539043
68580505
68597991
68615629
68633618
68652270
68694533
68711899
68729417
68747223
68765548
68808702
68825927
68843325
68861011
68879153
68923159
68940096
68957353
68974919
68992941
69037658
69054553
69071522
69088947
69106849
69152232
69169052
69185979
69203116
69220877
69266950
69283626
69300478
69317573
69335046
69382028
69398344
69415052
69432072
69449503
69497124
69513422
69529770
69546646
69564002
69612370
69628518
69644848
69661364
69678576
69727739
69743764
69759944
69776442
69793294
69843150
69859133
69875190
69891538
69908372
69959083
69974544
69990559
70006784
70023468
70074721
70090477
70105970
70122153
70138714
70190654
70206147
70221903
70237564
70254083
70306338
70322080
70337741
70353497
70369494
70422271
70437932
70453674
70469671
70485427
70538131
70553865
70569862
70585604
70601705
70654064
70670061
70685795
70701882
70718058
70770298
70785994
70802073
70818235
70834876
70886231
70902272
70918426
70935053
70951796
71002509
71018625
71035244
71051973
71068776
71118862
71135443
71152164
71168953
71185912
71235680
71252363
71269144
71286089
71303099
71352600
71369343
71386280
71403276
71420634
71469580
71486479
71503467
71520811
71538328
71586716
71603666
71621002
71638505
71656064
71703903
71721201
71738696
71756241
71773848
71821438
71838895
71856432
71874025
71891764
71939132
71956631
71974216
71991941
72009788
72056868
72074415
72092132
72109965
72127845
72174652
72192331
72210156
72228022
72245974
72292568
72310355
72328213
72346151
72364301
72410592
72428412
72446342
72464478
72482928
72528649
72546541
72564669
72583105
72601570
72646778
72664868
72683296
72701747
72720563
72765105
72783495
72801938
72820740
72839769
72883732
72902137
72920931
72939946
72959455
73002374
73021130
73040137
73059632
73079354
73121367
73140336
73159823
73179531
73199628
73240573
73260022
73279722
73299805
73320220
73360259
73379921
73399996
73420397
73441190
73480158
73500195
73520588
73541367
73562301
73600432
73620787
73641558
73662478
73683745
73721024
73741757
73762669
73783922
73805546
73841994
73862868
73884113
73905723
73927515
73963105
73984312
74005914
74027692
74049529
74084549
74106113
74127883
74149706
74171705
74206350
74228082
74249897
74271882
74294094
74328319
74350096
74372073
74394271
74416498
74450333
74472272
74494462
74516675
74538995
74572509
74594661
74616866
74639172
74661642
74694898
74717065
74739363
74761819
74784415
74817302
74839562
74862010
74884592
74907203
74939799
74962209
74984783
75007380
75030201
75062446
75084982
75107571
75130378
75153346
75185219
75207770
75230569
75253523
75276551
75308007
75330768
75353714
75376728
75400035
75431005
75453913
75476919
75500212
75523678
75554150
75577118
75600403
75623855
75647408
75677355
75700602
75724046
75747585
75778142
75800839
75824245
75847776
75879029
75901626
75924482
75947975
75979930
76002513
76025269
76048212
76080953
76103414
76126156
76148999
76182104
76204437
76227057
76249886
76283313
76305588
76328080
76350787
76384818
76406797
76429231
76451810
76486377
76508302
76530440
76552961
76588012
76609861
76631945
76654170
76689695
76711496
76733504
76755675
76791392
76813179
76835139
76857234
76893153
76914876
76936822
76958869
76995092
77016637
77038519
77060552
77097085
77118576
77140280
77162249
77199160
77220569
77242219
77264010
77301321
77322644
77344212
77365949
77403572
77424805
77446287
77467942
77505927
77527056
77548448
77570017
77608304
77629411
77650699
77672178
77710867
77731788
77753054
77774429
77813522
77834351
77855431
77876784
77916185
77937006
77957994
77979161
78019070
78039669
78060649
78081724
78121973
78142554
78163312
78184379
78224922
78245457
78266197
78287042
78327947
78348406
78369100
78389927
78431166
78451431
78472049
78492830
78534413
78554650
78575074
78595779
78637672
78657897
78678293
78698804
78741015
78761156
78781540
78802023
78844526
78864499
78884799
78905270
78948167
78968010
78988142
79008529
79051820
79071651
79091653
79111872
79155517
79175304
79195294
79215383
79259310
79279001
79298947
79319024
79363135
79382794
79402644
79422677
79467050
79486619
79506437
79526374
79571019
79590534
79610262
79630167
79675002
79694503
79714177
79733992
79779027
79798486
79818146
79837907
79883114
79902511
79922129
79941876
79987223
80006598
80026154
80045859
80091354
80110707
80130241
80149884
80195503
80214838
80234350
80253971
80299672
80318987
80338481
80358080
80403853
80423156
80442630
80462211
80508128
80527337
80546799
80566360
80612465
80631612
80650980
80670529
80716846
80735949
80755255
80774710
80821267
80840330
80859592
80878985
80925696
80944751
80963973
80983322
81030133
81049180
81068394
81087703
81134646
81153617
81172823
81192124
81239439
81258130
81277260
81296553
81344450
81362923
81381773
81400990
81449469
81467934
81486566
81505503
81554548
81572953
81591577
81610296
81659657
81678032
81696596
81715307
81764844
81783141
81801675
81820326
81870049
81888328
81906784
81925405
81975392
81993533
82011971
82030514
82080789
82098876
82117176
82135701
82186218
82204273
82222519
82240906
82291715
82309702
82327916
82346249
82397256
82415199
82433345
82451646
82502843
82520740
82538842
82557075
82608486
82626327
82644383
82662572
82714241
82731970
82749970
82768113
82820008
82837725
82855613
82873700
82925819
82943492
82961368
82979343
83031768
83049303
83067135
83085098
83137797
83155252
83172946
83190865
83243966
83261281
83278895
83296676
83350169
83367450
83384924
83402625
83456382
83473653
83491093
83508654
83562881
83579866
83597296
83614823
83669400
83686365
83703509
83721026
83775997
83792884
83810008
83827239
83882656
83899481
83916527
83933738
83989333
84006140
84023124
84040257
84096118
84112817
84129783
84146854
84202937
84219602
84236460
84253513
84309766
84326421
84343245
84360190
84416641
84433250
84450064
84466975
84523524
84540125
84556893
84573794
84630575
84647008
84663768
84680623
84737634
84754059
84770651
84787498
84844755
84861118
84877702
84894381
84951972
84968239
84984761
85001432
85059247
85075456
85091882
85108491
85166530
85182731
85199099
85215612
85273821
85290014
85306374
85322829
85381138
85397305
85413657
85430104
85488527
85504622
85520948
85537387
85595924
85612011
85628265
85644678
85703329
85719408
85735654
85751995
85810766
85826813
85843051
85859384
85918249
85934250
85950456
85966781
86025744
86041733
86057893
86074186
86133257
86149228
86165376
86181623
86240778
86256741
86272871
86289106
86348319
86364262
86380384
86396601
86455898
86471803
86487905
86504114
86563621
86579382
86595446
86611635
86671508
86687105
86703025
86719176
86779431
86794992
86810748
86826755
86887610
86902915
86918635
86934478
86995893
87011094
87026558
87042365
87104266
87119377
87134737
87150288
87212755
87227750
87243020
87258467
87321252
87336239
87351393
87366750
87429897
87444736
87459882
87475123
87538578
87553381
87568379
87583612
87647293
87662062
87677024
87692109
87756042
87770777
87785705
87800754
87864933
87879526
87894420
87909435
87973832
87988417
88003169
88018150
88082741
88097316
88112060
88126899
88191764
88206225
88220959
88235790
88300859
88315248
88329868
88344689
88410024
88424343
88438891
88453598
88519229
88533508
88547986
88562621
88628474
88642713
88657151
88671716
88737815
88751958
88766356
88780881
88847310
88861299
88875601
88890086
88956841
88970794
88984942
88999331
89066380
89080325
89094437
89108672
89176055
89189864
89203968
89218167
89285844
89299539
89313507
89327698
89395645
89409328
89423182
89437237
89505776
89519129
89532971
89546912
89616013
89629260
89642772
89656701
89726320
89739497
89752903
89766502
89836889
89849804
89863140
89876633
89947494
89960373
89973447
89986870
90058107
90070978
90084016
90097177
90168822
90181591
90194621
90207746
90279645
90292306
90305234
90318351
90390486
90403129
90415949
90428964
90501445
90513970
90526772
90539679
90612506
90624929
90637613
90650502
90723575
90735990
90748572
90761343
90834658
90847059
90859633
90872302
90945751
90958142
90970702
90983363
91056876
91069235
91081785
91094432
91168009
91180360
91192878
91205515
91279152
91291493
91304003
91316608
91390319
91402636
91415136
91427733
91501496
91513803
91526279
91538866
91612689
91624980
91637446
91650009
91723938
91736173
91748623
91761176
91835209
91847422
91859816
91872353
91946506
91958693
91971065
91983546
92057865
92069990
92082336
92094795
92169300
92181349
92193633
92206066
92280773
92292784
92304992
92317363
92392452
92404257
92416427
92428722
92504260
92515936
92527900
92540157
92615939
92627769
92639579
92651630
92727772
92739582
92751412
92763309
92839590
92851415
92863312
92875142
92951423
92963320
92975145
92987273
93063347
93075153
93087276
93099456
93175180
93187284
93199459
93211737
93287311
93299467
93311740
93324316
93399494
93411748
93424319
93436949
93511775
93524327
93536952
93549598
93624354
93636960
93649601
93662277
93736987
93749609
93762280
93774996
93849636
93862288
93874999
93887765
93962315
93975007
93987768
94000552
94075034
94087776
94100555
94113461
94187803
94200563
94213464
94226406
94300590
94313472
94326409
94339459
94413499
94426417
94439462
94452604
94526444
94539470
94552607
94565769
94639497
94652615
94665772
94679094
94752642
94765780
94779097
94792661
94865807
94879105
94892664
94906326
94979132
94992672
95006329
95020125
95092699
95106337
95120128
95133934
95206364
95220136
95233937
95247751
95320163
95333945
95347754
95361576
95433972
95447762
95461579
95475537
95547789
95561587
95575540
95589506
95661614
95675548
95689509
95703625
95775575
95789517
95803628
95817812
95889544
95903636
95917815
95932033
96003663
96017823
96032036
96046354
96117850
96132044
96146357
96160829
96232071
96246365
96260832
96275496
96346392
96360840
96375499
96390185
96460867
96475507
96490188
96504904
96575534
96590196
96604907
96619661
96690223
96704915
96719664
96734650
96804942
96819672
96834653
96849823
96919699
96934661
96949826
96965056
97034688
97049834
97065059
97080317
97149861
97165067
97180320
97195720
97265094
97280328
97295723
97311241
97380355
97395731
97411244
97426802
97495758
97511252
97526805
97542377
97611279
97626813
97642380
97658016
97726840
97742388
97758019
97773663
97842415
97858027
97873666
97889434
97958054
97973674
97989437
98005213
98073701
98089445
98105216
98121000
98189472
98205224
98221003
98236847
98305251
98321011
98336850
98352772
98421038
98436858
98452775
98468705
98536885
98552783
98568708
98584680
98652810
98668716
98684683
98700667
98768743
98784691
98800670
98868773
98884718
98900678
98968806
98984748
99000705
99068857
99084781
99100735
99168911
99184832
99200768
99269034
99284886
99300819
99369160
99385009
99400873
99469316
99485135
99500996
99569485
99585291
99601122
99669664
99685460
99701278
99769861
99785639
99801447
99870065
99885836
99901626
99970288
99986040
100001823
100070524
100086263
100102027
100170769
100186499
100202250
100271019
100286744
100302486
100371317
100386994
100402731
100471652
100487292
100502981
100572016
100587627
100603279
100672383
100687991
100703614
100772753
100788358
100803978
100873126
100888728
100904345
100973544
100989101
101004715
101073977
101089519
101105088
101174413
101189952
101205506
101274860
101290388
101305939
101375314
101390835
101406375
101475771
101491289
101506822
101576308
101591746
101607276
101676880
101692283
101707733
101777469
101792855
101808270
101878063
101893444
101908842
101978660
101994038
102009431
102079261
102094635
102110025
102179889
102195236
102210622
102280520
102295864
102311223
102381213
102396495
102411851
102481943
102497188
102512482
102582692
102597918
102613175
102683453
102698667
102713905
102784236
102799428
102814654
102885113
102900211
102915415
102986021
103001088
103016198
103086954
103101996
103117075
103187920
103202929
103217983
103288908
103303895
103318916
103389908
103404883
103419882
103490911
103505883
103520870
103591945
103606886
103621870
103693009
103707920
103722873
103794093
103808984
103823907
103895227
103910068
103924971
103996384
104011202
104026055
104097580
104112359
104127189
104198791
104213555
104228346
104300035
104314766
104329542
104401288
104416010
104430753
104502544
104517263
104531997
104603822
104618519
104633250
104705121
104719797
104734506
104806495
104821096
104835784
104907887
104922470
104937083
105009292
105023862
105038457
105110705
105125267
105139849
105212129
105226680
105241254
105313577
105328104
105342667
105415034
105429552
105444091
105516517
105531009
105545539
105618066
105632492
105646996
105719623
105734041
105748479
105821183
105835598
105850028
105922767
105937158
105951585
106024354
106038742
106053145
106125971
106140329
106154729
106227628
106241946
106256316
106329295
106343603
106357933
106430992
106445270
106459590
106532692
106546967
106561257
106634395
106648667
106662954
106736101
106750370
106764654
106837850
106852076
106866357
106939656
106953825
106968063
107041465
107055631
107069812
107143295
107157440
107171618
107245128
107259270
107273427
107346964
107361103
107375257
107448808
107462939
107477090
107550670
107564783
107578926
107652552
107666645
107680770
107754456
107768527
107782632
107856365
107870431
107884514
107958293
107972340
107986418
108060233
108074268
108088327
108162211
108176208
108190255
108264192
108278186
108292195
108366197
108380167
108394173
108468206
108482172
108496154
108570232
108584181
108598159
108672261
108686207
108700168
108774293
108788236
108802194
108876353
108890268
108904223
108978424
108992328
109006255
109080505
109094399
109108315
109182600
109196480
109210386
109284784
109298575
109312467
109386980
109400759
109414562
109489180
109502955
109516746
109591428
109605155
109618942
109693720
109707403
109721142
109796030
109809695
109823390
109898408
109912005
109925682
110000846
110014383
110027992
110103348
110116821
110130370
110205861
110219323
110232808
110308377
110321836
110335310
110410896
110424352
110437823
110513420
110526871
110540339
110615956
110629395
110642858
110718514
110731931
110745382
110821104
110834489
110847918
110923701
110937079
110950476
111026344
111039676
111053066
111129021
111142319
111155663
111231745
111244996
111258306
111334519
111347720
111360983
111437296
111450494
111463707
111540076
111553271
111566481
111642886
111656051
111669258
111745726
111758861
111772038
111848576
111861701
111874848
111951437
111964551
111977688
112054406
112067412
112080538
112157384
112170381
112183399
112260365
112273359
112286368
112363360
112376340
112389346
112466358
112479335
112492327
112569368
112582333
112595322
112672398
112685343
112698320
112775431
112788373
112801330
112878505
112891406
112904360
112981593
112994480
113007393
113084706
113097568
113110467
113187824
113200681
113213555
113291025
113303799
113316668
113394329
113407000
113419786
113497655
113510304
113522987
113600997
113613630
113626291
113704351
113716972
113729617
113807709
113820326
113832959
113911072
113923684
113936313
114014476
114027047
114039671
114118009
114130451
114143034
114221603
114233984
114246438
114325207
114337578
114349971
114428819
114441182
114453565
114532451
114544794
114557169
114636231
114648426
114660781
114740024
114752206
114764413
114843842
114855999
114868193
114947719
114959817
114971986
115051601
115063694
115075804
115155494
115167576
115179681
115259432
115271469
115283563
115363448
115375407
115387456
115467503
115479423
115491394
115571589
115583478
115595410
115675682
115687564
115699465
115779921
115791657
115803551
115884235
115895896
115907644
115988554
116000210
116011883
116092908
116104529
116116197
116197279
116208883
116220516
116301692
116313254
116324870
116406108
116417667
116429241
116510529
116522083
116533654
116615002
116626504
116638070
116719482
116730977
116742491
116824009
116835457
116846964
116928570
116939984
116951444
117033137
117044545
117055971
117137707
117149112
117160532
117242350
117253682
117265099
117347147
117358325
117369669
117451949
117463122
117474312
117556772
117567924
117579109
117661644
117672747
117683911
117766519
117777619
117788734
117871444
117882494
117893606
117976372
117987419
117998481
118081312
118092347
118103406
118186274
118197287
118208334
118291279
118302249
118313274
118396357
118407254
118418236
118501498
118512332
118523241
118606655
118617473
118628319
118711876
118722630
118733460
118817100
118827851
118838617
118922355
118933075
118943838
119027648
119038330
119049062
119132947
119143623
119154317
119238279
119248922
119259610
119343614
119354254
119364909
119448965
119459589
119470241
119554319
119564940
119575576
119659680
119670294
119680927
119765056
119775655
119786281
119870436
119881031
119891642
119975819
119986411
119997018
120081222
120091794
120102398
120186628
120197197
120207781
120292113
120302603
120313184
120397601
120408088
120418590
120503139
120513576
120524075
120608689
120619114
120629563
120714289
120724664
120735101
120819917
120830264
120840651
120925571
120935892
120946251
121031243
121041546
121051879
121136933
121147218
121157533
121242638
121252908
121263205
121348346
121358613
121368895
121454079
121464321
121474600
121559819
121570054
121580308
121665579
121675794
121686041
121771388
121781554
121791781
121877212
121887363
121897541
121983092
121993187
122003350
122088998
122099067
122109174
122194975
122204973
122215054
122300979
122310950
122320960
122406991
122416954
122426937
122513030
122522966
122532941
122619100
122629005
122638953
122725173
122735075
122744992
122831249
122841148
122851062
122937337
122947224
122957135
123043432
123053312
123063211
123149553
123159407
123169299
123255690
123265528
123275394
123361877
123371665
123381515
123468068
123477852
123487652
123574303
123584043
123593839
123680639
123690278
123700030
123787002
123796614
123806265
123893371
123902977
123912601
123999750
124009346
124018964
124106148
124115725
124125333
124212606
124222123
124231712
124319067
124328581
124338110
124425552
124435042
124444568
124532042
124541527
124551029
124638581
124648017
124657514
124745169
124754556
124764004
124851760
124861144
124870543
124958372
124967735
124977131
125065001
125074347
125083722
125171668
125180976
125190334
125278343
125287643
125296963
125385052
125394318
125403630
125491787
125501027
125510305
125598550
125607762
125617014
125705376
125714525
125723749
125812220
125821351
125830512
125919067
125928195
125937338
126025937
126035042
126044182
126132833
126141912
126151029
126239762
126248808
126257899
126346697
126355737
126364795
126453709
126462672
126471724
126560724
126569684
126578659
126667765
126676699
126685671
126774837
126783740
126792686
126881944
126890812
126899727
126989060
126997919
127006799
127096191
127105035
127113906
127203335
127212166
127221022
127310489
127319310
127328153
127417711
127426464
127435297
127524945
127533686
127542451
127632216
127640920
127649673
127739545
127748191
127756907
127846917
127855520
127864178
127954292
127962892
127971507
128061688
128070267
128078879
128169090
128177663
128186254
128276516
128285065
128293650
128383945
128392491
128401052
128491402
128499920
128508478
128598874
128607377
128615907
128706353
128714849
128723364
128813856
128822328
128830836
128921380
128929831
128938315
129028920
129037355
129045818
129136465
129144895
129153342
129244037
129252440
129260882
129351612
129360012
129368427
129459190
129467587
129475999
129566771
129575165
129583574
129674384
129682746
129691152
129782004
129790359
129798733
129889681
129897979
129906346
129997364
130005656
130013966
130105051
130113339
130121643
130212744
130221026
130229326
130320475
130328719
130337013
130428214
130436450
130444706
130535958
130544189
130552437
130643731
130651933
130660176
130751508
130759706
130767920
130859383
130867483
130875693
130967289
130975358
130983470
131075203
131083264
131091345
131183130
131191178
131199251
131291060
131299105
131307165
131399010
131407035
131415092
131506980
131514985
131523022
131614956
131622955
131630972
131722945
131730943
131738942
131830943
131838942
131930943
131938942
132030943
132038942
132130943
132138942
132230943
132238942
132330943
132338942
132430943
132438942
132530943
132538942
132630943
132638942
132730943
132738942
132830943
132838942
132930943
132938942
133030943
133038942
133130943
133138942
133230943
133238942
133330943
133338942
133430943
133438942
133530943
133538942
133630943
133638942
133730943
133738942
133830943
133838942
133930943
133938942
134030943
134038942
134130943
134138942
134230943
134238942
134330943
134338942
134430943
134438942
134530943
134538942
134630943
134638942
134730943
134738942
134830943
134838942
134930943
134938942
135030943
135038942
135130943
135138942
135230943
135238942
135330943
135338942
135430943
135438942
135530943
135538942
135630943
135638942
135730943
135738942
135830943
135838942
135930943
135938942
136030943
136038942
136130943
136138942
136230943
136238942
136330943
136338942
136430943
136438942
136530943
136538942
136630943
136638942
136730943
136738942
136830943
136838942
136930943
136938942
137030943
137038942
137130943
137138942
137230943
137238942
137330943
137338942
137430943
137438942
137530943
137538942
137630943
137638942
137730943
137738942
137830943
137838942
137930943
137938942
138030943
138038942
138130943
138138942
138230943
138238942
138330943
138338942
138430943
138438942
138530943
138538942
138630943
138638942
138730943
138738942
138830943
138838942
138930943
138938942
139030943
139038942
139130943
139138942
139230943
139238942
139330943
139338942
139430943
139438942
139530943
139538942
139630943
139638942
139730943
139738942
139830943
139838942
139930943
139938942
140030943
140038942
140130943
140138942
140230943
140238942
140330943
140338942
140430943
140438942
140530943
140538942
140630943
140638942
140730943
140738942
140830943
140838942
140930943
140938942
141030943
141038942
141130943
141138942
141230943
141238942
141330943
141338942
141430943
141438942
141530943
141538942
141630943
141638942
141730943
141738942
141830943
141838942
141930943
141938942
142030943
142038942
142130943
142138942
142230943
142238942
142330943
142338942
142430943
142438942
142530943
142538942
142630943
142638942
142730943
142738942
142830943
142838942
142930943
142938942
143030943
143038942
143130943
143138942
143230943
143238942
143330943
143338942
143430943
143438942
143530943
143538942
143630943
143638942
143730943
143738942
143830943
143838942
143930943
143938942
144030943
144038942
144130943
144138942
144230943
144238942
144330943
144338942
144430943
144438942
144530943
144538942
144630943
144638942
144730943
144738942
144830943
144838942
144930943
144938942
145030943
145038942
145130943
145138942
145230943
145238942
145330943
145338942
145430943
145438942
145530943
145538942
145630943
145638942
145730943
145738942
145830943
145838942
145930943
145938942
146030943
146038942
146130943
146138942
146230943
146238942
146330943
146338942
146430943
146438942
146530943
146538942
146630943
146638942
146730943
146738942
146830943
146838942
146930943
146938942
147030943
147038942
147130943
147138942
147230943
147238942
147330943
147338942
147430943
147438942
147530943
147538942
147630943
147638942
147730943
147738942
147830943
147838942
147930943
147938942
148030943
148038942
148130943
148138942
148230943
148238942
148330943
148338942
148430943
148438942
148530943
148538942
148630943
148638942
148730943
148738942
148830943
148838942
148930943
148938942
149030943
149038942
149130943
149138942
149230943
149238942
149330943
149338942
149430943
149438942
149530943
149538942
149630943
149638942
149730943
149738942
149830943
149838942
149930943
149938942
150030943
150038942
150130943
150138942
150230943
150238942
150330943
150338942
150430943
150438942
150530943
150538942
150630943
150638942
150730943
150738942
150830943
150838942
150930943
150938942
151030943
151038942
151130943
151138942
151230943
151238942
151330943
151338942
151430943
151438942
151530943
151538942
151630943
151638942
151730943
151738942
151830943
151838942
151930943
151938942
152030943
152038942
152130943
152138942
152230943
152238942
152330943
152338942
152430943
152438942
152530943
152538942
152630943
152638942
152730943
152738942
152830943
152838942
152930943
152938942
153030943
153038942
153130943
153138942
153230943
153238942
153330943
153338942
153430943
153438942
153530943
153538942
153630943
153638942
153730943
153738942
153830943
153838942
153930943
153938942
154030943
154038942
154130943
154138942
154230943
154238942
154330943
154338942
154430943
154438942
154530943
154538942
154630943
154638942
154730943
154738942
154830943
154838942
154930943
154938942
155030943
155038942
155130943
155138942
155230943
155238942
155330943
155338942
155430943
155438942
155530943
155538942
155630943
155638942
155730943
155738942
155830943
155838942
155930943
155938942
156030943
156038942
156130943
156138942
156230943
156238942
156330943
156338942
156430943
156438942
156530943
156538942
156630943
156638942
156730943
156738942
156830943
156838942
156930943
156938942
157030943
157038942
157130943
157138942
157230943
157238942
157330943
157338942
157430943
157438942
157530943
157538942
157630943
157638942
157730943
157738942
157830943
157838942
157930943
157938942
158030943
158038942
158130943
158138942
158230943
158238942
158330943
158338942
158430943
158438942
158530943
158538942
158630943
158638942
158730943
158738942
158830943
158838942
158930943
158938942
159030943
159038942
159130943
159138942
159230943
159238942
159330943
159338942
159430943
159438942
159530943
159538942
159630943
159638942
159730943
159738942
159830943
159838942
159930943
159938942
160030943
160038942
160130943
160138942
160230943
160238942
160330943
160338942
160430943
160438942
160530943
160538942
160630943
160638942
160730943
160738942
160830943
160838942
160930943
160938942
161030943
161038942
161130943
161138942
161230943
161238942
161330943
161338942
161430943
161438942
161530943
161538942
161630943
161638942
161730943
161738942
161830943
161838942
161930943
161938942
162030943
162038942
162130943
162138942
162230943
162238942
162330943
162338942
162430943
162438942
162530943
162538942
162630943
162638942
162730943
162738942
162830943
162838942
162930943
162938942
163030943
163038942
163130943
163138942
163230943
163238942
163330943
163338942
163430943
163438942
163530943
163538942
163630943
163638942
163730943
163738942
163830943
163838942
163930943
163938942
164030943
164038942
164130943
164138942
164230943
164238942
164330943
164338942
164430943
164438942
164530943
164538942
164630943
164638942
164730943
164738942
164830943
164838942
164930943
164938942
165030943
165038942
165130943
165138942
165230943
165238942
165330943
165338942
165430943
165438942
165530943
165538942
165630943
165638942
165730943
165738942
165830943
165838942
165930943
165938942
166030943
166038942
166130943
166138942
166230943
166238942
166330943
166338942
166430943
166438942
166530943
166538942
166630943
166638942
166730943
166738942
166830943
166838942
166930943
166938942
167030943
167038942
167130943
167138942
167230943
167238942
167330943
167338942
167430943
167438942
167530943
167538942
167630943
167638942
167730943
167738942
167830943
167838942
167930943
167938942
168030943
168038942
168130943
168138942
168230943
168238942
168330943
168338942
168430943
168438942
168530943
168538942
168630943
168638942
168730943
168738942
168830943
168838942
168930943
168938942
169030943
169038942
169130943
169138942
169230943
169238942
169330943
169338942
169430943
169438942
169530994
169623073
169715155
169807253
169899380
169991535
170083691
170175876
170268062
170360262
170452472
170544687
170636912
170729154
170821399
170913672
171005973
171098275
171190578
171282889
171375204
171467523
171559953
171652384
171744907
171837431
171929978
172022578
172115179
172207781
172300411
172393049
172485707
172578366
172671035
172763721
172856418
172949126
173041868
173134648
173227431
173320215
173413002
173505790
173598579
173691378
173784220
173877080
173969962
174062865
174155769
174248678
174341604
174434534
174527465
174620422
174713403
174806385
174899368
174992364
175085371
175178384
175271453
175364551
175457721
175550892
175644064
175737249
175830447
175923646
176016860
176110079
176203314
176296553
176389798
176483044
176576291
176669573
176762900
176856230
176949561
177042896
177136242
177229615
177322999
177416389
177509803
177603218
177696638
177790059
177883481
177976904
178070382
178163861
178257363
178350866
178444374
178537886
178631399
178724947
178818504
178912064
179005644
179099225
179192807
179286398
179379990
179473583
179567187
179660796
179754406
179848019
179941637
180035256
180128879
180222512
180316178
180409850
180503523
180597201
180690880
180784560
180878241
180971963
181065686
181159410
181253149
181346932
181440726
181534537
181628378
181722243
181816120
181910023
182003955
182097926
182191912
182285932
182379953
182473978
182568032
182662097
182756193
182850292
182944410
183038560
183132711
183226863
183321021
183415229
183509447
183603666
183697904
183792146
183886420
183980705
184075002
184169309
184263617
184357935
184452258
184546584
184640932
184735281
184829635
184923990
185018359
185112729
185207143
185301562
185395993
185490433
185584889
185679361
185773871
185868413
185962956
186057500
186152077
186246661
186341260
186435864
186530471
186625093
186719729
186814366
186909017
187003669
187098330
187192992
187287655
187382358
187477067
187571777
187666488
187761251
187856015
187950788
188045562
188140351
188235176
188330004
188424853
188519748
188614663
188709624
188804586
188899551
188994522
189089515
189184549
189279632
189374729
189469886
189565046
189660246
189755447
189850675
189945980
190041286
190136613
190231945
190327278
190422637
190517997
190613358
190708733
190804128
190899554
190994991
191090438
191185888
191281343
191376799
191472267
191567738
191663224
191758715
191854216
191949730
192045247
192140765
192236313
192331877
192427442
192523019
192618600
192714182
192809795
192905478
193001162
193096875
193192598
193288356
193384115
193479880
193575646
193671419
193767230
193863070
193958952
194054899
194150890
194246894
194342899
194438905
194534933
194630968
194727004
194823047
194919100
195015154
195111250
195207355
195303464
195399584
195495705
195591869
195688034
195784227
195880421
195976705
196073020
196169344
196265688
196362082
196458511
196554974
196651467
196747961
196844456
196940987
197037519
197134052
197230640
197327250
197423861
197520490
197617124
197713759
197810403
197907071
198003769
198100468
198197172
198293910
198390674
198487494
198584315
198681137
198777984
198874840
198971720
199068611
199165507
199262414
199359322
199456278
199553241
199650223
199747206
199844194
199941192
200038209
200135252
200232296
200329348
200426445
200523543
200620652
200717789
200814937
200912129
201009345
201106579
201203853
201301131
201398414
201495702
201592991
201690297
201787604
201884912
201982221
202079546
202176872
202274216
202371568
202468921
202566374
202663847
202761321
202858821
202956362
203053931
203151549
203249168
203346788
203444420
203542060
203639701
203737368
203835036
203932711
204030411
204128112
204225849
204323587
204421326
204519128
204616942
204714760
204812594
204910441
205008348
205106269
205204223
205302187
205400180
205498179
205596179
205694180
205792191
205890215
205988331
206086471
206184612
206282761
206380915
206479102
206577333
206675565
206773802
206872040
206970279
207068519
207166766
207265071
207363402
207461737
207560073
207658412
207756791
207855193
207953596
208052005
208150415
208248826
208347244
208445681
208544119
208642572
208741055
208839539
208938024
209036554
209135085
209233617
209332156
209430701
209529247
209627846
209726452
209825068
209923690
210022313
210120937
210219567
210318198
210416830
210515463
210614179
210712911
210811664
210910418
211009203
211108005
211206813
211305622
211404447
211503299
211602152
211701006
211799869
211898733
211997623
212096537
212195470
212294404
212393342
212492320
212591299
212690335
212789372
212888410
212987449
213086518
213185604
213284693
213383783
213482927
213582083
213681263
213780465
213879679
213978894
214078117
214177381
214276655
214375930
214475216
214574503
214673818
214773142
214872478
214971815
215071177
215170578
215270000
215369479
215468970
215568464
215667993
215767552
215867114
215966723
216066366
216166017
216265678
216365340
216465003
216564670
216664348
216764027
216863735
216963448
217063170
217162968
217262767
217362600
217462434
217562274
217662115
217761957
217861803
217961682
218061566
218161453
218261360
218361343
218461327
