99987
99988
99990
99993
99997
100002
100008
100015
100023
100032
100042
100053
100065
100078
108078
116018
123959
131901
139844
147788
155733
163679
171626
179574
187523
195473
200195
200222
200250
200279
200309
200340
200372
200405
200439
200474
200510
200547
200585
200624
200664
200705
200747
200790
200834
200879
200925
200972
201020
201069
201119
201170
201222
201275
201329
201384
201440
201497
201555
201614
201674
201735
201797
201860
201924
201989
202055
202122
202190
202259
202329
202400
202472
202545
202619
202694
202770
202847
202925
203004
203084
203165
203247
203330
203414
203499
203585
203672
203760
203849
203939
204030
204122
204215
204309
204404
204500
204597
204695
204794
204894
204995
205097
205200
205304
205409
205515
205622
205730
205839
205949
206060
206172
206285
206399
206514
206630
206747
206865
206984
207104
207225
207347
207470
207594
207719
207845
207972
208100
208229
216229
224169
232110
234324
234675
235027
235380
235734
236089
236445
236802
237160
237519
237879
238240
238602
238965
239329
239694
240060
240427
240795
241164
241534
241905
242277
242650
243024
243399
243775
244152
244530
244909
245289
245670
246052
246435
254435
262375
270316
278258
286201
291088
291748
292409
293071
293734
294398
295063
295729
296396
297064
297733
298403
299074
299746
300419
301093
301768
302444
303121
303799
304478
305158
305839
306521
307204
307888
308573
309259
309946
310634
311323
312013
312704
313396
314089
314783
315478
316174
316871
317569
318268
318968
319669
320371
321074
321778
322483
323189
323896
324604
325313
333313
334025
334351
334678
335006
335335
335665
335996
336328
336661
336995
337330
337666
338003
338341
338680
339020
339361
339703
340046
340390
340735
341081
341428
341776
342125
342475
342826
343178
343531
343885
344240
344596
344953
345311
345670
346030
346391
346753
347116
347480
347845
348211
348578
348946
349315
349685
350056
350428
350801
351175
351550
351926
352303
352681
353060
353440
353821
354203
354586
362586
370526
378467
386409
394352
399239
399899
400560
401222
401885
402549
403214
403880
404547
405215
405884
406554
407225
407897
408570
409244
409919
410595
411272
411950
412629
413309
413990
414672
415355
416039
416724
417410
418097
418785
419474
420164
420855
421547
422240
422934
423629
424325
425022
425720
426419
427119
427820
428522
429225
429929
430634
431340
432047
432755
433464
441464
447450
448125
448801
449478
450156
450835
451515
452196
452878
453561
454245
454930
455616
456303
456991
457680
458370
459061
459753
460446
461140
461835
462531
463228
463926
464625
465325
466026
466728
467431
468135
468840
469546
470253
470961
471670
479670
487610
495126
495606
496087
496569
497052
497536
498021
498507
498994
499482
499971
500461
500952
501444
501937
502431
502926
503422
503919
504417
504916
505416
513416
520016
520636
521257
521879
522502
523126
523751
524377
525004
525632
526261
526891
527522
528154
528787
529421
530056
530692
531329
531967
532606
533246
533887
534529
535172
535816
536461
537107
537754
538402
539051
539701
540352
541004
541657
542311
542966
543622
544279
544937
545596
546256
546917
547579
548242
548906
549571
550237
550904
551572
552241
552911
553582
554254
554927
555601
556276
556952
557629
558307
558986
559666
560347
561029
561712
562396
563081
563767
564454
565142
565831
566521
567212
567904
568597
569291
569986
570682
571379
572077
572776
573476
574177
574879
575582
576286
576991
577697
578404
579112
579821
587821
595761
603702
611644
619587
627531
635476
643422
651369
657227
657892
658558
659225
659893
660562
661232
661903
662575
663248
663922
664597
665273
665950
666628
667307
667987
668668
669350
670033
670717
671402
672088
672775
673463
674152
674842
675533
676225
676918
677612
678307
679003
679700
680398
681097
681797
682498
683200
683903
684607
685312
686018
686725
687433
688142
689232
689881
690531
691182
691834
692487
693141
693796
694452
695109
695767
696426
697086
697747
698409
699072
699736
700401
701067
701734
702402
703071
703741
704412
705084
705757
706431
707106
707782
708459
709137
709816
710496
711177
711859
712542
713226
713911
714597
715284
715972
716661
717351
718042
718734
719427
720121
720816
721512
722209
722907
723606
724306
725007
725709
726412
727116
727821
728527
729234
729942
730651
738651
746591
754532
762474
770417
778361
786306
794252
802199
808057
808722
809388
810055
810723
811392
812062
812733
813405
814078
814752
815427
816103
816780
817458
818137
818817
819498
820180
820863
821547
822232
822918
823605
824293
824982
825672
826363
827055
827748
828442
829137
829833
830530
831228
831927
832627
833328
834030
834733
835437
836142
836848
837555
838263
838972
846972
854912
862853
870795
878434
879289
880145
881002
881860
882719
883579
884440
885302
886165
887029
887894
888760
889627
890495
891364
892234
893105
893977
894850
895724
896599
897475
898352
899230
900109
900989
901870
902752
903635
904519
905404
906290
907177
908065
908954
909844
910735
911627
919627
927567
935508
943450
951393
959337
960936
962254
963573
964893
966214
967536
968859
970183
971508
972834
974161
982161
988466
989323
990181
991040
991900
992761
993623
994486
995350
996215
997081
997948
998816
999685
1000555
1001426
1002298
1003171
1004045
1004920
1005796
1006673
1007551
1008430
1009310
1010191
1011073
1011956
1012840
1013725
1014611
1015498
1016386
1017275
1018165
1019056
1019948
1027948
1035888
1043829
1051771
1059714
1067484
1068462
1069441
1070421
1071402
1072384
1073367
1074351
1075336
1076322
1077309
1078297
1079286
1080276
1081267
1082259
1083252
1091252
1098048
1099666
1101285
1102905
1104439
1105627
1106816
1108006
1109197
1110389
1111582
1112776
1113971
1115167
1116364
1117562
1118761
1119961
1121162
1126405
1127295
1128186
1129078
1135515
1137156
1138798
1140441
1142085
1143730
1145376
1147023
1148512
1149835
1151159
1152484
1153810
1155137
1158580
1160235
1161891
1163548
1165206
1166865
1168525
1170186
1171848
1173511
1175175
1176840
1178506
1180173
1181841
1183510
1185180
1186851
1188523
1190196
1191870
1193545
1195221
1196898
1198576
1200255
1201935
1203616
1205298
1206981
1208665
1210350
1212036
1213723
1215411
1217100
1218790
1220481
1222173
1223866
1225560
1227255
1228951
1230648
1232346
1234045
1235745
1237446
1239148
1240851
1242555
1244260
1245966
1247673
1249381
1251090
1252800
1254511
1256223
1257936
1259650
1261365
1263081
1264798
1266516
1268235
1269955
1271676
1273398
1275121
1276845
1278570
1280296
1282023
1283751
1285480
1287210
1288941
1290673
1292406
1294140
1295875
1297611
1299348
1301086
1302825
1304565
1306306
1308048
1309791
1311535
1313280
1315026
1316773
1318521
1320270
1322020
1323771
1325523
1327276
1329030
1330785
1332541
1334298
1336056
1337815
1339575
1341336
1343098
1344861
1346625
1348390
1350156
1351923
1353691
1355460
1357230
1359001
1360773
1362546
1364320
1366095
1367871
1369648
1371426
1373205
1374985
1376766
1378548
1380331
1382115
1383900
1385686
1387473
1389261
1391050
1392840
1394631
1396423
1398216
1400010
1401805
1409805
1415021
1416721
1418422
1420124
1421827
1423531
1425236
1426942
1428649
1430357
1432066
1433776
1435487
1437199
1438912
1440626
1442341
1444057
1445774
1447492
1449211
1450931
1452652
1454374
1456097
1457821
1459546
1461272
1462999
1464727
1466456
1468186
1469917
1471649
1473382
1475116
1476851
1478587
1480324
1482062
1483801
1485541
1487282
1489024
1490767
1492511
1494256
1496002
1497749
1499497
1501246
1502996
1504747
1506499
1508252
1510006
1511761
1513517
1515274
1517032
1518791
1520551
1522312
1524074
1525837
1527601
1529366
1531132
1532899
1534667
1536436
1538206
1539977
1541749
1543522
1545296
1547071
1548847
1550624
1552402
1554181
1555961
1557742
1559524
1561307
1563091
1564876
1566662
1568449
1570237
1572026
1573816
1575607
1577399
1579192
1580986
1582781
1590781
1597345
1599088
1600832
1602577
1604323
1606070
1607818
1609567
1611317
1613068
1614820
1616573
1618327
1620082
1621838
1623595
1625353
1627112
1628872
1630633
1632395
1634158
1635922
1637687
1639453
1641220
1642988
1644757
1646527
1648298
1650070
1651843
1653617
1655392
1657168
1658945
1660723
1662502
1664282
1666063
1667845
1669628
1671412
1673197
1674983
1676770
1678558
1680347
1682137
1683928
1685720
1687513
1689307
1691102
1699102
1707042
1714983
1722249
1724027
1725806
1727586
1729367
1731149
1732932
1734716
1736501
1738287
1740074
1741862
1743651
1745441
1747232
1749024
1750817
1752611
1754406
1758382
1760159
1761937
1763716
1765496
1767277
1769059
1770842
1772626
1774411
1776197
1777984
1779772
1781561
1783351
1785142
1786934
1788727
1790521
1792316
1794850
1796643
1798437
1800232
1803034
1804817
1806601
1808386
1810172
1811959
1813747
1815536
1817326
1819117
1820909
1822702
1824496
1826291
1834127
1835907
1837688
1839470
1841253
1843037
1844822
1846608
1848395
1850183
1851972
1853762
1855553
1857345
1859138
1860932
1862727
1866703
1868480
1870258
1872037
1873817
1875598
1877380
1879163
1880947
1882732
1884518
1886305
1888093
1889882
1891672
1893463
1895255
1897048
1898842
1900637
1904233
1906012
1907792
1909573
1911355
1913138
1914922
1916707
1918493
1920280
1922068
1923857
1925647
1927438
1929230
1931023
1932817
1934612
1942612
1950552
1958493
1963941
1966475
1968268
1970062
1971857
1974659
1976442
1978226
1980011
1981797
1983584
1985372
1987161
1988951
1990742
1992534
1994327
1996121
1997916
2000802
2002593
2004385
2006178
2007972
2009767
2012569
2014352
2016136
2017921
2019707
2021494
2023282
2025071
2026861
2028652
2030444
2032237
2034031
2035826
2038360
2040153
2041947
2043742
2050788
2052572
2054357
2056143
2057930
2059718
2061507
2063297
2065088
2066880
2068673
2070467
2072262
2075858
2077637
2079417
2081198
2082980
2084763
2086547
2088332
2090118
2091905
2093693
2095482
2097272
2099063
2100855
2102648
2104442
2106237
2110213
2111990
2113768
2115547
2117327
2119108
2120890
2122673
2124457
2126242
2128028
2129815
2131603
2133392
2135182
2136973
2138765
2140558
2142352
2144147
2152147
2160087
2168028
2174218
2176010
2177803
2179597
2181392
2184194
2185977
2187761
2189546
2191332
2193119
2194907
2196696
2198486
2200277
2202069
2203862
2205656
2207451
2209985
2211778
2213572
2215367
2219343
2221120
2222898
2224677
2226457
2228238
2230020
2231803
2233587
2235372
2237158
2238945
2240733
2242522
2244312
2246103
2247895
2249688
2251482
2253277
2261277
2264123
2265890
2267658
2269427
2271197
2272968
2274740
2276513
2278287
2280062
2281838
2283615
2285393
2287172
2288952
2290733
2292515
2294298
2296082
2297867
2299653
2301440
2303228
2305017
2306807
2308598
2310390
2312183
2313977
2315772
2323772
2331712
2339653
2347595
2352127
2353882
2355638
2357395
2359153
2360912
2362672
2364433
2366195
2367958
2369722
2371487
2373253
2375020
2376788
2378557
2380327
2382098
2383870
2385643
2387417
2389192
2390968
2392745
2394523
2396302
2398082
2399863
2401645
2403428
2405212
2406997
2408783
2410570
2412358
2414147
2415937
2417728
2419520
2421313
2423107
2424902
2432902
2440842
2448198
2449992
2451787
2459787
2465551
2467344
2469138
2470933
2478933
2484104
2485874
2487645
2489417
2491190
2492964
2494739
2496515
2498292
2500070
2501849
2503629
2505410
2507192
2508975
2510759
2512544
2514330
2516117
2517905
2519694
2521484
2523275
2525067
2526860
2528654
2530449
2538449
2541227
2543012
2544798
2546585
2548373
2550162
2551952
2553743
2555535
2557328
2559122
2560917
2568917
2574681
2576474
2578268
2580063
2588063
2593234
2595004
2596775
2598547
2600320
2602094
2603869
2605645
2607422
2609200
2610979
2612759
2614540
2616322
2618105
2619889
2621674
2623460
2625247
2627035
2628824
2630614
2632405
2634197
2635990
2637784
2639579
2647579
2655519
2662875
2664669
2666464
2674464
2680228
2682021
2683815
2685610
2693610
2696388
2698173
2699959
2701746
2703534
2705323
2707113
2708904
2710696
2712489
2714283
2716078
2724078
2729249
2731019
2732790
2734562
2736335
2738109
2739884
2741660
2743437
2745215
2746994
2748774
2750555
2752337
2754120
2755904
2757689
2759475
2761262
2763050
2764839
2766629
2768420
2770212
2772005
2773799
2775594
2783594
2789358
2791151
2792945
2794740
2802740
2810680
2818036
2819830
2821625
2829625
2836941
2838926
2840912
2842899
2844887
2846876
2848866
2850857
2852849
2854842
2856836
2858831
2860827
2862824
2864822
2866821
2868821
2870822
2872824
2879334
2881325
2883317
2885310
2887304
2889299
2891295
2893292
2895290
2897289
2899289
2901290
2903292
2909281
2911065
2912850
2914636
2916423
2918211
2920000
2921790
2923581
2925373
2927166
2928960
2930755
2938755
2946071
2948056
2950042
2952029
2954017
2956006
2957996
2959987
2961979
2963972
2965966
2967961
2969957
2971954
2973952
2975951
2977951
2979952
2981954
2989954
2997894
3004836
3006837
3008839
3016839
3021982
3023982
3025983
3027985
3034495
3036486
3038478
3040471
3042465
3044460
3046456
3048453
3050451
3052450
3054450
3056451
3058453
3064266
3066242
3068219
3070197
3072176
3074156
3076137
3078119
3080102
3082086
3084071
3086057
3088044
3090032
3092021
3094011
3096002
3097994
3099987
3101981
3103976
3105972
3107969
3109967
3111966
3113966
3115967
3117969
3125969
3131112
3133112
3135113
3137115
3145115
3153055
3159997
3161998
3164000
3172000
3179940
3187881
3189907
3191868
3193830
3195793
3197757
3199722
3201688
3203655
3205623
3207592
3209562
3211533
3213505
3215478
3217452
3219427
3221403
3223380
3225358
3227337
3229317
3231298
3233280
3235263
3237247
3239232
3241218
3243205
3245193
3247182
3249172
3251163
3253155
3255148
3257142
3259137
3261133
3263130
3265128
3267127
3269127
3271128
3273130
3281130
3289070
3297011
3304953
3312896
3320840
3327429
3329416
3331404
3333393
3335383
3337374
3339366
3341359
3343353
3345348
3347344
3349341
3351339
3353338
3355338
3357339
3359341
3367341
3372484
3374484
3376485
3378487
3386487
3389731
3391719
3393708
3395698
3397689
3399681
3401674
3403668
3405663
3407659
3409656
3411654
3413653
3415653
3417654
3419656
3427656
3435596
3443537
3451479
3456850
3458824
3460799
3462775
3464752
3466730
3468709
3470689
3472670
3474652
3476635
3478619
3480604
3482590
3484577
3486565
3488554
3490544
3492535
3494527
3496520
3498514
3500509
3502505
3504502
3506500
3508499
3510499
3512500
3514502
3522502
3530442
3538383
3543218
3545360
3547503
3549647
3551792
3553938
3556085
3558233
3560382
3562532
3564683
3566835
3568988
3576988
3584928
3592869
3600811
3608754
3615235
3617215
3619196
3621178
3623161
3625145
3627130
3629116
3631103
3633091
3635080
3637070
3639061
3641053
3643046
3645040
3647035
3649031
3651028
3653026
3655025
3657025
3659026
3661028
3669028
3676968
3684909
3689744
3691886
3694029
3696173
3698318
3700464
3702611
3704759
3706908
3709058
3711209
3713361
3715514
3723514
3731454
3739395
3746205
3748329
3750454
3752580
3754707
3756835
3758964
3761094
3763225
3765357
3767490
3769624
3771759
3773895
3776032
3778170
3780309
3782449
3784590
3786732
3788875
3791019
3793164
3795310
3797457
3799605
3801754
3803904
3806055
3808207
3810360
3818360
3826300
3834241
3842183
3850126
3855489
3863489
3867292
3869669
3877669
3884245
3886365
3888486
3890608
3892731
3894855
3896980
3899106
3901233
3903361
3905490
3907620
3909751
3911883
3914016
3916150
3918285
3920421
3922558
3924696
3926835
3928975
3931116
3933258
3935401
3937545
3939690
3941836
3943983
3946131
3948280
3950430
3952581
3954733
3956886
3964886
3972826
3980767
3988709
3996652
4002015
4010015
4013818
4016195
4020978
4023800
4026623
4029447
4032272
4035098
4037925
4044467
4046734
4049002
4051271
4053541
4055812
4058084
4060281
4062425
4064570
4066716
4068863
4071011
4073160
4075310
4077461
4079613
4081766
4085426
4087711
4089997
4092284
4094572
4096861
4104861
4108664
4111041
4119041
4126981
4134922
4142864
4147778
4150593
4153409
4156060
4158212
4160365
4164683
4167504
4170326
4173149
4175973
4178798
4181624
4184451
4190993
4193260
4195528
4197797
4200067
4202338
4204610
4206883
4209157
4211432
4213708
4215985
4218263
4220542
4222822
4225103
4227385
4229668
4231952
4234237
4236523
4238810
4241098
4243387
4251387
4255190
4257567
4265567
4273507
4277433
4280241
4283050
4285860
4288671
4291483
4294296
4297110
4299925
4302741
4305558
4308376
4311195
4314015
4316836
4319658
4322481
4325305
4328130
4330956
4333783
4341783
4349723
4356832
4359117
4361403
4363690
4365978
4368267
4376267
4380070
4382447
4385667
4388040
4390414
4392789
4395165
4397542
4404331
4407132
4409934
4412737
4415541
4418346
4421152
4423959
4426767
4429576
4432386
4435197
4438009
4440822
4443636
4446451
4449267
4452084
4454902
4457721
4460541
4463362
4466184
4469007
4471831
4474656
4477482
4480309
4488309
4496249
4504190
4512132
4515610
4517976
4520343
4522711
4525080
4527450
4529821
4532193
4534566
4536940
4539315
4541691
4544068
4552068
4560008
4563934
4566742
4569551
4572361
4575172
4577984
4580797
4583611
4586426
4589242
4592059
4594877
4597696
4600516
4603337
4606159
4608982
4611806
4614631
4617457
4620284
4628284
4631637
4634464
4642464
4650404
4657073
4659446
4661820
4664195
4666571
4668948
4674047
4676842
4679638
4682435
4685233
4688032
4690832
4693633
4696435
4699238
4702042
4704847
4707653
4710460
4713268
4716077
4718887
4721698
4724510
4727323
4730137
4732952
4735768
4738585
4741403
4744222
4747042
4749863
4752685
4755508
4758332
4761157
4763983
4766810
4774810
4778163
4780990
4788990
4796930
4804871
4812813
4818513
4821315
4824118
4826922
4829727
4832533
4835340
4838148
4840957
4843767
4846578
4849390
4852203
4855017
4857832
4860648
4863465
4866283
4869102
4871922
4874743
4877565
4880388
4883212
4886037
4888863
4891690
4898377
4901197
4904018
4906840
4909663
4912487
4915312
4918138
4920965
4928965
4936905
4944846
4952404
4955191
4957979
4960768
4963558
4966349
4969141
4971934
4974728
4977523
4980319
4983116
4985914
4988713
4991513
4994314
4997116
4999919
5002723
5005528
5008334
5011141
5013949
5016758
5019568
5022379
5025191
5028004
5030818
5033633
5036449
5039266
5042084
5044903
5047723
5050544
5053366
5056189
5059013
5061838
5064664
5067491
5075491
5083431
5091372
5099314
5107257
5113593
5116393
5119194
5121996
5124799
5127603
5130408
5133214
5136021
5138829
5141638
5144448
5147259
5150071
5152884
5155698
5158513
5161329
5164146
5166964
5169783
5172603
5175424
5178246
5181069
5183893
5186718
5189544
5192371
5200371
5208311
5216252
5224194
5231483
5234297
5237112
5239928
5242745
5245563
5248382
5251202
5254023
5256845
5259668
5262492
5265317
5268143
5270970
5278970
5286910
5290602
5293412
5296223
5299035
5301848
5304662
5307477
5310293
5313110
5315928
5318747
5321567
5324388
5327210
5330033
5332857
5335682
5338508
5341335
5349335
5357275
5360325
5363149
5365974
5368800
5371627
5379627
5384548
5387372
5390197
5393023
5395850
5403850
5411790
5415482
5418292
5421103
5423915
5426728
5429542
5432357
5435173
5437990
5440808
5443627
5446447
5449268
5452090
5454913
5457737
5460562
5463388
5466215
5474215
5482155
5485205
5488029
5490854
5493680
5496507
5504507
5512447
5519407
5522226
5525046
5527867
5530689
5533512
5536336
5539161
5541987
5544814
5552814
5557587
5560909
5564232
5567556
5570881
5574207
5577534
5580862
5584191
5587521
5590852
5594184
5597517
5600851
5604186
5607522
5610859
5614197
5617536
5625039
5628377
5631346
5634169
5636993
5639818
5642644
5645471
5653471
5658392
5661216
5664041
5666867
5669694
5677098
5680365
5683633
5686902
5690172
5693443
5696715
5699988
5703262
5706537
5709813
5713090
5716368
5719647
5722927
5726208
5729490
5732773
5736057
5739342
5742628
5745915
5749203
5752492
5755782
5759073
5762365
5765658
5768952
5772247
5775543
5778840
5782138
5785437
5788737
5792038
5795340
5798643
5801947
5805252
5808558
5811865
5815173
5818482
5821792
5825103
5828415
5831728
5835042
5838357
5841673
5844990
5848308
5851627
5854947
5858268
5861590
5864913
5868237
5871562
5874888
5878215
5881543
5884872
5888202
5891533
5894865
5898198
5901532
5904867
5908203
5911540
5914878
5918217
5926217
5934157
5940053
5943362
5946672
5949983
5953295
5956608
5959922
5963237
5966553
5969870
5973188
5976507
5979827
5983148
5986470
5989793
5993117
5996442
5999768
6003095
6006423
6009752
6013082
6016413
6019745
6023078
6026412
6029747
6033083
6036420
6039758
6043097
6051097
6059037
6066978
6071716
6075041
6078367
6081694
6085022
6088351
6091681
6095012
6098344
6101677
6105011
6108346
6111682
6115019
6118357
6121696
6125471
6128791
6132112
6135434
6138757
6142081
6145406
6148732
6152059
6155387
6158716
6162046
6165377
6168709
6172042
6175376
6178711
6182047
6185384
6188722
6192061
6200061
6205668
6209003
6212339
6215676
6219014
6222353
6229891
6233226
6236562
6239899
6243237
6246576
6250351
6253671
6256992
6260314
6263637
6266961
6270286
6273612
6276939
6280267
6283596
6286926
6290257
6293589
6296922
6300256
6303591
6306927
6310264
6313602
6316941
6324941
6330548
6333883
6337219
6340556
6343894
6347233
6355233
6362195
6365525
6368856
6372188
6375521
6378855
6382190
6385526
6388863
6392201
6395540
6403540
6409147
6412482
6415818
6419155
6422493
6425832
6429607
6432927
6436248
6439570
6442893
6446217
6449542
6452868
6456195
6459523
6462852
6466182
6469513
6472845
6476178
6479512
6482847
6486183
6489520
6492858
6496197
6503735
6507070
6510406
6513743
6517081
6520420
6528420
6534027
6537362
6540698
6544035
6547373
6550712
6554487
6557807
6561128
6564450
6567773
6571097
6574422
6577748
6581075
6584403
6587732
6591062
6594393
6597725
6601058
6604392
6607727
6611063
6614400
6617738
6621077
6629077
6637017
6644958
6649696
6653021
6656347
6659674
6663002
6666331
6669661
6672992
6676324
6679657
6682991
6686326
6689662
6692999
6696337
6699676
6707676
6715616
6721512
6724821
6728131
6731442
6734754
6738067
6741381
6744696
6748012
6751329
6754647
6757966
6761286
6764607
6767929
6771252
6774576
6777901
6781227
6784554
6787882
6791211
6794541
6797872
6801204
6804537
6807871
6811206
6814542
6817879
6821217
6824556
6832556
6840496
6848437
6853602
6856940
6860279
6865150
6868488
6871827
6877825
6881163
6884502
6889759
6893098
6899770
6903108
6906447
6910644
6913982
6917321
6921889
6925210
6928532
6931855
6935179
6938504
6941830
6945157
6948485
6951814
6955144
6958475
6961807
6965140
6968474
6971809
6975145
6978482
6981820
6985159
6993159
6997959
7001293
7004628
7007964
7011301
7014639
7017978
7024650
7027988
7031327
7039327
7043739
7047073
7050408
7053744
7057081
7060419
7063758
7068629
7071967
7075306
7083227
7086563
7089900
7093238
7096577
7104577
7108778
7112094
7115411
7118729
7122048
7125368
7128689
7132011
7135334
7138658
7141983
7145309
7148636
7151964
7155293
7158623
7161954
7165286
7168619
7171953
7175288
7178624
7181961
7185299
7188638
7196638
7201438
7204772
7208107
7211443
7214780
7218118
7221457
7229457
7237397
7245338
7250503
7253841
7257180
7262051
7265389
7268728
7274726
7278064
7281403
7289403
7293334
7296671
7300009
7303348
7307831
7311169
7314508
7318790
7322111
7325433
7328756
7332080
7335405
7338731
7342058
7345386
7348715
7352045
7355376
7358708
7362041
7365375
7368710
7372046
7375383
7378721
7382060
7388732
7392070
7395409
7403409
7408209
7411543
7414878
7418214
7421551
7424889
7428228
7432711
7436049
7439388
7447309
7450645
7453982
7457320
7460659
7465530
7468868
7472207
7480207
7488147
7492425
7495737
7499050
7502364
7505679
7508995
7512312
7515630
7518949
7522269
7525590
7528912
7532235
7535559
7538884
7542210
7545537
7548865
7552194
7555524
7558855
7562187
7565520
7568854
7572189
7575525
7578862
7582200
7585539
7593539
7601479
7609420
7616125
7619460
7622796
7626133
7629471
7632810
7639482
7642820
7646159
7654080
7657416
7660753
7664091
7667430
7672301
7675639
7678978
7686978
7691390
7694724
7698059
7701395
7704732
7708070
7711409
7719083
7722401
7725720
7729040
7732361
7735683
7739006
7742330
7745655
7748981
7752308
7755636
7758965
7762295
7765626
7768958
7772291
7775625
7778960
7782296
7785633
7788971
7792310
7800310
7806274
7809605
7812937
7816270
7819604
7822939
7826275
7829612
7832950
7836289
7844289
7852229
7860170
7868112
7876055
7881506
7884835
7888165
7891496
7894828
7898161
7901495
7904830
7908166
7911503
7914841
7918180
7926180
7934120
7940016
7943325
7946635
7949946
7953258
7956571
7959885
7963200
7966516
7969833
7973151
7976470
7979790
7983111
7986433
7989756
7993080
7996405
7999731
8003058
8006386
8009715
8013045
8016376
8019708
8023041
8026375
8029710
8033046
8036383
8039721
8043060
8051060
8059000
8066941
8074883
8082826
8090770
8098715
8106661
8112704
8116024
8119345
8122667
8125990
8129314
8132639
8135965
8139292
8142620
8145949
8149279
8152610
8155942
8159275
8162609
8165944
8169280
8172617
8175955
8179294
8187294
8195234
8203175
8207877
8211578
8215280
8218983
8222687
8226392
8230098
8233805
8237513
8241222
8244932
8248643
8252355
8256068
8259782
8263497
8267213
8270930
8274648
8278367
8282087
8285808
8289530
8296164
8304164
8308319
8311851
8315384
8318918
8322453
8325989
8329526
8333064
8336603
8340143
8348143
8356083
8362939
8366626
8370314
8374003
8377693
8381384
8385076
8388769
8392463
8396158
8399854
8403551
8407249
8410948
8414648
8418349
8422051
8425754
8429458
8433163
8436869
8440576
8444284
8447993
8451703
8455414
8459126
8462839
8466553
8470268
8473984
8477701
8481419
8485138
8488858
8492579
8496301
8503105
8506818
8510532
8514247
8517963
8521680
8525398
8529117
8532837
8536558
8540280
8546914
8554914
8562854
8570795
8576874
8580551
8584229
8587908
8591588
8595269
8598951
8602634
8606318
8610003
8613689
8617376
8621064
8624753
8628443
8632134
8635826
8639519
8643213
8646908
8650604
8654301
8657999
8661698
8665398
8669099
8672801
8676504
8680208
8683913
8687619
8691326
8695034
8698743
8702453
8706164
8709876
8713589
8717303
8721018
8724734
8728451
8732169
8735888
8739608
8743329
8747051
8755051
8762991
8770932
8778874
8786817
8794761
8801632
8805333
8809035
8812738
8816442
8820147
8823853
8827560
8831268
8834977
8838687
8842398
8846110
8849823
8853537
8857252
8860968
8864685
8868403
8872122
8875842
8879563
8883285
8891285
8899225
8907166
8914194
8917903
8921613
8925324
8929036
8932749
8936463
8940178
8943894
8947611
8951329
8955048
8958768
8962489
8966211
8970407
8974122
8977838
8981555
8985273
8988992
8992712
8996433
9000155
9006959
9010672
9014386
9018101
9021817
9025534
9029252
9032971
9036691
9040412
9044134
9052134
9060074
9068015
9075957
9080728
9084405
9088083
9091762
9095442
9099123
9102805
9106488
9110172
9113857
9117543
9121230
9124918
9128607
9132297
9135988
9139680
9143373
9147067
9150762
9154458
9158155
9161853
9165552
9169252
9172953
9176655
9180358
9184062
9187767
9191473
9195180
9198888
9202597
9206307
9210018
9213730
9217443
9221157
9224872
9228588
9232305
9236023
9239742
9243462
9247183
9250905
9258905
9266845
9274786
9282728
9290671
9298615
9305486
9309187
9312889
9316592
9320296
9324001
9327707
9331414
9335122
9338831
9342541
9346252
9349964
9353677
9357391
9361106
9364822
9368539
9372257
9375976
9379696
9383417
9387139
9395139
9403079
9411020
9418048
9421757
9425467
9429178
9432890
9436603
9440317
9444032
9447748
9451465
9455183
9458902
9462622
9466343
9470065
9478065
9486005
9493946
9499595
9503316
9507038
9515038
9522978
9530919
9535752
9539456
9543161
9546867
9550574
9554282
9557991
9561701
9565412
9569124
9572837
9576551
9580266
9583982
9587699
9591417
9595136
9598856
9602577
9606299
9614299
9622239
9628924
9632777
9636631
9640486
9644342
9648199
9652057
9655916
9659776
9663637
9667499
9675499
9683439
9690022
9693837
9697653
9701470
9705288
9709107
9712927
9716748
9720570
9724393
9728217
9732042
9735868
9739695
9743523
9747352
9751182
9755013
9758845
9762678
9766512
9770347
9774183
9778020
9781858
9785697
9789537
9793378
9797220
9801063
9804907
9808752
9812598
9816445
9820293
9824142
9827992
9831843
9835695
9839548
9843402
9847257
9851113
9854970
9858828
9862687
9866547
9870408
9874270
9882270
9890210
9898151
9906093
9914036
9921931
9925771
9929612
9933454
9937297
9941141
9944986
9948832
9952679
9956527
9960376
9964226
9968077
9971929
9975782
9979636
9983491
9987347
9991204
9995062
9998921
10002781
10006642
10010504
10018504
10026444
10034385
10039453
10043302
10047152
10051003
10054855
10058708
10062562
10066417
10070273
10074130
10077988
10081847
10085707
10089568
10093430
10101430
10109370
10117311
10122680
10126541
10130403
10138403
10146343
10152614
10156457
10160301
10164146
10167992
10171839
10175687
10179536
10183386
10187237
10191089
10194942
10198796
10202651
10206507
10210364
10214222
10218081
10221941
10225802
10229664
10237664
10245604
10253545
10261487
10269430
10277374
10284045
10287891
10291738
10295586
10299435
10303285
10307136
10310988
10314841
10318695
10322550
10326406
10330263
10334121
10337980
10341840
10345701
10349563
10357563
10365503
10369561
10373527
10377494
10381462
10385431
10389401
10393372
10397344
10401317
10405291
10409266
10413242
10417219
10421197
10425176
10429156
10433137
10437119
10441102
10445086
10449071
10453057
10457044
10461032
10469032
10476972
10484913
10492855
10497234
10501354
10505475
10513475
10517696
10521665
10525635
10529606
10533578
10537551
10541525
10545500
10549476
10553453
10557431
10561410
10565390
10569371
10573353
10577336
10581320
10585305
10589291
10593278
10597266
10605266
10613206
10620477
10624451
10628426
10632402
10636379
10640357
10644336
10648316
10652297
10656279
10660262
10664246
10668231
10672217
10676204
10680192
10688192
10696132
10704073
10709190
10713177
10717165
10724635
10732635
10736856
10740825
10744795
10748766
10752738
10756711
10760685
10764660
10768636
10772613
10776591
10780570
10784550
10788531
10792513
10796496
10800480
10804465
10808451
10812438
10816426
10824426
10832366
10840307
10848249
10852628
10856748
10860869
10868869
10876610
10880584
10884559
10888535
10892512
10896490
10900469
10904449
10908430
10912412
10916395
10920379
10924364
10928350
10932337
10936325
10944325
10952265
10960206
10968148
10972527
10976647
10980768
10988768
10993609
10997707
11001806
11005906
11010007
11014109
11018212
11022316
11026421
11030527
11034634
11038742
11042851
11046961
11051072
11055184
11059297
11063411
11067526
11071642
11075759
11079877
11083996
11088116
11092237
11100237
11108177
11116118
11124060
11129843
11133941
11138040
11142140
11146241
11150343
11154446
11158550
11162655
11166761
11170868
11174976
11179085
11183195
11187306
11191418
11195531
11199645
11203760
11207876
11211993
11216111
11220230
11224350
11228471
11236471
11244411
11249687
11253794
11257902
11262011
11266121
11270232
11274344
11278457
11282571
11286686
11290802
11294919
11299037
11303156
11307276
11311397
11319397
11327337
11335278
11340129
11344249
11348370
11356370
11361300
11365401
11369503
11373606
11377710
11381815
11385921
11390028
11394136
11398245
11402355
11406466
11410578
11414691
11418805
11422920
11427036
11431153
11435271
11439390
11443510
11447631
11455631
11463571
11471512
11479454
11487397
11493505
11497609
11501714
11505820
11509927
11514035
11518144
11522254
11526365
11530477
11534590
11538704
11542819
11546935
11551052
11555170
11559289
11563409
11567530
11575530
11583470
11591411
11599353
11607296
11615240
11623185
11631131
11637502
11641619
11645737
11649856
11653976
11658097
11666097
11671022
11675136
11679251
11683367
11687484
11691602
11695721
11699841
11703962
11711962
11719902
11724232
11728351
11732471
11736592
11744592
11752532
11757401
11761518
11765636
11769755
11773875
11777996
11785996
11790921
11795035
11799150
11803266
11807383
11811501
11815620
11819740
11823861
11831861
11839801
11847742
11855684
11863627
11870361
11874647
11878934
11883222
11887511
11895511
11902814
11907392
11911971
11916551
11921132
11925714
11930297
11934881
11939466
11944052
11948639
11953227
11957816
11962406
11966997
11971589
11976182
11980776
11985371
11989967
11994564
11999162
12003761
12008361
12012962
12017564
12022167
12026771
12031376
12039048
12043626
12048205
12052785
12057366
12061948
12066531
12071115
12075700
12080286
12084873
12089461
12094050
12098640
12103231
12107823
12112416
12117010
12121605
12126201
12130798
12135396
12139995
12144595
12149196
12153798
12158401
12163005
12167610
12172387
12176976
12181566
12186157
12190749
12195342
12199936
12204531
12209127
12213724
12218322
12222921
12227521
12232122
12236724
12241327
12245931
12250536
12258208
12262786
12267365
12271945
12276526
12281108
12285691
12290275
12294860
12299446
12304033
12308621
12313210
12317800
12322391
12326983
12331576
12336170
12340765
12345361
12349958
12354556
12359155
12363755
12368356
12372958
12377561
12382165
12386770
12394770
12402710
12410174
12414759
12419345
12423932
12428520
12433109
12437699
12442290
12446882
12451475
12456069
12460664
12465260
12469857
12474455
12479054
12483654
12488255
12492857
12497460
12502064
12506669
12514669
12522609
12530550
12538492
12546435
12554379
12562324
12569541
12574131
12578722
12583314
12587907
12592501
12597096
12601692
12606289
12610887
12615486
12620086
12624687
12629289
12633892
12638496
12643101
12651101
12657317
12661919
12666522
12671126
12675731
12683731
12689440
12694030
12698621
12703213
12707806
12712400
12716995
12721591
12726188
12730786
12735385
12739985
12744586
12749188
12753791
12758395
12763000
12771000
12778940
12786881
12794823
12802766
12808236
12812838
12817441
12822045
12826650
12834650
12842590
12848962
12853567
12859225
12863812
12868400
12872989
12877579
12882170
12886762
12891355
12895949
12900544
12905140
12909737
12914335
12918934
12923534
12928135
12932737
12937340
12941944
12946549
12954549
12962489
12968861
12973466
12981466
12989406
12997347
13005289
13013232
13018602
13023194
13027787
13032381
13036976
13041572
13046169
13050767
13055366
13059966
13064567
13069169
13073772
13078376
13082981
13090981
13097197
13101799
13106402
13111006
13115611
13123611
13128868
13133588
13138501
13143093
13147686
13152280
13156875
13161471
13166068
13170666
13175265
13179865
13184466
13189068
13193671
13198275
13202880
13210880
13218820
13226761
13234703
13240252
13245132
13250013
13254895
13259778
13264662
13269547
13274433
13279320
13284208
13289097
13293987
13298878
13303770
13308663
13313557
13318452
13323348
13328245
13333143
13338042
13342942
13347843
13352745
13357648
13362552
13367457
13372363
13377270
13382178
13387087
13391997
13396908
13401820
13406733
13411647
13416562
13421478
13426395
13431313
13436232
13441152
13446073
13450995
13455918
13460842
13465767
13470693
13475620
13480548
13485477
13490407
13495338
13500270
13505203
13510137
13515072
13520008
13524945
13529883
13534822
13539762
13544703
13549645
13554588
13559532
13564477
13569423
13574370
13579318
13584267
13589217
13594168
13599120
13604073
13609027
13613982
13618938
13623895
13628853
13633812
13638772
13643733
13648695
13653658
13658622
13663587
13668553
13673520
13678488
13683457
13688427
13693398
13698370
13703343
13708317
13713292
13718268
13723245
13728223
13733202
13738182
13743163
13748145
13753128
13758112
13763097
13768083
13773070
13778058
13783047
13788037
13793028
13798020
13803013
13808007
13813002
13817998
13822995
13828216
13833191
13838167
13843144
13848122
13853101
13858081
13863062
13868044
13873027
13878011
13882996
13887982
13892969
13897957
13902946
13907936
13912927
13917919
13922912
13927906
13932901
13937897
13942894
13950894
13958834
13966775
13974717
13982660
13989533
13994513
13999494
14004476
14009459
14014443
14019428
14024414
14029401
14034389
14039378
14044368
14049359
14054351
14059344
14064338
14069333
14074329
14079326
14084547
14089522
14094498
14099475
14104453
14109432
14114412
14119393
14124375
14129358
14134342
14139327
14144313
14149300
14154288
14159277
14164267
14169258
14174250
14179243
14184237
14189232
14194228
14199225
14207225
14215165
14223106
14231048
14237900
14242893
14247887
14252882
14257878
14262875
14268096
14273071
14278047
14283024
14288002
14292981
14297961
14302942
14307924
14312907
14317891
14322876
14327862
14332849
14337837
14342826
14347816
14352807
14357799
14362792
14367786
14372781
14377777
14382774
14390774
14398714
14404694
14409691
14417691
14425631
14433572
14439374
14444356
14449339
14454323
14459308
14464294
14469281
14474269
14479258
14484248
14489239
14494231
14499224
14504218
14509213
14514209
14519206
14524427
14529402
14534378
14539355
14544333
14549312
14554292
14559273
14564255
14569238
14574222
14579207
14584193
14589180
14594168
14599157
14604147
14609138
14614130
14619123
14624117
14629112
14634108
14639105
14647105
14655045
14662986
14670928
14678871
14686815
14693489
14698464
14703440
14708417
14713395
14718374
14723354
14728335
14733317
14738300
14743284
14748269
14753255
14758242
14763230
14768219
14773209
14778200
14783192
14788185
14793179
14798174
14803170
14808167
14814613
14819604
14824596
14829589
14834583
14839578
14844574
14849571
14857571
14865511
14873452
14881394
14889337
14895015
14899990
14904966
14909943
14914921
14919900
14924880
14929861
14934843
14939826
14944810
14949795
14954781
14959768
14964756
14969745
14974735
14979726
14984718
14989711
14994705
14999700
15004696
15009693
15017693
15025633
15031613
15036610
15044610
15052550
15060491
15066293
15071275
15076258
15081242
15086227
15091213
15096200
15101188
15106177
15111167
15116158
15121150
15126143
15131137
15136132
15141128
15146125
15151346
15156321
15161297
15166274
15171252
15176231
15181211
15186192
15191174
15196157
15201141
15206126
15211112
15216099
15221087
15226076
15231066
15236057
15241049
15246042
15251036
15256031
15261027
15266024
15274024
15281964
15289905
15297847
15305790
15313734
15320408
15325383
15330359
15335336
15340314
15345293
15350273
15355254
15360236
15365219
15370203
15375188
15380174
15385161
15390149
15395138
15400128
15405119
15410111
15415104
15420098
15425093
15430089
15435086
15441532
15446523
15451515
15456508
15461502
15466497
15471493
15476490
15484490
15492430
15500371
15508313
15516256
15524200
15530133
15535112
15540092
15545073
15550055
15555038
15560022
15565007
15569993
15574980
15579968
15584957
15589947
15594938
15599930
15604923
15609917
15614912
15619908
15624905
15630564
15635559
15640555
15645552
15653552
15661492
15669433
15677375
15684944
15690200
15695457
15700715
15705974
15711234
15719117
15724100
15729084
15734069
15739055
15744042
15749030
15754019
15759009
15764000
15768992
15773985
15778979
15783974
15788970
15793967
15800413
15805404
15810396
15815389
15820383
15825378
15830374
15835371
15843371
15851311
15857315
15862555
15867796
15873038
15878281
15883525
15888770
15894016
15899263
15904511
15909760
15915010
15920261
15925513
15930766
15936020
15941275
15946531
15951788
15957046
15962305
15967565
15975565
15983505
15989445
15994440
15999436
16004433
16012433
16020373
16025897
16031129
16036362
16041596
16046831
16052067
16057304
16062542
16067781
16073021
16078262
16083504
16088747
16093991
16099236
16104482
16109729
16114977
16120226
16125476
16130727
16135979
16141232
16146486
16151741
16156997
16162254
16167512
16172771
16178031
16186031
16193971
16201718
16206953
16212189
16217426
16222664
16227903
16233143
16238384
16243626
16248869
16254113
16259358
16264604
16269851
16275099
16280348
16285598
16290849
16296101
16301354
16306608
16311863
16317119
16322376
16327634
16332893
16338153
16346153
16353559
16358774
16363990
16369207
16374425
16379644
16384864
16390085
16395307
16400530
16405754
16410979
16416205
16421432
16426660
16431889
16437119
16442350
16447582
16452815
16458049
16463284
16468520
16473757
16478995
16484234
16489474
16494715
16499957
16505200
16510444
16515689
16520935
16526182
16531430
16536679
16541929
16547180
16552432
16557685
16562939
16568194
16573450
16578707
16583965
16589224
16594484
16602484
16610424
16618365
16626307
16631898
16637126
16642355
16647585
16652816
16658048
16663281
16668515
16673750
16678986
16684223
16689461
16694700
16699940
16705181
16710423
16715666
16720910
16726155
16731401
16736648
16741896
16747145
16752395
16757646
16762898
16768151
16773405
16778660
16783916
16789173
16794431
16799690
16804950
16812950
16820890
16828831
16836773
16842812
16848048
16853285
16858523
16863762
16869002
16874243
16879485
16884728
16889972
16895217
16900463
16905710
16910958
16916207
16921457
16926708
16931960
16937213
16942467
16947722
16952978
16958235
16963493
16968752
16974012
16982012
16989952
16997893
17005835
17011697
17016929
17022162
17027396
17032631
17037867
17043104
17048342
17053581
17058821
17064062
17069304
17074547
17079791
17085036
17090282
17095529
17100777
17106026
17111276
17116527
17121779
17127032
17132286
17137541
17142797
17148054
17153312
17158571
17163831
17171831
17179771
17187712
17195654
17201693
17206929
17212166
17217404
17222643
17227883
17233124
17238366
17243609
17248853
17254098
17259344
17264591
17269839
17275088
17280338
17285589
17290841
17296094
17301348
17306603
17311859
17317116
17322374
17327633
17332893
17340893
17348833
17356774
17364716
17372659
17380603
17388548
17396494
17402334
17407572
17412811
17418051
17423292
17428534
17433777
17439021
17444266
17449512
17454759
17460007
17465256
17470506
17475757
17481009
17486262
17491516
17496771
17502027
17507284
17512542
17517801
17523061
17531061
17538414
17543674
17551674
17559614
17566159
17571396
17576634
17581873
17587113
17592354
17597596
17602839
17608083
17613328
17618574
17623821
17629069
17634318
17639568
17644819
17650071
17655324
17660578
17665833
17671089
17676346
17681604
17686863
17692123
17700123
17708063
17716004
17723946
17731889
17739833
17747778
17755724
17763671
17771619
17776940
17782177
17787415
17792654
17797894
17803135
17808377
17813620
17818864
17824109
17829355
17834602
17839850
17845099
17850349
17855600
17860852
17866105
17871359
17876614
17881870
17887127
17892385
17897644
17902904
17910904
17918844
17926785
17934727
17942670
17950614
17958559
17966505
17974452
17982400
17989914
17995159
18000405
18005652
18010900
18016149
18021399
18026650
18031902
18037155
18042409
18047664
18052920
18058177
18063435
18068694
18073954
18081954
18089894
18097835
18105777
18113720
18121664
18129609
18137555
18145502
18151595
18156850
18162106
18167363
18172621
18177880
18183140
18191140
18199080
18207021
18214963
18222906
18228790
18234158
18239527
18244897
18250268
18255640
18261013
18266387
18271762
18277138
18282515
18287893
18293272
18298652
18304033
18309415
18314798
18320182
18325567
18330953
18336340
18341728
18347117
18352507
18357898
18365898
18373838
18381779
18389721
18397664
18405608
18413553
18421499
18428838
18434204
18439571
18444939
18450308
18455678
18461049
18466421
18471794
18477168
18482543
18487919
18493296
18498674
18504053
18509433
18514814
18520196
18525579
18530963
18536348
18541734
18547121
18552509
18557898
18563288
18568679
18576679
18584619
18592560
18600502
18608445
18616389
18624334
18632280
18640227
18648175
18653593
18658969
18664346
18669724
18675103
18680483
18685864
18691246
18696629
18702013
18707398
18712784
18718171
18723559
18728948
18734338
18739729
18747729
18755669
18763610
18771552
18779495
18787439
18795384
18803330
18811199
18816584
18821970
18827357
18832745
18838134
18843524
18848915
18856915
18864820
18872796
18879120
18884925
18890731
18896538
18902346
18908155
18913965
18919776
18925588
18931401
18937215
18943030
18948846
18954663
18960481
18966300
18974300
18982240
18990181
18998123
19003795
19009184
19014574
19019965
19027965
19035905
19043846
19050170
19055975
19061781
19067588
19073396
19079205
19085015
19090826
19096638
19102451
19108265
19114080
19119896
19125713
19131531
19137350
19143130
19148764
19156764
19164704
19172645
19180587
19188530
19196474
19202171
19207778
19213386
19218995
19224605
19230216
19235828
19241441
19247055
19252670
19258286
19263903
19269521
19275140
19280760
19286381
19292003
19297626
19303250
19308875
19314501
19320128
19325756
19331385
19337015
19342646
19348278
19353911
19359545
19367545
19375485
19383426
19391368
19398024
19403840
19409657
19415475
19421294
19429294
19437234
19445175
19451810
19457431
19463053
19468676
19474300
19479925
19485551
19491178
19496806
19502435
19508065
19513696
19519328
19524961
19530595
19538595
19544895
19550700
19556506
19562313
19568121
19573930
19579740
19585551
19591363
19597176
19602990
19608805
19614621
19620438
19626256
19632075
19640075
19648015
19655956
19663898
19671841
19679785
19686935
19692735
19698536
19704338
19710141
19715945
19721750
19727556
19733363
19739171
19744980
19750790
19756601
19762413
19768226
19774040
19779855
19785671
19791488
19797306
19803125
19811125
19819065
19827006
19834948
19842891
19850835
19858780
19865787
19871599
19877412
19883226
19889041
19894857
19900674
19906492
19912311
19920311
19928216
19936192
19944134
19952077
19960021
19967171
19972971
19978772
19984574
19990377
19996181
20001986
20007792
20013599
20019407
20025216
20031026
20036837
20042649
20048462
20054276
20060091
20065907
20071724
20077542
20083361
20091361
20099301
20107242
20113373
20119176
20124980
20130785
20136591
20142398
20148206
20154015
20159825
20165636
20171448
20177261
20183075
20188890
20194706
20200523
20206341
20212160
20220160
20228100
20236041
20243017
20248806
20254596
20260387
20266179
20271972
20277766
20283561
20289357
20295154
20300952
20306751
20312551
20318352
20324154
20329957
20335761
20341566
20347372
20353179
20358987
20364796
20370606
20376417
20382229
20388042
20393856
20399671
20405487
20411304
20417122
20422941
20430941
20438881
20446822
20454764
20462707
20470651
20477801
20483601
20489402
20495204
20501007
20506811
20512616
20518422
20524229
20530037
20535846
20541656
20547467
20553279
20559092
20564906
20570721
20576537
20582354
20588172
20593991
20601991
20609931
20617872
20625814
20633757
20641701
20649646
20656653
20662465
20668278
20674092
20679907
20685723
20691540
20697358
20703177
20711177
20719117
20727058
20735000
20742943
20750887
20758037
20763837
20769638
20775440
20781243
20787047
20792852
20798658
20804465
20810273
20816082
20821892
20827703
20833515
20839328
20845142
20850957
20856773
20862590
20868408
20874227
20882227
20890167
20898108
20906050
20913993
20921937
20929882
20937828
20945775
20953723
20961672
20969622
20977573
20985525
20993478
21001432
21009387
21017343
21025300
21033258
21041217
21049177
21056629
21062602
21068576
21076576
21082743
21088685
21094628
21100572
21106517
21112463
21118410
21124358
21130307
21136257
21142208
21148160
21154113
21160067
21166022
21171978
21177935
21183893
21189852
21195812
21201773
21207735
21213698
21219662
21225627
21231593
21237560
21243528
21249497
21255467
21261438
21267410
21273383
21279357
21287357
21295297
21303238
21311180
21319123
21325163
21331117
21337072
21343028
21348985
21354943
21360902
21366862
21372823
21378785
21384748
21390712
21396677
21402643
21408610
21414578
21420547
21426517
21432488
21438460
21444433
21450407
21458407
21466347
21474288
21482230
21490173
21498117
21505863
21511829
21517796
21523764
21529733
21535703
21541674
21547646
21553619
21559593
21567593
21575533
21583474
21591416
21599359
21605399
21611353
21617308
21623264
21629221
21635179
21641138
21647098
21653059
21659021
21664984
21670948
21676913
21682879
21688846
21694814
21700783
21706753
21712724
21718696
21724669
21730643
21738643
21746583
21754524
21762466
21770409
21778353
21786298
21794244
21802191
21810139
21818088
21826038
21833989
21841941
21849894
21857848
21865803
21873759
21881716
21889674
21897633
21905593
21913554
21921516
21929408
21935381
21941355
21949355
21957295
21965236
21973178
21981121
21987161
21993115
21999070
22005026
22010983
22016941
22022900
22028860
22034821
22040783
22046746
22052710
22058675
22064641
22070608
22076576
22082545
22088515
22094486
22100458
22106431
22112405
22120405
22128345
22136286
22144228
22152171
22160115
22168060
22175399
22181520
22187642
22193765
22199889
22206014
22212140
22218267
22224395
22230524
22236654
22242785
22248917
22256917
22264857
22272798
22280740
22288683
22296627
22302951
22309075
22315200
22321326
22327453
22333581
22339710
22345840
22351971
22358103
22366103
22374043
22381984
22388370
22394480
22400591
22406703
22412816
22418930
22425045
22431161
22437278
22443396
22449515
22455635
22461756
22467878
22474001
22480125
22486250
22492376
22498503
22504631
22510760
22516890
22523021
22529153
22537153
22545093
22553034
22560976
22568919
22576863
22584808
22592754
22600701
22608649
22616598
22624548
22632499
22640116
22646457
22652799
22660799
22668739
22676680
22684622
22692565
22700509
22708454
22716400
22724347
22732295
22739865
22747865
22755805
22763746
22770132
22776242
22782353
22788465
22794578
22800692
22806807
22812923
22819040
22825158
22831277
22837397
22843518
22849640
22855763
22861887
22868012
22874138
22880265
22886393
22892522
22898652
22904783
22910915
22918915
22926855
22934796
22942738
22950681
22958625
22966570
22974516
22982463
22990411
22998360
23006310
23014261
23021878
23028219
23034561
23042561
23050501
23058442
23066384
23074327
23082271
23088705
23095035
23101366
23107698
23114031
23120365
23126700
23133036
23139373
23145711
23152050
23158390
23164731
23171073
23179073
23187013
23194954
23202896
23210552
23216884
23223217
23229551
23235886
23242222
23248559
23254897
23261236
23267576
23273917
23280259
23286742
23293059
23299377
23305696
23312016
23318337
23324659
23330982
23337306
23343631
23349957
23356284
23362612
23368941
23375271
23381602
23387934
23394267
23400601
23406936
23413272
23419609
23425947
23432286
23438626
23444967
23451309
23459309
23467249
23475190
23483132
23491075
23499019
23506964
23514910
23522857
23530805
23538754
23546704
23554655
23562607
23570560
23578514
23586469
23594425
23602382
23610340
23618299
23626259
23634220
23642182
23649338
23655679
23662021
23668504
23674821
23681139
23687458
23693778
23700099
23706421
23712744
23719068
23725393
23731719
23738046
23744374
23750703
23757033
23763364
23769696
23776029
23782363
23788698
23795034
23801371
23807709
23814048
23820388
23826729
23833071
23841071
23849011
23856952
23864894
23872837
23880781
23888726
23896672
23904619
23912567
23920516
23928466
23936417
23944369
23952322
23960276
23968231
23976187
23984144
23992102
24000061
24007792
24014134
24022134
24030074
24038015
24045957
24053900
24061844
24069789
24076816
24083141
24089467
24095794
24102122
24108451
24114781
24121112
24127444
24133777
24140111
24146446
24152782
24159119
24165457
24171796
24178136
24184477
24190819
24198819
24206759
24214700
24222642
24230585
24238529
24246474
24254420
24262367
24270315
24278264
24286214
24294165
24302117
24310070
24318024
24325979
24332521
24338854
24345188
24351523
24357859
24364196
24370534
24376873
24383213
24389554
24395896
24403896
24411836
24419777
24427719
24435662
24443606
24451551
24459497
24467444
24475392
24483341
24490985
24497443
24503902
24510362
24516823
24523285
24529748
24536212
24542677
24549143
24555610
24562078
24568547
24575017
24581488
24587960
24594433
24600907
24608907
24616847
24624788
24632730
24640673
24648617
24656562
24664508
24672455
24680403
24688352
24696302
24704253
24712205
24720158
24728112
24734621
24740961
24747302
24753644
24761644
24769584
24777525
24785467
24793410
24801354
24809299
24817245
24825192
24833140
24841089
24848733
24855191
24861650
24868110
24874571
24881033
24887496
24893960
24900425
24906891
24913358
24919826
24926295
24932765
24939236
24945708
24952181
24958655
24966655
24974595
24982536
24990478
24998421
25006365
25014310
25022256
25030203
25038151
25046100
25054050
25062001
25069953
25077906
25085860
25092573
25099037
25105502
25111968
25118435
25124903
25131372
25137842
25144313
25150785
25157258
25163732
25171732
25179672
25187613
25195555
25203498
25211442
25219387
25227333
25235280
25243228
25251177
25259127
25267078
25275030
25282983
25290937
25298892
25306848
25314805
25322763
25330722
25338682
25346643
25354605
25362568
25370532
25378497
25385736
25392190
25398645
25405101
25411558
25418016
25424475
25430935
25437396
25443858
25450321
25456785
25463250
25469716
25476183
25482651
25489120
25495590
25502061
25508533
25515006
25521480
25529480
25537420
25545361
25553303
25561246
25569190
25577135
25585081
25593028
25600976
25608925
25616875
25624826
25632778
25640731
25648685
25656640
25664596
25672553
25680511
25688470
25696430
25704391
25712353
25720316
25728280
25736245
25744211
25751406
25758397
25765389
25772224
25778948
25785673
25792399
25799126
25805854
25812583
25819313
25826044
25832776
25839509
25846243
25852978
25859714
25866451
25874451
25882391
25890332
25898274
25906217
25914161
25921477
25928463
25935450
25942438
25949427
25956417
25963408
25970400
25977393
25984387
25991382
25998378
26005375
26012373
26019372
26026372
26033373
26040375
26047378
26054382
26061387
26068393
26075400
26083400
26091340
26099281
26107223
26115166
26123110
26131055
26139001
26146948
26154896
26162845
26170795
26178746
26186110
26193112
26200115
26207119
26214124
26221130
26228137
26236137
26244077
26251291
26258273
26265256
26272240
26279225
26286211
26293198
26300186
26307175
26314165
26321156
26328148
26335141
26342135
26349130
26356126
26363123
26370121
26377120
26384120
26391121
26398123
26405126
26412130
26419135
26426141
26433148
26441148
26449088
26457029
26464971
26472914
26480858
26488803
26496749
26504696
26512252
26519242
26526233
26533225
26540218
26547212
26554207
26561203
26568200
26575198
26582197
26589197
26596198
26603200
26610203
26617207
26624212
26631218
26638225
26646225
26654165
26662106
26670048
26677991
26685935
26693880
26701826
26709773
26717721
26725670
26733620
26741571
26749523
26757476
26765270
26772245
26779221
26786198
26793176
26800155
26807135
26814116
26821098
26828081
26835065
26842050
26849036
26856023
26863011
26870000
26876990
26883981
26890973
26897966
26904960
26911955
26918951
26925948
26932946
26939945
26946945
26953946
26960948
26967951
26974955
26981960
26988966
26995973
27003973
27011913
27019854
27027796
27035739
27043683
27051628
27059574
27067521
27075469
27083418
27091368
27099319
27107271
27115224
27123178
27131133
27139089
27147046
27155004
27162963
27170923
27178884
27186846
27194007
27200994
27207982
27214971
27221961
27228952
27235944
27242937
27249931
27256926
27263922
27270919
27277917
27284916
27291916
27298917
27305919
27312922
27319926
27326931
27333937
27340944
27348944
27356884
27364825
27372767
27380710
27388654
27396599
27404545
27412492
27420048
27427038
27434029
27441021
27448014
27455008
27462003
27468999
27475996
27482994
27489993
27496993
27503994
27510996
27517999
27525003
27532008
27539014
27546021
27554021
27561961
27569902
27577844
27585787
27593731
27601676
27609622
27617569
27625517
27633466
27641416
27649367
27657319
27665272
27673066
27680041
27687017
27693994
27700972
27707951
27714931
27721912
27728894
27735877
27742861
27749846
27756832
27763819
27770807
27777796
27784786
27791777
27798769
27805762
27812756
27819751
27826747
27833744
27840742
27847741
27854741
27861742
27868744
27875747
27882751
27889756
27896762
27903769
27911769
27919709
27927650
27935592
27943535
27951479
27959424
27967370
27975317
27983265
27991214
27999164
28007115
28015067
28023020
28030974
28038929
28046885
28054842
28062800
28070759
28078719
28086680
28094642
28102605
28110569
28118534
28126500
28134467
28142435
28150404
28158374
28166345
28174317
28182290
28190264
28198239
28206215
28214192
28222170
28230149
28238129
28246110
28254092
28262075
28270059
28278044
28286030
28294017
28302005
28309994
28317984
28325340
28332658
28339917
28346896
28353876
28360857
28367839
28374822
28381806
28388791
28395777
28402764
28409752
28416741
28423731
28430722
28437714
28444707
28451701
28458696
28465692
28472689
28479687
28486686
28493686
28500687
28507689
28514692
28521696
28528701
28535707
28542714
28550714
28558654
28566595
28574537
28582480
28590424
28598369
28606315
28614262
28622210
28630159
28638109
28646060
28653826
28661140
28668455
28675771
28683088
28690406
28697725
28705045
28712366
28719688
28727011
28734335
28741660
28748986
28756313
28763912
28771213
28778515
28785818
28793122
28800427
28807733
28815040
28822348
28829657
28836967
28844278
28851590
28858903
28866217
28873532
28880848
28888165
28895483
28902802
28910122
28917443
28924765
28932088
28939412
28946736
28954013
28961291
28968570
28975850
28983131
28990413
28997696
29004980
29012265
29019551
29026838
29034126
29041415
29048705
29055996
29063288
29070581
29077875
29085170
29092466
29099763
29107061
29114360
29121660
29128961
29136263
29143566
29150870
29158175
29165481
29172788
29180096
29187405
29194715
29202026
29209338
29216651
29223965
29231280
29238596
29245913
29253231
29260550
29267870
29275191
29282513
29289836
29297160
29304485
29311811
29319138
29327138
29335078
29343019
29350961
29358904
29366848
29374793
29382739
29390686
29398634
29406583
29414533
29422484
29430141
29437437
29444734
29452032
29459331
29466631
29473932
29481234
29488537
29495841
29503146
29510452
29517759
29525067
29532376
29539686
29546997
29554309
29561622
29568936
29576251
29583567
29590884
29598202
29605521
29612841
29620162
29627484
29634807
29642131
29649456
29656782
29664109
29671708
29679009
29686311
29693614
29700918
29708223
29715529
29722836
29730144
29737453
29744763
29752074
29759386
29766699
29774013
29781328
29788644
29795961
29803279
29810598
29817918
29825239
29832561
29839884
29847208
29854532
29861809
29869087
29876366
29883646
29890927
29898209
29905492
29912776
29920061
29927347
29934634
29941922
29949211
29956501
29963792
29971084
29978377
29985671
29992966
30000262
30007559
30014857
30022156
30029456
30036757
30044059
30051362
30058666
30065971
30073277
30080584
30087892
30095201
30102511
30109822
30117134
30124447
30131761
30139076
30146392
30153709
30161027
30168346
30175666
30182987
30190309
30197632
30204956
30212281
30219607
30226934
30234934
30242874
30250815
30258757
30266700
30274644
30282589
30290535
30298482
30306430
30314379
30322329
30330280
30338232
30346185
30354139
30362094
30370050
30378007
30385965
30393924
30401884
30409845
30417807
30425770
30433734
30441699
30449665
30457632
30465600
30473569
30481539
30489510
30497482
30505455
30513429
30521404
30529380
30537154
30544437
30551721
30559006
30566292
30573579
30580867
30588156
30595446
30602737
30610029
30617322
30624616
30631911
30639207
30646504
30653802
30661101
30668401
30675702
30683004
30690307
30697611
30704916
30712222
30719529
30726837
30734146
30741456
30748767
30756079
30763392
30770706
30778021
30785337
30792654
30799972
30807291
30814611
30821932
30829254
30836577
30843901
30851226
30858552
30865879
30873879
30881819
30889760
30897702
30905645
30913589
30921534
30929480
30937427
30945375
30953324
30961274
30969225
30977177
30985130
30993084
31001039
31008995
31016952
31024910
31032869
31040829
31048790
31056752
31064715
31072679
31080644
31088610
31096577
31104545
31112514
31120484
31128455
31136427
31144400
31152374
31160349
31168325
31176302
31184280
31192259
31200239
31208220
31216202
31224185
31232169
31240154
31248140
31256127
31264115
31272104
31280094
31288085
31296077
31304070
31312064
31320059
31328055
31336052
31344050
31352049
31364724
31372669
31380615
31388562
31396510
31404459
31412409
31420360
31428312
31436265
31444219
31452174
31460130
31468087
31476045
31484004
31491964
31499925
31507887
31515850
31523814
31531779
31539745
31547712
31555680
31563649
31571619
31579590
31587562
31595535
31603509
31611484
31619460
31627437
31635415
31643394
31651374
31659355
31667337
31675320
31683304
31691289
31699275
31707262
31715250
31723239
31731229
31739220
31747212
31755205
31763199
31771194
31779190
31787187
31795185
31803184
31821760
31829744
31837729
31845715
31853702
31861690
31869679
31877669
31885660
31893652
31901645
31909639
31917634
31925630
31933627
31941625
31949624
31973911
31981906
31989902
31997899
32005897
32013896
32025226
32033221
32041217
32049214
32057212
32065211
32080391
32088381
32096372
32104364
32112357
32120351
32128346
32136342
32144339
32152337
32160336
32171666
32179661
32187657
32195654
32203652
32211651
32227678
32235669
32243661
32251654
32259648
32267643
32275639
32283636
32291634
32299633
32309655
32317649
32325644
32333640
32341637
32349635
32357634
32370881
32381703
32389680
32397658
32405637
32413617
32421598
32429580
32437563
32445547
32453532
32461518
32469505
32477493
32485482
32493472
32501463
32509455
32517448
32525442
32533437
32541433
32549430
32557428
32565427
32580497
32588495
32596494
32607958
32615945
32623933
32631922
32639912
32647903
32655895
32663888
32671882
32679877
32687873
32695870
32703868
32711867
32726937
32734935
32742934
32760142
32768140
32776139
32787469
32795464
32803460
32811457
32819455
32827454
32842524
32850522
32858521
32866607
32874600
32882594
32890589
32898585
32906582
32914580
32922579
32933909
32941904
32949900
32957897
32965895
32973894
32988964
32996962
33004961
33013897
33021891
33029886
33037882
33045879
33053877
33061876
33071898
33079892
33087887
33095883
33103880
33111878
33119877
33133124
33142945
33150944
33162408
33170395
33178383
33186372
33194362
33202353
33210345
33218338
33226332
33234327
33242323
33250320
33258318
33266317
33278792
33286782
33294773
33302765
33310758
33318752
33326747
33334743
33342740
33350738
33358737
33377313
33385297
33393282
33401268
33409255
33417243
33425232
33433222
33441213
33449205
33457198
33465192
33473187
33481183
33489180
33497178
33505177
33528344
33537459
33545455
33553452
33561450
33569449
33580779
33588774
33596770
33604767
33612765
33620764
33635944
33643934
33651925
33659917
33667910
33675904
33683899
33691895
33699892
33707890
33715889
33727219
33735214
33743210
33751207
33759205
33767204
33783231
33791222
33799214
33807207
33815201
33823196
33831192
33839189
33847187
33855186
33865208
33873202
33881197
33889193
33897190
33905188
33913187
33926434
33939747
33947732
33955718
33963705
33971693
33979682
33987672
33995663
34003655
34011648
34019642
34027637
34035633
34043630
34051628
34059627
34072874
34091909
34099905
34107902
34115900
34123899
34135229
34143224
34151220
34159217
34167215
34175214
34187642
34195640
34203639
34214367
34222360
34230354
34238349
34246345
34254342
34262340
34270339
34281669
34289664
34297660
34305657
34313655
34321654
34334901
34345672
34353664
34361657
34369651
34377646
34385642
34393639
34401637
34409636
34422883
34432905
34440899
34448894
34456890
34464887
34472885
34480884
34499460
34507444
34515429
34523415
34531402
34539390
34547379
34555369
34563360
34571352
34579345
34587339
34595334
34603330
34611327
34619325
34627324
34647669
34655666
34663664
34671663
34683597
34691596
34702117
34710110
34718104
34726099
34734095
34742092
34750090
34758089
34771336
34782064
34790057
34798051
34806046
34814042
34822039
34830037
34838036
34849366
34857361
34865357
34873354
34881352
34889351
34905378
34913369
34921361
34929354
34937348
34945343
34953339
34961336
34969334
34977333
34996122
35004119
35012117
35020116
35033363
35041605
35052084
35060078
35068073
35076069
35084066
35092064
35100063
35108098
35121345
35131367
35139361
35147356
35155352
35163349
35171347
35179346
35188045
35199375
35207370
35215366
35223363
35231361
35239360
35253831
35261822
35269814
35277807
35285801
35293796
35301792
35309789
35317787
35325786
35346131
35354128
35362126
35370125
35382059
35390058
35401388
35409383
35417379
35425376
35433374
35441373
35450072
35464543
35472534
35480526
35488519
35496513
35504508
35512504
35520501
35528499
35536498
35547828
35555823
35563819
35571816
35579814
35587813
35603840
35611831
35619823
35627816
35635810
35643805
35651801
35659798
35667796
35675795
35700082
35708077
35716073
35724070
35732068
35740067
35750546
35758540
35766535
35774531
35782528
35790526
35798525
35813950
35821949
35830535
35838528
35846522
35854517
35862513
35870510
35878508
35886507
35897837
35905832
35913828
35921825
35929823
35937822
35962109
35970104
35978100
35986097
35994095
36002094
36016664
36024662
36032661
36044562
36052557
36060553
36068550
36076548
36084547
36092562
36100555
36108549
36116544
36124540
36132537
36140535
36148534
36163959
36171958
36195994
36203990
36211987
36219985
36227984
36236230
36247280
36255274
36263269
36271265
36279262
36287260
36295259
36310684
36318683
36326698
36334691
36342685
36350680
36358676
36366673
36374671
36382670
36394571
36402566
36410562
36418559
36426557
36434556
36458843
36466838
36474834
36482831
36490829
36498828
36513398
36521396
36529395
36541359
36549346
36557334
36565323
36573313
36581304
36589296
36597289
36605283
36613278
36621274
36629271
36637269
36645268
36660693
36668692
36692728
36700724
36708721
36716719
36724718
36732964
36745705
36753704
36763844
36771841
36779839
36787838
36799459
36807449
36815440
36823432
36831425
36839419
36847414
36855410
36863407
36871405
36879404
36903440
36911436
36919433
36927431
36935430
36950855
36958854
36971843
36979841
36987840
36996137
37005977
37013975
37021974
37038497
37046495
37054494
37070001
37078000
37089621
37097611
37105602
37113594
37121587
37129581
37137576
37145572
37153569
37161567
37169566
37190288
37198283
37206279
37214276
37222274
37230273
37254008
37262005
37270003
37278002
37286299
37296139
37304137
37312136
37328659
37336657
37344656
37356846
37364844
37372843
37388717
37396716
37405363
37420572
37428869
37440490
37448480
37456471
37464463
37472456
37480450
37488445
37496441
37504438
37512436
37520435
37541940
37549938
37557937
37580892
37588886
37596881
37604877
37612874
37620872
37628871
37639011
37647008
37655006
37663005
37679528
37687526
37695525
37715595
37723591
37731588
37739586
37747585
37763442
37771441
37784135
37792127
37800120
37808114
37816109
37824105
37832102
37840100
37848099
37874158
37882156
37890155
37906678
37914676
37922675
37932541
37940538
37948536
37956535
37966675
37974672
37982670
37990669
38007192
38015190
38023189
38043259
38051255
38059252
38067250
38075249
38091106
38099105
38115628
38123626
38131625
38141765
38149762
38157760
38165759
38183685
38193825
38201822
38209820
38217819
38234342
38242340
38250339
38266196
38274195
38284574
38292572
38300571
38317094
38325092
38333091
38350776
38358775
38368915
38376912
38384910
38392909
38409007
38425530
38433528
38441527
38451667
38459664
38467662
38475661
38493346
38501345
38511724
38519722
38527721
38544244
38552242
38560241
38576098
38584097
38603006
38611005
38620160
38628158
38636157
38652680
38660678
38668677
38678817
38686814
38694812
38702811
38729820
38737818
38745817
38757387
38765386
38778337
38787253
38795250
38803248
38811247
38833969
38841967
38849966
38865823
38873822
38888917
38896913
38904910
38912908
38920907
38942405
38950403
38958402
38968542
38976539
38984537
38992536
39019545
39027543
39035542
39052065
39060063
39068062
39076978
39084975
39092973
39100972
39124587
39132585
39140584
39157883
39165882
39178642
39186638
39194635
39202633
39210632
39233023
39241021
39249020
39266319
39274318
39297933
39305931
39313930
39326690
39334686
39342683
39350681
39358680
39375979
39383978
39406369
39414367
39422366
39439748
39453189
39461188
39479360
39491577
39499576
39508032
39516029
39524027
39532026
39549408
39571799
39579797
39587796
39601237
39609236
39626535
39634534
39656925
39664923
39672922
39681459
39689457
39697456
39729916
39742597
39750592
39758588
39766585
39774583
39782582
39799964
39822355
39830353
39838352
39857261
39884048
39892040
39900033
39908027
39916022
39924018
39932015
39940013
39948012
39990158
39998157
40026892
40034885
40042879
40050874
40058870
40066867
40074865
40082864
40099818
40107817
40163858
40171852
40179847
40187843
40195840
40203838
40211837
40226672
40234670
40242669
40304600
40312596
40320593
40328591
40336590
40347648
40355645
40363643
40371642
40401881
40448416
40456410
40464405
40472401
40480398
40488396
40496395
40522855
40530854
40595449
40603447
40611446
40622467
40630465
40638464
40647608
40655607
40737518
40745516
40753515
40762659
40770658
40781679
40789677
40797676
40878923
40888733
40896730
40904728
40912727
40927314
41004995
41012993
41020992
41034366
41042365
41056976
41134633
41142631
41150630
41164028
41172027
41252687
41264295
41272293
41280292
41366352
41374350
41382349
41396165
41482225
41490223
41498222
41590223
41598222
41690223
41698222
41794092
41891264
41989468
42088266
