1000
1219
1984
2058
2096
2315
2536
2811
3138
3357
3655
3943
4232
4453
4674
4949
5247
5584
5805
6080
6370
6668
6951
7202
7477
7775
8081
8333
8608
8898
9196
9479
9754
10029
10327
10633
10900
11175
11468
11766
12058
12333
12608
12906
13212
13479
13754
14047
14345
14651
14928
15221
15519
15825
16135
16412
16705
17003
17309
17620
17897
18190
18488
18794
19110
19397
19690
19988
20294
20610
20921
21219
21525
21841
22162
22455
22753
23059
23375
23662
23955
24253
24559
24875
25186
25484
25790
26106
26436
26734
27039
27345
27661
27965
28270
28576
28892
29231
29546
29862
30187
30495
30811
31150
31465
31781
32106
32425
32741
33076
33395
33711
34036
34362
34689
35006
35332
35657
35984
36310
36627
36965
37282
37605
37944
38260
38602
38919
39242
39581
39897
40239
40565
40894
41217
41550
41872
42209
42531
42854
43187
43509
43854
44177
44510
44832
45173
45501
45828
46160
46483
46816
47138
47483
47806
48139
48461
48802
49135
49457
49791
50125
50458
50780
51121
51454
51776
52110
52444
52777
53099
53441
53774
54100
54429
54764
55105
55430
55765
56094
56435
56770
57095
57445
57778
58100
58445
58780
59114
59446
59785
60129
60451
60799
61131
61465
61813
62136
62481
62825
63150
63495
63839
64166
64510
64857
65180
65524
65872
66205
66542
66886
67234
67567
67904
68248
68597
68929
69273
69622
69959
70303
70657
70984
71328
71698
72025
72369
72737
73064
73408
73778
74105
74449
74824
75154
75498
75873
76217
76564
76915
77269
77613
77964
78319
78663
79030
79382
79729
80079
80434
80778
81129
81487
81847
82195
82552
82896
83244
83602
83963
84313
84671
85018
85362
85720
86081
86436
86794
87142
87486
87844
88205
88560
88918
89279
89637
89998
90356
90714
91075
91430
91788
92149
92507
92868
93226
93587
93945
94311
94669
95030
95388
95749
96107
96485
96845
97204
97564
97925
98283
98659
99017
99380
99742
100108
100466
100839
101200
101563
101925
102297
102659
103022
103398
103756
104129
104490
104853
105215
105587
105949
106312
106677
107046
107411
107774
108150
108508
108887
109250
109626
109984
110365
110728
111104
111462
111848
112211
112587
112945
113333
113696
114070
114430
114821
115181
115555
115936
116306
116670
117061
117421
117795
118179
118546
118927
119304
119678
120055
120436
120813
121187
121571
121946
122322
122703
123081
123458
123838
124217
124597
124974
125355
125733
126113
126491
126872
127250
127630
128013
128389
128771
129152
129530
129908
130288
130667
131047
131424
131805
132183
132563
132941
133322
133700
134080
134463
134839
135221
135602
135980
136360
136743
137119
137504
137882
138263
138644
139026
139406
139785
140165
140548
140924
141309
141687
142068
142451
142831
143218
143595
143982
144362
144747
145126
145512
145899
146276
146663
147043
147428
147807
148195
148583
148959
149348
149730
150122
150500
150890
151271
151663
152042
152434
152813
153205
153591
153983
154362
154754
155140
155532
155915
156307
156692
157084
157470
157862
158245
158637
159023
159415
159802
160194
160584
160976
161369
161756
162148
162538
162930
163323
163715
164105
164497
164893
165287
165677
166069
166465
166859
167250
167642
168038
168432
168825
169217
169613
170007
170403
170807
171204
171596
171992
172386
172782
173186
173589
173985
174384
174786
175178
175574
175968
176364
176768
177175
177574
177976
178368
178764
179158
179554
179958
180365
180768
181170
181571
181975
182381
182785
183187
183591
183994
184398
184805
185208
185610
186014
186421
186824
187228
187635
188043
188450
188858
189265
189675
190078
190482
190889
191297
191704
192112
192519
192930
193338
193745
194153
194560
194972
195379
195787
196198
196606
197018
197425
197839
198249
198663
199074
199486
199893
200307
200717
201131
201544
201955
202368
202779
203193
203606
204020
204430
204844
205259
205674
206087
206501
206911
207325
207740
208157
208568
208982
209397
209814
210225
210639
211054
211471
211886
212301
212718
213133
213548
213965
214380
214799
215217
215632
216051
216470
216889
217309
217730
218150
218570
218990
219411
219831
220252
220672
221093
221513
221935
222357
222777
223199
223623
224048
224470
224892
225314
225738
226163
226585
227009
227437
227860
228284
228712
229136
229560
229988
230411
230835
231263
231689
232113
232539
232967
233393
233817
234245
234672
235100
235527
235951
236379
236806
237234
237663
238091
238521
238953
239384
239814
240246
240680
241111
241543
241977
242408
242838
243270
243701
244131
244563
244997
245428
245860
246294
246726
247162
247594
248032
248466
248900
249336
249772
250208
250642
251078
251514
251950
252384
252822
253256
253693
254130
254564
255003
255436
255873
256311
256745
257187
257620
258062
258496
258939
259371
259815
260249
260690
261127
261568
262005
262446
262885
263324
263763
264204
264644
265082
265526
265963
266404
266845
267285
267726
268167
268609
269048
269492
269931
270375
270814
271258
271697
272141
272587
273031
273477
273917
274361
274800
275244
275690
276134
276580
277024
277468
277914
278358
278804
279248
279694
280140
280586
281031
281477
281921
282367
282813
283259
283705
284153
284599
285045
285491
285939
286386
286834
287282
287731
288178
288626
289074
289523
289974
290422
290870
291319
291770
292218
292666
293115
293566
294014
294463
294915
295364
295816
296265
296718
297167
297620
298069
298522
298971
299426
299878
300330
300781
301236
301688
302140
302595
303047
303502
303954
304409
304861
305316
305769
306224
306678
307131
307585
308038
308492
308945
309400
309853
310308
310764
311217
311672
312129
312582
313037
313494
313949
314407
314864
315321
315779
316236
316694
317151
317609
318067
318524
318982
319439
319897
320354
320812
321270
321727
322185
322642
323100
323558
324016
324475
324933
325393
325851
326315
326775
327239
327704
328168
328633
329098
329564
330030
330496
330961
331427
331893
332359
332826
333292
333760
334226
334695
335161
335629
336097
336563
337032
337498
337967
338434
338903
339370
339839
340307
340776
341243
341712
342181
342650
343119
343588
344057
344526
344996
345465
345936
346405
346876
347350
347822
348296
348770
349244
349718
350192
350668
351142
351616
352092
352566
353041
353516
353991
354466
354941
355417
355891
356368
356842
357319
357794
358270
358745
359222
359699
360173
360651
361127
361605
362079
362557
363033
363511
363990
364468
364944
365422
365896
366374
366850
367328
367810
368293
368774
369252
369734
370217
370699
371181
371659
372141
372624
373106
373589
374072
374555
375038
375520
376003
376485
376968
377451
377934
378417
378900
379383
379866
380350
380833
381316
381800
382285
382769
383252
383736
384221
384705
385190
385674
386159
386645
387134
387619
388103
388588
389074
389563
390048
390534
391023
391512
392001
392491
392980
393466
393955
394444
394933
395423
395915
396404
396893
397383
397875
398365
398854
399344
399836
400330
400822
401318
401810
402304
402796
403292
403784
404280
404772
405267
405763
406255
406751
407243
407739
408236
408730
409226
409723
410219
410720
411219
411716
412212
412713
413214
413712
414208
414709
415210
415708
416209
416710
417210
417711
418212
418713
419215
419716
420218
420720
421222
421724
422226
422729
423232
423735
424237
424740
425243
425746
426251
426756
427259
427764
428269
428774
429281
429788
430295
430802
431312
431819
432333
432840
433351
433863
434372
434885
435395
435906
436420
436929
437443
437954
438468
438980
439491
440005
440516
441030
441542
442056
442570
443084
443598
444112
444626
445141
445655
446170
446685
447202
447717
448234
448749
449264
449781
450296
450814
451331
451846
452364
452883
453401
453920
454435
454953
455472
455990
456509
457028
457548
458067
458590
459109
459632
460155
460674
461199
461721
462244
462769
463291
463816
464340
464865
465390
465912
466437
466961
467486
468011
468538
469064
469591
470119
470646
471176
471703
472234
472763
473294
473827
474358
474889
475422
475951
476482
477011
477542
478075
478606
479137
479670
480202
480733
481266
481798
482329
482862
483395
483928
484461
484995
485529
486064
486598
487133
487668
488203
488739
489274
489809
490344
490880
491416
491951
492487
493023
493559
494095
494631
495167
495703
496240
496776
497313
497851
498389
498927
499465
500004
500542
501081
501620
502159
502699
503237
503776
504314
504853
505392
505931
506471
507010
507549
508088
508628
509168
509711
510251
510791
511334
511876
512416
512957
513502
514042
514582
515126
515669
516211
516751
517298
517838
518385
518925
519472
520012
520559
521101
521648
522192
522739
523285
523832
524378
524925
525471
526018
526566
527113
527661
528208
528756
529304
529852
530401
530949
531498
532047
532596
533145
533694
534243
534793
535344
535895
536446
536998
537549
538100
538653
539204
539758
540310
540864
541417
541971
542526
543079
543633
544188
544743
545298
545853
546408
546963
547519
548074
548630
549187
549743
550298
550854
551411
551967
552524
553081
553638
554196
554754
555312
555871
556431
556990
557551
558110
558672
559232
559793
560355
560915
561477
562039
562599
563161
563723
564285
564848
565410
565972
566535
567097
567660
568223
568786
569350
569914
570477
571041
571606
572172
572736
573301
573868
574434
574999
575566
576133
576700
577267
577834
578402
578969
579538
580106
580675
581243
581812
582381
582950
583519
584089
584659
585228
585798
586368
586938
587509
588079
588650
589220
589791
590361
590932
591503
592073
592644
593215
593786
594358
594932
595504
596076
596648
597222
597794
598366
598938
599512
600084
600658
601230
601804
602379
602953
603529
604105
604681
605257
605833
606409
606985
607561
608137
608713
609290
609869
610449
611025
611602
612181
612761
613338
613917
614497
615076
615658
616237
616820
617399
617983
618562
619147
619726
620312
620891
621477
622062
622648
623234
623820
624406
624994
625580
626166
626752
627340
627926
628513
629101
629687
630275
630862
631450
632039
632627
633215
633804
634393
634981
635570
636159
636748
637337
637926
638515
639104
639693
640283
640872
641461
642050
642640
643229
643821
644410
645002
645592
646184
646776
647370
647964
648556
649148
649742
650337
650929
651521
652115
652711
653305
653901
654496
655091
655688
656282
656882
657476
658078
658673
659273
659867
660469
661064
661666
662262
662864
663462
664064
664660
665262
665861
666463
667060
667662
668261
668863
669466
670065
670667
671266
671868
672471
673070
673672
674277
674880
675482
676087
676691
677293
677898
678502
679107
679713
680320
680927
681534
682142
682751
683359
683970
684580
685191
685802
686412
687023
687634
688246
688857
689468
690081
690693
691306
691918
692531
693146
693759
694375
694988
695607
696224
696843
697461
698080
698699
699318
699937
700557
701176
701795
702414
703034
703653
704273
704894
705514
706135
706756
707377
708000
708622
709245
709869
710493
711117
711742
712366
712991
713616
714240
714865
715491
716118
716744
717372
718001
718629
719258
719887
720515
721145
721773
722403
723032
723662
724292
724921
725551
726181
726812
727444
728075
728710
729345
729981
730616
731252
731887
732523
733158
733794
734430
735065
735702
736339
736978
737615
738252
738891
739530
740167
740806
741443
742080
742719
743360
743997
744636
745277
745916
746558
747199
747841
748482
749124
749766
750408
751051
751695
752340
752985
753630
754277
754925
755573
756222
756871
757520
758171
758823
759476
760128
760781
761433
762086
762738
763391
764043
764697
765352
766009
766666
767323
767980
768637
769294
769952
770609
771266
771926
772583
773240
773900
774560
775220
775884
776546
777210
777874
778539
779203
779868
780533
781200
781867
782532
783197
783864
784532
785199
785866
786534
787204
787872
788542
789210
789881
790552
791223
791894
792565
793237
793909
794581
795253
795927
796602
797277
797953
798628
799304
799982
800658
801336
802014
802692
803370
804048
804727
805407
806086
806766
807446
808126
808807
809489
810172
810855
811538
812221
812905
813590
814274
814960
815644
816331
817015
817703
818388
819076
819767
820456
821141
821829
822520
823211
823902
824593
825284
825976
826667
827359
828051
828743
829436
830129
830824
831519
832214
832910
833608
834306
835005
835703
836402
837101
837802
838505
839205
839906
840609
841310
842014
842715
843419
844125
844834
845545
846254
846965
847675
848386
849097
849809
850521
851235
851947
852662
853377
854093
854809
855525
856241
856960
857677
858396
859116
859838
860557
861277
861999
862721
863443
864169
864891
865613
866339
867061
867787
868509
869236
869963
870690
871418
872148
872880
873613
874346
875080
875813
876549
877283
878019
878756
879494
880232
880971
881712
882451
883197
883936
884682
885428
886176
886922
887672
888423
889176
889930
890683
891437
892192
892945
893699
894455
895211
895967
896725
897482
898238
898996
899755
900515
901276
902039
902802
903565
904329
905092
905856
906621
907386
908152
908918
909684
910451
911218
911986
912757
913532
914309
915086
915863
916642
917419
918203
918980
919764
920550
921338
922127
922915
923704
924494
925283
926074
926866
927659
928454
929247
930043
930841
931637
932435
933234
934034
934835
935639
936443
937248
938054
938861
939668
940476
941284
942093
942904
943717
944530
945343
946157
946972
947788
948603
949420
950238
951057
951877
952697
953518
954341
955168
955995
956822
957650
958478
959306
960136
960967
961798
962629
963463
964298
965132
965968
966808
967648
968491
969334
970177
971022
971869
972717
973566
974416
975264
976113
976964
977813
978665
979517
980369
981223
982078
982933
983789
984646
985504
986363
987225
988084
988946
989809
990673
991537
992403
993272
994146
995020
995894
996769
997645
998521
999407
1000293
1001182
1002068
1002958
1003850
1004744
1005638
1006535
1007429
1008326
1009232
1010135
1011041
1011950
1012863
1013776
1014690
1015607
1016526
1017447
1018368
1019290
1020216
1021142
1022072
1023004
1023938
1024872
1025806
1026744
1027684
1028626
1029582
1030555
