2329.6
1480.9
1968.5
1911.3
1528.8
1465.3
1958.8
2775.1
2544.5
2007.0
1084.3
703.3
1467.7
90.7
545.0
528.4
1531.9
3036.1
1164.7
1132.4
1532.4
232.3
775.9
1353.0
97.2
2651.0
1433.1
670.0
2268.7
594.0
880.2
1396.1
1435.0
908.3
1947.5
1745.2
190.1
942.4
980.7
1262.9
1363.2
371.4
2486.9
1803.6
2778.8
2339.2
504.7
1815.1
1711.4
842.6
879.5
1801.6
983.4
2605.3
2289.0
796.9
610.9
1248.8
945.3
2827.2
907.4
2634.8
2406.3
2288.5
1607.0
1752.6
114.3
352.2
2188.7
2450.8
976.0
2859.7
235.0
1624.9
791.7
1983.5
232.2
855.8
1426.8
271.2
506.2
625.6
833.7
1095.5
614.1
390.6
3097.1
1891.6
2738.0
1117.8
1188.8
1315.7
1428.4
1677.0
530.7
1353.9
1504.3
574.0
401.6
714.4
2546.3
2301.7
444.3
1909.2
2420.2
1654.5
1124.0
3046.5
331.2
737.8
2019.7
974.3
944.1
2231.4
2380.2
830.8
621.3
1253.6
920.7
2477.5
1463.4
529.6
1768.3
451.1
1390.9
435.5
1581.4
335.1
608.3
2330.4
2160.7
537.9
566.4
139.1
364.5
491.0
2631.7
166.7
416.7
508.3
2327.1
1621.1
2334.8
613.6
1027.6
2645.3
1055.0
583.4
286.1
421.0
1726.0
1429.2
273.0
1465.8
2638.2
740.8
471.3
175.5
1590.3
2008.1
1888.0
1596.0
71.7
2210.2
2631.3
1721.4
830.8
2940.2
1654.7
355.4
442.2
774.8
3600.0
2163.6
1828.1
1063.8
1434.7
3076.8
2219.6
1135.9
1810.0
1712.5
3560.2
2006.3
2086.2
171.4
1713.5
705.8
681.8
3895.6
642.9
134.4
1210.9
918.0
1364.6
2445.1
1482.7
299.9
2315.2
1812.0
864.4
705.9
836.7
1766.1
1352.1
893.3
594.3
2459.9
533.4
575.8
739.9
522.3
411.2
1829.7
736.0
726.5
1793.2
1532.0
93.2
1912.0
1721.6
1142.2
289.0
1903.5
2416.1
1739.2
479.1
761.7
925.8
1602.5
513.2
1055.9
1135.1
123.8
2304.1
1184.2
2184.1
517.5
2291.9
1306.1
173.0
694.4
1941.4
2038.4
2171.7
810.4
262.3
1740.0
1029.4
374.5
3772.9
2318.9
1501.3
2187.2
1601.7
862.1
248.6
906.7
110.0
1464.6
1640.7
1885.6
310.6
1127.6
976.5
1217.4
3211.9
1689.9
345.3
547.1
731.4
2620.9
2335.6
739.7
2183.2
2743.0
800.3
1429.8
2092.3
1660.2
291.0
2750.5
2206.5
1517.9
592.4
621.3
1779.3
1977.9
997.8
959.6
590.7
955.3
2568.1
425.9
351.8
77.3
2348.1
2024.3
2490.5
1515.8
873.3
833.4
1834.2
583.6
996.3
2107.9
485.0
1316.8
873.7
2663.8
970.5
985.8
632.5
1148.7
474.8
334.9
469.3
1167.4
1835.8
1533.2
1523.7
1566.3
3324.6
1309.0
1346.6
965.4
985.7
1450.4
2979.4
418.1
390.6
2082.0
1148.6
1113.8
861.0
601.8
2030.3
482.1
1565.2
1066.6
1845.3
2805.3
526.1
1770.7
1239.2
227.8
1663.0
1206.9
1304.4
514.9
2280.3
175.2
284.8
1191.9
1762.1
1888.7
1481.4
70.2
758.7
2912.1
1264.9
2719.7
2176.3
83.7
685.2
770.1
2226.8
2483.4
1605.0
1338.0
2373.9
1172.5
1698.5
1544.3
2024.3
1361.9
544.4
1251.0
1613.9
1220.0
1978.8
1592.3
1829.7
1168.7
1896.1
331.6
581.5
743.6
692.9
1206.3
194.7
766.6
1399.2
2461.9
870.3
1244.1
1119.2
360.4
2728.6
577.1
176.9
1022.6
2772.0
1550.1
820.8
1843.5
1379.0
992.2
3708.3
814.4
299.0
764.0
680.6
1286.3
2269.7
1329.9
806.7
595.0
1140.6
1275.5
919.1
1284.7
2460.7
1152.9
1403.6
2219.1
307.0
117.3
2446.6
141.3
696.7
3105.0
2917.0
3239.1
1775.7
2071.1
2773.0
2035.5
1997.5
1243.4
224.9
560.6
2513.0
535.0
1883.7
421.2
498.1
1071.6
1044.2
1999.0
1176.8
2890.4
1656.5
781.3
970.4
869.0
138.5
2269.6
2125.7
2222.1
1274.2
1617.4
1082.3
2392.3
2257.1
1024.6
2039.6
2055.2
309.9
440.9
348.6
813.0
726.1
1090.3
726.2
1666.4
1729.5
1136.9
2499.0
1044.1
1625.6
1208.3
1269.9
2283.4
2036.1
605.4
1419.3
982.8
649.1
1346.7
1810.1
907.4
2502.7
2633.7
2977.7
2261.9
2391.4
1242.5
1905.2
1505.1
3635.4
3129.0
162.7
2019.6
796.8
261.0
1419.0
367.4
1483.2
1159.6
1940.5
355.3
917.6
1831.1
647.5
1605.7
959.4
1523.2
2447.7
506.3
1094.8
1717.8
384.6
1044.4
2365.1
578.4
181.7
1455.4
458.1
929.3
983.1
2619.1
934.0
1427.3
993.8
38.6
1257.6
766.6
1645.9
2019.3
1460.1
1307.8
2106.6
1463.4
2562.1
1980.7
1291.4
2159.4
715.3
23.8
2989.7
390.0
966.6
706.3
965.1
2094.4
1862.0
3044.9
2227.7
1121.3
1018.7
2166.4
2169.8
671.1
1619.5
2117.5
335.2
1811.3
742.6
1348.0
2027.8
1218.7
2313.0
1549.1
560.4
3249.2
854.7
1219.1
1018.7
1887.7
1196.7
1917.4
1496.3
637.1
2116.2
497.2
214.3
1616.9
1405.9
2035.7
240.7
1319.2
280.9
1070.5
2826.6
1891.1
2959.4
657.9
499.2
775.2
2508.9
225.5
1151.7
1148.7
769.4
308.2
2200.5
267.8
2027.6
1987.6
1990.8
2749.4
1990.0
1574.3
612.1
2819.3
1230.9
1557.4
1812.7
1046.2
811.1
888.6
2465.0
1967.1
3056.9
220.2
1356.9
798.4
891.2
216.9
1404.5
1503.2
2856.0
1213.4
1948.1
1335.4
3555.3
1589.8
906.4
618.1
1831.2
562.3
2040.7
4250.2
3650.4
1613.2
1197.7
1695.9
1047.9
1114.5
1643.8
327.1
1218.2
1644.8
2451.2
156.2
1531.9
1712.3
1091.8
2070.3
824.7
872.9
1371.7
1106.7
3315.7
2015.7
287.4
3107.3
595.0
3101.7
955.6
1270.2
1723.6
988.6
667.2
478.9
910.9
2371.7
1388.7
576.1
561.5
2814.0
392.2
745.6
1009.4
1603.3
266.9
234.0
794.7
3309.5
1698.5
995.0
2177.9
2201.6
1371.9
605.3
1254.9
1010.5
1087.6
400.7
2529.4
1182.4
1795.8
42.9
936.1
2442.8
845.8
2148.8
735.7
1390.3
1098.7
210.8
1108.8
173.3
1032.0
2510.7
1867.9
1861.2
1644.3
1174.0
740.9
1185.0
1059.4
495.4
2450.2
1309.5
1979.6
3315.7
1339.4
1564.4
1463.4
1277.6
990.0
2323.7
643.7
1908.2
1480.4
1802.6
1097.8
2498.3
476.9
2302.7
796.2
1378.6
1313.8
1051.9
344.0
2147.2
1418.1
1755.6
2987.1
994.5
335.7
1561.0
489.4
1549.8
2816.3
44.6
1070.8
500.6
678.2
1037.6
810.1
2533.9
593.9
1601.4
1869.1
1889.3
649.3
842.9
3526.3
1814.3
677.1
584.2
783.3
1156.8
2688.7
1562.9
2804.7
2607.6
820.5
1094.5
206.6
1492.6
1125.7
1570.6
979.6
1786.1
3359.8
1150.0
1570.4
716.7
459.0
1326.7
635.3
652.7
972.1
2167.2
741.1
812.3
1754.2
856.6
40.4
1056.9
3468.9
621.7
377.7
840.4
2620.7
1172.5
705.9
1745.4
2012.2
3541.8
2187.8
2690.1
1474.2
2074.2
2110.7
1915.6
4373.7
965.8
1433.7
2166.8
1530.9
1510.3
1486.6
1480.7
265.0
1197.0
1882.7
2335.2
1262.8
1059.3
943.1
1889.7
2315.0
2000.3
1638.4
776.4
934.2
119.3
874.4
332.4
678.6
1114.0
1708.8
509.9
2750.7
355.1
1657.7
1647.9
2146.5
1064.6
1762.0
2173.7
2091.3
1148.4
2366.4
1491.3
1462.5
1908.9
918.8
43.7
1925.7
3210.0
386.2
2896.8
2692.6
547.9
1665.1
2037.0
2423.6
892.6
859.7
341.7
1592.8
912.0
1053.6
1678.9
1121.6
1247.7
1733.0
1370.1
2587.8
1789.6
2450.2
1379.4
2223.7
965.2
731.0
1214.7
1145.4
1249.4
1999.2
369.5
2728.3
302.8
499.2
3069.7
2510.4
807.9
58.1
331.5
909.3
655.5
4464.9
2498.7
836.4
86.6
2327.0
2631.6
1927.9
1386.1
480.0
1191.2
1873.2
3386.6
686.9
1944.1
1435.2
1260.7
2066.2
2175.3
457.8
1100.4
1191.6
1065.7
2237.2
681.8
996.6
1298.8
1803.4
1874.3
1406.5
3239.7
1368.0
665.9
769.5
2299.4
1269.3
713.6
705.0
3506.1
186.5
1419.2
2515.9
1434.8
1113.3
3056.8
3023.5
3437.5
700.2
1621.5
769.9
894.6
611.1
2406.6
3944.8
1582.3
369.7
3074.2
2576.1
685.8
388.4
2679.0
1701.3
1114.5
1515.3
3422.8
2261.9
1229.0
3536.6
1340.9
2581.0
1326.9
2187.2
656.0
1809.7
1812.4
3116.8
1150.7
1131.8
2308.6
1126.2
904.4
1974.0
1334.4
2910.3
680.6
300.1
2949.7
1882.9
1162.6
3384.6
491.9
1262.6
3530.5
874.0
1106.6
