3896.1
1533.4
1153.1
1365.9
977.7
1418.8
1954.5
1438.3
1895.0
2055.7
2357.0
1296.4
2194.9
1017.7
1020.9
1830.9
893.3
1252.9
1293.2
1791.7
922.7
2733.0
924.8
901.4
981.5
107.1
2137.2
1450.5
1127.1
1985.9
1427.5
759.0
657.6
323.7
450.8
1079.2
846.1
1694.4
2389.9
1577.3
554.2
1595.0
1309.6
2090.0
523.9
1570.2
998.6
361.6
180.1
2311.4
1750.4
3096.0
741.1
2567.5
485.0
342.9
116.6
1065.1
1877.3
367.7
2458.2
3238.4
1029.5
406.6
1509.6
2142.9
3082.4
1196.5
1396.1
1987.2
997.3
1472.6
3023.2
328.7
1368.4
1533.5
1897.4
1414.3
182.1
1889.7
372.4
1479.1
1280.7
953.7
310.4
1807.4
2361.9
2104.5
670.2
88.3
1772.2
2043.4
1563.7
1914.0
923.3
699.1
88.7
671.0
3068.4
1269.1
959.1
1931.7
799.6
2050.4
688.2
1341.2
3147.8
1225.8
1744.2
1526.8
1410.3
2009.3
1405.8
3088.9
1655.0
1452.5
2615.6
756.9
2876.2
1895.6
1491.2
1819.4
1437.1
491.5
2219.4
583.2
1958.5
910.5
2611.7
1712.1
3442.1
435.7
2373.6
1338.3
770.3
731.0
598.1
992.0
1916.4
1061.3
1393.8
763.0
2130.1
363.5
172.6
584.4
1200.9
1543.3
1676.5
1906.4
984.4
2788.4
3084.3
903.4
3735.8
850.9
643.0
2225.1
2844.2
180.6
461.6
2070.9
617.7
1425.8
752.6
2009.2
1862.9
528.2
865.0
442.0
1095.9
423.2
1984.3
3040.7
2424.7
41.3
3039.3
2325.8
2864.6
97.0
3193.8
972.6
595.8
184.4
616.8
856.7
730.4
1182.7
21.9
2044.1
246.7
2388.7
777.2
172.1
1197.0
2020.0
48.6
773.8
587.4
2471.5
2802.7
366.6
1534.0
2062.4
944.1
1573.3
1775.5
2260.0
2009.6
541.8
337.3
1961.6
1171.9
159.5
291.9
2095.5
2763.1
277.2
795.1
2420.4
1758.5
729.9
1107.9
1644.3
1145.3
2393.1
236.8
773.6
475.2
35.9
901.9
2227.0
2439.2
2656.6
1407.7
1788.1
396.8
1009.7
817.5
2246.4
1931.6
829.2
2064.1
2721.3
2116.6
522.7
953.2
1371.7
568.4
114.4
3086.0
515.6
2119.4
1375.5
2023.1
328.2
850.8
1862.9
1697.5
1136.2
2702.4
3582.2
234.0
738.1
2185.6
1930.4
236.0
715.5
771.1
579.2
729.5
234.0
2882.3
1641.8
806.9
1909.8
2114.1
1905.9
2116.0
560.5
690.6
155.8
771.2
1384.6
981.2
552.2
616.4
2741.0
1085.8
1002.1
1714.5
840.6
291.2
385.9
424.8
175.9
2479.5
1975.0
319.3
1535.2
153.2
1193.6
1031.5
673.1
400.5
1348.2
2547.6
1897.2
2680.8
984.4
2099.1
770.3
1181.0
170.9
1480.8
235.1
1927.8
461.0
1154.1
357.4
173.6
1835.1
1618.5
1823.2
2091.0
1759.2
2853.0
3268.3
1528.0
232.8
534.2
451.7
2996.4
1371.7
627.0
3496.7
1217.6
1275.6
1911.8
2202.8
467.1
1454.8
2020.8
919.0
2519.6
553.3
1646.7
1067.5
851.2
642.0
1440.8
985.7
1024.7
1933.1
1862.7
2075.6
61.1
965.1
3886.7
451.1
1939.5
1401.7
1524.0
528.8
2651.1
914.7
1013.6
1820.3
1766.1
1130.5
1802.9
2011.2
2430.1
285.7
2275.1
2317.7
1401.9
415.4
1905.6
1797.8
1627.4
646.5
226.9
2228.9
763.6
799.1
477.8
707.3
723.2
1232.5
959.2
184.1
1154.3
1576.8
1887.0
3327.3
1908.3
1286.3
1171.5
1203.3
494.7
907.4
1177.8
3633.0
506.6
591.8
2058.5
3210.0
550.1
2123.5
1384.9
1928.7
1737.8
739.1
365.5
1689.4
357.5
550.1
629.7
314.2
349.1
1223.9
1590.6
1632.6
396.5
2477.8
3283.0
1884.2
2377.2
893.2
1390.3
309.7
2908.9
878.1
728.3
300.3
2720.6
1692.3
1294.2
481.1
2349.0
812.2
1344.5
2801.4
1583.5
868.6
2559.2
1622.5
1569.8
3443.0
902.0
326.1
1987.6
717.8
481.5
3486.1
3749.8
158.4
380.2
1098.3
2400.6
979.9
679.6
703.5
2354.6
1239.3
1406.3
2554.0
862.2
3843.1
2457.5
2988.0
1070.6
1626.5
1667.2
3266.4
807.7
1130.8
888.4
300.3
754.3
1195.0
317.6
1199.7
1873.8
462.0
2792.2
804.7
2491.5
1878.3
1259.6
1295.6
859.2
320.6
2540.3
251.5
2508.9
601.6
716.3
1772.1
709.3
847.6
2574.7
1592.0
2500.8
1448.8
1330.1
1864.4
283.7
1991.4
766.1
1366.2
1090.5
1233.8
406.3
1169.0
1514.5
2173.8
328.8
445.0
1172.5
403.7
1230.9
2651.1
1821.8
1176.9
579.9
76.2
711.2
2010.6
220.4
497.8
2611.5
1168.5
618.4
101.6
1286.1
537.2
1031.1
1239.8
1426.2
2523.0
1256.5
2766.0
1167.7
2497.5
2707.5
1505.3
219.7
1734.3
3035.1
2450.3
1994.3
758.9
1300.5
2908.7
627.4
1533.0
2543.4
2218.3
456.3
156.1
2725.1
188.8
1999.3
1931.2
4023.2
447.7
978.0
1392.0
500.6
1371.2
919.4
1673.2
435.3
1426.7
1343.6
1531.5
2051.1
256.1
349.6
740.7
250.4
1814.5
518.4
1559.9
1379.6
373.6
482.1
326.2
1058.2
938.1
1196.8
1714.9
657.0
3700.5
1340.0
935.2
736.0
1220.9
423.5
921.5
1338.4
328.7
1558.3
1445.5
2.1
2760.4
2146.5
852.0
1425.7
2632.0
1086.5
276.0
3032.3
3350.0
529.0
677.6
1762.4
1424.2
941.3
1021.5
1063.0
2343.9
1317.3
1111.6
1158.6
2405.1
1492.8
1955.2
806.7
3431.3
1336.3
1559.5
1993.7
2160.9
1631.3
383.9
1444.4
1692.6
574.5
1519.1
1882.5
2612.5
703.9
2097.5
1049.8
771.1
1672.2
2625.5
2494.5
1592.7
1956.7
2944.7
2211.8
1741.6
747.1
2548.0
539.1
1099.0
2272.6
2606.5
2109.6
1193.4
725.4
3814.9
235.7
726.1
624.1
2057.8
1858.2
1477.1
2220.3
443.5
2185.1
2936.4
294.6
2218.7
1831.9
1637.2
1391.1
1199.0
2651.0
1464.7
808.3
2050.0
2961.7
538.8
443.5
1159.5
1415.7
2533.8
1872.4
2007.3
2263.4
2477.6
453.5
892.8
842.1
507.4
268.1
249.9
1046.1
2268.3
1024.2
2682.6
1403.4
711.0
1188.1
970.0
3054.5
911.9
1591.4
965.5
1917.8
2655.3
2051.4
2138.8
176.4
973.2
904.4
738.1
1874.8
1815.3
835.8
1612.2
1794.1
1516.6
1187.2
625.5
807.1
1591.7
1933.2
1835.0
1502.8
3180.6
2173.7
1328.6
1063.4
2735.1
1222.3
1746.3
1200.2
446.9
3029.8
1572.1
1159.8
871.4
1328.4
3408.4
2192.6
1544.0
869.0
2118.7
570.8
2280.4
892.9
2666.0
2458.4
865.7
972.7
1254.1
2663.2
2168.6
846.7
552.0
2480.2
1768.8
438.6
1307.0
1016.3
811.9
2320.9
1844.0
2568.5
3190.2
3324.6
769.5
364.1
1243.5
369.0
1086.6
1625.2
834.9
705.4
1950.7
2321.0
857.0
1328.4
824.2
1089.4
1050.4
344.5
2408.5
1178.5
1353.2
1716.9
1175.8
848.8
3067.6
2507.0
1317.9
2176.7
3151.9
2933.8
1466.8
17.7
2499.9
440.6
322.2
1457.8
87.6
927.5
2058.9
1682.4
913.0
248.9
1040.4
333.2
992.0
1739.4
1030.5
1094.3
192.9
294.5
180.9
2576.2
644.0
1143.0
1333.4
2025.0
957.0
1430.3
39.0
2923.4
398.8
1755.7
1529.6
781.8
2180.3
1765.7
1608.3
229.2
2124.1
1936.5
1457.0
1524.0
48.9
1722.1
2245.1
2958.0
3300.9
920.5
1162.8
1903.3
1448.9
3148.8
2570.2
196.5
3553.5
1914.9
812.8
479.2
1388.7
1982.3
544.3
2768.3
3581.0
2222.2
1379.6
1635.9
1312.2
2197.2
1110.8
167.6
1218.9
1262.3
737.9
1896.1
2760.9
1218.4
358.5
953.3
2720.7
227.5
1157.9
2272.8
864.7
1328.1
2307.4
1982.8
982.1
534.2
2018.6
2510.7
3757.7
1129.4
925.5
1250.5
648.8
828.5
2086.5
1485.6
1505.1
2383.4
725.3
1690.8
2253.8
2559.3
2431.2
2007.0
705.5
2295.7
236.3
1876.4
484.4
85.4
1139.4
350.3
1045.6
1595.0
1881.4
1898.3
1381.5
2143.1
2327.5
2140.8
1811.2
292.6
1362.2
2280.7
1262.6
241.4
1048.3
2762.5
301.5
2807.3
2523.0
2056.3
2325.5
2444.8
1598.1
1388.7
1632.5
1596.3
2433.8
813.6
89.6
743.5
1900.1
1385.5
1962.8
2917.9
453.0
405.8
2030.4
1987.6
652.7
1869.1
385.5
1453.5
1268.8
2260.7
2249.1
1345.1
1457.7
680.0
3303.1
731.4
2649.3
1682.7
2807.6
101.8
2305.2
2843.8
1622.5
2309.5
2611.0
2124.0
235.6
2629.3
1579.6
794.3
2890.9
1877.3
839.0
1438.9
2297.0
2023.0
1787.2
2680.5
408.3
2433.4
753.1
287.9
2658.0
2178.1
1444.2
2321.9
1772.5
