1843.4
1661.9
1964.3
778.3
701.9
697.8
459.4
1341.2
1229.3
1284.3
1725.1
1861.4
2549.2
1922.8
2071.2
2363.6
2710.9
1856.7
854.6
3378.2
317.7
2919.0
862.4
746.1
886.5
1300.8
1905.3
967.2
1042.3
1393.0
3536.0
2401.6
1525.4
2021.2
527.0
426.2
768.1
2986.6
2236.9
3099.2
499.5
2220.0
1411.3
1169.7
923.2
651.3
1505.1
1956.5
1794.1
2285.0
309.2
659.2
141.0
1869.0
130.9
678.9
1003.6
284.1
2588.3
1181.9
2627.3
1345.3
1119.4
2144.7
1228.4
23.7
1235.6
342.5
1413.9
3006.4
1504.9
1536.5
797.1
386.1
1012.8
1513.8
444.3
2458.8
938.4
3125.9
1010.6
389.4
997.2
1686.8
1102.6
793.2
473.8
1071.6
2169.6
1339.1
652.6
1316.8
1188.5
2412.7
1866.3
1645.2
434.4
872.1
1177.8
1396.7
892.4
447.8
2409.7
466.2
1333.7
3810.8
1501.8
623.2
3351.9
846.4
1672.6
1586.3
1391.4
2622.5
2328.3
1112.7
1427.1
834.7
326.9
583.8
2459.9
1224.7
1148.1
2513.5
2356.6
2059.2
944.5
2712.8
1163.8
3169.0
2398.1
881.3
598.0
2757.8
1367.3
1658.7
386.4
1744.2
2153.9
2957.8
1747.6
290.1
2202.0
1070.3
1436.5
329.5
1558.9
955.7
699.6
2401.1
638.5
2491.5
2632.1
2676.2
989.2
561.2
1012.3
1054.5
593.6
1619.5
1838.3
1899.8
2753.8
2324.0
862.5
1801.5
797.0
759.8
2891.9
1201.9
1057.0
1682.4
185.3
1135.6
1478.4
2861.3
3276.5
2127.1
882.4
2637.1
463.3
1612.0
1067.5
2059.0
1988.0
672.9
297.1
1850.3
1433.7
1580.4
2958.1
479.1
1177.0
48.6
926.9
1196.7
201.4
1178.4
970.3
2694.5
2057.2
1216.2
1008.6
1673.1
390.8
113.2
127.5
436.6
1013.7
2147.7
2107.0
1052.5
1610.4
133.3
272.0
1068.1
3214.3
1095.7
617.7
461.0
1553.4
1727.9
2685.6
913.1
1918.4
1869.9
1869.5
31.6
3046.7
1377.5
1354.5
310.7
1659.2
342.7
1765.7
1134.1
619.9
882.2
2552.3
1629.1
1394.7
30.3
151.2
2386.6
774.7
1094.9
2196.9
513.8
3247.6
2274.3
2651.0
618.3
919.1
1244.8
1525.2
998.1
2431.6
1817.2
1466.4
1154.0
2428.2
1210.5
801.5
1001.9
1787.1
29.7
578.4
234.6
3226.2
1116.8
488.3
2572.9
403.4
310.2
2317.6
587.3
874.7
143.2
1123.3
1263.9
1832.4
1862.8
1037.9
1685.3
2681.8
925.6
1975.0
1374.6
1632.8
2240.5
626.1
476.0
2641.7
588.4
596.0
974.0
2064.2
1989.3
207.6
355.4
76.2
1761.4
1535.0
1896.4
1186.8
1380.6
782.4
2007.0
1055.5
793.1
971.2
2784.2
1351.2
2422.2
1455.6
3101.2
3152.3
770.8
2114.8
1301.5
1081.5
300.5
164.8
1541.9
2713.1
1042.7
2488.9
2048.6
2195.7
303.1
1584.2
971.5
1100.8
236.2
566.1
2485.5
2952.6
1610.5
1768.1
2331.1
192.4
634.2
1085.6
1803.3
828.1
1786.2
2157.0
1396.8
107.8
1833.1
423.7
1280.9
2383.1
821.2
2058.0
2196.2
3028.1
2198.6
1658.4
338.3
193.8
407.6
1148.8
791.8
48.8
2714.5
1862.3
1615.8
23.5
275.6
2240.5
2924.7
2900.1
713.7
2400.1
393.6
835.0
336.5
758.9
1428.7
2702.2
1187.0
728.7
1622.6
2078.5
763.7
1313.6
914.7
348.5
1053.0
1409.6
127.8
2648.7
422.0
2473.8
1622.3
2103.5
1795.5
1172.3
1635.7
1939.8
377.0
157.8
2618.1
1351.7
1306.2
2515.2
2945.9
2553.2
716.1
254.3
1262.6
2294.5
884.4
980.2
931.9
1042.7
1626.4
1276.8
284.7
982.3
2204.5
3561.4
630.6
2238.9
1956.3
159.1
1628.7
2693.7
751.4
843.7
708.1
3010.9
878.2
1163.9
1912.5
819.6
1870.9
2481.4
2053.1
2419.9
2282.6
1503.2
1434.1
3262.2
1247.8
430.3
2641.3
190.4
3188.9
250.8
1422.4
1100.2
989.7
1275.6
670.8
821.8
2074.9
139.0
460.2
2621.1
3155.6
3468.9
2135.8
2284.0
1902.9
1631.4
1787.5
469.3
938.9
1140.6
516.0
996.4
326.4
921.3
394.8
821.3
2617.9
4133.5
2012.4
2424.7
1026.5
597.6
2094.0
763.5
2188.5
1341.6
979.1
1991.4
415.2
1881.3
1088.0
1780.5
1612.1
2137.6
3125.5
23.2
1401.1
608.4
1481.1
1554.5
786.1
2852.0
500.5
1952.5
2506.0
550.2
4194.2
1705.1
3939.2
1376.1
1596.6
1572.4
941.3
2174.3
230.7
1262.6
2623.6
800.8
1849.1
1432.6
126.6
243.8
1076.7
2409.0
224.9
1949.3
1089.9
2033.6
1580.4
1984.1
2810.4
401.7
1735.4
519.3
1249.3
1653.9
501.6
1676.7
1450.1
1311.9
1378.6
1734.1
1448.2
297.3
1121.1
1985.7
2844.4
1155.6
1229.5
2834.9
2068.3
2017.7
977.8
506.7
169.6
157.1
1722.5
282.5
1484.0
1970.8
1487.9
1090.1
369.5
2609.2
2945.6
2094.6
824.2
808.5
2127.9
962.7
937.3
1772.2
938.2
407.7
887.0
695.3
1665.9
1384.5
2163.1
2405.6
842.9
1767.2
1444.8
2374.9
626.4
724.8
918.7
1406.8
1632.9
1625.1
796.2
499.9
511.0
722.7
303.1
991.5
912.2
444.0
888.7
2578.5
2929.9
669.2
2209.8
1422.6
982.7
1137.6
2123.0
1816.6
3003.0
2591.2
3691.2
2812.6
102.2
725.1
825.3
2827.3
808.5
1201.0
1739.2
1269.6
629.8
820.0
292.2
834.5
793.8
1246.3
890.9
1864.6
588.4
2083.9
1252.7
2924.0
1357.4
2173.9
488.8
855.4
1582.0
2381.3
3147.6
581.7
921.4
2586.6
209.4
145.5
1185.8
3086.9
1651.8
1596.8
1851.3
1592.4
1753.3
2214.3
2431.2
1532.6
1412.7
3782.3
2935.8
939.8
2098.0
184.3
3230.1
2583.7
2688.4
919.1
3086.8
1048.2
482.0
961.6
227.2
1464.4
1579.0
342.2
2145.9
768.9
243.4
1398.2
895.0
2066.4
3139.8
1351.3
1234.0
1184.8
1667.0
2051.1
1073.0
862.5
1862.9
2700.5
3035.4
937.7
2168.2
2966.4
1132.2
1146.7
1106.4
347.6
1627.8
839.8
1996.9
1301.6
109.3
1451.4
1697.4
1781.1
1381.1
1342.7
1956.3
1309.6
1074.6
2838.3
1196.8
132.4
551.8
1618.2
1124.2
2872.9
1391.8
745.7
308.1
1166.0
1433.7
1812.6
1707.8
701.9
998.4
3815.9
2452.4
268.9
3991.2
2533.0
2137.7
1099.3
866.5
3040.9
2087.5
1069.3
953.7
868.6
2501.0
306.8
2976.4
248.4
468.0
401.5
2350.2
724.9
3629.9
738.3
379.4
2936.6
350.0
311.3
402.2
455.6
1242.8
2478.6
751.8
689.8
2052.3
266.6
620.2
2140.4
2177.9
1068.5
1063.5
1147.7
1617.2
2149.8
900.1
407.3
2684.6
1311.1
2020.3
169.9
3225.7
3367.1
1504.3
2773.3
1250.1
2501.1
865.7
1219.6
400.4
2316.1
368.9
3052.3
1813.1
2090.5
524.2
1073.8
139.2
2034.1
1775.6
1132.0
2225.8
1182.3
1278.0
83.9
2111.2
17.7
1517.9
2496.3
70.9
1767.9
1973.8
3865.9
32.1
2496.1
1974.7
925.2
1328.6
2222.4
894.3
2003.0
1267.4
880.2
553.4
1622.0
1691.2
1685.0
767.0
1533.6
3045.3
2471.4
512.5
1466.8
1853.9
2242.4
2919.3
2039.2
1186.6
783.8
333.1
2108.5
1156.4
1270.4
466.4
931.2
2086.0
1277.8
1894.1
1879.4
1067.6
1070.2
1598.6
1201.5
1446.1
1466.1
567.1
2055.6
2622.9
1048.2
480.3
1326.9
225.1
557.9
2720.4
2398.2
1983.7
2161.0
1482.7
1389.1
1438.2
2123.0
2859.4
1391.8
2587.4
1140.7
2675.9
1273.1
1309.8
974.1
1291.7
1037.3
2498.2
2747.6
950.2
182.2
1742.0
391.5
565.5
2272.4
2071.4
498.2
568.5
398.7
2505.5
3680.6
1355.1
2150.3
487.5
1372.8
505.4
1270.1
230.8
672.4
1498.9
2163.7
2066.6
70.2
2342.7
1653.9
1790.8
2733.0
1256.9
396.2
2069.1
3100.5
1910.7
721.7
123.6
941.2
2308.1
3076.8
2098.5
1846.1
1170.5
264.4
2975.7
2857.6
223.1
1083.6
1999.7
1675.5
1104.2
793.8
968.5
1338.4
390.9
658.4
2416.5
1384.8
1571.4
430.7
993.8
2824.3
1066.1
2293.7
1403.0
2328.6
608.2
531.0
497.2
391.4
1621.9
2489.1
2926.1
2082.5
3145.2
2224.4
1242.2
1653.0
1858.8
3139.8
2441.1
1459.3
1337.5
721.6
1402.3
2716.0
1106.8
2377.2
1329.1
1188.9
2396.5
586.0
1606.8
3071.1
781.2
1527.0
3375.1
1417.0
2527.9
911.2
2047.4
2596.8
2408.6
1838.2
2617.8
1299.1
1294.2
327.2
2546.7
1642.7
1710.9
1235.5
1601.2
1747.8
3147.9
721.5
883.7
1152.8
2594.4
681.8
1387.3
3068.4
1249.2
2624.4
2096.5
