610.6
1652.3
1834.9
711.6
1477.1
3604.1
3788.8
685.6
1838.8
792.9
1426.8
1909.8
1405.8
2858.3
1812.7
1904.5
2753.7
186.5
217.9
223.7
945.8
2467.3
1834.3
1107.3
2875.2
1960.8
883.5
294.7
1836.1
1805.1
2825.0
1699.0
1486.4
1048.4
127.9
578.9
1633.0
2112.9
172.1
1019.2
276.0
1863.4
1542.5
3782.7
795.2
1256.3
704.7
3199.2
875.0
1148.3
2319.9
349.6
2314.3
1586.6
755.4
1332.9
77.6
1143.7
1293.5
1649.4
1554.8
1422.1
2158.2
1357.6
888.3
1763.6
2631.1
1154.0
2744.0
1323.7
446.7
2459.9
1433.9
2112.9
968.7
1997.0
2423.5
2214.0
335.4
2043.1
2244.7
1299.7
2317.6
3017.9
909.5
1272.1
761.9
1223.5
1457.2
799.2
703.8
1062.3
1955.3
2054.2
1768.3
1917.7
260.4
2397.2
581.2
1683.4
80.2
2305.1
2885.5
839.6
798.5
769.8
533.3
612.9
983.1
1474.0
1624.4
363.0
2011.5
1979.2
3629.3
1418.3
1769.3
2435.4
691.1
787.2
298.8
112.6
1048.4
327.0
1051.9
2048.9
3549.0
517.5
1026.7
2628.9
846.7
2017.7
589.8
290.6
2438.2
613.2
1588.3
132.1
963.4
2013.2
454.6
526.5
2117.8
1319.2
1168.0
815.1
627.8
2178.7
3378.1
498.4
2204.7
2814.3
3186.4
1518.8
2004.9
955.7
365.7
1488.5
2871.9
2241.1
3883.0
672.7
769.7
1369.1
1022.9
2946.3
2518.5
1086.9
633.5
2648.4
2899.8
1938.9
1725.1
635.0
3450.8
298.8
1182.6
1674.0
275.2
3495.7
2453.1
3407.8
838.0
3192.9
693.4
2294.9
389.9
1874.2
947.6
4165.6
2333.5
2576.3
1708.4
3646.2
247.7
1962.9
400.8
1594.3
167.4
894.5
2081.3
1908.8
3549.9
1628.0
3287.7
1730.2
990.6
2652.4
899.7
2180.3
1539.9
374.9
1853.9
745.8
2082.2
1389.8
1076.2
1962.0
1872.6
333.2
1107.2
939.6
2337.8
1856.1
2787.1
2648.4
1081.1
1865.6
1830.2
2025.9
518.2
1046.9
486.9
954.7
2507.4
1889.8
506.4
3097.8
2981.2
1357.2
1452.9
1057.6
789.3
1146.7
1632.1
826.6
1431.0
1287.4
631.4
3660.0
1013.6
67.9
1899.5
1537.7
638.0
1456.7
379.2
1873.8
277.2
880.2
3185.0
559.1
931.3
422.4
471.5
166.7
2537.9
3249.6
1311.0
2270.9
3999.5
775.7
789.5
970.0
2450.8
2447.6
3601.5
3696.1
1031.2
1540.2
453.6
1884.3
397.4
45.6
2062.4
206.4
2649.1
1809.2
2419.8
925.2
2114.7
2700.1
1659.7
2809.5
2012.2
2282.4
1224.3
2567.9
1691.5
1334.8
2418.2
859.1
583.2
134.4
1894.2
1441.6
1299.5
467.7
2709.6
3147.9
1445.6
2602.2
1373.6
492.6
1627.9
819.6
1624.9
1820.5
1594.5
1532.1
2671.3
1358.6
1836.6
1905.5
1055.7
980.9
927.0
977.0
333.2
1870.1
60.7
955.6
1539.2
245.1
792.9
3095.9
1263.0
1223.6
704.2
1503.8
982.5
531.5
304.8
1579.7
1368.7
1328.6
1361.3
828.9
2543.7
3379.1
443.5
2561.0
1224.0
1194.9
626.6
1297.5
934.3
2090.1
2443.7
1318.3
2445.1
445.0
1799.7
705.2
1467.4
1867.5
3203.5
1672.6
1137.9
1481.7
1473.3
2123.0
335.4
1541.1
1336.4
2840.7
1624.1
2328.2
915.0
3380.3
670.1
854.2
2375.9
3193.1
1858.1
1748.2
98.2
1122.7
1780.9
1663.8
722.7
2583.8
147.6
674.7
1490.3
833.2
1868.8
1205.8
885.0
697.7
710.6
2045.6
2202.9
1170.1
305.1
798.5
2507.4
2639.1
1683.3
1201.7
804.8
2429.3
510.0
146.7
2538.8
721.3
2171.2
2557.6
1907.8
1822.4
912.8
1941.1
3596.3
215.8
1314.4
1991.4
166.3
462.5
1752.7
2409.8
1316.3
854.2
135.8
2861.4
347.2
2182.0
3228.0
3202.1
2887.4
247.6
754.6
2865.0
1058.0
1111.5
533.2
2047.8
631.2
441.9
518.2
1350.2
392.0
2530.0
3145.1
540.4
965.9
2459.9
537.5
1284.3
1310.7
2607.9
1109.3
1669.5
1744.2
1456.3
1628.6
1268.9
2261.6
858.4
475.1
1186.1
1537.0
966.3
1145.5
3493.3
1088.7
1723.5
1434.4
583.0
2080.5
1674.0
2711.9
580.6
1085.2
2176.8
844.9
2272.6
1547.9
2103.0
1059.5
1647.3
2072.7
3364.6
1177.9
817.7
361.4
658.3
875.0
990.6
1487.8
2205.7
1965.6
1783.1
463.4
1357.4
3480.0
2396.1
542.9
3135.5
152.4
101.2
2852.8
734.2
1696.2
1324.9
4091.4
580.1
759.9
2217.5
343.7
183.9
1778.3
2531.3
1508.2
4165.0
1758.6
2027.0
2988.7
2362.5
948.6
1093.9
1488.7
1752.4
354.7
1510.1
2201.6
3139.0
1658.7
1774.3
1163.5
1351.5
2184.5
2745.5
237.8
840.5
1774.3
519.3
1327.3
1572.5
900.8
2377.5
2258.0
2079.6
553.4
782.8
1037.3
1115.0
967.3
535.6
1779.5
1003.0
1123.4
112.5
395.6
1342.3
3192.1
2596.0
2524.1
623.0
1782.8
2612.5
2423.3
849.0
1693.0
943.8
400.3
662.3
1411.8
1216.2
2277.8
671.4
1760.8
1725.3
1289.6
1567.6
1040.5
739.5
1344.2
2522.2
2199.1
969.2
2248.9
2117.6
564.9
1954.3
456.5
1843.5
259.3
2480.6
2256.9
1448.2
1595.4
977.2
156.4
162.0
722.7
1121.8
1555.9
1047.6
436.4
1593.3
566.3
1275.5
3388.2
1079.3
3046.9
1281.4
279.5
1857.8
220.6
1633.3
1440.2
1767.6
1402.4
235.2
69.1
1409.8
2819.4
773.1
793.1
3191.9
369.7
810.8
465.4
2120.8
1249.3
1628.6
1896.7
417.8
405.5
570.4
997.3
1252.5
1902.4
3345.5
313.1
299.9
1322.4
1548.4
1269.8
938.2
711.1
446.4
422.1
1834.9
1715.8
2151.5
588.9
530.7
2132.9
2493.6
3024.3
1059.0
1350.7
1471.5
2725.5
1644.2
2218.7
224.1
906.7
534.1
1558.2
2326.4
1195.1
1616.0
1231.9
2676.4
2758.0
304.8
1981.2
1049.5
1849.3
885.8
3082.4
1818.2
1762.5
809.4
2530.2
1538.1
1105.9
1496.3
2071.7
369.6
174.8
705.6
1752.0
1349.2
874.6
2896.3
1167.4
1565.3
1770.5
204.5
2126.7
337.2
856.1
1375.0
1267.6
2362.5
1989.4
1762.1
1748.2
1226.4
2424.9
1307.7
1558.3
2641.0
4074.3
924.9
998.2
523.5
2409.7
995.3
1035.4
1342.8
2683.4
1808.6
820.6
261.0
1025.0
1092.6
1004.6
295.6
390.1
341.3
2664.4
1466.6
1108.5
555.7
1264.9
516.4
3592.0
1518.2
284.1
1901.1
2116.0
3031.6
470.0
606.4
1271.2
182.9
2074.3
3031.6
561.3
1158.7
3196.8
1648.7
1943.3
2239.8
2066.5
2311.6
510.0
294.7
512.3
1747.8
1634.7
625.7
3515.7
2304.1
3464.8
751.9
2099.2
1988.5
196.6
1840.0
142.5
125.6
1405.8
817.6
1306.7
1057.0
1255.3
2410.3
888.2
287.4
1142.6
1400.4
630.9
523.3
1467.5
2114.6
2190.0
492.5
758.9
2608.5
1653.5
2715.8
1080.7
3050.8
1080.9
2442.6
399.0
11.0
927.5
1817.6
1185.7
1822.0
637.6
2197.2
1263.3
2132.7
2241.8
365.9
2376.2
2222.7
964.7
1219.5
1579.4
102.6
755.9
2615.8
398.7
1901.4
2508.3
3604.0
1909.5
176.9
531.1
296.2
121.1
369.2
1946.6
1437.5
1448.3
692.2
3294.5
2798.2
1417.1
1779.9
2021.4
484.8
845.8
1753.8
2589.0
2183.1
129.6
877.1
1034.4
2994.1
2881.2
659.4
1742.7
1248.0
288.7
468.8
276.1
394.2
413.2
1189.0
2379.9
1160.6
3481.9
1747.6
1515.9
2069.5
680.7
808.8
691.8
1051.2
1999.5
1365.8
2730.3
1139.9
3079.4
686.0
729.1
2915.2
2486.2
1182.3
2700.5
2844.6
1432.1
1057.5
88.4
1019.5
2517.6
1257.4
779.4
1566.5
431.3
1027.7
1965.5
1353.5
702.2
1403.9
805.5
1981.4
2532.5
2359.0
1484.1
2611.7
2390.9
2061.3
1871.1
2472.8
1177.1
2908.9
1027.0
105.2
1878.7
547.0
2506.5
2402.4
1653.9
515.4
2088.9
2097.2
1564.4
628.4
1510.7
2214.5
862.8
806.6
1864.6
3157.9
2408.7
358.7
229.4
1283.3
1495.6
783.1
1653.9
1836.1
2229.8
2153.9
973.8
1281.7
1421.5
1329.4
1795.4
3106.6
139.1
1911.0
459.8
254.0
309.4
1629.1
1040.1
3145.4
175.1
2283.3
441.4
2460.7
1344.4
1792.3
2404.0
1448.5
1567.4
550.4
505.6
174.0
327.0
2023.5
1684.7
3260.2
400.0
3706.1
3278.0
1122.4
1836.5
489.6
155.1
2132.4
1753.8
1180.5
1349.2
715.5
1026.4
1731.7
2031.5
608.3
2290.1
3349.2
1253.2
1484.4
2239.5
653.7
1584.6
2008.8
1210.4
1243.9
389.5
502.6
19.4
2382.0
2116.5
2985.1
141.2
2495.1
303.5
1989.3
