0
0
0
0
1
2
2
3
3
3
6
10
16
19
22
23
28
34
35
37
45
49
52
61
64
65
69
80
86
86
90
95
105
109
112
113
120
133
136
136
152
166
180
181
196
214
231
245
266
287
297
309
330
341
358
368
383
387
393
414
434
448
456
484
494
506
521
534
543
551
561
596
621
626
634
644
655
692
732
743
750
767
807
846
869
876
905
916
926
961
976
1017
1041
1048
1055
1079
1088
1132
1151
1191
1213
1248
1284
1306
1306
1342
1347
1367
1425
1440
1461
1486
1512
1512
1549
1582
1586
1608
1669
1684
1744
1751
1804
1829
1853
1865
1870
1890
1914
1920
1925
1935
1992
2041
2083
2141
2200
2277
2312
2351
2396
2409
2448
2462
2508
2561
2589
2603
2617
2618
2639
2653
2670
2691
2752
2773
2795
2854
2871
2891
2908
2943
3016
3081
3109
3179
3253
3260
3270
3279
3296
3339
3356
3379
3414
3444
3524
3600
3666
3738
3760
3818
3875
3945
4020
4043
4105
4185
4211
4270
4276
4309
4355
4411
4488
4508
4565
4572
4579
4580
4628
4671
4763
4818
4903
