0
0
0
0
1
2
3
5
7
9
11
14
15
19
22
25
27
33
36
38
40
41
45
49
50
55
55
60
69
71
76
80
99
110
110
116
117
125
148
151
175
182
208
223
229
245
256
259
280
285
302
314
332
337
345
369
380
398
403
405
413
447
468
484
494
511
537
550
555
585
601
616
637
659
664
695
715
730
755
757
762
777
787
805
842
860
892
915
939
974
996
998
1031
1062
1079
1085
1104
1108
1149
1186
1198
1213
1230
1237
1237
1285
1300
1321
1354
1397
1430
1445
1456
1496
1537
1543
1587
1587
1629
1679
1731
1745
1797
1813
1816
1822
1854
1897
1947
1949
1950
1957
1961
2014
2041
2078
2146
2193
2219
2287
2325
2333
2379
2381
2387
2411
2464
2531
2557
2584
2641
2692
2760
2832
2884
2896
2961
2966
3020
3098
3108
3166
3246
3293
3325
3332
3377
3384
3444
3489
3539
3558
3595
3606
3643
3671
3699
3777
3813
3840
3918
3960
3998
4018
4104
4188
4235
4313
4364
4429
4464
4525
4576
4604
4669
4701
4719
4803
4843
4917
4966
5005
5064
5115
5158
5210
5214
5264
5289
5368
5426
5490
5548
5599
5622
5664
5671
5676
5766
5819
5873
5888
5894
5962
5985
5991
6086
6139
6248
6258
6339
6342
6420
6487
6511
6590
6617
6668
6685
6759
6774
6892
6960
7037
7106
7208
7286
7363
7467
7570
7642
7679
7734
7814
7843
7923
7981
8026
8128
8165
8208
8295
8426
8454
8469
8474
8597
8639
8719
8836
8865
8910
8935
9038
9069
9196
9292
9336
9448
9495
9601
9656
9768
9805
9860
9989
10037
10122
10194
10317
10362
10431
10460
10586
10701
10825
10871
10974
11037
11115
