11.694992
8.445820
10.284757
9.907228
10.747024
15.937008
6.972222
90.494444
10.936656
12.987203
14.566265
10.647610
10.077934
201.997519
9.541311
10.090485
11.943775
13.423658
10.684595
9.161525
7.526012
10.757215
8.814815
10.774387
11.023425
11.876620
7.800971
8.305455
271.998158
10.871625
13.379968
3.545455
9.947585
10.605911
10.335946
13.450232
499.998999
41.093319
37.653897
8.971888
10.823336
7.473054
10.946502
11.195543
10.988877
8.707071
12.570671
10.592951
10.852661
10.685011
10.976000
10.975488
10.974975
10.974462
10.973948
10.973434
10.972919
10.972403
10.971888
10.971371
10.970854
10.970337
10.969819
10.969300
10.968781
10.968262
10.967742
10.967221
10.966700
10.966179
10.965657
10.965134
10.964611
10.964087
10.963563
10.963038
10.962513
10.961987
10.961460
10.960934
10.960406
10.959878
10.959350
10.958821
10.958291
10.957761
10.957230
10.956699
10.956167
10.955635
10.955102
10.954569
10.954035
10.953500
10.952965
10.952430
10.951894
10.951357
10.950820
10.976512
1.000000
1.000000
1.000000
1.666667
1.666667
2.250000
2.000000
2.000000
