156852
152102
220
57158
21
50116
286
117482
45762
11481
2601
1771
16216
10660
286
117485
76083
2601
8438
456
64828
166656
7773
7140
16219
4495
1
3277
3277
7141
2600
20
117482
142884
84
1541
58
5456
2301
23428
47908
13245
98772
120
56
35992
88564
7773
43685
19601
6548
1771
22101
45763
41667
10
20830
29262
20
95287
23427
85326
6546
56
455
98772
10660
161704
113565
7141
7140
561
106002
47907
9139
1140
37822
27721
22102
1330
129768
134047
64829
56
59643
47908
13245
2600
455
98773
7772
19601
456
26237
1331
54742
16217
95291
121489
2602
67528
14190
10661
18424
6547
35994
29263
2925
4
30860
161703
109740
161704
165
152097
134050
561
82161
59641
50122
166
125584
117485
3656
18425
156850
1
56
62198
4
45763
2025
286
161704
76077
47908
286
1332
57
84
106000
41668
79081
45768
35992
3277
84
54747
120
67528
4960
9880
5457
59641
2302
32513
20
121491
70308
4497
3281
11481
73152
98773
10661
20
7770
22104
560
17299
156855
105996
456
59642
57159
43681
27723
121488
91888
64825
121487
2601
62198
171707
21
4495
4962
147445
102345
67528
561
35
23429
91887
21
1772
23427
7142
681
366
156854
5985
62201
2028
138418
4061
27727
39714
102344
41666
9141
37824
16218
24807
12343
20
62203
26237
134048
161704
67527
102343
109737
2925
4961
29265
816
85323
64832
122
171705
59643
67526
36
13248
455
286
84
969
4060
1772
73152
45766
43684
7141
109738
73152
4061
1331
4
73154
161705
166656
6546
3276
220
70301
2024
30859
171700
970
969
121491
35994
47908
67529
1141
6545
9140
73155
26236
26236
125582
34222
286
17299
7772
14190
816
14190
34221
4497
113567
7771
134050
37821
1141
166653
680
27720
9884
11481
95287
76083
7141
152098
19604
34221
816
680
82163
14192
156855
11
561
20829
4961
816
3276
27720
16219
4960
147443
67527
4
9143
161706
45762
62203
9142
32512
9883
84
19600
54744
98775
9880
129769
10
105998
152098
88561
30859
15180
166651
142883
5984
20825
19601
7771
156852
32513
19601
166
5985
27724
561
3657
972
117486
681
125581
64826
11481
4496
37826
113568
64825
6545
56
91885
113568
4497
9880
22101
113569
4497
134051
221
11481
1
156856
10
109739
56
27723
45762
4
220
2302
8438
1
27726
8436
106000
4496
171702
147442
32512
9141
35991
20
6545
117485
138417
121493
23428
52394
2026
1541
816
21
29262
35
166655
120
98772
76081
88565
681
3655
9143
88564
4963
2301
24807
134051
147442
129769
88564
969
35
147442
24804
47907
117484
16215
9880
91883
4060
1
3655
10
2301
7141
109739
165
156863
109740
134046
223
171705
39711
20
455
117487
70306
2926
20826
3658
138419
20
98771
64826
10
4063
22102
152100
13246
16216
57158
82163
221
17302
35
23429
16216
4497
12342
59642
972
54742
19603
27728
70300
35
138417
39711
109740
1331
5986
142881
18427
105997
39716
32509
5986
20827
88563
30857
4
4496
98773
62197
35
165
102342
18425
23429
138420
19600
156853
113568
221
56
2024
102352
70303
105999
8439
4495
16217
35992
43681
12341
20829
138418
680
13246
10661
70304
34224
125582
26235
47907
129769
7142
120
7770
2302
20827
134049
19601
62198
4
166659
67525
4963
70304
560
13246
456
102341
6547
220
9881
11482
1141
129768
1332
91882
57158
121489
560
121489
165
1141
20
30859
59644
70302
70304
171705
35994
95286
4962
9141
5457
20826
8436
7141
24805
161702
62199
11484
20828
91883
3654
23430
45768
20
64825
6546
32513
23427
70303
134046
54741
7142
134049
365
84
456
156851
7144
117481
2025
220
13249
17301
17299
34223
156852
121487
117483
73152
82163
971
171705
76079
7770
3655
129769
13244
22101
91884
120
120
455
10
7772
17302
47908
8438
171706
95286
1141
43681
8436
5458
14193
13247
26238
1330
12342
1
14193
3276
54742
10
4960
12343
27721
117486
287
57156
4
7143
12342
82160
113569
3276
117484
113566
32511
105997
4496
27724
23427
15182
4960
2926
32511
113567
34222
156851
105997
121492
82162
20826
47906
3655
39712
57156
17298
54740
67526
156850
43683
17297
64828
1330
165
88561
23429
85323
91892
79081
67530
455
24805
5985
113565
84
15184
147443
121491
26236
12342
4496
76078
1
4960
8437
681
8438
171703
10660
166653
37823
9142
12345
43681
156851
117483
39712
121487
125585
59644
166655
2025
113567
4061
19601
14193
129773
2301
12341
2301
21
156853
79083
161707
152099
9882
10661
105996
171707
39714
3277
79080
1330
4960
30861
64826
4062
45761
15181
37820
4061
29260
5458
117484
14192
39714
3655
7142
29264
23429
138420
27723
1772
64827
8437
456
134045
166653
3655
56
2304
57158
18426
4496
1772
7770
121491
88563
2301
120
18425
30859
95287
29263
680
26239
561
17296
969
39713
43682
5458
125584
23427
138419
4061
79079
82163
45762
166651
15180
2024
39714
95287
35992
19602
16215
152102
39715
27723
1
23430
125581
47910
138422
134046
29263
220
1143
18426
2925
14191
7142
56
70303
5456
125587
39713
2025
560
12342
73153
969
22104
156851
156853
117485
10
59644
3277
9881
22100
27722
9883
35
1772
165
45763
4497
26236
560
1330
8438
15180
7140
23431
14192
1541
67529
3655
52396
95287
22101
41670
3654
7774
62203
5456
1
1540
57157
73151
30857
9882
134048
1542
91883
161703
16215
9139
142886
13246
41665
35993
24805
16215
64827
121491
79081
73151
88561
1140
18427
34225
67527
3655
70302
10661
24807
3276
70302
41667
105997
14191
67527
147442
970
79088
1541
102344
50119
59641
102341
113568
2303
113570
105999
109741
47905
142886
76084
32512
7771
16217
20
10
18427
85324
2300
7770
117482
109741
166655
4963
20827
9143
34224
113568
125583
34223
364
50118
3278
121489
113567
4062
970
816
29263
20825
6545
3656
4
91883
95288
43683
8437
161703
134046
54743
54744
12343
39714
45761
138419
30856
9883
171707
3656
138421
1330
52399
2925
1330
9881
1541
3277
29261
76076
1
85320
134047
4960
6546
26236
27723
817
39712
11485
76081
11483
52395
9885
15182
2601
12343
52395
105998
6550
161705
3276
9880
125583
32511
166654
34225
39713
3276
4
1545
70302
456
9139
30856
560
7142
364
969
8437
88561
816
9140
221
105999
817
113565
156854
109740
52398
13246
19601
134054
70306
39715
1
1330
1542
16215
50116
220
76079
969
64825
20829
26237
43680
3277
152100
35
62197
5456
681
3654
7140
26237
19600
47907
364
84
156854
4062
6546
7143
8438
7773
16217
29263
152098
6545
41664
57158
10664
105999
129769
43680
91883
156856
9144
23426
165
4961
220
7771
91886
106004
64825
682
1
26235
57155
134051
1540
35991
84
15185
64825
45761
2300
43682
8437
138420
26238
7140
109739
50120
5456
22103
5985
129769
84
82163
156854
2025
125584
102341
156853
9882
156852
50118
4497
16222
134048
286
26237
19604
1541
4060
35
680
30857
16219
35
134049
166657
27721
4
166654
23430
91884
4495
76078
10
79081
54743
9141
220
11483
1772
166652
156850
95288
30859
138423
4961
1330
161701
4
3654
129773
2026
35992
20831
8437
4495
67527
7141
2602
22102
79079
79083
15182
82160
43682
970
52399
23433
4496
364
14191
166657
9140
165
20827
129772
88563
16217
5984
20829
37820
62201
8437
562
7140
4497
13245
4065
171702
43683
9140
84
34221
4496
364
79084
4060
134047
85326
2300
12341
166654
161701
161703
817
105996
35
10664
82165
98772
117486
4495
70303
1143
82161
50118
95287
20826
10
4
32511
24805
32510
129768
120
24805
152100
2024
73153
36
82163
165
129770
45762
79080
34223
120
20
35
39715
3657
70302
156849
59641
1140
98776
120
95287
73154
4060
1772
1
1140
34225
26237
106002
15183
2601
1331
57155
4961
134050
27720
1142
166652
11484
32511
67533
45763
1330
156849
455
125582
9139
129768
109740
85
45762
20830
1140
561
4495
109738
365
50118
16215
147446
152100
455
17299
3276
9883
3277
286
1330
5985
56
161703
47908
56
171706
121491
95288
6546
286
9882
15184
76078
817
1
9140
134051
1542
117482
364
82161
47908
70306
171709
4961
7140
2601
85324
13248
4963
26237
7141
4060
106004
27724
220
24806
34222
12343
166654
2603
76080
142884
82163
47906
10662
15183
161704
62198
681
816
82162
14193
17297
17297
3655
6547
681
52395
4060
20
5987
56
20825
109740
5458
41666
62198
680
1772
120
67528
59641
1330
7140
64828
161702
41667
52395
1543
16219
14191
54741
91883
129768
221
4
85321
2602
13246
171708
1771
62197
9882
7140
9139
88565
22102
1542
4963
88566
3655
816
20
102342
84
3656
24806
816
5986
24804
16217
98772
37820
62199
45763
117485
13247
73157
20
22101
35
30860
105997
57160
1542
54745
4064
4
29265
37820
364
4496
117485
15180
171703
32511
43682
166
64829
47907
88565
4
7142
24805
2601
109741
59641
56
3277
45765
67527
67528
73152
34225
3276
7141
2301
29261
22103
7143
7140
2929
18428
88562
561
54741
54743
30859
2927
29263
102344
1140
1
70303
22101
2024
47921
109740
817
34221
88563
2926
29263
35992
54743
26236
220
970
9140
1541
2300
129772
3655
88562
95291
134046
4961
43681
52398
91882
1140
3656
62199
819
6546
2024
1332
13248
7771
816
84
54743
2925
3656
680
152097
54743
50117
84
10
125583
1330
166
47907
59643
23427
76083
91884
106005
152104
30857
14195
12341
117485
98771
29262
1
76079
102346
50123
125584
30856
4
34224
10
364
7144
27722
286
35991
681
5984
19602
73153
62199
129770
1331
91885
62200
4060
166655
365
2602
1541
29260
166660
138421
364
113566
56
29263
9139
18425
35990
64827
10664
152099
113569
129769
560
105999
2925
98770
120
56
54742
138419
121
121
18426
82164
4497
102346
138420
26237
9881
1
286
34226
15181
113566
43683
14191
286
3654
6546
102347
1771
9880
82161
10
29266
91882
166651
7141
82165
52397
5456
13245
125586
152100
27723
117483
117483
62198
43681
10660
16218
4962
121491
19601
125586
57156
79085
62197
56
560
125585
91883
152101
10660
22102
35994
11480
84
15183
171705
156854
109740
9880
6548
129769
125581
4495
7142
220
161704
121488
32510
5459
109740
10
1140
5458
129770
20826
121488
4
52398
560
11483
5457
121488
52396
70304
64827
88562
156853
84
4061
138417
50119
129770
35993
7771
24807
147442
82163
156849
816
4965
1771
4962
1141
43686
5985
15181
102344
18426
4960
24806
161705
24808
171703
39711
54741
70301
286
220
85327
171704
39715
57157
52400
20
88561
156851
117483
59642
91885
147443
4061
85325
5984
6545
221
37825
1330
972
165
47910
30857
35995
2025
18426
120
171703
9141
82162
7773
138418
4495
67527
45765
12344
156851
13244
62202
91885
561
20
2301
6545
4060
455
88567
3655
34221
35991
54742
220
109739
4064
142888
47906
19601
47906
105999
365
82163
105999
59643
461
113570
1540
129768
14192
10660
166652
125584
117481
9882
1330
91882
7770
9139
166
109740
30858
85
54742
54743
70303
10
47907
98772
19601
9881
286
3656
26239
79084
14191
134049
54742
1540
56
95287
54740
364
12341
18427
2926
220
76081
26237
43683
35991
171702
10664
969
84
4062
91886
365
109740
1772
20
2926
39713
6546
59644
52397
16215
5456
3279
365
7770
70301
30856
11482
147445
45761
142886
4961
9880
680
30857
8437
16217
43682
2024
121
156853
7773
76081
10
2926
54742
19605
3655
16215
1771
286
161702
1
5984
113568
16215
57157
129768
10660
35995
147444
54745
6546
47909
1
22103
19601
39713
109738
562
39714
34223
34223
7772
142888
4061
5458
91886
18427
2024
57155
13247
2600
29265
14192
98777
3277
113564
16216
365
134049
43684
455
166
35
561
52399
26236
681
457
682
64826
95288
129769
161705
50119
95286
39712
18425
85322
220
5988
98773
6547
455
134049
35
17303
113567
37824
70304
121487
35992
161705
52397
102341
79081
1541
59644
10
29266
969
27720
129768
2601
1
15181
95290
364
52398
47909
35
34221
5458
32515
59646
129777
220
121489
19603
11
57158
147445
2024
171702
171705
11480
57157
7774
1
1331
3655
20
19600
142882
39715
54744
45765
17299
105998
105998
2302
29262
1140
43682
95288
3276
14193
970
4961
2602
24806
95286
286
364
18426
102342
166
2301
32509
969
117482
17297
10663
76077
62198
1771
17298
2600
41667
8439
9883
10662
125582
560
16216
47906
364
24805
16217
35
4496
3278
29265
2927
4961
10661
30858
138417
15183
27722
16216
8436
13247
57158
34221
18428
969
18424
2301
34220
19605
166653
35
4495
1330
19602
70300
16219
2602
134050
120
2302
56
2025
52402
7771
85324
20828
560
161709
14190
134050
22102
98775
85321
10661
73153
37822
120
57158
22104
4060
9139
43683
29263
4
2600
35993
138419
5991
2300
13244
59642
152100
125585
365
5986
70304
50121
152098
29263
970
2925
91888
4963
39713
76076
4963
562
161705
52395
16216
82164
62198
7140
2600
681
64825
20827
20
91886
147443
35992
109739
8436
129766
156855
456
161704
24807
32511
10
39717
20
1541
4
161705
45764
109740
67529
973
13244
4060
142882
2926
5985
62198
113568
70307
109739
1
147444
52395
88562
58
117483
286
286
129769
109742
147443
560
18427
166655
52395
680
2024
816
10662
91883
67525
2301
138418
364
161706
56
1
1143
64825
2600
455
14191
24805
16218
88566
82166
24807
1772
129771
11483
59641
23430
682
37823
59643
45763
43682
34220
125583
18429
161704
27723
2601
1330
3276
35
82166
41669
73156
1772
16217
37820
47909
70303
1331
64824
7141
120
67530
4061
1330
6546
147445
166658
138418
22102
102343
4060
560
1140
13246
6546
23426
95288
10
34221
287
364
27722
7140
85322
3654
34220
117488
121
1140
1141
26241
29262
147441
134050
12344
91884
365
59641
2925
41667
3277
32512
98775
113566
39715
30857
85324
59642
166653
8437
34223
43685
20829
26235
2926
973
221
15182
14192
62199
43681
2603
5456
54742
152098
147443
364
816
23428
85326
76078
7141
20827
79083
365
287
98773
98773
109740
125584
26237
2927
62199
10662
171704
82164
109742
3282
4961
152104
4961
2925
3655
2302
82163
4962
54741
95288
816
2600
26235
156851
5986
171705
366
121487
560
23427
5985
88563
166653
85
365
6547
8440
1
32512
41667
20
165
138419
98771
1
364
5458
27722
109740
161701
1141
47906
95286
2024
20826
5457
79085
73150
969
117483
134046
76080
125582
56
32510
36
6549
4060
17297
6546
120
10
59648
560
138418
35
681
9139
1
16215
680
220
2600
57156
2025
26237
117482
113575
4
9140
82163
13245
134049
88562
156852
18427
76082
5986
13245
4495
70303
156851
26236
166
7771
85322
2925
1
85
30857
7141
7770
11480
109738
147445
156851
57
138423
9141
15180
39713
22100
147443
76082
364
41666
161703
64825
15181
125585
1772
166657
20826
20825
4495
73153
20826
20826
2925
121486
5987
59643
35991
27722
365
3654
30856
4
76079
120
7772
1140
76077
35991
19602
120
47909
76082
50117
120
109740
9139
7140
85323
20828
171706
134048
16216
364
26239
171705
970
56
70301
4061
120
4
82161
23433
18427
1541
52397
82166
455
34223
47906
680
85
102342
95290
4961
45766
1772
9882
1
19601
7770
13245
85324
2926
680
18426
3277
134046
7141
67528
561
3657
20826
138421
20
91884
50116
14191
4060
5986
156852
102343
23429
30857
970
95286
9139
129769
56
3276
105999
455
84
4960
5457
147443
47906
10
220
102340
35
18428
73152
85325
4962
67526
109745
969
152102
57157
32511
52397
18427
969
16219
166653
287
73152
138417
11483
45765
39712
455
456
91886
67528
2025
2600
20
220
120
365
18426
7144
37821
1542
15181
35992
88562
20
70304
29263
680
1772
32509
7141
134046
7770
24807
45763
76077
50116
120
152100
82171
121490
43681
2925
41664
120
29267
165
138418
85323
76079
70303
24805
120
54746
117483
6545
969
16218
2300
165
1771
54744
2300
62196
3276
1772
9141
1772
14191
20827
4495
166
3654
79085
816
85322
121489
16216
19601
4
35
76079
45763
171703
36
39714
82163
39714
29263
4
817
1772
1540
2926
220
106000
10660
32514
23426
10663
85
24807
36
20830
14191
13244
56
171702
34223
7140
102343
39713
681
59642
20
161705
109738
56
220
88561
1141
15186
26239
171706
117482
365
142891
2301
45765
56
220
286
18426
91884
56
35
3277
70303
4963
37822
79085
8436
4962
70303
8437
22102
27722
21
129772
4
12341
15183
23429
102341
82164
681
16215
9883
37821
12341
152098
817
12343
27723
45762
220
2300
23428
43681
9881
45763
1
6547
17297
84
105998
10
24806
1771
10
7141
5985
57162
109742
56
121489
67528
7772
3655
16222
9880
1540
9139
121488
98772
456
1
171706
79083
681
84
7772
17297
45764
91890
2024
458
20
98773
3654
43680
41665
26236
117488
364
20
50117
26236
2025
1333
50118
9139
52395
5458
165
54743
4063
17299
3276
121488
147446
22105
50119
79086
70303
57158
2602
2601
98772
969
6545
287
560
1542
1333
1771
365
165
2027
2600
20
16216
11483
88563
70304
17298
88565
54746
4495
23429
2300
67531
817
57158
7140
6546
24805
79082
10661
20827
1
121490
54744
12342
98774
70302
32510
221
129768
39713
67527
85325
364
14195
1
52397
817
1
7773
1331
1331
67528
22103
5985
4962
561
4961
171703
1541
36
171704
37823
142883
364
39714
56
85323
5984
1330
286
121
121489
364
120
70304
35994
35992
13244
138415
117481
156852
4
165
969
152100
84
20
2927
10661
56
70307
970
45760
455
26239
220
560
22100
2025
220
16218
3654
56
156850
3276
4962
102342
35993
67527
1771
10660
88565
7142
9140
2024
76079
10661
4960
134050
39714
18427
2024
54740
221
1141
120
76080
3276
120
3276
84
13249
120
2926
88570
7772
73154
20
5456
17298
7142
54749
147445
3654
14195
20
85323
79085
1774
4495
9882
20827
8437
27726
121488
10
82163
19602
125584
117483
7144
26238
35994
2300
7141
19602
7772
84
3277
22101
125587
41668
1140
41668
4
14193
2300
102344
35
43683
7141
98773
970
113574
18426
102347
98772
17298
56
1330
26237
16218
10
3654
34220
23427
121486
290
54744
147442
19606
4
156855
18429
21
13246
455
70302
113569
366
3276
22102
12343
152105
37821
88562
37820
2602
20827
121
54747
47907
22101
221
95292
34220
34221
85322
43683
1771
70303
22102
970
109740
220
105999
20
22102
121490
970
129768
121487
102345
969
26237
23431
82162
24805
29263
1330
816
286
35993
142880
50119
106003
85323
4497
59641
129770
82163
18426
85325
3276
50117
20825
84
2300
120
1
1772
50118
12341
171706
11484
102344
102344
4061
57
5457
816
29260
67528
121
8438
76079
15181
105996
54745
16216
35990
70301
125585
23431
8437
142883
125583
1771
10
156851
50123
1771
2303
105999
14192
10
138421
123
47907
50116
5987
30859
15181
32512
62205
3276
4495
11
34222
560
32512
10
2302
39714
6546
29264
82165
9880
11480
142892
3654
286
12342
562
43682
95290
62198
17298
142884
105998
73152
50120
1
34221
15183
9883
59644
10660
102342
12341
134044
7770
85325
147446
3656
2601
120
2925
35
12345
2926
95289
1541
56
54741
35995
82163
455
105997
52394
2926
10662
102342
125582
1773
14191
20829
4496
147444
109742
54742
152101
7773
1540
18425
13250
88564
4
142882
109742
8437
45762
57
152101
221
20
37822
57158
117480
19600
17297
2600
43682
365
4060
5
121489
121487
166652
57157
129773
20
23429
39715
76079
16218
109740
52399
41667
2601
2925
79079
34220
15183
365
816
88562
121490
7775
2927
10
166659
2024
10
10662
29262
3655
166654
7140
102343
64825
142883
18424
2025
15183
35
1332
12344
2025
16218
23427
70303
4499
142888
117484
18424
142881
1
161703
82162
560
59642
5985
2602
20827
24807
10663
1330
64825
20
561
41668
95286
19602
73153
64829
76077
84
1330
43682
1777
4496
3277
91886
30859
970
24808
1771
88562
4
84
91888
2926
287
79081
7771
161707
47909
39713
76082
20
817
971
85323
91883
120
8436
47907
34222
13245
142885
3655
98773
85321
972
91885
113571
2926
134049
5986
102346
4
10
24806
37824
161705
125585
152099
166652
7142
138417
4062
3277
88562
4962
680
1772
138416
82162
95289
98771
82165
47909
970
138419
2303
64825
1771
1541
35996
4061
10665
5984
45761
73151
67530
39715
24806
5458
15183
680
138421
681
121489
67526
16217
14193
2600
117482
79082
134046
47906
681
13245
84
10
82164
85323
366
18424
156852
138419
12343
152099
147441
15182
165
30858
10662
47908
4498
19602
147442
20
364
3276
34227
5456
2601
10660
70303
4961
52398
20825
121490
11483
17297
4960
22103
19602
455
1771
59641
1
138417
35991
161701
2926
62198
5456
73155
8439
30857
2925
23428
9882
9883
817
121
5988
4060
2024
24806
105999
221
4496
4962
109745
35993
2925
27723
4
2600
287
29263
681
67529
1772
62199
37821
14193
221
22101
142885
7140
20
22101
88565
3278
98775
50117
2024
156857
2604
1543
18427
2301
32510
4061
121486
26238
79081
4496
76077
2926
32511
156857
43681
364
45762
365
117484
10662
54743
4496
27722
121
5984
5
29263
1542
147444
47906
35997
43684
47908
4962
59644
166652
43680
969
4060
73151
142885
17297
35
105999
102341
147448
1540
3279
134051
8438
4961
102343
2300
9140
57
91886
67526
4963
561
816
30858
16217
54742
156853
129769
1
52399
84
91885
91885
84
22105
4
8437
221
166654
39712
161708
10661
8436
560
680
156850
88564
17297
10
120
171702
455
41667
1771
1772
117485
13247
455
70304
27722
30858
85324
47906
57
57160
3277
11481
2925
29261
134047
79081
57
2025
76077
166
85328
95287
1541
82161
171706
22100
366
2925
171704
817
134047
91881
105998
7141
19602
8436
79080
105999
23428
113566
1
16216
9141
102348
2925
166655
32511
286
35992
1330
560
156852
1140
91882
30858
34226
22106
59641
4497
95286
138418
1
84
561
13245
50123
59642
85
88560
26239
9882
50121
7771
45760
102343
147443
3654
1330
125586
30857
970
98772
166651
5986
9141
57158
5456
36
681
121488
24804
10660
20
7773
35
4
34223
121493
24807
64825
64830
45765
59646
57159
682
73153
62202
142885
54742
32509
67526
4961
23426
113566
50118
34225
152098
156853
102348
220
16217
54746
70306
166653
2927
52395
1331
117482
29262
2301
816
5984
3655
156861
29264
16216
20
6545
4497
29263
16219
134046
39712
4496
79084
52398
35
52395
15184
142885
8438
152098
45761
50117
43682
54742
5986
47906
286
9880
2024
24806
1331
10
6547
16215
76079
35
4960
59643
166651
2301
50120
561
43681
67531
26237
88565
681
11480
57157
34223
109739
142881
1140
50123
2024
19603
22102
29262
156850
6547
5456
3655
816
67527
171706
32511
364
9143
76082
11482
816
85321
88561
11480
30858
1140
117486
41666
67527
4497
57156
34221
4960
7772
138417
2025
147443
681
156852
57164
166655
13246
19601
138419
16218
34224
121
152097
95287
134046
85322
14191
73153
35
4498
22102
70300
156851
7142
117485
82163
1332
969
2927
14191
161702
59641
88565
84
134048
5985
13244
57159
1543
11482
34227
20
62196
43682
27723
88563
41670
6545
286
30856
62201
15181
9141
9140
11481
171706
24805
85322
1772
26235
290
125582
816
117485
64827
20827
32517
50122
121488
1140
82161
1330
20825
50118
121485
109740
125583
73153
19603
39713
113568
22103
13244
152098
45766
64825
82163
2024
35
50119
15182
20826
85322
17297
7772
4060
138420
9881
147444
117481
681
152101
161705
56
109739
43683
286
2300
79081
24805
120
41669
10664
30859
22100
364
37821
222
19601
73152
18426
2301
2304
166657
142884
56
11482
120
88565
70301
17300
220
26236
30856
26238
73155
13248
24807
3657
2929
147446
121491
121491
10661
24804
73152
10660
57157
23
10660
98772
2604
50118
29264
37822
47910
82163
102343
32511
20
680
364
7770
41666
156853
82161
12343
138421
16219
54742
18425
171707
147448
13245
152099
12343
3277
106002
19600
165
16217
7771
102344
9142
43685
4060
54741
3655
32511
76078
11482
365
35993
47907
681
134049
39716
364
95287
7772
3276
95287
129770
37822
4061
3655
2026
10
98771
14190
16217
15182
8437
52396
220
10661
85325
73153
73155
15182
21
121487
171703
6547
98772
4960
456
26236
47910
79081
39715
43683
121493
165
23427
18425
95289
62198
82163
456
11482
117491
84
12342
102344
2300
4060
113566
82162
120
84
62201
22101
62197
82168
220
1141
95285
70301
32511
9142
9141
7774
1140
2927
1140
56
134048
85324
84
18424
98779
125583
1771
121492
13245
152096
817
560
4
29262
56
9880
29263
4961
456
455
5985
62198
88571
2925
73152
364
11482
23429
20
1140
1330
14192
67533
34221
2926
4497
9881
23431
156853
67526
45764
4964
62201
29263
32513
106001
2300
34222
4962
67530
1331
455
287
2925
161706
109740
57158
20
152098
969
9880
32510
165
166657
5984
113567
37823
286
22106
4960
79082
14195
10663
64826
6545
32509
1
17297
19603
18427
85322
35
35
67529
1772
73153
59
287
62196
117481
152104
47906
22102
166
70301
9881
9140
13245
105997
27726
98771
17297
152106
1330
8437
41666
57
816
14191
91882
50119
1141
166655
4
152097
57155
161702
19603
30859
45761
88561
105999
3655
8438
14191
39714
4
156852
70309
35
50117
82165
59643
3278
5984
4062
15180
125583
22102
39711
818
22102
47905
12341
73154
113567
35
91885
41665
5986
5456
24806
121489
22102
5984
41665
5984
2300
171705
4962
156853
47911
8438
45764
10661
84
73153
20
20
134046
455
560
109737
32511
47906
1141
57159
152100
2026
37825
5984
681
125585
12341
11481
76079
79081
37821
165
2925
161702
85328
165
1
98773
88561
221
39712
62198
35
34224
152100
35
29263
15181
681
95286
7143
98772
1541
17298
39721
117484
129768
456
113565
121488
134046
10
2926
73154
1771
156850
1772
16221
30857
41666
102344
109739
34224
30856
2926
1
9882
6545
34222
142882
7141
561
4496
680
73153
59641
10
62198
17298
4060
5456
35
26235
156851
7142
1
7770
220
29262
560
24809
134047
1
73152
35
9881
24808
156852
26238
680
45764
8438
88563
3276
9882
88560
30858
125582
6546
286
12342
79083
45764
1330
1771
2300
4964
62200
5984
121488
152098
32510
1140
5985
15183
23428
15180
57161
88564
98770
142882
62196
84
24804
171703
8438
161704
34223
26239
109741
64825
29263
34221
19601
23430
102345
29261
47911
9880
95287
1140
73155
19601
455
22101
1140
29262
2925
4
106000
39716
4496
680
121492
1771
84
45762
286
3654
9882
4
39715
62198
2925
32511
7770
1772
2600
161703
138421
138421
56
4496
152098
109740
23426
142887
35994
1540
57157
8437
50118
166654
76080
56
1
43684
287
45764
113568
54746
9140
120
364
20827
18425
2601
156852
18424
82165
35
30857
5986
161706
3276
54741
34222
147453
3277
129772
41664
4497
15181
3276
27726
14191
27721
134049
152101
2301
4
147442
59645
52395
64830
113566
29262
20830
109738
43681
34223
4960
41666
45767
88567
4060
70307
106001
9881
113567
70301
10
134049
20826
125584
50119
47905
37824
102340
18426
365
4
39717
969
7771
79084
23428
47909
62201
969
286
365
54741
26237
1540
106000
54742
129773
23428
88562
4061
19600
817
365
5457
5457
7143
4961
102345
2024
16217
9144
17298
113575
50116
19602
2301
88564
29263
109742
7141
45762
34225
681
30857
9140
82164
30861
73153
171701
14192
88561
85321
67527
286
41666
50120
91886
12342
969
142881
3654
41673
56
166652
19604
32512
4960
4961
45760
3277
84
27720
10662
9883
287
85
364
95287
6545
98775
16216
3654
98773
32518
45762
6547
161701
10663
32512
152099
84
82164
2300
3277
1
88561
62196
142884
4061
13244
6549
455
560
32512
4
1140
152102
456
9141
125586
3657
35993
3278
165
1141
70303
18424
138418
9883
1541
161701
24805
11
3659
56
29260
50118
4504
57158
73152
47907
15185
3277
2301
4060
816
50121
73153
125583
47906
120
147444
39711
37826
45761
26238
85324
286
1
4498
32513
4495
27722
562
147446
41664
121487
109742
54743
20826
95285
20827
85
88563
16220
129768
24805
17296
27724
7773
37823
37822
4961
455
2301
15182
6549
67528
98773
102343
12342
6548
15183
7141
67526
161705
165
22102
156856
2025
10661
12342
1
455
16216
2300
5986
1771
113572
35992
88565
18426
14192
1141
22102
561
54741
54742
9884
32511
1330
35992
73155
171704
20827
64826
91882
9141
11483
1772
113565
2601
560
73151
286
14193
1
3277
52395
1
113568
10660
11484
95288
35
85
560
9140
73152
121489
91885
4
39715
105997
10660
76079
35991
91885
2925
34222
19600
27722
12342
57156
16215
10
3276
147445
10661
109740
365
171705
57
817
4
109737
27724
129768
816
138419
23428
21
129772
30861
43681
161704
18431
364
64826
8439
91884
98774
26241
26236
121
364
54746
5460
1330
24807
70304
2024
34222
1140
142882
1543
12344
85326
142882
220
3276
7141
166652
50119
5985
19601
7771
20
20
165
220
47908
134047
98774
45762
98774
35994
19603
76079
70305
62197
82161
1331
3278
10
73152
70304
41665
16217
120
129770
10
4
156851
57156
47908
1140
41665
109738
19601
365
59644
2300
166657
98774
365
88565
142885
161705
4497
62200
2601
82162
32510
125586
23432
79083
117484
8437
85327
120
1541
45761
35
2024
5985
681
27723
6545
161702
22100
6547
220
161702
23427
57161
4961
79081
91888
4960
19600
113565
102346
113565
3655
10661
171702
220
13248
152100
1542
1140
4496
39720
52396
2602
105999
10661
64826
2302
47910
156852
82163
18426
91884
364
109739
129767
29260
29266
67529
1
62201
84
1541
680
67526
3276
34221
23428
166655
152103
7771
82163
680
39715
43683
165
84
84
37822
121486
2025
13244
109738
54745
121488
7775
2302
1773
125593
1142
17297
4
816
4
2925
35
105996
9886
152101
134048
43686
7770
20
88565
32509
1
156854
57160
970
70303
9141
4
220
1541
13245
84
142881
26236
41666
2602
88562
1
102341
2601
1
2602
113566
7140
120
24804
5985
47906
57159
134048
1540
32512
129769
142885
125582
95289
125589
125582
88563
109736
30857
14190
73155
73155
171701
22100
84
12342
98771
4496
3276
156853
20
59643
2024
76078
59642
16216
54742
47907
456
98772
9140
156855
102340
220
165
45764
20
35
287
3277
121487
366
57156
4965
39715
54742
17298
98775
156858
102344
67527
142882
45764
152098
817
76080
4496
138427
3654
64826
120
73151
91885
138419
121489
102343
365
35
13246
165
59642
109741
147444
24807
5985
287
11480
32511
129770
152103
161704
64825
970
13244
19603
84
4961
27722
41667
50116
41667
4497
45762
562
105996
56
57155
43690
138418
125581
1331
2300
64826
39714
32510
45767
24804
88562
18425
5459
26235
18424
56
129770
2600
52399
85324
7773
73155
12342
816
147442
125583
35994
7771
3655
52398
3656
105998
34222
19602
19600
6545
681
9882
39714
91886
2925
35992
73154
4061
59
43681
39712
5985
142883
7142
121489
85
156856
37821
91882
50117
161705
27721
18427
91885
39712
39715
18424
59646
50117
10662
138417
142887
57156
34221
156851
1541
125584
30858
2926
156851
12344
52396
102343
29262
24806
286
1331
47908
134049
3277
1141
22101
7773
12343
56
88567
35
29265
105998
156849
34222
138422
18426
171701
35993
52397
27723
76078
365
1
30857
73153
22102
171704
20825
24806
76082
2025
9139
22103
17300
22100
29262
152104
70303
85326
64829
681
32510
1330
121489
91882
970
147445
7772
27721
24806
13245
3655
43684
56
47908
816
161707
4496
117483
57158
41669
2026
20
41668
2300
84
121488
35
2025
220
98772
30867
286
82161
37821
24805
134046
121489
7143
1771
50118
171704
102346
64825
142884
2927
91884
67537
95287
79081
39712
62197
817
1
4495
2028
52400
56
221
5456
98774
20825
106000
9881
113565
1
10664
50117
4495
455
121488
47907
35993
286
22102
10
14192
45767
5986
1771
1
3654
41670
19600
17298
21
47907
220
969
50118
109742
161706
15181
4
27723
2600
35994
286
76082
30860
13247
13244
120
106000
85321
166655
4497
29260
15184
1771
41668
816
152098
171707
113566
50118
37825
4496
30857
70304
47907
95286
4961
220
1332
30860
681
816
4960
43684
57157
4495
12343
82167
5457
6547
129769
105997
24806
64825
50118
47908
1540
70306
455
1772
142884
18425
70305
50120
23426
37820
73152
41667
816
5991
20827
286
34222
15182
26237
4963
1773
32511
24804
14191
161704
91882
1772
2925
10660
1331
364
37822
9140
5456
84
34226
85328
22103
129778
7776
2301
156853
113567
161703
12343
166653
121489
2926
9883
156852
27721
17297
10
82165
67529
138416
129770
156854
30856
16219
121
1330
79083
59640
7145
20826
817
8437
970
23429
5984
969
85323
52397
6547
16216
4062
9141
41665
23427
26237
220
364
24805
2026
680
2302
95289
62198
54742
24806
98774
52396
456
76079
7775
109738
134049
152100
67527
67529
45761
34221
134049
30859
680
18426
165
27722
54742
165
817
52398
142883
37823
18425
11482
970
26236
56
39712
455
88562
4497
29261
8439
82163
5984
2301
73152
29261
2926
161704
129770
134047
84
969
561
125586
37822
12341
70300
113566
84
1542
54743
82163
109738
134049
152100
13245
59644
816
109742
816
113566
34224
9880
2600
3279
16218
32511
16216
165
10660
79081
142883
62197
43683
15182
62198
73152
220
11
220
817
59643
35
220
37824
6547
286
64827
84
102345
125585
161705
3277
57161
4960
15185
2600
22101
1330
95287
4499
19602
57
37823
134047
142881
2927
43684
156853
20
8438
16217
5457
129771
4497
50118
9140
2026
11480
29262
20828
4061
24806
30863
27721
13244
1
171705
59642
30858
88561
79081
37821
73155
15183
18424
41667
50118
43684
817
20826
79081
970
109739
3656
816
4497
117483
50121
50123
62197
15180
113567
27720
152099
286
88562
85326
23428
1142
16216
286
166655
138417
73156
82166
11484
13245
560
47909
13247
24804
456
34223
9139
12344
147442
6546
4
23428
1
102341
4495
1331
37823
1772
287
32510
969
5458
13246
1331
23428
5457
79083
134048
1771
64824
1330
818
2302
10
88564
113567
88561
166
85327
129768
102346
67529
57157
817
57157
24804
62201
7140
79082
56
7770
9139
109738
171706
19603
161703
47909
121487
62197
26235
2926
171706
95287
54743
220
9140
456
62197
969
106002
161705
2925
3276
4060
95287
9141
18425
34224
19603
30863
19607
47907
6548
6545
26237
286
20831
142883
156851
23427
121488
4
142882
95285
8438
70301
2602
4
134052
365
12342
62199
35992
816
20
54743
4961
15181
7771
91885
23430
171706
17297
1541
67526
85323
57158
43683
50122
30857
1540
88562
14191
2927
816
29263
365
15187
4497
11482
47909
29260
3654
18428
7773
57159
134048
11481
27721
6550
7771
4061
47908
20826
67528
20826
16215
82164
14192
680
455
56
23427
39713
166654
6545
20826
9883
95289
156851
105998
11480
816
45760
134048
1142
2600
9881
26237
4960
286
10662
91883
50121
4
32512
5456
52397
1771
43684
1141
166655
47908
16216
5457
147444
1332
11483
50120
11481
1140
52395
15183
17297
62196
117483
59642
121490
52399
85
1331
3277
50118
62197
64826
37822
147441
17297
29263
41664
161705
1140
165
9139
20827
24806
7773
147443
1541
817
1331
12343
142886
364
165
57158
1540
67526
3276
34222
76078
165
220
1773
84
817
10665
4
171701
10661
117482
64827
1541
82163
15180
4495
1772
9141
3654
113564
17296
37823
59644
11
138417
84
125585
19604
24805
138418
2601
680
29263
13245
5985
37824
161707
24806
1331
970
147445
147447
52396
816
109739
37822
34223
8438
35
95286
680
39713
120
13246
17300
1330
10
14192
15183
142884
221
2301
161701
2602
816
52394
57158
969
16217
6546
20
9140
57158
102344
79083
10664
3654
120
4
52399
39712
18427
27721
816
171701
9144
3654
1330
4062
817
9882
171703
286
64826
2925
2024
10
16217
57159
79081
39713
64833
9884
134050
17300
561
13247
47905
57
27721
73158
17297
98775
138418
286
20
7141
364
818
56
23426
9884
8438
82161
67528
165
7770
161707
34220
35991
147444
76080
73153
113568
85324
1
120
4495
9880
1773
134049
73152
121488
3277
1
35
47909
35
57159
19603
76082
7141
82160
4
45763
67526
5457
166656
5984
4060
12343
21
13246
129768
4496
22102
138416
57158
24806
98771
39712
4
39715
3654
1332
817
35993
161707
1140
62199
67532
4062
10662
2300
10663
1
2603
56
95286
39712
161705
2925
102343
4
165
125586
17298
9883
34221
32515
29264
1771
816
221
970
43684
62198
152105
57156
76078
62197
64832
70305
560
88563
91888
41666
1
34223
29264
816
9143
82165
2303
161703
16216
117484
1330
165
52396
14192
64825
27722
2300
680
76077
50119
971
4495
121487
27723
18427
70304
3278
62203
5457
2600
13246
166
109737
129774
16215
10
24808
54744
142882
1
817
19602
19605
102341
19603
18425
17299
1772
13247
113568
1330
34221
8438
37822
7144
22103
23429
3657
57
43680
35
56
16216
2300
7142
9140
62198
52399
120
43680
2025
14191
98772
9146
2301
286
156851
18424
109742
88561
106000
79084
6547
91883
121489
34221
20
1
32511
76077
29263
59643
24806
14192
2926
102346
45761
24807
17299
9140
24807
5457
156856
14192
9140
16217
152098
113566
85320
23428
5457
50120
6545
102344
88560
98774
817
37824
39715
816
23426
152102
8437
85327
85320
102342
147443
3278
4062
2926
98773
62199
11
26236
364
7771
9141
134045
17298
7141
23427
560
1771
3276
22101
121487
82162
152098
3654
220
4495
970
1330
57161
134046
50119
57155
11484
4964
561
62197
98774
8436
64830
2300
1331
2025
18428
1
4
52394
26236
85325
106000
70302
165
14190
2600
98775
120
120
129771
16219
88563
27723
4063
5985
35994
82166
134050
35
26238
102343
30856
70302
1
30857
17298
26237
3654
34220
34225
84
156853
970
1541
19601
37824
2025
50120
166650
24807
10
57159
98773
138420
147443
13245
138417
9141
3277
16219
14192
4
85
11482
7140
67527
84
86
105998
4962
117485
364
67526
76077
5984
26239
4963
11481
682
85321
1540
969
109740
102341
3276
11484
12342
106006
45762
67535
30857
2302
34220
10662
4061
57158
59642
43681
680
364
680
816
17300
35
12342
52396
969
27721
32510
73152
56
4960
56
16217
16216
120
17300
1540
32509
54741
102342
9884
286
54743
24807
24810
82161
11482
22101
3657
35
109737
23428
8436
4960
76079
161705
6547
166654
7772
8436
287
1331
20825
30856
3655
14191
1540
82163
109741
1540
129767
4063
105997
3654
564
147442
3277
113572
23428
1141
19600
129768
152098
98771
57159
171705
17298
2300
47907
5985
45762
23429
6545
4061
73151
17296
4
79082
3654
3276
969
6548
681
4960
35993
52396
4
82161
19600
18428
35993
134049
120
364
2024
15182
12343
17299
1
14191
7770
113566
5
45768
4
32509
4060
19604
2600
125580
120
15183
54741
16216
59641
85323
34225
30857
5984
56
102346
142889
35992
9142
8436
32513
32511
147450
4063
2600
3276
26235
1541
5
7140
11481
21
165
1
32512
73155
34220
7140
45764
43682
2929
26237
59645
84
34221
121490
121488
20827
47909
11481
117484
13245
4960
4495
681
819
45765
147444
10
105998
161703
10660
59646
17299
47909
85
1771
91884
39713
969
76080
39714
816
52397
102342
109739
10661
9880
50122
125582
85321
105998
34223
37824
85322
20827
11
2024
220
26237
3657
10663
17298
20
45762
85
10
106000
18428
50120
37823
98772
2926
76083
7772
17299
9880
30856
3276
98781
117484
15181
45760
121488
29264
134046
14192
5984
64828
35
20829
134049
32510
15184
37823
2925
4061
23428
1141
286
84
4497
6546
166651
166653
561
88564
152098
2925
8437
134052
16217
20827
5986
171704
23427
13248
2601
171708
50119
165
27724
14192
17298
24806
57156
15180
816
2601
4495
20825
121486
161703
62197
10
129769
1773
113569
64824
98771
8437
62200
125584
1
13244
1
121488
2303
5985
5986
39716
10660
85323
171704
12341
138417
18424
52395
56
95288
4963
76077
70300
52398
35991
17298
4063
64834
4496
3277
5987
152100
4061
142882
19601
39715
364
166657
816
35992
35994
7141
29261
32512
22101
20
166653
125584
20
73153
27722
156852
98771
70304
39711
14190
85
138421
680
62198
286
18426
10660
1
10
54743
15182
64829
43683
10
43684
161703
4497
22104
9882
4060
121488
8437
10660
95285
82164
165
4496
56
45761
85321
82166
37822
73154
79081
165
98775
43684
23428
10
134047
4063
88562
47906
106001
19603
106000
109737
117484
10
4
102343
16215
165
816
13244
1330
3277
79080
10
45764
10661
41668
365
171707
18427
1
7142
7770
10663
129771
1542
27725
98774
5988
9140
7140
147442
10
2600
2925
7772
142883
817
2928
9880
9140
456
561
24805
35
12341
134047
4
95286
4497
142883
2302
13246
2928
142882
50119
26239
2026
76080
161704
20
286
1540
7770
1542
13246
95289
1141
129777
35
13245
969
156850
120
4062
3655
10661
161706
17297
969
142883
30859
4962
17298
125582
970
17298
45763
59643
171702
73155
18428
19604
10663
1540
1542
3654
125583
4961
9141
1540
120
142887
4496
14191
125584
15180
34221
62200
50120
455
166656
4495
91886
56
16219
36
286
70305
35994
4
9883
105999
41667
129769
34223
14191
88563
1
102342
109757
67527
50119
1
26238
23426
1541
1
109740
14193
147443
1141
30864
16215
11483
125582
54742
52395
819
1
50118
2024
12341
11480
36
10
91882
1773
88565
6546
5457
970
455
1330
286
364
39713
11482
76079
82163
10660
82165
47908
20
35993
45764
23427
20825
82163
76083
1540
152102
56
680
62200
2925
156851
73151
85324
17299
680
70304
4963
2927
56
6547
1774
67526
95291
26238
142888
17296
6549
32510
2601
47914
37822
41666
3654
138416
287
221
129774
98775
23427
4062
67528
79085
1540
1
35991
26236
82166
152100
95286
67529
2925
95288
88560
562
1140
287
4962
102345
147445
19602
26236
2024
59641
39716
88563
39712
120
15180
34224
152101
62198
171705
76077
47908
8440
57160
1331
4
1330
4
29265
147440
12341
5456
102342
13246
82161
85328
16216
37821
11486
1
5984
817
121494
95286
24809
142886
19601
9881
171702
2926
76077
18425
1771
4061
2926
4496
64826
2300
818
35997
54743
37824
3278
64828
76080
84
102345
1772
26237
67528
3654
67528
816
11481
15181
560
4
56
56
19602
32515
56
62197
84
147443
166652
73159
1140
3656
13246
105999
52396
35992
13246
121488
85321
17298
171704
54740
76084
129773
4495
4063
10
29261
23432
117485
156852
1
73155
17297
7140
11480
22103
166
91883
5985
11482
34221
221
171704
113567
364
5457
39715
13246
1541
62200
17297
37822
76078
364
4062
82166
95287
121491
57157
1
23428
152102
147442
14190
1540
88563
166651
1140
3277
62197
56
4960
10
84
121487
19603
52400
2025
113569
20
6545
15180
91883
171707
35991
84
171703
5985
17298
64829
4
7140
15183
24810
79079
9882
26237
35
14190
161705
64827
10
45766
23429
62199
560
35
47906
117484
15180
50120
98773
24807
3279
134048
79080
7140
14192
62196
4496
39712
125583
12343
8440
64827
680
16217
29261
147448
6545
20826
10663
147445
113569
16216
138418
26237
22104
15182
35992
5456
76078
18425
1330
1141
52397
7771
2301
147449
109739
37821
95285
73154
166
32510
129771
70305
52398
29265
102347
105997
85324
6547
138417
3655
85326
45763
73152
455
129769
76077
30860
142882
57155
79084
24805
18425
113568
171710
4495
29262
70309
76080
4498
560
37820
45764
22103
7771
3655
1
35
12342
64825
91885
220
56
18426
8438
142882
121493
166659
286
56
364
105997
5986
26237
138417
10662
32512
9141
2933
6546
59642
817
24805
15181
39717
156851
23429
4060
365
91882
2024
19604
35991
95288
15181
17298
971
166653
88562
24804
121
57
27721
138420
817
113569
681
10662
161704
5456
970
64825
85328
30856
5457
147443
152100
19603
29260
364
1
29265
41664
8436
20
70307
1540
9141
134050
220
2927
7773
17300
16215
30858
11482
19602
84
45762
73154
147443
457
56
15180
64828
2025
109742
1540
2601
26237
59641
21
166650
1330
9881
43682
2602
11482
19601
59641
109741
26238
30858
47908
4497
4495
120
165
18428
12344
287
4961
13244
1771
969
15184
32512
1
1
88566
4961
84
1773
364
365
287
13250
4
91885
171704
7770
10
16217
12343
102344
7144
52397
13246
20827
161708
2600
6553
54746
52397
161702
52395
365
134044
52396
35
12342
1331
969
2600
17297
1
22102
54742
21
142887
64826
221
171704
105999
98770
67531
4063
2300
1771
35
32513
64825
98773
5984
52396
5984
59644
13248
35991
29260
142883
82165
27721
62198
17297
23430
59643
9881
105997
62199
969
22102
15181
32509
286
1140
6545
3655
5986
30861
23430
35991
45761
11481
64827
4061
166655
457
82161
147443
79081
29265
12343
11481
56
3655
79084
1773
10
67529
220
41666
13245
286
7142
85324
2300
561
7770
4
54743
10660
5456
27724
2301
156851
35993
82162
20825
84
109740
969
105998
18424
15183
3278
3277
171701
18429
816
30861
26238
105999
20829
165
47906
1540
1
26235
19602
1541
54743
54741
287
1141
156852
32511
20
364
120
286
45764
102344
3276
32510
680
102343
171704
35994
109738
26237
12344
17299
29260
120
2027
27722
4
1
156855
35991
4
134047
562
4495
562
120
2926
152098
20
10
455
5985
5457
109737
11481
95290
45761
20826
123
98775
105998
1
35
117482
4
8437
15182
121
152101
102342
39716
20826
2600
8439
121487
1541
9141
129773
10
88561
91884
13245
13244
681
102345
2300
109739
171702
27722
2925
138419
4060
82162
22103
1140
10662
1
1142
64825
62197
35994
47909
156853
113567
1540
7771
17296
455
17298
1540
106000
26235
152099
47908
166655
17297
161703
5985
10
62198
41665
4961
2300
26238
43683
113568
1
129768
73152
79086
105996
7770
1142
95286
3280
79081
11480
3278
138420
15180
1141
57156
8437
64826
62202
561
9140
10663
2927
73152
969
57158
29262
9880
365
220
138416
23426
4060
2601
1772
561
9883
1330
147443
10
13246
3277
138417
117480
165
5457
4960
125581
171705
156852
15183
156854
1542
10660
4962
15181
43682
47909
29260
11480
455
13245
120
76081
62198
166655
85322
2926
113567
117482
129769
16216
109737
10
1331
84
17298
32514
16223
35
56
45766
20831
47909
3279
19604
19601
91888
26238
142884
73153
6547
4061
152099
113571
156859
45763
138417
2024
365
1773
1
95286
43681
7141
7771
79081
22101
11481
29263
47907
54745
134049
85329
817
969
129768
680
12343
64831
125584
4
34220
129772
11
32511
166653
82166
105997
458
12342
2926
7143
32511
7140
9139
84
11481
10663
85323
76077
79085
7771
3278
98772
12344
9880
2926
10
134046
27721
37820
20
156856
39713
20
64827
52397
121489
22101
9882
171705
167
79082
98773
102344
121486
43681
20827
4962
14193
13245
50116
32509
29261
4
682
102347
4
129772
117480
286
7140
109737
41666
15182
57155
82162
62200
117483
14190
41666
64827
113568
560
2301
16219
47906
117483
4496
6546
5457
10
29265
18425
2024
39712
29261
26238
62200
13247
969
27722
129768
117485
109740
18426
50121
29263
171702
286
122
2600
165
79082
9139
680
9141
109739
11482
76079
20
152099
39711
98774
5984
19603
221
23427
9139
165
70303
39723
7143
56
52401
117489
105997
1771
18427
88567
5990
79085
16217
147443
10
18426
54741
79080
43684
12346
26237
50120
76079
11
37826
3278
43680
147447
70303
11481
45762
23428
4964
95289
105998
2025
1540
2928
23428
286
5458
29262
816
56
39714
22100
4495
560
29261
43683
2300
13246
120
47906
455
3276
57
98771
1
5456
5457
113571
30856
39712
10662
20
39714
73153
125586
12342
41665
3277
7140
85324
117483
19604
24807
970
138420
4495
30858
91883
1541
156851
45763
1140
84
7142
2300
35995
171704
138418
62198
19601
50118
161706
27722
11481
57161
50122
9883
37823
9140
818
2303
109740
12344
20827
91882
24808
560
129771
26237
166661
35
1
125583
156852
5456
67528
50120
62199
17296
134047
37822
30860
147443
27726
12343
166
134049
35
85321
52399
4
560
29260
3279
4
121
64830
165
2927
12343
2301
152097
20826
109739
70300
19600
147446
73152
30856
125584
156856
43684
23428
1330
18426
2925
85325
26238
27726
152098
161702
6545
117483
85322
5985
1
5459
29262
56
166654
5985
26237
2600
30858
287
2601
971
76079
82163
134049
34221
73152
79083
4498
4961
35
125584
12342
17296
142882
35992
12346
117481
167
680
142881
220
105995
109740
4
37823
37822
12344
98772
4
4961
98779
969
50119
364
64828
70302
220
35994
7141
171705
171708
88568
54743
64825
62197
24807
10664
1540
142884
7141
19602
129772
109737
34223
47913
152099
8437
18426
7772
165
109736
1540
121489
3657
166652
27724
9885
41667
102344
79080
13244
39713
45763
129768
147442
27721
29263
95285
221
1140
129770
35
52395
32514
4061
109740
9884
121487
816
16215
16217
70301
120
125583
24807
34222
23427
16216
364
95289
165
102348
165
91884
1
29261
24806
45762
35991
62204
166652
1540
9880
166653
73154
15181
8436
680
19601
64829
364
20
1331
41666
12343
1140
109740
88562
152101
818
57158
91885
121488
117485
105995
105996
70304
29260
4060
88563
79083
3655
1140
3657
1
20829
125581
70303
4962
45763
2300
816
88564
560
4060
22101
35
22102
120
817
102348
29263
113567
147446
969
220
1771
156858
4961
3654
98774
156852
14193
27725
1773
85321
7770
152099
45763
62196
2601
16215
681
5460
27724
35
970
43682
85322
15182
27720
13244
23429
17297
152099
138420
455
165
1140
5986
34222
1540
30857
27722
24805
20
35
129770
142882
102344
6546
16215
13245
67530
59641
88560
147444
32511
56
73154
18425
95288
73152
456
8437
54743
24805
2301
62202
91885
62196
29260
7770
50119
23431
14192
4961
9139
1772
121490
15181
64826
147446
129773
88562
4
12344
120
9882
152099
91881
70304
165
76080
561
364
95286
166654
560
73151
5984
34224
20832
6546
7141
102347
67529
286
64826
147443
24808
84
1330
109740
105996
27722
10661
9141
70303
23427
34222
62199
14192
455
161701
85
4062
41668
125583
971
161704
32511
9882
4062
147449
34221
19601
79081
147444
1140
82164
43681
30857
9141
50119
5
8439
23428
50118
29264
3654
56
19602
113565
816
6548
1541
54741
165
147445
113568
1
30856
9139
54745
59646
43680
161704
129771
11480
70301
2025
816
54743
4498
79084
24805
73154
10661
4963
84
27720
54742
19603
117488
56
3655
79084
54742
105996
29261
19601
67528
147441
12352
20
29263
166653
147446
17298
106000
1
6545
161703
138418
1541
26237
56
129768
64826
22103
88566
57156
59640
43683
64826
1330
9881
113569
88561
98777
1330
35
2601
109742
19603
11482
26236
122
138417
5459
117483
1141
4
85320
12341
220
171705
15182
102342
20827
166660
79086
39712
817
15186
22101
35
1
5457
32512
286
82162
26238
102341
39716
138420
85323
286
9882
138421
41666
62201
35997
67526
6546
19600
13244
9882
365
67529
41666
17297
91886
970
4496
62196
1330
88565
113568
171703
1330
59643
12341
22101
561
681
121488
4
129767
125587
88564
1140
171705
56
98777
24806
2925
24805
54743
456
57158
970
8440
156855
50118
11482
24807
16215
129769
18426
2925
1140
560
82165
54748
1540
109739
138419
57161
14191
24805
125585
9141
45762
142886
113568
9881
8436
171703
91884
82165
35991
6546
88561
4
129767
30856
682
138423
43682
457
64825
1772
85324
24805
2024
166655
62199
121489
681
7140
7770
82164
3658
20827
2601
9142
2301
7770
3655
34223
13247
152098
19601
134054
5984
79086
20825
120
59641
54742
969
8436
54745
19601
681
129767
84
29261
7771
156852
32511
152098
286
7771
560
680
1331
20
76079
2029
19600
32513
2024
12341
561
105999
70302
4960
59646
20
161705
85
7141
4496
76077
156852
98771
35991
2600
680
1542
22100
455
59641
138421
82164
7771
3654
8437
560
23428
4961
1771
57159
142884
24806
22102
3277
2025
165
52397
14194
52399
27724
52396
2025
14193
24804
1140
1540
85
2600
287
98772
161707
45762
27722
8439
35
67525
816
156854
57
18425
34223
125583
73153
134047
20
4961
54740
455
561
102343
220
10665
3654
817
95292
27724
59644
39714
455
147446
82163
20830
54743
57158
4061
117484
681
165
969
1140
84
102347
41664
125585
35993
161704
129768
30858
67529
5985
20827
166651
56
16218
73154
35996
57
79081
18426
43680
10
10662
54741
95288
13244
1140
2601
26239
88564
14192
166654
166651
29261
113568
18428
52397
681
121487
142882
15185
10
73154
22103
70303
43680
24805
34223
121489
14191
4964
98775
1330
109739
287
85324
41668
166
286
85321
22103
52396
106002
125584
171704
27724
79082
142882
2025
26238
1773
16218
171702
5988
9140
9882
156851
120
50117
680
7141
10661
67529
2300
286
4
3655
120
47910
1540
9142
88561
64828
50118
3277
102345
84
43681
32512
64830
19601
19600
560
23428
4
34222
561
57157
9141
91885
20829
16218
20828
36
17299
26239
54742
76077
95289
22103
134046
4060
109743
7140
4961
45761
6546
41666
27723
91882
12344
3278
47906
3657
5984
19602
67527
18427
88568
84
457
142883
41670
102343
24805
286
56
27723
221
34221
4497
10660
37822
120
84
59648
20826
54742
18425
29262
165
43681
7772
19601
1141
1331
9881
6546
43682
102342
29261
20828
166656
147444
85323
142885
20
171706
681
113565
84
5984
286
152097
105997
120
165
84
4
26237
681
11
1772
30857
129772
52397
16216
117481
125583
76078
50119
37823
20
17300
45761
171704
34222
364
121489
41669
22101
161706
220
67528
14192
2601
156856
9139
129770
9141
2024
455
105996
24805
220
32511
288
3276
18426
161703
1541
73154
23428
166654
12344
121490
29260
22106
560
19600
26237
156851
20826
9141
4061
29264
19606
22101
88566
73150
45764
969
1140
64828
70302
43687
134049
8436
2302
166
95284
121487
18428
161702
29261
67531
2600
117484
37823
23429
121486
35
7770
171709
76078
79081
24805
20
50119
165
680
1331
13244
24806
79088
24808
35991
4961
73151
2301
5988
134046
10
1330
54741
13246
5457
67527
113571
156854
39713
970
9881
62197
9140
82165
125586
681
166654
455
3277
10
5987
8436
1
56
7140
41669
1
171706
2925
1540
1
50120
367
105998
9881
35992
54746
4961
22101
125582
11481
681
1330
288
35
32513
32511
20
4960
82162
8440
7141
560
971
64826
73151
1542
1331
79082
95286
10662
37821
106000
41666
6545
39715
166654
34221
19601
67529
129770
129771
22103
9881
560
15185
1771
1541
969
2925
129768
9880
38
70303
17297
62196
24806
67526
79082
134054
121486
50119
12343
19602
64828
29262
142882
95284
121487
2602
67531
11
10
117486
13244
2925
26241
220
4497
142888
9881
9140
1140
1331
138416
4
364
30858
4961
121489
73152
24807
121495
161702
62198
13244
30858
7770
11481
113567
18426
138420
7772
156856
76078
121
138421
13245
4498
43683
120
2302
50123
27725
4495
23426
24805
98773
20
4060
7770
156854
4
14192
10663
121486
8437
84
52398
67528
37821
47907
27724
562
43681
23431
35992
34221
52396
142883
91888
10
1330
17298
19600
166657
29264
76081
35
34221
15180
134048
45761
36
23429
91887
64828
20
5984
59643
288
70304
79083
54742
26235
73154
117484
27723
1773
106001
9139
171707
5985
50118
364
171705
120
134046
50117
50116
1140
91883
2928
4960
95285
105997
82163
29264
79081
3277
19603
98775
142882
117484
3655
560
43682
57157
220
12344
286
2025
365
121494
364
10
10
95287
5459
4497
76079
2600
43681
171705
5985
1541
39716
8437
166657
2927
30861
9140
14192
26236
2300
286
29263
18428
125586
19601
54743
7140
37822
109742
147445
142882
41667
16216
24805
2925
109739
95287
19600
8438
22101
2604
1
34226
129768
134044
166658
2600
3277
7771
680
11482
106002
85326
54742
73151
3656
364
166656
105998
12344
9140
10
2601
56
35
15183
18427
1773
3655
7771
85
125585
73151
4961
156855
50120
22
23430
4963
8436
85325
117483
1774
221
171706
29264
4498
50117
121486
15180
969
56
95287
67529
1
76081
152098
73152
73156
8438
105997
129771
166652
24806
59645
4
2026
73152
37822
4496
971
6548
52398
121488
364
30858
16217
62198
32512
1540
147443
1543
7141
14193
16216
29262
117487
9882
50120
125581
19600
62200
91883
91883
4061
57156
166655
287
4496
5986
56
129770
37820
19604
16216
970
2300
7140
62198
64829
9880
161703
4
18426
1140
54741
102341
142884
45761
364
9881
85
57158
4060
121490
171706
681
3655
125583
9881
166653
117483
1332
106002
98777
161703
52396
23428
680
11483
8437
13249
4496
2601
76077
165
50122
30859
220
166
113565
19601
680
76077
2024
105998
3277
1140
41668
23428
39715
166654
37822
171703
39713
1774
2025
23429
29266
29261
23427
57160
5985
2601
13245
39713
70306
67527
17299
54746
113569
102342
12342
125583
4064
59642
4960
134047
70301
1140
14194
54744
15181
9880
364
2926
82163
161704
680
41667
12343
455
220
70303
560
62197
20829
161702
59648
1330
147445
59644
171704
455
98772
3277
79084
134047
364
19602
35
134048
106002
121488
79085
8436
1334
85326
287
52397
32512
12345
57160
13244
50117
121492
165
70306
52396
3654
4060
1540
121490
62199
16219
11482
147446
105999
11480
4961
134049
138423
8438
26236
7770
364
39713
161704
287
20826
161704
171703
113566
816
54742
8438
32509
91882
102344
11481
117488
3276
73155
4060
41666
59642
26236
41670
113568
156857
20
156855
4063
32514
134047
680
30861
4961
10
457
106001
43684
13245
109738
109736
455
563
19602
4060
113569
816
8437
129774
39714
26238
13244
9140
95286
21
37825
1142
1332
57158
47908
85
105998
161703
84
220
455
18426
969
11483
22100
138420
4
3654
6548
18425
138418
50119
286
117482
1142
1
50119
26239
138416
1
6548
117485
88564
121491
52396
64826
20829
364
35
121487
41665
30857
98775
18424
15182
13248
59642
85323
10660
142884
95288
10
138420
10660
59648
129771
5460
287
1330
17298
4060
88561
2926
109738
142886
88567
70302
161701
3656
3658
57
10
32511
64832
20
456
85323
84
5986
364
43683
56
5
220
85
165
9881
27722
2025
82163
120
121486
4060
7140
98775
109741
105996
16215
138419
152102
41669
34225
105996
171703
13247
4
102345
5458
76077
4963
152100
57155
35992
20826
23429
1141
2300
22100
45762
64828
129776
30858
3655
1
142885
5458
13246
109740
23428
121491
560
156852
1140
816
6547
27723
19602
129770
84
117484
2602
98772
21
9883
969
47906
29263
117485
79079
70300
171705
3655
117484
819
120
4
3277
287
7144
14192
147446
56
35994
221
117484
47907
39714
220
4064
22107
12343
125583
1330
19603
142883
20
138416
4060
680
147442
62198
1540
82164
7772
41669
2024
79082
171701
147442
15180
95286
1
39711
4961
18426
62199
171704
166655
19602
5986
67529
43685
3656
24806
17299
91886
152105
969
220
2600
3277
56
20
20
35992
456
82165
1
98771
142885
43683
106003
15181
82167
171704
8437
171704
2605
32511
680
23428
3278
39711
84
221
30859
64830
156851
4961
5457
18426
39715
19602
223
117486
91886
35991
117485
1
70303
91883
5456
88562
70305
39711
167
88564
166654
4
11482
27724
15182
18425
4063
20827
35
109738
2928
8438
117487
8438
52396
56
1541
19600
70306
39713
364
9880
85325
147443
5456
85323
59646
73154
26237
4963
76081
121494
1141
35
147441
161702
816
54742
5457
7772
98770
79081
79086
113579
125584
142885
29262
221
4960
121
11
4061
2927
1772
30858
43680
121
138418
20
286
19605
35990
455
91882
76079
4060
109740
37822
32509
13244
15180
1772
364
161705
10661
43682
95286
14190
2301
971
54747
45762
117482
1140
26236
26238
29260
147444
1140
27721
10662
59642
364
113568
1333
2300
32511
37823
20829
11482
4495
3278
4061
171705
88560
30858
17301
20828
34220
5985
79081
1330
9140
70304
91882
171704
22102
41665
102342
9881
70305
102347
34224
98773
57161
20
3276
1772
152101
818
88564
152099
970
2926
24806
147442
7142
84
84
52397
52396
681
2303
1772
57
32513
102344
76080
16215
47906
98771
125585
56
13244
166
121492
17300
166653
22101
34222
147441
125587
969
120
147446
26237
17298
2025
20
20825
1140
561
45760
73154
4964
816
4960
35
7140
102344
59646
18425
17298
57
4062
3654
41666
109744
22100
23429
54745
138418
20
166652
7770
12342
15182
24805
18425
561
52397
4495
9140
156853
67527
82165
166655
39712
152101
88564
76079
62199
2024
816
73155
91884
2025
95287
113567
13245
7772
23428
37821
129771
20
117487
91885
10660
287
12345
1772
171704
88563
1771
16217
165
165
15182
10662
10
109740
41667
95286
6548
24809
20827
147449
84
1331
161706
17298
35
166658
2302
4497
9881
1541
2601
14191
17297
27723
16216
35993
2024
45760
11481
3279
54743
147441
76082
4960
6547
1332
3655
62200
