0
2
24
264
3240
46020
756336
14241696
303670800
797592241
204202264
891820342
476189163
794381158
821779706
141032209
497240706
525510023
56850956
57916543
563466146
825232374
757159690
222391347
690063257
97611507
392747360
518047249
639688078
846438333
325435932
142171829
661304542
327777960
826086974
675753949
564748706
46660330
419108403
297047309
111080990
661379657
319634331
533639148
735082521
198217180
616691247
75153350
791380001
883796238
645376221
904527289
313456514
636169391
418298640
122682932
53607330
195207290
638887142
474988642
113587508
476183392
294280120
516731029
824379973
522034520
161691290
291223833
514923426
159032733
775434247
5887581
447552292
633414138
127329122
138174351
652264740
597972414
862221756
645752308
281727730
62354032
317109581
669345811
342504994
54929596
501128667
767531948
118281168
398398061
727330546
75972348
670372184
707587458
418810180
455140101
148432606
752307767
888081809
658311705
723527208
154976457
461834694
507875393
204224028
388474914
676342068
781038744
74471676
355663216
898733203
103209335
649013213
530127506
319757850
377237412
515786265
525401433
525654677
765302172
677202852
473532393
38499908
408084779
74036500
329488074
155814211
860384895
381273911
464299448
264080859
663944067
553882915
43938320
253865881
505028746
438214574
93873050
562858468
734168835
440039542
829702175
351372605
97789997
25034778
215018203
67601716
59528723
89103442
232447526
465130571
777683067
202811123
111124731
871514622
331173444
264928014
23293302
450428727
300793360
485286790
704138603
731966739
806217851
386582819
641206011
471589373
388185787
567229687
43641237
738572726
108417290
625783589
900426116
743082498
139973799
620048652
770863626
670752200
255778374
282041897
241249667
795804469
689760688
159543957
466411048
448088358
634854525
405440155
820867306
649164773
464724394
332112134
373079345
382700917
701058222
183634213
135272487
720382572
283813666
524890739
413477490
599300836
838100271
531672629
712030461
92081016
74237687
276131556
893105713
223710719
609446326
369902354
834332945
217480057
300944556
554133249
198522936
127421325
826627132
346989695
28062827
622575028
700844991
387664340
868294716
685822565
415671578
464021362
899594309
212017099
308485108
168732645
166386341
217201300
441169124
145023049
647590513
545284366
546035875
601815545
140974242
97439635
508638020
397928958
371330263
148062379
695747609
645642320
95588788
704207605
709957430
234972580
303285792
17965753
350672157
502125159
765988689
539959823
566159644
283815710
636546845
230900851
914883160
490577420
819819711
747743719
787086738
427468734
761737208
75484275
896580988
407239844
283208933
749017449
919355060
832821922
627052019
172172276
448622778
65206904
751233470
474523805
869478379
814970575
556924680
713265578
194011901
272854228
595995824
394337127
856915867
654562512
87857158
769620025
877880804
784224996
842695383
662093889
540947336
813514225
383795316
442712691
236633385
913641778
102305256
50374260
689697905
382719092
535254238
822786645
435420809
160768004
124573641
611162779
17071336
847109239
638157168
525960125
757755782
326450286
842458416
839812962
108334356
545297488
829703219
398024169
64263594
151484217
333489764
761165152
907354188
664533721
557212580
316374400
374769722
580263747
272439915
455487779
17413662
259548727
142321935
140233769
376484617
629778948
33844530
858588106
43738539
149900571
825779238
662459823
73777350
95057426
862911296
567308425
464960375
725377998
489092474
838872718
296767864
506628883
578369799
272316694
459937434
862455427
710924847
699918170
462052362
234136045
663262308
494839395
178159956
300532894
558155098
620562224
834880582
263977109
26316081
133046106
912507815
587774096
238396918
203805904
826891669
900437248
503976553
389230753
259616772
35667117
608529874
340331622
695322686
775997690
726455955
816548686
179042578
583766244
321623202
451640646
608000592
301037684
440332789
597207421
892924200
305660561
475694328
271900745
718291980
20458186
553347763
194342195
37685148
514900997
919024250
742581050
85081794
188883402
458325006
491320121
135146776
907656406
4359463
80337682
307984588
916929944
28432740
322052621
780550742
660161110
489982920
793679438
50000080
350677484
201400384
369219252
345537790
226173802
354610614
457240001
335817061
511136362
275168617
158022915
513921518
725351533
738854520
513222737
665857569
599867212
792913904
86474537
451856397
736128086
428203797
641006973
471162594
685741843
324907187
29225992
86739276
558695911
707127227
827088928
818151892
253634662
695060309
585216053
310011424
448332216
20024758
438748094
263482257
906173235
832527806
346312349
648421169
904390276
91315974
595193236
670298457
506712774
185869911
875101223
447086547
440288339
259138453
411986033
733912237
443008999
678335247
500618572
279698263
108314408
68010870
543026499
131888060
646265131
642006168
12479821
69419765
718887827
290033146
266133710
899621819
707105411
640576864
104504674
531497023
322453263
30320915
787500901
235286037
377756483
568538969
831397295
576956739
411013512
322551003
217284978
91426592
464555813
913658364
881007024
610161420
425301934
618744128
350959025
543638505
22009495
634037259
181489749
777713995
558144386
353701170
915714089
22359749
680123464
800918024
626406373
666195881
803131090
853102659
88613337
209852582
359924791
893653172
214123463
77247921
1094455
170763227
354173208
161088051
906767516
276067927
582907074
520325906
315125355
264359061
616334379
573478189
159989201
4211528
463483935
693678154
315644696
844815933
893596364
308537299
864174016
646236510
5884144
429719964
697779465
454428138
521354485
141511785
72899393
861012775
481687667
756733860
773666569
387108265
889619575
898966843
875801324
698471784
231911509
655226082
582373296
495924708
714539681
346001992
836739099
741037941
694829087
667479792
239955346
864613757
331312470
717121865
209047985
489322836
441309883
322241582
4508412
539895763
422447214
610083661
605145996
442905634
809255019
878068044
529895807
581954155
284804905
679495162
731915536
569798228
304437886
589038920
864954318
504606649
349755583
682795491
113427231
442140632
21913885
156905401
624490177
483875070
227655621
865832032
903771125
427121243
710975027
131468764
404729307
878079230
106734614
822878046
646389927
226987695
9968627
308011340
760769785
401135184
352416166
829771256
282174603
445172403
234559571
887599406
148135726
563061373
314386745
14068116
434774450
122159269
729699951
895002592
130054874
90426918
575707074
660864415
841241884
685536662
655804030
328407836
61434115
513462123
599845875
835838889
341133607
255025904
615230951
415949156
76570766
670935124
733342523
297371206
400290627
92437700
678682825
50130681
187126580
283714327
255290227
126688776
23020285
377566991
606154488
214638154
866704478
207931688
225603162
870633951
610478806
396296665
284421304
101723714
395105922
65541542
16576985
889308981
374054069
299516541
205672665
215177560
243839744
580762872
267443867
235045499
274673509
426074640
43020610
590102940
141220946
298247040
864761180
866700543
908408389
232459301
289679818
275446947
44739485
1811969
774410029
61820177
232341995
709941524
97281116
445843248
503024024
625200025
618659775
488902689
331560673
769949580
331482628
461542459
668788834
575841997
94500280
228757279
602348649
638706012
591445616
346477818
670705954
504185762
455669804
843886768
515067836
918498558
845062853
242421647
108256668
662936019
261201679
445283712
139740536
79653301
228070719
563087848
653723110
817188114
841417998
722628799
740005683
67480687
147437942
841198469
631811995
862835706
16318013
802270020
581796898
616125545
877974778
249285226
751754540
171629983
829405336
727519067
640752822
131086754
608772734
228497289
314669313
865089724
609010796
784544249
263648304
794770313
694588885
24131984
449710023
481400867
668182576
418760258
403766527
65024390
192655515
100871526
240913343
862569526
90923172
866481262
830780816
845821898
886488458
30589556
725666486
841007937
614537685
393614346
507914501
640954815
125412409
903593104
20776821
257858958
206043549
74787677
841070732
912317945
754360180
123767015
345049340
835727589
236914832
539841674
226192712
118798594
591898229
32326323
305364017
489875518
612897211
233234286
489502961
51147093
196696938
16606058
735288601
545523288
187893750
669485625
473238996
123586458
164950635
688821415
552399029
892212924
437005223
156926342
920779311
242333087
490507809
809644498
138617158
88416860
920032774
200808662
449897164
869600486
702758861
449634766
94538895
84901154
345394907
390647404
720033397
799092374
642741605
891401422
200548087
131779897
763787761
612314096
164665875
339054774
180141945
191908694
304242452
428172095
376886890
79295805
216997886
266467097
146344431
800669675
144965216
238104716
685565435
76388354
506209087
290654036
182681310
390537904
867160238
209922834
585049996
308034862
92605747
881184795
700541819
376240907
847269123
113702882
607621493
230658927
632208163
263675746
354556845
571564805
778362451
126932155
400420988
889581237
485777542
362357761
77084768
154661743
868219370
135155824
168308702
396841159
107481986
339913019
911207826
782333372
766186248
607120275
209354995
656115406
538486121
413464592
257392036
755063697
475935260
862675975
6129522
537840528
784661884
138406976
282251460
676997994
898642064
115401507
144810578
429777937
184999296
253715324
711160267
89890158
317046485
189104066
238251520
853961360
917072759
31371517
776771377
379287936
102825029
896098402
294389095
781184245
530999659
576853006
700469810
833729441
611824305
156097209
66197914
54045423
82600260
901189669
362332442
577493115
491904548
742150134
300963134
186662389
354737947
850092104
1862946
841978008
825651292
621316818
350109898
522977377
375052963
789355233
566934341
615874059
651693031
470966450
821627277
112977278
377373206
765148294
715042509
904807013
780222366
885864334
493598779
687234809
118383862
611749499
63301410
830225474
828550102
168442877
833953637
137534534
44684041
5681639
24748272
279669194
279454004
536870179
748584422
266103110
501933664
310599644
397319868
701218663
586287994
331565048
73072642
828410213
113036249
163070404
179731487
19611527
377283247
141625503
279514124
710258203
802212052
290735178
421032042
190015243
589018730
745352835
618612489
112334696
833658247
434242171
117839425
735324407
862092640
207556215
608153645
910944307
226421349
505923557
824982340
835690683
148317257
543399629
308182942
38146104
198959806
89690103
654060100
727596467
60177836
345365363
31903999
227299670
84129832
129728941
720501204
407666823
38448188
287262247
221934864
902622980
263215022
259099670
273866789
880059968
609432126
844323610
533256671
897637945
588246605
163825604
818767437
433787437
423406094
511871076
234611940
682361366
579222754
440669330
726380822
818895647
351372468
610553262
271055877
120311683
560631358
44041380
293868327
403837467
827405754
337752731
324075142
613752645
411301732
507388825
862484250
141795065
48513298
198904693
499214490
828836271
905775012
222630217
534149886
740467001
229384394
37794066
401315377
223129929
876749416
381257687
886947970
777590644
99088334
807239018
610825484
140149516
715346379
414243423
393713053
865105666
22740820
198053741
41894491
121976989
79570275
795221765
333984310
462769569
642106696
494746099
499315057
206742888
857351691
447007493
771439111
819020662
413302162
524613054
310671361
61159750
761308436
913388916
547853785
879551811
693429948
651608148
862727792
628784191
309401661
659307504
769831710
495659948
449741168
373216925
687505862
862114479
324640393
411389058
448827565
625227692
343283870
796228692
722036324
51743666
765322981
26013117
679397654
828982319
482143007
137863866
193039709
344302666
99618665
813638111
114127851
388285182
393857455
520429596
763682824
484792072
89444070
422028087
160724886
686270798
844763752
458895564
512024609
533554476
141768188
356341796
122692360
771965620
816553304
527958722
302287689
834177364
83377657
895648837
604584312
582777361
339641047
338857968
825588202
82531163
771143162
198279369
97162506
269614055
857356559
442520305
832019821
468064588
442049138
510094423
228252960
692878240
376478437
669343897
563120642
716451440
127138101
620303703
732033605
828073166
224223049
230013127
28650226
888501883
911610414
557841994
240552640
68388432
827717391
800408830
817304180
145988378
368863212
651967552
751787381
217228626
321475718
604913072
863285315
782339
339028143
34001407
474770603
395249543
443272701
210457509
700963430
93116490
390981795
90320169
745206500
749235372
67105862
784390151
692477765
697117628
230490382
896722901
259127565
679211793
195843636
723848102
667670700
562333558
830925491
818514624
609812689
161469955
688272162
834207750
69932998
591306650
603585897
204757683
913505637
849109374
712959689
117122026
528508049
52745417
692564239
658323298
704583217
811694263
724225974
164550581
77662262
52649421
530510771
758223178
334561484
44816612
270897661
713714325
360085605
379784970
126217107
241793560
101761292
539690757
481876413
35058926
29131150
681668206
862218440
221259207
787479092
143340304
810013541
125594290
407582677
837963599
590648264
862723414
374194212
182715851
212335199
898520367
588358316
195493597
809758076
334074739
522027578
90554212
857504723
262112149
277056521
337208391
272972504
473353286
429181940
534257382
794460654
248257989
9100669
417226047
267463889
464691499
679985835
304852064
483040365
531268260
741470835
135790273
370306561
402150080
763414108
490893333
770398418
779165825
527404259
409957934
796515928
707195240
613223677
420085108
204456073
371085867
813544261
649826515
709495903
452516430
470465251
776283867
106426230
799962084
776058019
502447496
180169700
505977005
478445404
674466407
676625018
44986748
69017537
87717456
206597233
673194114
598941748
642645417
504737038
786720338
784087666
414553312
630319355
50111361
67028787
608984447
146765427
321315311
672074432
852424231
66583611
651205479
313004198
581290538
19621204
36322910
662335012
404081285
25642707
118132823
893113405
769017024
305332168
491774782
822157295
94398615
51450767
816229340
40491217
158777819
810733286
317360670
131783100
182460473
66207095
482892675
472720248
784799243
751148945
518988955
880663581
768574231
323175308
819213487
490780620
635293040
550146345
209499103
548200273
419720441
869290626
379054698
59983183
5149985
29634345
7183487
322908661
636943902
310947270
889226208
226775927
178421508
880344733
777845142
182433673
444345238
236889175
651523144
770155853
677274776
604150786
805168168
371625734
659169243
340851520
510289875
65652557
573009459
99367279
218994980
535686362
71892456
491379515
203392408
476048095
695914174
574509391
369845311
859690666
730922062
738636619
655426492
304132360
238025645
342949438
314569150
565688228
634712437
536209778
746027506
859281416
761768154
911085189
470480548
336443251
509781386
741053656
147211907
805434588
632793082
546234488
757896448
681434611
571945280
543933078
851747110
544611626
508374013
844112701
380718611
437256592
142279937
231579915
405167012
390045769
221931321
847942086
680492437
682549109
700285579
633278863
28611835
708565876
17144898
299945744
177056013
850724302
879282560
276978123
753871350
512748177
453584864
743737725
172414841
845427561
213908709
672725430
17062271
321680514
368516083
284937533
409743375
464922494
46700957
169603677
859545266
671229453
886464559
352243371
829161406
385732506
542565641
53529360
765260170
571656608
41475110
521550928
370456062
30034010
474571613
283731351
879690760
585795527
20461873
257914074
907173654
843415719
240008079
5664620
174050069
668963022
99050601
152444048
116974770
277617813
317835762
607941635
774353786
587929608
694089442
868973193
760222676
591013209
721983567
547976571
336885881
18691284
390689292
621651547
551487389
192212982
655698314
550455078
31196928
250269644
537543627
895142343
732589172
868446425
828589565
130791069
32067549
380491827
909791523
677353599
138327370
864761084
713174054
270155204
666240526
872630402
600292427
616450894
437824102
144156719
90040729
163467921
754600457
838179033
202175668
627851379
193110621
907154080
364938432
482875194
807339095
772995480
60451623
270870330
501106507
502483403
50711994
175796448
12558462
401580008
754318732
332937705
300937635
439282576
8725206
326120752
821083314
283188966
295591394
558049902
708052149
409834169
434841863
518083031
660830444
326594840
661303537
544327820
257462479
539257201
812799016
479935012
105614855
748666373
474599702
246470649
28331635
747184141
668961818
659720451
651289458
235318071
830683032
206912742
630134945
229045427
759187365
14155062
379950987
295655505
902793168
711921120
283847697
100907309
593223647
690569551
275197076
375531040
642754134
647365229
209741344
69476228
676750111
515387488
520046102
225716697
548840703
328244442
352135984
690741222
182218052
757839974
6140386
854527994
478198357
193019465
822174626
734144714
833227469
610845338
415501423
177016849
681234807
901129614
152902565
32624123
891144447
332832285
865676898
898459060
467454212
689865497
480803610
99070732
129176916
291342182
379273358
494584669
414269084
811504026
165638093
849418148
764766443
151057651
85720306
272141256
355080884
755389843
55725129
203578568
477060671
690771911
436547690
327786789
375408390
671858385
347237977
504173958
882074572
366269011
731563512
419793573
255179062
148860078
321797625
3083394
731411425
169848759
84430807
863199087
154369038
352358135
881531469
378100138
180420627
225537750
621491002
832779283
435745366
907348029
651750032
30395657
276251957
504666148
183480479
226005256
801254465
827468416
353469485
211102123
905546096
397054349
71403662
480827146
762815116
496971195
273466391
88010977
825592342
345949205
373457999
607713022
330458513
219466403
29397751
415642486
257922965
717485488
550481932
297598589
909895883
898871120
178444987
340027904
338260288
664854919
51173749
243817459
401960249
514799050
647302841
804260282
511513261
874939672
506126619
700461782
576630050
892294937
35089983
302982318
98104143
351482165
825632674
795876257
909835657
58960054
1294901
616715703
719514698
393353595
505961002
541179989
399793456
361478410
813152787
720783711
556719598
394823097
67247953
305749943
480526856
886605292
870756121
478587084
818964639
549386648
295854575
645659724
217589934
918832083
41661262
253443752
324715902
227133807
136837211
166391372
298362850
429215497
61210972
751707076
25683723
663654914
567750867
141687144
738179279
639329031
458297536
776277722
765592320
180353174
145588205
833841667
173093641
719214428
718582895
196504910
645289113
912391387
668561823
603289736
620888256
202003377
376314384
612538787
914333571
584238787
170947895
707539975
604537070
80351742
217046306
662102844
217589229
222654844
615407835
144920823
605087276
661795681
429565346
286380798
676236967
383440966
752791860
473303494
762725102
444389789
273853420
385418962
720644819
308307456
154080451
462749502
690236005
141775071
690481081
404315866
894907264
152993936
9524675
227494855
762076169
639647158
236892574
281482867
914304288
375347714
211830421
381047532
610387941
733686036
636431090
172035596
373419154
271838407
528149107
803472796
693165678
272499900
221506460
273767334
635270975
75309215
751742553
196732730
770204727
297112832
119176633
229146805
738394184
706502269
679179221
317324214
455868838
524713159
27989940
900471130
560910291
840505492
133972149
346123947
526542162
802126755
383258895
653864884
588182877
568801989
149667620
254339001
567154176
193713952
371593714
884086783
264331309
737294500
87437698
14460901
280149089
566144576
587579094
273103103
14760140
591411140
582834634
790214567
478408516
538918634
528282660
668312152
719921855
96754718
907695810
70481961
628141991
648442281
361320283
892853772
1923124
84995452
53162740
564495590
628487819
513930683
364731288
63194318
401214548
529426370
685477847
131049468
77797352
229043272
589690085
639045920
687709047
765616933
457547704
871164194
595253694
548452436
367146835
78756525
313736929
371217037
851897748
93531983
396363396
278225796
144197258
881829024
571587913
376807241
647410014
388666378
625439638
876544389
121680172
547130482
50981593
512043442
743826596
542287274
239270308
497889735
843325546
812925451
601051219
442945577
604201097
649445115
168402201
766755640
339115329
450289214
871030438
775926065
52648643
448086282
350151892
655994563
164862832
532965303
757236439
592207370
400727297
574703519
657710077
718829744
123453721
318744554
73095124
303218053
28067206
886974288
854898687
687906927
176652995
869684602
570194648
283595943
733394486
568038773
333698562
177096863
32559546
320528285
179857519
324088923
224753287
697311076
47020425
300256182
367002518
600962717
452503878
106433889
717777823
128591416
441212346
160712215
715297823
9548878
403354445
902433490
500291801
316399178
62257845
887183735
535436607
231950008
639178561
458539692
411603548
194819011
808575040
808703875
353348877
448308499
806676184
488407329
584265679
722629786
9304395
820485754
473468090
595563872
635530275
606748193
750144715
340061106
838060893
753465120
891343172
329686395
489063939
592832793
271276281
764736916
183349386
329931389
474265214
330140766
598466886
355761388
283795035
237141526
463133408
409048310
884498054
182113838
332129423
289133928
11530934
676352964
189108696
600884112
571324073
457742816
413125495
292464685
600783600
740888181
184924073
717405439
328661385
274806107
719849842
454300457
138415964
77504146
713539087
144121707
847498299
757032108
877186177
465594689
124741322
126725971
763906807
274696539
596224937
470308844
53992283
271225447
300743871
406703621
540546562
888922073
318209523
579888873
654127875
639580755
841780495
809950319
640942550
182679955
194757100
238589466
567220383
851440080
365929018
226170051
573158308
864921219
511734150
722519350
793969131
219822036
310761649
439975659
577502215
52743396
443915950
301696906
428615432
907160663
191744937
769389725
179973993
251281043
83894638
548174317
589939616
642825902
863670493
893870344
867984328
557630802
725001796
485396134
796638845
177245311
226405454
920895681
490560975
505368984
632255323
122866672
461378135
470706733
36753386
88103165
604951480
154443152
721864603
827230651
741094646
890686414
182096131
524528756
353020499
204370150
879007785
871576260
896093539
612592497
333100592
432221735
710409661
627991303
568758543
566844027
795143553
692306702
501762534
151862802
696797564
482454816
104770821
387088204
103573876
880855028
9342833
366338960
392393420
360968459
178711697
904696159
149764909
462031446
863649533
342011399
43883707
773261369
211315740
816914597
876667604
257377499
390619136
586852315
483470900
616238643
385461143
841211996
16567447
142982370
708012670
475797779
113077771
635856927
62143566
747842968
712505374
814873329
178622006
413396623
752498502
160483625
512659187
583939876
514944710
729870485
590447793
824143967
835336
683880286
321699540
84199362
511695929
656694357
176702908
883916032
682301942
734926472
456899577
512923671
816158108
664412639
704719
36347549
172622359
679216808
629272671
489974358
281352067
760293276
62417936
612951805
30261747
122769665
297918683
620844647
365633667
48330087
877482717
134882341
589109962
193764765
333516560
106076448
639025535
743222842
522746187
115264034
892389534
754276799
756933428
43958315
149719522
809041718
136458812
733266089
786159861
547025263
790556378
911319542
397214377
234370639
709881314
460916820
546599849
857049201
696307554
376193542
804668378
489640514
456824018
712074886
707493823
559833967
169413974
96493537
847475940
829533607
705442074
502241812
488145226
196167345
718090241
641391145
353952354
32583372
767786739
73113736
78927602
566471557
530187303
650160924
295719230
100447371
298099216
256664484
376292975
564840044
529896977
754604152
596621379
116669914
644585383
55836249
90177580
64086042
278393942
429731752
548644291
384265956
896330641
165541887
599349237
583390607
499273951
713963660
444904425
886633107
407344002
24523435
670887019
725587675
826541814
435778494
338811956
538091361
217898451
609786745
704261781
26232957
430948435
520383106
844101260
545034925
858558679
732330334
224842525
453676665
632541983
54614369
4216678
57193948
532843178
455345923
354622055
797708741
832424426
447395002
275180629
795349339
7328205
709037611
119593077
94034002
398829139
700010714
102442933
434274167
540898685
420982694
652849146
62799093
76757762
696198114
769380768
139845087
916898499
779644228
347744842
565386376
827204671
493118975
383873897
79126022
668052956
108811133
69371547
534444807
802935402
654776481
583007124
478936807
660024705
883554072
315570248
558857033
380281208
722205550
400330519
842522825
195630814
410965908
492719039
647086048
14816461
438022930
529070055
758796920
415914604
262027082
659151072
179972809
875858425
753494276
837042483
627048017
754580024
27038005
675369387
75115224
188126728
414061278
144069590
432112156
361231185
291079336
627966044
629598571
27943346
78911188
303116
495054852
626823842
839901997
646397686
404432611
847171017
653222822
670181985
919244471
898780131
124763505
379063031
274413992
921333270
41355443
116424560
667748424
550920884
410581580
820446827
159738504
175538007
721449132
39463157
266249063
281422643
650220915
747581000
818170980
827924688
225929843
18261160
78994511
168754180
473263145
250916703
294592263
622080314
374639606
385713522
61079351
646602323
906528098
872000042
48357486
387484401
420730562
790099808
686764471
666509510
557968629
496052691
345668335
531395941
850243355
185408682
618653553
562226083
843568045
437706163
220765452
114795867
746824169
774728781
781977059
43688505
477995578
602269666
817686060
545167259
216334034
736460095
39645048
676383675
770962895
232557716
624577283
30248305
226934098
843462567
584097231
760236689
747564596
128358778
249605028
628968202
490604022
84064698
642521399
771114561
350812656
719891246
429811170
307475664
472590722
105423796
859873147
530874835
490027488
400253711
98508791
907799460
841501242
718325911
479991404
433037705
915710738
744629377
614154623
180894497
171238388
900055759
693579116
641797674
48275710
547674661
591308477
268071302
476489696
792458478
412350992
850782826
838610559
757745660
64251131
606864585
621277171
30976504
881102601
332967065
226802506
41145068
81525238
127244368
307333374
126694079
556185001
257493419
353525974
795991856
892905899
497279096
201119261
499066909
846817740
493981239
424883427
766568443
665637865
820029679
439175485
587577336
413482120
25237318
337358455
411535811
535617601
51032472
248724162
705373675
283380345
302382545
713013110
304950270
412686749
580005714
721748014
708983657
263405905
165206056
268209912
273481701
677513476
27600702
593280201
838664007
9680727
543102749
683539604
132310276
156509282
81446771
5497934
284619401
495294046
609823586
641749647
887890819
37461845
395401434
258613394
323672354
706585471
493070066
814168984
919222087
753546697
3480216
137533988
629126927
84902891
270474899
865822874
469119433
132918037
79788502
864408658
88502091
369743056
244585636
252516135
264904634
893787686
653572953
639569607
673984631
898363769
111700818
59710367
345928933
777484580
750736817
715125358
886777527
536296081
356507714
601202105
425382184
273167176
516333811
246115468
480210446
317930890
907275648
718373575
721996014
910860815
628796050
467477276
242759779
340590591
897356699
613240331
436947515
109100232
688691724
751564290
866556355
84354934
86295022
449942306
505879538
560993549
29286777
356317456
146633586
134878201
312129642
378710383
659506420
850735095
14465644
341631920
416870731
43967805
601412785
604667006
685588122
37717720
838774391
606201571
252391461
130621478
397679829
710982206
891292178
15891113
838052411
137073204
795886636
190366966
345644556
12454308
311614112
912854905
252182299
281315038
90985417
178685295
126386137
108486108
261690645
440137019
812476149
748043453
35397024
739567666
163761025
690077773
848454252
14392532
480582709
316393220
729787088
127076181
767143055
555318302
710289093
293063657
56076138
646994534
513815342
65029739
596179169
125588716
582776855
155954920
651467282
367373340
744154596
242929405
920645590
695025745
273808319
591815975
687549857
386514746
211944309
881163957
172621807
210932547
438748496
618254479
828073209
263991412
361906614
10709178
5526980
642192132
687933610
207437453
910214883
474826876
321675009
642837612
871500977
897657690
68449038
90465157
886018697
713023719
53398147
423532793
24026739
893602026
720610403
883656714
149182209
861678086
212310110
504610701
212646680
82312155
785031480
351205788
345940186
805282365
392407245
205076353
218521223
737608877
496177735
73500207
377517131
784895097
893508823
721052596
662163846
525831162
513373021
767630045
230963020
718902685
8973764
300575461
156788613
659625437
808048123
313222121
328583544
358600804
437708649
63960687
573024305
905901690
214561003
825366584
266853917
115262268
745723751
707743880
593944070
391792892
746089935
154352432
860147190
202285298
618295442
682747691
359397698
205519041
799826837
484463542
330574714
766842259
194922710
702737840
238543801
750570279
591508565
654366850
715840291
235679155
569330099
448205559
169571527
245816853
127521403
407969643
777435019
534854864
468391782
703767049
461951417
919936813
683895171
295990175
358139977
468702605
14796207
679670883
57611442
82755970
751614025
584049368
919705325
362171875
166393013
81749503
507223935
11841340
116067086
553556727
52454937
681861924
710087776
583149531
280547224
860168609
160560889
182777232
310644706
386891417
96563252
339541069
273424726
828509199
573546772
687476613
672910925
917928634
146092248
800917163
335881192
372316594
371729850
603398562
842080968
128523565
107739835
423780643
156671361
287940924
808245650
504622408
841794962
417066390
218258400
457939428
399321078
219085005
836452335
811158808
799514637
896459296
739673495
422103860
593148899
198270576
25723260
689399520
841525268
538181134
719879197
209415002
796362970
222149441
22708371
461311069
280709316
715013029
769051855
274494352
394973600
274510983
524969590
148702819
193703667
447706993
748002573
190031444
320375651
272046472
838328362
662655842
105087020
910621399
770298175
208122673
418158745
538020344
265532031
436935689
726265537
851078459
717995397
488366660
177839460
59601590
846900911
799140785
726112909
233575471
531271985
313996068
821118738
526026614
764128906
369347335
524586821
599194972
613230893
383296077
889170574
680106755
171295383
280830330
349074150
300560567
196301537
3188507
462199991
13890074
615530592
514188476
607591686
773948280
179349114
461583294
495447299
819090992
840291407
35553858
703401547
704099082
295170490
1849024
130263360
719865312
19631553
640367762
652523104
175997778
508678397
479270285
426615921
351927128
31192398
304700759
755559247
161029227
26200072
690410825
802731174
392401548
23047421
753546617
456935219
380092430
553575519
821619329
675150006
394107978
343665292
568794812
757982458
187921153
536433577
404574634
161366543
834679539
97149716
423703480
116396226
120946311
652197353
860765152
371919290
866847193
336865249
709453696
209359511
706142432
259056062
784845265
646024012
641392800
45847108
508729118
378902117
374783665
273248494
184415384
572990009
578380684
600276659
448261458
317493908
799314689
702280304
110569308
917754429
267668879
888892097
344842720
61996450
36952869
707546889
286123233
895594026
281017772
390262000
70012707
698749251
339862519
882889488
439258601
651117226
710497295
743577065
510378612
333300177
344600993
4550605
427669434
163520868
788942200
596925320
591078718
619080751
327167197
732221548
827016831
47876275
894838416
465212866
819331794
463176475
671989686
684497931
36908933
285184397
27801319
207016625
811032107
9863023
401100999
220947633
702021302
566479377
119493761
538831342
295261879
345352582
214656514
682098148
872596611
785923518
430376161
587379900
339090099
495592928
252798954
267192723
540069775
594442706
559344040
477121717
106530192
702777022
684075565
525441154
912411060
38217481
817227060
847911927
322431046
127281401
396246370
480970709
78796176
2213703
768997839
562968382
583933319
727219173
601574383
630482903
563445221
662625046
297656031
544510835
220318945
469207529
420946172
139297988
711574478
659039869
453424431
177764966
651782575
337782403
680556519
787323925
499345892
411355552
394917359
492528786
702210744
760749803
68309092
162206343
630369790
293212253
431461048
31292905
469046722
525174284
411603857
319070005
909012104
146078277
505198104
174907336
120600233
49047784
610815105
574264065
576782615
525830130
34855512
762639874
763977501
273902048
124357009
566791181
779850874
802805751
748698183
153053058
482487652
596066812
537587395
570099677
136283476
759068406
294542719
605818641
266007490
652961143
80657639
779418518
538662323
70152361
696587303
361609593
335632453
203121633
841476639
420322510
569214189
575208100
184943870
624482099
555732482
167191496
314830918
253567097
448052536
331407147
803416531
511065724
133945193
452858900
875231738
89597419
63927911
227893989
213579648
38045481
531317025
59594482
296439186
823509904
287077046
631239540
595294906
141918351
742316172
807642251
349635609
801358544
871992904
25340475
334211437
301138130
147123959
449302364
833874709
499492351
902189691
232303973
191121037
553784369
250863439
903850866
29395573
693913683
288709479
411864089
509144493
579206017
87831666
601676391
656194644
325715177
472297211
43367790
557328441
346106170
817851977
712529181
320795246
726426178
693312431
119409525
828527301
82537043
711704711
538017906
853355752
48573640
241917057
64405765
548964985
380600514
22124382
716719848
810152951
667595110
406863003
640741576
96563763
908326155
310809529
597478108
627586550
178427740
544170003
92027012
547520676
101590302
147276977
593785881
478377799
816913235
450835576
53853344
49117796
308535159
753288677
424088484
164396411
11436072
341563096
696970416
387198291
596493220
857733623
725624920
511085965
363313193
437300577
127296841
747027535
869260468
157948723
95441898
430903488
569243417
635419179
304543080
325950082
815701094
832118773
525515144
17214548
440584007
3363791
45706242
90156966
389794401
498758277
884064230
809929213
360839270
100999853
110244571
669495469
783708011
341774856
341446911
875669996
15209510
296095743
544013938
448975836
159146959
257534445
624314087
91096203
623437254
327167759
4892006
8389207
477837991
822444004
722686627
460354616
660414552
257729386
177185855
857697975
23439211
506801364
535047126
445471032
730857304
874106729
99153803
753916472
536688733
6197695
371944512
262359020
128825424
128258266
597697694
831189734
414911390
62510737
39757939
431491261
495716149
257371775
597259309
55135719
65203299
433249204
883621997
237703091
274978792
193938719
690316458
489748169
339834746
482777356
78636754
242234071
693909630
618054918
407380421
874351811
200361758
241987122
309915708
545153767
830051672
735857087
494638240
609748530
608507240
857265144
92744163
486005198
563922703
308841892
915529275
822459282
751140922
346675987
870705185
837434220
681236643
518408370
118492918
558062301
244473284
480481650
201865832
18082463
1823545
400571383
24602070
96544326
770100254
381041494
848664384
383106958
650021972
13875700
238837539
655488879
646125423
793815401
681548730
216911875
13162026
462164431
794936900
750981330
312667464
323299601
887923429
289121744
383294
177116566
8682296
573272583
542930727
632394106
663530231
137748806
212966707
535396364
392290197
93677168
198832503
807602133
823166226
468883732
747510421
305561709
869665980
593779871
294457855
647465062
50768071
712488335
613778003
270771076
814989423
172197865
561678804
898700748
211047933
433382151
288868734
488745054
594723367
3962833
857248368
434172471
426375853
539478103
684169417
40788727
878856009
477869227
442143503
839132530
122467983
200787593
249267259
198888862
44862966
556088655
87748779
51707906
477712336
273367588
125627286
517240529
346355278
504449795
806149175
844937222
348869235
441624817
241026423
209481198
485367320
477149933
239067334
523763161
873815008
226602607
12191689
355664634
75830688
356164434
308987115
291610835
136385787
741406784
555667872
735682033
436358470
216298356
685015014
124676205
687850430
69188003
791236949
314461919
350613943
767182611
593451220
661994116
437290527
469260672
255855197
60230608
858065970
13732800
551678423
707324821
255504311
678907861
455525244
631666721
578110761
753963358
19347779
220237175
266509600
274858917
229303509
155976497
538905048
321209748
579363970
175403697
872685260
82502576
481330107
796276454
707886459
9137650
871596750
252666871
391158215
533300835
775238504
415085391
264003056
257175019
331888279
891895689
543987757
16214240
3655521
888327902
270402654
517571212
10287801
829232444
400291506
618211993
436045842
825149570
868080708
632461047
218908954
332560083
196545425
333528433
462635205
28939679
574465870
735535230
670942257
860419799
516003470
510443559
313817143
598896197
266878055
45654322
161528484
837887765
607363112
494250863
462370524
431839793
95371213
308043441
598947551
730492633
715636822
813773564
181655142
107435040
216748926
833501233
844236968
852494690
379013025
299920617
661843618
202549376
528827705
294668118
863332402
620944865
389341152
552576838
496667361
203085635
448395489
604812926
664421611
832493991
87349643
375175706
478042857
7089999
35564913
235068915
397219358
372446420
130296300
837615669
72584061
138919497
628509809
401962996
877945056
323869682
26019827
767481244
468209371
158950197
100626772
495128303
489763345
634714032
329700096
667940978
686524415
882731555
843380218
75565245
610735471
76646340
908266593
68271808
100402076
559090271
455793411
341462638
75584985
757085335
442158451
265748713
861414679
890178430
560433221
759022765
858422605
124222770
839729069
23669065
449011465
384073919
860358807
119753165
686154800
446970584
621758530
76973514
766697913
255764799
462351071
818393012
580824633
372390844
743590762
42009832
411298309
23719358
543308947
199147847
219497960
94148588
736422049
654692360
422480354
71571235
888903940
647242262
491664500
505657966
577174994
496054928
833981881
251600179
743284177
379478470
716845775
682923364
824454390
500935579
289515617
114156845
85088226
229557068
536342220
719212730
235550478
112258685
566573950
688456410
683634079
770927153
393227460
646568288
914590467
723236394
203887634
844819301
72823120
873803491
682456532
25041299
506693999
720528244
231354375
64171669
14738841
180804377
501358559
418629164
894577302
170575139
196525240
754121731
657274559
144216544
391712081
18275195
108183378
265372799
32036814
475899566
232735025
324377050
10730637
321424974
594989209
468255144
875151533
692822085
868903636
39034308
339509516
55244224
662143397
899234011
551244563
264183090
658357142
891737900
612922597
26628622
655644062
667667131
858973895
615216850
208271559
907053116
14133528
413360561
815355069
425750079
631762600
522003963
865172755
486999511
466557026
615087776
99954208
772534375
546765580
318016134
350895913
205676803
329236885
4566801
126659126
443999567
367394390
649453804
918594617
579176906
160224505
434859900
623116781
779566902
443729532
176417524
100865683
40164744
751852145
761644796
375035016
254828715
697635764
623209566
270251766
338081908
883420559
625345960
415382896
879431567
907568415
569228823
408828292
732579084
537817714
847435751
58886310
240441591
346723269
161468779
114617333
478372674
36359205
790341377
442609526
393051800
600067682
360595774
409924306
635813480
687211993
716306964
381958919
538234660
876465953
304332487
603769693
468253131
378395588
339339940
51438631
426744436
619915653
309250821
21068770
761598690
90879513
94708570
91276683
776759152
551204611
593647048
327320272
221761034
391536428
765345123
151407074
515818546
31012851
248887844
253335993
741186617
488288366
299725718
866655776
850852808
169779097
259597348
24680026
269148023
560848045
333754990
534212929
854546036
542905358
41982350
327363274
564889071
656376081
238484747
92610633
564795257
565877070
248289933
149083149
776163721
418983105
462409953
442192170
317328321
594583605
476266956
177364857
893738727
238472290
261589536
35081399
209018735
644830399
838349435
103350820
62984437
295228534
898646151
428316344
629711073
504243544
649744373
302643298
182192739
811654981
865855399
62960167
869017569
454860937
689234775
866745938
587381593
293855425
858170189
376953275
130146185
311322716
654259702
528238763
907592774
141681213
228414375
914924127
475024437
572062907
275416631
79868491
148351027
771206738
728515536
683785786
267268196
398032571
709459560
836016853
390924107
219591861
420073686
460652326
619824596
791940018
37692099
756429994
75321947
646195622
134976474
487039355
736781280
818215608
759165527
149605136
428184766
190088088
590127771
246877199
385706477
664798109
881553262
642014673
537640080
478345555
719719086
130149525
797227772
5254390
865044347
647371070
28924609
122997629
69574245
434840495
365767596
50368702
547273913
613725649
528371121
916503333
436700885
512905537
809235852
317045687
335079629
802023154
755765464
744958021
256035699
158161260
398764272
118890360
708910165
399209683
535056460
527472737
856865110
783521206
121804374
94189350
599358386
227639066
45876355
178162349
897569276
640433644
707543774
515728074
164760399
540999681
601417794
528334716
605794149
437806050
281383823
330532315
115763770
71093184
88189985
436823304
495582588
52920386
47394504
809897334
203505759
655279295
564869381
308284240
30064646
233792452
301736035
820848887
589613232
921489571
802734203
352719718
350672103
551247177
75649217
586098300
685294969
669825966
795373591
766193400
666102935
463637666
572216270
311511235
227574911
455305496
693555626
898383471
129034068
400194330
833692875
721671558
28352896
523135008
233742881
144833539
575420683
892515986
402088363
189556517
755414068
789528249
490983769
112421443
597398049
642435591
663701762
4894644
658827560
914324634
813997051
199538145
646942447
917534676
299358431
246314950
565102200
279135229
234128363
480348165
660136433
197519408
162122407
106608162
768955620
801025071
510479393
328923311
878163475
615276137
773036741
528892874
201566792
339265510
177655726
268964764
921877287
46904925
601719072
371424431
202592492
332125527
738061137
646272570
615861063
107048079
338222535
516132977
630293551
324320789
664344816
553340935
275244871
637422360
116498219
411077309
906919188
414029984
909558192
468670369
814601684
411358156
921435162
578128475
146213232
64729057
710794466
85119597
825136952
490589973
431935625
904775182
543048555
797326023
664261070
612144197
614543281
57860449
650214826
223087606
545631314
132128180
823573315
51942843
52456883
882667216
799630093
396309185
624268632
798942768
799496193
520507633
309214045
443668598
415804510
251196522
582924481
191006890
621615591
25952009
195176435
314795997
653590424
272060708
798387606
755361254
536073562
740873115
702050593
547474750
450404652
628308653
892851663
917315375
133587438
482343117
600015257
570838821
240286819
748853341
119000338
221515373
735735986
357133560
176570230
219398665
234381709
888475417
296369109
17451848
820352524
897448104
418709432
333595096
626265308
268376752
256590429
833508588
45476299
176463095
241863383
465863991
760461400
53411024
505090890
911685808
769993963
121108877
253790196
174056732
712563474
320344349
520401593
286281390
764704727
360935883
873496374
706567617
344042407
823226142
527346497
262982586
351157191
689902823
679521847
881667847
424227629
170735443
103109878
582889151
404741914
332014458
386096805
544966305
99225240
140008832
913942157
738217234
112458950
527433041
25595859
695353083
80623037
707093114
61756428
356385537
475356703
842630088
62085355
468374041
873551423
618293794
32722824
150148769
801559384
6907497
650262440
410929192
652713579
661150410
469545181
811624721
673870088
656749798
828090565
250066394
791413300
807805552
50632893
461078612
828407206
879607490
899423411
522573279
873257012
273414325
791663467
503828715
240511391
449940096
71709016
274629392
150955276
857214872
52377965
906982492
796113983
556460888
311691636
265476729
663727787
555514036
626878317
376723991
170059052
52208424
70161485
624434601
743811561
811122423
857471146
103772879
118776653
344991995
161856088
111990838
837044286
28356979
372089130
74519849
353762489
463582751
623840221
379357103
360684739
504474431
269894034
33923295
326386874
693274850
182784806
869314723
402115148
863854569
374773660
676014950
515890062
654934102
108849136
51564997
457213858
612302704
732678928
155455214
451751169
601851392
461689441
499196295
215054705
268778300
204955530
296854303
323037137
487082011
217908266
556915529
256393377
478295553
293263659
428555806
129845768
527958802
588216546
904403146
83840879
50329220
768236829
527318610
655843501
342802978
530386517
704057320
776081504
107773047
377927389
284175925
462573779
453637779
266971984
446816526
404230456
150122352
487233241
273911995
894588220
198376558
725320022
556964754
911422329
309658737
777818458
276532457
710965717
662534008
599984406
28874238
268531897
111923960
382045589
288925008
64125476
535091619
274507129
2382649
560690125
900421712
100391612
289805904
763210921
44069973
74185316
548815822
190070273
308382732
480238836
511162988
569617872
284835428
502252180
398064834
822580472
888443020
557987593
754244170
500570435
883815656
750223011
912067371
832577466
316532400
631058334
605952365
477036812
540788040
357352304
246100361
119729576
832906791
202809879
228485031
281528423
821677326
728162908
799506766
780104655
475325174
113829358
494544490
687344238
542266328
441003677
394862444
390285334
185544040
84741504
700268305
512864
169750149
717030797
628334744
343921328
591627070
225487513
581002499
66868740
671663910
99420410
369165040
867943800
746191759
903662210
20340580
460796615
880200586
322034036
730733961
417856339
46938153
406974158
813950363
735761303
351853816
126299377
229588862
657048259
737984406
233956524
801720010
798710190
473899962
781402926
599833530
55942164
762480831
708615122
340797677
852374979
100185436
868485124
918155014
844707148
80994509
345760493
672797151
495237216
710699347
51667493
464517252
490545321
762482608
687178908
893606790
851963631
272298136
429553262
705124641
346224953
34644327
430332632
99572850
748856471
347999152
663456613
893504521
309870903
317956419
361562485
365868616
221810
194828580
12763949
256710444
648162111
385685297
530220578
647093370
50566864
17214841
178848689
866536323
557565365
173560404
765043917
659714058
607989498
114051579
727056537
842848771
45457503
6805455
658240525
546050132
802592515
527810961
906326443
395965096
243168389
169107194
532393131
799505733
828838831
120888901
60948163
427854802
186163018
258504107
200726955
793738524
712546147
791680985
253998765
835787417
290187303
83982376
880107750
437421413
21520221
833260184
293139430
141230950
504717917
201928716
701262674
805414658
71891913
563969125
846961416
247935346
753001185
612303140
176503556
542378079
561984251
116307723
409016630
63683192
263444809
185220838
482639034
550589293
443544459
838464879
471924305
625923230
269210812
873725960
212134860
398898472
840732004
643366694
747129859
569929532
198122071
784492083
684546276
401339232
668005019
368164765
455494597
98169378
829305836
460936353
750108861
316329387
702398876
430787305
435120618
625610842
671150503
32564886
787708189
579393060
764277878
225718892
308568417
491276987
494815022
222848355
687628547
632367703
188375368
246299056
364576506
804978501
428435972
172883778
670313989
106021726
33674765
707324848
487054334
475830191
603663427
42222947
854192375
256582869
133109280
389657535
420191656
365603886
36070693
888833715
168146855
211857201
883554686
868357857
424279592
666094403
127593059
297020532
498318771
32579188
499779652
740566718
806553337
698334235
569378938
484902805
863029825
620266234
763083897
17767063
63001017
99864278
64113751
83956456
95424260
149561429
170495543
704175342
195272221
170813743
347399684
627193058
796382025
481777369
354829155
237782795
81139324
659988372
726530259
47705800
515985837
761601708
114908338
37294205
836313457
519878870
40434096
85390930
667500387
41614324
817799521
504813117
631067591
667972460
99068093
673202983
865587523
99559706
110605144
125502680
919543301
643450136
289291889
812583908
112045676
705108798
224552327
372880826
464417214
659525580
117375260
636791069
562254234
164983311
743910553
804010854
81555344
363746582
319405246
121135330
787888484
191526657
677073228
43865978
522324002
341667673
445518783
381051924
320244309
775466383
607078084
514348966
321839789
671582090
128161847
85425753
29291962
741530199
217855413
332076796
392934334
863688670
859117500
380158359
214465780
624689126
883144413
381133314
763269229
446807445
869184809
643713161
716726974
804800309
559888826
727414554
113540561
45727645
598280193
2538336
866672816
263999553
553978014
337950505
841839895
535261226
471846332
834766658
847361571
140508861
286609780
282809650
367829848
660113538
433602775
421296861
303461716
645482172
920945773
374800302
562744779
733815889
76304755
227634731
797970568
295147838
614574292
657645469
415639008
771216725
6325274
641048193
371226547
899739990
81048302
32370759
346350458
438266632
588645011
547284252
