0
2
24
264
3240
46020
756336
14241696
303670800
208306696
49066516
114891198
324581238
277457862
220914486
4039309
187917674
127402630
222690163
88618667
62660232
313886946
439896861
389431728
201288345
203748987
276538151
423625928
303626022
55074297
401254464
68352090
67380728
174343000
160574604
250484455
420660349
288336912
237582107
135118178
394488826
240759044
154361915
404245046
255650698
1826594
391138059
79177108
403963287
259818379
169203402
93238810
101663959
212641654
117641268
188696311
107925654
271502651
90702565
420594391
344042601
157441572
214383844
164841457
222709865
354892818
169063833
215992365
267307059
369016149
251615138
336569367
26349720
77146328
4431645
195019021
286534934
275709312
409602094
101628869
307606881
309711062
31281826
182832854
125693421
125526923
386317225
156199325
276451758
71763199
54993968
105243804
73670440
63709100
296009854
148097816
307179770
281098473
307413184
317881851
90523176
385637245
348352514
352339076
4979008
76113884
305300427
393397842
120305745
415107220
207596890
9319088
49795940
26308154
234862932
145786165
200489966
219364267
174966695
88908058
433096453
333951864
276682998
116229960
12402832
2041531
49426885
13628934
418141939
342503720
393896632
242815574
76574556
408567679
387249826
156420677
253460579
324355851
232933998
435021596
288214258
67717646
21446195
70941730
41174145
364170711
264941407
37972530
373451988
89077276
9105991
299957582
325778207
314800691
328903453
91501563
267543007
211190946
151679575
206849034
308095702
187360581
345381676
187687173
106102294
313656046
80055924
190582105
398889071
14163565
210289807
397183530
259063476
223375467
133700522
152802062
376410269
203491101
439134032
366212494
9596292
265087283
176516048
243091565
347974582
282852973
435164557
190543029
151232558
226832301
90649139
109705444
434554703
290511166
401291628
194163951
357929563
268424455
396159211
59032898
263607406
305684735
392284999
145610394
70205213
237402049
126851459
389510495
268639231
155086748
104494513
385663265
21366955
311605444
221747655
82187436
141320181
276675153
259316409
360072443
333889014
165365852
150892565
58660274
435064995
437071338
224352746
189268932
245657856
220896308
430283446
6618538
129348123
249987950
113391441
365179575
241207404
99780551
374329005
154996519
329933740
339690805
313845276
21221505
331983358
17158403
383153624
259594707
15422978
380799204
388655666
178611806
376941017
375282358
86256395
422793310
42712324
440107876
122030060
322380760
13381491
60100072
305136774
368953882
233560527
397326388
283065676
223070832
8386519
16267682
414182486
393829695
394210917
369892842
101936530
402384441
388377158
162947388
424417375
439948842
436350311
108271574
72824616
283419384
420501010
215883489
368646480
187292379
42851693
312702135
226533823
185045593
366630678
118604053
159441412
366314880
314760243
319705211
152899154
33834476
188104374
25809698
384596203
74708994
197791072
193990990
364358497
191723607
361885517
92599343
30666945
81301725
311694502
45491785
108796558
95811935
219210258
270503359
131704760
46729931
305809411
156098494
263333722
181782159
437121674
386605037
198010177
123839179
195481133
38190071
23306469
92685604
135909008
212627866
333658082
368243608
177610945
180300706
355500871
258776446
109945488
139968612
131485240
147501808
409223792
16870540
359036384
254165551
272464613
16240771
209858830
119089683
191135155
269303188
391729470
171122220
338991194
232542257
219347227
329571616
284874907
350451205
151105861
201225859
212386609
6884493
284161558
260528367
295952353
40862445
133591023
258000900
40928503
58925255
225049112
102085788
213734285
128301918
245497369
39990064
196435126
277619491
307855570
286990051
203495533
41200801
101249489
282385612
399501529
202127838
275336017
437226303
306480826
289552930
280703688
401795535
365304676
376992116
229514980
140816785
371344414
51862976
246273930
312123704
11044659
166022697
388845334
313088134
254441330
262478410
100221867
37834916
336624358
141307142
290292584
301061419
330842589
414510109
100257840
313285646
120163987
288168603
183738157
362523621
264666729
380616826
21953739
256576927
385543895
71771798
319882021
303533556
338167536
103936335
34703980
171486197
110939885
336847037
426733881
37159664
82746118
427390036
418331307
159257184
148619741
24165854
95324462
18675589
123065825
257915305
60599578
29639316
88434345
286504815
61210191
2491244
67524148
144420690
367311092
114998873
233854098
1106872
40065391
437692154
296644691
432225601
171386967
265092318
99770124
336852350
369424752
279359400
365287325
321880378
171232710
124167554
125298533
219609342
165513194
221949305
316717931
184392397
130001603
50555275
19375205
33314425
232595513
290927474
376448812
48533441
433098287
113739222
406529532
3572432
318591950
345406643
192296759
119226529
318278902
193866922
11261100
274422904
351675805
328666165
22099129
12252602
74499715
352349573
185721130
81725857
100674356
202286590
434580630
54355662
143201077
312481923
374007141
294639106
389313736
308467145
147564938
226383808
216958651
379109629
52876410
207538919
36197028
285230204
68506564
417989504
393186234
57069248
47714776
45572552
117150320
7655482
156092534
316382806
11428671
60229676
36215760
395699487
25521457
138892676
428364314
226309701
191546707
158447525
321338610
366192805
372863023
412694429
390627641
119988531
249846556
71169451
183363524
389129615
405251058
149982450
74596732
398125232
140383751
194937669
195167878
347196832
262160976
180712966
15531705
363070877
6497788
289360689
427781236
72945912
61227192
260742336
10080552
273817972
264650042
66375881
226368404
209849904
274051302
24588986
60615140
150363433
326113268
236396683
380494039
329517156
31020929
163498268
198540797
226405124
182876602
243544920
195454984
152676279
366788106
408819805
428587316
79912267
129402003
75159875
323178133
301627083
85115102
107444189
316144005
179163043
225358531
126721715
233719979
436951607
94442313
129431357
193436052
67759601
159727706
389515495
308778375
350081125
23570957
212685696
347459278
21328991
257610670
325127203
17498909
68685754
113391806
349609945
398393240
308202650
42171411
137546368
274361950
84026266
208826265
231743465
406407921
136715139
28720260
98440472
297833895
354775611
317915999
154181033
75489286
99499158
163318579
226162347
301748940
125048987
167139543
109558815
35810801
251512978
249015068
286189027
64699145
255444887
167208293
365225929
132958479
419947008
255423698
320405046
431161299
438354869
388100327
398479532
342290025
16149097
310511935
86312413
47201608
9306902
351201731
266942436
254836584
409145607
34607066
368319461
29170537
67334795
297733519
136965233
115815103
372636759
40311115
395852583
313307215
338688112
147119575
65959652
178546219
351765274
36269863
417091569
191857200
227045042
31688927
409519012
10058110
262123361
168131457
438860629
182624752
336572439
242871416
253388568
412738641
234413678
95842979
331078807
175787689
316566186
70622204
295832624
93001556
315599214
280972210
50699377
138604740
83951432
145306428
157291559
130402968
200445205
133095679
398015087
274919997
87369670
171161762
336062239
391574158
12996967
243156382
281864926
48830475
250749158
196145121
277290329
124179105
274142261
413792672
368160987
267130476
61176366
122007355
18040353
25427649
176665734
409417299
130757943
8359732
404816211
226409780
15182808
45145617
305019251
104891297
310832910
75929494
42630327
80574477
186901298
243185352
433886385
211894003
207094296
176553924
320519107
210574584
259716141
365491691
172530655
302454757
176180428
108609530
88551729
394330782
397532481
361671721
159266731
402776443
35565410
65378136
411097836
270174404
136484723
87887231
248153422
92953740
84471559
192701536
300834721
169853545
45400823
274587021
395232160
9078833
86130876
184338864
63058646
8738263
402619734
295695380
105133175
118301081
200490114
255110622
28805507
299117090
62153255
82089872
377170277
237050987
400997249
120193680
72432998
407562022
195091004
231782117
154161204
11445108
135461371
304114907
267285957
386407380
172816316
211667751
292293404
13136471
53121514
351773522
98727510
196840637
51347417
367339666
221695792
33035828
387243309
99778040
38085330
298638420
212210562
299767707
77016547
106258794
115320278
222518453
196170513
132809208
59858406
289529900
138798586
221901412
368475040
250071910
58203174
438096708
351456074
237966377
434696871
168953637
190166082
253046990
320600542
21718919
103211237
75166440
42324628
367261093
178054595
213973286
59222655
24563775
236196031
272020910
428098374
175865671
246983186
341330124
72058089
363731673
404691866
106208299
144327694
380149833
60198820
331698199
246053285
353088944
262955183
370911226
166010470
254630280
127491598
174225024
374786624
422082930
371340184
237775056
118219638
260339717
349012083
80871943
434356544
283169440
423406210
329660160
211119139
72159043
18355846
94314694
329388288
147893827
288014010
232131398
350513311
129346066
273643003
140471518
117653539
349753602
380357023
97736802
242031867
339310797
251714978
258282909
387773297
133924091
181889928
29542247
121264025
191804617
321321861
387576810
116041790
3744265
381543239
396778851
174927237
119747355
389320756
352998171
233880982
14761152
149203111
88128847
270740608
361331471
42876043
173456960
35692139
398687319
326024262
438018613
134551083
249059188
392391073
192248751
158816417
98314356
282440015
407176903
323590732
161281584
97685335
242956325
400946021
184587639
73304512
323802834
265355318
22203033
330463411
156611166
340032227
114378981
332167116
98433286
327265884
374687096
91232146
56083295
152379865
317773473
99356536
93081396
87843400
366987516
106193764
17261069
352689102
362578958
327532146
373629638
414023968
329180445
361257166
381966672
385873876
88647311
347450027
178606940
365432884
9215640
252951662
170030189
251114724
329385145
165844875
303378260
370990568
91424555
44501518
82049188
163250124
247721185
222737078
29733646
83286538
249972208
358371814
304256326
178397761
118649925
1246983
42164539
305355004
78312087
179298426
151887059
316012095
406675714
358662755
116924397
222854286
354610964
366870856
43382378
326660245
367786630
380630349
253725258
265470420
12440511
200413615
109855725
206463991
62685669
201314326
160351310
70783407
154530463
362154430
397564378
57914129
260208257
311406334
375667154
382564901
233289179
239299937
160245265
305709013
47182352
19434274
301672636
388466543
224927066
95207240
291250210
285391279
79074601
180266452
299549792
101308092
360825519
26893072
292895650
284553106
144094341
100794132
378623481
152188901
42018630
294282442
158583946
299796482
151334657
376508415
215122849
111443426
349188799
167645158
163032693
190928713
208007407
74247488
439917587
106804441
411963629
128381309
377874569
192495917
69207560
176495115
323436044
107253232
204579929
326228293
357419561
191543625
39654478
352772547
149977417
287504817
379838529
192640292
110444739
56424580
161507378
128250137
276577315
356461928
87749360
332102562
346514976
103788503
194489464
329591504
90629816
170149513
372408007
102579630
10452228
386806147
254548098
278241624
69877545
361131259
261134782
152988818
41129863
264048316
136542511
123334755
70550931
112080164
109985721
374564362
208933734
309706896
143797923
236262155
44712541
394347729
65485671
202077522
359152422
282133707
218121344
3264534
18570977
155074688
290490535
380166290
229874098
428908712
272459272
114942001
410174343
293918191
388775773
151529098
320966666
64844865
347459808
368423598
394585219
57093962
102527459
120189299
281907019
184326879
57507279
68089624
303413584
46388724
141867806
412075624
13503348
129290098
145562305
1482625
232032662
205658541
61440276
122755520
33593649
134403692
290797513
316641824
229095161
72922050
314139060
1377771
159624387
209946078
340630696
36035723
342912161
311301394
68574798
421320289
283821281
120812805
377396569
377111076
274055296
412953117
382360314
428711605
301923367
34405645
361728057
367255896
381376593
280538442
356176824
311170983
151652483
411879439
104592245
9747882
237670797
324205531
419187946
66785484
124592062
381290832
256607440
307676515
300078130
235882836
58516825
258702161
410161115
347892132
19081537
438575248
161867736
349212847
162723792
246507474
214373585
309767357
232969105
77574764
225438491
376322964
252329467
374801467
373151501
435935344
10893761
183322931
432465837
393466402
143934684
267181633
201695916
307897384
408478186
420767395
242153734
244893904
256365214
144658148
165915383
127734437
51996670
158811018
348825499
68982945
88615933
374744886
167203267
59492202
138937804
157871853
268138031
181965505
375580926
23911976
261898766
183798726
81131316
151371991
223217681
340096190
390201968
120202835
79602525
63858497
350013402
238298594
39599160
427487496
39477534
162420963
44825571
164784702
12039483
401017894
348129148
8483542
36357405
13459450
287803337
177993594
126576632
234128000
284326957
383207909
259229387
90757564
71521995
245491162
267772655
384214520
372284033
296141091
234559548
1961712
283138703
249802749
342254029
347518111
64268977
94164219
431838247
84678814
47761083
54923290
410929510
1779128
84089432
93092634
219423352
134889334
84665653
208600584
345518813
270954251
153272672
187538395
11015681
241052595
102689355
404655883
264616907
269541173
120473082
20374099
98733645
120571300
433727041
218251137
125895418
333606051
153796874
216193579
346414551
117659945
184822581
139218204
29152919
393475012
73910385
154833600
341233114
272146175
306020327
329753379
279582523
403131302
413995816
280573928
313957991
422633322
190680480
230661059
116437832
419283732
63797871
300395752
23036747
343166668
46978752
399736850
136070803
356320257
426016977
263452171
277185911
145291186
284167071
58730870
60680271
292812693
255759110
134736957
155471989
316769391
415771378
373310046
399831888
375978049
290560188
406419644
337540830
272610344
116824764
164224496
340064725
132482327
220401276
194986584
51664485
202202477
150773891
350056553
165821782
218749709
212992082
114066093
114900884
381148559
242420332
49983408
96670238
378679153
333402680
247196290
342411855
24031807
419750926
49904420
47445740
28907581
125568166
155760552
124747
232114540
118063194
128083533
302651125
2521910
42730444
135453415
410390786
279476756
287968605
148480047
280967126
62427907
368687683
428437688
54499375
313655230
10350866
383411427
15878103
132398938
212411857
292802293
179075823
290816743
400870356
303026873
176385110
348028348
380749087
50234035
425078578
218180822
95520291
172399339
60764812
85514820
61611397
184813642
170100397
388875002
400182224
5263555
54906223
49458268
216806400
302148081
168534926
415475033
82854129
243262668
130486872
258196474
428973364
87784932
101857310
151419212
198297618
133424640
85337168
138507546
25203674
345433370
168923065
135499796
406860463
257111884
62319881
212408189
343855969
422043257
189927623
438019188
227908801
428171887
34979308
63394461
110562527
138202761
144855075
203723973
284175075
89313035
142333226
69240338
137367790
114878121
309303775
308687597
426517894
156020714
70447189
334132974
94019924
84934492
184753009
257824029
150876251
388216903
189913992
369726409
178943396
109275737
276973778
79304102
422070823
345830331
142239000
153940272
125647355
152200248
56129529
154043355
2410648
391598856
325320979
403536298
366335037
316310936
189061336
309159165
182203104
201799046
67870388
196840820
293086741
328330527
223227906
121254591
243862712
276953864
268331471
124415564
411971738
421842648
262363409
261007975
319820297
178909620
423906509
409017647
178386017
272575691
52013033
151189810
198909487
46607819
148294307
22553432
216970620
10806344
344285986
98673849
383660741
434427809
384788928
32888518
108088688
395153888
184413323
290886549
433988933
305365132
54170961
325582121
257529723
386031931
381629957
138757849
22291828
430727592
129164137
304996298
139406000
128585128
132115226
207365324
342310684
346245825
11557667
161508009
69801509
78513003
341663451
199715820
119015459
404718478
208294749
429987269
311223182
53543070
298913883
74103625
280381156
32166098
400047668
30873287
401176758
199209574
216917550
404124147
91877088
430269183
433543560
245689416
65408748
288795074
213453776
369861715
211093683
281138545
215894411
60383033
119682989
411967494
242105156
202131576
83598492
342557933
169670746
416801735
59377145
427229732
191021349
167226755
346017183
273948175
187674560
257601900
369581514
198861573
439439993
219464134
325363516
206400979
57546969
24902591
71212289
370716426
283981710
149753194
204291400
384142823
128152218
169700132
255812112
186661412
115674951
25333944
5518649
357735605
14457145
19081654
53254462
125501404
110031258
132336819
153257699
341377635
280640712
331041813
141607274
54718381
160307216
120660183
115641972
125902344
321509955
16584335
249215519
287140926
346320713
376772023
128059536
117624408
123233277
122030918
57288036
225152311
342377411
22192455
125398868
356889751
146082373
432707312
255482120
266380992
360510098
369951090
399704890
135415875
416017327
331287104
34053972
40640813
41240325
238988700
220639749
155730305
276664348
340974014
40056340
371415145
435380269
279893002
209488674
125698151
157555107
29058921
118754915
273484981
32212200
381505037
250092881
196538196
142805202
18131887
337227845
346268081
181059269
297095006
226913592
62422738
96227792
360161733
414850716
240497506
349149688
184602783
118898989
260941491
302666271
339238518
293589603
234969599
439532365
49267565
413940709
140893282
253715177
292658752
353133264
161814531
77746185
128127896
150669151
186666038
301164349
162849243
311592676
417564700
326261060
341494988
7134720
185591483
116832512
205269104
228274908
246800922
231343756
283357408
70469944
21934833
154149535
331740498
356953275
206150230
34489122
190991371
292493294
402600566
373115851
342956823
28599488
30933071
216999565
296703449
337627411
234100123
143359495
54723316
274482483
293252599
142766229
101090669
427132250
342022338
326505411
50687229
89856617
107483583
128200308
78835744
44592809
423149430
268441984
355543053
201099535
10214196
209222989
243001064
244839463
57477144
29451520
143646712
185069826
51273669
49227262
124505469
325921900
215249844
181827965
171963116
16220501
285522067
95838461
248001762
119821730
258939377
335420753
248508203
133093132
104703650
194970821
277840624
226695652
348659089
171363719
296644085
46558386
88134116
383172897
297463892
331640367
272808149
426992332
36792540
115945749
231619552
71403867
36652844
361951028
24467016
414954853
366590341
137562761
429431216
366987276
10415110
38726457
360254220
210467570
273280849
402955554
104967227
358647103
380559710
269024152
380145944
72469239
348995601
410935364
224026973
388750524
86653172
252242672
188376532
298245562
76966760
99242637
44247456
421539805
310601159
17148721
69814867
140328606
33705233
402680774
202451592
208251320
185832348
287239284
295436867
120561480
337767208
101141382
189714209
215001318
410368981
291718443
75589509
362649765
247925856
416453064
433130178
271425329
61598371
155968614
57614129
425708866
262156452
396237244
313632326
317401213
258977251
34004547
386446393
176540195
276048842
211166239
102429788
285810636
13639992
413693456
219168573
174954926
311835578
72350149
364861854
129234116
108599070
133905942
167430416
215773155
225856796
264790279
225372195
76319866
8055386
201014059
103149095
147351173
109842903
311678668
176972217
104976372
390370543
340096583
285751607
403142470
149327902
174599376
307972183
358485821
117310572
332898923
240375963
49344165
414820147
7883521
216660743
165956880
82169027
32907973
440072719
41250001
184665553
31824663
345766030
88957983
413128249
394458319
223295037
53660748
251002666
144573634
62306040
43194606
416369606
54318748
312055220
306625496
202741079
400656604
421385903
233978743
102944352
162874558
133580699
9839803
7457347
151707766
135861095
334334369
424677027
221765406
395033317
1304746
307065731
220954081
15369250
199759138
219342928
132909674
163515768
330374383
258049787
108022010
413383446
270293225
252068073
431979738
347630331
142247924
314446834
252435331
73049068
429342797
134180541
284286733
380793524
211524945
87018080
168530021
33945463
357029056
235697086
6365212
356816385
329297639
69966383
269440483
304059335
364988104
12928216
217463837
269017031
230880347
404809302
265849081
355353525
84175992
148290988
345305117
37855953
69910704
76743771
160220899
102268372
128077251
88205193
25463809
18526834
315214793
94471744
48593078
429083250
366857411
55992903
44160399
380993594
225896589
374433929
323141573
130176071
391723727
11941362
82710822
177087540
308657693
257617408
311971613
246345756
386680692
117045101
80334220
355730281
30305832
330338998
341358026
306418824
138598656
15039238
55486577
64206615
75782626
124575748
344803558
222900305
331148246
15287864
215271280
319216193
309181414
351931859
378118376
101362703
334495470
239207457
338971349
202046427
158048930
201677523
113422304
221906720
414898357
340264094
409653194
388869903
83333855
100416938
57848110
133901013
3334551
234032638
113227178
159636705
57412739
349912203
13280752
25885525
438188415
213805470
389949668
287164371
8740867
165603541
349632099
66213331
261717241
62456802
383893281
270225148
152485370
258970556
41559272
406204972
297856242
12179210
366755230
196747479
27245707
249177475
128016469
412569016
201363700
201453876
151735499
295712897
436687843
174200558
319742695
225485122
119337865
152240534
316001259
292557381
206973666
380574199
30193305
33275367
338252399
16779019
265512488
308973517
436634134
221050982
423884219
333456583
404332882
302004514
69210440
322562741
122811255
332616631
403696316
69988276
159559296
7689188
30584911
411095965
252081843
290573253
347062329
190993618
314789534
148666818
419933080
288809538
218403816
188387221
381038461
22788495
89682613
275441068
67618188
46945988
87497228
244567849
109990544
121367178
3931067
79958542
213190618
334620881
106631295
347460494
112997718
374796580
52031888
27472520
171254153
96760270
306876365
183700203
161386662
405946924
425962375
94206865
105601103
134062083
250080426
360355875
365935410
224560665
373351438
293937473
140556984
84787664
283112260
93134676
164797972
166818686
176775066
369031451
343106802
125624949
47139878
354892933
257677931
237626647
352470125
165757803
66612065
409554229
30025688
349344174
194077479
284455599
185602207
132598517
107896161
248768477
198187608
419649283
331803433
263349736
81033201
14663818
103792388
336463511
334912558
389251202
136045943
263110394
154863828
190350646
72085964
19730717
257548301
25309318
73844312
137632401
208457677
351953802
407534637
114263934
293899416
422323883
69033304
225875963
100582463
104035108
165640940
394846939
286785470
274151860
24927247
429171036
110509674
67126202
221292234
430576633
325123883
232501997
363845894
374084508
186663106
285508968
409347148
25193662
148669659
369340960
92965137
44550654
252969775
279881495
140920943
57844891
193695273
410126199
27039440
389231089
3804365
106608170
160350631
151282731
221898407
350227059
286830815
419763044
228726957
357657665
4149861
526975
172547374
272999022
35949633
21302090
301234637
374049823
308930008
27381530
10072210
403387094
103841157
141069688
141930922
310443791
349648385
110710108
185739874
161264081
36553533
117250759
368277391
239497925
123982691
51116588
171533939
325545691
64536504
191897832
363926953
413829941
146990053
247891652
230038963
292084392
291052099
316524926
312123788
315843741
240553743
417639354
38128419
377928515
154695122
107048328
272195022
414621479
431248601
162414425
126531779
227361620
26035045
435545211
166248068
46849957
200181547
159675033
108522061
284282839
105104815
87975068
399319072
83722101
206119745
89720778
432570731
165565982
118343031
111251051
337794855
245065139
134772897
248025260
378519260
70063738
301142297
63879340
276991304
170296516
204800537
360327262
358803719
144780954
127773083
381094243
382606574
99577013
66599097
407426679
419091521
168766800
433325063
11579283
364186212
379614399
133808896
225097777
405684031
391513711
249109987
172668676
131629487
50796020
135213201
139966156
117103288
8149422
38940132
160588624
157431573
158957287
429915437
105828015
144652439
360973447
267589751
368699121
69842348
73473094
102704933
147287801
349880291
253705231
192248248
224942387
199965795
100181561
286753826
127565801
180927011
75838550
66277873
337305087
378857532
52300027
154039009
9335393
265309491
307650804
95140308
88334008
128818623
244748443
243247068
219283889
273067662
13319710
176663998
293180917
185112385
434656935
182379446
118665364
411637019
258179693
28200948
6155843
255263034
413564011
373034752
169990565
19213462
93568702
316778805
171502899
51151376
300406485
66630890
329663380
305626913
247495577
110874317
22312569
206923344
317098181
251991443
4308702
349538902
35895992
267853582
83760765
246731159
247796366
95036065
97252733
97043555
337991749
8643978
243822141
219778320
113192404
407609210
359829355
285091075
38086046
301032268
374204747
312389695
167979784
354954840
308745026
286634951
261233960
82555310
351129062
16328884
147094968
100717702
90017644
327782531
205885622
348396728
264383791
82535999
119559663
235312605
31420044
93939298
91479851
405686383
99253676
64278901
288067137
425575330
377172985
216692132
339983852
217756430
160234006
386509127
141460301
142378061
350055482
288873142
346424868
37457214
230763420
377373649
419165213
119901852
356428857
298668203
437929813
270844380
337982110
27566438
324840555
105489919
201841320
191207830
370846289
101055543
190030105
133210299
168574502
308804203
363235385
382402892
344106914
386352314
214298733
400953292
117206659
128051133
93094722
91245815
43306034
315250937
101560181
78096723
110276997
388192001
269248819
108131102
120715344
355814168
357989132
87236043
346748981
172816925
439999893
196589418
405960160
248004818
410884580
415675047
239629122
298421470
92183358
225568978
421795914
185444749
39452052
349747949
117366750
162728834
345849412
384855714
249544899
216869385
32813353
83671818
288789210
265316096
66486526
408731640
79673330
316284196
222430161
368754067
25176131
367983964
183737813
307793628
42275690
24468450
304888515
213203028
64675286
388223855
78771384
114309998
278871664
50370195
436072885
137674983
155512259
235177146
381496259
438530892
204225077
105902754
31456989
16342087
375062185
127841461
298438186
431732006
148542471
66375229
212008170
191001037
212853092
37116058
24629898
161412130
109125740
236874850
85312880
280476494
10474569
338974334
181914945
397473958
375952416
312882308
323025060
263132866
308587819
182022645
359987255
52021097
111205923
129243437
63090652
386636789
414066976
223585625
84283861
343340727
198986889
137832122
228952559
368823317
234435931
414821708
80094228
89601558
403580378
168724744
192737735
434885217
439669875
301864264
117502141
429679590
222821398
246751457
53187201
263471194
386162461
436740073
156139288
282709219
412502022
210806307
146877280
389050357
97424133
312846501
39539091
394911932
352300820
320059265
32431202
97646073
47764568
144332672
199033891
377422785
67130100
174807721
398266534
88371401
385625392
435440405
381033035
355830030
93939179
219423840
299397426
345808398
95207415
288619671
9257473
275914351
330878790
157605520
311808573
395579715
392867441
20768215
40869148
413333027
61759696
54734772
53215286
18206667
291897859
344368432
368743290
263899086
164678017
192281481
50149493
254549141
271584771
36314570
22851204
15653436
338396124
418049201
394995228
400283428
411966495
194447135
94278052
345103354
45062801
192327051
167476556
410930472
114735746
316413617
152603581
226385668
243388806
361942318
116136521
117932867
232076624
340341943
248195923
214030724
427609506
370154162
64462530
202999503
430340537
96897501
177042756
352543464
337810638
303078168
45384418
330182344
310218504
421707325
265970305
148750419
219589623
300775475
203433917
303669767
67455214
130726169
166642090
396414128
53266420
336648806
242451561
230011822
183564543
53870747
301228564
371523581
316843533
2040527
277080499
210805148
65398076
197875537
358944123
240863994
44867488
49503977
257717629
428367882
40590871
142076243
297379761
226188351
430026422
191328574
37855715
212225978
53804645
91928331
38132065
369307771
350462889
137961181
197944137
95645586
70546651
117954959
91517504
242471322
369926602
185589047
389325541
70492611
247647787
295384890
203248316
155522024
263217108
127603828
319429089
426640540
319712801
307814889
100352109
222264569
365133472
53284934
135066776
279925670
392160749
106686141
132949963
147293290
160878017
124803470
365703497
52533092
300649187
68839973
106650910
137877244
299092961
407196260
95697767
136204862
203622593
335675611
91379592
18152030
179770351
156884435
50053008
391156020
389025145
34517795
26799449
389976484
53185586
410285514
109286695
438643436
408602419
125164569
272163000
320081928
44359439
113868929
139323648
284683975
64509781
151731576
287968927
221988008
416256725
414947837
338912363
397982062
6569679
139789875
218032953
78011294
322781594
243430847
171108897
178506396
62682296
215149401
358769242
337852202
157126864
216278343
416138283
224047478
92357901
366966700
417552632
433729926
1546589
57203658
326053392
25149119
317291513
162454151
424532781
27524448
336021252
308107436
343364261
394608936
38206394
26069877
156203145
191004953
303459031
25573957
373601084
291767134
298949875
166669623
37001172
393593680
286384867
336227132
15792846
224888454
419765499
82526559
293600535
14548698
174502169
146243900
168972804
108574815
75308827
421647267
192603188
160317897
69509520
331800758
59806561
306372680
153093369
384500726
293794729
240305186
11745775
211395707
109999647
14426508
31469730
259158567
116381316
36513763
228548376
132048794
151168166
185989061
377789219
169561387
35857726
103961360
386945190
193416344
263307052
193478362
359005753
202984368
433906226
433399129
131259390
371320197
314566970
79659882
202447949
8864038
324042959
932222
172413023
384070556
76737609
170282304
312415234
406927336
402816530
172162034
348677091
416989534
232035361
401155209
259996705
198500300
403815512
219882305
433264476
332369618
91823833
322114865
288418529
88196896
310662498
76866867
296220663
409306287
352495919
247978762
44891929
237622821
367485849
216966829
400915006
116350008
385126014
52057446
35577019
157668617
138395523
151148868
57409415
16368856
163407680
171990961
225636395
334193138
306262075
95233126
299237151
320378749
132680619
395972827
225094360
279372128
174428208
255092635
153108114
19120324
336658486
261202111
314131768
40268935
438495093
66507809
387711322
178171074
307306154
227240346
294763860
306947709
363403305
308713787
4444761
289877949
72521091
97831446
265835953
73296827
351984404
193845694
246180038
309981584
299466964
43469535
91577828
338592650
298253015
330644585
226355801
148207315
183182702
129927809
126447564
114130999
212382534
371061433
138444139
356801562
48532861
424195841
71072169
217814784
11348760
256091872
244084745
35005432
232226792
188969200
321193320
219435923
9723073
102563850
76926467
184765307
308571540
214289212
317505555
425509194
316369687
239899746
183604469
106559676
179196379
106374849
81777120
360017414
238321272
230554654
433909835
130038150
425585004
149488420
5377988
248309887
228047592
253951960
44032555
177532512
247681739
144365268
41861520
434545972
63945129
427537147
178085401
90147817
412682576
196475610
427830245
439394107
135798904
89060450
324959089
120750920
183088366
177954994
54202566
244574767
67701015
173162419
188368777
392168208
209424622
32857877
313881622
169444127
92177987
86337004
435050760
245623074
161204552
278997017
133483257
146132934
362390358
275753293
5435510
200209817
77919237
331945410
162820164
74174843
337799871
430124582
75638246
385886320
433494458
96255557
173715148
405983510
133933776
391612595
269790551
94473684
326673582
410669582
247410868
384708484
195972207
301309322
340109507
184043504
31854420
268712029
95224780
304934558
147042007
394046136
295081701
34379006
58716874
188628183
334903622
120557901
46904395
42354054
30732633
183650859
81925585
196479937
419563701
247236923
96948051
427528332
33842627
283050016
81330278
183360741
17349008
256407755
236141028
140480432
420079700
260817510
350097139
247751498
210129760
107275465
240336533
193274287
42056710
36519807
362802602
432747417
233470755
339175151
204348801
278158592
103278079
326070437
428322272
294668743
116446235
154537631
336660705
134866223
215939979
341835088
71975353
405003026
296742256
42232574
255249704
235145879
22245645
436753632
351945867
203350444
114766527
58475772
335717090
232060838
308434958
111071014
196199213
150085687
67654873
246894122
313895640
94772921
354055859
110054712
93670337
223773253
338834815
177353847
68017379
118939045
151126330
149455535
340363598
284775475
25784654
49173561
405141576
23444592
67659474
269773311
102885602
82220547
23984206
96373041
78286110
53028925
296090090
75840515
190882385
390050467
52222924
167967377
433614924
379932926
286317117
167263879
168428635
316938669
196591883
52028252
218582317
3866719
403407358
69459605
97687400
256241849
224746217
331721951
299269995
408271779
198797571
332508802
186146445
4386503
270070801
6842758
395712729
233177648
175475118
129018998
432672507
2726514
436114021
425998537
262858178
15326877
432482435
375001894
19061536
69740252
142321448
364406634
279969274
421529162
333255432
52086238
420520323
439251446
323205974
384918790
408363376
278438000
174128452
434162574
395544241
316859335
153088895
114129362
68768644
833069
207246856
148566983
394122358
415360088
384942431
94402360
155082880
277085036
418636056
161275402
230379775
105000149
328554172
101619231
377715139
299801931
109589088
91626678
96925594
49799722
82655279
51051290
103169076
103299365
250110194
220604424
72334700
369388720
87103052
264001536
41266996
60217270
266787439
6892770
305460722
396526572
142231147
35121371
87764216
301833039
244514976
48875756
109272322
271542315
134583821
182835833
40944532
424328324
160305912
271969363
262230960
16526237
150279894
64364577
331968268
65817839
187650488
204716532
49631629
187174739
233961205
125937380
371233125
53883717
375190432
104421767
364411272
285230983
425237960
350888003
425520106
228690333
49298619
294130979
363673098
390412702
7909433
283605742
329760874
17580526
27978411
45330075
6679919
193379586
328994401
224955486
420789046
32766063
259515108
288207135
22049931
128453039
239513336
267058532
272787035
93840231
161757886
404105818
152560547
5578303
106430892
22794358
238683694
189566097
73620447
207522059
260590938
338292456
133391791
91025162
303138323
257451822
201045471
158350655
174485692
104624563
373579576
158445442
305723815
388653988
201787280
427515596
269920282
239161398
217640719
47143844
135808984
19338061
245960513
389215120
385859150
85399481
227120190
338817802
184016760
191804572
8628054
143495666
59199621
254191928
119836839
200645549
101031103
226400732
193208982
413578580
277927143
368203340
59346214
238210893
361774413
283126891
330154493
51194482
358006450
212316265
335678519
316228848
409252943
364716184
290943812
13856993
286087656
11668012
110940566
318943414
375082881
254024363
92773735
46053546
303316973
173781373
92237783
66820510
86219467
426296153
256475416
277163709
233848952
366537777
418654039
149243507
76825315
262310738
410854468
84227168
262150487
320838983
22487747
22787124
41035610
341094228
149940301
135560527
438635707
29088797
360216878
43049670
78260678
44491595
317711356
350031819
334939939
302550781
149119177
385997948
163108013
312357683
1355992
78167234
94404610
423457546
436850154
64210903
25059436
438229405
53819817
248234168
417792046
271389864
339754171
435631734
416768395
102333207
387131151
103993636
224491221
106726414
119388279
356156334
93117498
117541963
156393263
182113550
157278067
224881189
192448738
190115169
183951238
124122866
92323549
327189982
53930199
185036967
198900669
388452758
274575689
207591955
161608715
283959891
380323799
273705793
213088375
68739793
66742013
231448271
352046578
16761176
57685178
379158358
238873536
363925003
267143171
313295636
322751113
96212372
73736238
102733523
202622705
226119033
125604159
291907351
191003518
338354117
333357264
354889708
53202212
270793420
427688264
158881505
336576644
167804808
321386389
382734978
388703214
230511392
437283135
188412985
313938626
378004971
138473782
176176243
37428680
326026540
251364910
91727873
148221467
232583816
243777247
120825306
245937710
314151568
213957685
282529161
56891641
339514992
349684536
206122131
145411958
418105621
8802520
311564898
14300770
65892520
249113227
335029590
95096969
298447215
23033263
104778527
123006615
76359678
393411399
301201304
168151613
132835346
383277788
73027647
39079744
54336658
90083693
110479022
334317612
139795723
431624301
42259495
93207329
369393482
287991074
234010738
48598081
302639132
433254605
296988309
309828405
107521689
11562185
82052327
151039248
206034567
256336255
389562853
327564444
198338167
400440838
139174137
302234920
201185638
136296949
168046230
50523163
42578584
69302662
175845608
255061627
346359552
278510475
7020954
295632776
29373760
168405569
271396112
54786449
211584582
172371516
238509814
136498999
371037732
216847311
210331107
194946075
61123862
27959680
79375367
230150315
366795992
3407406
257738277
36839279
170548951
425747827
13338233
271234374
34079183
127536690
94306459
343971619
402139946
243775374
78074070
379147407
355549355
299388289
110164463
276731481
92934912
125663430
356407545
26182792
8672664
407199521
260100565
349924720
418036512
12905470
331797143
334430153
204410167
48155509
19936976
291222208
53619693
389517219
120370237
321956295
72957796
265285910
114102965
44119103
187586833
114227064
399118345
304735102
150139265
186728802
27109237
340307861
274113019
196116932
128074207
428114170
48105189
332604873
217161942
187808835
10001229
113457522
139800108
107388832
118569626
38249361
344086596
152915405
147700299
105568620
47632790
142318537
10032597
190058081
32091156
298166323
430599073
407359571
170006838
85495342
372174780
108427485
33603999
151691109
252838165
51574343
439851524
366514037
2983517
133036232
4907248
255662762
293316993
228487493
5217559
155942548
344713405
177651825
39565306
344743919
8222927
106069330
235621235
287284077
159359789
294517462
41468468
122824438
338478505
30472300
2270026
411814054
98454645
354347189
288324991
123557870
138222076
334288587
387204351
22371940
56413223
325783510
143309362
401348695
239597768
110577696
125211866
431552360
355328405
307478690
276647698
127113230
269714976
138474113
69054026
154464309
428466867
167637730
20343860
406572047
19671522
122393478
384205225
13341448
343992167
206764187
356086137
179490370
30137224
19165153
107434863
230321947
124645271
178586383
233275182
9783793
279859114
413995340
26661326
88093797
191859676
264563009
19290164
351868736
346208319
95041509
376031798
241302041
431271491
187317569
192439861
324955473
419752852
209398815
368746393
120074778
64020563
295806929
313387125
297183723
308424225
134556492
10453462
151519001
428743578
51741752
121627991
248559377
261280459
85232893
402926696
36841272
42009169
24372392
74215509
229168823
280798338
177715382
349892523
73147065
35351868
315259465
201822986
366198804
114946697
255802603
71941979
116084484
67065178
154350965
359325035
342381492
199975102
168752452
439440901
208010980
114716376
69348577
345947891
88045004
367949170
100193475
432447221
271931491
323179134
418574413
231080177
53227329
163119872
58466431
311359758
234589610
3353025
28939591
241881014
320536192
400356991
83478948
377746374
211235888
209765053
44993647
207701606
271700941
82087652
61023251
38413914
192106580
190016249
207708422
135684645
393230293
294768651
30474089
262178689
213115107
207968668
159114241
116316509
336383817
155015446
79377478
179783659
77723468
146174350
396386101
269592321
293428084
102931913
350325010
434850223
155770594
51473477
348778527
267939173
384433471
420909405
218143603
93466341
421168971
123060598
25305069
204956982
317836443
303084138
290783182
149549193
153263676
393587532
127098500
421482431
73177481
187318252
258857816
433299292
307706703
79554806
246521306
327724710
189887476
359624192
428016338
421032052
410277127
110105934
325337616
314194223
329785410
188803819
210111679
365847725
409142953
353341827
341704271
218603703
50960238
70064977
195451927
134298056
135631947
363009150
352893727
407586638
209492066
4159281
171155653
37360219
191028405
134984046
234335773
415201229
239685683
103257809
75854462
421088110
395718633
391450289
222173376
22998535
313525316
169598504
69541690
113900065
120470303
33486121
167129173
22991183
127811805
292002857
403238475
422586772
128413803
429912331
354277912
1774889
434814524
404792353
63301698
10234732
434133510
347006465
264577875
355783709
285725858
46713666
400652281
193731638
394219567
125738419
222923751
133691055
176407558
436221973
350898831
367789055
169377882
171584925
288925342
128571164
64386493
164877940
37381628
203487873
16650364
77255515
52938878
238801715
82515502
373961096
185908234
111887436
102173379
182632797
322122067
15467970
400981160
332187902
322168758
227917538
211952477
206055226
349182213
370534304
74005284
107260437
413453056
11150381
62568832
281158683
74251699
379248652
384491327
419296122
220997812
241312368
256934874
144845302
173190129
418387756
122784146
297017846
201796280
11089997
396102341
222643494
230450988
301091572
190081207
259222577
166819448
400718979
194125361
313788998
97255274
156089814
397750888
317140848
81847809
32861921
185757479
51826242
223931711
281163940
381930707
242896108
252718845
206515668
365923529
332072562
437582534
13993869
156976182
241389768
98210929
417286498
337696225
289909797
213597743
329266828
379255966
413693054
201718880
262077587
427989256
191173595
13111803
416606202
201415208
348080328
157186185
391264813
291364630
242232932
375805954
11747536
110790605
261091166
10392939
329899197
283477631
253396505
223201710
407305590
59771151
221986493
245497321
401480351
248819915
299764876
25764262
276059766
258404572
317623794
270988288
33602017
122607814
343025551
100536645
283653128
250482528
295593430
304286833
241325552
173639763
195458214
256145497
175403905
61913107
256774765
254857871
376291478
404911297
429910420
367676088
129378482
435452262
159597204
314750791
352509114
175872659
314858623
402726199
151342532
233319099
5381991
347233119
241088306
152786045
163412209
317171158
238364239
158261398
405643060
327174355
278115908
236946005
146750426
128491795
64950826
314996450
188038490
192171559
253703867
416410389
419403633
102675296
256686712
87249083
220450597
173299593
269163425
85443052
27738
278672571
109873441
405446778
416508908
154523578
398818749
368242398
49894952
401529894
136943417
366976148
138818348
194561388
342299669
103836825
327873398
330792553
65529569
219141942
163392690
302027732
391013164
338424508
420505144
439714874
438932184
270198155
267725920
33343112
287638714
364150667
64243898
415486435
67344914
123623599
202052226
427067873
105876618
322334232
60947901
324470486
309728932
127618927
368293045
175321964
108879480
248930955
119970902
215931808
148896673
410493905
366889663
37076229
268938032
646449
257047161
311042431
414902717
175055660
419655559
430419023
210839123
324528334
85149284
204152243
296954573
331341036
368633810
94340268
381313419
282178473
162178643
194596047
31444541
4279791
196684833
207186234
306875681
151684579
148333282
402980535
237940115
95527323
259742717
160861828
372863331
68233517
86211871
117041954
388340813
364427903
218239834
222942197
429247592
322423055
60669076
19775563
52892016
292852796
141132421
78141338
67421705
312154146
222821201
67172049
45446889
348141494
30489273
271627080
363578123
19814983
418780286
166560603
294018106
263372771
220867180
285129972
39246213
264551768
262725124
414007069
198642958
263373323
318545326
290770202
418981631
323819258
325934590
321703583
398244974
115294027
38891950
153696241
89786044
286580930
330812883
211275712
91010398
240971540
419383716
229592485
359433551
387040769
407237221
101752814
179058575
413108568
6881194
339767857
433924913
197660316
231728192
313374166
83749285
162767911
385987706
90198155
155236216
79430638
82068593
127711835
382205546
382463534
69184851
49015974
120433572
199446680
149131738
214282949
277223085
191544434
283025094
415323067
280898528
298399059
92832147
199510554
10497449
393356827
352977654
283524037
427680066
187461991
249210445
83463297
415831683
516795
209093217
352941761
361751450
86346942
30311573
86324586
201246484
423982938
311874622
61654376
282901951
37785877
134542591
378107517
129725621
427402599
63303821
55766082
258614284
378536723
351010970
44144528
326393914
29175250
13318171
396744492
304640605
46473606
255683516
52972099
341875508
140993906
425738931
411014685
403484079
403712316
85661791
404350329
369088911
305624517
173929095
6645821
6065221
166333447
203493506
419886886
411964900
315013463
297766775
189297319
228916607
350406183
376077445
257483606
20528019
86290531
427798774
104849704
173713119
2872226
217260704
310326706
231917613
338582081
109685839
12340788
4554087
283803694
277008157
237258965
168433382
21206010
300406989
386575484
217262960
143887919
254569944
63276624
427396
210762024
293198747
201795194
309609894
285394588
125898693
286887429
235403259
115276155
316523980
98779304
126937745
171220629
145276775
359228903
429841096
107530430
69810099
2602270
36062454
356081978
334313323
436035313
365420649
120640737
341549928
38365331
276111259
331946733
283311171
431245404
76837588
247035312
215004660
379635003
409609201
400744003
379259075
104927230
345183207
142523476
434344286
206466737
51025635
334621460
433237252
294410763
413865271
88093378
421851308
148205804
37971618
73034484
322365020
106130633
89002722
64540175
365204280
88971401
116948572
314520123
431203652
218565030
247595829
65894742
179205101
52271862
352371924
347613904
264257936
5056950
231055506
120645005
416557977
58591224
405326697
113193087
247741959
387957131
100339424
258185616
259754921
130907991
176331006
39556848
108515112
160375462
175568643
256921846
382707592
365333954
246384286
74716946
406479502
101214707
404655851
367776430
219447829
86248622
375522696
415181089
436963421
12065735
378601549
286216985
345737928
89701904
279654540
110362559
187930803
40685494
34249116
173456872
266201231
56621808
94015520
220230280
268423231
332234561
88746308
275921800
120902358
29651376
336175134
166730573
282404412
417015466
440141319
272659281
324903090
144721392
25664657
53815965
322430967
200410694
336294109
6232137
252014529
372799172
214529583
354436274
397887319
403712732
56679669
200408133
110367411
62985826
271608130
383055383
364444223
331616653
435214189
366252218
408085594
244666440
27647394
168478444
14781331
150978669
227833662
349856635
288267278
413475177
59566133
9072600
274702484
222924472
287203367
169321875
20079411
327712284
400320122
157252863
251611183
87044979
352117774
190131704
93408180
431510772
73893679
213400386
401517265
407495943
272209374
325751586
235887950
227236388
140236367
300618917
175949877
106573233
165924738
175613248
19526126
13519568
218092449
33322467
111317563
330728181
258388639
167538519
8586879
119031556
198941467
114912336
88838443
68926395
292947411
354006102
147134017
172187456
196337967
437503453
408474781
342053715
224696137
211971959
332943265
439619513
399403119
34888948
60664620
227421679
144237542
298840390
392739802
222877157
297310779
285954749
437466107
188324554
133618115
427146816
344273479
81070444
301646993
418585814
240317201
168103162
424545826
416111540
330053013
200183724
380132758
296420975
262625756
367264913
77532808
59424011
274193122
15310513
281495219
318978092
302614973
273624246
104914473
326680666
354408307
304400125
328410284
386459078
398573633
207225129
407917358
400896540
57043031
239081765
125442586
95788363
370581062
292749425
352273047
237309919
223826990
281398951
314554524
357460049
327240847
190302163
159812583
180527601
263613863
123503426
39788154
165413885
148634789
180332203
71729782
158687384
314267579
14698092
12237917
372069908
270117932
379748190
157918722
295919012
1622709
148649657
40905982
30959233
363180097
298683929
382539836
417422526
391022348
217552108
100408735
51118532
298046390
139469872
238168940
132053803
193817297
207135157
258008706
141043808
85737929
20664667
425711628
332076182
50107552
136679250
219431899
366662540
318866900
383774122
115128914
327191967
238470872
379679070
425949154
79706471
425663472
398105766
66607762
72327742
377993866
248498547
118696801
155278337
229645803
243784249
437548000
348589380
124426861
126897152
127625572
123847993
