0
2
24
264
3240
46020
756336
14241696
41864466
7632506
13176269
35247951
34968324
19944548
26555704
36278861
37542146
16461229
33639986
20912550
10470300
288970
32008036
23423775
1060442
36542403
43578669
35468221
12397087
5731931
12364236
9423378
37970197
20340210
26426326
10408630
13477388
32890244
33057498
235977
21040540
39583831
9798959
30077566
24010700
17989034
20576131
1661284
38934065
399361
28749080
34793770
1338521
6077647
35155340
23170618
11265634
23309327
34093986
21551744
29230657
16126690
41108195
26562162
40705094
25993082
38019481
32254157
11410710
5390708
38582171
12134754
11805372
16481413
28844556
393963
27446310
26279052
17185593
15995030
6958134
10212322
23083530
17772380
1920661
11919304
33580693
1869033
25820380
34435598
6701409
12156988
5156853
17080929
30098888
32736854
20379321
41226576
21447810
16593451
36394956
8169795
28065160
26961519
42248312
18610027
34962546
42364235
10008872
6933645
40762095
37427293
11262283
1480356
33851542
17470549
23065053
31613226
10797711
15034849
33928071
10138160
27137301
20673234
19426098
23894626
7111971
43313832
30313204
4314328
12397291
40539453
6732363
24472042
38307754
29773314
12654041
33972324
24002460
26622953
18689901
11306397
4185676
42663541
38348141
29508952
9687988
15192040
30773769
28812479
8484796
24410518
8755478
30429741
20202418
28549396
28517809
37460765
41614751
33028975
29760365
12076562
21276134
4926871
29683992
19596481
43500174
20191659
29173566
18681922
39175115
10270585
41274418
3557373
13616923
19888286
17787275
17510245
12060884
16582237
30459748
38548989
23406286
18413438
18987342
22817875
8124706
37867824
30913998
25415778
11580351
802642
20524546
24129122
27258828
32951748
37719486
27207016
10224685
21970547
3172284
35877725
15512315
14344905
40561606
41086075
27011624
3578182
37027518
10230193
20928150
20204694
12114863
40732326
39545049
8779945
5516594
42523907
41808897
18858641
13698402
10271466
26456598
43503273
35183409
12041694
4729614
26893200
20951860
34002353
42446517
37949814
5829761
36298436
34982614
37044234
16678006
42925809
31454335
11656310
8471812
29916318
930411
17358275
4055989
7330017
26834260
32154601
17818882
23739574
21287249
17072352
35137972
10339612
25839221
23280738
9210806
31650932
4525578
16593907
11943855
31849715
42654127
20109408
4707993
14047442
15862426
37289612
898681
26938011
3432685
26027750
15040994
9984487
27926185
43594772
24795424
37554033
35231896
8669878
16733991
43171024
40356409
36636307
35107418
10183463
8073736
944762
20083921
19138261
6695286
35501149
29506463
29610668
6186064
9228701
38384207
31879978
22804193
12355180
11346995
36149708
16250291
19292138
38548529
595368
17268310
33808758
34581289
4080740
4894518
9127389
22003297
37742474
27402133
28026935
31235121
31751999
40487529
22096318
17191747
21096114
38405204
33119809
37746104
36663086
36985887
30685359
21092168
14577637
12581980
25170513
34382268
26338941
17131585
11618387
33761846
3913618
19923617
11663882
5630039
19099684
3428515
25758711
28906160
32140854
27501953
40566870
43550421
701855
39673548
30433144
41230254
38020032
22353088
26429540
21577431
27635187
26465986
31846240
30861194
5735892
39608493
16012009
33736832
4282886
19677972
20455054
4875813
4521938
30543688
29175154
36217051
2562918
13621103
35727708
31977920
21414546
35895612
32242370
4285290
3699498
23368877
41706028
25996141
9342467
31868113
13964018
18977597
36220660
11082081
23548107
29750845
1306719
43018282
27039984
24853396
32284411
25008465
1982225
24159287
13906470
11706146
8468234
34623680
3786375
21707125
42933324
34530945
37851023
27804567
41433948
42791868
33623111
10044781
11723274
16168401
3771132
36591915
78214
43208141
21558749
13935374
17104232
4287886
31510197
20316589
9975864
34645149
35048290
31952650
31524042
22869871
13119961
31279213
14932069
8728058
9981200
22589095
19605969
2424223
4791621
4138583
3598448
21522374
29064546
38793129
20915852
17839464
13082444
4254615
43199174
22719286
23596005
25077399
11876792
13504121
8806985
39842281
41055
25581986
32382289
15020168
40516874
3861819
9376553
33378946
38797122
20892703
36409323
8691467
4598151
2387260
32924644
5405738
32679596
36171197
39510485
4552711
25392281
9422417
27736142
34109411
32935233
34060969
27170863
26503037
29958705
33997294
12966180
17070775
31715271
32286583
15495969
12171187
11344556
41252657
40419988
43620414
30015156
19766936
10021631
28718161
23638881
30122356
29631685
14119293
27558443
36737361
29455055
24571923
30931416
16969205
41718114
16388611
21341961
30398183
4999771
24471903
34486189
23335451
15410890
6269380
19384387
41181831
19610105
3876604
15411182
13790930
21721644
28578640
39356749
22658228
9095090
23252329
1966876
21296452
38277843
28854783
6924297
31571102
24017959
9901397
33698327
137528
36087022
20908724
8327123
23652010
22521587
25670412
6497816
4633061
9370865
12678047
42435189
33950871
10727985
17461044
14101835
31090545
7115391
27447025
18635999
11996377
37875180
17230716
24275679
34733578
31751067
27357824
36926742
17064370
37689115
37483678
22780627
17954610
35845522
18917904
25191417
36871614
43176559
14797685
22824608
28334472
42436290
41567182
38288444
26905603
13354392
20552736
8799449
39392784
24115697
43544395
15853623
12315
36588894
40204097
19066
18337024
11618512
34054388
37236147
9557735
10176461
31747375
22231657
19621630
37387153
21950583
12590170
27769318
14453686
3020565
29739549
20314953
37645877
31432297
35327966
16254783
19303874
26619599
14359012
26209111
1802551
24962749
35066144
37349330
3180287
1496251
17636795
28384318
13017578
2203736
21268469
16027759
20884548
41781794
4548271
27243724
18509465
1798213
317161
29908297
20419927
14707788
666845
11999942
10045700
33145766
34219870
25918146
42074030
29537057
15995567
4774731
3784979
10040270
10184154
20621405
42366242
40845226
2648035
37233300
6443122
30848030
41543185
8443593
9786792
15308647
17186932
12302879
14554779
20678611
5370099
39292391
26596910
21059419
859784
14872152
30958161
18878615
37299387
43165477
5237329
20174666
26198579
13710377
10296877
37104549
34583515
3089106
33757402
8455314
12945933
36272228
9465516
34448840
27195323
26082337
9013880
5933375
1486784
38613794
14655369
19383433
36807417
31349592
42496626
28661657
12835168
40032196
35422001
41140739
25853827
334856
15451123
22834901
10987765
37579292
39639147
8330921
12680914
9802475
19254346
19246667
12769744
12308384
33618525
24464314
11087438
36053249
38756189
42150394
30180873
34636847
39904597
13475243
2593977
24448642
34419132
185562
11324438
2498383
4945328
20137393
9491300
24721704
21867846
32869102
21411809
1365976
9360033
25781480
22783375
39908682
37914648
9320875
19674612
11009830
12217728
3539746
24835669
18295216
2968759
18919382
13948535
11764493
19433106
35229807
33192844
25714712
21989278
37465917
28257480
21995805
40297567
20473359
41123662
12958962
8070482
26525548
2196304
3468737
43220368
43164501
6053182
29495145
28031199
30540467
37040888
26072646
26328150
27311360
37554638
15442409
32451653
12715156
35917988
444208
21692672
22349250
15311087
10254112
39905935
43269706
26794926
37983435
22389456
22329441
18578612
23514801
41435024
21600549
32845320
42727933
8273735
17875882
36503590
7401897
27748648
21818729
14230735
39662354
15581223
1523590
30342066
20224055
20220071
38478204
7954714
25585528
6008440
20711616
25211459
34051511
6541678
24844484
36432256
8678030
36897687
27922504
15429811
36914618
2343792
711491
26178927
15507227
934382
43257715
6659367
142155
12219899
21844144
27809122
1385979
9503974
1666125
7081690
11925767
19946130
6688712
23336361
24238729
22766000
2764929
24454810
37646623
15382752
13762128
4775232
23889330
14066187
2067166
16939693
40885100
33724075
24162344
29780064
19256400
38160367
19210566
28933904
31912091
14783390
13879825
38758198
7098830
747701
41439927
8305077
17900289
35591577
1236059
37488266
41021212
1671176
2172118
5938396
36654052
16177743
25910598
42737191
20613564
13997773
43398238
43519066
9681465
38871989
3820123
41282021
10092642
15513871
22843425
22640297
1424994
23115579
34058056
6452222
7618401
5688480
30639970
3360377
21589291
4216769
32715808
42180865
21229434
23739275
18076625
24660878
31531338
33323116
13744644
19956655
6634136
35284330
28412296
275096
17697852
22864823
35687257
33933190
20563652
14547608
42331096
2518384
28459447
4876666
3312549
21957815
36211012
21232385
41613652
34464959
17544774
31000177
20696223
3322399
11120991
13513960
26545010
31410405
19572880
22194103
30932365
10042480
23869968
19041471
39844506
31937794
32269970
15147708
2609581
8604277
18740341
6777054
11795200
37265653
33872448
24030968
33578298
30695051
8017204
24472115
5769267
9026576
37527767
38878493
103613
7087113
43223838
10328368
39968679
9562096
24883983
22009927
757722
23678054
22671994
1845042
12564706
32924536
37652964
10648327
7765008
28495468
29207863
30737610
42243348
8919022
9751550
22584536
36536488
17954564
36752436
27423407
38279137
6295662
40716562
1087710
29030371
5487816
24128260
37963767
32685050
40780381
18218305
25319869
42214018
33068417
19862820
9162920
17157309
24154037
17805213
5959575
25576512
33302740
41745403
15762043
31129150
26924224
16799200
37459519
24591386
20898567
3532346
19269732
41116263
25612509
25177548
34844778
13476670
33512452
43500537
23576114
31829226
23799507
11543138
30205971
37925499
35938162
8763734
23278399
18526173
12502658
7073129
8760616
6788024
34936939
24029961
17278238
13298562
41586174
39379549
8936995
38302830
21724277
40913572
30724881
32638889
36680905
1845257
12627142
34668003
41567890
10255810
2123356
18694042
16608760
642503
17692238
23894720
1912757
14884284
35582682
22646044
28500512
23297402
21001586
12651453
29455866
39148273
30112184
8487067
36109376
31764189
224616
30523639
30474692
28948245
30889457
27770282
21454131
1408513
3579161
14693377
37257274
36085739
990897
24707291
21377222
8441455
5599796
42311136
5765477
40954774
7988701
35453812
14698503
5265321
17537521
8426647
21901008
10722687
43113005
40514651
41981460
40254724
39165232
29144941
33770246
31606521
34925254
17622990
10630037
36416760
33774480
30876292
9683486
17616380
7648512
1035829
28080327
21424002
35060511
2622526
23788394
27307608
7258201
40245465
25647297
14010857
20414325
38041191
13766352
14557056
10612305
29471298
8788787
15806793
8692684
3385067
16172725
37875056
34364193
37863039
695500
28811230
30714175
15628890
25660216
1170839
18591411
13156640
6444621
26695579
25428842
36519486
25228652
26322902
25307594
39856074
36567122
10500003
37177352
35152656
16043829
36083359
33225996
10331571
3168700
7043543
9176955
27227647
17817904
22309083
3199067
37632789
8654917
8455649
19936221
31913752
969176
6013821
9772355
42289646
1784813
30831044
41105299
6217904
21680447
688331
32779868
10532487
38244689
2900440
23346222
23817232
20308274
118155
29132788
19765926
13752621
25604952
37033323
4584099
6183812
825176
14844141
32171058
28802794
10180207
23342976
13492558
31614412
36720674
25733274
18617114
38224777
7926938
34487140
17157499
20104208
3274659
39147847
37167888
21719907
6945279
13158086
34076049
13396335
24486167
23260887
14900076
16327466
607631
36228452
17475383
10237974
4632298
37007591
31406239
12535720
316572
17535140
5051625
40293550
2154347
36363935
26994211
39426438
27561339
40288165
13123537
39294889
4536032
23252680
13917012
40334287
10431885
24159778
41757167
24929347
4746916
39505878
3364425
16351644
23729595
35293237
22510288
24810455
41790913
15670471
13237375
17136553
19953256
25322323
33386765
31379076
15222297
20862647
21632885
26052441
42159224
36481026
19148112
21224960
30638240
34258582
5817974
29155187
2298177
4404549
35408959
8010369
20972053
35163024
7439953
9378189
6375400
34883725
37519640
30801068
19287403
24406599
319224
11862690
19026812
40678881
23727227
33679262
2579340
15914605
3145762
36973360
18883511
6347962
10391586
16542157
1564609
11835756
31973040
12977123
23518157
9614654
23384062
15659691
7404949
27912945
24903862
19725792
23040843
9824377
23808017
38757762
9646621
36981615
36477590
11677810
40154465
41045133
38147
23638702
14135232
26553286
40524741
17778057
12092981
37037244
3868274
34859873
36611492
17709731
8141426
25222530
8941475
38263007
28549664
8419166
5418292
10871692
19221067
39166067
3960473
24274440
11756502
31208733
29276926
20605877
32319384
37033422
18489756
24144737
36921164
38698104
17947730
5915964
38106248
79766
37489884
4521572
15625241
38395758
8481870
23276159
15564598
4203406
27211531
8605993
15933693
36049379
19083293
43409440
14360640
9715256
4915057
41548332
27150066
9357600
29892181
15897553
20205164
15230429
25857615
3734424
2303043
16952966
20421313
20403010
11590662
30979921
36292577
39641234
26915438
18335501
30502816
19133032
23722874
15088648
34806369
8474993
16988945
23926287
23430212
20898570
3768845
36921269
43169574
22645281
24605679
32031196
28602859
9471226
11701923
38937249
16929304
33352685
1456947
37999872
28990604
995975
22326554
32114776
39330017
12709618
3463855
15190646
9675741
38435490
8582411
31160743
19105426
41448822
33703207
8002975
36599643
580634
23917479
30753144
31091866
25136174
26903188
21629312
23280546
40420681
25823121
9648543
8921818
35841459
30777652
7637096
15946697
2098499
41703678
1248310
42649232
327504
12774087
35491579
41277063
30813880
21739765
11469015
43278699
38215151
10089161
32612134
30953782
30344552
38745896
2219717
8652708
15233765
29797495
8852877
10369559
40213806
24569966
26692561
39711400
13131161
2383782
15311523
36180077
21873589
14743368
40781941
10082251
20337755
27664341
16832343
12105750
14523249
4623835
17176482
37488391
30715035
27632150
25446979
24674429
19329292
4174695
33218294
11046120
775024
4273529
3579017
16673080
13232896
31321448
3493136
32025826
15790021
33886246
913289
11179959
29901432
14297163
36959172
10645382
12786301
26000015
30610800
4252221
26797090
4940045
6946418
21330509
40816888
36404550
32423069
25132247
26625514
17232820
26156505
14947861
42370879
30210545
22753642
12565989
5117165
5369108
10373589
16315555
36638830
26692747
2222959
8738456
14161092
37357137
28562313
4488229
19456603
37435120
14085368
36133563
35878207
2003499
28742337
28497528
5426306
2213491
18449955
194114
32256034
12614370
5624532
37581039
42070980
557304
27476491
12730186
42722226
30377919
25406456
22614093
9883186
9361040
6750539
37312720
20184040
11055630
23844795
10364177
11592612
2557176
10778863
16932893
40788969
40622851
27865229
6306833
7114236
11795441
27349708
39862899
37881106
20447959
31866529
27277959
31790562
25625037
35832423
34170451
3896372
21270556
23038327
28487836
35778813
10886810
32505039
42812478
12720300
24821710
20335807
25245651
34074169
12152637
38066166
8212004
8030024
13115673
26219534
8824537
9754477
25480030
41008174
5140534
18785281
14144146
8063067
13203470
7699449
37655010
32019007
3806304
1015103
11642408
24231421
14199562
12660969
32602703
4076184
22301987
26076187
33536424
26300693
30157989
9700003
23676706
27697542
7216453
25782968
35557274
7417027
34163145
6195448
10535458
32427261
10134196
8593344
19438497
32637124
17312411
14916413
5633073
43077248
16469123
36110410
20090105
13920996
36764100
9589428
27264728
34020888
31136650
1957809
4549043
42573902
23677592
31960108
37165934
33987988
17048007
38583981
1017200
13808647
33972859
3247999
24122518
5250724
31086722
42052919
15245440
28406557
21190234
1099672
13646823
24986585
34897189
10731096
26366245
26066578
17175392
3468609
14535267
12788409
39450248
25096769
12782386
25848935
43389490
41203042
765631
16010828
29539335
22991136
6521774
26644887
38487646
2536588
1066558
20074140
27088561
6709120
35651587
38757126
24365645
14725227
4208068
1044218
33840144
2417595
41734366
29751772
18284226
38009659
30616470
18286487
27062511
17780205
3138179
3028694
19876729
14274210
16591705
10484293
10017335
16029280
24963261
2510688
5628497
25977070
31124515
16851337
23427613
10026080
27340555
6138542
9194099
20835882
15204147
20344619
8250779
4445783
23210757
21934519
29791135
4244648
20028370
15552646
11573871
26124780
39444938
34796612
12094230
27711717
27706819
31406970
20548495
22135695
14558637
39922922
43343543
37361809
6834125
20751865
37765762
7347757
11664721
9572516
28013411
29298533
19843853
30209560
12552341
23777057
16875011
35093435
4065481
8016956
7300276
34206795
7724011
21010924
31872932
14248487
6783553
35330048
16897821
28206883
10056838
3564945
14351642
12051495
40500700
17466124
35018621
40558163
37317009
16753764
38422195
35174548
2991990
30459983
18762077
29785440
41697810
31565159
29198387
23728828
43049630
19410722
19692713
13262638
17011978
30667217
9067876
23694740
32490172
35170514
5427017
25059965
36993700
12369695
18415224
35949868
40108365
5708320
17167989
27342853
41408539
22322781
22916927
23970358
27000779
11839869
10642853
315683
31217883
5924827
42126240
38324886
40870062
27036132
42160776
36457727
16853152
13410775
14566818
29521737
41266170
14964097
42194399
33667998
5339149
30290688
1859830
3816230
29592903
33951516
6967473
38854299
6878135
13691541
2498655
13429880
32014090
779472
13692252
5859554
34892414
43323066
8719043
21459241
20440706
18500678
12595846
41249073
41855773
22989221
38537512
20874670
14771851
7883360
22106929
20330978
23338423
35191152
36884789
22489928
15394092
16490127
14573859
33249397
23332228
24524165
1415275
4470841
13424168
39969166
20434611
37886909
27966573
42635781
16142658
42465240
7149329
22714952
30850476
39510664
36762641
43250168
20717660
14252735
12477999
15310618
35672434
34256118
12209589
21435793
29621120
18335580
15300019
5734087
36827473
22146572
14440165
28101246
36140916
17638086
2758210
23777680
26627204
32977345
35032638
36718324
17034980
4844857
15357233
6611101
34692893
15314574
7314685
15318480
39477627
17605666
13754269
22236006
3513922
37785037
40983600
34911593
12419416
39030948
13215181
37141447
37738369
33936209
34848416
8213993
11848614
2585973
8386143
33852707
38663437
5515295
11121986
31755690
24425262
42986722
30401041
39838681
27497570
28486688
14650512
19768086
2802205
42399083
7473274
22221127
39738089
1269717
12798880
11066838
25983531
17407860
43099764
19275593
2062983
16627503
29393562
13906450
34848271
4171859
15748208
7860095
29551421
13364247
25999145
9872979
24528050
32572292
3432847
4493434
6553256
38665801
8854368
8307008
601563
40312386
4771435
34738236
19703855
4189881
379423
15733085
6916870
33193221
11514935
8961919
252857
418756
21672536
10370854
19249231
27048560
8190999
6518905
38918848
22520576
33442346
15556053
8407066
4756692
27196274
371459
12241610
19105898
16749286
40081855
22344602
41142700
34090600
41432397
26429073
35786690
35614527
32334776
2757712
22721722
36842031
20975965
42146311
20045374
34979312
4857811
27305507
19294191
18767998
6724704
30060479
30320217
21116515
3907109
35508033
6192149
12573908
21948225
37090738
19006834
43543457
9384650
1559138
16153146
25882673
33910693
17667515
29496041
12497925
11963765
207059
4229543
25922485
28936972
21187170
14878349
29660363
14113297
27634010
8721591
33278421
35383012
30537195
16884588
27148049
28498651
6903037
32565398
14744784
16491309
11628485
26192992
39760244
17551660
14576694
27891862
17342207
20070613
12173495
5722022
35354318
36032385
29656675
3985242
31416863
28507199
29617515
17165055
15301371
3755989
16177136
27720307
41875925
33961346
29267554
706784
1677797
35078225
15223361
8419039
28631572
15344256
22367244
29981168
37276335
35098509
19088909
6398303
2345542
21227789
8872021
24961160
10150558
39135268
25975372
26887268
3709615
28474875
36338326
36441573
37650416
33197834
266367
5796239
15310302
35103304
38055484
25965386
29697620
32776966
34979048
36694663
17160334
5294436
3261542
38604602
38950215
32765390
18553926
40685380
12378813
20925310
39222396
12390359
8683989
39226259
470043
1986407
5220437
34679580
10566074
27017018
7475532
42826652
34575581
23762470
14990357
5920776
43632002
8667578
31576704
36812572
19312607
10469907
39125118
6067932
31935065
8962190
37173555
3417085
28761882
24749763
14705093
15581683
4260829
31590352
39507296
39092045
13481583
26647554
15262377
23453579
11865724
2136309
19108556
4479445
38384938
18284018
8128389
34247176
21048442
4416844
10332741
3416573
29888035
10061065
14183411
33655005
28237364
24552916
24039528
1349152
15211682
4639754
16349099
19885370
15999871
37158094
21536634
13281512
23420043
40317671
5437588
20926779
38161098
1200655
42680252
27470876
6741528
33732588
15204382
9983100
12869234
9054735
3331466
28952199
281179
10579193
41680292
30631816
37690893
26918938
34173119
7912875
24332571
12947995
8546440
5777702
28705259
13907857
21821833
34533422
41459412
33671589
13907622
43091490
28630967
36379280
13180467
22961053
33363626
7730437
6876446
18022305
29477508
15350782
34872163
2201740
34571935
40856499
36988151
7915396
7363555
514915
12264961
33832813
17321264
27578908
2188965
5687420
24308470
15905702
5555621
29435840
26939225
39233396
40758738
33435450
39298877
37317246
35442598
31686844
38876123
2673660
15498389
38605730
18762530
34871093
37127003
37794936
35001322
21598321
22774124
5327298
22471403
40747284
39262398
1138415
42701083
25178514
24073555
38021046
11869844
19062149
32259550
41655146
643330
40062680
8216795
14132770
4271927
2299765
19447482
28795617
13977710
12386012
38189859
16265109
13975591
40197723
2694150
3861647
10629909
35562986
17810292
23586463
14868720
42612593
17069351
26211424
42970296
29509856
13458709
25392445
7060975
10767748
21430611
14073426
2925592
30460582
428717
19149574
29993807
30479068
6001933
34060994
31808808
4468643
39273006
3901312
17735628
18163554
826595
18257592
20376786
42234052
41777287
6440605
25965726
8874578
39561727
5123681
37314244
12775869
41206004
11955280
28058423
40891691
9396723
25069300
9854443
30319946
42034561
7435173
41654105
15029862
41434481
809360
28828095
15715435
36648510
30369428
5272059
24233331
18843028
4874753
43565879
8580186
16096908
30486798
2029663
43511868
7625669
16418527
20478733
19893379
25437525
12857088
14005361
479366
24957670
37237674
720056
38127552
42643126
39711837
31068148
32781022
1664067
31315745
28707627
41960918
24100205
19001172
13610337
41276150
11218178
5821107
28389370
30433535
4921130
18311002
22925344
31539900
6277853
24002940
29108973
29653794
35428394
11206491
19397713
29432880
17172196
32067838
19730206
3817364
11344123
2086117
5073031
18574801
3419380
39763697
13227241
3828015
38792966
15824147
13332579
27118444
40420811
8649241
37617280
39008641
12340935
39770408
37799787
41903204
4560756
32499146
27880457
27317052
3153121
32105684
1872570
36346322
20147004
14993592
14909426
31377329
37790893
5571779
32432470
10559246
12180527
36374786
1997570
32968041
27184919
31009165
42197999
20519569
18928603
38266336
36681346
21962052
36900220
36593769
16034702
4102457
14206388
34499367
29961053
1346807
34487872
40746412
10770075
28623261
10700788
730761
14278952
8503229
780405
34046541
4139449
16793647
7925804
1870348
4080336
34752082
29909895
24882271
14589957
20698696
21529891
18082689
8455283
16551739
25298379
33561490
31770147
28812541
13746430
19691874
31940919
35815792
5012435
34821730
41433529
33827351
28186504
39404855
16604539
13521692
19170160
16471553
31132016
40190745
42625571
32867518
18064816
18521670
2038314
21244737
15650864
33233453
2807912
39913423
35424345
32003880
41870167
18229401
27072919
34996268
9087479
31555366
37712306
27449028
5060141
1067227
28377859
3042010
30676252
42506709
4376148
37274579
10581244
27986785
15046936
43332821
11587042
24719200
562045
29281611
35368989
39002296
8289282
12852288
43440773
35535366
20577900
34271970
41956432
21483455
9970519
11372109
26185200
7520467
15556358
21045736
42927690
26155628
24780448
10598706
18754664
31097816
20016581
4448264
24700725
13118604
21028565
22082969
43446129
1567821
38689253
36142555
25301162
31544259
22229393
41768277
18372354
20752495
25833705
37760850
35966959
259059
24292977
13536332
31954513
22374278
3870249
21010356
22286740
5684135
30330789
42174350
30878482
17194237
1546628
6137658
25201270
3101519
11712604
30365291
23763138
18614262
42670814
2265790
42681918
13364960
26390379
20246664
2082521
37730307
11290805
9028894
42290912
41549052
20006829
7032939
40036282
17369252
9646381
32854057
25746096
17074727
27430176
4801615
3273954
37459269
37738968
17540274
14303672
24197214
33820847
20149135
10430080
23597675
18820207
11669189
32284648
521131
6483898
4947111
16547606
23311097
9939352
13028481
22268474
36263879
38315854
16103700
6325572
18445429
8409974
8687057
24009230
2741350
9021482
10400790
37427017
12808607
39795424
35747031
11112924
19243074
22424448
24662206
30849207
11913424
20024629
39618363
17070450
32602766
18578176
24357913
9138040
4076843
19505683
19572783
23457058
38352463
14292277
13060004
24764752
26229092
40338551
43096575
28108842
34155118
29558059
29605717
13424399
7369361
38166485
37296327
9223078
18608486
20603415
22084855
951478
30717529
32418909
100431
33230673
5371154
2826957
27492677
13500515
18374898
24300063
14472521
38665048
31373522
31668547
22864869
8110420
15241007
31027533
13876564
7284953
17182846
30625828
615159
13348027
9418811
30265442
5320268
3555674
24332861
10068318
32865662
13786238
13794461
17049022
29419484
11368612
18983457
15963430
27338183
20328606
11217019
390881
37343786
26220845
31715441
30752595
14698340
25510887
5721827
37136565
5326363
6940917
36555985
27154774
22282711
8296535
6301763
26032586
3927032
26816356
28403799
2556066
18189414
4593490
27081855
42384990
34787239
6682922
40071622
21456229
27326421
9142368
22127477
34698203
36592547
11788043
9651790
4929563
25992319
43380301
1322907
25408844
35105177
37635226
41922770
37536775
24231252
5311707
25654400
11385999
4941001
13434486
43404739
24155921
10969849
20997204
41708024
27834370
11207659
23554288
4992147
8430536
18998796
15461086
29249700
43125320
38815335
7788267
6237514
29015665
34934288
25198356
37787458
28171805
16817307
373365
40880738
11679326
35042830
35228402
18017201
24176361
15354523
38502606
27149158
26212942
30005958
14308093
37829979
33604635
34558006
2591085
24591561
35400937
38978336
32728359
27616191
3437712
41498004
27726772
32550008
10234207
15161472
12819354
3473191
39857549
25264459
20279118
22435628
11521786
5630709
28659342
12848917
29256993
13903745
9967212
10896337
2820267
9415233
4655209
29519367
38359661
25288590
16731252
14760353
25976613
28098185
25171619
19836876
29881209
42859390
12345861
10183816
39822124
1996080
17240912
40008217
15154074
2646434
2580690
25746517
5019207
20407446
38682529
39150319
39066016
22140708
33478580
41353975
13106232
20441680
40503283
9084440
36042971
19626522
14423671
13800129
29731069
40935555
8112698
26242062
13430006
4221159
9278478
19180345
2250197
22595011
25385610
27724248
11949511
10181810
38688112
29000508
4913424
7441610
36531630
20090718
39176652
14952133
1592247
30962763
6749080
3374440
3010869
39349968
17136152
41885831
33366809
41568492
9769241
32313873
13303790
8262290
20832092
40319376
34151025
36065450
36326875
40818795
9151626
26125719
29412731
38821258
14782925
19227662
8875375
19499772
38784500
20707030
38862011
18929631
19288813
28906385
42141440
1619839
25656963
7466070
37432268
8525229
3806709
23736513
5039765
23369493
20700362
2478793
23162891
10606645
24662081
36442045
36370876
26388415
25927571
6754059
27382320
19383567
33116281
271229
29185004
33479165
32553961
23544878
43480089
41890268
34393627
13909865
6824673
17576120
14482693
2531257
14535583
8859798
10113917
39535508
15778716
1642333
13694780
6237121
40503307
19984060
389170
96226
32866116
3446784
2048786
13386444
30209477
38224482
42106649
20402691
42157801
12845278
40455324
21840733
21515205
40367912
43435477
9431626
39745990
39523382
29062231
8432057
42223522
25229017
21522540
35279049
15300733
16631439
23685393
41339416
9333097
24595896
9665767
37513219
36214769
8752265
17898399
38705034
34276669
13065603
10645284
26530176
8116560
37434734
32451115
24760498
24510319
25451375
9569417
41128151
33059511
34455724
15963029
5251329
4582130
13022171
8607649
10823219
25856198
33927896
32098397
12297945
35159037
910983
15015941
21106370
30588539
990051
26373078
23224300
18583879
12106560
21359654
22589328
1571425
14263005
27811449
1669547
4578315
40932402
23916139
17024042
42925814
20572421
3100097
22595293
995710
40595320
4086363
18410098
40098843
38097228
8898895
33147245
33360284
34364363
26865475
2055330
40172928
30176897
29745589
2393429
5999459
9975002
41735069
23292221
206874
30275023
38377488
25625010
38616226
3046210
19819135
35861520
30272014
226085
18060351
9499042
31625992
20467839
2719685
34969941
38557238
1183664
39515666
40218868
6461168
3743784
40633573
26648214
15711692
39430021
28368492
18514730
35475898
16902623
27031869
26987412
16489074
23560135
43225387
19856080
21733719
28404110
17234068
37673361
21534644
19558030
5007798
6241501
11427108
34139481
33366265
13376607
7266232
13417101
1087380
25067325
39725885
43077865
34001820
39269418
18981098
10237073
14008860
5663980
29319582
12371084
37190043
18684634
4723286
21127010
42591594
2237659
26595996
3419930
41699882
11585138
16447973
548927
1866316
2370175
10705885
29672260
32486866
2320378
36528265
35189803
9431654
43221409
24715815
1371746
1406484
14819375
7470328
1983107
42668646
26503677
24683097
34215296
14236513
16204885
10290447
18057128
23061128
79904
28193464
39755192
5298766
37449548
38555013
18943944
3800527
24649322
40005061
740247
957968
36576601
32814603
17808687
42304035
29085566
37073659
29000045
14184251
27417428
24265733
22564123
17786175
23166048
16261995
31749031
30738215
7905214
43201294
1186223
6100295
25674571
35224296
3206449
29101468
9985661
27673422
6303204
7393179
6530747
30980744
33960977
21568009
31082333
33085594
14961251
29235015
40944785
42842314
27384171
14668096
22031520
36700800
39074132
8065935
20708033
9415584
36754713
34771536
13902855
32356346
36154561
41808787
25398781
7028417
8888539
22976198
11250065
2817372
33720965
7963502
25216586
26266743
15891233
22116621
21059013
2862912
23197409
43167249
28607745
40939541
24143357
37135581
38218342
19756278
40911245
3477226
22396894
24661784
19798664
28775905
14231453
1642078
30274918
29759485
21748524
39778334
43484687
17665898
23669439
12086119
15317586
19304783
41398914
1014402
36128616
2909441
5544953
35792350
32477643
38087086
34128053
20459385
24495129
16250349
34390967
16811579
19642393
21058241
29972495
36037302
36106017
43604939
36314894
2941721
11179245
14447298
13272438
41542477
22320751
37119767
40316162
39143788
41784793
15863132
31021052
34636240
29434872
9135007
20118521
15005812
39736667
639808
37757124
16784044
8785341
1672755
29680586
27355323
36997843
19684818
23758177
31004669
33049674
39242784
11571279
11188381
9846316
36192080
16642913
25725571
2965324
24024232
12195307
3629184
4500528
14360129
2668994
10361862
14577808
15433883
38771365
27713363
15716431
4534500
32775756
1198573
23015318
17444791
3774685
38802262
42670104
31375489
21520325
25621234
33542783
3082258
7064298
5569137
40076432
2260451
6488845
26809485
40007532
4774948
38916513
4830320
1478930
21530795
12417725
16564397
39379160
40623455
17450545
34778097
13050127
16472693
33774588
7847507
26673623
636912
8690755
7436954
11102030
15993247
33870315
37292656
7384171
29973723
33713251
4215819
32458085
26252486
27965700
25954085
42731678
14078353
21435163
21123367
14708864
1851838
24118835
15299091
36731609
1075479
31080449
7507889
17995698
1845620
36800554
42999211
1770208
11180306
36195498
16536861
37145528
34188445
16916062
21012974
12341191
36311011
7012471
8417519
14667921
17177785
28442494
28673359
29712770
27303956
22116580
8757924
42132718
18538689
36857942
41642635
1173068
5823210
25696856
13198766
16119238
5043876
4652015
39626916
8152322
14096925
5844151
9583490
5328844
7143860
42379951
15804842
13757301
23196579
1679734
12196365
8553586
4656972
31351734
38424836
42985969
12009495
28042783
25755571
8727270
18545597
28226790
29359873
41195213
26610054
14247434
21809745
8706671
29770517
37204293
19698648
13309861
4033613
10599183
3173370
3134409
10730618
11095531
39211061
33100218
24242461
39399614
33463907
35186507
2412381
5640016
31138088
20634011
12806984
19683557
11463437
3192604
29385842
42165558
29747081
29506479
34864458
23670961
32429902
12402417
40481860
15358610
26748383
19058202
35333960
6239170
28467295
3460845
6440788
19624340
17899934
14391339
2699964
1933781
20270608
11828046
6013144
39173963
13272644
295627
7671422
31889548
27491852
41253028
6326790
21919516
10988406
23706411
37630914
28682340
32476739
13503895
27604943
18384407
20041535
43241706
3700872
13696932
6531332
39821684
2055604
21540776
19572849
13970210
29506994
35371108
38362057
1922323
10727677
28350286
13014829
26398436
24869011
43194778
18525559
30938828
1385075
41249493
7326395
6117972
37758370
39676853
21709271
3444302
15998318
42949910
4782383
36878226
24346845
36179778
23976363
16606468
28525992
6948328
24199870
27093775
22320020
13493104
38741008
182825
13098476
10352412
15305459
3174162
35902599
31931014
32449820
41055457
41551374
23632872
32494254
42429112
23275668
19947292
25847386
28819668
9377443
18717869
37332191
4020347
42285273
36946997
40964513
31045622
39289933
43232335
22088790
23924784
35412071
2719885
25595364
4137622
13818365
34205981
37735363
4643074
32036298
34438864
20747389
31487585
28361041
26841275
9469893
9725960
31429591
10966286
39244938
42335236
21545041
20555205
35055528
21775726
22740793
25679490
18285489
20177956
18022742
16428207
31450964
32380572
188049
5300988
27833479
34788369
18726400
26286721
34150393
37978692
28698804
28472250
5730447
18294117
22061676
37117045
9603363
18266001
37449506
13089665
4221886
476971
12943559
7441812
23758666
38693532
14322758
11583739
34622890
3464265
27567186
8006088
34280673
37735567
22700356
13063580
39620460
31928623
40105621
31655103
12929952
9325421
42698361
23676169
2399425
11161472
16790627
7367099
37842513
15528514
11887247
31439534
12311224
4284628
14756170
32855366
11264661
41565465
8094569
19001806
18490868
768144
34279496
28689664
38778737
39334813
28789005
15000013
17616482
38887842
24136580
7164230
10016211
40493370
26343941
7133155
22037533
40766287
43199661
23402077
5341084
29058046
34971931
8477944
2453961
41054252
18710330
19377548
2540408
18344697
10498747
33078735
23870809
9092215
8455072
9988963
36983562
28648341
6895455
35393687
11496940
204573
28201904
29324549
18482978
36386848
18202717
17457205
40606512
17331012
40090055
33533739
21366661
7098421
40632998
35381291
41428893
32744146
31890457
7372677
10578866
37722297
19472869
31542876
19642784
40884609
32683315
10828693
34597473
6699067
32362997
13916092
2741803
8625543
31848473
26039246
18558355
35634368
37131583
12320168
12536250
26024658
19235328
6319160
5053574
40911452
10725843
17542307
35383563
30643278
16620485
28602828
1161490
15397842
14218265
38355928
29331851
10248348
40463483
30773000
20845810
19251698
28552874
7235170
21808350
38035661
26676831
2897635
23960548
28073323
6455664
36081581
4436840
26623579
28782737
20792069
41409777
37275749
16472401
14969690
28658107
25985526
8489934
39797756
18123001
10946660
29792885
1989115
1043888
37146515
42193993
17436646
28056378
15100593
30308312
1196408
16062903
16907837
14645042
20026015
17265728
11503679
37404146
40374317
2818219
36388393
8000480
38175932
38447354
24257904
22097671
4422524
21356330
35379391
19969130
20914396
784398
18270471
36954565
30315083
41862356
26941105
10696413
37755368
37254690
27221899
36048448
11685033
27248274
5813743
18150776
7557750
624568
696189
24147162
8918520
27796080
12191992
20918718
41107617
42633834
32213702
3669136
41340789
1764611
6573925
23663032
24731685
35647932
8413940
8746275
14781350
640222
35494936
40015857
21257318
1777899
15826924
35239473
6576120
1003847
39632046
42005069
22957867
31886261
11849217
23095429
5961351
21231986
25788679
19237978
17275016
34438307
2371510
16836271
20263480
7225150
27305442
19923575
2093746
12144494
8722716
33715691
24691560
19998135
42958800
32510420
3701893
4732866
33431424
25426027
34249883
17295107
39377899
2211263
29817455
5117039
24122682
24222825
23405756
15286874
15033365
18305939
5997202
19455666
28674202
8830303
34873505
30932443
10479246
36756340
5822324
38075370
33200587
6808118
2571024
39204413
31462201
27380209
11633072
43621789
24805737
35299237
39915709
32073533
28560554
5462251
11043930
26556681
40707674
43328301
27027753
42683665
32786080
8444571
16023484
36542926
21904640
40410222
29848075
19007125
43503096
37277790
222532
7308421
8248417
40889872
4172961
32164927
634476
6649478
14111836
33279106
33585046
21944692
593071
11779282
39253602
40256982
26781600
20779578
31774783
35615280
2770894
32311034
13608188
32984048
12894011
1250416
17309729
5447571
9973349
16821413
22529920
1321271
8812053
12354784
35792379
6074123
4760641
43207960
30647890
21236404
7856214
18523540
37871867
28628852
41238333
31469161
18969997
17780585
9155431
4193390
19877531
12104191
17156700
15004459
27843299
24068165
13510564
38694750
23412831
2998909
4526413
10200202
38557548
2973073
35420639
43221515
43283475
21475226
29815258
14548966
34752580
21243796
13984235
15931280
3297134
35403162
23737377
39583346
35843600
13312830
21214919
23962139
1913549
20112296
18086620
9267752
21265686
7680700
33113761
17410507
33473487
9617394
24948794
10661935
7274226
18419905
28416226
21975436
38990196
7847614
19074677
9362801
6927164
19042887
22195385
6081972
19252752
42195072
4336688
29455269
6391057
41327389
30254050
12342758
4504207
30064277
37855660
28937595
17885971
9009722
25127805
15904879
28723979
17348847
2692744
8680887
30204002
3235572
21313547
34839215
30852792
5660225
271390
4866434
40456983
9542992
39177764
7467444
29800441
42490951
4852867
10647255
37818258
7894047
39733931
14621631
9921753
40467275
17270284
43314845
6700610
8551580
27473612
16112574
34023107
5294334
10169776
32133307
31327547
15519552
10794693
1057648
26583930
6846142
16937040
42292275
19906601
16879943
21932273
17098200
7930649
38470450
2713421
785743
19132683
20024477
3966357
37725033
26282715
19643164
37404526
24620553
21360874
4084586
39246358
37948432
27341898
2447507
11539502
13746207
10610804
23266076
2015563
20898520
1232232
755900
43345650
10255605
25687567
14767293
10558098
27821563
16451404
27341565
31380710
31344640
7861531
20040171
25079636
38188875
41182540
4064104
43385764
43456363
26359687
36595132
7010554
29125474
24608308
18929909
15272365
38828499
40685704
10319955
18785509
38291295
37718891
32744830
13074617
15813994
3879531
31396995
14288426
20313674
11451396
6709021
2107079
12082779
41865335
789355
1967753
30349097
31188258
28268874
15105318
34000944
36696755
11714034
5515677
13284621
37872368
40111506
5931619
16194549
34289239
31667419
31563254
27709653
34877850
40657182
19072615
27717248
11033359
36370580
16667306
37948207
38384152
28585043
24817675
37489964
12556329
40542418
24749120
12847735
1203308
23806969
431582
38316989
31766237
24105421
3657573
13704816
29004354
2067950
4075326
31227189
33480752
31023432
35054101
25334917
18235916
35625892
7573599
16228182
24050837
9496867
38464210
29223802
18174632
26564769
41016432
14682495
24811090
13814756
16065488
42305945
20643469
7832887
15829561
33288741
27802582
15975928
28675221
20528362
22556700
36361886
43458312
4465333
3769544
4524462
5305251
16679958
25990803
33553944
42760954
8666700
22088639
31594348
39465570
23445588
17701477
7674327
36373242
3132525
36860552
20321626
42826406
912955
13046884
5534115
21819219
29429916
35564924
27097236
28512241
31363296
20638712
25005904
27531616
23849999
8983797
37968413
4289547
34950947
27014087
1295043
17241639
29245363
38518030
5891459
2479015
39483800
19550986
28644293
25193587
15735296
7188780
4575142
7872646
5513237
38018381
17817157
27202338
42026575
11671684
9669269
17563084
7408148
2708918
40955017
24407153
25538761
31301488
8656373
19909502
17452894
17558045
20615875
27833919
21104576
12888548
31981324
34253065
13500259
643378
7393286
28180990
6173436
35289958
34294012
9100540
38150606
30452627
16823693
32372023
39958772
28284364
33505143
31781685
3527908
36926744
14210131
30874307
21867007
23793398
489821
3438318
21337580
38560689
25939127
26590510
731018
26725664
42535795
30167803
15780654
19174853
41775701
954734
10735041
28508912
31078303
35392705
4467973
35227094
22208884
22287442
42566655
7436497
27213040
13250882
7358596
788988
23471970
669465
23463490
5507367
14682056
42202326
5246114
2539103
3035840
37297847
42757453
29515731
23063556
29058179
40034409
40617864
19301668
2075980
20287288
32856092
40545417
1384757
33408095
2331186
4221195
5081033
9972015
26490233
35866928
21160562
1088998
39314736
2987779
352179
19048604
30765136
1340783
21236910
18493214
30428551
35242458
37723633
29025655
42606584
13316703
4614671
15524662
9042179
17178604
39173037
32671599
36674493
38336709
43198963
27484834
25566827
35314336
28173258
27492327
14865058
6396701
20329366
33120581
1393830
5577617
15565242
20287306
24380668
26875191
38867304
18318496
5800559
28890949
2320896
35547847
29175203
34038794
15743077
4417554
31673305
28258044
8111254
4017352
38928145
18710426
15257169
1475410
17383906
26990963
23866592
27128574
38449571
27392925
38018693
40230198
32570090
78209
37325361
30545683
3927307
20033599
41784569
37824663
19754569
27456545
31003737
8277214
28629555
10033170
38432564
2383060
29218081
15626735
35993791
4970166
35592785
37657168
1788563
33880143
18802102
18388327
29226072
6371548
11463672
29087709
9518727
41420857
5131253
5609808
22397032
28831031
4301561
23262262
32047611
11724983
26437623
3257747
33812753
1639528
20564625
10106300
14181336
2865185
21151798
23985954
16945907
8766624
18664367
15467034
19664496
23495742
13360958
25370592
36110683
12361510
37598155
30426266
34765579
36569630
43428379
37739795
27944993
23770143
22412244
8881854
37079373
11618814
6100977
1036020
23094319
2074763
42310458
21379120
35845713
8726991
33501194
29862571
21280834
15231898
23774202
39911502
6283690
4941573
27125544
21925468
27684874
9822948
21093054
26845560
37818327
30479854
8896849
14183128
38302165
25198772
19118494
18171393
43060824
14955068
13109835
1040669
22172125
3074773
6088187
33830510
38532671
20267672
15785944
21195677
37565103
35530866
30186369
8818643
7886702
23728295
7592324
18086228
16532590
9636458
40966649
19705663
6608387
39290105
14326167
20622767
23251353
21558139
15536464
3109631
17396387
141313
1396026
38161779
681420
8040609
23800941
29779075
23519327
20685927
19408060
25647915
14819320
35648922
32033539
40329689
32721780
25846397
35527489
12626558
35658225
37570813
27233223
14599234
11715259
23030255
29358364
29644824
38817682
4978934
28390366
33155845
8959953
37356306
16719054
15576378
21680042
13165309
20081689
8903261
28824162
19611265
26408235
41497202
11555855
15731633
40520695
30740104
18671642
1167861
27539266
18003572
31293571
42976631
43130358
35088855
41143398
21264214
22157986
35724299
6915423
9193564
35305770
31255328
41890249
13215566
37536787
39575526
24565384
37087584
14889474
3624584
16189520
12164733
35268151
38460129
18227065
6990363
13051768
8090602
41857766
33086539
8428414
13007424
11680630
31317780
37542986
549347
21010510
13431035
11336611
22869258
20633558
34526676
28192789
18126793
8479386
19511671
42682078
26149628
39264576
14522742
7465782
10636357
9293709
36950242
12494452
14932031
6554983
40023524
21851405
34141634
22317738
41260503
31023278
21995451
20643928
15111547
33227524
40528242
32564065
19458591
39679817
37182091
19339633
40924128
20172573
19906157
30112708
26899459
33528230
27549604
30320424
8906922
9860095
6535333
8240661
5499312
18531390
22629972
33108682
17674242
29244957
42285672
38944284
5834911
35940681
22812065
1543146
12675266
30123903
7271865
25279713
9592942
1288331
14576288
37693000
12891500
35805191
23205834
36996515
39286480
8799398
34578138
38480084
18057555
5969579
35706910
13588143
39110831
21165703
13190687
14146650
22674601
35649196
