0
2
24
264
3240
46020
756336
14241696
303670800
266327557
89411407
167766703
157603531
146370860
5302158
320716747
139062559
374553959
180308135
300569702
208443665
33158166
293906326
289875997
348538961
341622299
236427533
345866609
196521153
118575664
301978522
75700355
395970811
189261262
327131695
298225017
272378763
84970041
404971847
372165956
67086306
92053115
156421212
157284015
162118495
88212932
345738924
354513872
3916602
56081257
287809161
49738463
48872946
370076024
196093262
233363103
230677172
207730983
30253366
277632361
15367280
246536812
302181378
410059826
3795631
58292285
342168683
369897256
43895612
223921294
103991842
159524004
197864263
218028551
220320236
219568761
279210997
101057356
109751764
401463919
204507036
12513460
401080340
70397245
8859566
28922188
282725745
290181670
340842126
316746809
227583085
161520038
188321308
52336555
43528521
233044577
191214790
121830072
330200295
350106589
117544783
198856170
1494145
142893613
345508677
119040873
26041883
155233810
84000345
365778911
282147167
146958580
41460467
166544036
345321056
180020562
333658499
56028075
261534120
383329724
400853328
362245750
384535505
120245580
272810323
271289517
245591664
367164427
401803435
332303385
170607222
60009
272601866
397806226
133149990
354832946
281040369
255762869
344114095
282968151
58281104
118559963
78349974
146787806
10163502
166487254
206700186
380018332
160953101
262585640
184737071
383494322
313252736
242026425
327511498
293877630
46676244
165721073
141107768
331231272
333380614
18994935
354885722
236367308
25248864
360263618
11205118
343639129
182412827
266300503
17407986
114873316
292022073
310607869
201061029
182018523
24273511
117059900
36386518
297195206
37965631
332407091
273326468
28954470
37116605
128028703
9637806
66459894
16683276
256199956
217627867
80465014
259828330
243902018
313805807
353662584
144660415
158382560
258381254
195926658
367779151
204775746
96512454
406467857
188326931
164725140
366958242
369197783
403427680
171821615
89737170
273890472
409147180
248585032
157844170
317562668
173032088
310333580
67619995
166631484
163296589
222636652
306753705
225340717
188814866
72217011
382297352
294562137
157662988
308816377
72487516
256555298
281088820
265523529
179130488
161298107
121839084
104415494
300033087
156060645
313503815
125098193
44463608
63547830
148451792
183064942
148658551
277329994
163825577
259658037
389991468
76855281
166668483
198160305
211495268
95822719
166015083
369497727
389567019
104995593
312213793
356253976
357272134
258618152
41528402
144464732
78298675
206152577
335292021
282697757
260636022
56174636
130939204
26998151
39648945
208980006
69184596
334883924
87907325
322209005
160431160
221761554
85702051
231114804
115551179
136118728
294053364
332393862
205132514
330100840
321956975
194013435
72850286
119912753
395167707
329038579
352474658
108004612
409504260
281376727
45988060
282997051
261833911
164124332
8780524
213345582
338112212
32456752
161255527
382101681
96171854
134542060
37715888
201927552
388670996
128313787
269434025
310541641
205693148
114030194
77060243
344490296
155116065
141250924
177076170
356027858
54985762
322594475
52918917
336060549
315140088
187643504
8126735
79006099
94109832
50794223
227488653
93840244
43217977
5016597
407518917
292050311
328855688
216176844
309460157
361794238
15082532
215690194
117276443
214333890
33109354
245773347
62482692
237684158
194054260
402832022
246711976
103462751
376372299
75076790
310350377
20816977
379489569
374059427
64973962
181807525
55374070
74616266
59749153
276712242
1730917
357250735
266374999
10223249
148426568
272620745
40575601
200790834
138583158
406382996
9746597
196186982
80781681
32105057
263230010
214391633
46286124
137199145
72597030
24264301
70537565
123189639
321358400
114132777
133080759
124792409
358284908
75230931
189871840
249794971
117443366
65820145
89542927
209481508
4376720
120059531
47521119
99117928
143247984
336891339
343747557
309384767
327604528
51450022
30020236
224317129
269601126
86740388
292687873
393970823
279275050
248258583
175604820
302286567
151182819
288730627
397477471
359912360
197383950
107889335
144723193
339343369
400129161
339052312
75550133
78443290
73677998
191819746
134253130
102052762
355680263
135771252
257870493
342647732
272400810
163629740
100637461
344167824
5477393
385107502
107801808
341049572
48630605
318351150
398719343
196361333
44288345
144899426
410759909
13608865
4195517
394472094
140198645
114225378
143157842
109331942
5405561
172542487
97967439
234368905
313258672
8067966
158489600
152638370
184056206
7788144
114781488
191526686
81902195
225868446
176723208
401405185
241983437
210568127
324306221
332275212
336762297
224539676
208562655
214017559
88955480
320330579
337845082
32560732
169887102
76038887
380113012
102069245
80753230
261135601
62767812
302640961
284613891
97474813
103869094
101080166
1373107
222051002
97718887
142676022
134292385
84213860
173821248
345842976
205565930
342814481
17536158
78109091
37315773
254717186
177222746
123376690
304685944
276291825
394527870
51644924
103424426
220216463
313419435
86502208
122928104
307677425
149154748
124059717
341175602
190522492
98392394
16432475
204151332
113922278
44178063
388009131
254044074
36346274
76253336
72463749
239190896
186396796
322996205
327264775
293616085
387368120
109215356
196839938
165885619
265939619
25323715
186939996
217619265
226547372
209978411
223899502
99768988
257086760
100097792
182742328
293897942
290983567
288149843
406760655
52989927
360493348
154073768
30980606
132890549
239791218
112143832
102993148
287906963
326662484
216630169
83878624
381899950
234109760
148304112
183417047
97635578
125163277
378150049
306491184
322331100
134575966
39228132
3168312
13200314
408624228
26536946
396684464
259239365
82198757
243434683
331577303
363336157
9090981
196582390
249919611
267315647
316798665
212692037
132549391
199356281
406067864
306124672
151333452
233630587
88702129
333537123
67917122
197714666
208722474
49314090
15441596
162764718
85495981
153997107
256147422
348632586
204120354
202737427
84010050
113138072
206844263
392304271
384425317
230464145
15847023
275307615
132844703
20655157
325706177
272415746
16664871
265852354
342335619
85279256
355096083
393375593
240399851
367597367
55820298
369576813
194832139
195983995
189532423
279398119
394431351
228667033
323339629
166832760
151664158
67267844
296198746
263259736
256120254
13589424
133004150
74969545
320421175
28922797
52970006
72112618
320561543
399518511
262796819
90289949
279037860
163548861
379897817
272488591
283737845
38602050
294317340
167431305
183226079
201018009
160322687
153729545
355601865
192829527
266459529
24338604
352598443
356886952
358225794
109378881
198309535
1643207
365699544
101068038
91246051
230676486
48735140
63292967
189390680
71923046
208926818
166946817
353578690
91785751
103016448
101934186
168566077
44980800
309173458
335190638
81014451
171740056
23122281
145832345
381626687
53864213
351008180
237117488
142291334
244845333
152648992
28121963
216690207
43962010
286272835
355450991
155446943
380566884
237794867
48641954
51931135
330588195
3757620
134924456
227113104
76089972
101098472
339305034
304779898
65604388
3354515
148169944
216392558
311606822
186409330
282205342
107648891
6104868
102526310
401587802
330898717
83951016
230260643
106012888
234829948
221291723
47066777
79293685
113535028
186038502
298033792
182174034
42553021
374440752
211883993
395533113
60824573
275912740
127764159
210216355
298284082
100845053
97694649
82254144
158557449
89732946
52609519
160664650
199218246
318278120
349406676
7569295
290153368
23922466
143066330
326344409
327619283
406115225
265618091
171665635
107775947
200656037
188088393
59581416
46911298
145485551
296825972
280442670
8380739
405449104
804036
394618525
285055841
86567811
229717390
26140819
359882781
293022035
9959501
96568648
66144572
84899126
94694672
120421540
24474886
315018585
141450639
105352609
371202933
25520841
360416327
26248475
345949192
360731312
305424767
349372832
87209566
294513044
244952468
226254874
297515622
282570875
279918847
205078907
218270733
333889800
135852442
173255123
124239788
26880380
397842529
125562837
150275153
57742324
140341434
212268323
287316035
35772789
336767953
90138144
205179352
46812442
132237626
398238921
151769152
34008069
335970704
361751308
338403138
183921826
352872248
65851094
314463456
400063784
381787499
404110257
203802809
367296352
152507177
203148367
192729268
402378131
229441355
48737980
191987080
107082194
324800423
23505495
266032582
34817996
294669636
302482595
337998514
159430393
77391438
342868769
368787190
218263314
330022038
288186226
158456530
283253997
102115031
301034189
18426031
229859971
31056881
269096596
251733277
296486196
340311447
83377503
116801664
298265265
90465102
283424594
229257466
243306970
88025266
126129755
275830228
305344669
319530617
225501165
246466185
384152331
333518707
391319788
287358795
220107444
153327894
63428284
102585267
399614837
362548339
336896321
150792263
241813330
118457124
201354237
407951647
164980335
317295603
12324641
292624696
313564792
231262185
523134
247058378
374527579
261966763
274659902
27505789
34064907
218825730
226606991
304715350
14977874
18795745
291183550
35867509
138826322
341027113
191754809
201131615
322071721
203724518
227079045
308209672
350217463
354486397
183433968
171320466
46383624
370163103
187344257
92015678
208376919
295271079
204459406
395750920
116526627
103484876
340447446
136367329
8838007
96306955
121896728
218406454
277003015
123664026
101134148
408850930
270189748
25145320
84645704
314683184
397226297
405882549
58135101
293021685
122495727
274527317
16407539
257301625
56543313
118569220
153162754
86690647
208532122
215150452
174005978
251605576
390223341
143598734
200299761
348116940
157717150
198202867
220022161
35223828
233096615
398805953
89921862
86965598
190931222
346635193
268514787
201217835
55747044
336598570
267588322
233406823
367606384
357347965
57301425
219190501
309875520
353005634
379362943
240409332
318638238
235014834
401060772
77413173
92957864
303948017
117229411
166690234
114287658
46711444
89744711
409727482
347845011
41461219
110757764
101196925
3432461
198016392
280951834
128075743
243116136
203950782
396432224
288092127
88968625
146631371
120090840
354543480
188269225
166228870
351616372
267353105
336182911
146593003
398268106
68403979
176689885
355820026
259292072
4732150
183325986
361809578
326962785
16215651
299390159
259202407
104038092
146753398
66484115
250310651
65081177
6189267
378454052
359579830
310723206
21751534
310552072
369441693
294310643
16834598
398097107
204398146
240642906
346312595
64491128
385536791
89661252
145469237
342577891
157420464
282447225
229470658
123335499
264118645
407752829
128234080
207855596
191862442
245432851
269507498
220364336
329125046
210810706
35068785
251931818
48345990
356700036
78175114
218235837
102120356
162538730
197720878
70315535
381127715
323832060
386630916
277849041
133784221
99346512
187356815
40793258
216396951
201222529
2377787
211667591
279668550
148970359
75471412
378192547
311276133
16756926
81546279
87142084
188464518
19351188
339414868
297085948
333198212
78813877
148930097
122552639
31199948
404952729
266449429
289917900
90951226
205196462
186765481
273000891
345647399
82410239
219966141
132816320
270299573
229733721
277122984
88907861
146060451
362703762
165180909
328973543
245488925
74976985
213645547
190982813
188387553
244652099
208685052
174996085
323127573
379556911
101925043
41504940
240291868
153822806
190505336
309580309
246106583
83536188
322007158
126564762
370382160
399509733
248568273
228100296
88092240
189402077
115483930
188889267
76324452
271088262
390729570
356978633
386737635
298671996
373320670
394119417
144373849
339831007
313115333
169446795
54487296
395842990
204939126
146591582
370274890
221713936
106522308
231843073
293664468
109605592
220219602
252887851
243935649
156222835
156193746
308827747
341324264
64833556
122227429
147446977
263047914
248804914
261255516
14242274
72917259
162590344
236879531
69882901
54506845
180756870
197562108
333520124
350023253
305769375
156210482
111474618
123077729
205853384
277993428
71622829
353247239
352833151
321048266
156825271
190125706
38491196
25134699
10285310
109560306
303852364
134618583
18446558
324149350
317651358
389674863
71658158
69018547
339852007
244991630
316142411
168285664
71243378
71887193
134856514
114339680
183028263
160548466
171924811
5101173
327406353
20355765
183130845
113396112
153856813
240814273
50304585
368346572
75587743
281397130
141847170
122362773
193393266
295245233
375898003
21066570
302277140
325198500
212603925
307264517
251206437
61625890
264147705
247273499
201133279
192388606
121505422
189450622
238366134
395926414
116480161
365312995
403400134
374460651
28938510
389938784
17037890
329773038
116528541
250920679
299442044
261005074
326149756
311680701
127930631
43193085
347708285
168274806
260896376
200921141
286434776
194188608
167183161
378056161
286006298
75372092
344823004
261743991
139903068
358783074
97950337
361256336
65078285
324658280
375552406
190343135
251565625
146614911
365939100
153206977
250031559
79879234
346176031
89770111
341771452
331492830
387882243
379674895
307466829
214791455
164763609
60803225
169622130
162311160
227968749
148941707
150125392
89066006
205861306
185281779
329390214
134700168
290622615
311539709
313615427
169788897
69337126
402977933
324438650
95463529
274789772
93097694
4929612
139754750
317393076
361413043
338663904
69385283
236522591
346136573
278889434
201763221
122065716
99614338
279932368
382902742
308969578
301295221
253836059
366787916
357037136
249817140
86011000
150362159
234128408
90935237
374453726
59393693
128346068
123552891
75999720
143923869
7025364
186322906
333814315
296000933
79609121
229276745
125601634
53485269
112778686
371546611
382192250
113249656
274435433
252699150
283192961
215679324
255772545
112689984
11409569
228109384
116894883
242052718
403216598
3032698
279000033
322351565
269995834
19453003
75598111
135189784
40928858
2050838
150762372
206542944
215572188
391266738
36395302
251857682
19205990
385242012
102063833
313712326
146562539
6479139
204640432
137949645
180588892
362697948
173505596
26810401
270431679
393503445
370585430
112700676
329062391
56906478
160375335
132562882
169349329
182577168
220212321
157491076
145878395
82958007
135790376
400228009
243754027
278691173
374592137
245001736
81276910
70646011
42583937
160961746
271280854
48839649
248519484
377937811
93184783
2997085
406482646
143657301
214568498
247681696
294105425
268734725
240660459
276294141
7328645
264741053
325577005
263908959
94999752
364677501
317608428
6337711
64521066
157481194
212974438
380166977
199452108
271173095
332975799
314864270
397775964
83729574
247960873
44933225
233402671
365227798
236659245
350036870
164969112
25383496
286457115
215700162
326214983
183358864
12798098
40301240
103451067
229198723
249605494
299186590
390044936
349347830
257629138
393354490
349449271
208683716
270307907
353330867
165373265
210381450
394454570
342487669
312527718
87934097
45101224
223832549
49625771
287435626
387673366
305429750
298387707
104721364
134801813
227510745
5604778
247360047
307223223
222655184
304581135
137456376
247731120
346037688
337838809
262731710
4565
241882110
308356207
150754116
221200839
318525922
154353833
248035162
277184601
347704166
313141101
106445091
187291006
381602058
102953610
181972658
311127583
398118093
54212682
289613851
73551451
380860590
297958804
176138351
85793264
282590458
313002296
209437220
130712448
304323497
3176797
263001351
1971889
228673690
136102726
10192546
62673224
223423540
97762351
390126051
406153514
84795233
164464215
207371351
141395685
349074752
13768244
288431642
338557748
316046439
40218483
99050733
333243454
109578096
111068655
268789023
409620473
199954820
332039359
349348827
96145245
16651073
312897214
366000698
388144001
55847485
362495932
51839042
97520986
252235315
236426325
50155796
111103586
104633907
20883770
37650886
100851752
170279010
128208538
168740311
93464164
259230954
333081570
323145627
20339618
110260593
293827375
67582150
406694186
321561106
299359247
71451934
148694277
128850671
392085514
226651304
128059539
101985263
388768810
44830948
150687213
250646335
157360157
121606997
374024997
362683009
369977280
102908290
180344614
25540639
86733051
396627735
164272751
333709608
167299723
293093820
337583527
6943625
109702770
250075452
216625164
299960448
96451343
382724708
11787606
255921519
215977064
396900562
198050528
370961662
262686056
189467755
154330058
382210189
363083433
335033555
213915560
90010190
213201583
166578661
182581037
325593887
136647558
288276614
228985249
280987052
203918145
101265730
278236884
240617892
82998936
1538587
16080418
40008211
85082286
86657755
332777544
271452693
335129099
111539082
268012243
315659688
260042193
235939523
190733581
69800551
146814743
228737658
82725099
160271911
2516378
203462835
86740782
293088915
165688020
159003824
26173819
298278453
6037577
290931569
338960915
229904235
321888574
93590811
44048095
103962071
389251844
276108974
46567476
401114152
371267850
141356479
261317005
392506249
179082740
85271783
123176697
119426323
21901747
399874753
32973071
67328491
121837752
353492177
398969016
297565236
228926185
75761932
254894213
240618053
63942168
162465163
19528732
220407477
306527004
155622240
87613559
1906986
396292397
3445559
397843827
216189580
216684634
130072368
217206711
233697022
42168892
87214851
96898805
58233423
155877782
270857278
74959787
200232729
187129376
15371451
217442817
367670056
387013558
214591967
194174456
55044376
147003406
163130694
294026448
301646628
173286302
77173682
230311345
97888044
219293819
315172530
188410246
203791163
265678097
62399564
227016399
373042027
402861418
154705733
348553188
394394909
313765178
31343270
266445312
290975604
314356336
367315895
160749036
333520498
99028191
305857877
220680998
193514051
381696289
126536939
312526180
40478053
269341452
123890415
102808498
237122732
110280355
52824923
133282610
215938662
323596578
272406186
158796162
132718555
127494392
342872483
386723023
272379865
58745898
35527782
372581264
61960915
2115409
297449127
296595336
233241443
249777096
103329653
160045875
130940336
108858464
314066297
19276183
168863651
255622935
287468830
121181183
203048579
184714088
278677393
330362204
104570198
46971881
268778113
9672373
278039483
409097502
349465418
172906187
201728092
150422090
232211639
321418823
400617962
162697259
33708184
115014350
25828130
120423503
159996886
104987403
301452050
227855823
265657443
45357235
223877602
379268475
5000196
378357493
109395694
15859292
191997742
45555074
166619140
8708661
63677792
76565979
123552319
294293537
344168913
167946822
293818716
391544490
225327973
253412221
269509556
250893919
42557744
281696236
27150464
109554916
114972266
388097667
383358252
35402435
58083650
141828094
25860194
94787983
250173379
57435895
308368130
55612323
345608573
91437244
45281443
41849868
373199266
212364974
69762059
217063652
348551611
1426119
271741085
380846719
355486162
92394460
373577356
289122500
351317348
276993436
137704924
345957126
287618166
115062360
336826743
365520367
187418388
317220276
276569504
251176889
138070769
110151644
25365062
26740101
1909316
243674840
83795349
127841357
181008305
363886404
401277576
107870793
256024731
57454829
209857786
348898494
325049589
136361260
385371374
288053399
192572036
367193745
101194284
217949113
3235167
32875313
85732984
8758809
87664160
336309679
214808133
248065738
366158159
60994923
332257762
196734714
270913756
42125055
127299747
227167165
245200934
118603110
41101660
316446063
155318783
291774645
124888430
224703490
341394208
286635808
80710083
302489564
24425366
354273970
282832114
373456410
291681728
346243458
245681574
53208041
311216764
219974596
345553870
378394729
139034594
373762015
104359320
202554675
218971153
198961608
353897329
22160687
390321245
344326215
11842237
223859409
323775177
356234461
312850204
202849602
144106378
173964313
10984479
185982371
311849470
336419609
119423759
196725712
293723257
242114442
62674985
110994573
132726862
405081669
389003529
361280555
363942023
94790492
389932218
106527938
193543450
220560905
179268701
18505911
213199367
182160825
314820783
274665386
266660444
371917708
292041022
56653991
272004269
205320279
290317402
5008773
107762278
177627981
273030970
125863219
49098431
118288898
76086786
15168542
118534792
328422794
176262246
342035941
396723136
279072323
105758360
399080026
121313051
351211138
219846007
20828242
407840490
344240910
151696791
362878687
340354704
195396250
276266396
74453304
58864466
380059162
275976657
251934934
256609166
234630320
215743059
48873469
60089895
259302030
265630309
189424180
310304351
407029468
163147042
116570023
29011180
180938118
362285585
270082858
14629037
345349343
357766975
169866750
290063337
190063830
407259711
198623132
387796714
337008530
159343875
92683090
318064599
400704978
32410259
65831587
375287244
395679441
230265908
103261531
221061596
84502225
78119501
323484295
88337436
346543785
192337687
105792767
390235565
291364090
311360627
146512067
166693592
170719271
78197043
121473495
22491279
139197163
170217401
171548415
40273298
375964294
394376396
368316347
107053752
53632751
140927772
280314529
179374161
117609320
162223278
336459655
326267657
16559495
242551434
350798179
151528968
147360937
309867836
21895112
253055373
219864606
315735392
340914650
375125229
410471449
406817049
204423160
257156333
176020719
185700703
137931349
390631541
105292408
208646176
390318724
323566227
124199077
86833422
324597366
212477034
274285755
339997372
226415712
363991824
8593516
396903519
198749168
10858140
38688520
178227984
292079747
322498725
199746198
99850960
70768386
125335706
354717481
42580899
91617580
277279516
133025641
224787129
383911167
286970389
347147623
272514914
314175923
1581071
120089402
35475401
188743707
320703474
96866607
133576820
383533005
136579516
158228312
235576120
3630206
122270291
14218289
78045755
9018374
315670047
389508858
245960452
270572282
86914189
178062922
84053630
175530889
372012019
265105447
232936802
68830234
55650844
87400583
278337180
155460964
393744323
71111377
103186696
221549393
117319218
375691603
132885437
71703762
130823727
72467763
14401437
136440420
358623343
291135663
148859031
324492509
159321125
354752617
69478174
104383907
394625268
290875422
191383643
41125662
169483067
186180151
390817709
221375093
70570846
394591585
228929138
395342046
371201073
125302928
54638166
9806365
60849198
340742603
9910782
132394172
167917290
189668754
409127303
149471723
16612623
132824478
40345226
119071098
399247195
347396868
223106203
320427316
282904508
197140059
237457497
229253760
146765845
71960013
107035064
236635524
322797314
33266493
287881077
184064153
257995733
113901536
108382603
132303964
2518751
229338488
318122332
372956929
179018458
209185316
4648084
48372432
355953643
159294016
353021936
146515126
201683619
368497180
370242623
245968400
23748707
144712375
130128258
61543625
201195750
77464809
220400650
252576004
273921840
298988803
192072177
278293819
377512375
381437683
200973978
279624482
261268252
108753611
54295172
148422733
363608477
316442281
314552088
126437721
18794907
169563593
21182941
167025139
75942164
211468466
110381087
334088381
236166377
6708950
355531908
338901994
76038626
321334831
24760799
332352358
154048504
8945913
325626890
358810051
294617906
363154761
305482939
293090710
197182853
139444468
399884570
63470837
253416072
31742829
180686294
178090091
14956682
333515414
59803358
4779072
204691642
66010684
165398455
124756525
36185979
350005024
165991442
369156443
21107515
240861873
8840330
94295184
74428760
152443640
127972703
13250186
110343997
235041641
205827249
211004432
265124139
394828298
15905757
128358467
51531068
68687900
391551568
203543132
194733162
378538352
87880365
61007745
310913429
132299767
356672931
356515115
350279920
65651498
361129934
38535108
268560469
16190086
113539785
325401043
93633693
115617406
410253380
288487711
316620867
87066430
199957196
374712565
158876200
373778053
377768719
260445244
146037158
225264747
134001170
74504549
303858318
404398160
391379691
223072788
49352367
158735480
362727962
190706125
390964108
5032637
375759640
341017660
141308542
295337437
295951843
312033752
270131674
86385445
306201088
32749512
172172388
41421583
189916066
74348803
59500204
273369225
262214879
1210068
124114622
308145168
111106881
352914362
380781386
161351093
200329274
383246883
2158489
390055855
41323024
78288624
122559904
32314742
24476060
383460099
319436271
387415472
147206523
311698284
310204122
171425160
280583202
27085797
14859890
356999237
118689082
301911355
78695295
312548470
286372371
881034
17859502
147237069
72904644
190892003
408057075
381241898
377208093
25524314
305822669
188109817
178865032
386113007
177538680
205243182
148065018
7760058
260609467
209835878
350495399
41679208
116014811
116293637
114499735
222968289
229568769
152172832
40154655
157955110
192476646
306926093
1570820
212475482
241280831
276440600
108257280
16309634
330529506
360479596
268316113
185977563
337876313
325962440
99190481
288126964
393737926
116891105
239368739
217491323
17096664
253759049
218954163
256167197
42854792
312888575
376041247
311672979
266009427
384784824
41122279
221735286
61353441
75138048
2052157
380235565
184623874
356421668
11706833
98572671
222926481
389124796
405122630
318092527
119413961
358768135
88930752
146602990
255612914
23640626
104466874
113233144
266551964
358051262
396596124
197327695
14301298
121329169
77714927
375372120
401865282
112394203
32454257
380939572
294442584
52158207
280445741
210971322
239609152
86170454
362308040
82884758
392258874
73842009
387089248
121010094
275399631
388019039
86388772
228417628
157120631
223025325
63660347
169159509
316008134
242351583
142108520
197033222
315693122
342426042
306322920
391802771
383396212
361130146
370111336
276745076
300099302
14503761
242764892
12311851
207857961
76707494
319161418
191746955
177489523
288853573
221947376
60604576
55363506
390736514
266320450
221205992
28017889
280779579
399441061
165921377
227549823
75917816
380682677
204911455
152582868
402281107
144869131
126761265
250573747
71609490
264516984
194734844
367333503
170792701
191077207
19573727
343342004
198769605
43332129
238523941
241644522
362267115
194421931
152692694
342906067
301896840
204125998
67084471
109664264
17655277
295020756
154711990
171691294
63192169
193012502
381249939
177665229
233965404
195535342
196507655
109440353
345685969
164379914
205840521
273808659
367382271
350948490
192035865
186515859
80606527
201727963
135720796
19902265
33802890
114873578
114390161
290580651
12755979
375822834
302339644
46416062
397993455
70744533
173584586
185841530
262410745
282763521
45451932
33097091
263076602
87415020
325464350
110020629
241243665
167400711
245758584
66798496
206579039
75034073
90555611
402187104
115822293
294774007
410823740
248628889
196476975
205549719
198049667
97178938
112660905
335508357
74836724
13905501
230505672
267788888
387877517
328014402
380517736
120983978
350190819
147590089
266749937
214545444
310753110
127536877
275739310
253225639
397782816
5724205
318057848
346448828
249022505
46914431
139822634
134392654
79962276
190858665
31230536
218069358
211044236
226896361
349015343
368096439
147789988
125422836
384127302
355658067
398319814
389713038
95828741
385688535
180992749
159987963
407635951
50104222
101407178
317058224
40744529
185864568
211856303
239940101
357013227
129374454
135489629
320664709
9515665
155916114
345664487
176868409
177931024
376584490
164501938
6669920
299573105
388589734
280088501
374819070
63223586
209979331
270470253
25759245
324686009
289839541
293631622
50878278
301303596
351314950
309059493
150217259
29088458
241728567
347738952
367443157
65927959
124634213
281150199
28551137
78372838
145279474
12467007
257063659
189243017
125911150
122401460
190524901
323295013
349812856
215012977
177606454
207115587
19389209
227722104
267737371
405950391
291698683
247077364
347598966
148522939
308674065
11071006
239485206
270607520
102007127
191184990
205054780
240036692
257291477
141459202
72428904
275193613
118560298
251231406
283784258
391090813
315508173
364396896
276785874
278535924
39704836
392783176
389500515
72538942
23173698
38097976
125890305
353393982
353949397
36389512
283619745
256935740
47228494
350077517
339415115
327041690
212212084
138864477
238712673
306175664
368091640
265736817
16767971
135083079
288398819
60384873
230781086
12785599
45918456
311306530
30543957
215143320
233287153
190209984
229469566
118291253
124306894
101203143
49320845
225457561
85931958
29692509
213608111
341418929
133274672
49278622
184718779
254461394
260684704
96219117
148838206
37307011
93764713
211307931
31483248
20729799
109182524
186236359
162763817
335550621
265965413
243885499
214613609
179084994
47990807
388542802
41154221
322468325
294924935
101712416
117707965
16435150
148221348
117705856
283558860
177623552
80741891
274019431
115641355
327671787
387788659
35051776
5736812
326876229
122952919
103896840
155305353
97785629
402433667
395118620
54629333
5123249
394627012
360454817
341214537
314179319
95321726
407386537
314210153
277787202
42877304
7595114
159654407
254392791
351704451
160617683
30007068
203261378
77629535
233480092
397478158
346819945
295393521
198928705
128271711
387872260
257277791
23890242
54601546
316623735
239373477
42029006
378713644
27640242
39527237
60244556
336703350
257630166
231357262
118850528
131631010
29103238
147105977
127807260
313911410
339941167
264120085
50245014
38436149
270156154
112557320
78413497
310482155
4182272
40380859
294541211
112602924
282881688
90806663
294144622
163930946
162392448
191746436
234822468
315629149
308591913
331931144
367574166
198547115
48551570
260593035
401463407
104224943
32327667
303496040
395343522
287320078
293295288
327427444
376778273
269954604
382660807
37194366
49864853
307813343
323748197
86514949
120658845
8809381
363307078
242567103
302123398
211161590
144827251
406489685
107144053
104571124
221473626
311962216
31508999
157657094
338966916
33399910
298220604
375059704
400069302
22573481
380068751
336193514
241020975
119316132
387434359
322638505
19784953
325538488
6031412
177324061
406834441
398311099
223882929
315153765
13360028
36317512
50168591
244029223
76888735
342809293
149135068
74231103
306383760
13265152
284521147
255782248
230017401
120916886
143795290
196295071
223159762
280977599
347341376
36469507
53079066
250417885
264805138
249171554
235969765
337276668
168404585
247662350
385485059
283052104
158747998
357761651
91053257
210133531
34413522
61743728
174892139
169748692
147314306
51766787
375612240
390850805
357644572
28326028
374558225
49773642
362011444
27041990
353239982
166086807
373945362
230435705
328283335
310896645
206079813
112447239
271570171
174439699
284533684
294598425
156413778
13155248
214322099
228273996
173064715
186018532
226088724
329128661
4231769
20525836
244800311
254594937
201129670
332701316
381937606
2290126
202357901
113926287
56448919
390940204
305809252
9653176
301608974
123277896
29477227
238127321
384893438
36056606
230103606
258334833
379859735
359108401
127945524
380220972
309699610
174362804
67164704
345870784
379159813
89436109
224962767
74959767
151447293
392928813
290614195
343468067
233493952
296661666
265704942
213258554
361111008
209010323
266906486
278615861
200979815
404253267
18506962
406077494
407616174
5512966
27227054
10953869
47285890
100165267
290225114
264681463
69345890
395063403
175068027
382932522
299676424
139249871
303685797
377135478
388832359
277522790
373013213
19848971
172535854
204882574
7165297
3427889
142190221
114737323
63505782
85513134
298843090
45275692
144248722
42980799
97333536
232736094
285428517
87117950
174159615
42367023
10722951
184634442
190154113
285522870
39836032
394203888
196601064
369312512
26268757
82151809
285956145
330890802
166638650
256928836
331411170
160344021
131776437
81129932
135945102
41392168
194217798
164996326
296601965
183328315
124228455
158568889
174424726
265675979
222232529
78735221
50197072
395688985
144393336
370417763
320209125
11238095
8216657
206123595
355426506
140579325
273312546
153078016
57148361
241723998
302099998
243342020
227829779
89658518
15548841
228080216
126993442
347478036
267114542
74563606
51131258
403515790
154976740
253409370
204803100
390041905
360819565
174946365
404281858
402016327
332933046
97636205
182851327
231768232
352771599
345588618
287689656
18429287
255910071
105904071
266544527
240097913
268774628
248255347
65861399
263808021
144920875
341311202
397851064
290597872
227662686
264651037
276028939
410721563
85954957
99372414
83226899
386002070
108983686
208937373
143863598
332959286
395633993
53443394
309837449
183469366
268559766
271830488
42065663
201861613
97484368
130699515
234664465
45568268
122768292
332908832
104377721
279213735
160628001
346689110
267319647
350742132
282313489
364810390
243841940
146327143
1594599
376127637
134624875
300606946
392649115
27652397
25344585
251362288
400877350
331540474
80147972
398290738
213290251
76288437
76856672
361840602
93301805
265870105
260853324
189192486
109469705
314334991
22183026
144145249
384631304
16470213
305250002
91984425
304618984
281995290
161396082
38955991
286185215
113297562
374146041
50413846
210316813
361619336
32266573
136891624
52474444
317201398
193652831
28820813
215775320
96947318
73150676
359185117
229985275
6448167
323774925
320877173
121320846
117560702
101721797
215308308
214369624
280931236
403438081
4675597
317532965
257520427
94360466
203360142
89897725
307082171
98662541
136565912
158539347
89532119
362587890
168850260
46955974
262146929
328843827
340851394
311922386
212146048
371958590
279663147
273712906
327251312
151248025
69032749
407125033
35802307
180725786
96716307
243697248
31268679
380437056
263046054
196573447
123098578
209456690
388273962
156301676
176238404
159050323
363807137
28236790
118110771
332051528
100907574
139725874
322969410
348917686
179883286
404382507
307686151
390199176
227012918
168654784
27913152
368215743
308087185
37784824
252866796
123680224
361688860
55583986
148343001
189885297
195388997
408870271
139298227
333251630
9892310
300457459
317740265
193661557
297063769
216650622
187469605
399039037
114826157
295430160
389990704
329347432
186439849
376985159
364776886
234971589
348064246
131298032
48228779
7329781
277516881
226503565
43668561
292596556
47826429
224774568
269838860
358183856
280459923
244358363
256396912
325918371
294010080
59122137
196316924
392238819
115163122
130230726
369705675
84653701
369303109
6495734
10829429
116050835
348505763
94071284
264612743
161013507
219050813
319641500
303495692
55249852
172133812
195430369
176816774
111843348
147205497
306247663
297125392
208425988
279608111
290642158
76293360
43937469
152207726
370479585
43941423
63215952
70273876
379196117
85231718
296709098
282665341
165136408
134918439
198166039
196926143
268731192
202647886
186988496
246664237
371196125
186257335
48342902
298821108
394944742
320225304
347924880
14781273
132283751
88999738
208009601
183124139
188600413
274031991
350862617
84714762
72671597
115363415
350287910
136762350
61170141
28625921
101071815
160319767
21055998
121022580
169647258
278088725
120485297
224042418
244656764
146031412
397296625
88367572
40351767
267300764
159607625
382390198
108384883
164457091
126192211
191188894
207928124
311035663
140621093
389563597
406846809
88635165
20227843
141226318
70765609
384002177
390154879
244979833
141626336
318743461
42562388
317756310
365970133
209953198
63011180
144994610
262797106
24160691
359538352
409717713
248553969
113402339
230576628
276981456
120010181
86927270
128560837
216119567
18411655
118146794
178969049
13926249
65857418
379254494
98115608
317257758
31981746
163428941
267717877
388606630
284004112
190280209
139040128
175724474
249921423
151772678
107846791
302277928
214358706
64526917
233885835
406742789
14100083
148288323
196370838
182102587
140704858
275224963
337006741
341599895
89587355
139367775
334160206
326823278
282405316
317950000
225737093
88766464
19698379
72940214
342822269
192587808
3093105
278372849
229912518
258789547
259407507
179333060
216565491
62933250
266861038
214278300
370820778
238042306
324340637
181179336
1191864
390397387
140143963
49954407
22679040
367879666
249165803
146594661
84500885
161789835
234190558
380119422
43384797
303061510
271106149
249778504
203953207
385731870
380661260
37957752
309544267
373873409
159402747
134645160
263057145
364010527
189244624
44998821
153478965
378395173
264686092
304703931
312382030
43426277
278238053
162966617
364818358
316715376
393633481
69341995
291698570
322162722
259806515
131678638
238269501
108115588
370796855
286682494
334380801
262281200
90164782
188874928
17475395
259745950
228434127
387012027
40878940
41980235
177888533
224184595
58545783
82518043
360962087
282226798
136417940
370661474
9515441
118315542
119562222
360053566
342215847
132882276
195018440
254565544
97550938
76830200
44985520
381978541
263668691
234640399
87062018
13306850
258173101
366559749
244229522
347778646
261387548
74710347
170370980
100519361
70061627
347444836
288273314
6267014
302277388
330239931
368800999
74978843
231083359
176074005
19362085
297093473
58288500
135015894
179505457
9646247
48016468
250811690
68556747
212426680
37574980
68870744
249204812
340111313
215142453
377842204
192383309
405120865
284695687
342853663
96140113
180867702
112891619
341164481
62517338
384285809
91536733
207090245
334264959
24101649
399389356
288606380
294560114
122073907
205112874
258796045
153160966
62031791
288911553
332129065
308696675
205932192
256839410
128738664
322850246
392699243
180350408
207706611
301376402
75590858
98825875
393573196
197944851
113198779
210855457
265709521
362559809
105546804
390431584
302364175
392675375
405462412
233830844
269691057
363376613
248647104
63028983
191767326
137548194
73839178
7470172
250092486
16437896
165098245
324535381
373845092
316454004
189085871
155504591
377241106
164853316
271311784
221829033
80670137
321732782
322420364
142670232
5631486
174096510
309384567
403803244
193894374
323105960
402581795
92106110
317499923
294484659
172424153
291202665
285999284
307684666
80171770
168153391
214595090
314506966
323353477
294029514
57034891
321558750
115168304
360716365
246105528
205168770
18511437
350602379
7633926
244726541
370291686
63956334
39845991
349357315
137650104
250744378
350835163
348135310
52711012
247157648
187193392
202010940
193071687
113141625
118613082
22906101
48804471
217439077
158225741
213451982
56403067
282718319
204515348
77142592
250657006
371077323
392808253
354835848
401595715
294547597
74751322
313139721
69041892
372663521
138795170
85457070
312096657
263545788
194087127
353442238
205103877
280676927
65159685
326932408
244743523
44738200
394029497
63701120
63367897
408885830
146482031
199440519
410741129
43680927
312033977
285450787
305715770
153555066
294654028
400722983
335147060
23112006
336995935
146903640
43381168
276080999
60217717
224960925
240502499
255549848
395521291
112606440
82991899
129474810
242021955
126620328
204410066
89132201
340375293
372285539
345682290
250380832
23229984
225084943
247560138
65715229
291150171
217914239
259220887
199736166
12718637
266920020
157189246
44583037
350352553
310015023
214579432
359402660
390067098
330998731
153557153
52974106
141351880
397710220
199282942
267236439
221824596
385106739
104300876
47852170
375176454
236751734
406475715
196759575
345919304
155720351
108819000
63237350
323958766
235117446
378725136
174460240
92667629
286140158
190219959
186021367
341120275
134339809
240814020
408097012
325855398
30412200
221438836
83810970
139306092
77180237
331238244
325790837
194914836
192697839
264992030
356170472
397091464
197726589
11129053
386667858
398786905
379727770
355337097
263700967
187484202
158871312
184582182
121172545
76033285
292679326
137372386
404708646
294713503
297936663
399877812
202752534
68826229
310785841
100545944
174991771
10033198
139153955
308316266
299218556
109534561
140704304
334040619
313376141
66706585
212117873
379713269
321462218
85871507
86764650
132625001
381184320
231821815
104002918
66102173
294594995
209925541
162773393
223316874
148928509
205078519
100350177
92305959
185977194
189813458
353337620
244477295
159170140
383236905
197808594
346154613
396723114
106667945
245906124
113882108
32502081
375439951
277128536
160200147
21160189
205239005
241703324
331221550
344044520
104538237
381975552
301371227
295874377
393970749
315753883
348407473
14175757
111611204
403904974
189224020
399743740
122556536
217804815
266227854
1299634
183925545
217045000
212870974
331962717
328351501
150113023
178606133
293692191
307065409
294232176
79041208
286297488
29418630
207091485
290377330
292760581
92085255
404507940
250497450
114375806
10039170
371492513
260673553
269146904
195506964
248521842
99369272
282735640
305434943
358920156
159467385
194161153
392567973
379387062
300539133
63517148
389751176
286100244
336197686
134804934
228068623
382002274
389817187
232667127
408573176
91693256
82302238
253616647
86004536
209502533
87886510
195266744
272604899
137441989
328355337
392812043
187106521
326180554
298852884
378677557
215865957
143835940
309230234
353202429
6801702
53655728
133221284
323146126
87303885
368104665
164302279
192865305
138144601
129652409
347035935
25105851
160079924
50005480
220053964
124650804
185481315
213669534
70139642
278471778
203321795
3819143
3447730
326792435
242886113
337284832
357849618
175023943
202440048
397362946
175381241
103357959
86411296
362585865
381425565
369510731
373469773
161065442
251315822
140298774
100199504
237441863
64095353
177638635
32293475
60420450
268612520
40975798
45542787
376763173
239097504
117498670
38928004
161670426
183932794
168886580
118792723
374095525
404827230
137352281
92908636
39400864
364095434
261912081
304613480
104080250
398183599
98593937
331778775
160730598
245243945
210887012
159651110
13479438
334200141
244347949
124628892
239891974
223337954
313605316
408820490
54112325
372459385
74152565
383668953
52517409
48506097
147164023
389336974
180428571
102307000
344913193
247001871
53951416
161732338
300215180
90438758
16635266
84047923
345338510
147951276
65412663
77128305
379739712
244470650
7989188
54267637
158374959
225473554
256913206
206320701
85895703
219297193
152362082
405301001
97493309
181147508
394519162
242625659
278569830
351361574
291097533
279439734
273279479
100169469
310174988
32284391
16642782
98734550
315895599
79283698
198074471
247752919
56915583
253739807
205638957
241078463
52936635
22919762
8666727
250131540
328395773
296977179
185521682
180080465
141765078
26100045
407378349
149119310
83561194
205180120
323317401
375436623
230316677
202051119
97354194
204586625
350155132
196285359
290148414
146080490
169773369
216215255
254551596
6388642
141332364
213819640
404680792
268222153
44551390
283420044
31340291
251248857
179991910
209753059
365918575
156529477
187046258
263070982
193295147
374122751
280643464
294481510
128257469
349849822
238756104
328020081
98583951
376194789
321160195
211057943
174779194
303439878
102527144
362650453
378641113
255843742
156658140
375907640
26484544
324509141
146602490
201079336
175803569
318057304
118413267
178733474
109987798
60266180
338919631
190179759
31619091
325963382
61234693
314339877
249652212
288518763
216999730
306918478
208090478
40908705
389235281
201850869
168445988
163294613
393802459
400960596
322745669
276936466
264358162
139406437
306945770
244367337
321648757
9783168
85878621
406163353
231541356
247571626
36395276
371229098
221048682
362813698
159914211
74913046
184945969
78929444
267868511
100346471
245048310
176680287
114581717
328458633
109039557
232361444
30376232
333286104
374581887
337230689
349703212
227214512
162252998
218191342
72010475
48058795
2400809
170309542
135962205
121990869
310359332
171694458
174713969
223501944
387165979
206687663
121846660
75718608
3360446
130081024
124345327
115476387
159830203
65279875
285739868
192704148
151652544
180303192
154691730
292906509
293588363
386879564
45251423
8734791
393801520
361271274
77970836
408855432
359617559
177518148
378430192
277766992
298649973
160753407
308286529
182039267
312367712
363169789
161138530
344743792
232471543
186812847
265156354
306262481
257529759
120990835
304153758
59230298
263589008
220482039
293307395
292722939
29528708
293448492
153951971
309965656
101396049
375612928
318045513
155121466
219120905
66613123
37364391
16661194
61020122
65710680
199426548
140509543
274983380
47131284
368012472
392008166
43755366
371348069
208461532
291279621
78038185
352351413
8870753
14780033
342316133
35947346
138079453
180810566
334073487
126306202
11778957
39941056
118152730
93387754
358027102
327189289
295475435
319181889
297741686
209592770
300650197
9789385
66664136
367088133
141662673
381441922
296356570
241340615
102679246
324433482
101469218
13422688
320497843
114061814
108257138
390593049
148364543
352070138
342787922
177735746
198106832
267991487
364427692
75004442
154630632
264578441
156410509
234378605
409812264
325654039
202300812
331100480
146308103
283582692
14284137
254417277
316980743
330310269
341887793
295625549
54804044
254060331
275570869
145435446
55722662
246267492
84438411
85497165
358629030
174528412
342674247
41872044
144624634
369621688
370679082
90052254
204058342
289536480
178759400
203318594
23735406
236803525
1598866
323828679
100014117
215908524
145270660
197662467
112395420
337329359
335979972
336058316
28148954
26563966
118854568
295591138
222530874
240748933
67792318
321754835
313352823
245599405
169613523
155695790
372761167
109207375
102125567
143156398
122230962
200080442
142134740
48864514
72673617
361973600
338579105
209535151
140086904
138428112
348480586
283923170
165735094
409862049
119516149
259447749
186340351
26110118
135350227
11374906
233539115
66371298
116139752
350142100
181843454
356502071
367577392
4931578
151469360
181421572
78800326
153236097
271019363
222396853
380080691
87422613
106792629
42078316
355764623
270704285
333474961
185831346
197583903
222106352
206568356
23610858
322663487
137749054
125148541
304894368
41767405
102912966
221363502
167699767
401377760
102884835
351532339
37864706
100616185
47103845
346819922
121552594
377732969
264864529
160492040
323228597
145297787
151770566
276198929
18350581
131242090
186728312
142672199
327409733
4117456
211234082
157549320
32821591
18561444
219475383
113079747
90527879
249068471
46832945
141876000
313327747
342328226
223887785
325908680
294360854
361211317
359054472
170045772
373690500
155961231
382072029
74826081
85207939
394615689
228344558
133506646
360210762
33820653
352387475
53528850
334105373
388589836
69101623
88522379
246858993
370466834
230194602
136295014
36030050
386965170
291770501
225573406
168860816
176265904
94363014
283475695
355991235
14073242
199626760
363609496
124286807
5322078
226053442
74619233
241455063
30789979
3785470
200305961
81233730
107155793
6647421
289853050
299060461
150789790
208559438
4422620
228689146
389552836
518035
80527203
316966730
303587428
43606896
212947101
336215511
263278090
7498278
140332205
152965098
22628203
270342710
13329248
26539331
145176696
4914198
146073581
159689411
331715261
321433020
125665667
29539979
48586912
85298359
54089988
291918557
199426669
17941834
336862869
106020789
47120009
390021303
188679500
151218987
241206401
261401081
31517461
220580786
326266628
259631461
84911918
86763168
244458704
393148827
57720494
15260182
279538457
403426651
396022137
214337965
401399876
366551981
35933610
102465749
143270598
252295560
395222142
113954819
328948536
349079921
353416444
167225028
137684735
382099273
320272188
117770084
374587955
395268177
85750202
272626967
399608334
109808745
325439127
232623701
6069522
134455563
142109541
351086329
259887889
183473030
141350872
383686448
248792558
103563113
4873089
317650527
96161191
350268880
317637888
307455908
4054724
77442517
330449899
112946603
122735149
7336234
198947482
305538217
37862773
330542106
200827938
324474732
335592537
12276327
136910316
125424182
116125344
254570369
246893971
156166696
200100587
282944319
158924136
351938565
172715613
275221337
155415890
217882288
268164158
298590031
198108378
84140571
302831420
231420103
359148270
398983874
315784376
282936756
320151972
328024055
23910319
180991000
153601415
12122953
80857571
50877907
126912677
409999259
215834203
20365556
25774114
188493633
336064479
99295711
129532208
67986510
204768597
105843895
393846362
145752539
226139005
259640491
