0
2
24
264
3240
46020
756336
14241696
303670800
859493658
217430820
744481417
1011174143
482814652
347200574
440997844
669594193
156108200
32004839
659415150
253497426
1036681626
642996788
513766889
933689141
490145448
886496534
674401301
509342791
673554322
386747129
704857629
825985190
28255849
288192493
1021184107
574364777
718553063
924485681
1018832593
597662520
270718778
126653747
257831375
60754280
975703169
575061530
484669633
779824130
1059431968
686555059
84438751
899795509
294952466
484389774
436389262
1041387412
294636128
576627418
651758875
377968696
23328447
838757370
905120189
125011049
818472203
233624209
28292524
673543585
244664251
114222300
579964623
259577572
485596282
152821536
7947483
872732672
875575634
848106815
179026959
471586462
846222038
357102845
319960155
32053037
676623865
373659665
51717980
914640113
575119691
256026156
874739777
777306866
150178991
937112847
510166002
527968288
105019057
96626125
205847185
467513700
864252512
135311413
206867312
829494967
1037946827
40979607
492826179
53896757
792865381
392781226
53451829
134187423
486810731
1060910844
155017069
877499783
341116438
1046350745
221247755
942945096
110361769
603349334
166917058
468479264
5486735
741305584
185378980
1058048334
242379600
278933257
91614464
695284283
230469844
36731322
852532727
442419810
879138683
383924827
917853521
130090870
1047507525
602363350
1023868987
339945761
669613824
1044120397
483656421
686056750
912929652
585813489
648453502
998554190
715997015
495268075
799655548
206015100
339975245
131030764
774922060
983467822
1031849019
854050702
65226586
150914054
1025566207
765061925
290182120
111684318
667749893
13392942
414996991
880319907
473538860
713095610
4640800
504116676
483411305
699365849
47862363
267263126
647683901
251674633
505154971
933786867
48793216
167975436
927001928
547396997
500344951
398416415
20524377
329376908
521600068
350352426
255304822
1061562769
197815757
847231691
829802926
880228892
51614510
659666637
293640532
698867950
716396193
562699440
734033794
412408342
306921086
654355402
950318987
112804242
91785632
984246431
185334891
987489954
257111678
955422566
716475785
291345273
710451139
13717689
593683168
999895616
1050527142
615605612
34433960
58832695
454472533
442873703
423401867
789383006
1008376889
593225799
311674060
913734681
514249031
41385784
518493132
736504176
220235394
165052336
102898456
31896791
948765921
414300595
413366769
474791277
670662132
380777611
996674039
119030163
850880925
676384921
341878702
980584123
191571618
331592128
707876712
316183084
710490957
601654840
341950214
134775012
471119174
916758744
123101091
89855625
799234433
926624954
221656418
850315561
118152897
810259456
908982442
97485181
869814863
913049893
766920698
330687985
152602677
751435386
685278810
225424899
815915483
839376936
1053616918
64173353
419096887
677713678
604830631
911162832
866959160
1021432259
742250732
82657541
156381615
687076624
50801924
288232368
815772337
58753018
1052631953
696315353
286618694
200689230
413868952
708695366
331581224
867439692
350893729
624842408
558122879
338907795
637245803
929946615
66155606
76343750
42291228
276477862
565305031
551878773
942305148
264877013
749813364
21389270
316914845
238177355
604590896
424143620
425304589
58366927
49609313
974645168
430869713
499567000
494349139
150703830
1034064317
630642641
446958946
956590978
937921686
145730977
806205718
401871715
366767420
167075189
651376381
976301120
944301462
911519985
516187239
715571788
655458755
20552564
203045401
570096027
40756789
432061644
604592152
734968370
151325753
168469746
421194726
985829636
892622989
663192962
990256885
614682427
281539480
725392116
29248790
212749070
871660306
828275701
197561977
28022889
87610942
339734761
309923439
849864054
395928081
558103494
148308267
741863956
711898788
491787654
1018722585
277771485
245100627
785875413
580697596
421570217
898043269
826390705
136054956
672617442
817174707
497202373
150434560
1044129534
436808839
61016976
211809930
801816905
280343397
1019432354
776066348
14899576
693197314
913038542
883453901
858309157
326058217
490590690
214081721
770494865
729713156
997161503
1040878189
683926043
595718245
136891805
3460647
864860166
214369835
637294125
261295512
38359074
727488879
119617893
688115287
564000807
548915017
118278981
637927498
227433587
331433990
840125515
393756407
4935828
104219556
450211914
1046438895
318751839
943027457
1061628492
617901259
1063009989
288139430
607397839
175866518
540005745
204474322
778424592
495833786
183084296
123205988
419510886
153588911
528387418
334765740
1022819101
1022373657
440787884
98740014
478444518
358226278
867062974
409551890
808281757
835365489
981949819
808086271
1026959135
734734363
358991380
619113355
567530295
514340076
409187995
573313390
807395664
905659837
995169539
454433728
530737664
334852489
195878839
757408051
720127695
1040866509
738003724
738069004
992950543
677854856
730539878
308932947
332937430
310719256
223859439
902135646
118232338
471773897
853665875
85364110
144709778
400944837
587470451
269764775
52438933
348279341
329366110
635798227
342955302
879682041
60885188
376149145
901670615
410511887
61538657
321005466
765798837
918755147
664318307
735475706
804571593
885077645
319903041
244668565
483802186
901014136
239388889
925681162
367913824
784006736
39103929
315948415
1063246761
335771113
791058844
63594416
574081924
944868785
33809232
926922294
738583275
279846245
3712293
164376661
539696030
1003212754
229165495
170894515
282342387
213467194
29591094
194333446
147066365
983322600
718840766
452544441
617793069
26639494
534252292
314897415
1015889889
833521279
462581073
968025132
437262347
641947872
127069822
703966211
371250624
354451297
311775013
1026536249
656241226
46167523
204103687
965396305
4271787
943196234
868632864
71073294
777961428
535653857
144250079
498169632
159456468
802485848
64394403
615185508
49711890
460146198
102229127
30950964
789603622
123002759
743591235
1019924827
708847678
107593724
585179964
454877294
495891674
928923351
1052288458
482534010
921659072
470122481
514572494
421400819
299658601
444072684
961752460
532958840
825587470
318033231
467629630
101845093
320111473
1035110568
53129318
982829879
382916597
14683990
124261119
809543735
171601843
668776474
531399666
483305755
370015508
315991446
969287948
983783312
160036546
620170159
745261204
923650444
917355038
655252576
259790516
802045399
331486288
834094949
1040613031
597461547
826259969
821065357
276532210
416317398
532931534
613540607
437549298
4646316
364799192
525902976
709792004
1466432
419163198
409234926
835983544
413724136
370425623
445858461
716999102
226164587
124622838
396375891
868525006
236832510
983853061
969213563
362738438
45312577
86698920
927936839
620308045
673883380
445608033
639066713
197638292
799413513
866944846
185150292
867921946
464205149
89101221
822007827
236096274
703964283
869556638
564245664
375401107
207855996
209268836
271851479
341418994
892066354
107588404
99201604
1039758924
770307288
358561792
361624421
693417388
315163045
865015831
302744895
530604410
596007992
944743831
630989655
176886579
312319989
89614370
61954968
165333864
558762259
609314764
211452627
165533315
813774369
399470466
837348105
464705817
389883623
958773204
551054564
421532914
751341235
141815423
1048686638
1035017475
312833084
414067802
538822470
462286447
978638339
324764673
809522816
246712217
147226213
975267797
874406492
24632915
809431175
212310830
318685365
872668138
554513301
866822205
319813324
939392327
197917328
323767797
976110566
547778488
681850639
20636255
418104497
155009205
127184588
415138106
470328266
437035298
625008288
155777361
987378929
506980784
388488097
31637286
583532275
96824608
519002092
84674964
639897053
163594575
924972594
762289683
1045138217
177674090
827281912
362044736
398239564
624426004
67541836
1060093093
124411081
280531056
173317598
173845564
446375161
845639312
949685289
676870675
642194704
384234966
672507813
178836835
935072150
424169798
77640877
373601557
606543745
713613988
66084982
317527391
702204452
554652685
396413661
392670415
131007497
681169092
219908638
432025769
253879598
130532011
583298257
658598913
368299433
890685932
703920711
941343414
881502180
209659545
913750208
1030891824
927925981
623254051
349030163
640387499
69778956
842221833
869144174
876838130
393147356
328999052
513581753
1052602267
661892466
388350227
543274894
726938586
776208120
411482897
66774097
212218265
508782009
659016825
538694520
200058569
332794190
146348001
253801002
198522893
594663111
674979824
281177074
909605313
1031498619
213515632
896208357
520626251
929171013
396921431
1026455939
725945127
292256619
489255415
8361068
652143069
755252103
79003119
235025429
999756009
862754623
651833846
774148410
602908618
980652503
422150008
775818178
658391908
670391589
530320257
580292926
477233722
204163844
854721516
985273774
389886733
755961644
330515389
1038909919
73695329
38889829
265075848
600565367
833093140
1012826381
121581810
981276165
565779220
654666706
2312699
539465865
545736359
271858036
602976279
962280631
315952244
169355002
299477554
467716015
990410224
576698080
754782380
499695997
849150267
393557480
1001189820
943417592
482430225
48665051
753535027
52912647
325936479
994363821
121466608
753517247
576795772
637540737
837338747
766242991
768183215
773514885
383573675
261584267
262788522
361042604
573733508
582305687
380889070
219991255
486492151
212373594
691250370
1041309455
718331009
224061459
393477526
920351655
466957836
222659456
899227162
959791163
602128794
691430003
94545014
207782254
1022645801
763705317
118106012
805988445
830080648
1048222999
339918373
141376504
69678059
159100635
976321093
556752365
560302642
760910110
393471282
697770831
964598783
270621867
846950931
920465626
426080056
522113595
852391625
118284650
803439744
312581229
747685858
558269281
38708639
127277877
542646219
503081311
373555817
444241252
703148255
163251086
89359676
972471292
697252015
316848966
831581784
549421086
156275821
114517
928777402
523824800
633016430
371933320
483134272
99482901
5663445
360641226
1000589258
905860408
936787746
832268478
845921694
450426551
1025485259
680353054
334396803
299861042
764300571
865824001
944308500
456520588
728452516
149353079
447104592
615435762
685029893
620152775
618949261
673097290
226850510
230072678
41194597
436477050
1050076473
565282888
917321214
495613669
608936983
606085883
657015601
43057098
316568270
494737364
232480449
108284826
962518692
732577595
239440713
182778315
711983574
303796585
154741249
919162056
564685953
888110871
728922523
138310099
13865696
395673518
123224317
353722566
397929492
315199397
817605400
990628743
230530318
158706614
1008325115
185743908
316555244
555191261
221028855
309200968
770444526
516546598
756617753
119337234
803491740
739188012
937409586
535725521
620804895
551619050
115258724
847739228
406069160
739178312
366729168
766752767
389920126
100852912
383327186
625722570
281683856
936621325
1022305651
127366414
161541804
472006403
489839844
682375817
951978892
972722096
1019470569
251458477
704770109
472824842
1014577421
1037635606
203791990
968544041
689756469
513860969
618939618
170605814
576130334
533831963
436476798
417206315
793932216
244408290
758665554
354036172
64668648
1052602445
213402236
753699000
99272615
192630231
232721324
87034279
1052749022
579010676
735563481
900826771
718002749
913587211
763984566
47795423
464502310
332799070
493874240
962994441
315086166
607566299
943875853
31599500
276597088
702157743
80563819
995462099
228632447
1056088600
730808625
643932648
728562364
280214481
912818207
497414189
772073453
460320316
893305931
484895012
47373229
877442147
309008170
804137914
200961433
909266603
888610888
716384507
552025830
631275792
731544736
171927450
624080803
1043595885
880122979
204422849
806913305
264767063
612695420
929864510
70027852
705499785
499155350
75811983
294029603
652746579
546444445
941661351
709423644
978143684
290490885
150419974
929357125
795423916
1034957096
46202450
351599704
177050513
810154847
31485577
820529400
163290705
251938572
905667127
627496902
147711154
976878592
211914720
1014774671
393930748
500961494
1034570864
494525343
358257624
721902759
810187306
814612769
757667903
16744767
197737764
46068187
558794349
705388757
126387914
904943042
747013020
1030628608
1015137519
590932179
688049768
457009410
237365559
47329590
857641827
920249044
50086155
984903852
697633135
34577084
528749573
1062766629
1043062583
815231993
282257375
163890311
220283942
879160958
719912654
503976162
520955890
113202345
300298977
357770551
809566427
301398635
643309700
479871333
257611672
625430296
593881563
219848030
936898776
922816419
607144276
516212560
460846631
512982620
799855665
843018773
473915441
425307982
730040064
674757611
1022949325
218755093
501403729
335954908
655875615
133035593
298073811
904495071
672509450
1064699354
977157368
689907951
402638084
604084194
284913820
865417276
810342167
208014552
492861265
331553882
1064044334
499064227
401378875
742075304
165606708
530575231
439560860
430090917
525800296
655520575
255016680
1032885237
939866438
262788857
433370018
823579985
407045048
1038868751
108737718
976509602
120001142
240191154
780131673
155342835
210323081
851536161
318659635
29372373
56003620
470540992
988995302
428310107
625950985
96042292
814407120
408653346
378356059
22905164
961052549
29948047
102511548
725207811
623902280
292758997
417471508
80265377
985934644
573397612
697423076
924171641
602273973
304565386
528082513
496155123
459396659
403677744
542542702
303374360
572419213
375324790
670240560
1030281247
680447572
480254702
135068089
523546376
123315706
717758114
145799044
5219590
640702233
856365709
724843312
1020046828
869054016
639185013
765990629
294906813
402555048
907025492
948648085
1050660443
173716303
792045156
207944991
467819703
675415348
602866597
714234108
162908761
239944844
729150939
769051946
990392522
937604641
903971284
23534400
922607380
723348966
738021618
961867367
255202438
164044441
837863201
14266350
659414959
990227418
736106911
585249210
360064630
731255993
1040995462
128227171
240630727
462500458
106673805
714991638
699204375
233203634
1025921530
467859275
429668881
722650084
979566644
805819355
24319018
965236070
846387982
493426590
325520347
762239277
1040553907
990961705
509829664
8932685
271791286
501410279
521687848
426835475
97661403
829151073
165270874
468311193
354672687
666904811
787270608
348562349
864853747
793764210
168970987
931183834
582912175
854305626
172519263
862109535
1027144412
893778591
51070384
834522734
750612644
108382889
434531459
845331511
665580925
122826493
328361299
241975823
589983455
2968920
600174994
187370049
569571597
623564209
206560544
344791340
845629294
278289575
366621651
230387769
601970124
631067142
631928261
4330704
122569135
95290265
758570999
868016791
20000443
479093426
60309476
285589510
397686228
355483647
64929753
97632519
324865995
996454570
941994785
905469754
947754326
693133285
761425701
661811700
408521526
1014199494
381119526
283560700
504271696
37668888
343408276
387842605
75583734
667525559
249894920
1065179968
934232335
835442846
685316662
209893549
565615076
31577282
161480591
659464093
278259275
525849549
647820203
371809570
389530799
849312829
984534112
729421301
477880365
1032491992
611218617
931951236
758137697
748178192
47703634
954102270
673436478
302946177
240431538
969285679
659250986
687946855
51132712
992009343
10988099
112371148
13258581
145721333
363404280
252160339
601430622
54801576
67497936
875822773
457648081
72540995
143688308
118058716
922974173
568922682
934851195
318645967
546368898
430783659
900839664
651353931
584039441
787114470
188466648
595620008
366120087
437845931
108809727
195025065
923398293
967542998
446549664
470278726
802153857
931226066
724808996
956741410
492832856
674354205
842943295
329982915
579138789
711005103
556796036
363039573
65286421
613637097
117714674
139225926
840976466
402841074
645364054
830502387
632954511
467561889
908905630
911191623
573561198
565626235
240346561
641554074
570212673
784594494
301271405
23019812
901135889
606226432
580185670
790339451
770824939
860636678
374833816
674064750
817441806
749489668
311009642
565822957
153231669
325040487
19417236
64258652
493842451
506250196
708680997
171804274
531292556
388061493
344332853
455047281
128530868
224552833
529561332
361966478
574326415
1012051642
410262687
578083045
227745357
861098113
252858270
776720469
919861957
989573486
260464515
5442235
77877236
261654051
406065828
162368460
668475877
579464603
851667359
674248401
593619064
868455810
128212340
427446654
862853818
811432251
603106951
396461543
892715236
614639899
49061330
799001048
421022155
538750897
530848206
694439028
403470250
476865342
835186697
151207987
660728171
213868270
489749066
437164036
21068861
360269405
371791315
231226289
276219207
1000238929
791817876
281673535
1000515636
385233618
100967916
961398659
843953560
559101613
795864739
311246529
441657163
664617284
670096506
228210171
607882292
592994925
940983705
254050886
310904996
549486027
101862318
5072451
972254556
904692643
266029321
183945769
224749213
499464129
23940764
801502853
561767549
767615007
283043222
124315200
49837871
617068945
88575046
405511168
931049742
813898824
531348976
458326368
982163755
674140380
1791574
314365234
1012742788
861336976
428460290
626005968
1061221607
829271805
408825418
1026100103
28697828
842285263
792550170
496963047
736649957
1037952502
1042192033
275104256
33026671
216704332
816897197
125240268
963999218
698885753
239113541
628966689
967000427
748440131
921902319
772535844
462277436
302309467
490274286
395527143
834865800
888933562
504854128
893740652
113399306
974679084
860286067
1035930981
993949339
490258858
338903734
502853444
350551151
283583267
797488222
335413580
382667362
378074852
138480284
846725711
625546530
225277606
236918319
777952710
464504528
392124911
80666045
678568604
609275472
842896206
286316750
859919756
380378183
1037870559
52469674
513411904
681958777
726258497
695606600
713281452
611837587
549225822
842149313
254751581
441646269
34312362
879122201
912070881
145095886
852681904
640556497
330320397
141431814
471840652
1037621891
505369999
615244112
817931523
295919660
797485406
15903874
820885176
619569759
597201408
317574323
911219333
421323044
473232921
415473797
1020251486
966807646
889863620
745528379
898790087
534012622
739627070
551541342
554208774
674329579
132898607
1061884741
104459789
101801710
236529099
799275185
989819673
463843667
987976767
188706776
891756022
1044908876
385384035
210065599
83714434
330749993
84939224
47815356
814575715
8587041
480417492
507587368
1064631801
160591855
1006767307
24475727
444399103
302332184
434130679
278794221
1050947407
859486784
543396825
445601577
933872357
784470430
38037780
984018737
517400654
117540808
94694799
63454641
447290409
791403341
204447984
123338721
316830740
1026835650
364935006
806432188
922798774
730499820
134034076
1015272305
954628679
995111418
980876494
589564496
419240464
937061991
826910278
247342693
189840016
562794191
401742224
911744105
912947971
134135296
1028082452
143698263
641766059
136309549
415445872
1025173127
556735610
958372490
233174622
377762953
188605493
408965939
324239375
777442809
354202811
525696052
237320676
464393752
95263386
151998775
275069311
126416651
870266494
216455703
899736717
109510285
159518833
140642027
454428359
255855550
478446820
133961781
949092312
212962411
832256947
487218163
438564396
453337407
27536176
683370232
132199468
230972815
419406659
771283924
587963767
264052141
354683746
721473707
467360355
406249454
163327384
452107134
201706125
558455471
993178528
185620037
684791520
50553510
62465293
82753808
127458776
15449024
41374149
449353601
575663788
517144194
838412746
107035185
215425392
13727928
903733834
286993308
983921349
1003936623
203692917
867698322
113229149
294779429
1025568580
860483546
628215684
678607143
106743152
435109267
297594848
202475068
77056378
900158892
633777206
229271460
532942950
894516589
1034780225
63427274
182283765
434884949
654247450
392281303
864150035
1023350001
375342523
190063250
578961102
853517674
659317239
869599829
674934264
160964800
553492506
536371354
692832862
320641966
1009073247
162324207
245523507
108718455
611123238
783024085
426508441
497871746
617535746
470855135
425572918
56707551
679250523
912180470
79634552
589859801
680245071
110271162
660132724
873959081
81272701
870476917
464637587
661665680
890827807
21296266
599241895
920714051
945394921
784098160
829248392
793917698
1031943959
755184377
832313340
455045598
1055230932
635556113
415601931
346879456
29836741
370132115
927516658
757163997
829154666
624256447
933147262
1755986
387746743
981237629
756159079
159933476
246183357
412195604
93227483
266519739
698781668
243789667
304607276
682135486
783518673
797190859
808790549
931826710
574699383
344720324
244787876
552798610
627480960
226789046
986293538
871501754
894658061
960994952
718166617
644236100
785648194
915230546
636488229
827706550
905171322
973999906
1012261967
1055385233
1042527201
130895312
757488626
642068644
756829051
953539210
452988760
910213811
152764221
596673576
380712283
376201406
620252842
427192749
43329921
913949519
284269086
84984555
334391688
42685059
536099844
261133786
886325203
140216661
13522276
53916524
209632469
4716729
203448254
6566759
247185468
552172295
948078735
250395826
901944327
268588513
264882245
820595566
486308793
154882927
421074795
179336468
556525176
459372431
169156583
556402692
360116649
100993797
729934657
321598435
339562194
997541480
21365102
498386976
929927546
918855755
807449272
1043548949
580452271
1004070724
644470965
145753351
956838717
196783327
946046059
472400558
248886855
449784476
1049638264
98570084
36451713
17206999
773610707
888587959
831003750
88303972
1021643954
18452807
914062643
466364863
361698298
743475469
658891124
830699910
161274189
736169561
743596100
923102641
82693043
150152081
82218902
670104964
601436672
160750601
696821291
620215168
817137450
496284771
24295012
301791438
758526484
712580835
416537171
17674014
445227808
473815227
845023062
861829126
301108157
436701738
396300649
844364245
375757180
418846359
274897194
78745146
840022940
382249207
468125060
739235683
455181482
801382234
1002958096
706361156
589582111
744618939
479880631
608362649
729146883
122736262
757767874
291212448
444703626
283860293
739348050
117111867
599255716
698746236
885037048
821554454
442918711
513243451
410256176
552763169
40638877
66475190
121245000
285895407
847537727
719907858
776998564
77259770
78733676
15404757
512717886
832242559
665078939
527694867
826388479
31081593
650727347
946217750
276813134
994567478
46159657
993399479
589417594
280201136
1044787241
269215618
17636980
667392580
541566340
484622206
953782222
750004028
388688318
638713745
783332542
374051672
15430453
134681045
929870446
569142944
409610403
600691317
1023879695
273639619
344748736
785395732
423113997
822537598
570121977
109064881
312394160
829657400
882791859
805898994
628464917
15774578
603498308
768459488
318717533
761956440
22794616
387513856
407706991
1058843729
134416851
438701878
778903762
227639059
889646123
264218895
976475833
24771419
397364673
353136104
523409228
168448797
731022458
230546617
470688932
395739751
427725185
181666416
190411951
453556274
606726482
182576650
596210282
722666893
546624794
51456273
234854593
871249372
565579713
391576624
1058563447
766304294
53811113
826569571
864993484
198262229
464382382
879224071
545369473
149932384
10170724
572093989
6871626
4084623
714068560
1022102456
55752345
221558562
732106550
408830253
90178024
854490468
484272276
950955886
309288427
230468893
59116262
991110908
356397384
329947053
399742246
689345254
691482913
76047035
275058815
94534985
388315306
1063456825
619302251
823382126
754475620
1040273754
323164758
526759868
994002767
996265056
807575524
58948946
1000407483
721708782
490273186
1018810202
22025664
841827529
701507123
820200541
522618405
960257483
921472984
745845919
637518748
834288820
304189632
201498036
652353114
1051585941
935780031
105270063
508325553
662924677
166951019
833405847
390270698
413245977
305452895
370349596
132110073
328989692
1029532193
131606661
430932618
776922209
848032625
265712781
68051656
751864491
227049994
68906577
310749034
378371556
595342671
287128564
577026067
683772946
390107858
342731728
883537951
753204979
537662367
837544122
927360605
115467903
750421940
924841505
968668666
189315861
1024548940
734443253
686115450
434594778
206027138
597162012
904831841
668044926
223074498
58332302
449330247
735016831
809663190
751295056
346681430
792203559
226037849
431802591
359432176
989544488
209897714
38034576
531249623
1054759674
179196590
780619831
183723935
820731348
604763488
1011828424
166881431
183834036
753447700
740179805
879885047
586115949
84989769
428869643
610891627
595010735
1034824926
491980883
155241277
644314166
161179171
1024498153
102872746
382175222
409605833
152998434
209668995
77614468
285318463
641976338
375482731
506736433
411645853
150759121
226606266
1026556744
631864346
664829566
521235847
361761386
440856451
668656340
646634875
125494606
916224519
489703672
748876824
710344802
231382198
276001486
471274144
489116049
889665278
458243185
692256352
457763469
967123087
342127615
522209536
837814253
319442426
56600059
623984705
312931441
76445900
587842573
608291317
297485172
395898767
220679825
226022168
588674901
466788952
439134321
113808443
212389397
805517068
626037192
725593360
644623407
809784766
793332571
679354274
301837340
671355147
332332949
190846620
374712023
872277182
913611769
227832607
111205387
94731636
957619938
1053516205
451575082
24755243
1064458489
229668556
542325525
760426329
773387717
282283482
100602879
855063383
373076454
435757412
173937896
1052250892
358950512
111948797
443677048
126037313
471625301
486087226
709607969
133821023
317411369
879140640
786501685
561660120
1001615017
231065892
218880363
863402961
107652623
988351669
148773941
768155329
225784702
824125310
417515564
1041876604
236914372
485017713
441747651
269694972
401894265
1051681419
751712732
941937225
616641845
1047572252
607924016
245019102
173276044
227060664
661433894
154714358
168124140
244511838
908088967
517431803
413983259
298428633
874988700
381520573
463012237
791163911
127215755
860958021
90724541
796067390
170823448
465389733
175018949
708280529
885523795
330582442
817100933
832023796
96173729
998015611
982751174
945520641
215877901
659840544
122572237
658187664
888501237
716347711
651259787
213849841
2621376
834892572
251659909
509096579
541603679
389932041
198887287
461950196
439869630
862665898
6421465
355284977
902120926
895250418
901001932
83582006
682959101
793464798
930619158
153717323
148270377
295088590
299448120
605796267
1062819886
708940986
947347299
407538154
688348089
756564053
1015393475
892054410
804026014
57270724
422528049
968725054
677847740
599437028
985491270
538996873
582855044
374395084
524948137
786387890
623174437
287451236
513496420
424440024
902656976
65323521
414886366
218405501
165737243
488959801
1033963031
214885052
537313149
506521940
910817452
309608716
615798294
227818045
962083921
178775958
656208421
799709966
364310954
132775631
704999746
732688996
227083423
141284552
768116502
305821768
970241917
912182449
602262655
1037386615
1045736333
311339838
984699260
421148341
985313823
1048085609
815351688
580691461
612566899
690977553
277451800
959397900
102903405
674143081
465858040
809904602
739725510
408690066
846617753
570820695
145170457
634747651
211212830
317482729
264518494
129305405
136889403
688283564
466410482
391909508
352346490
960371873
797319493
72252812
334093151
685648097
768480254
214959467
1011994244
100642994
644507483
896493697
715570502
717820220
955038728
540086276
965493320
32787091
392218136
950043159
603650305
425512938
160326287
590775316
269931626
364778304
607171343
265876404
907521253
994208185
564407850
416494122
557758666
713119395
217455210
1395265
321230186
275190210
247292691
276946458
662035383
105646503
585087169
447905663
444100294
477466173
316113527
582650886
533506890
689570462
1003140432
85347682
894915527
681366200
10476971
770733397
720282203
60977217
641853160
924963610
798717890
658178673
644947828
420772464
99415128
1051202429
49279702
669593701
198553712
867065584
274605396
796747115
155700800
191222294
11381419
715832639
532791305
454217500
449194554
93046389
977141657
907810543
579106702
917717006
615505625
583516508
961178759
830563584
880373561
113740683
980660786
1027050803
595437304
722917722
358005228
918208811
802537281
56404248
736078815
327110785
71197839
713603205
445226629
82734282
517767954
783692410
69326294
440157140
785400121
917648416
5632949
100514720
137262895
336263600
734111360
210391923
531352206
872284362
251849798
265314216
288615285
942438234
947224742
804865824
345703547
709025041
508566316
5234131
846832585
350514068
653232773
371961428
282228869
592981683
228727006
50580493
901697670
1021940530
635387045
417746302
812485089
568252099
47015854
7065938
718810933
960945964
287353044
648235446
515758911
766855149
558894758
761018418
567717136
836069614
630356206
692147402
911555805
830217120
530156731
1031067746
350276843
419535279
967892246
981547584
935569361
873865988
61304565
495996870
223618129
548769400
698904421
157231738
756059574
864645580
205650060
391209955
764474353
758733930
577676342
1012749080
9162213
584827873
1061930763
533774118
289112901
188185185
120005700
814183850
205858065
768779900
71410112
788443222
859842300
487585315
988999414
129867785
504694163
973886906
165324078
428268095
1018458234
27766197
735640573
31154230
758631069
618010929
409448010
354328638
672106022
33725980
710793419
215445764
445751700
830921731
1021135270
204177913
25425620
1048555003
709617598
955786100
759782681
974903401
1058961166
790763663
687817122
210014981
498504135
612706294
1015092154
252273512
671415869
591555839
116697351
986429395
191889824
155700822
988650580
410941075
399768806
423195127
109419195
709915360
877796869
21532164
782315280
552456559
608568552
708820075
349225553
854997971
1034696980
480489353
37464483
501491876
726717181
247238431
896325138
260007312
212227047
326061082
803226277
927458497
641069199
595281002
20677498
811604404
693866261
170406420
876055028
442289904
146708668
1026701624
630691869
292823654
193897626
1035854348
731932225
813099444
920471756
370469886
293317612
629564503
952009642
584019787
912581937
824903534
603047949
539966347
329249956
338628700
165853008
7590466
54633160
382754558
55458235
215801054
568843452
816878699
410993551
315889848
351273884
528554471
610400236
536093178
622772651
827168363
532398501
693822311
291673553
169547138
110782921
998856656
166497973
628597190
317329694
460893197
674223838
999475589
479991363
367981117
819460197
724142381
890440271
39894398
1052384970
872914591
605719628
839376390
1013433752
1051235529
750270557
357232106
885413770
30473702
101668704
391144826
659370443
858898991
919125621
240984685
274107373
659715379
1003575750
379124392
869859610
781722797
662269512
995086036
720309487
345781713
328305978
271244182
387783036
491912539
849829638
813273181
258060483
801913137
42938807
701566017
967722674
195754919
231949032
494440302
557501727
242337419
677691764
536927605
354623278
132826853
678891205
238868238
1045478303
1040609912
242274075
665592591
827058944
618223071
786741672
399130843
4526978
1024876597
457474048
699840221
808752711
381521647
737424204
458375806
845430191
934254901
66988815
93127212
850911437
912761101
422057250
981038036
780707184
909531065
203166096
785337470
791797150
953293581
2438529
286046591
298782230
751371880
398028721
747543797
2820445
709670294
983145593
67226518
344824394
341375323
682256952
531985836
754022268
179820990
946197939
704667119
276024773
521094897
31990905
166270415
105578580
1044872874
571581007
749698965
687643887
482339259
946797770
443463948
838102444
419980855
399226165
446427180
797587824
30429388
272101924
594045152
1024539085
269226741
606336186
469223218
134926255
774693220
656597039
980114726
911086475
788922437
332956685
1060346383
164540555
629356089
729694967
1006107980
668777363
529314786
607026815
845593838
985279953
401417740
921988117
123375338
801476305
105087394
818185822
374448466
410231540
53671327
463336313
39617246
567838327
212492852
1060468155
523780537
654409671
437291448
755203026
80522979
479718107
303333739
1059514776
824583827
243869062
388098939
388223589
781112278
883787502
79910355
826997407
152922896
999642303
521099014
539041267
514939184
563831815
96626444
386763351
555756978
315805314
605502727
938750446
688381392
449196366
757862702
692854448
1060861655
864846237
56001534
124018873
69835022
59155640
883617248
652138546
603829252
624418558
710621070
642275457
931019465
661302055
564540645
916878333
732551132
685443936
155495214
583064380
1015887089
262688723
490209957
305121311
535093429
224517965
890884889
431855380
448367867
181037171
838212694
601452395
410171983
287505823
650838302
591769096
866785540
23278848
48663531
80567335
910554497
317053937
23062458
412538303
154402828
869431153
616334658
651550734
506785656
992531567
632804138
926580070
277451602
849840769
185637740
320457888
765656826
190167751
69706746
1335566
96562107
66044084
234610025
405209919
536331812
770584343
1051967651
477277870
9201872
781417832
34687384
821868074
99187458
954124199
762933504
1056478909
902392840
558698040
453129645
28369800
462183429
948274851
238539885
1003100627
800919049
874626157
570024558
311113119
807294817
162856611
447316646
626353878
238750594
483268890
463022005
323207355
524938680
161470203
493653377
580078503
125408397
477892491
158503922
392955568
14581193
926743063
38153091
58572601
354310812
982930631
94340612
1016569691
785749153
488136027
875105724
559958316
227837581
408761257
756151645
11311947
892120307
873682363
720574889
1034731000
601915569
825112588
29138681
165520278
1006558633
79946507
529877442
942742532
840817968
183479835
694413955
885345282
554921512
560785383
429156375
641965591
667571676
40153583
5266479
434444546
74475911
421652216
104946599
704979560
606787265
411829367
956388540
101665221
702037344
807040432
349130336
112951385
215605363
1033468804
306535288
281806427
320624820
72669165
996052978
203953223
613625103
1041016595
405781872
906496681
428715139
641304611
43878735
924100231
459581681
319582539
1058406267
760305123
602826980
646854341
173882873
38207478
160412986
859641189
754710136
171855881
847720277
260264787
813926822
623074899
95840978
935787994
958023536
1045900107
272645754
258992759
340078837
839582404
31257922
1055581696
501798742
352405740
691104096
1054908859
836428473
633626340
1013282143
129466944
600757978
809337789
576896820
712994477
588892711
217009544
759173015
320012693
784512374
462233925
888292566
615579410
797756382
663713261
445964680
1033708744
59401272
863435990
489124849
689512245
307264102
326153817
975777609
974718023
924920712
1053089471
923214113
768546730
331613550
132236536
351996251
416603980
664505805
932821481
1043004301
1043300726
148852158
990930092
345110475
993174726
385635223
931648107
105772312
63864155
208249097
243790295
257943341
1026563028
765160417
122143269
1007819277
866510331
345537055
996586195
84729826
915225716
600701071
1021514522
276154312
514849119
763047071
445755746
984070511
378364896
799432376
222173394
1051014469
544368823
163784224
422775809
196576968
50208615
855638270
998882000
579769062
118289749
962468436
643433127
343107276
991391383
769421214
467083972
888179833
757709926
825596338
106028683
924592904
224811191
145050669
866122129
188933231
658857479
292658451
12433466
161775109
546967696
624929719
119424723
17592311
492488869
639338485
77482716
438953466
295343873
306842268
914666070
172115926
163672255
360434521
644994060
527926275
456937372
339858919
903149444
315813415
598414505
206339413
255176740
295940094
74638533
494205406
423382920
856629254
622958669
517390842
626756783
852822438
805734484
593727189
628588441
66867282
759987492
914972553
530755415
1043233429
1038186709
651037742
561461154
874339149
976236993
956287386
84513858
727230831
992237132
157986514
910781252
735247613
150155903
545604901
771793041
790087036
794499391
427709895
551621305
549717611
53969981
358927035
830942025
402195399
729469587
851132217
202606138
1021076195
918231195
617657114
173040594
618871941
376008005
564787382
180960856
313525059
565860815
206613872
303631733
700966564
503174741
713037737
68688736
221007399
213579219
333580133
582608768
9738058
1014455796
319760743
1050562229
432886770
446471267
476607080
501327529
388081049
133393782
1033099354
206999946
454706075
54566211
129893829
361506343
514852330
6509111
297509218
852511276
749755173
485805930
595041210
240893092
934974330
559098775
297839201
970592451
349398953
1044507683
159127670
1054252416
529976991
331008547
545573761
1052514994
896315656
906162809
935057791
251459037
348227939
309467557
202671854
771425281
1025585003
181048975
231725529
708029454
384481256
779615336
899357438
585941589
1062645336
891958602
281888763
470159964
103684762
881639054
300568486
1029157817
358335122
5651333
909179361
543522639
424558215
520237221
447087203
655094896
359394099
395802698
957468409
639476579
694756915
345573501
894183153
570928408
514539992
13662265
1015686509
373122884
442484605
14333200
828448785
483611061
851569066
318863556
207369282
759865950
86411857
52604805
52404948
914302924
805345615
127240355
309591250
793917803
739823943
583721122
367763540
259324412
242766430
367656100
624273462
341034269
544259898
810394773
667287941
758109986
264833366
232526157
793690015
657537123
909152002
287787646
148608131
373192769
518139686
842741976
225073040
561583501
738605296
95165929
454970053
762195903
459756086
524755311
756960031
152304386
265408488
250626128
517902475
924620365
331100831
553948373
933347733
842296252
613008737
1057921161
604564936
605588851
499420630
983463212
952661859
66105334
54983636
355739905
976090431
210898195
824563878
632343200
298736763
929129395
684294469
351752901
206143902
1020530741
58927291
301808590
751092381
226268780
638410966
205140283
258188051
907230811
512556236
785403533
270639397
282525234
689981780
584634986
64361299
238588789
592966188
961246488
316000223
21367948
950036813
407569367
553556712
289054822
682792774
547238505
481443824
894093822
77507123
408921795
562618355
302903868
427489612
879725296
165437505
234376434
1062699830
133467042
941989837
220190628
617394770
22552279
809389772
917020699
419589440
980407201
438805012
387529557
328782789
203711571
91287004
111663324
209652520
643156133
619008036
224457345
217950730
915919085
405577686
775156718
1041528224
202325430
1048114557
263516350
482846738
174107341
596620605
14331089
668907167
906339906
170360850
724897946
953309488
977579831
189996410
777358997
804189366
333525623
423906150
281869098
699527770
962826389
180485769
810742107
373235408
245774097
628610713
887703515
22397562
363551337
223570178
623577245
463207179
469098755
120981158
97105240
384217261
610659588
265030966
825094301
690091712
419681512
340922654
841604116
968623873
791614580
436309863
378228047
178736670
477991573
761998089
321916063
58479842
692273357
585029173
485285920
107390135
400007465
235762820
621615187
38606585
917477832
808602842
499141473
253620597
678598625
836328814
875708180
484207363
792316623
238338071
230941609
337757932
159946255
37647131
696069568
22162214
802086785
927832228
79834220
745297902
102250645
298328819
869233322
816654517
818430510
674986568
27276039
248219570
925178614
373904828
332995898
265696246
777949037
409558876
440250831
312487655
1050549241
505773704
848538411
472355724
853582638
277553026
221096713
485939185
548078894
70488975
139573686
565202926
526938804
954150575
594991957
1048802469
480522376
335584622
868760932
1018021174
48009444
952206566
245004451
434136375
52703138
710451938
594200720
511256930
386297006
222942256
756599303
445644254
530634059
358436897
896042568
852650008
307307291
539238425
1035084392
1040401816
18087646
462679650
395976171
537070236
197126026
918526458
1028945395
58994783
650086613
716876660
709829964
173952852
303532486
649758161
305130498
698827601
278898847
95995562
271697696
1040551470
696488778
186415658
421740873
419442981
912751126
183734057
180588552
527140987
168291144
1023902782
563946078
755718653
379707485
688273928
283082538
392968547
728770071
353957731
941344662
299583134
164552947
754289742
159421034
20327706
228025007
312791689
751960349
386440576
266810335
445673491
88433573
323872226
169680351
360149346
226317998
1005488072
929325875
945415412
485055942
233427996
89087755
876502969
929356377
259742634
555844963
415869073
81962401
868054867
948516965
658062338
592028278
916397380
660331149
761597831
766621476
369495237
275012682
165939663
219248410
448425841
1000835346
352170181
723121240
329470033
581387738
485962464
810581
751475354
586312642
983741800
194539319
491362310
787499605
571558391
637922765
565762965
148823032
787269419
331582019
159361370
1023028865
594760176
1039719544
14137871
309305810
877939412
644018473
426008624
348713457
635289213
709640838
858105211
452102396
329579134
790682262
559342159
401083172
284761538
958341290
931116248
666843827
649763191
955208270
524581959
168598212
35919000
90298579
297178321
883864678
457043258
717777599
504397006
402923675
736309071
836480150
823133799
776663793
600080061
634001300
771354772
874343491
218837582
275100933
477980722
669160892
321616970
241201978
637855970
196449639
788236777
1014920338
270316925
133635422
146882494
602596056
885032869
964675311
998984764
765635317
836230196
530049932
222170720
365693138
118042569
289662508
388163289
964566921
679956064
526531136
312016638
252997919
758069144
422605856
949537515
563335817
919028874
375433577
706194864
927246455
292568728
781790927
344040911
526328429
504175219
726999699
459273061
595928700
651085654
321199631
128962550
180304889
1025284838
837003340
39901742
239561110
65812073
445229837
216113298
703768409
507160094
1008749462
668849363
325740712
515407719
242240650
403763583
65529902
675064893
288661045
565318728
405636041
145972116
253252050
358344759
459512135
809297463
721416498
770086616
720529202
592387817
818870518
520078055
708346074
344411255
854599717
179841139
146733806
606949235
558847888
953687629
468203155
845741618
563988502
834607167
609127187
891219044
294563443
826580476
742373720
831800673
311156635
904834358
483071949
46552844
661133396
397660857
1012283458
532243995
930235809
87295550
287172429
158606929
665011212
226981916
735810054
676063419
1038139501
573271348
911421575
11354160
35670540
909985
843879282
997277296
160931201
153206195
542617788
77536944
517835566
767680214
200931795
642131636
953889525
32199391
688102920
488895903
594521170
127513118
1035495033
180836795
612296313
609127173
131208808
928518953
239982083
118831173
46971946
116328803
436729121
695411566
664588892
534754274
934179946
83751796
71005669
690039688
545169227
939662028
974370362
283958944
548311592
435641591
791562810
223118061
634207931
403145330
927328456
1029098126
954381504
147356900
713641051
470929154
115404642
704116950
647937848
795363632
656111792
987564601
845737844
3446278
324013470
823960033
675966095
828716480
287714300
1054487921
713495279
855887208
199190888
510934565
625650965
50982252
333403006
815941595
698241898
651499675
114752829
843119916
1050110724
409854760
831114030
486082943
613570378
616913697
904187922
454502566
626089395
251633027
679549326
733177138
607118907
815843044
910211254
263287511
1033695527
653672179
1044797858
639098867
987082959
807862315
96873106
638659184
368258941
550029742
468333473
18204610
849331817
897141936
368720519
408671809
5283431
1032937916
316300846
679285530
487805370
932176328
340903535
866397296
811851893
12765036
70359544
62472361
478408221
276559296
123552905
414812065
799788195
820139685
389629989
866140488
395050768
530572985
743358359
770220752
147524548
320417655
453404083
386903760
1004360738
578214178
165154161
746759497
332005096
739638195
802349751
531296436
147910932
1010259023
148255938
656074451
510378118
591647659
238642327
818813267
570550975
395213236
191775631
70355388
10249941
314151425
967692513
204877426
854654765
615203264
1030673558
594656116
91694567
858741019
593358613
716430926
1037397830
818954363
188040445
70063916
953578561
410433228
84149565
367667111
85893113
862109523
694055442
1035887886
114679400
808882689
99748588
869950865
8704044
436604672
1054041663
743286603
465852440
487457742
921669069
187796523
885994211
263996942
367329680
531783500
765645944
1033500964
1026351217
193169865
571080047
115776859
597651693
331900001
852393071
518473507
289454778
259191988
591500911
58224741
695033331
240165335
616412763
219120515
1037494577
757377976
16437874
26756010
244875789
368123751
1057763708
755725513
779895718
849703259
934578267
877563833
859118737
120110451
299657425
668500332
658777394
539828896
298607510
863738659
871115449
965354993
744816623
874963835
155739106
454175412
519061749
735603858
988108840
345013574
793767878
773577783
123235308
638783134
95168145
343574965
1047231885
123178341
679609667
759873485
466100080
968520134
529190738
486646213
114692076
924691448
1030685685
411370048
191879927
344285727
353864847
404110969
745117445
240488644
552373815
187178538
630375001
894251148
492137091
887635894
312734745
175432582
590136201
228626398
273793823
746274710
516545858
538764676
52032013
576978950
681920264
594295733
298403498
432235423
335921178
1042653309
4251070
514994284
634822161
944849343
1017732323
814458125
753398058
273896085
594632277
414744829
143224679
966575322
293631418
732339340
436497675
288806552
60835020
177348874
322191117
615271393
853745280
205161450
852827404
594454459
395893907
678575363
148213085
424546557
986538715
10082125
542427634
448358301
609089218
517382681
528320312
166930118
576257521
81339470
536824397
914847386
720730779
107298217
966134109
57788904
1034872913
947189059
556345332
837485643
220362129
610130601
838810356
425869484
557210493
672600131
926218538
572690266
1058320477
101250784
987582514
264480214
655749801
604914646
441365486
141111600
718485800
456783053
357490578
567048019
721815950
946491091
244023465
802795405
14867021
900051324
685772906
314707447
901623921
262678341
845100177
470537795
794015155
839070263
169401202
54453457
10237639
516467180
684439561
57534792
675141246
523747031
279375054
207846835
544719139
774068360
972138862
110188219
252000131
430347779
814470906
451994590
963279277
350473923
430011388
1046677180
1034627508
46271757
731853630
793850005
705447978
920916959
319183083
64520867
890885780
46167910
149930232
372123175
923664418
866485790
325616291
811944309
241464093
309071494
298789918
323530960
696969229
250872472
861622932
996680459
351222753
527383558
910109896
503321066
891575696
726062648
919801332
643338565
182657502
1001914078
324605876
709554236
230724366
749207332
534586907
589609413
836776278
135936947
76388139
388352408
1507806
999428223
530172461
1011944075
110870472
316878509
1047052046
567414750
911349692
217151060
122643190
691064241
782738184
91715292
467588752
891611942
351477771
328253545
590395395
825784579
230954315
766872832
224295881
114739456
381252902
74774467
943094345
852320099
265749006
1729159
532809930
386307872
902332900
129450554
1052240074
337127460
847375869
866266591
529273887
918694080
299234161
688174688
551561555
701102764
678435021
67872123
460219763
274479237
773513259
266392722
792258122
190894244
400624573
48982409
137897909
982444831
229298196
991049992
504385275
228528748
863279021
249705212
86923257
463504606
685134497
103261336
697897373
1029879399
776540403
216221760
679542632
513957119
943544217
250925593
666447798
504578241
73131384
945700482
672227550
13656474
751746417
781298213
36657648
825158191
834984700
1050137529
793957441
1034753895
659518548
414541089
895386529
219288018
917494697
850763383
820767337
983061152
983429102
1052742724
102915552
212164453
386207847
895888785
422446397
904223828
28295748
135723347
93782951
494382099
436099133
248115466
810319581
604689443
764716010
884227462
542814509
107538537
807269512
558509074
589259060
834181608
111829484
2802342
581166857
738574121
959619446
750128346
251347041
794831098
302122863
1047976332
886719992
418526858
266109371
818434582
465622848
354110611
437891052
654738904
603611559
674737018
540389585
106381014
332032605
396428349
565282731
83626868
703208511
321964116
465719905
159818562
480131277
876961308
307632087
265721769
247078610
417987264
893336742
233131530
66885406
636514152
732216997
510106355
490469058
309680067
351359865
588231182
677788771
798669178
41961463
133363402
95112337
889362414
582932323
1036147136
114004689
765051786
95647327
1001500376
44688155
508426133
247014106
74880300
281444987
55430634
336152625
844822318
71554973
563637156
326573575
782764080
505751899
699088299
1038354655
551852735
250756097
15037949
65670705
645328328
230541902
617594163
910380168
499852536
352857497
414929385
118284406
408590880
605100722
901944814
1001685830
665613972
735555233
845976933
254824012
728441358
1026161330
167989848
680045784
334537009
334189271
417982165
202033008
824488508
212398601
383437660
8303535
43272234
1033342101
13406814
305484241
341217868
312074923
1026269433
719335784
980038249
55816835
523893478
522528645
38135519
125180383
465916972
735145441
484124858
770512340
73027220
498526660
809911980
1001148897
316066505
679673017
917856710
1020518524
922296665
154156981
773400280
67434575
885105761
443838134
742467086
72095408
413924109
981309567
1032806805
250427973
358970982
1013532849
939400747
343079018
696641550
97421981
691894191
212030547
801305965
14387688
927283855
