0
2
24
264
3240
46020
756336
14241696
303670800
162031413
222725344
81036539
63564341
88021463
149726099
67684038
264874689
141873316
171503011
188105281
181572528
274606604
75563984
260683824
48404489
17388081
257360307
290506478
247759197
129300012
316703156
252030827
53240712
2031966
102007328
167519753
252260117
112646408
132518452
288037495
246006145
223061529
332431354
134211528
92615350
295035732
262912555
226109231
218120897
90727598
298882380
37921930
256612470
56046111
154150541
45457369
278469030
165452742
94755516
302383033
332937898
81467335
195064122
285244825
147123451
171426591
152974860
122089085
61173620
107596004
292101626
36390282
334605961
3501262
297461137
285027944
234672277
272895136
63467449
42981704
253513442
246478593
235717814
95955339
48518654
129616407
177217437
61822295
190170408
33254361
151754012
117768034
98115414
208556649
252010948
228359020
139368317
204596091
300883264
24432131
133118310
53609113
224759418
151847533
292429027
80930953
117132928
56439538
51450581
57700604
282134085
87574377
277130996
79890091
334969614
235491313
66174083
73198651
93531115
231071175
67119921
306068660
229743461
168046431
150052094
323395433
128728174
170334530
237083364
4898127
94844018
143495242
316170626
29285278
30650425
173001827
79175475
336288590
287679651
69129417
136609157
150202307
258080906
325594210
198733830
244603782
235384492
92597745
153965089
208874673
244807065
233069392
329875474
122394546
238872631
165863543
5441427
181398289
129494265
269335237
245304305
30197117
48769343
102702660
10850766
287528351
54105384
166679438
63486372
319570989
40421071
82167654
83485745
240445827
242407461
236522460
330152525
182660759
260119688
163566127
9483222
225806475
18045523
172562979
236223089
268747272
49889470
264717013
247753951
251834061
230584095
53144746
9099666
156038470
324428066
196813658
26624313
141907671
10470417
211463511
23337979
90847700
113486980
248489527
233416546
281076263
116045312
150454185
320717626
119181589
322936705
141101266
63926018
222791554
336777800
156430782
3017559
91087729
193827888
108104049
3678820
97916570
192847205
247877785
288459195
194354880
193983159
247077909
320551424
78321985
284886205
46151334
104620961
161228400
141129715
85506076
126217278
223311209
107098959
118083298
213665259
303801183
127886855
91646313
180332922
173376370
43278729
334119107
10191347
96430683
122858084
276922212
170716922
232225403
178994094
244581052
232412935
80250989
52516729
131360716
269206488
42236366
70195497
45642156
41942446
265843953
94559355
171788188
50911807
91616466
94057335
59817626
315900996
292579491
99675848
69936051
128040514
64993366
129149153
138142726
326117037
39074651
203156319
10206940
66854465
248661102
67942670
108472727
150991827
330680570
271589551
118808321
128162689
187677672
76161136
130191426
133702449
253632476
316752442
117812714
228673197
143421028
110095952
332624267
279800676
306062507
5210267
177133656
37689543
227461537
283076566
314513184
19309776
3426203
127002845
165683404
58904923
271361530
168283867
36125312
202540617
168100260
35810465
288160903
247612587
27535540
73672053
175698620
259384726
207398564
252749688
204045600
35555478
204678310
324108708
68343322
8168960
240510896
112856686
20295224
63197252
66779473
73046390
31551193
119323142
127199037
81367711
130661132
103952498
320253731
182734292
310994262
32008403
270569331
154938724
75471892
224234015
68698992
313169478
29016004
185642226
26697557
100364428
318739068
130164956
218610796
131889667
67998923
99339056
133886872
140169262
130409460
150432830
180855953
100859831
180975198
196604962
233074493
36014227
311943641
498618
207815740
245036235
83717482
17635128
93428502
171340210
122827761
183625292
294372982
16863530
111206147
69696919
121067006
187837433
112311398
324389275
181578361
178743208
157180904
93159583
65238854
42789555
120055801
179328500
327170650
231098206
32332332
3557133
48129084
111269421
222068859
47619772
91394074
312587627
215131279
62678062
238682778
8433058
305206385
66583978
133998344
174717258
96774921
123748048
171570907
274769937
150346149
292362398
155605852
296657303
108957495
125833538
204629
206707575
274709180
115727333
174069398
97031467
223511766
183724443
176891046
172796394
267569460
204230863
40495504
177657367
89788202
24985795
245413392
190608208
116585855
150061148
316042215
28030514
66239779
4753315
78782862
45254003
49565967
293352993
245368650
63818002
278932906
69701770
237114718
190404041
9233395
153678073
309573749
32074025
58785074
175046023
181458256
231832553
115878346
86090750
97662672
220846515
10896847
23382902
196671056
256561736
175494821
264385641
37250193
293884767
191761434
283987726
95953967
119626785
1832552
322997703
231987244
22963899
295202950
165912582
31116267
240572568
86388370
305990795
335340775
139420175
2817352
101892767
230097625
235127352
139418385
179501376
240417059
279186490
159670992
249271200
126516962
1869328
311839923
103335162
44532456
296241549
61447962
76741666
157196310
216918474
140677963
270339182
7671326
222779231
176146569
195834309
180176879
36170639
194810830
9219056
128493928
8284996
324007231
271159848
45650145
336088440
81927775
199561734
248070954
294963036
254639976
153831077
106819613
311546323
129806071
145352021
103027602
259610231
97834132
130047901
75653806
155662432
266939723
186922702
126929607
318717282
132453666
138261876
26278148
201056894
13517467
122268589
239564312
333184405
270529143
163047707
40748416
154312677
283855972
59522600
95585741
109870694
97538960
42819915
290003413
276449283
88372107
328929704
139447596
185119217
102027469
52813810
317694292
286818386
291263024
37339326
203640414
313711329
28746560
161147533
111173843
8522796
281743991
215903349
290513626
136396560
65220973
76735341
275612633
45884291
188595891
207586857
244676259
153240313
303284425
115562517
104236503
191067847
328832813
243461198
101145042
52116159
139288464
145631473
163209237
128958556
331299314
12267706
261508963
247322286
54105075
234446355
128433181
126835017
524057
119362994
289791432
73717788
287390212
131401041
290568757
265849710
78764739
82768389
117606030
191289829
41687529
102759418
81291071
115881225
173753302
246656413
186517809
247051254
59040027
293356613
117037297
247943673
131973972
280429178
175913235
140184578
257380439
280167908
234010959
265536966
83167665
304210454
42813152
25594517
174184264
242562965
176747194
127895320
141629566
15209556
39091923
111933070
300228326
143088103
140898542
118210739
19165934
201902275
149263726
297061555
159343459
233409638
40963944
11007845
50597000
18821299
83780803
86497518
207356531
2860167
251081674
226252771
177922762
315202055
315855811
284166704
67550525
93337455
269172601
90306605
5594598
137808832
237688456
329689069
138389218
80078237
182128625
314686319
281509963
170957638
7933830
158583108
50305833
138295597
335986035
256205645
272580297
286548229
128362068
72552467
327502613
163869442
251633496
303247919
255703752
139780550
195237727
127463703
312854981
274805847
51827776
298214921
146740260
242833012
97438179
297707182
218291642
321801647
178048302
263524745
282339754
119403148
299199875
172609510
2730586
249515565
274627734
103545704
161999300
161535184
83567259
102384499
188501515
220301320
277710215
234154701
83874835
285466399
4303410
180130477
241311646
184715947
230985909
312925120
73138071
225750626
165999973
154433715
57518460
301066909
312773298
11942193
12426387
43000821
89365376
299077117
126163412
32546425
60301562
181133238
280686841
168807030
107435446
63860913
245049169
242149140
296495298
147184402
92459335
227529218
323623993
241911426
319127715
212759248
34930669
325655948
232991468
330455129
193495928
763716
73012893
227129478
111832506
45258809
53213880
69123695
25005937
202882970
196429454
332095413
260809346
196450678
268850135
766105
311953219
74796398
130625514
92560623
164226728
52642447
244414959
51316200
98618283
19839017
239683301
137206495
205836638
221830982
242895437
209783140
130093761
314349018
184081448
106891817
147941969
149323462
130441235
330728426
189789331
167917075
240690596
156698709
138592446
102220898
18630574
36821063
228642843
337122320
186679570
51582545
266969151
55496601
147697045
27473715
246702648
38274509
97382574
53224298
127676332
62040316
157371203
8142056
226025823
207279336
54633634
83906478
73136547
301572921
223198789
242747794
40819395
77115073
278940394
330152008
329432782
128305469
320400686
320728988
247643244
192856606
214644158
212289249
123291756
297651143
231983437
279015064
121870941
244420280
86936824
241080228
5793919
272237306
15784994
184595127
77888041
171388573
103765335
20323893
184650437
230873602
246727405
11096328
6359486
142696231
312770505
266474643
172005240
69651056
277808757
180358507
184698428
87793559
202642786
53394784
238712370
47245270
326280718
308876506
215779942
87778636
231056362
265032179
271286414
281748893
317033564
261587177
115914893
16267448
33609208
227816164
310243580
334528032
249474032
120283420
33968004
172216629
235788806
20403577
99664677
108240795
239843599
146634074
257587042
161621959
16138206
141917219
74393658
277741206
41017490
173037383
138931652
274666175
186264502
321680219
127183326
8465794
159724851
179784608
159987371
289914538
217206308
81886219
128889438
263043157
228253033
284413603
313552863
111993852
311811981
165957644
206361332
327344499
8741494
197146399
123324403
331794172
267260013
260573912
300623293
100568967
174419315
267982643
329291331
158690918
141020853
333647559
152132996
25192855
12065310
204748005
110816565
100859177
175755582
118434752
185263471
13312757
218940683
233047919
291726217
297805541
157932914
62925748
125742289
116290248
256496174
122825489
80536475
198244629
154144037
126309569
278210865
194436714
121901822
28180671
60352915
134321962
168191697
5940523
238560645
284346114
84699379
326649144
157444242
268357737
307455116
233483283
182531094
55508067
103728400
188556333
269263439
121279515
25303958
333789274
279546006
178056060
100160318
253450907
299610587
233583458
117109182
11774719
4936955
108774969
284342817
297349417
322811700
107290715
3811476
100671794
308085829
286362201
223778062
166380968
80287925
221396268
49791586
219015930
82722601
325203593
9154837
263144915
32258720
29838442
215589679
293296583
312686237
286314097
308692764
209307058
61726685
143325446
241585142
9470273
197955089
36016017
93069561
132875661
206961828
29801510
166474570
69333291
57618204
203830899
108198959
249786160
322959237
255311546
126664490
301532285
192672516
218880052
238187492
186182681
166846324
58594934
307064947
246454298
60358748
319486229
13280947
147501096
161099964
153376066
321516975
160382040
128918671
16824545
286004402
209978261
126256800
291915530
187125442
279897200
62146232
332172926
108658251
246777999
274976170
308912583
282532506
308315206
206433366
184216700
198760400
308841116
267123209
131668780
118549209
243546432
49078643
11466956
240513854
227621949
169831855
336592931
215587319
52679273
260666647
301994460
128771379
168613739
203461612
134010658
104941299
74703021
217268131
317657932
266031416
167639569
291777989
180324786
273655064
299384997
321796627
77298856
279597295
203875785
80836755
290910633
111267799
104238234
130191843
97413705
246553196
124356402
9527846
164315156
185911154
333677791
32265613
140919937
7901806
13900283
266895149
289876799
335568424
221498878
91271143
307309142
98045193
28891797
225080476
169907072
196077020
276879591
267472253
261918101
189782322
37114498
170364959
95660645
36498185
10781070
5638151
166822103
299855963
87473345
259989909
282569088
169706004
83953859
63288758
104001734
74287575
322888442
115823371
329672048
15748029
50474828
335272615
254637768
62513045
110867066
75438982
87599177
73845288
316588803
291738945
313309895
45987227
127386631
61448888
275212468
16462868
122130008
21710825
71905147
280820033
15372097
246239636
159196949
152143252
160873671
192832387
43957738
72509555
276348658
228871044
136187477
74658504
208360341
209472652
297115209
123658471
211628217
29793478
154883634
273104810
132452690
75963129
183586968
313447667
299381277
283048653
135969492
235404627
185737658
315710899
235565057
31053139
38703207
155359101
200469501
242674604
198755804
248215498
288374494
188244537
225762432
219587008
140174643
294681171
215221404
175420426
126599846
127005733
195593658
18069123
293031372
126985938
147363201
163804088
77092296
72687198
259536153
179912058
316765291
276673628
101340461
106306521
92514163
61552358
320684333
39116825
204852602
76638611
69776720
150575533
247375337
127317383
179632802
325654284
91641632
59248416
201838983
51898193
177997317
248805131
16590218
23155267
32169448
70581910
287550475
226912119
67166296
128175140
216422896
280558719
37088924
253026852
220602196
240212984
144107874
117798509
319468681
130696400
232647774
34351450
293539416
197654187
313112677
223729487
181518358
145454411
291313130
167348976
329768897
144571613
52119707
220762012
275149167
209931309
315767386
54069439
315813459
11446620
181109200
94750429
261458948
89250876
278259297
119904538
9362001
171857011
43303446
170078915
125209357
270386377
219370368
72926421
276974516
232850964
4431457
98713949
5876538
276924904
153960694
314148250
69583214
275585177
286692642
265567115
159861278
266591377
58759634
29554901
181013966
62938310
286130200
73080957
298921681
278656433
143995455
219928960
36297665
69575957
150801990
232489867
331484544
204130074
289059407
84264031
152676498
185631947
321585565
131608287
192246127
94448834
51551340
290896168
66762317
83357426
2976482
50300535
256735430
173125465
332134282
34849650
323731106
241436401
280472751
293803206
156821334
117136309
125829291
283988598
26880266
113031193
204763016
126593366
68183906
116366038
262483614
156051048
330337716
25292929
295753287
130919871
70029162
33196525
279549983
239321113
22038353
116997688
244885561
286068251
293000333
250551511
102394542
97295651
190798479
180538357
259721424
279675499
334751936
13412114
123980348
271095729
264159067
266989643
33973042
112080903
87152083
1703902
112431233
310866063
31391258
207163591
11564423
287735687
251436831
194413100
28238212
148789673
53237049
6838061
212279928
157470031
32644002
140774891
221966750
334406373
220521336
53711108
160707780
211743958
140571406
85691143
43539552
32260111
327583638
276641864
319833230
151803516
249173386
124709137
113140981
92116889
188921335
306874421
230954885
214508000
216263467
22210155
229590079
288906594
270960008
40329141
148699388
113501657
202785935
167682396
172563423
254905291
125438250
203271529
179530521
212439853
38153992
140580100
261574965
96710304
207136222
275396572
237860817
283194884
40485324
321861444
314022030
213201801
212627995
276620406
311308011
273667012
254433565
73538575
259635351
146124420
43795405
56144139
44938000
11238888
80129568
181735070
289082330
111994323
330943282
326012570
67146873
331045657
235744094
256781433
232729781
121009081
201064171
280705948
124078642
165660489
213529507
10523009
304084147
263714264
185263589
323695487
60143540
235413226
150781314
217782558
244004471
25539326
104345529
77692892
62796521
317959336
266945771
8595990
300508526
260308991
249162240
242669507
45850223
300305999
252088841
109819487
183678223
144549427
136097118
137483434
173348717
306154339
160148886
236979161
116326090
218828082
182925893
36147979
142424818
303127496
317543453
74935057
313322379
126649393
221262223
324266395
103451019
148270664
263535251
287081741
187042731
315720591
83826865
153244766
194103476
318960233
296650568
21931008
159305185
103506293
62102359
290876058
196268298
305664532
51637457
206122856
168330252
100374587
239663150
50738102
267289192
114245513
135140301
192209241
323642963
194996887
10295559
13081167
165477645
248870346
174788917
194363788
105081731
59134271
135169259
68528962
126434222
109237328
205137039
313567626
48666168
126110702
197141628
230489206
98847280
301518141
263672732
134489945
9236851
223564940
207192901
113941381
181196860
222785617
269129759
316629873
234696072
274903269
212336707
21599031
245280592
62172609
26785812
48808000
109139723
291117948
164544101
194234820
289692154
291840396
239774947
32381794
276932712
316577804
193419802
249252224
70092570
80090906
57688594
286179490
158713154
283485903
12712505
246745206
56979341
263381024
842560
178186281
192649415
156931263
34217917
136054409
133680881
132707083
224083940
302989209
332241608
123043336
10159111
22527310
117581339
75408693
202927919
97356974
188816799
86130356
60530668
219054050
253873036
120242645
169730198
204713135
1239766
9794470
94512346
59503933
212499779
229574860
130962690
187001926
285831427
23371909
244468055
77517122
14492989
152490723
48770322
19064118
74491165
179032464
61292738
173797010
200315408
18303690
261706211
322333524
331695040
40024491
96274885
51368107
191959555
109757330
337294185
233650951
188610966
268145352
57981326
224642885
24837633
154858194
247304545
206402897
97173525
215887585
221625432
160612641
188541328
71761470
67375271
281257844
166608732
204012177
229573383
27017287
322601264
290117
273513487
261114405
192695665
327009138
125140617
142587115
187461686
262543589
283973764
299436651
278800681
243134641
247326302
306401755
323254843
93558437
329556400
129065783
255479006
163182525
79386782
232601589
113142529
34338123
133430770
283707024
88524672
230530405
875310
277365385
153286668
96644641
329012024
116787914
162154873
130430455
131906590
65849398
162228727
284016763
279850269
207207956
92208368
193574955
56055563
335164959
132953638
23169360
8618337
266485954
238477986
36687370
36160429
207784595
60618465
56387815
89718877
95505776
247318386
44915452
19803370
213033015
32139540
136355569
56776872
4676404
256262258
215840087
188442070
112033128
72050519
166364442
200323702
227607680
19099483
329630648
242472609
224851479
170668731
318764785
239761175
48407565
70076585
20143504
105988342
172912804
286871217
56608563
191069669
93260969
44189135
336137524
185191523
194433774
236107994
285079199
173722385
265828461
150926776
192731583
98346307
31946021
274258334
46440852
172673503
197003968
204054694
123014423
81383136
174203076
334529524
148680714
142926508
162442530
19613655
216374413
187973954
257859433
89288751
305683074
12066675
30744528
232544313
324026305
109182341
198556864
282248613
103114691
68915069
191109023
29324723
274063401
208576835
12576671
62521165
304261727
328923160
3187764
109211262
71014524
148384559
248538992
176078792
228236205
275488566
238067911
275886920
136009508
180779734
193125539
302462128
154984145
32707579
232572469
36992068
303169107
307577879
243201590
320455448
196437276
25276438
105202136
81297936
176640812
37990573
165671185
90811127
194753087
78488941
232941707
45257490
316736084
48369735
229284965
14494550
89270797
334752598
329612961
146893052
328867009
90869472
6379794
125778545
30219282
224039661
51625010
290080304
251806270
84626235
187896869
272928371
263672150
105690012
330936336
198020740
201934852
103298773
247467870
106136503
218107786
28781881
44285636
195476847
256177296
202284357
99941213
172717131
204812639
100772741
138346124
195247734
69094077
56729724
70825963
334246193
119231463
308763174
3923992
96572988
93403041
17704350
39487909
138069318
317618663
135458040
15947171
97161124
207919520
5452280
293612714
254342906
206028624
325477655
258302217
217437606
267576139
228609652
101116888
65954617
31324689
119017922
272073497
298901935
161211191
113622101
189152382
235671823
133991364
239319870
168764034
95387690
110722583
209358321
305741138
324029598
237496530
297824608
208128264
240046014
247037444
316200361
15494555
139148571
254126979
15244909
209438332
234432891
237023278
189183590
26857069
262464408
11149886
250938644
231829132
325791290
91428275
226673034
263870133
71782120
65167700
92297018
58452180
293889181
169745031
22297306
117521335
147512741
295627795
147223942
30581788
241161920
260596702
115134369
273341696
218120943
313999599
110107207
84879168
110266683
115686150
50107026
174396083
213388871
171301481
307646503
196162562
169444862
47006077
73155155
335458770
132930428
21316282
184302940
146258660
251292260
155240187
313213086
113096643
326045651
290465099
237834507
128933005
265910663
288265975
107251626
132841004
178871771
297631483
335655710
279780304
2999361
114815452
246801764
203185606
53604480
83780194
135260519
127676614
303084530
271308587
74256709
300995645
282273306
26674913
246091000
15745180
60811136
337035732
48528658
230525165
213669248
91393587
177935487
28166439
305757661
64076403
96110436
62050426
41377965
7175250
132624538
38188124
143560332
110034904
31807995
126083564
83734687
57941229
279523216
145346699
88688157
304042369
322358386
112238474
130365118
58856328
116835249
331575535
137224468
61939743
164628966
58855546
253797471
68666108
281020459
269408865
159066
109072530
18823925
14119468
320815153
287604426
78204264
223075394
169770908
224142728
11979798
197916811
325502022
18816960
244018369
62793466
187762952
288755403
129713139
245873468
261659404
64328982
336037567
151125172
239731079
90171562
325061212
251610239
93625834
294351057
42314677
164690177
228668755
305099661
325766911
99600319
154746265
103073702
323953142
264401160
289170441
82448093
27075899
177944875
59830246
323502202
305605231
334032275
42615192
43638370
315891316
145900042
111941053
315284839
170629977
184352144
324955438
87178163
248007279
283700912
118134252
90847804
199150690
102931700
300558116
5853289
217907588
204110434
20989754
269330331
194894956
263888257
5919855
169196178
53589523
149393220
323699067
1037468
106286945
279975911
157302997
9065219
31836306
102436185
87872978
307427236
123040106
311038781
280325072
255599821
270445161
166609841
127519833
5367413
110372832
223816156
89151959
58475021
24084373
169367855
98406962
221720274
305911303
230282600
111703688
124606109
252571592
40577410
29837192
157136030
93606827
188426719
240710314
107530617
136527235
36863881
215705403
323890813
63102187
220268316
197583794
309966181
173859748
63731743
126909815
37989120
269232400
236869129
238781808
192109729
148159482
10107806
91078635
65633213
38423711
181694733
72110396
64129034
141257120
110276868
332141055
39167014
307232453
292640495
162040906
212181573
111983666
99127229
91344233
53056432
693034
205903474
235514475
227052625
127309591
107908044
55372407
231881190
70954434
50131721
169671299
307868516
259002710
308484867
216159368
191330778
100220528
206324880
209486490
225575581
309556591
127782886
169699016
193646256
144253030
277610660
218086804
40860072
172310390
225900967
162966187
56275996
243321806
181195376
132136152
220243832
212495607
14203105
64613768
320905986
90557512
24070004
250798408
52882562
135824034
142126707
309317521
327354594
301800
178102770
11110780
258672746
317068823
269253927
9307818
237455329
3968462
59978069
166930389
11063910
35996876
174164844
207552087
59845432
85500374
115633691
20477828
329727552
290964222
202946319
117395400
280961121
330072755
227161062
63084568
257243459
144236075
174033592
120552069
228257659
190139408
302608601
291611968
138836470
39412570
154007347
39334356
1610811
246883995
69222675
321513055
311175451
170842577
189898917
48778357
162357588
36205544
333133386
245127037
263189770
284280011
308315487
175500936
266119796
331886814
252842943
163207470
45169816
153408828
207956060
246300441
289626309
210278079
237645570
5306640
182572479
56094777
7460866
189683450
235852458
332517940
23747818
62367940
287824521
102841701
98061040
30321458
266533164
322570313
322339115
128047935
187076136
80474593
173790135
259875764
219226295
84073435
226799401
237347845
284834110
3553176
57665459
212931297
265862880
332510279
223595910
321287923
322811783
18258263
189035205
17739194
92803860
92377361
246572582
179927609
317999881
131955327
174473233
33509056
17970347
320661706
75371672
50534855
18004513
151791942
61986692
40236370
209743679
191055376
69765392
278013257
34430702
73345022
68920471
15748096
132906613
30737220
233608357
31899508
193166862
177299130
273635602
185094061
87131559
167068576
334434525
43876047
166904136
104322740
111643624
196403212
198462235
195213490
237911332
88599678
267281460
24900085
259499901
264586761
11482814
34847991
34560493
25229412
282474904
283733168
164708601
222019686
137613202
172042982
193310868
176185807
297665667
303665736
51234700
79635016
38665120
130237257
273714295
284431028
308766161
10515111
332268660
56101904
181767300
13427697
189711186
202574635
263783292
28211259
84287687
20281952
28389995
172643336
268417835
50293787
227571239
315496064
23156513
96909591
112978678
130890262
330779198
330987008
118642756
244009699
117645014
121471940
25036286
258753242
317141322
26245952
317364004
130504883
150045649
233672766
327298506
222118915
29920954
63643708
19871021
228121813
161665786
209528966
190520211
45584796
258511456
182530944
140919211
288101590
33754885
305065335
330752336
196665686
336420018
23349607
92053813
328169171
37233186
29367270
109150836
163691663
55242323
112453621
149226971
285945355
246905107
310203689
217832463
243130969
71275443
5033480
308154056
82959333
295641100
145224046
155657200
233026022
108172650
7560022
17355935
66495358
1407431
136664377
15134911
231059409
113645849
15614790
272166002
205687938
292353551
2174294
87273314
301509884
76977310
85424122
9266679
94144052
283858452
233082254
165825832
8771874
42376936
273031056
179324736
55475786
194569734
125897383
74279717
141518594
3610475
160177344
72654262
249754520
64667107
118311584
11053434
276371786
158997869
30891992
223766817
67881090
316475978
250475109
305315178
245463867
51953343
49522963
301260659
316969378
109389651
15181987
225146431
89349820
233169649
139385885
62831752
94505283
220871421
269238302
130800454
323789623
248722104
230384194
220667483
98689168
311282565
279481483
334001974
126188344
77376441
8331985
179270183
295505972
185080481
157861464
189532007
231209651
20704094
232079345
10419722
95492308
287290609
28800283
230645258
51601763
306764540
59724683
258151636
82677495
329793835
106360193
134906355
152282398
154300347
287731005
120607226
166920576
32799096
199973653
32648052
76428531
322928289
197776955
262477654
66747504
319155362
241764874
168024129
234136874
258471748
333865571
262763904
192630831
95376056
107611534
202009584
11295769
29437639
53597099
228808982
116145728
255952124
86079022
31673792
285684167
245137694
246048012
54895580
306941558
282517430
139728709
123098603
234761351
181783264
10227924
166370533
226344764
99270767
257300648
293474565
278734722
118286192
88960555
29114321
224054513
166499515
200006037
34981963
2166264
318794871
38297423
51318078
67766153
161807054
80694721
43823155
287617408
19285011
133308815
266049319
17015629
223502776
70099482
187725699
315778526
7066290
187104150
83798958
253678539
317113012
59862811
232991139
16997465
263683918
35187228
167353202
182385078
217107453
330780156
161107904
280012935
7886930
227058468
197275430
140464817
3247561
120653430
213187206
278328187
137061011
313989142
295734467
57793905
24618544
162210097
153356831
162374420
335589514
285133936
192868680
212324054
314186584
173522590
157129762
207792635
262451656
179628745
132920996
291990882
244845525
132426971
243488762
299875952
97501269
173039301
13389112
306164795
192104296
241991699
239849797
37872502
47832770
115323386
249671593
178062274
161853935
184473509
186890250
193047279
230684530
294470496
8753463
151994661
228489448
86241254
42526408
54567370
150415640
237895418
36521582
161763756
302467261
230393817
94374006
89417192
21022461
118528991
182021347
207168013
222961735
282627119
321308655
149677594
144440494
71087814
130835189
62396591
25595756
73344768
283340881
54252417
292196066
313913453
112510175
269669938
122277654
57901980
147719957
167251739
259277452
277895068
273962439
239632518
173229763
128106410
37686402
81129358
166135832
188925399
33830872
30357356
59457585
217012772
269090813
140392836
22384468
304840032
206485949
231629929
316146022
145979027
270133613
238429328
183202701
182795443
76228377
174001248
205841896
122521122
232030357
257724503
167042208
69877700
312875313
111860673
248568053
5773630
326629623
286159824
101123015
42866701
152392851
148650812
52454752
14268944
111068317
42658264
120840524
82034040
265223837
266378545
2022674
42423188
73973060
24831988
221163756
285698123
260099404
188614739
22839564
93683818
221241318
332540181
227528460
275078034
24040260
105183618
33268382
48028068
42664637
299142623
318124633
131339983
46543457
93569798
256396246
85882200
167820203
87805660
254250995
134902139
93543017
236576915
119562449
230047421
317679327
96837786
216725862
110747563
125307056
315911564
45100411
112342533
97995208
103688299
250074179
116317543
244104580
286107328
209645071
309273118
88076124
292573116
227234659
193511032
94214745
131330217
82627813
204922078
103393811
291595462
326533713
7344206
137333391
44115604
140621815
5949683
157439821
250181674
237424452
34903968
212845685
34925694
174866724
253685166
243934280
3024756
13198620
40568588
230155616
83385934
296287714
181237020
279850319
165800277
315576820
56179687
294081278
236547075
237846092
225685402
129693070
7543890
49618066
30780370
4318686
73816579
232279717
315641407
127768471
228840635
270230567
317395144
74874730
23001979
18401492
313179362
108265187
183814479
96871460
47731999
256818844
332643708
53823715
17913904
10498034
239882657
89100006
321927361
78781012
234863121
318615806
331975961
169269411
120479313
53024521
300345108
33651262
273641584
28050817
186179853
284940141
186393639
121513374
210873814
251886669
22124592
226192569
256349556
24875399
165833871
34020020
85579061
29517850
63448568
210839491
192804148
227588601
81224984
133673898
182188973
54061296
331975220
227458682
335603751
45328489
168974762
661236
189194714
84565466
308063279
142949613
205658073
183270611
37480419
238952106
173334007
303026890
125730843
115335672
8632609
42615087
133756653
100020075
130766309
256375973
1006734
202792867
283448098
33052781
159085427
134444245
211639791
304292135
108978926
8538243
315649709
278358499
146364665
205593069
194171940
29288176
211094044
140729831
109139374
137534209
127962539
46661325
111465143
295861499
152821451
14269246
310957521
72416625
139087075
312212946
47420335
273879643
67117236
54533313
189425129
326215348
115224253
33399693
254083370
278195200
302713710
9020542
282181027
79542139
270304420
88215720
67346495
115559181
56962865
174196788
152578379
155657292
34203572
254024159
231540016
86193743
251425972
232167252
20863404
304936133
237263473
181070311
165886214
64968671
112693173
11174047
124003028
88064601
42751894
38320424
101145259
316979535
335988936
248419068
45006085
171477020
332651393
208455136
22373260
325146164
131856291
266719134
80032846
180966868
154848768
329440822
179705390
263503981
48704879
327511453
91812544
200260254
336591944
184722813
96951726
41484909
282950321
299289689
86472614
42667647
208697316
116423919
259177136
11623622
328964557
302366057
199414720
41059407
301370585
223141831
237135218
62466393
52758479
207757986
159564257
58034946
100845583
287900146
333070940
304684082
162789776
309783218
324784148
60010388
10155651
28595581
165586332
136477462
202910702
99376348
141988998
199298638
285221169
197893859
9325280
268897935
326567234
153001550
251790977
5279506
247105262
325175974
77343715
335801573
269952229
203456814
231030102
220935661
177870069
62633504
34025411
228777152
259556077
152356402
163085720
134501071
212461869
181437696
141872528
337555507
49302386
219306225
253906398
299011769
152129142
115370913
256834737
93094314
49804994
58245775
133762675
166565268
316495113
185250862
196810904
292352496
33859861
253831643
132838408
196216635
44489876
275068331
109001472
304478907
158976920
79856713
72301295
175040871
254657433
187161813
178655392
177001106
199037414
133096963
305863458
276526053
147293951
276278830
236576952
189983839
274241667
328484142
280837066
111948699
261036691
98741217
138924385
160959973
150785698
163621268
4596519
169913377
101155867
89025954
66523819
78489093
21618890
294813547
225656288
329228803
147781810
280661734
102610482
290983476
186113075
133000299
163757332
319052207
54814794
336869647
173427149
111682508
219450080
308853702
37992224
91302074
132250733
247207453
160416675
85358934
135151388
169925049
334700440
82157269
83920821
128478653
159090822
13573135
157715980
187865117
226639126
299381136
301448911
69456804
135308729
154874226
89584420
219121911
164579512
274829822
37296202
69258244
36885791
25623477
50079499
27322420
233273836
272139085
69814191
261421129
47026817
238304905
71150941
244401501
246695259
5026412
244025945
305394126
297852985
293690976
243797922
243703920
47090719
173884675
67333329
250922027
28376343
125704514
251745905
66045521
28225946
134433850
172849559
62968414
124592374
36683243
292232319
15748321
109352164
258838390
247376573
75660438
46955732
184632764
247658690
281476816
292419166
280433923
144569337
199871677
23754322
308429210
190787908
123962969
22084617
40040161
226365049
97458256
111070486
105381099
253518582
272217906
122750826
61710754
274050120
256748314
68283693
318374756
190214033
328829764
86445563
269013083
50801370
234574122
35598442
296367808
173343685
106641369
285444292
336703111
165605139
73219984
334551144
321716007
211237591
191561333
106520674
72340989
7752383
47678887
296793763
226669785
99974349
159003938
78290894
176386958
283067486
159003413
113768088
303244955
311872043
70512239
267293925
111791386
101682779
93775345
256693438
28900046
77746324
5808264
105708958
297770549
262207425
127085124
277601212
174142184
221468055
163543312
250261574
75777918
187376155
329263265
243091094
143811288
109021971
150875133
128342984
300094936
233029230
301251087
282921733
178005654
211094122
189339970
152331011
53513043
237399476
207643120
320484942
186322094
20287444
271967422
135822582
65551540
98355606
151409832
331334140
91964185
97027223
54606289
149766665
101797206
33440362
191105863
124608616
64098825
166755326
136010910
70264358
107248711
53561692
221069038
184932878
232378440
156348150
236236057
93746435
190964185
7601821
173207586
261856770
15669504
93985250
52759693
133003023
121354288
313507403
14502673
224868126
81530816
256921691
185183844
178154869
220005681
163606788
227025465
222500573
168359116
328070755
83408666
301901750
173580135
114221735
19912607
74741807
104387863
79424199
203272417
195822658
214475954
82471325
222533349
6545111
196154440
312419903
308289197
140479495
205676242
150946284
245904214
127139580
298188137
209889337
76680029
253780525
6681396
163085910
263014856
13045523
91209335
143206660
287794127
92068932
20086424
2674376
209332730
177533047
268249497
65072759
294071491
17129846
153174596
22757125
220763422
234305842
302403183
238601988
78179535
209937519
148455410
225749541
206114569
118458896
235249489
146736595
3739625
266486530
136520441
276124430
92592395
120915611
325789874
258521261
221528322
99563024
122629508
213117152
241505027
183157
167727711
233342793
137199593
3106300
57983324
23988263
245820512
118160535
289593679
179883834
243695197
155265564
96418742
142499636
102275239
5413396
299566670
40987017
74281610
258349179
211004782
78061987
237582690
246599850
126447683
214646406
156770810
21526406
76372710
68063622
46721217
287890592
30440653
242356496
256839672
240063218
159666921
38758937
323155398
3455614
229031894
21175696
59816199
158499184
200338953
250864549
199020795
259616973
280429308
42543221
322258110
332284881
337108674
17559017
156882190
271188453
154235030
68208019
99142910
317958830
215614623
235853937
294719516
203865779
182711403
3191170
255015003
257373197
301179003
69854072
56088404
232447224
24695157
293890605
237604899
297712401
30882470
168073436
246867878
217127969
95592401
197843346
236483487
181523974
287270891
1723047
330306939
153904155
31338021
139184481
41736088
171060533
32644364
210016417
187217200
205642454
112686672
207005038
322894806
297221442
257517945
118569493
11961756
43469556
96646091
218650622
64263501
97815957
173346155
4032283
80534180
240765452
49192870
66480994
67114689
108574913
10400076
160364269
88383624
227391337
272072454
174589331
6793368
183724466
331865023
192813223
51892023
143954662
197709457
52850313
18322555
62092158
45396412
7170743
155143814
120090196
283945336
330541588
218855266
142051669
215173191
204312178
165871683
269208820
237649569
265918876
240668467
95920669
336097998
84125175
47802824
180292377
63314940
140364491
189037547
153137340
76297200
290292231
81621522
207852209
50926752
56657755
58412068
278511899
79529431
54493436
249763401
301372846
55290796
213635307
78495778
232238963
156862215
310628370
213295644
92456243
164921822
283932893
106544930
319463303
203785093
290542223
258481015
201847687
64172512
4105324
19594172
19574702
259788563
292106173
90133080
264803201
261856112
317825166
294269635
127288673
60832562
204699151
289406338
248486813
198640573
114485145
313028406
298844915
209845514
170241873
218350988
202978618
149687242
257461448
194618242
59705311
257597177
244056869
130938031
112055648
198544646
55964483
138969881
65092
189483240
290802139
93265113
23115079
212041884
13371461
104853259
85465671
103628842
249697571
335598438
311186760
107543698
107307000
77414561
81695076
119367095
232012607
195728680
31826987
313394393
293006312
287660496
322915366
154986568
115354974
302967272
93565145
267606410
255986156
260869937
172921109
281986146
240875865
83067700
193064869
335139414
38298795
207175269
172052376
264112431
235567498
148703882
68582909
79901763
117499925
178578710
59877325
9580763
279913714
188047814
122495081
321849604
181425212
326782355
73908354
67651272
60032752
73508947
327648081
125754216
5404007
297380350
29432705
30640756
124510665
230637149
41985208
207569426
162969895
80721048
260400761
211055705
319113912
11238401
185660004
138341175
224443332
45321876
201558139
51929428
262405016
221138699
279135919
60304234
234291683
215630156
188303655
185926400
198865824
192521869
155451460
223393368
248649077
118634072
75242672
93972657
102458661
225008874
122070175
102333834
200428700
6201214
61482440
285078729
69744060
48329677
66413394
13780016
153060355
279870473
273074026
20084919
147017063
133209986
257803752
241499726
76601520
169024700
241002878
117114758
180300897
212066490
38852294
162509232
214695277
37121275
261547270
202973058
323123776
119875230
33259244
238956802
173163447
283503659
287358700
291486714
130055177
313118125
84643685
112666199
54336771
288185851
314912878
173675430
185617147
206262398
150564050
78028346
299281899
117104094
285059322
102667118
236985185
201316424
256505931
191194420
208579381
37016607
259446921
23013015
102925411
212231220
115630365
155352557
253473681
224690805
124470123
228129772
107760802
139782379
131027629
15758078
117097620
49275390
146227717
328172313
318601993
69960533
332664172
306988511
132355565
50940472
84009821
23541757
156335917
46743230
220028221
196362991
65550313
173631276
249604496
29058709
324011442
12972774
285627138
198985556
49388479
147334817
81604008
145576571
123081358
13269085
285562875
148650320
300775765
258870415
46290044
276510656
257797916
261380717
125544614
212380714
31991219
156711438
199923883
25244510
63577228
170943226
122246410
20624366
307696502
272522929
324100583
38056497
152458676
70180782
218715868
284414449
186586448
119658392
321448110
34297180
285051970
81407515
257180663
51735656
81673248
261939827
266959713
157759898
302794656
195308094
7359747
180413361
212857226
326337052
161284578
280527503
16688801
74365405
272560569
319018620
82271837
267834130
117061022
38021234
12467884
26542128
69405959
264037155
99209697
317551221
318579588
228669032
43027279
302633410
156811686
39187973
192182477
322180548
305734605
247881879
95032641
149455803
182470208
254573306
26686589
263311626
20605407
217090162
27492485
328281349
62505414
232372639
278836976
84925015
247827359
96351228
282538427
248092610
93884387
327323939
170711082
185613320
12512727
83739533
47932874
63659728
212803068
32201787
15776522
172067562
26114127
134723080
143752061
49399973
265735877
13943460
289646940
46124848
220060732
315211987
265970692
323810950
16867983
322522506
67569055
219046919
119590519
221369955
151376402
112748274
119839939
225293537
9833373
316821204
290531492
189823709
56606098
36002673
430781
81898398
182563149
205874420
111164189
165959600
45075415
274049542
93995625
170847780
169126961
2516330
135904378
173245670
247806016
12707145
186853431
318543608
5830449
41697054
110985260
115274433
254327600
221380944
141721576
215269022
78720546
68888968
310678012
328240435
258660941
111490151
230886673
303026237
316323578
313723332
327152848
84039724
172745499
300876778
327891352
150622322
234923962
49541606
101923942
74420072
273181057
72577010
94819275
332791460
130027289
268610090
236349068
117867300
222932441
165773534
244350568
321801680
314672498
247956111
195752804
280132591
201057072
225685028
164882359
196770428
63543644
18117703
128454974
166278732
48237895
60645855
206262058
77067411
93488306
53759109
87936673
41588436
333155108
149999740
79269020
148478001
293393598
300195147
211811311
215641500
19180750
324556352
130850873
311117242
130353339
336339594
314598417
226196870
63369194
132992751
331475245
215036860
322205140
332891907
323309585
327639798
11935810
85578009
310894368
198385027
82780206
60677643
305729325
214832470
217770659
193830314
322635576
312202775
58021694
189195111
331445642
126002908
77687361
321487572
24855799
113191057
114307510
39637499
84558340
135066583
40162363
253995693
198607664
201405445
272033563
173905271
73271295
308584584
210765503
243914597
282627513
280409848
141548805
135429993
246496000
203451449
87093545
57720123
218291081
217257361
86413019
194471504
14950422
25619753
273310295
136954090
121027367
327797294
32710257
274136234
162080697
146830509
153625289
175282710
3034771
331581761
45667933
102360440
130311137
116907560
182067763
43301417
310456721
72157263
288445388
316689159
24843152
191723680
295885445
180876900
111304443
232021801
14555015
115602969
152320061
130603995
34377463
11243773
194072517
205861185
294869773
110013513
156423551
248330530
261595437
304167626
238409766
220642023
136740988
152658734
254162216
36342067
80961886
259451087
306709548
122970727
97896886
69837498
147708688
190933348
30611302
16798926
255970823
325268255
7458952
12600153
289587490
252957285
243032591
246395196
146716591
238419489
274886549
12971641
15345049
306292772
220902538
17799600
146377815
249789446
156570063
149140586
19815863
279984271
313576189
202623194
272315367
187702527
11757088
2627765
254724139
212720654
219300683
152317095
70470918
186063630
5399998
123065627
215557747
5855665
288525996
181927832
96662976
146763446
121997676
149266426
223668496
310309106
100975582
181984612
167456680
1839495
95457910
4195303
62767674
112742087
220668786
225596249
244142699
189374415
204003343
328654134
317739839
159431087
78690117
320495700
194468450
163200850
336635953
69059056
332818283
107712473
267332137
77510623
336156917
200593326
46865566
184915518
942554
219509045
40587631
25780019
318175357
113769551
5717028
90305337
81680907
324330726
115348315
298873322
79316236
221710732
272939282
174845692
319421914
321379956
331948654
152822548
213194465
130292232
262515359
193648891
285881068
191884744
89602269
284120234
103765857
78765086
190081874
10678712
322972404
266452411
180188874
241066554
277378013
166817730
260143677
125815149
156060189
174175398
33524985
105645365
252988998
335048945
41810396
317068188
276594685
51710230
182978654
158082675
203106973
165312733
15584372
122574461
197771912
177316784
333101063
266123995
276164997
46225212
299901490
115387926
323232721
116975293
5199799
173962263
211798968
278448502
153959809
263772006
231661348
55329950
65847460
287667555
324393100
211594229
330488677
195943817
77844976
114055009
108843247
130194828
233224434
203340497
266033537
264459597
318446672
48323162
234996786
86857205
100979354
230649764
21612107
242043561
190596776
72024503
41714238
215552810
15756529
162088259
269681517
105451489
57864095
234587584
123179400
51916978
65872615
69912649
142774363
301284235
113707141
223038748
295664675
302124249
106018978
210836845
167524824
87968291
298505327
87511355
186593280
171775332
125196822
298128430
235639034
295186881
267059572
172023096
104111457
202623415
139687890
154938807
122303599
165029065
157149191
155468866
184807706
141962287
196989859
223767240
41784938
247828450
119798566
329453753
261715292
79989687
127285854
225415635
6387312
17288751
140583020
324986099
160837753
29021298
246398090
327623237
281102809
32258913
64092290
36647115
22846461
9619584
48602596
89680381
6076665
228833517
119660409
247928734
2793334
68696311
111572635
210725125
278084352
325922970
38349778
220219248
117014027
189879896
14160330
145023582
83618128
75399794
334052979
274377484
212283713
11168026
97416626
117762294
30810125
133736310
314638352
271868969
226175875
170998139
154436238
324214697
209469207
24043985
179407543
254678790
15251559
281252323
110906890
35639227
180653610
96034865
152670178
227860570
290178821
203961583
120748281
74674824
151504300
217619364
337151048
275997735
140159182
120883150
136997678
334114805
150405018
246782109
254026980
171282156
167998643
38994160
209792837
289172578
188475772
297277628
334845633
237234379
100115680
233597785
60213229
3379624
204785390
245412349
245966567
70772707
102135386
210767658
163124452
58282123
94227899
283601382
160669015
159244009
324898852
92079215
215761893
166012941
280592132
326831998
332088788
50341960
279295135
51670520
123570767
107146408
126720036
93693863
49503404
251736918
233912468
152867633
42051272
101101897
289732412
16546267
327256860
264198570
166998186
155176985
246579851
31863394
15607556
204700704
161444357
301104188
11677119
215053762
98218333
21695515
238801074
51250125
260730423
21649424
47293668
69653281
316485017
247270292
238051344
95739520
96976362
285414245
36261979
260833722
250538522
26664339
217981636
290528336
224839846
26825597
221132661
161307582
122520602
308309632
92786827
319931619
142966914
112473756
321038066
261208819
23391484
488867
225766252
42950642
260563971
101533117
274827877
148047925
43585396
136944528
126720229
310878463
293812558
223737019
102855644
315515940
331630477
151721139
270014447
245207328
134929894
262580308
217795499
192097790
284196071
161839617
230649702
283388840
117079446
321117925
146519367
239465987
329201600
245062765
232991654
31393257
202365943
39796663
24158896
286186106
333829007
214602449
80865230
163356576
154934253
264828089
112751350
224821955
315453263
169095263
180850733
142123463
290244079
104334747
286627347
230875142
172313700
31979169
162336849
156938365
91770075
172775564
320766881
283413602
247845387
112628478
139677956
109290680
162672406
50299407
271864506
55322536
44352371
24642600
268499210
144871783
191145041
49723474
313954051
25885672
251890187
249469209
301525299
57742351
169355017
177866028
176735011
288131472
312882902
42363253
272408480
34218719
218526177
193313158
76600244
156256248
130426439
225818308
130957340
256176795
280103199
252601943
61906196
315976849
180275179
319714326
151951031
66790303
305859009
211211380
290656865
36960579
305404677
245302944
298233628
114085594
198522574
97933621
33929735
185701336
4806759
228931961
304471114
328605577
169307488
242006214
315905316
44191596
58371842
234992327
28102139
275122402
21283899
227152924
301563943
236347360
208773061
171645220
276315510
161336458
297284687
291030431
83402299
138962382
227416099
174950901
67928054
156813981
124940505
192202888
154472333
62652751
199769018
14088799
210473418
25126160
218146803
272902990
148815597
44268726
106058193
328921399
222383190
130122716
101053537
3751681
301681297
269705592
92256866
239526944
53703086
171160300
82112148
309567865
49985466
86142588
111306363
282782521
154707976
121858917
17531828
2978063
315635165
215426105
71152286
147119485
174175849
192514457
245482954
267315628
212611227
77502382
187664341
317878199
70909141
189806108
84722361
161671271
124877330
46736553
62894710
258202893
177905337
229073445
222124642
252727627
328257876
304471675
116548605
4128994
194458809
96531922
35777824
4789711
84525383
233898251
199277401
99113816
138698166
62392732
139956824
26251712
231349244
158338941
133681524
239587346
281123679
282971552
249441403
257598118
6995517
155948045
131246660
213052353
