0
2
24
264
3240
46020
756336
14241696
303670800
172165207
289383688
105601990
76559832
465933542
125101590
397602921
136059493
48303958
26522177
341609937
541670851
133785450
121370792
323674863
406622889
424743029
150530809
222620273
320760051
415917711
475905989
308840002
177265658
360050518
522573443
275177936
339679101
9373072
382554376
435636347
37761427
439689479
535094330
188625155
398757373
252303440
328251426
318063722
235883431
326961954
52500279
107971435
311736120
200564624
204460639
312963244
109446559
268867175
501146634
300731601
84925975
502998679
538797909
284959416
105834960
518148502
505799610
371827098
183524293
140490269
215671674
92045565
316704628
426946528
468563231
165551628
83921667
83062170
102401337
357583061
34284678
526692498
303964974
168331010
131138442
72496832
457176674
405167125
181944960
146861989
433629197
83095607
208482027
35585979
433789204
213003876
207773180
288255976
393219148
324554746
176353789
200633012
86080791
56818129
472288679
471974555
448239630
184017776
265513217
199218089
260421235
491089054
43643791
520016216
421273604
354325541
137206242
286706415
492512108
43596252
452068670
494537716
345080959
445275697
5811104
129076809
421178845
178380344
479987166
319345617
206686492
368674521
388574557
359582445
255199640
297893776
172075358
55610878
397945074
25205825
275491838
14771327
368192605
229167004
114924116
137705791
135899484
313940110
15415187
372351343
79835505
279769320
207765800
275371903
237081645
420926947
107161819
95238422
481766976
428791988
119941915
437690712
396589443
214274915
20070806
471863767
106290230
254505868
540604479
411961547
185859246
493749856
113417346
238139854
258364975
235738794
268467651
42310739
406637741
421114660
46947243
138246093
154461667
343596049
516813164
513671502
414125403
60653885
273248398
417852684
337158378
265223774
161325263
380273300
300588387
311575169
111457806
486490294
83537255
422195330
518262009
434576529
395636057
285590333
453635763
212762093
96510559
152857203
322232413
157848869
394730455
237903326
537602333
398657611
198585389
44020204
11775031
539112691
534514344
302928258
324327619
3823479
345751448
128897383
287330531
463361987
284316445
478103799
225188709
384874163
347704572
292201358
235605111
469422654
305634257
423958679
214293701
461430626
26656092
97066334
399791895
50205224
214960359
215359430
64204629
502008362
324094536
261796897
504652234
399737465
259737159
146016435
488396333
182797384
94554554
351869007
444922379
28483234
288846112
308454858
238184901
278721136
24916551
232892254
408565793
365936616
506241970
305559865
478423691
92788587
251574497
467956737
295947152
3500794
168937238
339605656
284712550
202410960
412358466
255803125
387439729
79279229
523972170
384835443
196995469
499545433
29136721
512343399
193057549
31811633
258754871
143502126
315464264
471213873
426072430
465469638
109101692
389030667
42454135
42464905
264161751
432566978
77386516
472722843
144074471
35753424
62215069
432336886
7440752
292812731
147638562
40719500
348629750
6347889
49254115
45415314
245300482
7350645
410303072
457586602
456916661
261467651
47212771
262542130
424195161
378272794
16956619
27396249
163743485
53622158
225597811
344406792
66787523
143840469
13677731
338274543
297184441
335925650
198345343
162233712
193193447
496216487
311845306
416332849
146867364
512492777
228206238
113479577
496123251
273314775
78331582
53265648
350714638
464694163
532087540
392147732
318590454
382680700
491088201
424023333
203757125
314590849
42288491
58629258
328674589
386257106
402521927
267643023
137852083
44451992
6303732
184505200
473783017
219678170
536567048
345456857
361306182
58113365
371456709
237572257
118425584
437904531
130970940
48630950
394303376
155043665
502670737
184952102
226425302
487043403
177864493
382163518
491974970
493199943
197344565
207566570
359077782
29017523
506525087
351433635
247333745
252743103
155327516
92478039
468975021
501099872
345624661
68679819
183988051
435338799
284362464
146969086
220349549
127567427
90187573
215041843
440624202
1585066
173936711
335297173
118923862
237166167
520418340
90079135
469172756
52193393
537199715
378883207
481893638
258179832
403639296
390570428
370298273
189082059
104071864
370636113
456259469
369682253
424893574
43936996
339120093
409406332
347543661
174332096
470466094
404668137
40430000
337021891
226296614
389335897
272787682
85651868
456165809
182560940
398991106
512081120
464335574
223594088
286810948
406162742
403922107
451813760
24467147
310795572
289462081
294450290
341331668
490830383
543688809
532562937
42500215
111377691
264913784
33531402
530444127
436936386
161009542
420639304
76732414
124521081
339505400
81968239
421020014
71428318
177267462
297261229
141464495
53907503
196584624
26583470
380749762
427323364
409315300
223548410
118834547
107002325
358143626
518631574
534563970
190489499
360894582
86726353
428007404
213085334
434315417
421993527
13913603
222536926
536873819
477757731
340090831
48453878
229033600
58328592
265545357
147192192
254559744
48792555
220401052
39678158
303856069
14688743
523190734
531322062
292274181
51898120
498736956
147359297
93701088
223305586
52627509
156193276
475862718
282591704
358885958
336354552
248785542
189179462
316788049
297296043
21730665
306536600
190022430
54789265
334917888
310861205
207417726
454545626
45428836
216558846
154964054
286200107
185389095
466990123
78676792
413525855
410518493
133353146
442421326
363799648
333128830
213765623
319873535
17220660
228700831
526701464
59875209
411145806
217796943
160474943
279439096
123789515
417856754
128316496
483181377
512146612
338718902
22104253
515169755
252248854
41186258
381368098
96799291
145724380
62210684
321480617
293544021
91019830
218021255
304686507
48057016
3955502
270416450
131850626
94186369
120090153
142989518
65545329
352336161
344955442
253955607
308324124
309439795
209517756
509164701
149061555
532359137
404905098
54838289
59209160
378189064
29511033
19539444
171791499
310716104
168472356
65540010
402988689
407500431
529601632
360445243
6334392
355947389
130514431
16625840
196388499
482972298
309521670
321192945
450516884
74766920
116583808
314060134
2660493
317535763
117597165
272399879
517833347
153791705
246370824
158616056
395059302
203408043
510813900
293841220
34961936
403842144
341180921
312315626
278099263
205802185
174177765
43739677
85748033
380898471
361166461
515741150
170488583
406702836
221311361
47807280
156246655
165454630
71494237
402376646
497603945
62864163
540706396
44032208
490127521
384851279
178241774
468124860
488722521
242207280
537429888
280033520
405620861
203557379
12717996
379911888
242274454
266713436
249857131
536257279
69884092
235397080
466573090
533136692
371799342
398923334
264798452
182036315
192470530
428989393
471694535
514216612
322339642
179814856
411517751
372994378
69135309
11938968
269130992
114521689
310289768
193104819
115876478
286150576
310130844
421793104
96174969
487560010
204536652
164888894
510755048
15701161
108776414
59617356
505419150
455658669
308264767
12019265
47192855
102566615
533605811
424943796
83871935
484808183
277681668
182122614
113450765
112603194
71035247
469292051
4791095
262797818
351492976
123258046
339271745
91462226
6131007
55843141
109044017
489049995
440868697
262592916
233247459
460010650
376720500
269499233
228953368
317773444
313251824
73023777
26322962
138011477
291306646
257707626
378939365
141099367
208472039
443004703
266019893
451669276
93218892
55130072
373889203
409377389
120182986
162232384
15488119
291789215
324103979
493988157
325432066
341074201
338203628
351486905
294517889
494173081
107169707
523401183
138085535
139048170
128099494
292584491
518319671
274639451
395652026
451638893
436786957
30990742
466230329
456509874
457853861
72024113
26434457
359733335
104720777
303418280
114821636
203274559
354512497
108056317
220719007
172686124
258510822
106358748
183102453
212504833
350706290
375371787
461954968
139101922
328105530
201842842
170428390
113249852
450076959
203913348
506475074
483356482
34983070
374941595
32325148
239461827
445866222
79924537
223747854
743820
511049560
477087951
403648288
119274271
519515207
337907150
224411011
167196091
169866549
293746180
490540081
230117566
126970883
248828811
513944172
305903384
276614748
543826757
493224296
111260384
206954621
282887279
437366411
69962386
358595683
393393722
61504789
334212649
120257953
541244539
412194774
98633546
412696120
220688143
488330417
420006496
40808105
381963367
52447407
147588262
294719402
320394488
500036380
385360733
515334150
290766018
29701807
97062839
93515856
197814292
195728205
144187985
268777797
153086092
339279697
478454841
56284387
432448596
113344815
143951397
448321983
523022697
68861334
303981436
236345773
220122379
297761167
42429666
410160347
269407287
529091528
69264788
192305813
125395348
97243480
496498196
492202606
204129315
82366640
455540948
193524384
270650702
413113959
257829630
293257800
281248509
486035594
180655221
198988266
392566027
142655163
469486505
53795331
27409123
231999905
20698351
326192559
377272101
375405930
38278526
184995591
180261616
400899269
158286072
171524526
466229665
392860487
115335818
404781407
340885806
512976172
511136399
506231283
318649433
534085083
12058600
79311335
102732372
279365069
133483566
471311181
360911152
520003874
86412963
182581870
335056506
255010562
86571910
523223580
45848228
86309143
249892710
149447915
182446659
445992194
11070682
286273046
375324265
329250729
457555803
31104136
339819653
379894868
466356746
317619582
477462569
542009430
109833691
122461209
502418654
103111420
460519716
260798063
3139249
96176317
10283523
225146053
62450927
369690854
93837012
375308097
129992812
470085088
228628287
94917020
71663441
98149218
176850223
310357669
421239730
58670463
396708572
250242532
30043665
121514039
148003634
130695292
233540778
171224881
355202378
524672062
193853375
451037651
222188161
231560555
269499567
239347001
421395543
122104595
137059863
271902048
351742581
403502056
301335142
489185032
60414307
283167543
110315515
386443953
222096249
287803696
530950957
323794574
514810369
49219639
387330416
122571153
379310757
356875434
94106185
76042401
316661349
272219705
289355852
472471002
260517068
220949214
499913502
243198368
398643520
142460661
116130577
362765748
126195332
223633423
487481512
268285249
24124037
270024933
416346776
213908421
257265043
63242010
215432409
135364519
436972999
57792076
101281418
59456071
230944154
92909812
515055947
374591576
242557385
113794671
208135499
359784641
94569972
159008998
326263434
175223422
386158464
343014795
180642394
321506579
352108460
320242557
335254216
250231336
164644564
250813752
15857309
424742152
274758588
469237709
450688074
195491391
17399107
518872569
521202480
263835361
274909896
61510960
105512197
162947030
83277941
355535360
276140732
147911431
280401046
44504472
300977540
410326530
71151018
195434741
391595242
386339346
313563048
61088654
10753292
266286066
324859238
6282257
517918639
126081036
194977402
133311234
34472449
339280495
275971795
504483983
511382653
227392619
336851000
9550039
307562030
368582638
45962552
213163189
46719358
144917779
358150403
358762787
3409748
277326616
492615202
538797190
275826765
500990599
327433951
84284225
509611371
53734549
400786044
169563405
398194157
528017135
197875855
232885178
46997938
188584991
275463217
17013054
100190605
514598242
171355250
374566496
36363
405640751
44350725
382054355
260945519
12541736
107611710
493698060
422405506
478384951
459373089
184523737
402412636
55178370
60858940
148858610
523510957
290610727
128560433
494001661
468890217
432620432
451038948
372715589
154054186
417239677
26556081
438431281
81570079
12683587
486004848
348486886
322165078
501316881
275141465
373654697
246223502
478232514
238567502
21262010
357756121
91588014
278847040
88427513
490710507
408390078
169601929
491186281
1675017
369960531
304350648
244173365
489580599
24017264
164207395
528339544
144827603
296993792
235664452
334646250
502646868
272446460
12913713
161657382
186900170
457811194
100844249
355892994
58723594
130230610
261520503
388561945
89081967
297785535
127915067
328531559
477998452
351585824
141898389
364701715
353546982
279205637
361187323
15162614
328162369
259587685
73006956
262962276
346872550
246328896
542840297
366242690
439698007
433314612
138740145
223997312
13982329
438770954
326945662
531480139
210908183
253030215
503679708
256290722
187883677
366880907
26876772
6549191
33292752
506873937
226863054
339019072
313504700
435123213
451283645
388409563
258193975
379830211
469471648
404881796
204944421
364703689
160444204
423417590
189510592
441304751
469152812
332101292
298734684
283413083
198382996
286665214
5351472
203099672
253961377
35100163
32998091
121793434
280931207
426776828
117673547
115315186
164715258
236724717
347053725
489442483
461734944
316307526
467374066
69723821
172144222
400005694
27064241
175806308
501526533
80631847
142082620
168874095
187897518
131848705
76317715
171055825
216148447
473301583
366128873
303139891
284009597
36515070
369335636
101470128
183833118
263070854
446713263
91677875
179070468
255742700
112461273
294849325
352884900
179679737
6487627
332898866
404038967
96116563
218775148
524196153
35459483
49687223
501508711
421418337
1296904
112863261
155330928
440489803
453760582
67782279
91641028
73557422
489883922
465325406
279750712
104531947
197265810
118861253
335779848
64595565
13467005
461549718
159479637
169945586
332547023
396041077
139433933
285487497
334615476
234385316
210508701
476522609
23324703
160486828
456209138
253672303
282643654
525001943
215342415
143712357
44223129
127447686
520606904
57778044
145123170
248423555
297322461
56036580
409407900
486720960
460555060
367049580
320660562
223376197
339789101
122199523
353503296
191855291
8613327
465893185
441051832
419046169
255109515
483511925
78207739
130375155
47494834
358853613
531341396
111908726
130139852
245702465
479623661
355067028
77424231
319364013
409505713
327163407
278972822
522749195
156172929
484966609
235615374
49555213
186960305
53023520
91187356
464215586
527150552
445722656
157828469
206437931
286362521
360503338
386898583
443936354
41914352
59430911
210408240
204659219
353141234
299374074
325265660
389984334
64672777
84945947
39168776
215623485
322345170
11877261
223040183
229894785
494688331
417089567
201695681
210796257
261038562
142073377
191660837
543649620
415470258
407981925
529345705
320714389
10232847
386680126
429740883
77366226
477621978
86907413
115287017
235064616
3596328
333481750
314273223
124586558
312877915
181136662
471381735
383438776
531502881
458473892
43176844
427633310
72151606
465876430
98405859
433264041
512136569
345564023
94929164
276036191
517787820
379119166
340650336
51246988
279231268
42338109
400184170
474645936
216217730
453183790
208147025
326800118
530910202
300688527
494273793
126053971
124914978
518047483
297602555
514209490
461585612
33914514
486233909
354038871
295231194
398269293
378217310
87042366
431130979
400409820
272923438
23083090
386232327
321110269
258375793
393410813
417293373
36977623
485550048
290209959
216012935
459771786
379700199
284708994
422458268
398526157
414615118
259782957
171395545
167824136
458846215
434470783
405725154
377292131
397296172
320667569
426359042
53974476
42284617
263673608
450118082
505834176
507150194
448184929
498268700
445986669
329613663
172740557
258846352
344017195
462923663
159348892
356587456
154397096
375614995
95708041
248473929
326243506
385182115
279598693
156821957
296689505
329026370
539136668
137124646
100390236
502424306
223344465
242056952
132526005
515079293
306532900
259797522
83497626
26263574
10762913
82554735
480100615
450421895
98793292
353614528
56568758
505904322
6359790
518061269
94525245
339541313
280299255
368947102
523961287
443157243
288631918
332512851
422906165
65763419
201292227
524808900
393326821
354407911
378859593
359236432
234460879
248279690
122660151
405406605
88762726
223291926
266629529
52958566
421675285
434358885
535533199
279983269
232641795
430353069
218703760
232236226
87571014
129435318
254469739
81183605
197251023
436897444
435931038
540520347
359347720
108130553
41869601
110831234
253454362
422348582
234714469
363469491
490719327
196475787
52618183
207960161
228105479
231017504
31618461
387630165
511890817
36458608
145269906
205800297
162070583
304571790
481228410
120157242
200328564
250030267
409476834
524445610
455720746
415532488
19583795
147906322
12264484
476946589
203440468
405820945
172525961
180991013
422780563
47846798
307504617
89549937
200619584
403800822
404824363
527648553
150398601
486786590
227896775
369970550
414246371
115101591
314625201
319745583
327996923
87951087
276135191
403264296
2215665
355370689
251679101
210446113
228432160
84486234
477314449
33229333
80060480
530139205
220392282
403108506
123531192
314213443
466938815
328665575
253160256
312252424
438088887
445019345
37112911
439897309
222448246
157725637
440358622
426324447
368019309
542707903
400092087
118374030
480230379
272691918
472223259
542235517
470481295
30626011
265342459
41046252
286654750
279635518
388462719
307456278
448729958
352054781
352870092
98685155
479406357
197335249
359125230
417159990
264928531
386925021
143873806
280625394
231393071
401209126
417947526
531291299
65552790
280460784
270831334
17340017
122110877
266719330
291640061
326353754
206783909
389348021
119982315
245325282
494897216
19852108
420617550
376712571
492105274
400664892
157370392
91478280
29123488
156830230
493923074
233824694
278230599
364946941
216840802
131194275
455965945
35443776
24122884
299032444
497725019
376679422
396366426
464601834
274787429
468405958
467095866
271389901
498310064
411136188
1457035
281487732
331906745
132239645
234170054
367652657
115750537
289480827
156433098
226482846
48063593
340695244
78266564
444821553
404254096
61419772
151092
99080642
466352380
362969508
302433726
407709768
185700000
328737992
352630281
399994779
423568332
384623632
228709162
505641992
525668751
75124496
84752005
112496420
44986749
110428985
383441741
440423924
420903425
528377577
121940889
537707952
334877034
488282080
74153101
53656144
483249268
322308203
401266512
52051721
83067015
47960070
500510962
520094445
193624871
40991807
27261665
244703299
297896223
207267312
166083864
310095378
123738299
161531928
496726879
266731908
532980748
353333964
300485115
506202703
29915147
385392622
408205721
39896969
241608049
462086258
481922816
149413855
25475710
180990192
202636051
284335296
302427242
139586387
26273401
25882206
508344773
133431649
71507661
247032613
377700840
126601630
23434033
266027193
92207224
390113801
251537061
420146860
22872972
337920830
327997806
440409890
389527947
292760107
411905374
308958523
181361870
496027351
326918739
434232748
524726530
455959127
529121662
253320094
27816673
480527217
165519298
435886486
525763942
500663431
249538979
45975793
92069401
402401357
139404889
47201672
399972121
36086469
434719861
416442538
216020036
153815387
301481160
79496215
145281416
183510912
318710136
106874294
20413077
87004391
317298511
126524411
498746631
200371333
2844274
358600069
146922440
363146123
22865947
446773401
115729856
250058365
325242979
516315003
418052374
293236656
127857451
323137212
246350233
512361931
356405518
439641418
403810060
136862830
224710627
311646795
221855420
272176423
461343787
487169776
439041571
83696200
188459957
152589010
533411562
130742254
448534342
363239489
276986286
190892222
37099937
502824652
333624761
383333278
49859743
591864
138372825
461687864
125359577
213103004
356295049
162112515
267697905
191033811
137776924
458417052
412898979
473543461
97377005
191155958
269377839
253368411
337416123
97203123
64995661
49019153
163030175
386632784
362583175
119478227
336700271
275366442
180997319
145370077
259219346
194065472
501053335
171529934
509728335
68513424
43460531
42493759
386610198
481076269
26569184
445997203
13142499
344519788
290173356
487021966
265412330
138585151
377434156
106493178
97648641
524474401
61103790
528324669
188333789
116921985
382888547
123804863
390975732
179564715
156810865
190510081
416440802
485697964
479424110
69743281
446644772
33203995
266764779
147191963
385020433
112998234
472934751
213139784
505091899
346695977
429314905
55227805
428953673
439571343
90484281
299344989
465451415
401694718
401072668
276002624
487585362
220004000
103492779
515930681
540007039
460707135
51160199
114166206
169470751
542040943
221018153
278292591
84365253
400940081
461443914
291068316
363373594
196462829
303737614
45751405
438419979
265908486
69223805
473127326
537149179
254820832
99292288
501767108
517306774
29042602
334955397
50278311
365095240
293913577
468291304
344896766
331648116
453358699
137784158
345630348
239998815
349752071
31622513
347140862
237259450
519662285
436392974
414781865
92028258
354328179
355739602
257756600
374464106
497467341
285860839
267846141
82284531
188786266
493821649
221319672
364526579
133176618
377524176
362478446
112534772
303210200
312279335
123343172
436546594
173821735
418008745
67297862
261872017
10524540
407395621
371211491
161250784
509601527
154957494
54093682
5601286
138157172
152281573
54930400
512250801
295295728
121180307
234191624
177350043
424496871
451533816
180000844
126759642
202611576
100139852
284626866
440526987
274993339
264135503
389127311
45401339
395494780
445989276
390405071
212828660
236897769
147299300
392622455
8983048
419859905
455311434
270006772
21556111
72856766
121075830
532752461
195780085
330899265
139553053
415263977
260785622
245927329
353174334
361759295
541404328
503489715
152193366
138565812
8999293
497472531
223743265
281529993
76581000
274674748
366876022
160096057
462380709
230661134
185557760
136063978
63735567
43643956
83667355
479291053
56827322
334358414
439717598
218609668
492173714
243024947
150663240
491011322
35737478
59743011
343384088
431914061
78023001
114536138
167217414
485844437
267092634
359119855
111551070
223421043
217060281
413065297
47582434
212214267
188958274
133137170
9312917
134769235
292565281
105799935
269585926
197292059
199933114
27578678
218538431
348129289
190023188
254583421
219335031
433592117
48561628
446242386
268892559
153815561
265442072
270017284
166844019
132266148
415675564
524707426
333729463
102854593
439222321
505371902
477606478
458072700
69831813
467125256
503617899
98747202
322458183
19497321
21766377
123642874
112417873
28370380
194354881
84734358
361869582
95750735
312608702
513079364
16623287
360161650
33545685
254110171
487073034
66215204
134817841
69900644
428276747
453033438
201197702
303663553
412604321
488222188
5093742
170141162
238950844
20530038
253152270
357589462
220287749
259794801
189152883
288339161
384138690
247069208
182261884
463623867
96389244
499820415
537672758
123161048
462834792
92316034
342914033
25894444
299259490
350999631
83359581
142235669
439611560
220258225
491328027
156163122
475156029
158728140
52770438
256536352
536999062
434253859
56477718
379923016
504952472
501556896
110867874
485443534
83740969
247543103
46904669
321916151
71997082
490072566
537186993
524229525
11087199
335441795
493823288
456888530
318111154
109164756
165644730
524868306
386626218
433327532
247917123
527819424
250100966
139260649
227922298
210427088
373397854
412156155
374707454
302269383
75148026
115168246
423489116
169241566
422361865
129792514
369167661
56161645
72693960
320346655
222322887
354651145
94826074
383499148
159551689
378202498
494447312
279033633
189915055
42245650
328375681
403886468
445284240
329701986
476543725
56680112
452865050
512677897
478815179
278117006
305116353
379204928
236069934
129087623
292230024
239084278
131317380
542116571
249171041
534673859
168185532
401936034
148272201
424107506
482009267
212545766
304214614
297933794
495271450
21114474
310884601
164718411
3668226
521540872
438339112
540080294
490291592
179502728
539379010
473380794
485533725
323643790
184920901
351230461
457265713
52000974
158489942
381793624
102733468
221048978
464839648
298309463
270248525
332369913
229319718
364630419
491883700
12811617
243314677
47685687
316456076
284164516
433279991
461548295
161769240
379743827
152087330
111038658
361935804
415822329
419016124
510216984
145939456
462506966
139334741
218878719
310231420
194120332
467236613
494340386
48087978
33504376
145440874
260499444
105167705
123633
470889791
203555210
161462779
79734886
143086605
118959998
33674227
491357407
410270756
257920349
252155625
294164662
235953592
312361681
64144736
248674877
5314032
383521485
293011759
117920748
1826902
277495073
151840883
383957994
307356947
484324912
65137029
440993841
544177014
319000407
327328958
264481272
163102208
126663114
415413491
513526022
372095534
99279433
130378875
453445801
346432009
407598795
238216337
3968040
72150190
82220977
514548388
84251655
212276025
499306120
540416995
280242524
233480064
167000034
395856888
520576837
145129460
76561248
330335735
506913846
281269019
282387333
392360161
32577510
166537588
389025320
254385450
60933733
239338644
421143975
49843817
373987722
183700562
195753016
534259652
181579620
314234362
63696189
37228370
376004694
102391784
8023380
437868482
358820440
473131318
456996482
402573548
170020369
435117934
452356476
43284587
125799234
26674447
481244457
374237224
148804595
110646445
259793161
449763753
522456253
87643306
421459792
523095300
226197403
436917229
542280090
326603101
80356506
431205392
421223480
533950165
53498091
521951485
62753244
35691924
295395800
3315866
526626309
10887173
3636273
230354334
277101996
12119981
216928484
105025431
99270545
104083452
4267376
30877360
509447834
169943556
528878990
173582779
23088147
171605654
27199554
77229436
518911461
425012620
183034818
226066833
37602561
518675609
190121659
651127
493765338
266085429
398769102
452576453
118816184
264740833
530750781
18972928
508272950
302341259
259153464
255432008
221618123
392291129
484352689
145982308
239243838
326080259
410525181
153084112
322001684
135570447
359664274
210588304
142172609
530306761
254063640
434141310
249224931
65385844
301129137
471371633
388460979
513999903
176110303
102022142
54614000
484581616
362743016
486289595
128001432
23572503
176398442
17462735
316718459
345955057
468919348
420247390
1731865
484044138
127583978
353389720
385447040
238691230
375763768
52590808
474123221
1933860
201493218
324438172
244303045
98993661
264262635
218452136
159949128
161938152
313588628
90835604
117473566
110212399
492896532
345075541
518049623
255462146
499006736
115591637
6165772
398409547
148026804
66955709
22096893
356675686
7459990
283214456
439316293
157743790
500345708
306303606
514605555
73297498
349445248
397870065
509475439
72522912
459056730
108133880
445619281
127281621
421859994
454995858
155120074
103158676
177754611
331622088
531636973
319034823
381583513
82970087
86927316
49159234
405343440
22814862
531356442
65550691
144216105
273762780
339047476
407609529
34732129
235384459
520049875
235879735
262301695
430820319
260030379
165680801
280431791
342009365
210595374
60105903
144999228
449402033
203799543
238544179
458772933
530450899
261676186
380957055
313594474
46091405
183377219
442410860
143485736
314323270
258270822
309685030
527068100
125744044
223352682
315253524
248909253
442212468
171655621
224212100
475821694
302903996
67352141
53161581
489181465
352367575
171119893
142489588
531714621
435495931
53279826
303245742
237991500
378644405
95507812
369509409
304368712
349561915
514667639
313887926
357668050
400216947
114170296
377896049
328521506
454653463
169108303
461409628
361593749
318024671
353500546
104114861
240257196
436101733
79072693
23944713
411917413
328355533
17643290
182351397
420525336
44513550
114689968
87784586
429988874
109938290
325179961
348208506
119107209
234906322
4005391
500524467
267104971
422560679
252912301
227055223
501179700
476878306
415549963
213529867
502714116
112749151
183508344
133003780
343727915
378949993
432466454
347869100
105313571
26424501
417038339
200471010
183692664
102221465
90008897
142420271
143152707
179771082
31455509
476748640
273943599
303025868
37061519
68118630
248838071
177874924
143091963
2512879
130823713
32818042
145880800
461045100
245112277
166310505
75145563
465904310
437174491
509255945
35038766
203932007
485499272
232343609
101346459
321521465
454617447
28184781
512596296
202014350
131262918
423901436
316740798
92603578
404521378
63516703
166733842
33357135
428309715
266891895
335766337
541996172
201020202
78120751
409416710
61151058
174350670
135920223
118167616
81433074
242407770
2741262
416513299
405130837
459269793
293885017
441904719
419508199
275107241
89602006
134458339
472405054
442127113
464731861
84793554
536953586
29950666
376480441
74308017
271552940
328152452
356759148
480561986
214897419
339734149
372876885
73101146
166981492
395377964
393229545
78490828
62025191
58151562
173809693
503028125
503270472
3910262
103983400
369986271
366981368
233160523
87414858
83860871
403733117
341442427
432789893
312640644
360477066
525636418
169705024
25081495
35382877
104366227
179246387
333396211
533134351
247151357
359698185
498841708
166002324
278084624
455300763
156497503
17549832
461059584
339553372
296505307
268862583
413287323
532776230
364162882
322766753
326232283
327276583
458136717
484290047
72520481
382205968
261600405
336254086
425603423
448171908
258458591
124811001
301980000
244228186
276687649
23048971
335169746
134449461
363107434
474358739
188580047
243484442
205218536
532406406
536329925
201855522
46291295
219158071
519502417
187050545
129061837
526564543
64795739
194566652
335491368
491727753
175917536
488186977
444691040
382036262
423834415
175301062
73823920
348016255
398508146
503573013
140148981
64593381
400425609
369175629
108701506
519056983
154667596
3331000
198063627
348731218
498250204
457487780
100343031
429902426
181812304
427708607
155276081
42751411
4231634
415687656
525033560
483899340
49615793
291413454
408007747
147780732
315699093
358602725
69474488
156178122
203920176
478448008
173486201
488514729
258821789
38770319
191122488
78434641
106761075
411677201
358560645
151091832
229500475
107575068
519023729
173481407
292886572
428115335
264938303
470978656
181352338
49554080
512509519
87719009
248906949
375550952
397524432
72059614
201655953
366738482
131581220
286910930
532842089
396854542
232307731
435978115
202370306
251638720
106445513
517073489
483099239
519835347
499259762
306666337
292651610
81014782
473215649
270625969
337236325
477168175
318460412
201889157
394336652
149329036
390559592
2831190
85516180
81712531
201089256
398148400
506099241
447394157
434867632
532344607
512466922
145769187
52927899
41610611
210295447
329871033
7741062
531976822
93508144
359542759
299399514
99883259
111686935
183152554
126888973
66948449
531056332
325354159
438555568
495762387
225954691
87122248
541345380
269056666
196136107
500284041
278056035
34922703
162882830
409030375
403987256
429611863
235942725
454760440
387446524
21419320
385395286
529212244
430566012
452179186
482179997
137811391
303671781
286174548
254675133
376108330
160724428
434346205
25524599
287867469
229991611
214981583
507904793
364969
413120918
389026974
431999183
137744557
86284277
452880330
333649834
437691466
66862101
162893581
451921460
337956843
245126142
5123942
137628466
310965110
418078790
397583639
261158676
429659951
237811460
271731178
77098522
39324626
365697223
48458515
267633997
233635462
124318311
206602549
461104225
87676856
230686668
463027544
322325755
536027605
2649252
219142845
319677877
450988613
304967744
157532516
72280596
402575702
470827295
273866326
235502169
58796332
422344193
275670671
214539963
13660314
267643558
216232595
226707511
144368145
162268750
174858604
378354795
255051482
222707687
162312690
91184532
105523883
51189327
522765128
530051702
334405602
477902197
440248768
296642713
179986315
283552545
60924575
451826269
443519689
63565699
317599876
429658727
320590840
191708965
84039550
306481761
267821203
461305028
372833060
210312430
432469914
210493162
87069143
29335129
178617891
388403979
117803238
285756442
238654857
352970864
101576306
538397004
510650571
26040978
489446562
43109204
232400447
88345190
34356275
114337074
16259149
136285122
437915860
379457960
414182101
55322473
436688869
238633419
41603780
43431192
183425373
11016859
523419975
492583892
265120602
9689420
398975486
433835559
212452392
181662411
499303255
421302047
194670101
122658457
24685128
392055367
207113642
510969456
6526931
167407458
269909910
482760159
82293840
217438039
399685653
249546316
248852075
233760094
233521485
231720844
458433924
180828820
240909711
536434578
346563084
183210463
357301109
299167539
40127022
468757277
131249959
360100534
378881176
311635039
376994780
21607172
447015524
306745981
382436734
460809371
300574262
196860115
525236234
135199594
417164101
210807971
91416231
505590253
95325989
141075335
142409021
491990682
117430302
536455045
362706165
323399325
177273094
32726018
343162891
415456851
446651101
489935146
400409666
407934761
452151996
99450497
70445255
462967073
75341506
483962789
531796532
169797376
526597101
249607945
51359058
464411777
299789432
241873119
491611295
518341167
51391900
36347984
316743418
77344574
383383428
472721984
470366274
228395985
361027613
364642069
513206627
53485688
440686213
311619196
445991433
387452400
299478581
100734863
535795743
330170848
340709654
186730647
3612601
397754186
95198736
220893048
242920471
482584642
377409404
96384622
468663105
494890305
380855878
391546107
519408869
44910131
403331717
490190749
168432460
131235261
310796285
172288848
479823659
232200426
241153268
277846759
95448671
320081500
267497279
382343054
85605441
273609939
539174590
309878214
41572353
135138619
72224117
13676779
153015679
360524067
412044246
508958247
326626458
138908388
244544813
66389158
46479192
447386301
509015066
280398125
436889750
176081887
63561992
148379227
437309779
266652336
309210714
534673222
150752748
352453737
490897504
289082951
288257936
79196228
455935275
394156334
97163305
484630900
337948875
442425062
486815063
79454611
477856573
543683149
502890682
501274398
164131969
85583616
11071400
421354807
34351404
129627905
479326354
110641163
279564018
125158544
131349562
243117839
282607286
224155770
134254371
160412515
93675217
311975131
343299989
285802657
32535463
22546627
175919939
15569426
446266008
503212054
155229556
193244782
413086768
426994803
494943335
504435333
122333741
515365368
404715612
431484981
279180892
65239808
482154852
536570547
450409313
410346171
268644025
299173023
305495580
179630137
2185714
139727156
209723356
373807576
221895744
4508919
512870776
237131033
348157797
311703034
229959582
24674438
332603012
3591151
172837444
27247124
426610330
439901391
364507238
268881568
430113246
398873705
256374909
65462835
121567078
7624938
318269154
310941714
54628752
171430381
28063334
530709028
457777834
447881503
15314604
399750491
396279532
59104823
63989304
338066477
358170476
17746928
100473603
233760815
503389420
79576826
237592261
172976205
299518491
35509871
194405520
1752917
189181008
386650096
325218983
391110847
408196171
167165863
381095892
133657247
190640065
253564812
12668842
334298527
235984158
80977706
534338562
246218099
258878361
342905237
106467361
386375808
468687719
497796384
435735493
172326896
172541838
174612089
87636673
238409883
518177112
464283850
369852171
137364706
506804449
405992848
330114816
416033900
497457762
232178916
504870550
537165443
344483880
246249463
490616162
274278543
23868314
476244050
35110327
284895016
222347164
355570673
108507642
91473749
76521560
117468859
155425309
178134353
174781214
415776220
521704713
161050611
75097767
312946736
463334228
190503943
187973902
473197316
63855006
311003626
376477449
526636613
82921836
340853272
295690973
64690567
127024728
281291584
449514963
536981441
262594829
15498066
143710740
262386164
320529182
185970575
459785317
241532413
38179467
263287832
383159536
348848727
131519516
67061766
350566364
139245122
381690390
414584981
378870613
305850736
94648668
454932760
534807268
330750252
461189751
307785784
287285537
411872066
168816207
93966026
304910711
226059521
97179333
292431714
330920611
528186972
273745690
365913468
456209750
102428048
255335650
318460152
84855161
246901162
291173582
199534061
18723500
304392360
126500809
12156881
482724281
344515942
52589841
299952318
259570391
521003478
384345973
54415074
63467825
6244910
424872192
324678164
514539607
107510712
151215161
344908647
484658850
463354750
242130899
293131255
55920000
507388765
205865288
331534512
74086883
179031973
314732354
415645848
430218051
689968
155503512
311204966
485897745
192960183
104070856
46201439
100727455
31556410
384981938
278249665
79285125
168022479
156547628
448259829
86170767
153535745
229608410
381528174
144040261
85948078
252101382
218679162
258253433
172097129
172264257
42415998
419676971
401080581
34992244
539472552
132992336
541078249
323655101
439317540
269904263
275785732
468701580
218668749
196324854
166287813
25142485
494862020
389240262
444901468
442765792
173879065
343756091
208817207
2427508
54892068
439646477
272022293
526290321
365612172
541263309
338529952
397910331
94643260
540797881
96104457
36221495
433179484
529919681
515094382
60038387
158387069
416918605
109062287
478048022
117597662
411927288
371361623
305520222
421793329
118368450
143463580
218521603
38331253
191999596
438628664
511073490
161664225
230194189
496413378
472339665
337748486
104369748
377105507
160221694
257831352
371055251
277530591
299469782
369275865
71240769
48781346
436341749
92569526
445534279
110118139
463399274
528113139
332094
86932144
397178409
418752071
318725400
233905159
468629169
53309769
393035532
195187443
124456979
34239089
321158441
253298273
159794117
29244083
45764704
436044003
76056667
291629798
389645490
472955006
480778698
128885142
344141120
522790323
45759307
94285895
204992741
405084816
41590825
249492294
320507452
80970130
394110583
371344591
41584117
92159409
407125833
221366100
530454575
309309529
197869076
113368909
127008139
339568882
284633527
142718080
101259350
303656609
386259607
231087248
156186567
467247922
59052006
309652608
466279200
317276651
503521870
256185236
181442238
495742608
397614238
49836425
189929399
157078561
117518254
272799298
277890927
355307921
134137931
22745666
285300088
6035457
529578677
213639636
385757404
381311731
428679479
254614428
347807812
288855705
57303882
104384196
438411556
155502557
338425938
513095921
342556225
180414185
13639915
240414820
368246876
249630758
309522031
244570567
334271375
452269567
29839558
367237832
358227441
461717469
163530190
374291980
515029168
394191278
243755609
252625109
467203417
333179469
373667115
159842042
349181726
344696407
461676700
196934783
511495998
409819915
97640557
319840108
476054436
296407941
51624970
275516212
234840813
387294001
106529362
392699279
36906804
289617332
335363380
234130219
517365854
53128935
203341947
178198106
279101610
26083568
29940163
283771742
284686002
145950725
37516717
306310939
439560177
455943513
92306873
248845286
218889032
516834073
494174359
160641958
465208264
108654738
327866372
117110733
455071151
376490217
416929640
420171078
157262245
70085889
111439550
216954160
148800143
147671235
301337359
217821977
433358653
327580396
384521834
266661903
244447299
57354444
58159903
200173743
143247023
23098450
154163794
254076903
116090156
164033544
27114493
367516831
465735816
236561752
454984278
399133192
90498878
409029298
237882186
443506381
27188120
281775014
50338392
355203986
455412997
391276055
267692874
38222896
287726358
477153640
316319531
9688692
421021886
65749251
36933603
290268931
289994925
126401404
489001492
113123581
463624160
164769598
429248744
375743793
405452505
129659808
61112627
29609309
102253369
364100861
234621784
535227107
461797177
464618046
336859933
195176340
508142509
292821817
112499473
233646810
375610747
477828743
2775410
125876814
311921446
429597462
231350875
222065295
519138064
425880065
147967530
468267795
527945262
531671041
412910267
527904322
8887400
184192479
60893335
87760233
359372252
226196706
43942964
293659123
416482975
482954392
414937042
326487596
88356871
457427036
110538437
137482249
204651575
40983285
503563336
336597884
161110452
450233034
511079391
229761375
272730489
275827796
11753741
202095399
367410661
351852078
133084186
500941550
219501813
287395568
67238734
16160312
255029769
53713163
239979844
442842376
377168384
125461382
196198948
57722674
503731018
497764520
56327398
147595381
286920669
74421625
73485152
105433428
514316329
272629898
21033897
357471261
88339583
310857745
104960441
273606903
310872318
347917561
502667176
32888685
458764289
241164555
382800841
500814362
365807660
510645698
473680071
177396838
206818720
54196290
106480978
346802144
496913595
155297122
336000720
70629331
492592298
5521812
407405624
305985020
373114445
148829489
436666928
35090957
394125689
406993826
458566932
100260970
531998261
33552419
57543305
126643906
314746565
226150355
129378045
101624920
86804546
198881003
296406942
334726081
387242051
304799190
243569608
439298469
534468961
474602483
171518132
264744266
249511976
271040462
469853693
176131925
201241701
85734296
415517848
290277651
469996321
303919711
51633282
57884064
1035367
466826879
121652556
237344896
170918749
63333995
132025896
37919011
318483183
57806513
148067206
85344404
3462911
199586492
247050354
142341335
495156037
425406988
375223972
334092211
312588862
96255802
292084659
504992819
332441126
124916187
439278224
466881794
519206429
460909138
6820508
114056321
335693559
10208329
419147740
122517730
338615516
232835570
25989894
324616698
208081904
148861885
75211990
459847887
422003009
84961731
367346427
395904686
378777069
437826220
326420695
187394115
523045202
228510256
410600747
170736692
483167819
387612062
73572210
325910268
274150947
94473354
362548417
385517991
418507004
130175479
226248716
244295409
182930049
266946087
335905974
210518680
413614565
313501595
470112345
398443673
94225765
167870861
371038388
229556293
410120918
184660363
110704676
148613221
46650
99159557
187870517
206580257
370951982
398168274
31745437
425075628
330656825
108198462
503012497
129555759
301413631
279254077
469169158
317776246
396331903
190811174
57720185
438800667
86422074
388761415
503469270
292169129
149209
68057944
275725116
417958472
151026920
270320324
535901237
33699488
41659556
461284939
142713496
510931759
61215475
217280425
273063731
206300812
245585803
520121163
510960484
455203108
14699658
68122569
264111935
474556530
31157336
428434363
455483029
277334291
289423965
93609020
93120193
408977825
372938886
349117350
23066193
158848125
418017450
8423508
82312682
434480441
281416438
407588416
312044830
438155909
256205053
251960728
409794242
123702272
358335501
525853557
130609147
402141223
522522599
325946683
52349417
483169078
135158709
94238131
364731939
296110190
145091074
15907359
424383944
520387017
53368105
289214620
335754904
190992750
80246747
539101254
316252717
294019101
499742015
453390011
312383267
368260779
16310935
205491038
309227949
110384299
80100209
445654693
322855655
421963566
363901094
418648468
470234329
532191014
395013393
522180106
104408299
290923647
245142952
400543139
534610920
408842334
365372139
514074824
177557922
264070592
182368116
116466483
504393195
38751709
499380772
57587205
371927305
229922243
343814214
408786647
300858852
322031752
368978449
143843240
352859219
154787001
67466799
377308462
283180687
90127424
237480220
35659846
171184259
3546461
145058957
372070603
118766880
263961615
286591940
32099919
232293841
512144187
403116624
384734130
61486026
342285106
407004459
87707942
526457029
406064571
287239357
58051987
131799925
136857051
481971699
177215628
176112183
512605067
415529892
505369255
470038703
403497419
341023535
496963661
368858967
306851891
475995880
204990932
471233516
57997986
83432788
387233360
9759432
116068243
141431123
92325399
466974864
539201563
523461126
20344013
51020288
407855127
100160614
492712369
52034226
18990636
198678138
491074178
164220568
85379338
130447777
244717075
127002850
126638156
304698906
75231365
303206399
261283898
89143829
262489622
379474959
89534079
261736573
314413051
21059216
214757261
93617309
503635464
496667448
211262169
213639113
113948058
1368244
54614513
469841469
254414816
168435449
416789299
362366069
125233459
93568524
425852900
541373133
220592377
523088057
264755444
150577882
363392458
22183875
6452846
36758690
147019147
321462048
73948097
221317146
446765433
50405592
43377554
310899099
428908725
534697625
308677599
186243007
536173068
285558044
490226230
433278685
233139966
36194256
207877055
81815026
237706594
339133021
4018968
292682403
370243385
244500359
456890542
97827834
486796194
80524699
398354345
276113553
113571974
241311347
230166868
138827852
90523764
418607866
383713562
305705923
273532497
425831976
307501666
529619527
265201523
212797788
230705352
62985090
59484514
129113620
55145872
237384540
149950780
230438373
57181351
288146003
534767793
65356692
31136655
6744061
473605479
269971532
520379483
538106256
468356523
539543220
172890929
370224846
493047107
338043940
223862561
279983200
310589026
200593004
266962017
4156388
305203580
516917251
225934416
523912218
137820010
24549397
325313317
404676286
417545018
349691366
146843847
379554373
26258709
522194810
232995947
242667760
11387262
319961812
403006536
213433821
391245927
262909826
226680107
32545613
200879512
342087365
157264136
343369813
483878382
168396236
322297499
52861517
286661775
223612539
303985387
152476041
481459946
410358645
466379507
62125714
437576065
469036547
440642223
448902588
37269305
284321078
418461967
239938865
296093928
196867879
318889389
252417974
251943006
450670662
261314773
64647941
452075322
268657553
176591952
413238459
287816482
113798489
269935524
192921985
358944697
108455025
83338024
245904817
405788319
464991407
446408536
445354773
212612821
340389006
129505757
401869370
11509422
440119817
92839652
539285557
286092598
377944820
184389718
272438218
192344624
304825439
214356041
53240683
440754085
174884865
91534128
151738737
173503779
370994903
284753899
330881211
511522290
236886942
285226231
193263947
286128490
471597449
424013788
103083775
172324734
425288836
536122291
186258435
237881224
186402535
511698327
138048111
246288716
98757459
288789140
114807854
379323519
379179765
333187262
87281385
124447532
193421020
12653769
438011358
138724334
335999327
338600335
146138228
282145646
279916465
517922611
293892590
113188904
312060980
19264293
237703929
141830821
52044495
76234084
198064851
311940632
134011493
221513798
474428638
70076629
542182452
247914717
444152699
378071817
177559580
163837046
35700513
173694670
70866489
14930717
71763587
150894855
311288819
361210820
485649753
315535835
322924354
422154002
422797605
305238277
304701736
56074836
85680558
350585652
489614051
530537297
317446787
383165593
481348800
107684387
363604345
452087409
355426880
185816943
103453793
491919533
374738101
12133806
272141935
156666831
122507775
261587744
74478964
68220461
56267239
84586057
405017301
230354790
383822713
434398134
446055472
333136899
38814529
263388714
361210299
445540124
15877259
346219937
161397268
534974330
59372057
222983502
295804427
414232297
215620981
490131621
23988210
370492975
82237126
148174418
37303784
422041377
118946481
61053573
393476316
120068393
478329300
219927949
116805952
314293163
143654732
473600812
343632634
446213947
351105569
95677404
414304223
266526619
529601983
211921874
321586893
21365038
94242456
15495416
5713994
130850013
121281985
13656556
521005749
224235256
176735639
529359848
182937818
339922059
204418857
478049940
175458533
442587412
434456884
396805771
36237338
194935224
205529311
90928975
199262140
298997154
147017720
128606374
161712316
314629285
272842200
388100766
141230829
292055346
410968959
130965053
260419068
252771847
184156050
35302920
51699461
274044809
313226953
387895520
259821095
201509272
77792676
491235147
31227585
340911833
185956388
344227505
460694488
506487236
62459524
60743670
90296652
81003612
523009672
407315023
134186719
188157176
48191017
118593725
154569609
306166661
217191381
508380400
350033296
126328637
446535920
137220209
434874527
280863064
40396401
332199826
322404766
215010574
7862646
69240022
90615898
47849677
304777454
7872063
391909023
299810282
339388953
103402851
66799920
615248
257953336
416369132
81344955
343545617
157947500
409680604
242460018
490991948
477432584
263552498
178739734
121497083
1032124
492702178
344331484
186326640
243276663
125452979
302744126
297802307
236189097
304133584
371217210
358064742
88579542
409156390
15585031
352344869
544465197
122607720
538776747
461644269
183018074
428630821
522644436
480908465
433939409
289680270
52089354
226802022
123178904
508839114
164814979
209209681
383385456
229715265
413788395
103365501
540574962
85289589
333432531
338132254
93248699
340094119
119607865
495630409
171374971
111752219
138512881
