4947
4983
4992
4970
4965
4963
4968
4961
4967
4976
4967
4963
4958
4986
4949
4985
4977
4963
4959
5009
4990
4959
4945
4957
4936
4941
4973
5007
4945
4939
4939
4979
4989
4995
4982
4960
4975
5004
4965
4960
4966
4961
4964
4979
4945
4954
5003
4983
4967
4966
4973
4975
4983
4981
4983
4970
4975
5007
4999
4933
4987
4983
4998
4992
4964
5001
4986
4936
4939
4981
4972
4931
5000
4952
4941
4950
4936
4972
4980
5007
4981
4944
4980
4955
4954
4993
5002
4967
4955
4953
4991
4957
5000
4968
4977
4920
4918
4958
4961
4957
4945
4984
4976
4989
5000
4937
4974
4958
4975
4959
4953
4940
4963
4927
4986
4931
4962
4992
4949
4914
4952
4943
4959
4982
4966
4972
4945
4963
4927
4964
4950
4977
4925
4938
4994
4965
4978
4935
4991
4960
4952
4948
4971
4948
4958
4952
4924
4943
4984
4985
4945
4974
4961
4944
4943
4953
4946
4971
4977
4988
4946
4982
4935
4954
4933
4971
4975
4946
4948
4949
4971
4938
4967
4925
4977
4995
4938
4954
4982
4959
4944
4970
4934
4979
4977
4969
4945
4979
4937
4966
4910
4923
4973
4933
4955
4952
4956
4920
4923
4943
4951
4953
4974
4960
4938
4921
4993
4938
4944
4974
4965
4952
4945
4921
4938
4938
4940
4934
4974
4955
4916
4932
4930
4984
4926
4979
4944
4963
4990
4913
4992
4960
4976
4966
4981
4976
4976
4951
4947
4999
4956
4941
4960
4955
4942
4965
4935
4948
4998
4974
4957
4996
4919
4923
4946
4972
4920
4986
4966
4970
4932
4997
4927
4980
4957
4974
4957
4948
4951
4965
4970
4981
4969
4973
4996
4948
4942
4968
4943
4972
4996
4967
4963
4957
4983
4963
4961
4932
4941
4993
4946
4951
4940
4973
4977
4977
4975
4948
4924
4981
4948
4986
5003
4952
4977
4951
4943
4936
4994
4966
4947
4970
4966
4968
4945
4952
4922
4960
4911
4927
4976
4973
4960
4957
4985
5009
4916
4972
4999
4946
4974
4964
4950
4970
4984
4956
5002
4971
4955
4990
4942
4948
4925
4971
4967
4939
4935
4931
4965
4953
4924
4999
4965
4943
4956
4975
4964
4932
4951
4962
4971
4935
4934
4946
4958
4965
4951
4926
4925
5002
4945
4951
4967
4961
4991
4963
4930
4970
4938
4958
4970
4970
4920
4956
4973
4956
4966
4951
4933
5000
4983
4971
4941
4980
4976
4972
4986
4958
4931
5003
4929
4955
4992
4971
4989
4961
4915
4940
4974
4989
4984
4963
4970
4950
4968
4944
4956
4973
5002
4956
4982
4948
4967
4942
4947
4958
4964
4967
4931
4961
4987
4927
4936
4987
4992
4957
4965
4944
4997
4944
4963
4916
4973
4950
4962
4972
5008
5011
4979
4985
4951
4952
4964
4947
4967
5003
4997
4934
4966
4988
4966
4954
4938
4972
4962
4928
4936
4939
4982
4974
4976
4990
4977
4969
4967
4994
4952
4921
4937
4976
4982
4978
4962
4938
4990
4985
4965
4965
4936
4948
4944
4968
4965
4956
4942
4940
4946
4943
4957
4971
5001
4952
4964
4965
4928
4939
4970
4971
4954
4929
4966
4944
4982
4992
4953
4933
4966
4976
4945
4970
4933
4995
4970
4955
4972
4960
4960
4954
4989
4967
4922
4942
4951
4938
4961
4923
4944
4932
4946
4975
4958
4969
4945
4932
4962
4936
4953
4980
4959
5002
4955
4961
4969
4960
4938
5002
4959
4978
4986
4967
4949
4965
4974
4960
4959
4978
4964
4976
4954
4990
4950
4978
4963
4936
4945
4925
4936
4974
4964
4932
4965
4985
4982
4968
4995
4969
4928
4932
4982
4971
4978
4948
4942
4972
4943
4963
4960
4969
4938
4959
4997
4951
4976
4943
4947
4977
4992
4973
4956
4988
4933
4945
4995
5001
4925
4976
4972
4973
4959
4957
4977
4958
4943
4974
4971
4955
4950
4963
4942
4972
4931
5001
4991
4939
4939
4962
4998
4949
4974
4948
4937
4988
4972
4995
4957
4941
4930
4953
4959
4993
4964
4953
4930
4987
4970
4978
4965
4949
4936
4969
4984
4990
4966
4981
4978
4954
4961
4964
4972
4983
4970
4981
5004
4996
4984
4961
5012
5003
4975
4967
4966
4989
4967
4999
4955
5018
4969
4969
4954
4960
4978
4967
4954
5001
4951
5012
4995
4960
4963
4989
4974
4983
4986
4939
4940
4983
4947
4988
4989
5002
4977
5017
4959
4978
5009
4978
4933
5005
4985
4951
4948
4969
4948
4985
4997
4975
4956
4990
4986
4979
4986
5010
4970
4980
4970
5005
4998
4944
4970
5004
4980
5008
4973
4967
4956
4985
4960
4974
4962
4929
4923
4962
4962
4965
4969
4969
4983
5008
4990
4971
4975
4963
4986
4949
5003
4934
4962
4938
4999
4939
4978
4983
4967
4982
4944
4997
4997
4958
4957
4964
4973
4966
4953
4958
4960
4990
4963
4971
4967
4978
5010
4978
4985
4970
4968
5012
4978
4990
4996
4965
4935
4963
4942
4984
4981
4973
4937
4976
4948
4985
4969
4994
4988
4980
4963
4973
5001
4965
4936
4976
4993
4935
4976
4967
4953
4981
4955
4964
4978
4972
4967
4993
4971
4963
4936
4922
4941
4946
4964
4977
4965
4981
4946
4965
4969
4928
4942
4993
4976
4965
4931
4999
4979
4960
4994
4960
4961
4956
4956
4933
4966
4957
4992
4972
4937
4944
4966
4967
4992
4981
4964
5016
4986
5009
4994
5011
4952
4949
4981
4972
4990
4951
4994
4948
4987
4966
4963
4949
5015
4974
4979
4948
4965
4980
4982
5009
4956
4985
4991
4960
4979
4975
5018
4963
4983
5001
4996
5005
4994
4982
4981
4974
4982
4976
4956
5016
4983
4969
4977
4965
4983
4963
5002
4987
4979
4962
4963
4979
4967
4956
4933
4963
4958
4965
4974
4946
4962
5000
4992
4972
4946
4977
4956
4936
5008
4975
4977
5017
4933
4994
4989
4985
4962
4953
5006
4953
4983
4936
4982
4975
4981
4960
4959
4967
4950
4949
5007
4943
5007
4973
4978
4961
4974
4961
4992
4977
4993
4950
4991
4943
4970
5007
4977
5016
4969
4948
4957
4995
4970
4947
4975
4967
4970
4993
4988
4961
4993
4959
4960
4968
4954
4947
4947
4965
4978
4988
4964
4970
4957
4952
4979
4977
4949
4965
4945
4965
4994
4958
4973
4963
4969
4999
4952
4939
4975
4975
4987
4999
4975
4983
4998
4954
4991
4990
4976
4976
4972
4990
4950
4978
4967
4998
5008
4962
4930
4968
4983
4968
4967
5012
4992
4972
4942
4992
4997
5020
4975
4999
4987
4980
4937
4949
4971
4996
4976
4990
4974
4952
4949
4993
4973
4934
4942
4950
4983
4953
4961
4995
4947
4986
4980
4972
4996
4987
4966
4985
4972
4957
4950
4982
4984
4942
4946
4948
4953
4965
4975
4928
4940
4960
4944
4952
4955
4947
5007
4966
4981
4999
4937
4946
5006
4976
4951
4944
4924
4973
4941
5001
4963
4982
4979
4971
4960
4945
4962
4963
4975
4963
4929
4994
4975
4931
4969
4968
4959
4971
4993
4931
4952
4975
4961
4927
4965
4957
4943
4989
4927
4933
4973
4923
4950
4948
4948
4933
4984
4974
4991
4980
4975
4960
4962
4935
4988
4962
4971
4955
4969
4961
4960
4964
4966
4944
4981
4944
4965
4949
4955
4933
4961
4953
4947
4969
4950
4968
4993
4934
4928
4973
4992
4963
4976
4987
4965
4959
4953
4944
4945
4962
4953
4969
4950
4985
4960
4978
4997
4951
5003
4975
4959
4961
4964
4939
5002
4942
4960
4970
4996
4988
4978
4965
5002
4950
5004
4993
4979
4957
4964
4944
5006
4949
4940
4964
4996
4966
4928
4939
4978
4935
4952
4979
4951
4969
4969
4970
4992
4964
4939
4944
4954
4958
5009
4964
5007
4935
4936
4984
4975
4959
4963
4948
4988
4992
4968
4984
4933
4936
4958
4989
4995
4983
4993
4984
4944
4980
4977
4964
4960
4977
4937
4966
4980
4957
4986
4968
4953
4962
4986
4941
4958
4986
4933
4987
4947
4982
4955
5006
4977
4961
5006
4949
4969
4939
4938
4953
4987
4960
4955
4952
4932
4953
4978
4975
4943
4987
4956
5005
5004
4935
4980
4938
4940
4963
4984
4949
4920
4974
4978
5003
4982
4937
4944
4992
4969
4934
4984
4971
4947
4989
4928
4946
4939
4949
4985
4921
4954
4939
4951
4920
4934
4949
4990
4966
4997
4952
4947
4943
4940
4947
4984
4931
4936
4979
4999
4959
4944
4968
4956
4937
4967
4959
4931
4954
4948
4964
4962
4940
4947
4965
4964
4994
4936
4952
4938
4953
4995
4979
4968
4942
4924
4993
4982
5002
4996
4966
5007
4985
4983
4967
5007
4958
4947
4965
4984
4984
4963
4975
4995
4971
4957
4949
4958
4961
4987
4952
4925
4947
4989
4938
4970
4974
4947
4960
4980
4960
4959
4950
4962
4959
4941
4971
4936
4957
4964
5000
4978
4973
4972
4967
4960
4944
4997
4983
4995
4957
4961
4925
4974
4948
4982
4941
4926
4959
4977
5001
4959
4955
4939
4997
4986
4953
5001
4969
4938
4994
4943
4962
4953
4940
4940
4982
4980
4963
4917
4955
4967
4933
4958
4941
4965
4995
4956
4993
4993
4943
4955
4928
5005
4998
4955
4962
4938
4963
4962
4923
4973
4967
5001
4965
4925
4989
4967
4957
4940
4968
4971
4967
4964
4971
4955
4950
4944
4980
4964
4960
4962
4959
4967
4931
4947
4990
4942
4991
4939
4964
4988
4986
4968
4987
4974
4978
4968
4967
4972
4979
4946
4949
4948
4992
4979
4953
4956
4982
4996
4964
4961
4946
4930
4968
4928
4943
4954
4965
4944
5008
4922
4956
4984
4952
4947
4950
4987
4931
4974
4961
4945
4953
4967
5001
4929
4983
4950
4978
4950
4927
4953
4930
4963
4921
4990
4977
4959
4939
5004
4956
4926
4998
4930
4988
4928
4950
4936
4937
4967
4960
4992
4973
4989
4954
4982
4985
4962
4960
4926
4930
4945
4946
4958
4960
4979
4963
4960
4971
4974
4961
4970
4945
4961
4972
4990
4992
4968
4983
4931
4958
4991
4950
4984
4998
4938
4983
4980
4992
4971
4953
4968
4956
4960
4946
4974
4958
4985
4973
4932
4937
4924
4976
4952
4913
4974
4937
4975
4959
4923
4973
4914
4923
4971
4966
4953
4983
4964
4941
4983
4974
4935
4968
4962
4930
4984
4940
4936
4985
4948
4995
4937
4965
4943
4913
4949
4937
4938
4937
4960
4959
4949
4990
4943
4980
4936
4974
4948
4990
4978
4961
4978
4960
4913
4923
4988
4925
4940
4941
4965
4986
4985
4929
4943
4956
4922
4980
4973
4968
4969
4978
4944
4938
4931
4964
4924
4978
4984
4976
4944
4986
4963
4978
4927
4952
4952
4970
4954
4961
4939
4975
4971
4918
4972
4936
4930
4975
4972
4941
4947
4942
4950
4936
4924
4946
4970
4943
4931
4958
4928
4995
4948
4978
4937
4957
4973
4965
4975
4980
4937
4969
4926
4955
4956
4952
4956
4951
4945
4928
4947
4933
4965
4979
4973
4917
4943
4928
4916
4940
4923
4947
4949
4953
4924
4947
4935
4941
4953
4963
4924
4925
4972
4978
4923
4949
4929
4926
4955
4939
4949
4955
4944
4969
4977
4941
4965
4916
4923
4956
4963
4940
4963
4935
4950
4964
4978
4964
4956
4931
4975
4946
4944
4971
4928
4958
4967
4943
4937
4951
4923
4922
4947
4955
4980
4932
4921
4980
4931
4953
4987
4943
4991
4994
4934
4964
4947
4990
4955
4947
4981
4933
4974
4949
4978
4918
4940
4943
4964
4939
4970
4937
4958
4958
4965
4950
4969
4978
4939
4985
4928
4952
4994
4915
4948
4949
4960
4973
4945
4987
4952
4960
4947
4964
4951
4937
4965
4975
4982
4951
4933
4930
4960
4948
4983
4946
4959
4917
4973
4919
4951
4922
4919
4920
4964
4948
4989
4972
4967
4960
4953
4935
4979
4944
5004
4940
4972
4926
4976
4954
4950
4921
4957
4942
4946
4926
4937
4972
4985
4934
4940
4936
4948
4984
4983
4969
4958
4956
4973
4970
4973
4919
4952
4970
4953
4983
4946
4979
4973
4946
4983
4962
4955
4962
4988
4980
4971
4975
4954
4938
4976
4965
4948
4940
4945
4962
4934
4952
4926
4968
4979
4968
4919
4974
4963
4986
4945
4935
4945
4998
4969
4954
4955
4975
4956
4983
4977
4962
4979
4978
4924
4950
4996
4945
4965
4949
4937
4989
4934
4932
4927
4965
4950
4963
4986
4962
4945
4940
4926
4972
4964
4950
4986
5001
4940
4939
4976
4954
4991
4934
4952
4968
4964
4971
5004
4937
4964
4922
4966
4957
4959
4949
4921
4960
4959
4976
4936
4978
4965
4989
4961
4969
4958
4957
4959
4959
4989
4953
4994
4960
4955
4943
4995
4923
4946
4939
4929
4960
4949
4965
4925
4965
4944
4958
4979
4940
4960
4978
4954
4995
4971
4939
4964
4997
4938
4960
4950
4986
4966
4937
4930
4972
4957
4984
4952
4982
4937
4948
4974
4985
4920
4952
4947
4928
4934
4958
4932
4973
4934
4972
4962
4949
4917
4949
4945
4973
4987
4936
4925
4956
4968
4931
4952
4968
4957
4967
4977
4925
4931
4927
4975
4954
4934
4947
4963
4944
5001
4958
4926
4939
4966
4939
4937
4955
4958
4946
4944
4954
4953
4945
4995
4974
4941
4969
4950
4936
4953
5004
4971
4931
4952
4956
4960
4928
4946
4977
4969
4953
4973
4935
4955
4972
4981
4948
4940
4980
4958
4974
4936
4974
4953
4933
4963
4945
4970
4961
4976
4935
4964
4927
4923
4974
4957
4967
4975
4925
4977
4967
4966
4962
4933
4965
4948
4948
4940
4978
4966
4970
4981
4940
4952
4962
4976
4963
4947
4958
4949
4929
4932
4943
4938
4928
4916
4921
4963
4942
4951
4924
4964
4937
4964
4933
4932
4944
4972
4950
4971
4965
4958
4910
4944
4937
4978
4967
4959
4943
4942
4938
4949
4938
4947
4959
4957
4956
4970
4974
4926
4954
4970
4942
4924
4924
4968
4963
4986
4947
4936
4956
4927
4951
4975
4962
4911
4937
4974
4925
4946
4911
4989
4957
4973
4991
4981
4935
4964
4978
4966
4927
4964
4942
4954
4969
4958
4973
4976
4972
4939
4943
4963
4948
4929
4938
4921
4961
4969
4945
4927
5000
4954
4976
4913
4937
4962
4957
4974
4978
4985
4950
4925
4988
4954
4960
4954
4948
4927
4933
4951
4971
4938
4970
4934
4950
4941
4931
4952
5002
4948
4926
4971
4932
4932
4963
4918
4919
4956
4921
4943
4924
4948
4969
4950
4946
4974
4957
4974
4980
4955
4952
4960
4941
4970
4945
4959
4941
4989
4956
4951
4951
4987
4963
4941
4963
4942
4930
4932
4952
4912
4960
4978
4915
4933
4952
4968
4988
4928
4952
4955
4957
4953
4961
4942
4964
4964
4961
4955
4949
4943
4926
4948
4973
4961
4949
4983
4931
4961
4967
4951
4959
4919
4959
4948
4953
4935
4995
4972
4926
4974
4941
4971
4952
4961
4933
4963
4924
4952
4946
4980
4965
4985
4923
4942
4954
4943
4947
4993
4935
4953
4948
4965
4933
4929
4932
4957
4976
4954
4968
4926
4970
4970
4947
4976
4979
4943
4950
4982
4957
4960
4951
4982
4933
4949
4988
4925
4981
4966
4963
4981
4937
4944
4949
4979
4980
4929
4993
4985
4957
4930
4979
4923
4946
4989
4970
4939
4977
4947
4992
4989
4966
4957
4970
4952
4979
4929
4940
4933
4952
4956
4957
4953
4970
4929
4953
4927
4962
4982
4942
4954
4949
4951
4986
4988
4950
4991
4960
4981
4976
4938
4968
4995
4958
5006
4936
4971
4978
4979
4991
4958
5003
4950
4979
4985
4929
4981
4939
4956
4983
4971
4965
4937
4946
5012
4941
4989
5004
4962
4986
4967
4943
4938
4998
4957
4937
4960
4962
4976
5013
4958
4992
4976
4959
5002
4964
4975
4962
4929
4941
4952
4982
4999
4968
4970
4953
4954
4949
4947
4984
4958
4963
4981
4976
4949
4956
4953
4956
5002
4965
4973
4967
4957
4970
4992
4956
4988
4998
4977
4942
4930
4953
4981
4963
4953
4955
4932
4984
4965
4975
4983
4944
4964
4947
4957
4971
4923
4957
4941
4970
4979
4966
4948
4942
4970
4967
4958
4964
5003
4926
4959
4951
4973
4931
4957
4922
4970
4992
4934
4969
4953
4960
4966
5002
4989
4995
5001
4961
4999
4982
4967
4966
4944
4971
4965
4976
4942
4950
4958
4960
4971
4960
4972
4939
4965
4947
4959
4970
4995
4942
4950
4948
4957
4968
4915
4991
4924
4941
4937
4944
4973
5003
4996
4935
4959
4976
4975
4964
4958
4956
4946
4965
4950
4984
4976
4982
4950
4986
4942
4961
4977
4945
4981
4960
4990
4952
4975
4932
4943
4979
4954
4980
4994
4939
4961
4963
4941
4964
4955
4943
4962
4976
4955
4967
4943
4959
4955
4974
4978
4934
4967
4926
4961
4975
4931
5001
4994
4986
4969
4935
4927
4970
4971
4946
4955
4954
4981
4948
4932
4944
4946
4957
4986
4977
5007
4953
4971
4928
5004
4973
4941
4974
4962
4950
4936
4955
4971
4962
4942
4968
4965
4965
4940
4953
4954
4940
4954
4945
4958
4974
4999
4963
4956
4987
4967
4975
4972
4951
4970
4928
4968
4966
4973
4950
4960
4957
4960
4970
4993
4954
4965
4987
5000
4977
4935
4960
4974
4975
4967
4978
4962
4991
5004
4971
4971
4962
4933
4979
4996
4963
4962
4999
4944
4972
5000
4942
5000
4973
4974
4955
4969
4984
4952
4941
4943
4998
4957
4989
4978
4929
4968
4955
4949
4955
5000
4954
5006
4975
4953
4954
4964
4973
4996
4962
4924
4996
4962
4936
4932
5013
4983
4932
4948
4955
5013
4935
4940
4968
4948
4949
4929
4999
4951
4995
4983
5003
4966
4966
4929
4995
4951
4966
4960
4946
4977
4998
4987
4968
4957
5005
4977
4944
4944
4984
4955
4963
4991
5004
4980
4966
4963
4983
4959
4990
4993
4935
4939
4984
4958
4965
4931
4983
4995
4938
4962
4957
4988
4951
4973
4997
5013
5006
4948
5010
5011
4999
4972
4961
4990
5002
4976
4998
4973
4967
4993
4974
4956
4971
4987
4954
4993
4990
4982
4966
4970
4989
4956
4977
4980
4999
4984
4946
5005
5002
4957
4991
4986
5002
4946
4957
4981
4997
4965
4974
4956
4976
4976
5010
4975
5010
4975
4959
4981
4980
4984
4985
4975
4960
4952
4959
4971
4949
4948
4975
4961
5009
4976
4989
4999
4975
4986
4985
5012
4956
4967
4994
4975
4962
4963
4972
4972
4986
4984
4967
4983
4991
4967
4965
4981
4981
4980
4958
5011
4956
4997
4978
4952
4954
4944
4961
4994
5004
5015
5001
4983
4973
4987
5024
4984
4958
4970
4983
4979
4953
4994
4987
4937
5004
4983
5006
4992
4959
5029
4979
4970
4976
4987
5009
5009
5011
4975
4998
4979
4984
4964
5021
5021
4977
4966
4959
4976
5010
4989
4984
5035
5019
4998
4957
5020
5011
4970
4962
4960
4959
5005
4997
4978
5021
5029
5000
4974
5025
5008
4997
5000
4980
4983
4986
4995
5000
5033
5017
4979
4988
4992
4958
4992
5005
5010
4984
4986
4997
4985
4979
4986
5013
5007
5019
4965
4976
5029
5013
4991
4994
4953
5004
4982
4997
4971
4986
4982
4978
5029
4986
4985
5010
4956
5001
5005
4985
4948
4986
4990
4984
4981
4964
4950
4990
4966
4976
5001
4964
4982
4983
4995
4986
4985
5007
4991
4965
4999
5008
4987
5002
4941
5014
4960
4995
4978
4946
4997
4989
4987
4983
4984
5005
4962
5027
4977
5013
4989
5027
4955
5003
4969
4978
4996
5003
4961
4979
4946
4984
4964
4970
4997
5031
4979
5011
4961
4956
4977
4946
4967
4992
4967
4972
5002
4987
4993
4986
4993
4979
4985
4996
5021
4997
4984
4958
4983
5031
4992
4987
4987
4987
4995
4967
4992
4970
4979
4980
4969
4986
4989
4958
5027
5034
4967
4999
4988
5008
5024
4973
4997
5006
5001
4991
4997
5009
5016
4982
4991
4992
4975
4979
4966
5018
4970
4994
4973
4969
4990
5003
4970
4987
4977
5034
4983
4973
4985
4989
4981
5038
4982
4981
4998
4976
5028
5039
5028
4957
4991
4987
5001
5009
4962
4952
5019
5028
4962
4992
4987
5039
5026
4986
4970
4993
4995
4982
5006
5039
4979
5014
5006
4976
4977
4999
5021
4998
5014
4984
5001
4995
4997
4957
4990
4991
4984
4957
5012
5027
5009
5023
4985
4974
4999
5038
5004
5009
4997
4968
4986
4971
4976
4983
4990
4988
5010
4988
4968
4997
5004
4981
4958
4982
4976
4988
5003
4974
5022
5037
5022
5006
5031
5007
4971
4976
5031
4988
4976
4985
5012
5018
4981
5035
4994
4996
4969
4988
4958
4961
4995
5009
5033
4967
4979
4997
5037
4974
5004
5015
4986
5001
4955
5022
4971
5025
5007
4982
4977
4985
5029
5020
4974
5012
4998
5033
5014
4996
5003
5005
4983
5007
4996
4986
4963
5014
4998
5028
5012
4966
5004
4995
4993
4996
4988
4983
4981
4999
4960
5021
5006
5003
4996
5005
5026
5011
4987
4994
4998
4956
4991
4988
4989
5018
5018
4998
5001
5006
5046
5032
5003
4992
4986
4964
5013
5025
5015
5023
5005
5007
5011
4974
4976
5000
5005
5022
5003
5034
5009
5004
4999
5015
5017
4981
4985
5011
4998
4999
4987
4981
5009
4975
4995
4984
5021
4972
4981
4992
5017
5015
4993
4957
5016
4987
5031
4980
5024
4975
4995
5001
4997
5016
4994
5003
5028
4986
5018
5009
5017
5012
4994
5005
5022
5002
5003
5038
5021
5011
4983
4980
5012
4985
4988
5041
4999
5030
4965
5013
5014
5005
4979
4984
5031
5014
4981
4980
5011
4990
5016
5048
5031
5037
4995
5016
5007
4965
4998
4986
5015
5030
5005
4995
5005
5045
4997
5004
4986
4996
4979
5015
5013
5011
4994
5015
5023
4995
5017
5005
5011
5011
5014
4990
5023
4990
5030
4996
4985
5026
5004
5003
5002
5007
5034
5002
4996
5000
4990
4969
5052
4993
5016
5009
5011
5004
5038
5013
5001
5022
5013
5003
4977
5036
5022
4980
4984
4977
5004
4979
4964
5056
5000
4994
5033
5051
5010
4990
5022
5007
5002
5016
5012
5052
5007
5037
4997
5021
4978
5002
5025
5031
4993
5010
5015
4995
5021
4985
4998
4981
5027
5033
5015
5042
5043
5021
5003
4994
5001
4994
4980
5004
5021
5021
5022
5010
5041
5027
5000
4981
4979
4973
4992
4990
5000
4969
5045
4997
4997
5045
5016
5047
4991
5034
5014
5010
5001
5005
4965
5024
5019
5028
5026
4973
5013
5001
5048
5044
5004
4959
5005
4999
5011
5010
4999
5009
4968
5029
4970
4970
5006
5009
5034
4979
4996
4998
4983
4995
5010
5020
4995
4981
4984
4974
5021
5001
5030
5008
5037
4980
5044
5029
4991
5044
5013
4996
5019
5017
4995
5036
4983
4997
5028
4989
5031
5021
4989
4997
5004
4997
5009
4992
5024
5008
5001
4972
5000
5034
4977
4992
5001
4971
5010
5004
5053
5009
4983
5014
4981
5033
4972
5007
4997
4993
5023
4995
5001
4994
5001
5013
5001
5015
5000
4996
5019
5011
5025
4971
5037
4969
5001
5033
5000
4988
5009
4977
4996
5041
4993
5010
5030
5012
4992
5001
5025
4974
5008
5040
5001
4973
4976
5038
5009
4994
4975
5006
4997
5020
5008
5038
5013
4981
5034
4997
5004
5015
4978
5018
5005
5029
4964
4996
5030
4979
5021
5010
5023
4991
5003
5001
4999
4989
5018
4982
4996
5002
4958
4971
4984
5043
4994
5012
5017
4973
5034
4991
5044
5030
4995
4981
4983
5001
4976
5038
5042
5013
4995
5021
4998
5026
4990
4992
5022
4989
5014
5000
4977
4997
4986
5007
5020
5008
5024
5018
4992
4979
5001
5045
4959
4988
5025
5009
5016
4983
4979
5028
5003
5030
5027
5005
4998
5005
4977
5016
5014
5030
4990
5016
4990
4994
5004
4998
5033
5005
5001
5015
5034
4992
4968
5028
5016
5008
4999
5018
5014
4996
5032
4981
4994
4976
5004
5007
5035
5018
4992
4972
5000
4975
4971
4993
5020
5007
4980
5007
4995
4992
4997
5001
4997
4976
5002
4985
4978
4955
4998
4980
5017
4967
5004
4954
4963
4988
4985
5005
5020
4953
4963
4977
4973
4994
4999
4993
4988
5009
5040
4965
5014
4975
5013
5004
5027
4991
5022
5009
5028
4972
4961
4998
4956
5004
4981
4994
5027
4974
4963
4991
5006
4992
4963
4998
4998
4992
5002
4985
5043
4976
5008
4996
4991
4965
5013
5006
4982
4976
4968
5003
5009
4966
4955
5010
4977
4995
5029
5012
5038
5018
5046
5006
5045
5003
4990
4994
5012
5025
5020
4970
4989
5012
5008
4980
5011
5039
5004
4965
5005
4997
4975
5019
4981
4988
5042
4981
5032
4987
5026
5004
4989
4969
4999
4995
4972
5004
4986
5000
5004
5024
4993
4984
4989
4975
5013
5013
5008
5001
4996
5033
4995
4996
4987
5013
4989
5016
5026
4993
5014
4994
4965
4998
4975
5013
4967
5024
4976
5002
4952
5020
4979
4987
4977
5014
4992
4980
5017
4995
4989
5023
4986
5010
5004
4991
4986
5004
5002
4970
4983
4987
4993
4963
4959
5007
5013
5007
4989
5018
4993
4978
4996
4979
5023
4994
4976
5032
5016
5000
5023
5006
5018
5011
4949
5035
5012
5014
4998
4973
5025
4977
4996
4973
4988
5035
4986
4987
4964
5002
4988
4996
5005
4979
4981
5012
4991
4957
5014
5012
4974
5008
4984
4992
4975
4966
5024
5033
5004
4991
4991
4991
4987
4983
5018
5004
4994
5033
4971
4971
4975
4975
5019
4960
5004
4958
5010
4990
4980
4973
4956
4998
4988
4987
5020
4955
5007
4968
4994
5022
5000
4957
4965
4988
4962
4977
5007
4981
4978
5015
4969
4989
4970
5001
4956
5015
5029
4991
4963
4973
5011
4966
5018
4972
4985
4999
4975
4972
4997
4965
4972
4963
5002
5032
4972
5021
4973
4984
4973
4992
4986
4976
5013
5016
4975
4990
4970
4992
4977
4994
4978
4983
5005
5004
4960
4985
5000
5001
4976
4961
4968
5006
4958
5011
4972
4996
4999
5004
5011
4982
5028
5006
5003
5000
5021
4954
4957
4996
5010
5007
4996
5006
5018
5011
5024
4959
4960
5004
5000
4993
5005
4989
4983
4949
4989
4994
5007
5002
5023
5020
5024
4991
5020
4991
5002
5000
4993
5015
5034
4994
4984
5016
5041
5003
5028
5005
4965
4970
5022
5040
4991
4974
4997
5015
4993
5005
5037
4993
4986
4959
4967
4998
5003
4973
5025
5033
4980
4992
5032
4991
4967
4974
4997
5004
5003
5001
5003
5005
5013
5034
4972
5006
5005
4974
4996
5034
5024
5002
5001
4995
4995
4965
4997
5002
5011
4999
4994
4990
5036
4972
4986
4995
5009
4995
5039
4992
4962
4968
4995
4982
5015
4989
4982
5005
5010
5012
5001
5005
4964
5003
5001
4979
4998
4979
5011
4987
4996
4970
4990
4995
4965
5024
4997
5020
5002
5016
4982
4999
4986
5019
5016
5005
5002
5040
5011
4995
4970
5026
5005
4992
5014
5031
5029
5014
5017
5001
4998
4989
5010
4973
5003
5003
5008
4964
5008
5011
4962
4985
5008
4998
5026
4985
4996
4986
4995
4998
5001
4992
5004
4960
4991
4994
4990
5002
4955
4972
4961
4977
4978
4976
4977
4975
5002
4981
4982
4957
5007
5020
5034
4997
4999
4998
4966
4971
4997
4984
4975
4993
5019
5025
4998
5007
5042
5028
4976
4992
5024
4978
5000
5020
4996
5017
5024
4992
4999
4982
5001
4973
5029
4994
4990
5020
4981
5036
4953
5009
5014
5007
4972
4989
5032
4990
4995
4982
4965
4989
4953
4983
5010
5033
5008
4963
4963
5006
5003
4962
5013
4952
4968
4999
4966
4986
4942
4960
4978
5005
4997
4969
4994
5019
4987
5006
4961
4992
4984
4967
4977
4985
4988
4954
4950
4951
4991
4980
5003
5026
5001
4956
4955
5014
4976
4959
4959
4966
5004
4993
4972
4985
4997
4951
4950
5010
5022
4986
4988
4989
5005
5006
4956
4994
4968
5015
5012
4969
4970
4989
4987
4993
4983
5014
4994
4995
4987
4991
5009
5006
4991
5020
5000
4987
4977
4955
4997
5006
4965
4965
4997
4972
4982
4974
4971
5011
4968
4959
5011
4982
4954
5015
4973
5001
4978
4958
4991
4953
5017
4980
4945
4996
4969
4997
4975
4950
5022
4978
4991
4973
5013
5005
4952
4961
4990
4952
4997
4969
4982
4993
4994
4981
4952
5004
4980
5001
4967
4986
4967
4992
5016
4963
5004
4973
5010
4996
5006
4962
5024
5024
4999
4982
4998
5009
4986
4983
4986
4999
4957
4956
4987
4995
4957
5008
5011
4973
4993
4969
4967
4996
5001
4937
4963
4968
5029
5026
4996
5013
4978
4972
4994
4982
4997
4977
4974
4946
4966
4988
4979
4981
4974
4988
4965
4940
5002
4981
4960
4988
4965
4953
4960
4961
4965
4980
4969
4973
4985
4944
4974
5003
4975
4978
4998
4969
4942
4987
4958
4985
5001
4966
4972
4964
4972
4979
4990
4969
4940
4969
5011
4972
4965
4972
4987
4991
4983
4970
4971
4950
4987
4975
4981
4951
4975
4952
5016
4985
5022
4967
4980
4990
4939
4952
4999
4952
4988
4961
4967
4974
4936
4968
5003
5001
4974
4984
4939
4991
5010
4940
4976
4953
4959
4969
4981
4989
4987
4997
4990
5009
4976
4980
4991
5004
4984
4950
4942
5024
4967
4962
4987
4971
4983
4960
4975
4978
4960
5007
5005
4976
4947
4994
4955
4975
4988
4976
4958
4995
4950
4973
4977
4963
4954
4974
4966
4970
4990
4993
4974
4968
4970
4973
5000
4993
4959
4984
4970
5013
5028
4947
5000
4981
4966
5011
5012
4984
5000
4977
4990
4949
5002
4971
4980
4980
4999
4991
4985
4980
4991
4962
4975
5001
4984
4991
4973
4999
4985
4995
4983
4981
5009
5026
4967
4969
5028
4954
5012
4977
4971
4968
5002
5012
5011
4987
4955
4994
4990
4972
4994
4987
4995
4975
5004
5009
4982
4979
4974
5023
5003
5001
4954
4994
4979
4946
5007
4993
4966
5012
5007
5033
4964
4996
4974
5018
4999
5011
4965
4997
4993
4969
4954
4949
5005
5023
4989
5001
4974
4992
4983
4946
4991
4960
5006
5023
4961
5005
4997
4988
4972
4988
4981
4966
5002
4977
4955
4962
4965
4970
5006
4966
5009
5002
4975
4954
4968
4991
4994
5009
4985
4984
4975
5001
5016
4981
4979
4984
4966
4976
4990
4984
4971
4967
5000
4959
5011
4972
4996
4989
4966
4975
4974
4976
4957
4997
4969
4989
4999
5001
4962
4981
5016
5005
4987
4969
4991
5005
4955
4971
4981
4975
5015
4953
5006
4985
4950
4962
4957
4993
4982
4951
4992
4975
4962
5005
4975
5001
4961
4961
4955
4955
4988
4982
4983
4984
5018
4987
4988
4991
4957
4997
4980
4978
4981
4988
4993
4981
