100
100 4 2 77 61 5 74 48 23 34 9 22 28 29 68 21 50 24 7 67 3 86 1 32 12 65 41 52 83 97 6 81 18 10 53 94 96 55 72 98 100 30 42 33 54 8 49 70 39 45 80 75 43 78 51 14 93 76 88 40 31 47 25 17 84 44 62 13 35 82 91 71 69 87 89 19 85 20 60 37 99 26 16 59 66 57 92 95 79 58 36 38 27 64 90 56 11 15 46 63 73
99 4 2 77 61 5 74 48 23 34 9 22 28 29 68 21 50 24 7 67 3 86 1 32 12 65 41 52 83 97 6 81 18 10 53 94 96 55 72 98 100 30 42 33 54 8 49 70 39 45 80 75 43 78 51 14 93 76 88 40 31 47 25 17 84 44 62 13 35 82 91 71 69 87 89 19 85 20 60 37 99 26 16 59 66 57 92 95 79 58 36 38 27 64 90 56 11 15 46 63
99 4 2 77 61 5 74 48 23 34 9 22 28 29 68 21 50 24 7 67 3 86 1 32 12 65 41 52 83 97 6 81 18 10 53 94 96 55 72 98 100 30 42 33 54 8 49 70 39 45 80 75 43 78 51 14 93 76 88 40 31 47 25 17 84 44 62 13 35 82 91 71 69 87 89 19 85 20 60 37 99 26 16 59 66 57 92 95 79 58 36 38 27 64 90 56 11 15 46 63
98 4 2 77 61 5 74 48 23 34 9 22 28 29 68 21 50 24 7 67 3 86 1 32 12 65 41 52 83 97 6 81 18 10 53 94 96 55 72 98 100 30 42 33 54 8 49 70 39 45 80 75 43 78 51 14 93 76 88 40 31 47 25 17 84 44 62 13 35 82 91 71 69 87 89 19 85 20 60 37 99 26 16 59 66 57 92 95 79 58 36 38 27 64 90 56 11 15 46
99 4 2 77 61 5 74 48 23 34 9 22 28 29 68 21 50 24 7 67 3 86 1 32 12 65 41 52 83 97 6 81 18 10 53 94 96 55 72 98 100 30 42 33 54 8 49 70 39 45 80 75 43 78 51 14 93 76 88 40 31 47 25 17 84 44 62 13 35 82 91 71 69 87 89 19 85 20 60 37 99 26 16 59 66 57 92 95 79 58 36 38 27 64 90 56 11 15 46 63
99 4 2 77 61 5 74 48 23 34 9 22 28 29 68 21 50 24 7 67 3 86 1 32 12 65 41 52 83 97 6 81 18 10 53 94 96 55 72 98 100 30 42 33 54 8 49 70 39 45 80 75 43 78 51 14 93 76 88 40 31 47 25 17 84 44 62 13 35 82 91 71 69 87 89 19 85 20 60 37 99 26 16 59 66 57 92 95 79 58 36 38 27 64 90 56 11 15 46 63
94 4 2 77 61 5 74 48 23 34 9 22 28 29 68 21 50 24 7 67 3 86 1 32 12 65 41 52 83 97 6 81 18 10 53 94 96 55 72 98 100 30 42 33 54 8 49 70 39 45 80 75 43 78 51 14 93 76 88 40 31 47 25 17 84 44 62 13 35 82 91 71 69 87 89 19 85 20 60 37 99 26 16 59 66 57 92 95 79 58 36 38 27 64 90
93 4 2 77 61 5 74 48 23 34 9 22 28 29 68 21 50 24 7 67 3 86 1 32 12 65 41 52 83 97 6 81 18 10 53 94 96 55 72 98 100 30 42 33 54 8 49 70 39 45 80 75 43 78 51 14 93 76 88 40 31 47 25 17 84 44 62 13 35 82 91 71 69 87 89 19 85 20 60 37 99 26 16 59 66 57 92 95 79 58 36 38 27 64
100 4 2 77 61 5 74 48 23 34 9 22 28 29 68 21 50 24 7 67 3 86 1 32 12 65 41 52 83 97 6 81 18 10 53 94 96 55 72 98 100 30 42 33 54 8 49 70 39 45 80 75 43 78 51 14 93 76 88 40 31 47 25 17 84 44 62 13 35 82 91 71 69 87 89 19 85 20 60 37 99 26 16 59 66 57 92 95 79 58 36 38 27 64 90 56 11 15 46 63 73
95 4 2 77 61 5 74 48 23 34 9 22 28 29 68 21 50 24 7 67 3 86 1 32 12 65 41 52 83 97 6 81 18 10 53 94 96 55 72 98 100 30 42 33 54 8 49 70 39 45 80 75 43 78 51 14 93 76 88 40 31 47 25 17 84 44 62 13 35 82 91 71 69 87 89 19 85 20 60 37 99 26 16 59 66 57 92 95 79 58 36 38 27 64 90 56
99 4 2 77 61 5 74 48 23 34 9 22 28 29 68 21 50 24 7 67 3 86 1 32 12 65 41 52 83 97 6 81 18 10 53 94 96 55 72 98 100 30 42 33 54 8 49 70 39 45 80 75 43 78 51 14 93 76 88 40 31 47 25 17 84 44 62 13 35 82 91 71 69 87 89 19 85 20 60 37 99 26 16 59 66 57 92 95 79 58 36 38 27 64 90 56 11 15 46 63
92 4 2 77 61 5 74 48 23 34 9 22 28 29 68 21 50 24 7 67 3 86 1 32 12 65 41 52 83 97 6 81 18 10 53 94 96 55 72 98 100 30 42 33 54 8 49 70 39 45 80 75 43 78 51 14 93 76 88 40 31 47 25 17 84 44 62 13 35 82 91 71 69 87 89 19 85 20 60 37 99 26 16 59 66 57 92 95 79 58 36 38 27
93 4 2 77 61 5 74 48 23 34 9 22 28 29 68 21 50 24 7 67 3 86 1 32 12 65 41 52 83 97 6 81 18 10 53 94 96 55 72 98 100 30 42 33 54 8 49 70 39 45 80 75 43 78 51 14 93 76 88 40 31 47 25 17 84 44 62 13 35 82 91 71 69 87 89 19 85 20 60 37 99 26 16 59 66 57 92 95 79 58 36 38 27 64
94 4 2 77 61 5 74 48 23 34 9 22 28 29 68 21 50 24 7 67 3 86 1 32 12 65 41 52 83 97 6 81 18 10 53 94 96 55 72 98 100 30 42 33 54 8 49 70 39 45 80 75 43 78 51 14 93 76 88 40 31 47 25 17 84 44 62 13 35 82 91 71 69 87 89 19 85 20 60 37 99 26 16 59 66 57 92 95 79 58 36 38 27 64 90
87 4 2 77 61 5 74 48 23 34 9 22 28 29 68 21 50 24 7 67 3 86 1 32 12 65 41 52 83 97 6 81 18 10 53 94 96 55 72 98 100 30 42 33 54 8 49 70 39 45 80 75 43 78 51 14 93 76 88 40 31 47 25 17 84 44 62 13 35 82 91 71 69 87 89 19 85 20 60 37 99 26 16 59 66 57 92 95
89 4 2 77 61 5 74 48 23 34 9 22 28 29 68 21 50 24 7 67 3 86 1 32 12 65 41 52 83 97 6 81 18 10 53 94 96 55 72 98 100 30 42 33 54 8 49 70 39 45 80 75 43 78 51 14 93 76 88 40 31 47 25 17 84 44 62 13 35 82 91 71 69 87 89 19 85 20 60 37 99 26 16 59 66 57 92 95 79 58
85 4 2 77 61 5 74 48 23 34 9 22 28 29 68 21 50 24 7 67 3 86 1 32 12 65 41 52 83 97 6 81 18 10 53 94 96 55 72 98 100 30 42 33 54 8 49 70 39 45 80 75 43 78 51 14 93 76 88 40 31 47 25 17 84 44 62 13 35 82 91 71 69 87 89 19 85 20 60 37 99 26 16 59 66 57
95 4 2 77 61 5 74 48 23 34 9 22 28 29 68 21 50 24 7 67 3 86 1 32 12 65 41 52 83 97 6 81 18 10 53 94 96 55 72 98 100 30 42 33 54 8 49 70 39 45 80 75 43 78 51 14 93 76 88 40 31 47 25 17 84 44 62 13 35 82 91 71 69 87 89 19 85 20 60 37 99 26 16 59 66 57 92 95 79 58 36 38 27 64 90 56
88 4 2 77 61 5 74 48 23 34 9 22 28 29 68 21 50 24 7 67 3 86 1 32 12 65 41 52 83 97 6 81 18 10 53 94 96 55 72 98 100 30 42 33 54 8 49 70 39 45 80 75 43 78 51 14 93 76 88 40 31 47 25 17 84 44 62 13 35 82 91 71 69 87 89 19 85 20 60 37 99 26 16 59 66 57 92 95 79
95 4 2 77 61 5 74 48 23 34 9 22 28 29 68 21 50 24 7 67 3 86 1 32 12 65 41 52 83 97 6 81 18 10 53 94 96 55 72 98 100 30 42 33 54 8 49 70 39 45 80 75 43 78 51 14 93 76 88 40 31 47 25 17 84 44 62 13 35 82 91 71 69 87 89 19 85 20 60 37 99 26 16 59 66 57 92 95 79 58 36 38 27 64 90 56
91 4 2 77 61 5 74 48 23 34 9 22 28 29 68 21 50 24 7 67 3 86 1 32 12 65 41 52 83 97 6 81 18 10 53 94 96 55 72 98 100 30 42 33 54 8 49 70 39 45 80 75 43 78 51 14 93 76 88 40 31 47 25 17 84 44 62 13 35 82 91 71 69 87 89 19 85 20 60 37 99 26 16 59 66 57 92 95 79 58 36 38
86 4 2 77 61 5 74 48 23 34 9 22 28 29 68 21 50 24 7 67 3 86 1 32 12 65 41 52 83 97 6 81 18 10 53 94 96 55 72 98 100 30 42 33 54 8 49 70 39 45 80 75 43 78 51 14 93 76 88 40 31 47 25 17 84 44 62 13 35 82 91 71 69 87 89 19 85 20 60 37 99 26 16 59 66 57 92
80 4 2 77 61 5 74 48 23 34 9 22 28 29 68 21 50 24 7 67 3 86 1 32 12 65 41 52 83 97 6 81 18 10 53 94 96 55 72 98 100 30 42 33 54 8 49 70 39 45 80 75 43 78 51 14 93 76 88 40 31 47 25 17 84 44 62 13 35 82 91 71 69 87 89 19 85 20 60 37 99
80 4 2 77 61 5 74 48 23 34 9 22 28 29 68 21 50 24 7 67 3 86 1 32 12 65 41 52 83 97 6 81 18 10 53 94 96 55 72 98 100 30 42 33 54 8 49 70 39 45 80 75 43 78 51 14 93 76 88 40 31 47 25 17 84 44 62 13 35 82 91 71 69 87 89 19 85 20 60 37 99
84 4 2 77 61 5 74 48 23 34 9 22 28 29 68 21 50 24 7 67 3 86 1 32 12 65 41 52 83 97 6 81 18 10 53 94 96 55 72 98 100 30 42 33 54 8 49 70 39 45 80 75 43 78 51 14 93 76 88 40 31 47 25 17 84 44 62 13 35 82 91 71 69 87 89 19 85 20 60 37 99 26 16 59 66
77 4 2 77 61 5 74 48 23 34 9 22 28 29 68 21 50 24 7 67 3 86 1 32 12 65 41 52 83 97 6 81 18 10 53 94 96 55 72 98 100 30 42 33 54 8 49 70 39 45 80 75 43 78 51 14 93 76 88 40 31 47 25 17 84 44 62 13 35 82 91 71 69 87 89 19 85 20
88 4 2 77 61 5 74 48 23 34 9 22 28 29 68 21 50 24 7 67 3 86 1 32 12 65 41 52 83 97 6 81 18 10 53 94 96 55 72 98 100 30 42 33 54 8 49 70 39 45 80 75 43 78 51 14 93 76 88 40 31 47 25 17 84 44 62 13 35 82 91 71 69 87 89 19 85 20 60 37 99 26 16 59 66 57 92 95 79
78 4 2 77 61 5 74 48 23 34 9 22 28 29 68 21 50 24 7 67 3 86 1 32 12 65 41 52 83 97 6 81 18 10 53 94 96 55 72 98 100 30 42 33 54 8 49 70 39 45 80 75 43 78 51 14 93 76 88 40 31 47 25 17 84 44 62 13 35 82 91 71 69 87 89 19 85 20 60
100 4 2 77 61 5 74 48 23 34 9 22 28 29 68 21 50 24 7 67 3 86 1 32 12 65 41 52 83 97 6 81 18 10 53 94 96 55 72 98 100 30 42 33 54 8 49 70 39 45 80 75 43 78 51 14 93 76 88 40 31 47 25 17 84 44 62 13 35 82 91 71 69 87 89 19 85 20 60 37 99 26 16 59 66 57 92 95 79 58 36 38 27 64 90 56 11 15 46 63 73
88 4 2 77 61 5 74 48 23 34 9 22 28 29 68 21 50 24 7 67 3 86 1 32 12 65 41 52 83 97 6 81 18 10 53 94 96 55 72 98 100 30 42 33 54 8 49 70 39 45 80 75 43 78 51 14 93 76 88 40 31 47 25 17 84 44 62 13 35 82 91 71 69 87 89 19 85 20 60 37 99 26 16 59 66 57 92 95 79
86 4 2 77 61 5 74 48 23 34 9 22 28 29 68 21 50 24 7 67 3 86 1 32 12 65 41 52 83 97 6 81 18 10 53 94 96 55 72 98 100 30 42 33 54 8 49 70 39 45 80 75 43 78 51 14 93 76 88 40 31 47 25 17 84 44 62 13 35 82 91 71 69 87 89 19 85 20 60 37 99 26 16 59 66 57 92
71 4 2 77 61 5 74 48 23 34 9 22 28 29 68 21 50 24 7 67 3 86 1 32 12 65 41 52 83 97 6 81 18 10 53 94 96 55 72 98 100 30 42 33 54 8 49 70 39 45 80 75 43 78 51 14 93 76 88 40 31 47 25 17 84 44 62 13 35 82 91 71
99 4 2 77 61 5 74 48 23 34 9 22 28 29 68 21 50 24 7 67 3 86 1 32 12 65 41 52 83 97 6 81 18 10 53 94 96 55 72 98 100 30 42 33 54 8 49 70 39 45 80 75 43 78 51 14 93 76 88 40 31 47 25 17 84 44 62 13 35 82 91 71 69 87 89 19 85 20 60 37 99 26 16 59 66 57 92 95 79 58 36 38 27 64 90 56 11 15 46 63
82 4 2 77 61 5 74 48 23 34 9 22 28 29 68 21 50 24 7 67 3 86 1 32 12 65 41 52 83 97 6 81 18 10 53 94 96 55 72 98 100 30 42 33 54 8 49 70 39 45 80 75 43 78 51 14 93 76 88 40 31 47 25 17 84 44 62 13 35 82 91 71 69 87 89 19 85 20 60 37 99 26 16
82 4 2 77 61 5 74 48 23 34 9 22 28 29 68 21 50 24 7 67 3 86 1 32 12 65 41 52 83 97 6 81 18 10 53 94 96 55 72 98 100 30 42 33 54 8 49 70 39 45 80 75 43 78 51 14 93 76 88 40 31 47 25 17 84 44 62 13 35 82 91 71 69 87 89 19 85 20 60 37 99 26 16
97 4 2 77 61 5 74 48 23 34 9 22 28 29 68 21 50 24 7 67 3 86 1 32 12 65 41 52 83 97 6 81 18 10 53 94 96 55 72 98 100 30 42 33 54 8 49 70 39 45 80 75 43 78 51 14 93 76 88 40 31 47 25 17 84 44 62 13 35 82 91 71 69 87 89 19 85 20 60 37 99 26 16 59 66 57 92 95 79 58 36 38 27 64 90 56 11 15
95 4 2 77 61 5 74 48 23 34 9 22 28 29 68 21 50 24 7 67 3 86 1 32 12 65 41 52 83 97 6 81 18 10 53 94 96 55 72 98 100 30 42 33 54 8 49 70 39 45 80 75 43 78 51 14 93 76 88 40 31 47 25 17 84 44 62 13 35 82 91 71 69 87 89 19 85 20 60 37 99 26 16 59 66 57 92 95 79 58 36 38 27 64 90 56
65 4 2 77 61 5 74 48 23 34 9 22 28 29 68 21 50 24 7 67 3 86 1 32 12 65 41 52 83 97 6 81 18 10 53 94 96 55 72 98 100 30 42 33 54 8 49 70 39 45 80 75 43 78 51 14 93 76 88 40 31 47 25 17 84 44
93 4 2 77 61 5 74 48 23 34 9 22 28 29 68 21 50 24 7 67 3 86 1 32 12 65 41 52 83 97 6 81 18 10 53 94 96 55 72 98 100 30 42 33 54 8 49 70 39 45 80 75 43 78 51 14 93 76 88 40 31 47 25 17 84 44 62 13 35 82 91 71 69 87 89 19 85 20 60 37 99 26 16 59 66 57 92 95 79 58 36 38 27 64
75 4 2 77 61 5 74 48 23 34 9 22 28 29 68 21 50 24 7 67 3 86 1 32 12 65 41 52 83 97 6 81 18 10 53 94 96 55 72 98 100 30 42 33 54 8 49 70 39 45 80 75 43 78 51 14 93 76 88 40 31 47 25 17 84 44 62 13 35 82 91 71 69 87 89 19
84 4 2 77 61 5 74 48 23 34 9 22 28 29 68 21 50 24 7 67 3 86 1 32 12 65 41 52 83 97 6 81 18 10 53 94 96 55 72 98 100 30 42 33 54 8 49 70 39 45 80 75 43 78 51 14 93 76 88 40 31 47 25 17 84 44 62 13 35 82 91 71 69 87 89 19 85 20 60 37 99 26 16 59 66
60 4 2 77 61 5 74 48 23 34 9 22 28 29 68 21 50 24 7 67 3 86 1 32 12 65 41 52 83 97 6 81 18 10 53 94 96 55 72 98 100 30 42 33 54 8 49 70 39 45 80 75 43 78 51 14 93 76 88 40 31
58 4 2 77 61 5 74 48 23 34 9 22 28 29 68 21 50 24 7 67 3 86 1 32 12 65 41 52 83 97 6 81 18 10 53 94 96 55 72 98 100 30 42 33 54 8 49 70 39 45 80 75 43 78 51 14 93 76 88
73 4 2 77 61 5 74 48 23 34 9 22 28 29 68 21 50 24 7 67 3 86 1 32 12 65 41 52 83 97 6 81 18 10 53 94 96 55 72 98 100 30 42 33 54 8 49 70 39 45 80 75 43 78 51 14 93 76 88 40 31 47 25 17 84 44 62 13 35 82 91 71 69 87
70 4 2 77 61 5 74 48 23 34 9 22 28 29 68 21 50 24 7 67 3 86 1 32 12 65 41 52 83 97 6 81 18 10 53 94 96 55 72 98 100 30 42 33 54 8 49 70 39 45 80 75 43 78 51 14 93 76 88 40 31 47 25 17 84 44 62 13 35 82 91
66 4 2 77 61 5 74 48 23 34 9 22 28 29 68 21 50 24 7 67 3 86 1 32 12 65 41 52 83 97 6 81 18 10 53 94 96 55 72 98 100 30 42 33 54 8 49 70 39 45 80 75 43 78 51 14 93 76 88 40 31 47 25 17 84 44 62
92 4 2 77 61 5 74 48 23 34 9 22 28 29 68 21 50 24 7 67 3 86 1 32 12 65 41 52 83 97 6 81 18 10 53 94 96 55 72 98 100 30 42 33 54 8 49 70 39 45 80 75 43 78 51 14 93 76 88 40 31 47 25 17 84 44 62 13 35 82 91 71 69 87 89 19 85 20 60 37 99 26 16 59 66 57 92 95 79 58 36 38 27
94 4 2 77 61 5 74 48 23 34 9 22 28 29 68 21 50 24 7 67 3 86 1 32 12 65 41 52 83 97 6 81 18 10 53 94 96 55 72 98 100 30 42 33 54 8 49 70 39 45 80 75 43 78 51 14 93 76 88 40 31 47 25 17 84 44 62 13 35 82 91 71 69 87 89 19 85 20 60 37 99 26 16 59 66 57 92 95 79 58 36 38 27 64 90
67 4 2 77 61 5 74 48 23 34 9 22 28 29 68 21 50 24 7 67 3 86 1 32 12 65 41 52 83 97 6 81 18 10 53 94 96 55 72 98 100 30 42 33 54 8 49 70 39 45 80 75 43 78 51 14 93 76 88 40 31 47 25 17 84 44 62 13
87 4 2 77 61 5 74 48 23 34 9 22 28 29 68 21 50 24 7 67 3 86 1 32 12 65 41 52 83 97 6 81 18 10 53 94 96 55 72 98 100 30 42 33 54 8 49 70 39 45 80 75 43 78 51 14 93 76 88 40 31 47 25 17 84 44 62 13 35 82 91 71 69 87 89 19 85 20 60 37 99 26 16 59 66 57 92 95
69 4 2 77 61 5 74 48 23 34 9 22 28 29 68 21 50 24 7 67 3 86 1 32 12 65 41 52 83 97 6 81 18 10 53 94 96 55 72 98 100 30 42 33 54 8 49 70 39 45 80 75 43 78 51 14 93 76 88 40 31 47 25 17 84 44 62 13 35 82
56 4 2 77 61 5 74 48 23 34 9 22 28 29 68 21 50 24 7 67 3 86 1 32 12 65 41 52 83 97 6 81 18 10 53 94 96 55 72 98 100 30 42 33 54 8 49 70 39 45 80 75 43 78 51 14 93
97 4 2 77 61 5 74 48 23 34 9 22 28 29 68 21 50 24 7 67 3 86 1 32 12 65 41 52 83 97 6 81 18 10 53 94 96 55 72 98 100 30 42 33 54 8 49 70 39 45 80 75 43 78 51 14 93 76 88 40 31 47 25 17 84 44 62 13 35 82 91 71 69 87 89 19 85 20 60 37 99 26 16 59 66 57 92 95 79 58 36 38 27 64 90 56 11 15
77 4 2 77 61 5 74 48 23 34 9 22 28 29 68 21 50 24 7 67 3 86 1 32 12 65 41 52 83 97 6 81 18 10 53 94 96 55 72 98 100 30 42 33 54 8 49 70 39 45 80 75 43 78 51 14 93 76 88 40 31 47 25 17 84 44 62 13 35 82 91 71 69 87 89 19 85 20
63 4 2 77 61 5 74 48 23 34 9 22 28 29 68 21 50 24 7 67 3 86 1 32 12 65 41 52 83 97 6 81 18 10 53 94 96 55 72 98 100 30 42 33 54 8 49 70 39 45 80 75 43 78 51 14 93 76 88 40 31 47 25 17
86 4 2 77 61 5 74 48 23 34 9 22 28 29 68 21 50 24 7 67 3 86 1 32 12 65 41 52 83 97 6 81 18 10 53 94 96 55 72 98 100 30 42 33 54 8 49 70 39 45 80 75 43 78 51 14 93 76 88 40 31 47 25 17 84 44 62 13 35 82 91 71 69 87 89 19 85 20 60 37 99 26 16 59 66 57 92
89 4 2 77 61 5 74 48 23 34 9 22 28 29 68 21 50 24 7 67 3 86 1 32 12 65 41 52 83 97 6 81 18 10 53 94 96 55 72 98 100 30 42 33 54 8 49 70 39 45 80 75 43 78 51 14 93 76 88 40 31 47 25 17 84 44 62 13 35 82 91 71 69 87 89 19 85 20 60 37 99 26 16 59 66 57 92 95 79 58
71 4 2 77 61 5 74 48 23 34 9 22 28 29 68 21 50 24 7 67 3 86 1 32 12 65 41 52 83 97 6 81 18 10 53 94 96 55 72 98 100 30 42 33 54 8 49 70 39 45 80 75 43 78 51 14 93 76 88 40 31 47 25 17 84 44 62 13 35 82 91 71
76 4 2 77 61 5 74 48 23 34 9 22 28 29 68 21 50 24 7 67 3 86 1 32 12 65 41 52 83 97 6 81 18 10 53 94 96 55 72 98 100 30 42 33 54 8 49 70 39 45 80 75 43 78 51 14 93 76 88 40 31 47 25 17 84 44 62 13 35 82 91 71 69 87 89 19 85
45 4 2 77 61 5 74 48 23 34 9 22 28 29 68 21 50 24 7 67 3 86 1 32 12 65 41 52 83 97 6 81 18 10 53 94 96 55 72 98 100 30 42 33 54 8
62 4 2 77 61 5 74 48 23 34 9 22 28 29 68 21 50 24 7 67 3 86 1 32 12 65 41 52 83 97 6 81 18 10 53 94 96 55 72 98 100 30 42 33 54 8 49 70 39 45 80 75 43 78 51 14 93 76 88 40 31 47 25
80 4 2 77 61 5 74 48 23 34 9 22 28 29 68 21 50 24 7 67 3 86 1 32 12 65 41 52 83 97 6 81 18 10 53 94 96 55 72 98 100 30 42 33 54 8 49 70 39 45 80 75 43 78 51 14 93 76 88 40 31 47 25 17 84 44 62 13 35 82 91 71 69 87 89 19 85 20 60 37 99
95 4 2 77 61 5 74 48 23 34 9 22 28 29 68 21 50 24 7 67 3 86 1 32 12 65 41 52 83 97 6 81 18 10 53 94 96 55 72 98 100 30 42 33 54 8 49 70 39 45 80 75 43 78 51 14 93 76 88 40 31 47 25 17 84 44 62 13 35 82 91 71 69 87 89 19 85 20 60 37 99 26 16 59 66 57 92 95 79 58 36 38 27 64 90 56
93 4 2 77 61 5 74 48 23 34 9 22 28 29 68 21 50 24 7 67 3 86 1 32 12 65 41 52 83 97 6 81 18 10 53 94 96 55 72 98 100 30 42 33 54 8 49 70 39 45 80 75 43 78 51 14 93 76 88 40 31 47 25 17 84 44 62 13 35 82 91 71 69 87 89 19 85 20 60 37 99 26 16 59 66 57 92 95 79 58 36 38 27 64
46 4 2 77 61 5 74 48 23 34 9 22 28 29 68 21 50 24 7 67 3 86 1 32 12 65 41 52 83 97 6 81 18 10 53 94 96 55 72 98 100 30 42 33 54 8 49
82 4 2 77 61 5 74 48 23 34 9 22 28 29 68 21 50 24 7 67 3 86 1 32 12 65 41 52 83 97 6 81 18 10 53 94 96 55 72 98 100 30 42 33 54 8 49 70 39 45 80 75 43 78 51 14 93 76 88 40 31 47 25 17 84 44 62 13 35 82 91 71 69 87 89 19 85 20 60 37 99 26 16
73 4 2 77 61 5 74 48 23 34 9 22 28 29 68 21 50 24 7 67 3 86 1 32 12 65 41 52 83 97 6 81 18 10 53 94 96 55 72 98 100 30 42 33 54 8 49 70 39 45 80 75 43 78 51 14 93 76 88 40 31 47 25 17 84 44 62 13 35 82 91 71 69 87
77 4 2 77 61 5 74 48 23 34 9 22 28 29 68 21 50 24 7 67 3 86 1 32 12 65 41 52 83 97 6 81 18 10 53 94 96 55 72 98 100 30 42 33 54 8 49 70 39 45 80 75 43 78 51 14 93 76 88 40 31 47 25 17 84 44 62 13 35 82 91 71 69 87 89 19 85 20
68 4 2 77 61 5 74 48 23 34 9 22 28 29 68 21 50 24 7 67 3 86 1 32 12 65 41 52 83 97 6 81 18 10 53 94 96 55 72 98 100 30 42 33 54 8 49 70 39 45 80 75 43 78 51 14 93 76 88 40 31 47 25 17 84 44 62 13 35
55 4 2 77 61 5 74 48 23 34 9 22 28 29 68 21 50 24 7 67 3 86 1 32 12 65 41 52 83 97 6 81 18 10 53 94 96 55 72 98 100 30 42 33 54 8 49 70 39 45 80 75 43 78 51 14
40 4 2 77 61 5 74 48 23 34 9 22 28 29 68 21 50 24 7 67 3 86 1 32 12 65 41 52 83 97 6 81 18 10 53 94 96 55 72 98 100
90 4 2 77 61 5 74 48 23 34 9 22 28 29 68 21 50 24 7 67 3 86 1 32 12 65 41 52 83 97 6 81 18 10 53 94 96 55 72 98 100 30 42 33 54 8 49 70 39 45 80 75 43 78 51 14 93 76 88 40 31 47 25 17 84 44 62 13 35 82 91 71 69 87 89 19 85 20 60 37 99 26 16 59 66 57 92 95 79 58 36
64 4 2 77 61 5 74 48 23 34 9 22 28 29 68 21 50 24 7 67 3 86 1 32 12 65 41 52 83 97 6 81 18 10 53 94 96 55 72 98 100 30 42 33 54 8 49 70 39 45 80 75 43 78 51 14 93 76 88 40 31 47 25 17 84
43 4 2 77 61 5 74 48 23 34 9 22 28 29 68 21 50 24 7 67 3 86 1 32 12 65 41 52 83 97 6 81 18 10 53 94 96 55 72 98 100 30 42 33
40 4 2 77 61 5 74 48 23 34 9 22 28 29 68 21 50 24 7 67 3 86 1 32 12 65 41 52 83 97 6 81 18 10 53 94 96 55 72 98 100
51 4 2 77 61 5 74 48 23 34 9 22 28 29 68 21 50 24 7 67 3 86 1 32 12 65 41 52 83 97 6 81 18 10 53 94 96 55 72 98 100 30 42 33 54 8 49 70 39 45 80 75
38 4 2 77 61 5 74 48 23 34 9 22 28 29 68 21 50 24 7 67 3 86 1 32 12 65 41 52 83 97 6 81 18 10 53 94 96 55 72
29 4 2 77 61 5 74 48 23 34 9 22 28 29 68 21 50 24 7 67 3 86 1 32 12 65 41 52 83 97
27 4 2 77 61 5 74 48 23 34 9 22 28 29 68 21 50 24 7 67 3 86 1 32 12 65 41 52
28 4 2 77 61 5 74 48 23 34 9 22 28 29 68 21 50 24 7 67 3 86 1 32 12 65 41 52 83
42 4 2 77 61 5 74 48 23 34 9 22 28 29 68 21 50 24 7 67 3 86 1 32 12 65 41 52 83 97 6 81 18 10 53 94 96 55 72 98 100 30 42
64 4 2 77 61 5 74 48 23 34 9 22 28 29 68 21 50 24 7 67 3 86 1 32 12 65 41 52 83 97 6 81 18 10 53 94 96 55 72 98 100 30 42 33 54 8 49 70 39 45 80 75 43 78 51 14 93 76 88 40 31 47 25 17 84
97 4 2 77 61 5 74 48 23 34 9 22 28 29 68 21 50 24 7 67 3 86 1 32 12 65 41 52 83 97 6 81 18 10 53 94 96 55 72 98 100 30 42 33 54 8 49 70 39 45 80 75 43 78 51 14 93 76 88 40 31 47 25 17 84 44 62 13 35 82 91 71 69 87 89 19 85 20 60 37 99 26 16 59 66 57 92 95 79 58 36 38 27 64 90 56 11 15
82 4 2 77 61 5 74 48 23 34 9 22 28 29 68 21 50 24 7 67 3 86 1 32 12 65 41 52 83 97 6 81 18 10 53 94 96 55 72 98 100 30 42 33 54 8 49 70 39 45 80 75 43 78 51 14 93 76 88 40 31 47 25 17 84 44 62 13 35 82 91 71 69 87 89 19 85 20 60 37 99 26 16
43 4 2 77 61 5 74 48 23 34 9 22 28 29 68 21 50 24 7 67 3 86 1 32 12 65 41 52 83 97 6 81 18 10 53 94 96 55 72 98 100 30 42 33
46 4 2 77 61 5 74 48 23 34 9 22 28 29 68 21 50 24 7 67 3 86 1 32 12 65 41 52 83 97 6 81 18 10 53 94 96 55 72 98 100 30 42 33 54 8 49
76 4 2 77 61 5 74 48 23 34 9 22 28 29 68 21 50 24 7 67 3 86 1 32 12 65 41 52 83 97 6 81 18 10 53 94 96 55 72 98 100 30 42 33 54 8 49 70 39 45 80 75 43 78 51 14 93 76 88 40 31 47 25 17 84 44 62 13 35 82 91 71 69 87 89 19 85
83 4 2 77 61 5 74 48 23 34 9 22 28 29 68 21 50 24 7 67 3 86 1 32 12 65 41 52 83 97 6 81 18 10 53 94 96 55 72 98 100 30 42 33 54 8 49 70 39 45 80 75 43 78 51 14 93 76 88 40 31 47 25 17 84 44 62 13 35 82 91 71 69 87 89 19 85 20 60 37 99 26 16 59
61 4 2 77 61 5 74 48 23 34 9 22 28 29 68 21 50 24 7 67 3 86 1 32 12 65 41 52 83 97 6 81 18 10 53 94 96 55 72 98 100 30 42 33 54 8 49 70 39 45 80 75 43 78 51 14 93 76 88 40 31 47
100 4 2 77 61 5 74 48 23 34 9 22 28 29 68 21 50 24 7 67 3 86 1 32 12 65 41 52 83 97 6 81 18 10 53 94 96 55 72 98 100 30 42 33 54 8 49 70 39 45 80 75 43 78 51 14 93 76 88 40 31 47 25 17 84 44 62 13 35 82 91 71 69 87 89 19 85 20 60 37 99 26 16 59 66 57 92 95 79 58 36 38 27 64 90 56 11 15 46 63 73
15 4 2 77 61 5 74 48 23 34 9 22 28 29 68 21
86 4 2 77 61 5 74 48 23 34 9 22 28 29 68 21 50 24 7 67 3 86 1 32 12 65 41 52 83 97 6 81 18 10 53 94 96 55 72 98 100 30 42 33 54 8 49 70 39 45 80 75 43 78 51 14 93 76 88 40 31 47 25 17 84 44 62 13 35 82 91 71 69 87 89 19 85 20 60 37 99 26 16 59 66 57 92
31 4 2 77 61 5 74 48 23 34 9 22 28 29 68 21 50 24 7 67 3 86 1 32 12 65 41 52 83 97 6 81
84 4 2 77 61 5 74 48 23 34 9 22 28 29 68 21 50 24 7 67 3 86 1 32 12 65 41 52 83 97 6 81 18 10 53 94 96 55 72 98 100 30 42 33 54 8 49 70 39 45 80 75 43 78 51 14 93 76 88 40 31 47 25 17 84 44 62 13 35 82 91 71 69 87 89 19 85 20 60 37 99 26 16 59 66
23 4 2 77 61 5 74 48 23 34 9 22 28 29 68 21 50 24 7 67 3 86 1 32
31 4 2 77 61 5 74 48 23 34 9 22 28 29 68 21 50 24 7 67 3 86 1 32 12 65 41 52 83 97 6 81
88 4 2 77 61 5 74 48 23 34 9 22 28 29 68 21 50 24 7 67 3 86 1 32 12 65 41 52 83 97 6 81 18 10 53 94 96 55 72 98 100 30 42 33 54 8 49 70 39 45 80 75 43 78 51 14 93 76 88 40 31 47 25 17 84 44 62 13 35 82 91 71 69 87 89 19 85 20 60 37 99 26 16 59 66 57 92 95 79
49 4 2 77 61 5 74 48 23 34 9 22 28 29 68 21 50 24 7 67 3 86 1 32 12 65 41 52 83 97 6 81 18 10 53 94 96 55 72 98 100 30 42 33 54 8 49 70 39 45
58 4 2 77 61 5 74 48 23 34 9 22 28 29 68 21 50 24 7 67 3 86 1 32 12 65 41 52 83 97 6 81 18 10 53 94 96 55 72 98 100 30 42 33 54 8 49 70 39 45 80 75 43 78 51 14 93 76 88
62 4 2 77 61 5 74 48 23 34 9 22 28 29 68 21 50 24 7 67 3 86 1 32 12 65 41 52 83 97 6 81 18 10 53 94 96 55 72 98 100 30 42 33 54 8 49 70 39 45 80 75 43 78 51 14 93 76 88 40 31 47 25
