26477
730
133872218725
206
139
26838
225784601561
409
163907525588
65
27568981002
26830437
612
206
647
3808763
392
39765006630
9823066
71309193
126
10667
93591615
12028
113
12356789
2420359
213
418
223
166
40
5324
219
1419
562
663
22941
14
39
102638547
14199134
58
201
12653791
101
10447
16511
171245210
149356406687
7453814
49033972126
87
63
14769041340
330107411
177
4911
5245
27130
28
10
89
11026919956
43948242064
12094
142812541
200576394072
51188030
115559988
375
15002
33208579
4871
514
10329645934
38673133631
58493231450
265
209647260429
763
182
96125809772
472
72342573
8362
9995
122776963
58438728362
184639760
9019
379
15
142979371732
109968671
12421
42
15
16860
18892
22100
4159259
795
5219
42314837
142539738
72
77661656
484
223
109
280
9227174653
34798346364
109
7847
162239117565
125
213
118
486
9140
118
109342931879
221362326
106
6952
10082782
504
30463677940
38053371
11983
5497
132512262773
635
16730061298
235
11635277465
6163
124
219
144
89
7
123417419
42822
5663383
162374931
232
22
119
73208946421
481
33
3487250931
16194
63299622
203
162
313
205
304
629
137
3220
209
725
11137
158877385920
313
60570119
16424631861
5224
161562816
63594577
122553312826
72213746382
40638411
186640663
604
31998095070
54003239761
98586854
17578
114
2847
53
120
107
1877
42972717
98250076
129
119
811
66
4456
1077
49475829624
201594020
22789193
75794834
40
2
188808678
24956
44571306
12335
830
128262276
98878501726
198
6
646
24203535
2081
335
22129
31313292
1401
4622
292
143
440
80276334193
8798
27
115740844
15349
138
109741321
16
117290615
110
101582269
451
250
71006910095
38997972873
33
176
103512401
447
271
32127403120
3253
173
193
117205462
166
31
628
79
231
188680592
4039
46947422752
114734925
302
9
64
38489789
37197319898
56
346
136626237
145872367
159
378
59
397
46
30
1236
81405273
146
214902503
148021629738
168
146
29485
105
7433
165970451
121
271
605
33
179
174129457
67499825968
17862465
28
24
286
133
519
14475344004
130
964
2061
330
34214377622
6155
314
391
182558684992
10419
1747
365
15528993
419
2
421
328950342
36174873356
53722301
458
58
77199948343
28
3514
78
360314678879
2114
2219
176530858
543
92896258348
117
2716
38
337
19978746
105
31011378584
17528690273
63941451500
373
50
54159876462
55
943
18
1855
34
17547
72976487983
3
38
695
2217
129219640
60
7145
186
81
209731002
3822
78
10021
40257353
44
74
114
4655
35937872388
328
244417123
435
130186750
121
68608841568
8940609
466
177
2164
64
79
84146247
6815825897
167113839
221
1227
267
120737820676
231797988132
31856187
365
124
148761218
85858371
22125236
6954006
90300645
15485
21
749
9503
110
43801746
23
13917
164
78129779
42810716194
44034814754
835
6294
75
96
2002
63
101403451473
447
260
3173
2260
66785977
52647879
514
878
167923408
44
509
7252163
29072097285
40
163
165
51581
108432805398
7879278254
31601
33
49
42768001977
95455655307
100645834738
143131723642
296
9249
5055
23680205
1686525
16689581194
8762
79316775312
182
87120039718
7752
15285
1501
969
11495
265
95023201
171
1037247
582
49614305720
5895
68273280
211574349
13240959548
308
151
13857432
1329115
719
673
498
40138977
253
24
34
47419640519
193
7918893848
172292033311
10628178256
209033814863
10140416
9900960
103
117719843208
432
42857801
777
43802584513
8508
226286645927
455
1821
70
10332
528
50
44833514
3188
19593
78
111259753
67682519
72204086
4955
14240
220
21450
16156
291338120638
77488508112
16756381375370
142279249
478
197
1081
201
17
8344
5519
36956651824
827
946
676
84
203
9342
21891724
30892845859
415144542
101108316
108
17897
1323
22654489258
3073
109904196261
67
11180447118
261
10053
158
31
45586620
15733330
140134962
428
116262076309
37926674
103955801358
2511
2476
14
240
115939441
276
176
167
9909273
240170903
128084258
144169398
674
132
7661881507
17172354
494
202232660
141639376
95
81646738
48331461972
2256
1640036998
17350886
181829062
410760130
1235
17558
209
87821305
5506
27958569
1076
81
350
5435
179
123873448
335
142827805
104
19108136
21
120013877892
3441
83830068925
418
113
97162705812
12929
129607724845
57
182
158
19279448372
5788
28
1196
449
241
227743001005
774
880
204447445368
6
168070273511
161589544
257
25
416
672
177
3838870
455
113353283
30985692
169341305437
16755
1265
6314
206
8
181
17014
1432
37
395
42
112688789
3996
13
8295
65
56979718
276
48
120
9559936
36
70861308
23973
5215
135921109
873
445
217
358
11555015130
66133437524
13019
85352470966
116211437325
8380
479
99418926014
77426147
13469211809
19732277282
17558857
526
198
40572287757
34
1551
184
357
38425424660
29
128826549
9326
9823
13613
199
44968588
95
60715427
25886956
13
181
78
58
114
484
123
16054426289
157
165581472
2958996244
148
15695
5805766337
12221
274
294
15509850863
63
79
38430985
81350020
37448011
52
4279
406
150559301
14512051983
13395
560
484
10793621
190
68
3099268
5058382
7133
12671
306
35590999
83945095987
509
57
99
150
78161598
244
14
68933039695
3250
25518024716
775
5803
15204
575
6227
64096401
263
1711929
83797959
187118728
9204
533
198
205
91
99
74
49334706593
145141952482
211
292
110
59
89
186
4446
3869
533
96601240
6286933
17487223
137
131822682
270
130
153
400
382
280
64
308
23966525
1811
18146
68
3765
10894
186
191
111898368739
25230275416
212
257476792
124
41291854
51
298
10200881149
93139968
250
233638850592
12430
110620386
233
10594
7930
13661922
53725064240
13398547
122
431
195
32287042964
63
23613999025
321183562530
3642
450
9
18987
228
6962
2789
163
23152
79694162
306130318979
879
51808106
31571641
65007622
235
415
111
135647916
64
4736
23064147894
69
10591
21274
15664
9410
50002
11909
7
201
3
251084981898
136358112
25
19817987
15
85940026481
37
12540
107
93041033
550
144
5
139
6208
25826578
13816
76
119578422586
161442242716
710
109781423824
7393
6605
9007424
78
2007
11
40188591
6219993482
7973
130822579287
6
91
142595167823
196240550
217
8487
25130515
310
468
62623
60
23353
279
23482306
15
15734107794
330
44
1367
571
6423
79018986
4920
396
522
102
13639
13908718403
97824791154
40544193
95460783965
75265842
262
35
1027
53
412488111133
22660729624
20996
239
22832002701
304
11387867
47837218512
479
168579699683
43686144552
324
41723201
14090721040
3976
5281
14
20621
123901816494
1697
6068476498
64318907124
16010
8030901997
7632
178335998127
8988
85
35524089228
21997321
6237
4256419
8302
10073116223
30498559
91
10495784
36
120
332
11162183560
7008
120093331
10062368
55635354151
55657768
21538510746
51
307884900
40
128
195560511784
112
659
385981631
137
256
359
5081
6654
100
84233374482
80499186700
128992948058
4442
181
4076
17
49805945
39
215
9
23550211309
140
13310027
108222734984
21089
223
47536481297
10266
22190
160616748504
139385623807
191821811
