4948.479208087502535296
4748.564047097262793784
5104.335173125396275751
4545.245949687695448116
5235.040517296323177909
5010.782424887077029840
3287.820160387323639828
5000.787866726742085355
5268.533117810234104539
4982.304860984973400306
4833.533423133015557660
3235.207198452625504626
4388.527228006070189270
3563.844838014490679079
3885.542608524832094874
5050.839911894919997515
4771.819212939524172068
4667.255570317931805846
4856.563463651702577728
3675.845022210553979969
3932.157262069267231297
3739.576111546441246292
2782.493946864719385426
4264.331548538192683040
4248.881082408857915222
4377.566136198067078045
4929.088536499841425531
4517.152397940364618734
4698.321468319652460366
4663.186060101410586931
4080.390842307262546207
4014.960697180905794035
4858.217462787621027331
4632.721060936182350343
3919.351910331572045543
4217.232770754523579537
3639.156089893964626025
4284.141775460812561427
4713.045672183215820894
4158.350223875469093837
4286.343684653627363446
3430.286963566317083751
4722.266788008457953030
5236.648643672812120098
3830.631044981468136257
4630.089257750904370603
3440.853671817585646808
2974.714941021469356786
4153.993092650275005706
3379.624773367654963607
4757.751304427161525012
4883.304618611955425500
2727.952388418416724170
4176.413581447844027394
4978.677513472896754898
2699.366789261493732033
4863.793589806193635727
4394.022838608599768051
4094.738831921149559312
2904.244512675536465940
3706.538317285837630166
4886.051425021186081388
4760.235056612845135682
4729.506254846653974688
4514.123276716312325174
3893.990741461444981653
4542.294549517561002006
3768.448444731269970198
2577.745572998665989140
4761.278951612991614972
3273.269507732312157966
4781.661691465913367693
4706.956973260659510494
4431.347041488997203551
3012.924769559189930535
4124.948697938950826991
3826.291425719819762286
4909.926980581137954562
3814.072009480501654011
4560.645689820829822292
3899.353789645914332374
3303.329355446145104924
4845.776290730466161705
4160.154755698944871511
5073.100729525781106499
2858.106596759431762278
4261.637576557531164934
4762.420851760843784728
5305.681234639634835659
4570.449977830275442692
5197.790159450565507182
4526.789992230996301448
3938.237650073708746357
4662.139790424241852396
4421.063200093179511807
5283.966802369888097424
4408.721874629419874125
3187.837805363941505732
3848.559965416914046443
4331.912360596107672617
4373.939508867763623634
3881.822879397764630482
3809.639582031164973364
4709.167799543832015896
5038.695676610771510440
2283.674594640506420484
4688.653201598075867196
4252.653717240417556411
3262.068680362957340702
3668.471568379816964978
5333.479433865525062064
3050.537935381270498780
2756.009911786075436968
4492.534538990838697714
4699.584694952104670485
2789.105351636886122035
5184.416668332547984743
3517.401726731426705674
4720.689805957073100995
4070.972402362327877468
3865.076364783508639178
3847.552337693772179561
3979.788216933538407272
4734.315587173749680261
4601.362311543007198811
3844.944473079167128970
3492.539564316237860941
3588.337955130723711639
5002.675949197256546341
4816.266287165038520790
4395.664441648475931679
4519.395593137307705511
1735.515165890402677684
3007.590604115200739965
4832.711252119068063848
4136.385693252330015390
4959.743051088774016488
4669.540591553884897991
4209.039413373448367928
4558.239902605404860303
4213.031554353227703391
4864.973387078087297741
2894.496957967625689223
4841.390756400036521345
4394.056042921598799644
4005.495688012251214838
5242.056078831451981337
3848.200797786889319818
4173.130223232794133725
4689.602290216107363552
3983.161282539214528509
5507.960485929784835157
4208.258744058560792300
3853.387176880787770017
4842.909642148846144138
4708.116467918014532490
4422.493206024181230163
4451.869101281843034368
3801.122480682696559873
4884.528439958975344126
5015.160346315906808812
3929.036861211862055043
4779.593246178890088238
3567.525921127752986273
4602.326346257723512778
4780.623238052145101751
4527.494965605109668694
3714.509366361547386459
4751.850029984692502349
4469.527649728508370330
3209.993188757829274627
4154.672603848222501632
4079.613048808493529940
4965.866231735587446483
4768.015072281523528019
3687.440525266220290979
4360.772405467612363505
3340.272718677057199876
3895.715996570177915848
3661.519885455732585822
3568.107034866792842465
4220.796028576655300135
4048.343833056470884468
2171.664121041313005644
4255.851324136724496583
4963.002716567551311222
4892.679990334429125376
3410.961425557625349203
4588.634207141904693295
3719.750663328090304782
4987.606279369144556490
4259.960986199299954880
3777.685187494641696704
4347.951572327042433219
4272.547673451062120620
4385.899418625116969572
5229.207469066761270415
4380.930894164470528196
4670.710859827010160039
4090.332887906850467097
4565.354416337021508987
3849.034622525426753814
4842.530250775282906872
4711.846080793725599190
3678.593867267857790093
4811.497659829276108745
3768.488923004168010600
4113.094414490628200731
3931.357761076013439538
3653.649615221120786179
4135.657406620565005539
4444.702917965794837230
3320.275377825317773439
4543.041915760988737727
4375.728526762849103893
4037.478013680561519827
4771.440805529246090178
5128.916610767413866601
5206.646278251837237860
4007.497429545903342429
5281.344204181985453328
4925.748893812129787229
4801.881061290717004120
4405.877601401497869915
4898.014651266660143047
4914.168566720260210801
4720.768507683365788452
3947.817853325203849124
4128.281425464428395777
3771.088001887650951183
3776.545617840240601781
2362.741851242946534706
4978.322183971163271021
2526.401535683481385242
4003.258816384141197453
4337.788610121799108388
4135.234877605791905530
3644.195701199459852093
4803.136465602939000341
4484.835710363555024038
5266.431618743458695331
3562.308303452906383280
2964.836647725148351507
3626.520540008258806086
5164.198256277459445407
5060.804464637234307833
4237.487915001271121085
4310.455431668585029037
4998.052770395030067974
4843.093303997406817274
3638.635818607938448910
4440.362261713742656255
4096.136898202114990486
4171.779319073898528725
4985.884938859171053416
3700.449057463641444610
4259.955016954363154369
3615.274303216587424625
4013.857158414241562250
4261.917537455269086255
3793.775954174358695514
4774.674919320669304490
4426.477392374252037399
4403.465542062122430877
3398.148443741433240906
4759.420877944969340945
2798.813019109252077987
4487.396208119922825563
5171.851555802728529265
4874.229636845661619127
3159.371652790232979591
4631.432979456341816338
3921.578472760839363165
4120.818180871981905256
3003.976437860084118592
3582.229545446957486021
3609.677357456243087963
4229.974762646388181331
4294.936966257266297564
4814.183029305664011765
4112.498332280608525302
4341.654598015561764335
3727.346557035784619272
2805.095155486059406824
3948.490922770580226153
5473.801741952739993380
3981.349501066149943806
3346.218227050229981234
4245.569377471604020080
3828.895256603263645534
4862.308326518726475207
2904.583191101655939459
4286.038921537277614604
4445.115257875677228228
3687.708813387636809455
3633.500741335996086168
4221.848640697729321047
3475.397160004204876405
4379.274103660385356829
4453.768454928647048785
3914.660449809047739755
3655.922833821098177243
5516.753598960269028062
4040.463138260775982413
3831.871640904992761589
1883.607787298142749788
3662.671627699619763208
3709.584617522201906326
4379.122738619689581885
4453.740770856599359817
2552.721130596249392131
3782.837645872032635852
3970.656991920614887981
4756.806913188292680328
3971.098720285154337839
2809.430731552779667348
4667.325710337429771180
5368.705373924364478544
4626.282581783628298666
4347.959020151031642065
4608.815132506985341010
4524.591757494622791924
3122.059835620595405148
4562.628192513689304732
5070.758920250197307134
4407.367006908221521932
3769.391823710913203449
5103.833178110577659226
3234.419541073734990499
3435.684730491022105925
4017.176285419193962234
4354.497545151580539358
5071.164151192236011934
4373.972986650995430580
3462.131337031526401748
3336.235607756378761302
4192.611684644338057915
4629.636766639492008402
4965.815856070547071877
3843.690597379578231418
3759.914751633424944366
3210.766761008982912218
4435.991822186147459206
3997.751561873663753488
5161.033753692979305416
2843.162235060886824378
5023.894278644071879292
3814.821025175198047297
4556.487029267465766580
4360.543243723122103894
3889.348258739646804649
4726.827714791414416062
4446.821209255268510407
3675.088293212853664427
4448.736134444092402696
4249.029334890377231027
3823.920245044056073214
2859.405170152393858674
4505.994538058381444934
3204.157902920842057037
4371.024041056658388626
4375.494272803724770782
2071.669434738906804716
3883.226396452800950776
4770.022898969025185067
3861.587216715457366867
3952.482140608724574538
5243.880363993526168898
3431.220601630157147177
3658.109026975743321763
3667.980567200455271681
4749.649617338948337064
3760.333351011843136202
4707.960577614587901696
4620.855569186286091021
4328.729836981365115545
5089.891330012596957655
4714.975490451489146704
4196.191014561467328647
3956.514056916222708438
4278.730138765722070371
3062.423615808843394781
4665.945916377139262465
4780.083986063161426650
4710.850202318190720341
3615.703817850231725384
4515.695638144250040114
4060.576135439921118930
4273.832239947204164388
3310.214728429874163407
4268.346193419600853147
4199.969591284439523804
3999.224339130458887981
5059.939598348396217364
3714.109910163442585196
3119.824957568295868970
3613.954183597801820271
5110.658515861289134197
3568.513555312603500624
3603.603692329865938015
4370.524355707435275153
4698.536238663993295450
4325.835697662778675188
4373.005573272526842032
4607.068157559608577500
3981.274572143613041941
3769.627516592435754639
4683.854640782732727811
4444.673448539362935250
4434.991389293164833596
4787.897267570208089005
4878.704949678973385119
3292.458566386827271355
3597.009319176101283411
4097.369497484645848751
3893.179621017419625550
4236.602272259653644504
4204.322288780221557936
4386.508738380509837995
4576.125612566861955433
4848.859919399694247133
4889.086523093094267089
4548.097650484605718013
3627.305030940975407283
3114.654198038218985145
4032.939825099393820640
4045.050196654528914531
3910.817934445850117653
3976.529068349217002076
3157.990373956150393919
4658.989184328411833569
3764.247365384572352021
3517.299318919144975215
4691.621305311928443516
5025.020600105764451815
3698.647550783255359974
4232.521001559436828909
4580.334765751749852125
4405.015900436199754786
2856.025559611530558968
4083.289350362205532896
4733.374765851347798051
4517.850453893991713006
3378.461682212222239263
3744.357237972055997277
4911.659705246082519459
3985.160652285004561524
4140.291211795519385586
3804.465950890456825473
3404.375338908209343014
3587.969606947972296407
4377.117054221398765534
4054.438677480495198280
5374.333780536951034712
5147.004661843189997406
4613.792321810015617523
3899.559517031793571817
4406.166616997591036320
3435.589981914395564022
4125.589265039558811043
5271.961819398419746729
4802.672529393460612468
4206.006326992566913603
3628.621566348797823798
4087.838322423028568409
3783.938992979452460297
2013.414149150273240840
4857.265345967626436696
4196.900860291756197640
4452.652358549295420698
4447.174769714954294386
4692.947138993904552695
4158.897167350266612651
4039.832186889857662315
3119.336992877293395221
4429.735240468738634689
4303.764372075518332750
3693.384220663183070910
1722.140588403802522466
3784.907646926764417383
4645.914993005208984744
3260.277448959512735627
4584.202353971264727317
4452.439813979950821388
4683.062256278341555671
4056.744132702476074881
4690.463575346729919513
4199.715081228836440985
3972.525105400952065482
5430.670484473668787828
5056.795258173174724803
3131.104713201966303515
4585.556910016278441944
4352.482804147650021775
4977.133936464465345129
4191.987521158304498936
3661.548868288990259634
4699.120752327791302516
4000.135562818311708355
3989.058874918366695894
2473.258195820889500993
3130.488141541237423038
3669.683345568267460957
4397.311099627516264299
4223.921026750014014794
3473.288202473245963153
4910.236726049486450929
3761.640477672894499195
4714.667562006436629662
4843.854375851913427020
4472.718365716608538651
3941.467294206505272758
4147.038277217177210332
4940.018977994972838808
4702.887201415220451484
4112.940638249764652379
4513.420455218298104505
4324.970401931134631468
4545.930772143292948329
4100.683884478192413159
4922.311457126541817786
4273.193222561702267814
5192.555171481091724761
4722.812002346168662736
4401.137529172913014808
4430.362918091969578693
4826.439540195213944163
4327.997842004248454373
4551.282797498704787209
4597.812718638041065589
3815.029123386053499178
2798.698863644491379610
4437.401868019496460338
4575.378823541195705715
4239.439083858871479826
4873.046501362515553257
4940.921172715266914466
3316.498938270618710655
4367.023991497998568700
4439.567825809082756372
3885.980043375041773857
4834.682109851910636333
3682.643898597292028141
3701.294650753687939915
3930.201007743878294010
3997.117377974899457227
3433.139186063714601627
3726.188164714200096395
4505.811790160591595367
5098.524346813257543509
4563.891258518158537516
4404.207453838991109141
4051.848861075483315020
4041.961664957646833241
3491.774003518569610804
4047.936546708167772746
4324.836498050766261159
3791.940392715903899834
4299.924648126139184789
4205.610363079649809848
3737.650530726943095772
3948.334337384221770950
2580.691677658192988876
3492.192509753058308863
4816.638776505859340649
4401.958495097935185392
2679.961627950385777641
3044.102153062072086964
4840.371960863154016774
4262.436953268369767667
4475.887793868593611535
4517.849492529898222770
3552.318763831247365292
4193.383578194054888577
3920.161893951949321657
2853.048390151402599280
4512.016206972823225918
4162.893050108338864668
5274.300575283135341209
4589.033754045380242292
3881.058975430673008589
3605.222167903367227471
3658.902848282290497073
3705.379586736809652603
4749.273334118452580377
3265.127517753671307466
4452.508731197184749906
3430.611892763983757915
4890.253813247442358669
4907.515000602918127992
3750.242564815968163483
3694.205642097848480088
4781.890286210156479463
5021.634477177176306917
4618.985003730405807687
3829.130428734893970333
3952.630815800850239583
5376.176171618321576240
3916.956376313968857028
4687.764043891844324641
4572.833553517369757913
4857.018563990376331052
4074.654185742947494209
4346.983643881444477675
4426.333809175952871851
4301.762841548583461204
5120.809315090251037539
4334.031007828968229401
3320.240525989857667710
3998.791006719739494102
3735.576639915188402075
4737.985401743037548350
3802.631810070659923007
4277.914442958770055547
3651.733369297848986079
5192.441816067951572133
3993.324968114621492443
4191.822741555071744735
4350.712290425442956288
4145.004030176477067826
3357.357189573228381629
3800.396056065953950043
3855.615595938807701248
3922.886209273972326628
3888.722217251541965588
4642.438822559798558665
3698.564770236952788940
4467.699674934794050962
3452.829929178500274478
4179.091473377464959427
4160.444358451915914721
5007.447023832033969892
4230.244471811158680552
4240.385657445217360895
4393.087105377110225479
3001.175239556233900640
4739.391875397837877060
4475.673974161530163762
4250.462131707555704097
3204.179941637386225706
4017.755996266595387878
4268.713734994083469410
3663.491701739184877251
4754.358057012439536138
3975.585793801317339158
4370.439047845633948164
3861.823385019985441113
4820.791890214258008651
3915.120133652656863266
4708.299346663465881679
4930.742851071605508118
3296.471421585000379784
4779.307289837905358354
3474.880280909679869827
4198.027937882964831573
4382.412549671676536889
4009.250400164817706550
4085.199697560045079658
5203.408505279233774665
3044.937822014237352342
4142.152353796782215500
4308.122187207433188227
2432.269979278439249848
3778.066438895155144895
3475.200173085212074220
4485.294980938395252856
4524.494974392896097903
4170.587521312382628835
4112.428865865505283939
3460.168758481054524179
4395.528093774403890048
5487.709664980797975797
2199.813475207273948397
4674.512506197425592447
3226.183170146102631159
3701.434276933186005687
4474.068166267516547752
3571.829607202357273588
4711.126651152231588959
4527.075326084906257140
4198.929609594399800621
4217.201291645870768754
3494.003006571579241113
4897.409633240820304945
4809.095242888209185139
4309.941188122654385229
4150.121651270952079393
4662.993821047391503676
3390.463966688515028425
4025.194493340241090218
4551.250192326370685780
4565.894585792519468015
4778.693999179214162432
4809.962920622397798631
5586.747530934188167517
3940.380337520293277054
3966.054018706281399709
4556.985981239861428271
4532.535449498268689705
3983.231068238444732010
4162.198239093367931218
4089.403735896859559684
4468.731274626901171843
4632.013839388123539464
4715.114913536796211968
4900.541216160309505145
3350.881289779818579255
3507.797773688975754514
4871.467484980387294247
4569.821327549239666777
4271.945018040562143113
4705.579001826682659981
4053.787830265804774221
4461.309161093737522208
3251.357575324400722483
3557.133863854144886885
5068.911617712347080555
3856.423174465508591835
4361.798733305335739274
3731.977958904593228651
4548.893026630811419864
3447.823559869876281825
3746.401051488226838559
4062.134002863880938961
4385.013558120650035033
2925.124718073468639723
4234.190128381240461053
4182.947080538503996205
3709.177554874563283560
4912.861576703418960310
3349.720947391167549245
4288.812560319450336355
3638.420206502150862971
4422.225625402363481165
4800.072772628731537115
3657.502954216023846268
4287.313881648296806759
4170.811928969412520463
4883.497899752706957521
3924.732399645004788491
4872.957413700072862639
3384.551741344366047048
5262.134158689696211919
2829.080653027341360817
3141.462032186766937025
4976.358897884308748694
5063.009855221422086391
4584.548658228593352781
4618.815997651421450865
3212.822856093195188931
4028.952324454760037353
4412.853186790655370508
4181.639966934982562741
3009.067586240847827606
4101.053639890240573251
4104.401501779081337773
4357.896690177777037078
3639.307839193295464497
3758.325387087759932969
3569.411092994128268829
3630.024691268303139058
2591.998836573778602910
3699.821748774049742226
3200.749618319631186747
3670.867295539445873231
4223.565856947219629092
3642.542158041110536448
4673.389663047891348313
2611.124991320649867843
4430.642255214404272579
4043.941673695377220454
4119.665440520728715512
3659.672754252473571679
3600.806759075917118818
4407.672377501173154535
5319.600428541583261755
4580.759966401558195059
4194.449450987636680566
4778.158550813352203779
3883.062158126271974368
5192.841793788564292544
4978.474549399354400325
3294.700519282822118505
4258.179478883285490554
3705.997040043525701858
4347.297256932917398853
5115.441994334417922907
3880.980593569144315280
2887.323488008149420248
4178.071004045687771633
3124.962718473632832028
3284.906728873571390759
4083.065301587576359399
4681.643141044602557166
3589.704499105646462231
4271.068421276573662038
4041.845865418596905672
3876.074213998470670006
3646.649644254947407296
5172.402954923494821760
5357.648272553868378232
4038.720620893817591757
3878.094087178807012339
5345.539355458602130966
4096.069370507884400023
4314.988223691401719506
3132.062640624708822479
4073.306189907280873808
5149.202276047145682814
4298.065051283550026540
4354.992718110701231282
3995.900698359139693983
3771.110005993839841665
3275.162225097229105497
3459.930572007505742427
2838.683315256938476168
4399.986236309437098946
5024.851836998082252439
2393.011203043417956415
5145.510553953710440211
4193.915413038727521666
4934.565435807855665828
4176.575236202102966665
3013.341712317230274509
4195.533263062663255738
4009.896198012032437763
3967.670018693058809456
3308.627996279879475150
3740.803967205024334941
4516.208880573070395759
4086.104720477551318414
4545.837262971145173562
4080.758405963407650319
4497.348034823461372156
3167.073197786126974140
3543.107358689679716734
4043.418446768567042326
3932.245217837959180285
4487.438023878701308877
5256.099341802415971348
5094.422897433226886221
4289.593207869286503264
3672.449947720376169036
3740.323383697367304990
3469.460686943988425579
4418.068039075975718788
4523.775909498121679420
4783.484656560928958591
4649.465883299989624078
4997.210426036721340637
5065.271242290305110600
4742.591289356629840057
4251.489145802078373215
3215.228710209413268695
2250.692216353517411065
3723.801160101378768807
3921.502650679534678790
3837.340138847378245401
4767.884239079061246436
3927.631525717198909486
4630.481239005080002169
4151.958323461404351207
4952.334072060278212124
4884.180010062785818548
3978.296614221939896838
4451.323272213392551855
4907.942178986304775812
3942.659738303306350193
5181.049274584342921202
4068.165692773698911999
4860.865152976780533933
4878.017064912517651631
3130.806614760954988297
3787.917789934525609752
4940.973856630253926880
4005.750217503347382797
4951.174748047551720909
5105.058963376841755455
4320.356398283547541883
3629.773838206706590537
3988.136403311522991455
4155.019415072439664449
1883.111322534448830002
4663.370746128533427921
4604.236703970979640133
4552.494730274168653228
4900.688443609453699423
2447.776993844834605651
4120.071229797719505328
3428.877776639554370020
3799.543677238236843330
5250.559007594154724785
3624.919529983471146339
3419.547220212671319928
4033.937823178740770036
2532.305613816431598906
3181.382756402077641500
4829.506494466437461544
4197.873202032694070596
4955.014573446772295551
4499.228711140789170653
4110.271801215420887310
4192.833907221239792662
4082.146860942523666660
4489.633363313161419583
4451.176434972747439911
4007.663777854747669815
3619.868506581671749878
4547.198644959577608748
4790.322744471145450795
3252.528169485390426185
4108.381935670867448174
4179.016897235679401490
4350.914974215074770392
2385.510806672892313518
4732.236630243001497931
4876.782412890019195117
4340.652028786425703721
4284.640847626360830702
3238.756205974675505654
3982.664934151093223402
5101.467658288643153952
5116.096390499441612931
4119.933323143444846348
4811.543093658063817486
3386.502748855348443602
3811.906188805002920539
3556.546254806536182969
4965.130795453920731219
5260.392500140077689963
4006.893271135855582710
4569.972992233752231872
2743.976648965042481443
3899.768563907987060091
4294.097332201752244885
4051.103385259917644579
4256.276741128936150105
4112.527260521861137477
4632.694254323729224243
4151.143378052431902159
4756.869748178949862005
3787.336520633491079302
4810.065163673235251629
3787.776418168413964827
3809.755531782700453292
4069.260252886058467858
4547.497129954122023765
4211.939657106166350342
4459.415555333499736612
4580.715180253622810902
4410.905873837783518265
3435.033814065920830139
5265.116578078562472154
4537.475143179215137934
4041.119637347628891444
4083.282925439954256230
5084.169687383662848745
3001.134650823433501099
4980.562112189665837647
4136.883939454259111912
4902.495869542774963090
4544.855704179888468808
5048.289944461114463703
4112.038395287445382564
3452.507927613236490716
4206.249769626742863071
3927.675280313062667226
4643.152687220949630387
5042.834951008459660304
4195.107853103922817439
4013.245143222028954222
2419.802419888848747265
4462.013006154092970235
4867.726515791383976151
4147.090630487125247239
4371.975686706456248221
5346.034376922250944908
4325.512752814855656158
3494.276078978823760313
4633.712018888847035569
4116.071117077317953026
3969.110783337944970528
4391.484599100354344170
4683.385800631823459028
4140.573753484056644947
4990.419567437408938648
3753.397629830891343072
4303.388764900144777048
4545.904982144271520017
5220.648353157585646933
4646.846398535178879641
4977.358604345674110370
3869.653118258266988994
3964.102059213169435337
2946.637824989275306953
4022.272091697662764087
5267.196556781727865726
5077.443149431998402399
3535.461018237884409210
4654.066815831908296541
