3531.370220952770564438
3881.351340225690745855
4319.729231776702734535
3866.038898945093399417
4131.946928057047867089
3954.863407534668781285
3993.877004928919694171
3335.324232617231603681
4248.446280273783094206
3603.760210993220790110
3430.179681535458428465
4652.361980038120588432
4002.068960625525119390
3268.902286066856026192
3090.175786860020338942
2975.629877722979348631
3410.073804535590634046
2969.663267392527605582
3718.190960127514479439
2851.480926285863755520
3421.442289603566198064
2255.871773436801610124
3295.853892026138219906
3195.877386553572782280
3694.184846829537630875
3615.305286149448360966
2536.077106656748597180
3366.587599412889169948
3269.348735764600568432
2652.332660804228739559
4704.564439422305927252
2291.657056846050784849
2792.964210020585876570
3298.293872087460842035
4317.283504139395092558
3375.431369145013440036
3372.753625836495583679
3198.515823548096552287
3130.689655080747829219
3549.895425669200594632
2355.845658338463892045
3393.997596862057736899
2963.032515007360501391
3332.627557928811844246
3206.912324302051096492
2954.276156966587768782
3992.572354127315279460
2623.303539761182278101
3225.144044268506601014
3156.873468112583968948
3324.063606691178810459
2672.043023273749252855
3661.616571777015145095
3139.302425787188661310
3481.236321615061750867
3341.973483846838750555
3259.027764105803449457
4590.144408305605484344
4459.474753992612903630
3007.472194616549855839
2523.567243628426821633
3465.547280526033000037
2408.674351966806161052
3393.447231969772637905
2879.206764721970826848
4164.815489068539507755
3940.574420452703409579
2453.921299956626871364
4074.672030370713471825
3386.979165037291154228
3214.654410470262240640
3545.048914032584541633
2619.506465291421807517
3568.424294817666788671
3117.082599371201088845
2865.646656083533460935
3567.726208388889286294
3527.467482614945374575
3734.210526879438244219
2588.244642633463068693
3430.284991740088367695
4026.236412303798430479
4593.190621512104020674
2748.577802077428999805
3949.697838514911727881
3264.358435010136071153
3759.297243150225073194
3870.752957018679519585
2353.697311887487247484
2317.464151647226615616
2445.876744893866769459
4244.487984110287800199
3662.740645778701614521
2949.089605908319019933
2416.285199451087452704
3060.039583068698124668
4104.650999375612529185
3201.193675324624252188
2936.707459213396871789
3495.839206745771277740
4359.171769847172524415
3296.534753125570741172
3407.695991587473329121
4223.715058877924664937
3606.951646816888297664
3137.454425460748444365
3169.800356918593241540
4252.382486129782516393
3421.952714616980262941
3326.747326986770776802
1820.331183072895277819
2536.163177308825213307
4181.727993381338024825
1614.656711846734061799
3648.264740986649976140
3064.709638748029836286
3025.121371424272066930
3691.247857468600790165
4059.754814063874595043
2759.712201878591547599
3894.497721232528375301
4147.702491002857083213
3798.727171591307746557
2802.238479861814992589
3456.188269771568375210
2826.973108545249872892
3362.819943031289713353
4127.153082056591054450
3120.111924966377644708
3546.504268945365472954
3250.765232000039894888
3233.042002827192343828
3825.622607648601883890
3104.987796374206470817
4025.540894043963937143
2720.608944261535648401
3054.097186168997874578
3485.839904818717506885
2349.183258920543705184
3724.603332443161977316
4626.938148517560469131
3563.795068127439131800
2634.689012596908455510
2845.580634893877807867
4365.110035213105073915
3351.090171301839688356
4009.890842401115361948
3433.000007342597578397
3376.682604994859934866
2495.871317854397748004
3549.650285099109646936
2099.424237521489926328
3324.776114458824680664
4517.552200003110796978
2822.785863679598732601
2986.939293114138285423
2379.889828754960371615
2522.875143933157275011
3427.638464644473998755
2913.752028801784241585
2122.626608928648528796
3172.478245286825626170
3532.080079149955018636
3812.432622387491836902
2685.324326549718226609
3136.809373862125259524
3941.707803550624629851
2626.933527191216253716
2720.127172652427782529
4200.939244916613009018
2163.794980385388259325
2369.095445738109684486
2915.167265988450807424
3235.495787234553754619
3247.835947373980962860
2687.695495689823977914
2452.259381979515352024
2945.937729632362848342
3807.008345913783276204
3029.213953933185285106
2942.502667375684318518
3488.729116021106457790
3287.838983417243027496
4154.017010884821855754
3216.090112082020710194
3538.663711048483791144
3241.809422788649968750
2243.020877581360463360
2889.838231530356210008
3885.794072363256563829
4033.746805902590866655
2498.314113023689788884
3670.399000793889352279
2165.195606711011627521
4242.240069172706867118
3226.314019391930654201
2749.412949998439846588
3665.451425822596754678
3066.102664103965794506
2038.265483136593830271
3248.264462448861895849
2520.978905272913281443
3294.120905965524183756
1951.856925095818832250
3992.863128456096522223
3656.617637064312654083
2944.244704675382683146
3662.677799047562446466
3229.243678298893656775
3931.809178264732446806
2994.094418132248111686
3779.032431980066862875
2356.726179958574890705
2956.346374814575877599
3701.520681370006728983
2371.418679540627143076
3367.335737665575928323
2677.603512268999707890
2601.765454255868399880
2932.554292335032798622
3590.916216949982438633
2520.990163123102366871
3914.333671240977120975
3094.101061415767150553
2872.310967392194672509
2886.883643583211094708
2622.867308734765230183
3589.538105348001193695
3523.220663111155957603
3228.567343691738498634
3421.574238220423842316
3483.039948865928603139
3021.293281411194618258
3131.235387804496688835
3786.918469620343262960
2631.698855613447343815
3030.675957890534735206
3744.935989649771418186
3729.982294647697316892
2854.151423939361436943
3538.611195810802002137
3409.783691722493750964
2957.443775783107531741
3763.573184996037608308
3546.911252381959751334
3007.111963489674178351
3698.257769213295170108
3610.403642702394759301
4013.221784399983105507
2927.179292709549235596
2814.614269403695931304
2342.949142413044574029
3436.489167269101871582
3151.407670750876456101
3186.305463531527868204
2738.045634138171126271
2873.040614881676223291
3556.235920137614307635
2442.066618280939617636
2702.173040849623438797
4215.586327768132014260
2658.443493089043352384
3538.276363501113520149
3032.049080811020680182
3103.954861949267497678
3169.262782670526525486
3061.982548297711261842
2317.246922509756679398
3342.287545056379465702
2975.660874042214847135
3384.672001336617927159
3024.729866751595435792
3823.233846088801034524
4073.808590644141057968
2913.996215808671833791
2926.225467317548184720
3225.084965321220518364
4575.169177198389729888
1977.942431798706845569
3060.496300785271076350
2926.813998949011039308
2775.545641222254101388
2643.384743413217857988
3365.933313783347081483
3503.248268236517302121
3068.802251863923931774
3008.796836531624879996
3193.271779061181113946
3508.835251781220442524
4251.483657564703199760
2900.119225644389247876
3056.225364941109968742
2952.495488131268561283
2863.864469812983149399
2997.203597358493561975
2989.055738066127010821
3641.573026052670964958
2762.655168463050843197
3442.258508632238517944
4054.761257796054468638
3301.959838730471202162
3583.444054957609436141
2669.925674313513096481
3773.454518717161393138
3248.190322785219635859
3058.949538625198365072
2138.119465984664133718
3898.489333254774652726
4233.231147590949698944
3909.744121321691031623
2555.300222546126748480
2865.884823879209118314
3452.974068068748706883
4409.493945575325477115
2833.498658564693664985
3341.708419221255584874
3341.608414090227842763
3086.186096360543283046
3309.975131380395859004
3777.302149844255147570
3947.884127717025401161
2954.866899489109691279
1895.816300313738454575
3486.957739725629485061
3927.891854960358488658
2918.016052915692539971
4436.253110102272100512
3148.584600518180118822
2326.428827795497477737
1913.634402066983868584
3734.294273007470750247
4129.564438775373787838
4544.942106322660371198
3299.407073596538320981
3360.626707213530644403
2961.593133080700495752
4201.786797201969611226
3935.660576304314149931
3416.037393402863978853
3031.830399901335157953
2749.765953279964064482
4317.315406710241144861
2239.706484852964549992
2469.892057801810180795
3684.759997357493000569
2513.185259564194067972
3498.196989630316272812
2898.850630356241372620
2545.366413642383399019
3142.763545395018056849
4101.367506011747857020
2773.249538302004126855
2732.181531242856251440
3466.334153873485476538
2287.355209637416558088
3484.189892654322833421
4592.896753715476416247
4443.777097989954987689
3967.617231653189356910
3678.249281714799371112
3018.840087033915632331
3392.867267743227291721
4064.286212925947732844
2682.613546141416909219
3442.637868631290111843
2991.313922720612364925
3465.240959870717410096
4123.097465654434509386
3335.144956931150809432
4124.066033060983628822
2455.819470910063899716
3600.352544749445011352
3750.850251428911736218
2461.066418366363947046
2732.037810922927048685
3738.801249632726987127
3873.045138780974073534
3890.321766977580613345
2308.856488852602842687
3886.311150011215681532
3367.647121517790848921
2710.589403194365367922
3483.497320454240641752
3672.887505519244772501
2686.303191637691460292
3900.138795233899203119
3542.056579353911103025
2574.479566583363339349
4200.754585595302371459
3451.250759669535198126
2438.822630885200835937
2928.396040981582497897
2395.985069828176269979
3233.366651582166933387
3658.578136915028231613
3999.269568154110983782
3259.986601591777868325
3578.720027665744147338
2510.104867116188023468
3636.656387546567583025
2834.850407971723863509
3682.608544909097169073
2014.100216647770525191
3701.363763057653723854
2158.671630897180022224
3272.743172737361874391
2872.502087609620082365
3099.380286920291559305
3060.440860795897204616
3408.402905089464838273
3486.804376467986142929
2531.545248899954553501
3730.482271516278337531
2761.349423141505866841
2857.022457667900416256
3885.842366064903565359
3184.145942587928933776
3301.794914427067297202
3823.120464894784989784
3074.759598346473926878
3580.192655569397182980
3617.163376041798930949
3120.419584073204781305
4126.504912286428023549
2780.589759162539232662
3203.048229245958069988
2580.271968009930334986
3185.104563621291441589
4310.145654917019049979
3533.545877853697472659
4397.055813218908892459
3366.141654031665316094
3861.468293567273042166
3026.493341985106398706
3116.173209597160067119
3504.646844293574348583
3278.387050261637945425
3043.085630402851541998
2483.610016364272307543
3000.577900177671616833
3510.549412318566893543
2448.479153951709886616
3308.890447644673609373
3081.171781709041776809
3834.690808439072156943
4117.216511330179127270
3555.276542326659794391
3182.441388836749937452
4444.446932676370469295
4101.773248065936225082
2855.442147352349004485
3281.085452956850506245
3239.280997843241282297
2566.949267206150225196
3871.216161734733119060
2853.909475172556363898
3161.000612809159193262
3049.188997739444253465
4141.145519510312912104
3392.017549570352955346
2112.461764046632047398
3244.817097344436227058
2955.194113348378228912
3574.791517708485140137
3879.228448437140553517
3261.788788917108758092
3204.857249184606544867
3825.088306445923338028
3223.879869500581285990
2726.535802344942541309
4211.461472453170376440
2865.289219363305333044
2957.798697840758788580
3253.223215992376777361
3236.338817762953784296
4309.135181649693103090
2849.159073045575572003
2669.867828488840487688
3545.904881150480571828
3799.642476702237357200
2574.691799703398035870
3079.378478976116017884
3477.204964499126350619
3601.249072716272743966
2301.913878538066878798
2915.194160715378332016
3034.386817208128501955
2041.133269381785915297
3555.303230157290916402
3880.902847109161041494
4243.160807485559581576
3178.679189397726131627
2750.402480788306495807
3106.994874656273027069
2895.130430390672177765
3025.131731908739717518
2486.497902769889904340
3244.909905391176416556
3805.413477541882825372
3831.130330308550495655
3218.435123121784376288
3357.887454409029367897
3771.362810045084124733
4088.839009397945780000
4336.406689081342468395
3497.402852729945319954
2930.971251037791799332
3617.237328756911597161
3169.173979672506555438
3599.007077531650563573
2603.810647773498686774
2657.593476003401845809
2655.207855802965965619
3968.505739825103927565
2220.291166963248643107
3324.586062385906025440
3719.842732336619864242
3267.412209426607616169
2644.304919229696796190
4411.965899309155237695
2808.567236867536847544
2192.045539444073616320
2936.494682083940367168
3445.415642916806675089
3052.223399984211424041
3102.997511997066835798
2337.353650423995777397
2766.960859686694877091
2921.605402569234544385
3869.488807941825906367
2564.244408587534219457
3318.398814417690456224
4689.040641018775522397
2687.346981533169626655
3679.846010590295216858
3835.182746846420328790
3360.964883598247892715
2717.141516280103439529
2939.343224458876140170
3223.267348303262697096
2878.313914965150827285
3045.448086230293858634
2446.600716833866819844
3139.110140964853461254
3088.294481628433601150
2780.334500304195540332
2603.876557664812223081
4045.546142677392945641
3022.353473680309023930
3558.082418201622919129
3651.413629807785787396
4399.632719748308018470
2987.164870178060153361
3513.335234274375638019
2054.535210234032376553
2545.245340646117095718
3276.756062146119909295
3711.981798048969446446
2406.380984718410034784
3886.166286075489213703
2279.283322480945543020
3606.445766189091067133
2815.245017716889677439
3112.493794349915006814
2684.533016521318284253
2535.422162585436190563
3274.121051787099359931
2206.730681519622490949
3251.050446885037596312
2096.773268794712654639
2951.740002693148514412
2309.004125679936253679
3033.508982836842941211
2140.298225343053021508
3620.541503499107580666
3322.604695891341278546
3044.506002330693248181
3729.156092145725177822
3479.256876629134758394
2857.298812621679766188
2301.652478255283184927
2715.067936782237182580
3151.251612176382273178
3909.980885787270546761
3913.831384695204795410
2682.332578759343075792
2746.405092632540279940
3713.024497889414117457
3002.479972574454310408
3051.666744526372920365
2073.701165396096988358
4079.365004586922378360
2835.283799510282519041
3756.761921833633271817
3160.842646035441841468
2852.886247998404124049
3520.066123333677346796
3715.077541668129149643
3946.193591748153457033
2101.537310466142270293
3218.929457707876485184
3494.674626711420876601
3115.432399058190105601
3677.604521657659131240
4005.109502743959934090
2220.916649936436463308
3317.970747938260790644
2969.113764203635509098
3416.844323498775772840
2862.910997983958985014
3303.937634640821875864
3409.116004944374139995
3028.220588188916094330
3702.300839176004807474
3523.918431542218923980
2968.852578364170669456
2612.701837719754091260
3845.071698101752154519
2801.905784142968872219
2989.846024839128077577
3082.287175400851959584
3752.988343863887890972
3224.397049173150262780
3392.629031249155638683
3317.102160528599528400
3619.123203321877006111
3132.204867032743404787
3670.942946826110065306
2643.355265946447197223
4001.862926937282562090
3349.068215209698849755
2768.175455315939198053
3558.460071523977796826
2989.038067405349319960
3521.739752732006599745
2597.031703729426361793
3892.429693890716992266
2559.678956014316991485
3846.113930148244134610
2412.076666892868062497
3400.609947699492624729
3136.885491047542625864
3198.285834372476677423
3157.849061490011939757
2633.752447844873860072
3812.995513990247254066
3246.417841212168188481
3603.191000994868155693
2773.053640846292432709
3784.610468032151837203
3135.984834964067947904
3861.248540870640363121
2335.007219226643202070
2599.151869901503220772
4103.941112858155754850
3653.767752619582776186
3189.221726970687788683
3131.062842121664460571
3726.771177899555009594
3010.336928164107980432
3182.149201017144298120
3253.219457629940333021
3200.976128726147262871
3321.061441043287855601
3440.074175766872474291
3433.674945740680548578
2448.786002691375727869
3367.097001669282323677
4254.275249745859165618
3948.031222792771254060
3721.007819383310195605
3992.965247983040474544
3485.236158704824712462
2794.000941114840440793
3571.277467630427490564
3600.522758074178807597
2903.732342462918955217
2264.038073005661145576
3494.401572059604104137
2821.770553119074580906
3120.053276370976559795
3812.871380455857068581
2899.579866174998632466
3758.240053009261313122
2938.053035886361399109
2840.274008068509577818
3715.382277000967957026
2911.715512329989719031
3478.092517571728412573
2323.622660993207122981
4522.714976485145836449
2737.809116748458062807
2593.856356065181790971
3941.267376083236003481
1943.756293677121987251
3598.438839914079418358
2979.332576624471581761
4147.915176796018664529
3019.732111702123158459
3529.464413742127720797
3022.036434504175400173
3830.229259435886390861
3991.168528862018743508
4347.391800384328102602
2218.337278792365877989
3115.921829938702970253
2670.777902981167184038
4398.441048114461843888
1980.350236393521250688
3070.204169743985332941
2639.569674852232496809
2856.542009728341245722
3023.870548203251553243
4155.780356454640684039
3300.436905290164674609
3215.867758238841845442
3717.733151488311829969
3438.522374194698711047
4249.044314316948346644
2562.896036298478630311
3946.528525707415436363
3738.033160749659712829
3066.927924274178025366
2655.518429988944693720
3249.959625720802324000
3627.413209475695341055
3723.737137668007021407
3316.456102109157669799
4175.467118236966078459
2972.373334463102686920
2967.936385545346041237
2752.904469988748990428
3896.585747402923079807
3396.516547229841106237
3672.605479998302889566
3897.571726182844941810
3606.661705433882098681
2322.679541830863673368
2836.250784276660626526
3343.593594740670267296
4483.517060906532405440
3693.626436730634452044
2638.179260451210069283
3558.400768795698091207
3411.212977889174782886
3774.210622709735438285
3470.548092314742403497
3045.926015364053479617
2455.842074240341857960
3456.467174468996659709
2309.675369974325806588
3051.912811708922912191
4313.279508448365501483
3066.379813516852566702
3208.045349100481927529
4253.141951971537864541
2711.356128086080948147
3911.826755898472855577
3378.551640710338598073
4092.939073945638754237
3477.893639354089300397
3127.220766075562397024
3964.705039076901798456
2944.125933470633274869
2698.351716759265938483
2387.265728065093435051
4157.392196575564554450
3203.517118730147141825
1683.554706496527993420
3859.618413156912793749
2924.440451967894220253
3276.469266272349158076
2950.794691352756654368
4549.943286056574562437
3483.477242728412015094
3926.467876205416456470
2638.326155686832542591
2407.854911606602382967
2302.147838645643590061
2426.350559027258882550
2738.860945484707967612
3191.481433681753659970
3408.537887305158810225
2506.760507196715231926
3038.104537793454208439
2255.792627000718127306
2684.491704361519365030
2998.646042650404526464
3198.080995703564469057
2984.635464010241362232
3217.807909885104611369
3796.603338568743669867
3602.617954662442254277
3571.255943608275074785
3134.174437467703195459
3661.286481381597408546
2733.332301914920901442
3486.826495910613014306
3132.287173316141352331
2873.612344636596811487
4110.679718137434951686
3517.886401040981009691
2873.821570442546754709
3638.923396036981422252
4090.762939386678971321
3345.281200775229708100
2022.758871435819902573
2294.875109612542924964
4125.558732837544266392
4750.284578655767091959
4471.367617704861764150
3554.909125703725773837
3496.185503065091338071
3418.420355229965499566
3803.802736768790263122
2748.067290330186948299
3513.904822967503563946
3320.406913061066420667
3217.937607103965408362
3162.290287580274834145
3261.751738459316322993
3302.940676584753279199
3668.678036824999121324
3031.474266375198196144
3960.170909348062280086
3182.160393970421943477
4391.915322551563804154
2788.136939458137079528
3537.034891793270050986
2646.164484078772699993
3837.155411791118273301
3650.129389450603883516
3097.265219364656993140
2777.919171013896066036
3962.875297015050781724
3608.830278154050856365
3100.501932237080233490
3469.779089840114014942
3636.693645973632472490
2919.553056585590692373
1697.878786964780924662
2755.890270331197880793
2963.513149772204129606
3923.798977845474388770
2536.233139760186604761
3940.612633894385898881
2511.989661186896916734
3693.692984212095032026
2900.565340836623249299
3211.143169945483704097
3450.755732045120637741
3386.241582361081860819
3081.773173453125105548
3426.729434146361139568
3878.684763498754907607
3125.471258115485151619
2958.557308665858441632
4101.874787893353750068
3547.626099828461798236
3082.027543735624419474
4048.716526600532215729
2980.817968437386237479
2879.379953499611599854
3135.632429104849494106
3366.082382609737632340
2564.393172247538158048
2622.513069781846395845
3347.248159667942358997
4236.227803098036029716
2729.449127595766285914
2938.948221092520692643
3562.008550286817031960
2498.012896288428673852
3343.058206336543845882
3530.927099283709480027
3541.046824247342875935
1822.768392583217453407
3158.305645088147261434
3314.067406892935030882
3618.162243787602665446
3328.900818534403736049
3441.285194465252798457
3920.418808000697301619
3584.533604459702753164
3429.991590936332916506
3113.293351237201633808
4398.771870067120988157
3308.485221475990275319
4016.706843706611668843
2501.210860855948313830
3132.329642052812690878
3929.633023668969770359
2590.224727642240448056
3555.586844807840820826
3182.495121390839637243
3043.759946640475084756
2738.495155979456851414
3391.825142139288340015
3393.301991471188199245
2483.987727630226185260
3726.507144825538042410
2938.013911391215502000
3562.984878923831848496
1961.602042978846552002
3575.001448791595646037
2242.768507691457422926
3276.476524487164084576
3812.830333749898828355
2914.373746178737947021
3762.509171917029973553
2873.871706853511051261
2919.696742129601777282
2603.100730172909598181
2199.025987665878643540
3485.402160429293961563
3378.989702977806099504
3111.565982033248030092
3340.536515737535427029
3669.101063039557914847
3969.763149941107972296
3207.371851601915699881
2088.029493680484859564
3985.498849791370644446
3930.026940919716818446
3005.973165711748612550
3470.925500336698139803
3340.423188130651567240
2780.640725413364280127
3530.079444783160880883
3125.890634377176357628
4026.552745149726439067
3673.488097318714215467
3898.405642937836269590
2946.348186873585952572
2786.530112198387887812
2027.888744091668181024
3596.387618701044934122
3619.213123497566146680
3181.700622094842427101
2850.969712196455640552
3453.914155861195357522
3468.160285607214419645
3334.919313551745629454
2845.140560858798963295
2844.582927533960306832
3436.484156450587992726
3190.663122636442547542
3365.274922602092751767
3172.657933514171862743
3351.160459333241386393
3265.147620063436731286
2317.625309040824646001
3618.274914888824805415
2865.759567921380039035
3475.298614533003680016
3328.447768735653152561
3353.797512509776332923
2949.581252618000349219
3422.805464611088717364
4031.811219486265571721
3634.006890294310581080
3060.531689437336734905
3401.133937352435576029
2150.966829327144511197
3009.311386997550999745
2909.895128187824929089
3811.422120002846879672
2358.117163039353398446
4480.883542989867007300
3215.001039986325711562
3277.806571145476224327
3268.006126436977331062
3120.166384354882164853
2798.814296765630709629
2746.150330532625236657
3425.738447420641504815
2545.304397895734463075
4001.077905688408468343
2202.743020182786274574
2752.563889505491547149
3086.915574682105665172
3408.100951077410803780
4347.990129354175885101
3064.378073064323120045
3142.214826487171813074
3437.587566246574669160
3046.984403190039921716
3071.087450750202367811
2725.603272461265386806
3369.146654864573687149
2382.410548361312709664
3347.894284354796105241
3496.093790666605273243
3028.245811703236142431
3876.590659031798996814
2739.153871895375867096
2921.808816899659962729
3535.770902386199991740
2689.735402983455925252
2587.528090970428629625
