4111.169264868985502304
4146.452060619549286002
3689.731959385059596457
4094.395000271100828027
3898.180011497460227377
2810.276938044301883401
5114.060303241150751585
3282.779584987427951903
4631.324980326260527530
3857.782679507916692829
2279.206276280255228039
3778.423169236051416986
3083.885521018900630619
2949.853369118647213876
3211.634344178517300072
3561.514544376251488744
3146.256341725725111713
3144.412030403175143611
2594.639374496121417168
3113.452094134933671787
3249.109938757391676578
2604.813060776407668495
3424.923309490890901197
3330.079792546679853915
2952.070021646189785125
3236.684555531170970566
4057.567112276877994370
3531.230599791714866553
3966.192086879347270756
2874.246521417164896173
3312.848156488195088931
2855.357706388531894737
3187.638556707928050526
3559.952936505981439641
4079.895441093845524616
3493.756294692071768360
3762.561849278461537871
3171.261826936649227182
4077.786035531864054837
3339.044790573798597411
3142.873851882753458931
3030.911845706935527911
3433.597431879700312640
3264.877272609921890378
3880.750165294889881151
3677.995660188601981577
3448.717798842928426994
3513.234116392211221047
2155.294555841369245064
3628.063219631262038112
2898.894017857835759822
3238.949368385757593192
2616.394809408113142357
3150.976330099384947525
4066.473872993276974519
2648.618335688835159214
2632.521937781219248498
4285.239714729095084955
4434.523884897275014083
2655.955970491423831392
3435.512448016472252910
3425.541776912577557335
3917.551384797120009429
2897.257466115323530254
3815.624485928612795060
3045.034924690804921221
4485.048835016155172717
2844.319526939715063518
4479.529435883530595675
3523.604489839158382836
3349.529884937225894692
4100.724954442731836846
3483.244590767005916865
4082.132492424976944356
3621.413920906565139690
4028.903353928686230878
2755.473146261869188844
3250.640743340112845061
4122.572105449771009855
3134.111471871159465330
3130.179926973127232825
3029.042293281228653390
3488.025019890998139838
3489.083784862151219830
3345.804160336086054750
3061.363809773047980345
4022.272506628917982052
3056.260637573992161586
3433.439121750285752510
4087.147276217382861452
2126.941201541598999825
2626.999319135285060778
2199.893847814371498073
3276.676095460288297367
3509.891735775857124491
4039.441807507433922275
2395.687190520583500941
4964.826665298410314442
2869.197296544821655484
4143.350944231860408795
3517.662175100891380763
3065.596066495267007168
3372.215405580478618353
3099.491955953485959441
3562.958350652331470432
3564.604793184774473414
3104.579214390486589625
2448.462394996087981180
4024.876123961345959046
3409.621870753558961820
3748.261885923590301273
3200.630174544179939788
3383.914948099193301223
4167.696690369339774129
3041.237254827450313011
3276.739755590591620882
2892.872002067001553360
3768.025684083354438059
3047.725474531920951682
4235.719378668817505229
3118.005459906050760743
3024.239108530150787146
3282.000050666488086826
2969.058925696591785481
3512.320294103368588434
3458.444478751935824645
2919.787896438417816425
2821.153057342312198141
3384.488446312242530878
2638.934299398583863239
2551.997276180185154626
2639.636395226604137054
2568.008379031622789634
2711.035643862555352790
2942.803748432773406130
3345.971373002845703049
3233.745152536589875902
3352.876433094085903752
3480.502368625803639279
3426.609916689467538076
3580.747317040016066025
2995.770027877498167701
3903.329202586998755375
3024.411612440807632263
3707.329271181471977537
3112.434541340239927409
3835.939968994855846507
2834.353331326215168495
3328.518772467579363683
2733.959511608612334532
2713.481585396373362062
3017.998271297238924937
2891.239431320811410719
2748.790654096038990062
2680.603034303830858542
3357.444154733610261587
3363.637931216442180871
3630.767494299173164363
2318.653936975805648135
4245.861071206028753977
3652.839244203938287692
3088.303786343887443744
3175.887642353917009963
3758.269001675556640008
3839.209543665390272249
3433.288378409759453280
2917.861192475323409479
3921.569493631770118691
3056.881144846215490496
4330.582816259146729188
2827.204013975835673822
3442.061964364339742506
2205.688203281344551776
2487.195965101832273225
3702.334369675939671485
2881.065059652441697535
2949.270751563310696719
3185.345609182556220862
3559.842346061500265364
4076.998355375344877949
2968.576956071383379898
4457.563121469112886519
4174.719421745871807072
2801.508367797877167682
3056.830792185063401689
2542.065393654457558625
2906.815362780883768457
2752.196565233331659428
3394.430036950564020692
3426.013053499796186196
2492.576969935211371965
3083.654761187757207042
4147.660805169174005780
3333.856192395070024759
3014.392185248800869024
2993.594837979854300869
3314.588639685579778416
3406.348432476737321029
3792.122972103530353039
2268.131123949665817863
3737.703734283353192991
3636.248369072941297508
2411.435659756546945554
3331.925977911694556344
3981.459355155023428940
3078.768532172611166242
3883.951447435726039625
2837.791639335557371648
3341.121443163327564108
3230.760463891397344049
2976.877068472704032764
3694.026725799427827379
3135.076771011407221756
3521.693394797452738132
3699.641811280486073832
3334.709462907474928794
3874.604186434843333453
4069.704907266766108709
3139.276347796110308686
2583.225737221984845249
2444.403958874272243973
3984.225756788063499858
3882.838706653178327599
3781.387810182408989679
3953.087342357271768867
2628.744060613931747383
3537.548756095190960469
3144.140726622481524677
2493.192072066058756263
3666.842236164579298396
2603.473163972288676016
3433.187254884102074470
2171.477334849703318520
2959.819104573911258793
3640.738448388304556946
2718.761985270693963823
3484.812513346314180485
3174.239391576976346609
3989.558742929760712270
2512.557703510132231628
3558.860864499529948812
3625.816705051772089519
3431.500618587675079496
2510.897574673620208596
2702.426278239051454122
3597.089282882455816281
2935.657030975091301261
3174.486229957073798014
3060.109860728979027211
4080.507455336187103923
3154.188440680540026051
2857.739100885316620548
4002.650952468147677932
3729.422267024333515151
4411.596318948256937986
4426.208869748841011837
3934.002765453738094559
3874.402953448636219180
3185.053972602799676750
2978.637010023674780212
3934.586542245819581254
2988.271715966090671834
3100.199757266866330108
4630.237502673641144746
3415.402227543324490178
3637.275615002191588632
2111.023491510000024141
2061.907365488216093308
3390.348347930787007432
3791.784298935177684342
2991.532618964778616810
4064.935914924375121693
3342.294703040850638143
2201.840308612814728573
3064.175268318544618218
3153.796726539525182575
3359.862179447691377998
3718.849601996211131416
3279.621153799990935340
2491.739504620046106620
2417.985310563989240107
3649.910956230684486723
3982.703060603579261256
3584.146361081042400532
3600.577645413258527363
2551.709350140298982801
2593.644771867038256952
2724.412587845839481382
2702.131135697417785080
2983.820799678552094125
3002.581482593112289115
3218.300736839025106395
4238.076769299078282227
3408.923706411202405153
4079.074290666450421927
2515.619138871883722963
3952.394844477290372309
4331.991750329276655851
2940.193320335662327647
2990.073750138807977317
2701.545377558933817230
3395.814306238170720675
4181.832583118057424798
2454.261756701339947329
3122.229384899791131636
3612.798953836681146612
3590.053589831228027851
3399.796388194151635087
3191.833658925189421751
2933.075128831892701031
3650.896450611594021618
3083.970832760793580274
3721.395537463703907077
3104.226561631372152128
3496.004108039425329002
3440.741508611934027728
3076.875510562628802225
3193.875785353722043913
3038.724359752269394752
4118.906502192746620583
3453.844963497189645141
2526.344276366222639574
3409.882249335991612815
3716.752115736440483129
3231.867916619386988053
4279.580763496330579443
3243.895812124502581630
2788.311169831738403069
3858.000532746775269377
3101.552899342494122870
4061.413196555115126873
2656.916223381168334683
3145.239427282130933117
2973.171612492343175882
3507.269893307566396734
3683.386735468997534193
2379.881854242546384448
2997.524653630824236661
2799.296621507205859558
2998.345885263794736053
2315.374879888934264160
3951.457847799789354193
3103.885920999411442756
3704.816846935900680471
3510.377886425211509724
3413.121874504985207910
2573.212751143140198273
3885.855188214688801684
3312.966463928398515915
4176.252845668534854795
2151.179561732605391988
3183.327358979989786025
2597.425145160066780825
3006.054313369145778889
3125.170514224065565045
3233.986409474468725955
2954.056419995208877305
3447.786669207654075553
3360.481880355760822443
2161.341594097398157270
2875.915444895124865266
2865.116116726633350043
1792.660805011220161331
3790.873758722923386077
3998.931646134288952599
2860.437700661441889460
2356.119449652715897914
2179.378119875229461888
3286.826360943305637807
3488.292155798331025451
3688.213507338956775428
3750.199208619325238034
3396.135602532725138447
3635.517611987245904626
3256.279028728460966269
3151.195395203122607164
2991.149428495380155013
3417.540347836400477455
2956.899841243781957623
3351.664540188242934704
3746.668567346607052526
3075.043762630790659340
3207.110812391726682780
2191.617627005203075008
4386.878831525585786366
2904.228375847867048121
2179.271122191824104020
4242.403231228024351740
2890.067573535926288342
2266.242737859219823937
3965.876065608680184127
3199.664772909900179343
2247.330490977719924084
2345.760581973398147815
3806.034106067837833320
3238.865450589480743604
3318.709448582170951525
2338.827178346496107331
3337.493169606620021517
4007.478629682623990860
3427.943976727015687134
3603.451313109283647318
3228.522297921676145194
2961.012119815683924173
3836.506008775116880472
3463.692468804001430849
3534.350472592623953139
3047.447673765114110056
3232.376819027034979603
3670.700582336223755098
3000.972631118272441642
3436.513118627775135394
3306.549052378219493153
2475.396229928228887029
3617.096112869335263085
3588.974034573334322529
2586.064159242997367638
2929.390349557384060519
3826.489771898041587939
3687.584856694342496430
3581.627139507856931511
3540.465174574715563782
3031.376265772992666836
2257.269453602636100520
3432.324161971151339268
3413.562571144577001192
2810.433414402771383545
4424.651530155622989327
2838.833301980987145807
3072.369288037790341583
2769.019308588216464084
3393.059581790601177076
3352.679305565806532563
3553.644030907939204367
3141.230473739302475611
2751.532735643675426918
2954.186682239509561310
3235.946221115201893115
2684.293318098613591260
4000.691177540060116780
3834.241800362958502602
3272.305315893728864474
2665.533570829209076614
3625.831951243744005531
3440.126743462599564927
3004.764495698040115190
2567.102888956861455938
3802.500085180660810646
2573.714581966782671829
2939.724858284312502876
3917.405465745405872324
2745.457488914506855471
3920.539349878903651270
3589.135657165021043635
3122.459451443691287764
2891.058308656622233279
3418.531677406529228902
3987.055897826749069290
3275.208635093691935669
4247.803310491775463209
2572.427482500853763270
3364.141521469071379968
4197.214566347017356662
3307.811365386164083269
2942.951146718877151187
3150.419201250758315824
3189.604096043040626807
2744.044877660397027341
3351.853946756011921160
3279.398778554526966644
3815.679444415471026630
2870.642181727541802028
3868.278699301092787843
3595.607183102771899019
3459.457568434920320843
4759.954978305315360210
3757.495065103080730484
2952.928170662621732312
3174.380053740131461870
3413.185046728911136160
2813.690383771351060105
4025.443117817766160771
2545.071029610313780189
2712.142257012433324670
3259.757379224750789337
3757.411699963842130590
3505.606445479376265695
2743.652834513045016829
3161.336192786606812177
3272.221185911753878583
3176.493569323547792260
3462.547845036309975386
3047.513684972372831394
2958.603886170036480374
3400.186108408486115762
3395.297554195273411093
2487.829064741569995434
3688.177223625036972532
3709.600068477447487814
2925.866738606115003529
3723.862787396775985815
3606.913634434960136188
2988.788068992657570133
3122.775336548726451413
2748.436038678529929946
3611.320054835469032906
3327.547739419893610302
2829.442282993174252681
3240.779747685641557275
3175.509836136192323597
2979.598614743776045621
2834.949285361239698977
2340.097905792142578774
2278.147805502504608111
2241.851193300763547711
4042.675883946380316791
3381.667083008695250834
3295.107770940592337938
2875.328108169635495939
3376.268856433540695772
3085.315054037721652858
3423.284881719292463531
3549.130064720072140538
3227.899229755838113043
3639.858794332748146649
3468.994280393048617039
3449.173594947326572546
2582.876832446294402601
2432.742966262866285421
3956.892126594493217295
2773.191299161246645477
3165.502258700040985939
2460.022238219606975473
2920.433149827518817698
2678.090940928783191710
2265.552828074265422797
3704.637554151066305863
3590.887780150087405184
2556.546500948880640713
3542.095955156392187435
4186.629835723034833705
4081.244376132375010879
3720.796369579628743995
3118.756742628442339305
3547.530725598672340482
4097.819534359494905829
2961.042666970906130475
2816.622929186929189083
4036.357099836975683704
3676.675385377244282603
3173.433530745545646745
3357.561099065687359122
2622.147991717154471569
2856.415985395052075546
3348.329899179103410045
2896.802814376139642905
4220.509554975504786789
1790.287054759615459121
3920.681158011331749691
3493.207294747619844788
2894.075338812642808062
3122.921622551098557397
2562.725535491848826153
2618.622619711574439849
4260.293388012459519398
4025.743503824346392284
3740.779011264747524912
3955.442066335902164820
2874.592207385503706218
3530.823681915664413511
3256.799953263535359449
2437.527061335800093067
3879.819732765593726098
3565.148845590310943354
3468.462750478574852409
3337.447783189645514224
3451.744479404482759177
4186.362853317627149785
2827.089509482234354287
4451.653069172752637872
2930.023337508086282099
3845.771544294175222189
3312.078577260307472363
2105.713791348853056062
3266.427090164713734843
3450.612192644494166105
3161.017501063440897635
2913.404775401158871118
2891.634150439251543796
3333.830185275342953721
3762.253304645523169336
3690.312076922232342069
3012.769405415368889845
3567.014046608201581767
2583.723110645783894279
3162.231231680549570662
2551.455119590333557200
2711.406421103220028224
2907.867278494509958975
2692.041636803450588289
4134.738441507722225055
3522.964094278902138502
3617.587544709934653575
2582.156954127227003193
2219.987584817284310912
2733.174020162240387410
3253.856474959420441273
2970.576992508312287766
3077.450813575820639967
3408.048406663340742950
4042.802820900037072960
2882.158492265642633079
2222.251964322611218039
2740.875958238452883897
3804.372951448078485237
3072.747035520105367556
2565.394791409017609674
3081.424966717001389327
2972.832969021230863582
3594.101274313939432981
3079.230900323545538688
2211.253454278212631889
3156.664744933437233065
3782.700561222729236821
3271.498475750151403885
2715.421298655668801647
3403.840342775930555286
3321.753646496745346006
2416.594598712082785585
3175.089516928664523654
3675.609507942361687372
2702.270825131431225330
2871.450857186565166934
2512.647521987947940580
2595.320951085480235099
4447.097558837382784258
2323.001284360630848136
2760.073059636181365573
2678.112621026776862809
2850.787617022590076488
3445.870875171989442975
2475.897318264410864597
4031.153895003446786083
3591.026316824450184351
2271.803321946223897410
3367.862934647912478203
3570.659034214007137242
2499.072416281573301156
2136.732528824564951719
3602.029140722370270211
3026.860611115804364557
4400.474778024625635453
3003.429993790232384265
2264.394124281383919417
3136.689411516348714448
3999.921168960054103536
3200.629183106099591605
3467.469983252742547597
2306.411963370782884475
3422.701961232777124078
3095.174425155557743183
2836.734444656133300677
4005.430610134168963654
3639.372147520328173664
3308.340352615814704329
3862.349497615157819297
2206.812764093836696233
2750.925573612422432745
3707.827866408410056653
2915.985740694156145736
3168.039706377033835283
2488.309482821456265267
3471.536759371111737771
4894.395740826330872153
2304.419341837055797528
3609.023445123529712397
3005.195963443206150556
3550.881004245751036974
3573.061343173823610986
2308.519506054391937644
3784.395776904819556963
2885.677793937039771421
3744.239904939347919122
2997.547202639427329496
3011.301066219457994277
3498.157168112580864605
3381.253511151552046954
2958.215656097270641389
1941.060644549090428823
2519.176920339661788217
2260.781054728129675802
3000.544493439014019920
3154.239031528543986793
2821.165293442980019023
3263.068027304685083445
2726.299546192791863009
2528.445352034060110258
3376.734818773222385202
3058.849509584728158185
3924.279409461237277057
3683.951867565263899484
4240.462056740829978274
3175.786797586439847541
3394.647218687632362677
3360.106055944255553758
2387.621594866230401610
2996.473524555652367507
3040.558595898263719137
3903.405333766855009214
3320.855898138895042626
2712.770964604157351019
3865.914335634406774567
3689.633310056662431009
2811.883621536362613647
2999.006351259619275185
3969.796579543816194890
3599.948300437664546303
4472.488378337942954044
4767.881127654388596415
2855.303394743856611804
2482.931677794560559214
4616.162057797203619458
2606.883315681918757978
2573.857482313823261011
4185.736262784531406034
3765.180166382539208803
2940.464552624147033910
2606.240512529921616203
2750.568642569511112361
3146.280266097213672127
3361.053771842253077295
2271.566562399575821107
3472.748029277204145915
3313.172379058152173137
4194.755780534039247165
2578.136051646389024672
4568.709382311115578368
3172.896944458781335996
2741.360124244872109589
3367.022182075375532628
3276.876101513056547931
2748.127053956014645975
3112.080749905603483274
2811.193403624184272704
2571.541588084630886701
2148.248575557114320000
4018.434653641824684245
3695.570463652718389058
2059.201354757931029305
2164.768180812709074567
3409.990743818692138900
2830.950422249572255406
3600.993001649475518944
3528.657006379419227349
2542.293523460658027480
3523.493445920504834268
3579.172503821443737326
2887.390540656709472911
3534.625276357595534238
2890.518010768188528647
3289.502378397843020075
2927.907916347352188291
3611.645406348443315236
3456.196292518516351322
3399.077938048241371849
3913.720993688366142527
3725.627367503066509347
3096.628493337123189111
3357.623236440405352088
2621.396559799263918267
2814.673381106411585773
3439.557599923287173338
2874.293911250867354701
2324.644044643935353767
3899.813844125215863690
3073.473574094243343957
2633.745838582536823003
3208.495913297347070348
2421.641481746521495921
2714.395715448118383328
3836.501874316917554575
4578.086518396429014821
3974.236977529431741774
4299.192020951334817891
2849.396320269450774809
2921.496736990817037594
3758.351138721710204216
3569.206519829601397920
2888.069435690069644007
3849.911384195060692903
3005.997268711769182303
2733.579863786637156764
2364.574581354987528714
3826.924406865340398509
3355.750840716940422981
3346.186808933862726789
2050.800650973321228365
4057.585901340434620277
3645.899857320634700475
2809.287784972557806107
3015.508589497818665359
3105.283287717083065882
3256.530729325023258092
2943.797796423966995016
3523.504825833638557375
4251.158272037211418581
2951.544893696841745268
3733.163439791210854501
4358.766450773259317764
3158.983126887188846776
3160.870819087313821960
4287.087672362428839357
4036.273983247622917370
3279.941956529706549972
2419.260716829411683282
2151.996615613800990507
3868.257070440846733916
3632.699548751320156814
3163.065800499181613903
3130.004166526782337643
3160.175561932310464908
3256.777611066910669058
2715.384560714957435046
3134.967603269299556423
3118.103520056193354026
3214.700819462766958168
3381.010707672626226294
3618.447436229213201697
2550.624291646125239907
4603.444805224920485465
2255.247920584742721717
4212.186560371811816950
2674.772046513442579352
3862.693366459391967949
4103.894613514531616971
3253.849323563593200825
3346.796141861494178205
3574.495771061823021331
3446.378413825383525415
3424.052886883491849002
3600.886732232768852713
3155.455738056008554659
3455.760445155283167473
4247.475385065829519782
2242.890321425138331346
2380.958220268463743752
3566.983888198445801443
2997.589306762383213556
2591.736381737289818927
4099.371076001416327905
2946.151594398308382949
3609.636618511395344200
3431.501263163324109140
3035.558364425552940968
3112.287969031611206017
3546.561825639816867284
3086.503332924719880559
3413.831058435895090541
3006.226147088981183408
2588.378971961925955947
2652.323736943386238929
3306.184638042617585096
3450.619427901171849982
3048.963441324493775175
2766.716658050714493289
3518.222914237171299323
2082.205252412718379462
3076.761974202414671176
2330.684343280234364748
2598.540239666078891512
3229.002487097852581721
3441.345668965368177261
3044.528412010584743630
3039.858376721329181303
3231.346299779815131048
3699.014526751998163778
3264.087603579911063933
3247.984196160132268405
3410.909705100796206034
3286.127056294313526275
2680.124389925154551495
3625.187360367210736234
2807.539057481484407575
3711.530714752717565963
3132.976304455771917823
2301.957677302362000660
3240.749899432126285514
3753.001074048678644912
3432.382735503117829889
3632.969730181566077709
3293.447066608857547454
3299.355421903273630768
3754.381767126668334900
3149.898064359512015464
3027.996942927703151849
3954.057732367455206379
3848.000318462500010330
2917.724732059166355747
3481.294965058433027671
4172.977592675692039226
2987.683741631876032319
3870.391367383470470287
3092.015353713832371163
3628.877921914679046012
3844.660492550427362435
3211.788785948919312307
2691.195405404545194950
4148.737563949516203188
2278.420998389217418723
2767.548055539488190302
2643.168072271863193734
4193.366558367333488899
1829.174992710923074446
2929.159725884079694236
2533.548183351446359213
2721.841481373157402679
2983.736105592996621150
3915.978674303324111428
2020.201254698004803112
3461.331350694787008404
2921.960855205997704243
3482.120345821209035808
2297.145807707307656909
2830.693226572083090353
3304.366678408506432518
3692.345990107488992393
4200.174861388483586566
2868.920312651379381785
2486.612689269592919361
3171.651095198234630024
4065.559224686243200653
2883.993609096475855935
1715.163175532982008376
3547.655694640687106922
3879.030454969736050774
4551.725231645220510313
2890.158747221590142207
2976.206629093651091278
3284.083403244724396641
2894.651715793173430535
3465.743439036825013222
2712.969002808420459383
2959.338397509507365690
2677.823652587731557917
3081.234220395652693814
2790.665044733132539978
2845.575892510369037991
4268.813592833411716398
3308.179861698955914306
3900.181172643673723766
3447.368449812650794684
2534.684933472247148512
4026.828462872010758744
3559.426844127706006216
3679.965172056774164844
3260.228928611412815508
3051.187245710867291137
3172.049024818669495929
2375.150594244972189539
3412.303307218462625316
2874.447746819768758630
3132.908335576118894483
3932.545437181073952448
3820.733887843749615909
4200.909151152937763385
3682.561864262965996453
3766.456633005506075884
3321.459814120048309904
4015.963352572325224532
3426.102426490182340402
2600.159428783876842672
3767.866282950213145497
2975.796020548315712784
3566.712722721886933197
2888.406188327031500096
2907.668928281870754704
3432.450328639693069688
4175.006060893133392309
2710.718521381847129881
2934.795790095057772096
3184.780914577938814913
2652.166204268395462762
3501.878171135406543346
3462.864093308501803214
3990.676610594918426012
2763.194535668942983353
3636.307402210875355797
2983.368708402137730928
2385.457811469469548316
3124.020233148869965634
3513.415288096997609379
2957.495397778785810150
2648.660776248599120208
3889.618811147850822696
3248.840805636423344049
4014.450751305703323224
2108.090504381827308800
3498.854826266974201276
4462.602881336409012647
4332.569781428390966127
