3617.700172994632039636
2978.442991981722335781
3463.681542438315157373
4366.479741178175250749
3549.829971754604132084
3456.854365979790685515
4060.463967686255501999
3500.937946469414547845
3757.323612367349670249
3103.499927652755170371
3183.696060258575240010
2559.402063089980638555
3248.146559028928882507
3751.247332220436853989
3314.870290702522487081
2959.240521703285211386
2918.446152112925769284
4040.218073133962256804
2861.964281361733858589
3639.125296670082255757
2743.759977529857932321
2969.876829357300685563
3184.091289710915466671
3693.664145480987169856
2639.887792980759890993
3391.067888063491842399
2693.260874864226297909
3121.863845861195494003
2195.743711013404839250
4178.190316863719312224
3404.401827718242837584
3066.516601347245224440
3483.472029687601489112
4004.232549735158672499
2686.227051387028582852
3249.032862393505561194
2919.511785325143633951
2616.737729181081605345
2914.398159552663685412
2919.724105546371049291
3214.051476964488274213
3294.707298527044582181
2552.063606632676301844
3507.198118646848479241
3944.307131439147358298
3157.969446827330760819
2455.035012552165927691
3079.161742067078146645
2924.441205348109482198
3152.316721452949286775
2795.010631261723737184
3707.615062331700265474
3684.615701457727796164
3645.005079047257727787
4418.308167992443487471
3883.447917571248291235
3109.141764879042818315
3631.694733941834158486
2730.742474159252793697
2525.604063043589639914
3720.047398189062701546
2954.285622155177604364
3399.454941479818538053
3089.998026745654593483
3053.006508026099876663
2789.323998786040774034
3591.954207122751570047
3592.624001035774237600
3195.437269949693838811
3300.971450245326392459
3664.488797682689426916
2355.680527453049670772
3554.845053517898348483
3464.687958417922686305
2925.239091208976824232
3207.807240653972969957
3076.349376953925441214
2614.246923039506846687
2688.024589487579933067
3406.709469701051638424
3051.308572154739753524
2846.597235598543696566
3975.572956107764389433
2119.484521353681469424
3139.192367569068994326
2050.296799317852099787
3373.735137678432794761
3713.627385504376320347
2555.221864370324611482
3233.182202836839038040
2283.407293192712342655
2667.746778571021892823
3529.668349477964253369
2878.021912206817934710
2995.001712177259147962
2548.628882352970414615
3868.676523896557287285
3087.930927991055544135
2693.654468611225425212
2762.982642495810958083
2707.309321697860524214
3588.762203085801186564
3819.122406081797266308
3447.738889661858576741
2266.701145499786520743
2726.431476975980064736
3689.624051857847994551
2885.938960216095486189
3186.677611699455698657
3863.382169649844957160
2198.255736376063374182
3099.470188742568865337
2927.182504506901393082
3128.875110511366140820
2988.724238858634204785
3169.247372633801857145
2843.545694300881483407
3027.508504157877147200
3465.954108080930045510
4025.925153705672204563
2639.001065752914964468
4291.772915444165234611
3112.962420707172921164
2387.683382940083600676
3304.226405245945126454
3685.323907572823399992
3338.499057325357746162
3225.400173626438073526
3199.498905888198463376
3012.999640498714043924
2650.976503922692744997
2889.479379508105645780
3105.602960462215342829
2794.158866213766256648
3420.415311801359889321
3922.290054558964262243
3545.245395405788519483
1740.924321091855450638
2434.772039860492417684
3816.332262843230680449
3335.730973908226152824
3661.437463605992277849
3530.226558720771034228
3132.668177826355180082
3919.728788153410577122
3168.487149354245176358
3449.363043022760939138
3441.834439929349896525
3258.434782050882806415
3999.188755448427698536
3565.015442715649942595
3596.222009560935205963
3608.311577337432943136
2995.360867211361183271
3613.846727848826289264
3100.533192086648884844
3166.213880976593093797
3030.255326358347463200
3096.900566613915217529
4018.236524222166431208
4044.648387331662827027
2971.687503210637821160
3119.362220126186165725
3082.117745977583489481
2753.715143585382508329
2882.661201942258271114
2963.217494302553254082
3664.791371573279362250
3401.004385658507124024
3228.167494479612026792
3642.324272467582350066
3590.911441813161100622
4285.319219076281465064
2796.950208401675263215
2914.059715404670717342
3741.755145002727662273
2917.746015272243578442
3160.565700431203990606
4082.822737150565941322
3311.579146077166620810
3126.834604879411529943
2390.522108610113911187
2801.356495926779837990
3853.731835169446405809
3527.616692120806574540
4358.859559605556420969
3317.628911887774837863
2780.754223030529583394
4118.782815174979913930
2255.846945348421024091
3014.322697892319376178
3127.347043377183552604
2804.021358841895851466
3221.497700900079980135
3459.708755918424504916
3750.245987207654307483
3944.512967076802368638
2906.436456788331112344
3621.873227735314594078
2948.062275418376159353
2412.680663580152819137
3617.480168116223750552
2474.482523751222246222
2087.215122226374219627
3548.933959081260843593
3078.788161812122653682
3231.534019530302284329
3601.459521394342237377
3330.903240988494649066
3063.809128662211036520
3472.036578578218541935
2980.206121397622687219
3216.424245544427496624
3100.681907352544671941
3790.956197228034348257
2844.109099186531875336
3366.353667442623253336
2806.972835946162083909
3906.696912066623857962
2831.200633670125521579
2654.439335186786834475
2702.977140223172079159
2498.929341364666616432
3413.958678452272315740
2265.359495089406464352
3110.497107456548903759
4033.114900080028447427
3251.877715391071472562
3147.646204894524999407
3666.077411005797921595
4679.027852879272610487
4004.470492994874782688
2835.386566366133736183
2580.821965606025396589
3547.451491797254831795
3452.676222507218262603
3318.813179573832130798
3440.865842509012504591
3072.269424198870473086
2452.819611935521245227
3057.785642973164141223
3714.702891906274669687
3468.231940837368910913
2227.804259201415967073
1915.744048905125169080
3426.241286129891135737
2727.128829875242056024
3331.829900077394302160
3631.284429223982042068
4073.010404746082703697
3427.837141675970524357
2996.616950899408195141
3343.291111979098945817
2435.170537505256475042
3173.349293827948638835
3534.288007946007394766
3053.028320092101383532
2980.510505088197598988
2983.636131402941207957
3691.652242667778643703
3658.182962841742121407
2883.339006125336526631
3322.534952776673311536
3218.664604357257046363
2763.568417863872251239
3393.294535103720007241
3506.234626912326884263
3210.024229997901469069
3120.877890911446070232
3283.625079852688296578
3511.179092188703498856
2667.014781472312338728
3612.423139005535347668
2938.078769922415776072
2389.409731441506690164
2110.335955424902671496
3103.193267780740795869
2787.744849232362490676
3062.887494492244524036
2355.086013741066313765
3360.666256997435884957
2272.620790247027438236
2535.983581199865491751
2343.824772458713356027
3644.577686471389649903
3215.268170389463285197
3117.648073615239441292
3263.693863192198169942
3351.899163816783556724
3529.710495112216201985
3840.361170133904345381
3931.538577206874828684
3469.063699392210777361
3275.135739557522887910
3902.849562025466905624
3538.791356905406595201
4378.104813888349976736
3225.033390606563729497
4017.684195171040585581
3442.688040034448724303
3453.290380000891886425
3303.755619898851972671
2563.630689389494331065
4004.754918517606006034
4666.239963138638755513
3558.976914435100198819
2593.612197591794586327
3318.784001299975624732
3137.204720113705001427
3651.861625156117064694
3418.710154138804943047
1994.341627183396522649
3238.728420648300198925
2982.230366370559394129
2934.022036637559486483
2154.765332873266345803
2188.956113774555683138
3561.562911756770680283
3920.948583668744900521
3225.687431432183274849
3518.511436219215636090
4290.658904161241333330
2458.917781333365446317
3329.132334422163084220
2607.595288314922939765
4302.072076458858069348
3551.349562439502433042
4396.677673631356727313
3536.831400023214016848
4251.228454988701499495
2688.982663279627528086
3723.031235998551017996
3987.616394026600642020
2079.018120817695020497
3933.825620434173088835
3557.904164806138643584
2606.558597903905764914
3299.646080981915295727
3228.830012607378450173
3086.424981444698560917
3369.440954763434769692
1879.574712544454719643
2664.911303041882615794
4136.550798377661211536
2216.493895396462333824
3031.406565430550798412
3927.487362393035398966
3013.316274102236850485
3556.056298919559751859
3035.984578171137674651
3227.657929292263991883
2714.926551246113046734
2753.141088139335167284
3553.355004332180638205
2888.510616785096488890
3638.024253813084527565
3031.340267182765083831
3191.727338585278500149
4066.375872092504743405
3003.918158624441996141
1872.438569110388079220
2954.869814693769102698
2654.241832899927947542
4797.261167014122172692
3635.636297124066582009
2867.157628747639944500
3024.239448688051271397
2457.124147533507492858
3775.001664528197544923
3796.064387443568253655
3280.575461392184619225
3404.463355486398895788
4124.186506247113726431
3109.731768193482894569
2912.415720585472203696
4507.568672476394013415
3369.659755562045851063
2648.895720824427411744
3688.297947093708150978
3080.592067346807231498
3648.629585981046948850
3274.036415724316246845
2330.985302870978389533
3921.032675199784480968
3374.685612651044493759
2670.785167800396307181
3567.903676380248801037
3864.250766955535009384
3346.532071307785273895
2747.350240653178296890
2780.517966366168772119
2764.879215399521528829
2478.668105150787960067
3042.542431246885980434
3461.170949509850580661
3288.695262149528258933
3079.583152836305827149
3424.574899524433608144
3529.780190495843283038
2748.027507220133661914
2074.411328300488551957
2078.497961375538063633
4028.746865480882418442
3723.884017430497068268
1846.950003917580996893
3259.849135681468463188
2441.702215031058840200
2874.887010433395499120
2340.430875906091689131
2783.975147425000592483
2605.578959178458510859
3504.480421116856710517
2712.926841164661131200
3648.760622368490873502
4181.524232815032743105
3423.069317778063589630
2429.445002968425236789
3833.249631273858419434
4065.359084953710123722
1923.888072532885628929
3194.955930249555835720
3982.821098120466799308
3699.932221263943206813
3362.520860095138433676
3763.796999981753560682
3237.075883342818491295
2716.241106866282432275
2922.448750568118219562
2531.475925386957186891
3740.822740024834133221
4096.397503226659346343
3139.274483391976442004
3575.179716233313780505
3939.777620485881798107
3248.333487470196904834
2949.132494428719473367
3306.305734011024819230
2629.930958323101032326
3451.581381884788591208
2786.913883128436891123
3834.680215385614000079
2410.702854037533265696
3001.452855367988210133
2222.195183112273104253
3608.257336074713570229
3459.877543228927064600
3101.519259439207211404
3034.556769184874850609
3120.650041545310674262
2998.055091831283522463
3751.598782348759222760
4405.916077577585991065
3224.400829787654556569
3070.972787561496524678
3665.777793143344801763
3137.553420518952208784
3674.067061199322623999
3568.055218856098724123
2852.914607147704870282
3195.549259586716433157
2752.542060819346634970
3828.995948242856929511
3162.302151377897691198
3314.527743023739226658
2973.313504772350478023
2774.710748369547136383
3591.554024846952909211
4354.320376525817738234
2396.230440049990924267
3127.675386294578541158
2806.604497044268207162
3317.518993869809616148
3081.813010259698514481
2743.413337828747496250
3022.527237072581764776
3315.717814352957751645
3463.800485115686331961
3411.184100527256865654
3249.663440300638870495
2926.330576049135476335
2803.437661216218323545
2975.419706831323985563
3332.432078250335522496
3160.946320545047165673
4114.015553488062647780
3837.196104778117268674
3178.375896265965257159
2377.246282020382482036
4348.628217232683126792
3802.689962659425475522
4554.714038551413018752
3424.218305215577540679
3553.354711571671870507
2700.616806242336498833
3852.808122858337322780
2346.307202335650008873
3040.941420053085755937
4188.073954242808841109
4095.453961110199077922
3043.469648003764030930
3513.313760325880967361
3580.685880274955293245
2809.710520200558004689
3155.583285084265951825
2978.394674820532673110
3411.540891638967378352
4174.266319884127693918
3915.008273741411915392
3676.615057800978974889
3233.631742955263306927
2716.941657360124871667
3659.263118620482928556
3404.354002895791330152
2790.681761308394827958
3566.873782617910679793
3433.211525041598265240
4677.672642319989476434
2913.408945020094976908
3345.051638078079284888
3233.345842581367437063
3153.812380020649694057
2948.031255561064167603
2358.625663570098456079
3476.821403515489584457
2493.185155139560717608
3976.847815751864468892
3530.672510482286003519
3083.825782012284190570
3655.781831404873239544
3423.682692651369450898
2791.816860498246099409
3398.491746919656106840
3860.276078346685465270
2341.652711765053660020
3423.245131755725017442
3621.492228871371238830
3550.175023117563201325
3957.185615572506850901
2450.673235033807022099
3459.594710557278477880
4735.709053769776336384
2906.161535228993943791
3082.356347130383768196
3321.011153167680778786
3671.403281083572036181
4054.693688343200146829
2821.068139287980412799
3629.900872637398732135
3730.412853989321615877
3184.340002759985196690
3106.220629551442546035
3615.189098097390947739
3871.986454421833818040
2542.717590654533735606
3000.953306078926754896
3296.343077185653904548
3419.572098182418464773
3012.832657411906913003
3496.190295244603141400
2807.819473775076384303
3348.200119471597749676
2527.613833386015065541
3400.269203118300009203
4083.868322635047479752
3024.616840003273579462
3218.391128814163252514
3229.228157134710887499
2330.833461906870658575
3870.500515141996101143
3983.733485504333403426
3446.420142669732589402
2967.518467766462514135
2491.409326257925783921
2981.603268971192153725
4107.000861062567725668
3847.533776994523255111
4084.225957105758808563
3794.232995690618183593
3584.001370403111334184
3888.699960934850765826
3425.966488445584297695
3395.036998829950586565
2944.797136083791712080
3710.053396733564252230
2889.583895996764494551
3342.565015913379457446
4061.455434780789889526
2779.931567403477988165
3283.535900411698496892
3662.298307334209406916
3256.429495387614512447
2464.912534726038351396
2878.376702002765915589
2834.888985053911282241
2702.265095120342645263
3096.399070685516501600
2798.268008644751112968
4096.999218064311824250
4126.681132377936738198
3679.177371931762250412
3676.034273999266065891
3601.335195652144582246
3644.078566160368813698
3124.766393592811160485
2556.448504521135019818
3953.682363126276317233
4059.834877693595372783
2490.532072582056784427
3334.295623644045804213
2699.808869965289375159
3737.580120238927999576
2133.454175715512327161
3935.781490183064714961
3043.721945183602443530
3176.416336135851517408
3244.736341616169109869
2962.371519177712513526
4194.465439102391307813
2923.087974521552722784
2629.411239337832375540
3475.014421317644662590
2883.631400767461103518
3638.527906343602521755
2978.310395511331687191
3367.021803189280776181
3214.425734369753389963
3528.809540257432558530
3828.551690803834436361
3072.207044707716532939
2569.948443204039071563
3693.115001450762868718
3003.296828101422526025
3352.292391370565585618
2204.147090495647562269
3298.961349996801021067
3793.981561415231745560
3495.716681654477028030
3596.900825579292460654
3136.890670673218056930
2824.483928562577528032
2627.644909064558882195
3717.062723710392334819
3202.698761144044561799
2220.230233808976211707
3158.651241797084905816
4105.351636720478383236
3506.105663482900560268
3427.056444430861357198
3308.803063738974927777
3031.810797673317454670
2722.176798153699376126
1983.121991724656367762
3994.224037379086391875
4235.271339809099496954
3509.428346561108651214
3229.374162654317468313
3166.606853234675602371
3479.633703009317067689
3327.779545551961894567
3488.800870654333061482
3632.430524666535228029
3260.399498650880093731
3174.507403830368188702
4192.552896266599416819
4097.149381274949839771
3486.968697040394019382
2635.522510511333600824
2502.046669334324920264
2594.823575747151516824
2492.120356027288907708
3145.436482019976450530
2648.467596044046904691
3749.372374027878619174
3224.199599810093519459
2620.302528024676649521
3545.236976986231430820
2701.304582192404971641
3132.583659414917875097
3295.712772274266211703
2488.771776842946760633
3537.422825841795215984
3105.309913732420462829
3403.404079214602920844
3108.243470193865264140
2432.504201444333458815
4442.640657657876825049
2446.408390437284052554
4049.422680149901513591
2815.757443050956805752
3323.529149484146243188
3887.401042307725735014
2858.137433121020922533
2732.641568718680997740
3712.477715453564323322
3164.569088620315558291
3220.122015774692104229
3455.302400819514851760
3225.035091166888515213
3497.465033240493664124
3201.710821670610826128
2619.428263267970446337
2501.796820565439971817
3285.972158203479114302
3517.852395208335711585
3628.706832890780523471
2879.070475332051161965
2383.263562373867259891
1905.952384906716089774
3569.325337622385174274
4041.585442121629189183
2271.323265152890103380
3334.786143852799809251
3773.218468097181359955
2564.001622068314414138
3343.049344731569687994
3665.529159292757622080
2481.642303997617720057
3112.811854409530450960
2874.806033723742882957
4235.287757060523176289
4113.179497148013012087
2448.263047471561486335
3888.176857230236281637
3017.915266755735079762
3824.332828632353762810
3274.199102857767450070
3861.937411665747254652
3320.482216274722033544
3008.932287671436988763
2270.900206351580223441
3706.066127870400655153
3488.455907232181031796
3316.876144577614523135
2957.301225614818672272
3229.145781539465271504
3247.478897231983477001
3381.710439739510881685
3412.184128704673463428
3425.503878138569214595
2425.638393620281845209
3218.265789421676398518
2235.852648686931571032
3714.184926028094085648
3657.844268985421102292
3676.566396288060585729
4324.215614816869271309
3549.995388317727487149
3558.731917123673468728
3738.034330420329578448
3053.112788757842529730
3976.208743309554814127
3955.969065976972412813
4143.112278762852203506
3516.587110770797548476
2884.377457422444845925
3058.604102058127764074
4218.889504183886004718
3346.576135599023937406
2172.311407537699371462
3081.172120737072369412
3725.653132813120019806
3054.614540260472556055
2637.881147336207178222
3828.095567563362239927
3795.783532869344468752
2447.011087844491534549
4133.009771293280775861
3461.040360170065857570
3798.435751419492415693
4241.004081686996048273
4022.659943662250866980
2371.289659214115117969
3524.294923411237118849
3387.911244376070496687
3572.048169132752852839
3160.135492839561046852
3839.722306766302803105
3468.335121874368693007
3193.637769333405403094
3427.361291856471335882
3078.115051912810448576
2707.097169591746143258
3210.064044072063445423
3730.124628974817443172
3809.487896533359856388
2731.306024729235914172
3443.137160129762678995
3956.275584402485701707
4394.270897885664224347
3370.960470868155137047
4141.072894908637227029
2535.136734268895086997
4150.873918662549014957
3255.394540079445046210
3570.353527248469605482
3833.851076002756818717
3721.780366620425426483
3637.095278779078292519
2591.352004177812614394
3218.751041573776475957
3536.241958237316834746
3453.333717514664149784
3326.558138507946609241
2566.804169011425234892
3604.851309291298137261
3673.354409683739258297
3126.115056398789848302
3375.336549622688210981
2530.259889668060254486
4353.620284116323147394
2465.838317975316561492
3043.772956133375725996
3999.000530290954983803
2675.218367999095705034
3230.412571240208721601
3325.179810924294609542
3560.195824327486386451
3594.912051043529021221
2607.240088818895997314
3179.515648471019529930
3404.920374356282639416
4133.263692679464931690
2716.759299895873964514
4224.831769184512230808
3856.667902314842935496
3704.325063937071926157
3789.440835904305731052
2992.062139078476789678
3636.803204113628893435
3147.284710258278279227
3380.219374703831085371
2596.641728671303767317
4360.798804060418812689
3249.043206901101050299
3388.823075657651067605
3710.782053605228591353
3055.867287336598993708
2947.685351759281798145
3878.832906871749615529
3579.627843527585338013
3456.593039533044817269
3080.515736340095310997
3922.958251441147039973
3266.207754483786520838
2813.913658230602310439
3455.252816924566716228
3093.545133008346686321
3083.585542394748637340
3347.042131219484979887
3269.933344214921519644
3451.798560783393162943
2436.427603897705183478
3580.496727841307586404
2453.321083984531870037
3022.655860499067026703
3170.722283885171388640
2401.538945891898822138
3046.594769982431497368
4474.197183803387678491
3545.565554214919385290
2694.249016029383035686
3803.068011262234351388
3723.442329605019342598
3213.484250465308044387
1643.991103638938676701
3763.292721991159212935
2914.319657782787966527
2529.247881772754662499
3338.325280202837934462
3184.201178991380301486
3774.757051492874928122
3965.600490016916047198
3433.663446914912990682
2989.678665947090008048
2791.935427532872005862
4307.482552363235960069
2668.411797342731925919
2649.154297410165375792
2665.772380691258803154
3823.510882007995127285
2858.348853716702375527
2156.379467854510799674
4388.913810145255325335
2274.104347588857281126
4110.406656688542653022
3250.957041059109459136
3519.422664818658321062
3532.177642497958336421
3631.685508404358213141
4148.179793262138410626
2664.292069281443700257
3450.828702233175081293
3674.483721485082328373
3901.331022137555953666
2574.926594306555322156
3418.629812894762211029
3035.626520551189335917
2615.891142702421750421
2977.745309478617228960
3361.605347490302591718
2550.982412101374583235
3297.955440776109202972
3716.971067320665438105
3101.242963226739352445
3038.079867214126272845
3826.409328980269405784
2329.713680669178287985
3355.920425980382705511
3503.029178382407838210
2960.449485285408750102
3785.984471648159591428
3631.720861019564240202
3937.719209619760527552
3310.403478164544615936
3536.426064205653222228
2897.595298116183052617
2551.612274615168179048
3524.261686615532624289
3365.214740044765839411
2481.649927464966398416
2677.665739858977562937
2913.268116400033478364
2525.057364039802000777
3795.101126860927113427
3271.900654855964392098
2918.767893724663614829
3540.412206232666917582
3399.329906964349165666
3030.232909149443658592
4379.327957228517395283
3063.385018781321147641
2768.041562449857371231
3479.870911474720752032
4032.087156681721122231
2721.454929238378256606
3202.386325008430758565
3884.573322765043072780
3400.400836719392707819
4071.519594217215289866
3000.870252428329115091
3046.188269885427901906
2657.994437325762414615
3426.785758840412958293
3485.088946511054397881
2178.045458864913504815
3288.209316146606518316
3272.292094856331010400
2916.783610444627959701
3321.596743541251107290
4353.081734064442115617
3155.847949079404334727
3644.350848063508841346
3714.974544918753187162
3492.508861747095722849
3226.350272285432716934
3006.211427458474834351
3160.387021658022295156
3126.524705895745426698
3427.199578775383643103
3880.421218973073740566
3020.372326247000501986
3651.934485126199360305
3915.315213117902161111
2970.397603413119835380
3077.178376327797004741
3284.137784402713588161
2981.058737575996800961
4025.007303529750561477
3376.094532534248525035
3355.442915284184876246
3235.417290522609704562
4366.701825253027886120
3976.085482221577603879
2770.917890430542480873
3845.411567211241223196
3033.711622419211253021
3597.838072315335386397
2655.341955239697345981
2510.663178389884830910
2404.009959163498495238
4174.396179877921635448
4417.561528883638980680
3186.243005328022000366
3215.314678351483358210
2292.916380761822399803
2495.762543964188655332
2738.527377069818755650
3068.371280196323197753
3822.078820007192993646
3554.946782171618022916
4516.976977426270981386
3131.314646164620023150
1506.782562955961822571
2350.212344928173646919
3868.435688742824121622
3414.012314248161565455
2317.106056700816262062
3182.283087183044878676
3688.687858700759369279
3860.042737207278244815
