4875.081494351258531772
5636.574380378199343955
4528.845797214252971052
5116.495250793411786017
5745.297861588334618066
4935.297662475941473215
5436.246774734242016347
4394.127594451597730085
4739.705089208576012982
4127.002052215594673612
5298.463326719864234349
4773.583551790189367203
5139.456740794080310764
4457.700274709687970898
4673.269727871297900545
4585.923107083615289259
3337.357596863803783860
3989.424326449208636269
4558.189918721283301561
4041.508628033990710104
4786.854166616043045668
3917.749609365552889040
5046.586679730544098277
3137.462829774311877440
4861.324010642830577122
3895.631678369129995643
4380.560001029500449832
4506.350246456658458882
4261.947324444018168066
5041.942133719568968075
3249.089541016211436064
3168.951179805646785947
3424.935874579751170277
4691.639393366914361216
4664.988431020412606109
4204.708417985791105487
4099.488387091361711878
3990.653408261241219535
5585.648185716216541419
4017.172427774065955886
4521.489941207082975616
4178.355875044283136432
5455.793696296470164597
5267.067451519183164166
4529.950694487272091049
5386.569812928181013589
3455.611645049289267106
5320.574938443371512342
4122.114792472705075532
4144.573526155109981950
4753.402357264913739687
5272.388116305847919119
5233.468493048023927550
4893.296277256320204962
5578.099806607193175356
4458.494940730060920320
4321.278216179384114248
5199.050687226996831924
4243.458162334479508715
4597.703310052946573006
4427.115606260665600313
3688.150869901903722514
5407.426688358475091345
5497.322780728579526777
4568.798242721020368418
4429.378217247890801467
4624.473126446761167330
4999.042071071953794892
5392.597486373202239740
3840.697388707510557371
4861.163215093877176365
4554.892987083744780641
4382.391500884552653083
5387.273891721460779003
4329.743634469309808033
5010.593430963216536433
3625.326886152660063267
4250.248477777154565427
4554.151608926538071564
4324.208074425163980337
5085.198878934339658642
4476.177425515403959011
4244.153189168574978218
4452.681417624260483912
4259.379509893570984858
4433.588369308565433347
4310.149544392618812694
4192.128852368378084225
4140.144728629579552681
3914.058900969228830480
4200.513342031083519945
2998.952557907524130165
3340.696612155387245746
5041.651286518504458734
4748.400990117354475650
4417.899583137245893560
3291.522603767124243834
5034.780626687980188194
5158.581786278449606620
5426.626072840044683776
3900.518093765806610485
3981.804042409092834198
4879.976478339642883331
4542.794179953627476287
4657.264187532326091379
4867.590271019179799517
5125.308505149420704505
4384.370457476137511676
2064.791277407605595506
3843.953179558021130191
5137.787508431799154085
4656.430888943648074729
4228.493090736888986747
4210.965759849979088703
5278.100119156182823854
4269.397156224347948950
4178.135967347428562313
4024.066764782204898676
3518.528733551746370045
5195.892199095201526404
4894.958261408664453640
4026.121310806097270962
3691.483095592514510841
3184.115538528319196088
4100.181889424944229994
4478.656475069287350887
3451.278231441622666997
5323.578889664834134621
4739.847140907359985817
3771.935899348968235900
4510.853290184748523028
2231.754215959382635415
3002.326560039840183558
4573.623895634260829723
5251.825457709749946922
3978.457434985744887834
4047.412475752769645210
5085.600131417639827358
3048.162410455653594354
3676.940723707348757099
4952.131142495012365412
5235.360028444666793401
5052.271377051589236196
4499.130578136244033249
3581.763617642967967747
4272.094098774663114337
5099.077451381729882751
4743.761891062936776109
4416.649546488405406297
2775.339487908197400046
4868.283050611453066647
3909.532262622191499668
5003.261685523899017003
5118.069698900235359407
4994.181428414945342453
4381.266493985571659930
4515.004269623732552574
4370.104664584637712110
5064.989947535600086859
5420.289270299758715321
4900.219323451027891636
3170.220936268748456399
3983.447524549800867755
3388.792053962980390214
4604.231856638933986670
4185.498110712902038344
4049.358377181861626815
3290.946969181731832865
4009.264932333857330615
2355.796274946554834884
4042.128048732537454413
3639.318723847720425502
4187.043828575183102458
4380.945340973924385874
4407.542495823371261121
4218.467411418214144003
4313.589618351815109243
5418.164270721035410627
4805.147025157489627301
4740.415455268455869664
4087.980497119434153186
4627.219191649377640907
5101.595077072609522695
3972.968785524994987712
3376.776485431811812621
4898.659994249299236557
4374.843357070049471691
3429.951673115785091728
4443.008835315973874103
4133.648061415973868904
4531.656800711720132657
4354.644500437416797745
4050.835744385272398915
5582.084354797612331112
3644.667075999555611254
4113.098701472539668433
4789.827705003197325428
3968.996967218553136636
4179.932308111176837873
3391.867610631158226564
5194.704795464628586554
5534.211998802924292740
4790.478160603946696128
5239.073202494363931780
4223.594427750884651829
4309.319948004933109154
4392.546931445767743440
3834.875835486545100128
4233.166821684935502645
4216.234986217217370452
4323.688344586870899722
4024.569112954731432641
3269.001311190454289513
5029.251322426784884811
3705.804868232783307880
3421.167578832335113947
3905.406037523923337140
5311.792281092314551572
4761.221506934074920281
5064.683209139381383057
3668.301113395107274417
4816.084765152126453192
5451.474480439805074372
5088.475233380384757709
4699.891410932823753388
3906.406369480716098908
4966.108107301961748448
4921.665526524350163129
4349.102428586532803401
4616.597329499239158679
4825.936628125895570207
2699.200992029754522683
4473.244320205291681525
4736.081171244078793947
2870.615753076433594781
5226.412771073880845663
5156.882677177025140036
4934.526733982743099460
4397.395226004363539829
3958.411629508568227331
5096.825436819748879280
5337.953442908866992678
5057.887995783395846505
5037.181154643826124229
4943.253411267230384762
3932.096446019650965109
4208.744922522031797207
3224.778183748816982712
4398.449103408084190914
5329.529792216951618933
4159.291819757997804352
4002.859252346962613212
4256.364626212204689715
4534.540970359233380549
5736.179029399325437932
4669.106162069692024019
3309.064113185996150790
4870.917405393899225707
4609.268124764830127926
4884.768105116804212340
4999.626679646904822363
4749.193037768146681277
4010.854085096285451151
3663.608971196261069103
4455.388498587968706843
5028.593501540128145599
4851.179723726325397681
4044.878318455057472747
4981.851998541456785219
4967.974529197620261467
4113.362563873985850549
4239.525966751229490992
5021.095836198083782520
4879.531846014585054316
4618.787496371180162136
5450.139712854152794108
2344.292982370655852309
5368.225295161902373309
4654.398154761732121720
4366.305260310785760325
5042.468226121653182226
4626.462064070146314343
3886.368487922767133602
4219.540036352049272139
5343.342278160838223044
3771.845204301388626789
3925.942789646682324678
3893.059003302439620597
3010.323789022915488500
4651.890760037228749191
5181.332287842304972880
5253.968041449176828994
4072.476897851619296098
3738.963946374945130691
5150.715531868283208361
4605.636579214772380109
3955.515445249573533992
4219.261079043479495621
4317.064945011526728713
3511.339232400532845979
4959.042093874877078719
3972.900582421961296564
3693.518864083587805780
4213.648919361124546512
3956.642709638666992600
3889.055451063883862783
3514.239375626087484639
5329.039313602946404291
3341.917706125900469072
4078.195608093998541177
4845.912282527280411593
5379.779042426815555356
4683.888555500089131201
3828.354987308309217209
3550.798036370903796755
4959.705317581051137399
4146.024452183395548222
4761.389269805569354865
4328.364137896348028178
4793.811611741562294320
5411.460269895144703511
5274.030349812056205128
4306.320187001154349726
3896.183710938853379524
4299.149183527194566956
3455.784093418751671045
3910.710210760075436820
3753.983095627502994951
4225.795215285004524208
5091.787924983219926212
2885.566008600427994946
4763.326162082291292066
4367.512994993021892665
4334.167910609781749542
4977.219187816802103086
5294.816958653356547604
4610.309469014498383821
4727.896915369525669970
4749.617419591803405776
4372.280270563850053112
5256.832450774263395754
4943.414077150596056320
4242.921968016129127488
4584.076093548227533780
4661.718744712697601873
2899.745216350501770153
3908.226386287785372176
5448.505376662009044075
4175.302670416612483173
4325.377138312958582578
4537.238015783780596735
4446.359962751737841202
5561.249037704579690544
4417.162999139780438895
4274.473690112914723294
5623.614427570868089745
4273.805406323003842850
4155.719441187318232700
4471.468820426829037906
4410.398979062255981898
4710.225339681263245328
4688.811654209251893910
3898.590752426677643161
3972.621995997012886770
5220.213681983557154176
3935.712087085813416731
1980.355046450336261810
4096.986516441581140935
4381.232786603757894284
4750.279415129893152869
3529.151255145909647837
4597.212499877993885811
5252.524004222915414264
4556.933249013082201540
4711.238644364610076654
5211.886114026631302121
4318.733620391347933776
4422.580199633664888914
4115.312976560456029063
4527.440138907413859748
4412.144090797709403695
4595.618084687634108843
3570.503091657996460828
4914.689971561575403403
3850.800319056230805792
4247.250181955868081118
4912.744416916735330503
4608.532569703642785441
5069.488384673037093986
4584.349442850941899419
4464.904797195837572232
4532.464248564623499504
4434.626727654187693162
5545.630958891621837381
4226.105714303388834363
4691.553385082814651597
4336.169386479985948135
4555.773450774746429204
5434.458059014348379812
3912.062324638344747108
3809.153101552035941113
2869.115380418461234591
4994.595733058203943067
5026.080452928407678481
4440.260920520217216456
3015.813308879526378981
5266.450449518316804909
4556.179230155443723227
3725.317807555991307389
4839.924440172335837751
3507.890414324660877554
4526.117326354514925235
3328.771453940673008987
4583.723358884883319675
2916.745878451510391338
4247.696073054960134385
4576.009552251711579807
4969.340829285606780275
5132.677893671837328959
3999.409423227907024234
4559.601654404618271244
4399.415264429080375308
4396.213441185795606003
3721.752919417571888294
3642.260449151524649425
4193.263293892718759803
3905.565475096282827216
4405.520929783633198085
5158.409241172829414079
3294.055737231553112832
3922.731504840046005578
3177.330039522011975395
4925.369805179068150025
3631.151836765506156102
4597.146047748805038236
3640.783310841998701157
2285.867124219438820010
4321.696941914786505023
5371.975369979736049331
3516.210019795231623618
4801.057687092449691058
3835.191744199999440035
4891.202094640211687437
4481.128935051799721201
5366.667397601539481133
3809.225294692226549742
4559.297670192297065483
4399.413080225445076721
4710.478081533346024656
4845.524893890225805126
3579.867632182136760965
5114.225475987381344556
3729.746606633769828720
4623.921816674384414725
4345.706996135810447068
3510.937193152932043638
4867.623382670113149295
2795.736211018577371590
4042.977817039893472906
4342.096823858888020808
4337.431486632065230857
3687.911917486677062072
4873.700987699428647915
4882.164058423414398469
5127.818985856002994339
4687.972796644108148811
4461.555858473698102706
4654.914796203271705632
4502.273293499472904156
5197.276132684533876294
4726.352304804161244434
4838.433747578408328671
4520.575409320725116302
3696.275274959375321870
4467.900946903968171231
3426.225155251064039330
4538.452673369097295275
3896.368399132137879448
4778.198339978064180134
3856.276817045807104201
4293.233292184492105648
4331.492919413150609831
5137.255915350879029280
2695.145525510092594068
4726.125956860887016298
3818.360718570548676176
4585.426820980092961655
4417.641341527211625628
5417.849998031389431752
4584.031988865077254847
5126.377232990907756971
4472.118757390214362601
5062.117808795900746777
4868.486156576585435651
4616.433057074950990550
4644.118962720576402337
4934.629740974833650213
4345.724363676264151657
5026.342202006870191866
3219.384839603917985329
5577.960529416813276526
3993.075166714313310790
3739.420193731045716223
3146.555406383627342626
4729.054446637426193156
5062.407660766818748854
5084.573484051266035522
4633.143576093570446428
4485.884896259406271923
3411.725974290399266087
4583.505925611641618644
3956.578198982151205465
4039.798126326080664583
5342.266093502677102300
5082.800017988714137651
5323.001074566526769516
4704.340284679580060256
4752.958541004325967005
2359.175689347437026688
4505.443409584649829824
5155.565735397399034223
4949.178819737669907664
4170.222524892314898803
3390.978133117270935770
3241.259359939472751044
3744.669753097025340471
4517.770480425355814624
5568.253209521385322045
3504.716538257104856857
4435.820223908606434460
5126.600840506733404389
4320.333312116271047731
2996.130797476464722395
3589.819231177967010948
5089.527064081199347889
3485.544424151318407157
3258.595923278178463800
4643.148218089605303138
4293.891471155212394173
3663.646783758596769509
4651.812081292423323831
5372.675359440903591679
4653.507637674276517181
5077.305202104449250999
4280.953955915087238537
4858.617576540152893649
4470.640060446710000619
4033.998274490628401789
2945.404998384206963769
4965.435744134247202375
5131.706896670825960083
4781.394267830699693622
4851.783005947208348374
3889.276537775817097486
5151.373992734236974211
5075.214520871823762782
3251.256330958736848746
4562.853961928490807765
4961.274976226830490056
3843.142110758194209819
4454.717466236789068290
3649.530522219878697410
4840.261153350589976796
4792.672959688748782092
4997.544400540737669747
2708.142440157400180567
3147.400681720851360001
5163.130322710767548866
3092.353107145084458729
4814.614388804011372969
3724.444134086901928127
3688.819262620368067296
4212.601798363140086945
4941.266243478074713380
4217.613209757760207808
5249.584192647175757696
3818.049328380685432993
4908.461170359856223122
5398.132997424195143488
4810.517243781135873437
4479.592511602734484555
4525.497018675948556421
4157.115831246945949928
4956.738560847194796199
3250.675488455529133169
3362.114097966531727657
3644.295871343612321036
4457.914689884232797290
4799.368554848262241830
4390.016952922669413617
4476.543312810214541919
4700.645577014624796774
2472.318322283473268186
4929.154329460138221020
4303.839577798982966250
4221.808778987000593474
5459.268804290662274958
3657.419717750538914025
3646.581700521305830831
4019.020118489497399139
4537.157410335693577874
4548.861546860429972305
4657.630915948093752288
4825.497478260658346993
4752.114809260643761402
4222.512745161349690726
4778.137901651626118227
4852.549554329671202435
4819.681816967019320153
4469.622123525130314547
2610.305938813149924549
2689.224393245743959469
4090.601085450169221769
4577.415778356003325023
3807.420079039096900475
2664.057361611861536765
4007.144366468250748392
4046.078194328877190689
4598.490738967737660126
4901.927768934730829553
4021.539907748957765943
4622.191383093137916571
4520.303173622939215903
4837.692208230944867609
4306.450520927908850233
4172.514845128075144487
5276.919072541081795258
3825.174335470094776124
4597.661468406597504277
4979.345621427867254027
4418.891620059600837234
4662.946545076847318256
5019.894471896089161778
4669.122080608996049556
4099.803568231715258374
4223.257069666952468801
4587.560801958383096544
4662.241695578868508676
4049.638902588388195136
4410.343650381538736838
3758.034235596417528491
3421.768546512506833368
3777.710179128342334653
3682.865577938657465129
3827.415533856545101887
4705.638389337847991012
5231.498646707131294775
3359.880359168600973074
5335.666825406124799791
5211.898990248599181641
4861.810198028919257407
4083.578496536899850256
4684.308000983109601556
2821.725650392870239802
3711.513972561190097821
4225.216939903433771342
3967.973567551475521542
4401.610279042611956868
3459.054922514381215093
5013.602334477428686288
4815.085723571508895091
4829.064971560199028389
4583.651634036079748125
3847.824232561604146818
5440.568504782122382757
5414.427813768737694833
4283.659888974252258009
2260.867101993065215293
4485.831277203082291916
3716.809450780384324942
2953.344264818768631908
3735.722169889609217464
3534.230307512676747095
5435.266224569987849602
4918.244342020809702021
3330.041104939151416664
4621.493653096681434089
5521.931156060740526925
3906.027371433014530711
4349.316060124063662240
3540.569924669971871634
4687.488966718165500414
3517.019523928042701755
3791.163103081615878720
4643.759873148346428273
4045.628178281140628458
3640.419722735122081136
3826.880829683794823071
3816.099215725838404989
5035.040363222576194513
3981.331923502872185416
4320.280264058280304429
3992.610769264592630590
5582.028903701857390995
4939.201480365163071440
4103.932850767149583149
2466.729938935029479374
2917.093113786953125999
4854.625469420976592527
4589.316518645705338830
4339.148550873977720155
3856.308240865264179931
4060.738642770781005042
4865.292487577855712999
4913.983939160935968005
3718.522038068020977963
4477.122609948335131946
4318.803383448934100741
4622.783187359126340077
5049.239871013908287800
4099.382293152216028886
3318.939055251411430092
3928.124257113282140175
2866.237322389907022480
4667.299058165040932078
4779.934437063213056973
4650.788678134937145447
5250.655161818115653105
3753.691120797403927511
3930.194009325659739940
3984.491826021225920229
4338.081771573519000107
2942.898534125445951792
4337.959173655358702248
3684.444461365793566987
3908.507542233924407116
4604.471565149637774184
4616.306945033136779788
3547.561196743027761791
4474.896492513783778033
4765.876570889578744961
4764.982861160371542919
3993.423575850972569112
4317.465457459021429543
3953.966986180504330273
5082.807339955543960652
4143.687145875230118719
5248.461313160144951162
5115.477523394380094945
4800.228957407410357305
4429.438687599752720203
5311.439649121472333704
4556.903809805675528377
4294.676825842162757763
3750.526798100803077318
3250.939377870839245066
4481.360484943068011709
3501.677995594291785242
4167.950609035196958274
4645.184471942197932393
4664.665777233671920765
5266.742504693524087322
5426.270129697124356305
4276.915580473386533811
3657.035364737039724092
4265.751392574430555182
4311.146569949065423977
5529.260614504195165075
4669.982174892477104322
4493.357097547082328770
4487.280506638278549492
3553.268324127838534432
4837.783692382201556459
5130.961035055157623663
4314.113030775328458510
4410.889213021535380399
4555.655317698190384323
4137.786142263496188320
3872.460067603243515810
3722.412023710842004176
4299.923738620068086824
5124.571702415300697986
3276.472007010167101893
4187.730494606096683263
3739.346014902531754043
4979.601481334511849042
4430.420191370218923943
3597.544674884576051177
3677.912560939705826080
4458.336322332007080504
4616.414954263938350554
4402.696652475867725940
4490.443144156720845395
2875.268176876043368928
4838.938269766820793549
4471.339158934386744271
4197.754239931680571907
4033.256823288345005452
3954.267555191409506454
5285.509071413022817332
5037.327968080619758684
4206.162054897291508571
3776.932323146554070892
3712.037814662272368293
2515.409977968971330320
4833.841091126892173246
4017.502341877532938463
3586.196563002961874789
4120.240446866742858312
4000.947525310019631917
4254.518869892251244025
5394.562673492676743603
4573.882219108656314699
4503.899719044536746004
4530.748678080821861158
4779.556368872256739255
4562.943486407982021102
4764.556271654250600101
3680.205136435324406285
5067.420353078843776373
4340.111495906943945400
5210.813950839789488789
3931.186227058824231628
4353.971647296626668044
4781.590804155043481494
4340.572855891402683781
4295.807622980253460909
4162.132839275772931753
4099.976254461242041849
2549.728881230928005941
4288.339241149222460514
4667.236977150199773057
3112.276953916473574147
4651.753296495321552850
4433.344385207098486301
4649.040434999994168663
4707.523040429029795195
4160.525045635851561165
3674.089681065580450969
4110.232708745309366805
4786.621378311344922274
4305.571560951721937993
4585.293705314834244113
2889.078774852871169143
3277.198997234440383197
4067.306254307083208221
4512.438378554981510682
5229.921017714169427570
3480.697850158355441730
2747.938253141154176573
5426.778058471264942764
3293.932964615804332764
4586.784090309743016078
5050.704618326498895886
3888.240573261650540715
4513.965242550918794073
4653.590839451674268101
4911.156332207272017243
4070.380474058207290078
4535.881209568403531929
5126.439811268238765152
5099.861142112468063825
4649.773906371940336513
5037.027621091847989554
4045.857420410746370543
4017.731003505312288748
4847.702661974637596387
5016.539212351245407451
4233.429087082413470711
3882.321183141447850318
5444.870587975419370164
4102.108302575706381354
4624.047297497440009995
5125.383298998141925473
4523.350986775259829020
4487.190838030441958573
5046.490419643137706363
3909.045824841343698353
5315.579791974546194577
5148.435926901981216641
3887.093795196833088124
3555.219391250786265868
4781.533670770705191089
3723.922883062797031473
3843.505579972517815390
3485.367192536880859066
4948.430156339739208082
5130.696892968896019482
4061.080504030318808928
4100.769752222337886760
4470.179043739246108835
4480.183436008552163798
4690.147869897055002752
4284.994656829645868878
2631.339830694337103445
5141.473087269868569749
4371.355485365733734238
4713.297889979524508686
4331.173069634562917685
4805.676028954990314457
4921.449338843530821208
4532.140470892390962998
3200.521412805837028870
4430.261716171033635092
4764.810620566837229717
5551.785643291718295611
5059.219572528234117215
2666.620858139345688897
4862.844273321692318834
5121.280172251414482432
4727.394581470237724830
3105.472610028212221644
4301.184562208985935783
3453.307248314011217882
3833.945043698578615921
5042.754910653961677447
4000.256285471338550952
4917.465955221188584900
4241.816561423009019016
4720.438943013443271468
4772.635745221989096443
4545.080222890318697448
4286.985161568373638996
4146.431263195297536761
4095.678760065940218649
4139.100739223912541753
5015.560823741977326318
4640.996925263635091596
4239.086938817275794111
3148.914787300313867791
4310.381327336807212980
4955.199109817097054442
5240.274605696135377997
4831.571413029063052580
2565.526270995581336498
5142.681646897441959609
5072.391588895894869893
4285.345633322023995326
3806.506665496546609972
3189.900454394387956381
4649.761222258924221684
3800.933111037548252531
3894.889337307352442430
4229.339529351012581859
4812.543352399939351027
5137.769685178919186974
4372.805225084288353266
4854.261493298168583799
4493.438270101638307708
4876.553530739681952877
4737.426052173611693785
4745.584271690390517406
4717.456305489068465242
4546.986753733106028985
3615.560232565275590844
2937.022602267986143731
4211.705748953752234343
4014.090751896648710861
4199.179161872893220053
4651.888101486270772789
5078.831309211791428915
4872.295558419252576865
5618.413769737608241872
4472.163488991906716397
4192.744996324296975931
3689.451234019181056656
4259.907704538671616934
4633.649733361219364980
4255.462206921364036738
4335.496743219056568375
5182.504359639559624817
4722.037517167435622500
4401.746271785495197015
4579.913726861824160963
4425.680840245053322413
4735.851456626675032080
3582.481848727741589267
3329.747127585633386548
2778.568504660962045660
4230.209259513406345299
3875.336702169167067966
3288.944564197164939667
3958.005329571403351219
4350.210143674893751076
3992.463101082056521118
4441.864595334631483414
4783.725387261457993482
3900.268330160278947627
4601.394614139697164301
2103.335813471840602062
3407.213078338510703125
4385.427905283228563693
4599.062704717732758652
3260.758152188674349414
4858.470366627290420336
5204.265143050682867809
5040.522816167972552925
3302.351676448361285754
3981.126031786875044016
4290.869404869217791365
4361.064999145655421309
3924.315431607281034365
2945.817472498081548427
4055.197601899696652206
4640.725525311789644523
5418.742145352550722226
4296.470010728584511206
4899.971835684669634325
4298.990160476941573275
4953.091279912779784311
