5482.339282713996089225
4980.693234104510864313
5217.093285237178649449
5322.003272221412299992
3452.406702609807502391
4721.057607825341166485
5760.729414581499982617
4029.439692266535966603
4274.256133915070897000
4543.257492624880541143
5286.239319480910678895
4123.463893704333855794
4387.332220197915678028
4299.888949634220281837
4343.140663666852093083
3581.253734657319554024
4355.041544194401656576
4252.284847218268305724
4092.672656995856195206
2721.941331092611809250
4813.814937183832566081
3500.558670337312377141
3682.710251980572267794
4411.768545907218982194
4722.323298598139464488
3962.798850527245135833
5405.043521158455267717
4980.263494499399441029
3699.280803221322277308
5357.615852655884451927
4513.346851369111621732
3115.386790457411607003
5280.374482451668642025
5103.709129512469618195
5124.439797508615593635
5644.436265594361989972
3316.143601076145118078
5363.817454822539185777
4407.021363943181193612
3941.656913929848475187
3094.991548127902078136
3534.037080366846272028
5295.809038205179866576
3518.284993817233617275
3401.960353039266669484
4130.017527003280884745
4871.533181843106057762
5410.216748862209406923
5348.147912949405015315
4960.629945562558319239
3692.069570542061127894
4114.277653168367872905
4050.524061235542848447
4928.116923276701266676
4392.804660053976005152
3058.141232850719709369
4474.974936923183906679
5118.961495081243231908
4371.622666934779762204
4234.883307101021585606
3938.163782274364534075
5561.136071169508603873
4090.635026967876811455
3512.992477687909435469
4093.025616152904864631
4761.134302271699600961
5331.044955584755900002
4900.582370514351490787
3718.710557091353583914
4729.886004119485693131
4891.278317278753771102
4223.251507900423847186
4892.504312952152655480
4927.376067339928283673
4835.519132518303588419
4576.867590581933287641
3803.828396613787396596
4980.532569178254377107
4319.761779802482327462
4229.202510530936352851
4571.259262842395444615
5415.392475696328249413
4194.699347324320090280
5328.152395366276560029
5115.269762679915073633
5005.376345061551076832
5283.345866276213458779
4003.087555411897121349
4354.655141797349947819
4251.545420179777462710
4675.483276256809411553
4334.860957057253956659
4763.707180752273479207
4481.367602603843091291
5219.115461618055873849
4427.050476683969540304
4528.070226990604621342
5025.737855237474175141
4828.362656074450161903
3243.130331226336456218
4589.840943688293513070
2980.009671925846437723
4522.736663483662526541
5084.193186992388040935
3896.272807458443857342
3675.295017544292180744
4275.054046826206720411
4617.421555994958640046
5181.277009109817311749
2967.212833195439944944
5530.411092391279410663
3520.039860039936283176
5386.406416904610543916
3209.798665651653221564
5105.879039560960098498
4413.984738374622097901
4805.861443277110703676
4726.327869452374575321
4617.452331867279813338
2655.974379298568093466
4872.651831649496565468
4109.982959561818958605
4264.269703990706932295
4149.180882915852597748
3485.552238790460290785
4506.210220847630827379
4349.392220231387440332
2981.763866718206430262
5508.950599459234665378
4156.547281423278336732
5071.274528491496534244
4816.377826888828782348
4266.169231724148967366
3134.974206293922525779
4686.136319598771022399
3409.243751047917607711
3766.055519435752259483
4627.289667292978374569
4615.324700932386775332
4512.165386274213970896
3650.834340892040096538
4112.646878946794914977
4068.907371809753575009
3389.813585463708654810
4160.825685373645788534
2598.011386355973943330
3370.431671761188614722
4927.706046396143082067
5313.805477260607334156
4956.064256355957037492
4882.780051972712700437
4080.659303612045799792
5170.496611358808515924
5296.458590758008190491
3592.793773689345407485
4002.126359224678559645
5553.868618408694652011
5203.780783986950387199
4388.492687627544531104
3629.252098505820036456
5169.434817764698367526
4413.540120552677758159
5273.515107414531446040
4348.789744323963454065
3798.635877881422602265
4537.424870456444455868
4675.322211365808809269
4143.200943308584260016
4561.459432016239901042
4510.681011178008935403
3311.368193161280870651
4405.113439409819366510
4610.709250436020570696
4534.128309422920866112
4226.217895645613789934
4346.483821336258377865
4660.981627280298558169
4799.788267678820543605
5003.750852597124664012
4815.421799044916828070
3985.196727002627859138
2245.759433482507814617
5361.425726354111239935
3736.242931981975463396
5009.189834420154330274
3819.695502884643411701
3405.592479178598759093
3816.993213628140203530
5006.284408290318252543
5031.508117386435526619
3842.086726856717615597
4592.707890555443749570
3909.094521629233440319
5206.125775963332553253
3719.383810294356952797
4108.036575066905216502
3559.441936366919740919
4288.719370143284585595
4703.011053341568392661
3069.180996957767745936
4519.378481998740459069
4890.650397366982686354
4527.526563868988203510
4709.642408656037246839
3721.330055395417238939
3661.968269530840442316
4979.316661197238688796
3144.709223891302854348
3383.851917430936362408
4346.735894954699592763
4428.801277719934119226
4082.301576751794475628
2364.787547256705246390
4752.335714971855019861
4201.266066086585633244
4463.477131034698938361
4940.696106601788553547
4384.508833393228996123
4295.991011184077881246
4408.733866800896068039
2507.562110539074994531
4931.232018073504391520
4393.326783393570114988
4070.171716600882313442
4038.120369168217179467
2410.007371591622911566
3533.631523692799686120
3542.595992564668088365
4863.086347903722135300
4565.976512574312798254
4223.933289090863681725
4524.831295453551649466
4967.345705283558467968
3556.980643598842423803
4694.965281326906084924
3981.296791714242759186
2565.162768181908136356
3295.162134187471775659
3842.797562281165378639
4665.964907147024413714
3896.712531664560723588
2486.984285199705793978
4844.115791605277696164
5372.699836502433717200
5155.497647649103988954
4724.616989369576020685
5306.380720332786939064
4938.559847103201066787
4342.030940305442427984
4790.853016961766895232
4219.550175032181672297
3686.546540455367899636
4190.645779504715325192
4764.790008391218732342
4239.037073133366475552
4190.121866937197144587
4978.819856650709436252
4847.918282142488632047
4233.984799438088894252
4397.031982907551426187
4274.591865297621052111
5155.072925756759332661
5081.910754873653625729
3973.515682595501088192
3851.148975355858964376
5094.621949178158637928
4597.936059595314908233
4491.631486472014806566
3447.393339260395885848
3081.045394706840322652
4410.382869402828079686
4285.337592956995651949
5143.143855837339900816
4710.296936998874539171
3768.572225691661177427
4626.044337537554479223
4174.203403403890445755
4358.970121057785218177
4413.922257716174471831
1843.113556597791631964
5198.690969822662802269
4412.778866765075559631
4504.964972257677152889
4041.178727344739171734
4105.415286033724703518
5152.519368945075208366
4045.186845324389630862
4754.233550897048728778
4695.957083652403105223
4749.143705843643636477
4690.535808509971516855
3917.611198222270203484
4111.251556685853425499
3545.329196781301947849
4960.147346903519710359
5138.672270463971214927
3262.757925279028100807
3704.178456054991315005
5269.749085668935871141
3866.736342781846628602
4450.378716033124061102
3916.252630793795322273
4022.004047485540140228
3721.654070481249785507
3652.523890208628286835
4715.676619187517150333
3535.408482212426899860
4652.207966196811210313
4805.361214046737780237
4059.050339469314788055
5120.110621284415881149
4590.312436328971448241
4326.465228997217040252
2589.782097024865054058
4646.440927709267796342
4601.490278815912015276
4214.276008611005136739
4309.001578188240036305
4725.689391131045648198
4101.194501238085387218
4232.554041346471890961
4856.528800248830656461
4529.025855980053493877
4200.100840822650956508
3642.590840886320599834
3828.570591136798114684
5012.805458505569415895
5023.360110127851208439
4813.164551607780022202
4444.614108529844097362
4637.707732258222909749
4615.266047982804365368
3858.074536891623178558
3793.653507781848204017
4734.036161973605159936
4407.894190459091885437
4298.268005772467768022
4210.051517821465500546
4492.803839799686058232
4194.947870586486251998
3522.881504743609797137
5020.478194677485463071
5091.466583007189679044
4614.593634081644218270
5285.043875590321231783
4061.485312356034115044
4522.630561843546799672
4118.621912764165276410
4343.536598881164799035
4060.545278192992546318
3510.414570646287959477
5318.359566923105965941
4856.262923014200327820
4372.260479564052659818
4754.850120719100017741
4729.625301244295788816
3985.965364331798453046
4081.664766478343692402
4150.738820360788900121
4524.489625370345108113
4240.117113144819310566
4047.789590474477043003
4831.397457294970887443
4296.322337050452490281
5215.033275389345780226
5349.515803817595016589
3156.459479445529400676
5239.003625208632942023
3986.205171487337575620
5551.835967069258517270
4532.704170370598019346
4796.399878074334707012
4157.092946092129413849
4830.486557171282852252
4455.872032076327660555
5010.795359759826095303
4991.884569779584261973
2837.543108333334898941
4776.944562040082055798
5090.285122507856938157
4451.684509799866497293
4261.745689210085664911
4297.410362473535929251
5228.491835485355065050
4978.611700521385361462
4057.081251833751985636
3390.307661665076825575
4851.844571625049794772
2463.138532830871748391
4593.985941999796426494
4871.520643136062254985
4566.329986103767739625
4722.345296120923339167
5343.027126934619308596
4490.278742609505762573
3000.483444832832814919
4177.550628993569373115
3739.026241750072929282
5390.798622551748453091
4586.430667374413338244
4292.421440549672660314
4146.259850924587321952
4511.188703130366701721
4708.545745133583863673
4329.229883874520263376
4364.559720627234909784
4849.375352544079285089
4918.971744729241667216
5737.828342972237729569
4755.894648223463619274
5234.977005015149015499
4472.022221437904583752
4260.218356773341169763
4435.679416684808189952
5153.847611750360417027
4475.662932399910729497
4420.758017169888072218
5401.122874456363487816
3905.663906463362024857
4552.544461682009862891
3245.176249094593131872
2392.476981148935345045
2936.374009386205020444
5110.674341345626833899
2761.255690069490356331
5368.280717057483046428
5194.255223801812069606
4482.295264712152623510
4658.709976759140773961
3561.671069236327159535
4848.082136430765214818
3054.433890532596965750
4899.649620703581455849
4719.181417694419961251
4044.852114694669324102
4103.577027643774490784
4618.249078541235989270
5067.515221475247704674
5191.701500008341257253
3021.023967295567705493
4534.219042232207308452
4351.695536679161436577
4056.642964812949352815
4140.191948565312821007
4627.383288931017753853
4342.578775180532975941
3090.877398311838125666
4613.594775941788851625
4857.788544662889556047
4445.931147631946561471
4519.152958843445297088
5261.690924934266034629
3968.732165868746935899
4161.306092492165320529
4693.033153209870824263
3461.751618669481680213
4768.884659523568533057
4226.852875622081724405
5184.794423105329069124
4296.122408524924012774
3712.118316639430048998
3555.459911608426025076
4950.124785990703080607
3209.142506986307442851
3612.093324804194755862
4052.593251005427424705
2866.263223211113854827
4368.711611541277961557
3311.978595753858776840
3118.826216434224363194
4358.962506022595473798
3883.012108822815489972
4646.914913700544911279
4272.111886674920080864
4731.995879346374752394
4497.721355531284811224
5177.483899668616403211
4724.255675453376902784
3924.723522500665251478
3454.869302098039261617
4257.785572812739747217
4194.356192653630278855
3861.915268174192343409
4192.686981604792141543
3622.694827878057423298
4254.497282458712181352
3919.358221947000648022
4430.098443767279705607
4281.630578024828003958
4045.286503532812332207
5225.311077754509584192
5431.873806416621309090
4583.285416671355137375
4646.255750227956713871
4128.271263457937028551
3058.528130183167147882
5175.779293868861425043
4062.341932102330031462
2712.518984524051036455
4971.438458028024270252
3153.401980474753188988
4097.171588680831860518
4722.462694809230004722
5597.810800175269295931
4867.940216053546499175
4197.206914199207420602
4184.855999336892799612
3831.828091917915356301
4399.850525417414477847
4953.331467127719105470
4062.816873785035950650
2919.135232275732635632
4608.254719741817379219
4644.340554972981133908
4584.102775601197095057
4478.508400816757973661
5435.064981342185820523
5108.633392088992769331
3909.151416361348990947
4568.171393223247790605
3451.107002151898859754
4852.254398815424128344
4962.799494492982534499
4629.972199377755222471
3363.815824528374188729
4277.501531213716394753
4478.531765996958762699
4566.532802551545662695
3645.884253866014635070
4455.059440688639947670
4973.572946316373169395
4694.449848368482645533
5142.147969445130609056
4979.854310339535441443
4339.906914484708831292
4503.164900852773421480
3514.957177909308941866
4759.453474721392229885
4036.486457506177710330
2855.171410797604372611
5238.102964881623733628
3968.561736187494479955
4941.930262079414970078
3388.674935376629495654
4133.753818088943106979
4471.365046903947446655
3463.016525965571797752
4751.756168088850110109
3666.392234770391794552
3331.404732267144088720
3631.690656252608629284
5039.325547057703586162
4128.482821474056024158
5331.363902204927237793
4204.460535346823686353
4097.563938245322425313
4380.659655413366281529
3302.717006981944513955
4910.164031912898273902
4651.945570792695883178
4031.643780713303711671
3397.194324514005479010
5040.441500389749492239
4709.154353168498410742
3995.776523272248067720
4985.918895601978890753
4871.753005069640459546
3742.839580782274394810
4456.376659746710014343
5121.483838679519156045
3823.057602053274303344
4193.440877225760938352
3739.634653468821629652
5600.303278237435614884
4352.919905932642843371
3059.719531400210008609
4992.820225464064569199
4946.533119620591539167
2849.187973259438354079
5141.012503839199721867
5101.747883521495052328
4103.137601037987099772
3849.857368280531321636
4459.672747602471066131
4495.160968862436529747
4055.395093728710220304
3330.219205058896876803
4369.763216622512518761
5228.755944259726858192
4833.173827008900683921
5386.689079070665908677
5436.518623457130848564
3800.759049899089949687
5484.381665954858522838
4914.865610250711185358
3460.595670555957324765
5065.914884286454541229
3711.908232949700443548
3785.812513451526668540
3820.558748681481107790
4123.261467600329547079
5115.442967513230974497
4385.279747978361696514
3321.468833906195085914
3551.412163370198993073
4835.349522136025223862
4639.371467480824883900
4006.409310553626193174
3698.339031686171576085
4147.514205328514595994
3556.869525990789168368
4216.639942094001899164
4587.552657213256074531
4144.563519469551308383
3231.863452966163077207
4574.638566195526189873
2893.654023554390357864
4096.126900592502107834
4675.627891591715685315
3386.948207840220948839
3664.167954314729878318
5187.820937950625598933
4390.931919349995095292
4588.026768026240599596
4223.477300928461512619
4583.413870897909863089
4286.513982298331808085
4173.891717839606789298
3311.256667065857491439
4984.593284002438827507
4056.664789734796854770
4340.626108742325613754
2955.910799350981316147
4118.208433188917267920
4675.535594198571293756
5034.605970167166884455
4946.430618247866124459
4271.949503283678631682
5232.227765314808098474
4716.752075763705233769
3529.080516088457199819
4125.138379959553603715
4158.089484908388723916
4511.000543383818528476
3769.128995651464791639
3831.943340500219499667
2421.034154550517992543
4951.729566121890413033
3934.890310944932979353
4638.704930088912570252
4964.275709987318327521
3628.664777293370547806
4365.870660738262076794
3854.582040248289766193
4551.645249668325163839
4825.171517713002748096
2801.193543690216999575
3918.731866887452479631
5068.100561035472222393
4994.029579484072293383
4398.139511525179134566
4582.361245736474895995
4134.801761554853951619
2484.661329545335797464
5000.812095631180408617
4646.889459413851585001
3847.914245320116078730
4482.278402665515647296
4049.828683912057633698
4009.612666036026887628
4300.257257833007801473
5277.505518206711295548
4683.657997626577162986
4038.778222327241341549
4788.474652568033876676
4999.974340141973301321
3437.014619758048347808
4847.380645915305588112
3994.239566763382117909
4364.349794495473372713
5415.801071271272561169
4642.992576024506921506
4918.752231408425017456
4133.443882923320265466
5200.035045631153687307
3905.040803324356437631
4659.693777209684558471
4475.430611446730679859
5000.551734277916284821
4624.892773525132194212
3149.231406794568242091
4999.466695865234822094
4526.483954733230098633
3219.262289170246897907
4345.449452729939570528
4035.662989742737758903
4289.230233372190220997
3165.399399324001715517
5197.228680932917256552
3688.379414166550753329
4084.060129307361426632
3830.554025830551594378
3593.714866802589500860
4237.647957629106644450
4789.435363549491284196
4732.830972176065620349
4075.242322433772001133
4087.019156842678724750
5163.645860013309345060
4250.518962068172459379
3813.289207793611879538
4922.589803707678591138
5213.414191580139339877
5397.836700058351636411
5227.097593016593407356
5194.576997079428849258
4501.433629870946732332
5303.422013635464967063
5538.313229835047152516
4574.674085847668044469
4183.982114944701574011
2779.394391858111508231
5463.591325337624825309
3407.422960879939555223
5634.975207238891396599
4691.991000466347194742
5065.592021005344979478
3367.010988717002930581
4988.904096467009088300
4550.022111186719166120
4666.026710244748259004
4878.174927487794763525
5074.782074723154684293
3963.757547978958716062
4671.939654754830071326
4320.224576182169234251
3961.718972859010865495
4534.438228587944604620
4410.657697886652575114
4743.059282392078110036
3950.604963217270367615
3397.708324428216870139
4700.877379790257629022
5248.754461426522056389
4386.743737929115177110
3842.244130138622727699
3628.079795419991418148
3365.779857844309584047
4091.719156065787982524
4418.949690468620644879
5065.842277317225387456
4972.978656054111964213
4709.146920168415666907
5035.846097908676745725
5049.805161875852020259
4590.794477694317589744
4771.345968388115581504
3900.631154913155830943
4337.400748669033340388
4908.961499061204852179
4782.636562885424208247
4277.784081861410911962
5051.872834523063257706
3587.417208299000379812
3785.445948383120758018
5425.791481035680786871
5464.988846751127191670
3954.443555036519107215
2424.649018970768346914
3049.912082986999299905
4055.007084042285923964
3584.324430275528356127
4892.101219824680178760
3157.386781357643795731
4508.306599261723873973
5099.442200802405418258
4464.013458962683394304
4559.142927365619125446
5465.229667411087197681
5123.167102564400998244
5484.310362846322957076
5123.324892416034098463
4806.589731124788998251
4401.405183704177745518
3088.573376025597422068
5325.978460314503851958
5049.167552239075470677
5053.763090110219097895
5209.476036020877261823
3749.198904756733558674
5457.653089303063902449
3734.032141717254442481
4572.325699746915216082
4487.682631085783449443
4955.610879342554107918
4197.504402213328861038
5178.378920732763174506
4968.729553454894410702
4356.559664189023629355
4090.960624617400162251
3969.331159115808335791
4503.388088412440333208
4955.981580022157787280
4179.819870795899590554
2370.783557317529509412
2280.851782062644307336
3944.231833380875094974
3012.648222488193955337
4715.476759347612291329
4561.412725403016954928
4722.679901066759216466
4989.249907828521584108
4519.306981478975525857
4235.589812915064427123
3400.806948016785579370
5189.494022917456104160
4942.545317272904136008
5339.708330751341690323
3750.381536694744203153
4274.081340673706720157
5246.758481723075934422
4186.927527909795619276
4222.207460578838568832
4048.702262777835796603
4133.744945818294053375
4223.516923872347446078
4283.702195858850086729
4810.554410114862322168
4227.909738433299725813
4038.490660774840019576
4976.701749554149805554
4419.782179526291929772
3875.446607562196964292
4705.953258673498837084
4454.105930812978388911
4850.795300834550523028
4030.797701052296918789
4664.629416303833300272
4703.253648465443418125
4485.797686452413211455
3291.778508962561589968
3653.591324246750191129
4932.360504499847182469
3961.126977868494132951
4460.800839479735524051
4198.387516367414268537
4169.587033710053795232
4228.511645565464249330
4473.089132674445896676
1820.649890404227904339
4278.726433833945134388
4074.762859677028471239
4140.159373377343780209
3185.017913542552714601
3737.409591711553420446
4528.042296815787031594
5215.665862293084477308
3516.464771697849787113
4581.791494954539067930
3959.887085896989279865
4302.864623664148441051
4490.109613931986955571
4913.549541546947399429
2956.259640081027858294
4207.998701660837499450
3354.619542695003049815
3192.086544492339251544
4739.326898241273458012
3813.419500752345832062
3824.923473871314345107
4855.007908251271400601
4956.346025994198135400
4923.015092066373758151
4442.794266033622714307
4359.212082701055112732
5138.487328740499263002
4777.991819450786417089
3635.192027726235055596
3063.625442959766628004
4160.713708666121987356
5337.513832495104465714
4455.941725043008052154
4537.389878873593398456
5134.072285469320304330
3851.386706366742078700
5069.692962200659042793
3935.790224955878143343
2913.109697801094341685
4533.924877861270172019
5438.791121561543509877
4514.301290746655610064
4050.516391757487825842
3600.290883602791211615
4031.000374790212058329
4630.271356383457738382
4788.500401498753137108
3165.202723654391486097
4342.537331026555253555
5295.301635029368965135
3002.773938198784247078
4134.834709323640099754
2753.242181211931042695
4372.309263404598159930
5065.610896378933876161
3234.378165511666723519
4511.433144377028007455
4846.228717072339639671
4393.685504926800986514
4726.109446737253829252
4458.485086736369627847
4890.578619132054776664
3121.286705866327784609
5088.770339506566233290
4998.814621363683867727
3701.137614376123576854
4273.023027370054661489
4816.897421755353453587
4180.100616461779325927
3681.435103091392228247
3439.871598004744069677
3707.196454922049644987
4446.596461370306564209
5197.414895723355724666
3727.270765115157952874
4413.539207410753720140
5189.760962010581986092
3427.208752923074582153
3884.554515240049052505
3774.221423704143654643
5615.093753276241796968
4595.835711800510048342
4531.806254086352711674
4216.447576415571073305
4556.037019418826603090
4067.455125299771101277
4735.549806252824184050
3496.771084494747627414
3925.888183355802366403
4443.941833340945497532
4458.421218170166256733
2929.686670412130993446
3222.940037191941761829
4858.286858973764904768
4098.248580461433945743
3920.953414651913478295
5067.916667413855220214
4806.164142963753953985
4048.994639521561414774
3886.249710433975165680
4654.447835963931975556
4346.058944316941804242
4363.523014745857474317
5262.634142385745888770
4281.648023458229558535
5609.016431001539382706
4384.374787622506082663
3652.058238726473800462
4496.594613256005013913
5162.934995189855945430
3605.686490924430915861
4383.225784851068306480
3655.577412584141227869
5161.299586354189307347
5020.559644054116573031
4869.418802593859381567
5054.823386307881681212
4095.932633137657241207
5136.598836713658918551
4525.771491847518115392
4571.625279190587202827
5172.997455864911918511
4757.949177955425093867
3663.846165763984106034
4321.460089544110072080
4783.998745503031837956
4742.181097815347119440
5123.397537613630340569
5271.798494514245740028
3910.978570902510931484
4530.139908313492366876
4691.864525944612013042
4881.769485505529597713
4963.634257018446028109
3496.223974893299001554
4518.132693405685961441
3859.161203385630136031
4077.267061411530434611
4963.385496884498450321
2545.309012437888684266
4310.888199530764093748
4280.221356904369899965
4269.748150245476631781
4197.939336038768298298
5007.523660331428126291
4976.450655494824781844
3924.768159160262469998
4962.217572784751309367
4880.567346837384976155
4486.742579645946823241
4434.316529634802097171
