3827.479092458375936836
3589.916283129565673704
3518.590503590732538441
3553.203189528393489915
3816.208097856875935072
2283.383026453849582893
3146.597891358574685672
3040.586628792215593942
3445.570460224256932547
3045.522710906375996709
3024.769214964555974490
3819.206517708775310060
3838.429793340335855145
2409.718578733078378162
2575.557778792202271889
2689.572619840616392706
3166.752717495274947357
3032.079553159283317854
2326.852726417271425730
3484.275977519375689262
3115.373042721472506278
2266.124413640060730302
2230.862514081239314390
3142.833866733389689863
2846.117332184432690001
2862.043165004204919644
3819.230942010189922664
3508.689757910252235762
3651.710490553631435207
3431.041371903326497650
3797.666975556159661309
2159.409289502685915796
2794.276318355770599045
2385.302920283624591669
3188.608791799766961406
2065.476683619668057723
2872.789632333249821627
2905.669395383447713543
3312.477500772640697457
3496.999183341975319328
3355.196336696664867194
2614.453544801167555800
4000.652892954006573323
2927.131408192568593707
1577.098666368377891667
2161.203484910197115676
3087.823850452863760019
2956.781083993001293830
3637.349853084041560125
2414.010971674936513409
2784.623795652999495243
2762.368335890095433660
3439.938112159073773100
2188.058347982150763977
3076.478780646807183574
2562.545233542959982831
4214.188802853763106349
2707.739232391259230459
3432.115105847051294008
3198.585360976812435929
2537.351768284709054635
3511.468974154749382643
3019.193327096271957100
2168.014881036020246485
3108.525393768363128899
3064.031873378857963264
3219.239032315970182818
3377.595658062070858918
2624.102156190735678276
3180.039983526733907704
2572.834306449033622055
3309.732139344617509291
3807.707441474275416038
2729.189859301881601938
3603.012393143606407087
3415.875780750460489532
3251.809092222008997108
3146.559846342839889655
3740.352946302830404068
2250.956893645646643476
3232.136647641560864841
3185.394027622695877877
3292.289885482027606889
3621.032475493521393783
2726.477348882895078264
2873.203571304071916481
3736.102250033653947581
3288.986851761271164030
4323.189937720658859277
3059.038375913818988749
2999.893056722092504973
3667.098148357490347005
2678.867496385921047386
2870.859565553228211154
4242.412924850606320337
2404.308639221391264096
3271.787674609942452753
2765.653734673922678367
2828.995674549799160369
2877.156025937250577229
2528.208577600502206417
3701.551350302773081724
2520.136075396367097978
2126.756542969305337820
3368.334140277530877938
3136.626703016991371875
3672.409182502786686664
3681.996426477288131274
2336.643305164989696809
3312.112132790115475611
2867.192392267405762984
2549.844039742595021458
2646.902252262797683668
1917.046026315111668992
1501.098244044491930027
3046.579639592127219494
3318.155653902789379961
2294.653417950793147240
3370.090650476265538238
2210.999012960759411150
4056.420725700383720147
3370.214885703096904468
4116.422714009981803862
1853.404381871258706393
2725.958851210883549188
3201.302886841002060647
2163.630404393854538947
2745.379876061771238449
2146.407516305326336870
3537.402954300923057396
2376.656700223456161192
2787.037162906541975849
3352.998224249100243988
3083.053963378248244931
2715.765390294206190092
2754.359123766369237263
3845.815510224213362056
3603.564956395277435242
3220.448766714721056781
2296.241314336026160037
2904.313346203334696094
3899.497596795988652696
3466.640985688654082786
2988.472361491194195349
1607.224664521933806705
3686.978515322521098962
3892.985969834967885594
2986.021784144014254103
3365.721595213931227386
3508.358389721880790102
3149.132723298708227855
1761.996145632541385551
3658.729626736490650796
3188.939617671370526431
3956.187133977856320133
3285.766826239291798162
2704.202680399759803453
4341.667736780722978818
2654.318504239338199158
2847.367834602377300257
2523.037309246040019950
4110.559290124750486228
3683.036578159854932402
2969.262860908628295586
2425.862246194311851788
3767.884907218233506043
3347.521860146087446797
3779.622557065720384273
2456.476255738743568413
2981.223680050398638031
2758.355947316441095563
2965.957721990652183663
2649.383503420879014456
3428.787822693396708296
3627.132907785423448610
2724.269946657027178460
3315.215167273541009507
3293.890610423947326257
3803.077984694388764320
2389.852702060390940320
2473.675620867067394881
2227.199835038042753155
1702.641160201120060558
3280.848569477337062672
2360.406488677063810977
3075.720542197095283887
3053.626395602671297125
3280.011650322763357090
2282.176038690003352816
3290.794213759768773953
2712.940940925734879308
3122.190784612201736259
3749.672416599033265339
3024.229590569978062709
3061.382864206257581774
3917.564763496582939117
2501.821317237048353466
2603.731536924006237266
3622.870453584597269625
2846.521346080399612832
2414.592719242697601345
2655.257127858937950204
3033.356652300212383366
3731.977558045299597778
2564.704890962567636059
2971.028361947589236935
3077.450553131925898409
2503.871556746246041403
2626.321862960393822117
3506.919862607735312476
2797.916830990961250203
4245.384857257086093085
2200.106418612278164293
4023.869031621564057222
2985.244100924739145242
2594.982076853399364680
3833.315819527136755873
3365.081498919690450533
3724.493953504230034479
2594.224974790964708404
2847.340220246943943483
2606.891486302960172505
2174.517961580650862174
3563.968375833522608698
2759.707025499393650669
3101.303982547174906248
2980.890170575818309384
3257.465115633334185707
2607.097862271679541202
1950.869336348810671122
2194.528206491618742557
3345.570699128432016867
3474.378002762410357906
1910.447111294003869508
3267.006002525008993231
3103.684923012451266633
2952.279935618130101593
2037.039938795335675570
2352.833179528689869553
3244.590271384000606414
3776.506410350290073197
3376.065195326582666357
2243.233932093521863615
3358.683909847676909877
3364.374579228869784897
2744.503757024824607269
3037.306570363348054542
4000.920988903293014083
2943.051005162516395863
3202.816064647707657853
3026.034350613924327478
2751.315907301924782447
2388.940173651532849597
2205.292607932306882423
2520.605692504933767806
2607.311272561241793255
1853.641684711229495330
3154.667575982076721974
2129.529879069301972816
2928.741032433119374723
3433.848562963896323907
3661.336816805536410691
1624.921897931406923332
2183.025709990160191154
3595.528338667038483534
2778.798962293170152327
2713.244793910290122430
2471.972304272827150928
2699.477953838596173908
3580.802972184313939241
2646.007330948741453680
2390.551899497840813602
1820.753713013759003347
3128.009332911970601376
3505.912045416152661881
3540.828879665062898674
2804.650065952844786965
3064.669065366979046283
2908.790957457297176481
2368.189772895352488868
2813.753326285967442333
2606.729204016957185619
3378.803902715915523203
3000.244227476710641378
2472.648207540064318355
3637.024659782622298732
2913.144677879327828496
3574.834089225411793089
3413.958637611757840347
2617.377780975443709810
3779.328885143666961088
3092.460037792066919415
3319.103282963600366262
3268.733619578477850087
4392.436143250395019777
3090.859628292734542665
1974.574906346519815981
3135.009138018707505635
3101.727776245579910830
4518.584779460524902817
2677.576967426371093772
2386.182216908557483181
2676.701023703683288701
4155.442208226558455930
2035.206264639074500433
4022.082025162974325161
3643.878145635597777474
2739.577120587814621278
2429.268198009689375905
3127.223205291461840982
2957.744090494263115465
2457.617736693085985999
3317.751131913409244234
4459.054648952219253477
3157.440543240068417497
2760.943975309401855256
2987.196296813700084893
3263.797591963704286977
2544.852934540137891828
2537.595792862941323387
2908.271271898433898873
3363.483684860120731974
2086.843967788925330087
2221.984283603026018472
3595.826423312867183846
2713.075900285899000108
2580.903979689498255468
3433.852439742014365454
2566.585974610599920842
3080.857029169721326367
2964.268817664300537995
3130.487758704573734825
3474.905982621859466208
3245.935596418601422508
2804.553140946034506920
3750.572890024770819295
3621.680481390460673463
2592.746423229387600751
2331.378312183730896257
2644.327099761246322895
3126.274981935776053010
2968.865441115753736945
3262.853914581415548213
3278.274054014422019376
2773.373114150415776891
2870.044161004742508947
2249.552818728310588980
2387.420541521828550868
2627.493249979718452636
3643.907359242159773816
2311.385781549454518036
3379.646009694896103159
2072.118931011289122646
3374.988187237186817891
3039.718313713443486712
2309.803959053784843558
2835.145452151382293726
3041.179640702559520804
3293.656410233439968405
2530.191314454162500702
3387.360331202144406504
2626.161066356954799428
2841.007842885052511850
2857.834244040805242726
3699.647752743554324883
2690.022234607815441176
2345.006998656295636341
2533.216080677384171027
2926.113962237735177441
2621.822310337797498514
2416.249107565059688563
3660.949505375263083540
2152.576235224337386054
3375.706116201071656180
3055.509426168047497407
3266.663056998072240500
3378.906555708196285392
2816.497941456629667156
3451.501898262745678059
2532.430232910062809726
2780.692076032459485013
2840.087741787272392457
3501.490523324435686803
2438.284903434109160525
2838.084687249899662698
2292.229297596064719666
3760.843091733282862243
3237.397165314121271207
4265.200345319329459315
3754.908291810216291129
2577.729337864761672394
3543.629414352812978528
2725.212801313752463139
2705.792792371313999933
3261.859900437486190050
3272.999973982108575576
2515.862026821767628793
3090.437568195358287282
3884.316416650867189064
2986.332577867664692217
2892.939439928130304081
3144.856376113414037965
3320.330118472602030533
3038.455942351512142352
2478.063451204080686274
2974.360066734592328075
3754.070197340416930931
3377.571411908621912934
2551.926985031972963336
3548.986620109943249224
2720.266768530582971231
3408.003998261846438478
2552.168422427116026174
2467.961249189130075621
2462.526353449873181445
3367.187450092356633791
2068.430084829322657569
3224.940370713673871039
3074.432645638210074956
2101.256489092856998280
2887.914395263389438995
3000.349773183626872486
3257.161460040357836565
4210.053145195788190769
3844.853087714475100789
4304.480314930378003879
3910.350037519020266474
3742.189449597240037848
3553.415771587755892291
1974.830946379829484272
3211.756836619846603220
3557.518437537703075879
2959.241192629401462355
4184.707345996289991952
2979.949108523385062242
2652.073398518248600109
3529.468441544784404806
2942.543834100431602074
3247.321337185467703845
2647.311349710746416042
2354.966655053439867906
2346.292557928829507041
2431.845837525158023018
3646.580552558176139932
3506.733237544930335883
3358.769689078639550939
3149.164553817822676196
2975.296424977575356463
2775.232043268049462181
4983.221251498420168780
2002.734592987518911777
3239.028810747777930246
3303.939758325362143321
2901.654674236577037938
2440.268015685607512655
2184.060525919536507100
3302.314512484637607059
2779.824575733863769367
3216.035185224960994521
2628.831666491628448412
2345.900075498674619112
2604.463372138126711963
3920.320435300366014530
2531.155610277741403458
3446.548673946996269368
2681.500132561935424214
2506.538624621576165197
4463.934046532830492104
3195.474100670618560649
1885.424537948195780501
3353.739941100767017579
3188.726801223600882285
4282.353133913411395550
3332.136201279590963731
3009.391068043292341017
3578.082254401486636208
3806.441676412403350094
3333.387545350836202118
3663.913286093584450231
3348.557401768263177111
3461.937990874974607092
3247.181544021284861579
2762.032346114898589295
4184.061208339218126184
2288.729375935254136243
2073.610102901242714601
3360.634713477467684140
3224.298088993987487783
3168.712250309495638056
3486.661766978604947598
3301.234993573179232307
3295.567686075326888862
2806.422321482361327050
2650.566891845208389089
3280.868180056347103601
2532.887616739902203022
3744.094807011877305669
3663.906417370342191830
4301.028995074374749574
3006.057717044228278169
2944.904698302335788185
3972.706423917600990769
2554.384894521199625750
3723.249657222293530268
3126.886918805741349292
2821.803097179675958062
2990.629056452860580206
2802.446724895638742403
2449.046614365078329056
3740.382918941217345266
3585.633791466397098269
3116.718294507714181352
2675.977808726993658395
2598.415384505378951108
3741.677304294400777218
2335.445888061277569303
3423.084277187222439931
3092.082395989299040906
3044.916131568083677461
3398.365664879983006674
2893.693736718812482112
2381.104378117345259813
2489.458351777246466474
3444.176975040496334168
2851.170096120979885690
2943.670028536429094768
3274.311628290871256208
2906.662066768706397690
3564.401377312967483135
3047.811334375546640674
3709.531188494528987754
4110.939763273005084887
2938.909555253077372727
2780.697879035815698989
2406.991853617345711536
2754.939600492399241149
3273.147221911854852117
3200.272485730940804638
3734.745030687514472323
2693.416291997697359584
3563.999954413788052054
3677.410504098844102661
2597.935970500404951666
3614.411166591192201336
1909.036864572800339279
2980.544629661640691598
2770.017708230947061976
2525.781942653699169377
3087.225989927902237930
4037.227524765927213934
3841.994835255869944479
4003.603613123177962674
3973.921006101715702963
2919.145242739790208741
3430.435339872742622980
3068.126026727513943726
2598.796674360577764640
3004.600391878641948207
2530.774940712913869012
2476.744640801187300472
2253.967130699734259691
3430.678251241062238774
2887.305754433400252656
2758.009900517814204202
2628.970528939793135592
2275.485234612658416165
2684.293558790083420007
2643.385534040362300212
2269.352961384393718047
2839.169714792826080485
3081.369942748890877082
3343.016610900107996152
3099.973617397531231887
2881.151379968949088450
2580.353040706539283544
3509.433759632446872212
1714.403435769189342763
2519.585653159345678187
2981.436828917456884902
2379.637655811569430186
2440.571401872699531799
3582.699632925458750776
3306.796598903699602179
2587.773626756019059503
4261.014945771103632044
2196.279254252451279994
2953.850973877546554291
3664.507240828829209622
3564.943720498192144319
3429.540431247148880356
3141.711080823817606511
3016.754528345982899307
3409.176763246962146070
3127.642201875473411121
2522.643812388359336074
2832.086329481237100048
3224.570442751259065073
2917.832209871628591058
3358.698278898198423814
2345.835098496069647478
3841.401747632023143009
2959.688142280150783714
2314.724909378371953128
2727.771707694742586048
3513.104340825964302830
4516.121628805562893128
2265.553028529523629242
3771.087007237025282347
2637.441316428871780797
3805.802238406787913583
2721.805504576688021112
3370.651541907610483806
2973.298270129489526692
2848.395885577024597701
4436.609182180021955233
4145.327964263977151838
2457.833136974478936532
2361.049297907506304472
2505.868095004991278785
3585.377896415957407195
2993.434383051793032049
3232.367717450793050071
2745.046498834379314680
3202.435641711030248180
3673.213227027846093264
3058.234039907911800071
2827.201088494877768253
3961.151004896179088632
3540.183469310556419796
3196.092968412780090937
3518.509576491725800551
2755.458043640393539064
3241.150699410701627512
2582.614560988133977304
2994.136122073978881986
2854.926645254516532013
3358.701128536315692941
2869.609290946079796392
2780.957635696944057369
3839.914836550921393821
3594.356989028655900320
2567.682323456143342444
3252.792919864690503129
3119.198764265137549412
3761.795093160923905140
2906.302665924448704882
2712.097901304915326781
3816.558437838912654971
2666.219871970318501475
3900.554631067348117845
2909.773691598054950802
2999.070227011982426646
2856.928370382001779015
2275.806993460400047047
3336.242338034576766947
3373.258540665437446693
4172.603908255756457457
3443.325387188823516471
2616.768785459859681497
2872.306209128128722918
3430.160384835902690925
2911.918631957406570221
3548.830786880190394816
3952.166656129172430223
3678.722338005631556257
2307.611514442438184647
2707.682382579405412804
3381.499061691614153036
4041.747915444466149548
3400.469333537988699812
3073.033717376881533756
2277.389398282429992859
3612.645511352377837744
3298.890163674130881821
2933.871438502680241145
4126.795374947808402233
2749.379510837265706558
3538.909598897706023646
2010.089146351350792297
3039.617982904889383899
3418.551003177678417666
2264.040104275492347963
3208.052338275030340942
2911.862794002524290615
3495.524512765744626686
2455.593290981247779570
2404.358157511386560046
2323.323548915856526786
2532.283445290237508862
2741.123753688348974489
2304.901808528457163527
2866.860380574271134346
2283.536769960911003929
2229.542371626632317749
2787.276890886072487019
3628.283213234114865431
2855.776976909541605698
3062.617294242589284892
2512.433686263501010805
2565.537118246871052252
3103.572304026202898442
2408.841083211619500615
2738.852480384567012139
3674.535308504710544586
3715.886854822516554675
3594.468826886686998900
2530.763930728188382924
3099.353729994562142602
2359.159097285120844090
3097.713785112983187142
2386.218222516528999932
2957.648118368097652331
2875.987025473826416366
2889.308898113869373825
3168.053991197428361781
3601.942683069583921673
3198.206645854097325721
2551.116135044793570064
3276.169219974517048843
2562.738329089279146977
2371.706317683626597415
3182.923983525141099271
3510.304872707107082697
3033.554818323717029216
2375.542045731849901902
2614.666358010320952099
3873.766375184926636255
2613.224606719395322507
2681.940072205181658127
1920.771744840360900852
2961.543132908667318226
4411.578127834415786523
3361.539335801494977618
3005.994153964831454573
2395.461480696956419800
2909.433475750512046787
2875.823868804214177075
3101.009706879600879459
2448.423308126861665635
2227.859187640500866268
2644.258509783163304085
2794.383846024575898337
3419.609005882588193659
3308.445497922822522874
3710.384739385887732821
2935.829083888414071435
2772.323588556167683228
2611.078594716679046606
2314.213142453206194959
2857.626301240453121411
3132.328946327210665634
2924.786370230421642891
2075.828709967374373413
3017.823155436901443105
3518.011525796586410397
3749.494133119790298725
2166.434618989629197872
3146.024856137466380046
2951.758787119892758488
2500.548610975579838955
3658.063885118979050803
4003.746306459435512215
2355.857179570826193782
2521.369654169752628992
3573.542807986675814425
3617.811494542878329783
4063.303080403742641780
2236.886144369764013895
2425.184587664446155264
3580.723157546269262541
2820.660364845780314402
2363.470629124671963606
1953.434586544298531829
3313.318224466678515894
2490.326458488813280656
2504.489764080460130202
2940.625897488312888495
2322.884650763400100626
2651.240266394565322949
3069.266056510048815475
3630.957022130827516859
2630.056957164982281761
2364.750914333372163290
3539.337959011519092689
2878.904052903728348678
2239.965712851439861630
3565.382621416869715514
2179.983528804375915833
1841.299984451902014726
3873.054485295568078573
2580.934833543006790668
3405.583140560866682200
2863.339333368688473858
3888.264701928422826027
2723.325163521812198875
3320.347153304177317157
3347.821631954575938295
3176.309720996403995974
2260.632542010287266976
2858.480151365400910635
1930.467923279394502956
3262.981358153167162683
3048.288258537057012321
2603.514965077805695115
3285.366979480086992549
3274.454778699370606665
4168.783799328733446821
3408.263396868156526187
3535.956904027518192146
3314.777029295199243020
3435.926206887925537181
2761.842922203927414904
2637.171665094348317337
3623.945241892935184680
3302.767998714296420193
3131.347145235894821713
3483.291148637489981210
3613.008388883386845292
4449.782071732979731316
2690.411366871743795492
2840.317233841226745916
3325.265192067936265818
3537.362990942487824819
3571.779044998732114413
2351.587609895484716649
3979.402324254009629678
3244.527724174080977715
3138.392806856206142418
2296.640688917222188126
1819.900844726301257004
2815.062528566567431554
3201.585130974000668491
1980.068428313702074917
2652.107976760563973206
3119.147132854431494264
3838.398257240806542789
3006.317030946458426000
2363.517743698097299587
1711.232973316186789958
2022.075671818814113667
2649.782696172219182973
2228.667650344603793799
3482.177571440581892226
4456.476068234386008093
3224.679192862070098879
4210.792253815541721362
2268.167406790180500309
3196.573819152386003450
2488.468141461744780329
2923.258869453146219008
2236.806656837749408329
1990.265053185433825167
3668.157831101043551136
2951.849556607811727815
2404.316375365525995322
2690.927262817291009567
2987.740103743745285536
2731.774843684884644279
3733.815202062390594007
3107.659417952936245166
2907.944176256795580038
2668.875622018706889271
2919.365385150980649165
2467.309754770460646256
3373.308241794800930613
2520.116451839322474049
2784.720962787639525038
4033.196302668132438018
1762.280878392728771131
3083.560669046773496493
3593.137952410444713625
3912.937065397378116227
3023.447176858198343519
3757.776376498346575517
1964.563441622776233775
2994.390950176917204129
2802.549060248749938307
3737.592570674702774580
2606.589153291992714045
3531.780171213235245631
3660.980732349846628271
4186.348751688255030778
3888.764918674402557119
2394.316329325016632801
3660.065446287069474085
2611.741189059735638534
3347.240832239104572965
3040.029389089052212158
2802.415825514533848972
2521.059884871264112016
2477.647818842662889693
3700.329895389041259923
2446.178147647689620436
3293.427913039801509854
2108.452549587354019511
2945.360354245516101290
3977.330517720569697415
2771.735985632756520625
3674.709347517667039851
3080.755971425713592327
2488.607713585676294521
3463.203661929910210482
2705.079401833555978740
3273.548135320753373234
2077.090372985391589999
2389.948058662201916480
3696.252040944482571971
3726.374289917167397679
2874.850708646990654405
3471.630141419796960589
3011.641744657146956499
2406.035351630119083044
2695.891880010973602033
2060.339867364555640705
3058.884359638513075197
3387.435434607520828187
1522.252656404079209973
2371.393199788092547964
1307.670119359848722174
3499.209933226788606930
2273.788916961159430219
2804.306562240671652608
2536.506907946767974460
1769.539358060934794548
3683.771875915429400594
3074.467796207936730157
2683.565587889563314405
3128.896668753150502873
3024.803223377536053995
3493.241261903012463197
2389.007487416880873177
2814.983680807846973204
3079.195706494637104988
2854.482449753470481912
3253.819539257634958718
2949.040196677104849643
2745.560555113247500847
4079.315409808207889109
3841.588662390305639827
2953.898296348680759138
3458.512330427316016745
3356.504654464164471017
2780.275500055057318116
3578.168778632051676647
2851.919530825477723024
4005.749516852945946832
1956.501457645248868267
3325.302880776397350004
2793.703914338546020701
2833.267775828910694180
1953.588675221642451785
3212.482690197165428936
2146.914397330804869846
1842.074943289563363935
3362.298341373289522593
3041.730834071043210409
2776.538601483018431360
3474.827844989394669106
2929.516224694147048302
2978.723398466047793676
2723.846298644153437474
2680.469460421381625803
2046.549440868261954818
3076.131873928847611843
3622.558359672384520556
2565.498261363309954630
2790.878298273602332147
2995.328995517773794433
3330.367110247016673164
2826.752490025072603652
2455.674823078230991635
2750.505910434782104179
3862.487881819994381738
2651.744737341622007776
3769.092146985128358283
2774.390007477907661215
2713.256460400441399727
2642.162256321216859511
2761.544064963242643307
3121.362404251040736813
3723.855919849058745186
2767.812449230413633927
3534.971079103523017961
3235.113357382139597229
1748.389762810983607322
3622.800515860805078416
3325.193164926303252882
3563.012490890376705588
2975.073060333842028147
2586.590281305594327677
3246.822024462998941274
1904.456688879021951988
2910.803259173323065179
2804.697800565083811275
3003.486176266556796577
2027.220572640919714846
3117.889898806301936851
2660.693391474644515116
2872.918774142525094373
3863.471233562104815817
