6391.763262208110553786
6147.158213578937728361
7808.613058002363743526
8944.531563477806799689
6826.222788652291778355
8418.838147586597892236
7344.652141019879217243
6618.543586287235907406
6355.629826793865275736
5884.277194915151388166
5358.087299693914360432
6678.492591179893844711
6670.676002029413097283
7822.499687481558047430
6924.423824683222519205
6322.123921334030526964
6740.182515818380542427
6748.154391273745676738
5178.976076589418213736
6291.449928462261969475
7494.042657148598784111
4540.632429506046075840
5302.452022056483589729
6906.221816572695390235
7039.015555054343582952
6114.321483300742445799
9100.901226536952660418
5619.263455282266272128
6205.052294444429242581
5933.888480069436877518
8168.887949108339137094
5788.364050442305829502
5615.449389355932546586
7026.569486818374325132
8922.811587543946483692
6657.980957355243204265
8854.557695821446025697
4531.408069603043676565
6735.887450115148191720
8381.317861501230849441
4444.322131073327117434
5597.720660427885269073
5090.136847567623924249
6686.132050109752696709
6013.983319677150717997
5081.085238481629511753
6420.583009372406948057
5199.068073666843111003
4093.568989190943369305
5968.385262995530979868
6320.689574849793346267
7957.973356238299922794
5724.266206750998876807
5352.946866102190002668
4686.490089245495657799
7065.318353497602648972
6363.937862455691772290
3446.542028307074465143
5750.798220965004181604
5518.739858340367253398
6769.187894098999231041
6106.156974681565070107
5484.256617260546665449
6530.762505008356022973
5888.533690928255376562
5580.584936115651749411
6484.138907177050509034
7132.237883985754812066
7695.206907060891944994
4488.343886622799222330
5431.717813672332538122
7144.204207590788624493
5858.921196770195514159
6439.995267320848526538
7550.511402034183117582
7210.646932384694080653
5310.916665175069018456
6324.490278279130198946
5679.425510726438547149
5139.677605196061507264
6596.054487533201538874
6288.227874532327962953
6377.637929001882731050
4128.756263242583774975
3784.291784695182910392
6945.211890259120413926
5639.131671536791601262
5081.150520436521860201
6253.079022402937906300
4351.910324276439829383
5032.785955426715074346
5567.890500031674728909
6704.697862824522771596
6929.710970855807476099
4465.067382484726458802
7295.534010629103284895
6630.081616705670255030
4444.350219058102737790
5095.856558768381600721
7147.033756938959919047
6984.467594620296654995
4220.032913729448390772
6698.599218200963949510
5680.324104201453696117
8054.802375997179831657
8574.507723044052124095
7716.907601459166929025
7087.611392800746282106
8426.219788204579685065
3116.615114580127140043
6021.047411973339474223
6740.262337345246826725
6170.494503024410748004
6884.078762872528585604
4791.670153399620095236
5530.576100257558499251
5646.471976167416662040
5818.250548324822981172
6908.109555030120599195
6689.992773299373671758
6450.897345478754230541
6132.279425247725648696
6415.115529588050846233
6908.572433142315615928
7465.655598388126994447
5809.401506326497782062
7527.873398308600595197
5029.868999891317658424
6158.036706123228186893
5836.043354682988887117
6681.101235735872180932
6104.017320963531791023
5054.680624820512858886
6746.095845230115534807
5214.624138202813768750
9401.003238369951853670
5749.775685489162245556
5719.288988988164530447
7746.165438283406444953
7259.582957668589721312
4231.485501068530158619
5559.681986116090344652
4586.817500676123327441
5273.633496339738365055
5457.000063011804820157
7055.972485845400627547
6416.455057513470097152
7124.317911730315634244
5180.958071525521689615
6429.781464212581301165
5750.011158980883130276
8291.526299068354058264
5354.963380519343667530
7490.116931562270261580
7402.659204301221822053
5729.128892726522503498
4885.335736086404481604
4972.914828622660960988
3726.399585632644001043
6932.173060640205773275
6366.197043819495363426
7647.877917192649898759
6568.462563401482818826
5522.756912883841761364
5716.008520131523102492
7551.936489550466560683
6633.892339141650330347
5179.090123875526758823
6495.041800740451424012
4479.750118591341869312
5122.072796366312651184
6495.797717783261371327
5445.657779042402798275
5599.731275627670029404
6058.270006347904606869
5155.550793006534709306
4227.826692234505549628
6234.875234339836923336
6006.624998908199050796
4985.891798645151800962
5535.124856148487515028
6456.750363117485460585
7365.861965448502025833
4445.984699601201249664
7339.656167992525094945
5696.024204467864204382
5598.264738154712431673
7026.406341681274533961
3824.656071250779489912
8251.422262425377479822
6256.187209322990908422
6736.387455890587917740
7415.670979333677846235
6321.414555521779346403
7083.961920921062157763
5509.385442640870477859
6212.158049649205038278
7115.057636100060680651
6987.565978616036942661
5497.074104838739376788
5201.780864151067250045
7307.331578475160796415
5170.311808863727169427
4809.697901634802654769
5298.622160495008698966
7654.955519785877947836
6704.348368019955240360
6323.598296365491023163
7343.866646015859465990
5850.703947869135813420
5808.393456932582712859
5670.359841713214085868
6635.350424331896534103
4568.139855656331240752
6266.462793686077975330
5363.572327143126202031
7435.074049848390853157
5807.675616867118211228
5506.584425418471109293
5985.220388285526566641
6782.701412501580664483
7450.900145088696832740
7883.088541878784200279
4819.863956960115782380
6644.445673046962490549
6003.860275193624882917
5616.703721343195467863
5801.595957401779266149
7159.145098695120315924
6247.768030168903196309
7581.455529671037044004
5540.575400532633291384
5974.137246994926447652
4640.900447039780479130
7144.566214192903368385
5345.238293127260632787
7568.726646638383230403
7854.762785433151595527
4618.926707361902592286
7775.543744423331088633
5047.722597029506991895
7977.587152536366164490
3826.693245898074128952
7478.942413639487018617
6730.622814342629991469
7396.019238219585841598
6109.549461496865281340
5564.634945490988385153
5019.615352926834270342
7370.944051486624811531
6988.319173325720955248
5527.669814265518206220
5427.991351109076811010
5441.631458388889478250
4745.033340149955330745
6265.811429725453081119
6362.832723762301305293
4453.642548932906704007
5472.977682684416224301
7348.035600142861008877
8039.734162279092352321
6954.039845712466522354
6190.291349512157187185
6685.959853395264649745
6659.129171411700132133
4617.906607238762143997
5041.392364068512177866
5257.885454618846993835
5218.536917281456655182
6314.261560586801360628
6346.437662954301459628
4739.240499617514686737
5468.811712196459906998
7149.053440542835347493
5104.853239466518120881
5394.735189611478924476
4874.529070722402703364
6548.246326281095893052
4970.807078606065443793
6050.391323199434600699
5900.071281454027134927
6393.350277337667143307
7116.934049552289117457
6790.604197905915587974
6150.093575920589861195
7190.074021689878275065
6038.798539295893756496
6272.200650822062006906
6597.371962689964509430
7299.293709601873334947
5603.315026230348112612
5446.242933330611708520
7187.458231656313816238
6706.880976769732849441
6493.283245126516251666
5935.440058978042596749
7224.193791317068013669
6816.777329124998598964
6938.180976506264597603
4807.316661467467358904
4283.651155185567132477
5885.737977167077602303
6327.282487808127326989
6320.790325258511812123
5829.721769560178536995
7161.889202444806760806
6388.132430597355905455
6298.665676152877855642
4740.042309244579290972
5269.550415672668992162
8293.731033403711473184
6110.356744682947972791
6511.911724651577991985
4323.279593076124577955
7634.865760290563595269
6974.650969057316576727
6533.080360775679522156
5838.830141935985518220
7387.508446501214071311
5726.203927518803323160
6504.958271025044043157
5683.312683446738381221
5037.518324661961629296
6371.352732151975720498
6612.752884600479090338
6077.178554406085568385
4062.005369995662719784
3256.557083841790960932
6501.287847311934148031
6077.509418027264620044
6188.760209804708114945
4028.773148074908031280
4749.675677571667582466
6246.760381707069189172
5596.851851546222263778
5604.946061844499995530
6424.103084988397811550
6384.940017187905363816
5736.506802056442261506
4847.275323050265640301
5701.736589987207954433
6403.181587163922151351
6670.841487556358828215
5339.880831840034171698
7578.571479409925694792
5861.820222271757083732
5973.732780096759853006
6899.618535864721720507
7925.743999475419416356
5532.169758428226124192
5973.358496645798350055
6737.417224988936327978
6145.135525274215930747
4541.717163376463773261
5073.744398198133530808
4219.381148032755117772
5768.388376074482815525
5808.640882777003598747
7063.967394583712719136
5819.628268050954789103
6145.478427840297801055
6971.225852210939041509
8288.932516692856311558
5520.307779057627931341
3499.934886319669789412
6301.733874017941721579
8087.084407745154503111
6093.383677155706045436
5236.187493787430811132
7794.814328929554750225
5887.136242086429392728
6925.841557142851515838
6320.790176060094200494
6161.028822230068799026
5837.425411829481900483
5554.509339205929004279
4381.284203102220522030
6020.152866862487581745
6705.586627072679572148
8328.718721698159706435
5732.990424487041761115
7852.001840941318982381
7010.332432265417520689
4680.669424932222522084
6707.400216552937546766
7181.610785066352997674
5892.206124922784199249
4722.700989123889862231
6739.175417942231347990
6662.667956179125276606
6854.319485299160284342
5288.345877355985590551
6517.177267610915844198
6478.672680182585116970
5392.272034887703140882
6189.298091103367201793
4452.219866541118979519
8537.146340659358968672
7245.061458509370785563
6744.797415011687743647
4828.678749473820804639
5229.233279019501369866
7413.326274207431645369
6268.291754471796852322
7532.333228800283637661
6976.177784284717894536
6613.214954776607406028
5840.543391187139758980
6148.491119276656663217
2911.400359593379039147
6810.077697833533869165
6880.473835255701828828
6959.737588925850957811
6108.413830968890656514
6164.706640928545577474
7229.294006350985262177
5776.156472739760102897
5392.675047101007152595
7338.638003095173839352
6985.211977654571717800
7415.843543034145428194
6957.407211833086503106
6769.548271485752462429
7861.362595224563142970
6759.627212851307470398
5993.222829473455334437
6857.150145602306649639
7036.211903654687525034
5296.368442723830009644
5929.921483668866138750
6416.826554095546724987
6632.181081676900751720
6387.042512159394464621
7231.950768281653201264
5834.719456588922754214
7832.983427810393137758
8120.111504490998083128
6013.584581221104679916
6551.455868705062580926
7460.667564943989831683
6128.653702824718324749
5871.072426897757803310
5461.117171606302990838
5231.636000982906946177
5328.241465731720383658
6212.961966677758642863
7714.324574454086298925
5760.429659838645772396
3976.730032813182993623
7893.772372671113559228
5721.328594656349364911
7366.180269545678498400
6449.144291020324919472
7701.765450987085873447
2595.382466344481898313
8003.484111556920128638
6104.850420362933265395
6638.429531569937988689
5085.216466463566304057
4320.734867655548125942
6996.451925524171918447
6149.932735139561500226
8769.742813635781178760
6135.530090283875340962
4506.913768467743720336
6440.185568071833308146
7641.425928875793315065
6224.174677067315524237
5888.851562240521154923
5510.005308839038039359
5114.813367451142493536
5188.122738688817949360
7068.719820899562853445
7149.877241844316258401
6621.203688905792001940
6392.746106027176090869
7790.869174377615080651
6578.446379409875006239
6479.895991159025039785
6522.373213366732561447
7402.034950078466216894
4597.414903682081774416
6802.223844680469755364
7247.765609500430374901
7137.338960322192038532
4450.907909181918269859
7640.230442133406168814
5854.427986842881941776
8138.726587784627203082
5782.109586487621264439
5781.137516695596325178
6173.429194591587199525
8095.338110130499453820
2312.031053129128845391
5999.830505452597728677
6089.359372920988684896
7306.037247222130245561
5242.067980812737289398
7129.208148523668402863
5798.256974884232887391
7569.207893232188840926
6308.018404079255195605
6738.389599765457549374
5504.013813129964034054
5638.853836168108021987
6444.726444584422339279
5729.696148673632363213
5452.674589237081147708
6501.770773398562643930
5487.895472829248797453
8751.969232935623347558
7035.968274333335472637
6973.444648181742179016
6491.963517678779301168
3668.000737803910194845
6806.306482038579887206
7445.974931023331023550
4337.698925524440295654
6094.546960416159914864
6347.228144824999743090
7403.522241563846340462
5510.839001771451372225
6196.229105102859306964
5975.708317567796241665
6158.610083177537972254
7406.226438238104071488
6653.624551127616802759
6581.390368672815508244
5324.059397265823543766
6945.758781905668194590
5438.989119646856832180
5964.300576209715284648
5390.665394062558155142
7835.796281359731431326
5917.097726822386752232
4975.532804012352885437
6739.763988905082118031
5292.987283536138937379
5732.656717328245515208
5794.138265316300459240
8238.056060215227327070
7013.831592434151033899
5765.616159812774294657
7648.228160073426079357
6397.084318722104808952
7748.813998215382992996
8343.752748229212949482
7616.090918762831136757
7056.629932514700451307
5654.993387370431253913
5310.256661749003691320
8216.248266830872948319
5821.972133821797505515
6808.059566113902072892
5930.392526448572026787
7247.311015183487405977
6920.261675915464444131
4550.818769655555468212
7492.975755453072773005
6146.801160143837106986
5325.711959607576473363
7349.296414688416775984
8574.031115351085722942
7780.826974888788502227
6767.724421860468657197
7413.887800894494738202
5697.356675869350799868
7204.379226097973172305
6757.900445682493240085
6106.684143881686439581
5424.820669567692533519
8785.699517488986824532
6024.680062835817427214
9176.446462325649346070
6466.782861939476043656
5117.108283141651983605
6623.057531983582814750
6090.799905882170596882
7524.380474500076096511
6179.421822223788906214
6268.218145760364453434
6987.125942337742724675
5848.468819589189882979
7469.610347576288882365
7139.569627978073266483
3689.062491625839191656
7512.222167577259940074
8287.504239976802684176
7668.753675390956379587
6271.069656479044957642
5764.776002145759376205
6339.859960305312754691
7247.661437562262483514
7941.563515499120918584
6977.267703220212719195
7075.374939150619907124
6115.433982651569886801
7259.570802443300658879
6155.099853188081878042
5793.341954238617079298
5984.503770735740442621
6953.425190121950632438
5712.509097765636147948
4137.476599370872574646
6867.170465647161134104
6404.157292275262467918
6646.843052116803263640
7333.309292861630917404
7406.212719657649395710
6300.511052259634951156
6245.205477867641812306
5328.044240954398222510
5358.130419801822938553
5855.187672047090608807
6682.399942326820555749
6807.318911953062420039
7429.566284215219083897
7128.364500683825354610
6106.802133596746371857
6988.164763320200741248
6663.928500963317738126
6998.993191073955099757
6833.526656700948548551
5055.935069548577797338
4484.077332050466921487
6458.689514062544209771
5939.155314413705605947
5336.545049780677287821
5434.958476065307351188
4175.644398875637349100
6756.252017422141064262
8456.160894213281428833
5028.347762652506586001
6608.736640460757346016
5629.941911666312480911
5028.358897030878991607
7502.178888786089478558
7762.661322929314664076
6813.992997386365960466
7043.295920717341727091
5920.415983625554168235
6087.601226342553898174
7406.728178679538508788
6215.962092261819794903
5543.303174517372752916
7569.435877934578558168
6712.864958840633383019
6812.787784575517358920
5452.491269204941411353
4039.803476067484850009
6334.190784678765730575
6717.339733513309134150
5239.140761633532259900
4741.690302286934840303
3721.835867350845537205
5504.769535558113066287
6437.787282481066132522
4104.845955865922360051
6135.397395824023184296
7093.987103442107811979
5564.518557414755082213
6086.548662932723557706
4329.632201504738083564
4723.267301396635575284
7586.101641724269422973
7085.125783449290238547
4780.477484261390986653
6087.242025970098167509
6092.101892453897197921
5004.429838159366679573
6371.447479426967708260
6774.083753815955036615
6399.637133194629518673
4227.989680351333435571
5843.959125973964459977
3383.971408823312172487
6827.789865940070500816
8568.047823475419829009
7584.433376937367738080
6203.010890862178535965
8251.981292564020939118
5286.461595813372050134
7367.499920953110695621
5775.309601793967334338
5744.441576484740761721
8257.472224481876426516
5663.517269517756097308
6913.465389498408875557
5470.360394992424164506
5644.837149788610424217
7706.941995491002470153
6855.192619690875099892
6490.959301860178948473
7102.938641536006363797
5583.156845330501323765
7447.411083137872044091
5446.474565592998128061
5237.848513912305144391
8212.931680112332567312
6350.045276553923506491
5205.274454632812333177
5421.483313184414566166
7470.446601672765816637
8443.005190298007873295
5947.825394378029940867
6638.098361136941975236
5050.534610774854059390
6184.345750402397804191
7482.512186020676502096
6766.341348686804900492
6576.824257831857722056
5687.197702656159655099
6187.592281005036983110
5409.891064163735486581
4340.324074273756293607
6083.394883470344553622
6172.709106047347416002
5462.024221970954513061
6774.958061920653909382
5907.922959038587269465
6231.168562583115828168
6626.664805195800735493
5921.459608355767934906
7255.377715330559603935
6044.183245394934650641
5261.811656686624911305
6324.763307456815989660
5126.655686804024004921
4246.836611438487258052
4557.116796199111154131
5884.189113762795649620
5943.107598152268321368
7541.700607744570520108
6585.537239125179748811
7742.414550087231079889
6358.115090945796413102
6284.973077264412236076
6278.233582956128977060
4670.184796529464858139
7752.615377326371119526
6400.075364390039356355
5523.398483696009779731
7300.952857400723216230
7080.655471548910043111
5467.037007378203291807
8283.990458649662818047
4905.027875220482248331
6665.632879442019230076
5719.803456982492516847
6087.385242298952925832
7418.422619469371481760
6941.557301264229522975
5907.606851955303149282
6212.805774814267004924
5914.620588088559278273
6260.791886078398543525
7777.523090132047659750
7889.939102703145028084
5388.207872827152506101
4954.333204815400273802
4916.048801385050658119
4085.147259552444289898
5396.747167661505498071
6024.941423674326489213
5014.567726060508776609
6615.005536218035281593
7043.140505650054383313
8275.716696950699780899
6363.922163907666199378
7400.562845649520245406
7024.556733232290162583
5688.130110565633446029
6068.246801713860894445
5619.978303030073223390
5036.167269332139706073
6240.434754977891329997
9222.041805629299824787
5933.475358542455076361
7616.316621662303285145
5998.861761143742099112
5130.717561592662453229
5514.799340264192673899
5842.028507312934680673
4326.651745079155292562
7828.764952954112308348
6376.390632822695814674
5341.567958332432247026
6003.644517000105857107
7337.314812732288348496
6696.332393047194408098
4336.295015136997600180
5670.860137960619032249
6868.827651896308937651
6605.869635513246519665
5523.879026428786969127
5780.474182828673233914
4868.328726312449767022
5422.648855970242276037
6522.431515197787316396
5633.562096438114871422
6356.077131248887708281
5651.273009882008510729
6010.433215471815321607
5984.592615139051652307
7163.592460715876053978
6306.424078773977501378
4901.610822549990639452
8005.840713642933257788
5412.376286656212720949
7495.398729029764174570
7596.687527018137088497
5951.385098706247346545
6289.635394534880516559
7778.111881467941277180
6908.106216177634521625
4916.337292663642401180
6784.401708441739148103
5597.661780070308491730
7221.854635064269734013
6198.903628633254103253
5788.123580737182020783
8000.577540166646102637
8313.424905143094710169
6106.078650246005196767
6181.511802117435616655
5690.006720156546145439
5630.093400333836876737
8140.666309012530370115
7716.407997598015978902
6122.433003499779944345
6661.070371444046354092
5588.678274284176976217
5607.788205766141219399
6846.130350675534695259
5878.549617496172658093
7201.493938849431434956
7152.927907422923912151
5154.095295864432734856
6050.898354163826004637
3578.281606204268603388
6660.630364351634447040
5594.126553834391736508
4224.500556612379984944
6951.831742389070983634
5818.115851846951058324
8208.118982692322433969
4365.378188550795284684
4240.783475748898504243
7148.722037976854150720
7145.668481536013072919
5813.268604536595747678
7379.061169911909273011
5499.741295275697099409
6106.777092730785769348
4733.505131374350285434
8059.193449339217297567
4703.224551204067254595
6552.929849959731334330
7287.093187177490397843
6817.328504061623657417
5714.420318911890248614
5477.229659330500551206
5208.020375590336479732
6668.207584673748702819
9859.612075759706710798
7544.198806318376792746
4809.336555867466026282
7112.197995174220566117
5829.726066514710577149
4845.073746851215330089
7548.338602905982524405
5010.841609391888345826
4678.022845814041270174
6610.938441436943919349
5718.432485929332196317
8116.589271258253516894
6253.295600843838327076
6873.532165388819406449
8105.773561977429496839
7852.342007576456667461
8763.213545989909735390
3943.445950504947352444
5469.950204926995934951
4872.352425810138266016
6861.342926008655778158
6374.450977344831715143
8525.711643425120961126
5540.051132414096617396
5386.777659030216069080
6628.481142694879373334
4182.505119220531698332
5631.013211346862064044
7140.142752932817911127
7398.405575972511627914
6485.774383550892422612
6364.891118893864944361
8088.155381397028088841
5534.481260613291452533
5517.901769428475945656
5278.149373480441840290
7332.421029274930475594
5868.043674402356005615
6165.356030618930461173
4692.345962836371199955
7768.795435222550532561
6828.670179129512935567
7953.098822464536437948
6241.805765935735760497
7659.237901629532940362
7199.152804601032064724
7188.926875890372552025
5903.225356793595343774
5974.443110244292609146
4908.790712001565641032
7419.667083325674220351
8171.398501059749577280
3221.445453788989978117
6693.332517463575412009
5671.310406089748516578
6391.510861361673452752
2888.847450068266105028
7337.684778403949087622
7116.907345326877416536
6143.233487304579373500
4899.346812192795864949
5863.844925844335943310
7819.966264102175882211
6901.897463844643205721
6695.630510263527598980
7030.205578095910804670
6890.241177996804677441
6095.681836452305214280
5740.312174554151825046
4950.628548489229535434
6454.703419602724570048
6631.745311813142046642
6698.942449346853935221
5818.760465244445050370
5778.914861988312019037
3949.110106020760205370
5568.415273620907557373
6435.005265635298598248
4609.277146157844433194
4739.644217644485189034
6171.994301928685426439
6591.969043637907256894
7056.302535948196429594
7157.567086769533546864
7254.038306174906073132
6181.129995446379698176
6014.235622204334330565
7243.216835634580439418
7026.578700449127205641
5530.977264851979235960
6094.703101406257708561
6561.290462578966623752
7133.206642235700384980
7543.073397487645855186
6104.539305655297495967
5012.256350318304749525
8021.861379816977069446
6253.952897040928226691
5866.650206915061870117
5885.639751666161722188
4743.707031664689811379
6792.829330801339140056
5269.846487777096897265
6276.677387212480257794
7174.511970240494626694
6224.205417334163787935
7228.329648027811930255
6189.595828412373146765
7182.083202185904811543
4596.747296078060764479
6387.061226508973943439
6795.863709591106811558
6214.683638788343434278
6817.834682345732769004
5852.390580761900063411
6501.544283310614487092
6697.001147901041542276
7121.152948532933899983
6285.487268521338128480
5884.220270685638287222
6633.437930248335801409
6928.769933692285272642
6299.583239541776872095
6222.098288447464641049
5412.414041992155008032
7881.101366615325675813
5275.667525176418694244
6540.673018207281206760
3994.550686882617815288
5427.992066421060649795
8134.664509870640705991
6601.018481444504180544
4442.902470761588049619
5806.307637860044129408
5200.193373859353334066
6722.128580842515888527
