7508.602768943913299271
6440.421977803713891930
7258.310223420668275018
6267.649328521234775469
9347.792146982325447446
8960.990319767655140737
7570.939613268754755815
8810.169076628357506031
6310.315108902800531165
4488.213488951300573770
5850.325102135461179387
6990.360666012495688193
7212.118101833029164993
6676.362948693799513222
7183.710070959374251132
7911.356549541866856057
6287.419900501101829526
6369.052269642922497361
7349.829007353812510672
6116.679478586740186241
4747.026639587786719154
6166.585807355503935145
6665.328598681852843466
6973.961329324729300438
5305.897646718311507996
9667.089923545203360433
6271.814739337972418376
6883.198924455852993010
6599.259919433383390075
6260.518430704472891524
9109.097179325822777329
6456.471593256705953756
7980.008354707543384521
8075.736254158811056492
5432.284196891945603713
5034.775453209357155337
6756.949755181573379570
5396.698758757650462137
5993.819870220673340810
6151.616881594105201270
6007.400123659010753308
5020.891700043154955768
6189.801423782174459198
6557.170697333272329388
8449.613562002008769980
4213.853543795183846488
7986.564953833716317355
5439.530224600514234812
8027.405828242297757491
6173.341641931219968331
6975.614212310655957161
5571.741915156869539238
7828.032684832380550866
6767.969581487168620804
5467.672070200852103561
6559.933432932537726856
5113.177956376474192268
7475.549744295443896913
6421.852709438556398247
7920.896694684585288115
8329.166272057367315540
7440.331253408808173333
7557.407523610420628568
6098.671024976002320805
6587.199276232865003955
6181.080105356067051936
5267.476593041902972914
6823.780747341391557992
5844.534164258220314547
4653.319897679705368532
8845.363537552099753469
4240.591626879495965152
7198.706988470438812744
7116.490490839656664956
7977.254818126122742683
6768.882243884051932881
6565.367581129911172866
7578.893847969283584565
7702.697025408964456972
6560.034252711915336853
5858.229088029004680838
7998.821889620373246643
5701.810775206454559250
5723.698799101016895019
6911.429047141152282485
5971.880774376659727576
6019.674608841565097261
5806.644611390156475395
5065.657858883627251423
5842.935089068048383432
5575.904131829237805995
4742.614461142946642447
4805.723972931304099898
6978.813629992822481274
7833.340625169334782818
9288.157166332612129978
6432.195869073604059363
6123.770202477678540109
6892.831760727389358578
7006.482092653321632536
7025.374543218101349495
5323.048057663153926899
7104.515165206962318045
7567.752132209374415162
6063.108913251082587426
5507.543251365139486353
7160.586956653567140219
5729.880472097622182037
6963.650200371548412370
7807.232801418622404555
7324.654429593450635672
6711.144509545916784887
6794.883908530620585609
8784.589810285049649607
7147.538132700601823277
7539.401043844970657037
6226.707804960325260968
8244.738509175572234611
6447.630302435667401628
7195.986056720098426709
6210.366748543106864666
6091.538847154530591510
5595.470666446132785410
7463.505339571797826625
8227.687319590183185447
7773.271300334110415875
6004.092397062297977950
5100.290964312654525603
7495.819166819208825281
5913.394233536109479754
6237.125500323182784701
6336.541169215946322169
5588.793826076409537951
4933.858158599920140208
7716.922639965115440219
5565.324614998175013270
6309.041688573931792483
7136.162016067162965793
6803.319745376665800940
7702.963593415688933419
5431.761952285160545806
6088.197453227955509458
6763.304088970044583462
6443.222583678026087917
5657.258377608821083626
7028.908698800764705439
6512.633741525760195046
5418.082112028998208242
6414.167977553998348572
7928.815484771629466199
6206.173785731195879922
4738.535216134966421286
6276.224637213229413213
5279.841698222462131440
7599.576477884930183926
5518.755019341938168775
8769.351351323757388201
6241.966558438132798958
5404.711362212503106051
5109.822038579836200878
6010.424541942235037162
8251.557966263761712433
5567.659303473828189546
7244.861501886765658753
6788.126833952554982865
6914.646923151721050083
6858.768389600864241906
6199.490622037866822236
7130.469575075489717886
3795.611618705591685963
5368.929661437639577315
5462.966885983799255389
7001.069432501299968585
6482.782419261128017851
5807.139689935244402541
7225.879244653008542265
6150.783842616193676012
7082.453309268377420693
5602.739551430514262975
5772.534073930108950101
5937.453987505434949590
7555.740891130179194057
7265.955561844676993122
4480.411073841019600650
7682.105287940684578363
6306.319491138794001817
7721.570463506878475801
7080.636900487647987568
7217.701169924948239931
5795.447361222584013785
7017.564458293243627729
8783.396816877031141324
8187.697691234655614778
5680.499684152590908592
5684.836059557069571468
4643.201994570717075383
5318.388605685461198114
6860.405949784713696360
5517.089943631425221326
6977.190219442335075151
7178.148009278236140851
7114.231331999699434299
7708.350904602429349843
5092.738340968244024065
5673.190747416999355934
5807.632179628017040418
7021.397158720833790113
8318.041491291408862097
6586.106674914768379647
7349.861489653534748712
7603.010939110541574149
7881.903873489494044335
5751.922996096057829618
6081.085487387462793496
6338.845999438748695987
7125.707911401843287269
6370.853756158728911974
6836.998253489791307125
5566.512303869664799461
4682.495401087507901572
7424.532845419064932546
4499.036924791581622429
6218.679403475157868808
6562.669574275720965062
5263.643812352878934124
7167.965795071432236973
5903.890700327635352007
7725.803942213156471297
8623.387929483034167077
5712.350303269241670101
5943.239337993649892056
8412.120805186149397059
5784.432496781669671204
7536.156737284689371315
6484.671264654371895197
6115.255770916965408546
5066.574268265969994918
6261.261129904693587989
5921.751914437635468058
8039.372139606489802155
5558.885185878001747639
6066.481603273732063020
5551.779302420457080647
6668.905934690005361531
6507.742777056037579708
4756.402020210144451440
4309.722427025955200808
4878.854572442409790689
7573.797057528365788581
5509.810922874131492666
7744.293511178484334057
5855.097581365826847843
8925.576996778473970018
7216.073134315854578968
6464.752126537530259043
6699.872186153257094698
6137.813822865919779037
6778.193395423060057858
7039.784022743483942630
6961.952035866494625349
4645.441426630313971113
5155.449932819905631387
5741.809773231353717815
6378.056442439217978091
7395.761248228483505152
4380.406363025534584921
6102.792435679334151377
8020.665249546194421892
4756.735623020853727105
6930.344382755537303797
5462.714722508606119078
7622.809746876804309679
5467.802059003957656280
6651.650195528157961000
6398.449430134110173629
7979.234845252887337708
6162.483051460278660194
6486.064080690591805656
6394.949102410277475439
5615.878017801719643387
6315.492930533979284213
6017.893669337035047473
4862.227790405306768307
5823.546680019104714532
5023.188844532919424157
4909.257394149844402786
7005.522130255429793078
5983.314833360971868093
6888.193555862369462428
6299.300640186013482413
5549.729648434464928997
7565.765381971168957342
7564.931790874396569713
4606.847950473518614523
5940.833940965050486760
7482.130810588025329189
6574.537399416607108993
5675.765976870664972331
6072.587005682667174788
5525.760955743152845088
5665.923150300547151748
7113.395140101290858414
8027.185818705486584079
6292.832803514898222019
4016.551672921950691286
6290.529679661087533393
5675.428199575738131610
7366.531670101077005519
7072.657084642115971285
6249.439822056975093467
5254.044374221289797955
5582.864423174837340991
5754.375406273490114906
7529.267919781487771402
5746.651334984306791043
7514.515276290330770159
7591.972078476663476909
8219.660216535830491225
3495.032744231701177018
6471.791202475539183325
6147.883401017359728868
6821.295003574169891536
8449.008887522633212797
7088.513243919153033357
7649.035446624239519053
5555.263200691732505376
6197.879256419959010938
8009.210613502427134058
5119.964975427566621580
6734.637924091031100371
6382.154883346783478260
5814.372598851540352438
5855.442454470266221200
6888.181944346440097604
5813.886600126143949563
7474.309157517233065171
8038.763534061387941776
8172.792769628341031929
7637.005682523070688283
6200.731343979293331614
6597.265026105807238288
8025.532115403586343572
5283.467065278177269949
6323.733991859031907445
7906.206400566622431114
5892.832441921753887648
7635.571268191324976193
5995.744179562953496188
6378.771367764204522466
6025.327012763440020393
7788.232497888343347725
8004.830341767830001132
7851.404608770780978233
6885.093901152932176490
7018.266777313612879485
7318.415683687587937722
7321.722502168997089633
7792.102101443344756238
8425.608287794076209032
7587.690765426798124693
7768.099596911365389396
4276.624670205932957856
5729.948122816523004452
5359.837278731928594144
5479.553924852656130895
7173.225750255658498933
5211.788858373001128488
4880.886373312207180408
9122.723409136724719737
4439.039392013248696678
6639.192227549417715693
5752.077312873794984416
3440.052407334209063183
5561.158299697332679568
6656.716189492207332190
6843.451688970993123551
5694.395575536540116346
5833.455696873248136125
8204.263914559188474840
6813.020470401869173926
5475.667881556755804962
6042.575963021082068760
5189.699969495379589191
6304.893632604576053424
6581.289837792693482754
7054.413627600256369021
5775.976856454911893657
7500.383354410244116650
5356.069430079577124548
7423.260476312409984700
5684.942383368334673399
6894.415338051558858279
5031.020604045476175337
5602.433998751243958925
6515.423829987459487079
7045.499992754010851748
6746.364394987651115443
5485.207440352046964982
7075.985893782578339373
6917.823184698962020178
6175.441510219493123302
5697.747747884515587380
7265.351025213117875268
5269.602773666291303911
5927.250654501999143964
4550.391825538157838160
6130.167841671707048334
5299.869203582820926357
7412.512809475994763009
6793.888465486477646671
8225.160192674357537257
4603.122021991751460224
7216.988422156984610112
5709.686068099115986207
8139.480663628931883302
7101.924179613188484073
6866.765481592588077131
6250.802167761368930421
7567.937446418209810783
4816.089297049539958095
8461.815381061239849991
7876.442317258090274557
7067.798532831578523616
7528.496531186236794930
7666.226219118624787274
7929.536104922636873926
5605.827911928857581803
5501.352271929694508934
6604.181087734044145243
5567.678057007334823325
6190.462230085504178767
5861.055428876194826060
6652.441759440518134205
7456.246452970889872169
7006.956113628184662723
5996.862615887155355310
8497.801358775500247589
6421.821355524959978212
7108.135671245481495006
6674.033852050015340307
7247.335513884445264754
8564.042720974044200943
6057.989439093260460645
5138.923836616985874048
5967.990892765191163871
6986.657672762907906883
7108.824246147401404006
7255.883408033563181760
5274.991772201081023930
7337.566972445801149583
8322.466291565790076135
5773.418353855812547248
5059.921017179912221540
7319.461558774281904949
6279.517381964206563794
6938.947339007870032113
6065.680167651880160484
6448.412429991413717723
5070.902229930011078096
5650.917750231569987029
7067.865189115427596356
4736.047344931109833510
7317.686884975219510530
4785.143329424239341474
8055.257656308930299005
7044.325164841028314111
5461.007588956214442444
6569.215924277008529231
6019.089104890922629743
5261.143384249263541097
4094.852890868258839197
5719.042319333075530707
6962.308490976320807686
5884.506561840728556589
6780.912672141410958648
6569.100161026745269055
7079.562424804761837649
6353.940237255736551703
4883.563374024270757445
5852.354560980658777947
7178.863356721175529529
6991.493701003568167707
4684.645143426341233006
7485.166751350675009569
6466.310456753529428475
8042.441530030190541822
7262.978764000889069674
6315.228585322414835090
4906.856208119126765865
6093.113495221148294689
4302.445614799033160036
8607.641633999071309802
8181.616059665018375391
6919.151182215599556358
6689.972200900894849340
6613.871020405894555871
3999.584988452278216942
6872.646022891109961250
8637.169097691401006500
7225.085558275761136837
7092.160055785726038291
5298.564979973659981649
7547.974850414640338947
5649.919583503367287225
7073.207885917139266407
7087.562782161268415848
6702.482365150504893592
7103.814925477769795847
6803.928281901934159048
7530.774519065750004287
6185.045600269447952257
8600.312064195777609577
5601.248591336688197551
5630.064066631240359051
6940.058833912467634697
6527.997954429108943941
6455.875840999604665882
4926.061409810912373519
6050.649862711894552358
8629.575276349791175257
7662.837088260366071868
7043.529489676982664914
6292.486321201074208176
4628.820067511991826148
6553.753313382297540191
6692.806672371575301916
5287.520592717207271960
4977.254854316894499888
9343.089829067902541304
3345.975987350157963007
4030.579023377687437613
4576.703288592650495925
6369.662743706719974845
5147.709742527349329855
8485.320015039425969761
8136.293183732867688285
6580.721013409853150211
7611.318771033932802705
7457.735967118030607992
6293.530061891058745793
7331.057912534078743860
6744.894214453225640860
5762.883633282493990535
7760.300556226038556584
6097.767821894709892039
6761.123783860823770908
6710.307836400857040893
6480.080213170896096031
7499.557178183051407760
6625.623275069670233162
5018.487031025787454830
5706.808450295097149940
7454.271009291086911741
5534.307308384470569962
5182.230441313678404036
8462.946976908696925967
5826.817019340163135599
5617.019344515100818249
6313.902574072873481015
7739.931595817461106090
8619.882041762417993702
6489.102445641071729376
5603.386225491257870424
7833.334084645518051282
6640.550912680751753925
6545.466797472062081553
6569.053536577489945891
6110.268105166211682011
6645.543754994297864336
5012.879349183632639253
5308.807278327052197930
5470.506735732126818661
7635.380037248320987509
4847.685629624173925478
7713.871333759843639921
6978.472142872547713477
6959.941746332825179611
6632.939449736875060282
7649.045026782607720417
7316.037413043421846481
5597.556265472894998059
6589.165252651338883894
6739.783451715634858381
3729.447551502613614538
5894.431097805074414531
8019.674603368937479075
6769.707358543834426978
6808.602827039959156430
6525.297914319066667765
5559.757043083050702670
7632.382893249090496379
8413.269116497593730131
8103.575885492565754831
7476.841582062121675634
6092.719644948310829591
8245.912000135790229649
6625.588341131698681963
7792.023404541497271225
7540.940185672195842592
4994.683811305901277589
6896.266163209161082381
6369.768551923685617311
7399.841611248901330988
6876.241049212440269667
6272.898505656258921537
4437.856963099231651704
7398.464306555144514022
4533.577139754274667460
6368.945787689747949134
5989.970588123110760925
5959.001128216075422017
7163.273966774152178516
6700.057957277428740461
6337.118877830616840985
6900.933634746617237887
7143.808002291589496657
7087.243104621998914361
5494.468395665136012163
7301.365505145078270033
4757.478442798836640204
8924.679853818476510163
5483.410157196823057735
6918.711884705896439929
7141.588845093252766016
4328.959316794031475517
7817.421354989724027185
7002.996063820230610908
6451.752713625154115107
6553.219270591849565655
5132.817176514592973469
5378.082631819503170778
3793.740784618234099801
6240.692990512214207044
5432.563777413051546716
8487.370003956423163416
7367.425082973415260135
5492.814212764555931834
6236.098672534509481213
7930.221241099138715036
5903.938454697093960455
8692.628231426692610562
7170.042312135881787505
7680.803331897876949252
6415.589703584926940749
5873.779558187060867880
6411.973678770485666867
4151.021629062538534249
4460.580917191080028594
8946.463903308489829413
6482.315526583039190012
6051.578799235977195181
7035.978149849169027252
6442.692330083025172183
8489.358709054159487728
6853.520331122775949506
3950.594954206252270357
4342.364011925756707377
6122.328912581559334782
6561.225077724217480402
6356.371389538622592053
5344.187169213428526326
8202.627450662665568260
5703.630916885498668201
5517.475812966017750583
7531.897630908598459509
6325.188410310124938363
5896.160643120247270232
7577.873639816951408132
7793.823183213464317554
5589.100782921655047097
6537.711874420875782121
8764.294219538019058646
8889.597741903602136304
5935.025052487461573847
6316.292533554622028458
7404.834302438538800484
6849.738828045961733793
6958.983333996866306403
7188.659911506374590839
6114.555450939225578644
7179.888501193135704082
5358.689504153713953905
7029.339533852092958721
6567.555608416695286600
6895.484155726025362387
4505.328061835577281968
6292.110272047277748975
5196.288083215688826222
6370.114029203976502735
8744.940380370626655804
5494.936850885025585445
5468.094158420569773860
6843.716286969258538964
5830.866397212494921298
7520.735126085693938336
6828.512833413420199946
6916.050708091879762662
4789.850780529612664260
7188.142414708585090199
5984.724513414504649678
6508.887602135246257085
7794.023668818852733420
4724.601065347414289519
8551.223654122563061719
7863.415248802567435238
4701.479087813149304154
7682.019161896788239652
4804.485039362071628233
5799.749704576311323478
6127.561199145187598170
6271.831966084003909589
6560.730781711563386338
7536.690365407297479194
7107.891477922710421478
5264.889486409069533135
5078.415742384510477514
5124.474928754881486892
5362.900692643058069287
5973.134816937833089234
5764.034177804153501246
6042.189110228858467178
5198.526494979682267328
7273.121481094014663338
6939.618257041258925000
6783.765959065153862362
7871.236970416962385855
7491.880267873677110124
6712.059625108356976764
6962.074764177926717412
6364.529050378162479351
5253.845948086463783611
7529.549992412434411104
6779.508551612569289713
5552.564824825068606540
7157.188252518323916540
6989.653912467226178684
6538.227733777306212914
6238.767240788793467576
7684.385286270351303362
8278.688105944580629902
5858.799593248923383015
5838.490818796083261510
4352.853882991715228634
6670.449158411649587919
6177.042818663672210544
6036.809520025117256736
5892.164730833659330056
5550.169067163596231751
5141.506921559024354984
10000.548104108912469634
6166.279890940961253776
4345.373826814280082687
5196.371937206243305063
6807.175130160802605239
7398.533215361394871579
5005.379473815313981611
7420.817935676372508969
5024.897048550600969996
4683.393736614123556539
5849.609315731636781877
7664.506017232752925761
5668.061253754126851856
4792.919276672783080784
7029.432899699959321538
6329.315169846462501457
7444.302081258092187444
9301.369984215978015563
6073.461054570960231391
7093.802203663811706047
7769.542898109368533888
6469.843349994657729418
6528.398398278493168778
7963.209016872636794915
6061.049242174075321721
7430.686089319214344684
7489.032089549029367337
8754.864068260344658334
5881.948449528764566452
4953.876826683489379644
6019.064563929660412356
8277.807823136306945244
7090.939541412190765257
6127.935711973151048149
7036.946771241331318958
4407.230435478361454837
4281.078372721169201576
7599.521979167983892989
3034.916983566868573297
6425.276022602841461406
6392.216363263948681883
7121.395651308892010611
6429.325276472319759424
6312.574357514833770733
7055.901374039450181463
7114.648379907130073541
6599.830397933567314617
5709.724693071858310667
6307.149876028717043752
6522.555878970118359739
5548.953394453942809861
5589.053005485351229176
5361.326318490821948970
5036.675196889897998975
6852.973104440987434760
9261.167971852653291620
7965.785062816984861911
6856.528971804288811853
5970.886704466677779912
6427.898329776044577422
6132.523574357101211252
6005.719441715458540187
8117.418491664667004493
5187.503877474804027337
6356.008762434070249014
4929.583813940096144623
6004.436833478886198279
7045.203395926708136443
6025.134424976472302671
4767.440935208760568020
6720.571041174113513517
8349.853086224599226561
5291.964259552544857179
5981.373048815791391153
5746.939311770889121433
6287.834454273831513049
7882.018444771410344618
6595.763770901287079695
6499.628352233093559143
7474.468287008707402919
3995.883701097284705916
5821.215851953230449034
6545.339043095843960529
6071.680345930172102431
5963.323836735152239985
5972.722206382763560750
4350.863540159279965636
7207.864185544454870946
5414.928895761456706381
8583.343974509660593952
4726.470394415862722681
5505.043034677569293578
6726.508545685890460231
5747.527313927108206126
5785.771831282865138135
5322.078384859752830494
7557.324765271959288171
6314.226707589312465707
8107.936022004170484756
6222.181565331216664738
6738.312484578573087646
5933.228904022737835167
5917.608208213453849567
4677.867956681531897978
6448.668885985045131193
6048.192647605204308014
7360.229071019717331126
6559.929901181298963486
6571.792773370840887726
5315.570330239173354236
6934.772080902368575295
7168.473693245331638479
7019.420692213277920946
6758.659962198640191566
5488.881576094444794123
8725.673795210214495732
8002.071567959496912970
7408.432704047599238084
7586.390382538984877403
4758.500280840322899323
6880.091259442143516445
7226.786487613891169168
5572.377668923904921794
6884.759309617972197426
8256.927758782717337915
7571.721785740502235651
4766.230631953416745805
6772.771632333284975491
4529.864442368223230506
5396.395125074044295754
6703.652239794608440171
6002.354723597483739717
4582.250234524350036569
4970.447792816194244381
5623.104480297014615697
9006.993673698559301322
6155.131380950910251038
6267.954468221026458785
5869.926568732414384755
6452.151841605238096200
6511.361597089648368009
8945.990097282132452072
6289.242723625055246028
6728.039521313543719572
7470.119281068429216930
7064.777291643449230740
7376.263835205144057117
5827.314337026726076108
4724.534316191722734146
8948.020828394919185200
5678.070973074961822036
6664.700553336489347700
6152.863638913865719449
5960.699798093379950359
7012.520928170509796118
5811.068654737061780047
6872.554740215558077399
7634.773238446146788938
6935.179555524945380629
5397.983077771725842986
4229.036253378789331769
5989.362125062590216373
4358.842372254134002851
6894.853003388355668690
6767.139002069369482673
6041.264547228284907732
7690.259317000564520672
4520.074320982449664452
6080.230453560238636612
6022.473188197031285895
6665.187358894653816055
7280.059666016798727739
5933.942087862569048529
4668.019495359540787849
7833.610927928107962703
6305.411976968143332734
6593.174549905695657426
7423.889711582547747959
7460.788471287945195609
7003.644762987723438652
7208.831464288088985537
5706.367813071174886819
6036.618500633608995987
6319.094100702236619149
7838.602397006660178924
5764.218055893666075029
7160.782911172158119228
7044.500343629814590685
7457.762818241751286763
4558.695011652173533001
6745.697081955718557467
5791.362897692764202251
5406.008964948308511911
7001.808124633726373442
7259.352592861803407764
8890.248359481524270009
5436.108029534441124397
5753.993117324333009144
4027.962802779846789303
5596.812360920188478275
8896.179419723921049545
6270.855354457325004258
5781.623763801820236274
6132.045793286595415594
7182.425766770208227285
6761.696562190250372471
7661.043650987395464469
5517.726321994854463693
6375.721994392277571784
4838.391612609155323810
6121.916235001742152111
5275.832548497092335804
6310.157253801402605919
8327.717056694025973052
5922.642248268219322682
7476.049120200452084983
5705.988848155794081585
6168.114220332496745680
3999.049250680110099365
6612.317696424500989227
5449.343625882372381675
5812.240498255367202596
4913.522148819804666431
7142.443876015875516394
6550.026397113599650801
6214.226816644678978108
8035.256802256183185307
7928.485155622507473350
5341.261254728279385784
5336.351714529865223113
6142.409595113558538504
5259.603230547297717301
7639.118288116571840796
4943.862994216820912374
5763.597939332370799548
7125.592121293314408437
7137.262809490557220915
6448.475375425955554043
5530.486043052009712095
6402.719749880541765030
6379.127779108341881109
7853.779869764155610490
5673.715681319554339446
5917.533541468853909517
5802.758889688037952315
7835.417179652397076772
9391.993465223715022994
6927.147748834035398069
6660.715196953981863892
4165.761454233593756413
7474.927914861133133595
