6720.486502204868703991
6463.539203255953348837
7888.870313030405789334
8624.288332155018318659
8275.609515739589739702
6736.904301456073624443
5822.149761997046124584
6383.681178340779246216
5361.471816882725024644
6473.708163032963851968
5293.359670146024576365
7336.291191700213794924
4570.886383183353375514
5226.600764166316930304
4922.930980752452808424
6880.346023817594245831
6457.647582995016218188
6907.180147342651569620
5703.749808471582553704
6717.193597664428513117
8861.631636623025546129
8794.366139601696501060
5480.064200131178083097
7420.241500535634785685
6558.576994588436827716
5355.643278386203978148
6887.677643100067056192
7428.308212465857650386
5038.666755454388352042
5964.961421809811484618
5682.565680743594783042
4495.158693211806524737
7409.628804266712184479
8185.713841475126117508
6124.961614251833659672
6482.053021387809137899
6011.765930895898027764
4453.920389929354761271
5948.765242657743957277
6933.919394865563606611
7659.013504502534359197
7220.735046826954945942
7250.710057836667349562
7346.607661448957072636
9036.608227907246652322
8196.887411730359948692
6126.501495182108393500
7412.981578300158169270
7737.456418622087933823
7229.478624682421071590
7459.512571067051641904
7306.889578888737409201
5909.925979472777859414
7505.179184571847066376
7826.524851360123692601
6746.799126156086004791
6709.690915830534052589
6370.897369048370741496
5666.958188526184280853
6504.865784940394080049
5702.907120673672767275
6854.777690989140926270
6915.870053106221178041
6440.836500078366488431
6877.619281965158144931
7715.312216492175545479
8315.457825146453522791
5094.392237486567442062
6733.131546762541041140
8386.367018354536657654
6422.762449405598890184
5713.703441903328187124
7863.986427065087096988
6020.653419176875631447
3919.730844670127338336
6993.316761321508720606
5657.357838492934435592
5441.109554114295968397
9479.590930825918443148
5056.862457298718468657
7406.458607574874541069
6210.238705027780037327
5868.707356221045911226
6191.844510934397612711
5896.385920208408447873
5239.336636549208785940
6298.974707450514818330
6420.263955707914507620
8234.221989523419479973
6233.934342000671263495
6093.951548338701936558
6663.753186006556919363
6082.328033679242215825
8607.762704500648396788
5825.616419321297699163
4884.056738618682490749
4440.844434349814320750
7386.531676904442789589
5782.710453362048421244
5697.577367628293900204
3666.892030212101490028
7026.133779917548590532
6031.615666987086831874
9033.477078930330048223
5358.022983814086609655
5453.928534694458261978
7304.059625231458127370
8320.766429430766111253
7615.096278948925275554
5292.825098408996122856
7041.712071585843303989
6432.787858975077882828
5245.937375607881069328
4829.245906004884944629
6065.464340113432128110
7509.637877050491211683
5068.329108422273661994
6094.761129326418706231
5249.694329634756349900
6219.962807936370848161
5674.326734333630850138
9799.805978341650517294
6220.794601572102745290
7619.034849950174208111
4931.522840286458613690
7244.990954463669078578
7467.084257331608449615
7806.435124184787001766
5374.244712825540120527
6993.713294599519179062
5818.682957050756376916
6415.819102579887098337
6421.960632541380378235
6747.502424560864450864
7914.938739619684141324
9255.563200875887535091
7353.171650644503786864
8110.299407367609553887
5851.506373490357141076
7493.636964892543743666
5447.767194099271454988
5122.176049930808314770
5687.308162599953552885
6829.498889001673705312
4477.705333438718582784
4216.486063734391727120
4909.235014522668585357
7719.265335060756936691
6292.362198131561264347
6606.839219769966492724
6775.621148859653911867
6966.932206518157920438
6481.492707093548462538
4292.548772570256641501
6274.849463728661789208
7251.448900871911584787
5853.271308239003063889
4806.466645781210115462
6883.932758605919507211
7053.332066198863502748
6799.048399307239466616
6616.420245070247162289
5768.656559951076714832
7331.245463089192692330
4219.096247029077076718
8261.608773623649418560
6085.395484185404207267
5500.752057135449561542
5501.013188714924770473
6516.222756945711035215
7593.988698560910576063
6990.128504087473920947
10038.002284979678686128
6868.075261948364929498
6176.259573696850693203
6175.153429174153502323
4799.338275878808018238
4986.199852320580199638
6835.131750641877931063
3895.756400069260390495
8165.645131837711994116
7335.884221491950641258
4809.257677407775429579
5591.709392477875159688
4323.134933944628415237
5930.292296416726333330
6562.832044290919763618
7930.425066937314534155
7202.068918917411683545
5981.286131337677532294
6739.815449894656666618
5995.335823040620045532
7420.392317916204046657
5395.956609641920506792
6641.060254405323199034
7479.642062470554514597
5591.740720719476346989
6483.326433315737169938
5873.965040140370234667
7460.132000420877614211
6242.328431598901443245
6313.172114825169756624
4670.887069131482681517
5183.862381457930093021
6389.815545766439421005
7705.334681018186071544
7044.920182140769881141
4895.892867995547059312
7529.926605323805043568
5155.616745652253297472
8623.647763607032253219
6745.975778757813310804
5376.489900726594561853
5856.636459029737885817
5904.125449858142037574
5711.845500886929462681
6701.598267919097264400
7201.357292118899187550
9014.295524504113238606
6641.825477568090978053
6859.567326609879332810
7147.640751154362839692
5712.465341146067222766
5327.216412229183028160
6330.209454772663935085
7540.214127867467821975
5112.167409997532454558
6006.006337584912079919
6888.596738749587481188
5725.156911976709596779
6497.088799037979858220
6655.642101530837813961
7405.412812747803953606
5226.988176367422311408
5475.106392813532117714
7527.717598493648527125
7392.582190417615751965
6688.681648790358428514
6421.305131557125913222
8028.930133211495351109
6612.078899138931071366
5161.189022303164998018
5793.500758760878976084
6094.771312819085410162
6505.288993186568682781
6859.198149427114828747
7283.306590240087249555
6263.504044348285974664
7143.357804158056854504
5810.566331713526677660
6711.434167951253860096
7434.978406799145959294
6345.207582386027922006
6445.960463722797801012
5553.845990974148904229
5216.302737468857845915
7043.772555319423181786
6701.197017682815272543
6746.080098771179753392
6606.300506359979636706
5349.581363770814981251
4507.858472778121904145
7567.063532849753491494
6343.767921995812167246
6306.833490923784630855
5479.776898990673986489
6768.564951451712723873
7242.102049415150224476
4292.359735942691052468
6853.613183755706666389
6260.035586196323174057
7076.894753358892586448
6906.666609611821683323
7179.257693769627314939
6957.995300811189107737
6994.413688073256511135
6542.497079381287285127
7082.345715742511733648
7384.119615389337224265
7582.928495669316831140
6547.512679268746785599
7716.191302305241346282
4905.006800855224808888
5724.197181967392085600
6686.569975312575921933
7187.952776509450274922
6624.542932134262176014
6373.384004962357635815
7868.457915686942183875
6158.401880865232479234
5873.834496772222369287
5429.883259600265252409
7261.085931185258993459
6574.312579991165077065
6689.598645951223597983
5973.796965540608534528
4155.116034430833546587
4713.883829052332496090
5489.591698636276419609
5150.399157563572627438
5174.448245122036974752
7596.347456400829379675
7598.695249349440191011
5512.128414053759192459
5723.467560225166460786
5450.300674451554967082
7544.474905598090865411
3780.398345166372266135
8251.949211450725063521
6982.658880140651159518
8185.333484116050996704
6858.971863309540780040
5103.307032895212957513
4278.861359025764924624
6942.116076286415095709
6507.888404827379263295
8754.578254035874470773
7649.129083213635420080
7764.180488131167608756
6502.775545676169149267
6484.212602318579781624
6143.158925662511637977
6450.821182111605866183
6600.544192372408510039
9075.689857590722297687
6093.404649835720475970
7921.521267116566133559
6683.091078622889059435
4222.613849853966968340
5937.471267650255855042
7553.667732356806386207
5352.138855939021581776
6875.823904902895281399
7534.529773937636885073
6650.658761721475777051
5151.876295390717700684
6122.264530286528500636
4904.638469787215337981
7043.358638819450534108
8993.217906816825923499
9232.102382731753396072
6652.843726544659710864
6067.138944817259393005
6827.371332152992872366
5973.669772086253273891
5402.587588918130657056
5789.169830539583724516
6290.220328833992900375
6636.182756582460949168
6753.197665714047718044
7112.022372684884537364
6303.514628612590945611
5840.594216588325123585
5430.059010892060054498
9159.481912473215110992
6910.167146852908109711
8010.756993942076621185
6172.966579894728053279
5791.025045303668746577
7332.753822818138857542
6925.070883143721896857
6800.319985796218019480
8484.255657706604477397
7034.403402655934770760
7832.818540360410639600
6840.733422369502676474
6165.585119727416490321
6621.681430704162855339
7329.920681487983275204
6658.943896818838522833
5807.408167990244373335
6231.086186810139097680
5216.589155468302097418
6889.134243498764156755
7402.986102663257224066
6798.371105793300678499
6880.473407078645328383
6506.432875057771567207
6019.724163910989292336
6083.929087142973264335
7227.362525277911895483
8478.954799441847415054
5286.394663714307805780
6574.584198802813823193
4566.088527660977768097
6102.252329995319830136
6180.634454792739401086
4036.410743314350873856
7867.347045783144251274
6381.981215955504077364
6638.446707036938098323
5872.302797237755971782
8493.897642068664689319
5964.222902974944650722
7028.977573968364484180
7714.487608509053919725
7122.682936337638606616
4813.831761318321471599
6258.780850747626846697
5826.867717352887987126
6480.170930363713257094
4779.588058595265983808
5264.724438603450460405
7531.250242955889243390
5955.727962672207324690
9452.482989312409028315
3740.593658241641658702
6404.223451429747060004
7100.090630700549595211
8062.985715558310110485
6528.521475078807614345
6613.576592341778682460
4987.247228465879442361
4883.785407108411812604
6705.818860471890795694
4985.477450291153862061
7958.918239130640902346
7098.300120026371723636
5269.598672356267462291
6937.578559466506154862
8390.676944517590167827
7855.173730472089158816
5533.542899056080119014
6819.296768441025700991
7624.304694550111061169
6143.041948378999780545
5878.289742002516971908
7441.179040609212404611
5057.011195215178144924
6338.286131361538759954
7488.630114223651407901
6526.673632916038183982
7196.608921723274204130
5565.726528431969143185
7013.722458834267370786
6211.053198435307268088
7040.342181309849349802
5221.210352932087544353
4235.857660444641300757
3998.930246816270219767
6869.382244241689959185
6578.571905293411850923
6723.696930374055031887
6466.967009610714075762
6798.945288429692276555
6628.639743439887637155
8831.334679113831573893
5181.221817274900979022
5844.475724315834181066
7226.628145266959588167
5754.150950295723656591
5570.025443654021591655
5843.713455827327769132
7354.183331973891436739
7310.247773878845223283
5116.866321533029976276
7357.726370267191880803
5653.929776288025133013
6041.568847880609856915
7421.586298358526046837
8180.713790133865266352
7329.395160651478227543
6580.405959862121942017
5433.506700400423123920
7664.402048052080673290
6690.856695561092804425
5065.453061763500635539
5657.735014298659014909
7115.241618006590118117
5049.472884551907361672
6546.700491647346943580
5508.424747681690019085
4375.991223255734707820
6239.956340489915877168
5880.095378780979017197
5595.614982515138110308
7005.952826360495079516
7135.112435288215082085
6666.780960648283503200
6128.901115956908749460
7630.098917174722794154
7605.920467706434789701
5558.406184761995250554
6736.320526126614962603
5364.977889290341136697
4332.379221776893281959
6853.661980189368343019
6432.116930284999259726
7189.104180988724539070
7300.910690248677210601
6012.943118914763259930
7381.992857696133918832
6929.457465783135862836
6920.501999163873604104
5642.845140827337808709
5658.645716496974308107
6135.029405370478684745
5576.876532348152081475
8615.756176655823143307
6061.214158783401213082
6029.497479625111806989
5687.156988127351734619
6335.749185695180899724
7728.814391709884869197
7194.295187762113529928
5321.070872342921602716
6648.438170471364168534
7024.673052378600696777
6765.386735767720403523
4924.130399819915001380
4140.902304487306321512
9100.556033663403480816
6291.560262700990644902
5485.706090896315051619
5188.408262184590800548
5981.868519809536049792
7316.530457202420691054
6424.134646664685896589
7370.678762125436720432
6519.425830351955185371
7194.920487352840727802
7897.917586012983611976
6424.673145830806918699
6660.683761581713440147
8074.040922057265475154
6590.757135519186559414
6483.221164328687236900
7450.242220095968096238
6329.683778607501475122
5425.389144646668196259
6655.378187372537518218
6678.370525846650334945
7767.722181270928800689
5136.402827836707561282
7411.263962029886372296
5261.841869796157961314
6053.568565296995557024
6498.273890656201118521
7743.102579129943841441
7766.163667476980821291
6551.650207845655994099
5360.755192949821049009
5655.718154444364653699
8098.479069213257229620
6838.760818129287821776
7857.325941086913903000
6419.788363652413173188
8749.146857198397777999
7094.870023766845543722
7431.440918565814988561
6840.205318472791252038
6736.281497999821730183
7647.168968086991228450
6808.333587681896326593
6764.489970254652104309
5249.784005241637821815
6570.367664505087899940
6730.706869817379859544
7274.499979834106320631
6538.022979502356113013
6444.816088879324809113
7871.344249814896066653
6387.832325596986123184
5447.214753890753512255
6938.310677771911994860
5574.970411181109770649
7443.968440988475827602
6485.036313910430682661
6913.708183747572673994
6206.289451566878040634
2790.841012961229483880
6464.475399271153532421
4868.270128075274238100
6717.876123770759768217
6174.788480254677394132
6244.099718355251105617
6532.308772869541948047
5647.367264526261282587
5905.858466619567468392
6308.393810046824411675
6526.044181330254491336
5508.471113909037034873
5171.343545022146191759
7138.567570714318439862
6061.344513512513770603
6382.288497111122939742
6575.226493897942378730
4670.635428446743635522
7213.920203947981509174
6010.918173947668940116
6234.136285122886499188
3890.293494080636485410
6804.059043227211155180
5383.391618320760042771
5521.486108179261665718
5375.568981292774611180
5869.060797038634359701
6381.443594171451620500
8209.833424900181334749
7099.455047545160863987
8431.294923543825035495
7471.697637749501898163
7572.208769900420492149
5575.289541461625407948
5821.811671739687802152
3540.829280952878103328
5276.368807707627715420
9584.429778714265274253
6371.883222830693257688
6265.600487474931967746
6105.026605978181460266
7455.345709279410621129
5475.820711610095894883
8575.112561371324415127
6398.004677958163579188
7017.094100640340548214
8212.873053540716054677
5622.827649845554590868
7530.428136172159596651
5941.488842676691532585
8401.692267694537789247
8211.058110963913696523
7182.269283063791493582
4939.129200703045901921
7052.491256973169948097
8928.575134082952487802
6182.342494567897067892
5211.612229594455244719
6507.451272063367056830
5972.479850370434099727
6125.757993356766403004
4821.284542793912944347
6893.057662549157589282
5812.161430498353526630
7479.666903438080473698
5348.089986830585581767
5967.111833717222260542
4722.167298192025628012
6571.409345536313837854
8216.463691492019950857
7820.847549900287841051
6995.335191532856677910
8130.590228421005901449
5986.148811928627108792
5569.016928562822218218
7422.469769347304440199
5879.095445898019341335
6626.388818716911590645
7458.044550194389942011
8385.758266260222719701
6093.752194750652029676
7527.584542812184531080
6251.030684526292478864
7640.759346010905223245
5618.028766530710301552
5086.188949606147492677
6459.479881231144164921
4863.254608785647757241
6103.770146808409937655
5800.782334226196020666
5027.118131963274544560
6107.570476074376978559
6088.267455346190027754
7957.366661289427133497
6208.622605133396621824
5782.435715459529822713
7643.206988131006868858
7342.711144423516100854
5862.345804119938152521
5666.442261778474562828
5600.687310151993585805
6627.337634740700477387
10087.489444732592655640
4802.070505007101104411
6646.058883617406134903
6637.821729776343952611
8002.467952285887681008
4614.690290186833321329
5103.372964799999540020
7245.113422292589284712
7618.652650485384388190
6906.456374055161442360
7465.553297331572584206
6764.619608914055077342
7212.142659401952448306
6587.421653849386263602
8157.488728474354180875
5520.942400636310882334
6648.503874007209304864
7914.548725478780851983
8793.391456402049737306
5301.854825919959039116
6675.598696486255016147
6305.684892987586455781
6524.567135336223740349
7611.415204061327882012
6128.872917864899890983
7001.209565094691865017
6974.011250469456613565
5173.101504339103060115
5696.947236857279647015
6389.911415515458509962
5218.033488097491499058
5649.360731217000529014
6687.964556418391549375
5765.708274418716839271
6128.581585599892034733
8085.513418491433202284
6376.364297376352977764
5999.878418525201657197
6928.253623578767807167
3706.514997271451662630
6730.597409243069834339
7181.105776247172038040
7028.325053811991891095
7575.696687960435174780
6902.748055092892594864
6112.540768829917733562
7258.617231744253529779
9777.101331202241923712
5534.644266832238125531
6922.896128087596990142
5501.814885016799875572
6267.528889835292503108
7857.501686762708463352
7033.026454584776432810
6539.649097469208117950
7646.001212374884731027
6712.288610100650670276
6842.375650863067233054
5846.210987849693756058
6641.828579918145954331
4851.952038213976464043
4549.625545538576754101
5289.813092373436479665
7184.281655544359415089
6694.140183434847779509
6422.801806574798275218
5124.387756088810992772
4544.046432309959746121
5402.726393908846998837
6445.173447835173909937
6010.470307737445169849
6265.145557004702536741
5958.473232813489441462
9346.047025273070213203
6342.485866454701247896
6083.467618770392446148
5361.286295348493481594
7775.689014264738428750
7563.661202087867451382
7102.916819430583720951
7124.794597910082346814
5964.564399025147202416
7265.603289154666470928
6635.754013398580574368
7241.693068904940298935
5402.252092575991803791
8076.367052108039517933
6645.057282682018610753
6060.512059124148685374
5817.856391666555190056
8244.226732815273569699
6460.567052462567490867
6851.157133550020251977
5555.813190990472627107
7160.122181346742731733
6244.328288689906778508
6760.657693253977246872
8045.700142947408585403
6530.100212197815742421
4372.316621106741667990
5603.761176821430042505
5761.126350326509209410
5340.978752432749939949
6579.674684687107119707
6833.872917981398907639
7228.348352048628318478
5846.248943469367560066
5254.985486408236353029
5240.401911082981124324
7828.039390183001237755
6466.106931042358964667
7247.950339569683241070
8155.071688325106000761
6746.046607357216267964
7155.409317086714532152
6652.019476759443661784
7470.257156853348831316
6402.978078609849712954
6694.450141303569301154
4728.239221492969432070
6482.069891547955149402
7450.397208751779153602
5774.677730185668844687
7069.688871117330387417
6984.818228951827204121
5324.106535610064763642
6479.884173891582974214
4906.934117827355019248
6130.351542701235183497
6793.636011359757883366
4343.039899323240375040
7220.271082854067036472
4483.287823818460585912
6532.576374114853634101
6950.489678220288523036
6641.175649606763866206
5984.683488252687046938
5846.240710777987048097
6097.049342335695628403
5127.579300072425534829
7184.460943175068247779
7867.955416043747310262
6540.243802175508331942
6713.402007644536029218
4036.585018800569160113
6679.361945143907143496
7686.554091863778404470
6449.175042393317640599
7132.270251169873106267
5801.396140089454496191
6759.919912479137281469
6827.248373045320062324
5612.497754668925987964
5954.588707649759258267
6634.208234754136529698
7674.412564312530520283
6214.898545783324742775
7454.580733800267900335
7447.659632456243191001
7891.682026704310064957
5695.173400011969584433
5498.508082904418154957
7499.748279899556492101
6998.628755117889457260
6727.524696077170526021
5808.835939014075701703
5418.349216211870053250
5945.701806531452333626
8971.212114584831720521
5993.028679498435828954
5942.338015079850390254
5975.424690698497993679
7728.302548058943183484
6252.314749457546060984
7759.570173834596618523
8361.042523985319263602
3604.137143032367391005
5589.270303566113866189
7523.132084724501266848
6587.022663606872810771
5462.311536492738536452
8624.131795746621217624
5106.658255340431292524
6320.768273313480147380
7346.787772509102075080
6874.963656610626244969
7585.991105401397011310
8619.528870831677926034
6899.040859436377978398
6991.634558116098140612
5686.791739059785931953
7121.165554311762637241
7254.720646436937765866
5605.434941168475043494
6191.947316531491732228
5267.253791379122772387
5202.752265744772754985
6644.185185293361105785
5948.232443111104250644
8297.412299082105157311
6292.323025346157912452
5411.835322578505423241
5486.562066334500636700
6991.549943725266826000
6212.254583381461320535
5998.653756842789439574
7040.771983295229209165
6817.318736740805520835
6769.029051646989346924
6158.794005035040436180
5415.889004297151585465
6543.199489088053055319
5283.460118625387454738
6550.177050436186632965
6142.814518050551876094
5878.301781775889331971
8030.849956529012861228
4551.631864853725974562
6164.017061347917651570
6097.580039566492226211
5654.391485067936678366
8375.215315090356485328
6230.711579109795555720
4353.240283873724127517
7347.159415148489185032
6276.967181974843176029
5517.584414756944577007
6893.502189985556364515
6575.497504946917758595
4336.948144639294939751
6508.174899429526823358
7493.829109331101671732
5764.317247462584213213
7852.708614351274266419
7122.533811645162542092
5683.267257766778836281
6964.526687905008948576
6486.874677384660054624
6262.543608541292662562
6419.206185560357631026
7665.003151956936191525
7583.613821475022293672
5973.803865771451036437
5015.894307939897310167
6292.316255084722468105
7081.101830816800445589
7101.519783475544677742
6531.322283086808566210
6141.825026930534795255
8211.520359061872898820
5667.170684299320962740
7949.297728488058452978
7695.525533306936140310
5146.658702486605978521
4276.922693986624802065
6578.745742614990899000
6325.245032714282841901
6776.222898114733840025
4051.975654679919557788
4284.701868400532277281
7010.140311995162726522
6967.862707024554346003
7241.401751361987657596
6994.115553522319947533
6800.803612670694788811
5423.968808548939568581
6059.951535382891659065
6136.680583602857953718
6664.786131212335894780
8598.406664702787759680
5312.564408051396769306
8396.191387553046674874
4611.447781087579200321
6994.868477983053314251
5720.199311356054630018
6212.435624336936205836
4963.589511060127044573
7382.099440441087112141
6195.483310790096671106
5541.763846982963164667
7584.882403167415479750
6095.385766051633968043
7129.137174249129412562
8572.023628959524643278
6240.698942526926756624
7233.673424531184711128
5307.574368993797533811
6564.481058422550495024
8302.971720816509463958
4882.188434075158059322
6958.596794504060873088
8902.362110777965471975
4483.313303954507489824
6394.727564820965701298
8892.599990378749683195
5960.550707888499470055
8429.398466802589796387
7031.762624075094130216
6411.874982578621139595
5657.239176968388972178
6254.675111737353809360
5365.260790475722030290
7784.148419111805786486
5464.731086636915694754
7755.650873093052181328
6602.309152166709936616
7859.863325805397812562
6387.783252909773506811
6404.275868362737100359
4988.954508881863373126
6170.821844104290881283
7579.736977413118125035
7765.981046072961766047
3714.630420011084780629
4702.753463551395958220
6116.035446917534180944
7418.332951574693753027
7425.786340912109042556
6173.631851036281331879
6084.243810865337153349
6533.696297647535976783
5800.425860611042970127
7438.284854538653771971
6016.251776006442254729
5065.761032746837384089
9275.938378959849657690
7783.628673537775119140
5522.505823835534543242
