8623.940913633529630644
9045.322178952332682123
10440.626293594642187479
9860.767237511707884678
10812.860764084614403124
11564.086737076570381433
9981.010466796481232166
9397.215379174780427007
9516.792680195002072985
10474.306434776790994512
8937.079799297053952500
7730.927714338667492644
7979.597696012190385595
9341.629904076080807229
10172.192478303597198419
6022.300239253088080638
6119.091080922175399426
6763.720415058856085366
8193.338213394863561057
7910.181025367894138700
8761.684410257705360792
10468.327691233617695588
9322.346168334327171756
8916.172660730609168311
10747.080826174020475428
9500.287737463837296481
8208.500758591122566266
8375.945356527725313533
9404.599318787520292773
10834.969781899333828967
8739.405310680151250935
7407.345301351960123348
9713.204416146681422717
9965.504810746974317937
9816.117206979474357098
9141.521716599075527476
7943.038288988256310663
9600.235617024391675756
7719.945038092440550592
6943.322852277882724970
5318.002353254668536753
8017.904219528114603488
7139.687711257093165607
7737.616689591437884932
9645.304745320957431787
7842.619576247754992870
8167.643166935286268782
7779.315497861370682919
9439.001517567021146249
8133.487639902098836675
7941.497171521195828081
9770.496603727807817918
8316.102362257774530896
8927.060337582071197104
7333.274155840347626523
8364.302783094118130869
8617.314435534566915642
9723.399571427382478639
5697.880939932453729924
10681.479304715117375935
5526.740499021923489487
9695.280722864343783129
9001.563816329741641198
9550.600816815046425035
8079.442596134289659382
9590.156080582688167269
9730.902949429391860292
7828.697915053139117614
6392.313290818603749077
7705.290554372825337026
10129.444991180234094230
5623.313680448687959412
7264.488114058789106853
9342.520535499320764927
7138.157104773210575477
7206.000739130943304467
9894.376528509490291263
7625.456709229426861096
10717.963997959843939434
8468.648462392176316627
9360.028655152470880019
8496.074772123701366766
9159.242243325566718681
9200.115843631917629253
7259.410056305144995470
9643.457328469271796045
8164.108994026463145932
8690.231976997644562033
11157.416874427570224526
10568.545341268058137985
6265.289032598699499488
10708.815715227608956539
8040.970315723385816842
5363.928446404302511574
9539.795864232115346404
9450.781790850872733145
6936.305941370472057272
5928.843184268956590266
8714.190538506389788864
6139.124688992936532905
8462.571433296854716666
10820.301252460496973740
8573.277491290974056781
9379.665046631391647658
9938.146987452367718596
6883.548812596612925141
9580.329135429502859900
9298.671010396234088091
9139.191541327381259840
8349.739524240580307968
5867.943012769917450200
8114.384491057846276352
8167.817669105776251293
8782.268304775234109449
8082.865358698821250272
9608.597865275814168484
9322.585109104386501322
7168.612131996317696547
9098.216757415531877662
8384.198780693486973803
5721.039504357920690403
10716.625818943100362901
9919.734652598182963246
8285.104647771621714902
10276.323316312001997730
5248.132182223184857506
10484.945252010184963076
8260.953891132206713621
8247.419180677632327026
10219.065365832573311522
11120.967403743340333300
7658.763844443613030499
9490.801329979616083321
9746.571869121313973494
8499.617138824672585073
8672.661903521277000806
8037.068246898148608182
8688.225503773020255593
5614.790723185869417922
8213.689519733010977909
8890.706748459204166402
10963.803686374397161174
9995.084687932468606064
10581.854127056646434291
8881.930551840533811792
9192.723863558460393186
11066.343942280673770640
8224.240630978835378428
8038.840730884767107334
9364.078849516669185604
9426.382494127680626406
8514.684324384173256917
8850.372330831228270043
9458.814732253436771359
9828.968619085060806739
9069.181591590102581080
10772.811639104677181145
7636.542313586615208454
9202.669993412272492428
9562.109396247582527195
7983.079800860423278941
10473.794905790939881562
9662.745699410466317048
5459.498678801088921375
9219.161785530306165271
7592.038120469226088805
9949.327158919228256906
7337.294639821686603742
8584.992055982351145005
6999.066393375852853431
8616.381750584236236534
9026.983375915054440775
10306.952648092105794042
8538.330404716942005017
9805.347753803175042009
7292.313700330806836014
8725.186104143524810972
9598.525969961805952124
6871.767327901339392326
8245.475061299368584322
6876.098741163659349596
8230.691118221238081532
8289.283136228991986982
7689.090982840988823366
7354.169370280055177069
7538.884819587867673896
10506.697845824643337664
11211.108837539081569901
8822.235647502859909430
7761.191620740758833286
6433.805294621617668849
6977.943011851985454896
11600.574023664361036801
9415.474444198233685555
10224.395174353516368093
8403.685979338357384449
6224.919396742009915169
8936.326860140151937095
8897.128442081236080696
8677.018981787515659931
8838.086699743596200030
9784.328327251618286908
9752.451966367894981680
8551.222975444321090066
8057.586235325227722370
9599.083812347874128612
9779.790078045804279760
7948.744597690102534404
6883.676505890692427059
9476.282352091811717720
9227.586545126419224516
10427.922118963839984040
9044.670818193396830686
10131.187449976183542866
9949.037177949500662777
10802.392432032065249459
8947.467197816661377274
8078.810029159519393804
8874.412424654764498300
10174.332654453646735071
9837.594766008972182902
10603.704579992191249005
9361.542038012235373401
9863.844339682969735605
9880.970136109036800143
8161.996339889967980952
9101.177298758679941493
10960.819853407773631027
11079.924593185456583200
8992.257518236637880094
6215.497130699127623199
7973.637955297136911792
10299.735540365023990006
9321.287498687017032850
8699.728655503393422777
10501.170356383730059235
8506.499836378616354438
9534.550784243400872064
4720.711506450566128823
10476.890820759408860852
9518.978171646530014982
9295.763543833336767008
6964.472520566587809387
8262.835379639364293602
8052.169951594200727474
9364.458837907822868374
9661.160894281790363358
9769.535388651306474728
8960.340906108713081579
7143.543029865403458434
9796.995961945153707617
8657.420643052905794512
9590.792815580370106687
8327.267455213790097623
7078.317942932011499924
6193.821705428233622470
7963.287796668960189184
5830.146589934608171824
8782.666069430139905272
10767.952589538935457725
10186.990969921321726233
8785.818865048686089558
7999.892636022891299064
9799.109773600797571369
8203.481196711139799227
6949.481038140994208163
8281.297055759254943652
9298.133148726981200838
8531.991194796228693775
7872.756104395630458725
9506.681089929476964784
8872.728212342534121149
7751.922453516945618723
10497.767600478922943807
8086.824857356690380961
9501.296333160839157728
6081.233758869053589891
9066.376477044095865132
10942.394459270992407518
7585.745737277693338640
8508.411316427676959862
8810.806198484144447391
10113.882008091522471283
9850.167131953246181020
8753.105211491318340400
9556.588464700275853403
8681.747999157869979392
8587.187218846136820716
8630.716648452624951027
10080.505296950132249734
9160.443244083907087472
7690.495537962930877374
9030.635339787485118990
8013.720273447855064308
5899.482809189723897525
6122.316909978036768791
10294.186973603897917506
8171.267615817777804299
7353.561499045843403266
7239.520415151969255252
8421.989452058765664333
9283.588579099959869012
9954.022143920713974197
9714.622205001308174133
9198.337137802540694587
10266.075898265665331976
8197.395098249753727870
8229.817742592900392751
7459.208809315906618664
9351.339139385640759627
9496.414158839094541875
7824.843087170596816371
7390.513101179643453253
6255.918044571716937874
8787.166556664671439592
6569.122715468218958179
9793.305688457734925478
8961.365773411158231809
10864.890826682550940774
9248.777749368906095917
8305.766914580452132455
7897.442235654027797409
8155.535741156239189831
7939.351391375371470360
8799.505356683991920796
8066.484178791200907455
7315.554167703438319670
8912.789265948892977853
7211.785443321271486194
8580.197169644264185706
8840.029704010453698970
9136.243351414215839057
7674.629435839119738993
8497.339632756221665666
8809.883333725968529215
8606.669075882471791061
10373.263003082789923681
11141.292262324967310860
9838.873973053803065447
8485.873410241507800222
6088.121057183892187226
7662.943156262394588385
8109.532693798488025561
7550.053209106835147235
10162.432522174460638453
8418.302765119719367704
7404.507939635501263087
8430.674596930206418754
9466.580268168914819249
9300.406446497745514890
9335.176119300608321261
8065.688712261717176144
11403.105727003886758375
9358.202984269579995491
6390.522947868892837953
8567.338534191544625607
9166.512276465864081487
11181.542582756193965565
9365.067410347223320954
8059.556530503161820622
9878.521977918454580525
9846.974209756179155839
9151.469958683502037289
7703.099421623548160198
10456.496992248498202116
8135.961757180920411070
10583.020486315445731762
9026.217599528256402053
8154.457517564744385652
8467.562908432218798715
7425.595075547283139272
6831.370567575850234032
5981.105068612331021605
9266.999695260122528850
7777.223075851376196788
7300.008435936895181406
9044.125146534692271771
8793.067762942902550805
7512.563012946042382723
10201.584980314486929664
9085.223192744104313334
6378.995440771343824693
8910.753856997026584708
8816.897005186405165134
9320.931729597941160392
6952.916206276353767279
9541.352184350349274311
10371.688682259136551345
9764.242492148735734325
10630.445189582357143010
10092.754274813603065475
8364.224024496641016313
8282.100438107032832846
8057.509253176568342791
9785.840616426624052338
7953.740028819316032038
10212.813707473732937281
6168.370772761234109183
9836.439478589886782345
9135.280388638284619240
11001.912108657384393062
9140.861035647848592767
10783.167046636187845543
6576.552336217166352839
10459.869722570214199742
7301.417034862544674034
10265.186689328031751423
9394.032584008886237470
6929.261384951555426959
7606.335135478772327300
8481.227092972100887636
9853.533349105826957270
9712.725011606717783863
7497.038377593055444859
9623.971778814569636218
10701.283775550127856491
10330.634546686001794313
10335.855579216587764257
9244.546742665328197930
7862.122308122841504385
9293.532192186860191541
9391.239393165805774188
10351.555761954011854797
7961.504914611380461675
9188.604051362608277742
10023.574217037018615706
10189.538621165503553989
10516.560869925347756038
4648.826634087509958260
10553.283215278782168234
10336.561685765125120362
9081.384413994693544758
9015.661398147511112811
8745.243199815362716620
7223.473408507526645206
7029.094775979035583546
9018.305048080762667873
7479.365023597074697559
9131.320468842741346016
10992.730737686193529079
7573.885466354384802479
6471.993814035325957690
9110.502915047731196552
7773.304076541448148774
6532.898712873290768322
5298.309724152155086863
7440.645190328472333263
6538.875973577253524649
5654.646094891978088892
8590.271477712403887850
11276.133116583831338176
9933.166986695859569600
9838.278802523331702190
8465.396608750938727717
5934.504333743064591111
10571.331514625866161872
6540.324841155241617940
7452.553686924861121810
8430.114099267517422831
8934.336634438511102196
9761.231320772979474398
8283.695519710330266605
10027.197676074552074255
7365.064667894593557040
11239.063217293390172458
8797.701390685461283248
8204.223545400112339365
8872.418115569056364933
9956.824440197801318497
10915.043657957964608585
8037.039888283974462979
8031.109331981350738960
9157.464361209636287242
7922.975807571644391469
8373.069046899202865220
9722.826684065235757437
8372.670594070697663192
9072.502632949471363943
8583.875408698017160702
9571.463654400573363823
7826.837880756848376151
8795.590847308086870804
8538.225622397427442500
9731.166734995620483772
8683.757445406601957139
9210.513181134711921061
8572.068245543703933542
6096.311533483485923135
11325.612810827127846736
10362.937567475760449298
7876.839785397602643258
10569.233349184293079936
10533.343985871267643795
10915.066332848984855808
6299.625567927089522247
9322.137529099509307251
7485.396363271626093194
7616.036312174117525409
6131.331366515124153604
7724.567770919610777636
9025.657153375457713018
8918.286720215592882965
9044.055133069094718046
6966.176085911601634670
10293.472095215301847837
9279.056053364526224669
7429.949289172514479418
7879.168322064583094733
9950.348934192021012279
6456.927218328380835288
8689.251074890467132938
10838.161836983165665416
8191.889063051434950680
11053.154799247189079558
8871.380938944879712693
8255.000079432303285998
8086.050225610213979088
9530.939886235453974095
8858.487779556043067331
9213.887890806315867920
9434.014831634447201480
9024.855185148739595391
9511.252431786041167783
8255.025029555976470164
9129.072705522042149084
5790.803228729278875786
10011.264122380186071481
8514.607284847246494230
7507.850579359626147724
7213.865181726153160469
10088.412400491318837936
9717.464491435255791174
9454.929382551215494068
8065.874866717972151875
9905.277915875832784209
6522.647302431465592853
10654.202384953589309191
7224.776064192382307283
10134.276065296072211197
5807.415487103067666563
9688.700260674629047841
6670.829232970987762386
8889.031021587093306380
9888.231892806905770854
6533.896085509365100563
9343.306843303856362937
9474.284321701349576905
10310.862778878776557789
9856.604610731779319011
6738.105687867733943452
7537.303343050469770947
5499.614709911401475573
8595.470673864795714714
10821.746198232643926040
10845.131507342514312064
8496.771127557395788976
6632.849487560165624878
9118.200258661000238369
4568.397660701065303712
9138.147111435393644463
7935.298136541226215357
7823.013180847538210916
10644.830480398342497317
6106.567640181164594360
9120.489647577418431013
9232.287069143452132636
9570.581524055505591164
4602.470760011913520238
10536.089824906286628092
10030.730563171336914507
6603.858314015245464024
7453.664477691581874197
8230.988187903440012505
9742.424012805906619938
10208.924473217023907168
7432.285658783302732200
8821.430764040255753322
9190.438429231858422419
11119.875849380825374446
6315.985255130109206068
8805.112301562096530638
8673.806268559096259274
8481.887506502422880317
7625.746848416365935464
8434.590998576551637456
8014.580260827554973879
8824.477289261058429837
10159.426327896605010359
8155.404920294663059011
6404.606762697110113880
9485.202015613558774731
7514.529915527560087973
9630.332350151652337722
7082.385596177833401832
10064.487501717885834296
7911.550311593503693519
6918.326836021071455818
9208.083509248799529701
6076.010739899440374234
9622.780425095068237873
2443.711292467331374745
9533.008110836858380210
8761.881026977476832229
7627.342298443229489102
10714.424018833481366819
9217.888523971952844605
10401.852431634294251950
6294.183929009483364769
10001.984623049632475045
9463.452775249298341009
8926.524166994039569012
9324.263792536937910604
8346.706854541281247251
9526.466112128182854413
6524.607258586427874558
8401.544750257762703249
9879.703683975893477864
9115.289210891205399001
9738.719567562918276948
6075.221334030445163421
8747.060134187243812143
6212.872874659540119779
8185.765556848931016720
7720.422884852454821214
9966.094830720870791474
8372.094237511064688029
8156.647629020672455979
7644.620159197144120267
8050.225956270322243746
8232.755132843563137257
7823.602058345331781375
7962.733479993143294262
7597.017597272531884034
10519.275669384638733916
10318.814466673987501721
9810.437379036686253109
11413.728932711363765584
10742.336657516407616875
5497.969770065367098866
7282.439952693727997612
9151.060267144324003041
8751.803687764009735517
8586.462614296556365545
9911.823143558843095313
8968.607000242437257143
7528.774010095425880174
7096.630565729650898632
7726.585952635682029488
9470.639047061481117673
7944.833582787404840708
9692.446771763219772744
7938.498016795287067104
8634.445652804884346665
10616.464979278117907846
8094.590824277130209019
9226.692390516953311774
8196.966409169913648114
8910.670515359813239620
9293.475754559772640917
10090.355916038460611261
7648.050294293712876748
6893.082060263221737983
6931.262463441861812807
8799.458782558415996355
8215.135027096152069426
8153.472875918651396887
7473.815162291518053639
10659.246251609803905147
9722.357033951929419224
7554.594016247319582913
8685.997768814460211928
8147.920546236017831809
8557.572191594109519919
7053.959268651142132889
9130.772912717283117168
9237.563831026467305207
7982.648662072203793016
10091.500315508643714324
9702.533457464784012458
10199.582522469840586865
8798.163612541751935403
8509.685833306931177944
9269.354762361778064417
7874.689581877410127220
10308.350949282720711686
10600.724314806271349809
7635.671525507538949018
8337.709575028632668747
10488.102594605423469432
9273.334947621491600955
8163.518778389213248925
6463.631076104900247792
8767.298607560332215805
8735.948417281232834419
7643.764673056395951178
9082.932879285721934792
8436.093684121254997699
10163.693904259800862455
7429.289906107491403553
8726.182870668050800766
9879.146996936878854179
7928.667355423075739917
9792.157195697647548371
9543.912207093808429903
8789.250261537285854985
9973.131200961296435992
7400.144275173539551105
9743.178960430801682335
6860.118974354435149365
9695.309832028542126992
7962.330822065997655734
9730.164120368950064766
6735.664723784043809829
8469.195454893564685150
9375.503792624437529923
10445.427709442670001216
11043.011685570628500841
10566.521883709393713424
9445.647166647665462946
8892.997913600841571657
8939.798748604728034550
7067.684907281756470532
5872.783239839967756701
9024.544707159656772077
8526.589058276983251972
6755.324498995001241575
10838.284094949954555531
4283.196488571602488893
8871.924840774173500968
9350.440144117093185017
8121.163618675466318919
8259.765380078614780857
10425.129867891444234829
9573.634671978964155947
8875.296579123700366765
7635.476641772970679334
7106.631903984051953138
6772.712756817631951201
10251.038186434216421539
7277.586006425449828505
9566.110325109382191755
8068.626748498307820423
5530.637143602475530368
5870.202918384532309481
10880.143145369599579908
6275.529693645037278671
9031.953623107585415575
8168.791918327546063949
8374.282085934091403701
9940.371868920646395651
10850.555229451326996859
10226.622100546132324794
10087.152139586908413449
7128.879677384232917525
5879.763633167484868647
8185.800182794808488751
8143.986427334802992828
4824.708173442508201578
10616.426268486648349487
8717.329725432584389466
10211.944675579046715619
9787.934299560349612257
6965.287891930104333227
9606.530418812546744611
9542.396630665496312318
9308.555162758127678124
8947.436927122969372306
9573.439859871431578675
9255.855561524731675682
9905.806533853271496959
9083.719707511978851855
7470.076400634226272857
7979.312767970475123835
7969.420442991926085252
11183.652382702756623800
10384.053931918081643104
9629.922192211106057869
9597.513158483643097796
9288.645315356894258230
7132.305070349500348836
9502.102942926228759113
9519.095667781163373711
9278.513945349415312336
8499.100502793403780544
10934.651749851633009136
8528.384686465885680562
7935.925328612234205483
8330.338919506215810351
9825.444412744825860351
9539.885050867366910410
11513.481176411870870346
10182.910018494916135623
8709.069881006988569361
6687.964733485519611023
10349.862237078950768954
6581.550240217209198690
9677.182153738783367380
10834.312271517604911786
9415.174212147679764229
7678.335735685789515514
6179.114743290042071067
8910.846913121711360795
8507.773784813368556534
7210.998678208127779410
9674.519506589306768518
5719.366060034480253371
9964.236181216656229154
8940.298736479222821316
10404.504096781740121180
7960.562908511765846331
9311.382670263805114708
8357.466399886971944788
6659.409594766688432532
9925.518005092196260009
10619.197828751703909234
7511.224380517506104660
9735.743937463866367388
10028.384492110677003396
6752.456284284628338810
10641.600771433362819351
7278.554786063922463324
7091.092722333293768777
9235.896692725664948398
9557.320274892159050140
10983.645784921570742299
10102.503722300727996952
9883.089798745803836511
6577.846739356963893020
9567.614984997626581986
7429.195301929755822279
8486.400484095156015130
6166.140467112301839059
11159.928801535990984917
8631.155213338913148924
9866.987945612494431025
5492.860183678227131931
8419.783787813188519422
6927.351325155063972439
8346.692333848514476102
10471.608656364643259451
9710.898394057039435978
6884.666905665098630251
10268.088884008628935085
8180.277120160748875577
10082.352939916180703861
9369.273555257153513587
8282.405042513001665938
9755.034819209702385834
6746.575417785965012030
7552.309456755443125786
9946.122741101202084479
9730.288168103863634784
10395.510174085808517752
7655.559594920557206610
7915.487945042276742846
6642.951581064206094673
6334.424672199628623126
6963.709772681627253377
5139.139089372854708238
8487.626215384889994731
9169.207347759052002978
9332.519731436701910354
8696.106768635914123777
9672.939797574656704882
7462.878697518283023893
9567.655270279115449661
10422.871315319292895296
7002.609212785914134081
8648.418664563403166490
8873.576198257957062587
7909.645895878044167926
10041.773239325202007777
8667.128183299986627475
7765.294674445899698156
8998.066396813178465131
7602.455479921610020710
9498.540605214365507791
8200.679074718303352753
8166.672860546940716731
8840.082529589940589787
8394.199578456328573850
11197.349423650106919226
8298.780722944877874525
9280.980145622929561533
9868.102392578991318040
9393.465423282330981181
9483.947317319307082073
9268.435184017682841429
8063.583800351601596823
10109.397330434959274115
9739.343236833261636676
9706.225222774965954997
9594.766330427082409393
9816.832286124417032980
10974.843648308390458901
10660.957904310444271267
10362.330845863461384226
9541.661304073510536661
9257.542625807340757049
9509.550593458993018814
11410.067872216020665732
7612.747256456071829334
9142.291203729987079996
6874.025807293577949864
9621.298665389100009726
3134.535766832010283078
11167.891258650163225141
9680.669138646174891605
8742.328022902428574348
10513.645608684805976552
9094.248600868715183054
10035.266451527255954446
9457.458288300588280961
9535.204018405936679414
7608.004321778773942686
8479.788073287754534668
7663.361126224233614401
10714.079680200365111808
7531.282854078611270765
9410.422331347437172155
7679.348466348145617388
8860.897333446600846685
9041.890746778508221482
8724.993295335939109236
9615.432682330421963357
8947.138494461375676003
6999.540066883665399011
7273.132063731469066248
9701.096865367083089460
10083.394081825735254299
9259.074333567497048669
9937.338757082270563004
7619.248027480033675474
7259.650889692634065931
9091.869557724639029139
8577.010975420024180949
9926.382641109506306698
7931.266651138400725074
10231.863975578622449447
8591.236513235774914676
7729.081347499258281886
8545.994489652332399388
8603.838244565682638054
8645.566842945094444772
9077.648189892446228377
8542.202801489895188425
7307.443005431859985865
8507.309522089933848221
9774.164514030917533915
6306.625663971753079196
9666.507601639934684989
9006.516516051251223018
9318.418281802201865283
8716.231695927736327967
8540.015338901775766800
7100.749270483388214004
8261.008458723921774158
10122.100556095730427231
7292.449767133201854019
9523.129750394192600815
8478.297400596982310361
9822.360212759111954384
8612.981228751053325965
9588.064307612174455464
7472.719151600903201071
9136.599702731243145770
9531.627945410318215380
9775.783048733434336341
9401.289176655043983821
7192.935563958454657119
8943.531807836986032179
8591.700548528048130947
7156.727317948153937799
5938.928023166656078757
11003.606279545631664973
9997.720041029830042589
8067.614318758855827873
10552.760607470952419540
9423.928341881447177109
9915.478694230872954485
9331.680192531554750346
9682.597490102775557475
5693.811203862832223344
8719.072665468137639522
9485.649954112299714559
9678.070310248881567006
10185.587905793787874664
6793.353989486405543285
8274.091253848338407551
10505.832369781347005677
10624.297909117528313061
8797.629443603449846734
8595.105699468833899246
8977.026010352056426989
9862.308711900512041559
9113.016324373585337781
11204.370635313875882666
7160.998964644390298417
9730.251400360243112075
9163.508913569619965145
