4950.262254881910942483
4607.131198139584338236
4623.177632790220606296
5446.323416682081174578
2453.051527652899345133
4150.781994012228368174
4441.042156326797769594
4695.358340607425740920
2858.686007348661556327
5308.567910392697962507
3693.583974614542744686
4470.034794658897789876
4283.236704910675004765
3236.382514657262194024
4175.472193385801578991
4522.848314174848994629
4733.250715185274385188
3449.155439672185651911
4344.351840013975027954
4904.199232657971768923
4662.807975329834321077
3896.096523060665488547
3853.480154838881517554
3742.004137581384213718
3493.070827024105623249
2593.921368191553129101
4308.519568715028537742
4057.027392277543041743
5114.053110299183506626
4666.571230790047909665
4791.348059990020828991
4641.662386718814838460
5344.837965350318631508
2901.999070962162694309
4447.853520139354877472
3727.033837922168682422
3996.864764268685391357
4784.880385869714511049
4333.644720270659278505
3334.770487647346982163
4549.395259457065122888
3768.511405044352143623
4585.698959732090949970
4496.595383046597193655
4564.045948028484685377
4389.547467437227553422
4047.773185441536392792
3866.737135949187949002
5102.947590855010666644
4253.361807683856828710
3463.348178428906615434
3860.868011772113177926
4312.293134816437976120
3983.527879758709352220
4675.841135829615050845
4292.436553366505431750
4172.156335111083794054
4473.021509132175134837
4419.448916981556568562
4369.427559469199204401
5220.063316859878290277
4964.272995736206909090
3522.555865026963535236
4421.092092190592088841
4814.777643893804230935
4160.150215141147521880
4223.145055291549045506
4941.498666398209201223
4230.705423633322497690
4997.175370640137520795
4180.999399642654745790
4009.468484104932267442
4088.422672783973687682
4446.322397474645516269
4253.420810064256091465
4273.764304707501527680
4661.948386496346354413
2999.264260881053469898
4482.046599606023454587
5279.269669097023960358
3815.539166927220166903
4002.897676861392694203
4193.481353747065476512
3399.092018822041185278
3786.003570225958693829
3565.857970507327991072
3369.059715774005895117
4969.392718498436565699
4531.460139413530700203
3953.653617353113993271
2301.476092330146311582
4214.143597885576419948
4809.028856754321154643
4095.662816033640728719
2675.912162590394219208
4442.438577709279123429
4888.394126541414185461
4973.660135008940362589
4533.582593758418019636
3774.739217483943983789
4278.301464153131540513
4467.371594817650725773
4048.554536817533935134
2956.497391386350735765
4916.222492094311570021
3625.795807274771895168
5126.332814625416878229
4851.717422236126371793
4136.522159461979051276
5340.681160021088683010
3849.401530257388761136
5143.456715675268767107
3639.113377261442181521
5351.961698872065092303
4624.652402643108346059
4086.100078605099629625
5219.992739089930104068
4530.615085088812082681
1456.000000000000000000
4948.685791126701715825
4819.758080129184715901
3467.093914682263960714
4282.263109456976372336
4679.863394251404446145
4091.436819565901314100
4144.681540040242742506
3219.831645000059899830
4594.455165836313031313
4851.446519816601810504
4757.650964287779916884
4074.202275867282261324
4727.727101295598940212
4474.937949153288533566
4058.314087227103075906
4120.045403864919885351
4493.489418982210144904
3884.178443995392624233
2521.363755707144069795
4580.622146312192237261
3034.548418359581731796
3899.277522927245491546
4238.261500099716741818
4497.421209810510082328
3741.103734637258186879
3832.749652576305244844
4711.408353227036249322
3870.374349500378674538
4556.878550094669126480
4805.690154506872232343
4228.099778478049120434
4484.724078633628692625
5108.999535921972817931
4859.153751618285888902
4113.673517410418831730
4602.868111716493354280
4746.756138888567663425
3827.865408607349731351
4368.459187187439124678
4977.118903785375065407
2922.840924300360975430
4051.226875033247092350
3914.544432520519502638
4484.113645113417703669
4415.459310153165414903
4934.152784957481935102
4037.992369764719180036
4003.235454815220474067
3628.421388711199460753
4266.917556599715350973
4336.517949396660797312
4994.270683920374397147
4764.396608544891108750
3803.127676736976294780
3990.233730214841235018
4750.326316438314351753
4743.449121832489683737
4295.418724419773815804
3140.612831926841391317
4389.475126923892133846
4659.807056232923477612
3348.853546371770696588
3878.373158494777409144
4973.748656026277232822
3707.187886481692812524
4454.192112791389584814
4555.312018701627319039
3605.464886698654539465
4157.197101625172181105
3805.855173416926211072
5369.045139855202718238
5008.509552472830118397
4720.785390386212271085
4757.190405772764489001
4303.268738829368472043
3851.476764232450084036
4247.393050975595194085
3536.086859023315018158
4119.516785558085855801
4038.366209512129311188
4513.044677952119323905
5030.059965247331549065
2933.596723698310838380
4414.110829904171923843
3045.158225488243131762
4362.479441448267870385
5132.118808289208363060
3736.856849040896457304
4314.150099635592597647
5388.037931104731081078
3929.026520722994172408
3065.122786793731564536
5029.635313522256686802
3643.119507823921636280
4891.762942959697206380
4878.202768413084815968
4934.399847846156392350
3699.495793375278655413
5311.102829661732046329
3929.277058317392416820
4384.231872534570312538
4214.541211915490797058
4425.968341221595664603
4476.434729794706327777
4207.485469082067603530
4895.451531710116110041
3287.910828420845207765
3980.170549279303508605
4547.699773090471861536
4806.587768125264036989
4861.161616564258435069
4125.018147641495767530
3907.832403461469886308
4077.880095253717648518
3157.761038596335850803
3862.993607131960243750
5205.100054033931552766
3692.496441967760823832
4263.271770090802284869
3503.209664937883160318
4214.524224230790210743
4291.882142167781243991
3440.164851977497452840
4082.019831754020584125
4563.066275684361055021
3707.428331020712921173
4248.389033647310229380
4769.880289481613971247
4493.463164880741015583
4504.319694378301299320
4104.158342429175597488
5042.858901226626313630
4622.897911288078272030
4992.786540845146820100
5460.522748798038285223
2239.448279948478536472
4846.239108284009688532
4942.006966716212445156
2960.139752117725186142
4321.078162418301570558
3736.675476380839900692
4221.533720398611613689
4098.399015983312721811
3673.705422477020002381
4571.265751591980833535
4062.883987004621263672
3536.500179021804866952
3169.819312200941889612
4313.176058332780788973
2842.310228216016381175
4537.042400970718193154
3996.839155737206340291
4375.595631856688769723
4437.006472879807049914
4469.457805120131339116
3913.023352658369424795
4999.865372223084582171
4908.120772769672847780
2710.522436977008750691
3512.299371988887539686
4733.418186657585697397
4823.251953018535128415
4819.320625265372455281
4556.080612144960744203
5035.537714476106599726
4077.925042957844989910
5121.106518051243851275
4279.100472329176354958
3184.997159274959279474
3659.630003978562241995
5040.512024881284865785
3184.747824603646410235
4642.759979791633345947
4873.539887927875980278
3546.071116012514214511
5223.351795137226680321
3976.504774528512781817
3253.957457394641495485
3263.723448899418285940
3639.047843029275372206
4503.000491243462843016
3963.650008073466461944
5004.104416593212087960
5163.289396551254412771
3482.550216808773087873
4112.799004470816403245
3608.984108436141427179
3540.257077272378545052
3975.632485503103900282
4531.270280611332942122
4122.943325509286746300
3920.866434860498677129
3716.746633983902878384
4974.892502378131263541
3805.851079873838922030
1992.812391839066071153
5083.686496156805903368
4277.152842859168334400
4160.830589136642312820
4419.778928551920715861
3801.432384080010257854
4132.216515671344005511
3469.082428002681122825
4655.251284185226566592
4672.910339294121117248
2073.408799766520473007
3794.439190488789752198
4145.476581171990665631
4803.836791929175392468
3818.127480679455035162
4326.095393445841892799
4725.873979661430738908
3861.124150342305251460
4581.628668668023192545
3911.064939417299176849
4949.188850016022458878
4715.147656586297850723
3818.066035259061203666
4706.364221103679759572
4877.360407583066654880
3921.573800585465533253
4294.301309047306138833
4086.490556999132695237
3344.150718585906264302
3563.547175525148079434
3758.553337929396340522
4151.113484413850469590
5055.509722307887214843
4211.232625298291126992
3984.923976166310582769
3536.028786426215746008
4896.273220156756363686
3031.020553419482635338
4442.675900446226405105
2932.896473729958681353
3938.820644319228054142
3982.688814041817964240
2766.080486289732164096
4376.364234058879955747
3516.328831088217781176
4789.487633370313868220
4429.759736861053793788
4631.508657064810430271
4376.615014961243162794
3874.489201925423124795
3694.913621291755571718
4416.120451615647977572
4755.444975919521293228
4672.173916009071754196
3113.664556013980988958
3668.403944220709445467
3905.931027948271527350
3763.380110718829566929
3845.712259957095175311
4329.811030693413877124
4373.834562266787364671
4864.987885111819156059
5039.779539045667003272
4025.507814083747939460
3779.188424475977873040
2701.506221241914135867
4600.587168163973055268
3530.971101463199465664
4865.513361558349243907
3983.255046213809958511
3378.638621085838197544
3642.149750011234479397
4372.533084994015311509
4695.304827031272777216
4409.626935541560484921
4524.398893668423411452
5102.289989878407051815
5421.116192364942915738
4262.035182374211218281
4287.701421135223375458
4191.448249614523255957
4270.256569298989263395
4727.906280071272870913
3920.897369414441899549
4770.136522417406370167
4616.487541909811007201
4239.029367044405552711
3708.751983849299826534
4904.854310924966908303
3923.040362775407869256
4790.650778946101858047
4383.860360181315046990
2963.218962496464622625
4738.006946242292682481
4537.990249561443501847
3858.759413954159005034
3790.947156795156382625
5408.956700814960147916
4651.551651828938126254
3103.114066347454138572
2610.806227552348874443
4948.792001170671037702
4109.794611418225243060
4968.905551329264977944
3927.369576657614298920
4174.178660112376903157
4513.864501975315921545
2975.666656968386689641
3116.151615658906797179
3341.609761466705552646
4839.427764279837252737
3374.291359333575900159
2713.097262112251510713
4674.605793475445354002
4775.685161278976179844
4558.722264287754453616
4389.457744246758005069
3442.873057613071375416
4514.772091908039818087
4423.149051974381858798
4229.502635708935831538
4601.903371875498617971
3334.602100782361652431
3974.261295355476352409
4419.978122465022575938
4723.177223167010294169
4466.836367278415629301
4868.321987262635849092
4144.411678762549102295
4558.406336547674965409
4101.524812390543266005
4813.543023475490060026
3863.634723871040351773
4395.570829490727330136
3318.877756951521469819
3138.367557175857392782
4134.733573362296709774
4327.207785924067398931
2787.135297546557460402
4956.461800972761133632
2735.257014380261421760
4758.310821604783402705
5322.820774389292847850
3747.882342806087848652
5376.954234032433402213
4329.602131458993214075
2862.671263723614822005
4251.401536844933126247
3991.046248955359983412
4338.871680221966594004
4588.348645930754804212
3410.587834218375680173
4635.495983968379622109
4652.771503162633327300
3622.409815757093183297
4831.544145998797305630
4597.568650547169764486
4664.632459987567862036
3581.984432756082352478
4708.843271220785040576
1570.252251727417758476
5061.793406245052434400
5075.400188343283986114
4753.456832745464034851
5165.870628994237541587
4199.661860053936588422
3674.159785104225087959
3927.466623687017297062
5170.522188925118892922
3562.195123223327538620
4296.123896688633700514
4050.885051342881115310
4772.198882715872932714
3827.181008317709799194
3405.282905682784625911
3920.509176037860676445
4494.972001837408701608
3566.487589375366689337
3864.256118417619373151
5162.133585540979798800
3208.389599191735368722
3233.505007084378888527
3987.671414346256132166
4064.491911524874229622
4601.243360229054211619
4678.776960035892790835
5179.343078963978277862
4196.107386286825332355
3604.023487112744861927
3668.153012085099618833
4205.202001157247416518
4837.861978206108295009
4075.447656805348377596
4293.590588840162387996
1248.000000000000000000
2185.256432707403061677
4064.115616354734086713
4515.148142161572451414
4030.852412643581665019
5289.065716103669351877
4340.431068878016043655
5556.300639706516776073
3902.407762951428676468
4844.633500099830178520
3973.152768474655620601
3901.991503091685602023
4035.369381583261984225
4794.783298560003429234
4879.749209827775233261
4633.034961861512062598
5009.138658459834871461
4010.759618464926937076
4846.973833029951487461
4298.077468575704428222
4294.204871920751733327
4047.659654394495817975
4848.464797064178455344
5159.061373649427163723
2266.858773986223762886
3925.235184345558063557
4538.228621559201994895
3778.361494779714116587
4851.909561771172247013
3095.261550125386178722
4237.921969890018570215
4351.892012528290704765
3221.556243597761369335
4185.736510941693562238
4643.208127451662107887
3925.781323991854993460
4566.426886144398944012
3891.957558112187231192
5020.987779348360902087
4155.390858589404405432
4362.892261237923309025
5017.892116889507304833
5270.229598244897343484
4981.262711244600983385
4163.914807803974983624
2960.079760964302832971
4663.098190100402559821
3401.741710793123367296
3927.675402280514299180
3859.977463905374410524
3825.139601351391670292
4582.159774905091877084
4408.689929414534015351
3974.823572585549550373
3733.176698373140870224
4492.996013782717485086
3255.818345588744789687
3934.842165405026805036
4322.540870427189365621
4960.008772149421851339
4580.180271137082336441
3489.206637822764810020
4460.260665921139433099
3155.741745241464689453
4489.921379754536006068
5178.101851321577687504
3785.691784218081974434
1903.951434775252356424
3459.222131427053168906
3773.971938276528911071
4397.187934912535979493
3657.817681824270229729
4829.727613735955141117
3511.134244054390361578
4744.368557742498279328
4052.454435719125556803
3475.547150298178644690
3712.656459274205690502
2210.247920200797579149
3095.512659135370028718
4390.821306448560085833
4300.584458597668833235
4769.320642272036963938
5165.064914436160322442
4750.059328275406843822
4238.718843849060746720
3406.330272026442502753
4687.133945991381350993
3887.256304947391299054
4492.232247136384402975
4387.407437758931056493
4039.819590338412718333
4059.432599761358894996
4538.218381266519377615
3560.594088757334370055
3726.306260098404396386
3772.890046584849322642
4234.587120661981749059
3532.623810668022655168
3933.328968673270821910
3795.309276525038091332
4682.100399189359995589
4120.993611181648605069
4159.135353168666789703
3458.375200778998680651
3786.786793149169203732
4889.687545394150436362
5091.140605361592128553
4174.754586149982880094
4629.153572800951896404
4436.694894820824868198
4792.816662874786646675
3442.415174798284814184
3348.692537656001798840
3948.084567373195321149
3974.226281437576623112
4127.386354518113266820
4647.178910873795843806
4700.490502060463251066
4400.670180568137700661
3973.688324066402555834
3745.281689855384712917
4307.724451110541354026
4206.329118414931162118
4419.983195308789606592
4249.648042085080339447
4276.816452916117747396
3347.476032139123329312
3947.541721579200215242
3759.194010087621250937
2910.032612339303244475
4329.928829141106681799
4843.455724646718642656
3936.970465135333411721
4547.204626478329234196
4305.669141076379082378
4757.026670212589564812
3562.531709378337637872
4754.634802227082015946
3875.714267673768870903
5008.026869016565585824
4439.705074041440926891
5187.600155947752456953
5236.682180036550071645
3559.673036265093256869
4241.543844768088982633
4981.842289191762205292
3129.151024589550023070
4082.920537911723533497
4917.087945098581660552
4410.028117090633273722
4231.047887497593873896
4410.891063093390370931
3709.143812346801743374
4737.772890270584346784
4012.621284675474396808
4096.046334273427534711
4460.005694982668085657
4267.477645802889929527
3922.383595521194298739
4971.977402098577462297
4302.770519610928637189
4523.336640307022423535
5175.298922629396020767
4742.913641891168228693
3939.649332617138390855
3655.684147154329297180
4053.626499184050581581
4965.309171421090838727
4717.968840445679485907
3281.491360244034385829
4407.748271796597137939
3566.346852113694049891
3710.527327001133990558
3505.324335127930407197
3832.279984210204553996
3848.700726868018547222
4181.108760377302467681
4216.928781638902397066
3773.774659513082582851
4335.008385887020139648
4545.409347312111028039
3664.131302879731373334
4756.840175844826024143
3834.605959487054212875
4468.826320491790584200
5005.881365556026013408
3543.309576924609847648
4755.112137742414653019
4599.458734455448987166
4246.804615679090667335
4398.875074104056262403
4220.414166042570845772
4616.676776653000030315
4461.294563898367446342
4328.078687108167392772
4956.777163882054244581
4657.685420929539915402
3991.526450836471524131
3080.661523309969860085
3297.641155094260146496
4708.560550722635641208
5079.548562156308592730
3616.698186380930548856
3407.005737745771134284
4139.684586069665711339
3317.907235236626606323
4501.375712144815909976
3850.446486466299427676
4782.174961145958058228
3938.219487928009601596
3566.374440337559744485
4328.107613644082867665
3622.329296076718850639
5124.301416856652614307
1852.114165973534642973
4404.078302027636039107
5013.867983203162362216
4498.995889364186340664
4011.392616515184050607
4807.931640501071678173
3851.110945484261602001
4354.768457275005572704
3812.135475300119259678
4674.788212547621387927
3358.894047227381051135
3637.364716798032131972
3698.198931916722097091
4140.081422625444940167
4469.341136814700218949
4631.179551788398002898
4868.026476745280848313
4577.293134382488304812
4134.575153575238025905
5092.836053753117306009
3804.030330727897071474
5040.554797045137231937
2898.449649366538592332
3781.714002502283150431
3389.327416425178145731
4863.129583062362256030
3855.988408240347656175
5082.279771812579060697
3577.004645665754985595
4879.792489751572920120
4421.511295702423734788
3722.343660715370409875
3211.646608255061802417
5099.414249880337771437
3035.382454512084259068
4342.124620973505853883
4238.786947618072367572
4319.253636759417358082
4403.017043018673993604
3980.086631914437955704
4558.968443502968588277
3321.850204318983423857
4635.115699801511262024
4981.859419028482664160
4316.756044985952463833
1929.695564614265096415
2835.175029114112520201
4705.300868840293032402
5267.687856826034320967
4463.187145565736487107
2592.469187733704903742
4416.932642120626744564
3552.155235241192432039
4100.419168511817845868
3747.150217417395672292
4677.192712509686183253
3639.450316896908170561
4171.864353744519360312
2835.272939511801817414
3272.579924155673495978
3881.051781704699378706
5541.938548263355110102
4636.543599872997377442
3753.516834174781552136
4305.680600824607806576
2247.844782691169113420
4069.394408502475188882
4764.479517022774161195
3562.165267256456133493
4290.743561512103653843
4360.776138853922931027
3453.462996347795819663
3658.104901651175278721
4678.560871566789768572
4755.679481691959486600
4232.113501725134883991
4700.838764328916873136
4686.038250408319628892
4265.395726015662453356
4977.697963009995070216
4459.051338191577928960
3507.808317680238579417
4908.736795616812651488
3849.309769488655938563
3859.180536221826631982
4719.611663681516769309
5019.202844655949639741
3644.219329900278093515
3962.034594740376856059
5345.647004557309635686
4912.509029793054125435
5182.800905710848322183
4944.984189868836818249
3553.826290425786156968
4601.835079496109907282
4783.814876307972819625
3385.328541053074681066
4693.279119758062979173
4435.017237504001751169
3630.127187041335139472
4809.276261669446025593
3718.222589523110375609
3842.412768260619314598
4547.087901374803512233
4211.768551181138208861
4536.449535960814167801
3161.214979463322208186
4128.823972657032082889
4221.080040980538296225
3914.407676786438337935
3790.169133182097042534
4514.975783883000559182
3940.154811492617368485
2811.334803449066800596
4395.768590332097669027
5218.306770554840721132
4601.016481018711528517
3323.546067322242843600
4855.370229782634405424
4303.530905921798363600
4138.086625090397378202
3917.222947870740623832
3673.817733317837028295
3373.996270067517369240
3307.815335948713095782
4747.407663363112980015
4510.074525685562476962
4666.705810572450390250
2557.154675068980666408
4149.815539129540934660
3713.143780455585399203
3704.366193744703962931
4555.521400833647927886
4052.282585542070175277
4593.989534311973012670
3706.606514795764656167
4336.343744586550822184
3602.793370319167476801
3986.593566258965874560
4122.272830143582843743
2829.541398496433244780
5349.635786628683995492
4521.689987685372081216
4336.808019567459057786
4404.577322920473822609
4177.192333876723405961
4679.644196104775006440
3732.714081105693910034
4496.692606607409926411
4056.880213688668528560
4129.957048408627966918
5049.752689033007065689
4097.738556775152434231
5146.424335172273654138
4323.248310470545324957
3608.573089366111337206
4348.124681488496690029
4010.621776521877480892
4310.195519816215469877
4832.437759408936815753
3406.870460796956311178
3596.686246771400365718
4616.382843815128659504
2683.063600721888660727
4744.473195808372763871
4194.507483482494921034
2335.753458835752332856
4425.678746316026431984
5257.625507589339847847
5335.878096893142362944
3987.516728345804496891
4486.056649571223473139
2694.249532625459176982
4424.584042698089386914
3978.810207523863524015
4257.586957331038919339
4741.760006837931770374
3583.916373233322916203
4640.186675937343863563
4201.312727711446814993
4779.718262337271935891
4319.937500717449354148
4565.978847462558703807
4452.980666807490753190
4640.981523668867648524
3668.321056175059026838
2917.425334266896330249
3524.940954171018043350
4502.785401108281033267
5080.453684774109977429
4274.635481197954948840
3863.710053696053892569
3534.962284758272978547
3145.133603003769280804
4627.260995233856023745
4119.987555099143798465
4934.698501426575187434
5360.188149923044921508
4729.135107687846973246
2555.061038361356003712
3999.530618020341209196
3246.150595237192192810
3997.458095639602874360
3652.691866130766928267
3722.058226774922778279
4046.618742631090331896
4911.660334627492016768
3946.787210246315723561
4867.770487164290553750
4267.530040568728562533
4107.154129460681988739
4663.086125090062053822
4301.925200004720790226
5215.699780934361878160
2928.940716731285151653
4212.415576783284492102
3881.825115957227298580
4925.595872408669677611
3683.129991527854852462
3660.424314483436871726
3452.708789624945730612
3495.747745769005250693
4157.179764832656291063
3556.423646745532700431
4456.895392485682171113
4407.380146297089468455
3904.872697880441154705
4750.229901255057542997
3107.415592328701135605
3536.252774391537179177
4198.165223507261194058
2885.067370768841366724
3668.026783335956026333
4017.175765634002910343
3799.273664345820544774
4143.338865890446135243
5270.325137058105030796
3941.423639478485876797
3782.350919296182401474
4367.168801441561554189
3249.416790535720400257
2747.404778422020691142
3810.032229060355112082
4719.991370108585884591
5382.017828423509838487
4156.246753980030456788
3172.319458107198306029
4766.814238500226949213
4229.553450663063672188
4079.163400770018797381
5005.233396539208245546
3740.511648602277309905
4835.803248319584381143
4351.524415865668230285
4386.836697446044223359
4424.639300421283089282
4182.635986577556867605
4858.553569329582093150
4902.480297051392097440
5267.480370980761305244
4546.947506189461621684
3978.686126829895082224
4134.682092684845818198
4251.973158733819545763
4491.662338617367716154
4420.601877271479600129
4683.807101487120817751
4205.561635078957246847
3270.599862570496684899
4175.183516440673662018
3777.099592795539999113
3735.188002907452724077
3403.969647893312178377
4627.197000280269369110
4354.576106836297769043
4449.080423973210478561
4544.927845663441944524
