0
1
1 1
2
1 1
1 1
236
1 2
1 3
1 3
1 4
1 5
1 5
1 6
1 10
1 10
1 13
1 13
1 15
1 16
1 16
1 17
1 17
1 18
1 18
1 20
1 20
1 22
1 22
2 1
2 2
2 4
2 4
2 6
2 7
2 7
2 8
2 8
2 11
2 11
2 12
2 12
2 13
2 14
2 15
2 15
2 16
2 16
2 17
2 18
2 18
2 19
2 19
2 20
2 22
2 22
3 1
3 1
3 2
3 2
3 3
3 3
3 4
3 4
3 6
3 6
3 7
3 8
3 9
3 10
3 11
3 11
3 12
3 12
3 13
3 13
3 14
3 15
3 16
3 17
3 18
3 18
3 19
3 19
3 21
3 22
4 2
4 2
4 3
4 3
4 4
4 5
4 6
4 6
4 7
4 9
4 9
4 10
4 10
4 12
4 12
4 15
4 16
4 17
4 17
4 18
4 18
4 19
4 21
4 21
5 2
5 2
5 5
5 5
5 7
5 9
5 10
5 10
5 11
5 11
5 12
5 13
5 13
5 14
5 15
5 16
5 17
5 17
5 19
5 20
5 20
5 22
6 2
6 4
6 4
6 5
6 5
6 6
6 6
6 8
6 9
6 9
6 12
6 12
6 13
6 14
6 14
6 15
6 16
6 17
6 17
6 19
6 20
6 20
6 21
6 21
6 22
7 1
7 1
7 5
7 5
7 7
7 7
7 8
7 9
7 9
7 10
7 10
7 11
7 14
7 16
7 17
7 17
7 19
7 20
7 21
7 22
7 22
8 1
8 1
8 5
8 5
8 7
8 7
8 8
8 9
8 9
8 10
8 10
8 11
8 11
8 13
8 13
8 15
8 16
8 16
8 17
8 17
8 18
8 19
8 20
8 21
8 21
8 22
9 1
9 1
9 3
9 3
9 5
9 5
9 6
9 7
9 7
9 10
9 11
9 12
9 13
9 13
9 14
9 15
9 16
9 18
9 19
9 21
9 22
10 1
10 2
10 2
10 5
10 5
10 6
10 6
10 7
10 9
10 9
10 11
10 11
10 16
10 17
10 20
10 20
10 21
10 21
818
1 1
1 2
1 2
1 3
1 4
1 4
1 5
1 6
1 8
1 8
1 9
1 9
1 11
1 11
1 13
1 13
1 14
1 18
1 18
1 19
1 20
1 20
1 21
1 21
1 23
1 24
1 24
1 25
1 28
1 29
1 29
2 1
2 2
2 4
2 4
2 5
2 5
2 6
2 8
2 9
2 9
2 13
2 13
2 14
2 14
2 15
2 16
2 19
2 19
2 20
2 21
2 23
2 28
2 28
2 29
2 29
3 1
3 3
3 4
3 4
3 6
3 7
3 7
3 9
3 12
3 13
3 13
3 16
3 16
3 17
3 17
3 18
3 19
3 21
3 22
3 22
3 23
3 23
3 24
3 24
3 25
3 27
3 27
4 2
4 2
4 3
4 5
4 5
4 6
4 7
4 8
4 9
4 11
4 12
4 12
4 13
4 14
4 16
4 17
4 17
4 18
4 18
4 19
4 20
4 20
4 21
4 21
4 22
4 22
4 23
4 23
4 24
4 27
4 28
4 28
4 29
5 1
5 3
5 4
5 5
5 5
5 7
5 9
5 10
5 11
5 11
5 12
5 13
5 15
5 15
5 16
5 17
5 17
5 18
5 19
5 20
5 20
5 21
5 22
5 23
5 23
5 25
5 27
5 29
6 1
6 3
6 3
6 4
6 4
6 5
6 5
6 6
6 7
6 7
6 8
6 8
6 10
6 11
6 11
6 12
6 12
6 13
6 14
6 14
6 16
6 17
6 17
6 18
6 19
6 20
6 20
6 21
6 21
6 23
6 24
6 24
6 25
6 26
6 28
6 28
6 29
6 29
7 1
7 1
7 2
7 3
7 3
7 4
7 7
7 7
7 9
7 9
7 10
7 12
7 13
7 13
7 15
7 16
7 18
7 19
7 19
7 21
7 22
7 22
7 23
7 25
7 25
7 26
7 27
7 27
7 28
8 1
8 1
8 2
8 2
8 7
8 7
8 9
8 9
8 11
8 11
8 12
8 13
8 13
8 14
8 14
8 15
8 18
8 18
8 19
8 20
8 21
8 23
8 23
8 24
8 26
8 26
8 27
9 1
9 1
9 2
9 2
9 3
9 7
9 7
9 8
9 8
9 9
9 11
9 11
9 13
9 13
9 14
9 14
9 15
9 15
9 17
9 18
9 18
9 19
9 19
9 20
9 22
9 22
9 26
9 26
9 27
9 28
9 28
10 3
10 3
10 5
10 5
10 6
10 7
10 9
10 9
10 10
10 10
10 11
10 11
10 12
10 15
10 15
10 17
10 17
10 19
10 19
10 20
10 21
10 22
10 23
10 24
10 24
10 26
10 27
10 27
10 29
10 29
11 1
11 1
11 2
11 3
11 5
11 5
11 6
11 7
11 8
11 8
11 9
11 9
11 10
11 12
11 12
11 13
11 14
11 14
11 15
11 18
11 18
11 19
11 19
11 20
11 22
11 22
11 23
11 23
11 24
11 24
11 25
11 26
11 26
11 27
11 28
12 2
12 4
12 6
12 7
12 7
12 9
12 11
12 12
12 12
12 14
12 14
12 15
12 15
12 16
12 17
12 17
12 18
12 18
12 19
12 22
12 25
12 26
12 27
12 28
12 28
13 2
13 3
13 3
13 5
13 6
13 6
13 7
13 7
13 8
13 8
13 9
13 9
13 10
13 11
13 18
13 19
13 21
13 21
13 22
13 22
13 24
13 26
13 28
13 29
14 1
14 1
14 3
14 4
14 6
14 6
14 7
14 7
14 8
14 9
14 9
14 10
14 13
14 16
14 16
14 18
14 18
14 19
14 20
14 21
14 22
14 22
14 27
14 27
14 29
14 29
15 2
15 3
15 5
15 5
15 6
15 7
15 7
15 9
15 9
15 11
15 15
15 16
15 17
15 18
15 19
15 20
15 20
15 21
15 22
15 24
15 27
16 1
16 1
16 3
16 4
16 5
16 5
16 7
16 9
16 9
16 11
16 12
16 12
16 13
16 13
16 15
16 15
16 17
16 19
16 19
16 20
16 21
16 21
16 22
16 22
16 24
16 25
16 25
16 26
16 26
16 28
16 28
16 29
17 1
17 2
17 2
17 3
17 4
17 6
17 6
17 8
17 9
17 13
17 14
17 15
17 20
17 24
17 25
17 25
17 26
17 26
17 27
17 28
17 28
18 2
18 2
18 3
18 3
18 5
18 7
18 7
18 8
18 8
18 11
18 11
18 12
18 12
18 14
18 14
18 15
18 16
18 16
18 19
18 19
18 24
18 26
18 27
18 27
18 28
18 29
18 29
19 3
19 4
19 5
19 5
19 7
19 8
19 9
19 9
19 10
19 10
19 12
19 13
19 13
19 14
19 14
19 15
19 15
19 17
19 17
19 18
19 18
19 19
19 20
19 22
19 22
19 25
19 25
19 26
19 28
19 28
20 3
20 5
20 6
20 6
20 7
20 12
20 12
20 13
20 13
20 14
20 14
20 15
20 16
20 19
20 19
20 20
20 20
20 21
20 21
20 22
20 22
20 23
20 24
20 25
20 26
20 26
20 27
20 27
20 28
20 28
21 1
21 2
21 2
21 3
21 3
21 4
21 5
21 5
21 7
21 7
21 8
21 8
21 9
21 9
21 11
21 11
21 14
21 14
21 16
21 16
21 17
21 19
21 20
21 21
21 21
21 23
21 25
21 26
21 27
21 27
21 28
22 2
22 2
22 4
22 4
22 6
22 6
22 7
22 8
22 10
22 11
22 11
22 12
22 13
22 14
22 15
22 16
22 16
22 17
22 17
22 18
22 18
22 19
22 20
22 20
22 21
22 21
22 22
22 24
22 26
22 27
22 27
22 29
22 29
23 1
23 2
23 2
23 3
23 3
23 4
23 4
23 5
23 5
23 6
23 6
23 7
23 8
23 8
23 10
23 10
23 11
23 11
23 13
23 13
23 14
23 15
23 15
23 17
23 17
23 18
23 19
23 20
23 22
23 22
23 23
23 24
23 27
23 27
23 28
23 29
24 1
24 2
24 2
24 3
24 4
24 5
24 7
24 7
24 8
24 9
24 9
24 11
24 11
24 12
24 14
24 16
24 16
24 17
24 17
24 18
24 18
24 19
24 19
24 20
24 20
24 21
24 22
24 23
24 23
24 24
24 25
24 26
24 27
24 29
25 1
25 1
25 2
25 2
25 3
25 4
25 4
25 6
25 7
25 8
25 8
25 9
25 9
25 10
25 11
25 12
25 13
25 13
25 14
25 15
25 15
25 16
25 17
25 20
25 20
25 21
25 22
25 22
25 23
25 23
25 24
25 24
25 25
25 26
25 26
25 27
25 27
25 29
26 1
26 2
26 4
26 4
26 5
26 6
26 6
26 8
26 8
26 9
26 9
26 10
26 11
26 12
26 13
26 14
26 14
26 17
26 17
26 19
26 19
26 20
26 22
26 23
26 25
26 26
27 5
27 5
27 6
27 6
27 7
27 10
27 14
27 16
27 17
27 17
27 18
27 20
27 20
27 21
27 22
27 23
27 24
27 25
27 27
27 29
28 1
28 2
28 2
28 3
28 3
28 4
28 7
28 8
28 9
28 11
28 12
28 13
28 13
28 14
28 14
28 15
28 16
28 21
28 22
28 22
28 23
28 23
28 24
28 24
28 25
28 26
28 27
28 27
28 29
28 29
821
1 1
1 1
1 3
1 3
1 4
1 4
1 8
1 8
1 9
1 10
1 10
1 12
1 13
1 13
1 14
1 16
1 17
1 17
1 18
1 19
1 20
1 20
1 22
1 22
1 23
1 24
1 24
1 26
1 27
1 28
2 1
2 1
2 2
2 2
2 3
2 4
2 6
2 7
2 10
2 11
2 11
2 12
2 13
2 13
2 15
2 15
2 19
2 20
2 21
2 22
2 22
2 23
2 23
2 24
2 24
2 26
2 26
2 27
2 28
3 1
3 1
3 3
3 3
3 4
3 4
3 5
3 6
3 7
3 8
3 10
3 10
3 12
3 13
3 14
3 15
3 15
3 16
3 16
3 17
3 17
3 18
3 18
3 20
3 20
3 21
3 23
3 25
3 25
3 26
3 26
3 27
3 27
4 1
4 1
4 2
4 4
4 4
4 5
4 5
4 7
4 8
4 8
4 9
4 10
4 10
4 12
4 12
4 14
4 14
4 17
4 17
4 18
4 19
4 21
4 21
4 22
4 23
4 24
4 27
4 28
5 1
5 1
5 2
5 3
5 3
5 7
5 7
5 8
5 8
5 12
5 12
5 13
5 13
5 14
5 14
5 15
5 15
5 16
5 17
5 18
5 21
5 21
5 23
5 24
5 25
5 26
5 26
5 27
5 28
5 28
6 1
6 2
6 2
6 3
6 4
6 4
6 5
6 5
6 6
6 8
6 9
6 10
6 11
6 11
6 12
6 12
6 13
6 13
6 14
6 14
6 17
6 18
6 19
6 19
6 20
6 20
6 21
6 21
6 22
6 22
6 23
6 24
6 27
6 27
7 1
7 2
7 2
7 3
7 3
7 4
7 4
7 5
7 6
7 7
7 8
7 8
7 9
7 9
7 10
7 10
7 12
7 13
7 15
7 17
7 17
7 21
7 21
7 22
7 22
7 24
7 25
7 25
7 26
7 27
7 27
7 28
7 28
8 2
8 2
8 3
8 6
8 6
8 7
8 7
8 8
8 8
8 9
8 9
8 10
8 12
8 14
8 14
8 16
8 17
8 17
8 18
8 19
8 19
8 20
8 21
8 21
8 22
8 23
8 23
8 24
8 25
8 25
8 26
8 27
8 27
9 1
9 4
9 4
9 7
9 8
9 9
9 9
9 11
9 12
9 12
9 13
9 13
9 15
9 15
9 16
9 17
9 17
9 18
9 19
9 21
9 21
9 23
9 24
9 27
9 27
10 5
10 5
10 7
10 7
10 8
10 8
10 10
10 12
10 12
10 14
10 14
10 16
10 19
10 19
10 20
10 21
10 22
10 22
10 23
10 23
10 24
10 25
10 25
10 27
10 28
11 1
11 1
11 7
11 7
11 8
11 8
11 9
11 10
11 11
11 12
11 15
11 16
11 18
11 18
11 19
11 19
11 20
11 22
11 23
11 24
11 25
11 28
11 28
12 1
12 1
12 2
12 4
12 4
12 5
12 5
12 6
12 6
12 7
12 8
12 8
12 10
12 10
12 11
12 13
12 16
12 20
12 21
12 22
12 22
12 23
12 23
12 24
12 25
12 25
12 28
12 28
13 1
13 1
13 3
13 3
13 4
13 4
13 5
13 5
13 6
13 6
13 7
13 8
13 8
13 9
13 11
13 11
13 12
13 12
13 13
13 13
13 14
13 14
13 16
13 17
13 18
13 18
13 22
13 23
13 27
13 27
13 28
14 1
14 2
14 2
14 3
14 3
14 4
14 4
14 6
14 7
14 9
14 9
14 11
14 12
14 12
14 13
14 13
14 14
14 19
14 20
14 21
14 22
14 22
14 23
14 25
14 25
14 26
14 27
15 1
15 1
15 7
15 8
15 8
15 9
15 10
15 11
15 12
15 12
15 14
15 15
15 16
15 16
15 17
15 17
15 23
15 25
15 25
15 26
15 26
15 28
16 2
16 2
16 3
16 3
16 4
16 4
16 5
16 6
16 9
16 9
16 10
16 10
16 14
16 14
16 15
16 18
16 18
16 19
16 20
16 21
16 22
16 23
16 24
16 24
16 25
16 25
16 27
16 27
16 28
16 28
17 1
17 3
17 3
17 4
17 5
17 5
17 6
17 9
17 9
17 10
17 11
17 11
17 13
17 14
17 17
17 17
17 18
17 18
17 19
17 20
17 21
17 22
17 22
17 23
17 25
18 2
18 2
18 3
18 3
18 4
18 5
18 7
18 8
18 8
18 9
18 10
18 10
18 13
18 14
18 16
18 16
18 17
18 18
18 19
18 20
18 21
18 22
18 22
18 23
18 23
18 24
18 24
18 27
18 27
19 3
19 5
19 5
19 7
19 7
19 8
19 8
19 9
19 10
19 11
19 12
19 12
19 15
19 15
19 18
19 18
19 19
19 20
19 22
19 22
19 23
19 25
19 25
19 26
19 26
19 27
19 27
20 2
20 2
20 4
20 5
20 6
20 8
20 9
20 11
20 12
20 13
20 13
20 14
20 15
20 18
20 18
20 21
20 21
20 22
20 22
20 25
20 25
21 2
21 2
21 3
21 3
21 4
21 4
21 5
21 5
21 6
21 8
21 8
21 11
21 11
21 14
21 14
21 17
21 18
21 21
21 22
21 23
21 24
21 24
21 25
21 25
21 26
21 26
21 27
21 27
21 28
21 28
22 1
22 3
22 3
22 4
22 6
22 6
22 8
22 9
22 10
22 10
22 11
22 11
22 12
22 12
22 13
22 13
22 14
22 14
22 15
22 16
22 16
22 18
22 18
22 19
22 20
22 21
22 21
22 23
22 23
22 24
22 26
22 26
22 27
22 28
22 28
23 2
23 2
23 3
23 4
23 4
23 7
23 9
23 10
23 11
23 12
23 12
23 15
23 17
23 17
23 18
23 22
23 22
23 23
23 25
24 1
24 3
24 3
24 4
24 4
24 5
24 8
24 8
24 9
24 10
24 11
24 11
24 13
24 14
24 14
24 16
24 16
24 17
24 17
24 18
24 18
24 19
24 20
24 20
24 21
24 21
24 23
24 24
24 26
24 27
24 27
24 28
24 28
25 2
25 3
25 6
25 6
25 7
25 8
25 8
25 10
25 10
25 12
25 13
25 15
25 16
25 16
25 19
25 19
25 21
25 23
25 25
25 27
25 27
25 28
25 28
26 1
26 1
26 2
26 4
26 4
26 5
26 5
26 7
26 7
26 8
26 9
26 10
26 10
26 13
26 13
26 14
26 15
26 16
26 18
26 19
26 20
26 21
26 21
26 22
26 24
26 25
26 25
26 26
26 27
26 27
26 28
27 2
27 3
27 4
27 7
27 7
27 8
27 8
27 9
27 10
27 13
27 14
27 17
27 17
27 18
27 19
27 20
27 21
27 21
27 22
27 22
27 24
27 25
27 25
27 26
27 27
27 28
27 28
28 1
28 2
28 3
28 5
28 6
28 6
28 7
28 7
28 9
28 11
28 11
28 14
28 15
28 16
28 16
28 18
28 20
28 22
28 22
28 23
28 23
28 24
28 26
28 27
28 27
28 28
28 28
29 2
29 3
29 4
29 6
29 7
29 8
29 8
29 9
29 10
29 10
29 11
29 11
29 12
29 15
29 15
29 16
29 16
29 18
29 18
29 19
29 19
29 21
29 21
29 22
29 24
29 25
29 25
29 26
29 26
29 27
29 27
29 28
29 28
818
1 5
1 5
1 6
1 7
1 7
1 8
1 10
1 11
1 11
1 14
1 14
1 16
1 17
1 17
1 19
1 19
1 21
1 21
1 22
1 22
1 23
1 25
1 26
1 26
1 27
1 27
1 29
2 1
2 3
2 3
2 4
2 4
2 5
2 6
2 6
2 7
2 8
2 9
2 9
2 10
2 13
2 13
2 14
2 14
2 16
2 17
2 20
2 21
2 21
2 22
2 23
2 23
2 25
2 25
2 27
2 28
2 28
2 29
3 3
3 3
3 4
3 4
3 5
3 6
3 7
3 8
3 8
3 9
3 10
3 11
3 11
3 12
3 12
3 13
3 15
3 15
3 16
3 17
3 18
3 18
3 19
3 19
3 21
3 22
3 22
3 24
3 24
3 25
3 25
3 26
3 28
3 28
4 1
4 1
4 2
4 2
4 3
4 3
4 4
4 5
4 5
4 6
4 7
4 8
4 8
4 9
4 10
4 11
4 12
4 13
4 13
4 16
4 16
4 17
4 17
4 18
4 18
4 19
4 19
4 21
4 22
4 22
4 23
4 23
4 24
4 24
4 25
4 25
4 26
4 29
5 1
5 2
5 2
5 5
5 7
5 8
5 8
5 9
5 9
5 10
5 10
5 11
5 12
5 12
5 14
5 15
5 15
5 17
5 18
5 19
5 20
5 20
5 22
5 24
5 25
5 26
5 26
5 27
5 27
5 29
6 1
6 1
6 4
6 5
6 5
6 6
6 7
6 8
6 8
6 9
6 10
6 11
6 12
6 14
6 14
6 15
6 16
6 17
6 17
6 18
6 21
6 23
6 24
6 25
6 25
6 28
6 28
6 29
6 29
7 1
7 1
7 3
7 4
7 7
7 7
7 8
7 11
7 11
7 12
7 12
7 16
7 18
7 18
7 20
7 23
7 23
7 24
7 24
7 25
7 25
7 27
7 27
7 28
7 28
7 29
8 1
8 2
8 2
8 3
8 4
8 4
8 5
8 6
8 6
8 7
8 8
8 9
8 10
8 10
8 11
8 12
8 12
8 13
8 14
8 14
8 15
8 16
8 17
8 17
8 18
8 18
8 20
8 23
8 23
8 24
8 25
8 27
8 28
8 28
8 29
9 1
9 1
9 2
9 2
9 3
9 4
9 5
9 5
9 6
9 6
9 7
9 7
9 8
9 8
9 9
9 9
9 10
9 10
9 11
9 12
9 12
9 13
9 14
9 14
9 16
9 16
9 17
9 18
9 18
9 19
9 20
9 21
9 22
9 22
9 23
9 23
9 25
9 25
9 26
9 29
9 29
10 1
10 5
10 5
10 9
10 10
10 15
10 16
10 16
10 17
10 17
10 20
10 20
10 23
10 23
11 1
11 1
11 2
11 2
11 3
11 4
11 5
11 5
11 6
11 7
11 8
11 9
11 9
11 11
11 11
11 12
11 12
11 14
11 14
11 18
11 18
11 19
11 20
11 20
11 21
11 22
11 23
11 25
11 26
11 27
11 27
11 28
11 29
12 1
12 1
12 2
12 3
12 4
12 4
12 5
12 5
12 6
12 10
12 11
12 15
12 15
12 16
12 17
12 17
12 18
12 18
12 20
12 20
12 21
12 21
12 22
12 22
12 23
12 24
12 24
12 26
12 27
12 27
12 28
12 28
12 29
13 1
13 2
13 2
13 3
13 5
13 5
13 8
13 8
13 9
13 9
13 11
13 12
13 14
13 15
13 15
13 24
13 25
13 27
13 28
13 29
13 29
14 1
14 1
14 2
14 2
14 4
14 4
14 5
14 5
14 7
14 7
14 9
14 10
14 11
14 12
14 13
14 14
14 14
14 16
14 16
14 18
14 20
14 21
14 28
14 28
14 29
15 2
15 3
15 5
15 9
15 9
15 12
15 12
15 16
15 18
15 18
15 20
15 21
15 23
15 23
15 25
15 27
15 28
16 1
16 1
16 2
16 2
16 3
16 3
16 6
16 6
16 8
16 8
16 9
16 9
16 10
16 10
16 11
16 11
16 12
16 13
16 13
16 17
16 18
16 19
16 20
16 21
16 21
16 22
16 23
16 24
16 25
16 25
16 26
16 26
16 27
16 27
17 1
17 1
17 3
17 3
17 5
17 5
17 6
17 8
17 11
17 11
17 12
17 13
17 13
17 15
17 15
17 16
17 16
17 17
17 17
17 18
17 19
17 19
17 23
17 23
17 24
17 24
17 25
17 26
17 26
17 27
17 29
18 2
18 3
18 4
18 4
18 5
18 6
18 8
18 9
18 10
18 10
18 15
18 15
18 17
18 19
18 21
18 21
18 23
18 25
18 26
18 28
18 28
18 29
19 1
19 2
19 4
19 5
19 5
19 7
19 8
19 9
19 9
19 10
19 11
19 11
19 12
19 12
19 15
19 16
19 17
19 20
19 20
19 21
19 22
19 22
19 24
19 25
19 27
19 28
20 2
20 3
20 3
20 5
20 8
20 10
20 10
20 11
20 11
20 13
20 14
20 15
20 15
20 18
20 18
20 19
20 19
20 20
20 21
20 21
20 22
20 23
20 23
20 24
20 24
20 25
20 26
20 27
20 27
20 28
21 3
21 7
21 9
21 9
21 10
21 11
21 11
21 12
21 15
21 15
21 17
21 18
21 19
21 20
21 21
21 21
21 22
21 23
21 23
21 24
21 24
21 25
21 26
21 27
21 27
21 28
21 29
22 1
22 1
22 2
22 2
22 5
22 5
22 6
22 6
22 7
22 7
22 8
22 9
22 9
22 11
22 12
22 13
22 16
22 17
22 17
22 19
22 19
22 21
22 22
22 22
22 23
22 25
22 26
22 28
22 28
22 29
23 4
23 6
23 7
23 7
23 9
23 10
23 10
23 11
23 11
23 15
23 15
23 16
23 17
23 17
23 18
23 23
23 24
23 25
23 25
23 27
23 27
23 28
23 28
24 1
24 3
24 4
24 5
24 7
24 7
24 8
24 10
24 10
24 11
24 12
24 12
24 16
24 16
24 17
24 17
24 18
24 22
24 23
24 23
24 24
24 26
24 26
24 27
24 27
24 28
24 28
25 1
25 2
25 2
25 3
25 3
25 4
25 4
25 7
25 7
25 11
25 11
25 12
25 12
25 15
25 15
25 17
25 19
25 19
25 20
25 20
25 21
25 21
25 23
25 23
25 25
25 27
25 27
25 28
25 28
25 29
25 29
26 2
26 3
26 3
26 4
26 6
26 6
26 7
26 7
26 8
26 9
26 9
26 10
26 10
26 11
26 14
26 14
26 15
26 17
26 17
26 19
26 23
26 24
26 25
26 26
26 26
26 27
26 28
27 1
27 2
27 3
27 4
27 6
27 6
27 7
27 7
27 10
27 10
27 11
27 11
27 13
27 15
27 16
27 17
27 18
27 19
27 20
27 20
27 21
27 21
27 23
27 24
27 26
27 26
27 27
28 1
28 1
28 2
28 5
28 6
28 6
28 7
28 7
28 8
28 8
28 9
28 9
28 10
28 12
28 12
28 14
28 14
28 15
28 16
28 17
28 17
28 18
28 18
28 19
28 21
28 21
28 25
28 25
28 27
28 27
29 1
29 1
29 3
29 7
29 8
29 8
29 9
29 9
29 10
29 12
29 12
29 15
29 15
29 16
29 16
29 17
29 17
29 18
29 20
929
1 1
1 1
1 2
1 5
1 5
1 7
1 9
1 10
1 10
1 11
1 12
1 13
1 14
1 15
1 15
1 20
1 21
1 22
1 23
1 24
1 26
1 26
1 27
1 30
2 1
2 1
2 2
2 4
2 6
2 9
2 9
2 10
2 10
2 12
2 13
2 14
2 15
2 16
2 16
2 17
2 18
2 20
2 20
2 22
2 23
2 24
2 26
2 26
2 29
2 30
2 30
3 1
3 1
3 2
3 3
3 3
3 5
3 7
3 8
3 8
3 9
3 9
3 10
3 10
3 11
3 11
3 13
3 13
3 14
3 14
3 17
3 18
3 18
3 21
3 21
3 23
3 23
3 27
3 30
3 30
4 1
4 1
4 5
4 6
4 6
4 7
4 8
4 8
4 9
4 10
4 10
4 12
4 12
4 14
4 14
4 15
4 15
4 16
4 16
4 17
4 17
4 18
4 19
4 19
4 20
4 20
4 21
4 21
4 22
4 24
4 25
4 26
4 27
4 28
4 28
4 29
4 29
4 30
5 2
5 2
5 4
5 5
5 6
5 7
5 7
5 8
5 10
5 10
5 13
5 14
5 15
5 17
5 17
5 18
5 18
5 19
5 21
5 21
5 22
5 22
5 23
5 25
5 25
5 28
5 29
5 29
5 30
6 1
6 1
6 3
6 6
6 7
6 7
6 8
6 8
6 9
6 10
6 11
6 16
6 16
6 17
6 18
6 18
6 19
6 20
6 20
6 22
6 22
6 23
6 24
6 24
6 26
6 26
6 27
6 28
6 29
6 29
6 30
6 30
7 1
7 1
7 2
7 3
7 4
7 4
7 5
7 5
7 8
7 8
7 9
7 9
7 11
7 11
7 12
7 12
7 13
7 13
7 14
7 15
7 15
7 16
7 17
7 18
7 22
7 24
7 25
7 25
7 26
7 27
7 27
7 28
7 28
7 29
7 30
8 1
8 1
8 3
8 3
8 4
8 4
8 5
8 5
8 7
8 7
8 8
8 8
8 12
8 12
8 13
8 13
8 15
8 15
8 16
8 16
8 23
8 23
8 26
8 26
8 27
8 27
8 28
8 28
8 30
9 1
9 1
9 2
9 2
9 4
9 4
9 5
9 5
9 6
9 9
9 10
9 10
9 11
9 13
9 15
9 17
9 18
9 19
9 19
9 20
9 20
9 22
9 23
9 23
9 25
9 25
9 26
9 26
9 27
9 27
9 29
9 30
10 1
10 1
10 4
10 4
10 5
10 5
10 6
10 7
10 9
10 9
10 11
10 12
10 12
10 13
10 14
10 15
10 15
10 16
10 16
10 17
10 18
10 18
10 19
10 20
10 21
10 22
10 22
10 24
10 24
10 25
10 28
10 28
10 29
10 29
10 30
10 30
11 1
11 1
11 2
11 2
11 5
11 5
11 6
11 7
11 7
11 8
11 8
11 11
11 11
11 13
11 13
11 15
11 15
11 16
11 17
11 19
11 23
11 24
11 25
11 25
11 26
11 26
11 27
11 27
11 28
11 28
11 29
12 2
12 3
12 3
12 4
12 4
12 5
12 6
12 6
12 8
12 8
12 9
12 9
12 10
12 11
12 11
12 13
12 14
12 14
12 15
12 15
12 16
12 17
12 17
12 18
12 21
12 22
12 22
12 24
12 24
12 25
12 25
12 28
12 28
12 29
12 29
12 30
13 1
13 1
13 2
13 5
13 7
13 7
13 8
13 9
13 9
13 10
13 10
13 11
13 11
13 12
13 12
13 13
13 14
13 17
13 17
13 19
13 20
13 20
13 22
13 25
13 26
13 26
13 28
13 30
13 30
14 4
14 4
14 5
14 6
14 6
14 8
14 8
14 10
14 10
14 12
14 14
14 16
14 17
14 18
14 18
14 20
14 20
14 21
14 22
14 22
14 23
14 24
14 24
14 26
14 27
14 27
14 28
14 28
14 29
14 30
15 1
15 1
15 2
15 2
15 3
15 5
15 6
15 6
15 7
15 8
15 8
15 10
15 11
15 11
15 12
15 12
15 13
15 13
15 14
15 15
15 15
15 16
15 17
15 18
15 19
15 19
15 20
15 21
15 21
15 24
15 24
15 27
15 27
15 28
15 30
16 1
16 1
16 3
16 3
16 4
16 4
16 5
16 7
16 8
16 9
16 11
16 11
16 12
16 13
16 13
16 14
16 15
16 15
16 16
16 17
16 18
16 18
16 19
16 19
16 20
16 20
16 21
16 21
16 23
16 24
16 25
16 25
16 26
16 27
16 27
16 30
16 30
17 1
17 2
17 2
17 3
17 6
17 7
17 8
17 8
17 9
17 10
17 11
17 12
17 12
17 13
17 14
17 16
17 16
17 17
17 17
17 19
17 20
17 21
17 21
17 22
17 22
17 23
17 24
17 24
17 25
17 25
17 26
17 26
17 27
17 28
17 29
18 2
18 3
18 3
18 6
18 6
18 7
18 7
18 9
18 10
18 10
18 11
18 11
18 12
18 13
18 15
18 15
18 17
18 18
18 21
18 22
18 22
18 24
18 24
18 25
18 25
18 26
18 26
18 28
18 29
18 30
19 1
19 1
19 4
19 4
19 5
19 6
19 7
19 7
19 9
19 10
19 12
19 13
19 14
19 18
19 18
19 19
19 19
19 21
19 22
19 22
19 24
19 24
19 25
19 27
19 28
19 30
19 30
20 1
20 1
20 3
20 3
20 4
20 4
20 7
20 8
20 8
20 10
20 11
20 11
20 13
20 13
20 16
20 17
20 20
20 20
20 21
20 21
20 22
20 22
20 24
20 25
20 26
20 26
20 27
20 28
20 28
20 30
20 30
21 1
21 5
21 6
21 6
21 7
21 8
21 8
21 9
21 9
21 10
21 11
21 11
21 12
21 12
21 13
21 14
21 15
21 15
21 16
21 17
21 17
21 18
21 18
21 19
21 19
21 20
21 20
21 21
21 23
21 24
21 25
21 25
21 26
21 26
21 27
21 28
21 28
21 30
21 30
22 1
22 2
22 4
22 5
22 5
22 6
22 6
22 7
22 7
22 8
22 8
22 9
22 11
22 11
22 14
22 14
22 15
22 16
22 17
22 17
22 18
22 18
22 19
22 19
22 20
22 21
22 21
22 24
22 26
22 26
22 27
22 27
22 28
22 29
23 1
23 2
23 2
23 3
23 4
23 4
23 5
23 5
23 6
23 6
23 9
23 10
23 10
23 11
23 12
23 12
23 13
23 13
23 14
23 16
23 16
23 17
23 18
23 18
23 19
23 20
23 20
23 21
23 21
23 23
23 23
23 26
23 26
24 1
24 1
24 2
24 4
24 4
24 5
24 6
24 8
24 9
24 9
24 10
24 12
24 12
24 14
24 15
24 17
24 18
24 18
24 19
24 19
24 20
24 20
24 21
24 22
24 22
24 24
24 24
24 25
24 25
24 26
24 26
24 27
24 27
24 28
24 29
25 2
25 2
25 3
25 5
25 6
25 7
25 7
25 8
25 9
25 10
25 10
25 11
25 13
25 13
25 14
25 15
25 15
25 17
25 18
25 19
25 20
25 20
25 22
25 22
25 23
25 23
25 24
25 24
25 26
25 26
25 30
26 2
26 2
26 3
26 4
26 6
26 7
26 8
26 8
26 11
26 11
26 12
26 12
26 13
26 14
26 15
26 16
26 16
26 18
26 19
26 19
26 20
26 21
26 21
26 22
26 23
26 24
26 24
26 26
26 26
26 27
26 27
26 28
26 29
26 29
27 1
27 2
27 3
27 3
27 4
27 5
27 5
27 6
27 8
27 8
27 10
27 10
27 11
27 12
27 18
27 19
27 19
27 20
27 21
27 21
27 22
27 22
27 23
27 25
27 27
27 27
27 29
27 29
27 30
28 2
28 2
28 3
28 3
28 4
28 6
28 8
28 12
28 12
28 14
28 15
28 15
28 16
28 17
28 17
28 18
28 19
28 19
28 22
28 22
28 24
28 26
28 27
28 27
28 28
28 28
28 30
29 1
29 1
29 2
29 4
29 4
29 5
29 5
29 6
29 8
29 8
29 9
29 10
29 11
29 12
29 12
29 13
29 13
29 15
29 15
29 18
29 19
29 20
29 20
29 22
29 22
29 23
29 23
29 24
29 24
29 25
29 26
29 26
29 28
29 29
29 29
851
1 1
1 4
1 4
1 6
1 6
1 7
1 9
1 9
1 11
1 12
1 14
1 14
1 15
1 16
1 17
1 20
1 20
1 21
1 22
1 23
1 24
1 25
1 25
1 27
1 27
1 29
2 1
2 3
2 3
2 4
2 5
2 8
2 12
2 12
2 13
2 13
2 15
2 16
2 16
2 17
2 17
2 18
2 18
2 19
2 19
2 20
2 20
2 22
2 23
2 24
2 24
2 25
2 25
2 26
2 26
2 28
2 29
3 1
3 2
3 2
3 3
3 5
3 6
3 6
3 7
3 7
3 8
3 8
3 10
3 11
3 13
3 15
3 15
3 19
3 19
3 21
3 21
3 22
3 22
3 24
3 25
3 26
3 26
3 28
3 28
4 1
4 1
4 2
4 3
4 3
4 9
4 9
4 12
4 13
4 15
4 15
4 17
4 20
4 20
4 21
4 23
4 24
4 24
4 25
4 27
5 1
5 2
5 2
5 3
5 3
5 4
5 4
5 5
5 6
5 6
5 7
5 7
5 8
5 8
5 9
5 9
5 12
5 13
5 13
5 14
5 14
5 15
5 15
5 16
5 17
5 19
5 20
5 21
5 22
5 22
5 23
5 23
5 25
5 28
5 28
5 29
5 29
6 1
6 1
6 3
6 4
6 4
6 6
6 6
6 8
6 10
6 13
6 14
6 16
6 20
6 22
6 22
6 23
6 23
6 24
6 25
6 26
6 27
6 27
6 29
6 29
7 1
7 1
7 2
7 2
7 6
7 7
7 7
7 10
7 10
7 11
7 11
7 12
7 12
7 13
7 14
7 14
7 15
7 15
7 19
7 19
7 21
7 22
7 23
7 23
7 24
7 24
7 26
7 28
7 29
8 1
8 2
8 3
8 4
8 5
8 5
8 7
8 7
8 8
8 9
8 9
8 11
8 11
8 13
8 17
8 17
8 18
8 19
8 19
8 23
8 24
8 25
8 25
8 27
8 28
8 28
9 1
9 1
9 2
9 3
9 3
9 4
9 5
9 5
9 7
9 8
9 8
9 10
9 10
9 11
9 11
9 12
9 12
9 13
9 15
9 15
9 16
9 16
9 17
9 18
9 20
9 20
9 21
9 21
9 22
9 25
9 27
9 28
9 29
10 1
10 1
10 5
10 5
10 6
10 6
10 7
10 9
10 9
10 11
10 11
10 12
10 13
10 14
10 14
10 15
10 15
10 16
10 17
10 17
10 18
10 18
10 20
10 24
10 26
10 27
10 28
10 28
11 2
11 2
11 3
11 3
11 4
11 6
11 6
11 7
11 7
11 10
11 11
11 11
11 12
11 12
11 13
11 14
11 15
11 16
11 16
11 17
11 17
11 20
11 20
11 22
11 23
11 24
11 24
11 25
11 26
11 27
11 28
11 29
11 29
12 1
12 3
12 3
12 4
12 4
12 5
12 5
12 6
12 6
12 7
12 7
12 8
12 9
12 10
12 12
12 12
12 13
12 13
12 17
12 18
12 20
12 21
12 22
12 23
12 24
12 24
12 26
12 27
12 27
12 28
13 1
13 1
13 2
13 3
13 4
13 6
13 6
13 8
13 8
13 9
13 9
13 10
13 11
13 11
13 12
13 12
13 13
13 13
13 14
13 19
13 19
13 20
13 22
13 22
13 24
13 25
13 25
13 26
13 27
13 27
13 28
13 29
14 2
14 3
14 3
14 5
14 5
14 6
14 7
14 7
14 8
14 9
14 9
14 12
14 13
14 13
14 14
14 15
14 15
14 17
14 18
14 19
14 19
14 20
14 21
14 24
14 25
14 26
14 27
14 28
14 28
14 29
14 29
15 1
15 1
15 3
15 4
15 5
15 5
15 8
15 9
15 9
15 10
15 12
15 12
15 13
15 17
15 18
15 19
15 23
15 23
15 25
15 28
15 29
15 29
16 1
16 2
16 3
16 4
16 4
16 6
16 8
16 8
16 11
16 11
16 14
16 14
16 15
16 15
16 18
16 19
16 20
16 20
16 21
16 21
16 22
16 23
16 25
16 26
16 27
16 27
16 28
17 1
17 1
17 2
17 4
17 6
17 6
17 7
17 7
17 8
17 10
17 11
17 12
17 12
17 13
17 13
17 18
17 24
17 24
17 25
17 25
17 27
17 29
18 1
18 1
18 3
18 3
18 7
18 9
18 10
18 12
18 13
18 13
18 15
18 15
18 16
18 16
18 17
18 18
18 19
18 21
18 23
18 25
18 26
18 26
18 27
18 28
18 28
18 29
19 1
19 2
19 4
19 4
19 5
19 6
19 6
19 7
19 7
19 8
19 8
19 12
19 12
19 14
19 14
19 15
19 15
19 16
19 17
19 19
19 19
19 20
19 20
19 21
19 23
19 24
19 24
19 25
19 25
19 27
19 28
19 28
19 29
20 2
20 5
20 5
20 6
20 7
20 8
20 9
20 9
20 10
20 10
20 11
20 12
20 14
20 14
20 16
20 16
20 17
20 17
20 18
20 19
20 19
20 20
20 20
20 22
20 22
20 23
20 24
20 24
20 27
20 28
20 29
21 1
21 5
21 6
21 6
21 8
21 8
21 10
21 10
21 11
21 12
21 14
21 16
21 16
21 17
21 17
21 18
21 20
21 20
21 21
21 22
21 23
21 23
21 24
21 24
21 25
21 28
21 29
22 1
22 1
22 2
22 3
22 3
22 4
22 5
22 5
22 8
22 9
22 10
22 10
22 13
22 16
22 18
22 18
22 19
22 19
22 20
22 21
22 21
22 22
22 23
22 24
22 24
22 28
22 29
23 1
23 2
23 2
23 3
23 3
23 5
23 6
23 6
23 7
23 9
23 9
23 10
23 10
23 12
23 13
23 14
23 14
23 15
23 15
23 17
23 17
23 19
23 20
23 22
23 22
23 23
23 24
23 26
23 26
23 28
23 28
23 29
24 4
24 5
24 5
24 11
24 11
24 13
24 14
24 15
24 15
24 17
24 17
24 18
24 18
24 21
24 22
24 22
24 25
24 25
24 26
24 27
24 27
24 29
25 1
25 2
25 3
25 3
25 4
25 5
25 6
25 8
25 9
25 11
25 11
25 13
25 14
25 15
25 16
25 16
25 17
25 17
25 18
25 19
25 19
25 20
25 21
25 21
25 24
25 25
25 25
25 26
25 26
25 27
25 27
25 28
25 28
26 3
26 4
26 4
26 6
26 6
26 9
26 9
26 10
26 10
26 12
26 19
26 19
26 20
26 21
26 21
26 22
26 22
26 23
26 24
26 25
26 29
26 29
27 1
27 2
27 2
27 4
27 4
27 5
27 5
27 6
27 6
27 8
27 8
27 11
27 14
27 15
27 15
27 16
27 19
27 21
27 22
27 22
27 23
27 23
27 26
27 26
27 27
27 27
27 28
27 28
27 29
28 2
28 3
28 4
28 7
28 9
28 9
28 10
28 11
28 12
28 13
28 15
28 16
28 16
28 17
28 17
28 19
28 20
28 21
28 22
28 22
28 23
28 23
28 24
28 26
28 26
28 27
28 28
28 28
28 29
29 1
29 2
29 3
29 5
29 5
29 7
29 8
29 8
29 10
29 10
29 11
29 11
29 12
29 13
29 13
29 14
29 15
29 17
29 18
29 18
29 19
29 19
29 22
29 23
29 23
29 24
29 27
29 27
29 28
29 29
30 2
30 2
30 3
30 3
30 5
30 6
30 7
30 7
30 8
30 8
30 9
30 10
30 11
30 11
30 14
30 17
30 18
30 18
30 19
30 20
30 20
30 23
30 24
30 24
30 25
30 25
30 26
30 27
30 27
30 29
30 29
890
1 1
1 2
1 2
1 3
1 4
1 5
1 6
1 7
1 8
1 8
1 10
1 10
1 11
1 11
1 12
1 13
1 15
1 16
1 16
1 17
1 20
1 20
1 21
1 24
1 24
1 25
1 25
1 26
1 26
1 27
1 28
2 3
2 4
2 4
2 5
2 5
2 7
2 9
2 9
2 11
2 12
2 14
2 16
2 16
2 17
2 18
2 19
2 19
2 20
2 21
2 22
2 22
2 24
2 24
2 26
2 26
2 27
2 28
2 29
3 2
3 3
3 4
3 4
3 5
3 6
3 6
3 7
3 7
3 8
3 9
3 10
3 10
3 12
3 12
3 14
3 15
3 18
3 18
3 19
3 20
3 20
3 21
3 21
3 23
3 25
3 27
3 27
3 28
3 29
3 30
4 2
4 4
4 5
4 6
4 6
4 7
4 8
4 9
4 9
4 10
4 10
4 11
4 12
4 13
4 16
4 16
4 18
4 19
4 19
4 20
4 21
4 22
4 22
4 29
5 1
5 3
5 3
5 7
5 7
5 10
5 11
5 11
5 12
5 13
5 14
5 14
5 15
5 15
5 16
5 16
5 18
5 19
5 19
5 22
5 23
5 24
5 25
5 27
5 27
5 29
5 29
5 30
5 30
6 1
6 2
6 4
6 5
6 5
6 6
6 6
6 8
6 9
6 9
6 10
6 10
6 11
6 12
6 12
6 13
6 15
6 17
6 17
6 19
6 21
6 22
6 22
6 24
6 25
6 27
6 29
6 29
7 2
7 4
7 5
7 5
7 6
7 8
7 9
7 9
7 10
7 10
7 11
7 12
7 12
7 14
7 14
7 15
7 15
7 16
7 16
7 17
7 18
7 19
7 19
7 20
7 20
7 21
7 21
7 22
7 26
7 26
7 27
7 28
7 28
7 29
7 29
7 30
7 30
8 1
8 1
8 5
8 6
8 6
8 8
8 9
8 9
8 10
8 12
8 12
8 13
8 14
8 15
8 15
8 16
8 17
8 17
8 18
8 19
8 19
8 20
8 21
8 21
8 22
8 23
8 23
8 24
8 25
8 25
8 26
8 27
8 28
8 30
9 2
9 3
9 3
9 5
9 6
9 6
9 9
9 9
9 10
9 11
9 12
9 13
9 14
9 15
9 15
9 16
9 17
9 17
9 18
9 20
9 20
9 22
9 22
9 23
9 23
9 26
9 28
9 29
9 30
9 30
10 1
10 2
10 3
10 3
10 5
10 6
10 7
10 8
10 9
10 9
10 10
10 12
10 13
10 13
10 14
10 14
10 15
10 15
10 16
10 17
10 17
10 18
10 19
10 19
10 22
10 22
10 24
10 25
10 25
10 26
10 26
10 27
10 27
10 29
10 30
10 30
11 1
11 1
11 7
11 7
11 9
11 10
11 10
11 13
11 14
11 15
11 15
11 16
11 17
11 17
11 19
11 20
11 21
11 22
11 22
11 23
11 23
11 24
11 25
11 25
11 27
11 28
11 28
11 29
11 30
12 1
12 2
12 2
12 3
12 4
12 6
12 6
12 8
12 9
12 11
12 11
12 12
12 14
12 14
12 15
12 16
12 16
12 18
12 19
12 19
12 21
12 22
12 27
12 28
12 28
13 1
13 1
13 2
13 5
13 5
13 8
13 8
13 9
13 10
13 11
13 11
13 12
13 13
13 14
13 16
13 17
13 19
13 19
13 22
13 22
13 23
13 23
13 24
13 24
13 25
13 25
13 26
13 26
13 27
13 27
13 28
13 28
13 29
14 3
14 4
14 4
14 6
14 7
14 8
14 8
14 9
14 9
14 11
14 11
14 12
14 12
14 13
14 19
14 19
14 21
14 22
14 22
14 24
14 25
14 27
14 30
15 1
15 4
15 6
15 7
15 8
15 10
15 11
15 11
15 12
15 13
15 13
15 14
15 14
15 16
15 16
15 20
15 21
15 22
15 23
15 25
15 27
15 27
15 28
15 29
15 30
16 4
16 5
16 6
16 6
16 7
16 7
16 8
16 8
16 9
16 11
16 13
16 14
16 15
16 16
16 16
16 17
16 18
16 21
16 21
16 23
16 27
16 30
17 1
17 1
17 2
17 3
17 3
17 4
17 5
17 5
17 6
17 6
17 10
17 10
17 12
17 12
17 13
17 14
17 15
17 15
17 16
17 16
17 17
17 17
17 22
17 23
17 23
17 25
17 26
17 27
17 27
17 28
17 28
17 29
17 29
18 1
18 2
18 3
18 4
18 5
18 5
18 8
18 10
18 11
18 13
18 16
18 17
18 17
18 18
18 18
18 20
18 21
18 22
18 23
18 23
18 25
18 25
18 26
18 26
18 27
18 30
18 30
19 1
19 6
19 8
19 8
19 12
19 12
19 13
19 13
19 14
19 16
19 17
19 17
19 18
19 19
19 20
19 20
19 21
19 21
19 22
19 22
19 24
19 24
19 26
19 26
19 28
19 28
19 29
19 30
19 30
20 2
20 4
20 5
20 6
20 8
20 9
20 9
20 10
20 11
20 11
20 12
20 13
20 13
20 14
20 15
20 16
20 16
20 17
20 18
20 21
20 21
20 22
20 23
20 27
20 28
20 28
20 30
21 3
21 3
21 4
21 5
21 5
21 6
21 9
21 10
21 10
21 11
21 11
21 12
21 13
21 16
21 16
21 17
21 18
21 18
21 19
21 23
21 23
21 25
21 26
21 26
21 27
21 28
21 28
21 29
21 30
21 30
22 1
22 4
22 4
22 5
22 5
22 6
22 7
22 7
22 9
22 11
22 13
22 14
22 14
22 15
22 15
22 16
22 18
22 19
22 20
22 20
22 24
22 26
22 27
22 27
22 28
22 28
23 3
23 4
23 4
23 6
23 7
23 8
23 9
23 9
23 10
23 10
23 11
23 11
23 14
23 14
23 16
23 16
23 17
23 17
23 20
23 21
23 21
23 24
23 24
23 27
23 27
23 28
23 29
23 30
24 1
24 1
24 2
24 3
24 3
24 4
24 5
24 5
24 6
24 7
24 8
24 8
24 9
24 10
24 10
24 11
24 11
24 12
24 12
24 13
24 13
24 14
24 14
24 15
24 15
24 16
24 16
24 17
24 17
24 18
24 18
24 19
24 19
24 20
24 20
24 22
24 23
24 23
24 25
24 25
24 26
24 27
24 28
24 28
24 30
25 1
25 2
25 3
25 3
25 4
25 4
25 5
25 6
25 7
25 8
25 10
25 11
25 11
25 12
25 12
25 13
25 14
25 14
25 15
25 17
25 17
25 18
25 18
25 19
25 19
25 20
25 21
25 21
25 22
25 24
25 24
25 25
25 25
25 26
25 26
25 27
25 27
25 29
25 30
25 30
26 1
26 2
26 2
26 3
26 5
26 7
26 7
26 8
26 10
26 11
26 13
26 13
26 14
26 14
26 15
26 16
26 17
26 17
26 18
26 19
26 22
26 25
26 26
26 26
26 27
26 30
26 30
27 2
27 4
27 7
27 8
27 8
27 10
27 10
27 12
27 14
27 15
27 19
27 19
27 21
27 21
27 22
27 23
27 23
27 24
27 25
27 26
27 27
27 29
27 29
27 30
27 30
28 1
28 1
28 3
28 4
28 8
28 9
28 10
28 10
28 11
28 13
28 13
28 14
28 14
28 19
28 20
28 20
28 22
28 23
28 23
28 25
28 25
28 26
28 27
28 27
28 28
28 28
29 4
29 5
29 5
29 6
29 8
29 8
29 9
29 10
29 10
29 12
29 12
29 16
29 16
29 17
29 17
29 18
29 18
29 20
29 21
29 22
29 22
29 23
29 24
29 25
29 27
29 29
30 1
30 1
30 2
30 2
30 3
30 3
30 4
30 6
30 7
30 8
30 8
30 9
30 10
30 10
30 11
30 12
30 13
30 14
30 14
30 15
30 15
30 16
30 17
30 19
30 19
30 23
30 23
30 24
30 24
30 26
30 27
30 28
30 29
30 29
30 30
30 30
